#HEADER iterations: 10000 img_list: /home/carol/radiation-benchmarks/data/networks_img_list/voc/X1/voc.2012.1K.txt board: X1
#BEGIN Y:2016 M:10 D:04 Time:09:42:25
#IT Ite:0 KerTime:2.136469 AccTime:2.136469
#ERR boxes: [0,4] e: 22.0952911377 r: 22.0952606201
#ERR boxes: [0,5] e: 19.9701843262 r: 19.9702606201
#ERR boxes: [0,7] e: 344.052520752 r: 344.05279541
#ERR boxes: [0,8] e: 38.6345825195 r: 38.6346282959
#ERR boxes: [0,9] e: 56.643951416 r: 56.64402771
#ERR boxes: [0,10] e: 488.348388672 r: 488.348327637
#ERR boxes: [0,11] e: 341.370697021 r: 341.370910645
#ERR boxes: [0,12] e: 33.2730102539 r: 33.2730712891
#ERR boxes: [0,13] e: 24.736618042 r: 24.7367553711
#ERR boxes: [0,14] e: 496.75793457 r: 496.757873535
#ERR boxes: [0,15] e: 335.58782959 r: 335.588012695
#ERR boxes: [0,16] e: 40.334777832 r: 40.3347320557
#ERR boxes: [0,17] e: 7.6937713623 r: 7.69381713867
#ERR boxes: [0,18] e: 495.332275391 r: 495.332214355
#ERR boxes: [0,19] e: 333.741394043 r: 333.741577148
#ERR boxes: [0,20] e: 88.8165283203 r: 88.8165130615
#ERR boxes: [0,21] e: 19.8664093018 r: 19.8664703369
#ERR boxes: [0,22] e: 460.908935547 r: 460.908813477
#ERR boxes: [0,23] e: 335.279663086 r: 335.279785156
#ERR boxes: [0,24] e: 23.6678009033 r: 23.6677703857
#ERR boxes: [0,25] e: 5.66290283203 r: 5.66284179688
#ERR boxes: [0,27] e: 320.564849854 r: 320.565002441
#ERR boxes: [0,28] e: 8.20681762695 r: 8.20671081543
#ERR boxes: [0,29] e: 6.36012268066 r: 6.36024475098
#ERR boxes: [0,31] e: 318.075378418 r: 318.075561523
#ERR boxes: [0,32] e: 32.9788818359 r: 32.9789276123
#ERR boxes: [0,33] e: 30.1853027344 r: 30.1854095459
#ERR boxes: [0,34] e: 490.489746094 r: 490.489624023
#ERR boxes: [0,35] e: 327.523956299 r: 327.524169922
#ERR boxes: [0,39] e: 372.462799072 r: 372.46307373
#ERR boxes: [0,40] e: 17.4529724121 r: 17.4529876709
#ERR boxes: [0,41] e: 13.0448608398 r: 13.0449981689
#ERR boxes: [0,43] e: 343.124755859 r: 343.125061035
#ERR boxes: [0,44] e: 31.7196350098 r: 31.7197418213
#ERR boxes: [0,45] e: 33.6924591064 r: 33.6925201416
#ERR boxes: [0,47] e: 342.691833496 r: 342.691955566
#ERR boxes: [0,49] e: 24.2942504883 r: 24.2944335938
#ERR boxes: [0,50] e: 496.26651001 r: 496.266448975
#ERR boxes: [0,51] e: 340.839416504 r: 340.839660645
#ERR boxes: [0,52] e: 17.8392486572 r: 17.8393707275
#ERR boxes: [0,53] e: 4.8575592041 r: 4.85763549805
#ERR boxes: [0,55] e: 346.011352539 r: 346.011627197
#ERR boxes: [0,56] e: 33.3085174561 r: 33.3085021973
#ERR boxes: [0,57] e: 14.2716217041 r: 14.2718048096
#ERR boxes: [0,59] e: 332.252868652 r: 332.253112793
#ERR boxes: [0,60] e: 12.047454834 r: 12.0476074219
#ERR boxes: [0,63] e: 329.918273926 r: 329.918334961
#ERR boxes: [0,64] e: 44.6576690674 r: 44.6578216553
#ERR boxes: [0,65] e: 9.25289916992 r: 9.25302124023
#ERR boxes: [0,67] e: 357.278320312 r: 357.278442383
#ERR boxes: [0,68] e: 33.1722259521 r: 33.1723480225
#ERR boxes: [0,69] e: 29.3568878174 r: 29.3569946289
#ERR boxes: [0,71] e: 350.303710938 r: 350.303863525
#ERR boxes: [0,76] e: 26.3797149658 r: 26.3797454834
#ERR boxes: [0,79] e: 328.916107178 r: 328.916290283
#ERR boxes: [0,80] e: 40.2459106445 r: 40.2459716797
#ERR boxes: [0,81] e: 11.9792938232 r: 11.979385376
#ERR boxes: [0,83] e: 323.741271973 r: 323.741455078
#ERR boxes: [1,4] e: 109.173034668 r: 109.173095703
#ERR boxes: [1,5] e: 27.8691101074 r: 27.8692474365
#ERR boxes: [1,7] e: 355.653167725 r: 355.653442383
#ERR boxes: [1,8] e: 131.815368652 r: 131.81539917
#ERR boxes: [1,9] e: 69.2767944336 r: 69.2769012451
#ERR boxes: [1,11] e: 355.065063477 r: 355.065307617
#ERR boxes: [1,12] e: 113.858474731 r: 113.858627319
#ERR boxes: [1,13] e: 29.5801391602 r: 29.5803070068
#ERR boxes: [1,15] e: 342.194915771 r: 342.19519043
#ERR boxes: [1,16] e: 124.530792236 r: 124.53074646
#ERR boxes: [1,17] e: 12.8050842285 r: 12.8051147461
#ERR boxes: [1,19] e: 347.168579102 r: 347.168792725
#ERR boxes: [1,20] e: 185.698303223 r: 185.69833374
#ERR boxes: [1,21] e: 19.5693511963 r: 19.5694274902
#ERR boxes: [1,22] e: 481.813903809 r: 481.813812256
#ERR boxes: [1,23] e: 346.403076172 r: 346.403289795
#ERR boxes: [1,24] e: 123.385543823 r: 123.385406494
#ERR boxes: [1,25] e: 20.0509490967 r: 20.0508728027
#ERR boxes: [1,27] e: 338.881591797 r: 338.881744385
#ERR boxes: [1,28] e: 107.30178833 r: 107.301620483
#ERR boxes: [1,29] e: 12.3058929443 r: 12.306060791
#ERR boxes: [1,31] e: 334.079101562 r: 334.079284668
#ERR boxes: [1,32] e: 109.761077881 r: 109.761169434
#ERR boxes: [1,33] e: 29.2085876465 r: 29.2087860107
#ERR boxes: [1,35] e: 331.801727295 r: 331.802062988
#ERR boxes: [1,36] e: 85.9744415283 r: 85.9746551514
#ERR boxes: [1,41] e: 17.2325897217 r: 17.2327880859
#ERR boxes: [1,43] e: 356.049194336 r: 356.049591064
#ERR boxes: [1,44] e: 130.801467896 r: 130.801635742
#ERR boxes: [1,45] e: 41.2882843018 r: 41.2883758545
#ERR boxes: [1,47] e: 361.916015625 r: 361.916137695
#ERR boxes: [1,48] e: 94.8371734619 r: 94.8370361328
#ERR boxes: [1,49] e: 30.9117736816 r: 30.9120025635
#ERR boxes: [1,51] e: 340.621887207 r: 340.622192383
#ERR boxes: [1,52] e: 108.521484375 r: 108.52154541
#ERR boxes: [1,53] e: 8.09809875488 r: 8.09825134277
#ERR boxes: [1,55] e: 351.905395508 r: 351.905761719
#ERR boxes: [1,56] e: 127.89050293 r: 127.890441895
#ERR boxes: [1,57] e: 26.7398223877 r: 26.7400817871
#ERR boxes: [1,59] e: 347.902770996 r: 347.903045654
#ERR boxes: [1,60] e: 105.48550415 r: 105.485748291
#ERR boxes: [1,63] e: 329.32019043 r: 329.320281982
#ERR boxes: [1,64] e: 137.407669067 r: 137.407730103
#ERR boxes: [1,65] e: 11.3799743652 r: 11.3801269531
#ERR boxes: [1,67] e: 361.055633545 r: 361.055786133
#ERR boxes: [1,68] e: 124.651519775 r: 124.651611328
#ERR boxes: [1,69] e: 33.6848602295 r: 33.6850128174
#ERR boxes: [1,71] e: 361.184448242 r: 361.184631348
#ERR boxes: [1,76] e: 120.674194336 r: 120.674240112
#ERR boxes: [1,77] e: 15.7016906738 r: 15.7017364502
#ERR boxes: [1,79] e: 341.175292969 r: 341.175537109
#ERR boxes: [1,80] e: 126.795776367 r: 126.795852661
#ERR boxes: [1,81] e: 15.7238311768 r: 15.7238922119
#ERR boxes: [1,83] e: 342.904724121 r: 342.904968262
#ERR boxes: [2,5] e: 9.60705566406 r: 9.60734558105
#ERR boxes: [2,6] e: 453.516204834 r: 453.516296387
#ERR boxes: [2,7] e: 336.186157227 r: 336.187011719
#ERR boxes: [2,8] e: 0.301208496094 r: 0.301315307617
#ERR boxes: [2,9] e: 58.9815979004 r: 58.9819641113
#ERR boxes: [2,10] e: 401.543823242 r: 401.543884277
#ERR boxes: [2,11] e: 334.939758301 r: 334.94039917
#ERR boxes: [2,12] e: 5.05471801758 r: 5.05502319336
#ERR boxes: [2,13] e: 32.3107910156 r: 32.3112182617
#ERR boxes: [2,14] e: 419.909393311 r: 419.909210205
#ERR boxes: [2,15] e: 323.151794434 r: 323.152496338
#ERR boxes: [2,17] e: 9.12385559082 r: 9.12397766113
#ERR boxes: [2,18] e: 428.235534668 r: 428.235595703
#ERR boxes: [2,19] e: 324.339294434 r: 324.340026855
#ERR boxes: [2,20] e: 26.5264587402 r: 26.5263977051
#ERR boxes: [2,21] e: 22.466506958 r: 22.4667358398
#ERR boxes: [2,22] e: 339.729766846 r: 339.729644775
#ERR boxes: [2,23] e: 317.937194824 r: 317.937774658
#ERR boxes: [2,26] e: 429.689178467 r: 429.689575195
#ERR boxes: [2,27] e: 313.751159668 r: 313.751647949
#ERR boxes: [2,29] e: 21.554397583 r: 21.5548858643
#ERR boxes: [2,30] e: 435.205963135 r: 435.206451416
#ERR boxes: [2,31] e: 311.756774902 r: 311.757202148
#ERR boxes: [2,32] e: 9.04043579102 r: 9.04078674316
#ERR boxes: [2,33] e: 32.0315093994 r: 32.0319976807
#ERR boxes: [2,34] e: 417.179840088 r: 417.179748535
#ERR boxes: [2,35] e: 317.642883301 r: 317.643615723
#ERR boxes: [2,38] e: 440.169891357 r: 440.169433594
#ERR boxes: [2,39] e: 345.111236572 r: 345.111816406
#ERR boxes: [2,41] e: 18.5504760742 r: 18.5510406494
#ERR boxes: [2,42] e: 416.076141357 r: 416.075866699
#ERR boxes: [2,43] e: 329.956054688 r: 329.956970215
#ERR boxes: [2,45] e: 42.4102783203 r: 42.4105224609
#ERR boxes: [2,46] e: 430.786315918 r: 430.786071777
#ERR boxes: [2,47] e: 338.458343506 r: 338.458618164
#ERR boxes: [2,48] e: 2.07878112793 r: 2.07864379883
#ERR boxes: [2,49] e: 37.8025054932 r: 37.8031311035
#ERR boxes: [2,51] e: 324.614135742 r: 324.61505127
#ERR boxes: [2,53] e: 12.9388885498 r: 12.9393463135
#ERR boxes: [2,54] e: 449.441497803 r: 449.441589355
#ERR boxes: [2,55] e: 337.00012207 r: 337.000976562
#ERR boxes: [2,57] e: 27.8180541992 r: 27.8186645508
#ERR boxes: [2,58] e: 412.730895996 r: 412.731201172
#ERR boxes: [2,59] e: 327.998718262 r: 327.999450684
#ERR boxes: [2,61] e: 3.87310791016 r: 3.87371826172
#ERR boxes: [2,62] e: 396.781707764 r: 396.78125
#ERR boxes: [2,63] e: 320.873474121 r: 320.873535156
#ERR boxes: [2,64] e: 1.54188537598 r: 1.54222106934
#ERR boxes: [2,65] e: 11.3530426025 r: 11.353515625
#ERR boxes: [2,66] e: 394.388244629 r: 394.388122559
#ERR boxes: [2,67] e: 341.530639648 r: 341.531005859
#ERR boxes: [2,68] e: 1.23832702637 r: 1.23846435547
#ERR boxes: [2,69] e: 27.8692474365 r: 27.8695068359
#ERR boxes: [2,70] e: 404.912841797 r: 404.912536621
#ERR boxes: [2,71] e: 338.289794922 r: 338.290435791
#ERR boxes: [2,73] e: 9.75604248047 r: 9.7565612793
#ERR boxes: [2,74] e: 478.809143066 r: 478.808990479
#ERR boxes: [2,75] e: 353.916320801 r: 353.916778564
#ERR boxes: [2,77] e: 1.31207275391 r: 1.31211853027
#ERR boxes: [2,78] e: 446.003051758 r: 446.003234863
#ERR boxes: [2,79] e: 325.240905762 r: 325.241638184
#ERR boxes: [2,81] e: 9.78550720215 r: 9.78564453125
#ERR boxes: [2,82] e: 416.912872314 r: 416.912902832
#ERR boxes: [2,83] e: 314.990722656 r: 314.99118042
#ERR boxes: [3,4] e: 68.8375701904 r: 68.8374481201
#ERR boxes: [3,5] e: 16.0008850098 r: 16.0010528564
#ERR boxes: [3,7] e: 323.661773682 r: 323.66217041
#ERR boxes: [3,8] e: 99.1614074707 r: 99.1614532471
#ERR boxes: [3,9] e: 48.270690918 r: 48.2707824707
#ERR boxes: [3,10] e: 494.338653564 r: 494.338562012
#ERR boxes: [3,11] e: 319.756622314 r: 319.756896973
#ERR boxes: [3,12] e: 74.8516693115 r: 74.8517303467
#ERR boxes: [3,13] e: 23.6533813477 r: 23.6535949707
#ERR boxes: [3,15] e: 317.776123047 r: 317.77645874
#ERR boxes: [3,16] e: 89.3844299316 r: 89.3845214844
#ERR boxes: [3,17] e: 4.55485534668 r: 4.55491638184
#ERR boxes: [3,19] e: 316.036865234 r: 316.037231445
#ERR boxes: [3,20] e: 155.793395996 r: 155.793411255
#ERR boxes: [3,21] e: 7.75666809082 r: 7.75672912598
#ERR boxes: [3,22] e: 477.525939941 r: 477.525817871
#ERR boxes: [3,23] e: 316.537597656 r: 316.537841797
#ERR boxes: [3,24] e: 86.2484893799 r: 86.2484283447
#ERR boxes: [3,25] e: 3.96760559082 r: 3.96757507324
#ERR boxes: [3,27] e: 300.157470703 r: 300.157653809
#ERR boxes: [3,28] e: 70.4096374512 r: 70.4095153809
#ERR boxes: [3,29] e: 7.58522033691 r: 7.58538818359
#ERR boxes: [3,31] e: 303.180664062 r: 303.180847168
#ERR boxes: [3,32] e: 72.1496124268 r: 72.1497497559
#ERR boxes: [3,33] e: 23.7428283691 r: 23.7430419922
#ERR boxes: [3,34] e: 497.894104004 r: 497.893951416
#ERR boxes: [3,35] e: 311.537902832 r: 311.538208008
#ERR boxes: [3,36] e: 57.2470245361 r: 57.2473754883
#ERR boxes: [3,39] e: 348.60546875 r: 348.605712891
#ERR boxes: [3,40] e: 78.871383667 r: 78.8715515137
#ERR boxes: [3,41] e: 13.1481323242 r: 13.1483459473
#ERR boxes: [3,43] e: 331.108795166 r: 331.10925293
#ERR boxes: [3,44] e: 106.137435913 r: 106.137542725
#ERR boxes: [3,45] e: 22.5760498047 r: 22.5761566162
#ERR boxes: [3,47] e: 314.952056885 r: 314.952209473
#ERR boxes: [3,48] e: 55.1765441895 r: 55.1765289307
#ERR boxes: [3,49] e: 25.4960021973 r: 25.4962768555
#ERR boxes: [3,51] e: 323.821289062 r: 323.821655273
#ERR boxes: [3,52] e: 72.8908996582 r: 72.890914917
#ERR boxes: [3,53] e: 6.35362243652 r: 6.35375976562
#ERR boxes: [3,55] e: 328.965209961 r: 328.965606689
#ERR boxes: [3,56] e: 97.8199310303 r: 97.81980896
#ERR boxes: [3,57] e: 14.1126251221 r: 14.1128845215
#ERR boxes: [3,59] e: 317.070495605 r: 317.070861816
#ERR boxes: [3,60] e: 68.1172943115 r: 68.1174163818
#ERR boxes: [3,63] e: 307.089691162 r: 307.089782715
#ERR boxes: [3,64] e: 105.802978516 r: 105.803131104
#ERR boxes: [3,65] e: 3.24685668945 r: 3.24705505371
#ERR boxes: [3,67] e: 329.141571045 r: 329.141845703
#ERR boxes: [3,68] e: 90.7750244141 r: 90.7752075195
#ERR boxes: [3,69] e: 22.3144836426 r: 22.3146514893
#ERR boxes: [3,71] e: 328.924163818 r: 328.924438477
#ERR boxes: [3,72] e: 28.1147155762 r: 28.1148071289
#ERR boxes: [3,75] e: 350.237762451 r: 350.237976074
#ERR boxes: [3,76] e: 85.1881408691 r: 85.1879730225
#ERR boxes: [3,79] e: 308.7890625 r: 308.789367676
#ERR boxes: [3,80] e: 93.1680297852 r: 93.1681060791
#ERR boxes: [3,81] e: 2.12727355957 r: 2.12730407715
#ERR boxes: [3,83] e: 302.972961426 r: 302.973266602
#ERR boxes: [6,4] e: 52.62940979 r: 52.6293640137
#ERR boxes: [6,5] e: 11.223815918 r: 11.2239227295
#ERR boxes: [6,6] e: 493.043151855 r: 493.043243408
#ERR boxes: [6,7] e: 365.29574585 r: 365.296081543
#ERR boxes: [6,8] e: 77.1976165771 r: 77.1975860596
#ERR boxes: [6,9] e: 57.7943115234 r: 57.7944793701
#ERR boxes: [6,11] e: 364.173828125 r: 364.17401123
#ERR boxes: [6,12] e: 58.2940826416 r: 58.2941436768
#ERR boxes: [6,13] e: 22.356262207 r: 22.3564605713
#ERR boxes: [6,14] e: 489.752807617 r: 489.752624512
#ERR boxes: [6,15] e: 352.138214111 r: 352.138427734
#ERR boxes: [6,16] e: 70.5444488525 r: 70.5443878174
#ERR boxes: [6,18] e: 492.37286377 r: 492.372802734
#ERR boxes: [6,19] e: 351.74041748 r: 351.740600586
#ERR boxes: [6,20] e: 131.168716431 r: 131.168746948
#ERR boxes: [6,21] e: 8.05366516113 r: 8.05369567871
#ERR boxes: [6,22] e: 457.82043457 r: 457.820251465
#ERR boxes: [6,23] e: 354.880615234 r: 354.880737305
#ERR boxes: [6,24] e: 64.1101379395 r: 64.1100616455
#ERR boxes: [6,27] e: 339.250183105 r: 339.250305176
#ERR boxes: [6,28] e: 45.2111053467 r: 45.2109375
#ERR boxes: [6,30] e: 494.056091309 r: 494.056152344
#ERR boxes: [6,31] e: 337.139831543 r: 337.139953613
#ERR boxes: [6,32] e: 54.596862793 r: 54.5970001221
#ERR boxes: [6,33] e: 24.4410247803 r: 24.441192627
#ERR boxes: [6,34] e: 483.968811035 r: 483.968566895
#ERR boxes: [6,35] e: 342.983520508 r: 342.983764648
#ERR boxes: [6,36] e: 20.938293457 r: 20.9386138916
#ERR boxes: [6,40] e: 48.3711700439 r: 48.3712158203
#ERR boxes: [6,41] e: 3.74450683594 r: 3.74467468262
#ERR boxes: [6,42] e: 498.781494141 r: 498.781311035
#ERR boxes: [6,43] e: 361.960174561 r: 361.960510254
#ERR boxes: [6,44] e: 76.8790435791 r: 76.879196167
#ERR boxes: [6,45] e: 31.0303649902 r: 31.0304260254
#ERR boxes: [6,47] e: 366.415557861 r: 366.415679932
#ERR boxes: [6,48] e: 42.4562072754 r: 42.4561767578
#ERR boxes: [6,49] e: 24.0705108643 r: 24.0706939697
#ERR boxes: [6,50] e: 492.211639404 r: 492.211486816
#ERR boxes: [6,51] e: 351.56036377 r: 351.56060791
#ERR boxes: [6,53] e: 0.22868347168 r: 0.228790283203
#ERR boxes: [6,55] e: 362.162963867 r: 362.163299561
#ERR boxes: [6,56] e: 73.15184021 r: 73.1518249512
#ERR boxes: [6,57] e: 7.01034545898 r: 7.01063537598
#ERR boxes: [6,58] e: 491.488647461 r: 491.488616943
#ERR boxes: [6,59] e: 351.548797607 r: 351.54901123
#ERR boxes: [6,60] e: 43.7840423584 r: 43.784362793
#ERR boxes: [6,64] e: 80.7586517334 r: 80.7588653564
#ERR boxes: [6,66] e: 493.295898438 r: 493.295837402
#ERR boxes: [6,67] e: 372.596313477 r: 372.596405029
#ERR boxes: [6,68] e: 66.5760040283 r: 66.5761108398
#ERR boxes: [6,69] e: 23.6668243408 r: 23.6669769287
#ERR boxes: [6,70] e: 493.224304199 r: 493.224182129
#ERR boxes: [6,71] e: 371.35949707 r: 371.359680176
#ERR boxes: [6,76] e: 62.1883544922 r: 62.188369751
#ERR boxes: [6,78] e: 496.318359375 r: 496.31842041
#ERR boxes: [6,79] e: 348.46383667 r: 348.464080811
#ERR boxes: [6,80] e: 71.4262695312 r: 71.4263153076
#ERR boxes: [6,82] e: 497.631713867 r: 497.631652832
#ERR boxes: [6,83] e: 343.083648682 r: 343.083862305
#ERR boxes: [9,4] e: 68.920135498 r: 68.9202270508
#ERR boxes: [9,5] e: 14.4423217773 r: 14.4425201416
#ERR boxes: [9,7] e: 366.307189941 r: 366.307434082
#ERR boxes: [9,8] e: 82.5519714355 r: 82.5519561768
#ERR boxes: [9,9] e: 52.0386810303 r: 52.0387420654
#ERR boxes: [9,11] e: 365.346862793 r: 365.347106934
#ERR boxes: [9,12] e: 62.598739624 r: 62.5989990234
#ERR boxes: [9,13] e: 36.805267334 r: 36.8054046631
#ERR boxes: [9,15] e: 354.864532471 r: 354.864807129
#ERR boxes: [9,16] e: 73.4743499756 r: 73.4743347168
#ERR boxes: [9,17] e: 4.41270446777 r: 4.41279602051
#ERR boxes: [9,19] e: 348.063537598 r: 348.063720703
#ERR boxes: [9,20] e: 115.465011597 r: 115.465026855
#ERR boxes: [9,21] e: 14.2491149902 r: 14.2491607666
#ERR boxes: [9,22] e: 458.754943848 r: 458.754882812
#ERR boxes: [9,23] e: 352.546356201 r: 352.546569824
#ERR boxes: [9,25] e: 0.73405456543 r: 0.733993530273
#ERR boxes: [9,27] e: 341.860839844 r: 341.861022949
#ERR boxes: [9,28] e: 58.1086883545 r: 58.1086273193
#ERR boxes: [9,29] e: 12.345123291 r: 12.3453063965
#ERR boxes: [9,31] e: 343.511993408 r: 343.512176514
#ERR boxes: [9,32] e: 68.0767059326 r: 68.0768890381
#ERR boxes: [9,33] e: 27.3559265137 r: 27.3560638428
#ERR boxes: [9,35] e: 347.593048096 r: 347.593322754
#ERR boxes: [9,36] e: 28.319519043 r: 28.3198547363
#ERR boxes: [9,40] e: 55.6462402344 r: 55.6462097168
#ERR boxes: [9,41] e: 7.79011535645 r: 7.79032897949
#ERR boxes: [9,43] e: 364.317871094 r: 364.318237305
#ERR boxes: [9,44] e: 78.9041748047 r: 78.9042816162
#ERR boxes: [9,45] e: 33.5803222656 r: 33.5803833008
#ERR boxes: [9,47] e: 362.778564453 r: 362.778686523
#ERR boxes: [9,48] e: 52.7727355957 r: 52.7728118896
#ERR boxes: [9,49] e: 29.6201782227 r: 29.6204376221
#ERR boxes: [9,51] e: 353.899536133 r: 353.899780273
#ERR boxes: [9,52] e: 54.0528106689 r: 54.052947998
#ERR boxes: [9,53] e: 2.10598754883 r: 2.10615539551
#ERR boxes: [9,55] e: 364.884246826 r: 364.88458252
#ERR boxes: [9,56] e: 74.9711608887 r: 74.9712524414
#ERR boxes: [9,57] e: 12.2023925781 r: 12.2026672363
#ERR boxes: [9,59] e: 355.361450195 r: 355.361694336
#ERR boxes: [9,60] e: 42.0975952148 r: 42.097869873
#ERR boxes: [9,63] e: 350.7237854 r: 350.723754883
#ERR boxes: [9,64] e: 78.1266937256 r: 78.1268920898
#ERR boxes: [9,65] e: 2.9447479248 r: 2.94485473633
#ERR boxes: [9,68] e: 70.2042541504 r: 70.2044525146
#ERR boxes: [9,69] e: 22.5957946777 r: 22.5959014893
#ERR boxes: [9,71] e: 368.874633789 r: 368.874816895
#ERR boxes: [9,72] e: 25.1580810547 r: 25.1581420898
#ERR boxes: [9,76] e: 75.0321960449 r: 75.0321807861
#ERR boxes: [9,77] e: 0.461929321289 r: 0.461975097656
#ERR boxes: [9,79] e: 352.820373535 r: 352.820617676
#ERR boxes: [9,80] e: 69.0833435059 r: 69.0835113525
#ERR boxes: [9,83] e: 343.134124756 r: 343.134338379
#ERR boxes: [14,5] e: 14.0256195068 r: 14.025680542
#ERR boxes: [14,6] e: 479.153381348 r: 479.153442383
#ERR boxes: [14,7] e: 355.021789551 r: 355.022155762
#ERR boxes: [14,8] e: 2.83976745605 r: 2.8397064209
#ERR boxes: [14,9] e: 69.2473449707 r: 69.2473754883
#ERR boxes: [14,10] e: 432.471923828 r: 432.471984863
#ERR boxes: [14,11] e: 352.862670898 r: 352.862884521
#ERR boxes: [14,13] e: 28.7110748291 r: 28.711151123
#ERR boxes: [14,14] e: 448.945861816 r: 448.945922852
#ERR boxes: [14,15] e: 339.863098145 r: 339.863342285
#ERR boxes: [14,17] e: 14.7589416504 r: 14.7589263916
#ERR boxes: [14,18] e: 456.133361816 r: 456.133453369
#ERR boxes: [14,19] e: 347.315826416 r: 347.316040039
#ERR boxes: [14,21] e: 33.510345459 r: 33.510269165
#ERR boxes: [14,22] e: 369.171905518 r: 369.171844482
#ERR boxes: [14,23] e: 341.508789062 r: 341.508972168
#ERR boxes: [14,25] e: 22.1929168701 r: 22.1927947998
#ERR boxes: [14,26] e: 456.004333496 r: 456.004455566
#ERR boxes: [14,27] e: 340.964233398 r: 340.964416504
#ERR boxes: [14,29] e: 21.0974578857 r: 21.0976257324
#ERR boxes: [14,30] e: 463.792694092 r: 463.792602539
#ERR boxes: [14,31] e: 334.590026855 r: 334.590240479
#ERR boxes: [14,32] e: 8.12303161621 r: 8.12306213379
#ERR boxes: [14,33] e: 28.1561126709 r: 28.1562194824
#ERR boxes: [14,35] e: 336.562316895 r: 336.562561035
#ERR boxes: [14,38] e: 476.683776855 r: 476.68359375
#ERR boxes: [14,39] e: 371.194396973 r: 371.194580078
#ERR boxes: [14,41] e: 18.8544464111 r: 18.8545837402
#ERR boxes: [14,42] e: 450.919036865 r: 450.918945312
#ERR boxes: [14,43] e: 345.272338867 r: 345.272644043
#ERR boxes: [14,45] e: 49.1341094971 r: 49.1341705322
#ERR boxes: [14,46] e: 464.321472168 r: 464.321289062
#ERR boxes: [14,47] e: 362.932800293 r: 362.932861328
#ERR boxes: [14,48] e: 5.83963012695 r: 5.83969116211
#ERR boxes: [14,49] e: 29.3536987305 r: 29.3538513184
#ERR boxes: [14,50] e: 465.950469971 r: 465.950531006
#ERR boxes: [14,51] e: 338.75567627 r: 338.756011963
#ERR boxes: [14,53] e: 4.6695098877 r: 4.66958618164
#ERR boxes: [14,54] e: 475.77722168 r: 475.777160645
#ERR boxes: [14,55] e: 350.089172363 r: 350.089447021
#ERR boxes: [14,57] e: 33.9179534912 r: 33.9180755615
#ERR boxes: [14,58] e: 445.073608398 r: 445.073669434
#ERR boxes: [14,59] e: 348.164916992 r: 348.165161133
#ERR boxes: [14,62] e: 430.254150391 r: 430.253967285
#ERR boxes: [14,63] e: 340.263946533 r: 340.263885498
#ERR boxes: [14,64] e: 4.00210571289 r: 4.0022277832
#ERR boxes: [14,65] e: 16.8902282715 r: 16.8903503418
#ERR boxes: [14,67] e: 362.538818359 r: 362.538970947
#ERR boxes: [14,69] e: 34.7727508545 r: 34.7728271484
#ERR boxes: [14,71] e: 357.220397949 r: 357.220611572
#ERR boxes: [14,73] e: 0.0355224609375 r: 0.0355682373047
#ERR boxes: [14,77] e: 15.447265625 r: 15.4472198486
#ERR boxes: [14,78] e: 470.148986816 r: 470.149108887
#ERR boxes: [14,79] e: 343.49710083 r: 343.497375488
#ERR boxes: [14,81] e: 23.3195953369 r: 23.3195800781
#ERR boxes: [14,82] e: 453.530761719 r: 453.530883789
#ERR boxes: [14,83] e: 351.702392578 r: 351.702575684
#ERR boxes: [17,4] e: 74.8232727051 r: 74.8232574463
#ERR boxes: [17,5] e: 1.47746276855 r: 1.47744750977
#ERR boxes: [17,8] e: 93.4611816406 r: 93.4611968994
#ERR boxes: [17,9] e: 52.0625152588 r: 52.0625305176
#ERR boxes: [17,11] e: 333.824523926 r: 333.824554443
#ERR boxes: [17,12] e: 74.9144592285 r: 74.9144287109
#ERR boxes: [17,15] e: 328.785491943 r: 328.785461426
#ERR boxes: [17,16] e: 89.646987915 r: 89.6469726562
#ERR boxes: [17,21] e: 8.3494720459 r: 8.34948730469
#ERR boxes: [17,25] e: 4.4690246582 r: 4.46900939941
#ERR boxes: [17,27] e: 322.716949463 r: 322.71697998
#ERR boxes: [17,32] e: 74.9026641846 r: 74.902633667
#ERR boxes: [17,34] e: 497.405334473 r: 497.405273438
#ERR boxes: [17,36] e: 50.6280517578 r: 50.6281280518
#ERR boxes: [17,39] e: 364.536529541 r: 364.536499023
#ERR boxes: [17,43] e: 338.483978271 r: 338.484008789
#ERR boxes: [17,44] e: 104.439331055 r: 104.439361572
#ERR boxes: [17,45] e: 19.5493774414 r: 19.5493927002
#ERR boxes: [17,47] e: 336.753875732 r: 336.75390625
#ERR boxes: [17,52] e: 69.701171875 r: 69.7012176514
#ERR boxes: [17,56] e: 87.3300170898 r: 87.3300323486
#ERR boxes: [17,57] e: 3.64056396484 r: 3.64057922363
#ERR boxes: [17,59] e: 329.679473877 r: 329.679504395
#ERR boxes: [17,60] e: 79.8209075928 r: 79.8209381104
#ERR boxes: [17,63] e: 320.830078125 r: 320.830108643
#ERR boxes: [17,64] e: 106.464797974 r: 106.464828491
#ERR boxes: [17,68] e: 86.2641143799 r: 86.2641601562
#ERR boxes: [17,69] e: 13.9491729736 r: 13.9491882324
#ERR boxes: [17,71] e: 341.198364258 r: 341.198394775
#ERR boxes: [17,76] e: 85.518447876 r: 85.5184936523
#ERR boxes: [17,79] e: 323.684936523 r: 323.684906006
#ERR boxes: [18,4] e: 140.160140991 r: 140.160171509
#ERR boxes: [18,5] e: 19.4339752197 r: 19.434173584
#ERR boxes: [18,7] e: 365.218688965 r: 365.219024658
#ERR boxes: [18,8] e: 169.851257324 r: 169.851211548
#ERR boxes: [18,9] e: 65.1462402344 r: 65.1462860107
#ERR boxes: [18,11] e: 363.022216797 r: 363.022521973
#ERR boxes: [18,12] e: 150.317260742 r: 150.317398071
#ERR boxes: [18,13] e: 31.3109283447 r: 31.3111419678
#ERR boxes: [18,15] e: 354.944274902 r: 354.944519043
#ERR boxes: [18,16] e: 157.573760986 r: 157.57371521
#ERR boxes: [18,17] e: 11.7784423828 r: 11.7785186768
#ERR boxes: [18,19] e: 358.244567871 r: 358.244873047
#ERR boxes: [18,20] e: 223.365463257 r: 223.365371704
#ERR boxes: [18,21] e: 10.5631103516 r: 10.5631561279
#ERR boxes: [18,22] e: 493.299926758 r: 493.299804688
#ERR boxes: [18,23] e: 352.573364258 r: 352.573547363
#ERR boxes: [18,24] e: 158.794540405 r: 158.794464111
#ERR boxes: [18,25] e: 7.44439697266 r: 7.44430541992
#ERR boxes: [18,27] e: 343.567504883 r: 343.567657471
#ERR boxes: [18,28] e: 145.480209351 r: 145.480056763
#ERR boxes: [18,29] e: 14.1020050049 r: 14.1021728516
#ERR boxes: [18,31] e: 345.997558594 r: 345.997772217
#ERR boxes: [18,32] e: 147.472564697 r: 147.472595215
#ERR boxes: [18,33] e: 24.596862793 r: 24.5970916748
#ERR boxes: [18,35] e: 341.05090332 r: 341.051147461
#ERR boxes: [18,36] e: 130.829849243 r: 130.83013916
#ERR boxes: [18,40] e: 155.994140625 r: 155.994262695
#ERR boxes: [18,41] e: 13.3257446289 r: 13.3259277344
#ERR boxes: [18,43] e: 372.587310791 r: 372.587768555
#ERR boxes: [18,44] e: 170.636825562 r: 170.636856079
#ERR boxes: [18,45] e: 29.6742401123 r: 29.674331665
#ERR boxes: [18,47] e: 361.778625488 r: 361.778686523
#ERR boxes: [18,48] e: 131.36630249 r: 131.366531372
#ERR boxes: [18,49] e: 30.9957885742 r: 30.9960479736
#ERR boxes: [18,51] e: 354.893585205 r: 354.893920898
#ERR boxes: [18,52] e: 147.373031616 r: 147.373153687
#ERR boxes: [18,53] e: 6.22663879395 r: 6.22680664062
#ERR boxes: [18,55] e: 366.106079102 r: 366.106445312
#ERR boxes: [18,56] e: 164.900619507 r: 164.900497437
#ERR boxes: [18,57] e: 28.296295166 r: 28.2965545654
#ERR boxes: [18,59] e: 362.126037598 r: 362.126342773
#ERR boxes: [18,60] e: 145.393447876 r: 145.393432617
#ERR boxes: [18,63] e: 342.265258789 r: 342.265411377
#ERR boxes: [18,64] e: 177.760299683 r: 177.760437012
#ERR boxes: [18,65] e: 3.84782409668 r: 3.84799194336
#ERR boxes: [18,67] e: 368.751098633 r: 368.751312256
#ERR boxes: [18,68] e: 164.442184448 r: 164.442153931
#ERR boxes: [18,69] e: 23.3040008545 r: 23.3041229248
#ERR boxes: [18,71] e: 373.768310547 r: 373.768554688
#ERR boxes: [18,72] e: 109.668624878 r: 109.668609619
#ERR boxes: [18,73] e: 1.70875549316 r: 1.70890808105
#ERR boxes: [18,76] e: 155.577529907 r: 155.577392578
#ERR boxes: [18,77] e: 6.38345336914 r: 6.38342285156
#ERR boxes: [18,79] e: 352.859008789 r: 352.859313965
#ERR boxes: [18,80] e: 160.094955444 r: 160.09487915
#ERR boxes: [18,83] e: 351.197021484 r: 351.197265625
#ERR boxes: [25,5] e: 14.6373748779 r: 14.6374359131
#ERR boxes: [25,7] e: 355.151672363 r: 355.151855469
#ERR boxes: [25,8] e: 12.2427062988 r: 12.2426452637
#ERR boxes: [25,9] e: 62.4780883789 r: 62.4781494141
#ERR boxes: [25,11] e: 353.146820068 r: 353.146942139
#ERR boxes: [25,12] e: 11.3135986328 r: 11.3136901855
#ERR boxes: [25,13] e: 30.5285949707 r: 30.5286254883
#ERR boxes: [25,15] e: 340.509307861 r: 340.509399414
#ERR boxes: [25,16] e: 3.81695556641 r: 3.81686401367
#SDC Ite:0 KerTime:2.136469 AccTime:2.136469 KerErr:782 AccErr:782
#ABORT too many errors per iteration
#END