#HEADER size:1024
#BEGIN Y:2016 M:12 D:12 Time:06:40:03
#IT Ite:0 KerTime:0.197956 AccTime:0.197956
#IT Ite:1 KerTime:0.178939 AccTime:0.376895
#IT Ite:2 KerTime:0.172433 AccTime:0.549328
#IT Ite:3 KerTime:0.159960 AccTime:0.709288
#IT Ite:4 KerTime:0.183156 AccTime:0.892444
#IT Ite:5 KerTime:0.169346 AccTime:1.061790
#IT Ite:6 KerTime:0.174428 AccTime:1.236218
#IT Ite:7 KerTime:0.153997 AccTime:1.390215
#IT Ite:8 KerTime:0.156268 AccTime:1.546483
#IT Ite:9 KerTime:0.162790 AccTime:1.709273
#IT Ite:10 KerTime:0.155196 AccTime:1.864469
#IT Ite:11 KerTime:0.160079 AccTime:2.024548
#IT Ite:12 KerTime:0.159827 AccTime:2.184375
#IT Ite:13 KerTime:0.157878 AccTime:2.342253
#IT Ite:14 KerTime:0.160127 AccTime:2.502380
#IT Ite:15 KerTime:0.160224 AccTime:2.662604
#IT Ite:16 KerTime:0.159754 AccTime:2.822358
#IT Ite:17 KerTime:0.159711 AccTime:2.982069
#IT Ite:18 KerTime:0.160324 AccTime:3.142393
#IT Ite:19 KerTime:0.160091 AccTime:3.302484
#IT Ite:20 KerTime:0.155532 AccTime:3.458016
#IT Ite:21 KerTime:0.154794 AccTime:3.612810
#IT Ite:22 KerTime:0.156253 AccTime:3.769063
#IT Ite:23 KerTime:0.155259 AccTime:3.924322
#IT Ite:24 KerTime:0.156084 AccTime:4.080406
#IT Ite:25 KerTime:0.185372 AccTime:4.265778
#IT Ite:26 KerTime:0.180005 AccTime:4.445783
#IT Ite:27 KerTime:0.180951 AccTime:4.626734
#IT Ite:28 KerTime:0.198235 AccTime:4.824969
#IT Ite:29 KerTime:0.199283 AccTime:5.024252
#IT Ite:30 KerTime:0.211423 AccTime:5.235675
#IT Ite:31 KerTime:0.193242 AccTime:5.428917
#IT Ite:32 KerTime:0.154533 AccTime:5.583450
#IT Ite:33 KerTime:0.154514 AccTime:5.737964
#IT Ite:34 KerTime:0.155807 AccTime:5.893771
#IT Ite:35 KerTime:0.155837 AccTime:6.049608
#IT Ite:36 KerTime:0.155403 AccTime:6.205011
#IT Ite:37 KerTime:0.155130 AccTime:6.360141
#IT Ite:38 KerTime:0.151634 AccTime:6.511775
#IT Ite:39 KerTime:0.155550 AccTime:6.667325
#IT Ite:40 KerTime:0.160147 AccTime:6.827472
#IT Ite:41 KerTime:0.154489 AccTime:6.981961
#IT Ite:42 KerTime:0.155527 AccTime:7.137488
#IT Ite:43 KerTime:0.155688 AccTime:7.293176
#IT Ite:44 KerTime:0.155619 AccTime:7.448795
#IT Ite:45 KerTime:0.154176 AccTime:7.602971
#IT Ite:46 KerTime:0.155098 AccTime:7.758069
#IT Ite:47 KerTime:0.156046 AccTime:7.914115
#IT Ite:48 KerTime:0.155104 AccTime:8.069219
#IT Ite:49 KerTime:0.154849 AccTime:8.224068
#IT Ite:50 KerTime:0.155988 AccTime:8.380056
#IT Ite:51 KerTime:0.164792 AccTime:8.544848
#IT Ite:52 KerTime:0.176218 AccTime:8.721066
#IT Ite:53 KerTime:0.176569 AccTime:8.897635
#IT Ite:54 KerTime:0.161539 AccTime:9.059174
#IT Ite:55 KerTime:0.169521 AccTime:9.228695
#IT Ite:56 KerTime:0.191379 AccTime:9.420074
#IT Ite:57 KerTime:0.168405 AccTime:9.588479
#IT Ite:58 KerTime:0.174428 AccTime:9.762907
#IT Ite:59 KerTime:0.197172 AccTime:9.960079
#IT Ite:60 KerTime:0.197787 AccTime:10.157866
#IT Ite:61 KerTime:0.186300 AccTime:10.344166
#IT Ite:62 KerTime:0.196510 AccTime:10.540676
#IT Ite:63 KerTime:0.182427 AccTime:10.723103
#IT Ite:64 KerTime:0.180695 AccTime:10.903798
#IT Ite:65 KerTime:0.198759 AccTime:11.102557
#IT Ite:66 KerTime:0.200046 AccTime:11.302603
#IT Ite:67 KerTime:0.194017 AccTime:11.496620
#IT Ite:68 KerTime:0.195320 AccTime:11.691940
#IT Ite:69 KerTime:0.184076 AccTime:11.876016
#IT Ite:70 KerTime:0.194352 AccTime:12.070368
#IT Ite:71 KerTime:0.195066 AccTime:12.265434
#IT Ite:72 KerTime:0.203557 AccTime:12.468991
#IT Ite:73 KerTime:0.182684 AccTime:12.651675
#IT Ite:74 KerTime:0.189659 AccTime:12.841334
#IT Ite:75 KerTime:0.204248 AccTime:13.045582
#IT Ite:76 KerTime:0.187884 AccTime:13.233466
#IT Ite:77 KerTime:0.180697 AccTime:13.414163
#IT Ite:78 KerTime:0.194731 AccTime:13.608894
#IT Ite:79 KerTime:0.186745 AccTime:13.795639
#IT Ite:80 KerTime:0.188034 AccTime:13.983673
#IT Ite:81 KerTime:0.196509 AccTime:14.180182
#IT Ite:82 KerTime:0.193150 AccTime:14.373332
#IT Ite:83 KerTime:0.195684 AccTime:14.569016
#IT Ite:84 KerTime:0.186496 AccTime:14.755512
#IT Ite:85 KerTime:0.189010 AccTime:14.944522
#IT Ite:86 KerTime:0.186748 AccTime:15.131270
#IT Ite:87 KerTime:0.196741 AccTime:15.328011
#IT Ite:88 KerTime:0.201354 AccTime:15.529365
#IT Ite:89 KerTime:0.209482 AccTime:15.738847
#IT Ite:90 KerTime:0.185965 AccTime:15.924812
#IT Ite:91 KerTime:0.191214 AccTime:16.116026
#IT Ite:92 KerTime:0.213814 AccTime:16.329840
#IT Ite:93 KerTime:0.198824 AccTime:16.528664
#IT Ite:94 KerTime:0.213867 AccTime:16.742531
#IT Ite:95 KerTime:0.179626 AccTime:16.922157
#IT Ite:96 KerTime:0.184438 AccTime:17.106595
#IT Ite:97 KerTime:0.203824 AccTime:17.310419
#IT Ite:98 KerTime:0.179125 AccTime:17.489544
#IT Ite:99 KerTime:0.182517 AccTime:17.672061
#IT Ite:100 KerTime:0.185269 AccTime:17.857330
#IT Ite:101 KerTime:0.154926 AccTime:18.012256
#IT Ite:102 KerTime:0.188971 AccTime:18.201227
#IT Ite:103 KerTime:0.184360 AccTime:18.385587
#IT Ite:104 KerTime:0.180539 AccTime:18.566126
#IT Ite:105 KerTime:0.195009 AccTime:18.761135
#IT Ite:106 KerTime:0.222135 AccTime:18.983270
#IT Ite:107 KerTime:0.199305 AccTime:19.182575
#IT Ite:108 KerTime:0.187237 AccTime:19.369812
#IT Ite:109 KerTime:0.181177 AccTime:19.550989
#IT Ite:110 KerTime:0.199561 AccTime:19.750550
#IT Ite:111 KerTime:0.180854 AccTime:19.931404
#IT Ite:112 KerTime:0.197089 AccTime:20.128493
#IT Ite:113 KerTime:0.186175 AccTime:20.314668
#IT Ite:114 KerTime:0.200281 AccTime:20.514949
#IT Ite:115 KerTime:0.195533 AccTime:20.710482
#IT Ite:116 KerTime:0.193457 AccTime:20.903939
#IT Ite:117 KerTime:0.182478 AccTime:21.086417
#IT Ite:118 KerTime:0.197900 AccTime:21.284317
#IT Ite:119 KerTime:0.184025 AccTime:21.468342
#IT Ite:120 KerTime:0.180342 AccTime:21.648684
#IT Ite:121 KerTime:0.182892 AccTime:21.831576
#IT Ite:122 KerTime:0.184891 AccTime:22.016467
#IT Ite:123 KerTime:0.189428 AccTime:22.205895
#IT Ite:124 KerTime:0.210081 AccTime:22.415976
#IT Ite:125 KerTime:0.206795 AccTime:22.622771
#IT Ite:126 KerTime:0.194384 AccTime:22.817155
#IT Ite:127 KerTime:0.181950 AccTime:22.999105
#IT Ite:128 KerTime:0.197280 AccTime:23.196385
#IT Ite:129 KerTime:0.188704 AccTime:23.385089
#IT Ite:130 KerTime:0.196276 AccTime:23.581365
#IT Ite:131 KerTime:0.194664 AccTime:23.776029
#IT Ite:132 KerTime:0.183136 AccTime:23.959165
#IT Ite:133 KerTime:0.189564 AccTime:24.148729
#IT Ite:134 KerTime:0.182827 AccTime:24.331556
#IT Ite:135 KerTime:0.181720 AccTime:24.513276
#IT Ite:136 KerTime:0.188573 AccTime:24.701849
#IT Ite:137 KerTime:0.191520 AccTime:24.893369
#IT Ite:138 KerTime:0.191766 AccTime:25.085135
#IT Ite:139 KerTime:0.203068 AccTime:25.288203
#IT Ite:140 KerTime:0.185257 AccTime:25.473460
#IT Ite:141 KerTime:0.217408 AccTime:25.690868
#IT Ite:142 KerTime:0.189270 AccTime:25.880138
#IT Ite:143 KerTime:0.184651 AccTime:26.064789
#IT Ite:144 KerTime:0.186720 AccTime:26.251509
#IT Ite:145 KerTime:0.198323 AccTime:26.449832
#IT Ite:146 KerTime:0.184591 AccTime:26.634423
#IT Ite:147 KerTime:0.181859 AccTime:26.816282
#IT Ite:148 KerTime:0.183645 AccTime:26.999927
#IT Ite:149 KerTime:0.197921 AccTime:27.197848
#IT Ite:150 KerTime:0.207085 AccTime:27.404933
#IT Ite:151 KerTime:0.184740 AccTime:27.589673
#IT Ite:152 KerTime:0.171309 AccTime:27.760982
#IT Ite:153 KerTime:0.190573 AccTime:27.951555
#IT Ite:154 KerTime:0.188266 AccTime:28.139821
#IT Ite:155 KerTime:0.221365 AccTime:28.361186
#IT Ite:156 KerTime:0.185608 AccTime:28.546794
#IT Ite:157 KerTime:0.187916 AccTime:28.734710
#IT Ite:158 KerTime:0.159584 AccTime:28.894294
#IT Ite:159 KerTime:0.165736 AccTime:29.060030
#IT Ite:160 KerTime:0.161584 AccTime:29.221614
#IT Ite:161 KerTime:0.169489 AccTime:29.391103
#IT Ite:162 KerTime:0.157115 AccTime:29.548218
#IT Ite:163 KerTime:0.165947 AccTime:29.714165
#IT Ite:164 KerTime:0.162103 AccTime:29.876268
#IT Ite:165 KerTime:0.176454 AccTime:30.052722
#IT Ite:166 KerTime:0.203845 AccTime:30.256567
#IT Ite:167 KerTime:0.207463 AccTime:30.464030
#IT Ite:168 KerTime:0.200186 AccTime:30.664216
#IT Ite:169 KerTime:0.189344 AccTime:30.853560
#IT Ite:170 KerTime:0.197822 AccTime:31.051382
#IT Ite:171 KerTime:0.181855 AccTime:31.233237
#IT Ite:172 KerTime:0.204524 AccTime:31.437761
#IT Ite:173 KerTime:0.184371 AccTime:31.622132
#IT Ite:174 KerTime:0.185916 AccTime:31.808048
#IT Ite:175 KerTime:0.182034 AccTime:31.990082
#IT Ite:176 KerTime:0.180485 AccTime:32.170567
#IT Ite:177 KerTime:0.192876 AccTime:32.363443
#IT Ite:178 KerTime:0.195433 AccTime:32.558876
#IT Ite:179 KerTime:0.184314 AccTime:32.743190
#IT Ite:180 KerTime:0.197403 AccTime:32.940593
#IT Ite:181 KerTime:0.196689 AccTime:33.137282
#IT Ite:182 KerTime:0.199033 AccTime:33.336315
#IT Ite:183 KerTime:0.203808 AccTime:33.540123
#IT Ite:184 KerTime:0.189823 AccTime:33.729946
#IT Ite:185 KerTime:0.196020 AccTime:33.925966
#IT Ite:186 KerTime:0.194605 AccTime:34.120571
#IT Ite:187 KerTime:0.185947 AccTime:34.306518
#IT Ite:188 KerTime:0.217972 AccTime:34.524490
#IT Ite:189 KerTime:0.178879 AccTime:34.703369
#IT Ite:190 KerTime:0.180822 AccTime:34.884191
#IT Ite:191 KerTime:0.186299 AccTime:35.070490
#IT Ite:192 KerTime:0.204618 AccTime:35.275108
#IT Ite:193 KerTime:0.185168 AccTime:35.460276
#IT Ite:194 KerTime:0.182282 AccTime:35.642558
#IT Ite:195 KerTime:0.195156 AccTime:35.837714
#IT Ite:196 KerTime:0.195566 AccTime:36.033280
#IT Ite:197 KerTime:0.184057 AccTime:36.217337
#IT Ite:198 KerTime:0.196743 AccTime:36.414080
#IT Ite:199 KerTime:0.220222 AccTime:36.634302
#IT Ite:200 KerTime:0.206955 AccTime:36.841257
#IT Ite:201 KerTime:0.193085 AccTime:37.034342
#IT Ite:202 KerTime:0.183161 AccTime:37.217503
#IT Ite:203 KerTime:0.198558 AccTime:37.416061
#IT Ite:204 KerTime:0.189247 AccTime:37.605308
#IT Ite:205 KerTime:0.191179 AccTime:37.796487
#IT Ite:206 KerTime:0.180009 AccTime:37.976496
#IT Ite:207 KerTime:0.188369 AccTime:38.164865
#IT Ite:208 KerTime:0.179575 AccTime:38.344440
#IT Ite:209 KerTime:0.197396 AccTime:38.541836
#IT Ite:210 KerTime:0.187415 AccTime:38.729251
#IT Ite:211 KerTime:0.189509 AccTime:38.918760
#IT Ite:212 KerTime:0.192471 AccTime:39.111231
#IT Ite:213 KerTime:0.212882 AccTime:39.324113
#IT Ite:214 KerTime:0.204603 AccTime:39.528716
#IT Ite:215 KerTime:0.195604 AccTime:39.724320
#IT Ite:216 KerTime:0.184567 AccTime:39.908887
#IT Ite:217 KerTime:0.186338 AccTime:40.095225
#IT Ite:218 KerTime:0.194780 AccTime:40.290005
#IT Ite:219 KerTime:0.206157 AccTime:40.496162
#IT Ite:220 KerTime:0.192978 AccTime:40.689140
#IT Ite:221 KerTime:0.189992 AccTime:40.879132
#IT Ite:222 KerTime:0.191742 AccTime:41.070874
#IT Ite:223 KerTime:0.191425 AccTime:41.262299
#IT Ite:224 KerTime:0.194353 AccTime:41.456652
#IT Ite:225 KerTime:0.198665 AccTime:41.655317
#IT Ite:226 KerTime:0.200300 AccTime:41.855617
#IT Ite:227 KerTime:0.224436 AccTime:42.080053
#IT Ite:228 KerTime:0.214752 AccTime:42.294805
#IT Ite:229 KerTime:0.205639 AccTime:42.500444
#IT Ite:230 KerTime:0.209371 AccTime:42.709815
#IT Ite:231 KerTime:0.204561 AccTime:42.914376
#IT Ite:232 KerTime:0.187504 AccTime:43.101880
#IT Ite:233 KerTime:0.193806 AccTime:43.295686
#IT Ite:234 KerTime:0.209084 AccTime:43.504770
#IT Ite:235 KerTime:0.190864 AccTime:43.695634
#IT Ite:236 KerTime:0.219438 AccTime:43.915072
#IT Ite:237 KerTime:0.205903 AccTime:44.120975
#IT Ite:238 KerTime:0.209792 AccTime:44.330767
#IT Ite:239 KerTime:0.181402 AccTime:44.512169
#IT Ite:240 KerTime:0.203711 AccTime:44.715880
#IT Ite:241 KerTime:0.189630 AccTime:44.905510
#IT Ite:242 KerTime:0.195060 AccTime:45.100570
#IT Ite:243 KerTime:0.223462 AccTime:45.324032
#IT Ite:244 KerTime:0.180380 AccTime:45.504412
#IT Ite:245 KerTime:0.196736 AccTime:45.701148
#IT Ite:246 KerTime:0.218377 AccTime:45.919525
#IT Ite:247 KerTime:0.211111 AccTime:46.130636
#IT Ite:248 KerTime:0.197482 AccTime:46.328118
#IT Ite:249 KerTime:0.187864 AccTime:46.515982
#IT Ite:250 KerTime:0.187418 AccTime:46.703400
#IT Ite:251 KerTime:0.196045 AccTime:46.899445
#IT Ite:252 KerTime:0.205204 AccTime:47.104649
#IT Ite:253 KerTime:0.220222 AccTime:47.324871
#IT Ite:254 KerTime:0.209364 AccTime:47.534235
#IT Ite:255 KerTime:0.213828 AccTime:47.748063
#IT Ite:256 KerTime:0.217993 AccTime:47.966056
#IT Ite:257 KerTime:0.223443 AccTime:48.189499
#IT Ite:258 KerTime:0.216892 AccTime:48.406391
#IT Ite:259 KerTime:0.181389 AccTime:48.587780
#IT Ite:260 KerTime:0.198007 AccTime:48.785787
#IT Ite:261 KerTime:0.215167 AccTime:49.000954
#IT Ite:262 KerTime:0.212140 AccTime:49.213094
#IT Ite:263 KerTime:0.202272 AccTime:49.415366
#IT Ite:264 KerTime:0.195183 AccTime:49.610549
#IT Ite:265 KerTime:0.198729 AccTime:49.809278
#IT Ite:266 KerTime:0.198658 AccTime:50.007936
#IT Ite:267 KerTime:0.230041 AccTime:50.237977
#IT Ite:268 KerTime:0.196481 AccTime:50.434458
#IT Ite:269 KerTime:0.215316 AccTime:50.649774
#IT Ite:270 KerTime:0.214128 AccTime:50.863902
#IT Ite:271 KerTime:0.196018 AccTime:51.059920
#IT Ite:272 KerTime:0.201004 AccTime:51.260924
#IT Ite:273 KerTime:0.216726 AccTime:51.477650
#IT Ite:274 KerTime:0.194878 AccTime:51.672528
#IT Ite:275 KerTime:0.179459 AccTime:51.851987
#IT Ite:276 KerTime:0.197340 AccTime:52.049327
#IT Ite:277 KerTime:0.199322 AccTime:52.248649
#IT Ite:278 KerTime:0.194466 AccTime:52.443115
#IT Ite:279 KerTime:0.198662 AccTime:52.641777
#IT Ite:280 KerTime:0.213060 AccTime:52.854837
#IT Ite:281 KerTime:0.153434 AccTime:53.008271
#IT Ite:282 KerTime:0.151997 AccTime:53.160268
#IT Ite:283 KerTime:0.157106 AccTime:53.317374
#IT Ite:284 KerTime:0.155562 AccTime:53.472936
#IT Ite:285 KerTime:0.160207 AccTime:53.633143
#IT Ite:286 KerTime:0.154320 AccTime:53.787463
#IT Ite:287 KerTime:0.155337 AccTime:53.942800
#IT Ite:288 KerTime:0.155227 AccTime:54.098027
#IT Ite:289 KerTime:0.155443 AccTime:54.253470
#IT Ite:290 KerTime:0.155435 AccTime:54.408905
#IT Ite:291 KerTime:0.154905 AccTime:54.563810
#IT Ite:292 KerTime:0.155533 AccTime:54.719343
#IT Ite:293 KerTime:0.172294 AccTime:54.891637
#IT Ite:294 KerTime:0.172866 AccTime:55.064503
#IT Ite:295 KerTime:0.155626 AccTime:55.220129
#IT Ite:296 KerTime:0.155370 AccTime:55.375499
#IT Ite:297 KerTime:0.155608 AccTime:55.531107
#IT Ite:298 KerTime:0.155647 AccTime:55.686754
#IT Ite:299 KerTime:0.156504 AccTime:55.843258
#IT Ite:300 KerTime:0.163681 AccTime:56.006939
#IT Ite:301 KerTime:0.154527 AccTime:56.161466
#IT Ite:302 KerTime:0.152142 AccTime:56.313608
#IT Ite:303 KerTime:0.156310 AccTime:56.469918
#IT Ite:304 KerTime:0.171000 AccTime:56.640918
#IT Ite:305 KerTime:0.197687 AccTime:56.838605
#IT Ite:306 KerTime:0.178931 AccTime:57.017536
#IT Ite:307 KerTime:0.199168 AccTime:57.216704
#IT Ite:308 KerTime:0.196585 AccTime:57.413289
#IT Ite:309 KerTime:0.213797 AccTime:57.627086
#IT Ite:310 KerTime:0.207211 AccTime:57.834297
#IT Ite:311 KerTime:0.188959 AccTime:58.023256
#IT Ite:312 KerTime:0.154773 AccTime:58.178029
#IT Ite:313 KerTime:0.155102 AccTime:58.333131
#IT Ite:314 KerTime:0.156159 AccTime:58.489290
#IT Ite:315 KerTime:0.157047 AccTime:58.646337
#IT Ite:316 KerTime:0.166855 AccTime:58.813192
#IT Ite:317 KerTime:0.180447 AccTime:58.993639
#IT Ite:318 KerTime:0.182528 AccTime:59.176167
#IT Ite:319 KerTime:0.196032 AccTime:59.372199
#IT Ite:320 KerTime:0.212657 AccTime:59.584856
#IT Ite:321 KerTime:0.210962 AccTime:59.795818
#IT Ite:322 KerTime:0.181247 AccTime:59.977065
#IT Ite:323 KerTime:0.200358 AccTime:60.177423
#IT Ite:324 KerTime:0.199842 AccTime:60.377265
#IT Ite:325 KerTime:0.195604 AccTime:60.572869
#IT Ite:326 KerTime:0.198023 AccTime:60.770892
#IT Ite:327 KerTime:0.215967 AccTime:60.986859
#IT Ite:328 KerTime:0.216448 AccTime:61.203307
#IT Ite:329 KerTime:0.218793 AccTime:61.422100
#IT Ite:330 KerTime:0.226014 AccTime:61.648114
#IT Ite:331 KerTime:0.198948 AccTime:61.847062
#IT Ite:332 KerTime:0.209351 AccTime:62.056413
#IT Ite:333 KerTime:0.223274 AccTime:62.279687
#IT Ite:334 KerTime:0.201472 AccTime:62.481159
#IT Ite:335 KerTime:0.199988 AccTime:62.681147
#IT Ite:336 KerTime:0.181897 AccTime:62.863044
#IT Ite:337 KerTime:0.215279 AccTime:63.078323
#IT Ite:338 KerTime:0.217971 AccTime:63.296294
#IT Ite:339 KerTime:0.221010 AccTime:63.517304
#IT Ite:340 KerTime:0.181015 AccTime:63.698319
#IT Ite:341 KerTime:0.195173 AccTime:63.893492
#IT Ite:342 KerTime:0.192826 AccTime:64.086318
#IT Ite:343 KerTime:0.198284 AccTime:64.284602
#IT Ite:344 KerTime:0.188905 AccTime:64.473507
#IT Ite:345 KerTime:0.200616 AccTime:64.674123
#IT Ite:346 KerTime:0.199202 AccTime:64.873325
#IT Ite:347 KerTime:0.219565 AccTime:65.092890
#IT Ite:348 KerTime:0.195475 AccTime:65.288365
#IT Ite:349 KerTime:0.199327 AccTime:65.487692
#IT Ite:350 KerTime:0.218301 AccTime:65.705993
#IT Ite:351 KerTime:0.187088 AccTime:65.893081
#IT Ite:352 KerTime:0.200521 AccTime:66.093602
#IT Ite:353 KerTime:0.197892 AccTime:66.291494
#IT Ite:354 KerTime:0.218712 AccTime:66.510206
#IT Ite:355 KerTime:0.194497 AccTime:66.704703
#IT Ite:356 KerTime:0.198053 AccTime:66.902756
#IT Ite:357 KerTime:0.197328 AccTime:67.100084
#IT Ite:358 KerTime:0.225804 AccTime:67.325888
#IT Ite:359 KerTime:0.198384 AccTime:67.524272
#IT Ite:360 KerTime:0.195938 AccTime:67.720210
#IT Ite:361 KerTime:0.195426 AccTime:67.915636
#IT Ite:362 KerTime:0.194988 AccTime:68.110624
#IT Ite:363 KerTime:0.196029 AccTime:68.306653
#IT Ite:364 KerTime:0.211914 AccTime:68.518567
#IT Ite:365 KerTime:0.215255 AccTime:68.733822
#IT Ite:366 KerTime:0.209862 AccTime:68.943684
#IT Ite:367 KerTime:0.214901 AccTime:69.158585
#IT Ite:368 KerTime:0.182403 AccTime:69.340988
#IT Ite:369 KerTime:0.193121 AccTime:69.534109
#IT Ite:370 KerTime:0.195793 AccTime:69.729902
#IT Ite:371 KerTime:0.194673 AccTime:69.924575
#IT Ite:372 KerTime:0.212227 AccTime:70.136802
#IT Ite:373 KerTime:0.214226 AccTime:70.351028
#IT Ite:374 KerTime:0.214379 AccTime:70.565407
#IT Ite:375 KerTime:0.198338 AccTime:70.763745
#IT Ite:376 KerTime:0.216723 AccTime:70.980468
#IT Ite:377 KerTime:0.189303 AccTime:71.169771
#IT Ite:378 KerTime:0.195603 AccTime:71.365374
#IT Ite:379 KerTime:0.179405 AccTime:71.544779
#IT Ite:380 KerTime:0.199864 AccTime:71.744643
#IT Ite:381 KerTime:0.223009 AccTime:71.967652
#IT Ite:382 KerTime:0.216167 AccTime:72.183819
#IT Ite:383 KerTime:0.190787 AccTime:72.374606
#IT Ite:384 KerTime:0.188617 AccTime:72.563223
#IT Ite:385 KerTime:0.228013 AccTime:72.791236
#IT Ite:386 KerTime:0.196470 AccTime:72.987706
#IT Ite:387 KerTime:0.181244 AccTime:73.168950
#IT Ite:388 KerTime:0.199589 AccTime:73.368539
#ERR p: [605, 1007], r: -4.9128428624606191e+33, e: -4.9128441004006584e+33
#SDC Ite:388 KerTime:0.199589 AccTime:73.368539 KerErr:1 AccErr:1
#IT Ite:389 KerTime:0.233224 AccTime:73.601763
#IT Ite:390 KerTime:0.193942 AccTime:73.795705
#IT Ite:391 KerTime:0.179499 AccTime:73.975204
#IT Ite:392 KerTime:0.195462 AccTime:74.170666
#IT Ite:393 KerTime:0.199517 AccTime:74.370183
#IT Ite:394 KerTime:0.180825 AccTime:74.551008
#IT Ite:395 KerTime:0.207457 AccTime:74.758465
#IT Ite:396 KerTime:0.183548 AccTime:74.942013
#IT Ite:397 KerTime:0.197886 AccTime:75.139899
#IT Ite:398 KerTime:0.216522 AccTime:75.356421
#IT Ite:399 KerTime:0.217899 AccTime:75.574320
#IT Ite:400 KerTime:0.219208 AccTime:75.793528
#IT Ite:401 KerTime:0.216092 AccTime:76.009620
#IT Ite:402 KerTime:0.220438 AccTime:76.230058
#IT Ite:403 KerTime:0.200858 AccTime:76.430916
#IT Ite:404 KerTime:0.199007 AccTime:76.629923
#IT Ite:405 KerTime:0.216233 AccTime:76.846156
#IT Ite:406 KerTime:0.182758 AccTime:77.028914
#IT Ite:407 KerTime:0.213005 AccTime:77.241919
#IT Ite:408 KerTime:0.194223 AccTime:77.436142
#IT Ite:409 KerTime:0.205526 AccTime:77.641668
#IT Ite:410 KerTime:0.179604 AccTime:77.821272
#IT Ite:411 KerTime:0.206198 AccTime:78.027470
#IT Ite:412 KerTime:0.198183 AccTime:78.225653
#IT Ite:413 KerTime:0.196211 AccTime:78.421864
#IT Ite:414 KerTime:0.199039 AccTime:78.620903
#IT Ite:415 KerTime:0.199071 AccTime:78.819974
#IT Ite:416 KerTime:0.225778 AccTime:79.045752
#IT Ite:417 KerTime:0.219625 AccTime:79.265377
#IT Ite:418 KerTime:0.196822 AccTime:79.462199
#IT Ite:419 KerTime:0.199177 AccTime:79.661376
#IT Ite:420 KerTime:0.197388 AccTime:79.858764
#IT Ite:421 KerTime:0.226133 AccTime:80.084897
#IT Ite:422 KerTime:0.208839 AccTime:80.293736
#IT Ite:423 KerTime:0.196724 AccTime:80.490460
#IT Ite:424 KerTime:0.214627 AccTime:80.705087
#IT Ite:425 KerTime:0.214002 AccTime:80.919089
#IT Ite:426 KerTime:0.188746 AccTime:81.107835
#IT Ite:427 KerTime:0.208469 AccTime:81.316304
#IT Ite:428 KerTime:0.209856 AccTime:81.526160
#IT Ite:429 KerTime:0.211829 AccTime:81.737989
#IT Ite:430 KerTime:0.212420 AccTime:81.950409
#IT Ite:431 KerTime:0.180784 AccTime:82.131193
#IT Ite:432 KerTime:0.203674 AccTime:82.334867
#IT Ite:433 KerTime:0.216976 AccTime:82.551843
#IT Ite:434 KerTime:0.194938 AccTime:82.746781
#IT Ite:435 KerTime:0.198720 AccTime:82.945501
#IT Ite:436 KerTime:0.202010 AccTime:83.147511
#IT Ite:437 KerTime:0.216226 AccTime:83.363737
#IT Ite:438 KerTime:0.216858 AccTime:83.580595
#IT Ite:439 KerTime:0.202651 AccTime:83.783246
#IT Ite:440 KerTime:0.211690 AccTime:83.994936
#IT Ite:441 KerTime:0.183541 AccTime:84.178477
#IT Ite:442 KerTime:0.198149 AccTime:84.376626
#IT Ite:443 KerTime:0.181723 AccTime:84.558349
#IT Ite:444 KerTime:0.198871 AccTime:84.757220
#IT Ite:445 KerTime:0.210381 AccTime:84.967601
#IT Ite:446 KerTime:0.210778 AccTime:85.178379
#IT Ite:447 KerTime:0.202575 AccTime:85.380954
#IT Ite:448 KerTime:0.220272 AccTime:85.601226
#IT Ite:449 KerTime:0.210708 AccTime:85.811934
#IT Ite:450 KerTime:0.212488 AccTime:86.024422
#IT Ite:451 KerTime:0.216446 AccTime:86.240868
#IT Ite:452 KerTime:0.198723 AccTime:86.439591
#IT Ite:453 KerTime:0.197632 AccTime:86.637223
#IT Ite:454 KerTime:0.170462 AccTime:86.807685
#IT Ite:455 KerTime:0.182065 AccTime:86.989750
#IT Ite:456 KerTime:0.181174 AccTime:87.170924
#IT Ite:457 KerTime:0.163744 AccTime:87.334668
#IT Ite:458 KerTime:0.157861 AccTime:87.492529
#IT Ite:459 KerTime:0.158712 AccTime:87.651241
#IT Ite:460 KerTime:0.164021 AccTime:87.815262
#IT Ite:461 KerTime:0.201402 AccTime:88.016664
#IT Ite:462 KerTime:0.188502 AccTime:88.205166
#IT Ite:463 KerTime:0.197480 AccTime:88.402646
#IT Ite:464 KerTime:0.199607 AccTime:88.602253
#IT Ite:465 KerTime:0.196160 AccTime:88.798413
#IT Ite:466 KerTime:0.196162 AccTime:88.994575
#IT Ite:467 KerTime:0.227072 AccTime:89.221647
#IT Ite:468 KerTime:0.227121 AccTime:89.448768
#IT Ite:469 KerTime:0.188461 AccTime:89.637229
#IT Ite:470 KerTime:0.202093 AccTime:89.839322
#IT Ite:471 KerTime:0.220051 AccTime:90.059373
#IT Ite:472 KerTime:0.216979 AccTime:90.276352
#IT Ite:473 KerTime:0.214107 AccTime:90.490459
#IT Ite:474 KerTime:0.195719 AccTime:90.686178
#IT Ite:475 KerTime:0.211864 AccTime:90.898042
#IT Ite:476 KerTime:0.210392 AccTime:91.108434
#IT Ite:477 KerTime:0.192442 AccTime:91.300876
#IT Ite:478 KerTime:0.202571 AccTime:91.503447
#IT Ite:479 KerTime:0.204471 AccTime:91.707918
#IT Ite:480 KerTime:0.197917 AccTime:91.905835
#IT Ite:481 KerTime:0.192903 AccTime:92.098738
#IT Ite:482 KerTime:0.207215 AccTime:92.305953
#IT Ite:483 KerTime:0.198549 AccTime:92.504502
#IT Ite:484 KerTime:0.211603 AccTime:92.716105
#IT Ite:485 KerTime:0.198063 AccTime:92.914168
#IT Ite:486 KerTime:0.194075 AccTime:93.108243
#IT Ite:487 KerTime:0.223835 AccTime:93.332078
#IT Ite:488 KerTime:0.216819 AccTime:93.548897
#IT Ite:489 KerTime:0.206106 AccTime:93.755003
#IT Ite:490 KerTime:0.196389 AccTime:93.951392
#IT Ite:491 KerTime:0.179482 AccTime:94.130874
#IT Ite:492 KerTime:0.194760 AccTime:94.325634
#IT Ite:493 KerTime:0.195711 AccTime:94.521345
#IT Ite:494 KerTime:0.193918 AccTime:94.715263
#IT Ite:495 KerTime:0.198781 AccTime:94.914044
#IT Ite:496 KerTime:0.182148 AccTime:95.096192
#IT Ite:497 KerTime:0.200442 AccTime:95.296634
#IT Ite:498 KerTime:0.196937 AccTime:95.493571
#IT Ite:499 KerTime:0.212256 AccTime:95.705827
#IT Ite:500 KerTime:0.215296 AccTime:95.921123
#IT Ite:501 KerTime:0.189216 AccTime:96.110339
#IT Ite:502 KerTime:0.178923 AccTime:96.289262
#IT Ite:503 KerTime:0.201114 AccTime:96.490376
#IT Ite:504 KerTime:0.209485 AccTime:96.699861
#IT Ite:505 KerTime:0.196394 AccTime:96.896255
#IT Ite:506 KerTime:0.210544 AccTime:97.106799
#IT Ite:507 KerTime:0.197984 AccTime:97.304783
#IT Ite:508 KerTime:0.192940 AccTime:97.497723
#IT Ite:509 KerTime:0.215299 AccTime:97.713022
#IT Ite:510 KerTime:0.197871 AccTime:97.910893
#IT Ite:511 KerTime:0.195805 AccTime:98.106698
#IT Ite:512 KerTime:0.199062 AccTime:98.305760
#IT Ite:513 KerTime:0.206948 AccTime:98.512708
#IT Ite:514 KerTime:0.195598 AccTime:98.708306
#IT Ite:515 KerTime:0.198032 AccTime:98.906338
#IT Ite:516 KerTime:0.187183 AccTime:99.093521
#IT Ite:517 KerTime:0.196973 AccTime:99.290494
#IT Ite:518 KerTime:0.198936 AccTime:99.489430
#IT Ite:519 KerTime:0.213509 AccTime:99.702939
#IT Ite:520 KerTime:0.188962 AccTime:99.891901
#IT Ite:521 KerTime:0.196434 AccTime:100.088335
#IT Ite:522 KerTime:0.199467 AccTime:100.287802
#IT Ite:523 KerTime:0.199433 AccTime:100.487235
#IT Ite:524 KerTime:0.188765 AccTime:100.676000
#IT Ite:525 KerTime:0.182947 AccTime:100.858947
#IT Ite:526 KerTime:0.194759 AccTime:101.053706
#IT Ite:527 KerTime:0.226624 AccTime:101.280330
#IT Ite:528 KerTime:0.222614 AccTime:101.502944
#IT Ite:529 KerTime:0.196705 AccTime:101.699649
#IT Ite:530 KerTime:0.187457 AccTime:101.887106
#IT Ite:531 KerTime:0.197470 AccTime:102.084576
#IT Ite:532 KerTime:0.198846 AccTime:102.283422
#IT Ite:533 KerTime:0.195464 AccTime:102.478886
#IT Ite:534 KerTime:0.212013 AccTime:102.690899
#IT Ite:535 KerTime:0.194854 AccTime:102.885753
#IT Ite:536 KerTime:0.214505 AccTime:103.100258
#IT Ite:537 KerTime:0.175576 AccTime:103.275834
#IT Ite:538 KerTime:0.181013 AccTime:103.456847
#IT Ite:539 KerTime:0.208876 AccTime:103.665723
#IT Ite:540 KerTime:0.224779 AccTime:103.890502
#IT Ite:541 KerTime:0.198916 AccTime:104.089418
#IT Ite:542 KerTime:0.216581 AccTime:104.305999
#IT Ite:543 KerTime:0.194021 AccTime:104.500020
#IT Ite:544 KerTime:0.189145 AccTime:104.689165
#IT Ite:545 KerTime:0.196890 AccTime:104.886055
#IT Ite:546 KerTime:0.210565 AccTime:105.096620
#IT Ite:547 KerTime:0.200252 AccTime:105.296872
#IT Ite:548 KerTime:0.203248 AccTime:105.500120
#IT Ite:549 KerTime:0.219910 AccTime:105.720030
#IT Ite:550 KerTime:0.211080 AccTime:105.931110
#IT Ite:551 KerTime:0.179730 AccTime:106.110840
#IT Ite:552 KerTime:0.197604 AccTime:106.308444
#IT Ite:553 KerTime:0.211592 AccTime:106.520036
#IT Ite:554 KerTime:0.213243 AccTime:106.733279
#IT Ite:555 KerTime:0.221719 AccTime:106.954998
#IT Ite:556 KerTime:0.197282 AccTime:107.152280
#IT Ite:557 KerTime:0.195413 AccTime:107.347693
#IT Ite:558 KerTime:0.204822 AccTime:107.552515
#IT Ite:559 KerTime:0.215100 AccTime:107.767615
#IT Ite:560 KerTime:0.195504 AccTime:107.963119
#IT Ite:561 KerTime:0.196373 AccTime:108.159492
#IT Ite:562 KerTime:0.201182 AccTime:108.360674
#IT Ite:563 KerTime:0.218955 AccTime:108.579629
#IT Ite:564 KerTime:0.194425 AccTime:108.774054
#IT Ite:565 KerTime:0.192424 AccTime:108.966478
#IT Ite:566 KerTime:0.194815 AccTime:109.161293
#IT Ite:567 KerTime:0.208114 AccTime:109.369407
#IT Ite:568 KerTime:0.230160 AccTime:109.599567
#IT Ite:569 KerTime:0.194049 AccTime:109.793616
#IT Ite:570 KerTime:0.198680 AccTime:109.992296
#IT Ite:571 KerTime:0.188791 AccTime:110.181087
#IT Ite:572 KerTime:0.198981 AccTime:110.380068
#IT Ite:573 KerTime:0.194387 AccTime:110.574455
#IT Ite:574 KerTime:0.200587 AccTime:110.775042
#IT Ite:575 KerTime:0.224095 AccTime:110.999137
#IT Ite:576 KerTime:0.194264 AccTime:111.193401
#IT Ite:577 KerTime:0.187145 AccTime:111.380546
#IT Ite:578 KerTime:0.190911 AccTime:111.571457
#IT Ite:579 KerTime:0.195551 AccTime:111.767008
#IT Ite:580 KerTime:0.216085 AccTime:111.983093
#IT Ite:581 KerTime:0.213281 AccTime:112.196374
#IT Ite:582 KerTime:0.224835 AccTime:112.421209
#IT Ite:583 KerTime:0.199653 AccTime:112.620862
#IT Ite:584 KerTime:0.199828 AccTime:112.820690
#IT Ite:585 KerTime:0.217868 AccTime:113.038558
#IT Ite:586 KerTime:0.194472 AccTime:113.233030
#IT Ite:587 KerTime:0.179677 AccTime:113.412707
#IT Ite:588 KerTime:0.199695 AccTime:113.612402
#IT Ite:589 KerTime:0.198841 AccTime:113.811243
#IT Ite:590 KerTime:0.209702 AccTime:114.020945
#IT Ite:591 KerTime:0.217479 AccTime:114.238424
#IT Ite:592 KerTime:0.220500 AccTime:114.458924
#IT Ite:593 KerTime:0.192299 AccTime:114.651223
#IT Ite:594 KerTime:0.201494 AccTime:114.852717
#IT Ite:595 KerTime:0.203278 AccTime:115.055995
#IT Ite:596 KerTime:0.201160 AccTime:115.257155
#IT Ite:597 KerTime:0.210967 AccTime:115.468122
#IT Ite:598 KerTime:0.206502 AccTime:115.674624
#IT Ite:599 KerTime:0.185643 AccTime:115.860267
#IT Ite:600 KerTime:0.165527 AccTime:116.025794
#IT Ite:601 KerTime:0.169630 AccTime:116.195424
#IT Ite:602 KerTime:0.171426 AccTime:116.366850
#IT Ite:603 KerTime:0.171888 AccTime:116.538738
#IT Ite:604 KerTime:0.178953 AccTime:116.717691
#IT Ite:605 KerTime:0.184133 AccTime:116.901824
#IT Ite:606 KerTime:0.211713 AccTime:117.113537
#IT Ite:607 KerTime:0.195970 AccTime:117.309507
#IT Ite:608 KerTime:0.179777 AccTime:117.489284
#IT Ite:609 KerTime:0.199300 AccTime:117.688584
#IT Ite:610 KerTime:0.218987 AccTime:117.907571
#IT Ite:611 KerTime:0.222590 AccTime:118.130161
#IT Ite:612 KerTime:0.198204 AccTime:118.328365
#IT Ite:613 KerTime:0.195392 AccTime:118.523757
#IT Ite:614 KerTime:0.210979 AccTime:118.734736
#IT Ite:615 KerTime:0.214005 AccTime:118.948741
#IT Ite:616 KerTime:0.203859 AccTime:119.152600
#IT Ite:617 KerTime:0.230006 AccTime:119.382606
#IT Ite:618 KerTime:0.181112 AccTime:119.563718
#IT Ite:619 KerTime:0.196025 AccTime:119.759743
#IT Ite:620 KerTime:0.197634 AccTime:119.957377
#IT Ite:621 KerTime:0.189129 AccTime:120.146506
#IT Ite:622 KerTime:0.197973 AccTime:120.344479
#IT Ite:623 KerTime:0.197227 AccTime:120.541706
#IT Ite:624 KerTime:0.197688 AccTime:120.739394
#IT Ite:625 KerTime:0.188235 AccTime:120.927629
#IT Ite:626 KerTime:0.195615 AccTime:121.123244
#IT Ite:627 KerTime:0.179613 AccTime:121.302857
#IT Ite:628 KerTime:0.195437 AccTime:121.498294
#IT Ite:629 KerTime:0.195030 AccTime:121.693324
#IT Ite:630 KerTime:0.211886 AccTime:121.905210
#IT Ite:631 KerTime:0.179654 AccTime:122.084864
#IT Ite:632 KerTime:0.199588 AccTime:122.284452
#IT Ite:633 KerTime:0.201619 AccTime:122.486071
#IT Ite:634 KerTime:0.198296 AccTime:122.684367
#IT Ite:635 KerTime:0.197736 AccTime:122.882103
#IT Ite:636 KerTime:0.198391 AccTime:123.080494
#IT Ite:637 KerTime:0.198579 AccTime:123.279073
#IT Ite:638 KerTime:0.179956 AccTime:123.459029
#IT Ite:639 KerTime:0.214120 AccTime:123.673149
#IT Ite:640 KerTime:0.189078 AccTime:123.862227
#IT Ite:641 KerTime:0.198543 AccTime:124.060770
#IT Ite:642 KerTime:0.213128 AccTime:124.273898
#IT Ite:643 KerTime:0.191864 AccTime:124.465762
#IT Ite:644 KerTime:0.216030 AccTime:124.681792
#IT Ite:645 KerTime:0.194968 AccTime:124.876760
#IT Ite:646 KerTime:0.218584 AccTime:125.095344
#IT Ite:647 KerTime:0.180516 AccTime:125.275860
#IT Ite:648 KerTime:0.214456 AccTime:125.490316
#IT Ite:649 KerTime:0.198952 AccTime:125.689268
#IT Ite:650 KerTime:0.204255 AccTime:125.893523
#IT Ite:651 KerTime:0.195502 AccTime:126.089025
#IT Ite:652 KerTime:0.199650 AccTime:126.288675
#IT Ite:653 KerTime:0.196149 AccTime:126.484824
#IT Ite:654 KerTime:0.211501 AccTime:126.696325
#IT Ite:655 KerTime:0.215293 AccTime:126.911618
#IT Ite:656 KerTime:0.197622 AccTime:127.109240
#IT Ite:657 KerTime:0.180334 AccTime:127.289574
#IT Ite:658 KerTime:0.195414 AccTime:127.484988
#IT Ite:659 KerTime:0.211293 AccTime:127.696281
#IT Ite:660 KerTime:0.196091 AccTime:127.892372
#IT Ite:661 KerTime:0.188996 AccTime:128.081368
#IT Ite:662 KerTime:0.198690 AccTime:128.280058
#IT Ite:663 KerTime:0.199244 AccTime:128.479302
#IT Ite:664 KerTime:0.179212 AccTime:128.658514
#IT Ite:665 KerTime:0.199591 AccTime:128.858105
#IT Ite:666 KerTime:0.198994 AccTime:129.057099
#IT Ite:667 KerTime:0.196493 AccTime:129.253592
#IT Ite:668 KerTime:0.196105 AccTime:129.449697
#IT Ite:669 KerTime:0.199492 AccTime:129.649189
#IT Ite:670 KerTime:0.221679 AccTime:129.870868
#IT Ite:671 KerTime:0.219334 AccTime:130.090202
#IT Ite:672 KerTime:0.179508 AccTime:130.269710
#IT Ite:673 KerTime:0.188538 AccTime:130.458248
#IT Ite:674 KerTime:0.178860 AccTime:130.637108
#IT Ite:675 KerTime:0.197798 AccTime:130.834906
#IT Ite:676 KerTime:0.192385 AccTime:131.027291
#IT Ite:677 KerTime:0.199084 AccTime:131.226375
#IT Ite:678 KerTime:0.213842 AccTime:131.440217
#IT Ite:679 KerTime:0.210921 AccTime:131.651138
#IT Ite:680 KerTime:0.187748 AccTime:131.838886
#IT Ite:681 KerTime:0.197693 AccTime:132.036579
#IT Ite:682 KerTime:0.198905 AccTime:132.235484
#IT Ite:683 KerTime:0.211806 AccTime:132.447290
#IT Ite:684 KerTime:0.179798 AccTime:132.627088
#IT Ite:685 KerTime:0.206598 AccTime:132.833686
#IT Ite:686 KerTime:0.196101 AccTime:133.029787
#IT Ite:687 KerTime:0.216319 AccTime:133.246106
#IT Ite:688 KerTime:0.206864 AccTime:133.452970
#IT Ite:689 KerTime:0.214396 AccTime:133.667366
#IT Ite:690 KerTime:0.223571 AccTime:133.890937
#IT Ite:691 KerTime:0.223561 AccTime:134.114498
#IT Ite:692 KerTime:0.195684 AccTime:134.310182
#IT Ite:693 KerTime:0.193382 AccTime:134.503564
#IT Ite:694 KerTime:0.197844 AccTime:134.701408
#IT Ite:695 KerTime:0.183221 AccTime:134.884629
#IT Ite:696 KerTime:0.196972 AccTime:135.081601
#IT Ite:697 KerTime:0.194407 AccTime:135.276008
#IT Ite:698 KerTime:0.185161 AccTime:135.461169
#IT Ite:699 KerTime:0.196721 AccTime:135.657890
#IT Ite:700 KerTime:0.213660 AccTime:135.871550
#IT Ite:701 KerTime:0.209427 AccTime:136.080977
#IT Ite:702 KerTime:0.198345 AccTime:136.279322
#IT Ite:703 KerTime:0.215262 AccTime:136.494584
#IT Ite:704 KerTime:0.226528 AccTime:136.721112
#IT Ite:705 KerTime:0.215112 AccTime:136.936224
#IT Ite:706 KerTime:0.213963 AccTime:137.150187
#IT Ite:707 KerTime:0.183124 AccTime:137.333311
#IT Ite:708 KerTime:0.195651 AccTime:137.528962
#IT Ite:709 KerTime:0.192908 AccTime:137.721870
#IT Ite:710 KerTime:0.198483 AccTime:137.920353
#IT Ite:711 KerTime:0.183602 AccTime:138.103955
#IT Ite:712 KerTime:0.189911 AccTime:138.293866
#IT Ite:713 KerTime:0.199626 AccTime:138.493492
#IT Ite:714 KerTime:0.207327 AccTime:138.700819
#IT Ite:715 KerTime:0.197660 AccTime:138.898479
#IT Ite:716 KerTime:0.182262 AccTime:139.080741
#IT Ite:717 KerTime:0.207349 AccTime:139.288090
#IT Ite:718 KerTime:0.180616 AccTime:139.468706
#IT Ite:719 KerTime:0.195681 AccTime:139.664387
#IT Ite:720 KerTime:0.195644 AccTime:139.860031
#IT Ite:721 KerTime:0.194640 AccTime:140.054671
#IT Ite:722 KerTime:0.196480 AccTime:140.251151
#IT Ite:723 KerTime:0.193802 AccTime:140.444953
#IT Ite:724 KerTime:0.196450 AccTime:140.641403
#IT Ite:725 KerTime:0.195955 AccTime:140.837358
#IT Ite:726 KerTime:0.194983 AccTime:141.032341
#IT Ite:727 KerTime:0.197917 AccTime:141.230258
#IT Ite:728 KerTime:0.189812 AccTime:141.420070
#IT Ite:729 KerTime:0.194457 AccTime:141.614527
#IT Ite:730 KerTime:0.197471 AccTime:141.811998
#IT Ite:731 KerTime:0.195539 AccTime:142.007537
#IT Ite:732 KerTime:0.199760 AccTime:142.207297
#IT Ite:733 KerTime:0.182924 AccTime:142.390221
#IT Ite:734 KerTime:0.190542 AccTime:142.580763
#IT Ite:735 KerTime:0.198321 AccTime:142.779084
#IT Ite:736 KerTime:0.210576 AccTime:142.989660
#IT Ite:737 KerTime:0.215218 AccTime:143.204878
#IT Ite:738 KerTime:0.183323 AccTime:143.388201
#IT Ite:739 KerTime:0.209474 AccTime:143.597675
#IT Ite:740 KerTime:0.222016 AccTime:143.819691
#IT Ite:741 KerTime:0.209209 AccTime:144.028900
#IT Ite:742 KerTime:0.192534 AccTime:144.221434
#IT Ite:743 KerTime:0.218886 AccTime:144.440320
#IT Ite:744 KerTime:0.217325 AccTime:144.657645
#IT Ite:745 KerTime:0.211337 AccTime:144.868982
#IT Ite:746 KerTime:0.200102 AccTime:145.069084
#IT Ite:747 KerTime:0.169875 AccTime:145.238959
#IT Ite:748 KerTime:0.172716 AccTime:145.411675
#IT Ite:749 KerTime:0.156363 AccTime:145.568038
#IT Ite:750 KerTime:0.170599 AccTime:145.738637
#IT Ite:751 KerTime:0.170053 AccTime:145.908690
#IT Ite:752 KerTime:0.170312 AccTime:146.079002
#IT Ite:753 KerTime:0.169840 AccTime:146.248842
#IT Ite:754 KerTime:0.192854 AccTime:146.441696
#IT Ite:755 KerTime:0.200314 AccTime:146.642010
#IT Ite:756 KerTime:0.189962 AccTime:146.831972
#IT Ite:757 KerTime:0.181199 AccTime:147.013171
#IT Ite:758 KerTime:0.195565 AccTime:147.208736
#IT Ite:759 KerTime:0.213653 AccTime:147.422389
#IT Ite:760 KerTime:0.196346 AccTime:147.618735
#IT Ite:761 KerTime:0.196399 AccTime:147.815134
#IT Ite:762 KerTime:0.212739 AccTime:148.027873
#IT Ite:763 KerTime:0.195448 AccTime:148.223321
#IT Ite:764 KerTime:0.221341 AccTime:148.444662
#IT Ite:765 KerTime:0.198026 AccTime:148.642688
#IT Ite:766 KerTime:0.210353 AccTime:148.853041
#IT Ite:767 KerTime:0.196801 AccTime:149.049842
#IT Ite:768 KerTime:0.194389 AccTime:149.244231
#IT Ite:769 KerTime:0.194510 AccTime:149.438741
#IT Ite:770 KerTime:0.201179 AccTime:149.639920
#IT Ite:771 KerTime:0.200595 AccTime:149.840515
#IT Ite:772 KerTime:0.194498 AccTime:150.035013
#IT Ite:773 KerTime:0.187225 AccTime:150.222238
#IT Ite:774 KerTime:0.198140 AccTime:150.420378
#IT Ite:775 KerTime:0.187041 AccTime:150.607419
#IT Ite:776 KerTime:0.191225 AccTime:150.798644
#IT Ite:777 KerTime:0.181386 AccTime:150.980030
#IT Ite:778 KerTime:0.205148 AccTime:151.185178
#IT Ite:779 KerTime:0.206815 AccTime:151.391993
#IT Ite:780 KerTime:0.218192 AccTime:151.610185
#IT Ite:781 KerTime:0.196658 AccTime:151.806843
#IT Ite:782 KerTime:0.196729 AccTime:152.003572
#IT Ite:783 KerTime:0.203140 AccTime:152.206712
#IT Ite:784 KerTime:0.209046 AccTime:152.415758
#IT Ite:785 KerTime:0.211012 AccTime:152.626770
#IT Ite:786 KerTime:0.191519 AccTime:152.818289
#IT Ite:787 KerTime:0.186704 AccTime:153.004993
#IT Ite:788 KerTime:0.197455 AccTime:153.202448
#IT Ite:789 KerTime:0.224818 AccTime:153.427266
#IT Ite:790 KerTime:0.211780 AccTime:153.639046
#IT Ite:791 KerTime:0.212231 AccTime:153.851277
#IT Ite:792 KerTime:0.218481 AccTime:154.069758
#IT Ite:793 KerTime:0.213857 AccTime:154.283615
#IT Ite:794 KerTime:0.196748 AccTime:154.480363
#IT Ite:795 KerTime:0.179016 AccTime:154.659379
#IT Ite:796 KerTime:0.208532 AccTime:154.867911
#IT Ite:797 KerTime:0.216585 AccTime:155.084496
#IT Ite:798 KerTime:0.195072 AccTime:155.279568
#IT Ite:799 KerTime:0.204160 AccTime:155.483728
#IT Ite:800 KerTime:0.178890 AccTime:155.662618
#IT Ite:801 KerTime:0.200529 AccTime:155.863147
#IT Ite:802 KerTime:0.217493 AccTime:156.080640
#IT Ite:803 KerTime:0.200604 AccTime:156.281244
#IT Ite:804 KerTime:0.199862 AccTime:156.481106
#IT Ite:805 KerTime:0.195626 AccTime:156.676732
#IT Ite:806 KerTime:0.180414 AccTime:156.857146
#IT Ite:807 KerTime:0.196412 AccTime:157.053558
#IT Ite:808 KerTime:0.197351 AccTime:157.250909
#IT Ite:809 KerTime:0.202437 AccTime:157.453346
#IT Ite:810 KerTime:0.184416 AccTime:157.637762
#IT Ite:811 KerTime:0.211006 AccTime:157.848768
#IT Ite:812 KerTime:0.192905 AccTime:158.041673
#IT Ite:813 KerTime:0.197960 AccTime:158.239633
#IT Ite:814 KerTime:0.182313 AccTime:158.421946
#IT Ite:815 KerTime:0.194289 AccTime:158.616235
#IT Ite:816 KerTime:0.197903 AccTime:158.814138
#IT Ite:817 KerTime:0.196367 AccTime:159.010505
#IT Ite:818 KerTime:0.179707 AccTime:159.190212
#IT Ite:819 KerTime:0.198469 AccTime:159.388681
#IT Ite:820 KerTime:0.182282 AccTime:159.570963
#IT Ite:821 KerTime:0.197476 AccTime:159.768439
#IT Ite:822 KerTime:0.199490 AccTime:159.967929
#IT Ite:823 KerTime:0.212363 AccTime:160.180292
#IT Ite:824 KerTime:0.198579 AccTime:160.378871
#IT Ite:825 KerTime:0.211222 AccTime:160.590093
#IT Ite:826 KerTime:0.180063 AccTime:160.770156
#IT Ite:827 KerTime:0.194440 AccTime:160.964596
#IT Ite:828 KerTime:0.198062 AccTime:161.162658
#IT Ite:829 KerTime:0.216834 AccTime:161.379492
#IT Ite:830 KerTime:0.197813 AccTime:161.577305
#IT Ite:831 KerTime:0.200172 AccTime:161.777477
#IT Ite:832 KerTime:0.214764 AccTime:161.992241
#IT Ite:833 KerTime:0.216436 AccTime:162.208677
#IT Ite:834 KerTime:0.214918 AccTime:162.423595
#IT Ite:835 KerTime:0.214913 AccTime:162.638508
#IT Ite:836 KerTime:0.181906 AccTime:162.820414
#IT Ite:837 KerTime:0.190652 AccTime:163.011066
#IT Ite:838 KerTime:0.192650 AccTime:163.203716
#IT Ite:839 KerTime:0.196683 AccTime:163.400399
#IT Ite:840 KerTime:0.196354 AccTime:163.596753
#IT Ite:841 KerTime:0.183740 AccTime:163.780493
#IT Ite:842 KerTime:0.190171 AccTime:163.970664
#IT Ite:843 KerTime:0.178584 AccTime:164.149248
#IT Ite:844 KerTime:0.196612 AccTime:164.345860
#IT Ite:845 KerTime:0.212960 AccTime:164.558820
#IT Ite:846 KerTime:0.182062 AccTime:164.740882
#IT Ite:847 KerTime:0.206842 AccTime:164.947724
#IT Ite:848 KerTime:0.221475 AccTime:165.169199
#IT Ite:849 KerTime:0.182468 AccTime:165.351667
#IT Ite:850 KerTime:0.190396 AccTime:165.542063
#IT Ite:851 KerTime:0.198889 AccTime:165.740952
#IT Ite:852 KerTime:0.195658 AccTime:165.936610
#IT Ite:853 KerTime:0.216159 AccTime:166.152769
#IT Ite:854 KerTime:0.202760 AccTime:166.355529
#IT Ite:855 KerTime:0.191645 AccTime:166.547174
#IT Ite:856 KerTime:0.214794 AccTime:166.761968
#IT Ite:857 KerTime:0.197792 AccTime:166.959760
#IT Ite:858 KerTime:0.196728 AccTime:167.156488
#IT Ite:859 KerTime:0.187786 AccTime:167.344274
#IT Ite:860 KerTime:0.181487 AccTime:167.525761
#IT Ite:861 KerTime:0.195235 AccTime:167.720996
#IT Ite:862 KerTime:0.214635 AccTime:167.935631
#IT Ite:863 KerTime:0.198235 AccTime:168.133866
#IT Ite:864 KerTime:0.196102 AccTime:168.329968
#IT Ite:865 KerTime:0.198555 AccTime:168.528523
#IT Ite:866 KerTime:0.182652 AccTime:168.711175
#IT Ite:867 KerTime:0.189910 AccTime:168.901085
#IT Ite:868 KerTime:0.190487 AccTime:169.091572
#IT Ite:869 KerTime:0.179912 AccTime:169.271484
#IT Ite:870 KerTime:0.189712 AccTime:169.461196
#IT Ite:871 KerTime:0.198735 AccTime:169.659931
#IT Ite:872 KerTime:0.198800 AccTime:169.858731
#IT Ite:873 KerTime:0.182113 AccTime:170.040844
#IT Ite:874 KerTime:0.206246 AccTime:170.247090
#IT Ite:875 KerTime:0.210474 AccTime:170.457564
#IT Ite:876 KerTime:0.197659 AccTime:170.655223
#IT Ite:877 KerTime:0.200969 AccTime:170.856192
#IT Ite:878 KerTime:0.213199 AccTime:171.069391
#IT Ite:879 KerTime:0.210294 AccTime:171.279685
#IT Ite:880 KerTime:0.206596 AccTime:171.486281
#IT Ite:881 KerTime:0.215534 AccTime:171.701815
#IT Ite:882 KerTime:0.198537 AccTime:171.900352
#IT Ite:883 KerTime:0.230215 AccTime:172.130567
#IT Ite:884 KerTime:0.218782 AccTime:172.349349
#IT Ite:885 KerTime:0.199304 AccTime:172.548653
#IT Ite:886 KerTime:0.201083 AccTime:172.749736
#IT Ite:887 KerTime:0.198328 AccTime:172.948064
#IT Ite:888 KerTime:0.206603 AccTime:173.154667
#IT Ite:889 KerTime:0.210995 AccTime:173.365662
#IT Ite:890 KerTime:0.209674 AccTime:173.575336
#IT Ite:891 KerTime:0.198602 AccTime:173.773938
#IT Ite:892 KerTime:0.182376 AccTime:173.956314
#IT Ite:893 KerTime:0.172578 AccTime:174.128892
#IT Ite:894 KerTime:0.194811 AccTime:174.323703
#IT Ite:895 KerTime:0.180302 AccTime:174.504005
#IT Ite:896 KerTime:0.166362 AccTime:174.670367
#IT Ite:897 KerTime:0.177136 AccTime:174.847503
#IT Ite:898 KerTime:0.181759 AccTime:175.029262
#IT Ite:899 KerTime:0.170672 AccTime:175.199934
#IT Ite:900 KerTime:0.172534 AccTime:175.372468
#IT Ite:901 KerTime:0.170042 AccTime:175.542510
#IT Ite:902 KerTime:0.185911 AccTime:175.728421
#IT Ite:903 KerTime:0.196762 AccTime:175.925183
#IT Ite:904 KerTime:0.186196 AccTime:176.111379
#IT Ite:905 KerTime:0.192457 AccTime:176.303836
#IT Ite:906 KerTime:0.197878 AccTime:176.501714
#IT Ite:907 KerTime:0.194226 AccTime:176.695940
#IT Ite:908 KerTime:0.212165 AccTime:176.908105
#IT Ite:909 KerTime:0.193906 AccTime:177.102011
#IT Ite:910 KerTime:0.193116 AccTime:177.295127
#IT Ite:911 KerTime:0.197777 AccTime:177.492904
#IT Ite:912 KerTime:0.193472 AccTime:177.686376
#IT Ite:913 KerTime:0.190302 AccTime:177.876678
#IT Ite:914 KerTime:0.197350 AccTime:178.074028
#IT Ite:915 KerTime:0.198475 AccTime:178.272503
#IT Ite:916 KerTime:0.180571 AccTime:178.453074
#IT Ite:917 KerTime:0.194498 AccTime:178.647572
#IT Ite:918 KerTime:0.196302 AccTime:178.843874
#IT Ite:919 KerTime:0.182936 AccTime:179.026810
#IT Ite:920 KerTime:0.199255 AccTime:179.226065
#IT Ite:921 KerTime:0.195357 AccTime:179.421422
#IT Ite:922 KerTime:0.199245 AccTime:179.620667
#IT Ite:923 KerTime:0.193775 AccTime:179.814442
#IT Ite:924 KerTime:0.191568 AccTime:180.006010
#IT Ite:925 KerTime:0.195674 AccTime:180.201684
#IT Ite:926 KerTime:0.199219 AccTime:180.400903
#IT Ite:927 KerTime:0.200559 AccTime:180.601462
#IT Ite:928 KerTime:0.179580 AccTime:180.781042
#IT Ite:929 KerTime:0.199147 AccTime:180.980189
#IT Ite:930 KerTime:0.182113 AccTime:181.162302
#IT Ite:931 KerTime:0.186808 AccTime:181.349110
#IT Ite:932 KerTime:0.199832 AccTime:181.548942
#IT Ite:933 KerTime:0.213650 AccTime:181.762592
#IT Ite:934 KerTime:0.191386 AccTime:181.953978
#IT Ite:935 KerTime:0.211354 AccTime:182.165332
#IT Ite:936 KerTime:0.197537 AccTime:182.362869
#IT Ite:937 KerTime:0.198093 AccTime:182.560962
#IT Ite:938 KerTime:0.196763 AccTime:182.757725
#IT Ite:939 KerTime:0.196309 AccTime:182.954034
#IT Ite:940 KerTime:0.200085 AccTime:183.154119
#IT Ite:941 KerTime:0.199055 AccTime:183.353174
#IT Ite:942 KerTime:0.193388 AccTime:183.546562
#IT Ite:943 KerTime:0.199398 AccTime:183.745960
#IT Ite:944 KerTime:0.204121 AccTime:183.950081
#IT Ite:945 KerTime:0.201032 AccTime:184.151113
#IT Ite:946 KerTime:0.192502 AccTime:184.343615
#IT Ite:947 KerTime:0.227120 AccTime:184.570735
#IT Ite:948 KerTime:0.194648 AccTime:184.765383
#IT Ite:949 KerTime:0.182205 AccTime:184.947588
#IT Ite:950 KerTime:0.195162 AccTime:185.142750
#IT Ite:951 KerTime:0.196480 AccTime:185.339230
#IT Ite:952 KerTime:0.210075 AccTime:185.549305
#IT Ite:953 KerTime:0.197146 AccTime:185.746451
#IT Ite:954 KerTime:0.192392 AccTime:185.938843
#IT Ite:955 KerTime:0.207837 AccTime:186.146680
#IT Ite:956 KerTime:0.216246 AccTime:186.362926
#IT Ite:957 KerTime:0.194317 AccTime:186.557243
#IT Ite:958 KerTime:0.193302 AccTime:186.750545
#IT Ite:959 KerTime:0.180321 AccTime:186.930866
#IT Ite:960 KerTime:0.198809 AccTime:187.129675
#IT Ite:961 KerTime:0.206590 AccTime:187.336265
#IT Ite:962 KerTime:0.219568 AccTime:187.555833
#IT Ite:963 KerTime:0.193343 AccTime:187.749176
#IT Ite:964 KerTime:0.197778 AccTime:187.946954
#IT Ite:965 KerTime:0.182134 AccTime:188.129088
#IT Ite:966 KerTime:0.210345 AccTime:188.339433
#IT Ite:967 KerTime:0.220425 AccTime:188.559858
#IT Ite:968 KerTime:0.213638 AccTime:188.773496
#IT Ite:969 KerTime:0.223886 AccTime:188.997382
#IT Ite:970 KerTime:0.187401 AccTime:189.184783
#IT Ite:971 KerTime:0.192145 AccTime:189.376928
#IT Ite:972 KerTime:0.212052 AccTime:189.588980
#IT Ite:973 KerTime:0.191178 AccTime:189.780158
#IT Ite:974 KerTime:0.198449 AccTime:189.978607
#IT Ite:975 KerTime:0.195571 AccTime:190.174178
#IT Ite:976 KerTime:0.226210 AccTime:190.400388
#IT Ite:977 KerTime:0.196844 AccTime:190.597232
#IT Ite:978 KerTime:0.201123 AccTime:190.798355
#IT Ite:979 KerTime:0.196967 AccTime:190.995322
#IT Ite:980 KerTime:0.210767 AccTime:191.206089
#IT Ite:981 KerTime:0.207360 AccTime:191.413449
#IT Ite:982 KerTime:0.221176 AccTime:191.634625
#IT Ite:983 KerTime:0.208349 AccTime:191.842974
#IT Ite:984 KerTime:0.203898 AccTime:192.046872
#IT Ite:985 KerTime:0.197581 AccTime:192.244453
#IT Ite:986 KerTime:0.197820 AccTime:192.442273
#IT Ite:987 KerTime:0.214191 AccTime:192.656464
#IT Ite:988 KerTime:0.209447 AccTime:192.865911
#IT Ite:989 KerTime:0.207590 AccTime:193.073501
#IT Ite:990 KerTime:0.196064 AccTime:193.269565
#IT Ite:991 KerTime:0.195428 AccTime:193.464993
#IT Ite:992 KerTime:0.180187 AccTime:193.645180
#IT Ite:993 KerTime:0.209133 AccTime:193.854313
#IT Ite:994 KerTime:0.205532 AccTime:194.059845
#IT Ite:995 KerTime:0.191545 AccTime:194.251390
#IT Ite:996 KerTime:0.206559 AccTime:194.457949
#IT Ite:997 KerTime:0.218800 AccTime:194.676749
#IT Ite:998 KerTime:0.208871 AccTime:194.885620
#IT Ite:999 KerTime:0.211069 AccTime:195.096689
#IT Ite:1000 KerTime:0.214077 AccTime:195.310766
#IT Ite:1001 KerTime:0.225922 AccTime:195.536688
#IT Ite:1002 KerTime:0.207714 AccTime:195.744402
#IT Ite:1003 KerTime:0.226064 AccTime:195.970466
#IT Ite:1004 KerTime:0.198475 AccTime:196.168941
#IT Ite:1005 KerTime:0.218470 AccTime:196.387411
#IT Ite:1006 KerTime:0.213502 AccTime:196.600913
#IT Ite:1007 KerTime:0.204287 AccTime:196.805200
#IT Ite:1008 KerTime:0.203147 AccTime:197.008347
#IT Ite:1009 KerTime:0.178644 AccTime:197.186991
#IT Ite:1010 KerTime:0.196502 AccTime:197.383493
#IT Ite:1011 KerTime:0.217078 AccTime:197.600571
#IT Ite:1012 KerTime:0.198995 AccTime:197.799566
#IT Ite:1013 KerTime:0.211972 AccTime:198.011538
#IT Ite:1014 KerTime:0.197510 AccTime:198.209048
#IT Ite:1015 KerTime:0.214156 AccTime:198.423204
#IT Ite:1016 KerTime:0.207045 AccTime:198.630249
#IT Ite:1017 KerTime:0.187589 AccTime:198.817838
#IT Ite:1018 KerTime:0.213732 AccTime:199.031570
#IT Ite:1019 KerTime:0.214643 AccTime:199.246213
#IT Ite:1020 KerTime:0.198122 AccTime:199.444335
#IT Ite:1021 KerTime:0.196021 AccTime:199.640356
#IT Ite:1022 KerTime:0.200041 AccTime:199.840397
#IT Ite:1023 KerTime:0.212898 AccTime:200.053295
#IT Ite:1024 KerTime:0.218517 AccTime:200.271812
#IT Ite:1025 KerTime:0.193929 AccTime:200.465741
#IT Ite:1026 KerTime:0.219540 AccTime:200.685281
#IT Ite:1027 KerTime:0.217554 AccTime:200.902835
#IT Ite:1028 KerTime:0.219497 AccTime:201.122332
#IT Ite:1029 KerTime:0.223146 AccTime:201.345478
#IT Ite:1030 KerTime:0.224716 AccTime:201.570194
#IT Ite:1031 KerTime:0.211426 AccTime:201.781620
#IT Ite:1032 KerTime:0.193328 AccTime:201.974948
#IT Ite:1033 KerTime:0.213057 AccTime:202.188005
#IT Ite:1034 KerTime:0.211807 AccTime:202.399812
#IT Ite:1035 KerTime:0.197492 AccTime:202.597304
#IT Ite:1036 KerTime:0.188653 AccTime:202.785957
#IT Ite:1037 KerTime:0.194741 AccTime:202.980698
#IT Ite:1038 KerTime:0.213212 AccTime:203.193910
#IT Ite:1039 KerTime:0.208902 AccTime:203.402812
#IT Ite:1040 KerTime:0.194814 AccTime:203.597626
#IT Ite:1041 KerTime:0.177370 AccTime:203.774996
#IT Ite:1042 KerTime:0.173787 AccTime:203.948783
#IT Ite:1043 KerTime:0.170512 AccTime:204.119295
#IT Ite:1044 KerTime:0.169703 AccTime:204.288998
#IT Ite:1045 KerTime:0.156392 AccTime:204.445390
#IT Ite:1046 KerTime:0.167859 AccTime:204.613249
#IT Ite:1047 KerTime:0.181461 AccTime:204.794710
#IT Ite:1048 KerTime:0.174837 AccTime:204.969547
#IT Ite:1049 KerTime:0.180550 AccTime:205.150097
#IT Ite:1050 KerTime:0.222058 AccTime:205.372155
#IT Ite:1051 KerTime:0.229227 AccTime:205.601382
#IT Ite:1052 KerTime:0.211162 AccTime:205.812544
#IT Ite:1053 KerTime:0.214088 AccTime:206.026632
#IT Ite:1054 KerTime:0.205683 AccTime:206.232315
#IT Ite:1055 KerTime:0.206276 AccTime:206.438591
#IT Ite:1056 KerTime:0.200288 AccTime:206.638879
#IT Ite:1057 KerTime:0.219400 AccTime:206.858279
#IT Ite:1058 KerTime:0.202815 AccTime:207.061094
#IT Ite:1059 KerTime:0.213529 AccTime:207.274623
#IT Ite:1060 KerTime:0.197987 AccTime:207.472610
#IT Ite:1061 KerTime:0.199414 AccTime:207.672024
#IT Ite:1062 KerTime:0.210050 AccTime:207.882074
#IT Ite:1063 KerTime:0.219903 AccTime:208.101977
#IT Ite:1064 KerTime:0.214082 AccTime:208.316059
#IT Ite:1065 KerTime:0.216930 AccTime:208.532989
#IT Ite:1066 KerTime:0.195259 AccTime:208.728248
#IT Ite:1067 KerTime:0.197890 AccTime:208.926138
#IT Ite:1068 KerTime:0.222832 AccTime:209.148970
#IT Ite:1069 KerTime:0.194493 AccTime:209.343463
#IT Ite:1070 KerTime:0.214466 AccTime:209.557929
#IT Ite:1071 KerTime:0.231614 AccTime:209.789543
#IT Ite:1072 KerTime:0.216833 AccTime:210.006376
#IT Ite:1073 KerTime:0.197043 AccTime:210.203419
#IT Ite:1074 KerTime:0.199559 AccTime:210.402978
#IT Ite:1075 KerTime:0.195773 AccTime:210.598751
#IT Ite:1076 KerTime:0.197590 AccTime:210.796341
#IT Ite:1077 KerTime:0.200612 AccTime:210.996953
#IT Ite:1078 KerTime:0.208100 AccTime:211.205053
#IT Ite:1079 KerTime:0.210760 AccTime:211.415813
#IT Ite:1080 KerTime:0.212162 AccTime:211.627975
#IT Ite:1081 KerTime:0.228110 AccTime:211.856085
#IT Ite:1082 KerTime:0.213579 AccTime:212.069664
#IT Ite:1083 KerTime:0.207058 AccTime:212.276722
#IT Ite:1084 KerTime:0.211853 AccTime:212.488575
#IT Ite:1085 KerTime:0.209038 AccTime:212.697613
#IT Ite:1086 KerTime:0.210301 AccTime:212.907914
#IT Ite:1087 KerTime:0.197895 AccTime:213.105809
#IT Ite:1088 KerTime:0.196522 AccTime:213.302331
#IT Ite:1089 KerTime:0.195025 AccTime:213.497356
#IT Ite:1090 KerTime:0.197683 AccTime:213.695039
#IT Ite:1091 KerTime:0.200404 AccTime:213.895443
#IT Ite:1092 KerTime:0.215330 AccTime:214.110773
#IT Ite:1093 KerTime:0.224156 AccTime:214.334929
#IT Ite:1094 KerTime:0.214826 AccTime:214.549755
#IT Ite:1095 KerTime:0.214331 AccTime:214.764086
#IT Ite:1096 KerTime:0.202708 AccTime:214.966794
#IT Ite:1097 KerTime:0.193985 AccTime:215.160779
#IT Ite:1098 KerTime:0.200243 AccTime:215.361022
#IT Ite:1099 KerTime:0.213371 AccTime:215.574393
#IT Ite:1100 KerTime:0.212038 AccTime:215.786431
#IT Ite:1101 KerTime:0.195260 AccTime:215.981691
#IT Ite:1102 KerTime:0.199422 AccTime:216.181113
#IT Ite:1103 KerTime:0.213440 AccTime:216.394553
#IT Ite:1104 KerTime:0.195222 AccTime:216.589775
#IT Ite:1105 KerTime:0.210375 AccTime:216.800150
#IT Ite:1106 KerTime:0.198441 AccTime:216.998591
#IT Ite:1107 KerTime:0.227219 AccTime:217.225810
#IT Ite:1108 KerTime:0.197629 AccTime:217.423439
#IT Ite:1109 KerTime:0.199870 AccTime:217.623309
#IT Ite:1110 KerTime:0.212941 AccTime:217.836250
#IT Ite:1111 KerTime:0.197936 AccTime:218.034186
#IT Ite:1112 KerTime:0.219240 AccTime:218.253426
#IT Ite:1113 KerTime:0.222059 AccTime:218.475485
#IT Ite:1114 KerTime:0.214287 AccTime:218.689772
#IT Ite:1115 KerTime:0.197241 AccTime:218.887013
#IT Ite:1116 KerTime:0.220508 AccTime:219.107521
#IT Ite:1117 KerTime:0.214231 AccTime:219.321752
#IT Ite:1118 KerTime:0.209477 AccTime:219.531229
#IT Ite:1119 KerTime:0.177942 AccTime:219.709171
#IT Ite:1120 KerTime:0.194319 AccTime:219.903490
#IT Ite:1121 KerTime:0.180008 AccTime:220.083498
#IT Ite:1122 KerTime:0.199763 AccTime:220.283261
#IT Ite:1123 KerTime:0.211104 AccTime:220.494365
#IT Ite:1124 KerTime:0.215697 AccTime:220.710062
#IT Ite:1125 KerTime:0.202128 AccTime:220.912190
#IT Ite:1126 KerTime:0.200692 AccTime:221.112882
#IT Ite:1127 KerTime:0.224375 AccTime:221.337257
#IT Ite:1128 KerTime:0.214379 AccTime:221.551636
#IT Ite:1129 KerTime:0.183007 AccTime:221.734643
#IT Ite:1130 KerTime:0.198676 AccTime:221.933319
#IT Ite:1131 KerTime:0.186804 AccTime:222.120123
#IT Ite:1132 KerTime:0.181725 AccTime:222.301848
#IT Ite:1133 KerTime:0.212587 AccTime:222.514435
#IT Ite:1134 KerTime:0.194720 AccTime:222.709155
#IT Ite:1135 KerTime:0.197699 AccTime:222.906854
#IT Ite:1136 KerTime:0.204650 AccTime:223.111504
#IT Ite:1137 KerTime:0.192337 AccTime:223.303841
#IT Ite:1138 KerTime:0.198651 AccTime:223.502492
#IT Ite:1139 KerTime:0.197141 AccTime:223.699633
#IT Ite:1140 KerTime:0.198401 AccTime:223.898034
#IT Ite:1141 KerTime:0.196614 AccTime:224.094648
#IT Ite:1142 KerTime:0.220633 AccTime:224.315281
#IT Ite:1143 KerTime:0.197112 AccTime:224.512393
#IT Ite:1144 KerTime:0.209368 AccTime:224.721761
#IT Ite:1145 KerTime:0.200253 AccTime:224.922014
#IT Ite:1146 KerTime:0.199338 AccTime:225.121352
#IT Ite:1147 KerTime:0.195047 AccTime:225.316399
#IT Ite:1148 KerTime:0.193124 AccTime:225.509523
#IT Ite:1149 KerTime:0.204976 AccTime:225.714499
#IT Ite:1150 KerTime:0.191158 AccTime:225.905657
#IT Ite:1151 KerTime:0.198301 AccTime:226.103958
#IT Ite:1152 KerTime:0.200725 AccTime:226.304683
#IT Ite:1153 KerTime:0.178549 AccTime:226.483232
#IT Ite:1154 KerTime:0.194760 AccTime:226.677992
#IT Ite:1155 KerTime:0.200377 AccTime:226.878369
#IT Ite:1156 KerTime:0.179266 AccTime:227.057635
#IT Ite:1157 KerTime:0.189746 AccTime:227.247381
#IT Ite:1158 KerTime:0.182520 AccTime:227.429901
#IT Ite:1159 KerTime:0.202876 AccTime:227.632777
#IT Ite:1160 KerTime:0.192941 AccTime:227.825718
#IT Ite:1161 KerTime:0.210038 AccTime:228.035756
#IT Ite:1162 KerTime:0.188207 AccTime:228.223963
#IT Ite:1163 KerTime:0.200718 AccTime:228.424681
#IT Ite:1164 KerTime:0.213823 AccTime:228.638504
#IT Ite:1165 KerTime:0.196634 AccTime:228.835138
#IT Ite:1166 KerTime:0.194980 AccTime:229.030118
#IT Ite:1167 KerTime:0.210651 AccTime:229.240769
#IT Ite:1168 KerTime:0.195805 AccTime:229.436574
#IT Ite:1169 KerTime:0.215017 AccTime:229.651591
#IT Ite:1170 KerTime:0.194547 AccTime:229.846138
#IT Ite:1171 KerTime:0.200339 AccTime:230.046477
#IT Ite:1172 KerTime:0.200365 AccTime:230.246842
#IT Ite:1173 KerTime:0.213752 AccTime:230.460594
#IT Ite:1174 KerTime:0.213525 AccTime:230.674119
#IT Ite:1175 KerTime:0.218443 AccTime:230.892562
#IT Ite:1176 KerTime:0.223532 AccTime:231.116094
#IT Ite:1177 KerTime:0.208431 AccTime:231.324525
#IT Ite:1178 KerTime:0.199123 AccTime:231.523648
#IT Ite:1179 KerTime:0.208637 AccTime:231.732285
#IT Ite:1180 KerTime:0.192902 AccTime:231.925187
#IT Ite:1181 KerTime:0.200377 AccTime:232.125564
#IT Ite:1182 KerTime:0.208299 AccTime:232.333863
#IT Ite:1183 KerTime:0.210840 AccTime:232.544703
#IT Ite:1184 KerTime:0.175951 AccTime:232.720654
#IT Ite:1185 KerTime:0.213829 AccTime:232.934483
#IT Ite:1186 KerTime:0.164074 AccTime:233.098557
#IT Ite:1187 KerTime:0.160208 AccTime:233.258765
#IT Ite:1188 KerTime:0.174370 AccTime:233.433135
#IT Ite:1189 KerTime:0.183692 AccTime:233.616827
#IT Ite:1190 KerTime:0.165974 AccTime:233.782801
#IT Ite:1191 KerTime:0.165966 AccTime:233.948767
#IT Ite:1192 KerTime:0.174128 AccTime:234.122895
#IT Ite:1193 KerTime:0.167511 AccTime:234.290406
#IT Ite:1194 KerTime:0.211496 AccTime:234.501902
#IT Ite:1195 KerTime:0.187760 AccTime:234.689662
#IT Ite:1196 KerTime:0.204386 AccTime:234.894048
#IT Ite:1197 KerTime:0.199840 AccTime:235.093888
#IT Ite:1198 KerTime:0.204308 AccTime:235.298196
#IT Ite:1199 KerTime:0.195035 AccTime:235.493231
#IT Ite:1200 KerTime:0.196264 AccTime:235.689495
#IT Ite:1201 KerTime:0.192264 AccTime:235.881759
#IT Ite:1202 KerTime:0.206170 AccTime:236.087929
#IT Ite:1203 KerTime:0.218781 AccTime:236.306710
#IT Ite:1204 KerTime:0.197575 AccTime:236.504285
#IT Ite:1205 KerTime:0.202545 AccTime:236.706830
#IT Ite:1206 KerTime:0.199695 AccTime:236.906525
#IT Ite:1207 KerTime:0.197539 AccTime:237.104064
#IT Ite:1208 KerTime:0.195290 AccTime:237.299354
#IT Ite:1209 KerTime:0.211805 AccTime:237.511159
#IT Ite:1210 KerTime:0.198547 AccTime:237.709706
#IT Ite:1211 KerTime:0.194540 AccTime:237.904246
#IT Ite:1212 KerTime:0.212650 AccTime:238.116896
#IT Ite:1213 KerTime:0.187615 AccTime:238.304511
#IT Ite:1214 KerTime:0.199901 AccTime:238.504412
#IT Ite:1215 KerTime:0.222685 AccTime:238.727097
#IT Ite:1216 KerTime:0.187455 AccTime:238.914552
#IT Ite:1217 KerTime:0.212177 AccTime:239.126729
#IT Ite:1218 KerTime:0.197224 AccTime:239.323953
#IT Ite:1219 KerTime:0.198904 AccTime:239.522857
#IT Ite:1220 KerTime:0.213765 AccTime:239.736622
#IT Ite:1221 KerTime:0.180688 AccTime:239.917310
#IT Ite:1222 KerTime:0.194809 AccTime:240.112119
#IT Ite:1223 KerTime:0.198724 AccTime:240.310843
#IT Ite:1224 KerTime:0.213055 AccTime:240.523898
#IT Ite:1225 KerTime:0.184637 AccTime:240.708535
#IT Ite:1226 KerTime:0.191609 AccTime:240.900144
#IT Ite:1227 KerTime:0.204624 AccTime:241.104768
#IT Ite:1228 KerTime:0.205004 AccTime:241.309772
#IT Ite:1229 KerTime:0.193457 AccTime:241.503229
#IT Ite:1230 KerTime:0.210855 AccTime:241.714084
#IT Ite:1231 KerTime:0.210919 AccTime:241.925003
#IT Ite:1232 KerTime:0.200980 AccTime:242.125983
#IT Ite:1233 KerTime:0.197638 AccTime:242.323621
#IT Ite:1234 KerTime:0.194687 AccTime:242.518308
#IT Ite:1235 KerTime:0.197597 AccTime:242.715905
#IT Ite:1236 KerTime:0.195081 AccTime:242.910986
#IT Ite:1237 KerTime:0.219413 AccTime:243.130399
#IT Ite:1238 KerTime:0.194400 AccTime:243.324799
#IT Ite:1239 KerTime:0.198816 AccTime:243.523615
#IT Ite:1240 KerTime:0.188256 AccTime:243.711871
#IT Ite:1241 KerTime:0.222814 AccTime:243.934685
#IT Ite:1242 KerTime:0.196307 AccTime:244.130992
#IT Ite:1243 KerTime:0.210148 AccTime:244.341140
#IT Ite:1244 KerTime:0.191820 AccTime:244.532960
#IT Ite:1245 KerTime:0.184832 AccTime:244.717792
#IT Ite:1246 KerTime:0.197557 AccTime:244.915349
#IT Ite:1247 KerTime:0.201691 AccTime:245.117040
#IT Ite:1248 KerTime:0.202403 AccTime:245.319443
#IT Ite:1249 KerTime:0.199452 AccTime:245.518895
#IT Ite:1250 KerTime:0.199775 AccTime:245.718670
#IT Ite:1251 KerTime:0.204835 AccTime:245.923505
#IT Ite:1252 KerTime:0.210053 AccTime:246.133558
#IT Ite:1253 KerTime:0.202009 AccTime:246.335567
#IT Ite:1254 KerTime:0.196821 AccTime:246.532388
#IT Ite:1255 KerTime:0.219735 AccTime:246.752123
#IT Ite:1256 KerTime:0.195706 AccTime:246.947829
#IT Ite:1257 KerTime:0.205582 AccTime:247.153411
#IT Ite:1258 KerTime:0.216010 AccTime:247.369421
#IT Ite:1259 KerTime:0.198516 AccTime:247.567937
#IT Ite:1260 KerTime:0.198783 AccTime:247.766720
#IT Ite:1261 KerTime:0.201104 AccTime:247.967824
#IT Ite:1262 KerTime:0.195101 AccTime:248.162925
#IT Ite:1263 KerTime:0.193595 AccTime:248.356520
#IT Ite:1264 KerTime:0.198022 AccTime:248.554542
#IT Ite:1265 KerTime:0.201610 AccTime:248.756152
#IT Ite:1266 KerTime:0.201540 AccTime:248.957692
#IT Ite:1267 KerTime:0.196817 AccTime:249.154509
#IT Ite:1268 KerTime:0.199770 AccTime:249.354279
#IT Ite:1269 KerTime:0.199105 AccTime:249.553384
#IT Ite:1270 KerTime:0.201821 AccTime:249.755205
#IT Ite:1271 KerTime:0.197856 AccTime:249.953061
#IT Ite:1272 KerTime:0.202060 AccTime:250.155121
#IT Ite:1273 KerTime:0.196651 AccTime:250.351772
#IT Ite:1274 KerTime:0.195629 AccTime:250.547401
#IT Ite:1275 KerTime:0.179263 AccTime:250.726664
#IT Ite:1276 KerTime:0.198112 AccTime:250.924776
#IT Ite:1277 KerTime:0.179537 AccTime:251.104313
#IT Ite:1278 KerTime:0.189086 AccTime:251.293399
#IT Ite:1279 KerTime:0.196744 AccTime:251.490143
#IT Ite:1280 KerTime:0.195948 AccTime:251.686091
#IT Ite:1281 KerTime:0.213720 AccTime:251.899811
#IT Ite:1282 KerTime:0.197148 AccTime:252.096959
#IT Ite:1283 KerTime:0.197907 AccTime:252.294866
#IT Ite:1284 KerTime:0.216620 AccTime:252.511486
#IT Ite:1285 KerTime:0.192801 AccTime:252.704287
#IT Ite:1286 KerTime:0.200712 AccTime:252.904999
#IT Ite:1287 KerTime:0.195523 AccTime:253.100522
#IT Ite:1288 KerTime:0.195379 AccTime:253.295901
#IT Ite:1289 KerTime:0.179931 AccTime:253.475832
#IT Ite:1290 KerTime:0.207059 AccTime:253.682891
#IT Ite:1291 KerTime:0.227113 AccTime:253.910004
#IT Ite:1292 KerTime:0.216053 AccTime:254.126057
#IT Ite:1293 KerTime:0.190803 AccTime:254.316860
#IT Ite:1294 KerTime:0.200073 AccTime:254.516933
#IT Ite:1295 KerTime:0.215665 AccTime:254.732598
#IT Ite:1296 KerTime:0.210554 AccTime:254.943152
#IT Ite:1297 KerTime:0.194709 AccTime:255.137861
#IT Ite:1298 KerTime:0.218614 AccTime:255.356475
#IT Ite:1299 KerTime:0.218982 AccTime:255.575457
#IT Ite:1300 KerTime:0.183599 AccTime:255.759056
#IT Ite:1301 KerTime:0.195497 AccTime:255.954553
#IT Ite:1302 KerTime:0.193919 AccTime:256.148472
#IT Ite:1303 KerTime:0.197854 AccTime:256.346326
#IT Ite:1304 KerTime:0.194167 AccTime:256.540493
#IT Ite:1305 KerTime:0.217839 AccTime:256.758332
#IT Ite:1306 KerTime:0.186692 AccTime:256.945024
#IT Ite:1307 KerTime:0.191358 AccTime:257.136382
#IT Ite:1308 KerTime:0.191671 AccTime:257.328053
#IT Ite:1309 KerTime:0.204131 AccTime:257.532184
#IT Ite:1310 KerTime:0.187734 AccTime:257.719918
#IT Ite:1311 KerTime:0.196754 AccTime:257.916672
#IT Ite:1312 KerTime:0.180536 AccTime:258.097208
#IT Ite:1313 KerTime:0.198334 AccTime:258.295542
#IT Ite:1314 KerTime:0.191699 AccTime:258.487241
#IT Ite:1315 KerTime:0.208156 AccTime:258.695397
#IT Ite:1316 KerTime:0.197363 AccTime:258.892760
#IT Ite:1317 KerTime:0.194237 AccTime:259.086997
#IT Ite:1318 KerTime:0.199289 AccTime:259.286286
#IT Ite:1319 KerTime:0.194383 AccTime:259.480669
#IT Ite:1320 KerTime:0.188835 AccTime:259.669504
#IT Ite:1321 KerTime:0.203997 AccTime:259.873501
#IT Ite:1322 KerTime:0.199893 AccTime:260.073394
#IT Ite:1323 KerTime:0.179639 AccTime:260.253033
#IT Ite:1324 KerTime:0.199467 AccTime:260.452500
#IT Ite:1325 KerTime:0.179527 AccTime:260.632027
#IT Ite:1326 KerTime:0.190160 AccTime:260.822187
#IT Ite:1327 KerTime:0.191592 AccTime:261.013779
#IT Ite:1328 KerTime:0.196974 AccTime:261.210753
#IT Ite:1329 KerTime:0.193506 AccTime:261.404259
#IT Ite:1330 KerTime:0.195236 AccTime:261.599495
#IT Ite:1331 KerTime:0.221123 AccTime:261.820618
#IT Ite:1332 KerTime:0.195936 AccTime:262.016554
#IT Ite:1333 KerTime:0.180446 AccTime:262.197000
#IT Ite:1334 KerTime:0.198023 AccTime:262.395023
#IT Ite:1335 KerTime:0.188856 AccTime:262.583879
#IT Ite:1336 KerTime:0.179978 AccTime:262.763857
#IT Ite:1337 KerTime:0.168888 AccTime:262.932745
#IT Ite:1338 KerTime:0.185265 AccTime:263.118010
#IT Ite:1339 KerTime:0.182432 AccTime:263.300442
#IT Ite:1340 KerTime:0.178842 AccTime:263.479284
#IT Ite:1341 KerTime:0.204524 AccTime:263.683808
#IT Ite:1342 KerTime:0.218270 AccTime:263.902078
#IT Ite:1343 KerTime:0.222580 AccTime:264.124658
#IT Ite:1344 KerTime:0.197035 AccTime:264.321693
#IT Ite:1345 KerTime:0.191077 AccTime:264.512770
#IT Ite:1346 KerTime:0.179097 AccTime:264.691867
#IT Ite:1347 KerTime:0.195569 AccTime:264.887436
#IT Ite:1348 KerTime:0.196234 AccTime:265.083670
#IT Ite:1349 KerTime:0.199043 AccTime:265.282713
#IT Ite:1350 KerTime:0.220405 AccTime:265.503118
#IT Ite:1351 KerTime:0.194122 AccTime:265.697240
#IT Ite:1352 KerTime:0.217118 AccTime:265.914358
#IT Ite:1353 KerTime:0.214445 AccTime:266.128803
#IT Ite:1354 KerTime:0.205893 AccTime:266.334696
#IT Ite:1355 KerTime:0.212649 AccTime:266.547345
#IT Ite:1356 KerTime:0.199878 AccTime:266.747223
#IT Ite:1357 KerTime:0.193701 AccTime:266.940924
#IT Ite:1358 KerTime:0.198802 AccTime:267.139726
#IT Ite:1359 KerTime:0.198874 AccTime:267.338600
#IT Ite:1360 KerTime:0.206255 AccTime:267.544855
#IT Ite:1361 KerTime:0.215412 AccTime:267.760267
#IT Ite:1362 KerTime:0.220046 AccTime:267.980313
#IT Ite:1363 KerTime:0.198565 AccTime:268.178878
#IT Ite:1364 KerTime:0.187496 AccTime:268.366374
#IT Ite:1365 KerTime:0.199005 AccTime:268.565379
#IT Ite:1366 KerTime:0.199435 AccTime:268.764814
#IT Ite:1367 KerTime:0.227181 AccTime:268.991995
#IT Ite:1368 KerTime:0.195533 AccTime:269.187528
#IT Ite:1369 KerTime:0.190244 AccTime:269.377772
#IT Ite:1370 KerTime:0.213219 AccTime:269.590991
#IT Ite:1371 KerTime:0.223248 AccTime:269.814239
#IT Ite:1372 KerTime:0.213114 AccTime:270.027353
#IT Ite:1373 KerTime:0.221866 AccTime:270.249219
#IT Ite:1374 KerTime:0.197355 AccTime:270.446574
#IT Ite:1375 KerTime:0.227895 AccTime:270.674469
#IT Ite:1376 KerTime:0.194730 AccTime:270.869199
#IT Ite:1377 KerTime:0.213986 AccTime:271.083185
#IT Ite:1378 KerTime:0.185903 AccTime:271.269088
#IT Ite:1379 KerTime:0.194032 AccTime:271.463120
#IT Ite:1380 KerTime:0.195781 AccTime:271.658901
#IT Ite:1381 KerTime:0.213634 AccTime:271.872535
#IT Ite:1382 KerTime:0.181955 AccTime:272.054490
#IT Ite:1383 KerTime:0.198382 AccTime:272.252872
#IT Ite:1384 KerTime:0.215233 AccTime:272.468105
#IT Ite:1385 KerTime:0.198174 AccTime:272.666279
#IT Ite:1386 KerTime:0.204621 AccTime:272.870900
#IT Ite:1387 KerTime:0.197036 AccTime:273.067936
#IT Ite:1388 KerTime:0.193497 AccTime:273.261433
#IT Ite:1389 KerTime:0.221026 AccTime:273.482459
#IT Ite:1390 KerTime:0.212804 AccTime:273.695263
#IT Ite:1391 KerTime:0.198471 AccTime:273.893734
#IT Ite:1392 KerTime:0.191096 AccTime:274.084830
#IT Ite:1393 KerTime:0.207918 AccTime:274.292748
#IT Ite:1394 KerTime:0.194069 AccTime:274.486817
#IT Ite:1395 KerTime:0.199285 AccTime:274.686102
#IT Ite:1396 KerTime:0.194430 AccTime:274.880532
#IT Ite:1397 KerTime:0.193013 AccTime:275.073545
#IT Ite:1398 KerTime:0.195492 AccTime:275.269037
#IT Ite:1399 KerTime:0.209282 AccTime:275.478319
#IT Ite:1400 KerTime:0.220291 AccTime:275.698610
#IT Ite:1401 KerTime:0.230907 AccTime:275.929517
#IT Ite:1402 KerTime:0.199113 AccTime:276.128630
#IT Ite:1403 KerTime:0.194255 AccTime:276.322885
#IT Ite:1404 KerTime:0.196385 AccTime:276.519270
#IT Ite:1405 KerTime:0.196254 AccTime:276.715524
#IT Ite:1406 KerTime:0.208023 AccTime:276.923547
#IT Ite:1407 KerTime:0.217991 AccTime:277.141538
#IT Ite:1408 KerTime:0.192031 AccTime:277.333569
#IT Ite:1409 KerTime:0.199044 AccTime:277.532613
#IT Ite:1410 KerTime:0.194102 AccTime:277.726715
#IT Ite:1411 KerTime:0.190019 AccTime:277.916734
#IT Ite:1412 KerTime:0.198219 AccTime:278.114953
#IT Ite:1413 KerTime:0.198649 AccTime:278.313602
#IT Ite:1414 KerTime:0.214879 AccTime:278.528481
#IT Ite:1415 KerTime:0.219713 AccTime:278.748194
#IT Ite:1416 KerTime:0.180517 AccTime:278.928711
#IT Ite:1417 KerTime:0.195670 AccTime:279.124381
#IT Ite:1418 KerTime:0.190776 AccTime:279.315157
#IT Ite:1419 KerTime:0.195856 AccTime:279.511013
#IT Ite:1420 KerTime:0.198407 AccTime:279.709420
#IT Ite:1421 KerTime:0.222778 AccTime:279.932198
#IT Ite:1422 KerTime:0.205297 AccTime:280.137495
#IT Ite:1423 KerTime:0.214867 AccTime:280.352362
#IT Ite:1424 KerTime:0.199101 AccTime:280.551463
#IT Ite:1425 KerTime:0.199832 AccTime:280.751295
#IT Ite:1426 KerTime:0.212272 AccTime:280.963567
#IT Ite:1427 KerTime:0.211734 AccTime:281.175301
#IT Ite:1428 KerTime:0.205816 AccTime:281.381117
#IT Ite:1429 KerTime:0.212609 AccTime:281.593726
#IT Ite:1430 KerTime:0.208566 AccTime:281.802292
#IT Ite:1431 KerTime:0.201413 AccTime:282.003705
#IT Ite:1432 KerTime:0.204988 AccTime:282.208693
#IT Ite:1433 KerTime:0.187993 AccTime:282.396686
#IT Ite:1434 KerTime:0.199252 AccTime:282.595938
#IT Ite:1435 KerTime:0.212921 AccTime:282.808859
#IT Ite:1436 KerTime:0.225354 AccTime:283.034213
#IT Ite:1437 KerTime:0.215624 AccTime:283.249837
#IT Ite:1438 KerTime:0.209419 AccTime:283.459256
#IT Ite:1439 KerTime:0.196079 AccTime:283.655335
#IT Ite:1440 KerTime:0.202196 AccTime:283.857531
#IT Ite:1441 KerTime:0.198339 AccTime:284.055870
#IT Ite:1442 KerTime:0.214849 AccTime:284.270719
#IT Ite:1443 KerTime:0.203155 AccTime:284.473874
#IT Ite:1444 KerTime:0.211409 AccTime:284.685283
#IT Ite:1445 KerTime:0.191690 AccTime:284.876973
#IT Ite:1446 KerTime:0.198625 AccTime:285.075598
#IT Ite:1447 KerTime:0.219915 AccTime:285.295513
#IT Ite:1448 KerTime:0.188122 AccTime:285.483635
#IT Ite:1449 KerTime:0.196864 AccTime:285.680499
#IT Ite:1450 KerTime:0.193904 AccTime:285.874403
#IT Ite:1451 KerTime:0.197990 AccTime:286.072393
#IT Ite:1452 KerTime:0.195130 AccTime:286.267523
#IT Ite:1453 KerTime:0.195433 AccTime:286.462956
#IT Ite:1454 KerTime:0.194822 AccTime:286.657778
#IT Ite:1455 KerTime:0.198968 AccTime:286.856746
#IT Ite:1456 KerTime:0.194938 AccTime:287.051684
#IT Ite:1457 KerTime:0.202895 AccTime:287.254579
#IT Ite:1458 KerTime:0.212231 AccTime:287.466810
#IT Ite:1459 KerTime:0.214717 AccTime:287.681527
#IT Ite:1460 KerTime:0.195718 AccTime:287.877245
#IT Ite:1461 KerTime:0.220784 AccTime:288.098029
#IT Ite:1462 KerTime:0.217866 AccTime:288.315895
#IT Ite:1463 KerTime:0.213712 AccTime:288.529607
#IT Ite:1464 KerTime:0.236503 AccTime:288.766110
#IT Ite:1465 KerTime:0.194073 AccTime:288.960183
#IT Ite:1466 KerTime:0.189300 AccTime:289.149483
#IT Ite:1467 KerTime:0.197212 AccTime:289.346695
#IT Ite:1468 KerTime:0.185918 AccTime:289.532613
#IT Ite:1469 KerTime:0.211171 AccTime:289.743784
#IT Ite:1470 KerTime:0.210893 AccTime:289.954677
#IT Ite:1471 KerTime:0.191761 AccTime:290.146438
#IT Ite:1472 KerTime:0.196709 AccTime:290.343147
#IT Ite:1473 KerTime:0.213751 AccTime:290.556898
#IT Ite:1474 KerTime:0.216698 AccTime:290.773596
#IT Ite:1475 KerTime:0.217658 AccTime:290.991254
#IT Ite:1476 KerTime:0.215256 AccTime:291.206510
#IT Ite:1477 KerTime:0.179115 AccTime:291.385625
#IT Ite:1478 KerTime:0.167606 AccTime:291.553231
#IT Ite:1479 KerTime:0.174098 AccTime:291.727329
#IT Ite:1480 KerTime:0.184670 AccTime:291.911999
#IT Ite:1481 KerTime:0.165422 AccTime:292.077421
#IT Ite:1482 KerTime:0.169617 AccTime:292.247038
#IT Ite:1483 KerTime:0.166176 AccTime:292.413214
#IT Ite:1484 KerTime:0.169403 AccTime:292.582617
#IT Ite:1485 KerTime:0.170442 AccTime:292.753059
#IT Ite:1486 KerTime:0.179787 AccTime:292.932846
#IT Ite:1487 KerTime:0.200653 AccTime:293.133499
#IT Ite:1488 KerTime:0.214271 AccTime:293.347770
#IT Ite:1489 KerTime:0.199724 AccTime:293.547494
#IT Ite:1490 KerTime:0.198345 AccTime:293.745839
#IT Ite:1491 KerTime:0.216557 AccTime:293.962396
#IT Ite:1492 KerTime:0.206789 AccTime:294.169185
#IT Ite:1493 KerTime:0.199915 AccTime:294.369100
#IT Ite:1494 KerTime:0.206063 AccTime:294.575163
#IT Ite:1495 KerTime:0.200637 AccTime:294.775800
#IT Ite:1496 KerTime:0.211256 AccTime:294.987056
#IT Ite:1497 KerTime:0.195799 AccTime:295.182855
#IT Ite:1498 KerTime:0.194078 AccTime:295.376933
#IT Ite:1499 KerTime:0.207067 AccTime:295.584000
#IT Ite:1500 KerTime:0.215306 AccTime:295.799306
#IT Ite:1501 KerTime:0.218186 AccTime:296.017492
#IT Ite:1502 KerTime:0.201145 AccTime:296.218637
#IT Ite:1503 KerTime:0.207405 AccTime:296.426042
#IT Ite:1504 KerTime:0.178859 AccTime:296.604901
#IT Ite:1505 KerTime:0.195885 AccTime:296.800786
#IT Ite:1506 KerTime:0.201024 AccTime:297.001810
#IT Ite:1507 KerTime:0.190011 AccTime:297.191821
#IT Ite:1508 KerTime:0.211786 AccTime:297.403607
#IT Ite:1509 KerTime:0.191055 AccTime:297.594662
#IT Ite:1510 KerTime:0.200546 AccTime:297.795208
#IT Ite:1511 KerTime:0.206000 AccTime:298.001208
#IT Ite:1512 KerTime:0.179966 AccTime:298.181174
#IT Ite:1513 KerTime:0.208401 AccTime:298.389575
#IT Ite:1514 KerTime:0.219343 AccTime:298.608918
#IT Ite:1515 KerTime:0.216488 AccTime:298.825406
#IT Ite:1516 KerTime:0.198306 AccTime:299.023712
#IT Ite:1517 KerTime:0.196357 AccTime:299.220069
#IT Ite:1518 KerTime:0.199179 AccTime:299.419248
#IT Ite:1519 KerTime:0.204382 AccTime:299.623630
#IT Ite:1520 KerTime:0.196101 AccTime:299.819731
#IT Ite:1521 KerTime:0.214491 AccTime:300.034222
#IT Ite:1522 KerTime:0.197313 AccTime:300.231535
#IT Ite:1523 KerTime:0.199828 AccTime:300.431363
#IT Ite:1524 KerTime:0.195221 AccTime:300.626584
#IT Ite:1525 KerTime:0.200124 AccTime:300.826708
#IT Ite:1526 KerTime:0.214813 AccTime:301.041521
#IT Ite:1527 KerTime:0.194627 AccTime:301.236148
#IT Ite:1528 KerTime:0.194811 AccTime:301.430959
#IT Ite:1529 KerTime:0.207007 AccTime:301.637966
#IT Ite:1530 KerTime:0.216150 AccTime:301.854116
#IT Ite:1531 KerTime:0.229676 AccTime:302.083792
#IT Ite:1532 KerTime:0.211893 AccTime:302.295685
#IT Ite:1533 KerTime:0.179247 AccTime:302.474932
#IT Ite:1534 KerTime:0.194079 AccTime:302.669011
#IT Ite:1535 KerTime:0.195311 AccTime:302.864322
#IT Ite:1536 KerTime:0.204663 AccTime:303.068985
#IT Ite:1537 KerTime:0.215819 AccTime:303.284804
#IT Ite:1538 KerTime:0.208969 AccTime:303.493773
#IT Ite:1539 KerTime:0.191331 AccTime:303.685104
#IT Ite:1540 KerTime:0.198063 AccTime:303.883167
#IT Ite:1541 KerTime:0.219173 AccTime:304.102340
#IT Ite:1542 KerTime:0.210616 AccTime:304.312956
#IT Ite:1543 KerTime:0.215570 AccTime:304.528526
#IT Ite:1544 KerTime:0.219516 AccTime:304.748042
#IT Ite:1545 KerTime:0.206860 AccTime:304.954902
#IT Ite:1546 KerTime:0.215607 AccTime:305.170509
#IT Ite:1547 KerTime:0.218019 AccTime:305.388528
#IT Ite:1548 KerTime:0.193890 AccTime:305.582418
#IT Ite:1549 KerTime:0.195416 AccTime:305.777834
#IT Ite:1550 KerTime:0.224562 AccTime:306.002396
#IT Ite:1551 KerTime:0.206930 AccTime:306.209326
#IT Ite:1552 KerTime:0.179073 AccTime:306.388399
#IT Ite:1553 KerTime:0.195944 AccTime:306.584343
#IT Ite:1554 KerTime:0.198906 AccTime:306.783249
#IT Ite:1555 KerTime:0.221219 AccTime:307.004468
#IT Ite:1556 KerTime:0.193541 AccTime:307.198009
#IT Ite:1557 KerTime:0.219173 AccTime:307.417182
#IT Ite:1558 KerTime:0.199626 AccTime:307.616808
#IT Ite:1559 KerTime:0.234722 AccTime:307.851530
#IT Ite:1560 KerTime:0.217451 AccTime:308.068981
#IT Ite:1561 KerTime:0.211131 AccTime:308.280112
#IT Ite:1562 KerTime:0.197970 AccTime:308.478082
#IT Ite:1563 KerTime:0.214741 AccTime:308.692823
#IT Ite:1564 KerTime:0.213650 AccTime:308.906473
#IT Ite:1565 KerTime:0.206882 AccTime:309.113355
#IT Ite:1566 KerTime:0.179631 AccTime:309.292986
#IT Ite:1567 KerTime:0.196728 AccTime:309.489714
#IT Ite:1568 KerTime:0.207323 AccTime:309.697037
#IT Ite:1569 KerTime:0.207660 AccTime:309.904697
#IT Ite:1570 KerTime:0.212749 AccTime:310.117446
#IT Ite:1571 KerTime:0.214572 AccTime:310.332018
#IT Ite:1572 KerTime:0.205978 AccTime:310.537996
#IT Ite:1573 KerTime:0.199779 AccTime:310.737775
#IT Ite:1574 KerTime:0.195730 AccTime:310.933505
#IT Ite:1575 KerTime:0.199916 AccTime:311.133421
#IT Ite:1576 KerTime:0.214402 AccTime:311.347823
#IT Ite:1577 KerTime:0.214746 AccTime:311.562569
#IT Ite:1578 KerTime:0.226628 AccTime:311.789197
#IT Ite:1579 KerTime:0.197930 AccTime:311.987127
#IT Ite:1580 KerTime:0.180488 AccTime:312.167615
#IT Ite:1581 KerTime:0.199352 AccTime:312.366967
#IT Ite:1582 KerTime:0.213407 AccTime:312.580374
#IT Ite:1583 KerTime:0.213556 AccTime:312.793930
#IT Ite:1584 KerTime:0.198065 AccTime:312.991995
#IT Ite:1585 KerTime:0.193088 AccTime:313.185083
#IT Ite:1586 KerTime:0.179622 AccTime:313.364705
#IT Ite:1587 KerTime:0.199539 AccTime:313.564244
#IT Ite:1588 KerTime:0.220451 AccTime:313.784695
#IT Ite:1589 KerTime:0.197883 AccTime:313.982578
#IT Ite:1590 KerTime:0.196319 AccTime:314.178897
#IT Ite:1591 KerTime:0.194425 AccTime:314.373322
#IT Ite:1592 KerTime:0.202449 AccTime:314.575771
#IT Ite:1593 KerTime:0.208514 AccTime:314.784285
#IT Ite:1594 KerTime:0.201166 AccTime:314.985451
#IT Ite:1595 KerTime:0.192407 AccTime:315.177858
#IT Ite:1596 KerTime:0.205289 AccTime:315.383147
#ERR p: [54, 259], r: -1.4624560589801215e+34, e: -1.7220709019068624e+34
#SDC Ite:1596 KerTime:0.205289 AccTime:315.383147 KerErr:1 AccErr:2
#IT Ite:1597 KerTime:0.228181 AccTime:315.611328
#IT Ite:1598 KerTime:0.231238 AccTime:315.842566
#IT Ite:1599 KerTime:0.209895 AccTime:316.052461
#IT Ite:1600 KerTime:0.179542 AccTime:316.232003
#IT Ite:1601 KerTime:0.199924 AccTime:316.431927
#IT Ite:1602 KerTime:0.211436 AccTime:316.643363
#IT Ite:1603 KerTime:0.200996 AccTime:316.844359
#IT Ite:1604 KerTime:0.211378 AccTime:317.055737
#IT Ite:1605 KerTime:0.181484 AccTime:317.237221
#IT Ite:1606 KerTime:0.195727 AccTime:317.432948
#IT Ite:1607 KerTime:0.198941 AccTime:317.631889
#IT Ite:1608 KerTime:0.221349 AccTime:317.853238
#IT Ite:1609 KerTime:0.200422 AccTime:318.053660
#IT Ite:1610 KerTime:0.209478 AccTime:318.263138
#IT Ite:1611 KerTime:0.217527 AccTime:318.480665
#IT Ite:1612 KerTime:0.217713 AccTime:318.698378
#IT Ite:1613 KerTime:0.187599 AccTime:318.885977
#IT Ite:1614 KerTime:0.197361 AccTime:319.083338
#IT Ite:1615 KerTime:0.194606 AccTime:319.277944
#IT Ite:1616 KerTime:0.225086 AccTime:319.503030
#IT Ite:1617 KerTime:0.220023 AccTime:319.723053
#IT Ite:1618 KerTime:0.198269 AccTime:319.921322
#IT Ite:1619 KerTime:0.196213 AccTime:320.117535
#IT Ite:1620 KerTime:0.186499 AccTime:320.304034
#IT Ite:1621 KerTime:0.167328 AccTime:320.471362
#IT Ite:1622 KerTime:0.169764 AccTime:320.641126
#IT Ite:1623 KerTime:0.178384 AccTime:320.819510
#IT Ite:1624 KerTime:0.175899 AccTime:320.995409
#IT Ite:1625 KerTime:0.189941 AccTime:321.185350
#IT Ite:1626 KerTime:0.187864 AccTime:321.373214
#IT Ite:1627 KerTime:0.192166 AccTime:321.565380
#IT Ite:1628 KerTime:0.216060 AccTime:321.781440
#IT Ite:1629 KerTime:0.197299 AccTime:321.978739
#IT Ite:1630 KerTime:0.225701 AccTime:322.204440
#IT Ite:1631 KerTime:0.213386 AccTime:322.417826
#IT Ite:1632 KerTime:0.180067 AccTime:322.597893
#IT Ite:1633 KerTime:0.200052 AccTime:322.797945
#IT Ite:1634 KerTime:0.193824 AccTime:322.991769
#IT Ite:1635 KerTime:0.217784 AccTime:323.209553
#IT Ite:1636 KerTime:0.222392 AccTime:323.431945
#IT Ite:1637 KerTime:0.227523 AccTime:323.659468
#IT Ite:1638 KerTime:0.217140 AccTime:323.876608
#IT Ite:1639 KerTime:0.195840 AccTime:324.072448
#IT Ite:1640 KerTime:0.197049 AccTime:324.269497
#IT Ite:1641 KerTime:0.212625 AccTime:324.482122
#IT Ite:1642 KerTime:0.210137 AccTime:324.692259
#IT Ite:1643 KerTime:0.194014 AccTime:324.886273
#IT Ite:1644 KerTime:0.215090 AccTime:325.101363
#IT Ite:1645 KerTime:0.209265 AccTime:325.310628
#IT Ite:1646 KerTime:0.210595 AccTime:325.521223
#IT Ite:1647 KerTime:0.216021 AccTime:325.737244
#IT Ite:1648 KerTime:0.215189 AccTime:325.952433
#IT Ite:1649 KerTime:0.215429 AccTime:326.167862
#IT Ite:1650 KerTime:0.206502 AccTime:326.374364
#IT Ite:1651 KerTime:0.183461 AccTime:326.557825
#IT Ite:1652 KerTime:0.197899 AccTime:326.755724
#IT Ite:1653 KerTime:0.199580 AccTime:326.955304
#IT Ite:1654 KerTime:0.186845 AccTime:327.142149
#IT Ite:1655 KerTime:0.192360 AccTime:327.334509
#IT Ite:1656 KerTime:0.198986 AccTime:327.533495
#IT Ite:1657 KerTime:0.197481 AccTime:327.730976
#IT Ite:1658 KerTime:0.194594 AccTime:327.925570
#IT Ite:1659 KerTime:0.198225 AccTime:328.123795
#IT Ite:1660 KerTime:0.194628 AccTime:328.318423
#IT Ite:1661 KerTime:0.212325 AccTime:328.530748
#IT Ite:1662 KerTime:0.203145 AccTime:328.733893
#IT Ite:1663 KerTime:0.212774 AccTime:328.946667
#IT Ite:1664 KerTime:0.202652 AccTime:329.149319
#IT Ite:1665 KerTime:0.218681 AccTime:329.368000
#IT Ite:1666 KerTime:0.218070 AccTime:329.586070
#IT Ite:1667 KerTime:0.219023 AccTime:329.805093
#IT Ite:1668 KerTime:0.232331 AccTime:330.037424
#IT Ite:1669 KerTime:0.209163 AccTime:330.246587
#IT Ite:1670 KerTime:0.212704 AccTime:330.459291
#IT Ite:1671 KerTime:0.206085 AccTime:330.665376
#IT Ite:1672 KerTime:0.216668 AccTime:330.882044
#IT Ite:1673 KerTime:0.205562 AccTime:331.087606
#IT Ite:1674 KerTime:0.181151 AccTime:331.268757
#IT Ite:1675 KerTime:0.204465 AccTime:331.473222
#IT Ite:1676 KerTime:0.189933 AccTime:331.663155
#IT Ite:1677 KerTime:0.187953 AccTime:331.851108
#IT Ite:1678 KerTime:0.196717 AccTime:332.047825
#IT Ite:1679 KerTime:0.179787 AccTime:332.227612
#IT Ite:1680 KerTime:0.208843 AccTime:332.436455
#IT Ite:1681 KerTime:0.211673 AccTime:332.648128
#IT Ite:1682 KerTime:0.212774 AccTime:332.860902
#IT Ite:1683 KerTime:0.189748 AccTime:333.050650
#IT Ite:1684 KerTime:0.200111 AccTime:333.250761
#IT Ite:1685 KerTime:0.179144 AccTime:333.429905
#IT Ite:1686 KerTime:0.209849 AccTime:333.639754
#IT Ite:1687 KerTime:0.209868 AccTime:333.849622
#IT Ite:1688 KerTime:0.197449 AccTime:334.047071
#IT Ite:1689 KerTime:0.198496 AccTime:334.245567
#IT Ite:1690 KerTime:0.197183 AccTime:334.442750
#IT Ite:1691 KerTime:0.209721 AccTime:334.652471
#IT Ite:1692 KerTime:0.219955 AccTime:334.872426
#IT Ite:1693 KerTime:0.194136 AccTime:335.066562
#IT Ite:1694 KerTime:0.203154 AccTime:335.269716
#IT Ite:1695 KerTime:0.215942 AccTime:335.485658
#IT Ite:1696 KerTime:0.207362 AccTime:335.693020
#IT Ite:1697 KerTime:0.191048 AccTime:335.884068
#IT Ite:1698 KerTime:0.206797 AccTime:336.090865
#IT Ite:1699 KerTime:0.198474 AccTime:336.289339
#IT Ite:1700 KerTime:0.199266 AccTime:336.488605
#IT Ite:1701 KerTime:0.213011 AccTime:336.701616
#IT Ite:1702 KerTime:0.198022 AccTime:336.899638
#IT Ite:1703 KerTime:0.197208 AccTime:337.096846
#IT Ite:1704 KerTime:0.214963 AccTime:337.311809
#IT Ite:1705 KerTime:0.217269 AccTime:337.529078
#IT Ite:1706 KerTime:0.221211 AccTime:337.750289
#IT Ite:1707 KerTime:0.178971 AccTime:337.929260
#IT Ite:1708 KerTime:0.186967 AccTime:338.116227
#IT Ite:1709 KerTime:0.203014 AccTime:338.319241
#IT Ite:1710 KerTime:0.214469 AccTime:338.533710
#IT Ite:1711 KerTime:0.195374 AccTime:338.729084
#IT Ite:1712 KerTime:0.191735 AccTime:338.920819
#IT Ite:1713 KerTime:0.215399 AccTime:339.136218
#IT Ite:1714 KerTime:0.227073 AccTime:339.363291
#IT Ite:1715 KerTime:0.223063 AccTime:339.586354
#IT Ite:1716 KerTime:0.215531 AccTime:339.801885
#IT Ite:1717 KerTime:0.213624 AccTime:340.015509
#IT Ite:1718 KerTime:0.198567 AccTime:340.214076
#IT Ite:1719 KerTime:0.213671 AccTime:340.427747
#IT Ite:1720 KerTime:0.194848 AccTime:340.622595
#IT Ite:1721 KerTime:0.198841 AccTime:340.821436
#IT Ite:1722 KerTime:0.194856 AccTime:341.016292
#IT Ite:1723 KerTime:0.220349 AccTime:341.236641
#IT Ite:1724 KerTime:0.194221 AccTime:341.430862
#IT Ite:1725 KerTime:0.185493 AccTime:341.616355
#IT Ite:1726 KerTime:0.200593 AccTime:341.816948
#IT Ite:1727 KerTime:0.221701 AccTime:342.038649
#IT Ite:1728 KerTime:0.198067 AccTime:342.236716
#IT Ite:1729 KerTime:0.199307 AccTime:342.436023
#IT Ite:1730 KerTime:0.210110 AccTime:342.646133
#IT Ite:1731 KerTime:0.197999 AccTime:342.844132
#IT Ite:1732 KerTime:0.203794 AccTime:343.047926
#IT Ite:1733 KerTime:0.200207 AccTime:343.248133
#IT Ite:1734 KerTime:0.226717 AccTime:343.474850
#IT Ite:1735 KerTime:0.231624 AccTime:343.706474
#IT Ite:1736 KerTime:0.204323 AccTime:343.910797
#IT Ite:1737 KerTime:0.202350 AccTime:344.113147
#IT Ite:1738 KerTime:0.207259 AccTime:344.320406
#IT Ite:1739 KerTime:0.197575 AccTime:344.517981
#IT Ite:1740 KerTime:0.183142 AccTime:344.701123
#IT Ite:1741 KerTime:0.202620 AccTime:344.903743
#IT Ite:1742 KerTime:0.221272 AccTime:345.125015
#IT Ite:1743 KerTime:0.219028 AccTime:345.344043
#IT Ite:1744 KerTime:0.217222 AccTime:345.561265
#IT Ite:1745 KerTime:0.201422 AccTime:345.762687
#IT Ite:1746 KerTime:0.199269 AccTime:345.961956
#IT Ite:1747 KerTime:0.200902 AccTime:346.162858
#IT Ite:1748 KerTime:0.190438 AccTime:346.353296
#IT Ite:1749 KerTime:0.194595 AccTime:346.547891
#IT Ite:1750 KerTime:0.185904 AccTime:346.733795
#IT Ite:1751 KerTime:0.199752 AccTime:346.933547
#IT Ite:1752 KerTime:0.213675 AccTime:347.147222
#IT Ite:1753 KerTime:0.223116 AccTime:347.370338
#IT Ite:1754 KerTime:0.208076 AccTime:347.578414
#IT Ite:1755 KerTime:0.221881 AccTime:347.800295
#IT Ite:1756 KerTime:0.218375 AccTime:348.018670
#IT Ite:1757 KerTime:0.219213 AccTime:348.237883
#IT Ite:1758 KerTime:0.217188 AccTime:348.455071
#IT Ite:1759 KerTime:0.181090 AccTime:348.636161
#IT Ite:1760 KerTime:0.200924 AccTime:348.837085
#IT Ite:1761 KerTime:0.221549 AccTime:349.058634
#IT Ite:1762 KerTime:0.183758 AccTime:349.242392
#IT Ite:1763 KerTime:0.180622 AccTime:349.423014
#IT Ite:1764 KerTime:0.174891 AccTime:349.597905
#IT Ite:1765 KerTime:0.187796 AccTime:349.785701
#IT Ite:1766 KerTime:0.169869 AccTime:349.955570
#IT Ite:1767 KerTime:0.165436 AccTime:350.121006
#IT Ite:1768 KerTime:0.169883 AccTime:350.290889
#IT Ite:1769 KerTime:0.197091 AccTime:350.487980
#IT Ite:1770 KerTime:0.182289 AccTime:350.670269
#IT Ite:1771 KerTime:0.197616 AccTime:350.867885
#IT Ite:1772 KerTime:0.201065 AccTime:351.068950
#IT Ite:1773 KerTime:0.196023 AccTime:351.264973
#IT Ite:1774 KerTime:0.190451 AccTime:351.455424
#IT Ite:1775 KerTime:0.180893 AccTime:351.636317
#IT Ite:1776 KerTime:0.189505 AccTime:351.825822
#IT Ite:1777 KerTime:0.179345 AccTime:352.005167
#IT Ite:1778 KerTime:0.199487 AccTime:352.204654
#IT Ite:1779 KerTime:0.200492 AccTime:352.405146
#IT Ite:1780 KerTime:0.195197 AccTime:352.600343
#IT Ite:1781 KerTime:0.207969 AccTime:352.808312
#IT Ite:1782 KerTime:0.192827 AccTime:353.001139
#IT Ite:1783 KerTime:0.203098 AccTime:353.204237
#IT Ite:1784 KerTime:0.213467 AccTime:353.417704
#IT Ite:1785 KerTime:0.209599 AccTime:353.627303
#IT Ite:1786 KerTime:0.198995 AccTime:353.826298
#IT Ite:1787 KerTime:0.196817 AccTime:354.023115
#IT Ite:1788 KerTime:0.215611 AccTime:354.238726
#IT Ite:1789 KerTime:0.215166 AccTime:354.453892
#IT Ite:1790 KerTime:0.197939 AccTime:354.651831
#IT Ite:1791 KerTime:0.178928 AccTime:354.830759
#IT Ite:1792 KerTime:0.186146 AccTime:355.016905
#IT Ite:1793 KerTime:0.192756 AccTime:355.209661
#IT Ite:1794 KerTime:0.182186 AccTime:355.391847
#IT Ite:1795 KerTime:0.191580 AccTime:355.583427
#IT Ite:1796 KerTime:0.197029 AccTime:355.780456
#IT Ite:1797 KerTime:0.214450 AccTime:355.994906
#IT Ite:1798 KerTime:0.183276 AccTime:356.178182
#IT Ite:1799 KerTime:0.201032 AccTime:356.379214
#IT Ite:1800 KerTime:0.198340 AccTime:356.577554
#IT Ite:1801 KerTime:0.195669 AccTime:356.773223
#IT Ite:1802 KerTime:0.200914 AccTime:356.974137
#IT Ite:1803 KerTime:0.226438 AccTime:357.200575
#IT Ite:1804 KerTime:0.197629 AccTime:357.398204
#IT Ite:1805 KerTime:0.194350 AccTime:357.592554
#IT Ite:1806 KerTime:0.229832 AccTime:357.822386
#IT Ite:1807 KerTime:0.215506 AccTime:358.037892
#IT Ite:1808 KerTime:0.202232 AccTime:358.240124
#IT Ite:1809 KerTime:0.223085 AccTime:358.463209
#IT Ite:1810 KerTime:0.211592 AccTime:358.674801
#IT Ite:1811 KerTime:0.213292 AccTime:358.888093
#IT Ite:1812 KerTime:0.215556 AccTime:359.103649
#IT Ite:1813 KerTime:0.199608 AccTime:359.303257
#IT Ite:1814 KerTime:0.201648 AccTime:359.504905
#IT Ite:1815 KerTime:0.204550 AccTime:359.709455
#IT Ite:1816 KerTime:0.197105 AccTime:359.906560
#IT Ite:1817 KerTime:0.201344 AccTime:360.107904
#IT Ite:1818 KerTime:0.191230 AccTime:360.299134
#IT Ite:1819 KerTime:0.192289 AccTime:360.491423
#IT Ite:1820 KerTime:0.211962 AccTime:360.703385
#IT Ite:1821 KerTime:0.197845 AccTime:360.901230
#IT Ite:1822 KerTime:0.228387 AccTime:361.129617
#IT Ite:1823 KerTime:0.213034 AccTime:361.342651
#IT Ite:1824 KerTime:0.212485 AccTime:361.555136
#IT Ite:1825 KerTime:0.210617 AccTime:361.765753
#IT Ite:1826 KerTime:0.195565 AccTime:361.961318
#IT Ite:1827 KerTime:0.212311 AccTime:362.173629
#IT Ite:1828 KerTime:0.196638 AccTime:362.370267
#IT Ite:1829 KerTime:0.179308 AccTime:362.549575
#IT Ite:1830 KerTime:0.195156 AccTime:362.744731
#IT Ite:1831 KerTime:0.217176 AccTime:362.961907
#IT Ite:1832 KerTime:0.213807 AccTime:363.175714
#IT Ite:1833 KerTime:0.179687 AccTime:363.355401
#IT Ite:1834 KerTime:0.189891 AccTime:363.545292
#IT Ite:1835 KerTime:0.196637 AccTime:363.741929
                                                                                                                                                                                                                                                                                                                                                                                                                                                                                                                                                                                                                                                                                                                                                                                                                                                                                                                                                                                                                                                                                                                                                                                                                                                                                                                                                                                                                                                                                                                                                           