#HEADER streams:1 size:1024 pyramidHeight:1 simTime:1000
#BEGIN Y:2016 M:12 D:11 Time:18:27:02
#IT Ite:0 KerTime:22.141056 AccTime:22.141056
#ERR stream: 0, p: [886, 750], r: 3.0773034667968750e+02, e: 3.0773031616210938e+02
#ERR stream: 0, p: [887, 748], r: 3.0772897338867188e+02, e: 3.0772894287109375e+02
#ERR stream: 0, p: [887, 749], r: 3.0772845458984375e+02, e: 3.0772842407226562e+02
#ERR stream: 0, p: [887, 750], r: 3.0772796630859375e+02, e: 3.0772793579101562e+02
#ERR stream: 0, p: [888, 742], r: 3.0772952270507812e+02, e: 3.0772949218750000e+02
#ERR stream: 0, p: [888, 743], r: 3.0772903442382812e+02, e: 3.0772900390625000e+02
#ERR stream: 0, p: [888, 744], r: 3.0772854614257812e+02, e: 3.0772851562500000e+02
#ERR stream: 0, p: [888, 747], r: 3.0772708129882812e+02, e: 3.0772705078125000e+02
#ERR stream: 0, p: [888, 748], r: 3.0772659301757812e+02, e: 3.0772653198242188e+02
#ERR stream: 0, p: [888, 749], r: 3.0772607421875000e+02, e: 3.0772604370117188e+02
#ERR stream: 0, p: [888, 750], r: 3.0772558593750000e+02, e: 3.0772555541992188e+02
#ERR stream: 0, p: [889, 745], r: 3.0772567749023438e+02, e: 3.0772564697265625e+02
#ERR stream: 0, p: [889, 746], r: 3.0772518920898438e+02, e: 3.0772515869140625e+02
#ERR stream: 0, p: [889, 747], r: 3.0772470092773438e+02, e: 3.0772467041015625e+02
#ERR stream: 0, p: [889, 748], r: 3.0772421264648438e+02, e: 3.0772415161132812e+02
#ERR stream: 0, p: [889, 749], r: 3.0772369384765625e+02, e: 3.0772366333007812e+02
#ERR stream: 0, p: [889, 750], r: 3.0772320556640625e+02, e: 3.0772317504882812e+02
#ERR stream: 0, p: [890, 747], r: 3.0772232055664062e+02, e: 3.0772229003906250e+02
#ERR stream: 0, p: [890, 748], r: 3.0772180175781250e+02, e: 3.0772177124023438e+02
#ERR stream: 0, p: [890, 749], r: 3.0772131347656250e+02, e: 3.0772128295898438e+02
#ERR stream: 0, p: [890, 750], r: 3.0772082519531250e+02, e: 3.0772079467773438e+02
#ERR stream: 0, p: [891, 748], r: 3.0771942138671875e+02, e: 3.0771939086914062e+02
#ERR stream: 0, p: [891, 749], r: 3.0771893310546875e+02, e: 3.0771890258789062e+02
#ERR stream: 0, p: [891, 750], r: 3.0771844482421875e+02, e: 3.0771841430664062e+02
#ERR stream: 0, p: [892, 748], r: 3.0771704101562500e+02, e: 3.0771701049804688e+02
#ERR stream: 0, p: [892, 749], r: 3.0771655273437500e+02, e: 3.0771652221679688e+02
#ERR stream: 0, p: [892, 750], r: 3.0771606445312500e+02, e: 3.0771603393554688e+02
#ERR stream: 0, p: [893, 748], r: 3.0771466064453125e+02, e: 3.0771463012695312e+02
#ERR stream: 0, p: [893, 749], r: 3.0771417236328125e+02, e: 3.0771414184570312e+02
#ERR stream: 0, p: [893, 750], r: 3.0771368408203125e+02, e: 3.0771365356445312e+02
#ERR stream: 0, p: [893, 751], r: 3.0771319580078125e+02, e: 3.0771316528320312e+02
#ERR stream: 0, p: [894, 749], r: 3.0771179199218750e+02, e: 3.0771176147460938e+02
#ERR stream: 0, p: [894, 750], r: 3.0771130371093750e+02, e: 3.0771127319335938e+02
#ERR stream: 0, p: [894, 751], r: 3.0771081542968750e+02, e: 3.0771078491210938e+02
#ERR stream: 0, p: [894, 752], r: 3.0771032714843750e+02, e: 3.0771029663085938e+02
#ERR stream: 0, p: [894, 753], r: 3.0770983886718750e+02, e: 3.0770980834960938e+02
#ERR stream: 0, p: [894, 754], r: 3.0770935058593750e+02, e: 3.0770932006835938e+02
#ERR stream: 0, p: [894, 755], r: 3.0770886230468750e+02, e: 3.0770883178710938e+02
#ERR stream: 0, p: [897, 769], r: 3.0769476318359375e+02, e: 3.0769473266601562e+02
#ERR stream: 0, p: [898, 756], r: 3.0769888305664062e+02, e: 3.0769885253906250e+02
#ERR stream: 0, p: [898, 768], r: 3.0769293212890625e+02, e: 3.0769290161132812e+02
#ERR stream: 0, p: [899, 755], r: 3.0769699096679688e+02, e: 3.0769696044921875e+02
#ERR stream: 0, p: [899, 757], r: 3.0769604492187500e+02, e: 3.0769601440429688e+02
#ERR stream: 0, p: [899, 767], r: 3.0769110107421875e+02, e: 3.0769107055664062e+02
#ERR stream: 0, p: [900, 754], r: 3.0769509887695312e+02, e: 3.0769506835937500e+02
#ERR stream: 0, p: [900, 756], r: 3.0769415283203125e+02, e: 3.0769412231445312e+02
#ERR stream: 0, p: [900, 762], r: 3.0769125366210938e+02, e: 3.0769122314453125e+02
#ERR stream: 0, p: [900, 766], r: 3.0768927001953125e+02, e: 3.0768923950195312e+02
#ERR stream: 0, p: [901, 753], r: 3.0769320678710938e+02, e: 3.0769317626953125e+02
#ERR stream: 0, p: [901, 755], r: 3.0769226074218750e+02, e: 3.0769223022460938e+02
#ERR stream: 0, p: [901, 762], r: 3.0768890380859375e+02, e: 3.0768887329101562e+02
#ERR stream: 0, p: [901, 767], r: 3.0768643188476562e+02, e: 3.0768640136718750e+02
#ERR stream: 0, p: [901, 768], r: 3.0768594360351562e+02, e: 3.0768591308593750e+02
#ERR stream: 0, p: [902, 752], r: 3.0769131469726562e+02, e: 3.0769128417968750e+02
#ERR stream: 0, p: [902, 754], r: 3.0769036865234375e+02, e: 3.0769033813476562e+02
#ERR stream: 0, p: [902, 762], r: 3.0768655395507812e+02, e: 3.0768652343750000e+02
#ERR stream: 0, p: [902, 766], r: 3.0768460083007812e+02, e: 3.0768457031250000e+02
#ERR stream: 0, p: [902, 767], r: 3.0768411254882812e+02, e: 3.0768408203125000e+02
#ERR stream: 0, p: [903, 743], r: 3.0769305419921875e+02, e: 3.0769302368164062e+02
#ERR stream: 0, p: [903, 746], r: 3.0769171142578125e+02, e: 3.0769168090820312e+02
#ERR stream: 0, p: [903, 762], r: 3.0768420410156250e+02, e: 3.0768417358398438e+02
#ERR stream: 0, p: [904, 733], r: 3.0769509887695312e+02, e: 3.0769506835937500e+02
#ERR stream: 0, p: [904, 742], r: 3.0769110107421875e+02, e: 3.0769107055664062e+02
#ERR stream: 0, p: [904, 744], r: 3.0769021606445312e+02, e: 3.0769018554687500e+02
#ERR stream: 0, p: [904, 762], r: 3.0768185424804688e+02, e: 3.0768182373046875e+02
#ERR stream: 0, p: [905, 734], r: 3.0769226074218750e+02, e: 3.0769223022460938e+02
#ERR stream: 0, p: [905, 741], r: 3.0768914794921875e+02, e: 3.0768911743164062e+02
#ERR stream: 0, p: [905, 743], r: 3.0768826293945312e+02, e: 3.0768823242187500e+02
#ERR stream: 0, p: [905, 762], r: 3.0767950439453125e+02, e: 3.0767947387695312e+02
#ERR stream: 0, p: [906, 734], r: 3.0768984985351562e+02, e: 3.0768981933593750e+02
#ERR stream: 0, p: [906, 740], r: 3.0768719482421875e+02, e: 3.0768716430664062e+02
#ERR stream: 0, p: [906, 742], r: 3.0768630981445312e+02, e: 3.0768627929687500e+02
#ERR stream: 0, p: [906, 762], r: 3.0767715454101562e+02, e: 3.0767712402343750e+02
#ERR stream: 0, p: [906, 770], r: 3.0767333984375000e+02, e: 3.0767330932617188e+02
#ERR stream: 0, p: [907, 731], r: 3.0768865966796875e+02, e: 3.0768862915039062e+02
#ERR stream: 0, p: [907, 733], r: 3.0768783569335938e+02, e: 3.0768780517578125e+02
#ERR stream: 0, p: [907, 734], r: 3.0768743896484375e+02, e: 3.0768740844726562e+02
#ERR stream: 0, p: [907, 739], r: 3.0768524169921875e+02, e: 3.0768521118164062e+02
#ERR stream: 0, p: [907, 741], r: 3.0768435668945312e+02, e: 3.0768432617187500e+02
#ERR stream: 0, p: [907, 762], r: 3.0767480468750000e+02, e: 3.0767477416992188e+02
#ERR stream: 0, p: [908, 731], r: 3.0768624877929688e+02, e: 3.0768621826171875e+02
#ERR stream: 0, p: [908, 733], r: 3.0768542480468750e+02, e: 3.0768539428710938e+02
#ERR stream: 0, p: [908, 734], r: 3.0768502807617188e+02, e: 3.0768499755859375e+02
#ERR stream: 0, p: [908, 737], r: 3.0768371582031250e+02, e: 3.0768368530273438e+02
#ERR stream: 0, p: [908, 738], r: 3.0768328857421875e+02, e: 3.0768325805664062e+02
#ERR stream: 0, p: [908, 740], r: 3.0768240356445312e+02, e: 3.0768237304687500e+02
#ERR stream: 0, p: [908, 741], r: 3.0768197631835938e+02, e: 3.0768194580078125e+02
#ERR stream: 0, p: [908, 762], r: 3.0767245483398438e+02, e: 3.0767242431640625e+02
#ERR stream: 0, p: [908, 768], r: 3.0766961669921875e+02, e: 3.0766958618164062e+02
#ERR stream: 0, p: [908, 769], r: 3.0766915893554688e+02, e: 3.0766912841796875e+02
#ERR stream: 0, p: [908, 771], r: 3.0766821289062500e+02, e: 3.0766818237304688e+02
#ERR stream: 0, p: [909, 728], r: 3.0768505859375000e+02, e: 3.0768502807617188e+02
#ERR stream: 0, p: [909, 731], r: 3.0768383789062500e+02, e: 3.0768380737304688e+02
#ERR stream: 0, p: [909, 733], r: 3.0768301391601562e+02, e: 3.0768298339843750e+02
#ERR stream: 0, p: [909, 734], r: 3.0768261718750000e+02, e: 3.0768258666992188e+02
#ERR stream: 0, p: [909, 739], r: 3.0768045043945312e+02, e: 3.0768041992187500e+02
#ERR stream: 0, p: [909, 740], r: 3.0768002319335938e+02, e: 3.0767999267578125e+02
#ERR stream: 0, p: [909, 744], r: 3.0767828369140625e+02, e: 3.0767825317382812e+02
#ERR stream: 0, p: [909, 762], r: 3.0767010498046875e+02, e: 3.0767007446289062e+02
#ERR stream: 0, p: [909, 766], r: 3.0766821289062500e+02, e: 3.0766818237304688e+02
#ERR stream: 0, p: [909, 771], r: 3.0766589355468750e+02, e: 3.0766586303710938e+02
#ERR stream: 0, p: [910, 727], r: 3.0768304443359375e+02, e: 3.0768301391601562e+02
#ERR stream: 0, p: [910, 728], r: 3.0768264770507812e+02, e: 3.0768261718750000e+02
#ERR stream: 0, p: [910, 731], r: 3.0768142700195312e+02, e: 3.0768139648437500e+02
#ERR stream: 0, p: [910, 733], r: 3.0768060302734375e+02, e: 3.0768057250976562e+02
#ERR stream: 0, p: [910, 734], r: 3.0768020629882812e+02, e: 3.0768017578125000e+02
#ERR stream: 0, p: [910, 736], r: 3.0767935180664062e+02, e: 3.0767932128906250e+02
#ERR stream: 0, p: [910, 737], r: 3.0767892456054688e+02, e: 3.0767889404296875e+02
#ERR stream: 0, p: [910, 738], r: 3.0767849731445312e+02, e: 3.0767846679687500e+02
#ERR stream: 0, p: [910, 739], r: 3.0767807006835938e+02, e: 3.0767803955078125e+02
#ERR stream: 0, p: [910, 740], r: 3.0767764282226562e+02, e: 3.0767761230468750e+02
#ERR stream: 0, p: [910, 743], r: 3.0767633056640625e+02, e: 3.0767630004882812e+02
#ERR stream: 0, p: [910, 767], r: 3.0766543579101562e+02, e: 3.0766540527343750e+02
#ERR stream: 0, p: [910, 770], r: 3.0766403198242188e+02, e: 3.0766400146484375e+02
#ERR stream: 0, p: [910, 771], r: 3.0766357421875000e+02, e: 3.0766354370117188e+02
#ERR stream: 0, p: [910, 774], r: 3.0766213989257812e+02, e: 3.0766210937500000e+02
#ERR stream: 0, p: [911, 726], r: 3.0768103027343750e+02, e: 3.0768099975585938e+02
#ERR stream: 0, p: [911, 727], r: 3.0768063354492188e+02, e: 3.0768060302734375e+02
#ERR stream: 0, p: [911, 728], r: 3.0768023681640625e+02, e: 3.0768020629882812e+02
#ERR stream: 0, p: [911, 731], r: 3.0767901611328125e+02, e: 3.0767898559570312e+02
#ERR stream: 0, p: [911, 733], r: 3.0767819213867188e+02, e: 3.0767816162109375e+02
#ERR stream: 0, p: [911, 734], r: 3.0767779541015625e+02, e: 3.0767776489257812e+02
#ERR stream: 0, p: [911, 742], r: 3.0767437744140625e+02, e: 3.0767434692382812e+02
#ERR stream: 0, p: [911, 756], r: 3.0766815185546875e+02, e: 3.0766812133789062e+02
#ERR stream: 0, p: [911, 757], r: 3.0766772460937500e+02, e: 3.0766769409179688e+02
#ERR stream: 0, p: [911, 764], r: 3.0766448974609375e+02, e: 3.0766445922851562e+02
#ERR stream: 0, p: [911, 765], r: 3.0766403198242188e+02, e: 3.0766400146484375e+02
#ERR stream: 0, p: [911, 769], r: 3.0766217041015625e+02, e: 3.0766213989257812e+02
#ERR stream: 0, p: [911, 770], r: 3.0766171264648438e+02, e: 3.0766168212890625e+02
#ERR stream: 0, p: [912, 725], r: 3.0767901611328125e+02, e: 3.0767898559570312e+02
#ERR stream: 0, p: [912, 726], r: 3.0767861938476562e+02, e: 3.0767858886718750e+02
#ERR stream: 0, p: [912, 727], r: 3.0767822265625000e+02, e: 3.0767819213867188e+02
#ERR stream: 0, p: [912, 728], r: 3.0767782592773438e+02, e: 3.0767779541015625e+02
#ERR stream: 0, p: [912, 731], r: 3.0767660522460938e+02, e: 3.0767657470703125e+02
#ERR stream: 0, p: [912, 733], r: 3.0767578125000000e+02, e: 3.0767575073242188e+02
#ERR stream: 0, p: [912, 734], r: 3.0767538452148438e+02, e: 3.0767535400390625e+02
#ERR stream: 0, p: [912, 740], r: 3.0767285156250000e+02, e: 3.0767282104492188e+02
#ERR stream: 0, p: [912, 741], r: 3.0767242431640625e+02, e: 3.0767239379882812e+02
#ERR stream: 0, p: [912, 757], r: 3.0766537475585938e+02, e: 3.0766534423828125e+02
#ERR stream: 0, p: [912, 758], r: 3.0766491699218750e+02, e: 3.0766488647460938e+02
#ERR stream: 0, p: [912, 760], r: 3.0766400146484375e+02, e: 3.0766397094726562e+02
#ERR stream: 0, p: [912, 763], r: 3.0766262817382812e+02, e: 3.0766259765625000e+02
#ERR stream: 0, p: [912, 767], r: 3.0766076660156250e+02, e: 3.0766073608398438e+02
#ERR stream: 0, p: [912, 768], r: 3.0766030883789062e+02, e: 3.0766027832031250e+02
#ERR stream: 0, p: [912, 769], r: 3.0765985107421875e+02, e: 3.0765982055664062e+02
#ERR stream: 0, p: [912, 770], r: 3.0765939331054688e+02, e: 3.0765936279296875e+02
#ERR stream: 0, p: [912, 772], r: 3.0765844726562500e+02, e: 3.0765841674804688e+02
#ERR stream: 0, p: [913, 724], r: 3.0767700195312500e+02, e: 3.0767697143554688e+02
#ERR stream: 0, p: [913, 726], r: 3.0767620849609375e+02, e: 3.0767617797851562e+02
#ERR stream: 0, p: [913, 727], r: 3.0767581176757812e+02, e: 3.0767578125000000e+02
#ERR stream: 0, p: [913, 731], r: 3.0767419433593750e+02, e: 3.0767416381835938e+02
#ERR stream: 0, p: [913, 733], r: 3.0767337036132812e+02, e: 3.0767333984375000e+02
#ERR stream: 0, p: [913, 734], r: 3.0767297363281250e+02, e: 3.0767294311523438e+02
#ERR stream: 0, p: [913, 737], r: 3.0767172241210938e+02, e: 3.0767169189453125e+02
#ERR stream: 0, p: [913, 755], r: 3.0766387939453125e+02, e: 3.0766384887695312e+02
#ERR stream: 0, p: [913, 756], r: 3.0766345214843750e+02, e: 3.0766342163085938e+02
#ERR stream: 0, p: [913, 757], r: 3.0766302490234375e+02, e: 3.0766299438476562e+02
#ERR stream: 0, p: [913, 763], r: 3.0766027832031250e+02, e: 3.0766024780273438e+02
#ERR stream: 0, p: [913, 765], r: 3.0765936279296875e+02, e: 3.0765933227539062e+02
#ERR stream: 0, p: [913, 766], r: 3.0765890502929688e+02, e: 3.0765887451171875e+02
#ERR stream: 0, p: [913, 768], r: 3.0765798950195312e+02, e: 3.0765795898437500e+02
#ERR stream: 0, p: [913, 781], r: 3.0765179443359375e+02, e: 3.0765176391601562e+02
#ERR stream: 0, p: [914, 723], r: 3.0767498779296875e+02, e: 3.0767495727539062e+02
#ERR stream: 0, p: [914, 725], r: 3.0767419433593750e+02, e: 3.0767416381835938e+02
#ERR stream: 0, p: [914, 726], r: 3.0767379760742188e+02, e: 3.0767376708984375e+02
#ERR stream: 0, p: [914, 728], r: 3.0767300415039062e+02, e: 3.0767297363281250e+02
#ERR stream: 0, p: [914, 731], r: 3.0767178344726562e+02, e: 3.0767175292968750e+02
#ERR stream: 0, p: [914, 733], r: 3.0767095947265625e+02, e: 3.0767092895507812e+02
#ERR stream: 0, p: [914, 734], r: 3.0767056274414062e+02, e: 3.0767053222656250e+02
#ERR stream: 0, p: [914, 738], r: 3.0766888427734375e+02, e: 3.0766885375976562e+02
#ERR stream: 0, p: [914, 739], r: 3.0766848754882812e+02, e: 3.0766845703125000e+02
#ERR stream: 0, p: [914, 752], r: 3.0766287231445312e+02, e: 3.0766284179687500e+02
#ERR stream: 0, p: [914, 756], r: 3.0766110229492188e+02, e: 3.0766107177734375e+02
#ERR stream: 0, p: [914, 757], r: 3.0766067504882812e+02, e: 3.0766064453125000e+02
#ERR stream: 0, p: [914, 758], r: 3.0766021728515625e+02, e: 3.0766018676757812e+02
#ERR stream: 0, p: [914, 760], r: 3.0765933227539062e+02, e: 3.0765930175781250e+02
#ERR stream: 0, p: [914, 762], r: 3.0765841674804688e+02, e: 3.0765838623046875e+02
#ERR stream: 0, p: [914, 770], r: 3.0765472412109375e+02, e: 3.0765469360351562e+02
#ERR stream: 0, p: [914, 771], r: 3.0765426635742188e+02, e: 3.0765423583984375e+02
#ERR stream: 0, p: [914, 773], r: 3.0765332031250000e+02, e: 3.0765328979492188e+02
#ERR stream: 0, p: [914, 774], r: 3.0765286254882812e+02, e: 3.0765283203125000e+02
#ERR stream: 0, p: [914, 780], r: 3.0764996337890625e+02, e: 3.0764993286132812e+02
#ERR stream: 0, p: [914, 781], r: 3.0764950561523438e+02, e: 3.0764947509765625e+02
#ERR stream: 0, p: [915, 731], r: 3.0766937255859375e+02, e: 3.0766934204101562e+02
#ERR stream: 0, p: [915, 733], r: 3.0766854858398438e+02, e: 3.0766851806640625e+02
#ERR stream: 0, p: [915, 734], r: 3.0766815185546875e+02, e: 3.0766812133789062e+02
#ERR stream: 0, p: [915, 736], r: 3.0766732788085938e+02, e: 3.0766729736328125e+02
#ERR stream: 0, p: [915, 739], r: 3.0766607666015625e+02, e: 3.0766604614257812e+02
#ERR stream: 0, p: [915, 753], r: 3.0766006469726562e+02, e: 3.0766003417968750e+02
#ERR stream: 0, p: [915, 755], r: 3.0765917968750000e+02, e: 3.0765914916992188e+02
#ERR stream: 0, p: [915, 756], r: 3.0765875244140625e+02, e: 3.0765872192382812e+02
#ERR stream: 0, p: [915, 757], r: 3.0765832519531250e+02, e: 3.0765829467773438e+02
#ERR stream: 0, p: [915, 758], r: 3.0765786743164062e+02, e: 3.0765783691406250e+02
#ERR stream: 0, p: [915, 761], r: 3.0765652465820312e+02, e: 3.0765649414062500e+02
#ERR stream: 0, p: [915, 762], r: 3.0765606689453125e+02, e: 3.0765603637695312e+02
#ERR stream: 0, p: [915, 764], r: 3.0765515136718750e+02, e: 3.0765512084960938e+02
#ERR stream: 0, p: [915, 766], r: 3.0765423583984375e+02, e: 3.0765420532226562e+02
#ERR stream: 0, p: [915, 768], r: 3.0765332031250000e+02, e: 3.0765328979492188e+02
#ERR stream: 0, p: [915, 769], r: 3.0765286254882812e+02, e: 3.0765283203125000e+02
#ERR stream: 0, p: [915, 770], r: 3.0765240478515625e+02, e: 3.0765237426757812e+02
#ERR stream: 0, p: [915, 771], r: 3.0765194702148438e+02, e: 3.0765191650390625e+02
#ERR stream: 0, p: [915, 773], r: 3.0765100097656250e+02, e: 3.0765097045898438e+02
#ERR stream: 0, p: [915, 774], r: 3.0765054321289062e+02, e: 3.0765051269531250e+02
#ERR stream: 0, p: [915, 779], r: 3.0764813232421875e+02, e: 3.0764810180664062e+02
#ERR stream: 0, p: [916, 726], r: 3.0766894531250000e+02, e: 3.0766891479492188e+02
#ERR stream: 0, p: [916, 731], r: 3.0766696166992188e+02, e: 3.0766693115234375e+02
#ERR stream: 0, p: [916, 733], r: 3.0766613769531250e+02, e: 3.0766610717773438e+02
#ERR stream: 0, p: [916, 734], r: 3.0766574096679688e+02, e: 3.0766571044921875e+02
#ERR stream: 0, p: [916, 736], r: 3.0766491699218750e+02, e: 3.0766488647460938e+02
#ERR stream: 0, p: [916, 737], r: 3.0766452026367188e+02, e: 3.0766448974609375e+02
#ERR stream: 0, p: [916, 752], r: 3.0765814208984375e+02, e: 3.0765811157226562e+02
#ERR stream: 0, p: [916, 755], r: 3.0765682983398438e+02, e: 3.0765679931640625e+02
#ERR stream: 0, p: [916, 756], r: 3.0765640258789062e+02, e: 3.0765637207031250e+02
#ERR stream: 0, p: [916, 757], r: 3.0765597534179688e+02, e: 3.0765591430664062e+02
#ERR stream: 0, p: [916, 758], r: 3.0765551757812500e+02, e: 3.0765548706054688e+02
#ERR stream: 0, p: [916, 760], r: 3.0765463256835938e+02, e: 3.0765460205078125e+02
#ERR stream: 0, p: [916, 761], r: 3.0765417480468750e+02, e: 3.0765414428710938e+02
#ERR stream: 0, p: [916, 763], r: 3.0765325927734375e+02, e: 3.0765322875976562e+02
#ERR stream: 0, p: [916, 769], r: 3.0765054321289062e+02, e: 3.0765051269531250e+02
#ERR stream: 0, p: [916, 771], r: 3.0764962768554688e+02, e: 3.0764959716796875e+02
#ERR stream: 0, p: [916, 773], r: 3.0764868164062500e+02, e: 3.0764865112304688e+02
#ERR stream: 0, p: [916, 774], r: 3.0764822387695312e+02, e: 3.0764819335937500e+02
#ERR stream: 0, p: [916, 778], r: 3.0764633178710938e+02, e: 3.0764627075195312e+02
#ERR stream: 0, p: [916, 782], r: 3.0764440917968750e+02, e: 3.0764437866210938e+02
#ERR stream: 0, p: [917, 731], r: 3.0766455078125000e+02, e: 3.0766452026367188e+02
#ERR stream: 0, p: [917, 732], r: 3.0766415405273438e+02, e: 3.0766412353515625e+02
#ERR stream: 0, p: [917, 734], r: 3.0766333007812500e+02, e: 3.0766329956054688e+02
#ERR stream: 0, p: [917, 735], r: 3.0766293334960938e+02, e: 3.0766290283203125e+02
#ERR stream: 0, p: [917, 737], r: 3.0766210937500000e+02, e: 3.0766207885742188e+02
#ERR stream: 0, p: [917, 738], r: 3.0766171264648438e+02, e: 3.0766168212890625e+02
#ERR stream: 0, p: [917, 752], r: 3.0765579223632812e+02, e: 3.0765576171875000e+02
#ERR stream: 0, p: [917, 754], r: 3.0765490722656250e+02, e: 3.0765487670898438e+02
#ERR stream: 0, p: [917, 755], r: 3.0765447998046875e+02, e: 3.0765444946289062e+02
#ERR stream: 0, p: [917, 756], r: 3.0765405273437500e+02, e: 3.0765402221679688e+02
#ERR stream: 0, p: [917, 757], r: 3.0765362548828125e+02, e: 3.0765356445312500e+02
#ERR stream: 0, p: [917, 758], r: 3.0765316772460938e+02, e: 3.0765313720703125e+02
#ERR stream: 0, p: [917, 760], r: 3.0765228271484375e+02, e: 3.0765225219726562e+02
#ERR stream: 0, p: [917, 761], r: 3.0765182495117188e+02, e: 3.0765179443359375e+02
#ERR stream: 0, p: [917, 762], r: 3.0765136718750000e+02, e: 3.0765133666992188e+02
#ERR stream: 0, p: [917, 771], r: 3.0764727783203125e+02, e: 3.0764724731445312e+02
#ERR stream: 0, p: [917, 773], r: 3.0764636230468750e+02, e: 3.0764633178710938e+02
#ERR stream: 0, p: [917, 774], r: 3.0764590454101562e+02, e: 3.0764587402343750e+02
#ERR stream: 0, p: [917, 777], r: 3.0764447021484375e+02, e: 3.0764443969726562e+02
#ERR stream: 0, p: [917, 781], r: 3.0764257812500000e+02, e: 3.0764254760742188e+02
#ERR stream: 0, p: [917, 782], r: 3.0764212036132812e+02, e: 3.0764208984375000e+02
#ERR stream: 0, p: [918, 726], r: 3.0766412353515625e+02, e: 3.0766409301757812e+02
#ERR stream: 0, p: [918, 730], r: 3.0766256713867188e+02, e: 3.0766253662109375e+02
#ERR stream: 0, p: [918, 732], r: 3.0766174316406250e+02, e: 3.0766171264648438e+02
#ERR stream: 0, p: [918, 733], r: 3.0766134643554688e+02, e: 3.0766131591796875e+02
#ERR stream: 0, p: [918, 735], r: 3.0766052246093750e+02, e: 3.0766049194335938e+02
#ERR stream: 0, p: [918, 736], r: 3.0766012573242188e+02, e: 3.0766009521484375e+02
#ERR stream: 0, p: [918, 754], r: 3.0765255737304688e+02, e: 3.0765252685546875e+02
#ERR stream: 0, p: [918, 755], r: 3.0765213012695312e+02, e: 3.0765206909179688e+02
#ERR stream: 0, p: [918, 756], r: 3.0765170288085938e+02, e: 3.0765164184570312e+02
#ERR stream: 0, p: [918, 757], r: 3.0765127563476562e+02, e: 3.0765121459960938e+02
#ERR stream: 0, p: [918, 758], r: 3.0765081787109375e+02, e: 3.0765078735351562e+02
#ERR stream: 0, p: [918, 760], r: 3.0764993286132812e+02, e: 3.0764990234375000e+02
#ERR stream: 0, p: [918, 761], r: 3.0764947509765625e+02, e: 3.0764944458007812e+02
#ERR stream: 0, p: [918, 763], r: 3.0764859008789062e+02, e: 3.0764855957031250e+02
#ERR stream: 0, p: [918, 768], r: 3.0764630126953125e+02, e: 3.0764627075195312e+02
#ERR stream: 0, p: [918, 770], r: 3.0764541625976562e+02, e: 3.0764538574218750e+02
#ERR stream: 0, p: [918, 771], r: 3.0764495849609375e+02, e: 3.0764492797851562e+02
#ERR stream: 0, p: [918, 772], r: 3.0764450073242188e+02, e: 3.0764447021484375e+02
#ERR stream: 0, p: [918, 773], r: 3.0764404296875000e+02, e: 3.0764401245117188e+02
#ERR stream: 0, p: [918, 774], r: 3.0764358520507812e+02, e: 3.0764355468750000e+02
#ERR stream: 0, p: [918, 776], r: 3.0764263916015625e+02, e: 3.0764260864257812e+02
#ERR stream: 0, p: [918, 777], r: 3.0764218139648438e+02, e: 3.0764215087890625e+02
#ERR stream: 0, p: [918, 780], r: 3.0764074707031250e+02, e: 3.0764071655273438e+02
#ERR stream: 0, p: [918, 783], r: 3.0763934326171875e+02, e: 3.0763931274414062e+02
#ERR stream: 0, p: [919, 726], r: 3.0766171264648438e+02, e: 3.0766168212890625e+02
#ERR stream: 0, p: [919, 729], r: 3.0766055297851562e+02, e: 3.0766052246093750e+02
#ERR stream: 0, p: [919, 731], r: 3.0765975952148438e+02, e: 3.0765969848632812e+02
#ERR stream: 0, p: [919, 734], r: 3.0765853881835938e+02, e: 3.0765850830078125e+02
#ERR stream: 0, p: [919, 755], r: 3.0764974975585938e+02, e: 3.0764971923828125e+02
#ERR stream: 0, p: [919, 756], r: 3.0764932250976562e+02, e: 3.0764929199218750e+02
#ERR stream: 0, p: [919, 757], r: 3.0764892578125000e+02, e: 3.0764886474609375e+02
#ERR stream: 0, p: [919, 758], r: 3.0764846801757812e+02, e: 3.0764843750000000e+02
#ERR stream: 0, p: [919, 760], r: 3.0764758300781250e+02, e: 3.0764755249023438e+02
#ERR stream: 0, p: [919, 761], r: 3.0764712524414062e+02, e: 3.0764709472656250e+02
#ERR stream: 0, p: [919, 762], r: 3.0764669799804688e+02, e: 3.0764666748046875e+02
#ERR stream: 0, p: [919, 767], r: 3.0764443969726562e+02, e: 3.0764437866210938e+02
#ERR stream: 0, p: [919, 768], r: 3.0764398193359375e+02, e: 3.0764395141601562e+02
#ERR stream: 0, p: [919, 770], r: 3.0764309692382812e+02, e: 3.0764306640625000e+02
#ERR stream: 0, p: [919, 771], r: 3.0764263916015625e+02, e: 3.0764260864257812e+02
#ERR stream: 0, p: [919, 772], r: 3.0764218139648438e+02, e: 3.0764215087890625e+02
#ERR stream: 0, p: [919, 773], r: 3.0764172363281250e+02, e: 3.0764169311523438e+02
#ERR stream: 0, p: [919, 774], r: 3.0764126586914062e+02, e: 3.0764123535156250e+02
#ERR stream: 0, p: [919, 776], r: 3.0764031982421875e+02, e: 3.0764028930664062e+02
#ERR stream: 0, p: [919, 777], r: 3.0763986206054688e+02, e: 3.0763983154296875e+02
#ERR stream: 0, p: [919, 779], r: 3.0763891601562500e+02, e: 3.0763888549804688e+02
#ERR stream: 0, p: [919, 782], r: 3.0763754272460938e+02, e: 3.0763751220703125e+02
#ERR stream: 0, p: [920, 715], r: 3.0766345214843750e+02, e: 3.0766342163085938e+02
#ERR stream: 0, p: [920, 719], r: 3.0766195678710938e+02, e: 3.0766192626953125e+02
#ERR stream: 0, p: [920, 726], r: 3.0765930175781250e+02, e: 3.0765927124023438e+02
#ERR stream: 0, p: [920, 729], r: 3.0765814208984375e+02, e: 3.0765811157226562e+02
#ERR stream: 0, p: [920, 730], r: 3.0765774536132812e+02, e: 3.0765771484375000e+02
#ERR stream: 0, p: [920, 732], r: 3.0765695190429688e+02, e: 3.0765692138671875e+02
#ERR stream: 0, p: [920, 752], r: 3.0764868164062500e+02, e: 3.0764865112304688e+02
#ERR stream: 0, p: [920, 753], r: 3.0764825439453125e+02, e: 3.0764822387695312e+02
#ERR stream: 0, p: [920, 754], r: 3.0764782714843750e+02, e: 3.0764779663085938e+02
#ERR stream: 0, p: [920, 755], r: 3.0764739990234375e+02, e: 3.0764736938476562e+02
#ERR stream: 0, p: [920, 756], r: 3.0764700317382812e+02, e: 3.0764694213867188e+02
#ERR stream: 0, p: [920, 757], r: 3.0764657592773438e+02, e: 3.0764651489257812e+02
#ERR stream: 0, p: [920, 758], r: 3.0764611816406250e+02, e: 3.0764608764648438e+02
#ERR stream: 0, p: [920, 760], r: 3.0764523315429688e+02, e: 3.0764520263671875e+02
#ERR stream: 0, p: [920, 761], r: 3.0764480590820312e+02, e: 3.0764474487304688e+02
#ERR stream: 0, p: [920, 766], r: 3.0764254760742188e+02, e: 3.0764248657226562e+02
#ERR stream: 0, p: [920, 767], r: 3.0764208984375000e+02, e: 3.0764205932617188e+02
#ERR stream: 0, p: [920, 769], r: 3.0764120483398438e+02, e: 3.0764117431640625e+02
#ERR stream: 0, p: [920, 772], r: 3.0763986206054688e+02, e: 3.0763983154296875e+02
#ERR stream: 0, p: [920, 773], r: 3.0763940429687500e+02, e: 3.0763937377929688e+02
#ERR stream: 0, p: [920, 776], r: 3.0763800048828125e+02, e: 3.0763796997070312e+02
#ERR stream: 0, p: [920, 783], r: 3.0763476562500000e+02, e: 3.0763473510742188e+02
#ERR stream: 0, p: [921, 716], r: 3.0766064453125000e+02, e: 3.0766061401367188e+02
#ERR stream: 0, p: [921, 720], r: 3.0765914916992188e+02, e: 3.0765911865234375e+02
#ERR stream: 0, p: [921, 726], r: 3.0765689086914062e+02, e: 3.0765686035156250e+02
#ERR stream: 0, p: [921, 729], r: 3.0765573120117188e+02, e: 3.0765570068359375e+02
#ERR stream: 0, p: [921, 730], r: 3.0765533447265625e+02, e: 3.0765530395507812e+02
#ERR stream: 0, p: [921, 732], r: 3.0765454101562500e+02, e: 3.0765451049804688e+02
#ERR stream: 0, p: [921, 751], r: 3.0764675903320312e+02, e: 3.0764672851562500e+02
#ERR stream: 0, p: [921, 752], r: 3.0764633178710938e+02, e: 3.0764630126953125e+02
#ERR stream: 0, p: [921, 753], r: 3.0764590454101562e+02, e: 3.0764587402343750e+02
#ERR stream: 0, p: [921, 754], r: 3.0764547729492188e+02, e: 3.0764544677734375e+02
#ERR stream: 0, p: [921, 755], r: 3.0764505004882812e+02, e: 3.0764501953125000e+02
#ERR stream: 0, p: [921, 756], r: 3.0764462280273438e+02, e: 3.0764459228515625e+02
#ERR stream: 0, p: [921, 757], r: 3.0764422607421875e+02, e: 3.0764416503906250e+02
#ERR stream: 0, p: [921, 758], r: 3.0764376831054688e+02, e: 3.0764373779296875e+02
#ERR stream: 0, p: [921, 759], r: 3.0764334106445312e+02, e: 3.0764331054687500e+02
#ERR stream: 0, p: [921, 760], r: 3.0764288330078125e+02, e: 3.0764285278320312e+02
#ERR stream: 0, p: [921, 762], r: 3.0764199829101562e+02, e: 3.0764196777343750e+02
#ERR stream: 0, p: [921, 765], r: 3.0764065551757812e+02, e: 3.0764059448242188e+02
#ERR stream: 0, p: [921, 766], r: 3.0764022827148438e+02, e: 3.0764016723632812e+02
#ERR stream: 0, p: [921, 769], r: 3.0763888549804688e+02, e: 3.0763885498046875e+02
#ERR stream: 0, p: [921, 772], r: 3.0763754272460938e+02, e: 3.0763751220703125e+02
#ERR stream: 0, p: [921, 777], r: 3.0763525390625000e+02, e: 3.0763522338867188e+02
#ERR stream: 0, p: [921, 778], r: 3.0763479614257812e+02, e: 3.0763476562500000e+02
#ERR stream: 0, p: [922, 713], r: 3.0765933227539062e+02, e: 3.0765930175781250e+02
#ERR stream: 0, p: [922, 714], r: 3.0765896606445312e+02, e: 3.0765893554687500e+02
#ERR stream: 0, p: [922, 715], r: 3.0765859985351562e+02, e: 3.0765856933593750e+02
#ERR stream: 0, p: [922, 717], r: 3.0765783691406250e+02, e: 3.0765780639648438e+02
#ERR stream: 0, p: [922, 726], r: 3.0765447998046875e+02, e: 3.0765444946289062e+02
#ERR stream: 0, p: [922, 729], r: 3.0765332031250000e+02, e: 3.0765328979492188e+02
#ERR stream: 0, p: [922, 731], r: 3.0765252685546875e+02, e: 3.0765249633789062e+02
#ERR stream: 0, p: [922, 750], r: 3.0764480590820312e+02, e: 3.0764477539062500e+02
#ERR stream: 0, p: [922, 751], r: 3.0764437866210938e+02, e: 3.0764434814453125e+02
#ERR stream: 0, p: [922, 752], r: 3.0764395141601562e+02, e: 3.0764392089843750e+02
#ERR stream: 0, p: [922, 753], r: 3.0764352416992188e+02, e: 3.0764349365234375e+02
#ERR stream: 0, p: [922, 754], r: 3.0764309692382812e+02, e: 3.0764306640625000e+02
#ERR stream: 0, p: [922, 755], r: 3.0764266967773438e+02, e: 3.0764263916015625e+02
#ERR stream: 0, p: [922, 756], r: 3.0764230346679688e+02, e: 3.0764224243164062e+02
#ERR stream: 0, p: [922, 757], r: 3.0764187622070312e+02, e: 3.0764181518554688e+02
#ERR stream: 0, p: [922, 758], r: 3.0764141845703125e+02, e: 3.0764138793945312e+02
#ERR stream: 0, p: [922, 761], r: 3.0764010620117188e+02, e: 3.0764004516601562e+02
#ERR stream: 0, p: [922, 764], r: 3.0763876342773438e+02, e: 3.0763873291015625e+02
#ERR stream: 0, p: [922, 765], r: 3.0763833618164062e+02, e: 3.0763827514648438e+02
#ERR stream: 0, p: [922, 766], r: 3.0763787841796875e+02, e: 3.0763784790039062e+02
#ERR stream: 0, p: [922, 772], r: 3.0763522338867188e+02, e: 3.0763519287109375e+02
#ERR stream: 0, p: [922, 774], r: 3.0763433837890625e+02, e: 3.0763430786132812e+02
#ERR stream: 0, p: [922, 775], r: 3.0763388061523438e+02, e: 3.0763385009765625e+02
#ERR stream: 0, p: [922, 776], r: 3.0763342285156250e+02, e: 3.0763339233398438e+02
#ERR stream: 0, p: [922, 777], r: 3.0763296508789062e+02, e: 3.0763293457031250e+02
#ERR stream: 0, p: [923, 716], r: 3.0765579223632812e+02, e: 3.0765576171875000e+02
#ERR stream: 0, p: [923, 717], r: 3.0765542602539062e+02, e: 3.0765539550781250e+02
#ERR stream: 0, p: [923, 730], r: 3.0765051269531250e+02, e: 3.0765048217773438e+02
#ERR stream: 0, p: [923, 732], r: 3.0764974975585938e+02, e: 3.0764971923828125e+02
#ERR stream: 0, p: [923, 737], r: 3.0764776611328125e+02, e: 3.0764773559570312e+02
#ERR stream: 0, p: [923, 749], r: 3.0764285278320312e+02, e: 3.0764282226562500e+02
#ERR stream: 0, p: [923, 750], r: 3.0764242553710938e+02, e: 3.0764239501953125e+02
#ERR stream: 0, p: [923, 751], r: 3.0764199829101562e+02, e: 3.0764196777343750e+02
#ERR stream: 0, p: [923, 752], r: 3.0764160156250000e+02, e: 3.0764154052734375e+02
#ERR stream: 0, p: [923, 753], r: 3.0764117431640625e+02, e: 3.0764111328125000e+02
#ERR stream: 0, p: [923, 754], r: 3.0764074707031250e+02, e: 3.0764071655273438e+02
#ERR stream: 0, p: [923, 755], r: 3.0764035034179688e+02, e: 3.0764028930664062e+02
#ERR stream: 0, p: [923, 756], r: 3.0763992309570312e+02, e: 3.0763986206054688e+02
#ERR stream: 0, p: [923, 757], r: 3.0763952636718750e+02, e: 3.0763946533203125e+02
#ERR stream: 0, p: [923, 758], r: 3.0763906860351562e+02, e: 3.0763903808593750e+02
#ERR stream: 0, p: [923, 759], r: 3.0763864135742188e+02, e: 3.0763861083984375e+02
#ERR stream: 0, p: [923, 760], r: 3.0763818359375000e+02, e: 3.0763815307617188e+02
#ERR stream: 0, p: [923, 763], r: 3.0763687133789062e+02, e: 3.0763684082031250e+02
#ERR stream: 0, p: [923, 764], r: 3.0763644409179688e+02, e: 3.0763641357421875e+02
#ERR stream: 0, p: [923, 765], r: 3.0763598632812500e+02, e: 3.0763595581054688e+02
#ERR stream: 0, p: [923, 766], r: 3.0763555908203125e+02, e: 3.0763552856445312e+02
#ERR stream: 0, p: [923, 772], r: 3.0763290405273438e+02, e: 3.0763287353515625e+02
#ERR stream: 0, p: [923, 774], r: 3.0763201904296875e+02, e: 3.0763198852539062e+02
#ERR stream: 0, p: [923, 775], r: 3.0763156127929688e+02, e: 3.0763153076171875e+02
#ERR stream: 0, p: [923, 776], r: 3.0763110351562500e+02, e: 3.0763107299804688e+02
#ERR stream: 0, p: [923, 777], r: 3.0763064575195312e+02, e: 3.0763061523437500e+02
#ERR stream: 0, p: [924, 726], r: 3.0764965820312500e+02, e: 3.0764962768554688e+02
#ERR stream: 0, p: [924, 729], r: 3.0764849853515625e+02, e: 3.0764846801757812e+02
#ERR stream: 0, p: [924, 736], r: 3.0764578247070312e+02, e: 3.0764575195312500e+02
#ERR stream: 0, p: [924, 748], r: 3.0764089965820312e+02, e: 3.0764086914062500e+02
#ERR stream: 0, p: [924, 749], r: 3.0764047241210938e+02, e: 3.0764044189453125e+02
#ERR stream: 0, p: [924, 750], r: 3.0764004516601562e+02, e: 3.0764001464843750e+02
#ERR stream: 0, p: [924, 751], r: 3.0763964843750000e+02, e: 3.0763958740234375e+02
#ERR stream: 0, p: [924, 752], r: 3.0763922119140625e+02, e: 3.0763919067382812e+02
#ERR stream: 0, p: [924, 753], r: 3.0763882446289062e+02, e: 3.0763876342773438e+02
#ERR stream: 0, p: [924, 754], r: 3.0763839721679688e+02, e: 3.0763833618164062e+02
#ERR stream: 0, p: [924, 755], r: 3.0763796997070312e+02, e: 3.0763793945312500e+02
#ERR stream: 0, p: [924, 756], r: 3.0763757324218750e+02, e: 3.0763754272460938e+02
#ERR stream: 0, p: [924, 757], r: 3.0763717651367188e+02, e: 3.0763711547851562e+02
#ERR stream: 0, p: [924, 758], r: 3.0763674926757812e+02, e: 3.0763668823242188e+02
#ERR stream: 0, p: [924, 761], r: 3.0763540649414062e+02, e: 3.0763537597656250e+02
#ERR stream: 0, p: [924, 762], r: 3.0763497924804688e+02, e: 3.0763494873046875e+02
#ERR stream: 0, p: [924, 763], r: 3.0763455200195312e+02, e: 3.0763452148437500e+02
#ERR stream: 0, p: [924, 765], r: 3.0763366699218750e+02, e: 3.0763363647460938e+02
#ERR stream: 0, p: [924, 766], r: 3.0763323974609375e+02, e: 3.0763320922851562e+02
#ERR stream: 0, p: [924, 772], r: 3.0763058471679688e+02, e: 3.0763055419921875e+02
#ERR stream: 0, p: [924, 774], r: 3.0762969970703125e+02, e: 3.0762966918945312e+02
#ERR stream: 0, p: [924, 775], r: 3.0762924194335938e+02, e: 3.0762921142578125e+02
#ERR stream: 0, p: [924, 785], r: 3.0762469482421875e+02, e: 3.0762466430664062e+02
#ERR stream: 0, p: [924, 792], r: 3.0762142944335938e+02, e: 3.0762139892578125e+02
#ERR stream: 0, p: [924, 795], r: 3.0762002563476562e+02, e: 3.0761999511718750e+02
#ERR stream: 0, p: [925, 733], r: 3.0764453125000000e+02, e: 3.0764450073242188e+02
#ERR stream: 0, p: [925, 735], r: 3.0764376831054688e+02, e: 3.0764373779296875e+02
#ERR stream: 0, p: [925, 738], r: 3.0764257812500000e+02, e: 3.0764254760742188e+02
#ERR stream: 0, p: [925, 747], r: 3.0763894653320312e+02, e: 3.0763891601562500e+02
#ERR stream: 0, p: [925, 748], r: 3.0763851928710938e+02, e: 3.0763848876953125e+02
#ERR stream: 0, p: [925, 749], r: 3.0763809204101562e+02, e: 3.0763806152343750e+02
#ERR stream: 0, p: [925, 750], r: 3.0763769531250000e+02, e: 3.0763763427734375e+02
#ERR stream: 0, p: [925, 751], r: 3.0763729858398438e+02, e: 3.0763723754882812e+02
#ERR stream: 0, p: [925, 752], r: 3.0763687133789062e+02, e: 3.0763681030273438e+02
#ERR stream: 0, p: [925, 753], r: 3.0763644409179688e+02, e: 3.0763638305664062e+02
#ERR stream: 0, p: [925, 754], r: 3.0763604736328125e+02, e: 3.0763601684570312e+02
#ERR stream: 0, p: [925, 755], r: 3.0763562011718750e+02, e: 3.0763558959960938e+02
#ERR stream: 0, p: [925, 756], r: 3.0763522338867188e+02, e: 3.0763516235351562e+02
#ERR stream: 0, p: [925, 757], r: 3.0763482666015625e+02, e: 3.0763476562500000e+02
#ERR stream: 0, p: [925, 758], r: 3.0763439941406250e+02, e: 3.0763433837890625e+02
#ERR stream: 0, p: [925, 759], r: 3.0763394165039062e+02, e: 3.0763391113281250e+02
#ERR stream: 0, p: [925, 760], r: 3.0763351440429688e+02, e: 3.0763348388671875e+02
#ERR stream: 0, p: [925, 761], r: 3.0763308715820312e+02, e: 3.0763305664062500e+02
#ERR stream: 0, p: [925, 762], r: 3.0763265991210938e+02, e: 3.0763262939453125e+02
#ERR stream: 0, p: [925, 765], r: 3.0763134765625000e+02, e: 3.0763131713867188e+02
#ERR stream: 0, p: [925, 766], r: 3.0763092041015625e+02, e: 3.0763088989257812e+02
#ERR stream: 0, p: [925, 772], r: 3.0762826538085938e+02, e: 3.0762823486328125e+02
#ERR stream: 0, p: [925, 774], r: 3.0762738037109375e+02, e: 3.0762734985351562e+02
#ERR stream: 0, p: [925, 775], r: 3.0762692260742188e+02, e: 3.0762689208984375e+02
#ERR stream: 0, p: [925, 786], r: 3.0762194824218750e+02, e: 3.0762191772460938e+02
#ERR stream: 0, p: [925, 790], r: 3.0762008666992188e+02, e: 3.0762005615234375e+02
#ERR stream: 0, p: [925, 791], r: 3.0761962890625000e+02, e: 3.0761959838867188e+02
#ERR stream: 0, p: [925, 792], r: 3.0761917114257812e+02, e: 3.0761914062500000e+02
#ERR stream: 0, p: [925, 794], r: 3.0761822509765625e+02, e: 3.0761819458007812e+02
#ERR stream: 0, p: [925, 795], r: 3.0761776733398438e+02, e: 3.0761773681640625e+02
#ERR stream: 0, p: [926, 726], r: 3.0764483642578125e+02, e: 3.0764480590820312e+02
#ERR stream: 0, p: [926, 729], r: 3.0764367675781250e+02, e: 3.0764364624023438e+02
#ERR stream: 0, p: [926, 732], r: 3.0764251708984375e+02, e: 3.0764248657226562e+02
#ERR stream: 0, p: [926, 734], r: 3.0764175415039062e+02, e: 3.0764172363281250e+02
#ERR stream: 0, p: [926, 746], r: 3.0763699340820312e+02, e: 3.0763696289062500e+02
#ERR stream: 0, p: [926, 747], r: 3.0763656616210938e+02, e: 3.0763653564453125e+02
#ERR stream: 0, p: [926, 748], r: 3.0763613891601562e+02, e: 3.0763610839843750e+02
#ERR stream: 0, p: [926, 749], r: 3.0763574218750000e+02, e: 3.0763571166992188e+02
#ERR stream: 0, p: [926, 750], r: 3.0763534545898438e+02, e: 3.0763528442382812e+02
#ERR stream: 0, p: [926, 751], r: 3.0763494873046875e+02, e: 3.0763488769531250e+02
#ERR stream: 0, p: [926, 752], r: 3.0763452148437500e+02, e: 3.0763446044921875e+02
#ERR stream: 0, p: [926, 753], r: 3.0763412475585938e+02, e: 3.0763406372070312e+02
#ERR stream: 0, p: [926, 754], r: 3.0763369750976562e+02, e: 3.0763363647460938e+02
#ERR stream: 0, p: [926, 755], r: 3.0763327026367188e+02, e: 3.0763323974609375e+02
#ERR stream: 0, p: [926, 756], r: 3.0763287353515625e+02, e: 3.0763281250000000e+02
#ERR stream: 0, p: [926, 757], r: 3.0763247680664062e+02, e: 3.0763241577148438e+02
#ERR stream: 0, p: [926, 758], r: 3.0763204956054688e+02, e: 3.0763198852539062e+02
#ERR stream: 0, p: [926, 759], r: 3.0763159179687500e+02, e: 3.0763156127929688e+02
#ERR stream: 0, p: [926, 760], r: 3.0763116455078125e+02, e: 3.0763113403320312e+02
#ERR stream: 0, p: [926, 761], r: 3.0763073730468750e+02, e: 3.0763070678710938e+02
#ERR stream: 0, p: [926, 765], r: 3.0762902832031250e+02, e: 3.0762899780273438e+02
#ERR stream: 0, p: [926, 766], r: 3.0762860107421875e+02, e: 3.0762857055664062e+02
#ERR stream: 0, p: [926, 788], r: 3.0761874389648438e+02, e: 3.0761871337890625e+02
#ERR stream: 0, p: [926, 789], r: 3.0761828613281250e+02, e: 3.0761825561523438e+02
#ERR stream: 0, p: [926, 790], r: 3.0761782836914062e+02, e: 3.0761779785156250e+02
#ERR stream: 0, p: [926, 791], r: 3.0761737060546875e+02, e: 3.0761734008789062e+02
#ERR stream: 0, p: [926, 792], r: 3.0761691284179688e+02, e: 3.0761688232421875e+02
#ERR stream: 0, p: [926, 794], r: 3.0761596679687500e+02, e: 3.0761593627929688e+02
#ERR stream: 0, p: [926, 795], r: 3.0761550903320312e+02, e: 3.0761547851562500e+02
#ERR stream: 0, p: [926, 797], r: 3.0761456298828125e+02, e: 3.0761453247070312e+02
#ERR stream: 0, p: [927, 727], r: 3.0764205932617188e+02, e: 3.0764202880859375e+02
#ERR stream: 0, p: [927, 730], r: 3.0764089965820312e+02, e: 3.0764086914062500e+02
#ERR stream: 0, p: [927, 733], r: 3.0763973999023438e+02, e: 3.0763970947265625e+02
#ERR stream: 0, p: [927, 736], r: 3.0763858032226562e+02, e: 3.0763854980468750e+02
#ERR stream: 0, p: [927, 739], r: 3.0763742065429688e+02, e: 3.0763739013671875e+02
#ERR stream: 0, p: [927, 746], r: 3.0763461303710938e+02, e: 3.0763458251953125e+02
#ERR stream: 0, p: [927, 747], r: 3.0763421630859375e+02, e: 3.0763415527343750e+02
#ERR stream: 0, p: [927, 748], r: 3.0763378906250000e+02, e: 3.0763375854492188e+02
#ERR stream: 0, p: [927, 749], r: 3.0763339233398438e+02, e: 3.0763336181640625e+02
#ERR stream: 0, p: [927, 750], r: 3.0763299560546875e+02, e: 3.0763293457031250e+02
#ERR stream: 0, p: [927, 751], r: 3.0763259887695312e+02, e: 3.0763253784179688e+02
#ERR stream: 0, p: [927, 752], r: 3.0763217163085938e+02, e: 3.0763211059570312e+02
#ERR stream: 0, p: [927, 753], r: 3.0763174438476562e+02, e: 3.0763168334960938e+02
#ERR stream: 0, p: [927, 754], r: 3.0763134765625000e+02, e: 3.0763128662109375e+02
#ERR stream: 0, p: [927, 755], r: 3.0763092041015625e+02, e: 3.0763088989257812e+02
#ERR stream: 0, p: [927, 756], r: 3.0763052368164062e+02, e: 3.0763046264648438e+02
#ERR stream: 0, p: [927, 757], r: 3.0763012695312500e+02, e: 3.0763006591796875e+02
#ERR stream: 0, p: [927, 758], r: 3.0762969970703125e+02, e: 3.0762963867187500e+02
#ERR stream: 0, p: [927, 759], r: 3.0762927246093750e+02, e: 3.0762921142578125e+02
#ERR stream: 0, p: [927, 760], r: 3.0762884521484375e+02, e: 3.0762878417968750e+02
#ERR stream: 0, p: [927, 761], r: 3.0762841796875000e+02, e: 3.0762835693359375e+02
#ERR stream: 0, p: [927, 762], r: 3.0762799072265625e+02, e: 3.0762796020507812e+02
#ERR stream: 0, p: [927, 763], r: 3.0762756347656250e+02, e: 3.0762753295898438e+02
#ERR stream: 0, p: [927, 764], r: 3.0762713623046875e+02, e: 3.0762710571289062e+02
#ERR stream: 0, p: [927, 765], r: 3.0762670898437500e+02, e: 3.0762667846679688e+02
#ERR stream: 0, p: [927, 766], r: 3.0762628173828125e+02, e: 3.0762625122070312e+02
#ERR stream: 0, p: [927, 775], r: 3.0762231445312500e+02, e: 3.0762228393554688e+02
#ERR stream: 0, p: [927, 794], r: 3.0761370849609375e+02, e: 3.0761367797851562e+02
#SDC Ite:0 KerTime:22.141056 AccTime:22.141056 KerErr:1243 AccErr:1243
#ABORT too many errors per iteration
#END