#HEADER streams:1 size:1024 pyramidHeight:1 simTime:1000
#BEGIN Y:2016 M:02 D:11 Time:16:28:20
#IT Ite:0 KerTime:21.662414 AccTime:21.662414
#ERR stream: 0, p: [256, 717], r: 3.1307308959960938e+02, e: 3.1307312011718750e+02
#ERR stream: 0, p: [256, 720], r: 3.1274099731445312e+02, e: 3.1274102783203125e+02
#ERR stream: 0, p: [256, 721], r: 3.1263473510742188e+02, e: 3.1263479614257812e+02
#ERR stream: 0, p: [256, 722], r: 3.1253085327148438e+02, e: 3.1253091430664062e+02
#ERR stream: 0, p: [256, 723], r: 3.1242932128906250e+02, e: 3.1242941284179688e+02
#ERR stream: 0, p: [256, 724], r: 3.1233023071289062e+02, e: 3.1233029174804688e+02
#ERR stream: 0, p: [256, 725], r: 3.1223355102539062e+02, e: 3.1223364257812500e+02
#ERR stream: 0, p: [256, 726], r: 3.1213934326171875e+02, e: 3.1213946533203125e+02
#ERR stream: 0, p: [256, 727], r: 3.1204760742187500e+02, e: 3.1204776000976562e+02
#ERR stream: 0, p: [256, 728], r: 3.1195837402343750e+02, e: 3.1195855712890625e+02
#ERR stream: 0, p: [256, 729], r: 3.1187161254882812e+02, e: 3.1187185668945312e+02
#ERR stream: 0, p: [256, 730], r: 3.1178732299804688e+02, e: 3.1178762817382812e+02
#ERR stream: 0, p: [256, 731], r: 3.1170550537109375e+02, e: 3.1170587158203125e+02
#ERR stream: 0, p: [256, 732], r: 3.1162619018554688e+02, e: 3.1162664794921875e+02
#ERR stream: 0, p: [256, 733], r: 3.1154925537109375e+02, e: 3.1154980468750000e+02
#ERR stream: 0, p: [256, 734], r: 3.1147476196289062e+02, e: 3.1147540283203125e+02
#ERR stream: 0, p: [256, 735], r: 3.1140261840820312e+02, e: 3.1140335083007812e+02
#ERR stream: 0, p: [256, 736], r: 3.1133279418945312e+02, e: 3.1133364868164062e+02
#ERR stream: 0, p: [256, 737], r: 3.1126522827148438e+02, e: 3.1126626586914062e+02
#ERR stream: 0, p: [256, 738], r: 3.1119989013671875e+02, e: 3.1120111083984375e+02
#ERR stream: 0, p: [256, 739], r: 3.1113671875000000e+02, e: 3.1113815307617188e+02
#ERR stream: 0, p: [256, 740], r: 3.1107568359375000e+02, e: 3.1107733154296875e+02
#ERR stream: 0, p: [256, 741], r: 3.1101669311523438e+02, e: 3.1101858520507812e+02
#ERR stream: 0, p: [256, 742], r: 3.1095968627929688e+02, e: 3.1096188354492188e+02
#ERR stream: 0, p: [256, 743], r: 3.1090463256835938e+02, e: 3.1090716552734375e+02
#ERR stream: 0, p: [256, 744], r: 3.1085140991210938e+02, e: 3.1085433959960938e+02
#ERR stream: 0, p: [256, 745], r: 3.1080004882812500e+02, e: 3.1080337524414062e+02
#ERR stream: 0, p: [256, 746], r: 3.1075042724609375e+02, e: 3.1075421142578125e+02
#ERR stream: 0, p: [256, 747], r: 3.1070245361328125e+02, e: 3.1070675659179688e+02
#ERR stream: 0, p: [256, 748], r: 3.1065609741210938e+02, e: 3.1066098022460938e+02
#ERR stream: 0, p: [256, 749], r: 3.1061129760742188e+02, e: 3.1061679077148438e+02
#ERR stream: 0, p: [256, 750], r: 3.1056796264648438e+02, e: 3.1057412719726562e+02
#ERR stream: 0, p: [256, 751], r: 3.1052606201171875e+02, e: 3.1053295898437500e+02
#ERR stream: 0, p: [256, 752], r: 3.1048556518554688e+02, e: 3.1049322509765625e+02
#ERR stream: 0, p: [256, 753], r: 3.1044635009765625e+02, e: 3.1045483398437500e+02
#ERR stream: 0, p: [256, 754], r: 3.1040841674804688e+02, e: 3.1041781616210938e+02
#ERR stream: 0, p: [256, 755], r: 3.1037161254882812e+02, e: 3.1038201904296875e+02
#ERR stream: 0, p: [256, 756], r: 3.1033596801757812e+02, e: 3.1034744262695312e+02
#ERR stream: 0, p: [256, 757], r: 3.1030148315429688e+02, e: 3.1031399536132812e+02
#ERR stream: 0, p: [256, 758], r: 3.1026797485351562e+02, e: 3.1028164672851562e+02
#ERR stream: 0, p: [256, 759], r: 3.1023550415039062e+02, e: 3.1025033569335938e+02
#ERR stream: 0, p: [256, 760], r: 3.1020404052734375e+02, e: 3.1022003173828125e+02
#ERR stream: 0, p: [256, 761], r: 3.1017346191406250e+02, e: 3.1019073486328125e+02
#ERR stream: 0, p: [256, 762], r: 3.1014379882812500e+02, e: 3.1016235351562500e+02
#ERR stream: 0, p: [256, 763], r: 3.1011502075195312e+02, e: 3.1013485717773438e+02
#ERR stream: 0, p: [256, 764], r: 3.1008706665039062e+02, e: 3.1010821533203125e+02
#ERR stream: 0, p: [256, 765], r: 3.1005990600585938e+02, e: 3.1008239746093750e+02
#ERR stream: 0, p: [256, 766], r: 3.1003353881835938e+02, e: 3.1005731201171875e+02
#ERR stream: 0, p: [256, 767], r: 3.1000793457031250e+02, e: 3.1003295898437500e+02
#ERR stream: 0, p: [256, 768], r: 3.0998303222656250e+02, e: 3.1000933837890625e+02
#ERR stream: 0, p: [256, 769], r: 3.0995889282226562e+02, e: 3.0998641967773438e+02
#ERR stream: 0, p: [256, 770], r: 3.0993542480468750e+02, e: 3.0996411132812500e+02
#ERR stream: 0, p: [256, 771], r: 3.0991262817382812e+02, e: 3.0994241333007812e+02
#ERR stream: 0, p: [256, 772], r: 3.0989047241210938e+02, e: 3.0992135620117188e+02
#ERR stream: 0, p: [256, 773], r: 3.0986898803710938e+02, e: 3.0990081787109375e+02
#ERR stream: 0, p: [256, 774], r: 3.0984811401367188e+02, e: 3.0988085937500000e+02
#ERR stream: 0, p: [256, 775], r: 3.0982788085937500e+02, e: 3.0986138916015625e+02
#ERR stream: 0, p: [256, 776], r: 3.0980819702148438e+02, e: 3.0984243774414062e+02
#ERR stream: 0, p: [256, 777], r: 3.0978915405273438e+02, e: 3.0982397460937500e+02
#ERR stream: 0, p: [256, 778], r: 3.0977069091796875e+02, e: 3.0980593872070312e+02
#ERR stream: 0, p: [256, 779], r: 3.0975277709960938e+02, e: 3.0978833007812500e+02
#ERR stream: 0, p: [256, 780], r: 3.0973538208007812e+02, e: 3.0977114868164062e+02
#ERR stream: 0, p: [256, 781], r: 3.0971853637695312e+02, e: 3.0975436401367188e+02
#ERR stream: 0, p: [256, 782], r: 3.0970217895507812e+02, e: 3.0973797607421875e+02
#ERR stream: 0, p: [256, 783], r: 3.0968637084960938e+02, e: 3.0972192382812500e+02
#ERR stream: 0, p: [256, 784], r: 3.0967102050781250e+02, e: 3.0970623779296875e+02
#ERR stream: 0, p: [256, 785], r: 3.0965609741210938e+02, e: 3.0969091796875000e+02
#ERR stream: 0, p: [256, 786], r: 3.0964166259765625e+02, e: 3.0967590332031250e+02
#ERR stream: 0, p: [256, 787], r: 3.0962762451171875e+02, e: 3.0966119384765625e+02
#ERR stream: 0, p: [256, 788], r: 3.0961401367187500e+02, e: 3.0964678955078125e+02
#ERR stream: 0, p: [256, 789], r: 3.0960076904296875e+02, e: 3.0963265991210938e+02
#ERR stream: 0, p: [256, 790], r: 3.0958792114257812e+02, e: 3.0961883544921875e+02
#ERR stream: 0, p: [256, 791], r: 3.0957540893554688e+02, e: 3.0960522460937500e+02
#ERR stream: 0, p: [256, 792], r: 3.0956320190429688e+02, e: 3.0959191894531250e+02
#ERR stream: 0, p: [256, 793], r: 3.0955133056640625e+02, e: 3.0957882690429688e+02
#ERR stream: 0, p: [256, 794], r: 3.0953973388671875e+02, e: 3.0956597900390625e+02
#ERR stream: 0, p: [256, 795], r: 3.0952838134765625e+02, e: 3.0955334472656250e+02
#ERR stream: 0, p: [256, 796], r: 3.0951727294921875e+02, e: 3.0954092407226562e+02
#ERR stream: 0, p: [256, 797], r: 3.0950640869140625e+02, e: 3.0952874755859375e+02
#ERR stream: 0, p: [256, 798], r: 3.0949572753906250e+02, e: 3.0951675415039062e+02
#ERR stream: 0, p: [256, 799], r: 3.0948526000976562e+02, e: 3.0950497436523438e+02
#ERR stream: 0, p: [256, 800], r: 3.0947494506835938e+02, e: 3.0949337768554688e+02
#ERR stream: 0, p: [256, 801], r: 3.0946478271484375e+02, e: 3.0948196411132812e+02
#ERR stream: 0, p: [190, 787], r: 3.0969616699218750e+02, e: 3.0969619750976562e+02
#ERR stream: 0, p: [256, 802], r: 3.0945480346679688e+02, e: 3.0947070312500000e+02
#ERR stream: 0, p: [256, 803], r: 3.0944494628906250e+02, e: 3.0945962524414062e+02
#ERR stream: 0, p: [256, 804], r: 3.0943518066406250e+02, e: 3.0944873046875000e+02
#ERR stream: 0, p: [256, 805], r: 3.0942556762695312e+02, e: 3.0943795776367188e+02
#ERR stream: 0, p: [256, 806], r: 3.0941601562500000e+02, e: 3.0942736816406250e+02
#ERR stream: 0, p: [256, 807], r: 3.0940658569335938e+02, e: 3.0941693115234375e+02
#ERR stream: 0, p: [256, 808], r: 3.0939724731445312e+02, e: 3.0940664672851562e+02
#ERR stream: 0, p: [256, 809], r: 3.0938796997070312e+02, e: 3.0939648437500000e+02
#ERR stream: 0, p: [256, 810], r: 3.0937881469726562e+02, e: 3.0938644409179688e+02
#ERR stream: 0, p: [256, 811], r: 3.0936968994140625e+02, e: 3.0937652587890625e+02
#ERR stream: 0, p: [256, 812], r: 3.0936062622070312e+02, e: 3.0936676025390625e+02
#ERR stream: 0, p: [256, 813], r: 3.0935165405273438e+02, e: 3.0935711669921875e+02
#ERR stream: 0, p: [256, 814], r: 3.0934271240234375e+02, e: 3.0934759521484375e+02
#ERR stream: 0, p: [256, 815], r: 3.0933386230468750e+02, e: 3.0933816528320312e+02
#ERR stream: 0, p: [256, 816], r: 3.0932507324218750e+02, e: 3.0932885742187500e+02
#ERR stream: 0, p: [256, 817], r: 3.0931631469726562e+02, e: 3.0931967163085938e+02
#ERR stream: 0, p: [256, 818], r: 3.0930761718750000e+02, e: 3.0931054687500000e+02
#ERR stream: 0, p: [256, 819], r: 3.0929901123046875e+02, e: 3.0930157470703125e+02
#ERR stream: 0, p: [191, 786], r: 3.0970904541015625e+02, e: 3.0970907592773438e+02
#ERR stream: 0, p: [256, 820], r: 3.0929043579101562e+02, e: 3.0929269409179688e+02
#ERR stream: 0, p: [192, 786], r: 3.0970809936523438e+02, e: 3.0970812988281250e+02
#ERR stream: 0, p: [256, 821], r: 3.0928189086914062e+02, e: 3.0928387451171875e+02
#ERR stream: 0, p: [193, 787], r: 3.0969338989257812e+02, e: 3.0969342041015625e+02
#ERR stream: 0, p: [256, 822], r: 3.0927343750000000e+02, e: 3.0927517700195312e+02
#ERR stream: 0, p: [193, 796], r: 3.0957904052734375e+02, e: 3.0957907104492188e+02
#ERR stream: 0, p: [256, 823], r: 3.0926501464843750e+02, e: 3.0926657104492188e+02
#ERR stream: 0, p: [193, 797], r: 3.0956726074218750e+02, e: 3.0956729125976562e+02
#ERR stream: 0, p: [256, 824], r: 3.0925668334960938e+02, e: 3.0925802612304688e+02
#ERR stream: 0, p: [194, 796], r: 3.0957833862304688e+02, e: 3.0957836914062500e+02
#ERR stream: 0, p: [256, 825], r: 3.0924841308593750e+02, e: 3.0924957275390625e+02
#ERR stream: 0, p: [194, 797], r: 3.0956655883789062e+02, e: 3.0956658935546875e+02
#ERR stream: 0, p: [194, 798], r: 3.0955496215820312e+02, e: 3.0955499267578125e+02
#ERR stream: 0, p: [256, 826], r: 3.0924017333984375e+02, e: 3.0924121093750000e+02
#ERR stream: 0, p: [195, 779], r: 3.0980844116210938e+02, e: 3.0980847167968750e+02
#ERR stream: 0, p: [256, 827], r: 3.0923199462890625e+02, e: 3.0923291015625000e+02
#ERR stream: 0, p: [195, 784], r: 3.0973345947265625e+02, e: 3.0973348999023438e+02
#ERR stream: 0, p: [256, 828], r: 3.0922390747070312e+02, e: 3.0922467041015625e+02
#ERR stream: 0, p: [195, 789], r: 3.0966485595703125e+02, e: 3.0966488647460938e+02
#ERR stream: 0, p: [256, 829], r: 3.0921585083007812e+02, e: 3.0921655273437500e+02
#ERR stream: 0, p: [195, 795], r: 3.0958953857421875e+02, e: 3.0958956909179688e+02
#ERR stream: 0, p: [195, 796], r: 3.0957763671875000e+02, e: 3.0957766723632812e+02
#ERR stream: 0, p: [195, 797], r: 3.0956588745117188e+02, e: 3.0956591796875000e+02
#ERR stream: 0, p: [256, 830], r: 3.0920788574218750e+02, e: 3.0920849609375000e+02
#ERR stream: 0, p: [196, 779], r: 3.0980737304687500e+02, e: 3.0980740356445312e+02
#ERR stream: 0, p: [256, 831], r: 3.0919995117187500e+02, e: 3.0920050048828125e+02
#ERR stream: 0, p: [196, 784], r: 3.0973251342773438e+02, e: 3.0973254394531250e+02
#ERR stream: 0, p: [256, 832], r: 3.0919207763671875e+02, e: 3.0919256591796875e+02
#ERR stream: 0, p: [196, 790], r: 3.0965100097656250e+02, e: 3.0965103149414062e+02
#ERR stream: 0, p: [256, 833], r: 3.0918423461914062e+02, e: 3.0918469238281250e+02
#ERR stream: 0, p: [196, 791], r: 3.0963818359375000e+02, e: 3.0963821411132812e+02
#ERR stream: 0, p: [196, 795], r: 3.0958883666992188e+02, e: 3.0958886718750000e+02
#ERR stream: 0, p: [256, 834], r: 3.0917648315429688e+02, e: 3.0917687988281250e+02
#ERR stream: 0, p: [196, 796], r: 3.0957693481445312e+02, e: 3.0957696533203125e+02
#ERR stream: 0, p: [196, 797], r: 3.0956521606445312e+02, e: 3.0956524658203125e+02
#ERR stream: 0, p: [196, 798], r: 3.0955364990234375e+02, e: 3.0955368041992188e+02
#ERR stream: 0, p: [256, 835], r: 3.0916879272460938e+02, e: 3.0916912841796875e+02
#ERR stream: 0, p: [197, 752], r: 3.1038024902343750e+02, e: 3.1038027954101562e+02
#ERR stream: 0, p: [256, 836], r: 3.0916116333007812e+02, e: 3.0916143798828125e+02
#ERR stream: 0, p: [197, 780], r: 3.0979080200195312e+02, e: 3.0979083251953125e+02
#ERR stream: 0, p: [256, 837], r: 3.0915356445312500e+02, e: 3.0915380859375000e+02
#ERR stream: 0, p: [197, 784], r: 3.0973159790039062e+02, e: 3.0973162841796875e+02
#ERR stream: 0, p: [256, 838], r: 3.0914605712890625e+02, e: 3.0914624023437500e+02
#ERR stream: 0, p: [197, 785], r: 3.0971746826171875e+02, e: 3.0971749877929688e+02
#ERR stream: 0, p: [197, 786], r: 3.0970358276367188e+02, e: 3.0970361328125000e+02
#ERR stream: 0, p: [197, 789], r: 3.0966323852539062e+02, e: 3.0966326904296875e+02
#ERR stream: 0, p: [256, 839], r: 3.0913858032226562e+02, e: 3.0913876342773438e+02
#ERR stream: 0, p: [197, 791], r: 3.0963742065429688e+02, e: 3.0963745117187500e+02
#ERR stream: 0, p: [256, 840], r: 3.0913119506835938e+02, e: 3.0913134765625000e+02
#ERR stream: 0, p: [256, 841], r: 3.0912387084960938e+02, e: 3.0912396240234375e+02
#ERR stream: 0, p: [256, 842], r: 3.0911657714843750e+02, e: 3.0911666870117188e+02
#ERR stream: 0, p: [256, 843], r: 3.0910934448242188e+02, e: 3.0910940551757812e+02
#ERR stream: 0, p: [256, 844], r: 3.0910217285156250e+02, e: 3.0910223388671875e+02
#ERR stream: 0, p: [256, 845], r: 3.0909503173828125e+02, e: 3.0909506225585938e+02
#ERR stream: 0, p: [256, 850], r: 3.0906021118164062e+02, e: 3.0906024169921875e+02
#ERR stream: 0, p: [257, 714], r: 3.1344769287109375e+02, e: 3.1344772338867188e+02
#ERR stream: 0, p: [257, 716], r: 3.1321017456054688e+02, e: 3.1321020507812500e+02
#ERR stream: 0, p: [257, 717], r: 3.1309439086914062e+02, e: 3.1309442138671875e+02
#ERR stream: 0, p: [257, 718], r: 3.1298068237304688e+02, e: 3.1298071289062500e+02
#ERR stream: 0, p: [257, 720], r: 3.1275988769531250e+02, e: 3.1275991821289062e+02
#ERR stream: 0, p: [257, 721], r: 3.1265286254882812e+02, e: 3.1265292358398438e+02
#ERR stream: 0, p: [257, 722], r: 3.1254818725585938e+02, e: 3.1254824829101562e+02
#ERR stream: 0, p: [257, 723], r: 3.1244592285156250e+02, e: 3.1244598388671875e+02
#ERR stream: 0, p: [257, 724], r: 3.1234603881835938e+02, e: 3.1234613037109375e+02
#ERR stream: 0, p: [257, 725], r: 3.1224868774414062e+02, e: 3.1224877929687500e+02
#ERR stream: 0, p: [257, 726], r: 3.1215377807617188e+02, e: 3.1215390014648438e+02
#ERR stream: 0, p: [257, 727], r: 3.1206137084960938e+02, e: 3.1206152343750000e+02
#ERR stream: 0, p: [257, 728], r: 3.1197149658203125e+02, e: 3.1197167968750000e+02
#ERR stream: 0, p: [257, 729], r: 3.1188409423828125e+02, e: 3.1188433837890625e+02
#ERR stream: 0, p: [257, 730], r: 3.1179919433593750e+02, e: 3.1179949951171875e+02
#ERR stream: 0, p: [257, 731], r: 3.1171676635742188e+02, e: 3.1171716308593750e+02
#ERR stream: 0, p: [257, 732], r: 3.1163687133789062e+02, e: 3.1163732910156250e+02
#ERR stream: 0, p: [257, 733], r: 3.1155938720703125e+02, e: 3.1155993652343750e+02
#ERR stream: 0, p: [257, 734], r: 3.1148434448242188e+02, e: 3.1148501586914062e+02
#ERR stream: 0, p: [257, 735], r: 3.1141165161132812e+02, e: 3.1141244506835938e+02
#ERR stream: 0, p: [257, 736], r: 3.1134130859375000e+02, e: 3.1134222412109375e+02
#ERR stream: 0, p: [257, 737], r: 3.1127328491210938e+02, e: 3.1127435302734375e+02
#ERR stream: 0, p: [257, 738], r: 3.1120748901367188e+02, e: 3.1120874023437500e+02
#ERR stream: 0, p: [257, 739], r: 3.1114385986328125e+02, e: 3.1114535522460938e+02
#ERR stream: 0, p: [257, 740], r: 3.1108239746093750e+02, e: 3.1108413696289062e+02
#ERR stream: 0, p: [257, 741], r: 3.1102297973632812e+02, e: 3.1102502441406250e+02
#ERR stream: 0, p: [257, 742], r: 3.1096557617187500e+02, e: 3.1096792602539062e+02
#ERR stream: 0, p: [257, 743], r: 3.1091012573242188e+02, e: 3.1091281127929688e+02
#ERR stream: 0, p: [257, 744], r: 3.1085656738281250e+02, e: 3.1085964965820312e+02
#ERR stream: 0, p: [257, 745], r: 3.1080480957031250e+02, e: 3.1080834960937500e+02
#ERR stream: 0, p: [257, 746], r: 3.1075485229492188e+02, e: 3.1075885009765625e+02
#ERR stream: 0, p: [257, 747], r: 3.1070657348632812e+02, e: 3.1071109008789062e+02
#ERR stream: 0, p: [257, 748], r: 3.1065988159179688e+02, e: 3.1066503906250000e+02
#ERR stream: 0, p: [257, 749], r: 3.1061477661132812e+02, e: 3.1062057495117188e+02
#ERR stream: 0, p: [257, 750], r: 3.1057113647460938e+02, e: 3.1057766723632812e+02
#ERR stream: 0, p: [257, 751], r: 3.1052896118164062e+02, e: 3.1053622436523438e+02
#ERR stream: 0, p: [197, 795], r: 3.0958813476562500e+02, e: 3.0958816528320312e+02
#ERR stream: 0, p: [257, 752], r: 3.1048815917968750e+02, e: 3.1049624633789062e+02
#ERR stream: 0, p: [257, 753], r: 3.1044869995117188e+02, e: 3.1045764160156250e+02
#ERR stream: 0, p: [257, 754], r: 3.1041049194335938e+02, e: 3.1042037963867188e+02
#ERR stream: 0, p: [257, 755], r: 3.1037344360351562e+02, e: 3.1038439941406250e+02
#ERR stream: 0, p: [257, 756], r: 3.1033755493164062e+02, e: 3.1034963989257812e+02
#ERR stream: 0, p: [257, 757], r: 3.1030279541015625e+02, e: 3.1031600952148438e+02
#ERR stream: 0, p: [257, 758], r: 3.1026907348632812e+02, e: 3.1028347778320312e+02
#ERR stream: 0, p: [257, 759], r: 3.1023638916015625e+02, e: 3.1025201416015625e+02
#ERR stream: 0, p: [257, 760], r: 3.1020468139648438e+02, e: 3.1022155761718750e+02
#ERR stream: 0, p: [257, 761], r: 3.1017388916015625e+02, e: 3.1019210815429688e+02
#ERR stream: 0, p: [197, 798], r: 3.0955297851562500e+02, e: 3.0955300903320312e+02
#ERR stream: 0, p: [257, 762], r: 3.1014401245117188e+02, e: 3.1016357421875000e+02
#ERR stream: 0, p: [257, 763], r: 3.1011502075195312e+02, e: 3.1013595581054688e+02
#ERR stream: 0, p: [257, 764], r: 3.1008688354492188e+02, e: 3.1010922241210938e+02
#ERR stream: 0, p: [257, 765], r: 3.1005953979492188e+02, e: 3.1008328247070312e+02
#ERR stream: 0, p: [257, 766], r: 3.1003298950195312e+02, e: 3.1005807495117188e+02
#ERR stream: 0, p: [257, 767], r: 3.1000720214843750e+02, e: 3.1003363037109375e+02
#ERR stream: 0, p: [257, 768], r: 3.0998214721679688e+02, e: 3.1000991821289062e+02
#ERR stream: 0, p: [257, 769], r: 3.0995782470703125e+02, e: 3.0998687744140625e+02
#ERR stream: 0, p: [257, 770], r: 3.0993420410156250e+02, e: 3.0996447753906250e+02
#ERR stream: 0, p: [257, 771], r: 3.0991128540039062e+02, e: 3.0994271850585938e+02
#ERR stream: 0, p: [257, 772], r: 3.0988900756835938e+02, e: 3.0992153930664062e+02
#ERR stream: 0, p: [257, 773], r: 3.0986737060546875e+02, e: 3.0990093994140625e+02
#ERR stream: 0, p: [257, 774], r: 3.0984640502929688e+02, e: 3.0988092041015625e+02
#ERR stream: 0, p: [257, 775], r: 3.0982604980468750e+02, e: 3.0986138916015625e+02
#ERR stream: 0, p: [257, 776], r: 3.0980630493164062e+02, e: 3.0984234619140625e+02
#ERR stream: 0, p: [257, 777], r: 3.0978713989257812e+02, e: 3.0982382202148438e+02
#ERR stream: 0, p: [257, 778], r: 3.0976858520507812e+02, e: 3.0980572509765625e+02
#ERR stream: 0, p: [257, 779], r: 3.0975057983398438e+02, e: 3.0978808593750000e+02
#ERR stream: 0, p: [257, 780], r: 3.0973315429687500e+02, e: 3.0977087402343750e+02
#ERR stream: 0, p: [257, 781], r: 3.0971624755859375e+02, e: 3.0975402832031250e+02
#ERR stream: 0, p: [257, 782], r: 3.0969985961914062e+02, e: 3.0973760986328125e+02
#ERR stream: 0, p: [257, 783], r: 3.0968399047851562e+02, e: 3.0972152709960938e+02
#ERR stream: 0, p: [257, 784], r: 3.0966864013671875e+02, e: 3.0970581054687500e+02
#ERR stream: 0, p: [257, 785], r: 3.0965371704101562e+02, e: 3.0969042968750000e+02
#ERR stream: 0, p: [257, 786], r: 3.0963928222656250e+02, e: 3.0967538452148438e+02
#ERR stream: 0, p: [257, 787], r: 3.0962524414062500e+02, e: 3.0966064453125000e+02
#ERR stream: 0, p: [257, 788], r: 3.0961163330078125e+02, e: 3.0964620971679688e+02
#ERR stream: 0, p: [257, 789], r: 3.0959841918945312e+02, e: 3.0963204956054688e+02
#ERR stream: 0, p: [198, 752], r: 3.1037716674804688e+02, e: 3.1037719726562500e+02
#ERR stream: 0, p: [257, 790], r: 3.0958557128906250e+02, e: 3.0961816406250000e+02
#ERR stream: 0, p: [198, 754], r: 3.1032110595703125e+02, e: 3.1032113647460938e+02
#ERR stream: 0, p: [257, 791], r: 3.0957308959960938e+02, e: 3.0960455322265625e+02
#ERR stream: 0, p: [198, 758], r: 3.1021707153320312e+02, e: 3.1021710205078125e+02
#ERR stream: 0, p: [257, 792], r: 3.0956094360351562e+02, e: 3.0959121704101562e+02
#ERR stream: 0, p: [198, 764], r: 3.1007897949218750e+02, e: 3.1007901000976562e+02
#ERR stream: 0, p: [257, 793], r: 3.0954910278320312e+02, e: 3.0957812500000000e+02
#ERR stream: 0, p: [198, 765], r: 3.1005783081054688e+02, e: 3.1005786132812500e+02
#ERR stream: 0, p: [257, 794], r: 3.0953756713867188e+02, e: 3.0956524658203125e+02
#ERR stream: 0, p: [198, 767], r: 3.1001696777343750e+02, e: 3.1001699829101562e+02
#ERR stream: 0, p: [257, 795], r: 3.0952627563476562e+02, e: 3.0955258178710938e+02
#ERR stream: 0, p: [198, 777], r: 3.0983706665039062e+02, e: 3.0983709716796875e+02
#ERR stream: 0, p: [257, 796], r: 3.0951519775390625e+02, e: 3.0954016113281250e+02
#ERR stream: 0, p: [198, 778], r: 3.0982101440429688e+02, e: 3.0982104492187500e+02
#ERR stream: 0, p: [257, 797], r: 3.0950439453125000e+02, e: 3.0952795410156250e+02
#ERR stream: 0, p: [198, 780], r: 3.0978979492187500e+02, e: 3.0978982543945312e+02
#ERR stream: 0, p: [257, 798], r: 3.0949377441406250e+02, e: 3.0951596069335938e+02
#ERR stream: 0, p: [198, 788], r: 3.0967565917968750e+02, e: 3.0967568969726562e+02
#ERR stream: 0, p: [257, 799], r: 3.0948336791992188e+02, e: 3.0950415039062500e+02
#ERR stream: 0, p: [198, 794], r: 3.0959948730468750e+02, e: 3.0959951782226562e+02
#ERR stream: 0, p: [257, 800], r: 3.0947311401367188e+02, e: 3.0949255371093750e+02
#ERR stream: 0, p: [198, 797], r: 3.0956387329101562e+02, e: 3.0956390380859375e+02
#ERR stream: 0, p: [257, 801], r: 3.0946301269531250e+02, e: 3.0948110961914062e+02
#ERR stream: 0, p: [198, 799], r: 3.0954092407226562e+02, e: 3.0954095458984375e+02
#ERR stream: 0, p: [257, 802], r: 3.0945306396484375e+02, e: 3.0946984863281250e+02
#ERR stream: 0, p: [198, 800], r: 3.0952969360351562e+02, e: 3.0952972412109375e+02
#ERR stream: 0, p: [257, 803], r: 3.0944326782226562e+02, e: 3.0945877075195312e+02
#ERR stream: 0, p: [198, 801], r: 3.0951858520507812e+02, e: 3.0951861572265625e+02
#ERR stream: 0, p: [257, 804], r: 3.0943359375000000e+02, e: 3.0944784545898438e+02
#ERR stream: 0, p: [199, 752], r: 3.1037429809570312e+02, e: 3.1037432861328125e+02
#ERR stream: 0, p: [257, 805], r: 3.0942401123046875e+02, e: 3.0943707275390625e+02
#ERR stream: 0, p: [199, 753], r: 3.1034603881835938e+02, e: 3.1034606933593750e+02
#ERR stream: 0, p: [257, 806], r: 3.0941448974609375e+02, e: 3.0942648315429688e+02
#ERR stream: 0, p: [199, 754], r: 3.1031851196289062e+02, e: 3.1031854248046875e+02
#ERR stream: 0, p: [257, 807], r: 3.0940512084960938e+02, e: 3.0941604614257812e+02
#ERR stream: 0, p: [199, 757], r: 3.1023986816406250e+02, e: 3.1023989868164062e+02
#ERR stream: 0, p: [257, 808], r: 3.0939581298828125e+02, e: 3.0940576171875000e+02
#ERR stream: 0, p: [199, 759], r: 3.1019058227539062e+02, e: 3.1019061279296875e+02
#ERR stream: 0, p: [257, 809], r: 3.0938659667968750e+02, e: 3.0939556884765625e+02
#ERR stream: 0, p: [199, 760], r: 3.1016683959960938e+02, e: 3.1016687011718750e+02
#ERR stream: 0, p: [257, 810], r: 3.0937744140625000e+02, e: 3.0938552856445312e+02
#ERR stream: 0, p: [199, 766], r: 3.1003564453125000e+02, e: 3.1003567504882812e+02
#ERR stream: 0, p: [257, 811], r: 3.0936837768554688e+02, e: 3.0937561035156250e+02
#ERR stream: 0, p: [199, 767], r: 3.1001547241210938e+02, e: 3.1001553344726562e+02
#ERR stream: 0, p: [257, 812], r: 3.0935937500000000e+02, e: 3.0936584472656250e+02
#ERR stream: 0, p: [199, 768], r: 3.0999578857421875e+02, e: 3.0999581909179688e+02
#ERR stream: 0, p: [257, 813], r: 3.0935040283203125e+02, e: 3.0935617065429688e+02
#ERR stream: 0, p: [257, 814], r: 3.0934152221679688e+02, e: 3.0934661865234375e+02
#ERR stream: 0, p: [257, 815], r: 3.0933267211914062e+02, e: 3.0933721923828125e+02
#ERR stream: 0, p: [257, 816], r: 3.0932388305664062e+02, e: 3.0932791137695312e+02
#ERR stream: 0, p: [257, 817], r: 3.0931518554687500e+02, e: 3.0931872558593750e+02
#ERR stream: 0, p: [257, 818], r: 3.0930651855468750e+02, e: 3.0930963134765625e+02
#ERR stream: 0, p: [257, 819], r: 3.0929788208007812e+02, e: 3.0930062866210938e+02
#ERR stream: 0, p: [257, 820], r: 3.0928933715820312e+02, e: 3.0929174804687500e+02
#ERR stream: 0, p: [257, 821], r: 3.0928082275390625e+02, e: 3.0928292846679688e+02
#ERR stream: 0, p: [257, 822], r: 3.0927236938476562e+02, e: 3.0927423095703125e+02
#ERR stream: 0, p: [257, 823], r: 3.0926397705078125e+02, e: 3.0926562500000000e+02
#ERR stream: 0, p: [257, 824], r: 3.0925564575195312e+02, e: 3.0925708007812500e+02
#ERR stream: 0, p: [257, 825], r: 3.0924737548828125e+02, e: 3.0924862670898438e+02
#ERR stream: 0, p: [257, 826], r: 3.0923916625976562e+02, e: 3.0924026489257812e+02
#ERR stream: 0, p: [257, 827], r: 3.0923098754882812e+02, e: 3.0923196411132812e+02
#ERR stream: 0, p: [257, 828], r: 3.0922290039062500e+02, e: 3.0922375488281250e+02
#ERR stream: 0, p: [257, 829], r: 3.0921484375000000e+02, e: 3.0921560668945312e+02
#ERR stream: 0, p: [257, 830], r: 3.0920687866210938e+02, e: 3.0920755004882812e+02
#ERR stream: 0, p: [257, 831], r: 3.0919894409179688e+02, e: 3.0919955444335938e+02
#ERR stream: 0, p: [257, 832], r: 3.0919110107421875e+02, e: 3.0919161987304688e+02
#ERR stream: 0, p: [257, 833], r: 3.0918328857421875e+02, e: 3.0918374633789062e+02
#ERR stream: 0, p: [257, 834], r: 3.0917553710937500e+02, e: 3.0917593383789062e+02
#ERR stream: 0, p: [257, 835], r: 3.0916781616210938e+02, e: 3.0916818237304688e+02
#ERR stream: 0, p: [257, 836], r: 3.0916018676757812e+02, e: 3.0916049194335938e+02
#ERR stream: 0, p: [257, 837], r: 3.0915261840820312e+02, e: 3.0915286254882812e+02
#ERR stream: 0, p: [257, 838], r: 3.0914511108398438e+02, e: 3.0914532470703125e+02
#ERR stream: 0, p: [257, 839], r: 3.0913763427734375e+02, e: 3.0913781738281250e+02
#ERR stream: 0, p: [257, 840], r: 3.0913024902343750e+02, e: 3.0913040161132812e+02
#ERR stream: 0, p: [257, 841], r: 3.0912292480468750e+02, e: 3.0912301635742188e+02
#ERR stream: 0, p: [257, 842], r: 3.0911563110351562e+02, e: 3.0911572265625000e+02
#ERR stream: 0, p: [257, 843], r: 3.0910839843750000e+02, e: 3.0910848999023438e+02
#ERR stream: 0, p: [257, 844], r: 3.0910122680664062e+02, e: 3.0910131835937500e+02
#ERR stream: 0, p: [257, 845], r: 3.0909411621093750e+02, e: 3.0909414672851562e+02
#ERR stream: 0, p: [257, 846], r: 3.0908703613281250e+02, e: 3.0908706665039062e+02
#ERR stream: 0, p: [257, 847], r: 3.0908001708984375e+02, e: 3.0908004760742188e+02
#ERR stream: 0, p: [257, 848], r: 3.0907305908203125e+02, e: 3.0907308959960938e+02
#ERR stream: 0, p: [257, 849], r: 3.0906616210937500e+02, e: 3.0906619262695312e+02
#ERR stream: 0, p: [257, 850], r: 3.0905929565429688e+02, e: 3.0905932617187500e+02
#ERR stream: 0, p: [257, 851], r: 3.0905249023437500e+02, e: 3.0905252075195312e+02
#ERR stream: 0, p: [199, 769], r: 3.0997650146484375e+02, e: 3.0997653198242188e+02
#ERR stream: 0, p: [258, 715], r: 3.1335003662109375e+02, e: 3.1335006713867188e+02
#ERR stream: 0, p: [258, 716], r: 3.1323144531250000e+02, e: 3.1323147583007812e+02
#ERR stream: 0, p: [258, 717], r: 3.1311486816406250e+02, e: 3.1311489868164062e+02
#ERR stream: 0, p: [258, 718], r: 3.1300039672851562e+02, e: 3.1300042724609375e+02
#ERR stream: 0, p: [258, 720], r: 3.1277804565429688e+02, e: 3.1277807617187500e+02
#ERR stream: 0, p: [258, 721], r: 3.1267028808593750e+02, e: 3.1267031860351562e+02
#ERR stream: 0, p: [258, 722], r: 3.1256488037109375e+02, e: 3.1256494140625000e+02
#ERR stream: 0, p: [258, 723], r: 3.1246188354492188e+02, e: 3.1246197509765625e+02
#ERR stream: 0, p: [258, 724], r: 3.1236132812500000e+02, e: 3.1236141967773438e+02
#ERR stream: 0, p: [258, 725], r: 3.1226327514648438e+02, e: 3.1226339721679688e+02
#ERR stream: 0, p: [258, 726], r: 3.1216769409179688e+02, e: 3.1216781616210938e+02
#ERR stream: 0, p: [258, 727], r: 3.1207464599609375e+02, e: 3.1207482910156250e+02
#ERR stream: 0, p: [258, 728], r: 3.1198413085937500e+02, e: 3.1198434448242188e+02
#ERR stream: 0, p: [258, 729], r: 3.1189611816406250e+02, e: 3.1189639282226562e+02
#ERR stream: 0, p: [258, 730], r: 3.1181060791015625e+02, e: 3.1181094360351562e+02
#ERR stream: 0, p: [258, 731], r: 3.1172766113281250e+02, e: 3.1172805786132812e+02
#ERR stream: 0, p: [258, 732], r: 3.1164718627929688e+02, e: 3.1164767456054688e+02
#ERR stream: 0, p: [258, 733], r: 3.1156915283203125e+02, e: 3.1156976318359375e+02
#ERR stream: 0, p: [258, 734], r: 3.1149359130859375e+02, e: 3.1149429321289062e+02
#ERR stream: 0, p: [199, 770], r: 3.0995761108398438e+02, e: 3.0995764160156250e+02
#ERR stream: 0, p: [258, 735], r: 3.1142041015625000e+02, e: 3.1142123413085938e+02
#ERR stream: 0, p: [258, 736], r: 3.1134957885742188e+02, e: 3.1135055541992188e+02
#ERR stream: 0, p: [258, 737], r: 3.1128106689453125e+02, e: 3.1128219604492188e+02
#ERR stream: 0, p: [258, 738], r: 3.1121484375000000e+02, e: 3.1121615600585938e+02
#ERR stream: 0, p: [258, 739], r: 3.1115078735351562e+02, e: 3.1115234375000000e+02
#ERR stream: 0, p: [258, 740], r: 3.1108889770507812e+02, e: 3.1109072875976562e+02
#ERR stream: 0, p: [258, 741], r: 3.1102908325195312e+02, e: 3.1103121948242188e+02
#ERR stream: 0, p: [258, 742], r: 3.1097128295898438e+02, e: 3.1097375488281250e+02
#ERR stream: 0, p: [258, 743], r: 3.1091546630859375e+02, e: 3.1091830444335938e+02
#ERR stream: 0, p: [258, 744], r: 3.1086151123046875e+02, e: 3.1086477661132812e+02
#ERR stream: 0, p: [258, 745], r: 3.1080944824218750e+02, e: 3.1081314086914062e+02
#ERR stream: 0, p: [258, 746], r: 3.1075912475585938e+02, e: 3.1076333618164062e+02
#ERR stream: 0, p: [258, 747], r: 3.1071054077148438e+02, e: 3.1071530151367188e+02
#ERR stream: 0, p: [258, 748], r: 3.1066354370117188e+02, e: 3.1066894531250000e+02
#ERR stream: 0, p: [258, 749], r: 3.1061813354492188e+02, e: 3.1062423706054688e+02
#ERR stream: 0, p: [258, 750], r: 3.1057421875000000e+02, e: 3.1058108520507812e+02
#ERR stream: 0, p: [258, 751], r: 3.1053173828125000e+02, e: 3.1053939819335938e+02
#ERR stream: 0, p: [258, 752], r: 3.1049069213867188e+02, e: 3.1049917602539062e+02
#ERR stream: 0, p: [258, 753], r: 3.1045092773437500e+02, e: 3.1046038818359375e+02
#ERR stream: 0, p: [258, 754], r: 3.1041247558593750e+02, e: 3.1042288208007812e+02
#ERR stream: 0, p: [258, 755], r: 3.1037521362304688e+02, e: 3.1038671875000000e+02
#ERR stream: 0, p: [258, 756], r: 3.1033908081054688e+02, e: 3.1035174560546875e+02
#ERR stream: 0, p: [258, 757], r: 3.1030407714843750e+02, e: 3.1031793212890625e+02
#ERR stream: 0, p: [258, 758], r: 3.1027011108398438e+02, e: 3.1028524780273438e+02
#ERR stream: 0, p: [258, 759], r: 3.1023718261718750e+02, e: 3.1025363159179688e+02
#ERR stream: 0, p: [258, 760], r: 3.1020526123046875e+02, e: 3.1022302246093750e+02
#ERR stream: 0, p: [258, 761], r: 3.1017428588867188e+02, e: 3.1019342041015625e+02
#ERR stream: 0, p: [258, 762], r: 3.1014422607421875e+02, e: 3.1016476440429688e+02
#ERR stream: 0, p: [258, 763], r: 3.1011502075195312e+02, e: 3.1013702392578125e+02
#ERR stream: 0, p: [258, 764], r: 3.1008666992187500e+02, e: 3.1011016845703125e+02
#ERR stream: 0, p: [258, 765], r: 3.1005914306640625e+02, e: 3.1008410644531250e+02
#ERR stream: 0, p: [258, 766], r: 3.1003240966796875e+02, e: 3.1005880737304688e+02
#ERR stream: 0, p: [258, 767], r: 3.1000646972656250e+02, e: 3.1003424072265625e+02
#ERR stream: 0, p: [258, 768], r: 3.0998126220703125e+02, e: 3.1001043701171875e+02
#ERR stream: 0, p: [258, 769], r: 3.0995678710937500e+02, e: 3.0998730468750000e+02
#ERR stream: 0, p: [199, 771], r: 3.0993914794921875e+02, e: 3.0993917846679688e+02
#ERR stream: 0, p: [258, 770], r: 3.0993301391601562e+02, e: 3.0996481323242188e+02
#ERR stream: 0, p: [199, 773], r: 3.0990335083007812e+02, e: 3.0990338134765625e+02
#ERR stream: 0, p: [258, 771], r: 3.0990991210937500e+02, e: 3.0994296264648438e+02
#ERR stream: 0, p: [199, 774], r: 3.0988601684570312e+02, e: 3.0988604736328125e+02
#ERR stream: 0, p: [258, 772], r: 3.0988751220703125e+02, e: 3.0992172241210938e+02
#ERR stream: 0, p: [199, 777], r: 3.0983602905273438e+02, e: 3.0983605957031250e+02
#ERR stream: 0, p: [258, 773], r: 3.0986575317382812e+02, e: 3.0990103149414062e+02
#ERR stream: 0, p: [199, 778], r: 3.0982000732421875e+02, e: 3.0982003784179688e+02
#ERR stream: 0, p: [258, 774], r: 3.0984466552734375e+02, e: 3.0988092041015625e+02
#ERR stream: 0, p: [199, 781], r: 3.0977368164062500e+02, e: 3.0977371215820312e+02
#ERR stream: 0, p: [258, 775], r: 3.0982421875000000e+02, e: 3.0986132812500000e+02
#ERR stream: 0, p: [199, 782], r: 3.0975878906250000e+02, e: 3.0975881958007812e+02
#ERR stream: 0, p: [258, 776], r: 3.0980435180664062e+02, e: 3.0984225463867188e+02
#ERR stream: 0, p: [199, 783], r: 3.0974417114257812e+02, e: 3.0974420166015625e+02
#ERR stream: 0, p: [258, 777], r: 3.0978512573242188e+02, e: 3.0982366943359375e+02
#ERR stream: 0, p: [199, 787], r: 3.0968826293945312e+02, e: 3.0968829345703125e+02
#ERR stream: 0, p: [258, 778], r: 3.0976647949218750e+02, e: 3.0980551147460938e+02
#ERR stream: 0, p: [199, 789], r: 3.0966168212890625e+02, e: 3.0966171264648438e+02
#ERR stream: 0, p: [258, 779], r: 3.0974841308593750e+02, e: 3.0978781127929688e+02
#ERR stream: 0, p: [199, 792], r: 3.0962335205078125e+02, e: 3.0962338256835938e+02
#ERR stream: 0, p: [258, 780], r: 3.0973089599609375e+02, e: 3.0977053833007812e+02
#ERR stream: 0, p: [199, 795], r: 3.0958676147460938e+02, e: 3.0958679199218750e+02
#ERR stream: 0, p: [258, 781], r: 3.0971395874023438e+02, e: 3.0975366210937500e+02
#ERR stream: 0, p: [199, 797], r: 3.0956320190429688e+02, e: 3.0956323242187500e+02
#ERR stream: 0, p: [258, 782], r: 3.0969754028320312e+02, e: 3.0973718261718750e+02
#ERR stream: 0, p: [258, 783], r: 3.0968167114257812e+02, e: 3.0972106933593750e+02
#ERR stream: 0, p: [258, 784], r: 3.0966625976562500e+02, e: 3.0970532226562500e+02
#ERR stream: 0, p: [258, 785], r: 3.0965136718750000e+02, e: 3.0968988037109375e+02
#ERR stream: 0, p: [258, 786], r: 3.0963690185546875e+02, e: 3.0967480468750000e+02
#ERR stream: 0, p: [258, 787], r: 3.0962286376953125e+02, e: 3.0966003417968750e+02
#ERR stream: 0, p: [258, 788], r: 3.0960928344726562e+02, e: 3.0964556884765625e+02
#ERR stream: 0, p: [258, 789], r: 3.0959606933593750e+02, e: 3.0963140869140625e+02
#ERR stream: 0, p: [258, 790], r: 3.0958325195312500e+02, e: 3.0961752319335938e+02
#ERR stream: 0, p: [258, 791], r: 3.0957080078125000e+02, e: 3.0960388183593750e+02
#ERR stream: 0, p: [258, 792], r: 3.0955868530273438e+02, e: 3.0959051513671875e+02
#ERR stream: 0, p: [258, 793], r: 3.0954690551757812e+02, e: 3.0957739257812500e+02
#ERR stream: 0, p: [258, 794], r: 3.0953540039062500e+02, e: 3.0956448364257812e+02
#ERR stream: 0, p: [258, 795], r: 3.0952416992187500e+02, e: 3.0955181884765625e+02
#ERR stream: 0, p: [258, 796], r: 3.0951315307617188e+02, e: 3.0953936767578125e+02
#ERR stream: 0, p: [258, 797], r: 3.0950238037109375e+02, e: 3.0952716064453125e+02
#ERR stream: 0, p: [258, 798], r: 3.0949185180664062e+02, e: 3.0951513671875000e+02
#ERR stream: 0, p: [258, 799], r: 3.0948147583007812e+02, e: 3.0950332641601562e+02
#ERR stream: 0, p: [258, 800], r: 3.0947128295898438e+02, e: 3.0949169921875000e+02
#ERR stream: 0, p: [258, 801], r: 3.0946124267578125e+02, e: 3.0948025512695312e+02
#ERR stream: 0, p: [258, 802], r: 3.0945135498046875e+02, e: 3.0946899414062500e+02
#ERR stream: 0, p: [258, 803], r: 3.0944158935546875e+02, e: 3.0945788574218750e+02
#ERR stream: 0, p: [258, 804], r: 3.0943194580078125e+02, e: 3.0944696044921875e+02
#ERR stream: 0, p: [258, 805], r: 3.0942242431640625e+02, e: 3.0943618774414062e+02
#ERR stream: 0, p: [258, 806], r: 3.0941299438476562e+02, e: 3.0942559814453125e+02
#ERR stream: 0, p: [258, 807], r: 3.0940362548828125e+02, e: 3.0941513061523438e+02
#ERR stream: 0, p: [258, 808], r: 3.0939437866210938e+02, e: 3.0940484619140625e+02
#ERR stream: 0, p: [258, 809], r: 3.0938519287109375e+02, e: 3.0939465332031250e+02
#ERR stream: 0, p: [258, 810], r: 3.0937609863281250e+02, e: 3.0938458251953125e+02
#ERR stream: 0, p: [258, 811], r: 3.0936706542968750e+02, e: 3.0937466430664062e+02
#ERR stream: 0, p: [258, 812], r: 3.0935809326171875e+02, e: 3.0936486816406250e+02
#ERR stream: 0, p: [258, 813], r: 3.0934915161132812e+02, e: 3.0935522460937500e+02
#ERR stream: 0, p: [258, 814], r: 3.0934030151367188e+02, e: 3.0934567260742188e+02
#ERR stream: 0, p: [258, 815], r: 3.0933148193359375e+02, e: 3.0933624267578125e+02
#ERR stream: 0, p: [258, 816], r: 3.0932272338867188e+02, e: 3.0932696533203125e+02
#ERR stream: 0, p: [258, 817], r: 3.0931402587890625e+02, e: 3.0931774902343750e+02
#ERR stream: 0, p: [258, 818], r: 3.0930538940429688e+02, e: 3.0930865478515625e+02
#ERR stream: 0, p: [258, 819], r: 3.0929678344726562e+02, e: 3.0929968261718750e+02
#ERR stream: 0, p: [258, 820], r: 3.0928823852539062e+02, e: 3.0929077148437500e+02
#ERR stream: 0, p: [258, 821], r: 3.0927972412109375e+02, e: 3.0928195190429688e+02
#ERR stream: 0, p: [258, 822], r: 3.0927130126953125e+02, e: 3.0927325439453125e+02
#ERR stream: 0, p: [258, 823], r: 3.0926290893554688e+02, e: 3.0926464843750000e+02
#ERR stream: 0, p: [258, 824], r: 3.0925460815429688e+02, e: 3.0925610351562500e+02
#ERR stream: 0, p: [258, 825], r: 3.0924633789062500e+02, e: 3.0924768066406250e+02
#ERR stream: 0, p: [258, 826], r: 3.0923812866210938e+02, e: 3.0923931884765625e+02
#ERR stream: 0, p: [258, 827], r: 3.0922994995117188e+02, e: 3.0923101806640625e+02
#ERR stream: 0, p: [258, 828], r: 3.0922186279296875e+02, e: 3.0922277832031250e+02
#ERR stream: 0, p: [258, 829], r: 3.0921380615234375e+02, e: 3.0921466064453125e+02
#ERR stream: 0, p: [258, 830], r: 3.0920584106445312e+02, e: 3.0920660400390625e+02
#ERR stream: 0, p: [258, 831], r: 3.0919793701171875e+02, e: 3.0919860839843750e+02
#ERR stream: 0, p: [258, 832], r: 3.0919009399414062e+02, e: 3.0919067382812500e+02
#ERR stream: 0, p: [258, 833], r: 3.0918228149414062e+02, e: 3.0918280029296875e+02
#ERR stream: 0, p: [258, 834], r: 3.0917456054687500e+02, e: 3.0917498779296875e+02
#ERR stream: 0, p: [258, 835], r: 3.0916687011718750e+02, e: 3.0916723632812500e+02
#ERR stream: 0, p: [258, 836], r: 3.0915924072265625e+02, e: 3.0915954589843750e+02
#ERR stream: 0, p: [258, 837], r: 3.0915167236328125e+02, e: 3.0915191650390625e+02
#ERR stream: 0, p: [258, 838], r: 3.0914413452148438e+02, e: 3.0914437866210938e+02
#ERR stream: 0, p: [258, 839], r: 3.0913668823242188e+02, e: 3.0913687133789062e+02
#ERR stream: 0, p: [258, 840], r: 3.0912930297851562e+02, e: 3.0912945556640625e+02
#ERR stream: 0, p: [258, 841], r: 3.0912197875976562e+02, e: 3.0912210083007812e+02
#ERR stream: 0, p: [258, 842], r: 3.0911468505859375e+02, e: 3.0911477661132812e+02
#ERR stream: 0, p: [258, 843], r: 3.0910745239257812e+02, e: 3.0910754394531250e+02
#ERR stream: 0, p: [258, 844], r: 3.0910028076171875e+02, e: 3.0910037231445312e+02
#ERR stream: 0, p: [258, 845], r: 3.0909317016601562e+02, e: 3.0909323120117188e+02
#ERR stream: 0, p: [258, 846], r: 3.0908612060546875e+02, e: 3.0908615112304688e+02
#ERR stream: 0, p: [258, 847], r: 3.0907910156250000e+02, e: 3.0907913208007812e+02
#ERR stream: 0, p: [258, 848], r: 3.0907214355468750e+02, e: 3.0907217407226562e+02
#ERR stream: 0, p: [258, 849], r: 3.0906521606445312e+02, e: 3.0906524658203125e+02
#ERR stream: 0, p: [258, 850], r: 3.0905838012695312e+02, e: 3.0905841064453125e+02
#ERR stream: 0, p: [199, 798], r: 3.0955166625976562e+02, e: 3.0955169677734375e+02
#ERR stream: 0, p: [259, 719], r: 3.1290628051757812e+02, e: 3.1290631103515625e+02
#ERR stream: 0, p: [259, 720], r: 3.1279550170898438e+02, e: 3.1279553222656250e+02
#ERR stream: 0, p: [259, 721], r: 3.1268704223632812e+02, e: 3.1268710327148438e+02
#ERR stream: 0, p: [259, 722], r: 3.1258093261718750e+02, e: 3.1258099365234375e+02
#ERR stream: 0, p: [259, 723], r: 3.1247726440429688e+02, e: 3.1247735595703125e+02
#ERR stream: 0, p: [259, 724], r: 3.1237603759765625e+02, e: 3.1237615966796875e+02
#ERR stream: 0, p: [259, 725], r: 3.1227731323242188e+02, e: 3.1227743530273438e+02
#ERR stream: 0, p: [259, 726], r: 3.1218109130859375e+02, e: 3.1218124389648438e+02
#ERR stream: 0, p: [259, 727], r: 3.1208743286132812e+02, e: 3.1208761596679688e+02
#ERR stream: 0, p: [259, 728], r: 3.1199630737304688e+02, e: 3.1199652099609375e+02
#ERR stream: 0, p: [259, 729], r: 3.1190771484375000e+02, e: 3.1190798950195312e+02
#ERR stream: 0, p: [259, 730], r: 3.1182165527343750e+02, e: 3.1182202148437500e+02
#ERR stream: 0, p: [259, 731], r: 3.1173812866210938e+02, e: 3.1173858642578125e+02
#ERR stream: 0, p: [259, 732], r: 3.1165713500976562e+02, e: 3.1165765380859375e+02
#ERR stream: 0, p: [259, 733], r: 3.1157858276367188e+02, e: 3.1157922363281250e+02
#ERR stream: 0, p: [200, 753], r: 3.1034353637695312e+02, e: 3.1034356689453125e+02
#ERR stream: 0, p: [259, 734], r: 3.1150253295898438e+02, e: 3.1150326538085938e+02
#ERR stream: 0, p: [259, 735], r: 3.1142886352539062e+02, e: 3.1142971801757812e+02
#ERR stream: 0, p: [259, 736], r: 3.1135754394531250e+02, e: 3.1135855102539062e+02
#ERR stream: 0, p: [259, 737], r: 3.1128857421875000e+02, e: 3.1128976440429688e+02
#ERR stream: 0, p: [259, 738], r: 3.1122192382812500e+02, e: 3.1122329711914062e+02
#ERR stream: 0, p: [259, 739], r: 3.1115747070312500e+02, e: 3.1115908813476562e+02
#ERR stream: 0, p: [259, 740], r: 3.1109515380859375e+02, e: 3.1109707641601562e+02
#ERR stream: 0, p: [259, 741], r: 3.1103497314453125e+02, e: 3.1103720092773438e+02
#ERR stream: 0, p: [259, 742], r: 3.1097680664062500e+02, e: 3.1097940063476562e+02
#ERR stream: 0, p: [259, 743], r: 3.1092062377929688e+02, e: 3.1092358398437500e+02
#ERR stream: 0, p: [259, 744], r: 3.1086633300781250e+02, e: 3.1086975097656250e+02
#ERR stream: 0, p: [259, 745], r: 3.1081390380859375e+02, e: 3.1081781005859375e+02
#ERR stream: 0, p: [259, 746], r: 3.1076327514648438e+02, e: 3.1076770019531250e+02
#SDC Ite:0 KerTime:21.662414 AccTime:21.662414 KerErr:14574 AccErr:14574
#ABORT too many errors per iteration
#END