#HEADER streams:1 size:1024 pyramidHeight:1 simTime:1000
#BEGIN Y:2016 M:12 D:12 Time:07:39:36
#IT Ite:0 KerTime:4.286535 AccTime:4.286535
#IT Ite:1 KerTime:3.621347 AccTime:7.907882
#IT Ite:2 KerTime:4.333528 AccTime:12.241410
#IT Ite:3 KerTime:7.703556 AccTime:19.944966
#IT Ite:4 KerTime:5.416830 AccTime:25.361796
#IT Ite:5 KerTime:3.347690 AccTime:28.709486
#IT Ite:6 KerTime:4.789774 AccTime:33.499260
#IT Ite:7 KerTime:3.365979 AccTime:36.865239
#IT Ite:8 KerTime:3.642015 AccTime:40.507254
#IT Ite:9 KerTime:3.359568 AccTime:43.866822
#IT Ite:10 KerTime:3.962342 AccTime:47.829164
#IT Ite:11 KerTime:4.842388 AccTime:52.671552
#IT Ite:12 KerTime:7.725003 AccTime:60.396555
#IT Ite:13 KerTime:3.351742 AccTime:63.748297
#IT Ite:14 KerTime:3.601274 AccTime:67.349571
#IT Ite:15 KerTime:3.365259 AccTime:70.714830
#IT Ite:16 KerTime:3.353094 AccTime:74.067924
#IT Ite:17 KerTime:3.622909 AccTime:77.690833
#IT Ite:18 KerTime:3.356025 AccTime:81.046858
#IT Ite:19 KerTime:3.623177 AccTime:84.670035
#IT Ite:20 KerTime:3.356100 AccTime:88.026135
#IT Ite:21 KerTime:3.350335 AccTime:91.376470
#IT Ite:22 KerTime:3.354192 AccTime:94.730662
#IT Ite:23 KerTime:3.344538 AccTime:98.075200
#IT Ite:24 KerTime:3.338412 AccTime:101.413612
#IT Ite:25 KerTime:3.349084 AccTime:104.762696
#IT Ite:26 KerTime:3.350756 AccTime:108.113452
#IT Ite:27 KerTime:3.350724 AccTime:111.464176
#IT Ite:28 KerTime:3.965414 AccTime:115.429590
#IT Ite:29 KerTime:3.353949 AccTime:118.783539
#IT Ite:30 KerTime:3.350595 AccTime:122.134134
#IT Ite:31 KerTime:3.349900 AccTime:125.484034
#IT Ite:32 KerTime:4.353597 AccTime:129.837631
#IT Ite:33 KerTime:4.737182 AccTime:134.574813
#IT Ite:34 KerTime:3.366566 AccTime:137.941379
#IT Ite:35 KerTime:3.350005 AccTime:141.291384
#IT Ite:36 KerTime:3.349018 AccTime:144.640402
#IT Ite:37 KerTime:3.648466 AccTime:148.288868
#IT Ite:38 KerTime:4.816119 AccTime:153.104987
#IT Ite:39 KerTime:3.207155 AccTime:156.312142
#ERR stream: 0, p: [768, 0], r: 3.0763104248046875e+02, e: 0.0000000000000000e+00
#ERR stream: 0, p: [256, 0], r: 3.0810961914062500e+02, e: 0.0000000000000000e+00
#ERR stream: 0, p: [256, 1], r: 3.0810971069335938e+02, e: 0.0000000000000000e+00
#ERR stream: 0, p: [256, 2], r: 3.0810995483398438e+02, e: 0.0000000000000000e+00
#ERR stream: 0, p: [256, 3], r: 3.0811029052734375e+02, e: 0.0000000000000000e+00
#ERR stream: 0, p: [256, 4], r: 3.0811074829101562e+02, e: 0.0000000000000000e+00
#ERR stream: 0, p: [256, 5], r: 3.0811129760742188e+02, e: 0.0000000000000000e+00
#ERR stream: 0, p: [256, 6], r: 3.0811199951171875e+02, e: 0.0000000000000000e+00
#ERR stream: 0, p: [256, 7], r: 3.0811279296875000e+02, e: 0.0000000000000000e+00
#ERR stream: 0, p: [256, 8], r: 3.0811370849609375e+02, e: 0.0000000000000000e+00
#ERR stream: 0, p: [256, 9], r: 3.0811471557617188e+02, e: 0.0000000000000000e+00
#ERR stream: 0, p: [256, 10], r: 3.0811584472656250e+02, e: 0.0000000000000000e+00
#ERR stream: 0, p: [256, 11], r: 3.0811703491210938e+02, e: 0.0000000000000000e+00
#ERR stream: 0, p: [256, 12], r: 3.0811837768554688e+02, e: 0.0000000000000000e+00
#ERR stream: 0, p: [256, 13], r: 3.0811978149414062e+02, e: 0.0000000000000000e+00
#ERR stream: 0, p: [256, 14], r: 3.0812127685546875e+02, e: 0.0000000000000000e+00
#ERR stream: 0, p: [256, 15], r: 3.0812286376953125e+02, e: 0.0000000000000000e+00
#ERR stream: 0, p: [256, 16], r: 3.0812457275390625e+02, e: 0.0000000000000000e+00
#ERR stream: 0, p: [256, 17], r: 3.0812634277343750e+02, e: 0.0000000000000000e+00
#ERR stream: 0, p: [256, 18], r: 3.0812820434570312e+02, e: 0.0000000000000000e+00
#ERR stream: 0, p: [256, 19], r: 3.0813015747070312e+02, e: 0.0000000000000000e+00
#ERR stream: 0, p: [256, 20], r: 3.0813223266601562e+02, e: 0.0000000000000000e+00
#ERR stream: 0, p: [256, 21], r: 3.0813433837890625e+02, e: 0.0000000000000000e+00
#ERR stream: 0, p: [256, 22], r: 3.0813653564453125e+02, e: 0.0000000000000000e+00
#ERR stream: 0, p: [256, 23], r: 3.0813879394531250e+02, e: 0.0000000000000000e+00
#ERR stream: 0, p: [256, 24], r: 3.0814111328125000e+02, e: 0.0000000000000000e+00
#ERR stream: 0, p: [256, 25], r: 3.0814349365234375e+02, e: 0.0000000000000000e+00
#ERR stream: 0, p: [256, 26], r: 3.0814599609375000e+02, e: 0.0000000000000000e+00
#ERR stream: 0, p: [256, 27], r: 3.0814849853515625e+02, e: 0.0000000000000000e+00
#ERR stream: 0, p: [256, 28], r: 3.0815109252929688e+02, e: 0.0000000000000000e+00
#ERR stream: 0, p: [256, 29], r: 3.0815377807617188e+02, e: 0.0000000000000000e+00
#ERR stream: 0, p: [256, 30], r: 3.0815649414062500e+02, e: 0.0000000000000000e+00
#ERR stream: 0, p: [256, 31], r: 3.0815927124023438e+02, e: 0.0000000000000000e+00
#ERR stream: 0, p: [256, 32], r: 3.0816210937500000e+02, e: 0.0000000000000000e+00
#ERR stream: 0, p: [256, 33], r: 3.0816500854492188e+02, e: 0.0000000000000000e+00
#ERR stream: 0, p: [256, 34], r: 3.0816796875000000e+02, e: 0.0000000000000000e+00
#ERR stream: 0, p: [256, 35], r: 3.0817095947265625e+02, e: 0.0000000000000000e+00
#ERR stream: 0, p: [256, 36], r: 3.0817401123046875e+02, e: 0.0000000000000000e+00
#ERR stream: 0, p: [256, 37], r: 3.0817712402343750e+02, e: 0.0000000000000000e+00
#ERR stream: 0, p: [256, 38], r: 3.0818026733398438e+02, e: 0.0000000000000000e+00
#ERR stream: 0, p: [256, 39], r: 3.0818344116210938e+02, e: 0.0000000000000000e+00
#ERR stream: 0, p: [256, 40], r: 3.0818664550781250e+02, e: 0.0000000000000000e+00
#ERR stream: 0, p: [256, 41], r: 3.0818991088867188e+02, e: 0.0000000000000000e+00
#ERR stream: 0, p: [256, 42], r: 3.0819317626953125e+02, e: 0.0000000000000000e+00
#ERR stream: 0, p: [256, 43], r: 3.0819647216796875e+02, e: 0.0000000000000000e+00
#ERR stream: 0, p: [512, 0], r: 3.0791406250000000e+02, e: 0.0000000000000000e+00
#ERR stream: 0, p: [512, 1], r: 3.0791415405273438e+02, e: 0.0000000000000000e+00
#ERR stream: 0, p: [512, 2], r: 3.0791433715820312e+02, e: 0.0000000000000000e+00
#ERR stream: 0, p: [512, 3], r: 3.0791458129882812e+02, e: 0.0000000000000000e+00
#ERR stream: 0, p: [512, 4], r: 3.0791491699218750e+02, e: 0.0000000000000000e+00
#ERR stream: 0, p: [512, 5], r: 3.0791534423828125e+02, e: 0.0000000000000000e+00
#ERR stream: 0, p: [512, 6], r: 3.0791583251953125e+02, e: 0.0000000000000000e+00
#ERR stream: 0, p: [512, 7], r: 3.0791641235351562e+02, e: 0.0000000000000000e+00
#ERR stream: 0, p: [512, 8], r: 3.0791708374023438e+02, e: 0.0000000000000000e+00
#ERR stream: 0, p: [512, 9], r: 3.0791781616210938e+02, e: 0.0000000000000000e+00
#ERR stream: 0, p: [512, 10], r: 3.0791864013671875e+02, e: 0.0000000000000000e+00
#ERR stream: 0, p: [512, 11], r: 3.0791952514648438e+02, e: 0.0000000000000000e+00
#ERR stream: 0, p: [512, 12], r: 3.0792050170898438e+02, e: 0.0000000000000000e+00
#ERR stream: 0, p: [512, 13], r: 3.0792153930664062e+02, e: 0.0000000000000000e+00
#ERR stream: 0, p: [512, 14], r: 3.0792263793945312e+02, e: 0.0000000000000000e+00
#ERR stream: 0, p: [512, 15], r: 3.0792379760742188e+02, e: 0.0000000000000000e+00
#ERR stream: 0, p: [512, 16], r: 3.0792504882812500e+02, e: 0.0000000000000000e+00
#ERR stream: 0, p: [512, 17], r: 3.0792636108398438e+02, e: 0.0000000000000000e+00
#ERR stream: 0, p: [512, 18], r: 3.0792770385742188e+02, e: 0.0000000000000000e+00
#ERR stream: 0, p: [512, 19], r: 3.0792913818359375e+02, e: 0.0000000000000000e+00
#ERR stream: 0, p: [512, 20], r: 3.0793063354492188e+02, e: 0.0000000000000000e+00
#ERR stream: 0, p: [512, 21], r: 3.0793215942382812e+02, e: 0.0000000000000000e+00
#ERR stream: 0, p: [512, 22], r: 3.0793374633789062e+02, e: 0.0000000000000000e+00
#ERR stream: 0, p: [512, 23], r: 3.0793539428710938e+02, e: 0.0000000000000000e+00
#ERR stream: 0, p: [512, 24], r: 3.0793710327148438e+02, e: 0.0000000000000000e+00
#ERR stream: 0, p: [512, 25], r: 3.0793887329101562e+02, e: 0.0000000000000000e+00
#ERR stream: 0, p: [512, 26], r: 3.0794070434570312e+02, e: 0.0000000000000000e+00
#ERR stream: 0, p: [512, 27], r: 3.0794256591796875e+02, e: 0.0000000000000000e+00
#ERR stream: 0, p: [512, 28], r: 3.0794451904296875e+02, e: 0.0000000000000000e+00
#ERR stream: 0, p: [512, 29], r: 3.0794647216796875e+02, e: 0.0000000000000000e+00
#ERR stream: 0, p: [512, 30], r: 3.0794848632812500e+02, e: 0.0000000000000000e+00
#ERR stream: 0, p: [512, 31], r: 3.0795050048828125e+02, e: 0.0000000000000000e+00
#ERR stream: 0, p: [768, 1], r: 3.0763107299804688e+02, e: 0.0000000000000000e+00
#ERR stream: 0, p: [256, 44], r: 3.0819982910156250e+02, e: 0.0000000000000000e+00
#ERR stream: 0, p: [512, 32], r: 3.0795257568359375e+02, e: 0.0000000000000000e+00
#ERR stream: 0, p: [512, 33], r: 3.0795471191406250e+02, e: 0.0000000000000000e+00
#ERR stream: 0, p: [512, 34], r: 3.0795684814453125e+02, e: 0.0000000000000000e+00
#ERR stream: 0, p: [512, 35], r: 3.0795904541015625e+02, e: 0.0000000000000000e+00
#ERR stream: 0, p: [512, 36], r: 3.0796124267578125e+02, e: 0.0000000000000000e+00
#ERR stream: 0, p: [512, 37], r: 3.0796350097656250e+02, e: 0.0000000000000000e+00
#ERR stream: 0, p: [512, 38], r: 3.0796575927734375e+02, e: 0.0000000000000000e+00
#ERR stream: 0, p: [512, 39], r: 3.0796804809570312e+02, e: 0.0000000000000000e+00
#ERR stream: 0, p: [512, 40], r: 3.0797039794921875e+02, e: 0.0000000000000000e+00
#ERR stream: 0, p: [512, 41], r: 3.0797271728515625e+02, e: 0.0000000000000000e+00
#ERR stream: 0, p: [512, 42], r: 3.0797509765625000e+02, e: 0.0000000000000000e+00
#ERR stream: 0, p: [512, 43], r: 3.0797750854492188e+02, e: 0.0000000000000000e+00
#ERR stream: 0, p: [512, 44], r: 3.0797991943359375e+02, e: 0.0000000000000000e+00
#ERR stream: 0, p: [512, 45], r: 3.0798239135742188e+02, e: 0.0000000000000000e+00
#ERR stream: 0, p: [512, 46], r: 3.0798486328125000e+02, e: 0.0000000000000000e+00
#ERR stream: 0, p: [512, 47], r: 3.0798736572265625e+02, e: 0.0000000000000000e+00
#ERR stream: 0, p: [512, 48], r: 3.0798986816406250e+02, e: 0.0000000000000000e+00
#ERR stream: 0, p: [512, 49], r: 3.0799240112304688e+02, e: 0.0000000000000000e+00
#ERR stream: 0, p: [512, 50], r: 3.0799493408203125e+02, e: 0.0000000000000000e+00
#ERR stream: 0, p: [512, 51], r: 3.0799749755859375e+02, e: 0.0000000000000000e+00
#ERR stream: 0, p: [512, 52], r: 3.0800006103515625e+02, e: 0.0000000000000000e+00
#ERR stream: 0, p: [512, 53], r: 3.0800265502929688e+02, e: 0.0000000000000000e+00
#ERR stream: 0, p: [512, 54], r: 3.0800524902343750e+02, e: 0.0000000000000000e+00
#ERR stream: 0, p: [512, 55], r: 3.0800787353515625e+02, e: 0.0000000000000000e+00
#ERR stream: 0, p: [512, 56], r: 3.0801049804687500e+02, e: 0.0000000000000000e+00
#ERR stream: 0, p: [512, 57], r: 3.0801312255859375e+02, e: 0.0000000000000000e+00
#ERR stream: 0, p: [512, 58], r: 3.0801577758789062e+02, e: 0.0000000000000000e+00
#ERR stream: 0, p: [512, 59], r: 3.0801843261718750e+02, e: 0.0000000000000000e+00
#ERR stream: 0, p: [768, 2], r: 3.0763116455078125e+02, e: 0.0000000000000000e+00
#ERR stream: 0, p: [256, 45], r: 3.0820318603515625e+02, e: 0.0000000000000000e+00
#ERR stream: 0, p: [256, 46], r: 3.0820660400390625e+02, e: 0.0000000000000000e+00
#ERR stream: 0, p: [256, 47], r: 3.0821005249023438e+02, e: 0.0000000000000000e+00
#ERR stream: 0, p: [256, 48], r: 3.0821353149414062e+02, e: 0.0000000000000000e+00
#ERR stream: 0, p: [256, 49], r: 3.0821704101562500e+02, e: 0.0000000000000000e+00
#ERR stream: 0, p: [256, 50], r: 3.0822058105468750e+02, e: 0.0000000000000000e+00
#ERR stream: 0, p: [256, 51], r: 3.0822409057617188e+02, e: 0.0000000000000000e+00
#ERR stream: 0, p: [256, 52], r: 3.0822766113281250e+02, e: 0.0000000000000000e+00
#ERR stream: 0, p: [256, 53], r: 3.0823126220703125e+02, e: 0.0000000000000000e+00
#ERR stream: 0, p: [256, 54], r: 3.0823492431640625e+02, e: 0.0000000000000000e+00
#ERR stream: 0, p: [512, 60], r: 3.0802111816406250e+02, e: 0.0000000000000000e+00
#ERR stream: 0, p: [512, 61], r: 3.0802380371093750e+02, e: 0.0000000000000000e+00
#ERR stream: 0, p: [512, 62], r: 3.0802648925781250e+02, e: 0.0000000000000000e+00
#ERR stream: 0, p: [512, 63], r: 3.0802917480468750e+02, e: 0.0000000000000000e+00
#ERR stream: 0, p: [512, 64], r: 3.0803189086914062e+02, e: 0.0000000000000000e+00
#ERR stream: 0, p: [512, 65], r: 3.0803460693359375e+02, e: 0.0000000000000000e+00
#ERR stream: 0, p: [512, 66], r: 3.0803729248046875e+02, e: 0.0000000000000000e+00
#ERR stream: 0, p: [512, 67], r: 3.0804003906250000e+02, e: 0.0000000000000000e+00
#ERR stream: 0, p: [256, 55], r: 3.0823855590820312e+02, e: 0.0000000000000000e+00
#ERR stream: 0, p: [256, 56], r: 3.0824221801757812e+02, e: 0.0000000000000000e+00
#ERR stream: 0, p: [256, 57], r: 3.0824591064453125e+02, e: 0.0000000000000000e+00
#ERR stream: 0, p: [256, 58], r: 3.0824963378906250e+02, e: 0.0000000000000000e+00
#ERR stream: 0, p: [256, 59], r: 3.0825335693359375e+02, e: 0.0000000000000000e+00
#ERR stream: 0, p: [256, 60], r: 3.0825708007812500e+02, e: 0.0000000000000000e+00
#ERR stream: 0, p: [256, 61], r: 3.0826086425781250e+02, e: 0.0000000000000000e+00
#ERR stream: 0, p: [256, 62], r: 3.0826464843750000e+02, e: 0.0000000000000000e+00
#ERR stream: 0, p: [256, 63], r: 3.0826843261718750e+02, e: 0.0000000000000000e+00
#ERR stream: 0, p: [256, 64], r: 3.0827227783203125e+02, e: 0.0000000000000000e+00
#ERR stream: 0, p: [256, 65], r: 3.0827612304687500e+02, e: 0.0000000000000000e+00
#ERR stream: 0, p: [256, 66], r: 3.0827996826171875e+02, e: 0.0000000000000000e+00
#ERR stream: 0, p: [256, 67], r: 3.0828381347656250e+02, e: 0.0000000000000000e+00
#ERR stream: 0, p: [256, 68], r: 3.0828771972656250e+02, e: 0.0000000000000000e+00
#ERR stream: 0, p: [256, 69], r: 3.0829162597656250e+02, e: 0.0000000000000000e+00
#ERR stream: 0, p: [256, 70], r: 3.0829553222656250e+02, e: 0.0000000000000000e+00
#ERR stream: 0, p: [256, 71], r: 3.0829943847656250e+02, e: 0.0000000000000000e+00
#ERR stream: 0, p: [256, 72], r: 3.0830340576171875e+02, e: 0.0000000000000000e+00
#ERR stream: 0, p: [256, 73], r: 3.0830737304687500e+02, e: 0.0000000000000000e+00
#ERR stream: 0, p: [256, 74], r: 3.0831134033203125e+02, e: 0.0000000000000000e+00
#ERR stream: 0, p: [256, 75], r: 3.0831530761718750e+02, e: 0.0000000000000000e+00
#ERR stream: 0, p: [768, 3], r: 3.0763131713867188e+02, e: 0.0000000000000000e+00
#ERR stream: 0, p: [256, 76], r: 3.0831927490234375e+02, e: 0.0000000000000000e+00
#ERR stream: 0, p: [256, 77], r: 3.0832330322265625e+02, e: 0.0000000000000000e+00
#ERR stream: 0, p: [256, 78], r: 3.0832730102539062e+02, e: 0.0000000000000000e+00
#ERR stream: 0, p: [256, 79], r: 3.0833129882812500e+02, e: 0.0000000000000000e+00
#ERR stream: 0, p: [256, 80], r: 3.0833535766601562e+02, e: 0.0000000000000000e+00
#ERR stream: 0, p: [256, 81], r: 3.0833941650390625e+02, e: 0.0000000000000000e+00
#ERR stream: 0, p: [256, 82], r: 3.0834347534179688e+02, e: 0.0000000000000000e+00
#ERR stream: 0, p: [256, 83], r: 3.0834750366210938e+02, e: 0.0000000000000000e+00
#ERR stream: 0, p: [256, 84], r: 3.0835159301757812e+02, e: 0.0000000000000000e+00
#ERR stream: 0, p: [256, 85], r: 3.0835568237304688e+02, e: 0.0000000000000000e+00
#ERR stream: 0, p: [256, 86], r: 3.0835980224609375e+02, e: 0.0000000000000000e+00
#ERR stream: 0, p: [256, 87], r: 3.0836392211914062e+02, e: 0.0000000000000000e+00
#ERR stream: 0, p: [256, 88], r: 3.0836801147460938e+02, e: 0.0000000000000000e+00
#ERR stream: 0, p: [256, 89], r: 3.0837216186523438e+02, e: 0.0000000000000000e+00
#ERR stream: 0, p: [256, 90], r: 3.0837631225585938e+02, e: 0.0000000000000000e+00
#ERR stream: 0, p: [256, 91], r: 3.0838046264648438e+02, e: 0.0000000000000000e+00
#ERR stream: 0, p: [256, 92], r: 3.0838464355468750e+02, e: 0.0000000000000000e+00
#ERR stream: 0, p: [256, 93], r: 3.0838882446289062e+02, e: 0.0000000000000000e+00
#ERR stream: 0, p: [256, 94], r: 3.0839300537109375e+02, e: 0.0000000000000000e+00
#ERR stream: 0, p: [256, 95], r: 3.0839718627929688e+02, e: 0.0000000000000000e+00
#ERR stream: 0, p: [256, 96], r: 3.0840139770507812e+02, e: 0.0000000000000000e+00
#ERR stream: 0, p: [256, 97], r: 3.0840563964843750e+02, e: 0.0000000000000000e+00
#ERR stream: 0, p: [256, 98], r: 3.0840988159179688e+02, e: 0.0000000000000000e+00
#ERR stream: 0, p: [256, 99], r: 3.0841412353515625e+02, e: 0.0000000000000000e+00
#ERR stream: 0, p: [256, 100], r: 3.0841836547851562e+02, e: 0.0000000000000000e+00
#ERR stream: 0, p: [256, 101], r: 3.0842263793945312e+02, e: 0.0000000000000000e+00
#ERR stream: 0, p: [256, 102], r: 3.0842691040039062e+02, e: 0.0000000000000000e+00
#ERR stream: 0, p: [256, 103], r: 3.0843121337890625e+02, e: 0.0000000000000000e+00
#ERR stream: 0, p: [256, 104], r: 3.0843551635742188e+02, e: 0.0000000000000000e+00
#ERR stream: 0, p: [256, 105], r: 3.0843981933593750e+02, e: 0.0000000000000000e+00
#ERR stream: 0, p: [256, 106], r: 3.0844415283203125e+02, e: 0.0000000000000000e+00
#ERR stream: 0, p: [256, 107], r: 3.0844848632812500e+02, e: 0.0000000000000000e+00
#ERR stream: 0, p: [256, 108], r: 3.0845285034179688e+02, e: 0.0000000000000000e+00
#ERR stream: 0, p: [256, 109], r: 3.0845718383789062e+02, e: 0.0000000000000000e+00
#ERR stream: 0, p: [256, 110], r: 3.0846154785156250e+02, e: 0.0000000000000000e+00
#ERR stream: 0, p: [256, 111], r: 3.0846591186523438e+02, e: 0.0000000000000000e+00
#ERR stream: 0, p: [256, 112], r: 3.0847030639648438e+02, e: 0.0000000000000000e+00
#ERR stream: 0, p: [256, 113], r: 3.0847473144531250e+02, e: 0.0000000000000000e+00
#ERR stream: 0, p: [256, 114], r: 3.0847915649414062e+02, e: 0.0000000000000000e+00
#ERR stream: 0, p: [256, 115], r: 3.0848358154296875e+02, e: 0.0000000000000000e+00
#ERR stream: 0, p: [256, 116], r: 3.0848800659179688e+02, e: 0.0000000000000000e+00
#ERR stream: 0, p: [256, 117], r: 3.0849246215820312e+02, e: 0.0000000000000000e+00
#ERR stream: 0, p: [768, 4], r: 3.0763150024414062e+02, e: 0.0000000000000000e+00
#ERR stream: 0, p: [256, 118], r: 3.0849691772460938e+02, e: 0.0000000000000000e+00
#ERR stream: 0, p: [512, 68], r: 3.0804278564453125e+02, e: 0.0000000000000000e+00
#ERR stream: 0, p: [0, 0], r: 3.0815771484375000e+02, e: 0.0000000000000000e+00
#ERR stream: 0, p: [256, 119], r: 3.0850140380859375e+02, e: 0.0000000000000000e+00
#ERR stream: 0, p: [512, 69], r: 3.0804553222656250e+02, e: 0.0000000000000000e+00
#ERR stream: 0, p: [0, 1], r: 3.0815783691406250e+02, e: 0.0000000000000000e+00
#ERR stream: 0, p: [256, 120], r: 3.0850588989257812e+02, e: 0.0000000000000000e+00
#ERR stream: 0, p: [512, 70], r: 3.0804827880859375e+02, e: 0.0000000000000000e+00
#ERR stream: 0, p: [0, 2], r: 3.0815805053710938e+02, e: 0.0000000000000000e+00
#ERR stream: 0, p: [512, 71], r: 3.0805102539062500e+02, e: 0.0000000000000000e+00
#ERR stream: 0, p: [256, 121], r: 3.0851040649414062e+02, e: 0.0000000000000000e+00
#ERR stream: 0, p: [512, 72], r: 3.0805377197265625e+02, e: 0.0000000000000000e+00
#ERR stream: 0, p: [0, 3], r: 3.0815838623046875e+02, e: 0.0000000000000000e+00
#ERR stream: 0, p: [256, 122], r: 3.0851492309570312e+02, e: 0.0000000000000000e+00
#ERR stream: 0, p: [512, 73], r: 3.0805654907226562e+02, e: 0.0000000000000000e+00
#ERR stream: 0, p: [256, 123], r: 3.0851947021484375e+02, e: 0.0000000000000000e+00
#ERR stream: 0, p: [512, 74], r: 3.0805932617187500e+02, e: 0.0000000000000000e+00
#ERR stream: 0, p: [0, 4], r: 3.0815878295898438e+02, e: 0.0000000000000000e+00
#ERR stream: 0, p: [256, 124], r: 3.0852401733398438e+02, e: 0.0000000000000000e+00
#ERR stream: 0, p: [512, 75], r: 3.0806207275390625e+02, e: 0.0000000000000000e+00
#ERR stream: 0, p: [0, 5], r: 3.0815930175781250e+02, e: 0.0000000000000000e+00
#ERR stream: 0, p: [256, 125], r: 3.0852859497070312e+02, e: 0.0000000000000000e+00
#ERR stream: 0, p: [512, 76], r: 3.0806484985351562e+02, e: 0.0000000000000000e+00
#ERR stream: 0, p: [256, 126], r: 3.0853317260742188e+02, e: 0.0000000000000000e+00
#ERR stream: 0, p: [0, 6], r: 3.0815991210937500e+02, e: 0.0000000000000000e+00
#ERR stream: 0, p: [512, 77], r: 3.0806762695312500e+02, e: 0.0000000000000000e+00
#ERR stream: 0, p: [0, 7], r: 3.0816061401367188e+02, e: 0.0000000000000000e+00
#ERR stream: 0, p: [256, 127], r: 3.0853778076171875e+02, e: 0.0000000000000000e+00
#ERR stream: 0, p: [0, 8], r: 3.0816143798828125e+02, e: 0.0000000000000000e+00
#ERR stream: 0, p: [256, 128], r: 3.0854238891601562e+02, e: 0.0000000000000000e+00
#ERR stream: 0, p: [0, 9], r: 3.0816235351562500e+02, e: 0.0000000000000000e+00
#ERR stream: 0, p: [256, 129], r: 3.0854702758789062e+02, e: 0.0000000000000000e+00
#ERR stream: 0, p: [0, 10], r: 3.0816333007812500e+02, e: 0.0000000000000000e+00
#ERR stream: 0, p: [512, 78], r: 3.0807043457031250e+02, e: 0.0000000000000000e+00
#ERR stream: 0, p: [0, 11], r: 3.0816442871093750e+02, e: 0.0000000000000000e+00
#ERR stream: 0, p: [512, 79], r: 3.0807321166992188e+02, e: 0.0000000000000000e+00
#ERR stream: 0, p: [0, 12], r: 3.0816558837890625e+02, e: 0.0000000000000000e+00
#ERR stream: 0, p: [512, 80], r: 3.0807598876953125e+02, e: 0.0000000000000000e+00
#ERR stream: 0, p: [256, 130], r: 3.0855166625976562e+02, e: 0.0000000000000000e+00
#ERR stream: 0, p: [512, 81], r: 3.0807879638671875e+02, e: 0.0000000000000000e+00
#ERR stream: 0, p: [256, 131], r: 3.0855633544921875e+02, e: 0.0000000000000000e+00
#ERR stream: 0, p: [512, 82], r: 3.0808160400390625e+02, e: 0.0000000000000000e+00
#ERR stream: 0, p: [0, 13], r: 3.0816680908203125e+02, e: 0.0000000000000000e+00
#ERR stream: 0, p: [256, 132], r: 3.0856103515625000e+02, e: 0.0000000000000000e+00
#ERR stream: 0, p: [512, 83], r: 3.0808441162109375e+02, e: 0.0000000000000000e+00
#ERR stream: 0, p: [256, 133], r: 3.0856573486328125e+02, e: 0.0000000000000000e+00
#ERR stream: 0, p: [512, 84], r: 3.0808721923828125e+02, e: 0.0000000000000000e+00
#ERR stream: 0, p: [256, 134], r: 3.0857046508789062e+02, e: 0.0000000000000000e+00
#ERR stream: 0, p: [512, 85], r: 3.0809002685546875e+02, e: 0.0000000000000000e+00
#ERR stream: 0, p: [0, 14], r: 3.0816815185546875e+02, e: 0.0000000000000000e+00
#ERR stream: 0, p: [512, 86], r: 3.0809283447265625e+02, e: 0.0000000000000000e+00
#ERR stream: 0, p: [0, 15], r: 3.0816955566406250e+02, e: 0.0000000000000000e+00
#ERR stream: 0, p: [256, 135], r: 3.0857519531250000e+02, e: 0.0000000000000000e+00
#ERR stream: 0, p: [512, 87], r: 3.0809564208984375e+02, e: 0.0000000000000000e+00
#ERR stream: 0, p: [256, 136], r: 3.0857995605468750e+02, e: 0.0000000000000000e+00
#ERR stream: 0, p: [0, 16], r: 3.0817108154296875e+02, e: 0.0000000000000000e+00
#ERR stream: 0, p: [512, 88], r: 3.0809844970703125e+02, e: 0.0000000000000000e+00
#ERR stream: 0, p: [0, 17], r: 3.0817266845703125e+02, e: 0.0000000000000000e+00
#ERR stream: 0, p: [256, 137], r: 3.0858471679687500e+02, e: 0.0000000000000000e+00
#ERR stream: 0, p: [512, 89], r: 3.0810128784179688e+02, e: 0.0000000000000000e+00
#ERR stream: 0, p: [0, 18], r: 3.0817431640625000e+02, e: 0.0000000000000000e+00
#ERR stream: 0, p: [512, 90], r: 3.0810412597656250e+02, e: 0.0000000000000000e+00
#ERR stream: 0, p: [0, 19], r: 3.0817602539062500e+02, e: 0.0000000000000000e+00
#ERR stream: 0, p: [256, 138], r: 3.0858950805664062e+02, e: 0.0000000000000000e+00
#ERR stream: 0, p: [0, 20], r: 3.0817779541015625e+02, e: 0.0000000000000000e+00
#ERR stream: 0, p: [256, 139], r: 3.0859432983398438e+02, e: 0.0000000000000000e+00
#ERR stream: 0, p: [512, 91], r: 3.0810693359375000e+02, e: 0.0000000000000000e+00
#ERR stream: 0, p: [256, 140], r: 3.0859918212890625e+02, e: 0.0000000000000000e+00
#ERR stream: 0, p: [0, 21], r: 3.0817962646484375e+02, e: 0.0000000000000000e+00
#ERR stream: 0, p: [512, 92], r: 3.0810977172851562e+02, e: 0.0000000000000000e+00
#ERR stream: 0, p: [0, 22], r: 3.0818151855468750e+02, e: 0.0000000000000000e+00
#ERR stream: 0, p: [512, 93], r: 3.0811260986328125e+02, e: 0.0000000000000000e+00
#ERR stream: 0, p: [256, 141], r: 3.0860403442382812e+02, e: 0.0000000000000000e+00
#ERR stream: 0, p: [512, 94], r: 3.0811544799804688e+02, e: 0.0000000000000000e+00
#ERR stream: 0, p: [0, 23], r: 3.0818350219726562e+02, e: 0.0000000000000000e+00
#ERR stream: 0, p: [256, 142], r: 3.0860891723632812e+02, e: 0.0000000000000000e+00
#ERR stream: 0, p: [512, 95], r: 3.0811828613281250e+02, e: 0.0000000000000000e+00
#ERR stream: 0, p: [256, 143], r: 3.0861383056640625e+02, e: 0.0000000000000000e+00
#ERR stream: 0, p: [0, 24], r: 3.0818554687500000e+02, e: 0.0000000000000000e+00
#ERR stream: 0, p: [256, 144], r: 3.0861874389648438e+02, e: 0.0000000000000000e+00
#ERR stream: 0, p: [512, 96], r: 3.0812109375000000e+02, e: 0.0000000000000000e+00
#ERR stream: 0, p: [256, 145], r: 3.0862365722656250e+02, e: 0.0000000000000000e+00
#ERR stream: 0, p: [0, 25], r: 3.0818765258789062e+02, e: 0.0000000000000000e+00
#ERR stream: 0, p: [256, 146], r: 3.0862863159179688e+02, e: 0.0000000000000000e+00
#ERR stream: 0, p: [0, 26], r: 3.0818981933593750e+02, e: 0.0000000000000000e+00
#ERR stream: 0, p: [512, 97], r: 3.0812396240234375e+02, e: 0.0000000000000000e+00
#ERR stream: 0, p: [0, 27], r: 3.0819201660156250e+02, e: 0.0000000000000000e+00
#ERR stream: 0, p: [512, 98], r: 3.0812683105468750e+02, e: 0.0000000000000000e+00
#ERR stream: 0, p: [0, 28], r: 3.0819427490234375e+02, e: 0.0000000000000000e+00
#ERR stream: 0, p: [256, 147], r: 3.0863360595703125e+02, e: 0.0000000000000000e+00
#ERR stream: 0, p: [512, 99], r: 3.0812966918945312e+02, e: 0.0000000000000000e+00
#ERR stream: 0, p: [0, 29], r: 3.0819659423828125e+02, e: 0.0000000000000000e+00
#ERR stream: 0, p: [256, 148], r: 3.0863861083984375e+02, e: 0.0000000000000000e+00
#ERR stream: 0, p: [0, 30], r: 3.0819897460937500e+02, e: 0.0000000000000000e+00
#ERR stream: 0, p: [512, 100], r: 3.0813250732421875e+02, e: 0.0000000000000000e+00
#ERR stream: 0, p: [0, 31], r: 3.0820141601562500e+02, e: 0.0000000000000000e+00
#ERR stream: 0, p: [512, 101], r: 3.0813537597656250e+02, e: 0.0000000000000000e+00
#ERR stream: 0, p: [0, 32], r: 3.0820385742187500e+02, e: 0.0000000000000000e+00
#ERR stream: 0, p: [256, 149], r: 3.0864361572265625e+02, e: 0.0000000000000000e+00
#ERR stream: 0, p: [512, 102], r: 3.0813821411132812e+02, e: 0.0000000000000000e+00
#ERR stream: 0, p: [0, 33], r: 3.0820635986328125e+02, e: 0.0000000000000000e+00
#ERR stream: 0, p: [512, 103], r: 3.0814105224609375e+02, e: 0.0000000000000000e+00
#ERR stream: 0, p: [0, 34], r: 3.0820886230468750e+02, e: 0.0000000000000000e+00
#ERR stream: 0, p: [256, 150], r: 3.0864865112304688e+02, e: 0.0000000000000000e+00
#ERR stream: 0, p: [512, 104], r: 3.0814392089843750e+02, e: 0.0000000000000000e+00
#ERR stream: 0, p: [256, 151], r: 3.0865374755859375e+02, e: 0.0000000000000000e+00
#ERR stream: 0, p: [512, 105], r: 3.0814675903320312e+02, e: 0.0000000000000000e+00
#ERR stream: 0, p: [256, 152], r: 3.0865884399414062e+02, e: 0.0000000000000000e+00
#ERR stream: 0, p: [512, 106], r: 3.0814959716796875e+02, e: 0.0000000000000000e+00
#ERR stream: 0, p: [256, 153], r: 3.0866394042968750e+02, e: 0.0000000000000000e+00
#ERR stream: 0, p: [0, 35], r: 3.0821142578125000e+02, e: 0.0000000000000000e+00
#ERR stream: 0, p: [256, 154], r: 3.0866906738281250e+02, e: 0.0000000000000000e+00
#ERR stream: 0, p: [0, 36], r: 3.0821401977539062e+02, e: 0.0000000000000000e+00
#ERR stream: 0, p: [512, 107], r: 3.0815246582031250e+02, e: 0.0000000000000000e+00
#ERR stream: 0, p: [0, 37], r: 3.0821664428710938e+02, e: 0.0000000000000000e+00
#ERR stream: 0, p: [512, 108], r: 3.0815533447265625e+02, e: 0.0000000000000000e+00
#ERR stream: 0, p: [0, 38], r: 3.0821929931640625e+02, e: 0.0000000000000000e+00
#ERR stream: 0, p: [256, 155], r: 3.0867422485351562e+02, e: 0.0000000000000000e+00
#ERR stream: 0, p: [0, 39], r: 3.0822198486328125e+02, e: 0.0000000000000000e+00
#ERR stream: 0, p: [512, 109], r: 3.0815820312500000e+02, e: 0.0000000000000000e+00
#ERR stream: 0, p: [256, 156], r: 3.0867941284179688e+02, e: 0.0000000000000000e+00
#ERR stream: 0, p: [0, 40], r: 3.0822470092773438e+02, e: 0.0000000000000000e+00
#ERR stream: 0, p: [256, 157], r: 3.0868460083007812e+02, e: 0.0000000000000000e+00
#ERR stream: 0, p: [512, 110], r: 3.0816107177734375e+02, e: 0.0000000000000000e+00
#ERR stream: 0, p: [0, 41], r: 3.0822744750976562e+02, e: 0.0000000000000000e+00
#ERR stream: 0, p: [512, 111], r: 3.0816394042968750e+02, e: 0.0000000000000000e+00
#ERR stream: 0, p: [0, 42], r: 3.0823022460937500e+02, e: 0.0000000000000000e+00
#ERR stream: 0, p: [512, 112], r: 3.0816680908203125e+02, e: 0.0000000000000000e+00
#ERR stream: 0, p: [0, 43], r: 3.0823303222656250e+02, e: 0.0000000000000000e+00
#ERR stream: 0, p: [256, 158], r: 3.0868984985351562e+02, e: 0.0000000000000000e+00
#ERR stream: 0, p: [0, 44], r: 3.0823583984375000e+02, e: 0.0000000000000000e+00
#ERR stream: 0, p: [256, 159], r: 3.0869509887695312e+02, e: 0.0000000000000000e+00
#ERR stream: 0, p: [0, 45], r: 3.0823867797851562e+02, e: 0.0000000000000000e+00
#ERR stream: 0, p: [512, 113], r: 3.0816967773437500e+02, e: 0.0000000000000000e+00
#ERR stream: 0, p: [256, 160], r: 3.0870040893554688e+02, e: 0.0000000000000000e+00
#ERR stream: 0, p: [512, 114], r: 3.0817254638671875e+02, e: 0.0000000000000000e+00
#ERR stream: 0, p: [0, 46], r: 3.0824154663085938e+02, e: 0.0000000000000000e+00
#ERR stream: 0, p: [256, 161], r: 3.0870571899414062e+02, e: 0.0000000000000000e+00
#ERR stream: 0, p: [512, 115], r: 3.0817541503906250e+02, e: 0.0000000000000000e+00
#ERR stream: 0, p: [0, 47], r: 3.0824444580078125e+02, e: 0.0000000000000000e+00
#ERR stream: 0, p: [256, 162], r: 3.0871109008789062e+02, e: 0.0000000000000000e+00
#ERR stream: 0, p: [0, 48], r: 3.0824731445312500e+02, e: 0.0000000000000000e+00
#ERR stream: 0, p: [256, 163], r: 3.0871646118164062e+02, e: 0.0000000000000000e+00
#ERR stream: 0, p: [512, 116], r: 3.0817828369140625e+02, e: 0.0000000000000000e+00
#ERR stream: 0, p: [512, 117], r: 3.0818115234375000e+02, e: 0.0000000000000000e+00
#ERR stream: 0, p: [512, 118], r: 3.0818402099609375e+02, e: 0.0000000000000000e+00
#ERR stream: 0, p: [512, 119], r: 3.0818692016601562e+02, e: 0.0000000000000000e+00
#ERR stream: 0, p: [768, 5], r: 3.0763171386718750e+02, e: 0.0000000000000000e+00
#ERR stream: 0, p: [512, 120], r: 3.0818981933593750e+02, e: 0.0000000000000000e+00
#ERR stream: 0, p: [0, 49], r: 3.0825024414062500e+02, e: 0.0000000000000000e+00
#ERR stream: 0, p: [768, 6], r: 3.0763198852539062e+02, e: 0.0000000000000000e+00
#ERR stream: 0, p: [0, 50], r: 3.0825317382812500e+02, e: 0.0000000000000000e+00
#ERR stream: 0, p: [768, 7], r: 3.0763229370117188e+02, e: 0.0000000000000000e+00
#ERR stream: 0, p: [0, 51], r: 3.0825610351562500e+02, e: 0.0000000000000000e+00
#ERR stream: 0, p: [512, 121], r: 3.0819268798828125e+02, e: 0.0000000000000000e+00
#ERR stream: 0, p: [768, 8], r: 3.0763262939453125e+02, e: 0.0000000000000000e+00
#ERR stream: 0, p: [512, 122], r: 3.0819555664062500e+02, e: 0.0000000000000000e+00
#ERR stream: 0, p: [0, 52], r: 3.0825906372070312e+02, e: 0.0000000000000000e+00
#ERR stream: 0, p: [768, 9], r: 3.0763302612304688e+02, e: 0.0000000000000000e+00
#ERR stream: 0, p: [512, 123], r: 3.0819842529296875e+02, e: 0.0000000000000000e+00
#ERR stream: 0, p: [0, 53], r: 3.0826202392578125e+02, e: 0.0000000000000000e+00
#ERR stream: 0, p: [512, 124], r: 3.0820129394531250e+02, e: 0.0000000000000000e+00
#ERR stream: 0, p: [768, 10], r: 3.0763345336914062e+02, e: 0.0000000000000000e+00
#ERR stream: 0, p: [512, 125], r: 3.0820416259765625e+02, e: 0.0000000000000000e+00
#ERR stream: 0, p: [0, 54], r: 3.0826501464843750e+02, e: 0.0000000000000000e+00
#ERR stream: 0, p: [512, 126], r: 3.0820706176757812e+02, e: 0.0000000000000000e+00
#ERR stream: 0, p: [768, 11], r: 3.0763391113281250e+02, e: 0.0000000000000000e+00
#ERR stream: 0, p: [0, 55], r: 3.0826800537109375e+02, e: 0.0000000000000000e+00
#ERR stream: 0, p: [768, 12], r: 3.0763439941406250e+02, e: 0.0000000000000000e+00
#ERR stream: 0, p: [512, 127], r: 3.0820996093750000e+02, e: 0.0000000000000000e+00
#ERR stream: 0, p: [0, 56], r: 3.0827099609375000e+02, e: 0.0000000000000000e+00
#ERR stream: 0, p: [768, 13], r: 3.0763494873046875e+02, e: 0.0000000000000000e+00
#ERR stream: 0, p: [0, 57], r: 3.0827398681640625e+02, e: 0.0000000000000000e+00
#ERR stream: 0, p: [768, 14], r: 3.0763552856445312e+02, e: 0.0000000000000000e+00
#ERR stream: 0, p: [512, 128], r: 3.0821286010742188e+02, e: 0.0000000000000000e+00
#ERR stream: 0, p: [768, 15], r: 3.0763613891601562e+02, e: 0.0000000000000000e+00
#ERR stream: 0, p: [512, 129], r: 3.0821575927734375e+02, e: 0.0000000000000000e+00
#ERR stream: 0, p: [768, 16], r: 3.0763677978515625e+02, e: 0.0000000000000000e+00
#ERR stream: 0, p: [512, 130], r: 3.0821862792968750e+02, e: 0.0000000000000000e+00
#ERR stream: 0, p: [0, 58], r: 3.0827697753906250e+02, e: 0.0000000000000000e+00
#ERR stream: 0, p: [512, 131], r: 3.0822149658203125e+02, e: 0.0000000000000000e+00
#ERR stream: 0, p: [768, 17], r: 3.0763745117187500e+02, e: 0.0000000000000000e+00
#ERR stream: 0, p: [512, 132], r: 3.0822439575195312e+02, e: 0.0000000000000000e+00
#ERR stream: 0, p: [0, 59], r: 3.0828002929687500e+02, e: 0.0000000000000000e+00
#ERR stream: 0, p: [512, 133], r: 3.0822729492187500e+02, e: 0.0000000000000000e+00
#ERR stream: 0, p: [0, 60], r: 3.0828302001953125e+02, e: 0.0000000000000000e+00
#ERR stream: 0, p: [768, 18], r: 3.0763818359375000e+02, e: 0.0000000000000000e+00
#ERR stream: 0, p: [512, 134], r: 3.0823019409179688e+02, e: 0.0000000000000000e+00
#ERR stream: 0, p: [768, 19], r: 3.0763894653320312e+02, e: 0.0000000000000000e+00
#ERR stream: 0, p: [512, 135], r: 3.0823309326171875e+02, e: 0.0000000000000000e+00
#ERR stream: 0, p: [768, 20], r: 3.0763970947265625e+02, e: 0.0000000000000000e+00
#ERR stream: 0, p: [0, 61], r: 3.0828607177734375e+02, e: 0.0000000000000000e+00
#ERR stream: 0, p: [512, 136], r: 3.0823599243164062e+02, e: 0.0000000000000000e+00
#ERR stream: 0, p: [0, 62], r: 3.0828912353515625e+02, e: 0.0000000000000000e+00
#ERR stream: 0, p: [512, 137], r: 3.0823889160156250e+02, e: 0.0000000000000000e+00
#ERR stream: 0, p: [0, 63], r: 3.0829217529296875e+02, e: 0.0000000000000000e+00
#ERR stream: 0, p: [512, 138], r: 3.0824176025390625e+02, e: 0.0000000000000000e+00
#ERR stream: 0, p: [768, 21], r: 3.0764053344726562e+02, e: 0.0000000000000000e+00
#ERR stream: 0, p: [512, 139], r: 3.0824468994140625e+02, e: 0.0000000000000000e+00
#ERR stream: 0, p: [0, 64], r: 3.0829522705078125e+02, e: 0.0000000000000000e+00
#ERR stream: 0, p: [512, 140], r: 3.0824758911132812e+02, e: 0.0000000000000000e+00
#ERR stream: 0, p: [0, 65], r: 3.0829827880859375e+02, e: 0.0000000000000000e+00
#ERR stream: 0, p: [512, 141], r: 3.0825048828125000e+02, e: 0.0000000000000000e+00
#ERR stream: 0, p: [0, 66], r: 3.0830136108398438e+02, e: 0.0000000000000000e+00
#ERR stream: 0, p: [768, 22], r: 3.0764135742187500e+02, e: 0.0000000000000000e+00
#ERR stream: 0, p: [0, 67], r: 3.0830444335937500e+02, e: 0.0000000000000000e+00
#ERR stream: 0, p: [512, 142], r: 3.0825338745117188e+02, e: 0.0000000000000000e+00
#ERR stream: 0, p: [0, 68], r: 3.0830749511718750e+02, e: 0.0000000000000000e+00
#ERR stream: 0, p: [768, 23], r: 3.0764221191406250e+02, e: 0.0000000000000000e+00
#ERR stream: 0, p: [512, 143], r: 3.0825628662109375e+02, e: 0.0000000000000000e+00
#ERR stream: 0, p: [0, 69], r: 3.0831054687500000e+02, e: 0.0000000000000000e+00
#ERR stream: 0, p: [512, 144], r: 3.0825921630859375e+02, e: 0.0000000000000000e+00
#ERR stream: 0, p: [768, 24], r: 3.0764312744140625e+02, e: 0.0000000000000000e+00
#ERR stream: 0, p: [512, 145], r: 3.0826208496093750e+02, e: 0.0000000000000000e+00
#ERR stream: 0, p: [768, 25], r: 3.0764404296875000e+02, e: 0.0000000000000000e+00
#ERR stream: 0, p: [512, 146], r: 3.0826501464843750e+02, e: 0.0000000000000000e+00
#ERR stream: 0, p: [0, 70], r: 3.0831362915039062e+02, e: 0.0000000000000000e+00
#ERR stream: 0, p: [512, 147], r: 3.0826794433593750e+02, e: 0.0000000000000000e+00
#ERR stream: 0, p: [0, 71], r: 3.0831671142578125e+02, e: 0.0000000000000000e+00
#ERR stream: 0, p: [512, 148], r: 3.0827087402343750e+02, e: 0.0000000000000000e+00
#ERR stream: 0, p: [0, 72], r: 3.0831979370117188e+02, e: 0.0000000000000000e+00
#ERR stream: 0, p: [768, 26], r: 3.0764498901367188e+02, e: 0.0000000000000000e+00
#ERR stream: 0, p: [512, 149], r: 3.0827377319335938e+02, e: 0.0000000000000000e+00
#ERR stream: 0, p: [768, 27], r: 3.0764596557617188e+02, e: 0.0000000000000000e+00
#ERR stream: 0, p: [0, 73], r: 3.0832287597656250e+02, e: 0.0000000000000000e+00
#ERR stream: 0, p: [512, 150], r: 3.0827667236328125e+02, e: 0.0000000000000000e+00
#ERR stream: 0, p: [0, 74], r: 3.0832598876953125e+02, e: 0.0000000000000000e+00
#ERR stream: 0, p: [768, 28], r: 3.0764694213867188e+02, e: 0.0000000000000000e+00
#ERR stream: 0, p: [0, 75], r: 3.0832907104492188e+02, e: 0.0000000000000000e+00
#ERR stream: 0, p: [512, 151], r: 3.0827960205078125e+02, e: 0.0000000000000000e+00
#ERR stream: 0, p: [0, 76], r: 3.0833215332031250e+02, e: 0.0000000000000000e+00
#ERR stream: 0, p: [768, 29], r: 3.0764797973632812e+02, e: 0.0000000000000000e+00
#ERR stream: 0, p: [512, 152], r: 3.0828253173828125e+02, e: 0.0000000000000000e+00
#ERR stream: 0, p: [768, 30], r: 3.0764901733398438e+02, e: 0.0000000000000000e+00
#ERR stream: 0, p: [512, 153], r: 3.0828543090820312e+02, e: 0.0000000000000000e+00
#ERR stream: 0, p: [0, 77], r: 3.0833523559570312e+02, e: 0.0000000000000000e+00
#ERR stream: 0, p: [512, 154], r: 3.0828836059570312e+02, e: 0.0000000000000000e+00
#ERR stream: 0, p: [0, 78], r: 3.0833831787109375e+02, e: 0.0000000000000000e+00
#ERR stream: 0, p: [768, 31], r: 3.0765008544921875e+02, e: 0.0000000000000000e+00
#ERR stream: 0, p: [0, 79], r: 3.0834143066406250e+02, e: 0.0000000000000000e+00
#ERR stream: 0, p: [512, 155], r: 3.0829129028320312e+02, e: 0.0000000000000000e+00
#ERR stream: 0, p: [768, 32], r: 3.0765118408203125e+02, e: 0.0000000000000000e+00
#ERR stream: 0, p: [0, 80], r: 3.0834451293945312e+02, e: 0.0000000000000000e+00
#ERR stream: 0, p: [768, 33], r: 3.0765231323242188e+02, e: 0.0000000000000000e+00
#ERR stream: 0, p: [512, 156], r: 3.0829421997070312e+02, e: 0.0000000000000000e+00
#ERR stream: 0, p: [0, 81], r: 3.0834762573242188e+02, e: 0.0000000000000000e+00
#ERR stream: 0, p: [768, 34], r: 3.0765344238281250e+02, e: 0.0000000000000000e+00
#ERR stream: 0, p: [0, 82], r: 3.0835070800781250e+02, e: 0.0000000000000000e+00
#ERR stream: 0, p: [512, 157], r: 3.0829714965820312e+02, e: 0.0000000000000000e+00
#ERR stream: 0, p: [768, 35], r: 3.0765457153320312e+02, e: 0.0000000000000000e+00
#ERR stream: 0, p: [512, 158], r: 3.0830007934570312e+02, e: 0.0000000000000000e+00
#ERR stream: 0, p: [0, 83], r: 3.0835382080078125e+02, e: 0.0000000000000000e+00
#ERR stream: 0, p: [512, 159], r: 3.0830300903320312e+02, e: 0.0000000000000000e+00
#ERR stream: 0, p: [0, 84], r: 3.0835693359375000e+02, e: 0.0000000000000000e+00
#ERR stream: 0, p: [512, 160], r: 3.0830596923828125e+02, e: 0.0000000000000000e+00
#ERR stream: 0, p: [0, 85], r: 3.0836007690429688e+02, e: 0.0000000000000000e+00
#ERR stream: 0, p: [512, 161], r: 3.0830889892578125e+02, e: 0.0000000000000000e+00
#ERR stream: 0, p: [0, 86], r: 3.0836315917968750e+02, e: 0.0000000000000000e+00
#ERR stream: 0, p: [512, 162], r: 3.0831182861328125e+02, e: 0.0000000000000000e+00
#ERR stream: 0, p: [768, 36], r: 3.0765570068359375e+02, e: 0.0000000000000000e+00
#ERR stream: 0, p: [0, 87], r: 3.0836627197265625e+02, e: 0.0000000000000000e+00
#ERR stream: 0, p: [512, 163], r: 3.0831475830078125e+02, e: 0.0000000000000000e+00
#ERR stream: 0, p: [0, 88], r: 3.0836938476562500e+02, e: 0.0000000000000000e+00
#ERR stream: 0, p: [768, 37], r: 3.0765689086914062e+02, e: 0.0000000000000000e+00
#ERR stream: 0, p: [0, 89], r: 3.0837252807617188e+02, e: 0.0000000000000000e+00
#ERR stream: 0, p: [512, 164], r: 3.0831768798828125e+02, e: 0.0000000000000000e+00
#ERR stream: 0, p: [768, 38], r: 3.0765805053710938e+02, e: 0.0000000000000000e+00
#ERR stream: 0, p: [512, 165], r: 3.0832064819335938e+02, e: 0.0000000000000000e+00
#ERR stream: 0, p: [768, 39], r: 3.0765927124023438e+02, e: 0.0000000000000000e+00
#ERR stream: 0, p: [512, 166], r: 3.0832360839843750e+02, e: 0.0000000000000000e+00
#ERR stream: 0, p: [768, 40], r: 3.0766049194335938e+02, e: 0.0000000000000000e+00
#ERR stream: 0, p: [512, 167], r: 3.0832653808593750e+02, e: 0.0000000000000000e+00
#ERR stream: 0, p: [0, 90], r: 3.0837564086914062e+02, e: 0.0000000000000000e+00
#ERR stream: 0, p: [768, 41], r: 3.0766171264648438e+02, e: 0.0000000000000000e+00
#ERR stream: 0, p: [512, 168], r: 3.0832946777343750e+02, e: 0.0000000000000000e+00
#ERR stream: 0, p: [768, 42], r: 3.0766293334960938e+02, e: 0.0000000000000000e+00
#ERR stream: 0, p: [0, 91], r: 3.0837875366210938e+02, e: 0.0000000000000000e+00
#ERR stream: 0, p: [768, 43], r: 3.0766418457031250e+02, e: 0.0000000000000000e+00
#ERR stream: 0, p: [512, 169], r: 3.0833239746093750e+02, e: 0.0000000000000000e+00
#ERR stream: 0, p: [768, 44], r: 3.0766543579101562e+02, e: 0.0000000000000000e+00
#ERR stream: 0, p: [0, 92], r: 3.0838186645507812e+02, e: 0.0000000000000000e+00
#ERR stream: 0, p: [512, 170], r: 3.0833535766601562e+02, e: 0.0000000000000000e+00
#ERR stream: 0, p: [0, 93], r: 3.0838497924804688e+02, e: 0.0000000000000000e+00
#ERR stream: 0, p: [768, 45], r: 3.0766671752929688e+02, e: 0.0000000000000000e+00
#ERR stream: 0, p: [512, 171], r: 3.0833831787109375e+02, e: 0.0000000000000000e+00
#ERR stream: 0, p: [0, 94], r: 3.0838809204101562e+02, e: 0.0000000000000000e+00
#ERR stream: 0, p: [512, 172], r: 3.0834124755859375e+02, e: 0.0000000000000000e+00
#ERR stream: 0, p: [0, 95], r: 3.0839120483398438e+02, e: 0.0000000000000000e+00
#ERR stream: 0, p: [768, 46], r: 3.0766799926757812e+02, e: 0.0000000000000000e+00
#ERR stream: 0, p: [512, 173], r: 3.0834420776367188e+02, e: 0.0000000000000000e+00
#ERR stream: 0, p: [768, 47], r: 3.0766928100585938e+02, e: 0.0000000000000000e+00
#ERR stream: 0, p: [0, 96], r: 3.0839431762695312e+02, e: 0.0000000000000000e+00
#ERR stream: 0, p: [512, 174], r: 3.0834716796875000e+02, e: 0.0000000000000000e+00
#ERR stream: 0, p: [768, 48], r: 3.0767056274414062e+02, e: 0.0000000000000000e+00
#ERR stream: 0, p: [512, 175], r: 3.0835012817382812e+02, e: 0.0000000000000000e+00
#ERR stream: 0, p: [768, 49], r: 3.0767184448242188e+02, e: 0.0000000000000000e+00
#ERR stream: 0, p: [512, 176], r: 3.0835308837890625e+02, e: 0.0000000000000000e+00
#ERR stream: 0, p: [0, 97], r: 3.0839743041992188e+02, e: 0.0000000000000000e+00
#ERR stream: 0, p: [768, 50], r: 3.0767312622070312e+02, e: 0.0000000000000000e+00
#ERR stream: 0, p: [512, 177], r: 3.0835604858398438e+02, e: 0.0000000000000000e+00
#ERR stream: 0, p: [0, 98], r: 3.0840057373046875e+02, e: 0.0000000000000000e+00
#ERR stream: 0, p: [512, 178], r: 3.0835900878906250e+02, e: 0.0000000000000000e+00
#ERR stream: 0, p: [0, 99], r: 3.0840368652343750e+02, e: 0.0000000000000000e+00
#ERR stream: 0, p: [768, 51], r: 3.0767443847656250e+02, e: 0.0000000000000000e+00
#ERR stream: 0, p: [0, 100], r: 3.0840679931640625e+02, e: 0.0000000000000000e+00
#ERR stream: 0, p: [512, 179], r: 3.0836196899414062e+02, e: 0.0000000000000000e+00
#ERR stream: 0, p: [768, 52], r: 3.0767575073242188e+02, e: 0.0000000000000000e+00
#ERR stream: 0, p: [512, 180], r: 3.0836492919921875e+02, e: 0.0000000000000000e+00
#ERR stream: 0, p: [0, 101], r: 3.0840991210937500e+02, e: 0.0000000000000000e+00
