#HEADER streams:1 size:1024 pyramidHeight:1 simTime:1000
#BEGIN Y:2016 M:12 D:12 Time:11:10:39
#IT Ite:0 KerTime:22.042111 AccTime:22.042111
#ERR stream: 0, p: [332, 217], r: 3.0895971679687500e+02, e: 3.0895974731445312e+02
#ERR stream: 0, p: [333, 218], r: 3.0896505737304688e+02, e: 3.0896508789062500e+02
#ERR stream: 0, p: [334, 219], r: 3.0897045898437500e+02, e: 3.0897048950195312e+02
#ERR stream: 0, p: [336, 219], r: 3.0896612548828125e+02, e: 3.0896615600585938e+02
#ERR stream: 0, p: [336, 220], r: 3.0897369384765625e+02, e: 3.0897372436523438e+02
#ERR stream: 0, p: [337, 220], r: 3.0897146606445312e+02, e: 3.0897149658203125e+02
#ERR stream: 0, p: [337, 231], r: 3.0906161499023438e+02, e: 3.0906164550781250e+02
#ERR stream: 0, p: [338, 219], r: 3.0896173095703125e+02, e: 3.0896176147460938e+02
#ERR stream: 0, p: [338, 220], r: 3.0896923828125000e+02, e: 3.0896926879882812e+02
#ERR stream: 0, p: [339, 221], r: 3.0897457885742188e+02, e: 3.0897460937500000e+02
#ERR stream: 0, p: [340, 222], r: 3.0897994995117188e+02, e: 3.0897998046875000e+02
#ERR stream: 0, p: [340, 223], r: 3.0898773193359375e+02, e: 3.0898776245117188e+02
#ERR stream: 0, p: [340, 224], r: 3.0899560546875000e+02, e: 3.0899563598632812e+02
#ERR stream: 0, p: [340, 232], r: 3.0906292724609375e+02, e: 3.0906295776367188e+02
#ERR stream: 0, p: [341, 218], r: 3.0894763183593750e+02, e: 3.0894766235351562e+02
#ERR stream: 0, p: [341, 219], r: 3.0895498657226562e+02, e: 3.0895501708984375e+02
#ERR stream: 0, p: [341, 223], r: 3.0898538208007812e+02, e: 3.0898541259765625e+02
#ERR stream: 0, p: [177, 483], r: 3.1432675170898438e+02, e: 3.1432672119140625e+02
#ERR stream: 0, p: [342, 214], r: 3.0891693115234375e+02, e: 3.0891696166992188e+02
#ERR stream: 0, p: [177, 487], r: 3.1430734252929688e+02, e: 3.1430731201171875e+02
#ERR stream: 0, p: [342, 219], r: 3.0895272827148438e+02, e: 3.0895275878906250e+02
#ERR stream: 0, p: [178, 485], r: 3.1439675903320312e+02, e: 3.1439672851562500e+02
#ERR stream: 0, p: [342, 221], r: 3.0896768188476562e+02, e: 3.0896771240234375e+02
#ERR stream: 0, p: [181, 475], r: 3.1475570678710938e+02, e: 3.1475567626953125e+02
#ERR stream: 0, p: [342, 223], r: 3.0898303222656250e+02, e: 3.0898306274414062e+02
#ERR stream: 0, p: [181, 477], r: 3.1473306274414062e+02, e: 3.1473303222656250e+02
#ERR stream: 0, p: [342, 224], r: 3.0899084472656250e+02, e: 3.0899087524414062e+02
#ERR stream: 0, p: [181, 478], r: 3.1472213745117188e+02, e: 3.1472210693359375e+02
#ERR stream: 0, p: [342, 225], r: 3.0899877929687500e+02, e: 3.0899880981445312e+02
#ERR stream: 0, p: [181, 479], r: 3.1471148681640625e+02, e: 3.1471145629882812e+02
#ERR stream: 0, p: [343, 220], r: 3.0895785522460938e+02, e: 3.0895788574218750e+02
#ERR stream: 0, p: [181, 484], r: 3.1466107177734375e+02, e: 3.1466104125976562e+02
#ERR stream: 0, p: [343, 222], r: 3.0897296142578125e+02, e: 3.0897299194335938e+02
#ERR stream: 0, p: [181, 486], r: 3.1464181518554688e+02, e: 3.1464178466796875e+02
#ERR stream: 0, p: [343, 223], r: 3.0898065185546875e+02, e: 3.0898068237304688e+02
#ERR stream: 0, p: [181, 487], r: 3.1463229370117188e+02, e: 3.1463226318359375e+02
#ERR stream: 0, p: [343, 224], r: 3.0898843383789062e+02, e: 3.0898846435546875e+02
#ERR stream: 0, p: [182, 464], r: 3.1500286865234375e+02, e: 3.1500283813476562e+02
#ERR stream: 0, p: [343, 229], r: 3.0902911376953125e+02, e: 3.0902914428710938e+02
#ERR stream: 0, p: [182, 466], r: 3.1497256469726562e+02, e: 3.1497253417968750e+02
#ERR stream: 0, p: [344, 221], r: 3.0896301269531250e+02, e: 3.0896304321289062e+02
#ERR stream: 0, p: [182, 473], r: 3.1487692260742188e+02, e: 3.1487689208984375e+02
#ERR stream: 0, p: [344, 222], r: 3.0897058105468750e+02, e: 3.0897061157226562e+02
#ERR stream: 0, p: [344, 223], r: 3.0897824096679688e+02, e: 3.0897827148437500e+02
#ERR stream: 0, p: [344, 224], r: 3.0898602294921875e+02, e: 3.0898605346679688e+02
#ERR stream: 0, p: [182, 475], r: 3.1485229492187500e+02, e: 3.1485226440429688e+02
#ERR stream: 0, p: [344, 229], r: 3.0902655029296875e+02, e: 3.0902658081054688e+02
#ERR stream: 0, p: [182, 476], r: 3.1484039306640625e+02, e: 3.1484036254882812e+02
#ERR stream: 0, p: [344, 230], r: 3.0903503417968750e+02, e: 3.0903506469726562e+02
#ERR stream: 0, p: [182, 477], r: 3.1482867431640625e+02, e: 3.1482864379882812e+02
#ERR stream: 0, p: [344, 232], r: 3.0905242919921875e+02, e: 3.0905245971679688e+02
#ERR stream: 0, p: [182, 478], r: 3.1481716918945312e+02, e: 3.1481713867187500e+02
#ERR stream: 0, p: [345, 224], r: 3.0898358154296875e+02, e: 3.0898361206054688e+02
#ERR stream: 0, p: [182, 479], r: 3.1480587768554688e+02, e: 3.1480581665039062e+02
#ERR stream: 0, p: [345, 229], r: 3.0902398681640625e+02, e: 3.0902401733398438e+02
#ERR stream: 0, p: [182, 480], r: 3.1479470825195312e+02, e: 3.1479464721679688e+02
#ERR stream: 0, p: [345, 231], r: 3.0904101562500000e+02, e: 3.0904104614257812e+02
#ERR stream: 0, p: [182, 481], r: 3.1478366088867188e+02, e: 3.1478363037109375e+02
#ERR stream: 0, p: [182, 482], r: 3.1477273559570312e+02, e: 3.1477270507812500e+02
#ERR stream: 0, p: [346, 228], r: 3.0901309204101562e+02, e: 3.0901312255859375e+02
#ERR stream: 0, p: [182, 483], r: 3.1476190185546875e+02, e: 3.1476187133789062e+02
#ERR stream: 0, p: [182, 484], r: 3.1475112915039062e+02, e: 3.1475106811523438e+02
#ERR stream: 0, p: [182, 485], r: 3.1474035644531250e+02, e: 3.1474032592773438e+02
#ERR stream: 0, p: [182, 486], r: 3.1472961425781250e+02, e: 3.1472958374023438e+02
#ERR stream: 0, p: [182, 487], r: 3.1471884155273438e+02, e: 3.1471881103515625e+02
#ERR stream: 0, p: [346, 231], r: 3.0903836059570312e+02, e: 3.0903839111328125e+02
#ERR stream: 0, p: [182, 489], r: 3.1469711303710938e+02, e: 3.1469708251953125e+02
#ERR stream: 0, p: [347, 227], r: 3.0900238037109375e+02, e: 3.0900241088867188e+02
#ERR stream: 0, p: [183, 465], r: 3.1508703613281250e+02, e: 3.1508700561523438e+02
#ERR stream: 0, p: [347, 229], r: 3.0901876831054688e+02, e: 3.0901879882812500e+02
#ERR stream: 0, p: [183, 469], r: 3.1502923583984375e+02, e: 3.1502920532226562e+02
#ERR stream: 0, p: [183, 470], r: 3.1501550292968750e+02, e: 3.1501547241210938e+02
#ERR stream: 0, p: [347, 230], r: 3.0902716064453125e+02, e: 3.0902719116210938e+02
#ERR stream: 0, p: [183, 473], r: 3.1497579956054688e+02, e: 3.1497576904296875e+02
#ERR stream: 0, p: [347, 231], r: 3.0903567504882812e+02, e: 3.0903573608398438e+02
#ERR stream: 0, p: [183, 474], r: 3.1496307373046875e+02, e: 3.1496304321289062e+02
#ERR stream: 0, p: [348, 226], r: 3.0899182128906250e+02, e: 3.0899185180664062e+02
#ERR stream: 0, p: [183, 475], r: 3.1495053100585938e+02, e: 3.1495046997070312e+02
#ERR stream: 0, p: [183, 476], r: 3.1493817138671875e+02, e: 3.1493811035156250e+02
#ERR stream: 0, p: [183, 477], r: 3.1492596435546875e+02, e: 3.1492587280273438e+02
#ERR stream: 0, p: [183, 478], r: 3.1491390991210938e+02, e: 3.1491381835937500e+02
#ERR stream: 0, p: [348, 227], r: 3.0899981689453125e+02, e: 3.0899984741210938e+02
#ERR stream: 0, p: [183, 479], r: 3.1490194702148438e+02, e: 3.1490188598632812e+02
#ERR stream: 0, p: [183, 480], r: 3.1489007568359375e+02, e: 3.1489001464843750e+02
#ERR stream: 0, p: [348, 228], r: 3.0900790405273438e+02, e: 3.0900793457031250e+02
#ERR stream: 0, p: [183, 481], r: 3.1487829589843750e+02, e: 3.1487823486328125e+02
#ERR stream: 0, p: [348, 229], r: 3.0901614379882812e+02, e: 3.0901617431640625e+02
#ERR stream: 0, p: [348, 230], r: 3.0902450561523438e+02, e: 3.0902453613281250e+02
#ERR stream: 0, p: [348, 231], r: 3.0903302001953125e+02, e: 3.0903305053710938e+02
#ERR stream: 0, p: [183, 482], r: 3.1486654663085938e+02, e: 3.1486645507812500e+02
#ERR stream: 0, p: [183, 483], r: 3.1485476684570312e+02, e: 3.1485470581054688e+02
#ERR stream: 0, p: [183, 484], r: 3.1484301757812500e+02, e: 3.1484292602539062e+02
#ERR stream: 0, p: [349, 224], r: 3.0897366333007812e+02, e: 3.0897369384765625e+02
#ERR stream: 0, p: [183, 485], r: 3.1483120727539062e+02, e: 3.1483114624023438e+02
#ERR stream: 0, p: [183, 486], r: 3.1481933593750000e+02, e: 3.1481927490234375e+02
#ERR stream: 0, p: [349, 226], r: 3.0898925781250000e+02, e: 3.0898928833007812e+02
#ERR stream: 0, p: [183, 487], r: 3.1480734252929688e+02, e: 3.1480728149414062e+02
#ERR stream: 0, p: [349, 227], r: 3.0899722290039062e+02, e: 3.0899725341796875e+02
#ERR stream: 0, p: [183, 488], r: 3.1479519653320312e+02, e: 3.1479516601562500e+02
#ERR stream: 0, p: [183, 489], r: 3.1478292846679688e+02, e: 3.1478289794921875e+02
#ERR stream: 0, p: [349, 228], r: 3.0900527954101562e+02, e: 3.0900531005859375e+02
#ERR stream: 0, p: [349, 229], r: 3.0901348876953125e+02, e: 3.0901351928710938e+02
#ERR stream: 0, p: [184, 463], r: 3.1521810913085938e+02, e: 3.1521807861328125e+02
#ERR stream: 0, p: [184, 464], r: 3.1520285034179688e+02, e: 3.1520281982421875e+02
#ERR stream: 0, p: [349, 230], r: 3.0902182006835938e+02, e: 3.0902185058593750e+02
#ERR stream: 0, p: [184, 465], r: 3.1518783569335938e+02, e: 3.1518780517578125e+02
#ERR stream: 0, p: [350, 223], r: 3.0896353149414062e+02, e: 3.0896356201171875e+02
#ERR stream: 0, p: [350, 225], r: 3.0897885131835938e+02, e: 3.0897888183593750e+02
#ERR stream: 0, p: [184, 467], r: 3.1515856933593750e+02, e: 3.1515853881835938e+02
#ERR stream: 0, p: [184, 468], r: 3.1514428710937500e+02, e: 3.1514425659179688e+02
#ERR stream: 0, p: [350, 226], r: 3.0898666381835938e+02, e: 3.0898669433593750e+02
#ERR stream: 0, p: [184, 469], r: 3.1513024902343750e+02, e: 3.1513021850585938e+02
#ERR stream: 0, p: [350, 227], r: 3.0899459838867188e+02, e: 3.0899462890625000e+02
#ERR stream: 0, p: [184, 470], r: 3.1511642456054688e+02, e: 3.1511639404296875e+02
#ERR stream: 0, p: [350, 228], r: 3.0900265502929688e+02, e: 3.0900268554687500e+02
#ERR stream: 0, p: [350, 229], r: 3.0901083374023438e+02, e: 3.0901086425781250e+02
#ERR stream: 0, p: [184, 471], r: 3.1510284423828125e+02, e: 3.1510278320312500e+02
#ERR stream: 0, p: [184, 472], r: 3.1508941650390625e+02, e: 3.1508938598632812e+02
#ERR stream: 0, p: [351, 215], r: 3.0890368652343750e+02, e: 3.0890371704101562e+02
#ERR stream: 0, p: [184, 473], r: 3.1507620239257812e+02, e: 3.1507614135742188e+02
#ERR stream: 0, p: [184, 474], r: 3.1506317138671875e+02, e: 3.1506307983398438e+02
#ERR stream: 0, p: [184, 475], r: 3.1505026245117188e+02, e: 3.1505014038085938e+02
#ERR stream: 0, p: [351, 220], r: 3.0893884277343750e+02, e: 3.0893887329101562e+02
#ERR stream: 0, p: [184, 476], r: 3.1503747558593750e+02, e: 3.1503735351562500e+02
#ERR stream: 0, p: [184, 477], r: 3.1502481079101562e+02, e: 3.1502465820312500e+02
#ERR stream: 0, p: [351, 224], r: 3.0896859741210938e+02, e: 3.0896862792968750e+02
#ERR stream: 0, p: [184, 478], r: 3.1501223754882812e+02, e: 3.1501205444335938e+02
#ERR stream: 0, p: [351, 225], r: 3.0897628784179688e+02, e: 3.0897631835937500e+02
#ERR stream: 0, p: [184, 479], r: 3.1499966430664062e+02, e: 3.1499948120117188e+02
#ERR stream: 0, p: [184, 480], r: 3.1498712158203125e+02, e: 3.1498696899414062e+02
#ERR stream: 0, p: [184, 481], r: 3.1497457885742188e+02, e: 3.1497442626953125e+02
#ERR stream: 0, p: [184, 482], r: 3.1496200561523438e+02, e: 3.1496185302734375e+02
#ERR stream: 0, p: [351, 227], r: 3.0899197387695312e+02, e: 3.0899200439453125e+02
#ERR stream: 0, p: [351, 228], r: 3.0900000000000000e+02, e: 3.0900003051757812e+02
#ERR stream: 0, p: [184, 483], r: 3.1494937133789062e+02, e: 3.1494921875000000e+02
#ERR stream: 0, p: [184, 484], r: 3.1493664550781250e+02, e: 3.1493649291992188e+02
#ERR stream: 0, p: [184, 485], r: 3.1492382812500000e+02, e: 3.1492367553710938e+02
#ERR stream: 0, p: [184, 486], r: 3.1491082763671875e+02, e: 3.1491070556640625e+02
#ERR stream: 0, p: [184, 487], r: 3.1489767456054688e+02, e: 3.1489758300781250e+02
#ERR stream: 0, p: [184, 488], r: 3.1488427734375000e+02, e: 3.1488421630859375e+02
#ERR stream: 0, p: [184, 489], r: 3.1487066650390625e+02, e: 3.1487060546875000e+02
#ERR stream: 0, p: [184, 490], r: 3.1485678100585938e+02, e: 3.1485675048828125e+02
#ERR stream: 0, p: [184, 491], r: 3.1484262084960938e+02, e: 3.1484259033203125e+02
#ERR stream: 0, p: [184, 492], r: 3.1482815551757812e+02, e: 3.1482812500000000e+02
#ERR stream: 0, p: [352, 215], r: 3.0890136718750000e+02, e: 3.0890139770507812e+02
#ERR stream: 0, p: [184, 493], r: 3.1481335449218750e+02, e: 3.1481332397460938e+02
#ERR stream: 0, p: [352, 220], r: 3.0893640136718750e+02, e: 3.0893643188476562e+02
#ERR stream: 0, p: [185, 463], r: 3.1531970214843750e+02, e: 3.1531967163085938e+02
#ERR stream: 0, p: [185, 464], r: 3.1530468750000000e+02, e: 3.1530465698242188e+02
#ERR stream: 0, p: [185, 465], r: 3.1528985595703125e+02, e: 3.1528982543945312e+02
#ERR stream: 0, p: [352, 221], r: 3.0894366455078125e+02, e: 3.0894369506835938e+02
#ERR stream: 0, p: [185, 467], r: 3.1526080322265625e+02, e: 3.1526077270507812e+02
#ERR stream: 0, p: [352, 226], r: 3.0898147583007812e+02, e: 3.0898150634765625e+02
#ERR stream: 0, p: [185, 468], r: 3.1524655151367188e+02, e: 3.1524652099609375e+02
#ERR stream: 0, p: [185, 469], r: 3.1523251342773438e+02, e: 3.1523245239257812e+02
#ERR stream: 0, p: [185, 470], r: 3.1521865844726562e+02, e: 3.1521856689453125e+02
#ERR stream: 0, p: [185, 471], r: 3.1520495605468750e+02, e: 3.1520483398437500e+02
#ERR stream: 0, p: [353, 213], r: 3.0888562011718750e+02, e: 3.0888565063476562e+02
#ERR stream: 0, p: [185, 472], r: 3.1519137573242188e+02, e: 3.1519125366210938e+02
#ERR stream: 0, p: [185, 473], r: 3.1517794799804688e+02, e: 3.1517779541015625e+02
#ERR stream: 0, p: [185, 474], r: 3.1516464233398438e+02, e: 3.1516445922851562e+02
#ERR stream: 0, p: [185, 475], r: 3.1515139770507812e+02, e: 3.1515118408203125e+02
#ERR stream: 0, p: [353, 215], r: 3.0889901733398438e+02, e: 3.0889904785156250e+02
#ERR stream: 0, p: [185, 476], r: 3.1513821411132812e+02, e: 3.1513796997070312e+02
#ERR stream: 0, p: [185, 477], r: 3.1512509155273438e+02, e: 3.1512481689453125e+02
#ERR stream: 0, p: [353, 216], r: 3.0890585327148438e+02, e: 3.0890588378906250e+02
#ERR stream: 0, p: [185, 478], r: 3.1511196899414062e+02, e: 3.1511169433593750e+02
#ERR stream: 0, p: [185, 479], r: 3.1509884643554688e+02, e: 3.1509854125976562e+02
#ERR stream: 0, p: [353, 217], r: 3.0891275024414062e+02, e: 3.0891278076171875e+02
#ERR stream: 0, p: [353, 218], r: 3.0891973876953125e+02, e: 3.0891976928710938e+02
#ERR stream: 0, p: [185, 480], r: 3.1508566284179688e+02, e: 3.1508535766601562e+02
#ERR stream: 0, p: [353, 220], r: 3.0893392944335938e+02, e: 3.0893395996093750e+02
#ERR stream: 0, p: [185, 481], r: 3.1507241821289062e+02, e: 3.1507211303710938e+02
#ERR stream: 0, p: [185, 482], r: 3.1505905151367188e+02, e: 3.1505877685546875e+02
#ERR stream: 0, p: [353, 222], r: 3.0894851684570312e+02, e: 3.0894854736328125e+02
#ERR stream: 0, p: [185, 483], r: 3.1504556274414062e+02, e: 3.1504531860351562e+02
#ERR stream: 0, p: [185, 484], r: 3.1503192138671875e+02, e: 3.1503167724609375e+02
#ERR stream: 0, p: [185, 485], r: 3.1501809692382812e+02, e: 3.1501785278320312e+02
#ERR stream: 0, p: [185, 486], r: 3.1500405883789062e+02, e: 3.1500384521484375e+02
#ERR stream: 0, p: [185, 487], r: 3.1498974609375000e+02, e: 3.1498953247070312e+02
#ERR stream: 0, p: [185, 488], r: 3.1497512817382812e+02, e: 3.1497497558593750e+02
#ERR stream: 0, p: [185, 489], r: 3.1496023559570312e+02, e: 3.1496011352539062e+02
#ERR stream: 0, p: [185, 490], r: 3.1494497680664062e+02, e: 3.1494488525390625e+02
#ERR stream: 0, p: [353, 225], r: 3.0897109985351562e+02, e: 3.0897113037109375e+02
#ERR stream: 0, p: [185, 491], r: 3.1492935180664062e+02, e: 3.1492926025390625e+02
#ERR stream: 0, p: [185, 492], r: 3.1491333007812500e+02, e: 3.1491326904296875e+02
#ERR stream: 0, p: [354, 216], r: 3.0890350341796875e+02, e: 3.0890353393554688e+02
#ERR stream: 0, p: [185, 494], r: 3.1488006591796875e+02, e: 3.1488003540039062e+02
#ERR stream: 0, p: [185, 495], r: 3.1486276245117188e+02, e: 3.1486273193359375e+02
#ERR stream: 0, p: [354, 218], r: 3.0891729736328125e+02, e: 3.0891732788085938e+02
#ERR stream: 0, p: [186, 457], r: 3.1551318359375000e+02, e: 3.1551315307617188e+02
#ERR stream: 0, p: [354, 219], r: 3.0892434692382812e+02, e: 3.0892437744140625e+02
#ERR stream: 0, p: [186, 461], r: 3.1545120239257812e+02, e: 3.1545117187500000e+02
#ERR stream: 0, p: [354, 221], r: 3.0893869018554688e+02, e: 3.0893872070312500e+02
#ERR stream: 0, p: [186, 464], r: 3.1540634155273438e+02, e: 3.1540631103515625e+02
#ERR stream: 0, p: [354, 223], r: 3.0895339965820312e+02, e: 3.0895343017578125e+02
#ERR stream: 0, p: [186, 465], r: 3.1539172363281250e+02, e: 3.1539166259765625e+02
#ERR stream: 0, p: [354, 225], r: 3.0896850585937500e+02, e: 3.0896853637695312e+02
#ERR stream: 0, p: [186, 466], r: 3.1537722778320312e+02, e: 3.1537716674804688e+02
#ERR stream: 0, p: [186, 467], r: 3.1536291503906250e+02, e: 3.1536285400390625e+02
#ERR stream: 0, p: [354, 232], r: 3.0902490234375000e+02, e: 3.0902493286132812e+02
#ERR stream: 0, p: [186, 468], r: 3.1534872436523438e+02, e: 3.1534866333007812e+02
#ERR stream: 0, p: [186, 469], r: 3.1533468627929688e+02, e: 3.1533459472656250e+02
#ERR stream: 0, p: [186, 470], r: 3.1532080078125000e+02, e: 3.1532064819335938e+02
#ERR stream: 0, p: [186, 471], r: 3.1530697631835938e+02, e: 3.1530679321289062e+02
#ERR stream: 0, p: [186, 472], r: 3.1529327392578125e+02, e: 3.1529306030273438e+02
#ERR stream: 0, p: [355, 214], r: 3.0888763427734375e+02, e: 3.0888766479492188e+02
#ERR stream: 0, p: [186, 473], r: 3.1527966308593750e+02, e: 3.1527938842773438e+02
#ERR stream: 0, p: [355, 215], r: 3.0889431762695312e+02, e: 3.0889434814453125e+02
#ERR stream: 0, p: [186, 474], r: 3.1526608276367188e+02, e: 3.1526574707031250e+02
#ERR stream: 0, p: [186, 475], r: 3.1525253295898438e+02, e: 3.1525213623046875e+02
#ERR stream: 0, p: [355, 216], r: 3.0890109252929688e+02, e: 3.0890112304687500e+02
#ERR stream: 0, p: [186, 476], r: 3.1523898315429688e+02, e: 3.1523855590820312e+02
#ERR stream: 0, p: [186, 477], r: 3.1522543334960938e+02, e: 3.1522494506835938e+02
#ERR stream: 0, p: [355, 217], r: 3.0890792846679688e+02, e: 3.0890798950195312e+02
#ERR stream: 0, p: [186, 478], r: 3.1521182250976562e+02, e: 3.1521130371093750e+02
#ERR stream: 0, p: [186, 479], r: 3.1519815063476562e+02, e: 3.1519763183593750e+02
#ERR stream: 0, p: [355, 218], r: 3.0891485595703125e+02, e: 3.0891491699218750e+02
#ERR stream: 0, p: [186, 480], r: 3.1518435668945312e+02, e: 3.1518380737304688e+02
#ERR stream: 0, p: [186, 481], r: 3.1517041015625000e+02, e: 3.1516989135742188e+02
#ERR stream: 0, p: [355, 220], r: 3.0892898559570312e+02, e: 3.0892901611328125e+02
#ERR stream: 0, p: [186, 482], r: 3.1515631103515625e+02, e: 3.1515582275390625e+02
#ERR stream: 0, p: [186, 483], r: 3.1514202880859375e+02, e: 3.1514154052734375e+02
#ERR stream: 0, p: [355, 222], r: 3.0894345092773438e+02, e: 3.0894348144531250e+02
#ERR stream: 0, p: [186, 484], r: 3.1512750244140625e+02, e: 3.1512704467773438e+02
#ERR stream: 0, p: [186, 485], r: 3.1511270141601562e+02, e: 3.1511227416992188e+02
#ERR stream: 0, p: [186, 486], r: 3.1509762573242188e+02, e: 3.1509722900390625e+02
#ERR stream: 0, p: [186, 487], r: 3.1508221435546875e+02, e: 3.1508187866210938e+02
#ERR stream: 0, p: [186, 488], r: 3.1506640625000000e+02, e: 3.1506616210937500e+02
#ERR stream: 0, p: [355, 224], r: 3.0895831298828125e+02, e: 3.0895834350585938e+02
#ERR stream: 0, p: [186, 489], r: 3.1505026245117188e+02, e: 3.1505004882812500e+02
#ERR stream: 0, p: [186, 490], r: 3.1503366088867188e+02, e: 3.1503347778320312e+02
#ERR stream: 0, p: [355, 225], r: 3.0896588134765625e+02, e: 3.0896591186523438e+02
#ERR stream: 0, p: [186, 491], r: 3.1501660156250000e+02, e: 3.1501647949218750e+02
#ERR stream: 0, p: [355, 226], r: 3.0897354125976562e+02, e: 3.0897360229492188e+02
#ERR stream: 0, p: [355, 232], r: 3.0902203369140625e+02, e: 3.0902206420898438e+02
#ERR stream: 0, p: [186, 492], r: 3.1499908447265625e+02, e: 3.1499902343750000e+02
#ERR stream: 0, p: [186, 493], r: 3.1498110961914062e+02, e: 3.1498104858398438e+02
#ERR stream: 0, p: [186, 494], r: 3.1496258544921875e+02, e: 3.1496255493164062e+02
#ERR stream: 0, p: [355, 233], r: 3.0903057861328125e+02, e: 3.0903060913085938e+02
#ERR stream: 0, p: [186, 495], r: 3.1494354248046875e+02, e: 3.1494351196289062e+02
#ERR stream: 0, p: [355, 237], r: 3.0906625366210938e+02, e: 3.0906628417968750e+02
#ERR stream: 0, p: [186, 497], r: 3.1490380859375000e+02, e: 3.1490377807617188e+02
#ERR stream: 0, p: [356, 207], r: 3.0884045410156250e+02, e: 3.0884048461914062e+02
#ERR stream: 0, p: [186, 498], r: 3.1488308715820312e+02, e: 3.1488305664062500e+02
#ERR stream: 0, p: [356, 216], r: 3.0889871215820312e+02, e: 3.0889874267578125e+02
#ERR stream: 0, p: [187, 454], r: 3.1565563964843750e+02, e: 3.1565560913085938e+02
#ERR stream: 0, p: [356, 217], r: 3.0890551757812500e+02, e: 3.0890554809570312e+02
#ERR stream: 0, p: [187, 457], r: 3.1560995483398438e+02, e: 3.1560992431640625e+02
#ERR stream: 0, p: [356, 218], r: 3.0891241455078125e+02, e: 3.0891244506835938e+02
#ERR stream: 0, p: [356, 219], r: 3.0891940307617188e+02, e: 3.0891943359375000e+02
#ERR stream: 0, p: [356, 220], r: 3.0892648315429688e+02, e: 3.0892651367187500e+02
#ERR stream: 0, p: [356, 221], r: 3.0893365478515625e+02, e: 3.0893368530273438e+02
#ERR stream: 0, p: [356, 222], r: 3.0894088745117188e+02, e: 3.0894094848632812e+02
#ERR stream: 0, p: [187, 458], r: 3.1559478759765625e+02, e: 3.1559475708007812e+02
#ERR stream: 0, p: [356, 223], r: 3.0894824218750000e+02, e: 3.0894827270507812e+02
#ERR stream: 0, p: [356, 224], r: 3.0895568847656250e+02, e: 3.0895571899414062e+02
#ERR stream: 0, p: [187, 462], r: 3.1553503417968750e+02, e: 3.1553500366210938e+02
#ERR stream: 0, p: [356, 225], r: 3.0896322631835938e+02, e: 3.0896328735351562e+02
#ERR stream: 0, p: [356, 226], r: 3.0897088623046875e+02, e: 3.0897091674804688e+02
#ERR stream: 0, p: [187, 463], r: 3.1552038574218750e+02, e: 3.1552032470703125e+02
#ERR stream: 0, p: [187, 464], r: 3.1550585937500000e+02, e: 3.1550579833984375e+02
#ERR stream: 0, p: [356, 227], r: 3.0897863769531250e+02, e: 3.0897866821289062e+02
#ERR stream: 0, p: [187, 465], r: 3.1549142456054688e+02, e: 3.1549133300781250e+02
#ERR stream: 0, p: [356, 228], r: 3.0898648071289062e+02, e: 3.0898651123046875e+02
#ERR stream: 0, p: [187, 466], r: 3.1547711181640625e+02, e: 3.1547698974609375e+02
#ERR stream: 0, p: [187, 467], r: 3.1546292114257812e+02, e: 3.1546279907226562e+02
#ERR stream: 0, p: [187, 468], r: 3.1544882202148438e+02, e: 3.1544863891601562e+02
#ERR stream: 0, p: [356, 231], r: 3.0901080322265625e+02, e: 3.0901083374023438e+02
#ERR stream: 0, p: [356, 232], r: 3.0901916503906250e+02, e: 3.0901919555664062e+02
#ERR stream: 0, p: [187, 469], r: 3.1543478393554688e+02, e: 3.1543460083007812e+02
#ERR stream: 0, p: [187, 470], r: 3.1542086791992188e+02, e: 3.1542059326171875e+02
#ERR stream: 0, p: [187, 471], r: 3.1540698242187500e+02, e: 3.1540664672851562e+02
#ERR stream: 0, p: [357, 206], r: 3.0883212280273438e+02, e: 3.0883215332031250e+02
#ERR stream: 0, p: [187, 472], r: 3.1539315795898438e+02, e: 3.1539273071289062e+02
#ERR stream: 0, p: [187, 473], r: 3.1537933349609375e+02, e: 3.1537884521484375e+02
#ERR stream: 0, p: [187, 474], r: 3.1536550903320312e+02, e: 3.1536492919921875e+02
#ERR stream: 0, p: [187, 475], r: 3.1535168457031250e+02, e: 3.1535098266601562e+02
#ERR stream: 0, p: [187, 476], r: 3.1533779907226562e+02, e: 3.1533700561523438e+02
#ERR stream: 0, p: [187, 477], r: 3.1532385253906250e+02, e: 3.1532296752929688e+02
#ERR stream: 0, p: [187, 478], r: 3.1530978393554688e+02, e: 3.1530886840820312e+02
#ERR stream: 0, p: [187, 479], r: 3.1529556274414062e+02, e: 3.1529461669921875e+02
#ERR stream: 0, p: [357, 207], r: 3.0883825683593750e+02, e: 3.0883828735351562e+02
#ERR stream: 0, p: [357, 214], r: 3.0888290405273438e+02, e: 3.0888293457031250e+02
#ERR stream: 0, p: [187, 480], r: 3.1528118896484375e+02, e: 3.1528024291992188e+02
#ERR stream: 0, p: [187, 481], r: 3.1526660156250000e+02, e: 3.1526565551757812e+02
#ERR stream: 0, p: [357, 215], r: 3.0888955688476562e+02, e: 3.0888958740234375e+02
#ERR stream: 0, p: [357, 216], r: 3.0889627075195312e+02, e: 3.0889633178710938e+02
#ERR stream: 0, p: [187, 482], r: 3.1525180053710938e+02, e: 3.1525088500976562e+02
#ERR stream: 0, p: [187, 483], r: 3.1523669433593750e+02, e: 3.1523583984375000e+02
#ERR stream: 0, p: [357, 217], r: 3.0890307617187500e+02, e: 3.0890313720703125e+02
#ERR stream: 0, p: [187, 484], r: 3.1522131347656250e+02, e: 3.1522055053710938e+02
#ERR stream: 0, p: [187, 485], r: 3.1520559692382812e+02, e: 3.1520489501953125e+02
#ERR stream: 0, p: [187, 486], r: 3.1518954467773438e+02, e: 3.1518890380859375e+02
#ERR stream: 0, p: [187, 487], r: 3.1517306518554688e+02, e: 3.1517248535156250e+02
#ERR stream: 0, p: [357, 218], r: 3.0890997314453125e+02, e: 3.0891000366210938e+02
#ERR stream: 0, p: [357, 219], r: 3.0891693115234375e+02, e: 3.0891696166992188e+02
#ERR stream: 0, p: [187, 488], r: 3.1515612792968750e+02, e: 3.1515567016601562e+02
#ERR stream: 0, p: [357, 221], r: 3.0893109130859375e+02, e: 3.0893112182617188e+02
#ERR stream: 0, p: [357, 222], r: 3.0893832397460938e+02, e: 3.0893835449218750e+02
#ERR stream: 0, p: [357, 223], r: 3.0894564819335938e+02, e: 3.0894567871093750e+02
#ERR stream: 0, p: [357, 224], r: 3.0895306396484375e+02, e: 3.0895309448242188e+02
#ERR stream: 0, p: [357, 225], r: 3.0896057128906250e+02, e: 3.0896060180664062e+02
#ERR stream: 0, p: [187, 489], r: 3.1513873291015625e+02, e: 3.1513836669921875e+02
#ERR stream: 0, p: [187, 490], r: 3.1512084960937500e+02, e: 3.1512057495117188e+02
#ERR stream: 0, p: [187, 491], r: 3.1510244750976562e+02, e: 3.1510223388671875e+02
#ERR stream: 0, p: [357, 226], r: 3.0896817016601562e+02, e: 3.0896823120117188e+02
#ERR stream: 0, p: [187, 492], r: 3.1508349609375000e+02, e: 3.1508334350585938e+02
#ERR stream: 0, p: [357, 228], r: 3.0898373413085938e+02, e: 3.0898376464843750e+02
#ERR stream: 0, p: [357, 229], r: 3.0899166870117188e+02, e: 3.0899169921875000e+02
#ERR stream: 0, p: [187, 493], r: 3.1506399536132812e+02, e: 3.1506387329101562e+02
#ERR stream: 0, p: [187, 494], r: 3.1504388427734375e+02, e: 3.1504376220703125e+02
#ERR stream: 0, p: [357, 230], r: 3.0899975585937500e+02, e: 3.0899978637695312e+02
#ERR stream: 0, p: [187, 495], r: 3.1502313232421875e+02, e: 3.1502307128906250e+02
#ERR stream: 0, p: [187, 496], r: 3.1500180053710938e+02, e: 3.1500173950195312e+02
#ERR stream: 0, p: [357, 232], r: 3.0901626586914062e+02, e: 3.0901629638671875e+02
#ERR stream: 0, p: [187, 497], r: 3.1497979736328125e+02, e: 3.1497976684570312e+02
#ERR stream: 0, p: [187, 498], r: 3.1495712280273438e+02, e: 3.1495709228515625e+02
#ERR stream: 0, p: [357, 234], r: 3.0903335571289062e+02, e: 3.0903338623046875e+02
#ERR stream: 0, p: [188, 455], r: 3.1573370361328125e+02, e: 3.1573367309570312e+02
#ERR stream: 0, p: [188, 456], r: 3.1571908569335938e+02, e: 3.1571905517578125e+02
#ERR stream: 0, p: [357, 237], r: 3.0906008911132812e+02, e: 3.0906011962890625e+02
#ERR stream: 0, p: [188, 457], r: 3.1570443725585938e+02, e: 3.1570440673828125e+02
#ERR stream: 0, p: [188, 458], r: 3.1568978881835938e+02, e: 3.1568975830078125e+02
#ERR stream: 0, p: [358, 207], r: 3.0883602905273438e+02, e: 3.0883605957031250e+02
#ERR stream: 0, p: [188, 460], r: 3.1566061401367188e+02, e: 3.1566058349609375e+02
#ERR stream: 0, p: [188, 461], r: 3.1564611816406250e+02, e: 3.1564608764648438e+02
#ERR stream: 0, p: [358, 208], r: 3.0884219360351562e+02, e: 3.0884222412109375e+02
#ERR stream: 0, p: [358, 209], r: 3.0884841918945312e+02, e: 3.0884844970703125e+02
#ERR stream: 0, p: [188, 462], r: 3.1563171386718750e+02, e: 3.1563165283203125e+02
#ERR stream: 0, p: [188, 463], r: 3.1561734008789062e+02, e: 3.1561727905273438e+02
#ERR stream: 0, p: [358, 210], r: 3.0885470581054688e+02, e: 3.0885473632812500e+02
#ERR stream: 0, p: [188, 464], r: 3.1560305786132812e+02, e: 3.1560299682617188e+02
#ERR stream: 0, p: [188, 465], r: 3.1558886718750000e+02, e: 3.1558874511718750e+02
#ERR stream: 0, p: [358, 214], r: 3.0888052368164062e+02, e: 3.0888055419921875e+02
#ERR stream: 0, p: [358, 215], r: 3.0888714599609375e+02, e: 3.0888717651367188e+02
#ERR stream: 0, p: [358, 216], r: 3.0889385986328125e+02, e: 3.0889389038085938e+02
#ERR stream: 0, p: [188, 466], r: 3.1557473754882812e+02, e: 3.1557455444335938e+02
#ERR stream: 0, p: [188, 467], r: 3.1556063842773438e+02, e: 3.1556045532226562e+02
#ERR stream: 0, p: [358, 217], r: 3.0890063476562500e+02, e: 3.0890066528320312e+02
#ERR stream: 0, p: [188, 468], r: 3.1554663085937500e+02, e: 3.1554635620117188e+02
#ERR stream: 0, p: [188, 469], r: 3.1553265380859375e+02, e: 3.1553231811523438e+02
#ERR stream: 0, p: [358, 218], r: 3.0890750122070312e+02, e: 3.0890753173828125e+02
#ERR stream: 0, p: [358, 219], r: 3.0891439819335938e+02, e: 3.0891445922851562e+02
#ERR stream: 0, p: [358, 220], r: 3.0892141723632812e+02, e: 3.0892147827148438e+02
#ERR stream: 0, p: [358, 221], r: 3.0892852783203125e+02, e: 3.0892855834960938e+02
#ERR stream: 0, p: [188, 470], r: 3.1551873779296875e+02, e: 3.1551824951171875e+02
#ERR stream: 0, p: [188, 471], r: 3.1550479125976562e+02, e: 3.1550418090820312e+02
#ERR stream: 0, p: [358, 222], r: 3.0893572998046875e+02, e: 3.0893576049804688e+02
#ERR stream: 0, p: [358, 223], r: 3.0894302368164062e+02, e: 3.0894308471679688e+02
#ERR stream: 0, p: [358, 224], r: 3.0895040893554688e+02, e: 3.0895046997070312e+02
#ERR stream: 0, p: [188, 472], r: 3.1549087524414062e+02, e: 3.1549011230468750e+02
#ERR stream: 0, p: [358, 225], r: 3.0895788574218750e+02, e: 3.0895791625976562e+02
#ERR stream: 0, p: [358, 226], r: 3.0896548461914062e+02, e: 3.0896551513671875e+02
#ERR stream: 0, p: [358, 227], r: 3.0897317504882812e+02, e: 3.0897320556640625e+02
#ERR stream: 0, p: [188, 473], r: 3.1547689819335938e+02, e: 3.1547598266601562e+02
#ERR stream: 0, p: [188, 474], r: 3.1546286010742188e+02, e: 3.1546179199218750e+02
#ERR stream: 0, p: [188, 475], r: 3.1544876098632812e+02, e: 3.1544754028320312e+02
#ERR stream: 0, p: [358, 229], r: 3.0898889160156250e+02, e: 3.0898892211914062e+02
#ERR stream: 0, p: [358, 230], r: 3.0899691772460938e+02, e: 3.0899694824218750e+02
#ERR stream: 0, p: [188, 476], r: 3.1543457031250000e+02, e: 3.1543316650390625e+02
#ERR stream: 0, p: [358, 232], r: 3.0901336669921875e+02, e: 3.0901339721679688e+02
#ERR stream: 0, p: [188, 477], r: 3.1542022705078125e+02, e: 3.1541873168945312e+02
#ERR stream: 0, p: [358, 236], r: 3.0904794311523438e+02, e: 3.0904797363281250e+02
#ERR stream: 0, p: [188, 478], r: 3.1540573120117188e+02, e: 3.1540414428710938e+02
#ERR stream: 0, p: [188, 479], r: 3.1539102172851562e+02, e: 3.1538937377929688e+02
#ERR stream: 0, p: [358, 239], r: 3.0907556152343750e+02, e: 3.0907559204101562e+02
#ERR stream: 0, p: [188, 480], r: 3.1537609863281250e+02, e: 3.1537445068359375e+02
#ERR stream: 0, p: [188, 481], r: 3.1536087036132812e+02, e: 3.1535925292968750e+02
#ERR stream: 0, p: [188, 482], r: 3.1534536743164062e+02, e: 3.1534381103515625e+02
#ERR stream: 0, p: [359, 210], r: 3.0885241699218750e+02, e: 3.0885244750976562e+02
#ERR stream: 0, p: [188, 483], r: 3.1532952880859375e+02, e: 3.1532806396484375e+02
#ERR stream: 0, p: [188, 484], r: 3.1531332397460938e+02, e: 3.1531198120117188e+02
#ERR stream: 0, p: [188, 485], r: 3.1529672241210938e+02, e: 3.1529553222656250e+02
#ERR stream: 0, p: [359, 215], r: 3.0888473510742188e+02, e: 3.0888476562500000e+02
#ERR stream: 0, p: [188, 486], r: 3.1527969360351562e+02, e: 3.1527865600585938e+02
#ERR stream: 0, p: [188, 487], r: 3.1526220703125000e+02, e: 3.1526129150390625e+02
#ERR stream: 0, p: [188, 488], r: 3.1524417114257812e+02, e: 3.1524340820312500e+02
#ERR stream: 0, p: [188, 489], r: 3.1522561645507812e+02, e: 3.1522500610351562e+02
#ERR stream: 0, p: [188, 490], r: 3.1520648193359375e+02, e: 3.1520602416992188e+02
#ERR stream: 0, p: [359, 216], r: 3.0889141845703125e+02, e: 3.0889144897460938e+02
#ERR stream: 0, p: [359, 217], r: 3.0889816284179688e+02, e: 3.0889822387695312e+02
#ERR stream: 0, p: [188, 491], r: 3.1518679809570312e+02, e: 3.1518643188476562e+02
#ERR stream: 0, p: [188, 492], r: 3.1516644287109375e+02, e: 3.1516616821289062e+02
#ERR stream: 0, p: [359, 218], r: 3.0890499877929688e+02, e: 3.0890502929687500e+02
#ERR stream: 0, p: [359, 219], r: 3.0891189575195312e+02, e: 3.0891192626953125e+02
#ERR stream: 0, p: [359, 220], r: 3.0891888427734375e+02, e: 3.0891891479492188e+02
#ERR stream: 0, p: [188, 493], r: 3.1514547729492188e+02, e: 3.1514523315429688e+02
#ERR stream: 0, p: [188, 494], r: 3.1512380981445312e+02, e: 3.1512362670898438e+02
#ERR stream: 0, p: [188, 495], r: 3.1510144042968750e+02, e: 3.1510131835937500e+02
#ERR stream: 0, p: [188, 496], r: 3.1507839965820312e+02, e: 3.1507830810546875e+02
#ERR stream: 0, p: [188, 497], r: 3.1505459594726562e+02, e: 3.1505456542968750e+02
#ERR stream: 0, p: [188, 498], r: 3.1503005981445312e+02, e: 3.1503002929687500e+02
#ERR stream: 0, p: [188, 499], r: 3.1500479125976562e+02, e: 3.1500473022460938e+02
#ERR stream: 0, p: [359, 221], r: 3.0892596435546875e+02, e: 3.0892599487304688e+02
#ERR stream: 0, p: [359, 222], r: 3.0893313598632812e+02, e: 3.0893319702148438e+02
#ERR stream: 0, p: [359, 223], r: 3.0894039916992188e+02, e: 3.0894046020507812e+02
#ERR stream: 0, p: [359, 224], r: 3.0894775390625000e+02, e: 3.0894778442382812e+02
#ERR stream: 0, p: [188, 500], r: 3.1497872924804688e+02, e: 3.1497869873046875e+02
#ERR stream: 0, p: [188, 501], r: 3.1495190429687500e+02, e: 3.1495187377929688e+02
#ERR stream: 0, p: [359, 225], r: 3.0895520019531250e+02, e: 3.0895526123046875e+02
#ERR stream: 0, p: [359, 226], r: 3.0896276855468750e+02, e: 3.0896279907226562e+02
#ERR stream: 0, p: [188, 502], r: 3.1492428588867188e+02, e: 3.1492425537109375e+02
#ERR stream: 0, p: [359, 227], r: 3.0897042846679688e+02, e: 3.0897045898437500e+02
#ERR stream: 0, p: [359, 228], r: 3.0897817993164062e+02, e: 3.0897821044921875e+02
#ERR stream: 0, p: [359, 229], r: 3.0898605346679688e+02, e: 3.0898611450195312e+02
#ERR stream: 0, p: [189, 456], r: 3.1581063842773438e+02, e: 3.1581060791015625e+02
#ERR stream: 0, p: [189, 457], r: 3.1579653930664062e+02, e: 3.1579650878906250e+02
#ERR stream: 0, p: [189, 458], r: 3.1578240966796875e+02, e: 3.1578237915039062e+02
#ERR stream: 0, p: [189, 459], r: 3.1576828002929688e+02, e: 3.1576824951171875e+02
#ERR stream: 0, p: [359, 230], r: 3.0899404907226562e+02, e: 3.0899411010742188e+02
#ERR stream: 0, p: [359, 231], r: 3.0900219726562500e+02, e: 3.0900222778320312e+02
#ERR stream: 0, p: [189, 460], r: 3.1575415039062500e+02, e: 3.1575411987304688e+02
#ERR stream: 0, p: [359, 232], r: 3.0901043701171875e+02, e: 3.0901046752929688e+02
#ERR stream: 0, p: [189, 461], r: 3.1574002075195312e+02, e: 3.1573999023437500e+02
#ERR stream: 0, p: [359, 236], r: 3.0904486083984375e+02, e: 3.0904489135742188e+02
#ERR stream: 0, p: [189, 462], r: 3.1572595214843750e+02, e: 3.1572589111328125e+02
#ERR stream: 0, p: [189, 463], r: 3.1571188354492188e+02, e: 3.1571182250976562e+02
#ERR stream: 0, p: [360, 208], r: 3.0883767700195312e+02, e: 3.0883770751953125e+02
#ERR stream: 0, p: [189, 464], r: 3.1569787597656250e+02, e: 3.1569778442382812e+02
#ERR stream: 0, p: [360, 212], r: 3.0886279296875000e+02, e: 3.0886282348632812e+02
#ERR stream: 0, p: [189, 465], r: 3.1568389892578125e+02, e: 3.1568374633789062e+02
#ERR stream: 0, p: [360, 214], r: 3.0887573242187500e+02, e: 3.0887576293945312e+02
#ERR stream: 0, p: [189, 466], r: 3.1566995239257812e+02, e: 3.1566973876953125e+02
#ERR stream: 0, p: [189, 467], r: 3.1565600585937500e+02, e: 3.1565570068359375e+02
#ERR stream: 0, p: [189, 468], r: 3.1564212036132812e+02, e: 3.1564166259765625e+02
#ERR stream: 0, p: [189, 469], r: 3.1562820434570312e+02, e: 3.1562762451171875e+02
#ERR stream: 0, p: [189, 470], r: 3.1561428833007812e+02, e: 3.1561346435546875e+02
#ERR stream: 0, p: [189, 471], r: 3.1560031127929688e+02, e: 3.1559930419921875e+02
#ERR stream: 0, p: [360, 215], r: 3.0888229370117188e+02, e: 3.0888235473632812e+02
#ERR stream: 0, p: [360, 216], r: 3.0888894653320312e+02, e: 3.0888900756835938e+02
#ERR stream: 0, p: [189, 472], r: 3.1558627319335938e+02, e: 3.1558505249023438e+02
#ERR stream: 0, p: [189, 473], r: 3.1557217407226562e+02, e: 3.1557067871093750e+02
#ERR stream: 0, p: [189, 474], r: 3.1555795288085938e+02, e: 3.1555621337890625e+02
#ERR stream: 0, p: [189, 475], r: 3.1554360961914062e+02, e: 3.1554162597656250e+02
#ERR stream: 0, p: [189, 476], r: 3.1552911376953125e+02, e: 3.1552688598632812e+02
#ERR stream: 0, p: [189, 477], r: 3.1551440429687500e+02, e: 3.1551199340820312e+02
#ERR stream: 0, p: [189, 478], r: 3.1549951171875000e+02, e: 3.1549691772460938e+02
#ERR stream: 0, p: [189, 479], r: 3.1548434448242188e+02, e: 3.1548165893554688e+02
#ERR stream: 0, p: [189, 480], r: 3.1546887207031250e+02, e: 3.1546615600585938e+02
#ERR stream: 0, p: [189, 481], r: 3.1545309448242188e+02, e: 3.1545040893554688e+02
#ERR stream: 0, p: [189, 482], r: 3.1543692016601562e+02, e: 3.1543438720703125e+02
#ERR stream: 0, p: [360, 217], r: 3.0889569091796875e+02, e: 3.0889572143554688e+02
#ERR stream: 0, p: [360, 218], r: 3.0890249633789062e+02, e: 3.0890252685546875e+02
#ERR stream: 0, p: [189, 483], r: 3.1542041015625000e+02, e: 3.1541799926757812e+02
#ERR stream: 0, p: [189, 484], r: 3.1540341186523438e+02, e: 3.1540121459960938e+02
#ERR stream: 0, p: [360, 219], r: 3.0890936279296875e+02, e: 3.0890939331054688e+02
#ERR stream: 0, p: [360, 220], r: 3.0891632080078125e+02, e: 3.0891638183593750e+02
#ERR stream: 0, p: [360, 221], r: 3.0892337036132812e+02, e: 3.0892343139648438e+02
#ERR stream: 0, p: [360, 222], r: 3.0893051147460938e+02, e: 3.0893057250976562e+02
#ERR stream: 0, p: [189, 485], r: 3.1538598632812500e+02, e: 3.1538400268554688e+02
#ERR stream: 0, p: [189, 486], r: 3.1536804199218750e+02, e: 3.1536627197265625e+02
#ERR stream: 0, p: [189, 487], r: 3.1534954833984375e+02, e: 3.1534805297851562e+02
#ERR stream: 0, p: [360, 223], r: 3.0893774414062500e+02, e: 3.0893777465820312e+02
#ERR stream: 0, p: [360, 224], r: 3.0894506835937500e+02, e: 3.0894512939453125e+02
#ERR stream: 0, p: [360, 225], r: 3.0895251464843750e+02, e: 3.0895254516601562e+02
#ERR stream: 0, p: [360, 226], r: 3.0896002197265625e+02, e: 3.0896008300781250e+02
#ERR stream: 0, p: [360, 227], r: 3.0896765136718750e+02, e: 3.0896768188476562e+02
#ERR stream: 0, p: [360, 228], r: 3.0897537231445312e+02, e: 3.0897543334960938e+02
#ERR stream: 0, p: [360, 229], r: 3.0898324584960938e+02, e: 3.0898327636718750e+02
#ERR stream: 0, p: [189, 488], r: 3.1533047485351562e+02, e: 3.1532925415039062e+02
#ERR stream: 0, p: [360, 230], r: 3.0899118041992188e+02, e: 3.0899124145507812e+02
#ERR stream: 0, p: [189, 489], r: 3.1531079101562500e+02, e: 3.1530978393554688e+02
#ERR stream: 0, p: [189, 490], r: 3.1529046630859375e+02, e: 3.1528970336914062e+02
#ERR stream: 0, p: [189, 491], r: 3.1526950073242188e+02, e: 3.1526889038085938e+02
#ERR stream: 0, p: [189, 492], r: 3.1524783325195312e+02, e: 3.1524734497070312e+02
#ERR stream: 0, p: [189, 493], r: 3.1522546386718750e+02, e: 3.1522506713867188e+02
#ERR stream: 0, p: [189, 494], r: 3.1520230102539062e+02, e: 3.1520205688476562e+02
#ERR stream: 0, p: [189, 495], r: 3.1517840576171875e+02, e: 3.1517819213867188e+02
#ERR stream: 0, p: [189, 496], r: 3.1515368652343750e+02, e: 3.1515356445312500e+02
#ERR stream: 0, p: [189, 497], r: 3.1512817382812500e+02, e: 3.1512808227539062e+02
#ERR stream: 0, p: [189, 498], r: 3.1510183715820312e+02, e: 3.1510177612304688e+02
#ERR stream: 0, p: [189, 499], r: 3.1507467651367188e+02, e: 3.1507464599609375e+02
#ERR stream: 0, p: [189, 500], r: 3.1504666137695312e+02, e: 3.1504663085937500e+02
#ERR stream: 0, p: [360, 236], r: 3.0904174804687500e+02, e: 3.0904177856445312e+02
#ERR stream: 0, p: [189, 502], r: 3.1498806762695312e+02, e: 3.1498803710937500e+02
#ERR stream: 0, p: [189, 503], r: 3.1495745849609375e+02, e: 3.1495742797851562e+02
#ERR stream: 0, p: [361, 203], r: 3.0880548095703125e+02, e: 3.0880551147460938e+02
#ERR stream: 0, p: [190, 454], r: 3.1592651367187500e+02, e: 3.1592648315429688e+02
#ERR stream: 0, p: [361, 210], r: 3.0884777832031250e+02, e: 3.0884780883789062e+02
#ERR stream: 0, p: [190, 457], r: 3.1588613891601562e+02, e: 3.1588610839843750e+02
#ERR stream: 0, p: [361, 211], r: 3.0885406494140625e+02, e: 3.0885409545898438e+02
#ERR stream: 0, p: [361, 212], r: 3.0886041259765625e+02, e: 3.0886044311523438e+02
#ERR stream: 0, p: [190, 459], r: 3.1585882568359375e+02, e: 3.1585879516601562e+02
#ERR stream: 0, p: [361, 214], r: 3.0887332153320312e+02, e: 3.0887335205078125e+02
#ERR stream: 0, p: [361, 215], r: 3.0887985229492188e+02, e: 3.0887991333007812e+02
#ERR stream: 0, p: [190, 460], r: 3.1584512329101562e+02, e: 3.1584509277343750e+02
#ERR stream: 0, p: [190, 461], r: 3.1583142089843750e+02, e: 3.1583135986328125e+02
#ERR stream: 0, p: [361, 216], r: 3.0888647460937500e+02, e: 3.0888653564453125e+02
#ERR stream: 0, p: [361, 217], r: 3.0889318847656250e+02, e: 3.0889324951171875e+02
#ERR stream: 0, p: [361, 218], r: 3.0889996337890625e+02, e: 3.0889999389648438e+02
#ERR stream: 0, p: [361, 219], r: 3.0890682983398438e+02, e: 3.0890686035156250e+02
#ERR stream: 0, p: [361, 220], r: 3.0891375732421875e+02, e: 3.0891378784179688e+02
#ERR stream: 0, p: [361, 221], r: 3.0892077636718750e+02, e: 3.0892080688476562e+02
#ERR stream: 0, p: [361, 222], r: 3.0892788696289062e+02, e: 3.0892791748046875e+02
#ERR stream: 0, p: [361, 223], r: 3.0893508911132812e+02, e: 3.0893511962890625e+02
#ERR stream: 0, p: [190, 462], r: 3.1581768798828125e+02, e: 3.1581759643554688e+02
#ERR stream: 0, p: [190, 463], r: 3.1580395507812500e+02, e: 3.1580383300781250e+02
#ERR stream: 0, p: [361, 224], r: 3.0894238281250000e+02, e: 3.0894241333007812e+02
#ERR stream: 0, p: [361, 225], r: 3.0894976806640625e+02, e: 3.0894982910156250e+02
#SDC Ite:0 KerTime:22.042111 AccTime:22.042111 KerErr:4076 AccErr:4076
#ABORT too many errors per iteration
#END