#HEADER streams: 1 boxes:6 block_size:192
#BEGIN Y:2016 M:12 D:12 Time:08:20:51
#IT Ite:0 KerTime:8.681333 AccTime:8.681333
#IT Ite:1 KerTime:5.882587 AccTime:14.563920
#IT Ite:2 KerTime:0.705125 AccTime:15.269045
#IT Ite:3 KerTime:0.685972 AccTime:15.955017
#IT Ite:4 KerTime:0.687122 AccTime:16.642139
#IT Ite:5 KerTime:0.690240 AccTime:17.332379
#IT Ite:6 KerTime:0.687242 AccTime:18.019621
#IT Ite:7 KerTime:0.690655 AccTime:18.710276
#IT Ite:8 KerTime:0.682136 AccTime:19.392412
#IT Ite:9 KerTime:0.685472 AccTime:20.077884
#ERR stream: 0, p: [31872], ea: 4, v_r: 2.2641442628955979e+03, v_e: 2.2641442628996429e+03, x_r: -1.1975101839845406e+03, x_e: -1.1975101839853496e+03, y_r: 9.2691601516839754e+01, y_e: 9.2691601492300464e+01, z_r: -3.1353863337304381e+02, z_e: -3.1353863337385280e+02

#ERR stream: 0, p: [22760], ea: 3, v_r: 4.0601349877820794e+03, v_e: 4.0601349877820794e+03, x_r: 2.5481056079445484e+03, x_e: 2.5481056079445484e+03, y_r: 3.2734509938346901e+03, y_e: 3.2734509938346901e+03, z_r: 3.3119639958263019e+03, z_e: 3.3119639958263019e+03

#ERR stream: 0, p: [12209], ea: 0, v_r: 2.0683120781046937e+03, v_e: 2.0683120781046937e+03, x_r: -2.7610789383401772e+02, x_e: -2.7610789383401772e+02, y_r: -1.0862475843208165e+03, y_e: -1.0862475843208165e+03, z_r: 9.0988829947896375e+02, z_e: 9.0988829947896375e+02

#ERR stream: 0, p: [31873], ea: 0, v_r: 2.1439256660174483e+03, v_e: 2.1439256660181259e+03, x_r: -1.1366289603602147e+03, x_e: -1.1366289603603502e+03, y_r: -1.9678716655089793e+03, y_e: -1.9678716655363519e+03, z_r: -1.9433654704299099e+03, z_e: -1.9433654704305875e+03

#ERR stream: 0, p: [31874], ea: 4, v_r: 2.5467377833184273e+03, v_e: 2.5467377833233636e+03, x_r: 1.5854236199769216e+03, x_e: 1.5854236199818579e+03, y_r: 5.9422560771634244e+02, y_e: 5.9422560769208394e+02, z_r: -1.8164831397190806e+03, z_e: -1.8164831397230296e+03

#ERR stream: 0, p: [13763], ea: 4, v_r: 1.1594646908657555e+03, v_e: 1.1594646908657555e+03, x_r: 2.9562131781003330e+02, x_e: 2.9562131781003330e+02, y_r: 4.7156314232603243e+01, y_e: 4.7156314232603243e+01, z_r: 5.1180800855511035e+02, z_e: 5.1180800855511035e+02

#ERR stream: 0, p: [26858], ea: 0, v_r: 2.2808100214936653e+03, v_e: 2.2808100214936653e+03, x_r: 5.8264872087142112e+02, x_e: 5.8264872087142112e+02, y_r: 1.1885510681380822e+02, y_e: 1.1885510681380822e+02, z_r: 9.8193887588482869e+02, z_e: 9.8193887588482869e+02

#ERR stream: 0, p: [31875], ea: 0, v_r: 2.4215048729946511e+03, v_e: 2.4215048729954383e+03, x_r: -2.2107946484561767e+03, x_e: -2.2107946484566492e+03, y_r: -2.2212239820248219e+03, y_e: -2.2212239820566242e+03, z_r: 1.5212390405219942e+03, z_e: 1.5212390405224667e+03

#ERR stream: 0, p: [31876], ea: 4, v_r: 1.9086849152568159e+03, v_e: 1.9086849152580119e+03, x_r: -1.0111870606464755e+03, x_e: -1.0111870606467147e+03, y_r: -1.3856984213767371e+03, y_e: -1.3856984214008933e+03, z_r: -9.9756233567720290e+02, z_e: -9.9756233567792037e+02

#ERR stream: 0, p: [16548], ea: 2, v_r: 2.1870059829588035e+03, v_e: 2.1870059829588035e+03, x_r: -1.9734375736794252e+03, x_e: -1.9734375736794252e+03, y_r: -3.2367554799746841e+02, y_e: -3.2367554799746841e+02, z_r: -1.1635819584702742e+03, z_e: -1.1635819584702742e+03

#ERR stream: 0, p: [28217], ea: 0, v_r: 2.0171348009616102e+03, v_e: 2.0171348009616102e+03, x_r: 9.1182176147856876e+02, x_e: 9.1182176147856876e+02, y_r: 8.4940423587566727e+02, y_e: 8.4940423587566727e+02, z_r: -1.0632603945600745e+03, z_e: -1.0632603945600745e+03

#ERR stream: 0, p: [31877], ea: 0, v_r: 2.0479059268598328e+03, v_e: 2.0479059268616904e+03, x_r: 9.4888492017404161e+01, x_e: 9.4888492018147232e+01, y_r: -1.0928018493831391e+03, y_e: -1.0928018494079079e+03, z_r: -2.8357665883628522e+02, z_e: -2.8357665883665675e+02

#ERR stream: 0, p: [31878], ea: 4, v_r: 3.8521596813975971e+03, v_e: 3.8521596814070649e+03, x_r: 1.6612102830843323e+03, x_e: 1.6612102830919068e+03, y_r: 2.3766943312327480e+03, y_e: 2.3766943312020289e+03, z_r: -5.2992178844611396e+02, z_e: -5.2992178844800753e+02

#ERR stream: 0, p: [19187], ea: 2, v_r: 2.7949905804180303e+03, v_e: 2.7949905804180303e+03, x_r: -1.4473018309031870e+03, x_e: -1.4473018309031870e+03, y_r: 1.7443844899296359e+03, y_e: 1.7443844899296359e+03, z_r: -8.8595846733407609e+02, z_e: -8.8595846733407609e+02

#ERR stream: 0, p: [29585], ea: 0, v_r: 3.4581611445078720e+03, v_e: 3.4581611445078720e+03, x_r: 1.5082562370188405e+03, x_e: 1.5082562370188405e+03, y_r: 2.1200042064521540e+03, y_e: 2.1200042064521540e+03, z_r: -1.7928530587429123e+03, z_e: -1.7928530587429123e+03

#ERR stream: 0, p: [31879], ea: 0, v_r: 2.4672857235606998e+03, v_e: 2.4672857235656857e+03, x_r: -3.5755983498121606e+02, x_e: -3.5755983498021885e+02, y_r: 5.7483560854409404e+02, y_e: 5.7483560851959191e+02, z_r: -3.4081708660006893e+02, z_e: -3.4081708660106608e+02

#ERR stream: 0, p: [31880], ea: 4, v_r: 2.3708102483984308e+03, v_e: 2.3708102484049728e+03, x_r: -3.4261921741993223e+02, x_e: -3.4261921741862380e+02, y_r: 1.9158566084208383e+03, y_e: 1.9158566084038282e+03, z_r: -7.8151978177106400e+02, z_e: -7.8151978177368085e+02

#ERR stream: 0, p: [31881], ea: 4, v_r: 2.6175082369257084e+03, v_e: 2.6175082369287188e+03, x_r: 2.1315365353229281e+03, x_e: 2.1315365353265402e+03, y_r: -8.9328914240375627e+02, y_e: -8.9328914243325607e+02, z_r: -3.6094323855500073e+02, z_e: -3.6094323855560276e+02

#ERR stream: 0, p: [31882], ea: 4, v_r: 2.5634692716102845e+03, v_e: 2.5634692716145796e+03, x_r: 2.0881138648215465e+03, x_e: 2.0881138648267006e+03, y_r: 1.0769803600401603e+02, y_e: 1.0769803597795932e+02, z_r: -8.4477449722575864e+02, z_e: -8.4477449722747667e+02

#ERR stream: 0, p: [31883], ea: 4, v_r: 2.2530968256077235e+03, v_e: 2.2530968256090719e+03, x_r: 1.4022828288284472e+03, x_e: 1.4022828288297956e+03, y_r: -1.6323126706218163e+03, y_e: -1.6323126706490523e+03, z_r: 9.8558607579817692e+02, z_e: 9.8558607579871625e+02

#ERR stream: 0, p: [31884], ea: 4, v_r: 3.0257448620180435e+03, v_e: 3.0257448620263604e+03, x_r: -4.3792477960020790e+02, x_e: -4.3792477959854449e+02, y_r: 2.4443974878716349e+03, y_e: 2.4443974878500107e+03, z_r: -2.1583675149079700e+03, z_e: -2.1583675149146234e+03

#ERR stream: 0, p: [31885], ea: 4, v_r: 2.0096540847723129e+03, v_e: 2.0096540847768629e+03, x_r: -2.9156529624232155e+02, x_e: -2.9156529624141154e+02, y_r: 8.5281628536054961e+02, y_e: 8.5281628534234926e+02, z_r: -1.4340314926426736e+03, z_e: -1.4340314926463136e+03

#ERR stream: 0, p: [31886], ea: 4, v_r: 2.6335456716875947e+03, v_e: 2.6335456716921553e+03, x_r: 1.2245483151007195e+02, x_e: 1.2245483151189620e+02, y_r: 1.0822906096585859e+02, y_e: 1.0822906093819061e+02, z_r: -1.8795564852147327e+03, z_e: -1.8795564852183811e+03

#ERR stream: 0, p: [31887], ea: 4, v_r: 2.9940265369334129e+03, v_e: 2.9940265369394419e+03, x_r: -4.3456938697087526e+02, x_e: -4.3456938696966944e+02, y_r: 6.9686550006140385e+02, y_e: 6.9686550003177456e+02, z_r: -1.5624082961664101e+03, z_e: -1.5624082961700276e+03

#ERR stream: 0, p: [31888], ea: 4, v_r: 2.5046222152243304e+03, v_e: 2.5046222152286255e+03, x_r: 1.0793800011291273e+03, x_e: 1.0793800011325634e+03, y_r: 1.0520277488588493e+02, y_e: 1.0520277485982822e+02, z_r: 6.1576292274857599e+02, z_e: 6.1576292274943501e+02

#ERR stream: 0, p: [31889], ea: 4, v_r: 1.7792742720889710e+03, v_e: 1.7792742720895483e+03, x_r: -1.6248983444311953e+03, x_e: -1.6248983444315418e+03, y_r: -1.6325064094627703e+03, y_e: -1.6325064094860957e+03, z_r: 4.3493216180067617e+02, z_e: 4.3493216180079168e+02

#ERR stream: 0, p: [31890], ea: 4, v_r: 2.9789550741986595e+03, v_e: 2.9789550742004258e+03, x_r: 1.8519564637911171e+03, x_e: 1.8519564637928834e+03, y_r: -2.1601421008557663e+03, y_e: -2.1601421008914444e+03, z_r: -2.1264680977517369e+03, z_e: -2.1264680977531502e+03

#ERR stream: 0, p: [0], ea: 2, v_r: 8.3021933616343961e+02, v_e: 8.3021933616343961e+02, x_r: -5.9376762933185523e+02, x_e: -5.9376762933185523e+02, y_r: -5.9041651809449866e+02, y_e: -5.9041651809449866e+02, z_r: 3.6223394923652472e+02, z_e: 3.6223394923652472e+02

#ERR stream: 0, p: [31891], ea: 0, v_r: 2.2763840918661404e+03, v_e: 2.2763840918724891e+03, x_r: -1.2034365082185752e+03, x_e: -1.2034365082198449e+03, y_r: 1.8379425209392955e+03, y_e: 1.8379425209227882e+03, z_r: -2.0610054648338819e+03, z_e: -2.0610054648402306e+03

#ERR stream: 0, p: [31892], ea: 4, v_r: 1.9935948605089177e+03, v_e: 1.9935948605114070e+03, x_r: -1.8194443092504200e+03, x_e: -1.8194443092519136e+03, y_r: -6.8263725155380666e+02, y_e: -6.8263725157820170e+02, z_r: 8.7052360845221403e+02, z_e: 8.7052360845320993e+02

#ERR stream: 0, p: [1851], ea: 0, v_r: 1.3454966775405251e+03, v_e: 1.3454966775405251e+03, x_r: -6.9847053296857109e+02, x_e: -6.9847053296857109e+02, y_r: -2.0888279960996772e+02, y_e: -2.0888279960996772e+02, z_r: -1.7934043418612416e+02, z_e: -1.7934043418612416e+02

#ERR stream: 0, p: [31893], ea: 0, v_r: 2.0893217283617337e+03, v_e: 2.0893217283671420e+03, x_r: -1.9067700163158618e+03, x_e: -1.9067700163191064e+03, y_r: 1.2855444269581894e+03, y_e: 1.2855444269406426e+03, z_r: -1.8923332352929438e+03, z_e: -1.8923332352983521e+03

#ERR stream: 0, p: [31894], ea: 4, v_r: 2.0954074628798649e+03, v_e: 2.0954074628823296e+03, x_r: 4.9890695170004341e+02, x_e: 4.9890695170152213e+02, y_r: -7.1687514725489029e+02, y_e: -7.1687514727904261e+02, z_r: -1.4957457791969016e+03, z_e: -1.4957457791988734e+03

#ERR stream: 0, p: [3066], ea: 2, v_r: 1.4735601265541020e+03, v_e: 1.4735601265541020e+03, x_r: -1.3301423257412971e+03, x_e: -1.3301423257412971e+03, y_r: -2.2410795723509148e+02, y_e: -2.2410795723509148e+02, z_r: -1.9830446283276362e+02, z_e: -1.9830446283276362e+02

#ERR stream: 0, p: [31895], ea: 0, v_r: 2.5074783350724265e+03, v_e: 2.5074783350754974e+03, x_r: -1.8093219264225263e+03, x_e: -1.8093219264237548e+03, y_r: -8.6022024506611876e+02, y_e: -8.6022024509621451e+02, z_r: -2.2723004343779317e+03, z_e: -2.2723004343810030e+03

#ERR stream: 0, p: [31896], ea: 4, v_r: 2.7331725947906275e+03, v_e: 2.7331725947959749e+03, x_r: 1.7033518893058322e+03, x_e: 1.7033518893111795e+03, y_r: 6.3956237945387852e+02, y_e: 6.3956237942759969e+02, z_r: 1.1970570827161923e+03, z_e: 1.1970570827183312e+03

#ERR stream: 0, p: [4307], ea: 4, v_r: 2.0063931545492353e+03, v_e: 2.0063931545492353e+03, x_r: 1.2506122620584974e+02, x_e: 1.2506122620584974e+02, y_r: -1.0602970895699141e+03, y_e: -1.0602970895699141e+03, z_r: 8.6216892653867853e+02, z_e: 8.6216892653867853e+02

#ERR stream: 0, p: [31897], ea: 0, v_r: 2.0534711014674008e+03, v_e: 2.0534711014709173e+03, x_r: 4.8939949505779464e+02, x_e: 4.8939949505990455e+02, y_r: 8.4502142598825529e+01, y_e: 8.4502142577492094e+01, z_r: -1.8592972348234489e+03, z_e: -1.8592972348269655e+03

#ERR stream: 0, p: [31898], ea: 4, v_r: 2.4666205944722360e+03, v_e: 2.4666205944758331e+03, x_r: 5.8853688256071371e+02, x_e: 5.8853688256287205e+02, y_r: -3.7021212375231244e+02, y_e: -3.7021212377965082e+02, z_r: -3.4071627891852307e+02, z_e: -3.4071627891924254e+02

#ERR stream: 0, p: [5174], ea: 2, v_r: 2.0460200884248870e+03, v_e: 2.0460200884248870e+03, x_r: 1.0435876079689623e+02, x_e: 1.0435876079689623e+02, y_r: -1.4442244081209403e+03, y_e: -1.4442244081209403e+03, z_r: 1.2791954078112512e+03, z_e: 1.2791954078112512e+03

#ERR stream: 0, p: [31899], ea: 0, v_r: 3.7367383363467370e+03, v_e: 3.7367383363532740e+03, x_r: 1.7679627498610665e+02, x_e: 1.7679627498872142e+02, y_r: 1.5651714129928249e+02, y_e: 1.5651714125962516e+02, z_r: 2.3519121446226973e+03, z_e: 2.3519121446266195e+03

#ERR stream: 0, p: [31900], ea: 4, v_r: 2.9996188200047377e+03, v_e: 2.9996188200113252e+03, x_r: 1.8688727940137703e+03, x_e: 1.8688727940203578e+03, y_r: 1.2760453652350852e+03, y_e: 1.2760453652087360e+03, z_r: -4.1264151475290907e+02, z_e: -4.1264151475422653e+02

#ERR stream: 0, p: [6227], ea: 4, v_r: 1.5015421156671623e+03, v_e: 1.5015421156671623e+03, x_r: 6.5174407863257932e+02, x_e: 6.5174407863257932e+02, y_r: 8.1385292119966536e+01, y_e: 8.1385292119966536e+01, z_r: 7.5243119716459020e+01, z_e: 7.5243119716459020e+01

#ERR stream: 0, p: [31901], ea: 0, v_r: 2.4528965530869127e+03, v_e: 2.4528965530918490e+03, x_r: 1.1646427388504037e+02, x_e: 1.1646427388701488e+02, y_r: 5.7299488446667476e+02, y_e: 5.7299488444241638e+02, z_r: 1.5441262066025483e+03, z_e: 1.5441262066055101e+03

#ERR stream: 0, p: [31902], ea: 4, v_r: 3.8915743021458884e+03, v_e: 3.8915743021561484e+03, x_r: 3.1726866535053800e+03, x_e: 3.1726866535176923e+03, y_r: 3.1482447094063605e+03, y_e: 3.1482447093796836e+03, z_r: -1.2806844015006768e+03, z_e: -1.2806844015047809e+03

#ERR stream: 0, p: [7969], ea: 4, v_r: 1.1784845683128769e+03, v_e: 1.1784845683128769e+03, x_r: 3.0686426276572496e+02, x_e: 3.0686426276572496e+02, y_r: 4.9836066145789488e+02, y_e: 4.9836066145789488e+02, z_r: 5.4030098522914773e+02, z_e: 5.4030098522914773e+02

#ERR stream: 0, p: [31903], ea: 0, v_r: 3.1725539992609283e+03, v_e: 3.1725539992648323e+03, x_r: -1.6770594482603401e+03, x_e: -1.6770594482611209e+03, y_r: -1.0846207791099225e+03, y_e: -1.0846207791481818e+03, z_r: 2.6037769494174190e+03, z_e: 2.6037769494205422e+03

#ERR stream: 0, p: [31904], ea: 4, v_r: 3.5935527395121603e+03, v_e: 3.5935527395208132e+03, x_r: 2.9290756750139199e+03, x_e: 2.9290756750243036e+03, y_r: 2.2180046256849819e+03, y_e: 2.2180046256569071e+03, z_r: -1.1830156884229871e+03, z_e: -1.1830156884264484e+03

#ERR stream: 0, p: [9188], ea: 1, v_r: 2.1052345342432309e+03, v_e: 2.1052345342432309e+03, x_r: -6.7666120100086312e+02, x_e: -6.7666120100086312e+02, y_r: 4.8195177847181827e+02, y_e: 4.8195177847181827e+02, z_r: -6.9587062521034261e+02, z_e: -6.9587062521034261e+02

#ERR stream: 0, p: [31905], ea: 0, v_r: 2.1075384905029623e+03, v_e: 2.1075384905066962e+03, x_r: -7.1024117865467304e+02, x_e: -7.1024117865467304e+02, y_r: 8.6631065762595384e+01, y_e: 8.6631065739942770e+01, z_r: -2.9160793095695715e+02, z_e: -2.9160793095770390e+02

#ERR stream: 0, p: [31906], ea: 4, v_r: 3.6794611146216234e+03, v_e: 3.6794611146312864e+03, x_r: 2.9989673605036355e+03, x_e: 2.9989673605152307e+03, y_r: 2.9758020054704193e+03, y_e: 2.9758020054452959e+03, z_r: -2.6227385745333345e+03, z_e: -2.6227385745410647e+03

#ERR stream: 0, p: [31907], ea: 4, v_r: 2.3655520643170566e+03, v_e: 2.3655520643184886e+03, x_r: 5.6270548612349035e+02, x_e: 5.6270548612434936e+02, y_r: -1.7158531854271498e+03, y_e: -1.7158531854560699e+03, z_r: -1.2352745705945208e+03, z_e: -1.2352745705953798e+03

#ERR stream: 0, p: [31908], ea: 3, v_r: 3.1511488800623169e+03, v_e: 3.1511488800684679e+03, x_r: 1.9630950381008397e+03, x_e: 1.9630950381069908e+03, y_r: 7.3667861138655871e+02, y_e: 7.3667861135633086e+02, z_r: 1.7078077970651481e+02, z_e: 1.7078077970651481e+02

#ERR stream: 0, p: [31909], ea: 4, v_r: 2.8051978614972199e+03, v_e: 2.8051978615013995e+03, x_r: -4.0646649782237529e+02, x_e: -4.0646649782153946e+02, y_r: -4.2102497819184043e+02, y_e: -4.2102497822360311e+02, z_r: 1.2266212542247870e+03, z_e: 1.2266212542264586e+03

#ERR stream: 0, p: [31910], ea: 4, v_r: 2.8650526018678070e+03, v_e: 2.8650526018712349e+03, x_r: 1.3390232880877736e+02, x_e: 1.3390232881014859e+02, y_r: -9.7904505285316475e+02, y_e: -9.7904505288675989e+02, z_r: 7.0305474169183140e+02, z_e: 7.0305474169251704e+02

#ERR stream: 0, p: [31911], ea: 4, v_r: 2.2350868990424942e+03, v_e: 2.2350868990469166e+03, x_r: 5.3355121940559911e+02, x_e: 5.3355121940825234e+02, y_r: 5.2098922877117377e+02, y_e: 5.2098922874944230e+02, z_r: -1.1658697897319068e+03, z_e: -1.1658697897345598e+03

#ERR stream: 0, p: [31912], ea: 4, v_r: 2.7331167363881518e+03, v_e: 2.7331167363942936e+03, x_r: 6.5481668651837833e+02, x_e: 6.5481668652206361e+02, y_r: 1.1629374904239764e+03, y_e: 1.1629374903994085e+03, z_r: 1.7211624660002647e+03, z_e: 1.7211624660039499e+03

#ERR stream: 0, p: [31913], ea: 3, v_r: 2.9691981083053761e+03, v_e: 2.9691981083098140e+03, x_r: -1.0014555621633831e+03, x_e: -1.0014555621633831e+03, y_r: -4.4746912133166200e+02, y_e: -4.4746912136538890e+02, z_r: -9.8082948553542565e+02, z_e: -9.8082948553720075e+02

#ERR stream: 0, p: [31914], ea: 4, v_r: 3.4811920128624574e+03, v_e: 3.4811920128703441e+03, x_r: 1.6545156968066641e+02, x_e: 1.6545156968382099e+02, y_r: 1.4802671456125547e+03, y_e: 1.4802671455810089e+03, z_r: 1.5237899745101033e+03, z_e: 1.5237899745132579e+03

#ERR stream: 0, p: [31915], ea: 4, v_r: 3.2652709961762657e+03, v_e: 3.2652709961782175e+03, x_r: 2.0318394370725787e+03, x_e: 2.0318394370745307e+03, y_r: -2.3659575573761240e+03, y_e: -2.3659575574155547e+03, z_r: 8.0174078309673314e+02, z_e: 8.0174078309712354e+02

#ERR stream: 0, p: [31916], ea: 4, v_r: 2.2869604236033556e+03, v_e: 2.2869604236047039e+03, x_r: 1.8613343020402847e+03, x_e: 1.8613343020419027e+03, y_r: -1.6574647519924474e+03, y_e: -1.6574647520196834e+03, z_r: -7.5467167114988217e+02, z_e: -7.5467167115042150e+02

#ERR stream: 0, p: [31917], ea: 4, v_r: 2.9512307697497695e+03, v_e: 2.9512307697524056e+03, x_r: 1.2703715793266394e+03, x_e: 1.2703715793287483e+03, y_r: -1.5732148426588515e+03, y_e: -1.5732148426940000e+03, z_r: 7.2459395722074396e+02, z_e: 7.2459395722127124e+02

#ERR stream: 0, p: [31918], ea: 4, v_r: 2.6297927532069325e+03, v_e: 2.6297927532100657e+03, x_r: 1.2197949145160410e+02, x_e: 1.2197949145285733e+02, y_r: -8.9953556044074298e+02, y_e: -8.9953556047144673e+02, z_r: -8.6841349331716754e+02, z_e: -8.6841349331842071e+02

#ERR stream: 0, p: [31919], ea: 4, v_r: 2.6937681556590660e+03, v_e: 2.6937681556653320e+03, x_r: -1.9413675177227267e+03, x_e: -1.9413675177252330e+03, y_r: 1.1420629943350973e+03, y_e: 1.1420629943100332e+03, z_r: -1.4062949287568033e+03, z_e: -1.4062949287605629e+03

#ERR stream: 0, p: [31920], ea: 4, v_r: 1.6922632456139361e+03, v_e: 1.6922632456144586e+03, x_r: 7.7283040994337739e+01, x_e: 7.7283040994546695e+01, y_r: -1.5522937397475416e+03, y_e: -1.5522937397686474e+03, z_r: -1.2087391243999712e+03, z_e: -1.2087391244003891e+03

#ERR stream: 0, p: [31921], ea: 4, v_r: 1.9383774210534366e+03, v_e: 1.9383774210568151e+03, x_r: -2.8209674929065903e+02, x_e: -2.8209674928998328e+02, y_r: 7.9102533742484752e+01, y_e: 7.9102533721987811e+01, z_r: -1.7554975473257330e+03, z_e: -1.7554975473291117e+03

#ERR stream: 0, p: [31922], ea: 4, v_r: 3.1592192474049225e+03, v_e: 3.1592192474137537e+03, x_r: -1.6698238107012401e+03, x_e: -1.6698238107030063e+03, y_r: 2.5511204706662279e+03, y_e: 2.5511204706432668e+03, z_r: -2.2542526999920501e+03, z_e: -2.2542526999991151e+03

#ERR stream: 0, p: [31923], ea: 4, v_r: 3.5432237597818653e+03, v_e: 3.5432237597920234e+03, x_r: -3.2302406867371183e+03, x_e: -3.2302406867432132e+03, y_r: 2.8624957931874542e+03, y_e: 2.8624957931610425e+03, z_r: 1.5496009486242701e+03, z_e: 1.5496009486283335e+03

#ERR stream: 0, p: [31924], ea: 4, v_r: 2.5936576244221374e+03, v_e: 2.5936576244245712e+03, x_r: -1.8707584148361932e+03, x_e: -1.8707584148371666e+03, y_r: -1.3857014522974380e+03, y_e: -1.3857014523298844e+03, z_r: -3.6036460662935559e+02, z_e: -3.6036460662984229e+02

#ERR stream: 0, p: [31925], ea: 4, v_r: 3.0553832719545035e+03, v_e: 3.0553832719581433e+03, x_r: 1.4171995007905593e+02, x_e: 1.4171995008051195e+02, y_r: -1.0451112166718301e+03, y_e: -1.0451112167075028e+03, z_r: -1.0089525333831710e+03, z_e: -1.0089525333846270e+03

#ERR stream: 0, p: [31926], ea: 4, v_r: 3.9667745609460217e+03, v_e: 3.9667745609556810e+03, x_r: 2.4721439344806031e+03, x_e: 2.4721439344902624e+03, y_r: 2.4481083952807703e+03, y_e: 2.4481083952494305e+03, z_r: -5.4524162009534609e+02, z_e: -5.4524162009727797e+02

#ERR stream: 0, p: [31927], ea: 4, v_r: 2.9999824663573772e+03, v_e: 2.9999824663632867e+03, x_r: 7.1549850597063698e+02, x_e: 7.1549850597418288e+02, y_r: 6.9858377316467829e+02, y_e: 6.9858377313563574e+02, z_r: -2.7159555583590163e+03, z_e: -2.7159555583649262e+03

#ERR stream: 0, p: [31928], ea: 4, v_r: 3.6658075528962322e+03, v_e: 3.6658075528994846e+03, x_r: 2.2830443141056780e+03, x_e: 2.2830443141089299e+03, y_r: -1.9523628680962245e+03, y_e: -1.9523628681395865e+03, z_r: 3.0110368507821722e+03, z_e: 3.0110368507847743e+03

#ERR stream: 0, p: [31929], ea: 3, v_r: 2.7877542382354427e+03, v_e: 2.7877542382371230e+03, x_r: 1.1992117037846342e+03, x_e: 1.1992117037859784e+03, y_r: -2.0207133832027987e+03, y_e: -2.0207133832367367e+03, z_r: 1.4922231789846509e+02, z_e: 1.4922231789846509e+02

#ERR stream: 0, p: [31930], ea: 3, v_r: 3.0009688865945318e+03, v_e: 3.0009688866021302e+03, x_r: -1.0107964556671178e+03, x_e: -1.0107964556671178e+03, y_r: 1.8483829233865611e+03, y_e: 1.8483829233619085e+03, z_r: -2.1413714453119737e+03, z_e: -2.1413714453180523e+03

#ERR stream: 0, p: [31931], ea: 4, v_r: 2.7519386771991840e+03, v_e: 2.7519386772008311e+03, x_r: 1.7127521148517076e+03, x_e: 1.7127521148533544e+03, y_r: -1.9937111980772850e+03, y_e: -1.9937111981105509e+03, z_r: 1.2037975513841573e+03, z_e: 1.2037975513848160e+03

#ERR stream: 0, p: [31932], ea: 4, v_r: 2.5963413536358880e+03, v_e: 2.5963413536374705e+03, x_r: 1.1899148346469484e+02, x_e: 1.1899148346532775e+02, y_r: -1.8839747700862788e+03, y_e: -1.8839747701182405e+03, z_r: -1.8542026675584407e+03, z_e: -1.8542026675597067e+03

#ERR stream: 0, p: [31933], ea: 4, v_r: 3.3335867678507366e+03, v_e: 3.3335867678583140e+03, x_r: -4.8291294306946185e+02, x_e: -4.8291294306794640e+02, y_r: 1.4154202466145521e+03, y_e: 1.4154202465842432e+03, z_r: -1.0996675420716012e+03, z_e: -1.0996675420746321e+03

#ERR stream: 0, p: [31934], ea: 4, v_r: 3.1042476039227972e+03, v_e: 3.1042476039297921e+03, x_r: 1.4609210271470559e+02, x_e: 1.4609210271750348e+02, y_r: 1.3185798395690217e+03, y_e: 1.3185798395410429e+03, z_r: -1.0236668758229778e+03, z_e: -1.0236668758257757e+03

#ERR stream: 0, p: [31935], ea: 4, v_r: 2.8658042704766258e+03, v_e: 2.8658042704808054e+03, x_r: 6.8378230326759194e+02, x_e: 6.8378230327009953e+02, y_r: -4.3012512244859829e+02, y_e: -4.3012512248036103e+02, z_r: -3.9585583990249978e+02, z_e: -3.9585583990333566e+02

#ERR stream: 0, p: [31936], ea: 4, v_r: 3.4381299169805302e+03, v_e: 3.4381299169863864e+03, x_r: 2.1429544682569076e+03, x_e: 2.1429544682627638e+03, y_r: 1.4610406309936283e+02, y_e: 1.4610406306383643e+02, z_r: 2.8251084781790410e+03, z_e: 2.8251084781837258e+03

#ERR stream: 0, p: [31937], ea: 4, v_r: 2.9963947157557909e+03, v_e: 2.9963947157601406e+03, x_r: 1.2915393667526446e+03, x_e: 1.2915393667561245e+03, y_r: -4.4790776507738764e+02, y_e: -4.4790776511044663e+02, z_r: 1.8863611904532561e+03, z_e: 1.8863611904558661e+03

#ERR stream: 0, p: [31938], ea: 4, v_r: 3.6933220289705591e+03, v_e: 3.6933220289807177e+03, x_r: 1.7680420238935417e+02, x_e: 1.7680420239341751e+02, y_r: 2.9869089844471073e+03, y_e: 2.9869089844206956e+03, z_r: 1.6174625705806541e+03, z_e: 1.6174625705847175e+03

#ERR stream: 0, p: [31939], ea: 4, v_r: 2.4489534145756679e+03, v_e: 2.4489534145793746e+03, x_r: -1.2950782711072447e+03, x_e: -1.2950782711079860e+03, y_r: -3.6863219503336967e+02, y_e: -3.6863219506154070e+02, z_r: 6.0033088671744281e+02, z_e: 6.0033088671818405e+02

#ERR stream: 0, p: [31940], ea: 4, v_r: 2.3095930135593276e+03, v_e: 2.3095930135655508e+03, x_r: 5.5206264330297972e+02, x_e: 5.5206264330671365e+02, y_r: 1.8663884202787222e+03, y_e: 1.8663884202625418e+03, z_r: -2.0901098779975391e+03, z_e: -2.0901098780037623e+03

#ERR stream: 0, p: [31941], ea: 3, v_r: 3.5297717846698947e+03, v_e: 3.5297717846739988e+03, x_r: 2.1971688878314299e+03, x_e: 2.1971688878355344e+03, y_r: -1.2048255783916675e+03, y_e: -1.2048255784318881e+03, z_r: 1.9013313055999279e+02, z_e: 1.9013313055999279e+02

#ERR stream: 0, p: [31942], ea: 4, v_r: 2.2071622899353124e+03, v_e: 2.2071622899360245e+03, x_r: -1.5913022627572529e+03, x_e: -1.5913022627575378e+03, y_r: -2.0240318946204411e+03, y_e: -2.0240318946492171e+03, z_r: 1.8104534707850039e+03, z_e: 1.8104534707855737e+03

#ERR stream: 0, p: [31943], ea: 4, v_r: 2.2813493051781447e+03, v_e: 2.2813493051827472e+03, x_r: -3.3087332602959719e+02, x_e: -3.3087332602867667e+02, y_r: 5.3125324882630071e+02, y_e: 5.3125324880368225e+02, z_r: -7.5282457534702303e+02, z_e: -7.5282457534886407e+02

#ERR stream: 0, p: [31944], ea: 4, v_r: 2.6549422958243085e+03, v_e: 2.6549422958276018e+03, x_r: -1.9129009546468055e+03, x_e: -1.9129009546481229e+03, y_r: -9.0808294325369923e+02, y_e: -9.0808294328597719e+02, z_r: 2.1786198036266114e+03, z_e: 2.1786198036292462e+03

#ERR stream: 0, p: [31945], ea: 4, v_r: 3.9776382957326955e+03, v_e: 3.9776382957431633e+03, x_r: 3.2424210790857242e+03, x_e: 3.2424210790982852e+03, y_r: 3.2174152507620861e+03, y_e: 3.2174152507348704e+03, z_r: -2.0721510472540917e+03, z_e: -2.0721510472603723e+03

#ERR stream: 0, p: [31946], ea: 4, v_r: 2.4427164113018239e+03, v_e: 2.4427164113025506e+03, x_r: 1.9871543265457403e+03, x_e: 1.9871543265466121e+03, y_r: -2.2390886006962396e+03, y_e: -2.2390886007255967e+03, z_r: -1.7436913360457515e+03, z_e: -1.7436913360463329e+03

#ERR stream: 0, p: [31947], ea: 4, v_r: 2.8692447211941494e+03, v_e: 2.8692447212006709e+03, x_r: -4.1564702201878765e+02, x_e: -4.1564702201748332e+02, y_r: 1.2182634962546670e+03, y_e: 1.2182634962285799e+03, z_r: -9.4649262487676674e+02, z_e: -9.4649262487937540e+02

#ERR stream: 0, p: [31948], ea: 4, v_r: 3.1979676664505650e+03, v_e: 3.1979676664550925e+03, x_r: 2.6044049885068648e+03, x_e: 2.6044049885122977e+03, y_r: -4.7871087687030439e+02, y_e: -4.7871087690471251e+02, z_r: -1.0542276137662918e+03, z_e: -1.0542276137681029e+03

#ERR stream: 0, p: [31949], ea: 4, v_r: 2.0965565446904234e+03, v_e: 2.0965565446910614e+03, x_r: 9.0104681796304578e+02, x_e: 9.0104681796355624e+02, y_r: -1.9220003135154971e+03, y_e: -1.9220003135412753e+03, z_r: -6.9255291303398337e+02, z_e: -6.9255291303423860e+02

#ERR stream: 0, p: [31950], ea: 4, v_r: 2.9740940499979138e+03, v_e: 2.9740940500016272e+03, x_r: -2.7142919565226543e+03, x_e: -2.7142919565248826e+03, y_r: -1.0183751113979265e+03, y_e: -1.0183751114343198e+03, z_r: 1.2986686189688166e+03, z_e: 1.2986686189703021e+03

#ERR stream: 0, p: [31951], ea: 4, v_r: 2.2882684666699429e+03, v_e: 2.2882684666725600e+03, x_r: 1.8626561853286664e+03, x_e: 1.8626561853318069e+03, y_r: -7.8169640306685324e+02, y_e: -7.8169640309249917e+02, z_r: -1.6326674123401365e+03, z_e: -1.6326674123422299e+03

#ERR stream: 0, p: [31952], ea: 4, v_r: 2.8458059041429347e+03, v_e: 2.8458059041462948e+03, x_r: 6.7820761203295012e+02, x_e: 6.7820761203496625e+02, y_r: -9.7295053297858237e+02, y_e: -9.7295053301151245e+02, z_r: -9.3942149355490153e+02, z_e: -9.3942149355624565e+02

#ERR stream: 0, p: [31953], ea: 4, v_r: 2.2831691598489820e+03, v_e: 2.2831691598542684e+03, x_r: -1.2068076731107903e+03, x_e: -1.2068076731118476e+03, y_r: 9.6890534321465429e+02, y_e: 9.6890534319350854e+02, z_r: -3.1564525962872733e+02, z_e: -3.1564525962978462e+02

#ERR stream: 0, p: [31954], ea: 4, v_r: 3.5099799782591390e+03, v_e: 3.5099799782651730e+03, x_r: 1.5139365068008676e+03, x_e: 1.5139365068056950e+03, y_r: 1.4856843000962010e+02, y_e: 1.4856842997301177e+02, z_r: 2.8837055409418044e+03, z_e: 2.8837055409466320e+03

#ERR stream: 0, p: [31955], ea: 3, v_r: 2.5014748972417597e+03, v_e: 2.5014748972440743e+03, x_r: -8.4363196518601649e+02, x_e: -8.4363196518601649e+02, y_r: -1.3350875593655887e+03, y_e: -1.3350875593964527e+03, z_r: 6.1295055786456248e+02, z_e: 6.1295055786502542e+02

#ERR stream: 0, p: [31956], ea: 4, v_r: 2.3003433311227891e+03, v_e: 2.3003433311241783e+03, x_r: 5.4693821129656112e+02, x_e: 5.4693821129739479e+02, y_r: -1.6688147239057485e+03, y_e: -1.6688147239338139e+03, z_r: -1.6425596085084590e+03, z_e: -1.6425596085095706e+03

#ERR stream: 0, p: [31957], ea: 4, v_r: 2.4713803969914707e+03, v_e: 2.4713803969972550e+03, x_r: -1.7799602022914523e+03, x_e: -1.7799602022937661e+03, y_r: 1.0489311986450321e+03, y_e: 1.0489311986218950e+03, z_r: 6.0637333381382609e+02, z_e: 6.0637333381498297e+02

#ERR stream: 0, p: [31958], ea: 4, v_r: 2.2384159826205005e+03, v_e: 2.2384159826251494e+03, x_r: -2.0433518221451177e+03, x_e: -2.0433518221479071e+03, y_r: 5.1922004114442404e+02, y_e: 5.1922004112157833e+02, z_r: -1.5985021074849085e+03, z_e: -1.5985021074886276e+03

#ERR stream: 0, p: [31959], ea: 3, v_r: 3.5587334300194857e+03, v_e: 3.5587334300245398e+03, x_r: 2.8990269509628292e+03, x_e: 2.8990269509688942e+03, y_r: -5.3192703469070523e+02, y_e: -5.3192703472911433e+02, z_r: 1.9250121960893966e+02, z_e: 1.9250121960893966e+02

#ERR stream: 0, p: [31960], ea: 4, v_r: 2.1568657337169493e+03, v_e: 2.1568657337176069e+03, x_r: 9.2721700378293110e+02, x_e: 9.2721700378345713e+02, y_r: -1.9770501972898376e+03, y_e: -1.9770501973164012e+03, z_r: -2.9863735437341916e+02, z_e: -2.9863735437355069e+02

#ERR stream: 0, p: [31961], ea: 3, v_r: 3.6931924586971331e+03, v_e: 3.6931924587061394e+03, x_r: 2.3020638589729397e+03, x_e: 2.3020638589819459e+03, y_r: 2.2796799992485267e+03, y_e: 2.2796799992193060e+03, z_r: 2.0097814250582135e+02, z_e: 2.0097814250582135e+02

#ERR stream: 0, p: [31962], ea: 4, v_r: 2.0354591750415486e+03, v_e: 2.0354591750445531e+03, x_r: -2.9635039075041192e+02, x_e: -2.9635039074981103e+02, y_r: -3.0688306429766288e+02, y_e: -3.0688306432049779e+02, z_r: -1.4531616111124288e+03, z_e: -1.4531616111148323e+03

#ERR stream: 0, p: [31963], ea: 4, v_r: 2.3876187976403926e+03, v_e: 2.3876187976462511e+03, x_r: 1.0293729039027537e+03, x_e: 1.0293729039074406e+03, y_r: 1.4728341032975948e+03, y_e: 1.4728341032785866e+03, z_r: -7.8654325452802379e+02, z_e: -7.8654325453036734e+02

#ERR stream: 0, p: [31964], ea: 4, v_r: 2.3159034905290650e+03, v_e: 2.3159034905338553e+03, x_r: -1.6691751700489381e+03, x_e: -1.6691751700508544e+03, y_r: 5.3812819562819641e+02, y_e: 5.3812819560465493e+02, z_r: -7.6501101828418246e+02, z_e: -7.6501101828609865e+02

#ERR stream: 0, p: [31965], ea: 3, v_r: 2.7132897555261952e+03, v_e: 2.7132897555270565e+03, x_r: -9.1489320312963366e+02, x_e: -9.1489320312963366e+02, y_r: -2.4873306254402041e+03, y_e: -2.4873306254750014e+03, z_r: 2.2263226885185886e+03, z_e: 2.2263226885192776e+03

#ERR stream: 0, p: [31966], ea: 4, v_r: 2.9144587373561403e+03, v_e: 2.9144587373587246e+03, x_r: 1.8147391253692426e+03, x_e: 1.8147391253718265e+03, y_r: -1.5525104183977198e+03, y_e: -1.5525104184321724e+03, z_r: 1.8345231150312877e+03, z_e: 1.8345231150328379e+03

#ERR stream: 0, p: [31967], ea: 4, v_r: 2.2482720516152767e+03, v_e: 2.2482720516185641e+03, x_r: 5.3696906437721861e+02, x_e: 5.3696906437919120e+02, y_r: -3.3693998113610633e+02, y_e: -3.3693998116109179e+02, z_r: 5.5222239577536448e+02, z_e: 5.5222239577602193e+02

#ERR stream: 0, p: [31968], ea: 4, v_r: 2.7279776626122098e+03, v_e: 2.7279776626147172e+03, x_r: -3.9582235635278869e+02, x_e: -3.9582235635228710e+02, y_r: -1.4549401658144468e+03, y_e: -1.4549401658478812e+03, z_r: 1.7157638499069487e+03, z_e: 1.7157638499084533e+03

#ERR stream: 0, p: [31969], ea: 3, v_r: 2.2966898365827115e+03, v_e: 2.2966898365854904e+03, x_r: -7.7526953356523916e+02, x_e: -7.7526953356523916e+02, y_r: -7.8661789879633170e+02, y_e: -7.8661789882356356e+02, z_r: -1.1995637037434926e+03, z_e: -1.1995637037451600e+03

#ERR stream: 0, p: [31970], ea: 4, v_r: 1.9525268217123100e+03, v_e: 1.9525268217147502e+03, x_r: -1.7817180878031772e+03, x_e: -1.7817180878046411e+03, y_r: -6.6835637381464301e+02, y_e: -6.6835637383855499e+02, z_r: 1.2272660903367225e+03, z_e: 1.2272660903381864e+03

#ERR stream: 0, p: [31971], ea: 3, v_r: 2.0043656292664107e+03, v_e: 2.0043656292688506e+03, x_r: -6.7565645521344038e+02, x_e: -6.7565645521344038e+02, y_r: -6.8558599407336965e+02, y_e: -6.8558599409728174e+02, z_r: 4.9136426812738239e+02, z_e: 4.9136426812787039e+02

#ERR stream: 0, p: [31972], ea: 4, v_r: 1.7940683993468069e+03, v_e: 1.7940683993473785e+03, x_r: -1.2954087417324306e+03, x_e: -1.2954087417326591e+03, y_r: -1.6470270749082210e+03, y_e: -1.6470270749313140e+03, z_r: -1.6264311643045339e+03, z_e: -1.6264311643051055e+03

#ERR stream: 0, p: [31973], ea: 4, v_r: 2.5301171790920662e+03, v_e: 2.5301171790991534e+03, x_r: -1.3370353998836315e+03, x_e: -1.3370353998850489e+03, y_r: 2.0434127578101140e+03, y_e: 2.0434127577916877e+03, z_r: -1.3199816277144776e+03, z_e: -1.3199816277187299e+03

#ERR stream: 0, p: [31974], ea: 4, v_r: 2.4358708027618018e+03, v_e: 2.4358708027633370e+03, x_r: -1.7581709538914042e+03, x_e: -1.7581709538920184e+03, y_r: -1.7691022258216292e+03, y_e: -1.7691022258526461e+03, z_r: -1.7406764992878523e+03, z_e: -1.7406764992890805e+03

#ERR stream: 0, p: [31975], ea: 3, v_r: 2.6034836400944218e+03, v_e: 2.6034836401014386e+03, x_r: 1.1234846335420739e+03, x_e: 1.1234846335476873e+03, y_r: 2.1058521055683027e+03, y_e: 2.1058521055500592e+03, z_r: 1.4167067953262119e+02, z_e: 1.4167067953262119e+02

#ERR stream: 0, p: [31976], ea: 4, v_r: 2.7102442520556042e+03, v_e: 2.7102442520589648e+03, x_r: -1.9530935667010931e+03, x_e: -1.9530935667024371e+03, y_r: -9.2729695267381544e+02, y_e: -9.2729695270674551e+02, z_r: 1.7038756127748613e+03, z_e: 1.7038756127768775e+03

#ERR stream: 0, p: [31977], ea: 3, v_r: 2.7349693406901652e+03, v_e: 2.7349693406909846e+03, x_r: 2.2261559119487447e+03, x_e: 2.2261559119497279e+03, y_r: -2.5057771066609189e+03, y_e: -2.5057771066940190e+03, z_r: 1.4675288384302428e+02, z_e: 1.4675288384302428e+02

#ERR stream: 0, p: [31978], ea: 4, v_r: 2.2495328084186162e+03, v_e: 2.2495328084213129e+03, x_r: 1.0569093755518605e+02, x_e: 1.0569093755626469e+02, y_r: -7.6821822229766929e+02, y_e: -7.6821822232409625e+02, z_r: 1.4153734280318529e+03, z_e: 1.4153734280334709e+03

#ERR stream: 0, p: [31979], ea: 4, v_r: 2.5256884740593318e+03, v_e: 2.5256884740642681e+03, x_r: 1.5737432215540728e+03, x_e: 1.5737432215590090e+03, y_r: 5.9073610855834602e+02, y_e: 5.9073610853408763e+02, z_r: 6.2151923914844122e+02, z_e: 6.2151923914942847e+02

#ERR stream: 0, p: [31980], ea: 4, v_r: 4.0786083915325066e+03, v_e: 4.0786083915426611e+03, x_r: 9.7738383657661257e+02, x_e: 9.7738383658270538e+02, y_r: 2.5170637184495631e+03, y_e: 2.5170637184166171e+03, z_r: 1.7862325185499922e+03, z_e: 1.7862325185540540e+03

#ERR stream: 0, p: [31981], ea: 4, v_r: 2.5219893350026009e+03, v_e: 2.5219893350092088e+03, x_r: 2.0553003001975258e+03, x_e: 2.0553003002054556e+03, y_r: 2.0393904511368344e+03, y_e: 2.0393904511196536e+03, z_r: -2.2815392187131620e+03, z_e: -2.2815392187197699e+03

#ERR stream: 0, p: [31982], ea: 4, v_r: 2.6516251942261988e+03, v_e: 2.6516251942294271e+03, x_r: -1.4042209771492487e+03, x_e: -1.4042209771498945e+03, y_r: -9.0892679148911384e+02, y_e: -9.0892679152075266e+02, z_r: -1.8939458215637608e+03, z_e: -1.8939458215663435e+03

#ERR stream: 0, p: [31983], ea: 4, v_r: 2.0081423541977633e+03, v_e: 2.0081423542024054e+03, x_r: -1.0616655459669544e+03, x_e: -1.0616655459678827e+03, y_r: 8.5195849714166457e+02, y_e: 8.5195849712309644e+02, z_r: -6.6288690308390414e+02, z_e: -6.6288690308576099e+02

#ERR stream: 0, p: [31984], ea: 4, v_r: 1.8862587526045968e+03, v_e: 1.8862587526057926e+03, x_r: -1.7236184828304649e+03, x_e: -1.7236184828311825e+03, y_r: -1.3704534768008257e+03, y_e: -1.3704534768249819e+03, z_r: -1.7099918839253958e+03, z_e: -1.7099918839265915e+03

#ERR stream: 0, p: [31985], ea: 3, v_r: 1.8448569458869845e+03, v_e: 1.8448569458907152e+03, x_r: -6.2222272150002357e+02, x_e: -6.2222272150002357e+02, y_r: 4.2864413465589536e+02, y_e: 4.2864413463756119e+02, z_r: -1.6707773071088684e+03, z_e: -1.6707773071125994e+03

#ERR stream: 0, p: [31986], ea: 4, v_r: 1.9971230276113924e+03, v_e: 1.9971230276120370e+03, x_r: -1.4398698307480490e+03, x_e: -1.4398698307483069e+03, y_r: -1.8314197935507855e+03, y_e: -1.8314197935768229e+03, z_r: 1.6381660439793447e+03, z_e: 1.6381660439798604e+03

#ERR stream: 0, p: [31987], ea: 4, v_r: 3.3843486649736228e+03, v_e: 3.3843486649811243e+03, x_r: 1.4588783622277710e+03, x_e: 1.4588783622337726e+03, y_r: 1.4391193840017893e+03, y_e: 1.4391193839717819e+03, z_r: -4.6595040115875014e+02, z_e: -4.6595040116025052e+02

#ERR stream: 0, p: [31988], ea: 4, v_r: 2.5563524465282821e+03, v_e: 2.5563524465298487e+03, x_r: 1.1803147635035303e+02, x_e: 1.1803147635097964e+02, y_r: -1.8540921957681498e+03, y_e: -1.8540921957997934e+03, z_r: -3.5426765987539557e+02, z_e: -3.5426765987570889e+02

#ERR stream: 0, p: [31989], ea: 4, v_r: 2.7280914983303087e+03, v_e: 2.7280914983359303e+03, x_r: -1.4417964084666892e+03, x_e: -1.4417964084678135e+03, y_r: 6.3530374237591388e+02, y_e: 6.3530374234828776e+02, z_r: 6.6937513096090629e+02, z_e: 6.6937513096203065e+02

#ERR stream: 0, p: [31990], ea: 4, v_r: 2.6022310021884932e+03, v_e: 2.6022310021952999e+03, x_r: -2.3731151261929408e+03, x_e: -2.3731151261970249e+03, y_r: 1.6029855476632245e+03, y_e: 1.6029855476411401e+03, z_r: 6.3846757235394716e+02, z_e: 6.3846757235530856e+02

#ERR stream: 0, p: [31991], ea: 4, v_r: 2.8925366943021741e+03, v_e: 2.8925366943039226e+03, x_r: 1.2453533872986015e+03, x_e: 1.2453533873000003e+03, y_r: -2.0957304182906446e+03, y_e: -2.0957304183259675e+03, z_r: 1.8200530979243658e+03, z_e: 1.8200530979254149e+03

#ERR stream: 0, p: [31992], ea: 4, v_r: 2.3506952568879788e+03, v_e: 2.3506952568894394e+03, x_r: -3.4115155711995556e+02, x_e: -3.4115155711966344e+02, y_r: -1.7040231900946696e+03, y_e: -1.7040231901241741e+03, z_r: 1.9293629571440056e+03, z_e: 1.9293629571451741e+03

#ERR stream: 0, p: [31993], ea: 4, v_r: 3.3283927560198204e+03, v_e: 3.3283927560286515e+03, x_r: 2.7154508834525259e+03, x_e: 2.7154508834631233e+03, y_r: 2.6944703376335146e+03, y_e: 2.6944703376105535e+03, z_r: 2.0979630411158337e+03, z_e: 2.0979630411211324e+03

#ERR stream: 0, p: [31994], ea: 4, v_r: 3.0717526337926820e+03, v_e: 3.0717526338014254e+03, x_r: -2.8021805919425497e+03, x_e: -2.8021805919477956e+03, y_r: 2.4798002460965731e+03, y_e: 2.4798002460738408e+03, z_r: -1.6032271692264737e+03, z_e: -1.6032271692317199e+03

#ERR stream: 0, p: [31995], ea: 4, v_r: 2.4191417489208916e+03, v_e: 2.4191417489256346e+03, x_r: 1.0418495031174054e+03, x_e: 1.0418495031211996e+03, y_r: 5.6431081749155044e+02, y_e: 5.6431081746824327e+02, z_r: -1.2616112926028536e+03, z_e: -1.2616112926056994e+03

#ERR stream: 0, p: [31996], ea: 4, v_r: 3.8658301021362176e+03, v_e: 3.8658301021455918e+03, x_r: 3.1537098190657421e+03, x_e: 3.1537098190769912e+03, y_r: 2.3885938791084750e+03, y_e: 2.3885938790780619e+03, z_r: 3.1782505526024124e+03, z_e: 3.1782505526099117e+03

#ERR stream: 0, p: [31997], ea: 4, v_r: 3.9114493667665706e+03, v_e: 3.9114493667752868e+03, x_r: 1.6884225007800208e+03, x_e: 1.6884225007869934e+03, y_r: 1.6654048311640965e+03, y_e: 1.6654048311292329e+03, z_r: 3.2143734848041795e+03, z_e: 3.2143734848111521e+03

#ERR stream: 0, p: [31998], ea: 4, v_r: 2.0635410121133700e+03, v_e: 2.0635410121169575e+03, x_r: 9.6407204190936810e+01, x_e: 9.6407204192371822e+01, y_r: 8.5280871256340831e+01, y_e: 8.5280871234576423e+01, z_r: -6.8095449905995622e+02, z_e: -6.8095449906139118e+02

#ERR stream: 0, p: [31999], ea: 4, v_r: 2.9314309099290440e+03, v_e: 2.9314309099332654e+03, x_r: 1.2614688260286930e+03, x_e: 1.2614688260320700e+03, y_r: -4.4014303487766927e+02, y_e: -4.4014303490975124e+02, z_r: -1.5294474896843669e+03, z_e: -1.5294474896868999e+03

#ERR stream: 0, p: [32000], ea: 4, v_r: 2.5963413536358880e+03, v_e: 2.5963413536374705e+03, x_r: 1.1899148346469484e+02, x_e: 1.1899148346532775e+02, y_r: -1.8839747700862788e+03, y_e: -1.8839747701182405e+03, z_r: -1.8542026675584407e+03, z_e: -1.8542026675597067e+03

#ERR stream: 0, p: [32001], ea: 4, v_r: 2.9804273774025955e+03, v_e: 2.9804273774109961e+03, x_r: -1.5736483657467645e+03, x_e: -1.5736483657484448e+03, y_r: 2.4084915179354102e+03, y_e: 2.4084915179135687e+03, z_r: 7.3230856178658246e+02, z_e: 7.3230856178826252e+02

#ERR stream: 0, p: [32002], ea: 4, v_r: 2.1433310262932659e+03, v_e: 2.1433310262946279e+03, x_r: -1.9582906840963847e+03, x_e: -1.9582906840972018e+03, y_r: -1.5569782742789716e+03, y_e: -1.5569782743064816e+03, z_r: -1.5318641892466499e+03, z_e: -1.5318641892477394e+03

#ERR stream: 0, p: [32003], ea: 4, v_r: 2.5658266226608021e+03, v_e: 2.5658266226657383e+03, x_r: 2.0901969394573125e+03, x_e: 2.0901969394632360e+03, y_r: 5.9942307703552967e+02, y_e: 5.9942307701127129e+02, z_r: -1.3375479970845461e+03, z_e: -1.3375479970875078e+03

#ERR stream: 0, p: [32004], ea: 4, v_r: 1.8930051571173881e+03, v_e: 1.8930051571196630e+03, x_r: -2.7550268732450724e+02, x_e: -2.7550268732405226e+02, y_r: -6.4782645960772800e+02, y_e: -6.4782645963002358e+02, z_r: -6.2532655263078789e+02, z_e: -6.2532655263169784e+02

#ERR stream: 0, p: [32005], ea: 4, v_r: 2.2835755351053540e+03, v_e: 2.2835755351088451e+03, x_r: -2.0850762184563973e+03, x_e: -2.0850762184584914e+03, y_r: -3.4553431438921234e+02, y_e: -3.4553431441574287e+02, z_r: -1.1932143855593847e+03, z_e: -1.1932143855614793e+03

#ERR stream: 0, p: [32006], ea: 4, v_r: 2.3085580768745554e+03, v_e: 2.3085580768789773e+03, x_r: 1.8801250684631468e+03, x_e: 1.8801250684684533e+03, y_r: 5.3878966364644543e+02, y_e: 5.3878966362471385e+02, z_r: -2.0892652705190203e+03, z_e: -2.0892652705234423e+03

#ERR stream: 0, p: [32007], ea: 4, v_r: 1.7784504149427512e+03, v_e: 1.7784504149454699e+03, x_r: -1.6238589916974020e+03, x_e: -1.6238589916990334e+03, y_r: -2.6910239462435919e+02, y_e: -2.6910239464502115e+02, z_r: -9.2927629784571320e+02, z_e: -9.2927629784734438e+02

#ERR stream: 0, p: [32008], ea: 4, v_r: 2.2818556571839454e+03, v_e: 2.2818556571866152e+03, x_r: 9.8181077097603634e+02, x_e: 9.8181077097817217e+02, y_r: -7.7976039747528932e+02, y_e: -7.7976039750145321e+02, z_r: -7.5299797431442630e+02, z_e: -7.5299797431549428e+02

#ERR stream: 0, p: [32009], ea: 4, v_r: 3.6385115573205876e+03, v_e: 3.6385115573306448e+03, x_r: -5.2541464568321726e+02, x_e: -5.2541464568120580e+02, y_r: 2.9407111883250955e+03, y_e: 2.9407111882989466e+03, z_r: -5.0134815842324264e+02, z_e: -5.0134815842525404e+02

#ERR stream: 0, p: [32010], ea: 4, v_r: 2.4345606963904306e+03, v_e: 2.4345606963954169e+03, x_r: -1.2877877554687707e+03, x_e: -1.2877877554697679e+03, y_r: 5.6582210200674524e+02, y_e: 5.6582210198224300e+02, z_r: -1.2709932978352106e+03, z_e: -1.2709932978382021e+03

#ERR stream: 0, p: [32011], ea: 4, v_r: 2.7674320338376342e+03, v_e: 2.7674320338433122e+03, x_r: -1.4635544963638936e+03, x_e: -1.4635544963650291e+03, y_r: 6.4350968969319615e+02, y_e: 6.4350968966529240e+02, z_r: -9.1385152372192738e+02, z_e: -9.1385152372419861e+02

#ERR stream: 0, p: [32012], ea: 4, v_r: 2.4406897816422402e+03, v_e: 2.4406897816469359e+03, x_r: 1.9882568318131357e+03, x_e: 1.9882568318187703e+03, y_r: 5.7018886860095552e+02, y_e: 5.7018886857788016e+02, z_r: -1.2723150115088170e+03, z_e: -1.2723150115116343e+03

#ERR stream: 0, p: [32013], ea: 4, v_r: 3.2710514959142033e+03, v_e: 3.2710514959210695e+03, x_r: -2.9829143180550814e+03, x_e: -2.9829143180592014e+03, y_r: 7.6177611474538196e+02, y_e: 7.6177611471163937e+02, z_r: 2.6848584811750443e+03, z_e: 2.6848584811805372e+03

#ERR stream: 0, p: [32014], ea: 4, v_r: 2.6686018917238562e+03, v_e: 2.6686018917262895e+03, x_r: -3.8912157248320312e+02, x_e: -3.8912157248271643e+02, y_r: -1.4250579981028966e+03, y_e: -1.4250579981353428e+03, z_r: -1.3938213672040654e+03, z_e: -1.3938213672055253e+03

#ERR stream: 0, p: [32015], ea: 4, v_r: 2.6498352231477525e+03, v_e: 2.6498352231516105e+03, x_r: 6.3194878238926322e+02, x_e: 6.3194878239157799e+02, y_r: -3.9800991856661580e+02, y_e: -3.9800991859593648e+02, z_r: -8.7443002323704127e+02, z_e: -8.7443002323858457e+02

#ERR stream: 0, p: [32016], ea: 4, v_r: 3.1493352691366849e+03, v_e: 3.1493352691428981e+03, x_r: 1.3577590637112414e+03, x_e: 1.3577590637162118e+03, y_r: 7.3606104418352049e+02, y_e: 7.3606104415298887e+02, z_r: 7.7461257712075303e+02, z_e: 7.7461257712199563e+02

#ERR stream: 0, p: [32017], ea: 4, v_r: 2.9573626071812819e+03, v_e: 2.9573626071821786e+03, x_r: 1.8401275767803024e+03, x_e: 1.8401275767811990e+03, y_r: -2.7093768646682875e+03, y_e: -2.7093768647045044e+03, z_r: 1.2933428446480036e+03, z_e: 1.2933428446483622e+03

#ERR stream: 0, p: [32018], ea: 4, v_r: 3.0572872194888855e+03, v_e: 3.0572872194907422e+03, x_r: 7.2795395502347594e+02, x_e: 7.2795395502459007e+02, y_r: -2.2169189607802909e+03, y_e: -2.2169189608177981e+03, z_r: -4.2333006110591998e+02, z_e: -4.2333006110629134e+02

#ERR stream: 0, p: [32019], ea: 4, v_r: 4.5847075080759796e+03, v_e: 4.5847075080860059e+03, x_r: 3.7393707514662156e+03, x_e: 3.7393707514782463e+03, y_r: 1.9536348165097595e+03, y_e: 1.9536348164696567e+03, z_r: 3.7687864634997841e+03, z_e: 3.7687864635078049e+03

#ERR stream: 0, p: [32020], ea: 4, v_r: 1.8833550829111950e+03, v_e: 1.8833550829134251e+03, x_r: 8.6732984370256091e+01, x_e: 8.6732984371148092e+01, y_r: -6.4486192621721466e+02, y_e: -6.4486192623906868e+02, z_r: -1.7059072168376108e+03, z_e: -1.7059072168398409e+03

#ERR stream: 0, p: [32021], ea: 4, v_r: 3.0052850369906805e+03, v_e: 3.0052850369924645e+03, x_r: 2.4481557977003276e+03, x_e: 2.4481557977024681e+03, y_r: -2.1761368132431639e+03, y_e: -2.1761368132792009e+03, z_r: 2.4685661786276996e+03, z_e: 2.4685661786291271e+03

#ERR stream: 0, p: [32022], ea: 3, v_r: 2.0524646288915173e+03, v_e: 2.0524646288927870e+03, x_r: -6.9394956941730243e+02, x_e: -6.9394956941730243e+02, y_r: -1.4902255780707103e+03, y_e: -1.4902255780963601e+03, z_r: -1.8600010633697491e+03, z_e: -1.8600010633710187e+03

#ERR stream: 0, p: [32023], ea: 4, v_r: 3.8466067840946439e+03, v_e: 3.8466067841022323e+03, x_r: 1.6583706653338756e+03, x_e: 1.6583706653399465e+03, y_r: 8.9902698954001096e+02, y_e: 8.9902698950271952e+02, z_r: 9.4611393820084504e+02, z_e: 9.4611393820236276e+02

#ERR stream: 0, p: [32024], ea: 4, v_r: 2.8093069850492420e+03, v_e: 2.8093069850518259e+03, x_r: -4.0726321733274358e+02, x_e: -4.0726321733222682e+02, y_r: -1.4980133941682286e+03, y_e: -1.4980133942026812e+03, z_r: 2.3060752214588924e+03, z_e: 2.3060752214609593e+03

#ERR stream: 0, p: [32025], ea: 3, v_r: 2.6507377360720038e+03, v_e: 2.6507377360774594e+03, x_r: -1.4012297846356505e+03, x_e: -1.4012297846367417e+03, y_r: 6.1698775018270999e+02, y_e: 6.1698775015590036e+02, z_r: 1.4180085685726453e+02, z_e: 1.4180085685726453e+02

#ERR stream: 0, p: [32026], ea: 4, v_r: 2.8414150848104064e+03, v_e: 2.8414150848184772e+03, x_r: -2.5923641323735128e+03, x_e: -2.5923641323783554e+03, y_r: 2.2935080809805186e+03, y_e: 2.2935080809595338e+03, z_r: -2.0280914544857078e+03, z_e: -2.0280914544921648e+03

#ERR stream: 0, p: [32027], ea: 4, v_r: 1.8454214869134621e+03, v_e: 1.8454214869150933e+03, x_r: 7.9310745682111190e+02, x_e: 7.9310745682241691e+02, y_r: -9.8497941881862505e+02, y_e: -9.8497941884037436e+02, z_r: -1.6713663995051261e+03, z_e: -1.6713663995067573e+03

#ERR stream: 0, p: [32028], ea: 4, v_r: 2.4754868880618164e+03, v_e: 2.4754868880625650e+03, x_r: 1.0630739373639051e+03, x_e: 1.0630739373645040e+03, y_r: -2.2702150532708665e+03, y_e: -2.2702150533011177e+03, z_r: -2.2425714026280725e+03, z_e: -2.2425714026288215e+03

#ERR stream: 0, p: [32029], ea: 2, v_r: 1.8401853717022084e+03, v_e: 1.8401853717033575e+03, x_r: -6.2112685489780279e+02, x_e: -6.2112685489780279e+02, y_r: -1.3350498674648547e+03, y_e: -1.3350498674880635e+03, z_r: 9.7618587619940286e+01, z_e: 9.7618587619940286e+01

#ERR stream: 0, p: [32030], ea: 4, v_r: 2.6344221906007360e+03, v_e: 2.6344221906067564e+03, x_r: -3.8040160413797344e+02, x_e: -3.8040160413676932e+02, y_r: 1.1197572061203223e+03, y_e: 1.1197572060962409e+03, z_r: 1.1528225106502812e+03, z_e: 1.1528225106526893e+03

#ERR stream: 0, p: [32031], ea: 2, v_r: 3.0773890064359894e+03, v_e: 3.0773890064414495e+03, x_r: -1.0367215604073385e+03, x_e: -1.0367215604073385e+03, y_r: 1.2684812567333525e+02, y_e: 1.2684812564021065e+02, z_r: 1.6463608096600112e+02, z_e: 1.6463608096600112e+02

#ERR stream: 0, p: [32032], ea: 4, v_r: 3.6324069160047775e+03, v_e: 3.6324069160119238e+03, x_r: 1.5651780623875109e+03, x_e: 1.5651780623932279e+03, y_r: 8.4815477834685112e+02, y_e: 8.4815477831173143e+02, z_r: -5.0051238123608437e+02, z_e: -5.0051238123751369e+02

#ERR stream: 0, p: [32033], ea: 4, v_r: 2.0714847434135781e+03, v_e: 2.0714847434193807e+03, x_r: -1.0946719998386443e+03, x_e: -1.0946719998398048e+03, y_r: 1.6730048660510338e+03, y_e: 1.6730048660359471e+03, z_r: -1.0807095521077740e+03, z_e: -1.0807095521112556e+03

#ERR stream: 0, p: [32034], ea: 4, v_r: 2.6122157834871036e+03, v_e: 2.6122157834910790e+03, x_r: -1.8833022091734583e+03, x_e: -1.8833022091750486e+03, y_r: -3.9422851373669658e+02, y_e: -3.9422851376691023e+02, z_r: -3.6234396474650276e+02, z_e: -3.6234396474729783e+02

#ERR stream: 0, p: [32035], ea: 4, v_r: 3.5300827843486431e+03, v_e: 3.5300827843536972e+03, x_r: 2.1975458106179622e+03, x_e: 2.1975458106230158e+03, y_r: -5.2863321136395973e+02, y_e: -5.2863321140236872e+02, z_r: -4.8679896903217360e+02, z_e: -4.8679896903318439e+02

#ERR stream: 0, p: [32036], ea: 3, v_r: 2.5380699608897576e+03, v_e: 2.5380699608934642e+03, x_r: 6.0588107329116031e+02, x_e: 6.0588107329338436e+02, y_r: -3.8065194905419628e+02, y_e: -3.8065194908236731e+02, z_r: 1.3639633310532795e+02, z_e: 1.3639633310532795e+02

#ERR stream: 0, p: [32037], ea: 4, v_r: 2.0667660769021454e+03, v_e: 2.0667660769027771e+03, x_r: 8.8897976205205578e+02, x_e: 8.8897976205256111e+02, y_r: -1.8940120591546427e+03, y_e: -1.8940120591801644e+03, z_r: 5.0699022727381993e+02, z_e: 5.0699022727394629e+02

#ERR stream: 0, p: [32038], ea: 4, v_r: 3.3643158774726689e+03, v_e: 3.3643158774782955e+03, x_r: 2.7400833186019822e+03, x_e: 2.7400833186087339e+03, y_r: 1.4096407173192014e+02, y_e: 1.4096407169778678e+02, z_r: -1.7541772933042894e+03, z_e: -1.7541772933076652e+03

#ERR stream: 0, p: [32039], ea: 4, v_r: 2.7193651764808810e+03, v_e: 2.7193651764886354e+03, x_r: -2.4804180600244699e+03, x_e: -2.4804180600291224e+03, y_r: 2.1956459803044859e+03, y_e: 2.1956459802843237e+03, z_r: -8.9762767619555564e+02, z_e: -8.9762767619865758e+02

#ERR stream: 0, p: [32040], ea: 4, v_r: 2.8745427317626168e+03, v_e: 2.8745427317691383e+03, x_r: 1.3732693591716159e+02, x_e: 1.3732693591977031e+02, y_r: 1.2229371660917502e+03, y_e: 1.2229371660656632e+03, z_r: 2.3615396731154278e+03, z_e: 2.3615396731206451e+03

#ERR stream: 0, p: [32041], ea: 4, v_r: 3.3386780261744448e+03, v_e: 3.3386780261764161e+03, x_r: 2.7177015339406662e+03, x_e: 2.7177015339430322e+03, y_r: -2.4193256983626216e+03, y_e: -2.4193256984024483e+03, z_r: -4.6112275252537688e+02, z_e: -4.6112275252577126e+02

#ERR stream: 0, p: [32042], ea: 4, v_r: 3.2941978803931579e+03, v_e: 3.2941978804012260e+03, x_r: 1.4198648942057757e+03, x_e: 1.4198648942122302e+03, y_r: 2.0316900364746200e+03, y_e: 2.0316900364484432e+03, z_r: -1.7172035036245366e+03, z_e: -1.7172035036293776e+03

#ERR stream: 0, p: [32043], ea: 4, v_r: 2.3309527811227140e+03, v_e: 2.3309527811275043e+03, x_r: -1.2324568324148177e+03, x_e: -1.2324568324157756e+03, y_r: 5.4228607294018298e+02, y_e: 5.4228607291664150e+02, z_r: -3.2252129643197844e+02, z_e: -3.2252129643293654e+02

#ERR stream: 0, p: [32044], ea: 3, v_r: 2.1189188363179469e+03, v_e: 2.1189188363238077e+03, x_r: -7.1355539104796253e+02, x_e: -7.1355539104796253e+02, y_r: 1.7111766329049806e+03, y_e: 1.7111766328897425e+03, z_r: -1.9182174256157709e+03, z_e: -1.9182174256216317e+03

#ERR stream: 0, p: [32045], ea: 4, v_r: 3.0592201121267908e+03, v_e: 3.0592201121331291e+03, x_r: -2.2045672756163817e+03, x_e: -2.2045672756189169e+03, y_r: 7.1120380207386665e+02, y_e: 7.1120380204271828e+02, z_r: -4.2364050876065562e+02, z_e: -4.2364050876192329e+02

#ERR stream: 0, p: [32046], ea: 3, v_r: 3.4269605326039973e+03, v_e: 3.4269605326109322e+03, x_r: -4.9623854779381077e+02, x_e: -4.9623854779242367e+02, y_r: 7.9881382533182148e+02, y_e: 7.9881382529773975e+02, z_r: 1.8412949522843709e+02, z_e: 1.8412949522843709e+02

#ERR stream: 0, p: [32047], ea: 4, v_r: 2.4339221490045707e+03, v_e: 2.4339221490053192e+03, x_r: 5.7913505955020673e+02, x_e: 5.7913505955065602e+02, y_r: -2.2313999845754406e+03, y_e: -2.2313999846056918e+03, z_r: -3.3728460202026292e+02, z_e: -3.3728460202041271e+02

#ERR stream: 0, p: [32048], ea: 4, v_r: 2.2824091507406656e+03, v_e: 2.2824091507435005e+03, x_r: -2.0841214577194191e+03, x_e: -2.0841214577211204e+03, y_r: -7.8257515577508116e+02, y_e: -7.8257515580286304e+02, z_r: -7.5500557634410848e+02, z_e: -7.5500557634524239e+02

#ERR stream: 0, p: [32049], ea: 4, v_r: 3.4596773162154350e+03, v_e: 3.4596773162240020e+03, x_r: 8.2746852093162795e+02, x_e: 8.2746852093676819e+02, y_r: 2.1335383284794857e+03, y_e: 2.1335383284516902e+03, z_r: -1.1400904037983137e+03, z_e: -1.1400904038017404e+03

#ERR stream: 0, p: [32050], ea: 4, v_r: 2.6517268294773166e+03, v_e: 2.6517268294818773e+03, x_r: 6.3255387967937941e+02, x_e: 6.3255387968211585e+02, y_r: 1.0973645621787190e+02, y_e: 1.0973645619020394e+02, z_r: -1.3835038745909094e+03, z_e: -1.3835038745936458e+03

#ERR stream: 0, p: [32051], ea: 3, v_r: 2.8296264642707838e+03, v_e: 2.8296264642765186e+03, x_r: -9.5405746260388707e+02, x_e: -9.5405746260388707e+02, y_r: 6.5778631097761615e+02, y_e: 6.5778631094943182e+02, z_r: -2.0197793813663166e+03, z_e: -2.0197793813709047e+03

#ERR stream: 0, p: [32052], ea: 4, v_r: 2.6952857079449618e+03, v_e: 2.6952857079465921e+03, x_r: 1.1607733136189274e+03, x_e: 1.1607733136202316e+03, y_r: -1.9525318167152459e+03, y_e: -1.9525318167481810e+03, z_r: 2.2132369815885331e+03, z_e: 2.2132369815898378e+03

#ERR stream: 0, p: [32053], ea: 4, v_r: 2.5781282128624771e+03, v_e: 2.5781282128656735e+03, x_r: -2.3544419820478520e+03, x_e: -2.3544419820497696e+03, y_r: -8.8426939211285810e+02, y_e: -8.8426939214418201e+02, z_r: -1.3474262950589255e+03, z_e: -1.3474262950608434e+03

#ERR stream: 0, p: [32054], ea: 4, v_r: 3.7540334418353809e+03, v_e: 3.7540334418444777e+03, x_r: 3.0620493963153590e+03, x_e: 3.0620493963262757e+03, y_r: 2.3191205231452664e+03, y_e: 2.3191205231157523e+03, z_r: 2.3658540673824041e+03, z_e: 2.3658540673878624e+03

#ERR stream: 0, p: [32055], ea: 4, v_r: 1.7170817586405558e+03, v_e: 1.7170817586421708e+03, x_r: -1.5685685491945935e+03, x_e: -1.5685685491955626e+03, y_r: -9.1824662086181320e+02, y_e: -9.1824662088334617e+02, z_r: -1.2270184639823681e+03, z_e: -1.2270184639836602e+03

#ERR stream: 0, p: [32056], ea: 4, v_r: 3.1504614583244706e+03, v_e: 3.1504614583289981e+03, x_r: 1.3553780881311245e+03, x_e: 1.3553780881347463e+03, y_r: -4.7339050596229532e+02, y_e: -4.7339050599670350e+02, z_r: -2.2481604585443279e+03, z_e: -2.2481604585479499e+03

#ERR stream: 0, p: [32057], ea: 4, v_r: 2.3001521089874273e+03, v_e: 2.3001521089908151e+03, x_r: -3.3513591932491528e+02, x_e: -3.3513591932423776e+02, y_r: -3.4705944064083019e+02, y_e: -3.4705944066657651e+02, z_r: -2.0834106669394414e+03, z_e: -2.0834106669428293e+03

#ERR stream: 0, p: [32058], ea: 4, v_r: 2.4510817132508882e+03, v_e: 2.4510817132531802e+03, x_r: -1.7684852164671704e+03, x_e: -1.7684852164680872e+03, y_r: -1.3100916664610354e+03, y_e: -1.3100916664915922e+03, z_r: -1.2810366701990420e+03, z_e: -1.2810366702004171e+03

#ERR stream: 0, p: [32059], ea: 4, v_r: 2.0652092028578340e+03, v_e: 2.0652092028603988e+03, x_r: -1.8857910786761859e+03, x_e: -1.8857910786777247e+03, y_r: -7.0810328337060957e+02, y_e: -7.0810328339574755e+02, z_r: -6.8315729630195631e+02, z_e: -6.8315729630298233e+02

#ERR stream: 0, p: [32060], ea: 4, v_r: 2.4872695497713253e+03, v_e: 2.4872695497735490e+03, x_r: 1.0709616252526459e+03, x_e: 1.0709616252544251e+03, y_r: -1.3256216377015662e+03, y_e: -1.3256216377312198e+03, z_r: 1.0879803326066103e+03, z_e: 1.0879803326074998e+03

#ERR stream: 0, p: [32061], ea: 4, v_r: 2.5700353829354808e+03, v_e: 2.5700353829423584e+03, x_r: 1.1079192030674894e+03, x_e: 1.1079192030729916e+03, y_r: 2.0776165948953931e+03, y_e: 2.0776165948775110e+03, z_r: -1.8324763771897831e+03, z_e: -1.8324763771952853e+03

#ERR stream: 0, p: [32062], ea: 4, v_r: 2.4915040095068080e+03, v_e: 2.4915040095082832e+03, x_r: 2.0286893020472598e+03, x_e: 2.0286893020490302e+03, y_r: -1.8048936922119410e+03, y_e: -1.8048936922417417e+03, z_r: 6.1205556859043406e+02, z_e: 6.1205556859072919e+02

#ERR stream: 0, p: [32063], ea: 4, v_r: 3.4386969523718640e+03, v_e: 3.4386969523813354e+03, x_r: -4.9732285307805228e+02, x_e: -4.9732285307615803e+02, y_r: 2.7784147260483473e+03, y_e: 2.7784147260237214e+03, z_r: -1.7932465007833227e+03, z_e: -1.7932465007890057e+03

#SDC Ite:9 KerTime:0.685472 AccTime:20.077884 KerErr:208 AccErr:208
#IT Ite:10 KerTime:0.682705 AccTime:20.760589
#IT Ite:11 KerTime:0.679716 AccTime:21.440305
#IT Ite:12 KerTime:0.681634 AccTime:22.121939
#IT Ite:13 KerTime:0.683315 AccTime:22.805254
#IT Ite:14 KerTime:0.679556 AccTime:23.484810
#IT Ite:15 KerTime:0.688397 AccTime:24.173207
#IT Ite:16 KerTime:0.675929 AccTime:24.849136
#IT Ite:17 KerTime:0.684683 AccTime:25.533819
#IT Ite:18 KerTime:0.531755 AccTime:26.065574
#ERR error logic:
#END