#HEADER size:1024
#BEGIN Y:2016 M:12 D:11 Time:23:39:21
#IT Ite:0 KerTime:0.576295 AccTime:0.576295
#ERR p: [202, 401], r: 1.0359479184199349e+34, e: 1.0034960630540922e+34
#SDC Ite:0 KerTime:0.576295 AccTime:0.576295 KerErr:1 AccErr:1
#IT Ite:1 KerTime:0.252435 AccTime:0.828730
#ERR p: [0, 889], r: 9.9037926221633780e+33, e: 9.9038901724191666e+33
#ERR p: [1, 889], r: -4.4553642844246053e+34, e: -4.4553740857754748e+34
#ERR p: [2, 889], r: -1.0608691991839888e+34, e: -1.0608824511726493e+34
#ERR p: [3, 889], r: 1.6819296025210838e+33, e: 1.6821013938048146e+33
#ERR p: [4, 889], r: 1.6193241222057252e+34, e: 1.6193209041355818e+34
#ERR p: [5, 889], r: 1.2691674930177739e+34, e: 1.2691728853934284e+34
#ERR p: [6, 889], r: -2.3124100480013599e+34, e: -2.3124006993914228e+34
#ERR p: [7, 889], r: 3.5027366241714639e+34, e: 3.5027311134235083e+34
#ERR p: [8, 889], r: 2.6850469663003529e+33, e: 2.6850111367875984e+33
#ERR p: [9, 889], r: 8.1013035703880339e+33, e: 8.1012252216974776e+33
#ERR p: [10, 889], r: -1.6899223107372330e+34, e: -1.6899179038945461e+34
#ERR p: [11, 889], r: 1.5908411739864284e+34, e: 1.5908243467039176e+34
#ERR p: [12, 889], r: -3.9882357448797700e+33, e: -3.9881624719993217e+33
#ERR p: [13, 889], r: 1.3445545444359007e+34, e: 1.3445534073308083e+34
#ERR p: [14, 889], r: -2.0593890718705152e+34, e: -2.0593728434976794e+34
#ERR p: [15, 889], r: -1.2808386706599838e+34, e: -1.2808303256676776e+34
#ERR p: [16, 889], r: 1.0961541941044256e+34, e: 1.0961698616724877e+34
#ERR p: [17, 889], r: -5.6820905464328496e+33, e: -5.6820525043680583e+33
#ERR p: [18, 889], r: 6.8631185429221283e+33, e: 6.8630147018090111e+33
#ERR p: [19, 889], r: 1.1147793413540327e+34, e: 1.1147719412836103e+34
#ERR p: [20, 889], r: 1.7889092168876269e+34, e: 1.7889071231581965e+34
#ERR p: [21, 889], r: 4.0141381568102643e+34, e: 4.0141348240837667e+34
#ERR p: [22, 889], r: 2.2966125895020739e+34, e: 2.2966128733295286e+34
#ERR p: [23, 889], r: -1.9708471178151689e+34, e: -1.9708340855570729e+34
#ERR p: [24, 889], r: 2.0136043926176668e+34, e: 2.0135985275578976e+34
#ERR p: [25, 889], r: 1.9734133784765848e+34, e: 1.9734307857919568e+34
#ERR p: [26, 889], r: -2.1916441941301973e+34, e: -2.1916412617422113e+34
#ERR p: [27, 889], r: -1.0532210904325133e+33, e: -1.0532403094813459e+33
#ERR p: [28, 889], r: 1.5672477069419217e+34, e: 1.5672434041272412e+34
#ERR p: [29, 889], r: -3.2901184629829794e+34, e: -3.2901289266514966e+34
#ERR p: [30, 889], r: -1.5360619455139266e+34, e: -1.5360595218630207e+34
#ERR p: [31, 889], r: 6.5273529128940331e+33, e: 6.5273341392328271e+33
#ERR p: [32, 889], r: 2.8416630932443745e+33, e: 2.8417615578974431e+33
#ERR p: [33, 889], r: -3.9027517585737379e+34, e: -3.9027409828077687e+34
#ERR p: [34, 889], r: 2.1036470510856305e+34, e: 2.1036325663396144e+34
#ERR p: [35, 889], r: 3.8877320977580924e+33, e: 3.8876733804745791e+33
#ERR p: [36, 889], r: 1.1637408772664250e+34, e: 1.1637310742580346e+34
#ERR p: [37, 889], r: -6.3426237731761981e+33, e: -6.3426876383764598e+33
#ERR p: [38, 889], r: 1.4377076566451940e+34, e: 1.4377168515982809e+34
#ERR p: [39, 889], r: -1.2421514252922297e+33, e: -1.2423099007458632e+33
#ERR p: [40, 889], r: -9.3699711609618482e+33, e: -9.3698534766110159e+33
#ERR p: [41, 889], r: 2.9581581464670333e+34, e: 2.9581410432977180e+34
#ERR p: [42, 889], r: 9.1989424746164228e+32, e: 9.1986084675869775e+32
#ERR p: [43, 889], r: 1.7813445132672777e+33, e: 1.7813050563262909e+33
#ERR p: [44, 889], r: 4.4095854908725494e+33, e: 4.4097164128865309e+33
#ERR p: [45, 889], r: -2.3403067481378484e+34, e: -2.3402968144439108e+34
#ERR p: [46, 889], r: 1.2653033814829810e+34, e: 1.2653185798556141e+34
#ERR p: [47, 889], r: -6.2148278627504029e+33, e: -6.2147520101000421e+33
#ERR p: [48, 889], r: 6.3183643573672276e+33, e: 6.3183439110576254e+33
#ERR p: [49, 889], r: -3.0450789311819679e+34, e: -3.0450891737670460e+34
#ERR p: [50, 889], r: -3.3927807336425465e+32, e: -3.3926016963170240e+32
#ERR p: [51, 889], r: -1.3695772714787016e+34, e: -1.3695887484315765e+34
#ERR p: [52, 889], r: -1.6313108844396655e+34, e: -1.6312962172262234e+34
#ERR p: [53, 889], r: -3.9021104363663074e+32, e: -3.9020701040704407e+32
#ERR p: [54, 889], r: -4.1632864706563536e+33, e: -4.1632877301028338e+33
#ERR p: [55, 889], r: -1.0351486729553522e+34, e: -1.0351541226864936e+34
#ERR p: [56, 889], r: -6.4850675540492204e+33, e: -6.4851973692818708e+33
#ERR p: [57, 889], r: 4.0465235543232677e+34, e: 4.0465175093356687e+34
#ERR p: [58, 889], r: 2.7768349104284112e+34, e: 2.7768432627940790e+34
#ERR p: [59, 889], r: 1.4242653014472384e+34, e: 1.4242588030146026e+34
#ERR p: [60, 889], r: -2.1852486891004301e+34, e: -2.1852617185272225e+34
#ERR p: [61, 889], r: 2.3508052979083345e+33, e: 2.3508415565914105e+33
#ERR p: [62, 889], r: -6.0721532420519977e+33, e: -6.0723153594583271e+33
#ERR p: [63, 889], r: -1.9887163937314519e+34, e: -1.9887020988526320e+34
#ERR p: [64, 889], r: 1.2933824578279964e+34, e: 1.2933866611845674e+34
#ERR p: [65, 889], r: -5.5711180301356551e+33, e: -5.5709650852924509e+33
#ERR p: [66, 889], r: 1.0848239345710427e+33, e: 1.0849456768676039e+33
#ERR p: [67, 889], r: -1.5137459116590422e+34, e: -1.5137403555725895e+34
#ERR p: [68, 889], r: 4.7077193437200925e+33, e: 4.7077116054338470e+33
#ERR p: [69, 889], r: -1.7318295387707416e+33, e: -1.7318159758748727e+33
#ERR p: [70, 889], r: 1.7072573033446236e+34, e: 1.7072490550684534e+34
#ERR p: [71, 889], r: -6.6989635063450772e+33, e: -6.6988257732804887e+33
#ERR p: [72, 889], r: -4.5387227216733148e+33, e: -4.5388238831670596e+33
#ERR p: [73, 889], r: 3.7583363803211939e+34, e: 3.7583426326456460e+34
#ERR p: [74, 889], r: -5.5494514440714607e+33, e: -5.5494052146915148e+33
#ERR p: [75, 889], r: 1.0524534450758319e+34, e: 1.0524587946090050e+34
#ERR p: [76, 889], r: 2.6825287192037451e+33, e: 2.6826613609165348e+33
#ERR p: [77, 889], r: 2.4556982084422887e+34, e: 2.4557054426324896e+34
#ERR p: [78, 889], r: -2.8704646148404660e+34, e: -2.8704669318146059e+34
#ERR p: [79, 889], r: 2.2921492722799520e+34, e: 2.2921393701122724e+34
#ERR p: [80, 889], r: 1.0692662509986325e+34, e: 1.0692542443272760e+34
#ERR p: [81, 889], r: -5.4548831650369298e+33, e: -5.4548126269604314e+33
#ERR p: [82, 889], r: -7.8115673520606537e+33, e: -7.8115714473495930e+33
#ERR p: [83, 889], r: 2.3543434501809445e+34, e: 2.3543329382685773e+34
#ERR p: [84, 889], r: 4.2066559870273034e+33, e: 4.2067731295649067e+33
#ERR p: [85, 889], r: -4.3442760994767793e+33, e: -4.3441846220675936e+33
#ERR p: [86, 889], r: 7.9575833155520606e+33, e: 7.9574517939187101e+33
#ERR p: [87, 889], r: -1.1303644595371068e+34, e: -1.1303478635182317e+34
#ERR p: [88, 889], r: -3.9186261339473516e+33, e: -3.9185560439182007e+33
#ERR p: [89, 889], r: -8.9177162854557321e+33, e: -8.9177341463662974e+33
#ERR p: [90, 889], r: -1.0875482665027286e+34, e: -1.0875633754214250e+34
#ERR p: [91, 889], r: -5.3145412763235618e+33, e: -5.3146647232260829e+33
#ERR p: [92, 889], r: -2.7796209858672469e+33, e: -2.7795679356129635e+33
#ERR p: [93, 889], r: -2.7070692364905972e+33, e: -2.7070111483230734e+33
#ERR p: [94, 889], r: -4.1289072023235153e+34, e: -4.1289091279271472e+34
#ERR p: [95, 889], r: -1.8615329805974807e+34, e: -1.8615325545386827e+34
#ERR p: [96, 889], r: 2.4043533261864295e+34, e: 2.4043582239944036e+34
#ERR p: [97, 889], r: 3.3066983661425194e+34, e: 3.3066985936264069e+34
#ERR p: [98, 889], r: 3.5960724284593181e+32, e: 3.5946710979317588e+32
#ERR p: [99, 889], r: -1.8692764758426609e+34, e: -1.8692774752167555e+34
#ERR p: [100, 889], r: -1.3142813093519140e+33, e: -1.3143862851015950e+33
#ERR p: [101, 889], r: 2.3054052382800152e+34, e: 2.3054204713542754e+34
#ERR p: [102, 889], r: -1.3416907371745061e+33, e: -1.3417809166895876e+33
#ERR p: [103, 889], r: -2.0881434562888835e+34, e: -2.0881562637823713e+34
#ERR p: [104, 889], r: 2.4490155524569334e+34, e: 2.4489982373087692e+34
#ERR p: [105, 889], r: -8.8700223450935483e+33, e: -8.8699661319609618e+33
#ERR p: [106, 889], r: -5.1592217041615590e+33, e: -5.1591063550258408e+33
#ERR p: [107, 889], r: -1.6377970715559858e+34, e: -1.6378134540870082e+34
#ERR p: [108, 889], r: -6.4409583519901592e+33, e: -6.4409574716129250e+33
#ERR p: [109, 889], r: -1.5503256837546974e+34, e: -1.5503126792376577e+34
#ERR p: [110, 889], r: 1.2604720223136589e+34, e: 1.2604841274513303e+34
#ERR p: [111, 889], r: 6.1019132251316227e+33, e: 6.1020095138845549e+33
#ERR p: [112, 889], r: 1.0804905874289881e+34, e: 1.0804995638123954e+34
#ERR p: [113, 889], r: -1.2962847747869357e+34, e: -1.2962715496408975e+34
#ERR p: [114, 889], r: 7.9910278676481664e+33, e: 7.9911622997503507e+33
#ERR p: [115, 889], r: 1.3366661020252385e+34, e: 1.3366528037029990e+34
#ERR p: [116, 889], r: 2.1519618038369116e+34, e: 2.1519569618754931e+34
#ERR p: [117, 889], r: 1.5230260886564193e+34, e: 1.5230327244696302e+34
#ERR p: [118, 889], r: -3.3848328999117515e+34, e: -3.3848171773635755e+34
#ERR p: [119, 889], r: -1.6823428619570867e+34, e: -1.6823493391023842e+34
#ERR p: [120, 889], r: -1.2612126174359164e+34, e: -1.2612295294247635e+34
#ERR p: [121, 889], r: 5.6224760019361539e+33, e: 5.6223346693134672e+33
#ERR p: [122, 889], r: -2.6533200398466558e+33, e: -2.6531699255683963e+33
#ERR p: [123, 889], r: 1.6244663719539322e+34, e: 1.6244787782080330e+34
#ERR p: [124, 889], r: -7.8236389157765052e+32, e: -7.8224233665436959e+32
#ERR p: [125, 889], r: -7.1308877075974050e+33, e: -7.1307230145407995e+33
#ERR p: [126, 889], r: -4.0464097437495252e+34, e: -4.0464243983993841e+34
#ERR p: [127, 889], r: 2.4979713309710713e+34, e: 2.4979547090471614e+34
#ERR p: [128, 889], r: 1.8453994916358435e+34, e: 1.8453947426447467e+34
#ERR p: [129, 889], r: -9.1001609742225874e+33, e: -9.1003338988829925e+33
#ERR p: [130, 889], r: 1.4583571051945690e+34, e: 1.4583717953140284e+34
#ERR p: [131, 889], r: -1.7802052017828807e+34, e: -1.7802135082331074e+34
#ERR p: [132, 889], r: 1.0741547968273703e+34, e: 1.0741676583508900e+34
#ERR p: [133, 889], r: 1.7112017827327254e+34, e: 1.7112154481989910e+34
#ERR p: [134, 889], r: 3.3998839340320772e+34, e: 3.3998769336692610e+34
#ERR p: [135, 889], r: 5.3959840067337663e+33, e: 5.3961413011893120e+33
#ERR p: [136, 889], r: 2.2856960085502819e+32, e: 2.2855963256598416e+32
#ERR p: [137, 889], r: -2.4963494329814147e+34, e: -2.4963485671447988e+34
#ERR p: [138, 889], r: 7.4020560098368561e+33, e: 7.4020346201163699e+33
#ERR p: [139, 889], r: -2.9540681805218499e+34, e: -2.9540805504444173e+34
#ERR p: [140, 889], r: -5.6299337403723223e+33, e: -5.6300980787685797e+33
#ERR p: [141, 889], r: -1.2050099289154021e+34, e: -1.2049930593349639e+34
#ERR p: [142, 889], r: -3.6694821738254815e+34, e: -3.6694969678325284e+34
#ERR p: [143, 889], r: 1.7379225472040702e+34, e: 1.7379402769012054e+34
#ERR p: [144, 889], r: 1.1788260763139340e+34, e: 1.1788350587832348e+34
#ERR p: [145, 889], r: -1.5928746624392448e+33, e: -1.5928827694906514e+33
#ERR p: [146, 889], r: -8.3694043745576605e+33, e: -8.3692603991194960e+33
#ERR p: [147, 889], r: 4.1182929655820771e+33, e: 4.1181297807707477e+33
#ERR p: [148, 889], r: -2.2464846084237477e+34, e: -2.2464715218510295e+34
#ERR p: [149, 889], r: -3.7501943223827507e+33, e: -3.7500710224862196e+33
#ERR p: [150, 889], r: -4.4148444825944487e+34, e: -4.4148614131786089e+34
#ERR p: [151, 889], r: -1.1960892859320930e+33, e: -1.1961023968172542e+33
#ERR p: [152, 889], r: 5.1661993548118151e+33, e: 5.1662847403543913e+33
#ERR p: [153, 889], r: 2.7498250166405279e+33, e: 2.7498025113736398e+33
#ERR p: [154, 889], r: -1.2613105124215813e+34, e: -1.2613006792828904e+34
#ERR p: [155, 889], r: -3.0244873563603676e+33, e: -3.0245141956744882e+33
#ERR p: [156, 889], r: 1.8107548516314096e+33, e: 1.8107832960741599e+33
#ERR p: [157, 889], r: 8.0687850540372433e+33, e: 8.0687558709604861e+33
#ERR p: [158, 889], r: -1.6127547061697135e+34, e: -1.6127440704728923e+34
#ERR p: [159, 889], r: -6.1624589246336165e+33, e: -6.1623843459835944e+33
#ERR p: [160, 889], r: -1.3359562351216905e+33, e: -1.3358515031197248e+33
#ERR p: [161, 889], r: 1.7386253744632082e+34, e: 1.7386144389250149e+34
#ERR p: [162, 889], r: 2.4073568563620875e+33, e: 2.4073026187349388e+33
#ERR p: [163, 889], r: 2.0395222924694454e+33, e: 2.0395690681350473e+33
#ERR p: [164, 889], r: -4.2106840043867856e+33, e: -4.2105564306185391e+33
#ERR p: [165, 889], r: -2.4636632322097404e+33, e: -2.4637495675557814e+33
#ERR p: [166, 889], r: -2.9636672488759834e+33, e: -2.9635007545727012e+33
#ERR p: [167, 889], r: 2.0711086910799961e+33, e: 2.0709937798034287e+33
#ERR p: [168, 889], r: -2.7278958794762583e+33, e: -2.7279123417444431e+33
#ERR p: [169, 889], r: -8.5794197705384957e+33, e: -8.5795589768888035e+33
#ERR p: [170, 889], r: 4.0413359648485718e+33, e: 4.0414770637838348e+33
#ERR p: [171, 889], r: 1.4127416787377268e+34, e: 1.4127341054772078e+34
#ERR p: [172, 889], r: 1.9770160316637372e+33, e: 1.9769640858207738e+33
#ERR p: [173, 889], r: 8.6353732590838503e+33, e: 8.6352862186205171e+33
#ERR p: [174, 889], r: 1.4609610422529046e+34, e: 1.4609573347871247e+34
#ERR p: [175, 889], r: 1.0851224245131825e+34, e: 1.0851053981882302e+34
#ERR p: [176, 889], r: -2.0987444162480799e+34, e: -2.0987529875034106e+34
#ERR p: [177, 889], r: -7.6027626841905679e+33, e: -7.6028831510806411e+33
#ERR p: [178, 889], r: 1.8032718727812632e+34, e: 1.8032870166605119e+34
#ERR p: [179, 889], r: -8.7432349352648474e+33, e: -8.7432278638098968e+33
#ERR p: [180, 889], r: -1.4951223377914237e+34, e: -1.4951172671960741e+34
#ERR p: [181, 889], r: 5.5443741722579421e+33, e: 5.5442329006449054e+33
#ERR p: [182, 889], r: 9.0182890150956730e+33, e: 9.0181327869799041e+33
#ERR p: [183, 889], r: -2.4745487321568340e+34, e: -2.4745329416828767e+34
#ERR p: [184, 889], r: -4.1208273214553310e+34, e: -4.1208129258875355e+34
#ERR p: [185, 889], r: 2.4721149582375382e+34, e: 2.4721164945917213e+34
#ERR p: [186, 889], r: -1.7711164144755572e+34, e: -1.7711022433116748e+34
#ERR p: [187, 889], r: 6.2779581853653672e+33, e: 6.2778065092743961e+33
#ERR p: [188, 889], r: 2.1804590053547444e+34, e: 2.1804507588611084e+34
#ERR p: [189, 889], r: -2.5232211828624647e+34, e: -2.5232140869629552e+34
#ERR p: [190, 889], r: -4.6903188392772445e+34, e: -4.6903219460704077e+34
#ERR p: [191, 889], r: 7.5186842926267553e+33, e: 7.5186924504670935e+33
#ERR p: [192, 889], r: -2.1818444293948526e+34, e: -2.1818498248037947e+34
#ERR p: [193, 889], r: -2.5640397260675155e+34, e: -2.5640220943755506e+34
#ERR p: [194, 889], r: -2.5159735320703242e+34, e: -2.5159630063694037e+34
#ERR p: [195, 889], r: 2.8530483185211322e+34, e: 2.8530416089429238e+34
#ERR p: [196, 889], r: -9.1370208858220825e+33, e: -9.1368499662217946e+33
#ERR p: [197, 889], r: 1.0347383261578488e+34, e: 1.0347350123497356e+34
#ERR p: [198, 889], r: 9.1696661835402781e+33, e: 9.1697954807450062e+33
#ERR p: [199, 889], r: 2.0288245752648351e+34, e: 2.0288193014572675e+34
#ERR p: [200, 889], r: -1.4779884135487927e+34, e: -1.4779884004747104e+34
#ERR p: [201, 889], r: -2.5958796990237978e+34, e: -2.5958923589217978e+34
#ERR p: [202, 401], r: 1.0359479184199349e+34, e: 1.0034960630540922e+34
#ERR p: [202, 889], r: 4.1994534889846778e+34, e: 4.1994523088356110e+34
#ERR p: [203, 889], r: 2.2740998115093017e+34, e: 2.2740896361379950e+34
#ERR p: [204, 889], r: -3.7254923452161475e+34, e: -3.7254971220296178e+34
#ERR p: [205, 889], r: 1.3507999528036722e+34, e: 1.3508147251141079e+34
#ERR p: [206, 889], r: 5.5252992102070957e+33, e: 5.5253556167911001e+33
#ERR p: [207, 889], r: 1.0141730879313326e+34, e: 1.0141603180460321e+34
#ERR p: [208, 889], r: -1.7545479405063288e+34, e: -1.7545610931596287e+34
#ERR p: [209, 889], r: 4.5848745235657591e+33, e: 4.5849932162129685e+33
#ERR p: [210, 889], r: 4.1706861993148972e+33, e: 4.1708551534627893e+33
#ERR p: [211, 889], r: 1.0257648990497041e+34, e: 1.0257575885954375e+34
#ERR p: [212, 889], r: 2.6615928014912597e+33, e: 2.6616165776913811e+33
#ERR p: [213, 889], r: -7.6234451781670301e+33, e: -7.6234909051483332e+33
#ERR p: [214, 889], r: 1.9339703690654586e+34, e: 1.9339865876138029e+34
#ERR p: [215, 889], r: -1.9280779135607643e+34, e: -1.9280930154223368e+34
#ERR p: [216, 889], r: 2.2982692337905297e+34, e: 2.2982779615996654e+34
#ERR p: [217, 889], r: 1.2700608067001292e+33, e: 1.2701350689564876e+33
#ERR p: [218, 889], r: -2.8085970060503692e+33, e: -2.8085932824682436e+33
#ERR p: [219, 889], r: 4.1405008671792658e+34, e: 4.1404858603165146e+34
#ERR p: [220, 889], r: 4.0042482178766405e+33, e: 4.0041869181732373e+33
#ERR p: [221, 889], r: 1.1042833666884379e+34, e: 1.1043006869559222e+34
#ERR p: [222, 889], r: -2.1314360413593516e+34, e: -2.1314268582196202e+34
#ERR p: [223, 889], r: 1.8808042967695124e+34, e: 1.8808008219807598e+34
#ERR p: [224, 889], r: -3.5846378004406687e+33, e: -3.5848029043425195e+33
#ERR p: [225, 889], r: 1.2360579924006430e+33, e: 1.2360934745087233e+33
#ERR p: [226, 889], r: 2.1064882039438394e+34, e: 2.1065017134704048e+34
#ERR p: [227, 889], r: -1.1923811328477904e+34, e: -1.1923941894775540e+34
#ERR p: [228, 889], r: 1.4396562436648716e+34, e: 1.4396404580674560e+34
#ERR p: [229, 889], r: -4.2795959397439523e+34, e: -4.2795882531802620e+34
#ERR p: [230, 889], r: 2.2778989215922807e+34, e: 2.2778992475520228e+34
#ERR p: [231, 889], r: -2.0196754424108116e+34, e: -2.0196642644031060e+34
#ERR p: [232, 889], r: 6.4879638924162291e+32, e: 6.4885025771240001e+32
#ERR p: [233, 889], r: -1.1520812822086222e+34, e: -1.1520816773067991e+34
#ERR p: [234, 889], r: -2.9190990155811189e+34, e: -2.9191073985019746e+34
#ERR p: [235, 889], r: -1.2888358423392549e+34, e: -1.2888408725229456e+34
#ERR p: [236, 889], r: 2.2951387135495367e+34, e: 2.2951500863703614e+34
#ERR p: [237, 889], r: -2.2914600077418592e+34, e: -2.2914550567525158e+34
#ERR p: [238, 889], r: 2.1164871540464666e+33, e: 2.1165655961489944e+33
#ERR p: [239, 889], r: -3.2909384561648796e+34, e: -3.2909420396413636e+34
#ERR p: [240, 889], r: -7.8003720866855458e+33, e: -7.8004049742689457e+33
#ERR p: [241, 889], r: 1.3577531263781736e+34, e: 1.3577676144983821e+34
#ERR p: [242, 889], r: 8.1577205239668661e+33, e: 8.1576362736672074e+33
#ERR p: [243, 889], r: -2.5153728167840701e+34, e: -2.5153713760452871e+34
#ERR p: [244, 889], r: -4.2948080118334820e+33, e: -4.2949758849801183e+33
#ERR p: [245, 889], r: -1.2387194583352663e+34, e: -1.2387218383343490e+34
#ERR p: [246, 889], r: -2.0225281198569197e+34, e: -2.0225296341968617e+34
#ERR p: [247, 889], r: -1.0090470285330508e+33, e: -1.0089891516176885e+33
#ERR p: [248, 889], r: -1.0908409970659619e+33, e: -1.0906631941805111e+33
#ERR p: [249, 889], r: -2.6375677933877609e+34, e: -2.6375767430619566e+34
#ERR p: [250, 889], r: -9.5283276724701693e+33, e: -9.5282974161872546e+33
#ERR p: [251, 889], r: -2.6410481737888655e+34, e: -2.6410545093531240e+34
#ERR p: [252, 889], r: 2.4273233099944669e+34, e: 2.4273160673767575e+34
#ERR p: [253, 889], r: 2.5049063818916020e+34, e: 2.5048922088675351e+34
#ERR p: [254, 889], r: -2.1858288543175654e+33, e: -2.1859939350472274e+33
#ERR p: [255, 889], r: 6.3958788582051351e+33, e: 6.3959738568812112e+33
#ERR p: [256, 889], r: 1.1053386790466425e+34, e: 1.1053329347439450e+34
#ERR p: [257, 889], r: 1.1914138213911868e+34, e: 1.1914036377024430e+34
#ERR p: [258, 889], r: 1.9561589969593772e+34, e: 1.9561420894083773e+34
#ERR p: [259, 889], r: -3.1967405558673307e+34, e: -3.1967556869769146e+34
#ERR p: [260, 889], r: -5.2841375303965728e+33, e: -5.2841340630066751e+33
#ERR p: [261, 889], r: -1.3508179707898590e+34, e: -1.3508277363944110e+34
#ERR p: [262, 889], r: 2.1085427243086128e+34, e: 2.1085491908549294e+34
#ERR p: [263, 889], r: -7.6639340068096426e+33, e: -7.6640279504438096e+33
#ERR p: [264, 889], r: -1.3722854341006770e+34, e: -1.3722901102927048e+34
#ERR p: [265, 889], r: -1.7577267266050559e+33, e: -1.7578824292865360e+33
#ERR p: [266, 889], r: 4.1581715327458791e+31, e: 4.1498389394078771e+31
#ERR p: [267, 889], r: 1.0575980619383296e+34, e: 1.0576160398911544e+34
#ERR p: [268, 889], r: -1.8137719471581050e+34, e: -1.8137602045117784e+34
#ERR p: [269, 889], r: 2.8546213307364963e+34, e: 2.8546145297164300e+34
#ERR p: [270, 889], r: 1.7684227595457496e+33, e: 1.7684552647307966e+33
#ERR p: [271, 889], r: -8.9801501748525774e+32, e: -8.9796933509700541e+32
#ERR p: [272, 889], r: -6.2846081590673638e+33, e: -6.2846577480440436e+33
#ERR p: [273, 889], r: 2.9555004687476568e+33, e: 2.9553327593144769e+33
#ERR p: [274, 889], r: 2.1062893482782316e+34, e: 2.1063041816052504e+34
#ERR p: [275, 889], r: 3.1558360571807325e+33, e: 3.1559435816964141e+33
#ERR p: [276, 889], r: -1.6403637197779997e+34, e: -1.6403528034397273e+34
#ERR p: [277, 889], r: -1.7522939910362096e+34, e: -1.7522976426710361e+34
#ERR p: [278, 889], r: -7.6261684381746241e+33, e: -7.6261215517946896e+33
#ERR p: [279, 889], r: -1.3559376970625426e+34, e: -1.3559547899976458e+34
#ERR p: [280, 889], r: 2.1962616785622273e+33, e: 2.1962958233319063e+33
#ERR p: [281, 889], r: -1.4963501353767727e+33, e: -1.4961939541978217e+33
#ERR p: [282, 889], r: 1.3808308980972757e+34, e: 1.3808411711595307e+34
#ERR p: [283, 889], r: 3.2097589420279319e+34, e: 3.2097652594445856e+34
#ERR p: [284, 889], r: -8.0081863748577316e+33, e: -8.0081762233515279e+33
#ERR p: [285, 889], r: 1.0057924023326094e+34, e: 1.0057769420876162e+34
#ERR p: [286, 889], r: -2.5887418690019589e+34, e: -2.5887565435370256e+34
#ERR p: [287, 889], r: 1.6041779482381502e+34, e: 1.6041744267637752e+34
#ERR p: [288, 889], r: -1.0841954675293394e+34, e: -1.0842034070454380e+34
#ERR p: [289, 889], r: 2.9907526117168670e+34, e: 2.9907647163033464e+34
#ERR p: [290, 889], r: -1.0219909991549900e+34, e: -1.0220008031746256e+34
#ERR p: [291, 889], r: 6.4423560699864241e+33, e: 6.4424854887972658e+33
#ERR p: [292, 889], r: -2.4317288231496011e+34, e: -2.4317437749166519e+34
#ERR p: [293, 889], r: 2.9230323376537844e+33, e: 2.9231791914339747e+33
#ERR p: [294, 889], r: -1.9867320174192660e+34, e: -1.9867426481996133e+34
#ERR p: [295, 889], r: 1.4943047274629638e+34, e: 1.4943086691243495e+34
#ERR p: [296, 889], r: -8.7699104009153429e+32, e: -8.7713462652343390e+32
#ERR p: [297, 889], r: 2.3252853459281799e+33, e: 2.3252391867796026e+33
#ERR p: [298, 889], r: -3.9823563807746332e+34, e: -3.9823737329319032e+34
#ERR p: [299, 889], r: -1.1813681623599994e+34, e: -1.1813782305485650e+34
#ERR p: [300, 889], r: 1.9627963267203870e+33, e: 1.9627963536348807e+33
#ERR p: [301, 889], r: 1.0517130641664702e+34, e: 1.0517018308785761e+34
#ERR p: [302, 889], r: 6.5294338019863072e+33, e: 6.5295843573471499e+33
#ERR p: [303, 889], r: 6.7102607890923262e+32, e: 6.7087787956801413e+32
#ERR p: [304, 889], r: -1.8466853377452654e+34, e: -1.8466762361997069e+34
#ERR p: [305, 889], r: 2.0668474069112344e+34, e: 2.0668558177860320e+34
#ERR p: [306, 889], r: -1.1967006201151877e+33, e: -1.1968499990333661e+33
#ERR p: [307, 889], r: -4.9822025182054893e+33, e: -4.9821022940804552e+33
#ERR p: [308, 889], r: -9.6453648334289724e+33, e: -9.6453782970706257e+33
#ERR p: [309, 889], r: 2.5628533352408884e+34, e: 2.5628533892171536e+34
#ERR p: [310, 889], r: 6.4653646695399161e+33, e: 6.4653993045925548e+33
#ERR p: [311, 889], r: -1.6692495020364578e+34, e: -1.6692501408487426e+34
#ERR p: [312, 889], r: 5.6003426751861067e+31, e: 5.6069687496301201e+31
#ERR p: [313, 889], r: 1.1074336106584857e+34, e: 1.1074412135569962e+34
#ERR p: [314, 889], r: -2.7897040988133556e+34, e: -2.7896871764121756e+34
#ERR p: [315, 889], r: 1.9395783562320855e+34, e: 1.9395788250904778e+34
#ERR p: [316, 889], r: 3.2323890260120617e+34, e: 3.2324017708863182e+34
#ERR p: [317, 889], r: -4.5018229240134278e+33, e: -4.5018341356734355e+33
#ERR p: [318, 889], r: -2.7026027944281295e+33, e: -2.7026055943844887e+33
#ERR p: [319, 889], r: -2.1655935606688636e+34, e: -2.1655997534383709e+34
#ERR p: [320, 889], r: 8.2413343289933193e+33, e: 8.2413122489200267e+33
#ERR p: [321, 889], r: -1.7375227356927680e+33, e: -1.7373862567076878e+33
#ERR p: [322, 889], r: -5.6104816790959307e+33, e: -5.6105455681210962e+33
#ERR p: [323, 889], r: -2.3857009675870010e+34, e: -2.3857055133155455e+34
#ERR p: [324, 889], r: 1.6625435080361463e+34, e: 1.6625352169784904e+34
#ERR p: [325, 889], r: 2.1840309060767449e+34, e: 2.1840410394098771e+34
#ERR p: [326, 889], r: 1.1196653308900471e+34, e: 1.1196768656797945e+34
#ERR p: [327, 889], r: 2.8200200808843660e+33, e: 2.8201986320558958e+33
#ERR p: [328, 889], r: 9.7689418358654403e+33, e: 9.7690281115899905e+33
#ERR p: [329, 889], r: -6.4388469907054602e+33, e: -6.4388287365197352e+33
#ERR p: [330, 889], r: 6.1110033870619238e+33, e: 6.1109987137658024e+33
#ERR p: [331, 889], r: -2.9449269724477788e+34, e: -2.9449363445739383e+34
#ERR p: [332, 889], r: 3.2066798478185904e+34, e: 3.2066907980519568e+34
#ERR p: [333, 889], r: 3.4528585673350762e+34, e: 3.4528631025936149e+34
#ERR p: [334, 889], r: -1.7755629917399822e+34, e: -1.7755649647822185e+34
#ERR p: [335, 889], r: 3.5145760624743256e+33, e: 3.5146864741169352e+33
#ERR p: [336, 889], r: -3.0323918848615882e+34, e: -3.0324038007773780e+34
#ERR p: [337, 889], r: 1.1799657536941730e+34, e: 1.1799567085240932e+34
#ERR p: [338, 889], r: -3.6367344774941216e+33, e: -3.6368044187746820e+33
#ERR p: [339, 889], r: -1.6687714487686092e+34, e: -1.6687611275867411e+34
#ERR p: [340, 889], r: 1.3885080026160252e+34, e: 1.3885018331918214e+34
#ERR p: [341, 889], r: -4.4260754241527564e+34, e: -4.4260799184436402e+34
#ERR p: [342, 889], r: -2.5203284461107018e+34, e: -2.5203205432815760e+34
#ERR p: [343, 889], r: 1.5287240131156666e+34, e: 1.5287297389680243e+34
#ERR p: [344, 889], r: -7.0427845636995418e+32, e: -7.0441621776305312e+32
#ERR p: [345, 889], r: -1.8616216735055469e+33, e: -1.8614981914009934e+33
#ERR p: [346, 889], r: 3.1467128082560712e+34, e: 3.1466973274029491e+34
#ERR p: [347, 889], r: 1.2440124990622815e+33, e: 1.2441630184300678e+33
#ERR p: [348, 889], r: -1.4646212114852705e+34, e: -1.4646330950528045e+34
#ERR p: [349, 889], r: -2.6834036410773134e+34, e: -2.6834030373796101e+34
#ERR p: [350, 889], r: 1.5242632580588846e+34, e: 1.5242763824765929e+34
#ERR p: [351, 889], r: -1.2042896721230017e+34, e: -1.2042777497429592e+34
#ERR p: [352, 889], r: 1.4957232694403948e+34, e: 1.4957389340914469e+34
#ERR p: [353, 889], r: 4.1049275993229392e+34, e: 4.1049238741379438e+34
#ERR p: [354, 889], r: -2.4565314176738673e+34, e: -2.4565353370098259e+34
#ERR p: [355, 889], r: 1.1242221246756640e+34, e: 1.1242184516980994e+34
#ERR p: [356, 889], r: -3.1697600514879105e+34, e: -3.1697505535470483e+34
#ERR p: [357, 889], r: 1.2314670660658995e+33, e: 1.2312943079011578e+33
#ERR p: [358, 889], r: 1.8552161310136534e+34, e: 1.8552002612631072e+34
#ERR p: [359, 889], r: -1.6328464670681494e+34, e: -1.6328304282358741e+34
#ERR p: [360, 889], r: 2.9134999899948405e+34, e: 2.9134994494285237e+34
#ERR p: [361, 889], r: 1.1427592549693483e+33, e: 1.1425879621725937e+33
#ERR p: [362, 889], r: 8.6914886680854435e+33, e: 8.6914242189631273e+33
#ERR p: [363, 889], r: -2.5699808146332207e+33, e: -2.5698806502858684e+33
#ERR p: [364, 889], r: 1.4055746064628528e+34, e: 1.4055674702530132e+34
#ERR p: [365, 889], r: 8.5490107068157048e+33, e: 8.5490612406668621e+33
#ERR p: [366, 889], r: -4.1543448372073079e+33, e: -4.1542181704788599e+33
#ERR p: [367, 889], r: 1.2785960010270192e+34, e: 1.2785972166674597e+34
#ERR p: [368, 889], r: -1.2029550658148178e+33, e: -1.2029357912840796e+33
#ERR p: [369, 889], r: 7.7582640523230103e+34, e: 7.7582476181312256e+34
#ERR p: [370, 889], r: -1.9799744206930332e+33, e: -1.9800513288872553e+33
#ERR p: [371, 889], r: 2.4772652823434048e+34, e: 2.4772814966935109e+34
#ERR p: [372, 889], r: -2.0566130789316996e+33, e: -2.0566060470737667e+33
#ERR p: [373, 889], r: 1.1689904674020278e+34, e: 1.1690076786874652e+34
#ERR p: [374, 889], r: -2.5796423190481491e+34, e: -2.5796508113350377e+34
#ERR p: [375, 889], r: -9.8992051660654077e+33, e: -9.8992068326033061e+33
#ERR p: [376, 889], r: 2.2279622146093653e+34, e: 2.2279473730817537e+34
#ERR p: [377, 889], r: -2.7159415796101673e+34, e: -2.7159379738221554e+34
#ERR p: [378, 889], r: -1.7639111988606695e+34, e: -1.7639117729957227e+34
#ERR p: [379, 889], r: 1.6715186489499050e+34, e: 1.6715179838683242e+34
#ERR p: [380, 889], r: -1.9510039263396695e+34, e: -1.9509867466608474e+34
#ERR p: [381, 889], r: 1.2481838098044467e+34, e: 1.2481847015720496e+34
#ERR p: [382, 889], r: -2.3526666704787134e+34, e: -2.3526651986671745e+34
#ERR p: [383, 889], r: -6.0036449413681699e+33, e: -6.0036776161955560e+33
#ERR p: [384, 889], r: 2.3828375835138511e+34, e: 2.3828468875687318e+34
#ERR p: [385, 889], r: 8.6516190490064378e+33, e: 8.6517418946982470e+33
#ERR p: [386, 889], r: -1.8932964293611625e+34, e: -1.8933030642764675e+34
#ERR p: [387, 889], r: -1.3301051326106417e+34, e: -1.3300948134803504e+34
#ERR p: [388, 889], r: 1.9559041981158013e+34, e: 1.9558989678830127e+34
#ERR p: [389, 889], r: 1.9156783713419352e+33, e: 1.9157439461868505e+33
#ERR p: [390, 889], r: 6.4558311281366480e+33, e: 6.4556814841053157e+33
#ERR p: [391, 889], r: 2.2328868822712039e+34, e: 2.2328886077320588e+34
#ERR p: [392, 889], r: -9.0460617731689514e+32, e: -9.0470665526874614e+32
#ERR p: [393, 889], r: -4.1097024504684425e+34, e: -4.1096852707421933e+34
#ERR p: [394, 889], r: 8.4417460854119747e+32, e: 8.4416882484412589e+32
#ERR p: [395, 889], r: -3.0256059520734944e+33, e: -3.0254599900685994e+33
#ERR p: [396, 889], r: 2.5201736505904901e+32, e: 2.5209525172850792e+32
#ERR p: [397, 889], r: -7.2503600883034345e+33, e: -7.2503885145236448e+33
#ERR p: [398, 889], r: 1.0247438806196174e+34, e: 1.0247608041220920e+34
#ERR p: [399, 889], r: 1.6349545931232900e+34, e: 1.6349451224171131e+34
#ERR p: [400, 889], r: 1.1891682952341685e+34, e: 1.1891759387132920e+34
#ERR p: [401, 889], r: 2.5032408202742772e+34, e: 2.5032395463968053e+34
#ERR p: [402, 889], r: 5.2136718527169960e+34, e: 5.2136618547083542e+34
#ERR p: [403, 889], r: -4.0611618257657317e+32, e: -4.0626977723741095e+32
#ERR p: [404, 889], r: -1.3037804408600595e+34, e: -1.3037642023021221e+34
#ERR p: [405, 889], r: 3.4096160280065241e+33, e: 3.4094429894999420e+33
#ERR p: [406, 889], r: -2.4626567223805532e+34, e: -2.4626470984902384e+34
#ERR p: [407, 889], r: -3.5146420067375711e+33, e: -3.5144892174911520e+33
#ERR p: [408, 889], r: -1.7374237029976337e+34, e: -1.7374244483975074e+34
#ERR p: [409, 889], r: -5.9967717104807040e+33, e: -5.9966008574534911e+33
#ERR p: [410, 889], r: 4.9575224955081454e+32, e: 4.9588327023461777e+32
#ERR p: [411, 889], r: 1.9795386773369630e+34, e: 1.9795404941915557e+34
#ERR p: [412, 889], r: -2.4824215146948561e+34, e: -2.4824236579849061e+34
#ERR p: [413, 889], r: 2.5721441949443181e+34, e: 2.5721535543686801e+34
#ERR p: [414, 889], r: -1.0351920397077078e+34, e: -1.0351824576877521e+34
#ERR p: [415, 889], r: 2.2897390182846987e+34, e: 2.2897304514763610e+34
#ERR p: [416, 889], r: 4.4124291972646717e+33, e: 4.4123650438800954e+33
#ERR p: [417, 889], r: 1.3717951199920522e+34, e: 1.3718128046820020e+34
#ERR p: [418, 889], r: 4.5603532371549316e+32, e: 4.5599993564057164e+32
#ERR p: [419, 889], r: 2.4878886736650879e+33, e: 2.4880342172476821e+33
#ERR p: [420, 889], r: -8.5441395132291594e+33, e: -8.5439720495886640e+33
#ERR p: [421, 889], r: 9.3823846079070488e+33, e: 9.3823674799994027e+33
#ERR p: [422, 889], r: -1.1726023878436388e+34, e: -1.1726134958600182e+34
#ERR p: [423, 889], r: -1.5024218951303000e+34, e: -1.5024352060895466e+34
#ERR p: [424, 889], r: -1.4482274020483755e+34, e: -1.4482144083382661e+34
#ERR p: [425, 889], r: 4.2941894149497091e+33, e: 4.2942475287276086e+33
#ERR p: [426, 889], r: 2.0757996164274941e+33, e: 2.0758604205838226e+33
#ERR p: [427, 889], r: 3.7411756330031703e+34, e: 3.7411786867014344e+34
#ERR p: [428, 889], r: 2.3720596345360670e+34, e: 2.3720507573928886e+34
#ERR p: [429, 889], r: 1.2937710734801716e+34, e: 1.2937795176576021e+34
#ERR p: [430, 889], r: 4.5643736712799237e+34, e: 4.5643597300757714e+34
#ERR p: [431, 889], r: 1.9613595230978427e+34, e: 1.9613603679168726e+34
#ERR p: [432, 889], r: -1.2245749713138731e+34, e: -1.2245839611898790e+34
#ERR p: [433, 889], r: -7.1298746650864881e+33, e: -7.1299629443083680e+33
#ERR p: [434, 889], r: 4.5527037124244022e+33, e: 4.5525518844049885e+33
#ERR p: [435, 889], r: 1.5953961546892482e+34, e: 1.5954024397759033e+34
#ERR p: [436, 889], r: -4.8115421017374356e+32, e: -4.8119065664557815e+32
#ERR p: [437, 889], r: -3.1759904880782387e+34, e: -3.1759756848500546e+34
#ERR p: [438, 889], r: -3.4502671500958389e+34, e: -3.4502773285438673e+34
#ERR p: [439, 889], r: -3.4068276220825089e+33, e: -3.4067112575996461e+33
#ERR p: [440, 889], r: -2.4422299845173693e+31, e: -2.4340012103093290e+31
#ERR p: [441, 889], r: -4.4807545586022353e+34, e: -4.4807536183325357e+34
#ERR p: [442, 889], r: 4.2234110237534059e+34, e: 4.2234257798707786e+34
#ERR p: [443, 889], r: -2.2368856015882143e+34, e: -2.2368983220983918e+34
#ERR p: [444, 889], r: 3.9148495898010875e+32, e: 3.9147854193857668e+32
#ERR p: [445, 889], r: -9.3117355559002628e+33, e: -9.3117160617989675e+33
#ERR p: [446, 889], r: -1.1891529157441600e+34, e: -1.1891456399054302e+34
#ERR p: [447, 889], r: 5.4644187712670709e+34, e: 5.4644052255775199e+34
#ERR p: [448, 889], r: 1.4760445705957860e+34, e: 1.4760438521016624e+34
#ERR p: [449, 889], r: -9.3161461276672551e+33, e: -9.3162210491311563e+33
#ERR p: [450, 889], r: -1.7005562232382165e+34, e: -1.7005673502128794e+34
#ERR p: [451, 889], r: 4.0385415287944647e+34, e: 4.0385246692623476e+34
#ERR p: [452, 889], r: 7.1891993308826233e+33, e: 7.1891862858536043e+33
#ERR p: [453, 889], r: -1.2977078535553347e+34, e: -1.2977170355516913e+34
#ERR p: [454, 889], r: 1.5906158490242320e+34, e: 1.5906261417449447e+34
#ERR p: [455, 889], r: -4.1683595984824009e+34, e: -4.1683440557734591e+34
#ERR p: [456, 889], r: -1.2606716163079907e+34, e: -1.2606666954942099e+34
#ERR p: [457, 889], r: 2.4469561513558967e+32, e: 2.4457334016910802e+32
#ERR p: [458, 889], r: 2.3171336968866290e+34, e: 2.3171484732666254e+34
#ERR p: [459, 889], r: -4.0594360723019413e+34, e: -4.0594266501602741e+34
#ERR p: [460, 889], r: 6.5250933977244220e+33, e: 6.5251528382545007e+33
#ERR p: [461, 889], r: -1.7769028151882431e+34, e: -1.7768989137957719e+34
#ERR p: [462, 889], r: 2.8947892612775470e+34, e: 2.8948041575832867e+34
#ERR p: [463, 889], r: 4.0390628504218668e+34, e: 4.0390773495363013e+34
#ERR p: [464, 889], r: -4.3446448909032546e+34, e: -4.3446279642564762e+34
#ERR p: [465, 889], r: 2.0640808242784887e+33, e: 2.0639268415341867e+33
#ERR p: [466, 889], r: -3.2978227346004196e+34, e: -3.2978366014003767e+34
#ERR p: [467, 889], r: 2.4856449891314157e+34, e: 2.4856395872633079e+34
#ERR p: [468, 889], r: 1.1251777143120766e+34, e: 1.1251754480869458e+34
#ERR p: [469, 889], r: -1.4142156544787694e+34, e: -1.4142035925692816e+34
#ERR p: [470, 889], r: 3.2260302812038630e+34, e: 3.2260318527370587e+34
#ERR p: [471, 889], r: 1.0998470226608718e+34, e: 1.0998332822479538e+34
#ERR p: [472, 889], r: -9.4318417867122240e+33, e: -9.4318879709244385e+33
#ERR p: [473, 889], r: 1.1120089663827124e+34, e: 1.1120122704238496e+34
#ERR p: [474, 889], r: 1.2207738854073739e+34, e: 1.2207896720566459e+34
#ERR p: [475, 889], r: 1.6152634069165462e+34, e: 1.6152633096859019e+34
#ERR p: [476, 889], r: 4.0013919146046827e+34, e: 4.0013780282060422e+34
#ERR p: [477, 889], r: -7.4901893764425007e+33, e: -7.4900770537298042e+33
#ERR p: [478, 889], r: -1.4748348187811343e+34, e: -1.4748292980690301e+34
#ERR p: [479, 889], r: 3.9274339512306017e+34, e: 3.9274428804420866e+34
#ERR p: [480, 889], r: -1.3004884111827334e+34, e: -1.3004714970212067e+34
#ERR p: [481, 889], r: -9.3527903339000759e+33, e: -9.3528050039955352e+33
#ERR p: [482, 889], r: -1.9320894337819377e+34, e: -1.9320811439216329e+34
#ERR p: [483, 889], r: -1.2007015876852132e+34, e: -1.2006884449818771e+34
#ERR p: [484, 889], r: -1.3946607492915155e+34, e: -1.3946494239389755e+34
#ERR p: [485, 889], r: -3.3927365856898854e+34, e: -3.3927385981516977e+34
#ERR p: [486, 889], r: -1.4490099720042087e+34, e: -1.4490223081835700e+34
#ERR p: [487, 889], r: -3.0452223359196103e+34, e: -3.0452312675219689e+34
#ERR p: [488, 889], r: -2.7064971260240555e+34, e: -2.7064842605262420e+34
#ERR p: [489, 889], r: -3.3009458937221509e+34, e: -3.3009595646380018e+34
#ERR p: [490, 889], r: -7.8235176677177326e+33, e: -7.8235973721512880e+33
#ERR p: [491, 889], r: -3.0984043939507524e+34, e: -3.0983994113457645e+34
#ERR p: [492, 889], r: -2.1302547964699755e+34, e: -2.1302496050792895e+34
#ERR p: [493, 889], r: -1.6408963591590186e+34, e: -1.6408819412186356e+34
#ERR p: [494, 889], r: 2.2536128305155055e+34, e: 2.2535981812596858e+34
#ERR p: [495, 889], r: 1.9285662662264802e+34, e: 1.9285842203078014e+34
#ERR p: [496, 889], r: -1.8254583671647090e+33, e: -1.8254969384438636e+33
#ERR p: [497, 889], r: -7.9494891450943365e+33, e: -7.9496108197624637e+33
#ERR p: [498, 889], r: -7.5212556097374402e+33, e: -7.5210927361452483e+33
#SDC Ite:1 KerTime:0.252435 AccTime:0.828730 KerErr:1025 AccErr:1026
#ABORT too many errors per iteration
#END