#HEADER streams:1 size:1024 pyramidHeight:1 simTime:1000
#BEGIN Y:2016 M:12 D:11 Time:18:34:04
#IT Ite:0 KerTime:4.033811 AccTime:4.033811
#IT Ite:1 KerTime:3.344922 AccTime:7.378733
#IT Ite:2 KerTime:3.622684 AccTime:11.001417
#IT Ite:3 KerTime:4.815427 AccTime:15.816844
#IT Ite:4 KerTime:3.430664 AccTime:19.247508
#IT Ite:5 KerTime:3.770909 AccTime:23.018417
#IT Ite:6 KerTime:3.474993 AccTime:26.493410
#IT Ite:7 KerTime:4.083608 AccTime:30.577018
#IT Ite:8 KerTime:3.445606 AccTime:34.022624
#IT Ite:9 KerTime:3.495970 AccTime:37.518594
#IT Ite:10 KerTime:3.793188 AccTime:41.311782
#IT Ite:11 KerTime:3.471877 AccTime:44.783659
#IT Ite:12 KerTime:4.481819 AccTime:49.265478
#IT Ite:13 KerTime:3.434907 AccTime:52.700385
#IT Ite:14 KerTime:3.716449 AccTime:56.416834
#IT Ite:15 KerTime:3.419296 AccTime:59.836130
#IT Ite:16 KerTime:4.036521 AccTime:63.872651
#IT Ite:17 KerTime:3.421406 AccTime:67.294057
#IT Ite:18 KerTime:3.401700 AccTime:70.695757
#IT Ite:19 KerTime:4.866080 AccTime:75.561837
#IT Ite:20 KerTime:4.395079 AccTime:79.956916
#IT Ite:21 KerTime:7.724319 AccTime:87.681235
#IT Ite:22 KerTime:4.829731 AccTime:92.510966
#IT Ite:23 KerTime:6.333874 AccTime:98.844840
#IT Ite:24 KerTime:3.359943 AccTime:102.204783
#IT Ite:25 KerTime:5.420165 AccTime:107.624948
#IT Ite:26 KerTime:3.360998 AccTime:110.985946
#IT Ite:27 KerTime:3.350327 AccTime:114.336273
#IT Ite:28 KerTime:3.352231 AccTime:117.688504
#IT Ite:29 KerTime:3.351751 AccTime:121.040255
#IT Ite:30 KerTime:3.349892 AccTime:124.390147
#IT Ite:31 KerTime:3.353476 AccTime:127.743623
#IT Ite:32 KerTime:3.622155 AccTime:131.365778
#IT Ite:33 KerTime:3.359012 AccTime:134.724790
#IT Ite:34 KerTime:3.991866 AccTime:138.716656
#IT Ite:35 KerTime:3.356395 AccTime:142.073051
#IT Ite:36 KerTime:3.646332 AccTime:145.719383
#IT Ite:37 KerTime:3.356725 AccTime:149.076108
#IT Ite:38 KerTime:3.345905 AccTime:152.422013
#IT Ite:39 KerTime:6.330601 AccTime:158.752614
#IT Ite:40 KerTime:4.359078 AccTime:163.111692
#IT Ite:41 KerTime:4.362649 AccTime:167.474341
#IT Ite:42 KerTime:3.356871 AccTime:170.831212
#IT Ite:43 KerTime:3.354004 AccTime:174.185216
#IT Ite:44 KerTime:3.349014 AccTime:177.534230
#IT Ite:45 KerTime:3.649683 AccTime:181.183913
#IT Ite:46 KerTime:3.644361 AccTime:184.828274
#IT Ite:47 KerTime:3.365385 AccTime:188.193659
#ERR stream: 0, p: [861, 790], r: 3.0776583862304688e+02, e: 3.0776586914062500e+02
#ERR stream: 0, p: [861, 791], r: 3.0776519775390625e+02, e: 3.0776522827148438e+02
#ERR stream: 0, p: [862, 787], r: 3.0776547241210938e+02, e: 3.0776550292968750e+02
#ERR stream: 0, p: [862, 791], r: 3.0776290893554688e+02, e: 3.0776293945312500e+02
#ERR stream: 0, p: [862, 796], r: 3.0775967407226562e+02, e: 3.0775970458984375e+02
#ERR stream: 0, p: [863, 782], r: 3.0776632690429688e+02, e: 3.0776635742187500e+02
#ERR stream: 0, p: [863, 784], r: 3.0776507568359375e+02, e: 3.0776510620117188e+02
#ERR stream: 0, p: [863, 785], r: 3.0776446533203125e+02, e: 3.0776449584960938e+02
#ERR stream: 0, p: [863, 786], r: 3.0776382446289062e+02, e: 3.0776385498046875e+02
#ERR stream: 0, p: [863, 787], r: 3.0776321411132812e+02, e: 3.0776324462890625e+02
#ERR stream: 0, p: [863, 788], r: 3.0776257324218750e+02, e: 3.0776260375976562e+02
#ERR stream: 0, p: [863, 789], r: 3.0776193237304688e+02, e: 3.0776196289062500e+02
#ERR stream: 0, p: [863, 790], r: 3.0776129150390625e+02, e: 3.0776132202148438e+02
#ERR stream: 0, p: [863, 791], r: 3.0776065063476562e+02, e: 3.0776068115234375e+02
#ERR stream: 0, p: [863, 792], r: 3.0776000976562500e+02, e: 3.0776004028320312e+02
#ERR stream: 0, p: [863, 793], r: 3.0775936889648438e+02, e: 3.0775939941406250e+02
#ERR stream: 0, p: [863, 794], r: 3.0775869750976562e+02, e: 3.0775875854492188e+02
#ERR stream: 0, p: [863, 795], r: 3.0775805664062500e+02, e: 3.0775808715820312e+02
#ERR stream: 0, p: [863, 796], r: 3.0775741577148438e+02, e: 3.0775744628906250e+02
#ERR stream: 0, p: [863, 797], r: 3.0775674438476562e+02, e: 3.0775677490234375e+02
#ERR stream: 0, p: [863, 798], r: 3.0775610351562500e+02, e: 3.0775613403320312e+02
#ERR stream: 0, p: [863, 800], r: 3.0775479125976562e+02, e: 3.0775482177734375e+02
#ERR stream: 0, p: [863, 802], r: 3.0775347900390625e+02, e: 3.0775350952148438e+02
#ERR stream: 0, p: [864, 776], r: 3.0776770019531250e+02, e: 3.0776773071289062e+02
#ERR stream: 0, p: [864, 777], r: 3.0776708984375000e+02, e: 3.0776712036132812e+02
#ERR stream: 0, p: [864, 778], r: 3.0776647949218750e+02, e: 3.0776651000976562e+02
#ERR stream: 0, p: [864, 779], r: 3.0776586914062500e+02, e: 3.0776589965820312e+02
#ERR stream: 0, p: [864, 780], r: 3.0776525878906250e+02, e: 3.0776528930664062e+02
#ERR stream: 0, p: [864, 781], r: 3.0776464843750000e+02, e: 3.0776467895507812e+02
#ERR stream: 0, p: [864, 782], r: 3.0776403808593750e+02, e: 3.0776409912109375e+02
#ERR stream: 0, p: [864, 783], r: 3.0776339721679688e+02, e: 3.0776351928710938e+02
#ERR stream: 0, p: [864, 784], r: 3.0776278686523438e+02, e: 3.0776290893554688e+02
#ERR stream: 0, p: [864, 785], r: 3.0776217651367188e+02, e: 3.0776229858398438e+02
#ERR stream: 0, p: [864, 786], r: 3.0776153564453125e+02, e: 3.0776165771484375e+02
#ERR stream: 0, p: [864, 787], r: 3.0776089477539062e+02, e: 3.0776104736328125e+02
#ERR stream: 0, p: [864, 788], r: 3.0776028442382812e+02, e: 3.0776040649414062e+02
#ERR stream: 0, p: [864, 789], r: 3.0775964355468750e+02, e: 3.0775976562500000e+02
#ERR stream: 0, p: [864, 790], r: 3.0775900268554688e+02, e: 3.0775912475585938e+02
#ERR stream: 0, p: [864, 791], r: 3.0775836181640625e+02, e: 3.0775848388671875e+02
#ERR stream: 0, p: [864, 792], r: 3.0775772094726562e+02, e: 3.0775784301757812e+02
#ERR stream: 0, p: [864, 793], r: 3.0775708007812500e+02, e: 3.0775717163085938e+02
#ERR stream: 0, p: [864, 794], r: 3.0775643920898438e+02, e: 3.0775653076171875e+02
#ERR stream: 0, p: [864, 795], r: 3.0775579833984375e+02, e: 3.0775585937500000e+02
#ERR stream: 0, p: [864, 796], r: 3.0775512695312500e+02, e: 3.0775518798828125e+02
#ERR stream: 0, p: [864, 797], r: 3.0775448608398438e+02, e: 3.0775454711914062e+02
#ERR stream: 0, p: [864, 798], r: 3.0775384521484375e+02, e: 3.0775387573242188e+02
#ERR stream: 0, p: [864, 799], r: 3.0775317382812500e+02, e: 3.0775320434570312e+02
#ERR stream: 0, p: [864, 800], r: 3.0775253295898438e+02, e: 3.0775256347656250e+02
#ERR stream: 0, p: [864, 801], r: 3.0775189208984375e+02, e: 3.0775192260742188e+02
#ERR stream: 0, p: [865, 775], r: 3.0776599121093750e+02, e: 3.0776602172851562e+02
#ERR stream: 0, p: [865, 776], r: 3.0776538085937500e+02, e: 3.0776544189453125e+02
#ERR stream: 0, p: [865, 777], r: 3.0776477050781250e+02, e: 3.0776486206054688e+02
#ERR stream: 0, p: [865, 778], r: 3.0776416015625000e+02, e: 3.0776425170898438e+02
#ERR stream: 0, p: [865, 779], r: 3.0776354980468750e+02, e: 3.0776370239257812e+02
#ERR stream: 0, p: [865, 780], r: 3.0776293945312500e+02, e: 3.0776312255859375e+02
#ERR stream: 0, p: [865, 781], r: 3.0776232910156250e+02, e: 3.0776254272460938e+02
#ERR stream: 0, p: [865, 782], r: 3.0776171875000000e+02, e: 3.0776199340820312e+02
#ERR stream: 0, p: [865, 783], r: 3.0776110839843750e+02, e: 3.0776144409179688e+02
#ERR stream: 0, p: [865, 784], r: 3.0776049804687500e+02, e: 3.0776086425781250e+02
#ERR stream: 0, p: [865, 785], r: 3.0775985717773438e+02, e: 3.0776028442382812e+02
#ERR stream: 0, p: [865, 786], r: 3.0775924682617188e+02, e: 3.0775970458984375e+02
#ERR stream: 0, p: [865, 787], r: 3.0775860595703125e+02, e: 3.0775909423828125e+02
#ERR stream: 0, p: [865, 788], r: 3.0775799560546875e+02, e: 3.0775842285156250e+02
#ERR stream: 0, p: [865, 789], r: 3.0775735473632812e+02, e: 3.0775778198242188e+02
#ERR stream: 0, p: [865, 790], r: 3.0775671386718750e+02, e: 3.0775711059570312e+02
#ERR stream: 0, p: [865, 791], r: 3.0775607299804688e+02, e: 3.0775643920898438e+02
#ERR stream: 0, p: [865, 792], r: 3.0775546264648438e+02, e: 3.0775573730468750e+02
#ERR stream: 0, p: [865, 793], r: 3.0775482177734375e+02, e: 3.0775506591796875e+02
#ERR stream: 0, p: [865, 794], r: 3.0775418090820312e+02, e: 3.0775439453125000e+02
#ERR stream: 0, p: [865, 795], r: 3.0775354003906250e+02, e: 3.0775369262695312e+02
#ERR stream: 0, p: [865, 796], r: 3.0775289916992188e+02, e: 3.0775302124023438e+02
#ERR stream: 0, p: [865, 797], r: 3.0775222778320312e+02, e: 3.0775231933593750e+02
#ERR stream: 0, p: [865, 798], r: 3.0775158691406250e+02, e: 3.0775164794921875e+02
#ERR stream: 0, p: [865, 799], r: 3.0775094604492188e+02, e: 3.0775097656250000e+02
#ERR stream: 0, p: [865, 800], r: 3.0775027465820312e+02, e: 3.0775033569335938e+02
#ERR stream: 0, p: [865, 801], r: 3.0774963378906250e+02, e: 3.0774966430664062e+02
#ERR stream: 0, p: [865, 802], r: 3.0774899291992188e+02, e: 3.0774902343750000e+02
#ERR stream: 0, p: [866, 770], r: 3.0776663208007812e+02, e: 3.0776666259765625e+02
#ERR stream: 0, p: [866, 771], r: 3.0776605224609375e+02, e: 3.0776608276367188e+02
#ERR stream: 0, p: [866, 772], r: 3.0776547241210938e+02, e: 3.0776550292968750e+02
#ERR stream: 0, p: [866, 773], r: 3.0776486206054688e+02, e: 3.0776492309570312e+02
#ERR stream: 0, p: [866, 774], r: 3.0776428222656250e+02, e: 3.0776434326171875e+02
#ERR stream: 0, p: [866, 775], r: 3.0776367187500000e+02, e: 3.0776379394531250e+02
#ERR stream: 0, p: [866, 776], r: 3.0776306152343750e+02, e: 3.0776324462890625e+02
#ERR stream: 0, p: [866, 777], r: 3.0776245117187500e+02, e: 3.0776269531250000e+02
#ERR stream: 0, p: [866, 778], r: 3.0776184082031250e+02, e: 3.0776220703125000e+02
#ERR stream: 0, p: [866, 779], r: 3.0776123046875000e+02, e: 3.0776171875000000e+02
#ERR stream: 0, p: [866, 780], r: 3.0776062011718750e+02, e: 3.0776126098632812e+02
#ERR stream: 0, p: [866, 781], r: 3.0776000976562500e+02, e: 3.0776083374023438e+02
#ERR stream: 0, p: [866, 782], r: 3.0775939941406250e+02, e: 3.0776040649414062e+02
#ERR stream: 0, p: [866, 783], r: 3.0775878906250000e+02, e: 3.0775997924804688e+02
#ERR stream: 0, p: [866, 784], r: 3.0775817871093750e+02, e: 3.0775952148437500e+02
#ERR stream: 0, p: [866, 785], r: 3.0775756835937500e+02, e: 3.0775900268554688e+02
#ERR stream: 0, p: [866, 786], r: 3.0775695800781250e+02, e: 3.0775845336914062e+02
#ERR stream: 0, p: [866, 787], r: 3.0775631713867188e+02, e: 3.0775787353515625e+02
#ERR stream: 0, p: [866, 788], r: 3.0775570678710938e+02, e: 3.0775720214843750e+02
#ERR stream: 0, p: [866, 789], r: 3.0775506591796875e+02, e: 3.0775650024414062e+02
#ERR stream: 0, p: [866, 790], r: 3.0775442504882812e+02, e: 3.0775576782226562e+02
#ERR stream: 0, p: [866, 791], r: 3.0775381469726562e+02, e: 3.0775497436523438e+02
#ERR stream: 0, p: [866, 792], r: 3.0775317382812500e+02, e: 3.0775418090820312e+02
#ERR stream: 0, p: [866, 793], r: 3.0775253295898438e+02, e: 3.0775335693359375e+02
#ERR stream: 0, p: [866, 794], r: 3.0775189208984375e+02, e: 3.0775256347656250e+02
#ERR stream: 0, p: [866, 795], r: 3.0775125122070312e+02, e: 3.0775177001953125e+02
#ERR stream: 0, p: [866, 796], r: 3.0775064086914062e+02, e: 3.0775100708007812e+02
#ERR stream: 0, p: [866, 797], r: 3.0775000000000000e+02, e: 3.0775024414062500e+02
#ERR stream: 0, p: [866, 798], r: 3.0774935913085938e+02, e: 3.0774954223632812e+02
#ERR stream: 0, p: [866, 799], r: 3.0774868774414062e+02, e: 3.0774880981445312e+02
#ERR stream: 0, p: [866, 800], r: 3.0774804687500000e+02, e: 3.0774813842773438e+02
#ERR stream: 0, p: [866, 801], r: 3.0774740600585938e+02, e: 3.0774746704101562e+02
#ERR stream: 0, p: [866, 802], r: 3.0774676513671875e+02, e: 3.0774679565429688e+02
#ERR stream: 0, p: [867, 768], r: 3.0776547241210938e+02, e: 3.0776550292968750e+02
#ERR stream: 0, p: [867, 769], r: 3.0776489257812500e+02, e: 3.0776492309570312e+02
#ERR stream: 0, p: [867, 770], r: 3.0776431274414062e+02, e: 3.0776434326171875e+02
#ERR stream: 0, p: [867, 771], r: 3.0776373291015625e+02, e: 3.0776379394531250e+02
#ERR stream: 0, p: [867, 772], r: 3.0776315307617188e+02, e: 3.0776324462890625e+02
#ERR stream: 0, p: [867, 773], r: 3.0776254272460938e+02, e: 3.0776272583007812e+02
#ERR stream: 0, p: [867, 774], r: 3.0776196289062500e+02, e: 3.0776220703125000e+02
#ERR stream: 0, p: [867, 775], r: 3.0776135253906250e+02, e: 3.0776174926757812e+02
#ERR stream: 0, p: [867, 776], r: 3.0776074218750000e+02, e: 3.0776135253906250e+02
#ERR stream: 0, p: [867, 777], r: 3.0776013183593750e+02, e: 3.0776104736328125e+02
#ERR stream: 0, p: [867, 778], r: 3.0775952148437500e+02, e: 3.0776077270507812e+02
#ERR stream: 0, p: [867, 779], r: 3.0775894165039062e+02, e: 3.0776062011718750e+02
#ERR stream: 0, p: [867, 780], r: 3.0775833129882812e+02, e: 3.0776055908203125e+02
#ERR stream: 0, p: [867, 781], r: 3.0775772094726562e+02, e: 3.0776052856445312e+02
#ERR stream: 0, p: [867, 782], r: 3.0775711059570312e+02, e: 3.0776052856445312e+02
#ERR stream: 0, p: [867, 783], r: 3.0775650024414062e+02, e: 3.0776052856445312e+02
#ERR stream: 0, p: [867, 784], r: 3.0775588989257812e+02, e: 3.0776046752929688e+02
#ERR stream: 0, p: [867, 785], r: 3.0775527954101562e+02, e: 3.0776028442382812e+02
#ERR stream: 0, p: [867, 786], r: 3.0775466918945312e+02, e: 3.0775991821289062e+02
#ERR stream: 0, p: [867, 787], r: 3.0775402832031250e+02, e: 3.0775939941406250e+02
#ERR stream: 0, p: [867, 788], r: 3.0775341796875000e+02, e: 3.0775866699218750e+02
#ERR stream: 0, p: [867, 789], r: 3.0775277709960938e+02, e: 3.0775778198242188e+02
#ERR stream: 0, p: [867, 790], r: 3.0775213623046875e+02, e: 3.0775671386718750e+02
#ERR stream: 0, p: [867, 791], r: 3.0775152587890625e+02, e: 3.0775555419921875e+02
#ERR stream: 0, p: [867, 792], r: 3.0775088500976562e+02, e: 3.0775433349609375e+02
#ERR stream: 0, p: [867, 793], r: 3.0775024414062500e+02, e: 3.0775308227539062e+02
#ERR stream: 0, p: [867, 794], r: 3.0774963378906250e+02, e: 3.0775186157226562e+02
#ERR stream: 0, p: [867, 795], r: 3.0774899291992188e+02, e: 3.0775070190429688e+02
#ERR stream: 0, p: [867, 796], r: 3.0774835205078125e+02, e: 3.0774963378906250e+02
#ERR stream: 0, p: [867, 797], r: 3.0774774169921875e+02, e: 3.0774865722656250e+02
#ERR stream: 0, p: [867, 798], r: 3.0774710083007812e+02, e: 3.0774771118164062e+02
#ERR stream: 0, p: [867, 799], r: 3.0774645996093750e+02, e: 3.0774685668945312e+02
#ERR stream: 0, p: [867, 800], r: 3.0774581909179688e+02, e: 3.0774606323242188e+02
#ERR stream: 0, p: [867, 801], r: 3.0774517822265625e+02, e: 3.0774536132812500e+02
#ERR stream: 0, p: [867, 802], r: 3.0774453735351562e+02, e: 3.0774462890625000e+02
#ERR stream: 0, p: [867, 803], r: 3.0774389648437500e+02, e: 3.0774392700195312e+02
#ERR stream: 0, p: [868, 767], r: 3.0776373291015625e+02, e: 3.0776376342773438e+02
#ERR stream: 0, p: [868, 768], r: 3.0776315307617188e+02, e: 3.0776318359375000e+02
#ERR stream: 0, p: [868, 769], r: 3.0776254272460938e+02, e: 3.0776263427734375e+02
#ERR stream: 0, p: [868, 770], r: 3.0776199340820312e+02, e: 3.0776211547851562e+02
#ERR stream: 0, p: [868, 771], r: 3.0776138305664062e+02, e: 3.0776162719726562e+02
#ERR stream: 0, p: [868, 772], r: 3.0776080322265625e+02, e: 3.0776116943359375e+02
#ERR stream: 0, p: [868, 773], r: 3.0776022338867188e+02, e: 3.0776077270507812e+02
#ERR stream: 0, p: [868, 774], r: 3.0775961303710938e+02, e: 3.0776052856445312e+02
#ERR stream: 0, p: [868, 775], r: 3.0775903320312500e+02, e: 3.0776040649414062e+02
#ERR stream: 0, p: [868, 776], r: 3.0775842285156250e+02, e: 3.0776052856445312e+02
#ERR stream: 0, p: [868, 777], r: 3.0775781250000000e+02, e: 3.0776086425781250e+02
#ERR stream: 0, p: [868, 778], r: 3.0775723266601562e+02, e: 3.0776150512695312e+02
#ERR stream: 0, p: [868, 779], r: 3.0775662231445312e+02, e: 3.0776242065429688e+02
#ERR stream: 0, p: [868, 780], r: 3.0775601196289062e+02, e: 3.0776364135742188e+02
#ERR stream: 0, p: [868, 781], r: 3.0775543212890625e+02, e: 3.0776501464843750e+02
#ERR stream: 0, p: [868, 782], r: 3.0775482177734375e+02, e: 3.0776647949218750e+02
#ERR stream: 0, p: [868, 783], r: 3.0775421142578125e+02, e: 3.0776794433593750e+02
#ERR stream: 0, p: [868, 784], r: 3.0775360107421875e+02, e: 3.0776916503906250e+02
#ERR stream: 0, p: [868, 785], r: 3.0775299072265625e+02, e: 3.0777001953125000e+02
#ERR stream: 0, p: [868, 786], r: 3.0775234985351562e+02, e: 3.0777035522460938e+02
#ERR stream: 0, p: [868, 787], r: 3.0775173950195312e+02, e: 3.0777005004882812e+02
#ERR stream: 0, p: [868, 788], r: 3.0775112915039062e+02, e: 3.0776910400390625e+02
#ERR stream: 0, p: [868, 789], r: 3.0775048828125000e+02, e: 3.0776754760742188e+02
#ERR stream: 0, p: [868, 790], r: 3.0774984741210938e+02, e: 3.0776547241210938e+02
#ERR stream: 0, p: [868, 791], r: 3.0774923706054688e+02, e: 3.0776300048828125e+02
#ERR stream: 0, p: [868, 792], r: 3.0774862670898438e+02, e: 3.0776031494140625e+02
#ERR stream: 0, p: [868, 793], r: 3.0774798583984375e+02, e: 3.0775759887695312e+02
#ERR stream: 0, p: [868, 794], r: 3.0774734497070312e+02, e: 3.0775497436523438e+02
#ERR stream: 0, p: [868, 795], r: 3.0774673461914062e+02, e: 3.0775256347656250e+02
#ERR stream: 0, p: [868, 796], r: 3.0774609375000000e+02, e: 3.0775039672851562e+02
#ERR stream: 0, p: [868, 797], r: 3.0774548339843750e+02, e: 3.0774853515625000e+02
#ERR stream: 0, p: [868, 798], r: 3.0774484252929688e+02, e: 3.0774694824218750e+02
#ERR stream: 0, p: [868, 799], r: 3.0774423217773438e+02, e: 3.0774560546875000e+02
#ERR stream: 0, p: [868, 800], r: 3.0774359130859375e+02, e: 3.0774447631835938e+02
#ERR stream: 0, p: [868, 801], r: 3.0774295043945312e+02, e: 3.0774349975585938e+02
#ERR stream: 0, p: [868, 802], r: 3.0774230957031250e+02, e: 3.0774264526367188e+02
#ERR stream: 0, p: [868, 803], r: 3.0774166870117188e+02, e: 3.0774185180664062e+02
#ERR stream: 0, p: [868, 804], r: 3.0774102783203125e+02, e: 3.0774111938476562e+02
#ERR stream: 0, p: [868, 805], r: 3.0774038696289062e+02, e: 3.0774041748046875e+02
#ERR stream: 0, p: [868, 806], r: 3.0773971557617188e+02, e: 3.0773974609375000e+02
#ERR stream: 0, p: [868, 807], r: 3.0773907470703125e+02, e: 3.0773910522460938e+02
#ERR stream: 0, p: [868, 809], r: 3.0773776245117188e+02, e: 3.0773779296875000e+02
#ERR stream: 0, p: [868, 810], r: 3.0773712158203125e+02, e: 3.0773715209960938e+02
#ERR stream: 0, p: [869, 766], r: 3.0776196289062500e+02, e: 3.0776199340820312e+02
#ERR stream: 0, p: [869, 767], r: 3.0776138305664062e+02, e: 3.0776144409179688e+02
#ERR stream: 0, p: [869, 768], r: 3.0776080322265625e+02, e: 3.0776092529296875e+02
#ERR stream: 0, p: [869, 769], r: 3.0776022338867188e+02, e: 3.0776043701171875e+02
#ERR stream: 0, p: [869, 770], r: 3.0775964355468750e+02, e: 3.0776004028320312e+02
#ERR stream: 0, p: [869, 771], r: 3.0775906372070312e+02, e: 3.0775973510742188e+02
#ERR stream: 0, p: [869, 772], r: 3.0775845336914062e+02, e: 3.0775961303710938e+02
#ERR stream: 0, p: [869, 773], r: 3.0775787353515625e+02, e: 3.0775976562500000e+02
#ERR stream: 0, p: [869, 774], r: 3.0775729370117188e+02, e: 3.0776031494140625e+02
#ERR stream: 0, p: [869, 775], r: 3.0775668334960938e+02, e: 3.0776141357421875e+02
#ERR stream: 0, p: [869, 776], r: 3.0775610351562500e+02, e: 3.0776318359375000e+02
#ERR stream: 0, p: [869, 777], r: 3.0775549316406250e+02, e: 3.0776580810546875e+02
#ERR stream: 0, p: [869, 778], r: 3.0775491333007812e+02, e: 3.0776931762695312e+02
#ERR stream: 0, p: [869, 779], r: 3.0775430297851562e+02, e: 3.0777380371093750e+02
#ERR stream: 0, p: [869, 780], r: 3.0775372314453125e+02, e: 3.0777917480468750e+02
#ERR stream: 0, p: [869, 781], r: 3.0775311279296875e+02, e: 3.0778521728515625e+02
#ERR stream: 0, p: [869, 782], r: 3.0775250244140625e+02, e: 3.0779153442382812e+02
#ERR stream: 0, p: [869, 783], r: 3.0775189208984375e+02, e: 3.0779772949218750e+02
#ERR stream: 0, p: [869, 784], r: 3.0775128173828125e+02, e: 3.0780322265625000e+02
#ERR stream: 0, p: [869, 785], r: 3.0775067138671875e+02, e: 3.0780746459960938e+02
#ERR stream: 0, p: [869, 786], r: 3.0775006103515625e+02, e: 3.0780996704101562e+02
#ERR stream: 0, p: [869, 787], r: 3.0774945068359375e+02, e: 3.0781042480468750e+02
#ERR stream: 0, p: [869, 788], r: 3.0774884033203125e+02, e: 3.0780871582031250e+02
#ERR stream: 0, p: [869, 789], r: 3.0774819946289062e+02, e: 3.0780499267578125e+02
#ERR stream: 0, p: [869, 790], r: 3.0774758911132812e+02, e: 3.0779953002929688e+02
#ERR stream: 0, p: [869, 791], r: 3.0774694824218750e+02, e: 3.0779281616210938e+02
#ERR stream: 0, p: [869, 792], r: 3.0774633789062500e+02, e: 3.0778540039062500e+02
#ERR stream: 0, p: [869, 793], r: 3.0774572753906250e+02, e: 3.0777783203125000e+02
#ERR stream: 0, p: [869, 794], r: 3.0774508666992188e+02, e: 3.0777056884765625e+02
#ERR stream: 0, p: [869, 795], r: 3.0774447631835938e+02, e: 3.0776397705078125e+02
#ERR stream: 0, p: [869, 796], r: 3.0774383544921875e+02, e: 3.0775823974609375e+02
#ERR stream: 0, p: [869, 797], r: 3.0774322509765625e+02, e: 3.0775350952148438e+02
#ERR stream: 0, p: [869, 798], r: 3.0774258422851562e+02, e: 3.0774966430664062e+02
#ERR stream: 0, p: [869, 799], r: 3.0774197387695312e+02, e: 3.0774667358398438e+02
#ERR stream: 0, p: [869, 800], r: 3.0774133300781250e+02, e: 3.0774435424804688e+02
#ERR stream: 0, p: [869, 801], r: 3.0774069213867188e+02, e: 3.0774258422851562e+02
#ERR stream: 0, p: [869, 802], r: 3.0774005126953125e+02, e: 3.0774118041992188e+02
#ERR stream: 0, p: [869, 803], r: 3.0773941040039062e+02, e: 3.0774008178710938e+02
#ERR stream: 0, p: [869, 804], r: 3.0773876953125000e+02, e: 3.0773916625976562e+02
#ERR stream: 0, p: [869, 805], r: 3.0773812866210938e+02, e: 3.0773834228515625e+02
#ERR stream: 0, p: [869, 806], r: 3.0773751831054688e+02, e: 3.0773760986328125e+02
#ERR stream: 0, p: [869, 807], r: 3.0773684692382812e+02, e: 3.0773690795898438e+02
#ERR stream: 0, p: [869, 808], r: 3.0773620605468750e+02, e: 3.0773623657226562e+02
#ERR stream: 0, p: [869, 809], r: 3.0773556518554688e+02, e: 3.0773559570312500e+02
#ERR stream: 0, p: [869, 815], r: 3.0773165893554688e+02, e: 3.0773168945312500e+02
#ERR stream: 0, p: [870, 761], r: 3.0776245117187500e+02, e: 3.0776248168945312e+02
#ERR stream: 0, p: [870, 765], r: 3.0776019287109375e+02, e: 3.0776022338867188e+02
#ERR stream: 0, p: [870, 766], r: 3.0775961303710938e+02, e: 3.0775970458984375e+02
#ERR stream: 0, p: [870, 767], r: 3.0775906372070312e+02, e: 3.0775921630859375e+02
#ERR stream: 0, p: [870, 768], r: 3.0775845336914062e+02, e: 3.0775881958007812e+02
#ERR stream: 0, p: [870, 769], r: 3.0775787353515625e+02, e: 3.0775854492187500e+02
#ERR stream: 0, p: [870, 770], r: 3.0775729370117188e+02, e: 3.0775854492187500e+02
#ERR stream: 0, p: [870, 771], r: 3.0775671386718750e+02, e: 3.0775891113281250e+02
#ERR stream: 0, p: [870, 772], r: 3.0775613403320312e+02, e: 3.0775991821289062e+02
#ERR stream: 0, p: [870, 773], r: 3.0775555419921875e+02, e: 3.0776181030273438e+02
#ERR stream: 0, p: [870, 774], r: 3.0775494384765625e+02, e: 3.0776501464843750e+02
#ERR stream: 0, p: [870, 775], r: 3.0775436401367188e+02, e: 3.0776995849609375e+02
#ERR stream: 0, p: [870, 776], r: 3.0775378417968750e+02, e: 3.0777716064453125e+02
#ERR stream: 0, p: [870, 777], r: 3.0775317382812500e+02, e: 3.0778701782226562e+02
#ERR stream: 0, p: [870, 778], r: 3.0775259399414062e+02, e: 3.0779989624023438e+02
#ERR stream: 0, p: [870, 779], r: 3.0775198364257812e+02, e: 3.0781582641601562e+02
#ERR stream: 0, p: [870, 780], r: 3.0775140380859375e+02, e: 3.0783459472656250e+02
#ERR stream: 0, p: [870, 781], r: 3.0775079345703125e+02, e: 3.0785546875000000e+02
#ERR stream: 0, p: [870, 782], r: 3.0775021362304688e+02, e: 3.0787731933593750e+02
#ERR stream: 0, p: [870, 783], r: 3.0774960327148438e+02, e: 3.0789862060546875e+02
#ERR stream: 0, p: [870, 784], r: 3.0774899291992188e+02, e: 3.0791763305664062e+02
#ERR stream: 0, p: [870, 785], r: 3.0774838256835938e+02, e: 3.0793261718750000e+02
#ERR stream: 0, p: [870, 786], r: 3.0774777221679688e+02, e: 3.0794204711914062e+02
#ERR stream: 0, p: [870, 787], r: 3.0774716186523438e+02, e: 3.0794488525390625e+02
#ERR stream: 0, p: [870, 788], r: 3.0774655151367188e+02, e: 3.0794082641601562e+02
#ERR stream: 0, p: [870, 789], r: 3.0774594116210938e+02, e: 3.0793017578125000e+02
#ERR stream: 0, p: [870, 790], r: 3.0774530029296875e+02, e: 3.0791397094726562e+02
#ERR stream: 0, p: [870, 791], r: 3.0774468994140625e+02, e: 3.0789370727539062e+02
#ERR stream: 0, p: [870, 792], r: 3.0774407958984375e+02, e: 3.0787118530273438e+02
#ERR stream: 0, p: [870, 793], r: 3.0774346923828125e+02, e: 3.0784811401367188e+02
#ERR stream: 0, p: [870, 794], r: 3.0774282836914062e+02, e: 3.0782601928710938e+02
#ERR stream: 0, p: [870, 795], r: 3.0774221801757812e+02, e: 3.0780606079101562e+02
#ERR stream: 0, p: [870, 796], r: 3.0774157714843750e+02, e: 3.0778887939453125e+02
#ERR stream: 0, p: [870, 797], r: 3.0774096679687500e+02, e: 3.0777478027343750e+02
#ERR stream: 0, p: [870, 798], r: 3.0774032592773438e+02, e: 3.0776370239257812e+02
#ERR stream: 0, p: [870, 799], r: 3.0773971557617188e+02, e: 3.0775531005859375e+02
#ERR stream: 0, p: [870, 800], r: 3.0773907470703125e+02, e: 3.0774911499023438e+02
#ERR stream: 0, p: [870, 801], r: 3.0773843383789062e+02, e: 3.0774472045898438e+02
#ERR stream: 0, p: [870, 802], r: 3.0773782348632812e+02, e: 3.0774157714843750e+02
#ERR stream: 0, p: [870, 803], r: 3.0773718261718750e+02, e: 3.0773937988281250e+02
#ERR stream: 0, p: [870, 804], r: 3.0773654174804688e+02, e: 3.0773779296875000e+02
#ERR stream: 0, p: [870, 805], r: 3.0773590087890625e+02, e: 3.0773657226562500e+02
#ERR stream: 0, p: [870, 806], r: 3.0773529052734375e+02, e: 3.0773562622070312e+02
#ERR stream: 0, p: [870, 807], r: 3.0773464965820312e+02, e: 3.0773483276367188e+02
#ERR stream: 0, p: [870, 808], r: 3.0773397827148438e+02, e: 3.0773406982421875e+02
#ERR stream: 0, p: [870, 809], r: 3.0773333740234375e+02, e: 3.0773339843750000e+02
#ERR stream: 0, p: [870, 810], r: 3.0773269653320312e+02, e: 3.0773272705078125e+02
#ERR stream: 0, p: [870, 811], r: 3.0773205566406250e+02, e: 3.0773208618164062e+02
#ERR stream: 0, p: [870, 813], r: 3.0773074340820312e+02, e: 3.0773077392578125e+02
#ERR stream: 0, p: [870, 814], r: 3.0773010253906250e+02, e: 3.0773013305664062e+02
#ERR stream: 0, p: [870, 816], r: 3.0772879028320312e+02, e: 3.0772882080078125e+02
#ERR stream: 0, p: [871, 760], r: 3.0776065063476562e+02, e: 3.0776068115234375e+02
#ERR stream: 0, p: [871, 761], r: 3.0776010131835938e+02, e: 3.0776013183593750e+02
#ERR stream: 0, p: [871, 763], r: 3.0775897216796875e+02, e: 3.0775900268554688e+02
#ERR stream: 0, p: [871, 764], r: 3.0775839233398438e+02, e: 3.0775848388671875e+02
#ERR stream: 0, p: [871, 765], r: 3.0775784301757812e+02, e: 3.0775799560546875e+02
#ERR stream: 0, p: [871, 766], r: 3.0775726318359375e+02, e: 3.0775756835937500e+02
#ERR stream: 0, p: [871, 767], r: 3.0775668334960938e+02, e: 3.0775729370117188e+02
#ERR stream: 0, p: [871, 768], r: 3.0775613403320312e+02, e: 3.0775729370117188e+02
#ERR stream: 0, p: [871, 769], r: 3.0775555419921875e+02, e: 3.0775775146484375e+02
#ERR stream: 0, p: [871, 770], r: 3.0775497436523438e+02, e: 3.0775900268554688e+02
#ERR stream: 0, p: [871, 771], r: 3.0775436401367188e+02, e: 3.0776150512695312e+02
#ERR stream: 0, p: [871, 772], r: 3.0775378417968750e+02, e: 3.0776605224609375e+02
#ERR stream: 0, p: [871, 773], r: 3.0775320434570312e+02, e: 3.0777349853515625e+02
#ERR stream: 0, p: [871, 774], r: 3.0775262451171875e+02, e: 3.0778512573242188e+02
#ERR stream: 0, p: [871, 775], r: 3.0775204467773438e+02, e: 3.0780230712890625e+02
#ERR stream: 0, p: [871, 776], r: 3.0775146484375000e+02, e: 3.0782656860351562e+02
#ERR stream: 0, p: [871, 777], r: 3.0775085449218750e+02, e: 3.0785925292968750e+02
#ERR stream: 0, p: [871, 778], r: 3.0775027465820312e+02, e: 3.0790142822265625e+02
#ERR stream: 0, p: [871, 779], r: 3.0774966430664062e+02, e: 3.0795318603515625e+02
#ERR stream: 0, p: [871, 780], r: 3.0774908447265625e+02, e: 3.0801367187500000e+02
#ERR stream: 0, p: [871, 781], r: 3.0774847412109375e+02, e: 3.0808071899414062e+02
#ERR stream: 0, p: [871, 782], r: 3.0774789428710938e+02, e: 3.0815066528320312e+02
#ERR stream: 0, p: [871, 783], r: 3.0774728393554688e+02, e: 3.0821881103515625e+02
#ERR stream: 0, p: [871, 784], r: 3.0774667358398438e+02, e: 3.0827972412109375e+02
#ERR stream: 0, p: [871, 785], r: 3.0774606323242188e+02, e: 3.0832794189453125e+02
#ERR stream: 0, p: [871, 786], r: 3.0774545288085938e+02, e: 3.0835870361328125e+02
#ERR stream: 0, p: [871, 787], r: 3.0774487304687500e+02, e: 3.0836895751953125e+02
#ERR stream: 0, p: [871, 788], r: 3.0774426269531250e+02, e: 3.0835751342773438e+02
#ERR stream: 0, p: [871, 789], r: 3.0774365234375000e+02, e: 3.0832550048828125e+02
#ERR stream: 0, p: [871, 790], r: 3.0774304199218750e+02, e: 3.0827609252929688e+02
#ERR stream: 0, p: [871, 791], r: 3.0774243164062500e+02, e: 3.0821395874023438e+02
#ERR stream: 0, p: [871, 792], r: 3.0774182128906250e+02, e: 3.0814456176757812e+02
#ERR stream: 0, p: [871, 793], r: 3.0774118041992188e+02, e: 3.0807339477539062e+02
#ERR stream: 0, p: [871, 794], r: 3.0774057006835938e+02, e: 3.0800515747070312e+02
#ERR stream: 0, p: [871, 795], r: 3.0773995971679688e+02, e: 3.0794345092773438e+02
#ERR stream: 0, p: [871, 796], r: 3.0773931884765625e+02, e: 3.0789047241210938e+02
#ERR stream: 0, p: [871, 797], r: 3.0773870849609375e+02, e: 3.0784710693359375e+02
#ERR stream: 0, p: [871, 798], r: 3.0773806762695312e+02, e: 3.0781320190429688e+02
#ERR stream: 0, p: [871, 799], r: 3.0773745727539062e+02, e: 3.0778771972656250e+02
#ERR stream: 0, p: [871, 800], r: 3.0773681640625000e+02, e: 3.0776931762695312e+02
#ERR stream: 0, p: [871, 801], r: 3.0773617553710938e+02, e: 3.0775646972656250e+02
#ERR stream: 0, p: [871, 802], r: 3.0773556518554688e+02, e: 3.0774780273437500e+02
#ERR stream: 0, p: [871, 803], r: 3.0773495483398438e+02, e: 3.0774206542968750e+02
#ERR stream: 0, p: [871, 804], r: 3.0773431396484375e+02, e: 3.0773834228515625e+02
#ERR stream: 0, p: [871, 805], r: 3.0773367309570312e+02, e: 3.0773587036132812e+02
#ERR stream: 0, p: [871, 806], r: 3.0773306274414062e+02, e: 3.0773419189453125e+02
#ERR stream: 0, p: [871, 807], r: 3.0773242187500000e+02, e: 3.0773300170898438e+02
#ERR stream: 0, p: [871, 808], r: 3.0773178100585938e+02, e: 3.0773205566406250e+02
#ERR stream: 0, p: [871, 809], r: 3.0773114013671875e+02, e: 3.0773129272460938e+02
#ERR stream: 0, p: [871, 810], r: 3.0773049926757812e+02, e: 3.0773056030273438e+02
#ERR stream: 0, p: [871, 811], r: 3.0772982788085938e+02, e: 3.0772988891601562e+02
#ERR stream: 0, p: [871, 812], r: 3.0772918701171875e+02, e: 3.0772921752929688e+02
#ERR stream: 0, p: [871, 813], r: 3.0772854614257812e+02, e: 3.0772857666015625e+02
#ERR stream: 0, p: [871, 815], r: 3.0772723388671875e+02, e: 3.0772726440429688e+02
#ERR stream: 0, p: [871, 816], r: 3.0772659301757812e+02, e: 3.0772662353515625e+02
#ERR stream: 0, p: [872, 762], r: 3.0775717163085938e+02, e: 3.0775723266601562e+02
#ERR stream: 0, p: [872, 763], r: 3.0775662231445312e+02, e: 3.0775671386718750e+02
#ERR stream: 0, p: [872, 764], r: 3.0775604248046875e+02, e: 3.0775628662109375e+02
#ERR stream: 0, p: [872, 765], r: 3.0775546264648438e+02, e: 3.0775595092773438e+02
#ERR stream: 0, p: [872, 766], r: 3.0775491333007812e+02, e: 3.0775585937500000e+02
#ERR stream: 0, p: [872, 767], r: 3.0775433349609375e+02, e: 3.0775625610351562e+02
#ERR stream: 0, p: [872, 768], r: 3.0775375366210938e+02, e: 3.0775750732421875e+02
#ERR stream: 0, p: [872, 769], r: 3.0775320434570312e+02, e: 3.0776022338867188e+02
#ERR stream: 0, p: [872, 770], r: 3.0775262451171875e+02, e: 3.0776547241210938e+02
#ERR stream: 0, p: [872, 771], r: 3.0775204467773438e+02, e: 3.0777474975585938e+02
#ERR stream: 0, p: [872, 772], r: 3.0775146484375000e+02, e: 3.0779028320312500e+02
#ERR stream: 0, p: [872, 773], r: 3.0775088500976562e+02, e: 3.0781497192382812e+02
#ERR stream: 0, p: [872, 774], r: 3.0775030517578125e+02, e: 3.0785256958007812e+02
#ERR stream: 0, p: [872, 775], r: 3.0774972534179688e+02, e: 3.0790740966796875e+02
#ERR stream: 0, p: [872, 776], r: 3.0774914550781250e+02, e: 3.0798403930664062e+02
#ERR stream: 0, p: [872, 777], r: 3.0774853515625000e+02, e: 3.0808657836914062e+02
#ERR stream: 0, p: [872, 778], r: 3.0774795532226562e+02, e: 3.0821786499023438e+02
#ERR stream: 0, p: [872, 779], r: 3.0774734497070312e+02, e: 3.0837844848632812e+02
#ERR stream: 0, p: [872, 780], r: 3.0774676513671875e+02, e: 3.0856546020507812e+02
#ERR stream: 0, p: [872, 781], r: 3.0774618530273438e+02, e: 3.0877209472656250e+02
#ERR stream: 0, p: [872, 782], r: 3.0774557495117188e+02, e: 3.0898733520507812e+02
#ERR stream: 0, p: [872, 783], r: 3.0774496459960938e+02, e: 3.0919677734375000e+02
#ERR stream: 0, p: [872, 784], r: 3.0774438476562500e+02, e: 3.0938381958007812e+02
#ERR stream: 0, p: [872, 785], r: 3.0774377441406250e+02, e: 3.0953195190429688e+02
#ERR stream: 0, p: [872, 786], r: 3.0774316406250000e+02, e: 3.0962698364257812e+02
#ERR stream: 0, p: [872, 787], r: 3.0774258422851562e+02, e: 3.0965942382812500e+02
#ERR stream: 0, p: [872, 788], r: 3.0774197387695312e+02, e: 3.0962579345703125e+02
#ERR stream: 0, p: [872, 789], r: 3.0774136352539062e+02, e: 3.0952954101562500e+02
#ERR stream: 0, p: [872, 790], r: 3.0774075317382812e+02, e: 3.0938018798828125e+02
#ERR stream: 0, p: [872, 791], r: 3.0774014282226562e+02, e: 3.0919192504882812e+02
#ERR stream: 0, p: [872, 792], r: 3.0773953247070312e+02, e: 3.0898129272460938e+02
#ERR stream: 0, p: [872, 793], r: 3.0773892211914062e+02, e: 3.0876480102539062e+02
#ERR stream: 0, p: [872, 794], r: 3.0773831176757812e+02, e: 3.0855697631835938e+02
#ERR stream: 0, p: [872, 795], r: 3.0773770141601562e+02, e: 3.0836877441406250e+02
#ERR stream: 0, p: [872, 796], r: 3.0773706054687500e+02, e: 3.0820700073242188e+02
#ERR stream: 0, p: [872, 797], r: 3.0773645019531250e+02, e: 3.0807446289062500e+02
#ERR stream: 0, p: [872, 798], r: 3.0773583984375000e+02, e: 3.0797070312500000e+02
#ERR stream: 0, p: [872, 799], r: 3.0773519897460938e+02, e: 3.0789288330078125e+02
#ERR stream: 0, p: [872, 800], r: 3.0773458862304688e+02, e: 3.0783685302734375e+02
#ERR stream: 0, p: [872, 801], r: 3.0773394775390625e+02, e: 3.0779803466796875e+02
#ERR stream: 0, p: [872, 802], r: 3.0773333740234375e+02, e: 3.0777215576171875e+02
#ERR stream: 0, p: [872, 803], r: 3.0773269653320312e+02, e: 3.0775543212890625e+02
#ERR stream: 0, p: [872, 804], r: 3.0773208618164062e+02, e: 3.0774493408203125e+02
#ERR stream: 0, p: [872, 805], r: 3.0773144531250000e+02, e: 3.0773846435546875e+02
#ERR stream: 0, p: [872, 806], r: 3.0773080444335938e+02, e: 3.0773452758789062e+02
#ERR stream: 0, p: [872, 807], r: 3.0773019409179688e+02, e: 3.0773208618164062e+02
#ERR stream: 0, p: [872, 808], r: 3.0772955322265625e+02, e: 3.0773049926757812e+02
#ERR stream: 0, p: [872, 809], r: 3.0772891235351562e+02, e: 3.0772937011718750e+02
#ERR stream: 0, p: [872, 810], r: 3.0772827148437500e+02, e: 3.0772848510742188e+02
#ERR stream: 0, p: [872, 811], r: 3.0772763061523438e+02, e: 3.0772772216796875e+02
#ERR stream: 0, p: [872, 812], r: 3.0772698974609375e+02, e: 3.0772702026367188e+02
#ERR stream: 0, p: [872, 813], r: 3.0772634887695312e+02, e: 3.0772637939453125e+02
#ERR stream: 0, p: [872, 815], r: 3.0772503662109375e+02, e: 3.0772506713867188e+02
#ERR stream: 0, p: [872, 816], r: 3.0772439575195312e+02, e: 3.0772442626953125e+02
#ERR stream: 0, p: [872, 818], r: 3.0772308349609375e+02, e: 3.0772311401367188e+02
#ERR stream: 0, p: [873, 760], r: 3.0775592041015625e+02, e: 3.0775595092773438e+02
#ERR stream: 0, p: [873, 761], r: 3.0775537109375000e+02, e: 3.0775543212890625e+02
#ERR stream: 0, p: [873, 762], r: 3.0775482177734375e+02, e: 3.0775497436523438e+02
#ERR stream: 0, p: [873, 763], r: 3.0775424194335938e+02, e: 3.0775457763671875e+02
#ERR stream: 0, p: [873, 764], r: 3.0775369262695312e+02, e: 3.0775436401367188e+02
#ERR stream: 0, p: [873, 765], r: 3.0775311279296875e+02, e: 3.0775457763671875e+02
#ERR stream: 0, p: [873, 766], r: 3.0775256347656250e+02, e: 3.0775555419921875e+02
#ERR stream: 0, p: [873, 767], r: 3.0775198364257812e+02, e: 3.0775799560546875e+02
#ERR stream: 0, p: [873, 768], r: 3.0775140380859375e+02, e: 3.0776309204101562e+02
#ERR stream: 0, p: [873, 769], r: 3.0775085449218750e+02, e: 3.0777282714843750e+02
#ERR stream: 0, p: [873, 770], r: 3.0775027465820312e+02, e: 3.0779028320312500e+02
#ERR stream: 0, p: [873, 771], r: 3.0774969482421875e+02, e: 3.0782012939453125e+02
#ERR stream: 0, p: [873, 772], r: 3.0774911499023438e+02, e: 3.0786895751953125e+02
#ERR stream: 0, p: [873, 773], r: 3.0774853515625000e+02, e: 3.0794561767578125e+02
#ERR stream: 0, p: [873, 774], r: 3.0774795532226562e+02, e: 3.0806124877929688e+02
#ERR stream: 0, p: [873, 775], r: 3.0774740600585938e+02, e: 3.0822866821289062e+02
#ERR stream: 0, p: [873, 776], r: 3.0774682617187500e+02, e: 3.0846130371093750e+02
#ERR stream: 0, p: [873, 777], r: 3.0774621582031250e+02, e: 3.0877130126953125e+02
#ERR stream: 0, p: [873, 778], r: 3.0774563598632812e+02, e: 3.0916677856445312e+02
#ERR stream: 0, p: [873, 779], r: 3.0774505615234375e+02, e: 3.0964883422851562e+02
#ERR stream: 0, p: [873, 780], r: 3.0774447631835938e+02, e: 3.1020880126953125e+02
#ERR stream: 0, p: [873, 781], r: 3.0774386596679688e+02, e: 3.1082604980468750e+02
#ERR stream: 0, p: [873, 782], r: 3.0774325561523438e+02, e: 3.1146792602539062e+02
#ERR stream: 0, p: [873, 783], r: 3.0774267578125000e+02, e: 3.1209158325195312e+02
#ERR stream: 0, p: [873, 784], r: 3.0774209594726562e+02, e: 3.1264804077148438e+02
#ERR stream: 0, p: [873, 785], r: 3.0774148559570312e+02, e: 3.1308859252929688e+02
#ERR stream: 0, p: [873, 786], r: 3.0774087524414062e+02, e: 3.1337152099609375e+02
#ERR stream: 0, p: [873, 787], r: 3.0774029541015625e+02, e: 3.1346871948242188e+02
#ERR stream: 0, p: [873, 788], r: 3.0773968505859375e+02, e: 3.1337033081054688e+02
#ERR stream: 0, p: [873, 789], r: 3.0773910522460938e+02, e: 3.1308618164062500e+02
#ERR stream: 0, p: [873, 790], r: 3.0773849487304688e+02, e: 3.1264443969726562e+02
#ERR stream: 0, p: [873, 791], r: 3.0773788452148438e+02, e: 3.1208676147460938e+02
#ERR stream: 0, p: [873, 792], r: 3.0773727416992188e+02, e: 3.1146191406250000e+02
#ERR stream: 0, p: [873, 793], r: 3.0773666381835938e+02, e: 3.1081878662109375e+02
#ERR stream: 0, p: [873, 794], r: 3.0773605346679688e+02, e: 3.1020034790039062e+02
#ERR stream: 0, p: [873, 795], r: 3.0773544311523438e+02, e: 3.0963919067382812e+02
#ERR stream: 0, p: [873, 796], r: 3.0773480224609375e+02, e: 3.0915594482421875e+02
#ERR stream: 0, p: [873, 797], r: 3.0773419189453125e+02, e: 3.0875927734375000e+02
#ERR stream: 0, p: [873, 798], r: 3.0773358154296875e+02, e: 3.0844805908203125e+02
#ERR stream: 0, p: [873, 799], r: 3.0773297119140625e+02, e: 3.0821420288085938e+02
#ERR stream: 0, p: [873, 800], r: 3.0773233032226562e+02, e: 3.0804559326171875e+02
#ERR stream: 0, p: [873, 801], r: 3.0773171997070312e+02, e: 3.0792877197265625e+02
#ERR stream: 0, p: [873, 802], r: 3.0773110961914062e+02, e: 3.0785089111328125e+02
#ERR stream: 0, p: [873, 803], r: 3.0773046875000000e+02, e: 3.0780087280273438e+02
#ERR stream: 0, p: [873, 804], r: 3.0772982788085938e+02, e: 3.0776983642578125e+02
#ERR stream: 0, p: [873, 805], r: 3.0772921752929688e+02, e: 3.0775119018554688e+02
#ERR stream: 0, p: [873, 806], r: 3.0772857666015625e+02, e: 3.0774023437500000e+02
#ERR stream: 0, p: [873, 807], r: 3.0772796630859375e+02, e: 3.0773394775390625e+02
#ERR stream: 0, p: [873, 808], r: 3.0772732543945312e+02, e: 3.0773028564453125e+02
#ERR stream: 0, p: [873, 809], r: 3.0772668457031250e+02, e: 3.0772811889648438e+02
#ERR stream: 0, p: [873, 810], r: 3.0772604370117188e+02, e: 3.0772671508789062e+02
#ERR stream: 0, p: [873, 811], r: 3.0772543334960938e+02, e: 3.0772570800781250e+02
#ERR stream: 0, p: [873, 812], r: 3.0772479248046875e+02, e: 3.0772491455078125e+02
#ERR stream: 0, p: [873, 813], r: 3.0772415161132812e+02, e: 3.0772418212890625e+02
#ERR stream: 0, p: [873, 814], r: 3.0772348022460938e+02, e: 3.0772351074218750e+02
#ERR stream: 0, p: [873, 815], r: 3.0772283935546875e+02, e: 3.0772286987304688e+02
#ERR stream: 0, p: [873, 816], r: 3.0772219848632812e+02, e: 3.0772222900390625e+02
#ERR stream: 0, p: [873, 818], r: 3.0772088623046875e+02, e: 3.0772091674804688e+02
#ERR stream: 0, p: [874, 760], r: 3.0775357055664062e+02, e: 3.0775360107421875e+02
#ERR stream: 0, p: [874, 761], r: 3.0775302124023438e+02, e: 3.0775317382812500e+02
#ERR stream: 0, p: [874, 762], r: 3.0775247192382812e+02, e: 3.0775286865234375e+02
#ERR stream: 0, p: [874, 763], r: 3.0775189208984375e+02, e: 3.0775283813476562e+02
#ERR stream: 0, p: [874, 764], r: 3.0775134277343750e+02, e: 3.0775344848632812e+02
#ERR stream: 0, p: [874, 765], r: 3.0775076293945312e+02, e: 3.0775524902343750e+02
#ERR stream: 0, p: [874, 766], r: 3.0775021362304688e+02, e: 3.0775942993164062e+02
#ERR stream: 0, p: [874, 767], r: 3.0774963378906250e+02, e: 3.0776806640625000e+02
#ERR stream: 0, p: [874, 768], r: 3.0774905395507812e+02, e: 3.0778475952148438e+02
#ERR stream: 0, p: [874, 769], r: 3.0774850463867188e+02, e: 3.0781536865234375e+02
#ERR stream: 0, p: [874, 770], r: 3.0774792480468750e+02, e: 3.0786907958984375e+02
#ERR stream: 0, p: [874, 771], r: 3.0774734497070312e+02, e: 3.0795965576171875e+02
#ERR stream: 0, p: [874, 772], r: 3.0774679565429688e+02, e: 3.0810647583007812e+02
#ERR stream: 0, p: [874, 773], r: 3.0774621582031250e+02, e: 3.0833538818359375e+02
#ERR stream: 0, p: [874, 774], r: 3.0774563598632812e+02, e: 3.0867861938476562e+02
#ERR stream: 0, p: [874, 775], r: 3.0774508666992188e+02, e: 3.0917333984375000e+02
#ERR stream: 0, p: [874, 776], r: 3.0774450683593750e+02, e: 3.0985806274414062e+02
#ERR stream: 0, p: [874, 777], r: 3.0774392700195312e+02, e: 3.1076721191406250e+02
#ERR stream: 0, p: [874, 778], r: 3.0774331665039062e+02, e: 3.1192343139648438e+02
#ERR stream: 0, p: [874, 779], r: 3.0774273681640625e+02, e: 3.1332901000976562e+02
#ERR stream: 0, p: [874, 780], r: 3.0774215698242188e+02, e: 3.1495776367187500e+02
#ERR stream: 0, p: [874, 781], r: 3.0774154663085938e+02, e: 3.1674963378906250e+02
#ERR stream: 0, p: [874, 782], r: 3.0774096679687500e+02, e: 3.1860980224609375e+02
#ERR stream: 0, p: [874, 783], r: 3.0774038696289062e+02, e: 3.2041455078125000e+02
#ERR stream: 0, p: [874, 784], r: 3.0773977661132812e+02, e: 3.2202322387695312e+02
#ERR stream: 0, p: [874, 785], r: 3.0773919677734375e+02, e: 3.2329592895507812e+02
#ERR stream: 0, p: [874, 786], r: 3.0773858642578125e+02, e: 3.2411325073242188e+02
#ERR stream: 0, p: [874, 787], r: 3.0773800659179688e+02, e: 3.2439474487304688e+02
#ERR stream: 0, p: [874, 788], r: 3.0773739624023438e+02, e: 3.2411206054687500e+02
#ERR stream: 0, p: [874, 789], r: 3.0773681640625000e+02, e: 3.2329354858398438e+02
#ERR stream: 0, p: [874, 790], r: 3.0773620605468750e+02, e: 3.2201962280273438e+02
#ERR stream: 0, p: [874, 791], r: 3.0773559570312500e+02, e: 3.2040972900390625e+02
#ERR stream: 0, p: [874, 792], r: 3.0773501586914062e+02, e: 3.1860379028320312e+02
#ERR stream: 0, p: [874, 793], r: 3.0773440551757812e+02, e: 3.1674243164062500e+02
#ERR stream: 0, p: [874, 794], r: 3.0773379516601562e+02, e: 3.1494940185546875e+02
#ERR stream: 0, p: [874, 795], r: 3.0773318481445312e+02, e: 3.1331942749023438e+02
#ERR stream: 0, p: [874, 796], r: 3.0773254394531250e+02, e: 3.1191265869140625e+02
#ERR stream: 0, p: [874, 797], r: 3.0773193359375000e+02, e: 3.1075521850585938e+02
#ERR stream: 0, p: [874, 798], r: 3.0773132324218750e+02, e: 3.0984487915039062e+02
#ERR stream: 0, p: [874, 799], r: 3.0773071289062500e+02, e: 3.0915896606445312e+02
#ERR stream: 0, p: [874, 800], r: 3.0773010253906250e+02, e: 3.0866305541992188e+02
#ERR stream: 0, p: [874, 801], r: 3.0772949218750000e+02, e: 3.0831860351562500e+02
#ERR stream: 0, p: [874, 802], r: 3.0772885131835938e+02, e: 3.0808850097656250e+02
#ERR stream: 0, p: [874, 803], r: 3.0772824096679688e+02, e: 3.0794049072265625e+02
#ERR stream: 0, p: [874, 804], r: 3.0772760009765625e+02, e: 3.0784872436523438e+02
#ERR stream: 0, p: [874, 805], r: 3.0772695922851562e+02, e: 3.0779379272460938e+02
#ERR stream: 0, p: [874, 806], r: 3.0772634887695312e+02, e: 3.0776202392578125e+02
#SDC Ite:47 KerTime:3.365385 AccTime:188.193659 KerErr:7309 AccErr:7309
#ABORT too many errors per iteration
#END