#HEADER streams:1 size:1024 pyramidHeight:1 simTime:1000
#BEGIN Y:2016 M:12 D:11 Time:18:28:46
#IT Ite:0 KerTime:3.497214 AccTime:3.497214
#IT Ite:1 KerTime:3.613065 AccTime:7.110279
#IT Ite:2 KerTime:3.344434 AccTime:10.454713
#IT Ite:3 KerTime:3.353966 AccTime:13.808679
#IT Ite:4 KerTime:3.342509 AccTime:17.151188
#IT Ite:5 KerTime:4.355342 AccTime:21.506530
#IT Ite:6 KerTime:3.364000 AccTime:24.870530
#IT Ite:7 KerTime:3.644722 AccTime:28.515252
#IT Ite:8 KerTime:3.633698 AccTime:32.148950
#IT Ite:9 KerTime:3.355975 AccTime:35.504925
#IT Ite:10 KerTime:3.352945 AccTime:38.857870
#IT Ite:11 KerTime:3.641841 AccTime:42.499711
#IT Ite:12 KerTime:3.358322 AccTime:45.858033
#IT Ite:13 KerTime:3.353267 AccTime:49.211300
#IT Ite:14 KerTime:3.347995 AccTime:52.559295
#IT Ite:15 KerTime:4.382730 AccTime:56.942025
#IT Ite:16 KerTime:3.640734 AccTime:60.582759
#IT Ite:17 KerTime:5.411331 AccTime:65.994090
#IT Ite:18 KerTime:4.011900 AccTime:70.005990
#IT Ite:19 KerTime:4.354867 AccTime:74.360857
#IT Ite:20 KerTime:3.359004 AccTime:77.719861
#IT Ite:21 KerTime:3.350242 AccTime:81.070103
#IT Ite:22 KerTime:3.349989 AccTime:84.420092
#IT Ite:23 KerTime:3.354172 AccTime:87.774264
#IT Ite:24 KerTime:3.643432 AccTime:91.417696
#IT Ite:25 KerTime:4.358868 AccTime:95.776564
#IT Ite:26 KerTime:3.967283 AccTime:99.743847
#IT Ite:27 KerTime:4.821208 AccTime:104.565055
#IT Ite:28 KerTime:4.821043 AccTime:109.386098
#IT Ite:29 KerTime:5.417993 AccTime:114.804091
#IT Ite:30 KerTime:7.732184 AccTime:122.536275
#IT Ite:31 KerTime:3.359104 AccTime:125.895379
#IT Ite:32 KerTime:3.351268 AccTime:129.246647
#IT Ite:33 KerTime:3.645346 AccTime:132.891993
#IT Ite:34 KerTime:3.642509 AccTime:136.534502
#IT Ite:35 KerTime:7.685396 AccTime:144.219898
#IT Ite:36 KerTime:3.359481 AccTime:147.579379
#IT Ite:37 KerTime:3.347121 AccTime:150.926500
#IT Ite:38 KerTime:3.643853 AccTime:154.570353
#IT Ite:39 KerTime:6.327572 AccTime:160.897925
#IT Ite:40 KerTime:5.423056 AccTime:166.320981
#IT Ite:41 KerTime:3.357744 AccTime:169.678725
#IT Ite:42 KerTime:3.352614 AccTime:173.031339
#IT Ite:43 KerTime:3.370061 AccTime:176.401400
#IT Ite:44 KerTime:3.966829 AccTime:180.368229
#IT Ite:45 KerTime:4.818917 AccTime:185.187146
#IT Ite:46 KerTime:6.332464 AccTime:191.519610
#IT Ite:47 KerTime:3.355806 AccTime:194.875416
#IT Ite:48 KerTime:3.961900 AccTime:198.837316
#IT Ite:49 KerTime:3.355882 AccTime:202.193198
#IT Ite:50 KerTime:3.351843 AccTime:205.545041
#IT Ite:51 KerTime:3.351204 AccTime:208.896245
#IT Ite:52 KerTime:3.349907 AccTime:212.246152
#IT Ite:53 KerTime:3.625096 AccTime:215.871248
#ERR stream: 0, p: [93, 453], r: 3.1277658081054688e+02, e: 3.1277655029296875e+02
#ERR stream: 0, p: [97, 451], r: 3.1278387451171875e+02, e: 3.1278384399414062e+02
#ERR stream: 0, p: [97, 452], r: 3.1277166748046875e+02, e: 3.1277163696289062e+02
#ERR stream: 0, p: [98, 451], r: 3.1278231811523438e+02, e: 3.1278228759765625e+02
#ERR stream: 0, p: [98, 452], r: 3.1276922607421875e+02, e: 3.1276919555664062e+02
#ERR stream: 0, p: [98, 453], r: 3.1275613403320312e+02, e: 3.1275610351562500e+02
#ERR stream: 0, p: [98, 454], r: 3.1274310302734375e+02, e: 3.1274307250976562e+02
#ERR stream: 0, p: [98, 455], r: 3.1273080444335938e+02, e: 3.1273077392578125e+02
#ERR stream: 0, p: [98, 456], r: 3.1271969604492188e+02, e: 3.1271966552734375e+02
#ERR stream: 0, p: [98, 465], r: 3.1268261718750000e+02, e: 3.1268258666992188e+02
#ERR stream: 0, p: [99, 452], r: 3.1276718139648438e+02, e: 3.1276715087890625e+02
#ERR stream: 0, p: [99, 454], r: 3.1273934936523438e+02, e: 3.1273931884765625e+02
#ERR stream: 0, p: [99, 455], r: 3.1272619628906250e+02, e: 3.1272616577148438e+02
#ERR stream: 0, p: [99, 456], r: 3.1271426391601562e+02, e: 3.1271423339843750e+02
#ERR stream: 0, p: [99, 462], r: 3.1267147827148438e+02, e: 3.1267144775390625e+02
#ERR stream: 0, p: [99, 463], r: 3.1266970825195312e+02, e: 3.1266967773437500e+02
#ERR stream: 0, p: [100, 446], r: 3.1285284423828125e+02, e: 3.1285281372070312e+02
#ERR stream: 0, p: [100, 450], r: 3.1279513549804688e+02, e: 3.1279510498046875e+02
#ERR stream: 0, p: [100, 451], r: 3.1278036499023438e+02, e: 3.1278033447265625e+02
#ERR stream: 0, p: [100, 453], r: 3.1275073242187500e+02, e: 3.1275070190429688e+02
#ERR stream: 0, p: [100, 454], r: 3.1273602294921875e+02, e: 3.1273599243164062e+02
#ERR stream: 0, p: [100, 455], r: 3.1272204589843750e+02, e: 3.1272201538085938e+02
#ERR stream: 0, p: [100, 456], r: 3.1270932006835938e+02, e: 3.1270928955078125e+02
#ERR stream: 0, p: [100, 458], r: 3.1268780517578125e+02, e: 3.1268777465820312e+02
#ERR stream: 0, p: [100, 459], r: 3.1267913818359375e+02, e: 3.1267910766601562e+02
#ERR stream: 0, p: [100, 461], r: 3.1266635131835938e+02, e: 3.1266632080078125e+02
#ERR stream: 0, p: [100, 462], r: 3.1266235351562500e+02, e: 3.1266232299804688e+02
#ERR stream: 0, p: [100, 463], r: 3.1266003417968750e+02, e: 3.1266000366210938e+02
#ERR stream: 0, p: [100, 465], r: 3.1266070556640625e+02, e: 3.1266067504882812e+02
#ERR stream: 0, p: [101, 444], r: 3.1288540649414062e+02, e: 3.1288537597656250e+02
#ERR stream: 0, p: [101, 445], r: 3.1287112426757812e+02, e: 3.1287109375000000e+02
#ERR stream: 0, p: [101, 446], r: 3.1285647583007812e+02, e: 3.1285644531250000e+02
#ERR stream: 0, p: [101, 447], r: 3.1284155273437500e+02, e: 3.1284152221679688e+02
#ERR stream: 0, p: [101, 451], r: 3.1277999877929688e+02, e: 3.1277996826171875e+02
#ERR stream: 0, p: [101, 454], r: 3.1273315429687500e+02, e: 3.1273312377929688e+02
#ERR stream: 0, p: [101, 455], r: 3.1271835327148438e+02, e: 3.1271832275390625e+02
#ERR stream: 0, p: [101, 456], r: 3.1270483398437500e+02, e: 3.1270477294921875e+02
#ERR stream: 0, p: [101, 457], r: 3.1269259643554688e+02, e: 3.1269256591796875e+02
#ERR stream: 0, p: [101, 458], r: 3.1268179321289062e+02, e: 3.1268176269531250e+02
#ERR stream: 0, p: [101, 462], r: 3.1265377807617188e+02, e: 3.1265374755859375e+02
#ERR stream: 0, p: [102, 445], r: 3.1287579345703125e+02, e: 3.1287576293945312e+02
#ERR stream: 0, p: [102, 446], r: 3.1286041259765625e+02, e: 3.1286038208007812e+02
#ERR stream: 0, p: [102, 447], r: 3.1284475708007812e+02, e: 3.1284469604492188e+02
#ERR stream: 0, p: [102, 448], r: 3.1282882690429688e+02, e: 3.1282879638671875e+02
#ERR stream: 0, p: [102, 449], r: 3.1281271362304688e+02, e: 3.1281268310546875e+02
#ERR stream: 0, p: [102, 451], r: 3.1278002929687500e+02, e: 3.1277999877929688e+02
#ERR stream: 0, p: [102, 453], r: 3.1274710083007812e+02, e: 3.1274707031250000e+02
#ERR stream: 0, p: [102, 454], r: 3.1273071289062500e+02, e: 3.1273068237304688e+02
#ERR stream: 0, p: [102, 455], r: 3.1271508789062500e+02, e: 3.1271505737304688e+02
#ERR stream: 0, p: [102, 456], r: 3.1270077514648438e+02, e: 3.1270071411132812e+02
#ERR stream: 0, p: [102, 457], r: 3.1268777465820312e+02, e: 3.1268774414062500e+02
#ERR stream: 0, p: [102, 458], r: 3.1267626953125000e+02, e: 3.1267623901367188e+02
#ERR stream: 0, p: [102, 460], r: 3.1265774536132812e+02, e: 3.1265771484375000e+02
#ERR stream: 0, p: [102, 461], r: 3.1265090942382812e+02, e: 3.1265087890625000e+02
#ERR stream: 0, p: [102, 462], r: 3.1264575195312500e+02, e: 3.1264572143554688e+02
#ERR stream: 0, p: [102, 464], r: 3.1264080810546875e+02, e: 3.1264077758789062e+02
#ERR stream: 0, p: [103, 445], r: 3.1288073730468750e+02, e: 3.1288070678710938e+02
#ERR stream: 0, p: [103, 446], r: 3.1286468505859375e+02, e: 3.1286465454101562e+02
#ERR stream: 0, p: [103, 447], r: 3.1284829711914062e+02, e: 3.1284823608398438e+02
#ERR stream: 0, p: [103, 448], r: 3.1283163452148438e+02, e: 3.1283160400390625e+02
#ERR stream: 0, p: [103, 449], r: 3.1281475830078125e+02, e: 3.1281472778320312e+02
#ERR stream: 0, p: [103, 450], r: 3.1279772949218750e+02, e: 3.1279769897460938e+02
#ERR stream: 0, p: [103, 451], r: 3.1278054809570312e+02, e: 3.1278051757812500e+02
#ERR stream: 0, p: [103, 452], r: 3.1276324462890625e+02, e: 3.1276321411132812e+02
#ERR stream: 0, p: [103, 453], r: 3.1274597167968750e+02, e: 3.1274591064453125e+02
#ERR stream: 0, p: [103, 454], r: 3.1272869873046875e+02, e: 3.1272866821289062e+02
#ERR stream: 0, p: [103, 455], r: 3.1271224975585938e+02, e: 3.1271218872070312e+02
#ERR stream: 0, p: [103, 456], r: 3.1269714355468750e+02, e: 3.1269708251953125e+02
#ERR stream: 0, p: [103, 457], r: 3.1268341064453125e+02, e: 3.1268338012695312e+02
#ERR stream: 0, p: [103, 458], r: 3.1267120361328125e+02, e: 3.1267117309570312e+02
#ERR stream: 0, p: [103, 460], r: 3.1265139770507812e+02, e: 3.1265136718750000e+02
#ERR stream: 0, p: [103, 461], r: 3.1264398193359375e+02, e: 3.1264395141601562e+02
#ERR stream: 0, p: [103, 463], r: 3.1263436889648438e+02, e: 3.1263433837890625e+02
#ERR stream: 0, p: [103, 465], r: 3.1263226318359375e+02, e: 3.1263223266601562e+02
#ERR stream: 0, p: [104, 445], r: 3.1288589477539062e+02, e: 3.1288586425781250e+02
#ERR stream: 0, p: [104, 447], r: 3.1285205078125000e+02, e: 3.1285202026367188e+02
#ERR stream: 0, p: [104, 448], r: 3.1283471679687500e+02, e: 3.1283465576171875e+02
#ERR stream: 0, p: [104, 449], r: 3.1281710815429688e+02, e: 3.1281707763671875e+02
#ERR stream: 0, p: [104, 450], r: 3.1279931640625000e+02, e: 3.1279928588867188e+02
#ERR stream: 0, p: [104, 451], r: 3.1278140258789062e+02, e: 3.1278134155273438e+02
#ERR stream: 0, p: [104, 452], r: 3.1276333618164062e+02, e: 3.1276327514648438e+02
#ERR stream: 0, p: [104, 453], r: 3.1274523925781250e+02, e: 3.1274520874023438e+02
#ERR stream: 0, p: [104, 454], r: 3.1272708129882812e+02, e: 3.1272705078125000e+02
#ERR stream: 0, p: [104, 455], r: 3.1270977783203125e+02, e: 3.1270971679687500e+02
#ERR stream: 0, p: [104, 456], r: 3.1269390869140625e+02, e: 3.1269384765625000e+02
#ERR stream: 0, p: [104, 457], r: 3.1267947387695312e+02, e: 3.1267944335937500e+02
#ERR stream: 0, p: [104, 460], r: 3.1264553833007812e+02, e: 3.1264550781250000e+02
#ERR stream: 0, p: [104, 461], r: 3.1263754272460938e+02, e: 3.1263751220703125e+02
#ERR stream: 0, p: [104, 463], r: 3.1262692260742188e+02, e: 3.1262689208984375e+02
#ERR stream: 0, p: [105, 447], r: 3.1285574340820312e+02, e: 3.1285571289062500e+02
#ERR stream: 0, p: [105, 448], r: 3.1283770751953125e+02, e: 3.1283767700195312e+02
#ERR stream: 0, p: [105, 449], r: 3.1281942749023438e+02, e: 3.1281936645507812e+02
#ERR stream: 0, p: [105, 450], r: 3.1280096435546875e+02, e: 3.1280087280273438e+02
#ERR stream: 0, p: [105, 451], r: 3.1278231811523438e+02, e: 3.1278222656250000e+02
#ERR stream: 0, p: [105, 452], r: 3.1276351928710938e+02, e: 3.1276342773437500e+02
#ERR stream: 0, p: [105, 453], r: 3.1274462890625000e+02, e: 3.1274456787109375e+02
#ERR stream: 0, p: [105, 454], r: 3.1272573852539062e+02, e: 3.1272564697265625e+02
#ERR stream: 0, p: [105, 455], r: 3.1270764160156250e+02, e: 3.1270758056640625e+02
#ERR stream: 0, p: [105, 456], r: 3.1269104003906250e+02, e: 3.1269097900390625e+02
#ERR stream: 0, p: [105, 457], r: 3.1267593383789062e+02, e: 3.1267587280273438e+02
#ERR stream: 0, p: [105, 458], r: 3.1266238403320312e+02, e: 3.1266235351562500e+02
#ERR stream: 0, p: [105, 459], r: 3.1265042114257812e+02, e: 3.1265039062500000e+02
#ERR stream: 0, p: [105, 460], r: 3.1264013671875000e+02, e: 3.1264010620117188e+02
#ERR stream: 0, p: [105, 461], r: 3.1263159179687500e+02, e: 3.1263156127929688e+02
#ERR stream: 0, p: [105, 462], r: 3.1262487792968750e+02, e: 3.1262484741210938e+02
#ERR stream: 0, p: [106, 435], r: 3.1304965209960938e+02, e: 3.1304962158203125e+02
#ERR stream: 0, p: [106, 444], r: 3.1291336059570312e+02, e: 3.1291333007812500e+02
#ERR stream: 0, p: [106, 445], r: 3.1289575195312500e+02, e: 3.1289569091796875e+02
#ERR stream: 0, p: [106, 446], r: 3.1287774658203125e+02, e: 3.1287768554687500e+02
#ERR stream: 0, p: [106, 447], r: 3.1285934448242188e+02, e: 3.1285928344726562e+02
#ERR stream: 0, p: [106, 448], r: 3.1284066772460938e+02, e: 3.1284060668945312e+02
#ERR stream: 0, p: [106, 449], r: 3.1282174682617188e+02, e: 3.1282165527343750e+02
#ERR stream: 0, p: [106, 450], r: 3.1280258178710938e+02, e: 3.1280249023437500e+02
#ERR stream: 0, p: [106, 451], r: 3.1278326416015625e+02, e: 3.1278314208984375e+02
#ERR stream: 0, p: [106, 452], r: 3.1276376342773438e+02, e: 3.1276364135742188e+02
#ERR stream: 0, p: [106, 453], r: 3.1274420166015625e+02, e: 3.1274411010742188e+02
#ERR stream: 0, p: [106, 454], r: 3.1272457885742188e+02, e: 3.1272448730468750e+02
#ERR stream: 0, p: [106, 455], r: 3.1270581054687500e+02, e: 3.1270571899414062e+02
#ERR stream: 0, p: [106, 456], r: 3.1268850708007812e+02, e: 3.1268844604492188e+02
#ERR stream: 0, p: [106, 457], r: 3.1267276000976562e+02, e: 3.1267269897460938e+02
#ERR stream: 0, p: [106, 458], r: 3.1265859985351562e+02, e: 3.1265853881835938e+02
#ERR stream: 0, p: [106, 459], r: 3.1264605712890625e+02, e: 3.1264599609375000e+02
#ERR stream: 0, p: [106, 460], r: 3.1263522338867188e+02, e: 3.1263519287109375e+02
#ERR stream: 0, p: [106, 461], r: 3.1262615966796875e+02, e: 3.1262612915039062e+02
#ERR stream: 0, p: [106, 462], r: 3.1261892700195312e+02, e: 3.1261889648437500e+02
#ERR stream: 0, p: [107, 433], r: 3.1308435058593750e+02, e: 3.1308432006835938e+02
#ERR stream: 0, p: [107, 434], r: 3.1307229614257812e+02, e: 3.1307226562500000e+02
#ERR stream: 0, p: [107, 435], r: 3.1305960083007812e+02, e: 3.1305957031250000e+02
#ERR stream: 0, p: [107, 436], r: 3.1304626464843750e+02, e: 3.1304623413085938e+02
#ERR stream: 0, p: [107, 441], r: 3.1297061157226562e+02, e: 3.1297058105468750e+02
#ERR stream: 0, p: [107, 442], r: 3.1295379638671875e+02, e: 3.1295376586914062e+02
#ERR stream: 0, p: [107, 443], r: 3.1293649291992188e+02, e: 3.1293646240234375e+02
#ERR stream: 0, p: [107, 444], r: 3.1291870117187500e+02, e: 3.1291864013671875e+02
#ERR stream: 0, p: [107, 445], r: 3.1290051269531250e+02, e: 3.1290042114257812e+02
#ERR stream: 0, p: [107, 446], r: 3.1288189697265625e+02, e: 3.1288180541992188e+02
#ERR stream: 0, p: [107, 447], r: 3.1286288452148438e+02, e: 3.1286282348632812e+02
#ERR stream: 0, p: [107, 448], r: 3.1284359741210938e+02, e: 3.1284350585937500e+02
#ERR stream: 0, p: [107, 449], r: 3.1282403564453125e+02, e: 3.1282394409179688e+02
#ERR stream: 0, p: [107, 450], r: 3.1280426025390625e+02, e: 3.1280413818359375e+02
#ERR stream: 0, p: [107, 451], r: 3.1278427124023438e+02, e: 3.1278414916992188e+02
#ERR stream: 0, p: [107, 452], r: 3.1276416015625000e+02, e: 3.1276400756835938e+02
#ERR stream: 0, p: [107, 453], r: 3.1274392700195312e+02, e: 3.1274377441406250e+02
#ERR stream: 0, p: [107, 454], r: 3.1272366333007812e+02, e: 3.1272351074218750e+02
#ERR stream: 0, p: [107, 455], r: 3.1270422363281250e+02, e: 3.1270413208007812e+02
#ERR stream: 0, p: [107, 456], r: 3.1268630981445312e+02, e: 3.1268621826171875e+02
#ERR stream: 0, p: [107, 457], r: 3.1266995239257812e+02, e: 3.1266989135742188e+02
#ERR stream: 0, p: [107, 458], r: 3.1265521240234375e+02, e: 3.1265512084960938e+02
#ERR stream: 0, p: [107, 459], r: 3.1264212036132812e+02, e: 3.1264205932617188e+02
#ERR stream: 0, p: [107, 460], r: 3.1263076782226562e+02, e: 3.1263070678710938e+02
#ERR stream: 0, p: [107, 461], r: 3.1262118530273438e+02, e: 3.1262112426757812e+02
#ERR stream: 0, p: [107, 462], r: 3.1261349487304688e+02, e: 3.1261346435546875e+02
#ERR stream: 0, p: [108, 436], r: 3.1305541992187500e+02, e: 3.1305538940429688e+02
#ERR stream: 0, p: [108, 437], r: 3.1304101562500000e+02, e: 3.1304098510742188e+02
#ERR stream: 0, p: [108, 441], r: 3.1297735595703125e+02, e: 3.1297729492187500e+02
#ERR stream: 0, p: [108, 442], r: 3.1296002197265625e+02, e: 3.1295999145507812e+02
#ERR stream: 0, p: [108, 443], r: 3.1294219970703125e+02, e: 3.1294216918945312e+02
#ERR stream: 0, p: [108, 444], r: 3.1292385864257812e+02, e: 3.1292382812500000e+02
#ERR stream: 0, p: [108, 445], r: 3.1290512084960938e+02, e: 3.1290505981445312e+02
#ERR stream: 0, p: [108, 446], r: 3.1288595581054688e+02, e: 3.1288586425781250e+02
#ERR stream: 0, p: [108, 447], r: 3.1286639404296875e+02, e: 3.1286627197265625e+02
#ERR stream: 0, p: [108, 448], r: 3.1284652709960938e+02, e: 3.1284640502929688e+02
#ERR stream: 0, p: [108, 449], r: 3.1282638549804688e+02, e: 3.1282620239257812e+02
#ERR stream: 0, p: [108, 450], r: 3.1280599975585938e+02, e: 3.1280581665039062e+02
#ERR stream: 0, p: [108, 451], r: 3.1278540039062500e+02, e: 3.1278521728515625e+02
#ERR stream: 0, p: [108, 452], r: 3.1276464843750000e+02, e: 3.1276446533203125e+02
#ERR stream: 0, p: [108, 453], r: 3.1274383544921875e+02, e: 3.1274365234375000e+02
#ERR stream: 0, p: [108, 454], r: 3.1272293090820312e+02, e: 3.1272277832031250e+02
#ERR stream: 0, p: [108, 455], r: 3.1270291137695312e+02, e: 3.1270278930664062e+02
#ERR stream: 0, p: [108, 456], r: 3.1268441772460938e+02, e: 3.1268429565429688e+02
#ERR stream: 0, p: [108, 457], r: 3.1266751098632812e+02, e: 3.1266738891601562e+02
#ERR stream: 0, p: [108, 458], r: 3.1265219116210938e+02, e: 3.1265209960937500e+02
#ERR stream: 0, p: [108, 459], r: 3.1263858032226562e+02, e: 3.1263848876953125e+02
#ERR stream: 0, p: [108, 460], r: 3.1262673950195312e+02, e: 3.1262664794921875e+02
#ERR stream: 0, p: [108, 461], r: 3.1261666870117188e+02, e: 3.1261660766601562e+02
#ERR stream: 0, p: [108, 462], r: 3.1260852050781250e+02, e: 3.1260848999023438e+02
#ERR stream: 0, p: [108, 463], r: 3.1260232543945312e+02, e: 3.1260229492187500e+02
#ERR stream: 0, p: [109, 441], r: 3.1298385620117188e+02, e: 3.1298382568359375e+02
#ERR stream: 0, p: [109, 442], r: 3.1296606445312500e+02, e: 3.1296603393554688e+02
#ERR stream: 0, p: [109, 443], r: 3.1294775390625000e+02, e: 3.1294769287109375e+02
#ERR stream: 0, p: [109, 444], r: 3.1292889404296875e+02, e: 3.1292883300781250e+02
#ERR stream: 0, p: [109, 445], r: 3.1290963745117188e+02, e: 3.1290954589843750e+02
#ERR stream: 0, p: [109, 446], r: 3.1288995361328125e+02, e: 3.1288980102539062e+02
#ERR stream: 0, p: [109, 447], r: 3.1286984252929688e+02, e: 3.1286968994140625e+02
#ERR stream: 0, p: [109, 448], r: 3.1284942626953125e+02, e: 3.1284927368164062e+02
#ERR stream: 0, p: [109, 449], r: 3.1282870483398438e+02, e: 3.1282852172851562e+02
#ERR stream: 0, p: [109, 450], r: 3.1280776977539062e+02, e: 3.1280755615234375e+02
#ERR stream: 0, p: [109, 451], r: 3.1278662109375000e+02, e: 3.1278637695312500e+02
#ERR stream: 0, p: [109, 452], r: 3.1276528930664062e+02, e: 3.1276507568359375e+02
#ERR stream: 0, p: [109, 453], r: 3.1274389648437500e+02, e: 3.1274368286132812e+02
#ERR stream: 0, p: [109, 454], r: 3.1272244262695312e+02, e: 3.1272225952148438e+02
#ERR stream: 0, p: [109, 455], r: 3.1270187377929688e+02, e: 3.1270169067382812e+02
#ERR stream: 0, p: [109, 456], r: 3.1268283081054688e+02, e: 3.1268267822265625e+02
#ERR stream: 0, p: [109, 457], r: 3.1266537475585938e+02, e: 3.1266522216796875e+02
#ERR stream: 0, p: [109, 458], r: 3.1264953613281250e+02, e: 3.1264941406250000e+02
#ERR stream: 0, p: [109, 459], r: 3.1263543701171875e+02, e: 3.1263534545898438e+02
#ERR stream: 0, p: [109, 460], r: 3.1262310791015625e+02, e: 3.1262301635742188e+02
#ERR stream: 0, p: [109, 461], r: 3.1261260986328125e+02, e: 3.1261254882812500e+02
#ERR stream: 0, p: [109, 462], r: 3.1260403442382812e+02, e: 3.1260400390625000e+02
#ERR stream: 0, p: [109, 463], r: 3.1259744262695312e+02, e: 3.1259741210937500e+02
#ERR stream: 0, p: [109, 465], r: 3.1259057617187500e+02, e: 3.1259054565429688e+02
#ERR stream: 0, p: [110, 434], r: 3.1310116577148438e+02, e: 3.1310113525390625e+02
#ERR stream: 0, p: [110, 435], r: 3.1308728027343750e+02, e: 3.1308724975585938e+02
#ERR stream: 0, p: [110, 436], r: 3.1307269287109375e+02, e: 3.1307266235351562e+02
#ERR stream: 0, p: [110, 437], r: 3.1305746459960938e+02, e: 3.1305743408203125e+02
#ERR stream: 0, p: [110, 440], r: 3.1300796508789062e+02, e: 3.1300793457031250e+02
#ERR stream: 0, p: [110, 441], r: 3.1299020385742188e+02, e: 3.1299014282226562e+02
#ERR stream: 0, p: [110, 442], r: 3.1297195434570312e+02, e: 3.1297186279296875e+02
#ERR stream: 0, p: [110, 443], r: 3.1295315551757812e+02, e: 3.1295306396484375e+02
#ERR stream: 0, p: [110, 444], r: 3.1293383789062500e+02, e: 3.1293371582031250e+02
#ERR stream: 0, p: [110, 445], r: 3.1291406250000000e+02, e: 3.1291394042968750e+02
#ERR stream: 0, p: [110, 446], r: 3.1289389038085938e+02, e: 3.1289370727539062e+02
#ERR stream: 0, p: [110, 447], r: 3.1287326049804688e+02, e: 3.1287307739257812e+02
#ERR stream: 0, p: [110, 448], r: 3.1285232543945312e+02, e: 3.1285211181640625e+02
#ERR stream: 0, p: [110, 449], r: 3.1283108520507812e+02, e: 3.1283084106445312e+02
#ERR stream: 0, p: [110, 450], r: 3.1280960083007812e+02, e: 3.1280935668945312e+02
#ERR stream: 0, p: [110, 451], r: 3.1278793334960938e+02, e: 3.1278765869140625e+02
#ERR stream: 0, p: [110, 452], r: 3.1276608276367188e+02, e: 3.1276580810546875e+02
#ERR stream: 0, p: [110, 453], r: 3.1274414062500000e+02, e: 3.1274389648437500e+02
#ERR stream: 0, p: [110, 454], r: 3.1272216796875000e+02, e: 3.1272192382812500e+02
#ERR stream: 0, p: [110, 455], r: 3.1270108032226562e+02, e: 3.1270086669921875e+02
#ERR stream: 0, p: [110, 456], r: 3.1268151855468750e+02, e: 3.1268133544921875e+02
#ERR stream: 0, p: [110, 457], r: 3.1266357421875000e+02, e: 3.1266339111328125e+02
#ERR stream: 0, p: [110, 458], r: 3.1264724731445312e+02, e: 3.1264709472656250e+02
#ERR stream: 0, p: [110, 459], r: 3.1263269042968750e+02, e: 3.1263256835937500e+02
#ERR stream: 0, p: [110, 460], r: 3.1261990356445312e+02, e: 3.1261981201171875e+02
#ERR stream: 0, p: [110, 461], r: 3.1260897827148438e+02, e: 3.1260891723632812e+02
#ERR stream: 0, p: [110, 462], r: 3.1260000610351562e+02, e: 3.1259997558593750e+02
#ERR stream: 0, p: [110, 463], r: 3.1259304809570312e+02, e: 3.1259301757812500e+02
#ERR stream: 0, p: [110, 464], r: 3.1258819580078125e+02, e: 3.1258813476562500e+02
#ERR stream: 0, p: [110, 465], r: 3.1258547973632812e+02, e: 3.1258544921875000e+02
#ERR stream: 0, p: [110, 466], r: 3.1258502197265625e+02, e: 3.1258499145507812e+02
#ERR stream: 0, p: [111, 436], r: 3.1308084106445312e+02, e: 3.1308081054687500e+02
#ERR stream: 0, p: [111, 437], r: 3.1306521606445312e+02, e: 3.1306518554687500e+02
#ERR stream: 0, p: [111, 438], r: 3.1304895019531250e+02, e: 3.1304891967773438e+02
#ERR stream: 0, p: [111, 439], r: 3.1303204345703125e+02, e: 3.1303201293945312e+02
#ERR stream: 0, p: [111, 440], r: 3.1301452636718750e+02, e: 3.1301446533203125e+02
#ERR stream: 0, p: [111, 441], r: 3.1299633789062500e+02, e: 3.1299627685546875e+02
#ERR stream: 0, p: [111, 442], r: 3.1297763061523438e+02, e: 3.1297753906250000e+02
#ERR stream: 0, p: [111, 443], r: 3.1295837402343750e+02, e: 3.1295828247070312e+02
#ERR stream: 0, p: [111, 444], r: 3.1293862915039062e+02, e: 3.1293847656250000e+02
#ERR stream: 0, p: [111, 445], r: 3.1291839599609375e+02, e: 3.1291821289062500e+02
#ERR stream: 0, p: [111, 446], r: 3.1289773559570312e+02, e: 3.1289752197265625e+02
#ERR stream: 0, p: [111, 447], r: 3.1287664794921875e+02, e: 3.1287640380859375e+02
#ERR stream: 0, p: [111, 448], r: 3.1285522460937500e+02, e: 3.1285494995117188e+02
#ERR stream: 0, p: [111, 449], r: 3.1283352661132812e+02, e: 3.1283319091796875e+02
#ERR stream: 0, p: [111, 450], r: 3.1281155395507812e+02, e: 3.1281118774414062e+02
#ERR stream: 0, p: [111, 451], r: 3.1278936767578125e+02, e: 3.1278900146484375e+02
#ERR stream: 0, p: [111, 452], r: 3.1276702880859375e+02, e: 3.1276666259765625e+02
#ERR stream: 0, p: [111, 453], r: 3.1274459838867188e+02, e: 3.1274426269531250e+02
#ERR stream: 0, p: [111, 454], r: 3.1272210693359375e+02, e: 3.1272180175781250e+02
#ERR stream: 0, p: [111, 455], r: 3.1270056152343750e+02, e: 3.1270025634765625e+02
#ERR stream: 0, p: [111, 456], r: 3.1268054199218750e+02, e: 3.1268023681640625e+02
#ERR stream: 0, p: [111, 457], r: 3.1266210937500000e+02, e: 3.1266186523437500e+02
#ERR stream: 0, p: [111, 458], r: 3.1264532470703125e+02, e: 3.1264514160156250e+02
#ERR stream: 0, p: [111, 459], r: 3.1263034057617188e+02, e: 3.1263018798828125e+02
#ERR stream: 0, p: [111, 460], r: 3.1261712646484375e+02, e: 3.1261700439453125e+02
#ERR stream: 0, p: [111, 461], r: 3.1260580444335938e+02, e: 3.1260574340820312e+02
#ERR stream: 0, p: [111, 462], r: 3.1259643554687500e+02, e: 3.1259637451171875e+02
#ERR stream: 0, p: [111, 463], r: 3.1258914184570312e+02, e: 3.1258908081054688e+02
#ERR stream: 0, p: [111, 464], r: 3.1258392333984375e+02, e: 3.1258386230468750e+02
#ERR stream: 0, p: [111, 465], r: 3.1258090209960938e+02, e: 3.1258084106445312e+02
#ERR stream: 0, p: [111, 466], r: 3.1258013916015625e+02, e: 3.1258010864257812e+02
#ERR stream: 0, p: [112, 434], r: 3.1311853027343750e+02, e: 3.1311849975585938e+02
#ERR stream: 0, p: [112, 435], r: 3.1310394287109375e+02, e: 3.1310391235351562e+02
#ERR stream: 0, p: [112, 436], r: 3.1308865356445312e+02, e: 3.1308862304687500e+02
#ERR stream: 0, p: [112, 437], r: 3.1307269287109375e+02, e: 3.1307263183593750e+02
#ERR stream: 0, p: [112, 438], r: 3.1305603027343750e+02, e: 3.1305599975585938e+02
#ERR stream: 0, p: [112, 439], r: 3.1303875732421875e+02, e: 3.1303869628906250e+02
#ERR stream: 0, p: [112, 440], r: 3.1302084350585938e+02, e: 3.1302075195312500e+02
#ERR stream: 0, p: [112, 441], r: 3.1300225830078125e+02, e: 3.1300216674804688e+02
#ERR stream: 0, p: [112, 442], r: 3.1298312377929688e+02, e: 3.1298300170898438e+02
#ERR stream: 0, p: [112, 443], r: 3.1296347045898438e+02, e: 3.1296331787109375e+02
#ERR stream: 0, p: [112, 444], r: 3.1294329833984375e+02, e: 3.1294311523437500e+02
#ERR stream: 0, p: [112, 445], r: 3.1292263793945312e+02, e: 3.1292242431640625e+02
#ERR stream: 0, p: [112, 446], r: 3.1290151977539062e+02, e: 3.1290127563476562e+02
#ERR stream: 0, p: [112, 447], r: 3.1288000488281250e+02, e: 3.1287969970703125e+02
#ERR stream: 0, p: [112, 448], r: 3.1285812377929688e+02, e: 3.1285778808593750e+02
#ERR stream: 0, p: [112, 449], r: 3.1283593750000000e+02, e: 3.1283560180664062e+02
#ERR stream: 0, p: [112, 450], r: 3.1281353759765625e+02, e: 3.1281314086914062e+02
#ERR stream: 0, p: [112, 451], r: 3.1279089355468750e+02, e: 3.1279046630859375e+02
#ERR stream: 0, p: [112, 452], r: 3.1276809692382812e+02, e: 3.1276766967773438e+02
#ERR stream: 0, p: [112, 453], r: 3.1274520874023438e+02, e: 3.1274481201171875e+02
#ERR stream: 0, p: [112, 454], r: 3.1272229003906250e+02, e: 3.1272192382812500e+02
#ERR stream: 0, p: [112, 455], r: 3.1270025634765625e+02, e: 3.1269992065429688e+02
#ERR stream: 0, p: [112, 456], r: 3.1267980957031250e+02, e: 3.1267950439453125e+02
#ERR stream: 0, p: [112, 457], r: 3.1266094970703125e+02, e: 3.1266067504882812e+02
#ERR stream: 0, p: [112, 458], r: 3.1264373779296875e+02, e: 3.1264352416992188e+02
#ERR stream: 0, p: [112, 459], r: 3.1262835693359375e+02, e: 3.1262817382812500e+02
#ERR stream: 0, p: [112, 460], r: 3.1261474609375000e+02, e: 3.1261459350585938e+02
#ERR stream: 0, p: [112, 461], r: 3.1260305786132812e+02, e: 3.1260296630859375e+02
#ERR stream: 0, p: [112, 462], r: 3.1259332275390625e+02, e: 3.1259326171875000e+02
#ERR stream: 0, p: [112, 463], r: 3.1258566284179688e+02, e: 3.1258560180664062e+02
#ERR stream: 0, p: [112, 464], r: 3.1258010864257812e+02, e: 3.1258007812500000e+02
#ERR stream: 0, p: [112, 465], r: 3.1257678222656250e+02, e: 3.1257675170898438e+02
#ERR stream: 0, p: [112, 466], r: 3.1257574462890625e+02, e: 3.1257571411132812e+02
#ERR stream: 0, p: [112, 472], r: 3.1262203979492188e+02, e: 3.1262207031250000e+02
#ERR stream: 0, p: [112, 474], r: 3.1265951538085938e+02, e: 3.1265954589843750e+02
#ERR stream: 0, p: [113, 436], r: 3.1309616088867188e+02, e: 3.1309613037109375e+02
#ERR stream: 0, p: [113, 437], r: 3.1307983398437500e+02, e: 3.1307980346679688e+02
#ERR stream: 0, p: [113, 438], r: 3.1306286621093750e+02, e: 3.1306280517578125e+02
#ERR stream: 0, p: [113, 439], r: 3.1304522705078125e+02, e: 3.1304513549804688e+02
#ERR stream: 0, p: [113, 440], r: 3.1302694702148438e+02, e: 3.1302682495117188e+02
#ERR stream: 0, p: [113, 441], r: 3.1300796508789062e+02, e: 3.1300787353515625e+02
#ERR stream: 0, p: [113, 442], r: 3.1298849487304688e+02, e: 3.1298834228515625e+02
#ERR stream: 0, p: [113, 443], r: 3.1296844482421875e+02, e: 3.1296826171875000e+02
#ERR stream: 0, p: [113, 444], r: 3.1294784545898438e+02, e: 3.1294763183593750e+02
#ERR stream: 0, p: [113, 445], r: 3.1292678833007812e+02, e: 3.1292654418945312e+02
#ERR stream: 0, p: [113, 446], r: 3.1290524291992188e+02, e: 3.1290496826171875e+02
#ERR stream: 0, p: [113, 447], r: 3.1288333129882812e+02, e: 3.1288299560546875e+02
#ERR stream: 0, p: [113, 448], r: 3.1286102294921875e+02, e: 3.1286065673828125e+02
#ERR stream: 0, p: [113, 449], r: 3.1283843994140625e+02, e: 3.1283801269531250e+02
#ERR stream: 0, p: [113, 450], r: 3.1281558227539062e+02, e: 3.1281515502929688e+02
#ERR stream: 0, p: [113, 451], r: 3.1279251098632812e+02, e: 3.1279205322265625e+02
#ERR stream: 0, p: [113, 452], r: 3.1276931762695312e+02, e: 3.1276885986328125e+02
#ERR stream: 0, p: [113, 453], r: 3.1274600219726562e+02, e: 3.1274554443359375e+02
#ERR stream: 0, p: [113, 454], r: 3.1272265625000000e+02, e: 3.1272222900390625e+02
#ERR stream: 0, p: [113, 455], r: 3.1270022583007812e+02, e: 3.1269982910156250e+02
#ERR stream: 0, p: [113, 456], r: 3.1267935180664062e+02, e: 3.1267901611328125e+02
#ERR stream: 0, p: [113, 457], r: 3.1266009521484375e+02, e: 3.1265979003906250e+02
#ERR stream: 0, p: [113, 458], r: 3.1264251708984375e+02, e: 3.1264227294921875e+02
#ERR stream: 0, p: [113, 459], r: 3.1262673950195312e+02, e: 3.1262652587890625e+02
#ERR stream: 0, p: [113, 460], r: 3.1261276245117188e+02, e: 3.1261260986328125e+02
#ERR stream: 0, p: [113, 461], r: 3.1260070800781250e+02, e: 3.1260058593750000e+02
#ERR stream: 0, p: [113, 462], r: 3.1259063720703125e+02, e: 3.1259057617187500e+02
#ERR stream: 0, p: [113, 463], r: 3.1258264160156250e+02, e: 3.1258261108398438e+02
#ERR stream: 0, p: [113, 468], r: 3.1257644653320312e+02, e: 3.1257647705078125e+02
#ERR stream: 0, p: [113, 469], r: 3.1258251953125000e+02, e: 3.1258255004882812e+02
#ERR stream: 0, p: [113, 470], r: 3.1259124755859375e+02, e: 3.1259127807617188e+02
#ERR stream: 0, p: [113, 472], r: 3.1261694335937500e+02, e: 3.1261697387695312e+02
#ERR stream: 0, p: [113, 475], r: 3.1267733764648438e+02, e: 3.1267736816406250e+02
#ERR stream: 0, p: [114, 437], r: 3.1308670043945312e+02, e: 3.1308666992187500e+02
#ERR stream: 0, p: [114, 438], r: 3.1306939697265625e+02, e: 3.1306933593750000e+02
#ERR stream: 0, p: [114, 439], r: 3.1305145263671875e+02, e: 3.1305136108398438e+02
#ERR stream: 0, p: [114, 440], r: 3.1303280639648438e+02, e: 3.1303271484375000e+02
#ERR stream: 0, p: [114, 441], r: 3.1301351928710938e+02, e: 3.1301339721679688e+02
#ERR stream: 0, p: [114, 442], r: 3.1299368286132812e+02, e: 3.1299349975585938e+02
#ERR stream: 0, p: [114, 443], r: 3.1297326660156250e+02, e: 3.1297305297851562e+02
#ERR stream: 0, p: [114, 444], r: 3.1295230102539062e+02, e: 3.1295205688476562e+02
#ERR stream: 0, p: [114, 445], r: 3.1293087768554688e+02, e: 3.1293057250976562e+02
#ERR stream: 0, p: [114, 446], r: 3.1290896606445312e+02, e: 3.1290859985351562e+02
#ERR stream: 0, p: [114, 447], r: 3.1288665771484375e+02, e: 3.1288623046875000e+02
#ERR stream: 0, p: [114, 448], r: 3.1286395263671875e+02, e: 3.1286352539062500e+02
#ERR stream: 0, p: [114, 449], r: 3.1284097290039062e+02, e: 3.1284048461914062e+02
#ERR stream: 0, p: [114, 450], r: 3.1281774902343750e+02, e: 3.1281723022460938e+02
#ERR stream: 0, p: [114, 451], r: 3.1279428100585938e+02, e: 3.1279376220703125e+02
#ERR stream: 0, p: [114, 452], r: 3.1277069091796875e+02, e: 3.1277017211914062e+02
#ERR stream: 0, p: [114, 453], r: 3.1274700927734375e+02, e: 3.1274649047851562e+02
#ERR stream: 0, p: [114, 454], r: 3.1272326660156250e+02, e: 3.1272277832031250e+02
#ERR stream: 0, p: [114, 455], r: 3.1270043945312500e+02, e: 3.1270001220703125e+02
#ERR stream: 0, p: [114, 456], r: 3.1267919921875000e+02, e: 3.1267880249023438e+02
#ERR stream: 0, p: [114, 457], r: 3.1265957641601562e+02, e: 3.1265921020507812e+02
#ERR stream: 0, p: [114, 458], r: 3.1264163208007812e+02, e: 3.1264135742187500e+02
#ERR stream: 0, p: [114, 459], r: 3.1262548828125000e+02, e: 3.1262524414062500e+02
#ERR stream: 0, p: [114, 460], r: 3.1261114501953125e+02, e: 3.1261099243164062e+02
#ERR stream: 0, p: [114, 461], r: 3.1259878540039062e+02, e: 3.1259866333007812e+02
#ERR stream: 0, p: [114, 462], r: 3.1258840942382812e+02, e: 3.1258828735351562e+02
#ERR stream: 0, p: [114, 463], r: 3.1258010864257812e+02, e: 3.1258004760742188e+02
#ERR stream: 0, p: [114, 464], r: 3.1257394409179688e+02, e: 3.1257391357421875e+02
#ERR stream: 0, p: [114, 467], r: 3.1256924438476562e+02, e: 3.1256927490234375e+02
#ERR stream: 0, p: [114, 468], r: 3.1257257080078125e+02, e: 3.1257260131835938e+02
#ERR stream: 0, p: [114, 469], r: 3.1257843017578125e+02, e: 3.1257849121093750e+02
#ERR stream: 0, p: [114, 470], r: 3.1258697509765625e+02, e: 3.1258700561523438e+02
#ERR stream: 0, p: [114, 472], r: 3.1261233520507812e+02, e: 3.1261236572265625e+02
#ERR stream: 0, p: [114, 473], r: 3.1262933349609375e+02, e: 3.1262936401367188e+02
#ERR stream: 0, p: [115, 437], r: 3.1309329223632812e+02, e: 3.1309326171875000e+02
#ERR stream: 0, p: [115, 438], r: 3.1307571411132812e+02, e: 3.1307565307617188e+02
#ERR stream: 0, p: [115, 439], r: 3.1305746459960938e+02, e: 3.1305734252929688e+02
#ERR stream: 0, p: [115, 440], r: 3.1303851318359375e+02, e: 3.1303836059570312e+02
#ERR stream: 0, p: [115, 441], r: 3.1301889038085938e+02, e: 3.1301873779296875e+02
#ERR stream: 0, p: [115, 442], r: 3.1299871826171875e+02, e: 3.1299853515625000e+02
#ERR stream: 0, p: [115, 443], r: 3.1297796630859375e+02, e: 3.1297772216796875e+02
#ERR stream: 0, p: [115, 444], r: 3.1295666503906250e+02, e: 3.1295639038085938e+02
#ERR stream: 0, p: [115, 445], r: 3.1293487548828125e+02, e: 3.1293453979492188e+02
#ERR stream: 0, p: [115, 446], r: 3.1291262817382812e+02, e: 3.1291223144531250e+02
#ERR stream: 0, p: [115, 447], r: 3.1288995361328125e+02, e: 3.1288949584960938e+02
#ERR stream: 0, p: [115, 448], r: 3.1286691284179688e+02, e: 3.1286642456054688e+02
#ERR stream: 0, p: [115, 449], r: 3.1284356689453125e+02, e: 3.1284304809570312e+02
#ERR stream: 0, p: [115, 450], r: 3.1282000732421875e+02, e: 3.1281942749023438e+02
#ERR stream: 0, p: [115, 451], r: 3.1279617309570312e+02, e: 3.1279559326171875e+02
#ERR stream: 0, p: [115, 452], r: 3.1277221679687500e+02, e: 3.1277163696289062e+02
#ERR stream: 0, p: [115, 453], r: 3.1274816894531250e+02, e: 3.1274758911132812e+02
#ERR stream: 0, p: [115, 454], r: 3.1272406005859375e+02, e: 3.1272354125976562e+02
#ERR stream: 0, p: [115, 455], r: 3.1270089721679688e+02, e: 3.1270043945312500e+02
#ERR stream: 0, p: [115, 456], r: 3.1267932128906250e+02, e: 3.1267889404296875e+02
#ERR stream: 0, p: [115, 457], r: 3.1265933227539062e+02, e: 3.1265896606445312e+02
#ERR stream: 0, p: [115, 458], r: 3.1264105224609375e+02, e: 3.1264074707031250e+02
#ERR stream: 0, p: [115, 459], r: 3.1262460327148438e+02, e: 3.1262435913085938e+02
#ERR stream: 0, p: [115, 460], r: 3.1260995483398438e+02, e: 3.1260977172851562e+02
#ERR stream: 0, p: [115, 461], r: 3.1259725952148438e+02, e: 3.1259710693359375e+02
#ERR stream: 0, p: [115, 462], r: 3.1258657836914062e+02, e: 3.1258648681640625e+02
#ERR stream: 0, p: [115, 463], r: 3.1257797241210938e+02, e: 3.1257791137695312e+02
#ERR stream: 0, p: [115, 464], r: 3.1257156372070312e+02, e: 3.1257150268554688e+02
#ERR stream: 0, p: [115, 466], r: 3.1256552124023438e+02, e: 3.1256555175781250e+02
#ERR stream: 0, p: [115, 467], r: 3.1256610107421875e+02, e: 3.1256613159179688e+02
#ERR stream: 0, p: [115, 469], r: 3.1257485961914062e+02, e: 3.1257489013671875e+02
#ERR stream: 0, p: [115, 470], r: 3.1258319091796875e+02, e: 3.1258322143554688e+02
#ERR stream: 0, p: [115, 471], r: 3.1259429931640625e+02, e: 3.1259432983398438e+02
#ERR stream: 0, p: [115, 472], r: 3.1260821533203125e+02, e: 3.1260824584960938e+02
#ERR stream: 0, p: [115, 473], r: 3.1262506103515625e+02, e: 3.1262509155273438e+02
#ERR stream: 0, p: [115, 474], r: 3.1264492797851562e+02, e: 3.1264495849609375e+02
#ERR stream: 0, p: [116, 437], r: 3.1309967041015625e+02, e: 3.1309963989257812e+02
#ERR stream: 0, p: [116, 438], r: 3.1308178710937500e+02, e: 3.1308172607421875e+02
#ERR stream: 0, p: [116, 439], r: 3.1306323242187500e+02, e: 3.1306314086914062e+02
#ERR stream: 0, p: [116, 440], r: 3.1304400634765625e+02, e: 3.1304385375976562e+02
#ERR stream: 0, p: [116, 441], r: 3.1302410888671875e+02, e: 3.1302392578125000e+02
#ERR stream: 0, p: [116, 442], r: 3.1300360107421875e+02, e: 3.1300341796875000e+02
#ERR stream: 0, p: [116, 443], r: 3.1298254394531250e+02, e: 3.1298229980468750e+02
#ERR stream: 0, p: [116, 444], r: 3.1296093750000000e+02, e: 3.1296063232421875e+02
#ERR stream: 0, p: [116, 445], r: 3.1293884277343750e+02, e: 3.1293847656250000e+02
#ERR stream: 0, p: [116, 446], r: 3.1291625976562500e+02, e: 3.1291583251953125e+02
#ERR stream: 0, p: [116, 447], r: 3.1289328002929688e+02, e: 3.1289279174804688e+02
#ERR stream: 0, p: [116, 448], r: 3.1286993408203125e+02, e: 3.1286938476562500e+02
#ERR stream: 0, p: [116, 449], r: 3.1284625244140625e+02, e: 3.1284567260742188e+02
#ERR stream: 0, p: [116, 450], r: 3.1282232666015625e+02, e: 3.1282171630859375e+02
#ERR stream: 0, p: [116, 451], r: 3.1279818725585938e+02, e: 3.1279754638671875e+02
#ERR stream: 0, p: [116, 452], r: 3.1277389526367188e+02, e: 3.1277325439453125e+02
#ERR stream: 0, p: [116, 453], r: 3.1274951171875000e+02, e: 3.1274890136718750e+02
#ERR stream: 0, p: [116, 454], r: 3.1272512817382812e+02, e: 3.1272454833984375e+02
#ERR stream: 0, p: [116, 455], r: 3.1270162963867188e+02, e: 3.1270111083984375e+02
#ERR stream: 0, p: [116, 456], r: 3.1267968750000000e+02, e: 3.1267926025390625e+02
#ERR stream: 0, p: [116, 457], r: 3.1265939331054688e+02, e: 3.1265902709960938e+02
#ERR stream: 0, p: [116, 458], r: 3.1264083862304688e+02, e: 3.1264053344726562e+02
#ERR stream: 0, p: [116, 459], r: 3.1262408447265625e+02, e: 3.1262384033203125e+02
#ERR stream: 0, p: [116, 460], r: 3.1260913085937500e+02, e: 3.1260894775390625e+02
#ERR stream: 0, p: [116, 461], r: 3.1259613037109375e+02, e: 3.1259600830078125e+02
#ERR stream: 0, p: [116, 462], r: 3.1258517456054688e+02, e: 3.1258508300781250e+02
#ERR stream: 0, p: [116, 463], r: 3.1257629394531250e+02, e: 3.1257626342773438e+02
#ERR stream: 0, p: [116, 466], r: 3.1256307983398438e+02, e: 3.1256311035156250e+02
#ERR stream: 0, p: [116, 467], r: 3.1256344604492188e+02, e: 3.1256347656250000e+02
#ERR stream: 0, p: [116, 470], r: 3.1257992553710938e+02, e: 3.1257995605468750e+02
#ERR stream: 0, p: [116, 471], r: 3.1259082031250000e+02, e: 3.1259085083007812e+02
#ERR stream: 0, p: [116, 473], r: 3.1262127685546875e+02, e: 3.1262130737304688e+02
#ERR stream: 0, p: [116, 474], r: 3.1264099121093750e+02, e: 3.1264102172851562e+02
#ERR stream: 0, p: [116, 475], r: 3.1266381835937500e+02, e: 3.1266384887695312e+02
#ERR stream: 0, p: [117, 437], r: 3.1310580444335938e+02, e: 3.1310574340820312e+02
#ERR stream: 0, p: [117, 438], r: 3.1308764648437500e+02, e: 3.1308758544921875e+02
#ERR stream: 0, p: [117, 439], r: 3.1306881713867188e+02, e: 3.1306872558593750e+02
#ERR stream: 0, p: [117, 440], r: 3.1304931640625000e+02, e: 3.1304919433593750e+02
#ERR stream: 0, p: [117, 441], r: 3.1302914428710938e+02, e: 3.1302899169921875e+02
#ERR stream: 0, p: [117, 442], r: 3.1300839233398438e+02, e: 3.1300817871093750e+02
#ERR stream: 0, p: [117, 443], r: 3.1298706054687500e+02, e: 3.1298678588867188e+02
#ERR stream: 0, p: [117, 444], r: 3.1296514892578125e+02, e: 3.1296484375000000e+02
#ERR stream: 0, p: [117, 445], r: 3.1294274902343750e+02, e: 3.1294238281250000e+02
#ERR stream: 0, p: [117, 446], r: 3.1291989135742188e+02, e: 3.1291946411132812e+02
#ERR stream: 0, p: [117, 447], r: 3.1289660644531250e+02, e: 3.1289611816406250e+02
#ERR stream: 0, p: [117, 448], r: 3.1287298583984375e+02, e: 3.1287240600585938e+02
#ERR stream: 0, p: [117, 449], r: 3.1284899902343750e+02, e: 3.1284838867187500e+02
#ERR stream: 0, p: [117, 450], r: 3.1282479858398438e+02, e: 3.1282412719726562e+02
#ERR stream: 0, p: [117, 451], r: 3.1280032348632812e+02, e: 3.1279965209960938e+02
#ERR stream: 0, p: [117, 452], r: 3.1277575683593750e+02, e: 3.1277508544921875e+02
#ERR stream: 0, p: [117, 453], r: 3.1275106811523438e+02, e: 3.1275042724609375e+02
#ERR stream: 0, p: [117, 454], r: 3.1272637939453125e+02, e: 3.1272579956054688e+02
#ERR stream: 0, p: [117, 455], r: 3.1270260620117188e+02, e: 3.1270205688476562e+02
#ERR stream: 0, p: [117, 456], r: 3.1268038940429688e+02, e: 3.1267990112304688e+02
#ERR stream: 0, p: [117, 457], r: 3.1265979003906250e+02, e: 3.1265939331054688e+02
#ERR stream: 0, p: [117, 458], r: 3.1264093017578125e+02, e: 3.1264062500000000e+02
#ERR stream: 0, p: [117, 459], r: 3.1262390136718750e+02, e: 3.1262365722656250e+02
#ERR stream: 0, p: [117, 460], r: 3.1260870361328125e+02, e: 3.1260848999023438e+02
#ERR stream: 0, p: [117, 461], r: 3.1259545898437500e+02, e: 3.1259527587890625e+02
#ERR stream: 0, p: [117, 462], r: 3.1258419799804688e+02, e: 3.1258410644531250e+02
#ERR stream: 0, p: [117, 463], r: 3.1257507324218750e+02, e: 3.1257504272460938e+02
#ERR stream: 0, p: [117, 464], r: 3.1256814575195312e+02, e: 3.1256811523437500e+02
#ERR stream: 0, p: [117, 465], r: 3.1256344604492188e+02, e: 3.1256347656250000e+02
#ERR stream: 0, p: [117, 466], r: 3.1256112670898438e+02, e: 3.1256115722656250e+02
#ERR stream: 0, p: [117, 468], r: 3.1256393432617188e+02, e: 3.1256396484375000e+02
#ERR stream: 0, p: [117, 469], r: 3.1256915283203125e+02, e: 3.1256918334960938e+02
#ERR stream: 0, p: [117, 470], r: 3.1257711791992188e+02, e: 3.1257714843750000e+02
#ERR stream: 0, p: [117, 471], r: 3.1258782958984375e+02, e: 3.1258786010742188e+02
#ERR stream: 0, p: [117, 472], r: 3.1260140991210938e+02, e: 3.1260144042968750e+02
#ERR stream: 0, p: [118, 436], r: 3.1312933349609375e+02, e: 3.1312930297851562e+02
#ERR stream: 0, p: [118, 437], r: 3.1311166381835938e+02, e: 3.1311163330078125e+02
#ERR stream: 0, p: [118, 438], r: 3.1309329223632812e+02, e: 3.1309323120117188e+02
#ERR stream: 0, p: [118, 439], r: 3.1307424926757812e+02, e: 3.1307412719726562e+02
#ERR stream: 0, p: [118, 440], r: 3.1305447387695312e+02, e: 3.1305435180664062e+02
#ERR stream: 0, p: [118, 441], r: 3.1303405761718750e+02, e: 3.1303387451171875e+02
#ERR stream: 0, p: [118, 442], r: 3.1301306152343750e+02, e: 3.1301281738281250e+02
#ERR stream: 0, p: [118, 443], r: 3.1299145507812500e+02, e: 3.1299118041992188e+02
#ERR stream: 0, p: [118, 444], r: 3.1296929931640625e+02, e: 3.1296899414062500e+02
#ERR stream: 0, p: [118, 445], r: 3.1294665527343750e+02, e: 3.1294628906250000e+02
#ERR stream: 0, p: [118, 446], r: 3.1292352294921875e+02, e: 3.1292306518554688e+02
#ERR stream: 0, p: [118, 447], r: 3.1289999389648438e+02, e: 3.1289944458007812e+02
#ERR stream: 0, p: [118, 448], r: 3.1287606811523438e+02, e: 3.1287548828125000e+02
#ERR stream: 0, p: [118, 449], r: 3.1285183715820312e+02, e: 3.1285119628906250e+02
#ERR stream: 0, p: [118, 450], r: 3.1282736206054688e+02, e: 3.1282666015625000e+02
#ERR stream: 0, p: [118, 451], r: 3.1280264282226562e+02, e: 3.1280194091796875e+02
#ERR stream: 0, p: [118, 452], r: 3.1277777099609375e+02, e: 3.1277709960937500e+02
#ERR stream: 0, p: [118, 453], r: 3.1275283813476562e+02, e: 3.1275216674804688e+02
#ERR stream: 0, p: [118, 454], r: 3.1272787475585938e+02, e: 3.1272726440429688e+02
#ERR stream: 0, p: [118, 455], r: 3.1270382690429688e+02, e: 3.1270327758789062e+02
#ERR stream: 0, p: [118, 456], r: 3.1268136596679688e+02, e: 3.1268087768554688e+02
#ERR stream: 0, p: [118, 457], r: 3.1266052246093750e+02, e: 3.1266009521484375e+02
#ERR stream: 0, p: [118, 458], r: 3.1264141845703125e+02, e: 3.1264105224609375e+02
#ERR stream: 0, p: [118, 459], r: 3.1262411499023438e+02, e: 3.1262384033203125e+02
#ERR stream: 0, p: [118, 460], r: 3.1260867309570312e+02, e: 3.1260845947265625e+02
#ERR stream: 0, p: [118, 461], r: 3.1259515380859375e+02, e: 3.1259500122070312e+02
#ERR stream: 0, p: [118, 462], r: 3.1258364868164062e+02, e: 3.1258358764648438e+02
#ERR stream: 0, p: [118, 463], r: 3.1257427978515625e+02, e: 3.1257424926757812e+02
#ERR stream: 0, p: [118, 466], r: 3.1255966186523438e+02, e: 3.1255969238281250e+02
#ERR stream: 0, p: [118, 467], r: 3.1255957031250000e+02, e: 3.1255960083007812e+02
#ERR stream: 0, p: [118, 468], r: 3.1256201171875000e+02, e: 3.1256204223632812e+02
#SDC Ite:53 KerTime:3.625096 AccTime:215.871248 KerErr:1092 AccErr:1092
#ABORT too many errors per iteration
#END