#HEADER streams:1 size:1024 pyramidHeight:1 simTime:1000
#BEGIN Y:2016 M:12 D:11 Time:18:25:43
#IT Ite:0 KerTime:3.524144 AccTime:3.524144
#IT Ite:1 KerTime:3.369293 AccTime:6.893437
#IT Ite:2 KerTime:3.617750 AccTime:10.511187
#IT Ite:3 KerTime:3.622194 AccTime:14.133381
#IT Ite:4 KerTime:5.424241 AccTime:19.557622
#IT Ite:5 KerTime:3.965263 AccTime:23.522885
#IT Ite:6 KerTime:3.354997 AccTime:26.877882
#IT Ite:7 KerTime:3.342744 AccTime:30.220626
#IT Ite:8 KerTime:3.641102 AccTime:33.861728
#IT Ite:9 KerTime:5.423490 AccTime:39.285218
#IT Ite:10 KerTime:4.359429 AccTime:43.644647
#ERR stream: 0, p: [768, 372], r: 3.0804541015625000e+02, e: 3.0804547119140625e+02
#ERR stream: 0, p: [768, 373], r: 3.0804614257812500e+02, e: 3.0804635620117188e+02
#ERR stream: 0, p: [768, 374], r: 3.0804687500000000e+02, e: 3.0804757690429688e+02
#ERR stream: 0, p: [768, 375], r: 3.0804760742187500e+02, e: 3.0804977416992188e+02
#ERR stream: 0, p: [768, 376], r: 3.0804833984375000e+02, e: 3.0805484008789062e+02
#ERR stream: 0, p: [768, 377], r: 3.0804907226562500e+02, e: 3.0806820678710938e+02
#ERR stream: 0, p: [768, 378], r: 3.0804980468750000e+02, e: 3.0810574340820312e+02
#ERR stream: 0, p: [768, 379], r: 3.0805053710937500e+02, e: 3.0821270751953125e+02
#ERR stream: 0, p: [768, 380], r: 3.0805126953125000e+02, e: 3.0851757812500000e+02
#ERR stream: 0, p: [768, 381], r: 3.0805200195312500e+02, e: 3.0938177490234375e+02
#ERR stream: 0, p: [768, 382], r: 3.0805270385742188e+02, e: 3.1181359863281250e+02
#ERR stream: 0, p: [768, 383], r: 3.0805340576171875e+02, e: 3.1860256958007812e+02
#ERR stream: 0, p: [768, 384], r: 3.0805410766601562e+02, e: 3.3740118408203125e+02
#ERR stream: 0, p: [768, 385], r: 3.0805480957031250e+02, e: 3.8902636718750000e+02
#ERR stream: 0, p: [768, 386], r: 3.0805551147460938e+02, e: 5.2963037109375000e+02
#ERR stream: 0, p: [768, 387], r: 3.0805621337890625e+02, e: 9.0940686035156250e+02
#ERR stream: 0, p: [768, 388], r: 3.0805688476562500e+02, e: 1.9267070312500000e+03
#ERR stream: 0, p: [768, 389], r: 3.0805758666992188e+02, e: 4.6291625976562500e+03
#ERR stream: 0, p: [768, 390], r: 3.0805828857421875e+02, e: 1.1748741210937500e+04
#ERR stream: 0, p: [768, 391], r: 3.0805895996093750e+02, e: 3.0349652343750000e+04
#ERR stream: 0, p: [768, 392], r: 3.0805963134765625e+02, e: 7.8544023437500000e+04
#ERR stream: 0, p: [768, 393], r: 3.0806030273437500e+02, e: 2.0237765625000000e+05
#ERR stream: 0, p: [768, 394], r: 3.0806097412109375e+02, e: 5.1792084375000000e+05
#ERR stream: 0, p: [768, 395], r: 3.0806164550781250e+02, e: 1.3152815000000000e+06
#ERR stream: 0, p: [768, 396], r: 3.0806231689453125e+02, e: 3.3134150000000000e+06
#ERR stream: 0, p: [768, 397], r: 3.0806295776367188e+02, e: 8.2789430000000000e+06
#ERR stream: 0, p: [768, 398], r: 3.0806359863281250e+02, e: 2.0515952000000000e+07
#ERR stream: 0, p: [768, 399], r: 3.0806423950195312e+02, e: 5.0421500000000000e+07
#ERR stream: 0, p: [768, 400], r: 3.0806488037109375e+02, e: 1.2289717600000000e+08
#ERR stream: 0, p: [768, 401], r: 3.0806552124023438e+02, e: 2.9707568000000000e+08
#ERR stream: 0, p: [768, 402], r: 3.0806616210937500e+02, e: 7.1217862400000000e+08
#ERR stream: 0, p: [768, 403], r: 3.0806680297851562e+02, e: 1.6931891200000000e+09
#ERR stream: 0, p: [768, 404], r: 3.0806744384765625e+02, e: 3.9922227200000000e+09
#ERR stream: 0, p: [663, 499], r: 3.0844332885742188e+02, e: 3.0844335937500000e+02
#ERR stream: 0, p: [768, 405], r: 3.0806805419921875e+02, e: 9.3350123520000000e+09
#ERR stream: 0, p: [663, 501], r: 3.0844400024414062e+02, e: 3.0844403076171875e+02
#ERR stream: 0, p: [768, 406], r: 3.0806866455078125e+02, e: 2.1647312896000000e+10
#ERR stream: 0, p: [664, 498], r: 3.0843945312500000e+02, e: 3.0843948364257812e+02
#ERR stream: 0, p: [768, 407], r: 3.0806930541992188e+02, e: 4.9782902784000000e+10
#ERR stream: 0, p: [664, 499], r: 3.0843978881835938e+02, e: 3.0843981933593750e+02
#ERR stream: 0, p: [664, 500], r: 3.0844012451171875e+02, e: 3.0844015502929688e+02
#ERR stream: 0, p: [664, 501], r: 3.0844046020507812e+02, e: 3.0844049072265625e+02
#ERR stream: 0, p: [664, 502], r: 3.0844079589843750e+02, e: 3.0844082641601562e+02
#ERR stream: 0, p: [664, 503], r: 3.0844110107421875e+02, e: 3.0844113159179688e+02
#ERR stream: 0, p: [768, 408], r: 3.0806991577148438e+02, e: 1.1353808076800000e+11
#ERR stream: 0, p: [664, 504], r: 3.0844140625000000e+02, e: 3.0844143676757812e+02
#ERR stream: 0, p: [664, 505], r: 3.0844171142578125e+02, e: 3.0844174194335938e+02
#ERR stream: 0, p: [664, 507], r: 3.0844229125976562e+02, e: 3.0844232177734375e+02
#ERR stream: 0, p: [664, 508], r: 3.0844256591796875e+02, e: 3.0844259643554688e+02
#ERR stream: 0, p: [768, 409], r: 3.0807052612304688e+02, e: 2.5679470592000000e+11
#ERR stream: 0, p: [665, 494], r: 3.0843447875976562e+02, e: 3.0843450927734375e+02
#ERR stream: 0, p: [665, 495], r: 3.0843484497070312e+02, e: 3.0843487548828125e+02
#ERR stream: 0, p: [768, 410], r: 3.0807113647460938e+02, e: 5.7598587699200000e+11
#ERR stream: 0, p: [665, 496], r: 3.0843521118164062e+02, e: 3.0843524169921875e+02
#ERR stream: 0, p: [665, 497], r: 3.0843557739257812e+02, e: 3.0843560791015625e+02
#ERR stream: 0, p: [768, 411], r: 3.0807171630859375e+02, e: 1.2811995709440000e+12
#ERR stream: 0, p: [665, 498], r: 3.0843591308593750e+02, e: 3.0843594360351562e+02
#ERR stream: 0, p: [665, 499], r: 3.0843624877929688e+02, e: 3.0843630981445312e+02
#ERR stream: 0, p: [665, 500], r: 3.0843658447265625e+02, e: 3.0843661499023438e+02
#ERR stream: 0, p: [665, 501], r: 3.0843692016601562e+02, e: 3.0843698120117188e+02
#ERR stream: 0, p: [768, 412], r: 3.0807232666015625e+02, e: 2.8261742018560000e+12
#ERR stream: 0, p: [665, 502], r: 3.0843725585937500e+02, e: 3.0843728637695312e+02
#ERR stream: 0, p: [665, 503], r: 3.0843756103515625e+02, e: 3.0843759155273438e+02
#ERR stream: 0, p: [665, 504], r: 3.0843786621093750e+02, e: 3.0843789672851562e+02
#ERR stream: 0, p: [665, 505], r: 3.0843817138671875e+02, e: 3.0843820190429688e+02
#ERR stream: 0, p: [665, 506], r: 3.0843847656250000e+02, e: 3.0843850708007812e+02
#ERR stream: 0, p: [665, 507], r: 3.0843875122070312e+02, e: 3.0843881225585938e+02
#ERR stream: 0, p: [665, 508], r: 3.0843902587890625e+02, e: 3.0843905639648438e+02
#ERR stream: 0, p: [665, 509], r: 3.0843930053710938e+02, e: 3.0843933105468750e+02
#ERR stream: 0, p: [665, 511], r: 3.0843981933593750e+02, e: 3.0843984985351562e+02
#ERR stream: 0, p: [665, 513], r: 3.0844027709960938e+02, e: 3.0844030761718750e+02
#ERR stream: 0, p: [768, 413], r: 3.0807293701171875e+02, e: 6.1823873187840000e+12
#ERR stream: 0, p: [666, 478], r: 3.0842407226562500e+02, e: 3.0842410278320312e+02
#ERR stream: 0, p: [666, 480], r: 3.0842501831054688e+02, e: 3.0842504882812500e+02
#ERR stream: 0, p: [768, 414], r: 3.0807351684570312e+02, e: 1.3411786162176000e+13
#ERR stream: 0, p: [666, 482], r: 3.0842593383789062e+02, e: 3.0842596435546875e+02
#ERR stream: 0, p: [768, 415], r: 3.0807409667968750e+02, e: 2.8852808056832000e+13
#ERR stream: 0, p: [666, 484], r: 3.0842684936523438e+02, e: 3.0842687988281250e+02
#ERR stream: 0, p: [666, 488], r: 3.0842858886718750e+02, e: 3.0842861938476562e+02
#ERR stream: 0, p: [666, 489], r: 3.0842898559570312e+02, e: 3.0842901611328125e+02
#ERR stream: 0, p: [768, 416], r: 3.0807467651367188e+02, e: 6.1554309464064000e+13
#ERR stream: 0, p: [666, 490], r: 3.0842941284179688e+02, e: 3.0842944335937500e+02
#ERR stream: 0, p: [666, 491], r: 3.0842980957031250e+02, e: 3.0842984008789062e+02
#ERR stream: 0, p: [666, 492], r: 3.0843020629882812e+02, e: 3.0843023681640625e+02
#ERR stream: 0, p: [666, 493], r: 3.0843057250976562e+02, e: 3.0843063354492188e+02
#ERR stream: 0, p: [666, 494], r: 3.0843096923828125e+02, e: 3.0843103027343750e+02
#ERR stream: 0, p: [666, 495], r: 3.0843133544921875e+02, e: 3.0843139648437500e+02
#ERR stream: 0, p: [666, 496], r: 3.0843170166015625e+02, e: 3.0843176269531250e+02
#ERR stream: 0, p: [666, 497], r: 3.0843203735351562e+02, e: 3.0843212890625000e+02
#ERR stream: 0, p: [666, 498], r: 3.0843240356445312e+02, e: 3.0843249511718750e+02
#ERR stream: 0, p: [666, 499], r: 3.0843270874023438e+02, e: 3.0843283081054688e+02
#ERR stream: 0, p: [768, 417], r: 3.0807525634765625e+02, e: 1.3022540490342400e+14
#ERR stream: 0, p: [666, 500], r: 3.0843307495117188e+02, e: 3.0843316650390625e+02
#ERR stream: 0, p: [666, 501], r: 3.0843338012695312e+02, e: 3.0843350219726562e+02
#ERR stream: 0, p: [666, 502], r: 3.0843371582031250e+02, e: 3.0843383789062500e+02
#ERR stream: 0, p: [666, 503], r: 3.0843405151367188e+02, e: 3.0843414306640625e+02
#ERR stream: 0, p: [666, 504], r: 3.0843435668945312e+02, e: 3.0843444824218750e+02
#ERR stream: 0, p: [666, 505], r: 3.0843466186523438e+02, e: 3.0843475341796875e+02
#ERR stream: 0, p: [666, 506], r: 3.0843493652343750e+02, e: 3.0843505859375000e+02
#ERR stream: 0, p: [666, 507], r: 3.0843521118164062e+02, e: 3.0843533325195312e+02
#ERR stream: 0, p: [666, 508], r: 3.0843548583984375e+02, e: 3.0843560791015625e+02
#ERR stream: 0, p: [666, 509], r: 3.0843576049804688e+02, e: 3.0843585205078125e+02
#ERR stream: 0, p: [666, 510], r: 3.0843600463867188e+02, e: 3.0843609619140625e+02
#ERR stream: 0, p: [666, 511], r: 3.0843624877929688e+02, e: 3.0843634033203125e+02
#ERR stream: 0, p: [666, 512], r: 3.0843649291992188e+02, e: 3.0843658447265625e+02
#ERR stream: 0, p: [666, 513], r: 3.0843673706054688e+02, e: 3.0843679809570312e+02
#ERR stream: 0, p: [666, 514], r: 3.0843695068359375e+02, e: 3.0843701171875000e+02
#ERR stream: 0, p: [666, 515], r: 3.0843716430664062e+02, e: 3.0843722534179688e+02
#ERR stream: 0, p: [666, 516], r: 3.0843737792968750e+02, e: 3.0843743896484375e+02
#ERR stream: 0, p: [768, 418], r: 3.0807583618164062e+02, e: 2.7321067110400000e+14
#ERR stream: 0, p: [666, 517], r: 3.0843759155273438e+02, e: 3.0843765258789062e+02
#ERR stream: 0, p: [666, 518], r: 3.0843780517578125e+02, e: 3.0843783569335938e+02
#ERR stream: 0, p: [666, 519], r: 3.0843798828125000e+02, e: 3.0843804931640625e+02
#ERR stream: 0, p: [666, 520], r: 3.0843817138671875e+02, e: 3.0843823242187500e+02
#ERR stream: 0, p: [768, 419], r: 3.0807641601562500e+02, e: 5.6841060168499200e+14
#ERR stream: 0, p: [768, 420], r: 3.0807696533203125e+02, e: 1.1727004206366720e+15
#ERR stream: 0, p: [666, 521], r: 3.0843835449218750e+02, e: 3.0843838500976562e+02
#ERR stream: 0, p: [768, 421], r: 3.0807751464843750e+02, e: 2.3992208080240640e+15
#ERR stream: 0, p: [667, 479], r: 3.0842108154296875e+02, e: 3.0842111206054688e+02
#ERR stream: 0, p: [667, 480], r: 3.0842153930664062e+02, e: 3.0842156982421875e+02
#ERR stream: 0, p: [667, 481], r: 3.0842199707031250e+02, e: 3.0842202758789062e+02
#ERR stream: 0, p: [667, 482], r: 3.0842245483398438e+02, e: 3.0842248535156250e+02
#ERR stream: 0, p: [667, 483], r: 3.0842291259765625e+02, e: 3.0842297363281250e+02
#ERR stream: 0, p: [667, 484], r: 3.0842337036132812e+02, e: 3.0842340087890625e+02
#ERR stream: 0, p: [667, 485], r: 3.0842379760742188e+02, e: 3.0842385864257812e+02
#ERR stream: 0, p: [667, 486], r: 3.0842422485351562e+02, e: 3.0842428588867188e+02
#ERR stream: 0, p: [667, 487], r: 3.0842465209960938e+02, e: 3.0842471313476562e+02
#ERR stream: 0, p: [667, 488], r: 3.0842507934570312e+02, e: 3.0842517089843750e+02
#ERR stream: 0, p: [667, 489], r: 3.0842550659179688e+02, e: 3.0842559814453125e+02
#ERR stream: 0, p: [667, 490], r: 3.0842590332031250e+02, e: 3.0842599487304688e+02
#ERR stream: 0, p: [667, 491], r: 3.0842630004882812e+02, e: 3.0842639160156250e+02
#ERR stream: 0, p: [667, 492], r: 3.0842669677734375e+02, e: 3.0842681884765625e+02
#ERR stream: 0, p: [667, 493], r: 3.0842709350585938e+02, e: 3.0842721557617188e+02
#ERR stream: 0, p: [667, 494], r: 3.0842745971679688e+02, e: 3.0842761230468750e+02
#ERR stream: 0, p: [667, 495], r: 3.0842782592773438e+02, e: 3.0842797851562500e+02
#ERR stream: 0, p: [667, 496], r: 3.0842819213867188e+02, e: 3.0842834472656250e+02
#ERR stream: 0, p: [667, 497], r: 3.0842852783203125e+02, e: 3.0842871093750000e+02
#ERR stream: 0, p: [768, 422], r: 3.0807806396484375e+02, e: 4.8675395867770880e+15
#ERR stream: 0, p: [667, 498], r: 3.0842886352539062e+02, e: 3.0842907714843750e+02
#ERR stream: 0, p: [667, 499], r: 3.0842919921875000e+02, e: 3.0842944335937500e+02
#ERR stream: 0, p: [667, 500], r: 3.0842953491210938e+02, e: 3.0842977905273438e+02
#ERR stream: 0, p: [667, 501], r: 3.0842987060546875e+02, e: 3.0843011474609375e+02
#ERR stream: 0, p: [768, 423], r: 3.0807861328125000e+02, e: 9.7927036760227840e+15
#ERR stream: 0, p: [667, 502], r: 3.0843020629882812e+02, e: 3.0843041992187500e+02
#ERR stream: 0, p: [768, 424], r: 3.0807916259765625e+02, e: 1.9536530624217088e+16
#ERR stream: 0, p: [667, 503], r: 3.0843051147460938e+02, e: 3.0843075561523438e+02
#ERR stream: 0, p: [667, 504], r: 3.0843081665039062e+02, e: 3.0843106079101562e+02
#ERR stream: 0, p: [667, 505], r: 3.0843112182617188e+02, e: 3.0843136596679688e+02
#ERR stream: 0, p: [667, 506], r: 3.0843142700195312e+02, e: 3.0843164062500000e+02
#ERR stream: 0, p: [667, 507], r: 3.0843167114257812e+02, e: 3.0843191528320312e+02
#ERR stream: 0, p: [667, 508], r: 3.0843197631835938e+02, e: 3.0843218994140625e+02
#ERR stream: 0, p: [667, 509], r: 3.0843222045898438e+02, e: 3.0843243408203125e+02
#ERR stream: 0, p: [667, 510], r: 3.0843246459960938e+02, e: 3.0843267822265625e+02
#ERR stream: 0, p: [667, 511], r: 3.0843270874023438e+02, e: 3.0843292236328125e+02
#ERR stream: 0, p: [667, 512], r: 3.0843295288085938e+02, e: 3.0843313598632812e+02
#ERR stream: 0, p: [667, 513], r: 3.0843319702148438e+02, e: 3.0843334960937500e+02
#ERR stream: 0, p: [667, 514], r: 3.0843344116210938e+02, e: 3.0843359375000000e+02
#ERR stream: 0, p: [768, 425], r: 3.0807971191406250e+02, e: 3.8649311185076224e+16
#ERR stream: 0, p: [667, 515], r: 3.0843362426757812e+02, e: 3.0843377685546875e+02
#ERR stream: 0, p: [667, 516], r: 3.0843386840820312e+02, e: 3.0843399047851562e+02
#ERR stream: 0, p: [667, 517], r: 3.0843405151367188e+02, e: 3.0843420410156250e+02
#ERR stream: 0, p: [667, 518], r: 3.0843426513671875e+02, e: 3.0843438720703125e+02
#ERR stream: 0, p: [667, 519], r: 3.0843444824218750e+02, e: 3.0843457031250000e+02
#ERR stream: 0, p: [667, 520], r: 3.0843463134765625e+02, e: 3.0843472290039062e+02
#ERR stream: 0, p: [667, 521], r: 3.0843481445312500e+02, e: 3.0843487548828125e+02
#ERR stream: 0, p: [667, 522], r: 3.0843496704101562e+02, e: 3.0843502807617188e+02
#ERR stream: 0, p: [667, 523], r: 3.0843511962890625e+02, e: 3.0843518066406250e+02
#ERR stream: 0, p: [667, 524], r: 3.0843527221679688e+02, e: 3.0843533325195312e+02
#ERR stream: 0, p: [667, 525], r: 3.0843542480468750e+02, e: 3.0843548583984375e+02
#ERR stream: 0, p: [667, 526], r: 3.0843557739257812e+02, e: 3.0843560791015625e+02
#ERR stream: 0, p: [768, 426], r: 3.0808026123046875e+02, e: 7.5819916669747200e+16
#ERR stream: 0, p: [667, 527], r: 3.0843572998046875e+02, e: 3.0843576049804688e+02
#ERR stream: 0, p: [667, 528], r: 3.0843585205078125e+02, e: 3.0843588256835938e+02
#ERR stream: 0, p: [667, 529], r: 3.0843597412109375e+02, e: 3.0843600463867188e+02
#ERR stream: 0, p: [768, 427], r: 3.0808081054687500e+02, e: 1.4749250983926170e+17
#ERR stream: 0, p: [668, 477], r: 3.0841665649414062e+02, e: 3.0841668701171875e+02
#ERR stream: 0, p: [668, 478], r: 3.0841714477539062e+02, e: 3.0841720581054688e+02
#ERR stream: 0, p: [668, 479], r: 3.0841763305664062e+02, e: 3.0841766357421875e+02
#ERR stream: 0, p: [668, 480], r: 3.0841809082031250e+02, e: 3.0841812133789062e+02
#ERR stream: 0, p: [668, 481], r: 3.0841854858398438e+02, e: 3.0841860961914062e+02
#ERR stream: 0, p: [668, 482], r: 3.0841900634765625e+02, e: 3.0841906738281250e+02
#ERR stream: 0, p: [668, 483], r: 3.0841943359375000e+02, e: 3.0841955566406250e+02
#ERR stream: 0, p: [668, 484], r: 3.0841989135742188e+02, e: 3.0842001342773438e+02
#ERR stream: 0, p: [668, 485], r: 3.0842031860351562e+02, e: 3.0842047119140625e+02
#ERR stream: 0, p: [668, 486], r: 3.0842074584960938e+02, e: 3.0842089843750000e+02
#ERR stream: 0, p: [668, 487], r: 3.0842117309570312e+02, e: 3.0842132568359375e+02
#ERR stream: 0, p: [668, 488], r: 3.0842160034179688e+02, e: 3.0842178344726562e+02
#ERR stream: 0, p: [668, 489], r: 3.0842199707031250e+02, e: 3.0842221069335938e+02
#ERR stream: 0, p: [668, 490], r: 3.0842239379882812e+02, e: 3.0842263793945312e+02
#ERR stream: 0, p: [668, 491], r: 3.0842282104492188e+02, e: 3.0842306518554688e+02
#ERR stream: 0, p: [768, 428], r: 3.0808132934570312e+02, e: 2.8451120935128269e+17
#ERR stream: 0, p: [668, 492], r: 3.0842318725585938e+02, e: 3.0842352294921875e+02
#ERR stream: 0, p: [668, 493], r: 3.0842358398437500e+02, e: 3.0842395019531250e+02
#ERR stream: 0, p: [668, 494], r: 3.0842395019531250e+02, e: 3.0842437744140625e+02
#ERR stream: 0, p: [668, 495], r: 3.0842431640625000e+02, e: 3.0842477416992188e+02
#ERR stream: 0, p: [768, 429], r: 3.0808184814453125e+02, e: 5.4421365680871834e+17
#ERR stream: 0, p: [668, 496], r: 3.0842468261718750e+02, e: 3.0842517089843750e+02
#ERR stream: 0, p: [668, 497], r: 3.0842501831054688e+02, e: 3.0842556762695312e+02
#ERR stream: 0, p: [668, 498], r: 3.0842535400390625e+02, e: 3.0842593383789062e+02
#ERR stream: 0, p: [668, 499], r: 3.0842568969726562e+02, e: 3.0842630004882812e+02
#ERR stream: 0, p: [668, 500], r: 3.0842602539062500e+02, e: 3.0842666625976562e+02
#ERR stream: 0, p: [668, 501], r: 3.0842636108398438e+02, e: 3.0842703247070312e+02
#ERR stream: 0, p: [668, 502], r: 3.0842669677734375e+02, e: 3.0842736816406250e+02
#ERR stream: 0, p: [668, 503], r: 3.0842700195312500e+02, e: 3.0842770385742188e+02
#ERR stream: 0, p: [668, 504], r: 3.0842730712890625e+02, e: 3.0842800903320312e+02
#ERR stream: 0, p: [668, 505], r: 3.0842761230468750e+02, e: 3.0842831420898438e+02
#ERR stream: 0, p: [768, 430], r: 3.0808236694335938e+02, e: 1.0322332671866307e+18
#ERR stream: 0, p: [668, 506], r: 3.0842788696289062e+02, e: 3.0842855834960938e+02
#ERR stream: 0, p: [668, 507], r: 3.0842816162109375e+02, e: 3.0842883300781250e+02
#ERR stream: 0, p: [668, 508], r: 3.0842843627929688e+02, e: 3.0842907714843750e+02
#ERR stream: 0, p: [668, 509], r: 3.0842871093750000e+02, e: 3.0842929077148438e+02
#ERR stream: 0, p: [668, 510], r: 3.0842895507812500e+02, e: 3.0842953491210938e+02
#ERR stream: 0, p: [668, 511], r: 3.0842919921875000e+02, e: 3.0842971801757812e+02
#ERR stream: 0, p: [668, 512], r: 3.0842944335937500e+02, e: 3.0842993164062500e+02
#ERR stream: 0, p: [668, 513], r: 3.0842968750000000e+02, e: 3.0843014526367188e+02
#ERR stream: 0, p: [668, 514], r: 3.0842990112304688e+02, e: 3.0843032836914062e+02
#ERR stream: 0, p: [668, 515], r: 3.0843011474609375e+02, e: 3.0843048095703125e+02
#ERR stream: 0, p: [768, 431], r: 3.0808288574218750e+02, e: 1.9414328324925686e+18
#ERR stream: 0, p: [668, 516], r: 3.0843032836914062e+02, e: 3.0843066406250000e+02
#ERR stream: 0, p: [668, 517], r: 3.0843054199218750e+02, e: 3.0843081665039062e+02
#ERR stream: 0, p: [668, 518], r: 3.0843075561523438e+02, e: 3.0843099975585938e+02
#ERR stream: 0, p: [668, 519], r: 3.0843093872070312e+02, e: 3.0843115234375000e+02
#ERR stream: 0, p: [668, 520], r: 3.0843112182617188e+02, e: 3.0843130493164062e+02
#ERR stream: 0, p: [668, 521], r: 3.0843127441406250e+02, e: 3.0843145751953125e+02
#ERR stream: 0, p: [668, 522], r: 3.0843142700195312e+02, e: 3.0843157958984375e+02
#ERR stream: 0, p: [768, 432], r: 3.0808340454101562e+02, e: 3.6207684812024054e+18
#ERR stream: 0, p: [668, 523], r: 3.0843161010742188e+02, e: 3.0843173217773438e+02
#ERR stream: 0, p: [668, 524], r: 3.0843173217773438e+02, e: 3.0843188476562500e+02
#ERR stream: 0, p: [668, 525], r: 3.0843191528320312e+02, e: 3.0843200683593750e+02
#ERR stream: 0, p: [768, 433], r: 3.0808392333984375e+02, e: 6.6959285063767818e+18
#ERR stream: 0, p: [668, 526], r: 3.0843203735351562e+02, e: 3.0843212890625000e+02
#ERR stream: 0, p: [668, 527], r: 3.0843218994140625e+02, e: 3.0843225097656250e+02
#ERR stream: 0, p: [768, 434], r: 3.0808441162109375e+02, e: 1.2278639972537336e+19
#ERR stream: 0, p: [668, 528], r: 3.0843231201171875e+02, e: 3.0843237304687500e+02
#ERR stream: 0, p: [668, 529], r: 3.0843243408203125e+02, e: 3.0843246459960938e+02
#ERR stream: 0, p: [668, 530], r: 3.0843255615234375e+02, e: 3.0843258666992188e+02
#ERR stream: 0, p: [768, 435], r: 3.0808489990234375e+02, e: 2.2326307080642757e+19
#ERR stream: 0, p: [668, 531], r: 3.0843264770507812e+02, e: 3.0843267822265625e+02
#ERR stream: 0, p: [668, 532], r: 3.0843273925781250e+02, e: 3.0843276977539062e+02
#ERR stream: 0, p: [768, 436], r: 3.0808538818359375e+02, e: 4.0253943127576936e+19
#ERR stream: 0, p: [668, 535], r: 3.0843298339843750e+02, e: 3.0843301391601562e+02
#ERR stream: 0, p: [668, 538], r: 3.0843313598632812e+02, e: 3.0843316650390625e+02
#ERR stream: 0, p: [768, 437], r: 3.0808590698242188e+02, e: 7.1965217469008708e+19
#ERR stream: 0, p: [669, 472], r: 3.0841067504882812e+02, e: 3.0841070556640625e+02
#ERR stream: 0, p: [669, 473], r: 3.0841119384765625e+02, e: 3.0841122436523438e+02
#ERR stream: 0, p: [669, 474], r: 3.0841171264648438e+02, e: 3.0841174316406250e+02
#ERR stream: 0, p: [669, 475], r: 3.0841223144531250e+02, e: 3.0841226196289062e+02
#ERR stream: 0, p: [669, 476], r: 3.0841271972656250e+02, e: 3.0841278076171875e+02
#ERR stream: 0, p: [669, 477], r: 3.0841320800781250e+02, e: 3.0841326904296875e+02
#ERR stream: 0, p: [669, 478], r: 3.0841369628906250e+02, e: 3.0841375732421875e+02
#ERR stream: 0, p: [669, 479], r: 3.0841415405273438e+02, e: 3.0841424560546875e+02
#ERR stream: 0, p: [669, 480], r: 3.0841464233398438e+02, e: 3.0841473388671875e+02
#ERR stream: 0, p: [669, 481], r: 3.0841506958007812e+02, e: 3.0841522216796875e+02
#ERR stream: 0, p: [669, 482], r: 3.0841552734375000e+02, e: 3.0841571044921875e+02
#ERR stream: 0, p: [669, 483], r: 3.0841598510742188e+02, e: 3.0841619873046875e+02
#ERR stream: 0, p: [669, 484], r: 3.0841641235351562e+02, e: 3.0841671752929688e+02
#ERR stream: 0, p: [669, 485], r: 3.0841683959960938e+02, e: 3.0841720581054688e+02
#ERR stream: 0, p: [768, 438], r: 3.0808639526367188e+02, e: 1.2757257823912880e+20
#ERR stream: 0, p: [669, 486], r: 3.0841726684570312e+02, e: 3.0841769409179688e+02
#ERR stream: 0, p: [669, 487], r: 3.0841769409179688e+02, e: 3.0841818237304688e+02
#ERR stream: 0, p: [669, 488], r: 3.0841809082031250e+02, e: 3.0841867065429688e+02
#ERR stream: 0, p: [669, 489], r: 3.0841851806640625e+02, e: 3.0841918945312500e+02
#ERR stream: 0, p: [669, 490], r: 3.0841891479492188e+02, e: 3.0841967773437500e+02
#ERR stream: 0, p: [768, 439], r: 3.0808688354492188e+02, e: 2.2423853553235788e+20
#ERR stream: 0, p: [669, 491], r: 3.0841931152343750e+02, e: 3.0842016601562500e+02
#ERR stream: 0, p: [669, 492], r: 3.0841970825195312e+02, e: 3.0842068481445312e+02
#ERR stream: 0, p: [768, 440], r: 3.0808734130859375e+02, e: 3.9082216455697911e+20
#ERR stream: 0, p: [669, 493], r: 3.0842007446289062e+02, e: 3.0842117309570312e+02
#ERR stream: 0, p: [669, 494], r: 3.0842044067382812e+02, e: 3.0842169189453125e+02
#ERR stream: 0, p: [669, 495], r: 3.0842080688476562e+02, e: 3.0842214965820312e+02
#ERR stream: 0, p: [669, 496], r: 3.0842117309570312e+02, e: 3.0842263793945312e+02
#ERR stream: 0, p: [669, 497], r: 3.0842153930664062e+02, e: 3.0842312622070312e+02
#ERR stream: 0, p: [768, 441], r: 3.0808782958984375e+02, e: 6.7540145841703276e+20
#ERR stream: 0, p: [669, 498], r: 3.0842184448242188e+02, e: 3.0842355346679688e+02
#ERR stream: 0, p: [669, 499], r: 3.0842221069335938e+02, e: 3.0842401123046875e+02
#ERR stream: 0, p: [669, 500], r: 3.0842251586914062e+02, e: 3.0842443847656250e+02
#ERR stream: 0, p: [669, 501], r: 3.0842288208007812e+02, e: 3.0842480468750000e+02
#ERR stream: 0, p: [768, 442], r: 3.0808831787109375e+02, e: 1.1573276435235314e+21
#ERR stream: 0, p: [669, 502], r: 3.0842318725585938e+02, e: 3.0842520141601562e+02
#ERR stream: 0, p: [669, 503], r: 3.0842349243164062e+02, e: 3.0842553710937500e+02
#ERR stream: 0, p: [669, 504], r: 3.0842379760742188e+02, e: 3.0842587280273438e+02
#ERR stream: 0, p: [669, 505], r: 3.0842410278320312e+02, e: 3.0842614746093750e+02
#ERR stream: 0, p: [669, 506], r: 3.0842437744140625e+02, e: 3.0842639160156250e+02
#ERR stream: 0, p: [669, 507], r: 3.0842465209960938e+02, e: 3.0842660522460938e+02
#ERR stream: 0, p: [669, 508], r: 3.0842492675781250e+02, e: 3.0842681884765625e+02
#ERR stream: 0, p: [669, 509], r: 3.0842520141601562e+02, e: 3.0842700195312500e+02
#ERR stream: 0, p: [669, 510], r: 3.0842544555664062e+02, e: 3.0842715454101562e+02
#ERR stream: 0, p: [669, 511], r: 3.0842568969726562e+02, e: 3.0842730712890625e+02
#ERR stream: 0, p: [669, 512], r: 3.0842593383789062e+02, e: 3.0842739868164062e+02
#ERR stream: 0, p: [669, 513], r: 3.0842617797851562e+02, e: 3.0842752075195312e+02
#ERR stream: 0, p: [669, 514], r: 3.0842639160156250e+02, e: 3.0842761230468750e+02
#ERR stream: 0, p: [669, 515], r: 3.0842660522460938e+02, e: 3.0842770385742188e+02
#ERR stream: 0, p: [669, 516], r: 3.0842681884765625e+02, e: 3.0842779541015625e+02
#ERR stream: 0, p: [669, 517], r: 3.0842703247070312e+02, e: 3.0842788696289062e+02
#ERR stream: 0, p: [669, 518], r: 3.0842721557617188e+02, e: 3.0842797851562500e+02
#ERR stream: 0, p: [669, 519], r: 3.0842739868164062e+02, e: 3.0842807006835938e+02
#ERR stream: 0, p: [669, 520], r: 3.0842758178710938e+02, e: 3.0842816162109375e+02
#ERR stream: 0, p: [669, 521], r: 3.0842776489257812e+02, e: 3.0842825317382812e+02
#ERR stream: 0, p: [669, 522], r: 3.0842791748046875e+02, e: 3.0842834472656250e+02
#ERR stream: 0, p: [669, 523], r: 3.0842807006835938e+02, e: 3.0842840576171875e+02
#ERR stream: 0, p: [669, 524], r: 3.0842822265625000e+02, e: 3.0842849731445312e+02
#ERR stream: 0, p: [669, 525], r: 3.0842837524414062e+02, e: 3.0842861938476562e+02
#ERR stream: 0, p: [669, 526], r: 3.0842852783203125e+02, e: 3.0842871093750000e+02
#ERR stream: 0, p: [669, 527], r: 3.0842868041992188e+02, e: 3.0842883300781250e+02
#ERR stream: 0, p: [669, 528], r: 3.0842880249023438e+02, e: 3.0842892456054688e+02
#ERR stream: 0, p: [669, 529], r: 3.0842892456054688e+02, e: 3.0842901611328125e+02
#ERR stream: 0, p: [669, 530], r: 3.0842901611328125e+02, e: 3.0842910766601562e+02
#ERR stream: 0, p: [669, 531], r: 3.0842910766601562e+02, e: 3.0842916870117188e+02
#ERR stream: 0, p: [669, 532], r: 3.0842919921875000e+02, e: 3.0842926025390625e+02
#ERR stream: 0, p: [669, 533], r: 3.0842929077148438e+02, e: 3.0842932128906250e+02
#ERR stream: 0, p: [669, 534], r: 3.0842938232421875e+02, e: 3.0842941284179688e+02
#ERR stream: 0, p: [669, 535], r: 3.0842944335937500e+02, e: 3.0842947387695312e+02
#ERR stream: 0, p: [669, 536], r: 3.0842950439453125e+02, e: 3.0842953491210938e+02
#ERR stream: 0, p: [669, 537], r: 3.0842956542968750e+02, e: 3.0842959594726562e+02
#ERR stream: 0, p: [669, 538], r: 3.0842959594726562e+02, e: 3.0842962646484375e+02
#ERR stream: 0, p: [768, 443], r: 3.0808877563476562e+02, e: 1.9663468918662287e+21
#ERR stream: 0, p: [670, 466], r: 3.0840399169921875e+02, e: 3.0840402221679688e+02
#ERR stream: 0, p: [670, 467], r: 3.0840454101562500e+02, e: 3.0840457153320312e+02
#ERR stream: 0, p: [670, 468], r: 3.0840509033203125e+02, e: 3.0840512084960938e+02
#ERR stream: 0, p: [670, 469], r: 3.0840563964843750e+02, e: 3.0840567016601562e+02
#ERR stream: 0, p: [670, 470], r: 3.0840618896484375e+02, e: 3.0840621948242188e+02
#ERR stream: 0, p: [670, 471], r: 3.0840670776367188e+02, e: 3.0840676879882812e+02
#ERR stream: 0, p: [670, 472], r: 3.0840725708007812e+02, e: 3.0840728759765625e+02
#ERR stream: 0, p: [670, 473], r: 3.0840774536132812e+02, e: 3.0840780639648438e+02
#ERR stream: 0, p: [670, 474], r: 3.0840829467773438e+02, e: 3.0840835571289062e+02
#ERR stream: 0, p: [670, 475], r: 3.0840878295898438e+02, e: 3.0840887451171875e+02
#ERR stream: 0, p: [670, 476], r: 3.0840927124023438e+02, e: 3.0840942382812500e+02
#ERR stream: 0, p: [670, 477], r: 3.0840975952148438e+02, e: 3.0840991210937500e+02
#ERR stream: 0, p: [670, 478], r: 3.0841024780273438e+02, e: 3.0841043090820312e+02
#ERR stream: 0, p: [670, 479], r: 3.0841070556640625e+02, e: 3.0841098022460938e+02
#ERR stream: 0, p: [670, 480], r: 3.0841116333007812e+02, e: 3.0841152954101562e+02
#ERR stream: 0, p: [670, 481], r: 3.0841162109375000e+02, e: 3.0841207885742188e+02
#ERR stream: 0, p: [670, 482], r: 3.0841207885742188e+02, e: 3.0841262817382812e+02
#ERR stream: 0, p: [670, 483], r: 3.0841250610351562e+02, e: 3.0841320800781250e+02
#ERR stream: 0, p: [670, 484], r: 3.0841293334960938e+02, e: 3.0841378784179688e+02
#ERR stream: 0, p: [670, 485], r: 3.0841336059570312e+02, e: 3.0841439819335938e+02
#ERR stream: 0, p: [670, 486], r: 3.0841378784179688e+02, e: 3.0841500854492188e+02
#ERR stream: 0, p: [670, 487], r: 3.0841421508789062e+02, e: 3.0841564941406250e+02
#ERR stream: 0, p: [670, 488], r: 3.0841464233398438e+02, e: 3.0841632080078125e+02
#ERR stream: 0, p: [670, 489], r: 3.0841503906250000e+02, e: 3.0841702270507812e+02
#ERR stream: 0, p: [670, 490], r: 3.0841543579101562e+02, e: 3.0841772460937500e+02
#ERR stream: 0, p: [670, 491], r: 3.0841583251953125e+02, e: 3.0841845703125000e+02
#ERR stream: 0, p: [670, 492], r: 3.0841622924804688e+02, e: 3.0841921997070312e+02
#ERR stream: 0, p: [670, 493], r: 3.0841659545898438e+02, e: 3.0841995239257812e+02
#ERR stream: 0, p: [670, 494], r: 3.0841696166992188e+02, e: 3.0842068481445312e+02
#ERR stream: 0, p: [670, 495], r: 3.0841732788085938e+02, e: 3.0842141723632812e+02
#ERR stream: 0, p: [670, 496], r: 3.0841769409179688e+02, e: 3.0842214965820312e+02
#ERR stream: 0, p: [670, 497], r: 3.0841802978515625e+02, e: 3.0842285156250000e+02
#ERR stream: 0, p: [670, 498], r: 3.0841836547851562e+02, e: 3.0842352294921875e+02
#ERR stream: 0, p: [670, 499], r: 3.0841870117187500e+02, e: 3.0842413330078125e+02
#ERR stream: 0, p: [670, 500], r: 3.0841903686523438e+02, e: 3.0842474365234375e+02
#ERR stream: 0, p: [670, 501], r: 3.0841937255859375e+02, e: 3.0842529296875000e+02
#ERR stream: 0, p: [670, 502], r: 3.0841970825195312e+02, e: 3.0842575073242188e+02
#ERR stream: 0, p: [670, 503], r: 3.0842001342773438e+02, e: 3.0842617797851562e+02
#ERR stream: 0, p: [670, 504], r: 3.0842031860351562e+02, e: 3.0842651367187500e+02
#ERR stream: 0, p: [670, 505], r: 3.0842059326171875e+02, e: 3.0842675781250000e+02
#ERR stream: 0, p: [670, 506], r: 3.0842086791992188e+02, e: 3.0842694091796875e+02
#ERR stream: 0, p: [670, 507], r: 3.0842117309570312e+02, e: 3.0842706298828125e+02
#ERR stream: 0, p: [670, 508], r: 3.0842141723632812e+02, e: 3.0842715454101562e+02
#ERR stream: 0, p: [670, 509], r: 3.0842169189453125e+02, e: 3.0842712402343750e+02
#ERR stream: 0, p: [670, 510], r: 3.0842193603515625e+02, e: 3.0842709350585938e+02
#ERR stream: 0, p: [670, 511], r: 3.0842218017578125e+02, e: 3.0842700195312500e+02
#ERR stream: 0, p: [768, 444], r: 3.0808923339843750e+02, e: 3.3126165134628807e+21
#ERR stream: 0, p: [670, 512], r: 3.0842242431640625e+02, e: 3.0842691040039062e+02
#ERR stream: 0, p: [670, 513], r: 3.0842263793945312e+02, e: 3.0842675781250000e+02
#ERR stream: 0, p: [670, 514], r: 3.0842288208007812e+02, e: 3.0842660522460938e+02
#ERR stream: 0, p: [670, 515], r: 3.0842309570312500e+02, e: 3.0842645263671875e+02
#ERR stream: 0, p: [670, 516], r: 3.0842330932617188e+02, e: 3.0842630004882812e+02
#ERR stream: 0, p: [670, 517], r: 3.0842349243164062e+02, e: 3.0842611694335938e+02
#ERR stream: 0, p: [670, 518], r: 3.0842370605468750e+02, e: 3.0842599487304688e+02
#ERR stream: 0, p: [670, 519], r: 3.0842388916015625e+02, e: 3.0842587280273438e+02
#ERR stream: 0, p: [670, 520], r: 3.0842407226562500e+02, e: 3.0842578125000000e+02
#ERR stream: 0, p: [670, 521], r: 3.0842422485351562e+02, e: 3.0842568969726562e+02
#ERR stream: 0, p: [670, 522], r: 3.0842440795898438e+02, e: 3.0842562866210938e+02
#ERR stream: 0, p: [670, 523], r: 3.0842456054687500e+02, e: 3.0842556762695312e+02
#ERR stream: 0, p: [768, 445], r: 3.0808969116210938e+02, e: 5.5333386749695052e+21
#ERR stream: 0, p: [768, 446], r: 3.0809014892578125e+02, e: 9.1644469393302602e+21
#ERR stream: 0, p: [670, 524], r: 3.0842471313476562e+02, e: 3.0842553710937500e+02
#ERR stream: 0, p: [670, 525], r: 3.0842486572265625e+02, e: 3.0842556762695312e+02
#ERR stream: 0, p: [670, 526], r: 3.0842501831054688e+02, e: 3.0842556762695312e+02
#ERR stream: 0, p: [670, 527], r: 3.0842514038085938e+02, e: 3.0842559814453125e+02
#ERR stream: 0, p: [670, 528], r: 3.0842526245117188e+02, e: 3.0842562866210938e+02
#ERR stream: 0, p: [670, 529], r: 3.0842538452148438e+02, e: 3.0842565917968750e+02
#ERR stream: 0, p: [670, 530], r: 3.0842550659179688e+02, e: 3.0842568969726562e+02
#ERR stream: 0, p: [670, 531], r: 3.0842559814453125e+02, e: 3.0842575073242188e+02
#ERR stream: 0, p: [670, 532], r: 3.0842568969726562e+02, e: 3.0842581176757812e+02
#ERR stream: 0, p: [670, 533], r: 3.0842578125000000e+02, e: 3.0842587280273438e+02
#ERR stream: 0, p: [670, 534], r: 3.0842587280273438e+02, e: 3.0842593383789062e+02
#ERR stream: 0, p: [670, 535], r: 3.0842593383789062e+02, e: 3.0842599487304688e+02
#ERR stream: 0, p: [670, 536], r: 3.0842599487304688e+02, e: 3.0842602539062500e+02
#ERR stream: 0, p: [670, 538], r: 3.0842608642578125e+02, e: 3.0842611694335938e+02
#ERR stream: 0, p: [768, 447], r: 3.0809060668945312e+02, e: 1.5049637216487433e+22
#ERR stream: 0, p: [671, 467], r: 3.0840115356445312e+02, e: 3.0840118408203125e+02
#ERR stream: 0, p: [671, 468], r: 3.0840167236328125e+02, e: 3.0840176391601562e+02
#ERR stream: 0, p: [671, 469], r: 3.0840222167968750e+02, e: 3.0840228271484375e+02
#ERR stream: 0, p: [671, 470], r: 3.0840277099609375e+02, e: 3.0840283203125000e+02
#ERR stream: 0, p: [671, 471], r: 3.0840328979492188e+02, e: 3.0840338134765625e+02
#ERR stream: 0, p: [671, 472], r: 3.0840380859375000e+02, e: 3.0840393066406250e+02
#ERR stream: 0, p: [671, 473], r: 3.0840432739257812e+02, e: 3.0840447998046875e+02
#ERR stream: 0, p: [671, 474], r: 3.0840484619140625e+02, e: 3.0840502929687500e+02
#ERR stream: 0, p: [671, 475], r: 3.0840536499023438e+02, e: 3.0840560913085938e+02
#ERR stream: 0, p: [671, 476], r: 3.0840585327148438e+02, e: 3.0840618896484375e+02
#ERR stream: 0, p: [768, 448], r: 3.0809106445312500e+02, e: 2.4504418838895294e+22
#ERR stream: 0, p: [768, 449], r: 3.0809149169921875e+02, e: 3.9560276652368033e+22
#ERR stream: 0, p: [768, 450], r: 3.0809191894531250e+02, e: 6.3324042503745230e+22
#ERR stream: 0, p: [768, 451], r: 3.0809234619140625e+02, e: 1.0050096919731252e+23
#ERR stream: 0, p: [768, 452], r: 3.0809277343750000e+02, e: 1.5814743173722283e+23
#ERR stream: 0, p: [768, 453], r: 3.0809320068359375e+02, e: 2.4674154104531335e+23
#ERR stream: 0, p: [768, 454], r: 3.0809362792968750e+02, e: 3.8168806681258775e+23
#ERR stream: 0, p: [768, 455], r: 3.0809405517578125e+02, e: 5.8540864815827127e+23
#ERR stream: 0, p: [768, 456], r: 3.0809445190429688e+02, e: 8.9020874011659858e+23
#ERR stream: 0, p: [768, 457], r: 3.0809484863281250e+02, e: 1.3421617521426387e+24
#ERR stream: 0, p: [768, 458], r: 3.0809524536132812e+02, e: 2.0063011760650964e+24
#ERR stream: 0, p: [768, 459], r: 3.0809564208984375e+02, e: 2.9734718941850323e+24
#ERR stream: 0, p: [768, 460], r: 3.0809603881835938e+02, e: 4.3692416139881279e+24
#ERR stream: 0, p: [768, 461], r: 3.0809643554687500e+02, e: 6.3653303554806049e+24
#ERR stream: 0, p: [768, 462], r: 3.0809683227539062e+02, e: 9.1940451725420914e+24
#ERR stream: 0, p: [768, 463], r: 3.0809722900390625e+02, e: 1.3166227537872649e+25
#ERR stream: 0, p: [768, 464], r: 3.0809759521484375e+02, e: 1.8693186809926788e+25
#ERR stream: 0, p: [768, 465], r: 3.0809796142578125e+02, e: 2.6313028348392672e+25
#ERR stream: 0, p: [768, 466], r: 3.0809832763671875e+02, e: 3.6721645197157453e+25
#ERR stream: 0, p: [768, 467], r: 3.0809866333007812e+02, e: 5.0808402157796356e+25
#ERR stream: 0, p: [768, 468], r: 3.0809902954101562e+02, e: 6.9696258610854505e+25
#ERR stream: 0, p: [768, 469], r: 3.0809936523437500e+02, e: 9.4785569156728443e+25
#ERR stream: 0, p: [768, 470], r: 3.0809973144531250e+02, e: 1.2780039877834919e+26
#ERR stream: 0, p: [768, 471], r: 3.0810009765625000e+02, e: 1.7083544444057675e+26
#ERR stream: 0, p: [768, 472], r: 3.0810043334960938e+02, e: 2.2640080072638095e+26
#ERR stream: 0, p: [768, 473], r: 3.0810076904296875e+02, e: 2.9746144048084526e+26
#ERR stream: 0, p: [768, 474], r: 3.0810110473632812e+02, e: 3.8746703397296186e+26
#ERR stream: 0, p: [768, 475], r: 3.0810140991210938e+02, e: 5.0036704755565605e+26
#ERR stream: 0, p: [671, 477], r: 3.0840634155273438e+02, e: 3.0840679931640625e+02
#ERR stream: 0, p: [671, 478], r: 3.0840679931640625e+02, e: 3.0840740966796875e+02
#ERR stream: 0, p: [671, 479], r: 3.0840725708007812e+02, e: 3.0840805053710938e+02
#ERR stream: 0, p: [671, 480], r: 3.0840774536132812e+02, e: 3.0840875244140625e+02
#ERR stream: 0, p: [671, 481], r: 3.0840817260742188e+02, e: 3.0840948486328125e+02
#ERR stream: 0, p: [671, 482], r: 3.0840863037109375e+02, e: 3.0841024780273438e+02
#ERR stream: 0, p: [671, 483], r: 3.0840908813476562e+02, e: 3.0841110229492188e+02
#ERR stream: 0, p: [671, 484], r: 3.0840951538085938e+02, e: 3.0841198730468750e+02
#ERR stream: 0, p: [671, 485], r: 3.0840994262695312e+02, e: 3.0841296386718750e+02
#ERR stream: 0, p: [671, 486], r: 3.0841036987304688e+02, e: 3.0841397094726562e+02
#ERR stream: 0, p: [671, 487], r: 3.0841076660156250e+02, e: 3.0841510009765625e+02
#ERR stream: 0, p: [671, 488], r: 3.0841116333007812e+02, e: 3.0841629028320312e+02
#ERR stream: 0, p: [671, 489], r: 3.0841159057617188e+02, e: 3.0841757202148438e+02
#ERR stream: 0, p: [671, 490], r: 3.0841195678710938e+02, e: 3.0841891479492188e+02
#ERR stream: 0, p: [671, 491], r: 3.0841238403320312e+02, e: 3.0842031860351562e+02
#ERR stream: 0, p: [671, 492], r: 3.0841275024414062e+02, e: 3.0842178344726562e+02
#ERR stream: 0, p: [671, 493], r: 3.0841311645507812e+02, e: 3.0842327880859375e+02
#ERR stream: 0, p: [671, 494], r: 3.0841348266601562e+02, e: 3.0842477416992188e+02
#ERR stream: 0, p: [671, 495], r: 3.0841384887695312e+02, e: 3.0842626953125000e+02
#ERR stream: 0, p: [671, 496], r: 3.0841421508789062e+02, e: 3.0842773437500000e+02
#ERR stream: 0, p: [671, 497], r: 3.0841455078125000e+02, e: 3.0842916870117188e+02
#ERR stream: 0, p: [671, 498], r: 3.0841488647460938e+02, e: 3.0843051147460938e+02
#ERR stream: 0, p: [671, 499], r: 3.0841522216796875e+02, e: 3.0843173217773438e+02
#ERR stream: 0, p: [671, 500], r: 3.0841555786132812e+02, e: 3.0843286132812500e+02
#ERR stream: 0, p: [671, 501], r: 3.0841586303710938e+02, e: 3.0843380737304688e+02
#ERR stream: 0, p: [671, 502], r: 3.0841619873046875e+02, e: 3.0843460083007812e+02
#ERR stream: 0, p: [671, 503], r: 3.0841650390625000e+02, e: 3.0843518066406250e+02
#ERR stream: 0, p: [671, 504], r: 3.0841680908203125e+02, e: 3.0843557739257812e+02
#ERR stream: 0, p: [671, 505], r: 3.0841708374023438e+02, e: 3.0843579101562500e+02
#ERR stream: 0, p: [671, 506], r: 3.0841738891601562e+02, e: 3.0843576049804688e+02
#ERR stream: 0, p: [671, 507], r: 3.0841766357421875e+02, e: 3.0843557739257812e+02
#ERR stream: 0, p: [671, 508], r: 3.0841793823242188e+02, e: 3.0843521118164062e+02
#ERR stream: 0, p: [671, 509], r: 3.0841818237304688e+02, e: 3.0843469238281250e+02
#ERR stream: 0, p: [671, 510], r: 3.0841842651367188e+02, e: 3.0843405151367188e+02
#ERR stream: 0, p: [671, 511], r: 3.0841867065429688e+02, e: 3.0843331909179688e+02
#ERR stream: 0, p: [671, 512], r: 3.0841891479492188e+02, e: 3.0843249511718750e+02
#ERR stream: 0, p: [671, 513], r: 3.0841915893554688e+02, e: 3.0843157958984375e+02
#ERR stream: 0, p: [671, 514], r: 3.0841937255859375e+02, e: 3.0843066406250000e+02
#ERR stream: 0, p: [671, 515], r: 3.0841958618164062e+02, e: 3.0842974853515625e+02
#ERR stream: 0, p: [671, 516], r: 3.0841979980468750e+02, e: 3.0842883300781250e+02
#ERR stream: 0, p: [671, 517], r: 3.0842001342773438e+02, e: 3.0842794799804688e+02
#ERR stream: 0, p: [671, 518], r: 3.0842019653320312e+02, e: 3.0842712402343750e+02
#ERR stream: 0, p: [671, 519], r: 3.0842037963867188e+02, e: 3.0842636108398438e+02
#ERR stream: 0, p: [671, 520], r: 3.0842056274414062e+02, e: 3.0842568969726562e+02
#ERR stream: 0, p: [671, 521], r: 3.0842074584960938e+02, e: 3.0842507934570312e+02
#ERR stream: 0, p: [671, 522], r: 3.0842089843750000e+02, e: 3.0842453002929688e+02
#ERR stream: 0, p: [671, 523], r: 3.0842105102539062e+02, e: 3.0842407226562500e+02
#ERR stream: 0, p: [671, 524], r: 3.0842120361328125e+02, e: 3.0842370605468750e+02
#ERR stream: 0, p: [671, 525], r: 3.0842135620117188e+02, e: 3.0842340087890625e+02
#ERR stream: 0, p: [671, 526], r: 3.0842150878906250e+02, e: 3.0842312622070312e+02
#ERR stream: 0, p: [671, 527], r: 3.0842163085937500e+02, e: 3.0842291259765625e+02
#ERR stream: 0, p: [671, 528], r: 3.0842175292968750e+02, e: 3.0842279052734375e+02
#ERR stream: 0, p: [671, 529], r: 3.0842187500000000e+02, e: 3.0842266845703125e+02
#ERR stream: 0, p: [671, 530], r: 3.0842196655273438e+02, e: 3.0842260742187500e+02
#ERR stream: 0, p: [671, 531], r: 3.0842208862304688e+02, e: 3.0842254638671875e+02
#ERR stream: 0, p: [671, 532], r: 3.0842214965820312e+02, e: 3.0842254638671875e+02
#ERR stream: 0, p: [671, 533], r: 3.0842227172851562e+02, e: 3.0842254638671875e+02
#ERR stream: 0, p: [671, 534], r: 3.0842233276367188e+02, e: 3.0842254638671875e+02
#ERR stream: 0, p: [671, 535], r: 3.0842239379882812e+02, e: 3.0842257690429688e+02
#ERR stream: 0, p: [671, 536], r: 3.0842245483398438e+02, e: 3.0842260742187500e+02
#ERR stream: 0, p: [671, 537], r: 3.0842251586914062e+02, e: 3.0842260742187500e+02
#ERR stream: 0, p: [671, 538], r: 3.0842257690429688e+02, e: 3.0842263793945312e+02
#ERR stream: 0, p: [671, 539], r: 3.0842260742187500e+02, e: 3.0842263793945312e+02
#ERR stream: 0, p: [671, 540], r: 3.0842263793945312e+02, e: 3.0842266845703125e+02
#ERR stream: 0, p: [671, 541], r: 3.0842266845703125e+02, e: 3.0842269897460938e+02
#ERR stream: 0, p: [768, 476], r: 3.0810174560546875e+02, e: 6.4060635334069666e+26
#ERR stream: 0, p: [768, 477], r: 3.0810205078125000e+02, e: 8.1309447847632519e+26
#ERR stream: 0, p: [768, 478], r: 3.0810235595703125e+02, e: 1.0231440114687937e+27
#ERR stream: 0, p: [768, 479], r: 3.0810266113281250e+02, e: 1.2763718383145942e+27
#ERR stream: 0, p: [768, 480], r: 3.0810296630859375e+02, e: 1.5785603491980479e+27
#SDC Ite:10 KerTime:4.359429 AccTime:43.644647 KerErr:59852 AccErr:59852
#ABORT too many errors per iteration
#END