#HEADER streams:1 size:1024 pyramidHeight:1 simTime:1000
#BEGIN Y:2016 M:12 D:12 Time:00:50:19
#IT Ite:0 KerTime:22.122945 AccTime:22.122945
#ERR stream: 0, p: [819, 872], r: 3.0769113159179688e+02, e: 3.0779113769531250e+02
#ERR stream: 0, p: [76, 662], r: 3.1986361694335938e+02, e: 3.1986358642578125e+02
#ERR stream: 0, p: [76, 663], r: 3.1983087158203125e+02, e: 3.1983084106445312e+02
#ERR stream: 0, p: [78, 663], r: 3.1972457885742188e+02, e: 3.1972454833984375e+02
#ERR stream: 0, p: [78, 664], r: 3.1968997192382812e+02, e: 3.1968994140625000e+02
#ERR stream: 0, p: [78, 665], r: 3.1965341186523438e+02, e: 3.1965338134765625e+02
#ERR stream: 0, p: [78, 669], r: 3.1948699951171875e+02, e: 3.1948696899414062e+02
#ERR stream: 0, p: [78, 670], r: 3.1944003295898438e+02, e: 3.1944000244140625e+02
#ERR stream: 0, p: [78, 672], r: 3.1933923339843750e+02, e: 3.1933920288085938e+02
#ERR stream: 0, p: [79, 664], r: 3.1964031982421875e+02, e: 3.1964028930664062e+02
#ERR stream: 0, p: [79, 666], r: 3.1956536865234375e+02, e: 3.1956533813476562e+02
#ERR stream: 0, p: [79, 667], r: 3.1952490234375000e+02, e: 3.1952487182617188e+02
#ERR stream: 0, p: [79, 668], r: 3.1948239135742188e+02, e: 3.1948236083984375e+02
#ERR stream: 0, p: [79, 669], r: 3.1943774414062500e+02, e: 3.1943771362304688e+02
#ERR stream: 0, p: [79, 671], r: 3.1934185791015625e+02, e: 3.1934182739257812e+02
#ERR stream: 0, p: [79, 672], r: 3.1929049682617188e+02, e: 3.1929043579101562e+02
#ERR stream: 0, p: [79, 673], r: 3.1923675537109375e+02, e: 3.1923672485351562e+02
#ERR stream: 0, p: [80, 663], r: 3.1962747192382812e+02, e: 3.1962744140625000e+02
#ERR stream: 0, p: [80, 665], r: 3.1955642700195312e+02, e: 3.1955639648437500e+02
#ERR stream: 0, p: [80, 668], r: 3.1943521118164062e+02, e: 3.1943518066406250e+02
#ERR stream: 0, p: [80, 669], r: 3.1939068603515625e+02, e: 3.1939065551757812e+02
#ERR stream: 0, p: [80, 670], r: 3.1934399414062500e+02, e: 3.1934393310546875e+02
#ERR stream: 0, p: [80, 671], r: 3.1929507446289062e+02, e: 3.1929504394531250e+02
#ERR stream: 0, p: [80, 672], r: 3.1924389648437500e+02, e: 3.1924383544921875e+02
#ERR stream: 0, p: [80, 673], r: 3.1919033813476562e+02, e: 3.1919030761718750e+02
#ERR stream: 0, p: [80, 675], r: 3.1907592773437500e+02, e: 3.1907589721679688e+02
#ERR stream: 0, p: [80, 676], r: 3.1901495361328125e+02, e: 3.1901492309570312e+02
#ERR stream: 0, p: [81, 649], r: 3.1989425659179688e+02, e: 3.1989422607421875e+02
#ERR stream: 0, p: [81, 651], r: 3.1986749267578125e+02, e: 3.1986746215820312e+02
#ERR stream: 0, p: [81, 662], r: 3.1961492919921875e+02, e: 3.1961489868164062e+02
#ERR stream: 0, p: [81, 664], r: 3.1954760742187500e+02, e: 3.1954754638671875e+02
#ERR stream: 0, p: [81, 665], r: 3.1951113891601562e+02, e: 3.1951110839843750e+02
#ERR stream: 0, p: [81, 666], r: 3.1947280883789062e+02, e: 3.1947277832031250e+02
#ERR stream: 0, p: [81, 667], r: 3.1943249511718750e+02, e: 3.1943243408203125e+02
#ERR stream: 0, p: [81, 668], r: 3.1939013671875000e+02, e: 3.1939010620117188e+02
#ERR stream: 0, p: [81, 669], r: 3.1934570312500000e+02, e: 3.1934567260742188e+02
#ERR stream: 0, p: [81, 670], r: 3.1929913330078125e+02, e: 3.1929910278320312e+02
#ERR stream: 0, p: [81, 671], r: 3.1925036621093750e+02, e: 3.1925033569335938e+02
#ERR stream: 0, p: [81, 672], r: 3.1919934082031250e+02, e: 3.1919927978515625e+02
#ERR stream: 0, p: [81, 673], r: 3.1914596557617188e+02, e: 3.1914590454101562e+02
#ERR stream: 0, p: [81, 674], r: 3.1909017944335938e+02, e: 3.1909014892578125e+02
#ERR stream: 0, p: [81, 677], r: 3.1890792846679688e+02, e: 3.1890789794921875e+02
#ERR stream: 0, p: [82, 638], r: 3.1991168212890625e+02, e: 3.1991165161132812e+02
#ERR stream: 0, p: [82, 640], r: 3.1991226196289062e+02, e: 3.1991223144531250e+02
#ERR stream: 0, p: [82, 642], r: 3.1990789794921875e+02, e: 3.1990786743164062e+02
#ERR stream: 0, p: [82, 661], r: 3.1960266113281250e+02, e: 3.1960263061523438e+02
#ERR stream: 0, p: [82, 662], r: 3.1957165527343750e+02, e: 3.1957162475585938e+02
#ERR stream: 0, p: [82, 664], r: 3.1950433349609375e+02, e: 3.1950430297851562e+02
#ERR stream: 0, p: [82, 665], r: 3.1946792602539062e+02, e: 3.1946789550781250e+02
#ERR stream: 0, p: [82, 666], r: 3.1942959594726562e+02, e: 3.1942956542968750e+02
#ERR stream: 0, p: [82, 667], r: 3.1938937377929688e+02, e: 3.1938931274414062e+02
#ERR stream: 0, p: [82, 668], r: 3.1934707641601562e+02, e: 3.1934704589843750e+02
#ERR stream: 0, p: [82, 669], r: 3.1930276489257812e+02, e: 3.1930270385742188e+02
#ERR stream: 0, p: [82, 670], r: 3.1925631713867188e+02, e: 3.1925625610351562e+02
#ERR stream: 0, p: [82, 671], r: 3.1920767211914062e+02, e: 3.1920761108398438e+02
#ERR stream: 0, p: [82, 672], r: 3.1915676879882812e+02, e: 3.1915670776367188e+02
#ERR stream: 0, p: [82, 673], r: 3.1910354614257812e+02, e: 3.1910351562500000e+02
#ERR stream: 0, p: [82, 674], r: 3.1904797363281250e+02, e: 3.1904794311523438e+02
#ERR stream: 0, p: [82, 675], r: 3.1898995971679688e+02, e: 3.1898992919921875e+02
#ERR stream: 0, p: [82, 678], r: 3.1880068969726562e+02, e: 3.1880065917968750e+02
#ERR stream: 0, p: [83, 638], r: 3.1987789916992188e+02, e: 3.1987786865234375e+02
#ERR stream: 0, p: [83, 641], r: 3.1987500000000000e+02, e: 3.1987496948242188e+02
#ERR stream: 0, p: [83, 650], r: 3.1980062866210938e+02, e: 3.1980059814453125e+02
#ERR stream: 0, p: [83, 661], r: 3.1956140136718750e+02, e: 3.1956137084960938e+02
#ERR stream: 0, p: [83, 662], r: 3.1953033447265625e+02, e: 3.1953030395507812e+02
#ERR stream: 0, p: [83, 665], r: 3.1942660522460938e+02, e: 3.1942657470703125e+02
#ERR stream: 0, p: [83, 666], r: 3.1938833618164062e+02, e: 3.1938830566406250e+02
#ERR stream: 0, p: [83, 667], r: 3.1934814453125000e+02, e: 3.1934808349609375e+02
#ERR stream: 0, p: [83, 668], r: 3.1930596923828125e+02, e: 3.1930590820312500e+02
#ERR stream: 0, p: [83, 669], r: 3.1926171875000000e+02, e: 3.1926165771484375e+02
#ERR stream: 0, p: [83, 670], r: 3.1921536254882812e+02, e: 3.1921530151367188e+02
#ERR stream: 0, p: [83, 672], r: 3.1911605834960938e+02, e: 3.1911602783203125e+02
#ERR stream: 0, p: [83, 673], r: 3.1906301879882812e+02, e: 3.1906298828125000e+02
#ERR stream: 0, p: [83, 674], r: 3.1900762939453125e+02, e: 3.1900759887695312e+02
#ERR stream: 0, p: [83, 675], r: 3.1894982910156250e+02, e: 3.1894979858398438e+02
#ERR stream: 0, p: [83, 676], r: 3.1888952636718750e+02, e: 3.1888949584960938e+02
#ERR stream: 0, p: [83, 677], r: 3.1882669067382812e+02, e: 3.1882666015625000e+02
#ERR stream: 0, p: [83, 679], r: 3.1869314575195312e+02, e: 3.1869311523437500e+02
#ERR stream: 0, p: [84, 638], r: 3.1984591674804688e+02, e: 3.1984588623046875e+02
#ERR stream: 0, p: [84, 639], r: 3.1984548950195312e+02, e: 3.1984545898437500e+02
#ERR stream: 0, p: [84, 640], r: 3.1984390258789062e+02, e: 3.1984387207031250e+02
#ERR stream: 0, p: [84, 641], r: 3.1984115600585938e+02, e: 3.1984112548828125e+02
#ERR stream: 0, p: [84, 643], r: 3.1983221435546875e+02, e: 3.1983218383789062e+02
#ERR stream: 0, p: [84, 645], r: 3.1981854248046875e+02, e: 3.1981851196289062e+02
#ERR stream: 0, p: [84, 647], r: 3.1980004882812500e+02, e: 3.1980001831054688e+02
#ERR stream: 0, p: [84, 648], r: 3.1978897094726562e+02, e: 3.1978894042968750e+02
#ERR stream: 0, p: [84, 650], r: 3.1976303100585938e+02, e: 3.1976300048828125e+02
#ERR stream: 0, p: [84, 658], r: 3.1960546875000000e+02, e: 3.1960543823242188e+02
#ERR stream: 0, p: [84, 660], r: 3.1955142211914062e+02, e: 3.1955139160156250e+02
#ERR stream: 0, p: [84, 662], r: 3.1949090576171875e+02, e: 3.1949087524414062e+02
#ERR stream: 0, p: [84, 663], r: 3.1945809936523438e+02, e: 3.1945806884765625e+02
#ERR stream: 0, p: [84, 664], r: 3.1942352294921875e+02, e: 3.1942349243164062e+02
#ERR stream: 0, p: [84, 665], r: 3.1938714599609375e+02, e: 3.1938711547851562e+02
#ERR stream: 0, p: [84, 666], r: 3.1934890747070312e+02, e: 3.1934884643554688e+02
#ERR stream: 0, p: [84, 667], r: 3.1930877685546875e+02, e: 3.1930871582031250e+02
#ERR stream: 0, p: [84, 668], r: 3.1926663208007812e+02, e: 3.1926657104492188e+02
#ERR stream: 0, p: [84, 669], r: 3.1922247314453125e+02, e: 3.1922241210937500e+02
#ERR stream: 0, p: [84, 670], r: 3.1917623901367188e+02, e: 3.1917617797851562e+02
#ERR stream: 0, p: [84, 671], r: 3.1912780761718750e+02, e: 3.1912777709960938e+02
#ERR stream: 0, p: [84, 672], r: 3.1907720947265625e+02, e: 3.1907717895507812e+02
#ERR stream: 0, p: [84, 673], r: 3.1902429199218750e+02, e: 3.1902426147460938e+02
#ERR stream: 0, p: [84, 675], r: 3.1891146850585938e+02, e: 3.1891140747070312e+02
#ERR stream: 0, p: [84, 676], r: 3.1885134887695312e+02, e: 3.1885131835937500e+02
#ERR stream: 0, p: [84, 678], r: 3.1872354125976562e+02, e: 3.1872351074218750e+02
#ERR stream: 0, p: [84, 679], r: 3.1865567016601562e+02, e: 3.1865563964843750e+02
#ERR stream: 0, p: [84, 702], r: 3.1628451538085938e+02, e: 3.1628448486328125e+02
#ERR stream: 0, p: [85, 637], r: 3.1981561279296875e+02, e: 3.1981558227539062e+02
#ERR stream: 0, p: [85, 638], r: 3.1981564331054688e+02, e: 3.1981561279296875e+02
#ERR stream: 0, p: [85, 639], r: 3.1981457519531250e+02, e: 3.1981454467773438e+02
#ERR stream: 0, p: [85, 640], r: 3.1981237792968750e+02, e: 3.1981234741210938e+02
#ERR stream: 0, p: [85, 641], r: 3.1980905151367188e+02, e: 3.1980902099609375e+02
#ERR stream: 0, p: [85, 643], r: 3.1979904174804688e+02, e: 3.1979901123046875e+02
#ERR stream: 0, p: [85, 647], r: 3.1976519775390625e+02, e: 3.1976516723632812e+02
#ERR stream: 0, p: [85, 648], r: 3.1975375366210938e+02, e: 3.1975372314453125e+02
#ERR stream: 0, p: [85, 650], r: 3.1972720336914062e+02, e: 3.1972717285156250e+02
#ERR stream: 0, p: [85, 651], r: 3.1971203613281250e+02, e: 3.1971200561523438e+02
#ERR stream: 0, p: [85, 653], r: 3.1967779541015625e+02, e: 3.1967776489257812e+02
#ERR stream: 0, p: [85, 655], r: 3.1963815307617188e+02, e: 3.1963812255859375e+02
#ERR stream: 0, p: [85, 656], r: 3.1961624145507812e+02, e: 3.1961621093750000e+02
#ERR stream: 0, p: [85, 658], r: 3.1956808471679688e+02, e: 3.1956805419921875e+02
#ERR stream: 0, p: [85, 659], r: 3.1954174804687500e+02, e: 3.1954171752929688e+02
#ERR stream: 0, p: [85, 660], r: 3.1951385498046875e+02, e: 3.1951382446289062e+02
#ERR stream: 0, p: [85, 661], r: 3.1948437500000000e+02, e: 3.1948434448242188e+02
#ERR stream: 0, p: [85, 662], r: 3.1945321655273438e+02, e: 3.1945318603515625e+02
#ERR stream: 0, p: [85, 663], r: 3.1942037963867188e+02, e: 3.1942034912109375e+02
#ERR stream: 0, p: [85, 664], r: 3.1938583374023438e+02, e: 3.1938577270507812e+02
#ERR stream: 0, p: [85, 665], r: 3.1934945678710938e+02, e: 3.1934939575195312e+02
#ERR stream: 0, p: [85, 666], r: 3.1931124877929688e+02, e: 3.1931118774414062e+02
#ERR stream: 0, p: [85, 667], r: 3.1927114868164062e+02, e: 3.1927108764648438e+02
#ERR stream: 0, p: [85, 668], r: 3.1922909545898438e+02, e: 3.1922903442382812e+02
#ERR stream: 0, p: [85, 669], r: 3.1918499755859375e+02, e: 3.1918493652343750e+02
#ERR stream: 0, p: [85, 670], r: 3.1913882446289062e+02, e: 3.1913876342773438e+02
#ERR stream: 0, p: [85, 671], r: 3.1909054565429688e+02, e: 3.1909048461914062e+02
#ERR stream: 0, p: [85, 672], r: 3.1904003906250000e+02, e: 3.1904000854492188e+02
#ERR stream: 0, p: [85, 673], r: 3.1898730468750000e+02, e: 3.1898724365234375e+02
#ERR stream: 0, p: [85, 674], r: 3.1893225097656250e+02, e: 3.1893218994140625e+02
#ERR stream: 0, p: [85, 676], r: 3.1881488037109375e+02, e: 3.1881484985351562e+02
#ERR stream: 0, p: [85, 678], r: 3.1868746948242188e+02, e: 3.1868743896484375e+02
#ERR stream: 0, p: [85, 685], r: 3.1815560913085938e+02, e: 3.1815557861328125e+02
#ERR stream: 0, p: [85, 698], r: 3.1678030395507812e+02, e: 3.1678027343750000e+02
#ERR stream: 0, p: [85, 700], r: 3.1652444458007812e+02, e: 3.1652441406250000e+02
#ERR stream: 0, p: [86, 640], r: 3.1978247070312500e+02, e: 3.1978244018554688e+02
#ERR stream: 0, p: [86, 641], r: 3.1977856445312500e+02, e: 3.1977853393554688e+02
#ERR stream: 0, p: [86, 643], r: 3.1976754760742188e+02, e: 3.1976751708984375e+02
#ERR stream: 0, p: [86, 647], r: 3.1973199462890625e+02, e: 3.1973196411132812e+02
#ERR stream: 0, p: [86, 648], r: 3.1972021484375000e+02, e: 3.1972018432617188e+02
#ERR stream: 0, p: [86, 650], r: 3.1969302368164062e+02, e: 3.1969299316406250e+02
#ERR stream: 0, p: [86, 651], r: 3.1967761230468750e+02, e: 3.1967755126953125e+02
#ERR stream: 0, p: [86, 655], r: 3.1960284423828125e+02, e: 3.1960281372070312e+02
#ERR stream: 0, p: [86, 657], r: 3.1955731201171875e+02, e: 3.1955728149414062e+02
#ERR stream: 0, p: [86, 658], r: 3.1953237915039062e+02, e: 3.1953234863281250e+02
#ERR stream: 0, p: [86, 659], r: 3.1950595092773438e+02, e: 3.1950592041015625e+02
#ERR stream: 0, p: [86, 660], r: 3.1947796630859375e+02, e: 3.1947793579101562e+02
#ERR stream: 0, p: [86, 661], r: 3.1944842529296875e+02, e: 3.1944839477539062e+02
#ERR stream: 0, p: [86, 662], r: 3.1941723632812500e+02, e: 3.1941720581054688e+02
#ERR stream: 0, p: [86, 663], r: 3.1938439941406250e+02, e: 3.1938433837890625e+02
#ERR stream: 0, p: [86, 664], r: 3.1934979248046875e+02, e: 3.1934976196289062e+02
#ERR stream: 0, p: [86, 665], r: 3.1931344604492188e+02, e: 3.1931338500976562e+02
#ERR stream: 0, p: [86, 666], r: 3.1927526855468750e+02, e: 3.1927520751953125e+02
#ERR stream: 0, p: [86, 667], r: 3.1923519897460938e+02, e: 3.1923513793945312e+02
#ERR stream: 0, p: [86, 668], r: 3.1919317626953125e+02, e: 3.1919311523437500e+02
#ERR stream: 0, p: [86, 669], r: 3.1914916992187500e+02, e: 3.1914910888671875e+02
#ERR stream: 0, p: [86, 670], r: 3.1910308837890625e+02, e: 3.1910302734375000e+02
#ERR stream: 0, p: [86, 671], r: 3.1905490112304688e+02, e: 3.1905487060546875e+02
#ERR stream: 0, p: [86, 672], r: 3.1900454711914062e+02, e: 3.1900448608398438e+02
#ERR stream: 0, p: [86, 673], r: 3.1895193481445312e+02, e: 3.1895187377929688e+02
#ERR stream: 0, p: [86, 674], r: 3.1889700317382812e+02, e: 3.1889694213867188e+02
#ERR stream: 0, p: [86, 675], r: 3.1883972167968750e+02, e: 3.1883969116210938e+02
#ERR stream: 0, p: [86, 676], r: 3.1877999877929688e+02, e: 3.1877996826171875e+02
#ERR stream: 0, p: [86, 677], r: 3.1871777343750000e+02, e: 3.1871774291992188e+02
#ERR stream: 0, p: [86, 678], r: 3.1865298461914062e+02, e: 3.1865295410156250e+02
#ERR stream: 0, p: [86, 683], r: 3.1828860473632812e+02, e: 3.1828857421875000e+02
#ERR stream: 0, p: [86, 686], r: 3.1803576660156250e+02, e: 3.1803573608398438e+02
#ERR stream: 0, p: [86, 699], r: 3.1662683105468750e+02, e: 3.1662680053710938e+02
#ERR stream: 0, p: [86, 700], r: 3.1649801635742188e+02, e: 3.1649798583984375e+02
#ERR stream: 0, p: [86, 702], r: 3.1623254394531250e+02, e: 3.1623251342773438e+02
#ERR stream: 0, p: [87, 638], r: 3.1975979614257812e+02, e: 3.1975976562500000e+02
#ERR stream: 0, p: [87, 639], r: 3.1975744628906250e+02, e: 3.1975741577148438e+02
#ERR stream: 0, p: [87, 640], r: 3.1975405883789062e+02, e: 3.1975402832031250e+02
#ERR stream: 0, p: [87, 645], r: 3.1972119140625000e+02, e: 3.1972116088867188e+02
#ERR stream: 0, p: [87, 646], r: 3.1971133422851562e+02, e: 3.1971130371093750e+02
#ERR stream: 0, p: [87, 650], r: 3.1966043090820312e+02, e: 3.1966040039062500e+02
#ERR stream: 0, p: [87, 653], r: 3.1960952758789062e+02, e: 3.1960949707031250e+02
#ERR stream: 0, p: [87, 654], r: 3.1958999633789062e+02, e: 3.1958996582031250e+02
#ERR stream: 0, p: [87, 655], r: 3.1956918334960938e+02, e: 3.1956912231445312e+02
#ERR stream: 0, p: [87, 656], r: 3.1954696655273438e+02, e: 3.1954690551757812e+02
#ERR stream: 0, p: [87, 657], r: 3.1952334594726562e+02, e: 3.1952331542968750e+02
#ERR stream: 0, p: [87, 658], r: 3.1949829101562500e+02, e: 3.1949826049804688e+02
#ERR stream: 0, p: [87, 659], r: 3.1947174072265625e+02, e: 3.1947171020507812e+02
#ERR stream: 0, p: [87, 660], r: 3.1944369506835938e+02, e: 3.1944363403320312e+02
#ERR stream: 0, p: [87, 661], r: 3.1941409301757812e+02, e: 3.1941403198242188e+02
#ERR stream: 0, p: [87, 662], r: 3.1938284301757812e+02, e: 3.1938278198242188e+02
#ERR stream: 0, p: [87, 663], r: 3.1934997558593750e+02, e: 3.1934991455078125e+02
#ERR stream: 0, p: [87, 664], r: 3.1931536865234375e+02, e: 3.1931530761718750e+02
#ERR stream: 0, p: [87, 665], r: 3.1927902221679688e+02, e: 3.1927896118164062e+02
#ERR stream: 0, p: [87, 666], r: 3.1924084472656250e+02, e: 3.1924078369140625e+02
#ERR stream: 0, p: [87, 667], r: 3.1920080566406250e+02, e: 3.1920074462890625e+02
#ERR stream: 0, p: [87, 668], r: 3.1915884399414062e+02, e: 3.1915878295898438e+02
#ERR stream: 0, p: [87, 669], r: 3.1911489868164062e+02, e: 3.1911483764648438e+02
#ERR stream: 0, p: [87, 670], r: 3.1906890869140625e+02, e: 3.1906884765625000e+02
#ERR stream: 0, p: [87, 671], r: 3.1902081298828125e+02, e: 3.1902075195312500e+02
#ERR stream: 0, p: [87, 672], r: 3.1897058105468750e+02, e: 3.1897052001953125e+02
#ERR stream: 0, p: [87, 673], r: 3.1891809082031250e+02, e: 3.1891802978515625e+02
#ERR stream: 0, p: [87, 674], r: 3.1886334228515625e+02, e: 3.1886328125000000e+02
#ERR stream: 0, p: [87, 675], r: 3.1880621337890625e+02, e: 3.1880615234375000e+02
#ERR stream: 0, p: [87, 676], r: 3.1874664306640625e+02, e: 3.1874661254882812e+02
#ERR stream: 0, p: [87, 678], r: 3.1861999511718750e+02, e: 3.1861996459960938e+02
#ERR stream: 0, p: [87, 679], r: 3.1855279541015625e+02, e: 3.1855276489257812e+02
#ERR stream: 0, p: [87, 683], r: 3.1825683593750000e+02, e: 3.1825680541992188e+02
#ERR stream: 0, p: [87, 684], r: 3.1817578125000000e+02, e: 3.1817572021484375e+02
#ERR stream: 0, p: [87, 685], r: 3.1809179687500000e+02, e: 3.1809176635742188e+02
#ERR stream: 0, p: [87, 688], r: 3.1782205200195312e+02, e: 3.1782202148437500e+02
#ERR stream: 0, p: [87, 700], r: 3.1647271728515625e+02, e: 3.1647268676757812e+02
#ERR stream: 0, p: [87, 701], r: 3.1634173583984375e+02, e: 3.1634170532226562e+02
#ERR stream: 0, p: [87, 703], r: 3.1607217407226562e+02, e: 3.1607214355468750e+02
#ERR stream: 0, p: [88, 638], r: 3.1973403930664062e+02, e: 3.1973400878906250e+02
#ERR stream: 0, p: [88, 639], r: 3.1973104858398438e+02, e: 3.1973101806640625e+02
#ERR stream: 0, p: [88, 640], r: 3.1972708129882812e+02, e: 3.1972705078125000e+02
#ERR stream: 0, p: [88, 642], r: 3.1971609497070312e+02, e: 3.1971606445312500e+02
#ERR stream: 0, p: [88, 643], r: 3.1970904541015625e+02, e: 3.1970901489257812e+02
#ERR stream: 0, p: [88, 651], r: 3.1961337280273438e+02, e: 3.1961334228515625e+02
#ERR stream: 0, p: [88, 655], r: 3.1953701782226562e+02, e: 3.1953695678710938e+02
#ERR stream: 0, p: [88, 656], r: 3.1951464843750000e+02, e: 3.1951458740234375e+02
#ERR stream: 0, p: [88, 657], r: 3.1949087524414062e+02, e: 3.1949084472656250e+02
#ERR stream: 0, p: [88, 658], r: 3.1946569824218750e+02, e: 3.1946566772460938e+02
#ERR stream: 0, p: [88, 659], r: 3.1943905639648438e+02, e: 3.1943902587890625e+02
#ERR stream: 0, p: [88, 660], r: 3.1941091918945312e+02, e: 3.1941088867187500e+02
#ERR stream: 0, p: [88, 661], r: 3.1938125610351562e+02, e: 3.1938119506835938e+02
#ERR stream: 0, p: [88, 662], r: 3.1935000610351562e+02, e: 3.1934994506835938e+02
#ERR stream: 0, p: [88, 663], r: 3.1931707763671875e+02, e: 3.1931701660156250e+02
#ERR stream: 0, p: [88, 664], r: 3.1928244018554688e+02, e: 3.1928237915039062e+02
#ERR stream: 0, p: [88, 665], r: 3.1924609375000000e+02, e: 3.1924603271484375e+02
#ERR stream: 0, p: [88, 666], r: 3.1920794677734375e+02, e: 3.1920788574218750e+02
#ERR stream: 0, p: [88, 667], r: 3.1916793823242188e+02, e: 3.1916787719726562e+02
#ERR stream: 0, p: [88, 668], r: 3.1912603759765625e+02, e: 3.1912597656250000e+02
#ERR stream: 0, p: [88, 669], r: 3.1908215332031250e+02, e: 3.1908209228515625e+02
#ERR stream: 0, p: [88, 670], r: 3.1903622436523438e+02, e: 3.1903616333007812e+02
#ERR stream: 0, p: [88, 671], r: 3.1898822021484375e+02, e: 3.1898815917968750e+02
#ERR stream: 0, p: [88, 672], r: 3.1893807983398438e+02, e: 3.1893801879882812e+02
#ERR stream: 0, p: [88, 673], r: 3.1888574218750000e+02, e: 3.1888568115234375e+02
#ERR stream: 0, p: [88, 674], r: 3.1883111572265625e+02, e: 3.1883105468750000e+02
#ERR stream: 0, p: [88, 675], r: 3.1877410888671875e+02, e: 3.1877407836914062e+02
#ERR stream: 0, p: [88, 676], r: 3.1871469116210938e+02, e: 3.1871466064453125e+02
#ERR stream: 0, p: [88, 677], r: 3.1865286254882812e+02, e: 3.1865280151367188e+02
#ERR stream: 0, p: [88, 678], r: 3.1858843994140625e+02, e: 3.1858840942382812e+02
#ERR stream: 0, p: [88, 679], r: 3.1852145385742188e+02, e: 3.1852142333984375e+02
#ERR stream: 0, p: [88, 680], r: 3.1845181274414062e+02, e: 3.1845178222656250e+02
#ERR stream: 0, p: [88, 684], r: 3.1814562988281250e+02, e: 3.1814559936523438e+02
#ERR stream: 0, p: [88, 685], r: 3.1806195068359375e+02, e: 3.1806192016601562e+02
#ERR stream: 0, p: [88, 688], r: 3.1779312133789062e+02, e: 3.1779309082031250e+02
#ERR stream: 0, p: [88, 703], r: 3.1604928588867188e+02, e: 3.1604925537109375e+02
#ERR stream: 0, p: [88, 704], r: 3.1591134643554688e+02, e: 3.1591131591796875e+02
#ERR stream: 0, p: [89, 638], r: 3.1970962524414062e+02, e: 3.1970959472656250e+02
#ERR stream: 0, p: [89, 639], r: 3.1970602416992188e+02, e: 3.1970599365234375e+02
#ERR stream: 0, p: [89, 640], r: 3.1970147705078125e+02, e: 3.1970144653320312e+02
#ERR stream: 0, p: [89, 641], r: 3.1969595336914062e+02, e: 3.1969592285156250e+02
#ERR stream: 0, p: [89, 642], r: 3.1968942260742188e+02, e: 3.1968939208984375e+02
#ERR stream: 0, p: [89, 643], r: 3.1968191528320312e+02, e: 3.1968188476562500e+02
#ERR stream: 0, p: [89, 645], r: 3.1966381835937500e+02, e: 3.1966378784179688e+02
#ERR stream: 0, p: [89, 649], r: 3.1961474609375000e+02, e: 3.1961471557617188e+02
#ERR stream: 0, p: [89, 651], r: 3.1958346557617188e+02, e: 3.1958343505859375e+02
#ERR stream: 0, p: [89, 656], r: 3.1948373413085938e+02, e: 3.1948370361328125e+02
#ERR stream: 0, p: [89, 657], r: 3.1945983886718750e+02, e: 3.1945980834960938e+02
#ERR stream: 0, p: [89, 658], r: 3.1943457031250000e+02, e: 3.1943450927734375e+02
#ERR stream: 0, p: [89, 659], r: 3.1940783691406250e+02, e: 3.1940777587890625e+02
#ERR stream: 0, p: [89, 660], r: 3.1937960815429688e+02, e: 3.1937957763671875e+02
#ERR stream: 0, p: [89, 661], r: 3.1934985351562500e+02, e: 3.1934982299804688e+02
#ERR stream: 0, p: [89, 662], r: 3.1931854248046875e+02, e: 3.1931848144531250e+02
#ERR stream: 0, p: [89, 663], r: 3.1928555297851562e+02, e: 3.1928549194335938e+02
#ERR stream: 0, p: [89, 664], r: 3.1925094604492188e+02, e: 3.1925088500976562e+02
#ERR stream: 0, p: [89, 665], r: 3.1921456909179688e+02, e: 3.1921450805664062e+02
#ERR stream: 0, p: [89, 666], r: 3.1917645263671875e+02, e: 3.1917639160156250e+02
#ERR stream: 0, p: [89, 667], r: 3.1913650512695312e+02, e: 3.1913641357421875e+02
#ERR stream: 0, p: [89, 668], r: 3.1909463500976562e+02, e: 3.1909454345703125e+02
#ERR stream: 0, p: [89, 669], r: 3.1905081176757812e+02, e: 3.1905072021484375e+02
#ERR stream: 0, p: [89, 670], r: 3.1900494384765625e+02, e: 3.1900488281250000e+02
#ERR stream: 0, p: [89, 671], r: 3.1895703125000000e+02, e: 3.1895700073242188e+02
#ERR stream: 0, p: [89, 672], r: 3.1890698242187500e+02, e: 3.1890695190429688e+02
#ERR stream: 0, p: [89, 673], r: 3.1885476684570312e+02, e: 3.1885470581054688e+02
#ERR stream: 0, p: [89, 674], r: 3.1880023193359375e+02, e: 3.1880020141601562e+02
#ERR stream: 0, p: [89, 675], r: 3.1874340820312500e+02, e: 3.1874334716796875e+02
#ERR stream: 0, p: [89, 676], r: 3.1868414306640625e+02, e: 3.1868411254882812e+02
#ERR stream: 0, p: [89, 677], r: 3.1862246704101562e+02, e: 3.1862243652343750e+02
#ERR stream: 0, p: [89, 678], r: 3.1855825805664062e+02, e: 3.1855822753906250e+02
#ERR stream: 0, p: [89, 679], r: 3.1849145507812500e+02, e: 3.1849142456054688e+02
#ERR stream: 0, p: [89, 680], r: 3.1842202758789062e+02, e: 3.1842199707031250e+02
#ERR stream: 0, p: [89, 681], r: 3.1834988403320312e+02, e: 3.1834985351562500e+02
#ERR stream: 0, p: [89, 682], r: 3.1827499389648438e+02, e: 3.1827496337890625e+02
#ERR stream: 0, p: [89, 683], r: 3.1819732666015625e+02, e: 3.1819729614257812e+02
#ERR stream: 0, p: [89, 684], r: 3.1811682128906250e+02, e: 3.1811679077148438e+02
#ERR stream: 0, p: [89, 686], r: 3.1794705200195312e+02, e: 3.1794702148437500e+02
#ERR stream: 0, p: [89, 687], r: 3.1785775756835938e+02, e: 3.1785769653320312e+02
#ERR stream: 0, p: [89, 688], r: 3.1776544189453125e+02, e: 3.1776541137695312e+02
#ERR stream: 0, p: [89, 689], r: 3.1767013549804688e+02, e: 3.1767010498046875e+02
#ERR stream: 0, p: [89, 690], r: 3.1757180786132812e+02, e: 3.1757177734375000e+02
#ERR stream: 0, p: [89, 699], r: 3.1655270385742188e+02, e: 3.1655267333984375e+02
#ERR stream: 0, p: [89, 703], r: 3.1602731323242188e+02, e: 3.1602728271484375e+02
#ERR stream: 0, p: [90, 638], r: 3.1968643188476562e+02, e: 3.1968640136718750e+02
#ERR stream: 0, p: [90, 639], r: 3.1968225097656250e+02, e: 3.1968222045898438e+02
#ERR stream: 0, p: [90, 641], r: 3.1967108154296875e+02, e: 3.1967105102539062e+02
#ERR stream: 0, p: [90, 642], r: 3.1966406250000000e+02, e: 3.1966403198242188e+02
#ERR stream: 0, p: [90, 643], r: 3.1965606689453125e+02, e: 3.1965603637695312e+02
#ERR stream: 0, p: [90, 650], r: 3.1957138061523438e+02, e: 3.1957135009765625e+02
#ERR stream: 0, p: [90, 652], r: 3.1953723144531250e+02, e: 3.1953720092773438e+02
#ERR stream: 0, p: [90, 653], r: 3.1951837158203125e+02, e: 3.1951834106445312e+02
#ERR stream: 0, p: [90, 654], r: 3.1949826049804688e+02, e: 3.1949822998046875e+02
#ERR stream: 0, p: [90, 655], r: 3.1947689819335938e+02, e: 3.1947686767578125e+02
#ERR stream: 0, p: [90, 656], r: 3.1945419311523438e+02, e: 3.1945416259765625e+02
#ERR stream: 0, p: [90, 657], r: 3.1943017578125000e+02, e: 3.1943014526367188e+02
#ERR stream: 0, p: [90, 658], r: 3.1940475463867188e+02, e: 3.1940472412109375e+02
#ERR stream: 0, p: [90, 659], r: 3.1937796020507812e+02, e: 3.1937792968750000e+02
#ERR stream: 0, p: [90, 661], r: 3.1931982421875000e+02, e: 3.1931979370117188e+02
#ERR stream: 0, p: [90, 662], r: 3.1928845214843750e+02, e: 3.1928839111328125e+02
#ERR stream: 0, p: [90, 663], r: 3.1925543212890625e+02, e: 3.1925537109375000e+02
#ERR stream: 0, p: [90, 664], r: 3.1922079467773438e+02, e: 3.1922073364257812e+02
#ERR stream: 0, p: [90, 665], r: 3.1918444824218750e+02, e: 3.1918438720703125e+02
#ERR stream: 0, p: [90, 666], r: 3.1914633178710938e+02, e: 3.1914627075195312e+02
#ERR stream: 0, p: [90, 667], r: 3.1910638427734375e+02, e: 3.1910632324218750e+02
#ERR stream: 0, p: [90, 668], r: 3.1906457519531250e+02, e: 3.1906448364257812e+02
#ERR stream: 0, p: [90, 669], r: 3.1902078247070312e+02, e: 3.1902072143554688e+02
#ERR stream: 0, p: [90, 670], r: 3.1897500610351562e+02, e: 3.1897494506835938e+02
#ERR stream: 0, p: [90, 671], r: 3.1892718505859375e+02, e: 3.1892715454101562e+02
#ERR stream: 0, p: [90, 672], r: 3.1887725830078125e+02, e: 3.1887719726562500e+02
#ERR stream: 0, p: [90, 673], r: 3.1882510375976562e+02, e: 3.1882504272460938e+02
#ERR stream: 0, p: [90, 674], r: 3.1877072143554688e+02, e: 3.1877066040039062e+02
#ERR stream: 0, p: [90, 675], r: 3.1871398925781250e+02, e: 3.1871395874023438e+02
#ERR stream: 0, p: [90, 676], r: 3.1865490722656250e+02, e: 3.1865487670898438e+02
#ERR stream: 0, p: [90, 677], r: 3.1859338378906250e+02, e: 3.1859335327148438e+02
#ERR stream: 0, p: [90, 678], r: 3.1852932739257812e+02, e: 3.1852929687500000e+02
#ERR stream: 0, p: [90, 679], r: 3.1846273803710938e+02, e: 3.1846267700195312e+02
#ERR stream: 0, p: [90, 680], r: 3.1839349365234375e+02, e: 3.1839343261718750e+02
#ERR stream: 0, p: [90, 681], r: 3.1832156372070312e+02, e: 3.1832153320312500e+02
#ERR stream: 0, p: [90, 682], r: 3.1824691772460938e+02, e: 3.1824688720703125e+02
#ERR stream: 0, p: [90, 684], r: 3.1808920288085938e+02, e: 3.1808917236328125e+02
#ERR stream: 0, p: [90, 686], r: 3.1791995239257812e+02, e: 3.1791992187500000e+02
#ERR stream: 0, p: [90, 687], r: 3.1783093261718750e+02, e: 3.1783087158203125e+02
#ERR stream: 0, p: [90, 688], r: 3.1773892211914062e+02, e: 3.1773889160156250e+02
#ERR stream: 0, p: [90, 689], r: 3.1764392089843750e+02, e: 3.1764389038085938e+02
#ERR stream: 0, p: [90, 699], r: 3.1652999877929688e+02, e: 3.1652996826171875e+02
#ERR stream: 0, p: [90, 700], r: 3.1640289306640625e+02, e: 3.1640286254882812e+02
#ERR stream: 0, p: [90, 701], r: 3.1627319335937500e+02, e: 3.1627316284179688e+02
#ERR stream: 0, p: [91, 638], r: 3.1966442871093750e+02, e: 3.1966439819335938e+02
#ERR stream: 0, p: [91, 644], r: 3.1962207031250000e+02, e: 3.1962203979492188e+02
#ERR stream: 0, p: [91, 650], r: 3.1954431152343750e+02, e: 3.1954428100585938e+02
#ERR stream: 0, p: [91, 651], r: 3.1952758789062500e+02, e: 3.1952755737304688e+02
#ERR stream: 0, p: [91, 652], r: 3.1950970458984375e+02, e: 3.1950967407226562e+02
#ERR stream: 0, p: [91, 653], r: 3.1949063110351562e+02, e: 3.1949060058593750e+02
#ERR stream: 0, p: [91, 654], r: 3.1947033691406250e+02, e: 3.1947030639648438e+02
#ERR stream: 0, p: [91, 655], r: 3.1944879150390625e+02, e: 3.1944876098632812e+02
#ERR stream: 0, p: [91, 656], r: 3.1942596435546875e+02, e: 3.1942590332031250e+02
#ERR stream: 0, p: [91, 657], r: 3.1940179443359375e+02, e: 3.1940173339843750e+02
#ERR stream: 0, p: [91, 658], r: 3.1937628173828125e+02, e: 3.1937622070312500e+02
#ERR stream: 0, p: [91, 659], r: 3.1934936523437500e+02, e: 3.1934930419921875e+02
#ERR stream: 0, p: [91, 660], r: 3.1932095336914062e+02, e: 3.1932092285156250e+02
#ERR stream: 0, p: [91, 661], r: 3.1929107666015625e+02, e: 3.1929101562500000e+02
#ERR stream: 0, p: [91, 662], r: 3.1925961303710938e+02, e: 3.1925955200195312e+02
#ERR stream: 0, p: [91, 663], r: 3.1922662353515625e+02, e: 3.1922653198242188e+02
#ERR stream: 0, p: [91, 664], r: 3.1919195556640625e+02, e: 3.1919186401367188e+02
#ERR stream: 0, p: [91, 665], r: 3.1915560913085938e+02, e: 3.1915551757812500e+02
#ERR stream: 0, p: [91, 666], r: 3.1911749267578125e+02, e: 3.1911740112304688e+02
#ERR stream: 0, p: [91, 667], r: 3.1907757568359375e+02, e: 3.1907748413085938e+02
#ERR stream: 0, p: [91, 668], r: 3.1903576660156250e+02, e: 3.1903570556640625e+02
#ERR stream: 0, p: [91, 669], r: 3.1899203491210938e+02, e: 3.1899197387695312e+02
#ERR stream: 0, p: [91, 670], r: 3.1894635009765625e+02, e: 3.1894628906250000e+02
#ERR stream: 0, p: [91, 671], r: 3.1889859008789062e+02, e: 3.1889855957031250e+02
#ERR stream: 0, p: [91, 672], r: 3.1884872436523438e+02, e: 3.1884866333007812e+02
#ERR stream: 0, p: [91, 673], r: 3.1879669189453125e+02, e: 3.1879663085937500e+02
#ERR stream: 0, p: [91, 674], r: 3.1874240112304688e+02, e: 3.1874237060546875e+02
#ERR stream: 0, p: [91, 675], r: 3.1868582153320312e+02, e: 3.1868579101562500e+02
#ERR stream: 0, p: [91, 676], r: 3.1862689208984375e+02, e: 3.1862683105468750e+02
#ERR stream: 0, p: [91, 677], r: 3.1856549072265625e+02, e: 3.1856546020507812e+02
#ERR stream: 0, p: [91, 678], r: 3.1850161743164062e+02, e: 3.1850158691406250e+02
#ERR stream: 0, p: [91, 679], r: 3.1843518066406250e+02, e: 3.1843515014648438e+02
#ERR stream: 0, p: [91, 680], r: 3.1836614990234375e+02, e: 3.1836608886718750e+02
#ERR stream: 0, p: [91, 681], r: 3.1829443359375000e+02, e: 3.1829437255859375e+02
#ERR stream: 0, p: [91, 684], r: 3.1806271362304688e+02, e: 3.1806268310546875e+02
#ERR stream: 0, p: [91, 685], r: 3.1797976684570312e+02, e: 3.1797973632812500e+02
#ERR stream: 0, p: [91, 686], r: 3.1789395141601562e+02, e: 3.1789392089843750e+02
#ERR stream: 0, p: [91, 687], r: 3.1780517578125000e+02, e: 3.1780514526367188e+02
#ERR stream: 0, p: [91, 688], r: 3.1771347045898438e+02, e: 3.1771343994140625e+02
#ERR stream: 0, p: [91, 699], r: 3.1650820922851562e+02, e: 3.1650817871093750e+02
#ERR stream: 0, p: [92, 638], r: 3.1964349365234375e+02, e: 3.1964346313476562e+02
#ERR stream: 0, p: [92, 649], r: 3.1953433227539062e+02, e: 3.1953430175781250e+02
#ERR stream: 0, p: [92, 650], r: 3.1951846313476562e+02, e: 3.1951843261718750e+02
#ERR stream: 0, p: [92, 651], r: 3.1950146484375000e+02, e: 3.1950143432617188e+02
#ERR stream: 0, p: [92, 652], r: 3.1948333740234375e+02, e: 3.1948330688476562e+02
#ERR stream: 0, p: [92, 653], r: 3.1946408081054688e+02, e: 3.1946405029296875e+02
#ERR stream: 0, p: [92, 654], r: 3.1944360351562500e+02, e: 3.1944354248046875e+02
#ERR stream: 0, p: [92, 655], r: 3.1942190551757812e+02, e: 3.1942184448242188e+02
#ERR stream: 0, p: [92, 656], r: 3.1939892578125000e+02, e: 3.1939886474609375e+02
#ERR stream: 0, p: [92, 657], r: 3.1937463378906250e+02, e: 3.1937457275390625e+02
#ERR stream: 0, p: [92, 658], r: 3.1934899902343750e+02, e: 3.1934893798828125e+02
#ERR stream: 0, p: [92, 659], r: 3.1932196044921875e+02, e: 3.1932186889648438e+02
#ERR stream: 0, p: [92, 660], r: 3.1929348754882812e+02, e: 3.1929342651367188e+02
#ERR stream: 0, p: [92, 661], r: 3.1926351928710938e+02, e: 3.1926345825195312e+02
#ERR stream: 0, p: [92, 662], r: 3.1923205566406250e+02, e: 3.1923196411132812e+02
#ERR stream: 0, p: [92, 663], r: 3.1919900512695312e+02, e: 3.1919891357421875e+02
#ERR stream: 0, p: [92, 664], r: 3.1916433715820312e+02, e: 3.1916421508789062e+02
#ERR stream: 0, p: [92, 665], r: 3.1912796020507812e+02, e: 3.1912783813476562e+02
#ERR stream: 0, p: [92, 666], r: 3.1908984375000000e+02, e: 3.1908972167968750e+02
#ERR stream: 0, p: [92, 667], r: 3.1904992675781250e+02, e: 3.1904983520507812e+02
#ERR stream: 0, p: [92, 668], r: 3.1900817871093750e+02, e: 3.1900808715820312e+02
#ERR stream: 0, p: [92, 669], r: 3.1896450805664062e+02, e: 3.1896441650390625e+02
#ERR stream: 0, p: [92, 670], r: 3.1891885375976562e+02, e: 3.1891879272460938e+02
#ERR stream: 0, p: [92, 671], r: 3.1887115478515625e+02, e: 3.1887109375000000e+02
#ERR stream: 0, p: [92, 672], r: 3.1882138061523438e+02, e: 3.1882131958007812e+02
#ERR stream: 0, p: [92, 673], r: 3.1876943969726562e+02, e: 3.1876940917968750e+02
#ERR stream: 0, p: [92, 674], r: 3.1871530151367188e+02, e: 3.1871524047851562e+02
#ERR stream: 0, p: [92, 675], r: 3.1865884399414062e+02, e: 3.1865878295898438e+02
#ERR stream: 0, p: [92, 676], r: 3.1860000610351562e+02, e: 3.1859997558593750e+02
#ERR stream: 0, p: [92, 677], r: 3.1853875732421875e+02, e: 3.1853872680664062e+02
#ERR stream: 0, p: [92, 678], r: 3.1847503662109375e+02, e: 3.1847500610351562e+02
#ERR stream: 0, p: [92, 679], r: 3.1840878295898438e+02, e: 3.1840875244140625e+02
#ERR stream: 0, p: [92, 680], r: 3.1833993530273438e+02, e: 3.1833987426757812e+02
#ERR stream: 0, p: [92, 681], r: 3.1826840209960938e+02, e: 3.1826834106445312e+02
#ERR stream: 0, p: [92, 682], r: 3.1819415283203125e+02, e: 3.1819412231445312e+02
#ERR stream: 0, p: [92, 683], r: 3.1811712646484375e+02, e: 3.1811709594726562e+02
#ERR stream: 0, p: [92, 684], r: 3.1803732299804688e+02, e: 3.1803726196289062e+02
#ERR stream: 0, p: [92, 685], r: 3.1795462036132812e+02, e: 3.1795458984375000e+02
#ERR stream: 0, p: [92, 686], r: 3.1786901855468750e+02, e: 3.1786898803710938e+02
#ERR stream: 0, p: [92, 687], r: 3.1778051757812500e+02, e: 3.1778048706054688e+02
#ERR stream: 0, p: [92, 688], r: 3.1768905639648438e+02, e: 3.1768902587890625e+02
#ERR stream: 0, p: [92, 689], r: 3.1759460449218750e+02, e: 3.1759457397460938e+02
#ERR stream: 0, p: [92, 697], r: 3.1673187255859375e+02, e: 3.1673184204101562e+02
#ERR stream: 0, p: [92, 699], r: 3.1648727416992188e+02, e: 3.1648724365234375e+02
#ERR stream: 0, p: [92, 701], r: 3.1623196411132812e+02, e: 3.1623193359375000e+02
#ERR stream: 0, p: [92, 702], r: 3.1610046386718750e+02, e: 3.1610043334960938e+02
#ERR stream: 0, p: [93, 645], r: 3.1956414794921875e+02, e: 3.1956411743164062e+02
#ERR stream: 0, p: [93, 646], r: 3.1955203247070312e+02, e: 3.1955200195312500e+02
#ERR stream: 0, p: [93, 649], r: 3.1950982666015625e+02, e: 3.1950979614257812e+02
#ERR stream: 0, p: [93, 650], r: 3.1949368286132812e+02, e: 3.1949365234375000e+02
#ERR stream: 0, p: [93, 651], r: 3.1947647094726562e+02, e: 3.1947640991210938e+02
#ERR stream: 0, p: [93, 652], r: 3.1945812988281250e+02, e: 3.1945809936523438e+02
#ERR stream: 0, p: [93, 653], r: 3.1943865966796875e+02, e: 3.1943859863281250e+02
#ERR stream: 0, p: [93, 654], r: 3.1941799926757812e+02, e: 3.1941793823242188e+02
#ERR stream: 0, p: [93, 655], r: 3.1939614868164062e+02, e: 3.1939608764648438e+02
#ERR stream: 0, p: [93, 656], r: 3.1937301635742188e+02, e: 3.1937295532226562e+02
#ERR stream: 0, p: [93, 657], r: 3.1934857177734375e+02, e: 3.1934851074218750e+02
#ERR stream: 0, p: [93, 658], r: 3.1932281494140625e+02, e: 3.1932275390625000e+02
#ERR stream: 0, p: [93, 659], r: 3.1929568481445312e+02, e: 3.1929562377929688e+02
#ERR stream: 0, p: [93, 660], r: 3.1926712036132812e+02, e: 3.1926705932617188e+02
#ERR stream: 0, p: [93, 661], r: 3.1923712158203125e+02, e: 3.1923703002929688e+02
#ERR stream: 0, p: [93, 662], r: 3.1920559692382812e+02, e: 3.1920550537109375e+02
#ERR stream: 0, p: [93, 663], r: 3.1917251586914062e+02, e: 3.1917242431640625e+02
#ERR stream: 0, p: [93, 664], r: 3.1913781738281250e+02, e: 3.1913769531250000e+02
#ERR stream: 0, p: [93, 665], r: 3.1910140991210938e+02, e: 3.1910131835937500e+02
#ERR stream: 0, p: [93, 666], r: 3.1906332397460938e+02, e: 3.1906320190429688e+02
#ERR stream: 0, p: [93, 667], r: 3.1902343750000000e+02, e: 3.1902331542968750e+02
#ERR stream: 0, p: [93, 668], r: 3.1898171997070312e+02, e: 3.1898162841796875e+02
#ERR stream: 0, p: [93, 669], r: 3.1893807983398438e+02, e: 3.1893798828125000e+02
#ERR stream: 0, p: [93, 670], r: 3.1889248657226562e+02, e: 3.1889239501953125e+02
#ERR stream: 0, p: [93, 671], r: 3.1884484863281250e+02, e: 3.1884478759765625e+02
#ERR stream: 0, p: [93, 672], r: 3.1879516601562500e+02, e: 3.1879507446289062e+02
#ERR stream: 0, p: [93, 673], r: 3.1874331665039062e+02, e: 3.1874325561523438e+02
#ERR stream: 0, p: [93, 674], r: 3.1868927001953125e+02, e: 3.1868920898437500e+02
#ERR stream: 0, p: [93, 675], r: 3.1863290405273438e+02, e: 3.1863284301757812e+02
#ERR stream: 0, p: [93, 676], r: 3.1857421875000000e+02, e: 3.1857415771484375e+02
#ERR stream: 0, p: [93, 677], r: 3.1851312255859375e+02, e: 3.1851306152343750e+02
#ERR stream: 0, p: [93, 678], r: 3.1844955444335938e+02, e: 3.1844952392578125e+02
#ERR stream: 0, p: [93, 679], r: 3.1838345336914062e+02, e: 3.1838342285156250e+02
#ERR stream: 0, p: [93, 680], r: 3.1831475830078125e+02, e: 3.1831472778320312e+02
#ERR stream: 0, p: [93, 681], r: 3.1824340820312500e+02, e: 3.1824334716796875e+02
#ERR stream: 0, p: [93, 682], r: 3.1816934204101562e+02, e: 3.1816931152343750e+02
#ERR stream: 0, p: [93, 683], r: 3.1809252929687500e+02, e: 3.1809249877929688e+02
#ERR stream: 0, p: [93, 684], r: 3.1801293945312500e+02, e: 3.1801287841796875e+02
#ERR stream: 0, p: [93, 685], r: 3.1793045043945312e+02, e: 3.1793041992187500e+02
#ERR stream: 0, p: [93, 686], r: 3.1784509277343750e+02, e: 3.1784506225585938e+02
#ERR stream: 0, p: [93, 687], r: 3.1775683593750000e+02, e: 3.1775680541992188e+02
#ERR stream: 0, p: [93, 688], r: 3.1766561889648438e+02, e: 3.1766558837890625e+02
#ERR stream: 0, p: [93, 689], r: 3.1757144165039062e+02, e: 3.1757141113281250e+02
#ERR stream: 0, p: [93, 692], r: 3.1727099609375000e+02, e: 3.1727096557617188e+02
#ERR stream: 0, p: [93, 694], r: 3.1705578613281250e+02, e: 3.1705575561523438e+02
#ERR stream: 0, p: [93, 702], r: 3.1608139038085938e+02, e: 3.1608135986328125e+02
#ERR stream: 0, p: [94, 641], r: 3.1958270263671875e+02, e: 3.1958267211914062e+02
#ERR stream: 0, p: [94, 644], r: 3.1955340576171875e+02, e: 3.1955337524414062e+02
#ERR stream: 0, p: [94, 645], r: 3.1954190063476562e+02, e: 3.1954187011718750e+02
#ERR stream: 0, p: [94, 646], r: 3.1952947998046875e+02, e: 3.1952944946289062e+02
#ERR stream: 0, p: [94, 647], r: 3.1951608276367188e+02, e: 3.1951605224609375e+02
#ERR stream: 0, p: [94, 648], r: 3.1950173950195312e+02, e: 3.1950167846679688e+02
#ERR stream: 0, p: [94, 649], r: 3.1948635864257812e+02, e: 3.1948629760742188e+02
#ERR stream: 0, p: [94, 650], r: 3.1946994018554688e+02, e: 3.1946990966796875e+02
#ERR stream: 0, p: [94, 651], r: 3.1945251464843750e+02, e: 3.1945245361328125e+02
#ERR stream: 0, p: [94, 652], r: 3.1943395996093750e+02, e: 3.1943389892578125e+02
#ERR stream: 0, p: [94, 653], r: 3.1941430664062500e+02, e: 3.1941424560546875e+02
#ERR stream: 0, p: [94, 654], r: 3.1939343261718750e+02, e: 3.1939337158203125e+02
#ERR stream: 0, p: [94, 655], r: 3.1937139892578125e+02, e: 3.1937133789062500e+02
#ERR stream: 0, p: [94, 656], r: 3.1934811401367188e+02, e: 3.1934805297851562e+02
#ERR stream: 0, p: [94, 657], r: 3.1932357788085938e+02, e: 3.1932351684570312e+02
#ERR stream: 0, p: [94, 658], r: 3.1929769897460938e+02, e: 3.1929763793945312e+02
#ERR stream: 0, p: [94, 659], r: 3.1927050781250000e+02, e: 3.1927041625976562e+02
#ERR stream: 0, p: [94, 660], r: 3.1924188232421875e+02, e: 3.1924179077148438e+02
#ERR stream: 0, p: [94, 661], r: 3.1921179199218750e+02, e: 3.1921170043945312e+02
#ERR stream: 0, p: [94, 662], r: 3.1918023681640625e+02, e: 3.1918011474609375e+02
#ERR stream: 0, p: [94, 663], r: 3.1914709472656250e+02, e: 3.1914700317382812e+02
#ERR stream: 0, p: [94, 664], r: 3.1911236572265625e+02, e: 3.1911224365234375e+02
#ERR stream: 0, p: [94, 665], r: 3.1907598876953125e+02, e: 3.1907586669921875e+02
#ERR stream: 0, p: [94, 666], r: 3.1903787231445312e+02, e: 3.1903775024414062e+02
#ERR stream: 0, p: [94, 667], r: 3.1899804687500000e+02, e: 3.1899792480468750e+02
#ERR stream: 0, p: [94, 668], r: 3.1895629882812500e+02, e: 3.1895620727539062e+02
#ERR stream: 0, p: [94, 669], r: 3.1891271972656250e+02, e: 3.1891262817382812e+02
#SDC Ite:0 KerTime:22.122945 AccTime:22.122945 KerErr:3398 AccErr:3398
#ABORT too many errors per iteration
#END