#HEADER type: ecc_off dataset: /home/carol/radiation-benchmarks/data/networks_img_list/caltech.pedestrians.critical.1K.txt
#BEGIN Y:2016 M:12 D:11 Time:21:28:05
#IT Ite:0 KerTime:0.329610 AccTime:0.329610
#IT Ite:1 KerTime:0.251153 AccTime:0.580763
#IT Ite:2 KerTime:0.289109 AccTime:0.869872
#IT Ite:3 KerTime:0.301553 AccTime:1.171425
#IT Ite:4 KerTime:0.303368 AccTime:1.474793
#IT Ite:5 KerTime:0.335927 AccTime:1.810720
#IT Ite:6 KerTime:0.233833 AccTime:2.044553
#IT Ite:7 KerTime:0.258663 AccTime:2.303216
#IT Ite:8 KerTime:0.260814 AccTime:2.564030
#IT Ite:9 KerTime:0.282706 AccTime:2.846736
#IT Ite:10 KerTime:0.246361 AccTime:3.093097
#IT Ite:11 KerTime:0.220293 AccTime:3.313390
#IT Ite:12 KerTime:0.259616 AccTime:3.573006
#IT Ite:13 KerTime:0.262607 AccTime:3.835613
#IT Ite:14 KerTime:0.225250 AccTime:4.060863
#IT Ite:15 KerTime:0.283372 AccTime:4.344235
#IT Ite:16 KerTime:0.264270 AccTime:4.608505
#IT Ite:17 KerTime:0.262666 AccTime:4.871171
#IT Ite:18 KerTime:0.292775 AccTime:5.163946
#IT Ite:19 KerTime:0.248349 AccTime:5.412295
#IT Ite:20 KerTime:0.246811 AccTime:5.659106
#IT Ite:21 KerTime:0.262921 AccTime:5.922027
#IT Ite:22 KerTime:0.285130 AccTime:6.207157
#IT Ite:23 KerTime:0.362165 AccTime:6.569322
#IT Ite:24 KerTime:0.265126 AccTime:6.834448
#IT Ite:25 KerTime:0.263493 AccTime:7.097941
#IT Ite:26 KerTime:0.309820 AccTime:7.407761
#IT Ite:27 KerTime:0.283286 AccTime:7.691047
#IT Ite:28 KerTime:0.298642 AccTime:7.989689
#IT Ite:29 KerTime:0.246959 AccTime:8.236648
#IT Ite:30 KerTime:0.226682 AccTime:8.463330
#IT Ite:31 KerTime:0.251820 AccTime:8.715150
#IT Ite:32 KerTime:0.273040 AccTime:8.988190
#IT Ite:33 KerTime:0.287309 AccTime:9.275499
#IT Ite:34 KerTime:0.241153 AccTime:9.516652
#IT Ite:35 KerTime:0.283147 AccTime:9.799799
#IT Ite:36 KerTime:0.256486 AccTime:10.056285
#IT Ite:37 KerTime:0.256109 AccTime:10.312394
#IT Ite:38 KerTime:0.292244 AccTime:10.604638
#IT Ite:39 KerTime:0.297089 AccTime:10.901727
#IT Ite:40 KerTime:0.246479 AccTime:11.148206
#IT Ite:41 KerTime:0.259097 AccTime:11.407303
#IT Ite:42 KerTime:0.260830 AccTime:11.668133
#IT Ite:43 KerTime:0.295205 AccTime:11.963338
#IT Ite:44 KerTime:0.259162 AccTime:12.222500
#IT Ite:45 KerTime:0.246421 AccTime:12.468921
#IT Ite:46 KerTime:0.252764 AccTime:12.721685
#IT Ite:47 KerTime:0.267087 AccTime:12.988772
#IT Ite:48 KerTime:0.329505 AccTime:13.318277
#IT Ite:49 KerTime:0.238578 AccTime:13.556855
#IT Ite:50 KerTime:0.297035 AccTime:13.853890
#IT Ite:51 KerTime:0.270821 AccTime:14.124711
#IT Ite:52 KerTime:0.326342 AccTime:14.451053
#IT Ite:53 KerTime:0.260002 AccTime:14.711055
#IT Ite:54 KerTime:0.279495 AccTime:14.990550
#IT Ite:55 KerTime:0.297243 AccTime:15.287793
#IT Ite:56 KerTime:0.268555 AccTime:15.556348
#IT Ite:57 KerTime:0.292248 AccTime:15.848596
#IT Ite:58 KerTime:0.302527 AccTime:16.151123
#IT Ite:59 KerTime:0.262147 AccTime:16.413270
#IT Ite:60 KerTime:0.255180 AccTime:16.668450
#IT Ite:61 KerTime:0.305128 AccTime:16.973578
#IT Ite:62 KerTime:0.375894 AccTime:17.349472
#IT Ite:63 KerTime:0.307763 AccTime:17.657235
#IT Ite:64 KerTime:0.322074 AccTime:17.979309
#IT Ite:65 KerTime:0.289976 AccTime:18.269285
#IT Ite:66 KerTime:0.281965 AccTime:18.551250
#IT Ite:67 KerTime:0.313755 AccTime:18.865005
#IT Ite:68 KerTime:0.274096 AccTime:19.139101
#IT Ite:69 KerTime:0.253285 AccTime:19.392386
#IT Ite:70 KerTime:0.243995 AccTime:19.636381
#IT Ite:71 KerTime:0.250851 AccTime:19.887232
#IT Ite:72 KerTime:0.242424 AccTime:20.129656
#IT Ite:73 KerTime:0.275490 AccTime:20.405146
#IT Ite:74 KerTime:0.316266 AccTime:20.721412
#IT Ite:75 KerTime:0.286829 AccTime:21.008241
#IT Ite:76 KerTime:0.262245 AccTime:21.270486
#IT Ite:77 KerTime:0.313144 AccTime:21.583630
#IT Ite:78 KerTime:0.258521 AccTime:21.842151
#IT Ite:79 KerTime:0.273505 AccTime:22.115656
#IT Ite:80 KerTime:0.242300 AccTime:22.357956
#IT Ite:81 KerTime:0.253618 AccTime:22.611574
#IT Ite:82 KerTime:0.262257 AccTime:22.873831
#IT Ite:83 KerTime:0.295898 AccTime:23.169729
#IT Ite:84 KerTime:0.398344 AccTime:23.568073
#IT Ite:85 KerTime:0.412179 AccTime:23.980252
#IT Ite:86 KerTime:0.231530 AccTime:24.211782
#IT Ite:87 KerTime:0.257630 AccTime:24.469412
#IT Ite:88 KerTime:0.290729 AccTime:24.760141
#IT Ite:89 KerTime:0.299197 AccTime:25.059338
#IT Ite:90 KerTime:0.339185 AccTime:25.398523
#IT Ite:91 KerTime:0.280255 AccTime:25.678778
#IT Ite:92 KerTime:0.277271 AccTime:25.956049
#IT Ite:93 KerTime:0.360032 AccTime:26.316081
#IT Ite:94 KerTime:0.294708 AccTime:26.610789
#IT Ite:95 KerTime:0.305037 AccTime:26.915826
#IT Ite:96 KerTime:0.236544 AccTime:27.152370
#IT Ite:97 KerTime:0.271750 AccTime:27.424120
#IT Ite:98 KerTime:0.261530 AccTime:27.685650
#IT Ite:99 KerTime:0.222165 AccTime:27.907815
#IT Ite:100 KerTime:0.259290 AccTime:28.167105
#IT Ite:101 KerTime:0.267501 AccTime:28.434606
#IT Ite:102 KerTime:0.294598 AccTime:28.729204
#IT Ite:103 KerTime:0.238642 AccTime:28.967846
#IT Ite:104 KerTime:0.287044 AccTime:29.254890
#IT Ite:105 KerTime:0.299206 AccTime:29.554096
#IT Ite:106 KerTime:0.307211 AccTime:29.861307
#IT Ite:107 KerTime:0.337112 AccTime:30.198419
#IT Ite:108 KerTime:0.243552 AccTime:30.441971
#IT Ite:109 KerTime:0.290710 AccTime:30.732681
#IT Ite:110 KerTime:0.291069 AccTime:31.023750
#IT Ite:111 KerTime:0.251500 AccTime:31.275250
#IT Ite:112 KerTime:0.246456 AccTime:31.521706
#IT Ite:113 KerTime:0.260723 AccTime:31.782429
#IT Ite:114 KerTime:0.225861 AccTime:32.008290
#IT Ite:115 KerTime:0.262163 AccTime:32.270453
#IT Ite:116 KerTime:0.296388 AccTime:32.566841
#IT Ite:117 KerTime:0.306251 AccTime:32.873092
#IT Ite:118 KerTime:0.306743 AccTime:33.179835
#IT Ite:119 KerTime:0.289970 AccTime:33.469805
#IT Ite:120 KerTime:0.263153 AccTime:33.732958
#IT Ite:121 KerTime:0.281502 AccTime:34.014460
#IT Ite:122 KerTime:0.265307 AccTime:34.279767
#IT Ite:123 KerTime:0.276119 AccTime:34.555886
#IT Ite:124 KerTime:0.326163 AccTime:34.882049
#IT Ite:125 KerTime:0.274270 AccTime:35.156319
#IT Ite:126 KerTime:0.290602 AccTime:35.446921
#IT Ite:127 KerTime:0.306706 AccTime:35.753627
#IT Ite:128 KerTime:0.310473 AccTime:36.064100
#IT Ite:129 KerTime:0.245005 AccTime:36.309105
#IT Ite:130 KerTime:0.255884 AccTime:36.564989
#IT Ite:131 KerTime:0.292233 AccTime:36.857222
#IT Ite:132 KerTime:0.297346 AccTime:37.154568
#IT Ite:133 KerTime:0.246531 AccTime:37.401099
#IT Ite:134 KerTime:0.254814 AccTime:37.655913
#IT Ite:135 KerTime:0.256998 AccTime:37.912911
#IT Ite:136 KerTime:0.208702 AccTime:38.121613
#IT Ite:137 KerTime:0.251958 AccTime:38.373571
#IT Ite:138 KerTime:0.266311 AccTime:38.639882
#IT Ite:139 KerTime:0.297196 AccTime:38.937078
#IT Ite:140 KerTime:0.212366 AccTime:39.149444
#IT Ite:141 KerTime:0.281306 AccTime:39.430750
#IT Ite:142 KerTime:0.270723 AccTime:39.701473
#IT Ite:143 KerTime:0.296574 AccTime:39.998047
#IT Ite:144 KerTime:0.335330 AccTime:40.333377
#IT Ite:145 KerTime:0.287197 AccTime:40.620574
#IT Ite:146 KerTime:0.290380 AccTime:40.910954
#IT Ite:147 KerTime:0.290002 AccTime:41.200956
#ERR ./hog_hardened_ecc_off/opencv_src/hog.cu:785: error: (-217) unspecified launch failure in function classify_hists_ext

#END