#HEADER streams:1 size:1024 pyramidHeight:1 simTime:1000
#BEGIN Y:2016 M:12 D:11 Time:21:35:40
#IT Ite:0 KerTime:3.518673 AccTime:3.518673
#IT Ite:1 KerTime:3.346423 AccTime:6.865096
#IT Ite:2 KerTime:3.619724 AccTime:10.484820
#IT Ite:3 KerTime:5.411837 AccTime:15.896657
#IT Ite:4 KerTime:3.955179 AccTime:19.851836
#IT Ite:5 KerTime:5.421113 AccTime:25.272949
#IT Ite:6 KerTime:3.357643 AccTime:28.630592
#IT Ite:7 KerTime:3.950985 AccTime:32.581577
#IT Ite:8 KerTime:3.362171 AccTime:35.943748
#IT Ite:9 KerTime:3.353185 AccTime:39.296933
#IT Ite:10 KerTime:3.344543 AccTime:42.641476
#IT Ite:11 KerTime:3.356854 AccTime:45.998330
#IT Ite:12 KerTime:3.354917 AccTime:49.353247
#IT Ite:13 KerTime:3.354211 AccTime:52.707458
#IT Ite:14 KerTime:3.351118 AccTime:56.058576
#IT Ite:15 KerTime:3.349249 AccTime:59.407825
#IT Ite:16 KerTime:5.396910 AccTime:64.804735
#IT Ite:17 KerTime:3.336966 AccTime:68.141701
#IT Ite:18 KerTime:3.382083 AccTime:71.523784
#IT Ite:19 KerTime:4.827187 AccTime:76.350971
#IT Ite:20 KerTime:3.357024 AccTime:79.707995
#IT Ite:21 KerTime:3.644527 AccTime:83.352522
#IT Ite:22 KerTime:3.357519 AccTime:86.710041
#IT Ite:23 KerTime:3.643551 AccTime:90.353592
#IT Ite:24 KerTime:3.357496 AccTime:93.711088
#IT Ite:25 KerTime:3.355344 AccTime:97.066432
#IT Ite:26 KerTime:3.350853 AccTime:100.417285
#IT Ite:27 KerTime:4.364813 AccTime:104.782098
#IT Ite:28 KerTime:4.357561 AccTime:109.139659
#IT Ite:29 KerTime:4.360283 AccTime:113.499942
#IT Ite:30 KerTime:6.338925 AccTime:119.838867
#IT Ite:31 KerTime:3.991342 AccTime:123.830209
#IT Ite:32 KerTime:4.824004 AccTime:128.654213
#IT Ite:33 KerTime:3.353041 AccTime:132.007254
#IT Ite:34 KerTime:3.353921 AccTime:135.361175
#IT Ite:35 KerTime:3.352922 AccTime:138.714097
#IT Ite:36 KerTime:3.372812 AccTime:142.086909
#IT Ite:37 KerTime:3.651647 AccTime:145.738556
#IT Ite:38 KerTime:6.323240 AccTime:152.061796
#IT Ite:39 KerTime:3.352066 AccTime:155.413862
#IT Ite:40 KerTime:3.355731 AccTime:158.769593
#IT Ite:41 KerTime:3.340725 AccTime:162.110318
#IT Ite:42 KerTime:3.353395 AccTime:165.463713
#IT Ite:43 KerTime:3.346036 AccTime:168.809749
#IT Ite:44 KerTime:3.352480 AccTime:172.162229
#IT Ite:45 KerTime:3.349038 AccTime:175.511267
#IT Ite:46 KerTime:3.350721 AccTime:178.861988
#IT Ite:47 KerTime:3.353403 AccTime:182.215391
#IT Ite:48 KerTime:3.347880 AccTime:185.563271
#IT Ite:49 KerTime:3.349199 AccTime:188.912470
#IT Ite:50 KerTime:3.355142 AccTime:192.267612
#IT Ite:51 KerTime:3.624237 AccTime:195.891849
#IT Ite:52 KerTime:3.343521 AccTime:199.235370
#IT Ite:53 KerTime:3.355437 AccTime:202.590807
#IT Ite:54 KerTime:5.417937 AccTime:208.008744
#IT Ite:55 KerTime:3.353611 AccTime:211.362355
#IT Ite:56 KerTime:3.643986 AccTime:215.006341
#IT Ite:57 KerTime:7.694509 AccTime:222.700850
#IT Ite:58 KerTime:3.358446 AccTime:226.059296
#IT Ite:59 KerTime:3.344615 AccTime:229.403911
#IT Ite:60 KerTime:5.425747 AccTime:234.829658
#IT Ite:61 KerTime:3.357817 AccTime:238.187475
#IT Ite:62 KerTime:3.353878 AccTime:241.541353
#IT Ite:63 KerTime:4.361615 AccTime:245.902968
#IT Ite:64 KerTime:3.358963 AccTime:249.261931
#IT Ite:65 KerTime:3.350451 AccTime:252.612382
#IT Ite:66 KerTime:3.651277 AccTime:256.263659
#IT Ite:67 KerTime:5.423119 AccTime:261.686778
#ERR stream: 0, p: [768, 259], r: 3.0793988037109375e+02, e: 3.0793994140625000e+02
#ERR stream: 0, p: [768, 260], r: 3.0794094848632812e+02, e: 3.0794110107421875e+02
#ERR stream: 0, p: [768, 261], r: 3.0794204711914062e+02, e: 3.0794247436523438e+02
#ERR stream: 0, p: [768, 262], r: 3.0794311523437500e+02, e: 3.0794454956054688e+02
#ERR stream: 0, p: [768, 263], r: 3.0794421386718750e+02, e: 3.0794906616210938e+02
#ERR stream: 0, p: [768, 264], r: 3.0794531250000000e+02, e: 3.0796182250976562e+02
#ERR stream: 0, p: [768, 265], r: 3.0794638061523438e+02, e: 3.0800186157226562e+02
#ERR stream: 0, p: [768, 266], r: 3.0794744873046875e+02, e: 3.0813055419921875e+02
#ERR stream: 0, p: [768, 267], r: 3.0794851684570312e+02, e: 3.0854153442382812e+02
#ERR stream: 0, p: [768, 268], r: 3.0794958496093750e+02, e: 3.0983462524414062e+02
#ERR stream: 0, p: [768, 269], r: 3.0795068359375000e+02, e: 3.1383160400390625e+02
#ERR stream: 0, p: [768, 270], r: 3.0795178222656250e+02, e: 3.2595861816406250e+02
#ERR stream: 0, p: [768, 271], r: 3.0795281982421875e+02, e: 3.6206481933593750e+02
#ERR stream: 0, p: [768, 272], r: 3.0795385742187500e+02, e: 4.6754626464843750e+02
#ERR stream: 0, p: [768, 273], r: 3.0795495605468750e+02, e: 7.6990380859375000e+02
#ERR stream: 0, p: [768, 274], r: 3.0795599365234375e+02, e: 1.6202709960937500e+03
#ERR stream: 0, p: [768, 275], r: 3.0795703125000000e+02, e: 3.9667973632812500e+03
#ERR stream: 0, p: [768, 276], r: 3.0795806884765625e+02, e: 1.0319666015625000e+04
#ERR stream: 0, p: [768, 277], r: 3.0795913696289062e+02, e: 2.7194177734375000e+04
#ERR stream: 0, p: [768, 278], r: 3.0796017456054688e+02, e: 7.1168601562500000e+04
#ERR stream: 0, p: [768, 279], r: 3.0796121215820312e+02, e: 1.8359448437500000e+05
#ERR stream: 0, p: [768, 280], r: 3.0796224975585938e+02, e: 4.6557471875000000e+05
#ERR stream: 0, p: [768, 281], r: 3.0796328735351562e+02, e: 1.1593917500000000e+06
#ERR stream: 0, p: [768, 282], r: 3.0796432495117188e+02, e: 2.8340730000000000e+06
#ERR stream: 0, p: [768, 283], r: 3.0796536254882812e+02, e: 6.7992820000000000e+06
#ERR stream: 0, p: [768, 284], r: 3.0796640014648438e+02, e: 1.6008692000000000e+07
#ERR stream: 0, p: [768, 285], r: 3.0796740722656250e+02, e: 3.6989060000000000e+07
#ERR stream: 0, p: [768, 286], r: 3.0796844482421875e+02, e: 8.3869640000000000e+07
#ERR stream: 0, p: [768, 287], r: 3.0796948242187500e+02, e: 1.8661281600000000e+08
#ERR stream: 0, p: [768, 288], r: 3.0797052001953125e+02, e: 4.0745081600000000e+08
#ERR stream: 0, p: [768, 289], r: 3.0797155761718750e+02, e: 8.7296716800000000e+08
#ERR stream: 0, p: [768, 290], r: 3.0797256469726562e+02, e: 1.8352760320000000e+09
#ERR stream: 0, p: [768, 291], r: 3.0797357177734375e+02, e: 3.7859706880000000e+09
#ERR stream: 0, p: [768, 292], r: 3.0797457885742188e+02, e: 7.6633180160000000e+09
#ERR stream: 0, p: [768, 293], r: 3.0797558593750000e+02, e: 1.5219887104000000e+10
#ERR stream: 0, p: [657, 321], r: 3.0829748535156250e+02, e: 3.0829751586914062e+02
#ERR stream: 0, p: [657, 322], r: 3.0829891967773438e+02, e: 3.0829895019531250e+02
#ERR stream: 0, p: [768, 294], r: 3.0797659301757812e+02, e: 2.9658693632000000e+10
#ERR stream: 0, p: [768, 295], r: 3.0797760009765625e+02, e: 5.6706068480000000e+10
#ERR stream: 0, p: [768, 296], r: 3.0797860717773438e+02, e: 1.0637383270400000e+11
#ERR stream: 0, p: [658, 321], r: 3.0829464721679688e+02, e: 3.0829467773437500e+02
#ERR stream: 0, p: [768, 297], r: 3.0797961425781250e+02, e: 1.9577554534400000e+11
#ERR stream: 0, p: [659, 313], r: 3.0828033447265625e+02, e: 3.0828036499023438e+02
#ERR stream: 0, p: [768, 298], r: 3.0798059082031250e+02, e: 3.5350134784000000e+11
#ERR stream: 0, p: [659, 315], r: 3.0828323364257812e+02, e: 3.0828326416015625e+02
#ERR stream: 0, p: [768, 299], r: 3.0798156738281250e+02, e: 6.2621483008000000e+11
#ERR stream: 0, p: [659, 316], r: 3.0828466796875000e+02, e: 3.0828469848632812e+02
#ERR stream: 0, p: [659, 317], r: 3.0828610229492188e+02, e: 3.0828613281250000e+02
#ERR stream: 0, p: [659, 321], r: 3.0829180908203125e+02, e: 3.0829183959960938e+02
#ERR stream: 0, p: [659, 322], r: 3.0829321289062500e+02, e: 3.0829327392578125e+02
#ERR stream: 0, p: [768, 300], r: 3.0798254394531250e+02, e: 1.0882929131520000e+12
#ERR stream: 0, p: [659, 323], r: 3.0829461669921875e+02, e: 3.0829467773437500e+02
#ERR stream: 0, p: [659, 324], r: 3.0829602050781250e+02, e: 3.0829608154296875e+02
#ERR stream: 0, p: [659, 325], r: 3.0829742431640625e+02, e: 3.0829745483398438e+02
#ERR stream: 0, p: [659, 328], r: 3.0830160522460938e+02, e: 3.0830163574218750e+02
#ERR stream: 0, p: [659, 329], r: 3.0830297851562500e+02, e: 3.0830300903320312e+02
#ERR stream: 0, p: [659, 330], r: 3.0830435180664062e+02, e: 3.0830438232421875e+02
#ERR stream: 0, p: [659, 338], r: 3.0831521606445312e+02, e: 3.0831524658203125e+02
#ERR stream: 0, p: [659, 339], r: 3.0831655883789062e+02, e: 3.0831658935546875e+02
#ERR stream: 0, p: [659, 340], r: 3.0831787109375000e+02, e: 3.0831790161132812e+02
#ERR stream: 0, p: [659, 342], r: 3.0832052612304688e+02, e: 3.0832055664062500e+02
#ERR stream: 0, p: [659, 343], r: 3.0832183837890625e+02, e: 3.0832186889648438e+02
#ERR stream: 0, p: [659, 344], r: 3.0832315063476562e+02, e: 3.0832318115234375e+02
#ERR stream: 0, p: [660, 313], r: 3.0827755737304688e+02, e: 3.0827758789062500e+02
#ERR stream: 0, p: [660, 314], r: 3.0827899169921875e+02, e: 3.0827902221679688e+02
#ERR stream: 0, p: [660, 315], r: 3.0828042602539062e+02, e: 3.0828045654296875e+02
#ERR stream: 0, p: [660, 316], r: 3.0828186035156250e+02, e: 3.0828189086914062e+02
#ERR stream: 0, p: [660, 320], r: 3.0828753662109375e+02, e: 3.0828756713867188e+02
#ERR stream: 0, p: [660, 321], r: 3.0828894042968750e+02, e: 3.0828900146484375e+02
#ERR stream: 0, p: [660, 322], r: 3.0829037475585938e+02, e: 3.0829043579101562e+02
#ERR stream: 0, p: [660, 323], r: 3.0829177856445312e+02, e: 3.0829183959960938e+02
#ERR stream: 0, p: [660, 324], r: 3.0829318237304688e+02, e: 3.0829324340820312e+02
#ERR stream: 0, p: [660, 325], r: 3.0829458618164062e+02, e: 3.0829461669921875e+02
#ERR stream: 0, p: [660, 326], r: 3.0829595947265625e+02, e: 3.0829602050781250e+02
#ERR stream: 0, p: [660, 327], r: 3.0829736328125000e+02, e: 3.0829739379882812e+02
#ERR stream: 0, p: [660, 328], r: 3.0829873657226562e+02, e: 3.0829876708984375e+02
#ERR stream: 0, p: [660, 329], r: 3.0830010986328125e+02, e: 3.0830014038085938e+02
#ERR stream: 0, p: [660, 330], r: 3.0830145263671875e+02, e: 3.0830151367187500e+02
#ERR stream: 0, p: [660, 331], r: 3.0830285644531250e+02, e: 3.0830288696289062e+02
#ERR stream: 0, p: [660, 332], r: 3.0830419921875000e+02, e: 3.0830422973632812e+02
#ERR stream: 0, p: [660, 333], r: 3.0830557250976562e+02, e: 3.0830560302734375e+02
#ERR stream: 0, p: [660, 334], r: 3.0830691528320312e+02, e: 3.0830694580078125e+02
#ERR stream: 0, p: [660, 338], r: 3.0831228637695312e+02, e: 3.0831231689453125e+02
#ERR stream: 0, p: [660, 339], r: 3.0831359863281250e+02, e: 3.0831365966796875e+02
#ERR stream: 0, p: [660, 340], r: 3.0831494140625000e+02, e: 3.0831497192382812e+02
#ERR stream: 0, p: [660, 341], r: 3.0831625366210938e+02, e: 3.0831628417968750e+02
#ERR stream: 0, p: [660, 342], r: 3.0831756591796875e+02, e: 3.0831759643554688e+02
#ERR stream: 0, p: [660, 343], r: 3.0831887817382812e+02, e: 3.0831890869140625e+02
#ERR stream: 0, p: [661, 312], r: 3.0827334594726562e+02, e: 3.0827337646484375e+02
#ERR stream: 0, p: [661, 313], r: 3.0827478027343750e+02, e: 3.0827481079101562e+02
#ERR stream: 0, p: [661, 314], r: 3.0827621459960938e+02, e: 3.0827624511718750e+02
#ERR stream: 0, p: [661, 315], r: 3.0827764892578125e+02, e: 3.0827767944335938e+02
#ERR stream: 0, p: [661, 316], r: 3.0827905273437500e+02, e: 3.0827911376953125e+02
#ERR stream: 0, p: [661, 317], r: 3.0828048706054688e+02, e: 3.0828051757812500e+02
#ERR stream: 0, p: [661, 318], r: 3.0828192138671875e+02, e: 3.0828195190429688e+02
#ERR stream: 0, p: [661, 319], r: 3.0828332519531250e+02, e: 3.0828338623046875e+02
#ERR stream: 0, p: [661, 320], r: 3.0828472900390625e+02, e: 3.0828479003906250e+02
#ERR stream: 0, p: [661, 321], r: 3.0828613281250000e+02, e: 3.0828622436523438e+02
#ERR stream: 0, p: [661, 322], r: 3.0828753662109375e+02, e: 3.0828768920898438e+02
#ERR stream: 0, p: [661, 323], r: 3.0828894042968750e+02, e: 3.0828909301757812e+02
#ERR stream: 0, p: [661, 324], r: 3.0829034423828125e+02, e: 3.0829052734375000e+02
#ERR stream: 0, p: [661, 325], r: 3.0829171752929688e+02, e: 3.0829190063476562e+02
#ERR stream: 0, p: [661, 326], r: 3.0829309082031250e+02, e: 3.0829330444335938e+02
#ERR stream: 0, p: [661, 327], r: 3.0829449462890625e+02, e: 3.0829467773437500e+02
#ERR stream: 0, p: [661, 328], r: 3.0829586791992188e+02, e: 3.0829605102539062e+02
#ERR stream: 0, p: [661, 329], r: 3.0829724121093750e+02, e: 3.0829742431640625e+02
#ERR stream: 0, p: [661, 330], r: 3.0829858398437500e+02, e: 3.0829879760742188e+02
#ERR stream: 0, p: [661, 331], r: 3.0829995727539062e+02, e: 3.0830014038085938e+02
#ERR stream: 0, p: [661, 332], r: 3.0830130004882812e+02, e: 3.0830145263671875e+02
#ERR stream: 0, p: [661, 333], r: 3.0830267333984375e+02, e: 3.0830279541015625e+02
#ERR stream: 0, p: [661, 334], r: 3.0830401611328125e+02, e: 3.0830413818359375e+02
#ERR stream: 0, p: [661, 335], r: 3.0830535888671875e+02, e: 3.0830545043945312e+02
#ERR stream: 0, p: [661, 336], r: 3.0830670166015625e+02, e: 3.0830676269531250e+02
#ERR stream: 0, p: [661, 337], r: 3.0830804443359375e+02, e: 3.0830810546875000e+02
#ERR stream: 0, p: [661, 338], r: 3.0830935668945312e+02, e: 3.0830941772460938e+02
#ERR stream: 0, p: [661, 339], r: 3.0831066894531250e+02, e: 3.0831072998046875e+02
#ERR stream: 0, p: [661, 340], r: 3.0831201171875000e+02, e: 3.0831204223632812e+02
#ERR stream: 0, p: [661, 341], r: 3.0831332397460938e+02, e: 3.0831335449218750e+02
#ERR stream: 0, p: [661, 342], r: 3.0831463623046875e+02, e: 3.0831466674804688e+02
#ERR stream: 0, p: [661, 343], r: 3.0831591796875000e+02, e: 3.0831594848632812e+02
#ERR stream: 0, p: [661, 344], r: 3.0831723022460938e+02, e: 3.0831726074218750e+02
#ERR stream: 0, p: [662, 301], r: 3.0825454711914062e+02, e: 3.0825457763671875e+02
#ERR stream: 0, p: [662, 309], r: 3.0826626586914062e+02, e: 3.0826629638671875e+02
#ERR stream: 0, p: [662, 310], r: 3.0826770019531250e+02, e: 3.0826773071289062e+02
#ERR stream: 0, p: [662, 311], r: 3.0826913452148438e+02, e: 3.0826916503906250e+02
#ERR stream: 0, p: [662, 312], r: 3.0827056884765625e+02, e: 3.0827059936523438e+02
#ERR stream: 0, p: [662, 313], r: 3.0827200317382812e+02, e: 3.0827203369140625e+02
#ERR stream: 0, p: [662, 314], r: 3.0827343750000000e+02, e: 3.0827346801757812e+02
#ERR stream: 0, p: [662, 315], r: 3.0827484130859375e+02, e: 3.0827493286132812e+02
#ERR stream: 0, p: [662, 316], r: 3.0827624511718750e+02, e: 3.0827639770507812e+02
#ERR stream: 0, p: [662, 317], r: 3.0827764892578125e+02, e: 3.0827783203125000e+02
#ERR stream: 0, p: [662, 318], r: 3.0827911376953125e+02, e: 3.0827932739257812e+02
#ERR stream: 0, p: [662, 319], r: 3.0828051757812500e+02, e: 3.0828079223632812e+02
#ERR stream: 0, p: [662, 320], r: 3.0828192138671875e+02, e: 3.0828225708007812e+02
#ERR stream: 0, p: [662, 321], r: 3.0828332519531250e+02, e: 3.0828375244140625e+02
#ERR stream: 0, p: [662, 322], r: 3.0828469848632812e+02, e: 3.0828521728515625e+02
#ERR stream: 0, p: [662, 323], r: 3.0828607177734375e+02, e: 3.0828671264648438e+02
#ERR stream: 0, p: [662, 324], r: 3.0828747558593750e+02, e: 3.0828817749023438e+02
#ERR stream: 0, p: [662, 325], r: 3.0828887939453125e+02, e: 3.0828961181640625e+02
#ERR stream: 0, p: [662, 326], r: 3.0829025268554688e+02, e: 3.0829101562500000e+02
#ERR stream: 0, p: [662, 327], r: 3.0829162597656250e+02, e: 3.0829241943359375e+02
#ERR stream: 0, p: [662, 328], r: 3.0829299926757812e+02, e: 3.0829379272460938e+02
#ERR stream: 0, p: [662, 329], r: 3.0829437255859375e+02, e: 3.0829513549804688e+02
#ERR stream: 0, p: [662, 330], r: 3.0829571533203125e+02, e: 3.0829647827148438e+02
#ERR stream: 0, p: [662, 331], r: 3.0829705810546875e+02, e: 3.0829779052734375e+02
#ERR stream: 0, p: [662, 332], r: 3.0829840087890625e+02, e: 3.0829907226562500e+02
#ERR stream: 0, p: [662, 333], r: 3.0829974365234375e+02, e: 3.0830035400390625e+02
#ERR stream: 0, p: [662, 334], r: 3.0830108642578125e+02, e: 3.0830163574218750e+02
#ERR stream: 0, p: [662, 335], r: 3.0830242919921875e+02, e: 3.0830288696289062e+02
#ERR stream: 0, p: [662, 336], r: 3.0830377197265625e+02, e: 3.0830413818359375e+02
#ERR stream: 0, p: [662, 337], r: 3.0830511474609375e+02, e: 3.0830541992187500e+02
#ERR stream: 0, p: [662, 338], r: 3.0830642700195312e+02, e: 3.0830667114257812e+02
#ERR stream: 0, p: [662, 339], r: 3.0830773925781250e+02, e: 3.0830795288085938e+02
#ERR stream: 0, p: [662, 340], r: 3.0830908203125000e+02, e: 3.0830920410156250e+02
#ERR stream: 0, p: [662, 341], r: 3.0831036376953125e+02, e: 3.0831048583984375e+02
#ERR stream: 0, p: [662, 342], r: 3.0831170654296875e+02, e: 3.0831176757812500e+02
#ERR stream: 0, p: [662, 343], r: 3.0831298828125000e+02, e: 3.0831304931640625e+02
#ERR stream: 0, p: [662, 344], r: 3.0831427001953125e+02, e: 3.0831433105468750e+02
#ERR stream: 0, p: [662, 345], r: 3.0831555175781250e+02, e: 3.0831561279296875e+02
#ERR stream: 0, p: [662, 346], r: 3.0831686401367188e+02, e: 3.0831689453125000e+02
#ERR stream: 0, p: [663, 300], r: 3.0825036621093750e+02, e: 3.0825039672851562e+02
#ERR stream: 0, p: [663, 301], r: 3.0825183105468750e+02, e: 3.0825186157226562e+02
#ERR stream: 0, p: [663, 308], r: 3.0826205444335938e+02, e: 3.0826208496093750e+02
#ERR stream: 0, p: [663, 309], r: 3.0826348876953125e+02, e: 3.0826351928710938e+02
#ERR stream: 0, p: [663, 310], r: 3.0826492309570312e+02, e: 3.0826498413085938e+02
#ERR stream: 0, p: [663, 311], r: 3.0826635742187500e+02, e: 3.0826644897460938e+02
#ERR stream: 0, p: [663, 312], r: 3.0826779174804688e+02, e: 3.0826791381835938e+02
#ERR stream: 0, p: [663, 313], r: 3.0826922607421875e+02, e: 3.0826940917968750e+02
#ERR stream: 0, p: [663, 314], r: 3.0827062988281250e+02, e: 3.0827090454101562e+02
#ERR stream: 0, p: [663, 315], r: 3.0827203369140625e+02, e: 3.0827246093750000e+02
#ERR stream: 0, p: [663, 316], r: 3.0827343750000000e+02, e: 3.0827401733398438e+02
#ERR stream: 0, p: [663, 317], r: 3.0827484130859375e+02, e: 3.0827557373046875e+02
#ERR stream: 0, p: [663, 318], r: 3.0827627563476562e+02, e: 3.0827719116210938e+02
#ERR stream: 0, p: [663, 319], r: 3.0827767944335938e+02, e: 3.0827883911132812e+02
#ERR stream: 0, p: [663, 320], r: 3.0827908325195312e+02, e: 3.0828051757812500e+02
#ERR stream: 0, p: [663, 321], r: 3.0828045654296875e+02, e: 3.0828219604492188e+02
#ERR stream: 0, p: [663, 322], r: 3.0828186035156250e+02, e: 3.0828387451171875e+02
#ERR stream: 0, p: [663, 323], r: 3.0828326416015625e+02, e: 3.0828555297851562e+02
#ERR stream: 0, p: [663, 324], r: 3.0828466796875000e+02, e: 3.0828720092773438e+02
#ERR stream: 0, p: [663, 325], r: 3.0828604125976562e+02, e: 3.0828878784179688e+02
#ERR stream: 0, p: [663, 326], r: 3.0828741455078125e+02, e: 3.0829034423828125e+02
#ERR stream: 0, p: [663, 327], r: 3.0828875732421875e+02, e: 3.0829180908203125e+02
#ERR stream: 0, p: [663, 328], r: 3.0829013061523438e+02, e: 3.0829321289062500e+02
#ERR stream: 0, p: [663, 329], r: 3.0829150390625000e+02, e: 3.0829452514648438e+02
#ERR stream: 0, p: [663, 330], r: 3.0829284667968750e+02, e: 3.0829577636718750e+02
#ERR stream: 0, p: [663, 331], r: 3.0829418945312500e+02, e: 3.0829696655273438e+02
#ERR stream: 0, p: [663, 332], r: 3.0829553222656250e+02, e: 3.0829806518554688e+02
#ERR stream: 0, p: [663, 333], r: 3.0829687500000000e+02, e: 3.0829916381835938e+02
#ERR stream: 0, p: [663, 334], r: 3.0829821777343750e+02, e: 3.0830023193359375e+02
#ERR stream: 0, p: [663, 335], r: 3.0829956054687500e+02, e: 3.0830126953125000e+02
#ERR stream: 0, p: [663, 336], r: 3.0830087280273438e+02, e: 3.0830230712890625e+02
#ERR stream: 0, p: [663, 337], r: 3.0830218505859375e+02, e: 3.0830337524414062e+02
#ERR stream: 0, p: [663, 338], r: 3.0830349731445312e+02, e: 3.0830444335937500e+02
#ERR stream: 0, p: [663, 339], r: 3.0830480957031250e+02, e: 3.0830554199218750e+02
#ERR stream: 0, p: [663, 340], r: 3.0830612182617188e+02, e: 3.0830667114257812e+02
#ERR stream: 0, p: [663, 341], r: 3.0830743408203125e+02, e: 3.0830786132812500e+02
#ERR stream: 0, p: [663, 342], r: 3.0830874633789062e+02, e: 3.0830905151367188e+02
#ERR stream: 0, p: [663, 343], r: 3.0831005859375000e+02, e: 3.0831027221679688e+02
#ERR stream: 0, p: [663, 344], r: 3.0831134033203125e+02, e: 3.0831149291992188e+02
#ERR stream: 0, p: [663, 345], r: 3.0831262207031250e+02, e: 3.0831271362304688e+02
#ERR stream: 0, p: [663, 346], r: 3.0831390380859375e+02, e: 3.0831396484375000e+02
#ERR stream: 0, p: [663, 347], r: 3.0831518554687500e+02, e: 3.0831521606445312e+02
#ERR stream: 0, p: [664, 304], r: 3.0825350952148438e+02, e: 3.0825354003906250e+02
#ERR stream: 0, p: [664, 305], r: 3.0825494384765625e+02, e: 3.0825500488281250e+02
#ERR stream: 0, p: [664, 306], r: 3.0825640869140625e+02, e: 3.0825643920898438e+02
#ERR stream: 0, p: [664, 308], r: 3.0825930786132812e+02, e: 3.0825936889648438e+02
#ERR stream: 0, p: [664, 309], r: 3.0826074218750000e+02, e: 3.0826086425781250e+02
#ERR stream: 0, p: [664, 310], r: 3.0826214599609375e+02, e: 3.0826242065429688e+02
#ERR stream: 0, p: [664, 311], r: 3.0826358032226562e+02, e: 3.0826394653320312e+02
#ERR stream: 0, p: [664, 312], r: 3.0826501464843750e+02, e: 3.0826556396484375e+02
#ERR stream: 0, p: [664, 313], r: 3.0826641845703125e+02, e: 3.0826724243164062e+02
#ERR stream: 0, p: [664, 314], r: 3.0826782226562500e+02, e: 3.0826898193359375e+02
#ERR stream: 0, p: [664, 315], r: 3.0826922607421875e+02, e: 3.0827081298828125e+02
#ERR stream: 0, p: [664, 316], r: 3.0827066040039062e+02, e: 3.0827276611328125e+02
#ERR stream: 0, p: [664, 317], r: 3.0827206420898438e+02, e: 3.0827481079101562e+02
#ERR stream: 0, p: [664, 318], r: 3.0827343750000000e+02, e: 3.0827697753906250e+02
#ERR stream: 0, p: [664, 319], r: 3.0827484130859375e+02, e: 3.0827929687500000e+02
#ERR stream: 0, p: [664, 320], r: 3.0827624511718750e+02, e: 3.0828167724609375e+02
#ERR stream: 0, p: [664, 321], r: 3.0827764892578125e+02, e: 3.0828414916992188e+02
#ERR stream: 0, p: [664, 322], r: 3.0827905273437500e+02, e: 3.0828659057617188e+02
#ERR stream: 0, p: [664, 323], r: 3.0828045654296875e+02, e: 3.0828906250000000e+02
#ERR stream: 0, p: [664, 324], r: 3.0828182983398438e+02, e: 3.0829141235351562e+02
#ERR stream: 0, p: [664, 325], r: 3.0828320312500000e+02, e: 3.0829360961914062e+02
#ERR stream: 0, p: [664, 326], r: 3.0828454589843750e+02, e: 3.0829562377929688e+02
#ERR stream: 0, p: [664, 327], r: 3.0828588867187500e+02, e: 3.0829739379882812e+02
#ERR stream: 0, p: [664, 328], r: 3.0828726196289062e+02, e: 3.0829888916015625e+02
#ERR stream: 0, p: [664, 329], r: 3.0828863525390625e+02, e: 3.0830010986328125e+02
#ERR stream: 0, p: [664, 330], r: 3.0828997802734375e+02, e: 3.0830102539062500e+02
#ERR stream: 0, p: [664, 331], r: 3.0829132080078125e+02, e: 3.0830172729492188e+02
#ERR stream: 0, p: [664, 332], r: 3.0829266357421875e+02, e: 3.0830224609375000e+02
#ERR stream: 0, p: [664, 333], r: 3.0829400634765625e+02, e: 3.0830261230468750e+02
#ERR stream: 0, p: [664, 334], r: 3.0829534912109375e+02, e: 3.0830288696289062e+02
#ERR stream: 0, p: [664, 335], r: 3.0829666137695312e+02, e: 3.0830313110351562e+02
#ERR stream: 0, p: [664, 336], r: 3.0829797363281250e+02, e: 3.0830340576171875e+02
#ERR stream: 0, p: [664, 337], r: 3.0829928588867188e+02, e: 3.0830374145507812e+02
#ERR stream: 0, p: [664, 338], r: 3.0830059814453125e+02, e: 3.0830413818359375e+02
#ERR stream: 0, p: [664, 339], r: 3.0830191040039062e+02, e: 3.0830465698242188e+02
#ERR stream: 0, p: [664, 340], r: 3.0830322265625000e+02, e: 3.0830529785156250e+02
#ERR stream: 0, p: [664, 341], r: 3.0830450439453125e+02, e: 3.0830609130859375e+02
#ERR stream: 0, p: [664, 342], r: 3.0830578613281250e+02, e: 3.0830694580078125e+02
#ERR stream: 0, p: [664, 343], r: 3.0830709838867188e+02, e: 3.0830792236328125e+02
#ERR stream: 0, p: [664, 344], r: 3.0830841064453125e+02, e: 3.0830895996093750e+02
#ERR stream: 0, p: [664, 345], r: 3.0830966186523438e+02, e: 3.0831005859375000e+02
#ERR stream: 0, p: [664, 346], r: 3.0831094360351562e+02, e: 3.0831118774414062e+02
#ERR stream: 0, p: [664, 347], r: 3.0831219482421875e+02, e: 3.0831237792968750e+02
#ERR stream: 0, p: [664, 348], r: 3.0831347656250000e+02, e: 3.0831359863281250e+02
#ERR stream: 0, p: [664, 349], r: 3.0831475830078125e+02, e: 3.0831481933593750e+02
#ERR stream: 0, p: [664, 350], r: 3.0831600952148438e+02, e: 3.0831604003906250e+02
#ERR stream: 0, p: [664, 351], r: 3.0831726074218750e+02, e: 3.0831729125976562e+02
#ERR stream: 0, p: [665, 303], r: 3.0824935913085938e+02, e: 3.0824938964843750e+02
#ERR stream: 0, p: [665, 304], r: 3.0825079345703125e+02, e: 3.0825082397460938e+02
#ERR stream: 0, p: [665, 305], r: 3.0825222778320312e+02, e: 3.0825231933593750e+02
#ERR stream: 0, p: [665, 306], r: 3.0825366210937500e+02, e: 3.0825378417968750e+02
#ERR stream: 0, p: [665, 307], r: 3.0825512695312500e+02, e: 3.0825531005859375e+02
#ERR stream: 0, p: [665, 308], r: 3.0825656127929688e+02, e: 3.0825689697265625e+02
#ERR stream: 0, p: [665, 309], r: 3.0825799560546875e+02, e: 3.0825857543945312e+02
#ERR stream: 0, p: [665, 310], r: 3.0825939941406250e+02, e: 3.0826034545898438e+02
#ERR stream: 0, p: [665, 311], r: 3.0826080322265625e+02, e: 3.0826223754882812e+02
#ERR stream: 0, p: [665, 312], r: 3.0826226806640625e+02, e: 3.0826431274414062e+02
#ERR stream: 0, p: [665, 313], r: 3.0826367187500000e+02, e: 3.0826666259765625e+02
#ERR stream: 0, p: [665, 314], r: 3.0826507568359375e+02, e: 3.0826928710937500e+02
#ERR stream: 0, p: [665, 315], r: 3.0826647949218750e+02, e: 3.0827227783203125e+02
#ERR stream: 0, p: [665, 316], r: 3.0826788330078125e+02, e: 3.0827569580078125e+02
#ERR stream: 0, p: [665, 317], r: 3.0826928710937500e+02, e: 3.0827954101562500e+02
#ERR stream: 0, p: [665, 318], r: 3.0827066040039062e+02, e: 3.0828381347656250e+02
#ERR stream: 0, p: [665, 319], r: 3.0827203369140625e+02, e: 3.0828854370117188e+02
#ERR stream: 0, p: [665, 320], r: 3.0827343750000000e+02, e: 3.0829357910156250e+02
#ERR stream: 0, p: [665, 321], r: 3.0827484130859375e+02, e: 3.0829888916015625e+02
#ERR stream: 0, p: [665, 322], r: 3.0827624511718750e+02, e: 3.0830426025390625e+02
#ERR stream: 0, p: [665, 323], r: 3.0827761840820312e+02, e: 3.0830953979492188e+02
#ERR stream: 0, p: [665, 324], r: 3.0827899169921875e+02, e: 3.0831451416015625e+02
#ERR stream: 0, p: [768, 301], r: 3.0798352050781250e+02, e: 1.8554489405440000e+12
#ERR stream: 0, p: [665, 325], r: 3.0828033447265625e+02, e: 3.0831890869140625e+02
#ERR stream: 0, p: [768, 302], r: 3.0798449707031250e+02, e: 3.1032989450240000e+12
#ERR stream: 0, p: [665, 326], r: 3.0828170776367188e+02, e: 3.0832263183593750e+02
#ERR stream: 0, p: [768, 303], r: 3.0798547363281250e+02, e: 5.0916706222080000e+12
#ERR stream: 0, p: [665, 327], r: 3.0828305053710938e+02, e: 3.0832546997070312e+02
#ERR stream: 0, p: [768, 304], r: 3.0798645019531250e+02, e: 8.1950167531520000e+12
#ERR stream: 0, p: [665, 328], r: 3.0828442382812500e+02, e: 3.0832736206054688e+02
#ERR stream: 0, p: [768, 305], r: 3.0798742675781250e+02, e: 1.2938475732992000e+13
#ERR stream: 0, p: [665, 329], r: 3.0828576660156250e+02, e: 3.0832818603515625e+02
#ERR stream: 0, p: [768, 306], r: 3.0798840332031250e+02, e: 2.0037853249536000e+13
#ERR stream: 0, p: [665, 330], r: 3.0828710937500000e+02, e: 3.0832803344726562e+02
#ERR stream: 0, p: [768, 307], r: 3.0798937988281250e+02, e: 3.0440045936640000e+13
#ERR stream: 0, p: [665, 331], r: 3.0828845214843750e+02, e: 3.0832702636718750e+02
#ERR stream: 0, p: [768, 308], r: 3.0799035644531250e+02, e: 4.5358302363648000e+13
#ERR stream: 0, p: [665, 332], r: 3.0828979492187500e+02, e: 3.0832528686523438e+02
#ERR stream: 0, p: [768, 309], r: 3.0799133300781250e+02, e: 6.6294481158144000e+13
#ERR stream: 0, p: [665, 333], r: 3.0829110717773438e+02, e: 3.0832305908203125e+02
#ERR stream: 0, p: [768, 310], r: 3.0799230957031250e+02, e: 9.5038331682816000e+13
#ERR stream: 0, p: [665, 334], r: 3.0829241943359375e+02, e: 3.0832049560546875e+02
#ERR stream: 0, p: [768, 311], r: 3.0799325561523438e+02, e: 1.3363285747302400e+14
#ERR stream: 0, p: [768, 312], r: 3.0799420166015625e+02, e: 1.8429483207884800e+14
#ERR stream: 0, p: [665, 335], r: 3.0829376220703125e+02, e: 3.0831781005859375e+02
#ERR stream: 0, p: [768, 313], r: 3.0799514770507812e+02, e: 2.4928216678400000e+14
#ERR stream: 0, p: [665, 336], r: 3.0829507446289062e+02, e: 3.0831524658203125e+02
#ERR stream: 0, p: [768, 314], r: 3.0799609375000000e+02, e: 3.3070476427264000e+14
#ERR stream: 0, p: [665, 337], r: 3.0829638671875000e+02, e: 3.0831286621093750e+02
#ERR stream: 0, p: [768, 315], r: 3.0799703979492188e+02, e: 4.3028311126835200e+14
#ERR stream: 0, p: [665, 338], r: 3.0829769897460938e+02, e: 3.0831085205078125e+02
#ERR stream: 0, p: [768, 316], r: 3.0799798583984375e+02, e: 5.4906851845734400e+14
#ERR stream: 0, p: [665, 339], r: 3.0829901123046875e+02, e: 3.0830926513671875e+02
#ERR stream: 0, p: [768, 317], r: 3.0799890136718750e+02, e: 6.8714960309452800e+14
#ERR stream: 0, p: [665, 340], r: 3.0830029296875000e+02, e: 3.0830810546875000e+02
#ERR stream: 0, p: [768, 318], r: 3.0799981689453125e+02, e: 8.4337964246630400e+14
#ERR stream: 0, p: [665, 341], r: 3.0830157470703125e+02, e: 3.0830743408203125e+02
#ERR stream: 0, p: [768, 319], r: 3.0800073242187500e+02, e: 1.0151657178398720e+15
#ERR stream: 0, p: [665, 342], r: 3.0830285644531250e+02, e: 3.0830712890625000e+02
#ERR stream: 0, p: [768, 320], r: 3.0800164794921875e+02, e: 1.1983625817948160e+15
#ERR stream: 0, p: [665, 343], r: 3.0830413818359375e+02, e: 3.0830718994140625e+02
#ERR stream: 0, p: [768, 321], r: 3.0800259399414062e+02, e: 1.3873078568222720e+15
#ERR stream: 0, p: [665, 344], r: 3.0830541992187500e+02, e: 3.0830755615234375e+02
#ERR stream: 0, p: [768, 322], r: 3.0800354003906250e+02, e: 1.5750236974612480e+15
#ERR stream: 0, p: [665, 345], r: 3.0830670166015625e+02, e: 3.0830816650390625e+02
#ERR stream: 0, p: [768, 323], r: 3.0800445556640625e+02, e: 1.7535885734051840e+15
#ERR stream: 0, p: [665, 346], r: 3.0830798339843750e+02, e: 3.0830892944335938e+02
#ERR stream: 0, p: [768, 324], r: 3.0800537109375000e+02, e: 1.9146613897297920e+15
#ERR stream: 0, p: [665, 347], r: 3.0830926513671875e+02, e: 3.0830987548828125e+02
#ERR stream: 0, p: [768, 325], r: 3.0800628662109375e+02, e: 2.0501123102146560e+15
#ERR stream: 0, p: [665, 348], r: 3.0831051635742188e+02, e: 3.0831091308593750e+02
#ERR stream: 0, p: [768, 326], r: 3.0800717163085938e+02, e: 2.1526972014264320e+15
#ERR stream: 0, p: [665, 349], r: 3.0831176757812500e+02, e: 3.0831201171875000e+02
#ERR stream: 0, p: [768, 327], r: 3.0800808715820312e+02, e: 2.2166986565877760e+15
#ERR stream: 0, p: [665, 350], r: 3.0831304931640625e+02, e: 3.0831317138671875e+02
#ERR stream: 0, p: [768, 328], r: 3.0800900268554688e+02, e: 2.2384529343774720e+15
#ERR stream: 0, p: [665, 351], r: 3.0831427001953125e+02, e: 3.0831436157226562e+02
#ERR stream: 0, p: [768, 329], r: 3.0800991821289062e+02, e: 2.2166986565877760e+15
#ERR stream: 0, p: [768, 330], r: 3.0801080322265625e+02, e: 2.1526972014264320e+15
#ERR stream: 0, p: [665, 352], r: 3.0831552124023438e+02, e: 3.0831558227539062e+02
#ERR stream: 0, p: [768, 331], r: 3.0801168823242188e+02, e: 2.0501123102146560e+15
#ERR stream: 0, p: [665, 353], r: 3.0831677246093750e+02, e: 3.0831680297851562e+02
#ERR stream: 0, p: [768, 332], r: 3.0801257324218750e+02, e: 1.9146613897297920e+15
#ERR stream: 0, p: [665, 354], r: 3.0831799316406250e+02, e: 3.0831802368164062e+02
#ERR stream: 0, p: [768, 333], r: 3.0801345825195312e+02, e: 1.7535885734051840e+15
#ERR stream: 0, p: [665, 355], r: 3.0831921386718750e+02, e: 3.0831924438476562e+02
#ERR stream: 0, p: [768, 334], r: 3.0801434326171875e+02, e: 1.5750236974612480e+15
#ERR stream: 0, p: [665, 356], r: 3.0832043457031250e+02, e: 3.0832046508789062e+02
#ERR stream: 0, p: [768, 335], r: 3.0801522827148438e+02, e: 1.3873078568222720e+15
#ERR stream: 0, p: [666, 302], r: 3.0824520874023438e+02, e: 3.0824523925781250e+02
#ERR stream: 0, p: [768, 336], r: 3.0801611328125000e+02, e: 1.1983625817948160e+15
#ERR stream: 0, p: [666, 303], r: 3.0824664306640625e+02, e: 3.0824673461914062e+02
#ERR stream: 0, p: [768, 337], r: 3.0801696777343750e+02, e: 1.0151657178398720e+15
#ERR stream: 0, p: [666, 304], r: 3.0824807739257812e+02, e: 3.0824822998046875e+02
#ERR stream: 0, p: [768, 338], r: 3.0801782226562500e+02, e: 8.4337964246630400e+14
#ERR stream: 0, p: [666, 305], r: 3.0824951171875000e+02, e: 3.0824978637695312e+02
#ERR stream: 0, p: [768, 339], r: 3.0801867675781250e+02, e: 6.8714960309452800e+14
#ERR stream: 0, p: [666, 306], r: 3.0825094604492188e+02, e: 3.0825146484375000e+02
#ERR stream: 0, p: [768, 340], r: 3.0801956176757812e+02, e: 5.4906851845734400e+14
#ERR stream: 0, p: [666, 307], r: 3.0825238037109375e+02, e: 3.0825323486328125e+02
#ERR stream: 0, p: [768, 341], r: 3.0802044677734375e+02, e: 4.3028311126835200e+14
#ERR stream: 0, p: [666, 308], r: 3.0825381469726562e+02, e: 3.0825521850585938e+02
#ERR stream: 0, p: [768, 342], r: 3.0802130126953125e+02, e: 3.3070476427264000e+14
#ERR stream: 0, p: [666, 309], r: 3.0825524902343750e+02, e: 3.0825747680664062e+02
#ERR stream: 0, p: [768, 343], r: 3.0802212524414062e+02, e: 2.4928216678400000e+14
#ERR stream: 0, p: [666, 310], r: 3.0825665283203125e+02, e: 3.0826013183593750e+02
#ERR stream: 0, p: [768, 344], r: 3.0802297973632812e+02, e: 1.8429483207884800e+14
#ERR stream: 0, p: [666, 311], r: 3.0825805664062500e+02, e: 3.0826333618164062e+02
#ERR stream: 0, p: [768, 345], r: 3.0802380371093750e+02, e: 1.3363285747302400e+14
#ERR stream: 0, p: [666, 312], r: 3.0825946044921875e+02, e: 3.0826718139648438e+02
#ERR stream: 0, p: [768, 346], r: 3.0802465820312500e+02, e: 9.5038331682816000e+13
#ERR stream: 0, p: [666, 313], r: 3.0826089477539062e+02, e: 3.0827200317382812e+02
#ERR stream: 0, p: [768, 347], r: 3.0802551269531250e+02, e: 6.6294481158144000e+13
#ERR stream: 0, p: [666, 314], r: 3.0826229858398438e+02, e: 3.0827789306640625e+02
#ERR stream: 0, p: [768, 348], r: 3.0802636718750000e+02, e: 4.5358302363648000e+13
#ERR stream: 0, p: [666, 315], r: 3.0826367187500000e+02, e: 3.0828512573242188e+02
#ERR stream: 0, p: [768, 349], r: 3.0802719116210938e+02, e: 3.0440045936640000e+13
#ERR stream: 0, p: [666, 316], r: 3.0826507568359375e+02, e: 3.0829385375976562e+02
#ERR stream: 0, p: [768, 350], r: 3.0802801513671875e+02, e: 2.0037853249536000e+13
#ERR stream: 0, p: [666, 317], r: 3.0826647949218750e+02, e: 3.0830413818359375e+02
#ERR stream: 0, p: [768, 351], r: 3.0802883911132812e+02, e: 1.2938475732992000e+13
#ERR stream: 0, p: [666, 318], r: 3.0826785278320312e+02, e: 3.0831610107421875e+02
#ERR stream: 0, p: [768, 352], r: 3.0802966308593750e+02, e: 8.1950167531520000e+12
#ERR stream: 0, p: [666, 319], r: 3.0826922607421875e+02, e: 3.0832952880859375e+02
#ERR stream: 0, p: [768, 353], r: 3.0803048706054688e+02, e: 5.0916706222080000e+12
#ERR stream: 0, p: [666, 320], r: 3.0827062988281250e+02, e: 3.0834420776367188e+02
#ERR stream: 0, p: [768, 354], r: 3.0803131103515625e+02, e: 3.1032989450240000e+12
#ERR stream: 0, p: [666, 321], r: 3.0827203369140625e+02, e: 3.0835977172851562e+02
#ERR stream: 0, p: [768, 355], r: 3.0803210449218750e+02, e: 1.8554489405440000e+12
#ERR stream: 0, p: [666, 322], r: 3.0827340698242188e+02, e: 3.0837561035156250e+02
#ERR stream: 0, p: [768, 356], r: 3.0803289794921875e+02, e: 1.0882929131520000e+12
#ERR stream: 0, p: [768, 357], r: 3.0803369140625000e+02, e: 6.2621483008000000e+11
#ERR stream: 0, p: [666, 323], r: 3.0827478027343750e+02, e: 3.0839108276367188e+02
#ERR stream: 0, p: [768, 358], r: 3.0803451538085938e+02, e: 3.5350134784000000e+11
#ERR stream: 0, p: [666, 324], r: 3.0827615356445312e+02, e: 3.0840539550781250e+02
#ERR stream: 0, p: [768, 359], r: 3.0803533935546875e+02, e: 1.9577554534400000e+11
#ERR stream: 0, p: [666, 325], r: 3.0827752685546875e+02, e: 3.0841781616210938e+02
#ERR stream: 0, p: [768, 360], r: 3.0803613281250000e+02, e: 1.0637383270400000e+11
#ERR stream: 0, p: [666, 326], r: 3.0827886962890625e+02, e: 3.0842767333984375e+02
#ERR stream: 0, p: [768, 361], r: 3.0803689575195312e+02, e: 5.6706068480000000e+10
#ERR stream: 0, p: [666, 327], r: 3.0828021240234375e+02, e: 3.0843438720703125e+02
#ERR stream: 0, p: [768, 362], r: 3.0803768920898438e+02, e: 2.9658693632000000e+10
#ERR stream: 0, p: [666, 328], r: 3.0828155517578125e+02, e: 3.0843756103515625e+02
#ERR stream: 0, p: [768, 363], r: 3.0803845214843750e+02, e: 1.5219887104000000e+10
#ERR stream: 0, p: [666, 329], r: 3.0828289794921875e+02, e: 3.0843707275390625e+02
#ERR stream: 0, p: [768, 364], r: 3.0803924560546875e+02, e: 7.6633180160000000e+09
#ERR stream: 0, p: [666, 330], r: 3.0828424072265625e+02, e: 3.0843307495117188e+02
#ERR stream: 0, p: [768, 365], r: 3.0804003906250000e+02, e: 3.7859706880000000e+09
#ERR stream: 0, p: [666, 331], r: 3.0828558349609375e+02, e: 3.0842593383789062e+02
#ERR stream: 0, p: [768, 366], r: 3.0804083251953125e+02, e: 1.8352760320000000e+09
#ERR stream: 0, p: [666, 332], r: 3.0828689575195312e+02, e: 3.0841616821289062e+02
#ERR stream: 0, p: [768, 367], r: 3.0804159545898438e+02, e: 8.7296716800000000e+08
#ERR stream: 0, p: [666, 333], r: 3.0828820800781250e+02, e: 3.0840454101562500e+02
#ERR stream: 0, p: [768, 368], r: 3.0804235839843750e+02, e: 4.0745081600000000e+08
#ERR stream: 0, p: [666, 334], r: 3.0828955078125000e+02, e: 3.0839175415039062e+02
#ERR stream: 0, p: [768, 369], r: 3.0804312133789062e+02, e: 1.8661281600000000e+08
#ERR stream: 0, p: [666, 335], r: 3.0829086303710938e+02, e: 3.0837860107421875e+02
#ERR stream: 0, p: [768, 370], r: 3.0804388427734375e+02, e: 8.3869640000000000e+07
#ERR stream: 0, p: [666, 336], r: 3.0829217529296875e+02, e: 3.0836575317382812e+02
#ERR stream: 0, p: [768, 371], r: 3.0804464721679688e+02, e: 3.6989060000000000e+07
#ERR stream: 0, p: [666, 337], r: 3.0829348754882812e+02, e: 3.0835375976562500e+02
#ERR stream: 0, p: [768, 372], r: 3.0804541015625000e+02, e: 1.6008692000000000e+07
#ERR stream: 0, p: [666, 338], r: 3.0829479980468750e+02, e: 3.0834301757812500e+02
#ERR stream: 0, p: [768, 373], r: 3.0804614257812500e+02, e: 6.7992820000000000e+06
#ERR stream: 0, p: [666, 339], r: 3.0829608154296875e+02, e: 3.0833377075195312e+02
#ERR stream: 0, p: [768, 374], r: 3.0804687500000000e+02, e: 2.8340730000000000e+06
#ERR stream: 0, p: [768, 375], r: 3.0804760742187500e+02, e: 1.1593918750000000e+06
#ERR stream: 0, p: [666, 340], r: 3.0829736328125000e+02, e: 3.0832614135742188e+02
#ERR stream: 0, p: [768, 376], r: 3.0804833984375000e+02, e: 4.6557481250000000e+05
#ERR stream: 0, p: [666, 341], r: 3.0829864501953125e+02, e: 3.0832012939453125e+02
#ERR stream: 0, p: [768, 377], r: 3.0804907226562500e+02, e: 1.8359457812500000e+05
#ERR stream: 0, p: [666, 342], r: 3.0829992675781250e+02, e: 3.0831561279296875e+02
#ERR stream: 0, p: [768, 378], r: 3.0804980468750000e+02, e: 7.1168687500000000e+04
#ERR stream: 0, p: [666, 343], r: 3.0830120849609375e+02, e: 3.0831237792968750e+02
#ERR stream: 0, p: [768, 379], r: 3.0805053710937500e+02, e: 2.7194269531250000e+04
#ERR stream: 0, p: [666, 344], r: 3.0830249023437500e+02, e: 3.0831027221679688e+02
#ERR stream: 0, p: [768, 380], r: 3.0805126953125000e+02, e: 1.0319758789062500e+04
#ERR stream: 0, p: [666, 345], r: 3.0830377197265625e+02, e: 3.0830905151367188e+02
#ERR stream: 0, p: [768, 381], r: 3.0805200195312500e+02, e: 3.9668920898437500e+03
#ERR stream: 0, p: [666, 346], r: 3.0830505371093750e+02, e: 3.0830853271484375e+02
#ERR stream: 0, p: [768, 382], r: 3.0805270385742188e+02, e: 1.6203675537109375e+03
#ERR stream: 0, p: [666, 347], r: 3.0830630493164062e+02, e: 3.0830859375000000e+02
#ERR stream: 0, p: [768, 383], r: 3.0805340576171875e+02, e: 7.7000219726562500e+02
#ERR stream: 0, p: [666, 348], r: 3.0830755615234375e+02, e: 3.0830899047851562e+02
#ERR stream: 0, p: [768, 384], r: 3.0805410766601562e+02, e: 4.6764645385742188e+02
#ERR stream: 0, p: [666, 349], r: 3.0830880737304688e+02, e: 3.0830969238281250e+02
#ERR stream: 0, p: [768, 385], r: 3.0805480957031250e+02, e: 3.6216677856445312e+02
#ERR stream: 0, p: [666, 350], r: 3.0831005859375000e+02, e: 3.0831060791015625e+02
#ERR stream: 0, p: [768, 386], r: 3.0805551147460938e+02, e: 3.2606231689453125e+02
#ERR stream: 0, p: [666, 351], r: 3.0831130981445312e+02, e: 3.0831161499023438e+02
#ERR stream: 0, p: [768, 387], r: 3.0805621337890625e+02, e: 3.1393707275390625e+02
#ERR stream: 0, p: [666, 352], r: 3.0831256103515625e+02, e: 3.0831274414062500e+02
#ERR stream: 0, p: [768, 388], r: 3.0805688476562500e+02, e: 3.0994186401367188e+02
#ERR stream: 0, p: [666, 353], r: 3.0831378173828125e+02, e: 3.0831390380859375e+02
#ERR stream: 0, p: [768, 389], r: 3.0805758666992188e+02, e: 3.0865054321289062e+02
#ERR stream: 0, p: [666, 354], r: 3.0831500244140625e+02, e: 3.0831509399414062e+02
#ERR stream: 0, p: [768, 390], r: 3.0805828857421875e+02, e: 3.0824130249023438e+02
#ERR stream: 0, p: [666, 355], r: 3.0831622314453125e+02, e: 3.0831628417968750e+02
#ERR stream: 0, p: [768, 391], r: 3.0805895996093750e+02, e: 3.0811437988281250e+02
#ERR stream: 0, p: [666, 356], r: 3.0831744384765625e+02, e: 3.0831747436523438e+02
#ERR stream: 0, p: [768, 392], r: 3.0805963134765625e+02, e: 3.0807608032226562e+02
#ERR stream: 0, p: [667, 299], r: 3.0823815917968750e+02, e: 3.0823818969726562e+02
#ERR stream: 0, p: [768, 393], r: 3.0806030273437500e+02, e: 3.0806506347656250e+02
#ERR stream: 0, p: [667, 300], r: 3.0823962402343750e+02, e: 3.0823965454101562e+02
#ERR stream: 0, p: [768, 394], r: 3.0806097412109375e+02, e: 3.0806231689453125e+02
#ERR stream: 0, p: [667, 301], r: 3.0824105834960938e+02, e: 3.0824114990234375e+02
#ERR stream: 0, p: [768, 395], r: 3.0806164550781250e+02, e: 3.0806201171875000e+02
#ERR stream: 0, p: [667, 302], r: 3.0824249267578125e+02, e: 3.0824267578125000e+02
#ERR stream: 0, p: [768, 396], r: 3.0806231689453125e+02, e: 3.0806240844726562e+02
#ERR stream: 0, p: [667, 303], r: 3.0824392700195312e+02, e: 3.0824429321289062e+02
#ERR stream: 0, p: [768, 397], r: 3.0806295776367188e+02, e: 3.0806298828125000e+02
#ERR stream: 0, p: [667, 304], r: 3.0824536132812500e+02, e: 3.0824603271484375e+02
#ERR stream: 0, p: [769, 260], r: 3.0793865966796875e+02, e: 3.0793878173828125e+02
#ERR stream: 0, p: [667, 305], r: 3.0824679565429688e+02, e: 3.0824792480468750e+02
#ERR stream: 0, p: [769, 261], r: 3.0793975830078125e+02, e: 3.0794000244140625e+02
#ERR stream: 0, p: [667, 306], r: 3.0824822998046875e+02, e: 3.0825018310546875e+02
#ERR stream: 0, p: [769, 262], r: 3.0794085693359375e+02, e: 3.0794155883789062e+02
#ERR stream: 0, p: [667, 307], r: 3.0824966430664062e+02, e: 3.0825289916992188e+02
#ERR stream: 0, p: [769, 263], r: 3.0794195556640625e+02, e: 3.0794433593750000e+02
#ERR stream: 0, p: [667, 308], r: 3.0825109863281250e+02, e: 3.0825628662109375e+02
#ERR stream: 0, p: [769, 264], r: 3.0794302368164062e+02, e: 3.0795120239257812e+02
#ERR stream: 0, p: [667, 309], r: 3.0825250244140625e+02, e: 3.0826074218750000e+02
#ERR stream: 0, p: [769, 265], r: 3.0794409179687500e+02, e: 3.0797161865234375e+02
#ERR stream: 0, p: [667, 310], r: 3.0825390625000000e+02, e: 3.0826663208007812e+02
#ERR stream: 0, p: [769, 266], r: 3.0794515991210938e+02, e: 3.0803631591796875e+02
#ERR stream: 0, p: [667, 311], r: 3.0825531005859375e+02, e: 3.0827447509765625e+02
#ERR stream: 0, p: [769, 267], r: 3.0794622802734375e+02, e: 3.0824252319335938e+02
#ERR stream: 0, p: [667, 312], r: 3.0825671386718750e+02, e: 3.0828485107421875e+02
#ERR stream: 0, p: [769, 268], r: 3.0794729614257812e+02, e: 3.0889276123046875e+02
#ERR stream: 0, p: [667, 313], r: 3.0825811767578125e+02, e: 3.0829849243164062e+02
#ERR stream: 0, p: [769, 269], r: 3.0794836425781250e+02, e: 3.1090908813476562e+02
#ERR stream: 0, p: [667, 314], r: 3.0825952148437500e+02, e: 3.0831616210937500e+02
#ERR stream: 0, p: [769, 270], r: 3.0794946289062500e+02, e: 3.1704837036132812e+02
#ERR stream: 0, p: [667, 315], r: 3.0826092529296875e+02, e: 3.0833850097656250e+02
#ERR stream: 0, p: [769, 271], r: 3.0795050048828125e+02, e: 3.3539245605468750e+02
#ERR stream: 0, p: [667, 316], r: 3.0826232910156250e+02, e: 3.0836614990234375e+02
#ERR stream: 0, p: [769, 272], r: 3.0795153808593750e+02, e: 3.8917254638671875e+02
#ERR stream: 0, p: [667, 317], r: 3.0826370239257812e+02, e: 3.0839947509765625e+02
#ERR stream: 0, p: [769, 273], r: 3.0795260620117188e+02, e: 5.4386523437500000e+02
#ERR stream: 0, p: [769, 274], r: 3.0795367431640625e+02, e: 9.8040881347656250e+02
#ERR stream: 0, p: [667, 318], r: 3.0826507568359375e+02, e: 3.0843856811523438e+02
#ERR stream: 0, p: [769, 275], r: 3.0795471191406250e+02, e: 2.1890205078125000e+03
#ERR stream: 0, p: [667, 319], r: 3.0826644897460938e+02, e: 3.0848300170898438e+02
#ERR stream: 0, p: [769, 276], r: 3.0795574951171875e+02, e: 5.4717836914062500e+03
#ERR stream: 0, p: [667, 320], r: 3.0826782226562500e+02, e: 3.0853186035156250e+02
#ERR stream: 0, p: [769, 277], r: 3.0795678710937500e+02, e: 1.4219156250000000e+04
#ERR stream: 0, p: [667, 321], r: 3.0826919555664062e+02, e: 3.0858374023437500e+02
#ERR stream: 0, p: [769, 278], r: 3.0795782470703125e+02, e: 3.7085246093750000e+04
#ERR stream: 0, p: [667, 322], r: 3.0827056884765625e+02, e: 3.0863662719726562e+02
#ERR stream: 0, p: [769, 279], r: 3.0795886230468750e+02, e: 9.5722367187500000e+04
#ERR stream: 0, p: [667, 323], r: 3.0827194213867188e+02, e: 3.0868814086914062e+02
#SDC Ite:67 KerTime:5.423119 AccTime:261.686778 KerErr:18408 AccErr:18408
#ABORT too many errors per iteration
#END