#HEADER iterations: 10000 img_list: /home/carol/radiation-benchmarks/data/networks_img_list/voc/X1/voc.2012.1K.txt board: X1
#BEGIN Y:2016 M:10 D:04 Time:09:28:24
#IT Ite:0 KerTime:2.519822 AccTime:2.519822
#ERR boxes: [40,29] e: 27.8043136597 r: 27.8043212891
#ERR boxes: [40,34] e: 417.601379395 r: 417.60144043
#ERR boxes: [40,49] e: 39.7924194336 r: 39.7924346924
#ERR boxes: [40,50] e: 426.154174805 r: 426.154144287
#ERR boxes: [40,51] e: 269.745819092 r: 269.745849609
#ERR boxes: [40,62] e: 374.947784424 r: 374.947753906
#ERR boxes: [40,70] e: 399.372314453 r: 399.372283936
#ERR boxes: [40,78] e: 443.010498047 r: 443.010528564
#ERR boxes: [40,81] e: 13.0876846313 r: 13.087677002
#ERR boxes: [110,26] e: 388.018890381 r: 388.018920898
#ERR boxes: [110,38] e: 380.700195312 r: 380.700164795
#ERR boxes: [110,40] e: 0.582366943359 r: 0.582382202148
#ERR boxes: [110,42] e: 363.901397705 r: 363.901428223
#ERR boxes: [110,54] e: 397.233642578 r: 397.233612061
#ERR boxes: [110,57] e: 11.7582092285 r: 11.7582244873
#ERR boxes: [110,59] e: 271.963653564 r: 271.963623047
#ERR boxes: [110,64] e: 25.5455932617 r: 25.5456085205
#ERR boxes: [110,66] e: 342.443023682 r: 342.442993164
#ERR boxes: [110,69] e: 20.6261444092 r: 20.626159668
#ERR boxes: [110,71] e: 254.593154907 r: 254.593170166
#ERR boxes: [110,81] e: 9.78996276855 r: 9.78995513916
#ERR boxes: [110,82] e: 374.770477295 r: 374.770507812
#ERR boxes: [152,5] e: 18.3197402954 r: 18.3197250366
#ERR boxes: [152,7] e: 267.674224854 r: 267.674194336
#ERR boxes: [152,33] e: 35.4603881836 r: 35.4603729248
#ERR boxes: [152,35] e: 255.001342773 r: 255.001327515
#ERR boxes: [152,53] e: 14.8397979736 r: 14.8398132324
#ERR boxes: [152,55] e: 269.717041016 r: 269.717010498
#ERR boxes: [152,57] e: 21.5172424316 r: 21.5172653198
#ERR boxes: [152,81] e: 16.1178741455 r: 16.1178665161
#ERR boxes: [152,83] e: 235.599594116 r: 235.599578857
#ERR boxes: [163,17] e: 25.7727432251 r: 25.7727737427
#ERR boxes: [163,20] e: 34.9985046387 r: 34.9985275269
#ERR boxes: [163,21] e: 27.5548171997 r: 27.5548095703
#ERR boxes: [163,22] e: 266.187896729 r: 266.187866211
#ERR boxes: [163,29] e: 26.9406051636 r: 26.940612793
#ERR boxes: [163,49] e: 43.9496154785 r: 43.9496231079
#ERR boxes: [163,50] e: 317.764221191 r: 317.764251709
#ERR boxes: [163,54] e: 328.269287109 r: 328.269226074
#ERR boxes: [163,57] e: 25.8864822388 r: 25.8864898682
#ERR boxes: [163,59] e: 257.459259033 r: 257.459228516
#ERR boxes: [163,64] e: 12.4409484863 r: 12.4409637451
#ERR boxes: [163,65] e: 22.0322036743 r: 22.0322113037
#ERR boxes: [163,66] e: 295.138153076 r: 295.138122559
#ERR boxes: [163,67] e: 252.705078125 r: 252.705062866
#ERR boxes: [163,81] e: 20.4981155396 r: 20.4981231689
#ERR boxes: [163,83] e: 233.579833984 r: 233.579818726
#ERR boxes: [192,13] e: 36.3425750732 r: 36.3425598145
#ERR boxes: [192,15] e: 278.413879395 r: 278.413909912
#ERR boxes: [192,20] e: 13.4992523193 r: 13.4992828369
#ERR boxes: [192,22] e: 429.432189941 r: 429.432128906
#ERR boxes: [192,25] e: 12.8291091919 r: 12.8291168213
#ERR boxes: [192,29] e: 23.3033828735 r: 23.3033981323
#ERR boxes: [192,33] e: 34.30909729 r: 34.3090820312
#ERR boxes: [192,37] e: 9.02409362793 r: 9.02407836914
#ERR boxes: [192,45] e: 15.8479385376 r: 15.8479232788
#ERR boxes: [192,47] e: 257.220123291 r: 257.220092773
#ERR boxes: [192,49] e: 38.5020980835 r: 38.5020904541
#ERR boxes: [192,53] e: 16.0687103271 r: 16.0687255859
#ERR boxes: [192,57] e: 17.1612701416 r: 17.1613006592
#ERR boxes: [192,61] e: 0.677139282227 r: 0.677108764648
#ERR boxes: [192,65] e: 18.7041625977 r: 18.7041778564
#ERR boxes: [192,66] e: 475.408569336 r: 475.408538818
#ERR boxes: [192,73] e: 14.2874145508 r: 14.2874298096
#ERR boxes: [192,75] e: 293.165130615 r: 293.165100098
#ERR /home/carol/radiation-benchmarks/data/VOC2012/2010_001231.jpg
#SDC Ite:0 KerTime:2.519822 AccTime:2.519822 KerErr:65 AccErr:65
#IT Ite:1 KerTime:2.080133 AccTime:4.599955
#ERR boxes: [7,5] e: 38.9964523315 r: 38.9964599609
#ERR boxes: [7,9] e: 38.2524871826 r: 38.252494812
#ERR boxes: [7,13] e: 41.9721450806 r: 41.97215271
#ERR boxes: [7,15] e: 177.733856201 r: 177.73387146
#ERR boxes: [7,37] e: 49.0503692627 r: 49.0503616333
#ERR boxes: [7,39] e: 194.849441528 r: 194.84942627
#ERR boxes: [7,48] e: 153.509902954 r: 153.509887695
#ERR boxes: [7,53] e: 36.4285354614 r: 36.4285430908
#ERR boxes: [7,55] e: 187.838439941 r: 187.8384552
#ERR boxes: [7,61] e: 34.5483474731 r: 34.5483322144
#ERR boxes: [7,81] e: 31.5545883179 r: 31.5545806885
#ERR boxes: [7,83] e: 168.008300781 r: 168.00831604
#ERR boxes: [59,60] e: 35.7870788574 r: 35.7870864868
#ERR boxes: [59,61] e: 31.6472434998 r: 31.6472473145
#ERR boxes: [76,25] e: 27.7324943542 r: 27.7325019836
#ERR boxes: [76,32] e: 9.48949432373 r: 9.48950958252
#ERR boxes: [76,34] e: 193.470977783 r: 193.470947266
#ERR boxes: [76,45] e: 30.9374656677 r: 30.9374694824
#ERR boxes: [76,64] e: 9.42064666748 r: 9.42065429688
#ERR boxes: [76,65] e: 17.1173782349 r: 17.1173820496
#ERR boxes: [76,81] e: 26.0770835876 r: 26.0770683289
#ERR boxes: [82,21] e: 24.7010345459 r: 24.7010421753
#ERR boxes: [82,29] e: 40.6745452881 r: 40.6745605469
#ERR boxes: [82,37] e: 50.247756958 r: 50.2477645874
#ERR boxes: [82,39] e: 206.354385376 r: 206.354370117
#ERR boxes: [82,81] e: 30.8304290771 r: 30.8304138184
#ERR boxes: [87,4] e: 41.2585220337 r: 41.2585296631
#ERR boxes: [87,6] e: 230.546112061 r: 230.546096802
#ERR boxes: [87,25] e: 31.783454895 r: 31.7834587097
#ERR boxes: [87,29] e: 35.4280776978 r: 35.4280700684
#ERR boxes: [87,36] e: 60.0868911743 r: 60.0868988037
#ERR boxes: [87,38] e: 217.18145752 r: 217.181442261
#ERR boxes: [87,64] e: 60.532371521 r: 60.5323791504
#ERR boxes: [87,69] e: 25.0950737 r: 25.0950775146
#ERR boxes: [87,76] e: 42.3689422607 r: 42.3689498901
#ERR boxes: [87,78] e: 233.333724976 r: 233.333740234
#ERR boxes: [87,81] e: 28.3341445923 r: 28.3341407776
#ERR boxes: [87,83] e: 122.63584137 r: 122.635848999
#ERR boxes: [105,16] e: 18.0570068359 r: 18.0569915771
#ERR boxes: [105,17] e: 37.7009887695 r: 37.7009811401
#ERR boxes: [105,18] e: 317.084014893 r: 317.083984375
#ERR boxes: [105,25] e: 50.4309082031 r: 50.4308853149
#ERR boxes: [105,28] e: 25.0090637207 r: 25.0090484619
#ERR boxes: [105,33] e: 65.6706924438 r: 65.6706771851
#ERR boxes: [105,35] e: 233.599700928 r: 233.59967041
#ERR boxes: [105,37] e: 67.0962524414 r: 67.096244812
#ERR boxes: [105,40] e: 42.9357910156 r: 42.935798645
#ERR boxes: [105,49] e: 69.1236953735 r: 69.1237030029
#ERR boxes: [105,51] e: 234.631408691 r: 234.631393433
#ERR boxes: [105,65] e: 42.3846282959 r: 42.3846359253
#ERR boxes: [105,67] e: 239.089584351 r: 239.089569092
#ERR boxes: [105,68] e: 34.3768920898 r: 34.3768768311
#ERR boxes: [105,73] e: 64.8091125488 r: 64.8091201782
#ERR boxes: [105,80] e: 39.0715637207 r: 39.0715484619
#ERR boxes: [123,61] e: 53.8264541626 r: 53.8264465332
#ERR boxes: [126,17] e: 38.7816543579 r: 38.7816390991
#ERR boxes: [126,19] e: 242.567779541 r: 242.567749023
#ERR boxes: [126,24] e: 11.6126708984 r: 11.6126785278
#ERR boxes: [126,26] e: 218.174972534 r: 218.174987793
#ERR boxes: [126,29] e: 59.0955429077 r: 59.0955352783
#ERR boxes: [126,31] e: 242.597686768 r: 242.597702026
#ERR boxes: [126,49] e: 81.3403930664 r: 81.3403778076
#ERR boxes: [126,51] e: 243.923583984 r: 243.923568726
#ERR boxes: [126,53] e: 55.7375106812 r: 55.7375030518
#ERR boxes: [126,55] e: 255.337738037 r: 255.337753296
#ERR boxes: [126,73] e: 72.3466110229 r: 72.3466033936
#ERR boxes: [126,75] e: 251.511169434 r: 251.511184692
#ERR boxes: [126,76] e: 6.19425201416 r: 6.19425964355
#ERR boxes: [126,78] e: 232.237426758 r: 232.237442017
#ERR boxes: [126,80] e: 23.2639312744 r: 23.2639465332
#ERR boxes: [126,81] e: 50.8211975098 r: 50.821182251
#ERR boxes: [126,82] e: 207.497360229 r: 207.497344971
#ERR boxes: [126,83] e: 222.713409424 r: 222.713394165
#ERR boxes: [147,4] e: 304.623931885 r: 304.623962402
#ERR boxes: [147,6] e: 343.657867432 r: 343.657836914
#ERR boxes: [147,15] e: 151.603607178 r: 151.603591919
#ERR boxes: [147,17] e: 111.300918579 r: 111.300926208
#ERR boxes: [147,49] e: 111.162536621 r: 111.162528992
#ERR boxes: [147,64] e: 309.133880615 r: 309.133911133
#ERR boxes: [147,66] e: 339.314727783 r: 339.314697266
#ERR boxes: [147,72] e: 305.126678467 r: 305.126708984
#ERR boxes: [147,74] e: 342.998321533 r: 342.998291016
#ERR boxes: [159,25] e: 44.3597145081 r: 44.3597106934
#ERR boxes: [159,29] e: 42.4335098267 r: 42.4335174561
#ERR boxes: [159,31] e: 126.514030457 r: 126.514038086
#ERR boxes: [159,33] e: 45.9174690247 r: 45.9174728394
#ERR boxes: [159,35] e: 123.801208496 r: 123.801200867
#ERR boxes: [159,40] e: 16.892036438 r: 16.8920211792
#ERR boxes: [159,42] e: 259.68258667 r: 259.682556152
#ERR boxes: [159,61] e: 45.0548591614 r: 45.054851532
#ERR boxes: [159,63] e: 129.309112549 r: 129.30909729
#ERR boxes: [159,77] e: 38.6780891418 r: 38.6780967712
#ERR boxes: [159,81] e: 42.8424606323 r: 42.842464447
#ERR boxes: [159,83] e: 118.583610535 r: 118.583602905
#ERR boxes: [167,77] e: 121.163047791 r: 121.163032532
#ERR boxes: [181,4] e: 55.8968200684 r: 55.8968505859
#ERR boxes: [181,6] e: 457.573394775 r: 457.573425293
#ERR boxes: [181,17] e: 55.4444198608 r: 55.4444351196
#ERR boxes: [181,19] e: 238.400299072 r: 238.40032959
#ERR boxes: [181,21] e: 35.1691360474 r: 35.1691436768
#ERR boxes: [181,23] e: 227.263336182 r: 227.263320923
#ERR boxes: [181,25] e: 49.828994751 r: 49.8290100098
#ERR boxes: [181,27] e: 223.867477417 r: 223.867492676
#ERR boxes: [181,28] e: 70.6437530518 r: 70.6437683105
#ERR boxes: [181,29] e: 57.9193496704 r: 57.9193572998
#ERR boxes: [181,30] e: 454.250427246 r: 454.250396729
#ERR boxes: [181,31] e: 228.872009277 r: 228.871994019
#ERR boxes: [181,33] e: 49.3092041016 r: 49.3092346191
#ERR boxes: [181,36] e: 110.710205078 r: 110.710220337
#ERR boxes: [181,37] e: 67.1154022217 r: 67.1154098511
#ERR boxes: [181,39] e: 243.137008667 r: 243.136993408
#ERR boxes: [181,41] e: 54.7755432129 r: 54.7755355835
#ERR boxes: [181,44] e: 44.9743041992 r: 44.974319458
#ERR boxes: [181,56] e: 73.0871582031 r: 73.0872039795
#ERR boxes: [181,60] e: 147.166610718 r: 147.166641235
#ERR boxes: [181,62] e: 379.931396484 r: 379.93145752
#ERR boxes: [181,64] e: 109.675964355 r: 109.675933838
#ERR boxes: [181,66] e: 416.024963379 r: 416.024932861
#ERR boxes: [181,69] e: 42.9677276611 r: 42.9677352905
#ERR boxes: [181,71] e: 227.217453003 r: 227.217437744
#ERR boxes: [181,73] e: 60.6827392578 r: 60.6827468872
#ERR boxes: [181,80] e: 100.206253052 r: 100.206283569
#ERR boxes: [181,81] e: 41.7033233643 r: 41.7033157349
#ERR boxes: [181,82] e: 430.30065918 r: 430.300598145
#ERR boxes: [181,83] e: 208.409469604 r: 208.409454346
#ERR boxes: [191,4] e: 312.911804199 r: 312.911834717
#ERR boxes: [191,6] e: 354.732177734 r: 354.732208252
#ERR boxes: [191,53] e: 112.060028076 r: 112.060035706
#ERR boxes: [191,65] e: 111.912345886 r: 111.912353516
#ERR boxes: [191,69] e: 112.067184448 r: 112.067199707
#ERR boxes: [191,71] e: 155.883773804 r: 155.883789062
#ERR boxes: [220,5] e: 40.3165588379 r: 40.3165664673
#ERR boxes: [220,21] e: 36.7661247253 r: 36.7661323547
#ERR boxes: [220,28] e: 5.94278717041 r: 5.9427947998
#ERR boxes: [220,30] e: 252.973144531 r: 252.973129272
#ERR boxes: [220,32] e: 24.8915100098 r: 24.8915252686
#ERR boxes: [220,34] e: 233.747070312 r: 233.747085571
#ERR boxes: [220,37] e: 50.6305999756 r: 50.6306037903
#ERR boxes: [220,40] e: 23.1334381104 r: 23.1334457397
#ERR boxes: [220,48] e: 27.3794555664 r: 27.3794403076
#ERR boxes: [220,50] e: 232.779571533 r: 232.779556274
#ERR boxes: [220,56] e: 12.0343704224 r: 12.034362793
#ERR boxes: [220,58] e: 234.05090332 r: 234.050888062
#ERR boxes: [231,46] e: 156.432662964 r: 156.432647705
#ERR boxes: [231,81] e: 77.478553772 r: 77.4785614014
#ERR boxes: [231,83] e: 112.085395813 r: 112.085403442
#ERR boxes: [247,9] e: 33.202796936 r: 33.2028007507
#ERR boxes: [247,11] e: 158.703369141 r: 158.703353882
#ERR boxes: [247,21] e: 22.6999130249 r: 22.6999053955
#ERR boxes: [247,23] e: 160.640777588 r: 160.640792847
#ERR boxes: [247,28] e: 166.949478149 r: 166.949508667
#ERR boxes: [247,29] e: 38.0094337463 r: 38.0094413757
#ERR boxes: [247,31] e: 155.850860596 r: 155.850845337
#ERR boxes: [247,37] e: 42.9471893311 r: 42.9471817017
#ERR boxes: [247,41] e: 35.8813858032 r: 35.8813781738
#ERR boxes: [247,44] e: 118.326965332 r: 118.326980591
#ERR boxes: [247,45] e: 39.4718704224 r: 39.4718551636
#ERR boxes: [247,47] e: 172.927429199 r: 172.927398682
#ERR boxes: [247,48] e: 178.267776489 r: 178.267791748
#ERR boxes: [247,50] e: 442.553039551 r: 442.553009033
#ERR boxes: [247,52] e: 156.226043701 r: 156.226074219
#ERR boxes: [247,54] e: 464.910736084 r: 464.910766602
#ERR boxes: [247,56] e: 168.583770752 r: 168.583786011
#ERR boxes: [247,57] e: 38.3647155762 r: 38.3647232056
#ERR boxes: [247,58] e: 453.614654541 r: 453.614624023
#ERR boxes: [247,59] e: 165.56098938 r: 165.560974121
#ERR boxes: [247,60] e: 209.10508728 r: 209.105102539
#ERR boxes: [247,64] e: 186.612960815 r: 186.612976074
#ERR boxes: [247,65] e: 25.6668395996 r: 25.6668319702
#ERR boxes: [247,67] e: 158.653182983 r: 158.653167725
#ERR boxes: [247,69] e: 29.4742355347 r: 29.4742431641
#ERR boxes: [247,71] e: 158.149902344 r: 158.149871826
#ERR boxes: [247,77] e: 36.0894126892 r: 36.0894165039
#ERR boxes: [247,81] e: 30.0363960266 r: 30.0363883972
#ERR boxes: [247,83] e: 145.90222168 r: 145.902206421
#ERR boxes: [269,4] e: 98.702911377 r: 98.7028961182
#ERR boxes: [269,5] e: 97.1690368652 r: 97.169052124
#ERR boxes: [269,6] e: 163.91696167 r: 163.916946411
#ERR boxes: [269,7] e: 163.629577637 r: 163.629562378
#ERR boxes: [269,8] e: 101.039863586 r: 101.039878845
#ERR boxes: [269,9] e: 99.7081375122 r: 99.708114624
#ERR boxes: [269,11] e: 158.635162354 r: 158.635147095
#ERR boxes: [269,12] e: 103.143966675 r: 103.143951416
#ERR boxes: [269,14] e: 159.936508179 r: 159.93649292
#ERR boxes: [269,16] e: 100.043731689 r: 100.04372406
#ERR boxes: [269,17] e: 99.0667419434 r: 99.0667266846
#ERR boxes: [269,18] e: 163.119659424 r: 163.119628906
#ERR boxes: [269,19] e: 165.008789062 r: 165.008773804
#ERR boxes: [269,20] e: 105.027114868 r: 105.027099609
#ERR boxes: [269,21] e: 97.6510696411 r: 97.6510467529
#ERR boxes: [269,22] e: 151.726455688 r: 151.72644043
#ERR boxes: [269,23] e: 159.818115234 r: 159.818099976
#ERR boxes: [269,25] e: 97.0562515259 r: 97.0562438965
#ERR boxes: [269,26] e: 162.333709717 r: 162.333679199
#ERR boxes: [269,27] e: 158.844055176 r: 158.844039917
#ERR boxes: [269,29] e: 99.3521652222 r: 99.3521575928
#ERR boxes: [269,30] e: 162.486953735 r: 162.486923218
#ERR boxes: [269,31] e: 160.054168701 r: 160.054153442
#ERR boxes: [269,32] e: 104.238677979 r: 104.238670349
#ERR boxes: [269,34] e: 158.948394775 r: 158.948364258
#ERR boxes: [269,35] e: 159.666763306 r: 159.666778564
#ERR boxes: [269,36] e: 101.903114319 r: 101.903106689
#ERR boxes: [269,37] e: 100.274536133 r: 100.274528503
#ERR boxes: [269,38] e: 159.293136597 r: 159.29309082
#ERR boxes: [269,40] e: 102.292129517 r: 102.292114258
#ERR boxes: [269,42] e: 157.929000854 r: 157.928985596
#ERR boxes: [269,44] e: 98.2505187988 r: 98.2505264282
#ERR boxes: [269,45] e: 96.5560455322 r: 96.5560150146
#ERR boxes: [269,48] e: 102.288269043 r: 102.288276672
#ERR boxes: [269,49] e: 100.130752563 r: 100.130760193
#ERR boxes: [269,50] e: 160.736480713 r: 160.736465454
#ERR boxes: [269,51] e: 163.00340271 r: 163.003387451
#ERR boxes: [269,54] e: 161.866378784 r: 161.866348267
#ERR boxes: [269,57] e: 99.4899139404 r: 99.4898757935
#ERR boxes: [269,58] e: 159.24041748 r: 159.240386963
#ERR boxes: [269,59] e: 164.941360474 r: 164.941345215
#ERR boxes: [269,60] e: 105.899276733 r: 105.899238586
#ERR boxes: [269,61] e: 91.1866989136 r: 91.1866912842
#ERR boxes: [269,62] e: 155.627365112 r: 155.627349854
#ERR boxes: [269,63] e: 160.155609131 r: 160.155593872
#ERR boxes: [269,64] e: 103.957473755 r: 103.957450867
#ERR boxes: [269,66] e: 155.938491821 r: 155.938476562
#ERR boxes: [269,68] e: 101.078147888 r: 101.078132629
#ERR boxes: [269,70] e: 157.681930542 r: 157.681915283
#ERR boxes: [269,72] e: 98.8098754883 r: 98.8098678589
#ERR boxes: [269,73] e: 97.4879760742 r: 97.4879608154
#ERR boxes: [269,74] e: 164.479980469 r: 164.479949951
#ERR boxes: [269,75] e: 166.439727783 r: 166.439712524
#ERR boxes: [269,76] e: 98.8505630493 r: 98.8505783081
#ERR boxes: [269,77] e: 98.0068740845 r: 98.0068664551
#ERR boxes: [269,78] e: 163.468780518 r: 163.468719482
#ERR boxes: [269,82] e: 160.101791382 r: 160.101760864
#ERR boxes: [271,8] e: 54.4675521851 r: 54.4675674438
#ERR boxes: [271,10] e: 298.582183838 r: 298.582214355
#ERR boxes: [271,12] e: 72.7804336548 r: 72.7804489136
#ERR boxes: [271,48] e: 71.8106231689 r: 71.8106079102
#ERR boxes: [271,50] e: 298.568786621 r: 298.568756104
#ERR boxes: [271,56] e: 53.5239639282 r: 53.523979187
#ERR boxes: [271,57] e: 114.848670959 r: 114.848678589
#ERR boxes: [271,64] e: 65.2041549683 r: 65.2041473389
#ERR boxes: [271,66] e: 283.153778076 r: 283.153747559
#ERR boxes: [271,72] e: 48.2115936279 r: 48.2115783691
#ERR boxes: [271,74] e: 320.220153809 r: 320.220123291
#ERR boxes: [271,80] e: 65.4187698364 r: 65.418762207
#ERR boxes: [289,17] e: 72.7162857056 r: 72.716293335
#ERR boxes: [289,19] e: 117.268760681 r: 117.268753052
#ERR boxes: [289,36] e: 101.534225464 r: 101.534217834
#ERR boxes: [289,64] e: 105.570777893 r: 105.570785522
#ERR boxes: [289,73] e: 76.9089736938 r: 76.9089813232
#ERR boxes: [289,75] e: 118.240745544 r: 118.240737915
#ERR boxes: [289,77] e: 71.4262466431 r: 71.4262390137
#ERR boxes: [289,79] e: 116.67414093 r: 116.67414856
#ERR boxes: [289,80] e: 100.778656006 r: 100.778663635
#ERR /home/carol/radiation-benchmarks/data/VOC2012/2009_000903.jpg
#SDC Ite:1 KerTime:2.080133 AccTime:4.599955 KerErr:253 AccErr:318
#IT Ite:2 KerTime:2.674247 AccTime:7.274202
#ERR boxes: [37,9] e: 119.304039001 r: 119.304046631
#ERR boxes: [37,25] e: 100.326637268 r: 100.326644897
#ERR boxes: [37,28] e: 45.1482849121 r: 45.1482543945
#ERR boxes: [37,30] e: 414.067169189 r: 414.067199707
#ERR boxes: [37,53] e: 110.508148193 r: 110.508155823
#ERR boxes: [37,57] e: 110.959228516 r: 110.959243774
#ERR boxes: [37,60] e: 95.5399551392 r: 95.5399398804
#ERR boxes: [37,80] e: 65.1530151367 r: 65.1529998779
#ERR boxes: [117,12] e: 184.128631592 r: 184.128616333
#ERR boxes: [117,14] e: 421.980682373 r: 421.980712891
#ERR boxes: [117,29] e: 120.051933289 r: 120.051948547
#ERR boxes: [117,31] e: 294.643707275 r: 294.643737793
#ERR boxes: [117,33] e: 139.416976929 r: 139.416992188
#ERR boxes: [117,35] e: 301.529418945 r: 301.529388428
#ERR boxes: [117,73] e: 129.983612061 r: 129.983581543
#ERR boxes: [120,10] e: 362.273376465 r: 362.2734375
#ERR boxes: [120,12] e: 65.8914642334 r: 65.8914794922
#ERR boxes: [120,13] e: 78.4443359375 r: 78.4443206787
#ERR boxes: [120,14] e: 351.19354248 r: 351.193572998
#ERR boxes: [120,15] e: 268.650299072 r: 268.650268555
#ERR boxes: [120,37] e: 69.7245254517 r: 69.7245330811
#ERR boxes: [120,39] e: 301.244659424 r: 301.244628906
#ERR boxes: [120,40] e: 59.2687835693 r: 59.2687683105
#ERR boxes: [120,48] e: 60.2962799072 r: 60.2962493896
#ERR boxes: [120,50] e: 363.517700195 r: 363.51763916
#ERR boxes: [120,57] e: 70.4283218384 r: 70.4283065796
#ERR boxes: [120,59] e: 287.767456055 r: 287.767425537
#ERR boxes: [120,60] e: 81.7841415405 r: 81.7841491699
#ERR boxes: [120,72] e: 21.0346221924 r: 21.0346069336
#ERR boxes: [120,74] e: 403.414855957 r: 403.414825439
#ERR boxes: [120,76] e: 38.261138916 r: 38.2611236572
#ERR boxes: [120,78] e: 401.431549072 r: 401.43157959
#ERR boxes: [137,9] e: 65.6331100464 r: 65.6331176758
#ERR boxes: [137,11] e: 277.32421875 r: 277.324249268
#ERR boxes: [137,17] e: 68.508895874 r: 68.5089035034
#ERR boxes: [137,20] e: 43.3441238403 r: 43.3441085815
#ERR boxes: [137,21] e: 54.0380401611 r: 54.0380477905
#ERR boxes: [137,22] e: 222.056793213 r: 222.056762695
#ERR boxes: [137,36] e: 27.6646499634 r: 27.6646652222
#ERR boxes: [137,38] e: 262.588867188 r: 262.58883667
#ERR boxes: [137,41] e: 68.9735717773 r: 68.9735641479
#ERR boxes: [137,56] e: 31.0224761963 r: 31.0224685669
#ERR boxes: [137,60] e: 54.0501480103 r: 54.0501403809
#ERR boxes: [137,61] e: 63.3671951294 r: 63.3672103882
#ERR boxes: [137,62] e: 199.855041504 r: 199.855026245
#ERR boxes: [137,64] e: 45.9063568115 r: 45.9063415527
#ERR boxes: [137,66] e: 240.472091675 r: 240.472076416
#ERR boxes: [137,68] e: 35.8472366333 r: 35.8472518921
#ERR boxes: [137,76] e: 26.1628875732 r: 26.162902832
#ERR boxes: [137,77] e: 75.79246521 r: 75.7924499512
#ERR boxes: [137,79] e: 288.30682373 r: 288.306793213
#ERR boxes: [137,80] e: 33.030921936 r: 33.0309371948
#ERR boxes: [137,82] e: 269.436981201 r: 269.436950684
#ERR boxes: [175,13] e: 84.3856582642 r: 84.3856735229
#ERR boxes: [175,15] e: 294.263671875 r: 294.263641357
#ERR boxes: [175,16] e: 30.0439453125 r: 30.0439300537
#ERR boxes: [175,20] e: 60.7802047729 r: 60.7802200317
#ERR boxes: [175,22] e: 272.989685059 r: 272.989715576
#ERR boxes: [175,25] e: 73.137298584 r: 73.1372833252
#ERR boxes: [175,40] e: 60.5133972168 r: 60.513381958
#ERR boxes: [175,42] e: 297.902435303 r: 297.902404785
#ERR boxes: [175,45] e: 65.8796081543 r: 65.8796005249
#ERR boxes: [175,48] e: 60.0798034668 r: 60.0797958374
#ERR boxes: [175,49] e: 85.1792221069 r: 85.1792068481
#ERR boxes: [175,53] e: 67.9629211426 r: 67.9629440308
#ERR boxes: [175,60] e: 78.7233428955 r: 78.7233276367
#ERR boxes: [175,61] e: 76.4016723633 r: 76.4016494751
#ERR boxes: [175,62] e: 251.616958618 r: 251.616943359
#ERR boxes: [175,64] e: 60.2376708984 r: 60.2376556396
#ERR boxes: [175,66] e: 290.984039307 r: 290.984008789
#ERR boxes: [175,81] e: 54.8775100708 r: 54.8775177002
#ERR boxes: [188,17] e: 122.586784363 r: 122.586799622
#ERR boxes: [188,19] e: 296.020050049 r: 296.020080566
#ERR boxes: [188,33] e: 147.796691895 r: 147.796676636
#ERR boxes: [188,35] e: 291.360992432 r: 291.361022949
#ERR boxes: [188,36] e: 205.847229004 r: 205.847213745
#ERR boxes: [188,77] e: 132.660354614 r: 132.660369873
#ERR boxes: [207,44] e: 162.960632324 r: 162.960647583
#ERR boxes: [209,4] e: 116.224136353 r: 116.224121094
#ERR boxes: [209,6] e: 190.368942261 r: 190.368927002
#ERR boxes: [209,8] e: 120.205360413 r: 120.205352783
#ERR boxes: [209,12] e: 120.176582336 r: 120.176589966
#ERR boxes: [209,14] e: 184.118774414 r: 184.118759155
#ERR boxes: [209,16] e: 115.106903076 r: 115.106918335
#ERR boxes: [209,18] e: 189.889129639 r: 189.88911438
#ERR boxes: [209,21] e: 114.279464722 r: 114.279472351
#ERR boxes: [209,24] e: 116.860824585 r: 116.860809326
#ERR boxes: [209,26] e: 187.941665649 r: 187.941650391
#ERR boxes: [209,40] e: 121.167221069 r: 121.167228699
#ERR boxes: [209,42] e: 181.741256714 r: 181.741241455
#ERR boxes: [209,60] e: 126.828689575 r: 126.828674316
#ERR boxes: [209,62] e: 172.203872681 r: 172.203857422
#ERR boxes: [209,64] e: 123.495063782 r: 123.495071411
#ERR boxes: [209,66] e: 179.340148926 r: 179.340133667
#ERR boxes: [209,72] e: 118.340934753 r: 118.340950012
#ERR boxes: [209,73] e: 114.47328949 r: 114.473297119
#ERR boxes: [209,74] e: 186.392120361 r: 186.392150879
#ERR boxes: [209,81] e: 114.0651474 r: 114.065139771
#ERR boxes: [219,17] e: 108.813087463 r: 108.813095093
#ERR boxes: [219,19] e: 174.856842041 r: 174.856826782
#ERR boxes: [219,23] e: 170.838439941 r: 170.8384552
#ERR boxes: [219,24] e: 121.695259094 r: 121.695236206
#ERR boxes: [219,25] e: 111.554969788 r: 111.554977417
#ERR boxes: [219,26] e: 194.417663574 r: 194.417648315
#ERR boxes: [219,29] e: 111.616424561 r: 111.616416931
#ERR boxes: [219,32] e: 125.288536072 r: 125.288543701
#ERR boxes: [219,36] e: 123.55859375 r: 123.558601379
#ERR boxes: [219,41] e: 111.026687622 r: 111.026672363
#ERR boxes: [219,43] e: 174.713241577 r: 174.713226318
#ERR boxes: [219,49] e: 114.392623901 r: 114.392608643
#ERR boxes: [219,51] e: 174.7290802 r: 174.729064941
#ERR boxes: [219,68] e: 125.974121094 r: 125.974128723
#ERR boxes: [219,76] e: 123.034423828 r: 123.034439087
#ERR boxes: [219,78] e: 195.027893066 r: 195.027877808
#ERR boxes: [219,80] e: 124.444580078 r: 124.44455719
#ERR boxes: [227,4] e: 121.832260132 r: 121.832244873
#ERR boxes: [227,5] e: 112.917610168 r: 112.917602539
#ERR boxes: [227,6] e: 197.711929321 r: 197.711883545
#ERR boxes: [227,7] e: 144.683731079 r: 144.68371582
#ERR boxes: [227,10] e: 189.832260132 r: 189.832229614
#ERR boxes: [227,12] e: 126.046073914 r: 126.046051025
#ERR boxes: [227,14] e: 191.249908447 r: 191.24987793
#ERR boxes: [227,16] e: 120.76726532 r: 120.767272949
#ERR boxes: [227,18] e: 197.626281738 r: 197.626251221
#ERR boxes: [227,19] e: 146.695281982 r: 146.695297241
#ERR boxes: [227,20] e: 129.148910522 r: 129.148895264
#ERR boxes: [227,21] e: 113.018875122 r: 113.018852234
#ERR boxes: [227,22] e: 184.755783081 r: 184.755767822
#ERR boxes: [227,23] e: 144.610733032 r: 144.610717773
#ERR boxes: [227,24] e: 122.099243164 r: 122.099258423
#ERR boxes: [227,26] e: 195.78894043 r: 195.788894653
#ERR boxes: [227,28] e: 122.904968262 r: 122.904975891
#ERR boxes: [227,29] e: 114.16255188 r: 114.162536621
#ERR boxes: [227,30] e: 194.437561035 r: 194.437530518
#ERR boxes: [227,31] e: 143.580764771 r: 143.580749512
#ERR boxes: [227,32] e: 125.965301514 r: 125.965286255
#ERR boxes: [227,34] e: 191.103179932 r: 191.103134155
#ERR boxes: [227,36] e: 124.450813293 r: 124.450805664
#ERR boxes: [227,38] e: 191.235748291 r: 191.235687256
#ERR boxes: [227,40] e: 127.238288879 r: 127.238250732
#ERR boxes: [227,42] e: 189.339660645 r: 189.339630127
#ERR boxes: [227,44] e: 124.389572144 r: 124.389564514
#ERR boxes: [227,45] e: 112.832275391 r: 112.832267761
#ERR boxes: [227,46] e: 193.370986938 r: 193.37097168
#ERR boxes: [227,47] e: 142.338348389 r: 142.33833313
#ERR boxes: [227,48] e: 125.179031372 r: 125.179023743
#ERR boxes: [227,49] e: 114.944946289 r: 114.944923401
#ERR boxes: [227,50] e: 191.753494263 r: 191.753479004
#ERR boxes: [227,52] e: 125.334899902 r: 125.334892273
#ERR boxes: [227,53] e: 112.840766907 r: 112.840751648
#ERR boxes: [227,54] e: 192.778167725 r: 192.778106689
#ERR boxes: [227,55] e: 145.571609497 r: 145.571594238
#ERR boxes: [227,56] e: 124.84526062 r: 124.845275879
#ERR boxes: [227,58] e: 191.273880005 r: 191.273834229
#ERR boxes: [227,59] e: 145.62487793 r: 145.624893188
#ERR boxes: [227,60] e: 132.759811401 r: 132.759780884
#ERR boxes: [227,61] e: 114.123191833 r: 114.123184204
#ERR boxes: [227,63] e: 144.145629883 r: 144.145645142
#ERR boxes: [227,64] e: 129.767730713 r: 129.767715454
#ERR boxes: [227,66] e: 187.106658936 r: 187.106613159
#ERR boxes: [227,67] e: 146.287582397 r: 146.287597656
#ERR boxes: [227,68] e: 126.243095398 r: 126.24307251
#ERR boxes: [227,70] e: 188.414291382 r: 188.414245605
#ERR boxes: [227,74] e: 194.554077148 r: 194.554046631
#ERR boxes: [227,76] e: 123.7501297 r: 123.750137329
#ERR boxes: [227,77] e: 113.708847046 r: 113.708831787
#ERR boxes: [227,78] e: 195.74206543 r: 195.741989136
#ERR boxes: [227,79] e: 144.823898315 r: 144.823883057
#ERR boxes: [227,80] e: 124.998764038 r: 124.998748779
#ERR boxes: [227,82] e: 192.910751343 r: 192.910705566
#ERR boxes: [227,83] e: 142.213821411 r: 142.21383667
#ERR boxes: [251,6] e: 195.458404541 r: 195.458374023
#ERR boxes: [251,7] e: 156.48727417 r: 156.487243652
#ERR boxes: [251,9] e: 109.237915039 r: 109.23790741
#ERR boxes: [251,10] e: 188.540039062 r: 188.540008545
#ERR boxes: [251,12] e: 136.998809814 r: 136.998779297
#ERR boxes: [251,13] e: 112.668991089 r: 112.668983459
#ERR boxes: [251,14] e: 189.474090576 r: 189.474060059
#ERR boxes: [251,15] e: 157.269821167 r: 157.269836426
#ERR boxes: [251,16] e: 131.855255127 r: 131.855270386
#ERR boxes: [251,17] e: 108.614875793 r: 108.614868164
#ERR boxes: [251,18] e: 195.640716553 r: 195.640670776
#ERR boxes: [251,19] e: 159.919189453 r: 159.919158936
#ERR boxes: [251,20] e: 139.592834473 r: 139.592803955
#ERR boxes: [251,21] e: 109.215774536 r: 109.215759277
#ERR boxes: [251,22] e: 184.055145264 r: 184.055114746
#ERR boxes: [251,23] e: 156.362808228 r: 156.362792969
#ERR boxes: [251,25] e: 110.951438904 r: 110.951431274
#ERR boxes: [251,26] e: 193.792755127 r: 193.792724609
#ERR boxes: [251,27] e: 155.851074219 r: 155.85105896
#ERR boxes: [251,28] e: 134.0987854 r: 134.098770142
#ERR boxes: [251,30] e: 192.646392822 r: 192.646347046
#ERR boxes: [251,33] e: 111.486495972 r: 111.486473083
#ERR boxes: [251,34] e: 189.520568848 r: 189.52053833
#ERR boxes: [251,35] e: 156.707473755 r: 156.707458496
#ERR boxes: [251,36] e: 135.38671875 r: 135.386703491
#ERR boxes: [251,37] e: 109.48588562 r: 109.485870361
#ERR boxes: [251,38] e: 189.734802246 r: 189.73475647
#ERR boxes: [251,39] e: 160.031692505 r: 160.031677246
#ERR boxes: [251,40] e: 138.021881104 r: 138.021865845
#ERR boxes: [251,41] e: 110.445220947 r: 110.445205688
#ERR boxes: [251,42] e: 187.864837646 r: 187.864822388
#ERR boxes: [251,43] e: 159.054046631 r: 159.054031372
#ERR boxes: [251,44] e: 135.185897827 r: 135.185913086
#ERR boxes: [251,45] e: 109.318328857 r: 109.318305969
#ERR boxes: [251,46] e: 191.786972046 r: 191.786956787
#ERR boxes: [251,47] e: 152.982788086 r: 152.982772827
#ERR boxes: [251,48] e: 136.139419556 r: 136.139389038
#ERR boxes: [251,49] e: 112.691596985 r: 112.691589355
#ERR boxes: [251,50] e: 190.037002563 r: 190.036972046
#ERR boxes: [251,53] e: 109.248497009 r: 109.24848175
#ERR boxes: [251,54] e: 191.389587402 r: 191.389556885
#ERR boxes: [251,55] e: 157.994293213 r: 157.994277954
#ERR boxes: [251,57] e: 111.011711121 r: 111.011688232
#ERR boxes: [251,58] e: 190.013519287 r: 190.01348877
#ERR boxes: [251,60] e: 142.731307983 r: 142.731277466
#ERR boxes: [251,61] e: 111.425476074 r: 111.425460815
#ERR boxes: [251,62] e: 179.304733276 r: 179.304702759
#ERR boxes: [251,63] e: 155.376068115 r: 155.376083374
#ERR boxes: [251,64] e: 140.10609436 r: 140.106063843
#ERR boxes: [251,69] e: 110.122375488 r: 110.1223526
#ERR boxes: [251,70] e: 187.327209473 r: 187.327178955
#ERR boxes: [251,72] e: 133.707336426 r: 133.707351685
#ERR boxes: [251,74] e: 193.032714844 r: 193.032669067
#ERR boxes: [251,76] e: 134.556121826 r: 134.556137085
#ERR boxes: [251,77] e: 110.276741028 r: 110.27671814
#ERR boxes: [251,78] e: 194.054321289 r: 194.054275513
#ERR boxes: [251,79] e: 156.823760986 r: 156.82371521
#ERR boxes: [251,82] e: 191.025146484 r: 191.025115967
#ERR /home/carol/radiation-benchmarks/data/VOC2012/2008_008633.jpg
#SDC Ite:2 KerTime:2.674247 AccTime:7.274202 KerErr:229 AccErr:547
#IT Ite:3 KerTime:2.041195 AccTime:9.315397
#ERR boxes: [0,6] e: 358.256164551 r: 358.256225586
#ERR boxes: [0,7] e: 329.21987915 r: 329.219726562
#ERR boxes: [0,10] e: 344.746368408 r: 344.746398926
#ERR boxes: [0,11] e: 327.082092285 r: 327.08203125
#ERR boxes: [0,13] e: 10.4094085693 r: 10.4091644287
#ERR boxes: [0,14] e: 314.863647461 r: 314.863769531
#ERR boxes: [0,18] e: 343.487304688 r: 343.48739624
#ERR boxes: [0,19] e: 319.151672363 r: 319.151519775
#ERR boxes: [0,20] e: 14.7989044189 r: 14.7987518311
#ERR boxes: [0,21] e: 13.0399780273 r: 13.0397644043
#ERR boxes: [0,22] e: 296.543395996 r: 296.543579102
#ERR boxes: [0,23] e: 309.854736328 r: 309.854644775
#ERR boxes: [0,26] e: 346.629089355 r: 346.629150391
#ERR boxes: [0,27] e: 304.992431641 r: 304.992370605
#ERR boxes: [0,29] e: 3.88397216797 r: 3.88377380371
#ERR boxes: [0,30] e: 341.266357422 r: 341.266479492
#ERR boxes: [0,31] e: 313.823242188 r: 313.823120117
#ERR boxes: [0,33] e: 16.1491241455 r: 16.149017334
#ERR boxes: [0,34] e: 314.004943848 r: 314.005065918
#ERR boxes: [0,35] e: 299.886779785 r: 299.88671875
#ERR boxes: [0,36] e: 18.1822509766 r: 18.1820526123
#ERR boxes: [0,37] e: 25.5192871094 r: 25.5190887451
#ERR boxes: [0,38] e: 309.213531494 r: 309.213684082
#ERR boxes: [0,39] e: 319.447021484 r: 319.446899414
#ERR boxes: [0,41] e: 13.409362793 r: 13.4092559814
#ERR boxes: [0,42] e: 318.959960938 r: 318.960083008
#ERR boxes: [0,43] e: 319.452911377 r: 319.452880859
#ERR boxes: [0,45] e: 12.4404144287 r: 12.4402770996
#ERR boxes: [0,46] e: 335.971008301 r: 335.97088623
#ERR boxes: [0,47] e: 313.795837402 r: 313.795715332
#ERR boxes: [0,49] e: 24.5284423828 r: 24.5282592773
#ERR boxes: [0,50] e: 305.00402832 r: 305.004119873
#ERR boxes: [0,51] e: 310.611724854 r: 310.611633301
#ERR boxes: [0,53] e: 15.693939209 r: 15.6937713623
#ERR boxes: [0,54] e: 340.033660889 r: 340.033691406
#ERR boxes: [0,55] e: 316.844940186 r: 316.844848633
#ERR boxes: [0,57] e: 5.11811828613 r: 5.11799621582
#ERR boxes: [0,58] e: 341.507507324 r: 341.507476807
#ERR boxes: [0,59] e: 323.075073242 r: 323.074951172
#ERR boxes: [0,60] e: 44.2958450317 r: 44.2958374023
#ERR boxes: [0,62] e: 271.692474365 r: 271.692749023
#ERR boxes: [0,63] e: 305.368591309 r: 305.368438721
#ERR boxes: [0,64] e: 1.95532226562 r: 1.95513916016
#ERR boxes: [0,65] e: 12.4965515137 r: 12.4964294434
#ERR boxes: [0,66] e: 297.406921387 r: 297.407043457
#ERR boxes: [0,67] e: 296.789489746 r: 296.789367676
#ERR boxes: [0,69] e: 11.3052062988 r: 11.3050842285
#ERR boxes: [0,70] e: 328.068603516 r: 328.068664551
#ERR boxes: [0,71] e: 305.748931885 r: 305.748901367
#ERR boxes: [0,73] e: 12.265914917 r: 12.2657165527
#ERR boxes: [0,75] e: 297.449157715 r: 297.44909668
#ERR boxes: [0,79] e: 309.460021973 r: 309.459899902
#ERR boxes: [0,81] e: 10.1383972168 r: 10.1382904053
#ERR boxes: [0,82] e: 310.959411621 r: 310.959533691
#ERR boxes: [0,83] e: 275.121124268 r: 275.12109375
#ERR boxes: [1,6] e: 461.118438721 r: 461.118377686
#ERR boxes: [1,7] e: 339.683654785 r: 339.683776855
#ERR boxes: [1,10] e: 442.219360352 r: 442.219238281
#ERR boxes: [1,11] e: 338.329406738 r: 338.329528809
#ERR boxes: [1,12] e: 30.0450439453 r: 30.0448608398
#ERR boxes: [1,14] e: 403.601501465 r: 403.60144043
#ERR boxes: [1,15] e: 303.652313232 r: 303.652404785
#ERR boxes: [1,18] e: 449.755065918 r: 449.755004883
#ERR boxes: [1,19] e: 345.543640137 r: 345.543701172
#ERR boxes: [1,20] e: 64.8096466064 r: 64.8095703125
#ERR boxes: [1,22] e: 381.766601562 r: 381.766479492
#ERR boxes: [1,27] e: 322.450378418 r: 322.450500488
#ERR boxes: [1,30] e: 441.950042725 r: 441.950012207
#ERR boxes: [1,31] e: 323.919616699 r: 323.919677734
#ERR boxes: [1,32] e: 31.1498565674 r: 31.1498718262
#ERR boxes: [1,34] e: 403.068847656 r: 403.068786621
#ERR boxes: [1,35] e: 309.652740479 r: 309.652770996
#ERR boxes: [1,36] e: 70.7734375 r: 70.7731323242
#ERR boxes: [1,37] e: 1.1975402832 r: 1.19718933105
#ERR boxes: [1,38] e: 407.912689209 r: 407.912506104
#ERR boxes: [1,40] e: 31.8414611816 r: 31.8413848877
#ERR boxes: [1,42] e: 431.694030762 r: 431.693969727
#ERR boxes: [1,43] e: 329.641876221 r: 329.641937256
#ERR boxes: [1,46] e: 440.018859863 r: 440.018798828
#ERR boxes: [1,48] e: 23.37159729 r: 23.3714599609
#ERR boxes: [1,50] e: 393.28704834 r: 393.28692627
#ERR boxes: [1,51] e: 319.022949219 r: 319.023010254
#ERR boxes: [1,52] e: 24.5493164062 r: 24.5492401123
#ERR boxes: [1,54] e: 434.136871338 r: 434.13671875
#ERR boxes: [1,55] e: 317.879211426 r: 317.879272461
#ERR boxes: [1,58] e: 447.031188965 r: 447.031097412
#ERR boxes: [1,59] e: 330.864807129 r: 330.864898682
#ERR boxes: [1,60] e: 61.0731964111 r: 61.0729980469
#ERR boxes: [1,62] e: 379.59173584 r: 379.591674805
#ERR boxes: [1,63] e: 313.512268066 r: 313.512298584
#ERR boxes: [1,64] e: 43.168762207 r: 43.1686401367
#ERR boxes: [1,67] e: 302.591064453 r: 302.591125488
#ERR boxes: [1,68] e: 12.7414398193 r: 12.7414093018
#ERR boxes: [1,70] e: 438.309936523 r: 438.309875488
#ERR boxes: [1,71] e: 313.375244141 r: 313.375305176
#ERR boxes: [1,74] e: 444.562835693 r: 444.562744141
#ERR boxes: [1,75] e: 306.866912842 r: 306.867004395
#ERR boxes: [1,78] e: 466.214385986 r: 466.214416504
#ERR boxes: [1,79] e: 321.410491943 r: 321.410583496
#ERR boxes: [1,80] e: 26.2835083008 r: 26.2834320068
#ERR boxes: [1,82] e: 413.08996582 r: 413.089904785
#ERR boxes: [1,83] e: 298.790588379 r: 298.790740967
#ERR boxes: [3,4] e: 67.0864105225 r: 67.0865478516
#ERR boxes: [3,7] e: 339.411621094 r: 339.411743164
#ERR boxes: [3,8] e: 96.9359588623 r: 96.9361419678
#ERR boxes: [3,11] e: 336.600585938 r: 336.600646973
#ERR boxes: [3,12] e: 141.322509766 r: 141.322662354
#ERR boxes: [3,13] e: 10.8623199463 r: 10.8619537354
#ERR boxes: [3,14] e: 461.125610352 r: 461.125701904
#ERR boxes: [3,15] e: 326.166625977 r: 326.166748047
#ERR boxes: [3,16] e: 98.2657623291 r: 98.265914917
#ERR boxes: [3,19] e: 361.363983154 r: 361.364135742
#ERR boxes: [3,20] e: 169.394485474 r: 169.394561768
#ERR boxes: [3,21] e: 17.3131561279 r: 17.3127746582
#ERR boxes: [3,22] e: 434.789672852 r: 434.789703369
#ERR boxes: [3,23] e: 341.244750977 r: 341.244781494
#ERR boxes: [3,24] e: 93.3131256104 r: 93.3132171631
#ERR boxes: [3,26] e: 494.366882324 r: 494.366943359
#ERR boxes: [3,27] e: 351.457092285 r: 351.457214355
#ERR boxes: [3,28] e: 98.6401672363 r: 98.6403503418
#ERR boxes: [3,30] e: 486.407623291 r: 486.407684326
#ERR boxes: [3,31] e: 337.600769043 r: 337.600891113
#ERR boxes: [3,32] e: 140.000259399 r: 140.00038147
#ERR boxes: [3,33] e: 17.2376556396 r: 17.2372436523
#ERR boxes: [3,35] e: 327.770202637 r: 327.770233154
#ERR boxes: [3,36] e: 161.773254395 r: 161.77331543
#ERR boxes: [3,37] e: 11.3762664795 r: 11.375793457
#ERR boxes: [3,38] e: 465.524047852 r: 465.524108887
#ERR boxes: [3,39] e: 348.034118652 r: 348.034210205
#ERR boxes: [3,40] e: 135.912765503 r: 135.912841797
#ERR boxes: [3,41] e: 13.0541534424 r: 13.0537261963
#ERR boxes: [3,42] e: 481.592712402 r: 481.592773438
#ERR boxes: [3,44] e: 54.0213317871 r: 54.0215606689
#ERR boxes: [3,45] e: 4.62338256836 r: 4.62300109863
#ERR boxes: [3,46] e: 481.063018799 r: 481.063049316
#ERR boxes: [3,47] e: 357.564147949 r: 357.564208984
#ERR boxes: [3,48] e: 135.550415039 r: 135.550567627
#ERR boxes: [3,49] e: 14.5931854248 r: 14.5927886963
#ERR boxes: [3,50] e: 450.632324219 r: 450.632354736
#ERR boxes: [3,51] e: 329.356628418 r: 329.356750488
#ERR boxes: [3,52] e: 135.070602417 r: 135.070724487
#ERR boxes: [3,55] e: 331.1171875 r: 331.117248535
#ERR boxes: [3,56] e: 94.345199585 r: 94.3453674316
#ERR boxes: [3,58] e: 491.486755371 r: 491.486785889
#ERR boxes: [3,59] e: 332.276733398 r: 332.276794434
#ERR boxes: [3,60] e: 174.848571777 r: 174.848678589
#ERR boxes: [3,62] e: 462.128479004 r: 462.128601074
#ERR boxes: [3,64] e: 149.284057617 r: 149.284225464
#ERR boxes: [3,65] e: 10.5331420898 r: 10.5327758789
#ERR boxes: [3,66] e: 458.105102539 r: 458.105163574
#ERR boxes: [3,67] e: 327.404907227 r: 327.405029297
#ERR boxes: [3,68] e: 118.61517334 r: 118.615325928
#ERR boxes: [3,69] e: 24.2889404297 r: 24.2886352539
#ERR boxes: [3,70] e: 484.295288086 r: 484.295318604
#ERR boxes: [3,71] e: 348.585754395 r: 348.58581543
#ERR boxes: [3,72] e: 87.9429779053 r: 87.9430541992
#ERR boxes: [3,74] e: 489.47052002 r: 489.470581055
#ERR boxes: [3,75] e: 337.727050781 r: 337.727172852
#ERR boxes: [3,76] e: 95.3463745117 r: 95.3465270996
#ERR boxes: [3,79] e: 333.602111816 r: 333.602233887
#ERR boxes: [3,80] e: 123.984176636 r: 123.984268188
#ERR boxes: [3,81] e: 14.3867645264 r: 14.3863067627
#ERR boxes: [3,82] e: 474.890563965 r: 474.890625
#ERR boxes: [3,83] e: 333.737060547 r: 333.737243652
#ERR boxes: [4,6] e: 435.305480957 r: 435.306091309
#ERR boxes: [4,10] e: 421.593536377 r: 421.593994141
#ERR boxes: [4,11] e: 338.173400879 r: 338.173370361
#ERR boxes: [4,13] e: 12.2214355469 r: 12.2211303711
#ERR boxes: [4,14] e: 380.293823242 r: 380.294311523
#ERR boxes: [4,15] e: 320.279083252 r: 320.279022217
#ERR boxes: [4,18] e: 418.058898926 r: 418.059387207
#ERR boxes: [4,19] e: 342.627563477 r: 342.627502441
#ERR boxes: [4,21] e: 9.03070068359 r: 9.0305480957
#ERR boxes: [4,22] e: 351.020629883 r: 351.021057129
#ERR boxes: [4,23] e: 331.782592773 r: 331.782531738
#ERR boxes: [4,26] e: 418.137451172 r: 418.137817383
#ERR boxes: [4,29] e: 5.68524169922 r: 5.68493652344
#ERR boxes: [4,30] e: 410.976501465 r: 410.976989746
#ERR boxes: [4,33] e: 16.1857910156 r: 16.1855010986
#ERR boxes: [4,34] e: 377.241027832 r: 377.241699219
#ERR boxes: [4,35] e: 324.614105225 r: 324.614196777
#ERR boxes: [4,37] e: 13.3963165283 r: 13.3960571289
#ERR boxes: [4,38] e: 382.294342041 r: 382.294769287
#ERR boxes: [4,39] e: 345.759887695 r: 345.75982666
#ERR boxes: [4,41] e: 8.98806762695 r: 8.98785400391
#ERR boxes: [4,42] e: 386.261230469 r: 386.261657715
#ERR boxes: [4,45] e: 4.29168701172 r: 4.29145812988
#ERR boxes: [4,46] e: 423.143737793 r: 423.143981934
#ERR boxes: [4,47] e: 350.162750244 r: 350.162719727
#ERR boxes: [4,49] e: 19.3405303955 r: 19.3402709961
#ERR boxes: [4,50] e: 371.508483887 r: 371.509124756
#ERR boxes: [4,53] e: 1.02420043945 r: 1.02394104004
#ERR boxes: [4,54] e: 400.721374512 r: 400.721832275
#ERR boxes: [4,55] e: 335.204864502 r: 335.204833984
#ERR boxes: [4,58] e: 414.230255127 r: 414.230621338
#ERR boxes: [4,59] e: 334.680267334 r: 334.680236816
#ERR boxes: [4,60] e: 0.462738037109 r: 0.462936401367
#ERR boxes: [4,62] e: 342.490142822 r: 342.490722656
#ERR boxes: [4,63] e: 331.253601074 r: 331.253540039
#ERR boxes: [4,65] e: 5.9282989502 r: 5.92813110352
#ERR boxes: [4,66] e: 368.80279541 r: 368.803283691
#ERR boxes: [4,67] e: 324.000366211 r: 324.000396729
#ERR boxes: [4,69] e: 8.47766113281 r: 8.47746276855
#ERR boxes: [4,70] e: 394.530273438 r: 394.530670166
#ERR boxes: [4,71] e: 337.703826904 r: 337.703857422
#ERR boxes: [4,74] e: 419.626586914 r: 419.62701416
#ERR boxes: [4,75] e: 329.258972168 r: 329.258850098
#ERR boxes: [4,78] e: 428.132476807 r: 428.132873535
#ERR boxes: [4,81] e: 4.71678161621 r: 4.71656799316
#ERR boxes: [4,82] e: 389.535522461 r: 389.536010742
#ERR boxes: [4,83] e: 310.870422363 r: 310.870544434
#ERR boxes: [5,6] e: 440.328979492 r: 440.329101562
#ERR boxes: [5,7] e: 287.956665039 r: 287.956970215
#ERR boxes: [5,10] e: 411.635986328 r: 411.636108398
#ERR boxes: [5,11] e: 280.041870117 r: 280.042053223
#ERR boxes: [5,12] e: 31.0668640137 r: 31.066619873
#ERR boxes: [5,13] e: 7.54131317139 r: 7.54124450684
#ERR boxes: [5,14] e: 372.591339111 r: 372.591491699
#ERR boxes: [5,15] e: 249.048950195 r: 249.04914856
#ERR boxes: [5,18] e: 421.927581787 r: 421.92767334
#ERR boxes: [5,19] e: 281.282928467 r: 281.28314209
#ERR boxes: [5,20] e: 42.5207061768 r: 42.5204772949
#ERR boxes: [5,22] e: 343.997131348 r: 343.997283936
#ERR boxes: [5,23] e: 260.638549805 r: 260.638671875
#ERR boxes: [5,26] e: 427.267089844 r: 427.267181396
#ERR boxes: [5,27] e: 262.614837646 r: 262.614990234
#ERR boxes: [5,29] e: 2.66925048828 r: 2.66909790039
#ERR boxes: [5,30] e: 414.473083496 r: 414.473236084
#ERR boxes: [5,31] e: 268.516784668 r: 268.516937256
#ERR boxes: [5,32] e: 27.3726501465 r: 27.3723449707
#ERR boxes: [5,33] e: 15.4353942871 r: 15.4353256226
#ERR boxes: [5,34] e: 371.195739746 r: 371.195861816
#ERR boxes: [5,35] e: 253.073791504 r: 253.073913574
#ERR boxes: [5,36] e: 43.2797546387 r: 43.2794342041
#ERR boxes: [5,37] e: 20.8788528442 r: 20.8787841797
#ERR boxes: [5,38] e: 353.539916992 r: 353.540100098
#ERR boxes: [5,39] e: 275.428314209 r: 275.428466797
#ERR boxes: [5,40] e: 26.5104980469 r: 26.5102233887
#ERR boxes: [5,42] e: 379.342926025 r: 379.343078613
#ERR boxes: [5,43] e: 269.905517578 r: 269.905700684
#ERR boxes: [5,45] e: 4.98233032227 r: 4.98219299316
#ERR boxes: [5,46] e: 433.327026367 r: 433.32699585
#ERR boxes: [5,47] e: 264.952087402 r: 264.952209473
#ERR boxes: [5,48] e: 30.6929321289 r: 30.6926727295
#ERR boxes: [5,49] e: 21.2039260864 r: 21.2038574219
#ERR boxes: [5,50] e: 360.881317139 r: 360.881469727
#ERR boxes: [5,51] e: 263.326660156 r: 263.326843262
#ERR boxes: [5,52] e: 14.0402526855 r: 14.0400238037
#ERR boxes: [5,53] e: 6.60517883301 r: 6.60508728027
#ERR boxes: [5,54] e: 406.230682373 r: 406.230773926
#ERR boxes: [5,55] e: 268.007324219 r: 268.007507324
#ERR boxes: [5,58] e: 412.977905273 r: 412.977966309
#ERR boxes: [5,59] e: 279.962615967 r: 279.962890625
#ERR boxes: [5,60] e: 54.2278213501 r: 54.2278366089
#ERR boxes: [5,62] e: 308.214019775 r: 308.214447021
#ERR boxes: [5,63] e: 255.185852051 r: 255.185821533
#ERR boxes: [5,64] e: 36.7302856445 r: 36.7300415039
#ERR boxes: [5,65] e: 11.3671188354 r: 11.3671417236
#ERR boxes: [5,66] e: 349.866699219 r: 349.866821289
#ERR boxes: [5,67] e: 245.67956543 r: 245.679641724
#ERR boxes: [5,68] e: 12.5790863037 r: 12.5788421631
#ERR boxes: [5,69] e: 6.3561630249 r: 6.35613250732
#ERR boxes: [5,70] e: 386.490905762 r: 386.491027832
#ERR boxes: [5,71] e: 253.393890381 r: 253.393981934
#ERR boxes: [5,73] e: 7.85698699951 r: 7.8568572998
#ERR boxes: [5,74] e: 405.890380859 r: 405.89050293
#ERR boxes: [5,75] e: 251.590393066 r: 251.590530396
#ERR boxes: [5,78] e: 437.397583008 r: 437.397705078
#ERR boxes: [5,79] e: 269.406341553 r: 269.406555176
#ERR boxes: [5,80] e: 28.1792144775 r: 28.1790008545
#ERR boxes: [5,81] e: 7.49211120605 r: 7.49206542969
#ERR boxes: [5,82] e: 367.830932617 r: 367.831054688
#ERR boxes: [5,83] e: 228.04145813 r: 228.041595459
#ERR boxes: [6,4] e: 68.0595092773 r: 68.059753418
#ERR boxes: [6,7] e: 338.294677734 r: 338.295349121
#ERR boxes: [6,8] e: 94.0890655518 r: 94.0890960693
#ERR boxes: [6,10] e: 491.477172852 r: 491.477233887
#ERR boxes: [6,11] e: 332.204498291 r: 332.20526123
#ERR boxes: [6,12] e: 142.382720947 r: 142.382873535
#ERR boxes: [6,13] e: 0.726150512695 r: 0.725555419922
#ERR boxes: [6,14] e: 454.412384033 r: 454.412475586
#ERR boxes: [6,15] e: 293.805725098 r: 293.806243896
#ERR boxes: [6,16] e: 91.3453826904 r: 91.3456115723
#ERR boxes: [6,18] e: 496.572814941 r: 496.572845459
#ERR boxes: [6,19] e: 340.448364258 r: 340.44909668
#ERR boxes: [6,20] e: 170.66809082 r: 170.668167114
#ERR boxes: [6,23] e: 308.16607666 r: 308.166503906
#ERR boxes: [6,24] e: 80.7809143066 r: 80.7811126709
#ERR boxes: [6,26] e: 498.387176514 r: 498.387268066
#ERR boxes: [6,27] e: 311.975158691 r: 311.975708008
#ERR boxes: [6,28] e: 97.5835113525 r: 97.5836334229
#ERR boxes: [6,30] e: 486.961914062 r: 486.961975098
#ERR boxes: [6,31] e: 316.416564941 r: 316.417114258
#ERR boxes: [6,32] e: 135.221313477 r: 135.221542358
#ERR boxes: [6,33] e: 7.12588500977 r: 7.12547302246
#ERR boxes: [6,34] e: 450.616882324 r: 450.616943359
#ERR boxes: [6,35] e: 300.945983887 r: 300.946533203
#ERR boxes: [6,37] e: 6.96437072754 r: 6.96369934082
#ERR boxes: [6,39] e: 329.963989258 r: 329.964416504
#ERR boxes: [6,40] e: 140.819595337 r: 140.819656372
#ERR boxes: [6,42] e: 469.648620605 r: 469.648681641
#ERR boxes: [6,43] e: 322.311309814 r: 322.311828613
#ERR boxes: [6,44] e: 63.5043640137 r: 63.504776001
#ERR boxes: [6,46] e: 466.556304932 r: 466.55645752
#ERR boxes: [6,47] e: 321.834655762 r: 321.835021973
#ERR boxes: [6,48] e: 131.726104736 r: 131.72618103
#ERR boxes: [6,49] e: 10.9569091797 r: 10.9564056396
#ERR boxes: [6,50] e: 448.982208252 r: 448.982299805
#ERR boxes: [6,51] e: 312.416320801 r: 312.416931152
#ERR boxes: [6,52] e: 127.656723022 r: 127.656860352
#ERR boxes: [6,54] e: 478.258666992 r: 478.258728027
#ERR boxes: [6,55] e: 312.099609375 r: 312.100097656
#ERR boxes: [6,56] e: 92.5078277588 r: 92.5078887939
#ERR boxes: [6,58] e: 490.79095459 r: 490.79119873
#ERR boxes: [6,59] e: 331.345703125 r: 331.346313477
#ERR boxes: [6,60] e: 185.176086426 r: 185.175994873
#ERR boxes: [6,62] e: 436.58605957 r: 436.586212158
#ERR boxes: [6,63] e: 300.693054199 r: 300.69342041
#ERR boxes: [6,64] e: 151.003692627 r: 151.003814697
#ERR boxes: [6,65] e: 1.35473632812 r: 1.35440063477
#ERR boxes: [6,66] e: 447.887481689 r: 447.887542725
#ERR boxes: [6,67] e: 286.577026367 r: 286.577514648
#ERR boxes: [6,68] e: 125.527267456 r: 125.527404785
#ERR boxes: [6,70] e: 474.173583984 r: 474.17364502
#ERR boxes: [6,71] e: 299.917144775 r: 299.917541504
#ERR boxes: [6,72] e: 85.6117858887 r: 85.6119232178
#ERR boxes: [6,74] e: 491.059295654 r: 491.059448242
#ERR boxes: [6,75] e: 303.546020508 r: 303.546569824
#ERR boxes: [6,76] e: 86.3148956299 r: 86.3150634766
#ERR boxes: [6,79] e: 316.47277832 r: 316.473388672
#ERR boxes: [6,80] e: 135.697174072 r: 135.697372437
#ERR boxes: [6,82] e: 458.697845459 r: 458.697875977
#ERR boxes: [6,83] e: 280.025268555 r: 280.025939941
#ERR boxes: [7,6] e: 412.525909424 r: 412.525939941
#ERR boxes: [7,7] e: 354.148193359 r: 354.14831543
#ERR boxes: [7,10] e: 394.563720703 r: 394.563903809
#ERR boxes: [7,11] e: 350.35067749 r: 350.350769043
#ERR boxes: [7,12] e: 3.28283691406 r: 3.2827911377
#ERR boxes: [7,14] e: 360.703979492 r: 360.704162598
#ERR boxes: [7,15] e: 334.64251709 r: 334.642578125
#ERR boxes: [7,18] e: 399.144714355 r: 399.144836426
#ERR boxes: [7,19] e: 365.144470215 r: 365.14453125
#ERR boxes: [7,20] e: 23.8669891357 r: 23.866897583
#ERR boxes: [7,22] e: 336.453186035 r: 336.453369141
#ERR boxes: [7,23] e: 355.457336426 r: 355.457458496
#ERR boxes: [7,27] e: 348.683776855 r: 348.684020996
#ERR boxes: [7,31] e: 344.781799316 r: 344.781982422
#ERR boxes: [7,32] e: 2.24406433105 r: 2.24407958984
#ERR boxes: [7,33] e: 1.99731445312 r: 1.99687194824
#ERR boxes: [7,34] e: 364.336791992 r: 364.336914062
#ERR boxes: [7,35] e: 341.303314209 r: 341.303405762
#ERR boxes: [7,36] e: 29.8912506104 r: 29.8913269043
#ERR boxes: [7,37] e: 0.545394897461 r: 0.544906616211
#ERR boxes: [7,38] e: 358.061706543 r: 358.061798096
#ERR boxes: [7,39] e: 357.987731934 r: 357.987854004
#ERR boxes: [7,40] e: 3.17858886719 r: 3.1785736084
#ERR boxes: [7,42] e: 381.770263672 r: 381.770446777
#ERR boxes: [7,43] e: 359.92767334 r: 359.92779541
#ERR boxes: [7,46] e: 430.313537598 r: 430.313415527
#ERR boxes: [7,47] e: 368.890014648 r: 368.890045166
#ERR boxes: [7,48] e: 0.432678222656 r: 0.432769775391
#ERR boxes: [7,49] e: 5.66703796387 r: 5.66650390625
#ERR boxes: [7,50] e: 346.995025635 r: 346.995117188
#ERR boxes: [7,51] e: 342.888000488 r: 342.888122559
#ERR boxes: [7,54] e: 386.545837402 r: 386.545898438
#ERR boxes: [7,55] e: 346.085449219 r: 346.085510254
#ERR boxes: [7,58] e: 393.019592285 r: 393.01965332
#ERR boxes: [7,59] e: 341.42401123 r: 341.424133301
#ERR boxes: [7,60] e: 28.4382171631 r: 28.4381866455
#ERR boxes: [7,62] e: 328.760498047 r: 328.760803223
#ERR boxes: [7,63] e: 358.975799561 r: 358.975891113
#ERR boxes: [7,64] e: 10.0728759766 r: 10.072769165
#ERR boxes: [7,66] e: 351.216491699 r: 351.216674805
#ERR boxes: [7,67] e: 343.389709473 r: 343.389862061
#ERR boxes: [7,69] e: 0.200836181641 r: 0.200347900391
#ERR boxes: [7,70] e: 389.385864258 r: 389.385955811
#ERR boxes: [7,71] e: 352.861206055 r: 352.861236572
#ERR boxes: [7,74] e: 400.228088379 r: 400.228027344
#ERR boxes: [7,75] e: 341.09588623 r: 341.095977783
#ERR boxes: [7,79] e: 342.821044922 r: 342.821166992
#ERR boxes: [7,82] e: 373.099822998 r: 373.099975586
#ERR boxes: [7,83] e: 336.794067383 r: 336.794250488
#ERR boxes: [8,5] e: 25.3309631348 r: 25.3304443359
#ERR boxes: [8,6] e: 399.077514648 r: 399.077606201
#ERR boxes: [8,7] e: 338.320281982 r: 338.320465088
#ERR boxes: [8,9] e: 12.3083648682 r: 12.3079071045
#ERR boxes: [8,10] e: 386.905670166 r: 386.905761719
#ERR boxes: [8,11] e: 336.162841797 r: 336.163024902
#ERR boxes: [8,13] e: 40.2191619873 r: 40.2186431885
#ERR boxes: [8,14] e: 354.014648438 r: 354.014770508
#ERR boxes: [8,15] e: 327.631713867 r: 327.631896973
#ERR boxes: [8,17] e: 12.9727478027 r: 12.9721984863
#ERR boxes: [8,19] e: 352.689788818 r: 352.689880371
#ERR boxes: [8,20] e: 40.0267028809 r: 40.0266571045
#ERR boxes: [8,21] e: 41.6431732178 r: 41.6427307129
#ERR boxes: [8,22] e: 326.006500244 r: 326.006591797
#ERR boxes: [8,23] e: 337.337097168 r: 337.337158203
#ERR boxes: [8,25] e: 15.7762756348 r: 15.7758483887
#ERR boxes: [8,26] e: 385.036743164 r: 385.036804199
#ERR boxes: [8,27] e: 339.798583984 r: 339.798675537
#ERR boxes: [8,29] e: 31.2330169678 r: 31.2325439453
#ERR boxes: [8,30] e: 374.758728027 r: 374.75881958
#ERR boxes: [8,31] e: 328.605163574 r: 328.605285645
#ERR boxes: [8,32] e: 6.68734741211 r: 6.6873626709
#ERR boxes: [8,33] e: 44.463104248 r: 44.4626617432
#ERR boxes: [8,34] e: 355.997375488 r: 355.997436523
#ERR boxes: [8,35] e: 330.829772949 r: 330.829956055
#ERR boxes: [8,37] e: 36.8730926514 r: 36.872543335
#ERR boxes: [8,38] e: 356.91809082 r: 356.918273926
#ERR boxes: [8,39] e: 344.804626465 r: 344.804748535
#ERR boxes: [8,40] e: 9.35493469238 r: 9.35498046875
#ERR boxes: [8,41] e: 38.3342437744 r: 38.3338317871
#ERR boxes: [8,42] e: 365.623901367 r: 365.624023438
#ERR boxes: [8,43] e: 350.526123047 r: 350.526275635
#ERR boxes: [8,45] e: 34.2501525879 r: 34.2497406006
#ERR boxes: [8,46] e: 398.979248047 r: 398.979187012
#ERR boxes: [8,47] e: 358.782897949 r: 358.782958984
#ERR boxes: [8,48] e: 3.11604309082 r: 3.11608886719
#ERR boxes: [8,49] e: 41.5114135742 r: 41.5109405518
#ERR boxes: [8,50] e: 346.972412109 r: 346.972595215
#ERR boxes: [8,51] e: 331.097290039 r: 331.097473145
#ERR boxes: [8,52] e: 2.71591186523 r: 2.71597290039
#ERR boxes: [8,53] e: 23.2627563477 r: 23.2622528076
#ERR boxes: [8,54] e: 367.447601318 r: 367.447662354
#ERR boxes: [8,55] e: 337.216674805 r: 337.216796875
#ERR boxes: [8,57] e: 19.2936706543 r: 19.2932128906
#ERR boxes: [8,58] e: 378.201812744 r: 378.201965332
#ERR boxes: [8,59] e: 331.555267334 r: 331.555419922
#ERR boxes: [8,60] e: 40.1260528564 r: 40.1261901855
#ERR boxes: [8,61] e: 9.33976745605 r: 9.33935546875
#ERR boxes: [8,62] e: 333.597290039 r: 333.597442627
#ERR boxes: [8,63] e: 336.596923828 r: 336.596984863
#ERR boxes: [8,64] e: 21.0743560791 r: 21.0744171143
#ERR boxes: [8,65] e: 35.4010620117 r: 35.4005584717
#ERR boxes: [8,66] e: 347.313476562 r: 347.313598633
#ERR boxes: [8,67] e: 334.324951172 r: 334.325012207
#ERR boxes: [8,69] e: 44.5047302246 r: 44.5043640137
#ERR boxes: [8,70] e: 372.065551758 r: 372.065643311
#ERR boxes: [8,71] e: 346.809570312 r: 346.8097229
#ERR boxes: [8,73] e: 22.0034179688 r: 22.0029602051
#ERR boxes: [8,74] e: 391.386901855 r: 391.386962891
#ERR boxes: [8,75] e: 340.911895752 r: 340.912078857
#ERR boxes: [8,77] e: 20.8329772949 r: 20.8325500488
#ERR boxes: [8,78] e: 395.053985596 r: 395.053955078
#ERR boxes: [8,79] e: 330.781494141 r: 330.781677246
#ERR boxes: [8,81] e: 36.2534484863 r: 36.2529602051
#ERR boxes: [8,82] e: 366.171539307 r: 366.171569824
#ERR boxes: [8,83] e: 330.093933105 r: 330.094116211
#ERR boxes: [9,4] e: 100.45085144 r: 100.451446533
#ERR boxes: [9,7] e: 284.197784424 r: 284.198120117
#ERR boxes: [9,8] e: 120.307434082 r: 120.307983398
#ERR boxes: [9,10] e: 494.026367188 r: 494.026306152
#ERR boxes: [9,11] e: 273.071716309 r: 273.07208252
#ERR boxes: [9,12] e: 162.744232178 r: 162.744720459
#ERR boxes: [9,15] e: 238.984466553 r: 238.984588623
#ERR boxes: [9,16] e: 116.894226074 r: 116.894882202
#ERR boxes: [9,19] e: 280.065368652 r: 280.065643311
#ERR boxes: [9,20] e: 188.308914185 r: 188.309356689
#ERR boxes: [9,22] e: 442.890197754 r: 442.890167236
#ERR boxes: [9,23] e: 245.569030762 r: 245.569122314
#ERR boxes: [9,24] e: 102.254714966 r: 102.255325317
#ERR boxes: [9,27] e: 252.893829346 r: 252.894012451
#ERR boxes: [9,28] e: 115.633361816 r: 115.634002686
#ERR boxes: [9,30] e: 495.19720459 r: 495.197113037
#ERR boxes: [9,31] e: 260.178405762 r: 260.178527832
#ERR boxes: [9,32] e: 159.12588501 r: 159.126434326
#ERR boxes: [9,35] e: 240.690948486 r: 240.691116333
#ERR boxes: [9,36] e: 178.937423706 r: 178.937911987
#ERR boxes: [9,38] e: 473.163146973 r: 473.163085938
#ERR boxes: [9,39] e: 266.809082031 r: 266.809204102
#ERR boxes: [9,40] e: 158.190124512 r: 158.190643311
#ERR boxes: [9,42] e: 472.904907227 r: 472.904876709
#ERR boxes: [9,43] e: 257.773834229 r: 257.773986816
#ERR boxes: [9,44] e: 105.727478027 r: 105.728042603
#ERR boxes: [9,47] e: 250.390457153 r: 250.390487671
#ERR boxes: [9,48] e: 159.846374512 r: 159.846923828
#ERR boxes: [9,49] e: 2.41408538818 r: 2.41395568848
#ERR boxes: [9,51] e: 253.801055908 r: 253.801254272
#ERR boxes: [9,52] e: 146.197372437 r: 146.197952271
#ERR boxes: [9,55] e: 254.876113892 r: 254.876251221
#ERR boxes: [9,56] e: 112.82270813 r: 112.823242188
#ERR boxes: [9,59] e: 277.31262207 r: 277.312805176
#ERR boxes: [9,60] e: 192.054779053 r: 192.055374146
#ERR boxes: [9,62] e: 435.587310791 r: 435.587463379
#ERR boxes: [9,64] e: 175.117980957 r: 175.118560791
#ERR boxes: [9,66] e: 452.550415039 r: 452.550384521
#ERR boxes: [9,67] e: 229.055267334 r: 229.055358887
#ERR boxes: [9,68] e: 144.754379272 r: 144.754928589
#ERR boxes: [9,71] e: 236.372680664 r: 236.372756958
#ERR boxes: [9,72] e: 111.340820312 r: 111.341491699
#ERR boxes: [9,74] e: 495.582092285 r: 495.581970215
#ERR boxes: [9,75] e: 244.879653931 r: 244.879821777
#ERR boxes: [9,76] e: 106.920913696 r: 106.921524048
#ERR boxes: [9,79] e: 263.315307617 r: 263.315490723
#ERR boxes: [9,80] e: 161.095870972 r: 161.096481323
#ERR boxes: [9,83] e: 223.62399292 r: 223.624237061
#ERR boxes: [10,4] e: 136.158676147 r: 136.158813477
#ERR boxes: [10,7] e: 348.215789795 r: 348.216033936
#ERR boxes: [10,8] e: 154.438934326 r: 154.43888855
#ERR boxes: [10,11] e: 341.180847168 r: 341.181091309
#SDC Ite:3 KerTime:2.041195 AccTime:9.315397 KerErr:5635 AccErr:6182
#ABORT too many errors per iteration
#END