#HEADER size:1024
#BEGIN Y:2016 M:02 D:11 Time:16:31:44
#IT Ite:0 KerTime:0.255679 AccTime:0.255679
#IT Ite:1 KerTime:0.206615 AccTime:0.462294
#IT Ite:2 KerTime:0.224725 AccTime:0.687019
#IT Ite:3 KerTime:0.213702 AccTime:0.900721
#IT Ite:4 KerTime:0.219075 AccTime:1.119796
#IT Ite:5 KerTime:0.219898 AccTime:1.339694
#IT Ite:6 KerTime:0.209251 AccTime:1.548945
#IT Ite:7 KerTime:0.197548 AccTime:1.746493
#IT Ite:8 KerTime:0.197689 AccTime:1.944182
#IT Ite:9 KerTime:0.198812 AccTime:2.142994
#IT Ite:10 KerTime:0.213581 AccTime:2.356575
#IT Ite:11 KerTime:0.195042 AccTime:2.551617
#IT Ite:12 KerTime:0.211893 AccTime:2.763510
#IT Ite:13 KerTime:0.187347 AccTime:2.950857
#IT Ite:14 KerTime:0.200956 AccTime:3.151813
#IT Ite:15 KerTime:0.211440 AccTime:3.363253
#IT Ite:16 KerTime:0.222436 AccTime:3.585689
#IT Ite:17 KerTime:0.213895 AccTime:3.799584
#IT Ite:18 KerTime:0.204538 AccTime:4.004122
#IT Ite:19 KerTime:0.212559 AccTime:4.216681
#IT Ite:20 KerTime:0.201983 AccTime:4.418664
#IT Ite:21 KerTime:0.213002 AccTime:4.631666
#IT Ite:22 KerTime:0.220101 AccTime:4.851767
#IT Ite:23 KerTime:0.230200 AccTime:5.081967
#IT Ite:24 KerTime:0.211920 AccTime:5.293887
#IT Ite:25 KerTime:0.216591 AccTime:5.510478
#IT Ite:26 KerTime:0.225952 AccTime:5.736430
#IT Ite:27 KerTime:0.218211 AccTime:5.954641
#IT Ite:28 KerTime:0.226485 AccTime:6.181126
#IT Ite:29 KerTime:0.198986 AccTime:6.380112
#IT Ite:30 KerTime:0.197972 AccTime:6.578084
#IT Ite:31 KerTime:0.208375 AccTime:6.786459
#IT Ite:32 KerTime:0.235759 AccTime:7.022218
#IT Ite:33 KerTime:0.219745 AccTime:7.241963
#IT Ite:34 KerTime:0.211346 AccTime:7.453309
#IT Ite:35 KerTime:0.217712 AccTime:7.671021
#IT Ite:36 KerTime:0.218608 AccTime:7.889629
#IT Ite:37 KerTime:0.229050 AccTime:8.118679
#IT Ite:38 KerTime:0.210368 AccTime:8.329047
#IT Ite:39 KerTime:0.211614 AccTime:8.540661
#IT Ite:40 KerTime:0.198889 AccTime:8.739550
#IT Ite:41 KerTime:0.228139 AccTime:8.967689
#IT Ite:42 KerTime:0.202041 AccTime:9.169730
#IT Ite:43 KerTime:0.205543 AccTime:9.375273
#IT Ite:44 KerTime:0.195205 AccTime:9.570478
#IT Ite:45 KerTime:0.194721 AccTime:9.765199
#IT Ite:46 KerTime:0.202048 AccTime:9.967247
#IT Ite:47 KerTime:0.206167 AccTime:10.173414
#IT Ite:48 KerTime:0.194375 AccTime:10.367789
#IT Ite:49 KerTime:0.212540 AccTime:10.580329
#IT Ite:50 KerTime:0.213830 AccTime:10.794159
#IT Ite:51 KerTime:0.215713 AccTime:11.009872
#IT Ite:52 KerTime:0.215870 AccTime:11.225742
#IT Ite:53 KerTime:0.222781 AccTime:11.448523
#IT Ite:54 KerTime:0.218577 AccTime:11.667100
#IT Ite:55 KerTime:0.219549 AccTime:11.886649
#IT Ite:56 KerTime:0.213511 AccTime:12.100160
#IT Ite:57 KerTime:0.190197 AccTime:12.290357
#IT Ite:58 KerTime:0.193509 AccTime:12.483866
#IT Ite:59 KerTime:0.211668 AccTime:12.695534
#IT Ite:60 KerTime:0.194598 AccTime:12.890132
#IT Ite:61 KerTime:0.195604 AccTime:13.085736
#IT Ite:62 KerTime:0.201685 AccTime:13.287421
#IT Ite:63 KerTime:0.205369 AccTime:13.492790
#IT Ite:64 KerTime:0.215912 AccTime:13.708702
#IT Ite:65 KerTime:0.194694 AccTime:13.903396
#IT Ite:66 KerTime:0.179929 AccTime:14.083325
#IT Ite:67 KerTime:0.203526 AccTime:14.286851
#IT Ite:68 KerTime:0.213850 AccTime:14.500701
#IT Ite:69 KerTime:0.194977 AccTime:14.695678
#IT Ite:70 KerTime:0.188439 AccTime:14.884117
#IT Ite:71 KerTime:0.200479 AccTime:15.084596
#IT Ite:72 KerTime:0.211446 AccTime:15.296042
#IT Ite:73 KerTime:0.206471 AccTime:15.502513
#IT Ite:74 KerTime:0.224172 AccTime:15.726685
#IT Ite:75 KerTime:0.197509 AccTime:15.924194
#IT Ite:76 KerTime:0.221997 AccTime:16.146191
#IT Ite:77 KerTime:0.221516 AccTime:16.367707
#IT Ite:78 KerTime:0.211709 AccTime:16.579416
#IT Ite:79 KerTime:0.181051 AccTime:16.760467
#IT Ite:80 KerTime:0.199468 AccTime:16.959935
#IT Ite:81 KerTime:0.194906 AccTime:17.154841
#IT Ite:82 KerTime:0.211956 AccTime:17.366797
#IT Ite:83 KerTime:0.206569 AccTime:17.573366
#IT Ite:84 KerTime:0.217221 AccTime:17.790587
#IT Ite:85 KerTime:0.181435 AccTime:17.972022
#IT Ite:86 KerTime:0.199864 AccTime:18.171886
#IT Ite:87 KerTime:0.195123 AccTime:18.367009
#IT Ite:88 KerTime:0.229587 AccTime:18.596596
#IT Ite:89 KerTime:0.214416 AccTime:18.811012
#IT Ite:90 KerTime:0.214039 AccTime:19.025051
#IT Ite:91 KerTime:0.207498 AccTime:19.232549
#IT Ite:92 KerTime:0.218873 AccTime:19.451422
#IT Ite:93 KerTime:0.210811 AccTime:19.662233
#IT Ite:94 KerTime:0.191980 AccTime:19.854213
#IT Ite:95 KerTime:0.209562 AccTime:20.063775
#IT Ite:96 KerTime:0.192749 AccTime:20.256524
#IT Ite:97 KerTime:0.218686 AccTime:20.475210
#IT Ite:98 KerTime:0.197924 AccTime:20.673134
#IT Ite:99 KerTime:0.213718 AccTime:20.886852
#IT Ite:100 KerTime:0.193965 AccTime:21.080817
#IT Ite:101 KerTime:0.195468 AccTime:21.276285
#IT Ite:102 KerTime:0.218982 AccTime:21.495267
#IT Ite:103 KerTime:0.222409 AccTime:21.717676
#IT Ite:104 KerTime:0.233226 AccTime:21.950902
#IT Ite:105 KerTime:0.228313 AccTime:22.179215
#IT Ite:106 KerTime:0.210034 AccTime:22.389249
#IT Ite:107 KerTime:0.193648 AccTime:22.582897
#IT Ite:108 KerTime:0.212097 AccTime:22.794994
#IT Ite:109 KerTime:0.196059 AccTime:22.991053
#IT Ite:110 KerTime:0.199164 AccTime:23.190217
#IT Ite:111 KerTime:0.195487 AccTime:23.385704
#IT Ite:112 KerTime:0.207158 AccTime:23.592862
#IT Ite:113 KerTime:0.220121 AccTime:23.812983
#IT Ite:114 KerTime:0.217977 AccTime:24.030960
#IT Ite:115 KerTime:0.192671 AccTime:24.223631
#IT Ite:116 KerTime:0.188295 AccTime:24.411926
#IT Ite:117 KerTime:0.205904 AccTime:24.617830
#IT Ite:118 KerTime:0.220483 AccTime:24.838313
#IT Ite:119 KerTime:0.190233 AccTime:25.028546
#IT Ite:120 KerTime:0.208165 AccTime:25.236711
#IT Ite:121 KerTime:0.215031 AccTime:25.451742
#IT Ite:122 KerTime:0.205521 AccTime:25.657263
#IT Ite:123 KerTime:0.220820 AccTime:25.878083
#IT Ite:124 KerTime:0.190544 AccTime:26.068627
#IT Ite:125 KerTime:0.206119 AccTime:26.274746
#IT Ite:126 KerTime:0.216566 AccTime:26.491312
#IT Ite:127 KerTime:0.207113 AccTime:26.698425
#IT Ite:128 KerTime:0.219429 AccTime:26.917854
#IT Ite:129 KerTime:0.194773 AccTime:27.112627
#IT Ite:130 KerTime:0.211156 AccTime:27.323783
#IT Ite:131 KerTime:0.215889 AccTime:27.539672
#IT Ite:132 KerTime:0.210052 AccTime:27.749724
#IT Ite:133 KerTime:0.206104 AccTime:27.955828
#IT Ite:134 KerTime:0.213505 AccTime:28.169333
#IT Ite:135 KerTime:0.195169 AccTime:28.364502
#IT Ite:136 KerTime:0.192910 AccTime:28.557412
#IT Ite:137 KerTime:0.195303 AccTime:28.752715
#IT Ite:138 KerTime:0.201581 AccTime:28.954296
#IT Ite:139 KerTime:0.205409 AccTime:29.159705
#IT Ite:140 KerTime:0.203908 AccTime:29.363613
#IT Ite:141 KerTime:0.208842 AccTime:29.572455
#IT Ite:142 KerTime:0.197447 AccTime:29.769902
#IT Ite:143 KerTime:0.217576 AccTime:29.987478
#IT Ite:144 KerTime:0.195209 AccTime:30.182687
#IT Ite:145 KerTime:0.205079 AccTime:30.387766
#IT Ite:146 KerTime:0.215610 AccTime:30.603376
#IT Ite:147 KerTime:0.214981 AccTime:30.818357
#IT Ite:148 KerTime:0.214400 AccTime:31.032757
#IT Ite:149 KerTime:0.205337 AccTime:31.238094
#IT Ite:150 KerTime:0.215115 AccTime:31.453209
#IT Ite:151 KerTime:0.217677 AccTime:31.670886
#IT Ite:152 KerTime:0.213816 AccTime:31.884702
#IT Ite:153 KerTime:0.211633 AccTime:32.096335
#IT Ite:154 KerTime:0.193075 AccTime:32.289410
#IT Ite:155 KerTime:0.192636 AccTime:32.482046
#IT Ite:156 KerTime:0.198083 AccTime:32.680129
#IT Ite:157 KerTime:0.210562 AccTime:32.890691
#IT Ite:158 KerTime:0.218229 AccTime:33.108920
#IT Ite:159 KerTime:0.211465 AccTime:33.320385
#IT Ite:160 KerTime:0.187850 AccTime:33.508235
#IT Ite:161 KerTime:0.205507 AccTime:33.713742
#IT Ite:162 KerTime:0.216611 AccTime:33.930353
#IT Ite:163 KerTime:0.193231 AccTime:34.123584
#IT Ite:164 KerTime:0.194172 AccTime:34.317756
#IT Ite:165 KerTime:0.210610 AccTime:34.528366
#IT Ite:166 KerTime:0.193816 AccTime:34.722182
#IT Ite:167 KerTime:0.206151 AccTime:34.928333
#IT Ite:168 KerTime:0.216380 AccTime:35.144713
#IT Ite:169 KerTime:0.193027 AccTime:35.337740
#IT Ite:170 KerTime:0.181498 AccTime:35.519238
#IT Ite:171 KerTime:0.197142 AccTime:35.716380
#IT Ite:172 KerTime:0.211295 AccTime:35.927675
#IT Ite:173 KerTime:0.199413 AccTime:36.127088
#IT Ite:174 KerTime:0.197250 AccTime:36.324338
#IT Ite:175 KerTime:0.225315 AccTime:36.549653
#IT Ite:176 KerTime:0.215362 AccTime:36.765015
#IT Ite:177 KerTime:0.195268 AccTime:36.960283
#IT Ite:178 KerTime:0.191648 AccTime:37.151931
#IT Ite:179 KerTime:0.192853 AccTime:37.344784
#IT Ite:180 KerTime:0.206461 AccTime:37.551245
#IT Ite:181 KerTime:0.220573 AccTime:37.771818
#IT Ite:182 KerTime:0.223899 AccTime:37.995717
#IT Ite:183 KerTime:0.212142 AccTime:38.207859
#IT Ite:184 KerTime:0.195481 AccTime:38.403340
#IT Ite:185 KerTime:0.212027 AccTime:38.615367
#IT Ite:186 KerTime:0.205966 AccTime:38.821333
#IT Ite:187 KerTime:0.217236 AccTime:39.038569
#IT Ite:188 KerTime:0.194661 AccTime:39.233230
#IT Ite:189 KerTime:0.188673 AccTime:39.421903
#IT Ite:190 KerTime:0.220583 AccTime:39.642486
#IT Ite:191 KerTime:0.189865 AccTime:39.832351
#IT Ite:192 KerTime:0.192669 AccTime:40.025020
#IT Ite:193 KerTime:0.192835 AccTime:40.217855
#IT Ite:194 KerTime:0.214841 AccTime:40.432696
#IT Ite:195 KerTime:0.197137 AccTime:40.629833
#IT Ite:196 KerTime:0.213633 AccTime:40.843466
#IT Ite:197 KerTime:0.197201 AccTime:41.040667
#IT Ite:198 KerTime:0.202632 AccTime:41.243299
#IT Ite:199 KerTime:0.201079 AccTime:41.444378
#IT Ite:200 KerTime:0.194669 AccTime:41.639047
#IT Ite:201 KerTime:0.213231 AccTime:41.852278
#IT Ite:202 KerTime:0.194887 AccTime:42.047165
#IT Ite:203 KerTime:0.196636 AccTime:42.243801
#IT Ite:204 KerTime:0.213267 AccTime:42.457068
#IT Ite:205 KerTime:0.194827 AccTime:42.651895
#IT Ite:206 KerTime:0.206598 AccTime:42.858493
#IT Ite:207 KerTime:0.211865 AccTime:43.070358
#IT Ite:208 KerTime:0.209988 AccTime:43.280346
#IT Ite:209 KerTime:0.188768 AccTime:43.469114
#IT Ite:210 KerTime:0.192867 AccTime:43.661981
#IT Ite:211 KerTime:0.193797 AccTime:43.855778
#IT Ite:212 KerTime:0.212261 AccTime:44.068039
#IT Ite:213 KerTime:0.192694 AccTime:44.260733
#IT Ite:214 KerTime:0.204357 AccTime:44.465090
#IT Ite:215 KerTime:0.211671 AccTime:44.676761
#IT Ite:216 KerTime:0.197583 AccTime:44.874344
#IT Ite:217 KerTime:0.197230 AccTime:45.071574
#IT Ite:218 KerTime:0.213349 AccTime:45.284923
#IT Ite:219 KerTime:0.206448 AccTime:45.491371
#IT Ite:220 KerTime:0.215545 AccTime:45.706916
#IT Ite:221 KerTime:0.194267 AccTime:45.901183
#IT Ite:222 KerTime:0.194826 AccTime:46.096009
#IT Ite:223 KerTime:0.200751 AccTime:46.296760
#IT Ite:224 KerTime:0.213197 AccTime:46.509957
#IT Ite:225 KerTime:0.195525 AccTime:46.705482
#IT Ite:226 KerTime:0.211493 AccTime:46.916975
#IT Ite:227 KerTime:0.193201 AccTime:47.110176
#IT Ite:228 KerTime:0.194929 AccTime:47.305105
#IT Ite:229 KerTime:0.201290 AccTime:47.506395
#IT Ite:230 KerTime:0.223785 AccTime:47.730180
#IT Ite:231 KerTime:0.217294 AccTime:47.947474
#IT Ite:232 KerTime:0.207470 AccTime:48.154944
#IT Ite:233 KerTime:0.209464 AccTime:48.364408
#IT Ite:234 KerTime:0.198281 AccTime:48.562689
#IT Ite:235 KerTime:0.188665 AccTime:48.751354
#IT Ite:236 KerTime:0.199890 AccTime:48.951244
#IT Ite:237 KerTime:0.197428 AccTime:49.148672
#IT Ite:238 KerTime:0.197726 AccTime:49.346398
#IT Ite:239 KerTime:0.209288 AccTime:49.555686
#IT Ite:240 KerTime:0.187663 AccTime:49.743349
#IT Ite:241 KerTime:0.194774 AccTime:49.938123
#IT Ite:242 KerTime:0.212662 AccTime:50.150785
#IT Ite:243 KerTime:0.194677 AccTime:50.345462
#IT Ite:244 KerTime:0.214615 AccTime:50.560077
#IT Ite:245 KerTime:0.212939 AccTime:50.773016
#IT Ite:246 KerTime:0.213423 AccTime:50.986439
#IT Ite:247 KerTime:0.212288 AccTime:51.198727
#IT Ite:248 KerTime:0.216260 AccTime:51.414987
#IT Ite:249 KerTime:0.196456 AccTime:51.611443
#IT Ite:250 KerTime:0.207170 AccTime:51.818613
#IT Ite:251 KerTime:0.202243 AccTime:52.020856
#IT Ite:252 KerTime:0.195146 AccTime:52.216002
#IT Ite:253 KerTime:0.211615 AccTime:52.427617
#IT Ite:254 KerTime:0.206695 AccTime:52.634312
#IT Ite:255 KerTime:0.216621 AccTime:52.850933
#IT Ite:256 KerTime:0.193164 AccTime:53.044097
#IT Ite:257 KerTime:0.207016 AccTime:53.251113
#IT Ite:258 KerTime:0.220225 AccTime:53.471338
#IT Ite:259 KerTime:0.216966 AccTime:53.688304
#IT Ite:260 KerTime:0.207275 AccTime:53.895579
#IT Ite:261 KerTime:0.206036 AccTime:54.101615
#IT Ite:262 KerTime:0.223863 AccTime:54.325478
#IT Ite:263 KerTime:0.200230 AccTime:54.525708
#IT Ite:264 KerTime:0.221701 AccTime:54.747409
#IT Ite:265 KerTime:0.213918 AccTime:54.961327
#IT Ite:266 KerTime:0.226369 AccTime:55.187696
#IT Ite:267 KerTime:0.225052 AccTime:55.412748
#IT Ite:268 KerTime:0.206852 AccTime:55.619600
#IT Ite:269 KerTime:0.221617 AccTime:55.841217
#IT Ite:270 KerTime:0.209830 AccTime:56.051047
#IT Ite:271 KerTime:0.197244 AccTime:56.248291
#IT Ite:272 KerTime:0.224334 AccTime:56.472625
#IT Ite:273 KerTime:0.229242 AccTime:56.701867
#IT Ite:274 KerTime:0.200560 AccTime:56.902427
#IT Ite:275 KerTime:0.219057 AccTime:57.121484
#IT Ite:276 KerTime:0.194552 AccTime:57.316036
#IT Ite:277 KerTime:0.201541 AccTime:57.517577
#IT Ite:278 KerTime:0.206801 AccTime:57.724378
#IT Ite:279 KerTime:0.216027 AccTime:57.940405
#IT Ite:280 KerTime:0.206971 AccTime:58.147376
#IT Ite:281 KerTime:0.216001 AccTime:58.363377
#IT Ite:282 KerTime:0.195768 AccTime:58.559145
#IT Ite:283 KerTime:0.213496 AccTime:58.772641
#IT Ite:284 KerTime:0.195398 AccTime:58.968039
#IT Ite:285 KerTime:0.179651 AccTime:59.147690
#IT Ite:286 KerTime:0.196140 AccTime:59.343830
#IT Ite:287 KerTime:0.213235 AccTime:59.557065
#IT Ite:288 KerTime:0.195253 AccTime:59.752318
#IT Ite:289 KerTime:0.196552 AccTime:59.948870
#IT Ite:290 KerTime:0.213282 AccTime:60.162152
#IT Ite:291 KerTime:0.193987 AccTime:60.356139
#IT Ite:292 KerTime:0.205838 AccTime:60.561977
#IT Ite:293 KerTime:0.211921 AccTime:60.773898
#IT Ite:294 KerTime:0.200979 AccTime:60.974877
#IT Ite:295 KerTime:0.205590 AccTime:61.180467
#IT Ite:296 KerTime:0.215400 AccTime:61.395867
#IT Ite:297 KerTime:0.198711 AccTime:61.594578
#IT Ite:298 KerTime:0.196154 AccTime:61.790732
#IT Ite:299 KerTime:0.181569 AccTime:61.972301
#IT Ite:300 KerTime:0.195482 AccTime:62.167783
#IT Ite:301 KerTime:0.221082 AccTime:62.388865
#IT Ite:302 KerTime:0.213272 AccTime:62.602137
#IT Ite:303 KerTime:0.226438 AccTime:62.828575
#IT Ite:304 KerTime:0.214123 AccTime:63.042698
#IT Ite:305 KerTime:0.212607 AccTime:63.255305
#IT Ite:306 KerTime:0.193335 AccTime:63.448640
#ERR p: [35, 252], r: -6.4570166660670989e+33, e: -6.4570163565820890e+33
#SDC Ite:306 KerTime:0.193335 AccTime:63.448640 KerErr:1 AccErr:1
#IT Ite:307 KerTime:0.205299 AccTime:63.653939
#IT Ite:308 KerTime:0.201364 AccTime:63.855303
#IT Ite:309 KerTime:0.198330 AccTime:64.053633
#IT Ite:310 KerTime:0.200987 AccTime:64.254620
#IT Ite:311 KerTime:0.205305 AccTime:64.459925
#IT Ite:312 KerTime:0.211384 AccTime:64.671309
#IT Ite:313 KerTime:0.200931 AccTime:64.872240
#IT Ite:314 KerTime:0.208242 AccTime:65.080482
#IT Ite:315 KerTime:0.222039 AccTime:65.302521
#IT Ite:316 KerTime:0.199513 AccTime:65.502034
#IT Ite:317 KerTime:0.216147 AccTime:65.718181
#IT Ite:318 KerTime:0.197784 AccTime:65.915965
#IT Ite:319 KerTime:0.208869 AccTime:66.124834
#IT Ite:320 KerTime:0.194890 AccTime:66.319724
#IT Ite:321 KerTime:0.203734 AccTime:66.523458
#IT Ite:322 KerTime:0.203738 AccTime:66.727196
#IT Ite:323 KerTime:0.193855 AccTime:66.921051
#IT Ite:324 KerTime:0.197357 AccTime:67.118408
#IT Ite:325 KerTime:0.193217 AccTime:67.311625
#IT Ite:326 KerTime:0.206780 AccTime:67.518405
#IT Ite:327 KerTime:0.198975 AccTime:67.717380
#IT Ite:328 KerTime:0.195282 AccTime:67.912662
#IT Ite:329 KerTime:0.206898 AccTime:68.119560
#IT Ite:330 KerTime:0.215547 AccTime:68.335107
#IT Ite:331 KerTime:0.195258 AccTime:68.530365
#IT Ite:332 KerTime:0.193243 AccTime:68.723608
#IT Ite:333 KerTime:0.195239 AccTime:68.918847
#IT Ite:334 KerTime:0.201422 AccTime:69.120269
#IT Ite:335 KerTime:0.205549 AccTime:69.325818
#IT Ite:336 KerTime:0.216294 AccTime:69.542112
#IT Ite:337 KerTime:0.194711 AccTime:69.736823
#IT Ite:338 KerTime:0.194817 AccTime:69.931640
#IT Ite:339 KerTime:0.202081 AccTime:70.133721
#IT Ite:340 KerTime:0.210118 AccTime:70.343839
#IT Ite:341 KerTime:0.192365 AccTime:70.536204
#IT Ite:342 KerTime:0.205943 AccTime:70.742147
#IT Ite:343 KerTime:0.215694 AccTime:70.957841
#IT Ite:344 KerTime:0.199222 AccTime:71.157063
#ERR p: [360, 322], r: 6.3290648576881004e+32, e: 6.2783588336789828e+32
#ERR p: [377, 346], r: 2.4698871280200893e+34, e: 2.4701406581401349e+34
#SDC Ite:344 KerTime:0.199222 AccTime:71.157063 KerErr:2 AccErr:3
#IT Ite:345 KerTime:0.234723 AccTime:71.391786
#IT Ite:346 KerTime:0.232650 AccTime:71.624436
#IT Ite:347 KerTime:0.211008 AccTime:71.835444
#IT Ite:348 KerTime:0.211675 AccTime:72.047119
#IT Ite:349 KerTime:0.192767 AccTime:72.239886
#IT Ite:350 KerTime:0.191928 AccTime:72.431814
#IT Ite:351 KerTime:0.194933 AccTime:72.626747
#IT Ite:352 KerTime:0.201394 AccTime:72.828141
#IT Ite:353 KerTime:0.204782 AccTime:73.032923
#IT Ite:354 KerTime:0.215904 AccTime:73.248827
#IT Ite:355 KerTime:0.194876 AccTime:73.443703
#IT Ite:356 KerTime:0.195420 AccTime:73.639123
#IT Ite:357 KerTime:0.220957 AccTime:73.860080
#IT Ite:358 KerTime:0.178965 AccTime:74.039045
#IT Ite:359 KerTime:0.198676 AccTime:74.237721
#IT Ite:360 KerTime:0.194551 AccTime:74.432272
#IT Ite:361 KerTime:0.206383 AccTime:74.638655
#IT Ite:362 KerTime:0.221022 AccTime:74.859677
#IT Ite:363 KerTime:0.213895 AccTime:75.073572
#IT Ite:364 KerTime:0.212545 AccTime:75.286117
#IT Ite:365 KerTime:0.206183 AccTime:75.492300
#IT Ite:366 KerTime:0.223692 AccTime:75.715992
#IT Ite:367 KerTime:0.225349 AccTime:75.941341
#IT Ite:368 KerTime:0.227490 AccTime:76.168831
#IT Ite:369 KerTime:0.189646 AccTime:76.358477
#IT Ite:370 KerTime:0.198131 AccTime:76.556608
#IT Ite:371 KerTime:0.220825 AccTime:76.777433
#IT Ite:372 KerTime:0.209747 AccTime:76.987180
#IT Ite:373 KerTime:0.193846 AccTime:77.181026
#IT Ite:374 KerTime:0.207200 AccTime:77.388226
#IT Ite:375 KerTime:0.216140 AccTime:77.604366
#IT Ite:376 KerTime:0.196985 AccTime:77.801351
#IT Ite:377 KerTime:0.199197 AccTime:78.000548
#IT Ite:378 KerTime:0.192186 AccTime:78.192734
#IT Ite:379 KerTime:0.192484 AccTime:78.385218
#IT Ite:380 KerTime:0.194010 AccTime:78.579228
#IT Ite:381 KerTime:0.209222 AccTime:78.788450
#IT Ite:382 KerTime:0.212217 AccTime:79.000667
#IT Ite:383 KerTime:0.194659 AccTime:79.195326
#IT Ite:384 KerTime:0.192356 AccTime:79.387682
#IT Ite:385 KerTime:0.212485 AccTime:79.600167
#IT Ite:386 KerTime:0.214560 AccTime:79.814727
#IT Ite:387 KerTime:0.220977 AccTime:80.035704
#IT Ite:388 KerTime:0.215412 AccTime:80.251116
#IT Ite:389 KerTime:0.211920 AccTime:80.463036
#IT Ite:390 KerTime:0.195200 AccTime:80.658236
#IT Ite:391 KerTime:0.201343 AccTime:80.859579
#IT Ite:392 KerTime:0.209534 AccTime:81.069113
#IT Ite:393 KerTime:0.192856 AccTime:81.261969
#IT Ite:394 KerTime:0.197752 AccTime:81.459721
#IT Ite:395 KerTime:0.198326 AccTime:81.658047
#IT Ite:396 KerTime:0.195255 AccTime:81.853302
#IT Ite:397 KerTime:0.192723 AccTime:82.046025
#IT Ite:398 KerTime:0.186779 AccTime:82.232804
#IT Ite:399 KerTime:0.195133 AccTime:82.427937
#IT Ite:400 KerTime:0.180143 AccTime:82.608080
#IT Ite:401 KerTime:0.188633 AccTime:82.796713
#IT Ite:402 KerTime:0.212361 AccTime:83.009074
#IT Ite:403 KerTime:0.187904 AccTime:83.196978
#IT Ite:404 KerTime:0.196082 AccTime:83.393060
#IT Ite:405 KerTime:0.210973 AccTime:83.604033
#IT Ite:406 KerTime:0.207806 AccTime:83.811839
#IT Ite:407 KerTime:0.216078 AccTime:84.027917
#IT Ite:408 KerTime:0.198611 AccTime:84.226528
#IT Ite:409 KerTime:0.214708 AccTime:84.441236
#IT Ite:410 KerTime:0.210803 AccTime:84.652039
#IT Ite:411 KerTime:0.206135 AccTime:84.858174
#IT Ite:412 KerTime:0.233717 AccTime:85.091891
#IT Ite:413 KerTime:0.220743 AccTime:85.312634
#IT Ite:414 KerTime:0.197473 AccTime:85.510107
#IT Ite:415 KerTime:0.201138 AccTime:85.711245
#IT Ite:416 KerTime:0.208833 AccTime:85.920078
#IT Ite:417 KerTime:0.192769 AccTime:86.112847
#IT Ite:418 KerTime:0.196647 AccTime:86.309494
#IT Ite:419 KerTime:0.200789 AccTime:86.510283
#IT Ite:420 KerTime:0.209882 AccTime:86.720165
#IT Ite:421 KerTime:0.206724 AccTime:86.926889
#IT Ite:422 KerTime:0.203751 AccTime:87.130640
#IT Ite:423 KerTime:0.209046 AccTime:87.339686
#IT Ite:424 KerTime:0.200966 AccTime:87.540652
#IT Ite:425 KerTime:0.213865 AccTime:87.754517
#IT Ite:426 KerTime:0.212916 AccTime:87.967433
#IT Ite:427 KerTime:0.194962 AccTime:88.162395
#IT Ite:428 KerTime:0.192838 AccTime:88.355233
#IT Ite:429 KerTime:0.191043 AccTime:88.546276
#IT Ite:430 KerTime:0.213525 AccTime:88.759801
#IT Ite:431 KerTime:0.195258 AccTime:88.955059
#IT Ite:432 KerTime:0.192605 AccTime:89.147664
#IT Ite:433 KerTime:0.205913 AccTime:89.353577
#IT Ite:434 KerTime:0.221386 AccTime:89.574963
#IT Ite:435 KerTime:0.194642 AccTime:89.769605
#IT Ite:436 KerTime:0.201587 AccTime:89.971192
#IT Ite:437 KerTime:0.209719 AccTime:90.180911
#IT Ite:438 KerTime:0.192729 AccTime:90.373640
#IT Ite:439 KerTime:0.197071 AccTime:90.570711
#IT Ite:440 KerTime:0.199542 AccTime:90.770253
#IT Ite:441 KerTime:0.198330 AccTime:90.968583
#IT Ite:442 KerTime:0.211802 AccTime:91.180385
#IT Ite:443 KerTime:0.198922 AccTime:91.379307
#IT Ite:444 KerTime:0.198134 AccTime:91.577441
#IT Ite:445 KerTime:0.208259 AccTime:91.785700
#IT Ite:446 KerTime:0.222122 AccTime:92.007822
#IT Ite:447 KerTime:0.194226 AccTime:92.202048
#IT Ite:448 KerTime:0.220958 AccTime:92.423006
#IT Ite:449 KerTime:0.221632 AccTime:92.644638
#IT Ite:450 KerTime:0.217785 AccTime:92.862423
#IT Ite:451 KerTime:0.212004 AccTime:93.074427
#IT Ite:452 KerTime:0.211933 AccTime:93.286360
#IT Ite:453 KerTime:0.196947 AccTime:93.483307
#IT Ite:454 KerTime:0.213480 AccTime:93.696787
#IT Ite:455 KerTime:0.200052 AccTime:93.896839
#IT Ite:456 KerTime:0.212868 AccTime:94.109707
#IT Ite:457 KerTime:0.197764 AccTime:94.307471
#IT Ite:458 KerTime:0.208518 AccTime:94.515989
#IT Ite:459 KerTime:0.206470 AccTime:94.722459
#IT Ite:460 KerTime:0.217842 AccTime:94.940301
#IT Ite:461 KerTime:0.213186 AccTime:95.153487
#IT Ite:462 KerTime:0.222166 AccTime:95.375653
#IT Ite:463 KerTime:0.205784 AccTime:95.581437
#IT Ite:464 KerTime:0.209510 AccTime:95.790947
#IT Ite:465 KerTime:0.203628 AccTime:95.994575
#IT Ite:466 KerTime:0.190766 AccTime:96.185341
#IT Ite:467 KerTime:0.192898 AccTime:96.378239
#IT Ite:468 KerTime:0.211286 AccTime:96.589525
#IT Ite:469 KerTime:0.180164 AccTime:96.769689
#IT Ite:470 KerTime:0.206359 AccTime:96.976048
#IT Ite:471 KerTime:0.198225 AccTime:97.174273
#IT Ite:472 KerTime:0.198010 AccTime:97.372283
#IT Ite:473 KerTime:0.180010 AccTime:97.552293
#IT Ite:474 KerTime:0.207386 AccTime:97.759679
#IT Ite:475 KerTime:0.180263 AccTime:97.939942
#IT Ite:476 KerTime:0.207289 AccTime:98.147231
#IT Ite:477 KerTime:0.216888 AccTime:98.364119
#IT Ite:478 KerTime:0.198782 AccTime:98.562901
#IT Ite:479 KerTime:0.204165 AccTime:98.767066
#IT Ite:480 KerTime:0.211674 AccTime:98.978740
#IT Ite:481 KerTime:0.208213 AccTime:99.186953
#IT Ite:482 KerTime:0.231474 AccTime:99.418427
#IT Ite:483 KerTime:0.209914 AccTime:99.628341
#IT Ite:484 KerTime:0.226444 AccTime:99.854785
#IT Ite:485 KerTime:0.213526 AccTime:100.068311
#IT Ite:486 KerTime:0.220211 AccTime:100.288522
#IT Ite:487 KerTime:0.207943 AccTime:100.496465
#IT Ite:488 KerTime:0.212540 AccTime:100.709005
#IT Ite:489 KerTime:0.210664 AccTime:100.919669
#IT Ite:490 KerTime:0.196674 AccTime:101.116343
#IT Ite:491 KerTime:0.215282 AccTime:101.331625
#IT Ite:492 KerTime:0.196037 AccTime:101.527662
#IT Ite:493 KerTime:0.198446 AccTime:101.726108
#IT Ite:494 KerTime:0.212166 AccTime:101.938274
#IT Ite:495 KerTime:0.199052 AccTime:102.137326
#IT Ite:496 KerTime:0.196544 AccTime:102.333870
#IT Ite:497 KerTime:0.201690 AccTime:102.535560
#IT Ite:498 KerTime:0.217653 AccTime:102.753213
#IT Ite:499 KerTime:0.230307 AccTime:102.983520
#IT Ite:500 KerTime:0.215056 AccTime:103.198576
#IT Ite:501 KerTime:0.204072 AccTime:103.402648
#IT Ite:502 KerTime:0.188281 AccTime:103.590929
#IT Ite:503 KerTime:0.196191 AccTime:103.787120
#IT Ite:504 KerTime:0.197537 AccTime:103.984657
#IT Ite:505 KerTime:0.213211 AccTime:104.197868
#IT Ite:506 KerTime:0.217111 AccTime:104.414979
#IT Ite:507 KerTime:0.194799 AccTime:104.609778
#IT Ite:508 KerTime:0.202458 AccTime:104.812236
#IT Ite:509 KerTime:0.218625 AccTime:105.030861
#IT Ite:510 KerTime:0.218287 AccTime:105.249148
#IT Ite:511 KerTime:0.198081 AccTime:105.447229
#IT Ite:512 KerTime:0.210883 AccTime:105.658112
#IT Ite:513 KerTime:0.225763 AccTime:105.883875
#IT Ite:514 KerTime:0.196884 AccTime:106.080759
#IT Ite:515 KerTime:0.215711 AccTime:106.296470
#IT Ite:516 KerTime:0.214850 AccTime:106.511320
#IT Ite:517 KerTime:0.205443 AccTime:106.716763
#IT Ite:518 KerTime:0.230284 AccTime:106.947047
#IT Ite:519 KerTime:0.201008 AccTime:107.148055
#IT Ite:520 KerTime:0.192048 AccTime:107.340103
#IT Ite:521 KerTime:0.191427 AccTime:107.531530
#IT Ite:522 KerTime:0.223893 AccTime:107.755423
#IT Ite:523 KerTime:0.197250 AccTime:107.952673
#IT Ite:524 KerTime:0.208474 AccTime:108.161147
#IT Ite:525 KerTime:0.215946 AccTime:108.377093
#IT Ite:526 KerTime:0.212771 AccTime:108.589864
#IT Ite:527 KerTime:0.213719 AccTime:108.803583
#IT Ite:528 KerTime:0.180425 AccTime:108.984008
#IT Ite:529 KerTime:0.187255 AccTime:109.171263
#IT Ite:530 KerTime:0.211905 AccTime:109.383168
#IT Ite:531 KerTime:0.206940 AccTime:109.590108
#IT Ite:532 KerTime:0.226460 AccTime:109.816568
#IT Ite:533 KerTime:0.180574 AccTime:109.997142
#IT Ite:534 KerTime:0.221667 AccTime:110.218809
#IT Ite:535 KerTime:0.228936 AccTime:110.447745
#IT Ite:536 KerTime:0.201130 AccTime:110.648875
#IT Ite:537 KerTime:0.178497 AccTime:110.827372
#IT Ite:538 KerTime:0.198351 AccTime:111.025723
#IT Ite:539 KerTime:0.225926 AccTime:111.251649
#IT Ite:540 KerTime:0.200181 AccTime:111.451830
#IT Ite:541 KerTime:0.207264 AccTime:111.659094
#IT Ite:542 KerTime:0.222948 AccTime:111.882042
#IT Ite:543 KerTime:0.205662 AccTime:112.087704
#IT Ite:544 KerTime:0.216674 AccTime:112.304378
#IT Ite:545 KerTime:0.204075 AccTime:112.508453
#IT Ite:546 KerTime:0.196923 AccTime:112.705376
#IT Ite:547 KerTime:0.212266 AccTime:112.917642
#IT Ite:548 KerTime:0.192950 AccTime:113.110592
#IT Ite:549 KerTime:0.212276 AccTime:113.322868
#IT Ite:550 KerTime:0.211804 AccTime:113.534672
#IT Ite:551 KerTime:0.188465 AccTime:113.723137
#IT Ite:552 KerTime:0.205497 AccTime:113.928634
#IT Ite:553 KerTime:0.213301 AccTime:114.141935
#IT Ite:554 KerTime:0.205825 AccTime:114.347760
#IT Ite:555 KerTime:0.216630 AccTime:114.564390
#IT Ite:556 KerTime:0.193700 AccTime:114.758090
#IT Ite:557 KerTime:0.206509 AccTime:114.964599
#IT Ite:558 KerTime:0.221159 AccTime:115.185758
#IT Ite:559 KerTime:0.190137 AccTime:115.375895
#IT Ite:560 KerTime:0.192066 AccTime:115.567961
#IT Ite:561 KerTime:0.213156 AccTime:115.781117
#IT Ite:562 KerTime:0.225486 AccTime:116.006603
#IT Ite:563 KerTime:0.224148 AccTime:116.230751
#IT Ite:564 KerTime:0.193646 AccTime:116.424397
#IT Ite:565 KerTime:0.200979 AccTime:116.625376
#IT Ite:566 KerTime:0.210114 AccTime:116.835490
#IT Ite:567 KerTime:0.206852 AccTime:117.042342
#IT Ite:568 KerTime:0.227558 AccTime:117.269900
#IT Ite:569 KerTime:0.198026 AccTime:117.467926
#IT Ite:570 KerTime:0.198513 AccTime:117.666439
#IT Ite:571 KerTime:0.187467 AccTime:117.853906
#IT Ite:572 KerTime:0.197544 AccTime:118.051450
#IT Ite:573 KerTime:0.201996 AccTime:118.253446
#IT Ite:574 KerTime:0.194345 AccTime:118.447791
#IT Ite:575 KerTime:0.200059 AccTime:118.647850
#IT Ite:576 KerTime:0.197417 AccTime:118.845267
#IT Ite:577 KerTime:0.188262 AccTime:119.033529
#IT Ite:578 KerTime:0.198397 AccTime:119.231926
#IT Ite:579 KerTime:0.179151 AccTime:119.411077
#IT Ite:580 KerTime:0.187665 AccTime:119.598742
#IT Ite:581 KerTime:0.198968 AccTime:119.797710
#IT Ite:582 KerTime:0.196950 AccTime:119.994660
#IT Ite:583 KerTime:0.212265 AccTime:120.206925
#IT Ite:584 KerTime:0.207303 AccTime:120.414228
#IT Ite:585 KerTime:0.224880 AccTime:120.639108
#IT Ite:586 KerTime:0.198234 AccTime:120.837342
#IT Ite:587 KerTime:0.195306 AccTime:121.032648
#IT Ite:588 KerTime:0.212504 AccTime:121.245152
#IT Ite:589 KerTime:0.192361 AccTime:121.437513
#IT Ite:590 KerTime:0.194565 AccTime:121.632078
#IT Ite:591 KerTime:0.198227 AccTime:121.830305
#IT Ite:592 KerTime:0.207080 AccTime:122.037385
#IT Ite:593 KerTime:0.220850 AccTime:122.258235
#IT Ite:594 KerTime:0.208217 AccTime:122.466452
#IT Ite:595 KerTime:0.214692 AccTime:122.681144
#IT Ite:596 KerTime:0.209927 AccTime:122.891071
#IT Ite:597 KerTime:0.206924 AccTime:123.097995
#IT Ite:598 KerTime:0.218326 AccTime:123.316321
#IT Ite:599 KerTime:0.204630 AccTime:123.520951
#IT Ite:600 KerTime:0.214525 AccTime:123.735476
#IT Ite:601 KerTime:0.195378 AccTime:123.930854
#IT Ite:602 KerTime:0.193054 AccTime:124.123908
#IT Ite:603 KerTime:0.191885 AccTime:124.315793
#IT Ite:604 KerTime:0.154528 AccTime:124.470321
#IT Ite:605 KerTime:0.184389 AccTime:124.654710
#IT Ite:606 KerTime:0.207179 AccTime:124.861889
#IT Ite:607 KerTime:0.212285 AccTime:125.074174
#IT Ite:608 KerTime:0.206709 AccTime:125.280883
#IT Ite:609 KerTime:0.216697 AccTime:125.497580
#IT Ite:610 KerTime:0.194688 AccTime:125.692268
#IT Ite:611 KerTime:0.192421 AccTime:125.884689
#IT Ite:612 KerTime:0.206485 AccTime:126.091174
#IT Ite:613 KerTime:0.223485 AccTime:126.314659
#IT Ite:614 KerTime:0.194328 AccTime:126.508987
#IT Ite:615 KerTime:0.201489 AccTime:126.710476
#IT Ite:616 KerTime:0.204956 AccTime:126.915432
#IT Ite:617 KerTime:0.211398 AccTime:127.126830
#IT Ite:618 KerTime:0.216024 AccTime:127.342854
#IT Ite:619 KerTime:0.225471 AccTime:127.568325
#IT Ite:620 KerTime:0.205299 AccTime:127.773624
#IT Ite:621 KerTime:0.211572 AccTime:127.985196
#IT Ite:622 KerTime:0.214096 AccTime:128.199292
#IT Ite:623 KerTime:0.197229 AccTime:128.396521
#IT Ite:624 KerTime:0.208754 AccTime:128.605275
#IT Ite:625 KerTime:0.201410 AccTime:128.806685
#IT Ite:626 KerTime:0.221323 AccTime:129.028008
#IT Ite:627 KerTime:0.223725 AccTime:129.251733
#IT Ite:628 KerTime:0.213957 AccTime:129.465690
#IT Ite:629 KerTime:0.219858 AccTime:129.685548
#IT Ite:630 KerTime:0.210410 AccTime:129.895958
#IT Ite:631 KerTime:0.189171 AccTime:130.085129
#IT Ite:632 KerTime:0.194214 AccTime:130.279343
#IT Ite:633 KerTime:0.206204 AccTime:130.485547
#IT Ite:634 KerTime:0.219912 AccTime:130.705459
#IT Ite:635 KerTime:0.195581 AccTime:130.901040
#IT Ite:636 KerTime:0.199630 AccTime:131.100670
#IT Ite:637 KerTime:0.196855 AccTime:131.297525
#IT Ite:638 KerTime:0.194613 AccTime:131.492138
#IT Ite:639 KerTime:0.188804 AccTime:131.680942
#IT Ite:640 KerTime:0.209953 AccTime:131.890895
#IT Ite:641 KerTime:0.192571 AccTime:132.083466
#IT Ite:642 KerTime:0.200324 AccTime:132.283790
#IT Ite:643 KerTime:0.213614 AccTime:132.497404
#IT Ite:644 KerTime:0.214000 AccTime:132.711404
#IT Ite:645 KerTime:0.195008 AccTime:132.906412
#IT Ite:646 KerTime:0.198594 AccTime:133.105006
#IT Ite:647 KerTime:0.198800 AccTime:133.303806
#IT Ite:648 KerTime:0.208975 AccTime:133.512781
#IT Ite:649 KerTime:0.223853 AccTime:133.736634
#IT Ite:650 KerTime:0.200292 AccTime:133.936926
#ERR p: [126, 50], r: 4.3016322649623705e+33, e: 4.1393729881331560e+33
#SDC Ite:650 KerTime:0.200292 AccTime:133.936926 KerErr:1 AccErr:4
#IT Ite:651 KerTime:0.220188 AccTime:134.157114
#IT Ite:652 KerTime:0.208746 AccTime:134.365860
#IT Ite:653 KerTime:0.197321 AccTime:134.563181
#IT Ite:654 KerTime:0.198510 AccTime:134.761691
#IT Ite:655 KerTime:0.195221 AccTime:134.956912
#IT Ite:656 KerTime:0.210433 AccTime:135.167345
#IT Ite:657 KerTime:0.193031 AccTime:135.360376
#IT Ite:658 KerTime:0.195760 AccTime:135.556136
#IT Ite:659 KerTime:0.198532 AccTime:135.754668
#IT Ite:660 KerTime:0.203426 AccTime:135.958094
#IT Ite:661 KerTime:0.189816 AccTime:136.147910
#IT Ite:662 KerTime:0.195269 AccTime:136.343179
#IT Ite:663 KerTime:0.230398 AccTime:136.573577
#IT Ite:664 KerTime:0.219291 AccTime:136.792868
#IT Ite:665 KerTime:0.210588 AccTime:137.003456
#IT Ite:666 KerTime:0.193687 AccTime:137.197143
#IT Ite:667 KerTime:0.195797 AccTime:137.392940
#IT Ite:668 KerTime:0.200710 AccTime:137.593650
#IT Ite:669 KerTime:0.195453 AccTime:137.789103
#IT Ite:670 KerTime:0.192643 AccTime:137.981746
#IT Ite:671 KerTime:0.205493 AccTime:138.187239
#IT Ite:672 KerTime:0.215757 AccTime:138.402996
#IT Ite:673 KerTime:0.208660 AccTime:138.611656
#IT Ite:674 KerTime:0.195307 AccTime:138.806963
#IT Ite:675 KerTime:0.192910 AccTime:138.999873
#IT Ite:676 KerTime:0.195045 AccTime:139.194918
#IT Ite:677 KerTime:0.222173 AccTime:139.417091
#IT Ite:678 KerTime:0.209240 AccTime:139.626331
#IT Ite:679 KerTime:0.216600 AccTime:139.842931
#IT Ite:680 KerTime:0.219197 AccTime:140.062128
#IT Ite:681 KerTime:0.193687 AccTime:140.255815
#IT Ite:682 KerTime:0.198547 AccTime:140.454362
#IT Ite:683 KerTime:0.197032 AccTime:140.651394
#IT Ite:684 KerTime:0.192801 AccTime:140.844195
#IT Ite:685 KerTime:0.212470 AccTime:141.056665
#IT Ite:686 KerTime:0.199939 AccTime:141.256604
#IT Ite:687 KerTime:0.199849 AccTime:141.456453
#IT Ite:688 KerTime:0.226569 AccTime:141.683022
#IT Ite:689 KerTime:0.204260 AccTime:141.887282
#IT Ite:690 KerTime:0.218571 AccTime:142.105853
#IT Ite:691 KerTime:0.193151 AccTime:142.299004
#IT Ite:692 KerTime:0.206936 AccTime:142.505940
#IT Ite:693 KerTime:0.222003 AccTime:142.727943
#IT Ite:694 KerTime:0.193462 AccTime:142.921405
#IT Ite:695 KerTime:0.211658 AccTime:143.133063
#IT Ite:696 KerTime:0.206245 AccTime:143.339308
#IT Ite:697 KerTime:0.209711 AccTime:143.549019
#IT Ite:698 KerTime:0.211107 AccTime:143.760126
#IT Ite:699 KerTime:0.192973 AccTime:143.953099
#IT Ite:700 KerTime:0.214238 AccTime:144.167337
#IT Ite:701 KerTime:0.197372 AccTime:144.364709
#ERR p: [861, 988], r: 1.6149447805984902e+33, e: 1.6149249735578616e+33
#SDC Ite:701 KerTime:0.197372 AccTime:144.364709 KerErr:1 AccErr:5
#IT Ite:702 KerTime:0.239725 AccTime:144.604434
#IT Ite:703 KerTime:0.211260 AccTime:144.815694
#IT Ite:704 KerTime:0.220421 AccTime:145.036115
#IT Ite:705 KerTime:0.220519 AccTime:145.256634
#IT Ite:706 KerTime:0.198599 AccTime:145.455233
#IT Ite:707 KerTime:0.197955 AccTime:145.653188
#IT Ite:708 KerTime:0.194328 AccTime:145.847516
#IT Ite:709 KerTime:0.193719 AccTime:146.041235
#IT Ite:710 KerTime:0.206938 AccTime:146.248173
#IT Ite:711 KerTime:0.211270 AccTime:146.459443
#IT Ite:712 KerTime:0.201463 AccTime:146.660906
#IT Ite:713 KerTime:0.196801 AccTime:146.857707
#IT Ite:714 KerTime:0.200128 AccTime:147.057835
#IT Ite:715 KerTime:0.205664 AccTime:147.263499
#IT Ite:716 KerTime:0.213685 AccTime:147.477184
#IT Ite:717 KerTime:0.193093 AccTime:147.670277
#IT Ite:718 KerTime:0.202163 AccTime:147.872440
#IT Ite:719 KerTime:0.211943 AccTime:148.084383
#IT Ite:720 KerTime:0.206334 AccTime:148.290717
#IT Ite:721 KerTime:0.211337 AccTime:148.502054
#IT Ite:722 KerTime:0.197709 AccTime:148.699763
#IT Ite:723 KerTime:0.205967 AccTime:148.905730
#IT Ite:724 KerTime:0.201066 AccTime:149.106796
#IT Ite:725 KerTime:0.217737 AccTime:149.324533
#IT Ite:726 KerTime:0.210150 AccTime:149.534683
#IT Ite:727 KerTime:0.197298 AccTime:149.731981
#IT Ite:728 KerTime:0.224108 AccTime:149.956089
#IT Ite:729 KerTime:0.216546 AccTime:150.172635
#IT Ite:730 KerTime:0.235194 AccTime:150.407829
#IT Ite:731 KerTime:0.217325 AccTime:150.625154
#IT Ite:732 KerTime:0.196377 AccTime:150.821531
#IT Ite:733 KerTime:0.214513 AccTime:151.036044
#IT Ite:734 KerTime:0.189020 AccTime:151.225064
#IT Ite:735 KerTime:0.214694 AccTime:151.439758
#IT Ite:736 KerTime:0.211487 AccTime:151.651245
#IT Ite:737 KerTime:0.193914 AccTime:151.845159
#IT Ite:738 KerTime:0.179758 AccTime:152.024917
#IT Ite:739 KerTime:0.193951 AccTime:152.218868
#IT Ite:740 KerTime:0.201366 AccTime:152.420234
#IT Ite:741 KerTime:0.230454 AccTime:152.650688
#IT Ite:742 KerTime:0.197963 AccTime:152.848651
#IT Ite:743 KerTime:0.195948 AccTime:153.044599
#IT Ite:744 KerTime:0.211797 AccTime:153.256396
#IT Ite:745 KerTime:0.216550 AccTime:153.472946
#IT Ite:746 KerTime:0.225201 AccTime:153.698147
#IT Ite:747 KerTime:0.211961 AccTime:153.910108
#IT Ite:748 KerTime:0.226920 AccTime:154.137028
#IT Ite:749 KerTime:0.198842 AccTime:154.335870
#IT Ite:750 KerTime:0.199169 AccTime:154.535039
#IT Ite:751 KerTime:0.230913 AccTime:154.765952
#IT Ite:752 KerTime:0.236195 AccTime:155.002147
#IT Ite:753 KerTime:0.210429 AccTime:155.212576
#IT Ite:754 KerTime:0.209309 AccTime:155.421885
#IT Ite:755 KerTime:0.198063 AccTime:155.619948
#IT Ite:756 KerTime:0.198452 AccTime:155.818400
#IT Ite:757 KerTime:0.219537 AccTime:156.037937
#IT Ite:758 KerTime:0.213498 AccTime:156.251435
#IT Ite:759 KerTime:0.198041 AccTime:156.449476
#IT Ite:760 KerTime:0.224534 AccTime:156.674010
#IT Ite:761 KerTime:0.211204 AccTime:156.885214
#IT Ite:762 KerTime:0.215135 AccTime:157.100349
#IT Ite:763 KerTime:0.215999 AccTime:157.316348
#IT Ite:764 KerTime:0.226945 AccTime:157.543293
#IT Ite:765 KerTime:0.225922 AccTime:157.769215
#IT Ite:766 KerTime:0.227169 AccTime:157.996384
#IT Ite:767 KerTime:0.227666 AccTime:158.224050
#IT Ite:768 KerTime:0.226031 AccTime:158.450081
#IT Ite:769 KerTime:0.208894 AccTime:158.658975
#IT Ite:770 KerTime:0.203545 AccTime:158.862520
#IT Ite:771 KerTime:0.206602 AccTime:159.069122
#IT Ite:772 KerTime:0.213485 AccTime:159.282607
#IT Ite:773 KerTime:0.207543 AccTime:159.490150
#IT Ite:774 KerTime:0.216359 AccTime:159.706509
#IT Ite:775 KerTime:0.194257 AccTime:159.900766
#IT Ite:776 KerTime:0.194662 AccTime:160.095428
#IT Ite:777 KerTime:0.201981 AccTime:160.297409
#IT Ite:778 KerTime:0.199880 AccTime:160.497289
#IT Ite:779 KerTime:0.213217 AccTime:160.710506
#IT Ite:780 KerTime:0.207190 AccTime:160.917696
#IT Ite:781 KerTime:0.215059 AccTime:161.132755
#IT Ite:782 KerTime:0.192797 AccTime:161.325552
#IT Ite:783 KerTime:0.224964 AccTime:161.550516
#IT Ite:784 KerTime:0.195332 AccTime:161.745848
#IT Ite:785 KerTime:0.188000 AccTime:161.933848
#IT Ite:786 KerTime:0.197655 AccTime:162.131503
#IT Ite:787 KerTime:0.208442 AccTime:162.339945
#IT Ite:788 KerTime:0.216672 AccTime:162.556617
#IT Ite:789 KerTime:0.216158 AccTime:162.772775
#IT Ite:790 KerTime:0.195136 AccTime:162.967911
#IT Ite:791 KerTime:0.188636 AccTime:163.156547
#IT Ite:792 KerTime:0.215404 AccTime:163.371951
#IT Ite:793 KerTime:0.221712 AccTime:163.593663
#IT Ite:794 KerTime:0.223836 AccTime:163.817499
#IT Ite:795 KerTime:0.199045 AccTime:164.016544
#IT Ite:796 KerTime:0.216742 AccTime:164.233286
#IT Ite:797 KerTime:0.214653 AccTime:164.447939
#IT Ite:798 KerTime:0.194478 AccTime:164.642417
#IT Ite:799 KerTime:0.198769 AccTime:164.841186
#IT Ite:800 KerTime:0.196830 AccTime:165.038016
#IT Ite:801 KerTime:0.208756 AccTime:165.246772
#IT Ite:802 KerTime:0.198309 AccTime:165.445081
#IT Ite:803 KerTime:0.198990 AccTime:165.644071
#IT Ite:804 KerTime:0.208325 AccTime:165.852396
#IT Ite:805 KerTime:0.213507 AccTime:166.065903
#IT Ite:806 KerTime:0.213764 AccTime:166.279667
#IT Ite:807 KerTime:0.227752 AccTime:166.507419
#IT Ite:808 KerTime:0.214572 AccTime:166.721991
#IT Ite:809 KerTime:0.225195 AccTime:166.947186
#IT Ite:810 KerTime:0.209512 AccTime:167.156698
#IT Ite:811 KerTime:0.214469 AccTime:167.371167
#IT Ite:812 KerTime:0.199495 AccTime:167.570662
#IT Ite:813 KerTime:0.199227 AccTime:167.769889
#IT Ite:814 KerTime:0.225875 AccTime:167.995764
#IT Ite:815 KerTime:0.205155 AccTime:168.200919
#IT Ite:816 KerTime:0.228904 AccTime:168.429823
#IT Ite:817 KerTime:0.219495 AccTime:168.649318
#IT Ite:818 KerTime:0.227998 AccTime:168.877316
#IT Ite:819 KerTime:0.213967 AccTime:169.091283
#IT Ite:820 KerTime:0.199074 AccTime:169.290357
#IT Ite:821 KerTime:0.218851 AccTime:169.509208
#IT Ite:822 KerTime:0.211609 AccTime:169.720817
#IT Ite:823 KerTime:0.207873 AccTime:169.928690
#IT Ite:824 KerTime:0.224136 AccTime:170.152826
#IT Ite:825 KerTime:0.210721 AccTime:170.363547
#IT Ite:826 KerTime:0.221421 AccTime:170.584968
#IT Ite:827 KerTime:0.195664 AccTime:170.780632
#IT Ite:828 KerTime:0.206072 AccTime:170.986704
#IT Ite:829 KerTime:0.193885 AccTime:171.180589
#IT Ite:830 KerTime:0.195259 AccTime:171.375848
#IT Ite:831 KerTime:0.191955 AccTime:171.567803
#IT Ite:832 KerTime:0.206403 AccTime:171.774206
#IT Ite:833 KerTime:0.224184 AccTime:171.998390
#IT Ite:834 KerTime:0.184948 AccTime:172.183338
#IT Ite:835 KerTime:0.191291 AccTime:172.374629
#IT Ite:836 KerTime:0.225617 AccTime:172.600246
#IT Ite:837 KerTime:0.195850 AccTime:172.796096
#IT Ite:838 KerTime:0.201444 AccTime:172.997540
#IT Ite:839 KerTime:0.209095 AccTime:173.206635
#IT Ite:840 KerTime:0.212713 AccTime:173.419348
#IT Ite:841 KerTime:0.192490 AccTime:173.611838
#IT Ite:842 KerTime:0.211295 AccTime:173.823133
#IT Ite:843 KerTime:0.206515 AccTime:174.029648
#IT Ite:844 KerTime:0.213787 AccTime:174.243435
#IT Ite:845 KerTime:0.215182 AccTime:174.458617
#IT Ite:846 KerTime:0.206429 AccTime:174.665046
#IT Ite:847 KerTime:0.218569 AccTime:174.883615
#IT Ite:848 KerTime:0.194704 AccTime:175.078319
#IT Ite:849 KerTime:0.211944 AccTime:175.290263
#IT Ite:850 KerTime:0.197866 AccTime:175.488129
#IT Ite:851 KerTime:0.200088 AccTime:175.688217
#IT Ite:852 KerTime:0.210000 AccTime:175.898217
#IT Ite:853 KerTime:0.195412 AccTime:176.093629
#IT Ite:854 KerTime:0.213834 AccTime:176.307463
#IT Ite:855 KerTime:0.195068 AccTime:176.502531
#IT Ite:856 KerTime:0.205262 AccTime:176.707793
#IT Ite:857 KerTime:0.220196 AccTime:176.927989
#IT Ite:858 KerTime:0.179564 AccTime:177.107553
#IT Ite:859 KerTime:0.196597 AccTime:177.304150
#IT Ite:860 KerTime:0.225469 AccTime:177.529619
#IT Ite:861 KerTime:0.227630 AccTime:177.757249
#IT Ite:862 KerTime:0.208331 AccTime:177.965580
#IT Ite:863 KerTime:0.196728 AccTime:178.162308
#IT Ite:864 KerTime:0.199384 AccTime:178.361692
#IT Ite:865 KerTime:0.195855 AccTime:178.557547
#IT Ite:866 KerTime:0.197838 AccTime:178.755385
#IT Ite:867 KerTime:0.188281 AccTime:178.943666
#IT Ite:868 KerTime:0.211298 AccTime:179.154964
#IT Ite:869 KerTime:0.214216 AccTime:179.369180
#IT Ite:870 KerTime:0.189955 AccTime:179.559135
#IT Ite:871 KerTime:0.201515 AccTime:179.760650
#IT Ite:872 KerTime:0.178456 AccTime:179.939106
#IT Ite:873 KerTime:0.205717 AccTime:180.144823
#IT Ite:874 KerTime:0.192259 AccTime:180.337082
#IT Ite:875 KerTime:0.212046 AccTime:180.549128
#IT Ite:876 KerTime:0.188627 AccTime:180.737755
#IT Ite:877 KerTime:0.194346 AccTime:180.932101
#IT Ite:878 KerTime:0.204460 AccTime:181.136561
#IT Ite:879 KerTime:0.198149 AccTime:181.334710
#IT Ite:880 KerTime:0.205996 AccTime:181.540706
#IT Ite:881 KerTime:0.209640 AccTime:181.750346
#IT Ite:882 KerTime:0.213289 AccTime:181.963635
#IT Ite:883 KerTime:0.194884 AccTime:182.158519
#IT Ite:884 KerTime:0.192448 AccTime:182.350967
#IT Ite:885 KerTime:0.196095 AccTime:182.547062
#IT Ite:886 KerTime:0.198627 AccTime:182.745689
#IT Ite:887 KerTime:0.195142 AccTime:182.940831
#IT Ite:888 KerTime:0.193337 AccTime:183.134168
#IT Ite:889 KerTime:0.212245 AccTime:183.346413
#IT Ite:890 KerTime:0.210543 AccTime:183.556956
#IT Ite:891 KerTime:0.212727 AccTime:183.769683
#IT Ite:892 KerTime:0.195815 AccTime:183.965498
#IT Ite:893 KerTime:0.215102 AccTime:184.180600
#IT Ite:894 KerTime:0.212863 AccTime:184.393463
#IT Ite:895 KerTime:0.194774 AccTime:184.588237
#IT Ite:896 KerTime:0.210638 AccTime:184.798875
#IT Ite:897 KerTime:0.193843 AccTime:184.992718
#IT Ite:898 KerTime:0.188586 AccTime:185.181304
#IT Ite:899 KerTime:0.194672 AccTime:185.375976
#IT Ite:900 KerTime:0.214597 AccTime:185.590573
#IT Ite:901 KerTime:0.205407 AccTime:185.795980
#IT Ite:902 KerTime:0.216664 AccTime:186.012644
#IT Ite:903 KerTime:0.213406 AccTime:186.226050
#IT Ite:904 KerTime:0.205534 AccTime:186.431584
#IT Ite:905 KerTime:0.218519 AccTime:186.650103
#IT Ite:906 KerTime:0.193809 AccTime:186.843912
#IT Ite:907 KerTime:0.206073 AccTime:187.049985
#IT Ite:908 KerTime:0.223336 AccTime:187.273321
#IT Ite:909 KerTime:0.210944 AccTime:187.484265
#IT Ite:910 KerTime:0.206281 AccTime:187.690546
#IT Ite:911 KerTime:0.212074 AccTime:187.902620
#IT Ite:912 KerTime:0.213706 AccTime:188.116326
#IT Ite:913 KerTime:0.201616 AccTime:188.317942
#IT Ite:914 KerTime:0.203291 AccTime:188.521233
#IT Ite:915 KerTime:0.195853 AccTime:188.717086
#IT Ite:916 KerTime:0.192950 AccTime:188.910036
#IT Ite:917 KerTime:0.206466 AccTime:189.116502
#IT Ite:918 KerTime:0.217959 AccTime:189.334461
#IT Ite:919 KerTime:0.206512 AccTime:189.540973
#IT Ite:920 KerTime:0.214323 AccTime:189.755296
#IT Ite:921 KerTime:0.198705 AccTime:189.954001
#IT Ite:922 KerTime:0.198821 AccTime:190.152822
#IT Ite:923 KerTime:0.195068 AccTime:190.347890
#IT Ite:924 KerTime:0.192564 AccTime:190.540454
#IT Ite:925 KerTime:0.192711 AccTime:190.733165
#IT Ite:926 KerTime:0.205763 AccTime:190.938928
#IT Ite:927 KerTime:0.228560 AccTime:191.167488
#IT Ite:928 KerTime:0.213941 AccTime:191.381429
#IT Ite:929 KerTime:0.192026 AccTime:191.573455
#IT Ite:930 KerTime:0.214072 AccTime:191.787527
#IT Ite:931 KerTime:0.196033 AccTime:191.983560
#IT Ite:932 KerTime:0.197606 AccTime:192.181166
#IT Ite:933 KerTime:0.208783 AccTime:192.389949
#IT Ite:934 KerTime:0.200329 AccTime:192.590278
#IT Ite:935 KerTime:0.204628 AccTime:192.794906
#IT Ite:936 KerTime:0.214013 AccTime:193.008919
#IT Ite:937 KerTime:0.195110 AccTime:193.204029
#IT Ite:938 KerTime:0.192210 AccTime:193.396239
#IT Ite:939 KerTime:0.192279 AccTime:193.588518
#IT Ite:940 KerTime:0.195482 AccTime:193.784000
#IT Ite:941 KerTime:0.200378 AccTime:193.984378
#ERR p: [808, 94], r: -7.7005270567875336e+33, e: -7.7005171532672193e+33
#SDC Ite:941 KerTime:0.200378 AccTime:193.984378 KerErr:1 AccErr:6
#IT Ite:942 KerTime:0.225692 AccTime:194.210070
#IT Ite:943 KerTime:0.243115 AccTime:194.453185
#IT Ite:944 KerTime:0.212570 AccTime:194.665755
#IT Ite:945 KerTime:0.188630 AccTime:194.854385
#IT Ite:946 KerTime:0.194712 AccTime:195.049097
#IT Ite:947 KerTime:0.195233 AccTime:195.244330
#IT Ite:948 KerTime:0.201259 AccTime:195.445589
#IT Ite:949 KerTime:0.227758 AccTime:195.673347
#IT Ite:950 KerTime:0.215564 AccTime:195.888911
#IT Ite:951 KerTime:0.194387 AccTime:196.083298
#IT Ite:952 KerTime:0.206282 AccTime:196.289580
#IT Ite:953 KerTime:0.221031 AccTime:196.510611
#IT Ite:954 KerTime:0.187513 AccTime:196.698124
#IT Ite:955 KerTime:0.202567 AccTime:196.900691
#IT Ite:956 KerTime:0.201094 AccTime:197.101785
#IT Ite:957 KerTime:0.205480 AccTime:197.307265
#IT Ite:958 KerTime:0.215530 AccTime:197.522795
#IT Ite:959 KerTime:0.195415 AccTime:197.718210
#IT Ite:960 KerTime:0.193682 AccTime:197.911892
#IT Ite:961 KerTime:0.205445 AccTime:198.117337
#IT Ite:962 KerTime:0.217001 AccTime:198.334338
#IT Ite:963 KerTime:0.198295 AccTime:198.532633
#IT Ite:964 KerTime:0.211121 AccTime:198.743754
#IT Ite:965 KerTime:0.208508 AccTime:198.952262
#IT Ite:966 KerTime:0.205814 AccTime:199.158076
#IT Ite:967 KerTime:0.221350 AccTime:199.379426
#IT Ite:968 KerTime:0.209819 AccTime:199.589245
#IT Ite:969 KerTime:0.201205 AccTime:199.790450
#IT Ite:970 KerTime:0.211010 AccTime:200.001460
#IT Ite:971 KerTime:0.211833 AccTime:200.213293
#IT Ite:972 KerTime:0.192423 AccTime:200.405716
#IT Ite:973 KerTime:0.197383 AccTime:200.603099
#IT Ite:974 KerTime:0.187970 AccTime:200.791069
#IT Ite:975 KerTime:0.196532 AccTime:200.987601
#IT Ite:976 KerTime:0.198538 AccTime:201.186139
#IT Ite:977 KerTime:0.196388 AccTime:201.382527
#IT Ite:978 KerTime:0.194919 AccTime:201.577446
#IT Ite:979 KerTime:0.213271 AccTime:201.790717
#IT Ite:980 KerTime:0.205905 AccTime:201.996622
#IT Ite:981 KerTime:0.218583 AccTime:202.215205
#IT Ite:982 KerTime:0.179342 AccTime:202.394547
#IT Ite:983 KerTime:0.206361 AccTime:202.600908
#ERR p: [750, 864], r: -2.2507344910152610e+34, e: -2.2237645151374240e+34
#ERR p: [750, 865], r: 2.8184283424137768e+34, e: 2.8276298756239871e+34
#ERR p: [750, 872], r: 5.5383888797200352e+33, e: 5.2676416980185941e+33
#ERR p: [750, 873], r: 5.2017045301825204e+33, e: 5.1458165782474684e+33
#ERR p: [750, 880], r: -1.2696018771881502e+34, e: -1.2757867519899694e+34
#ERR p: [750, 881], r: 2.2313257590183707e+33, e: 2.1980157989562446e+33
#ERR p: [750, 888], r: 6.6841347613092431e+33, e: 6.5177367061610996e+33
#ERR p: [750, 889], r: -5.6900906871143720e+33, e: -5.5289095235774797e+33
#SDC Ite:983 KerTime:0.206361 AccTime:202.600908 KerErr:8 AccErr:14
#IT Ite:984 KerTime:0.220345 AccTime:202.821253
#IT Ite:985 KerTime:0.228446 AccTime:203.049699
#IT Ite:986 KerTime:0.208274 AccTime:203.257973
#IT Ite:987 KerTime:0.227764 AccTime:203.485737
#IT Ite:988 KerTime:0.217470 AccTime:203.703207
#IT Ite:989 KerTime:0.198324 AccTime:203.901531
#IT Ite:990 KerTime:0.199359 AccTime:204.100890
#IT Ite:991 KerTime:0.194322 AccTime:204.295212
#IT Ite:992 KerTime:0.180542 AccTime:204.475754
#IT Ite:993 KerTime:0.188860 AccTime:204.664614
#IT Ite:994 KerTime:0.204116 AccTime:204.868730
#IT Ite:995 KerTime:0.210325 AccTime:205.079055
#IT Ite:996 KerTime:0.197634 AccTime:205.276689
#IT Ite:997 KerTime:0.197612 AccTime:205.474301
#IT Ite:998 KerTime:0.214147 AccTime:205.688448
#IT Ite:999 KerTime:0.197202 AccTime:205.885650
#IT Ite:1000 KerTime:0.199197 AccTime:206.084847
#IT Ite:1001 KerTime:0.216981 AccTime:206.301828
#IT Ite:1002 KerTime:0.208636 AccTime:206.510464
#IT Ite:1003 KerTime:0.214628 AccTime:206.725092
#IT Ite:1004 KerTime:0.198873 AccTime:206.923965
#IT Ite:1005 KerTime:0.187325 AccTime:207.111290
#IT Ite:1006 KerTime:0.210880 AccTime:207.322170
#IT Ite:1007 KerTime:0.215434 AccTime:207.537604
#IT Ite:1008 KerTime:0.202835 AccTime:207.740439
#IT Ite:1009 KerTime:0.217241 AccTime:207.957680
#IT Ite:1010 KerTime:0.200177 AccTime:208.157857
#IT Ite:1011 KerTime:0.196854 AccTime:208.354711
#IT Ite:1012 KerTime:0.199738 AccTime:208.554449
#IT Ite:1013 KerTime:0.217534 AccTime:208.771983
#IT Ite:1014 KerTime:0.209045 AccTime:208.981028
#IT Ite:1015 KerTime:0.201430 AccTime:209.182458
#IT Ite:1016 KerTime:0.208513 AccTime:209.390971
#IT Ite:1017 KerTime:0.216239 AccTime:209.607210
#IT Ite:1018 KerTime:0.222298 AccTime:209.829508
#IT Ite:1019 KerTime:0.199478 AccTime:210.028986
#IT Ite:1020 KerTime:0.226933 AccTime:210.255919
#IT Ite:1021 KerTime:0.201643 AccTime:210.457562
#IT Ite:1022 KerTime:0.196031 AccTime:210.653593
#IT Ite:1023 KerTime:0.200542 AccTime:210.854135
#IT Ite:1024 KerTime:0.217309 AccTime:211.071444
#IT Ite:1025 KerTime:0.214059 AccTime:211.285503
#IT Ite:1026 KerTime:0.209284 AccTime:211.494787
#IT Ite:1027 KerTime:0.224263 AccTime:211.719050
#IT Ite:1028 KerTime:0.222172 AccTime:211.941222
#IT Ite:1029 KerTime:0.211905 AccTime:212.153127
#IT Ite:1030 KerTime:0.198028 AccTime:212.351155
#IT Ite:1031 KerTime:0.198105 AccTime:212.549260
#IT Ite:1032 KerTime:0.218826 AccTime:212.768086
#IT Ite:1033 KerTime:0.217973 AccTime:212.986059
#IT Ite:1034 KerTime:0.216038 AccTime:213.202097
#IT Ite:1035 KerTime:0.212427 AccTime:213.414524
#IT Ite:1036 KerTime:0.213902 AccTime:213.628426
#IT Ite:1037 KerTime:0.199287 AccTime:213.827713
#IT Ite:1038 KerTime:0.223472 AccTime:214.051185
#IT Ite:1039 KerTime:0.220884 AccTime:214.272069
#IT Ite:1040 KerTime:0.198297 AccTime:214.470366
#IT Ite:1041 KerTime:0.205664 AccTime:214.676030
#IT Ite:1042 KerTime:0.221796 AccTime:214.897826
#IT Ite:1043 KerTime:0.188454 AccTime:215.086280
#IT Ite:1044 KerTime:0.186208 AccTime:215.272488
#IT Ite:1045 KerTime:0.207932 AccTime:215.480420
#IT Ite:1046 KerTime:0.209748 AccTime:215.690168
#IT Ite:1047 KerTime:0.217538 AccTime:215.907706
#IT Ite:1048 KerTime:0.209851 AccTime:216.117557
#IT Ite:1049 KerTime:0.196774 AccTime:216.314331
#IT Ite:1050 KerTime:0.179143 AccTime:216.493474
#IT Ite:1051 KerTime:0.180555 AccTime:216.674029
#IT Ite:1052 KerTime:0.198781 AccTime:216.872810
#IT Ite:1053 KerTime:0.197752 AccTime:217.070562
#IT Ite:1054 KerTime:0.202585 AccTime:217.273147
#IT Ite:1055 KerTime:0.209255 AccTime:217.482402
#IT Ite:1056 KerTime:0.213766 AccTime:217.696168
#IT Ite:1057 KerTime:0.216782 AccTime:217.912950
#IT Ite:1058 KerTime:0.197939 AccTime:218.110889
#IT Ite:1059 KerTime:0.200321 AccTime:218.311210
#IT Ite:1060 KerTime:0.208750 AccTime:218.519960
#IT Ite:1061 KerTime:0.208489 AccTime:218.728449
#IT Ite:1062 KerTime:0.226310 AccTime:218.954759
#IT Ite:1063 KerTime:0.223308 AccTime:219.178067
#IT Ite:1064 KerTime:0.225515 AccTime:219.403582
#IT Ite:1065 KerTime:0.223646 AccTime:219.627228
#IT Ite:1066 KerTime:0.193318 AccTime:219.820546
#IT Ite:1067 KerTime:0.198191 AccTime:220.018737
#IT Ite:1068 KerTime:0.211075 AccTime:220.229812
#IT Ite:1069 KerTime:0.204634 AccTime:220.434446
#IT Ite:1070 KerTime:0.218485 AccTime:220.652931
#IT Ite:1071 KerTime:0.198598 AccTime:220.851529
#IT Ite:1072 KerTime:0.199344 AccTime:221.050873
#IT Ite:1073 KerTime:0.214142 AccTime:221.265015
#IT Ite:1074 KerTime:0.225214 AccTime:221.490229
#IT Ite:1075 KerTime:0.216234 AccTime:221.706463
#IT Ite:1076 KerTime:0.199850 AccTime:221.906313
#IT Ite:1077 KerTime:0.187814 AccTime:222.094127
#IT Ite:1078 KerTime:0.211715 AccTime:222.305842
#IT Ite:1079 KerTime:0.198133 AccTime:222.503975
#IT Ite:1080 KerTime:0.208702 AccTime:222.712677
#IT Ite:1081 KerTime:0.215872 AccTime:222.928549
#IT Ite:1082 KerTime:0.203514 AccTime:223.132063
#IT Ite:1083 KerTime:0.203488 AccTime:223.335551
#IT Ite:1084 KerTime:0.211692 AccTime:223.547243
#IT Ite:1085 KerTime:0.217062 AccTime:223.764305
#IT Ite:1086 KerTime:0.201514 AccTime:223.965819
#IT Ite:1087 KerTime:0.212449 AccTime:224.178268
#IT Ite:1088 KerTime:0.193776 AccTime:224.372044
#IT Ite:1089 KerTime:0.197347 AccTime:224.569391
#IT Ite:1090 KerTime:0.221097 AccTime:224.790488
#IT Ite:1091 KerTime:0.224388 AccTime:225.014876
#IT Ite:1092 KerTime:0.219112 AccTime:225.233988
#IT Ite:1093 KerTime:0.213944 AccTime:225.447932
#IT Ite:1094 KerTime:0.218998 AccTime:225.666930
#IT Ite:1095 KerTime:0.212512 AccTime:225.879442
#IT Ite:1096 KerTime:0.224310 AccTime:226.103752
#IT Ite:1097 KerTime:0.227202 AccTime:226.330954
#IT Ite:1098 KerTime:0.196076 AccTime:226.527030
#IT Ite:1099 KerTime:0.212760 AccTime:226.739790
                                                                                                                                                                                                                                                                                                                                                                                                                                                                                                                                                                                                                                                                                                                                                                                                                                                                                                                                                                                                                                                                                                                                                                                                                                                                                                                                                                                                                                                                                                                                                                                                                                                                                                                                                                                                                                                                                                                                                                                                                                                                                                                                                                                                                                                                                                                                                                                                                                                                                                                                                                                                                                                                                                                                                                                                                                                                                                                                                                                                                                                                                                                                                                                                                                                                                                                                                                                                                                                                                                                                                                                                                                                                                                                                                