#HEADER matrix_dim:4096 threads:228 block_size:32 block_offset:12
#BEGIN Y:2016 M:12 D:13 Time:08:07:38
#IT Ite:0 KerTime:14.828090 AccTime:14.828090
#IT Ite:1 KerTime:13.245087 AccTime:28.073177
#IT Ite:2 KerTime:14.600467 AccTime:42.673644
#IT Ite:3 KerTime:14.474419 AccTime:57.148063
#IT Ite:4 KerTime:13.251982 AccTime:70.400045
#IT Ite:5 KerTime:13.234653 AccTime:83.634698
#IT Ite:6 KerTime:13.238571 AccTime:96.873269
#IT Ite:7 KerTime:13.258988 AccTime:110.132257
#IT Ite:8 KerTime:13.250347 AccTime:123.382604
#IT Ite:9 KerTime:13.230909 AccTime:136.613513
#IT Ite:10 KerTime:13.266004 AccTime:149.879517
#IT Ite:11 KerTime:13.236376 AccTime:163.115893
#IT Ite:12 KerTime:13.240307 AccTime:176.356200
#IT Ite:13 KerTime:13.287565 AccTime:189.643765
#IT Ite:14 KerTime:13.248950 AccTime:202.892715
#IT Ite:15 KerTime:13.243138 AccTime:216.135853
#IT Ite:16 KerTime:13.242220 AccTime:229.378073
#IT Ite:17 KerTime:13.298133 AccTime:242.676206
#ERR  p: [4084, 2886], r: 7.1424377455134510e+34, e: 7.0775340347817656e+34
#SDC Ite:17 KerTime:13.298133 AccTime:242.676206 KerErr:1 AccErr:1
#IT Ite:18 KerTime:13.234647 AccTime:255.910853
#IT Ite:19 KerTime:13.290953 AccTime:269.201806
#IT Ite:20 KerTime:13.231562 AccTime:282.433368
