#HEADER matrix_dim:4096 threads:228 block_size:32 block_offset:12
#BEGIN Y:2016 M:12 D:12 Time:09:41:46
#IT Ite:0 KerTime:13.702755 AccTime:13.702755
#ERR  p: [2544, 1247], r: 6.6143294979989430e+34, e: 6.4159329695947705e+34
#ERR  p: [2545, 1247], r: -1.4700077829274361e+34, e: -1.5954110315034244e+34
#ERR  p: [2546, 1247], r: 2.9086357481998795e+34, e: 2.7866852203975690e+34
#ERR  p: [2547, 1247], r: -1.3971076047648607e+34, e: -1.2327468665836829e+34
#ERR  p: [2548, 1247], r: 8.8739426877431182e+33, e: 8.7694480368248046e+33
#ERR  p: [2549, 1247], r: -9.1027053005565942e+34, e: -9.3315457013054362e+34
#ERR  p: [2550, 1247], r: -3.9735990183330236e+34, e: -4.0495648866965822e+34
#ERR  p: [2551, 1247], r: 9.2117167273701410e+34, e: 9.6690756336569273e+34
#SDC Ite:0 KerTime:13.702755 AccTime:13.702755 KerErr:8 AccErr:8
#IT Ite:1 KerTime:13.237707 AccTime:26.940462
#IT Ite:2 KerTime:13.272405 AccTime:40.212867
#IT Ite:3 KerTime:13.244267 AccTime:53.457134
#IT Ite:4 KerTime:13.258820 AccTime:66.715954
#IT Ite:5 KerTime:13.293977 AccTime:80.009931
#IT Ite:6 KerTime:13.266239 AccTime:93.276170
#IT Ite:7 KerTime:13.236032 AccTime:106.512202
#IT Ite:8 KerTime:13.236758 AccTime:119.748960
#IT Ite:9 KerTime:13.261058 AccTime:133.010018
#IT Ite:10 KerTime:13.264783 AccTime:146.274801
#IT Ite:11 KerTime:13.250110 AccTime:159.524911
#IT Ite:12 KerTime:13.267073 AccTime:172.791984
#ERR  p: [2337, 3926], r: 5.0493544430844970e+34, e: 5.0493623659007484e+34
#SDC Ite:12 KerTime:13.267073 AccTime:172.791984 KerErr:1 AccErr:9
#IT Ite:13 KerTime:14.314249 AccTime:187.106233
#IT Ite:14 KerTime:13.253881 AccTime:200.360114
#ERR  p: [2816, 3219], r: -2.6619835247769497e+34, e: -2.6635193193226319e+34
#ERR  p: [2817, 3219], r: 5.1289441106729833e+34, e: 4.8975873382606013e+34
#ERR  p: [2818, 3219], r: 3.8511822558377057e+33, e: 4.3077667793223170e+31
#ERR  p: [2819, 3219], r: 9.4087641425560120e+33, e: 5.7374595114142586e+33
#ERR  p: [2820, 3219], r: 1.4269265416364399e+34, e: 8.6543008800077669e+33
#ERR  p: [2821, 3219], r: -7.9987436984787575e+33, e: -7.1665024661952704e+33
#ERR  p: [2822, 3219], r: -1.0413120658128871e+34, e: -1.1826276854512507e+34
#ERR  p: [2823, 3219], r: 3.4608774491925609e+34, e: 2.8456190492491094e+34
#SDC Ite:14 KerTime:13.253881 AccTime:200.360114 KerErr:8 AccErr:17
#IT Ite:15 KerTime:13.385269 AccTime:213.745383
#ERR  p: [28, 2394], r: -6.6043816810266623e+34, e: -6.5799523185530890e+34
#ERR  p: [28, 2376], r: 5.2324203772570350e+31, e: 3.9686026414417438e+32
#ERR  p: [28, 2395], r: -4.5753869112495011e+34, e: -4.5327137130552699e+34
#ERR  p: [28, 2377], r: 7.5319298926002745e+32, e: 8.1890209033408243e+32
#ERR  p: [28, 2396], r: 4.9188916073908016e+34, e: 4.9433727967126749e+34
#ERR  p: [28, 2368], r: -5.7332559053525202e+34, e: -5.7040321659938642e+34
#ERR  p: [28, 2378], r: 1.3930596156378890e+34, e: 1.4205081792363113e+34
#ERR  p: [28, 2397], r: 1.8198144462393878e+34, e: 1.8109443136772742e+34
#ERR  p: [28, 2369], r: 4.9972844535271704e+34, e: 5.0193853807019058e+34
#ERR  p: [28, 2379], r: -2.3926576623289329e+33, e: -2.5732598869022266e+33
#ERR  p: [28, 2398], r: -4.1656552432004793e+34, e: -4.2031723036872797e+34
#ERR  p: [28, 2370], r: -2.3048919772574531e+34, e: -2.2580401248666268e+34
#ERR  p: [28, 2380], r: 3.1328624662944218e+34, e: 3.1571664684950522e+34
#ERR  p: [28, 2399], r: -2.7462768482699419e+34, e: -2.7194171226646555e+34
#ERR  p: [28, 2371], r: 9.1989213880611135e+33, e: 9.2090410291912844e+33
#ERR  p: [28, 2381], r: 1.2925235879348573e+34, e: 1.2603839130275730e+34
#ERR  p: [28, 2372], r: 3.1093748797756234e+34, e: 3.0933342624209569e+34
#ERR  p: [28, 2382], r: -2.0712036342732333e+34, e: -2.0640395968057629e+34
#ERR  p: [28, 2373], r: -2.4922224316896097e+34, e: -2.5235391761011885e+34
#ERR  p: [28, 2383], r: -3.4988374818041698e+34, e: -3.5086500907037468e+34
#ERR  p: [28, 2374], r: -5.3823468577961346e+33, e: -5.0017904279105663e+33
#ERR  p: [28, 2384], r: 1.6584621417410740e+33, e: 1.6128902046319131e+33
#ERR  p: [28, 2375], r: 8.9824967316400866e+33, e: 9.2660031312685467e+33
#ERR  p: [28, 2385], r: 2.4684840097786509e+34, e: 2.5094222000676631e+34
#ERR  p: [28, 2386], r: -3.2457529933505520e+34, e: -3.2667483039493954e+34
#ERR  p: [28, 2387], r: -1.0209686207685398e+34, e: -9.9186150380494473e+33
#ERR  p: [28, 2388], r: -6.6938871946930790e+33, e: -6.9363875040547448e+33
#ERR  p: [28, 2389], r: 2.4087940843683760e+33, e: 2.5774274974409313e+33
#ERR  p: [28, 2390], r: 3.2204827623910735e+34, e: 3.2636315655376283e+34
#ERR  p: [28, 2391], r: -1.2302033624173153e+33, e: -1.0714478623531045e+33
#ERR  p: [28, 2392], r: -4.4396236437342980e+34, e: -4.4324733635595609e+34
#ERR  p: [28, 2393], r: -5.4177285264871152e+34, e: -5.4606001151520138e+34
#SDC Ite:15 KerTime:13.385269 AccTime:213.745383 KerErr:32 AccErr:49
#IT Ite:16 KerTime:13.243551 AccTime:226.988934
#IT Ite:17 KerTime:13.475425 AccTime:240.464359
#IT Ite:18 KerTime:13.243125 AccTime:253.707484
