#HEADER size:134217728 omp_num_threads:228
#BEGIN Y:2017 M:03 D:10 Time:05:49:29
#IT Ite:0 KerTime:81.061070 AccTime:81.061070
#ERR  p: [1327], r: 40436, e: 40378
#ERR  p: [1328], r: 40489, e: 40436
#ERR  p: [14716875], r: 471172667, e: 471116697
#ERR  p: [2943375], r: 94313738, e: 94302339
#ERR  p: [7652775], r: 245073750, e: 245043708
#ERR  p: [4120725], r: 132012373, e: 131994585
#ERR  p: [15305550], r: 489990142, e: 489933880
#ERR  p: [4709400], r: 150896662, e: 150875761
#ERR  p: [13539525], r: 433498466, e: 433445365
#ERR  p: [17071575], r: 546469695, e: 546402740
#ERR  p: [8241450], r: 263917122, e: 263885255
#ERR  p: [1177350], r: 37713708, e: 37708775
#ERR  p: [10596150], r: 339309676, e: 339269132
#ERR  p: [21192300], r: 678298491, e: 678216672
#ERR  p: [12362175], r: 395790538, e: 395745758
#ERR  p: [5886750], r: 188544344, e: 188521382
#ERR  p: [15894225], r: 508808548, e: 508747161
#ERR  p: [2354700], r: 75453093, e: 75443025
#ERR  p: [11773500], r: 377003723, e: 376959552
#ERR  p: [22369650], r: 715979761, e: 715893694
#ERR  p: [5298075], r: 169716450, e: 169696698
#ERR  p: [7064100], r: 226271087, e: 226242666
#ERR  p: [26490375], r: 847816424, e: 847714866
#ERR  p: [17660250], r: 565276396, e: 565209037
#ERR  p: [1766025], r: 56559175, e: 56551958
#ERR  p: [6475425], r: 207406522, e: 207380118
#ERR  p: [24135675], r: 772462119, e: 772368475
#ERR  p: [24724350], r: 791307102, e: 791211198
#ERR  p: [8830125], r: 282788450, e: 282754037
#ERR  p: [12950850], r: 414640408, e: 414592278
#ERR  p: [22958325], r: 734861313, e: 734773867
#ERR  p: [10007475], r: 320445931, e: 320406348
#ERR  p: [25901700], r: 828987360, e: 828885145
#ERR  p: [1329], r: 40560, e: 40489
#ERR  p: [11184825], r: 358143884, e: 358101450
#ERR  p: [27079050], r: 866699661, e: 866591826
#ERR  p: [33554474], r: 1073879735, e: 1073745314
#ERR  p: [19426275], r: 621805946, e: 621730231
#ERR  p: [30611100], r: 979724308, e: 979606836
#ERR  p: [14716876], r: 471172691, e: 471116722
#ERR  p: [23547000], r: 753666034, e: 753579604
#ERR  p: [32377125], r: 1036231560, e: 1036105686
#ERR  p: [9418800], r: 301630950, e: 301595999
#ERR  p: [18837600], r: 602944443, e: 602872735
#ERR  p: [18248925], r: 584122183, e: 584052046
#ERR  p: [20603625], r: 659478956, e: 659402013
#ERR  p: [27667725], r: 885505413, e: 885399925
#ERR  p: [28845075], r: 923185029, e: 923073706
#ERR  p: [31199775], r: 998576613, e: 998452954
#ERR  p: [25313025], r: 810125945, e: 810029866
#ERR  p: [20014950], r: 640643368, e: 640567632
#ERR  p: [16482900], r: 527656135, e: 527591852
#ERR  p: [28256400], r: 904343741, e: 904233922
#ERR  p: [32965800], r: 1055048740, e: 1054921231
#ERR  p: [29433750], r: 942031643, e: 941913633
#ERR  p: [31788450], r: 1017412109, e: 1017288332
#ERR  p: [14128200], r: 452349732, e: 452292510
#ERR  p: [21780975], r: 697141253, e: 697054558
#ERR  p: [588675], r: 18841948, e: 18839464
#ERR  p: [30022425], r: 960877816, e: 960758092
#ERR  p: [3532050], r: 113174109, e: 113158968
#ERR  p: [2943376], r: 94313765, e: 94302397
#ERR  p: [7652776], r: 245073751, e: 245043711
#ERR  p: [4120726], r: 132012390, e: 131994585
#ERR  p: [15305551], r: 489990175, e: 489933890
#ERR  p: [4709401], r: 150896663, e: 150875814
#ERR  p: [13539526], r: 433498496, e: 433445415
#ERR  p: [17071576], r: 546469706, e: 546402769
#ERR  p: [8241451], r: 263917141, e: 263885274
#ERR  p: [1177351], r: 37713723, e: 37708809
#ERR  p: [15894226], r: 508808550, e: 508747207
#ERR  p: [10596151], r: 339309707, e: 339269195
#ERR  p: [12362176], r: 395790761, e: 395745759
#ERR  p: [21192301], r: 678298592, e: 678216736
#ERR  p: [5886751], r: 188544400, e: 188521389
#ERR  p: [2354701], r: 75453094, e: 75443059
#ERR  p: [11773501], r: 377003742, e: 376959561
#ERR  p: [22369651], r: 715979764, e: 715893869
#ERR  p: [5298076], r: 169716453, e: 169696729
#ERR  p: [7064101], r: 226271114, e: 226242669
#ERR  p: [17660251], r: 565276407, e: 565209051
#ERR  p: [26490376], r: 847816448, e: 847714907
#ERR  p: [1766026], r: 56559209, e: 56551975
#ERR  p: [6475426], r: 207406639, e: 207380194
#ERR  p: [24724351], r: 791307130, e: 791211212
#ERR  p: [24135676], r: 772462145, e: 772368485
#ERR  p: [8830126], r: 282788451, e: 282754043
#ERR  p: [11184826], r: 358143907, e: 358101491
#ERR  p: [1330], r: 40583, e: 40560
#ERR  p: [25901701], r: 828987374, e: 828885146
#ERR  p: [22958326], r: 734861315, e: 734773880
#ERR  p: [12950851], r: 414640440, e: 414592296
#ERR  p: [10007476], r: 320445987, e: 320406377
#ERR  p: [27079051], r: 866699692, e: 866591828
#ERR  p: [19426276], r: 621805950, e: 621730233
#ERR  p: [14716877], r: 471172702, e: 471116734
#ERR  p: [23547001], r: 753666046, e: 753579629
#ERR  p: [30611101], r: 979724319, e: 979606849
#ERR  p: [33554475], r: 1073879752, e: 1073745347
#ERR  p: [32377126], r: 1036231561, e: 1036105716
#ERR  p: [18248926], r: 584122185, e: 584052076
#ERR  p: [20603626], r: 659478984, e: 659402057
#ERR  p: [9418801], r: 301630951, e: 301596001
#ERR  p: [18837601], r: 602944454, e: 602872745
#ERR  p: [27667726], r: 885505460, e: 885399936
#ERR  p: [25313026], r: 810125969, e: 810029917
#ERR  p: [16482901], r: 527656143, e: 527591860
#ERR  p: [28256401], r: 904343884, e: 904233967
#ERR  p: [20014951], r: 640643386, e: 640567662
#ERR  p: [28845076], r: 923185041, e: 923073721
#ERR  p: [31199776], r: 998576639, e: 998452974
#ERR  p: [14128201], r: 452349797, e: 452292533
#ERR  p: [21780976], r: 697141266, e: 697054588
#ERR  p: [588676], r: 18842011, e: 18839478
#ERR  p: [32965801], r: 1055048747, e: 1054921464
#ERR  p: [30022426], r: 960877898, e: 960758239
#ERR  p: [29433751], r: 942031655, e: 941913650
#ERR  p: [31788451], r: 1017412115, e: 1017288418
#ERR  p: [2943377], r: 94313786, e: 94302402
#ERR  p: [3532051], r: 113174141, e: 113158971
#ERR  p: [7652777], r: 245073766, e: 245043732
#ERR  p: [15305552], r: 489990249, e: 489933899
#ERR  p: [4120727], r: 132012403, e: 131994671
#ERR  p: [13539527], r: 433498526, e: 433445549
#ERR  p: [17071577], r: 546469753, e: 546402798
#ERR  p: [4709402], r: 150896672, e: 150875850
#ERR  p: [8241452], r: 263917256, e: 263885378
#ERR  p: [1177352], r: 37713726, e: 37708932
#ERR  p: [15894227], r: 508808566, e: 508747302
#ERR  p: [10596152], r: 339309709, e: 339269213
#ERR  p: [12362177], r: 395790913, e: 395745791
#ERR  p: [21192302], r: 678298600, e: 678216759
#ERR  p: [5886752], r: 188544418, e: 188521409
#ERR  p: [2354702], r: 75453108, e: 75443104
#ERR  p: [11773502], r: 377003755, e: 376959574
#ERR  p: [22369652], r: 715979778, e: 715893871
#ERR  p: [5298077], r: 169716471, e: 169696759
#ERR  p: [7064102], r: 226271175, e: 226242700
#ERR  p: [17660252], r: 565276411, e: 565209082
#ERR  p: [26490377], r: 847816450, e: 847714916
#ERR  p: [1766027], r: 56559290, e: 56552027
#ERR  p: [6475427], r: 207406689, e: 207380216
#ERR  p: [24724352], r: 791307139, e: 791211292
#ERR  p: [8830127], r: 282788452, e: 282754045
#ERR  p: [24135677], r: 772462147, e: 772368485
#ERR  p: [1332], r: 40603, e: 40583
#ERR  p: [11184827], r: 358143953, e: 358101505
#ERR  p: [25901702], r: 828987385, e: 828885147
#ERR  p: [12950852], r: 414640606, e: 414592314
#ERR  p: [22958327], r: 734861421, e: 734773928
#ERR  p: [10007477], r: 320445989, e: 320406378
#ERR  p: [27079052], r: 866699804, e: 866591838
#ERR  p: [14716878], r: 471172744, e: 471116777
#ERR  p: [23547002], r: 753666072, e: 753579684
#ERR  p: [19426277], r: 621806016, e: 621730238
#ERR  p: [30611102], r: 979724381, e: 979606854
#ERR  p: [33554476], r: 1073879836, e: 1073745361
#ERR  p: [32377127], r: 1036231603, e: 1036105752
#ERR  p: [20603627], r: 659479011, e: 659402106
#ERR  p: [18248927], r: 584122201, e: 584052091
#ERR  p: [9418802], r: 301630963, e: 301596004
#ERR  p: [18837602], r: 602944466, e: 602872771
#ERR  p: [16482902], r: 527656192, e: 527591864
#ERR  p: [25313027], r: 810125974, e: 810029962
#ERR  p: [27667727], r: 885505544, e: 885399963
#ERR  p: [28256402], r: 904343913, e: 904233992
#ERR  p: [14128202], r: 452349804, e: 452292561
#ERR  p: [20014952], r: 640643401, e: 640567716
#ERR  p: [32965802], r: 1055048754, e: 1054921532
#ERR  p: [31199777], r: 998576657, e: 998452993
#ERR  p: [21780977], r: 697141278, e: 697054589
#ERR  p: [28845077], r: 923185081, e: 923073742
#ERR  p: [588677], r: 18842020, e: 18839633
#ERR  p: [2943378], r: 94313786, e: 94302403
#ERR  p: [29433752], r: 942031657, e: 941913726
#ERR  p: [30022427], r: 960877920, e: 960758326
#ERR  p: [31788452], r: 1017412220, e: 1017288419
#ERR  p: [7652778], r: 245073768, e: 245043740
#ERR  p: [3532052], r: 113174187, e: 113159027
#ERR  p: [4709403], r: 150896685, e: 150875884
#ERR  p: [15305553], r: 489990289, e: 489933900
#ERR  p: [4120728], r: 132012406, e: 131994713
#ERR  p: [8241453], r: 263917341, e: 263885458
#ERR  p: [13539528], r: 433498526, e: 433445559
#ERR  p: [1177353], r: 37713794, e: 37708988
#ERR  p: [17071578], r: 546469781, e: 546402820
#ERR  p: [15894228], r: 508808593, e: 508747302
#ERR  p: [12362178], r: 395790934, e: 395745816
#ERR  p: [21192303], r: 678298702, e: 678216783
#ERR  p: [10596153], r: 339309713, e: 339269250
#ERR  p: [5886753], r: 188544459, e: 188521427
#ERR  p: [2354703], r: 75453157, e: 75443135
#ERR  p: [11773503], r: 377003847, e: 376959576
#ERR  p: [22369653], r: 715979837, e: 715893880
#ERR  p: [7064103], r: 226271195, e: 226242703
#ERR  p: [5298078], r: 169716530, e: 169696772
#ERR  p: [17660253], r: 565276421, e: 565209212
#ERR  p: [26490378], r: 847816454, e: 847714917
#ERR  p: [1766028], r: 56559293, e: 56552028
#ERR  p: [6475428], r: 207406730, e: 207380237
#ERR  p: [8830128], r: 282788589, e: 282754081
#ERR  p: [24724353], r: 791307165, e: 791211378
#ERR  p: [24135678], r: 772462148, e: 772368498
#ERR  p: [1333], r: 40648, e: 40603
#ERR  p: [11184828], r: 358144004, e: 358101514
#ERR  p: [25901703], r: 828987427, e: 828885176
#ERR  p: [12950853], r: 414640668, e: 414592353
#ERR  p: [22958328], r: 734861545, e: 734773938
#ERR  p: [10007478], r: 320446010, e: 320406393
#ERR  p: [14716879], r: 471172748, e: 471116784
#ERR  p: [19426278], r: 621806078, e: 621730252
#ERR  p: [27079053], r: 866699819, e: 866591856
#ERR  p: [23547003], r: 753666078, e: 753579686
#ERR  p: [33554477], r: 1073879840, e: 1073745422
#ERR  p: [30611103], r: 979724425, e: 979606867
#ERR  p: [32377128], r: 1036231639, e: 1036105755
#ERR  p: [18248928], r: 584122216, e: 584052107
#ERR  p: [27667728], r: 885505544, e: 885399967
#ERR  p: [9418803], r: 301630965, e: 301596037
#ERR  p: [18837603], r: 602944483, e: 602872776
#ERR  p: [20603628], r: 659479027, e: 659402110
#ERR  p: [16482903], r: 527656206, e: 527591874
#ERR  p: [25313028], r: 810126099, e: 810030041
#ERR  p: [28256403], r: 904343932, e: 904233996
#ERR  p: [20014953], r: 640643486, e: 640567790
#ERR  p: [14128203], r: 452349843, e: 452292592
#ERR  p: [31199778], r: 998576701, e: 998453056
#ERR  p: [32965803], r: 1055048794, e: 1054921548
#ERR  p: [28845078], r: 923185182, e: 923073814
#ERR  p: [21780978], r: 697141314, e: 697054595
#ERR  p: [588678], r: 18842036, e: 18839662
#ERR  p: [2943379], r: 94313839, e: 94302414
#ERR  p: [29433753], r: 942031664, e: 941913777
#ERR  p: [30022428], r: 960877968, e: 960758354
#ERR  p: [31788453], r: 1017412298, e: 1017288465
#ERR  p: [3532053], r: 113174243, e: 113159066
#ERR  p: [7652779], r: 245073776, e: 245043777
#ERR  p: [4709404], r: 150896743, e: 150875972
#ERR  p: [4120729], r: 132012417, e: 131994721
#ERR  p: [8241454], r: 263917400, e: 263885475
#ERR  p: [13539529], r: 433498600, e: 433445574
#ERR  p: [15305554], r: 489990320, e: 489933919
#ERR  p: [1177354], r: 37713834, e: 37709009
#ERR  p: [15894229], r: 508808700, e: 508747364
#ERR  p: [17071579], r: 546469782, e: 546402858
#ERR  p: [10596154], r: 339309729, e: 339269295
#ERR  p: [21192304], r: 678298779, e: 678216792
#ERR  p: [12362179], r: 395790966, e: 395745892
#ERR  p: [5886754], r: 188544478, e: 188521512
#ERR  p: [2354704], r: 75453171, e: 75443166
#ERR  p: [11773504], r: 377003930, e: 376959588
#ERR  p: [22369654], r: 715979839, e: 715893883
#ERR  p: [7064104], r: 226271223, e: 226242713
#ERR  p: [5298079], r: 169716537, e: 169696793
#ERR  p: [8830129], r: 282788589, e: 282754108
#ERR  p: [17660254], r: 565276457, e: 565209224
#ERR  p: [26490379], r: 847816491, e: 847714928
#ERR  p: [1766029], r: 56559300, e: 56552088
#ERR  p: [6475429], r: 207406782, e: 207380289
#ERR  p: [24724354], r: 791307172, e: 791211467
#ERR  p: [24135679], r: 772462249, e: 772368502
#ERR  p: [1334], r: 40682, e: 40648
#ERR  p: [11184829], r: 358144167, e: 358101534
#ERR  p: [25901704], r: 828987431, e: 828885183
#ERR  p: [12950854], r: 414640684, e: 414592364
#ERR  p: [22958329], r: 734861584, e: 734773960
#ERR  p: [10007479], r: 320446063, e: 320406400
#ERR  p: [27079054], r: 866699906, e: 866591867
#ERR  p: [19426279], r: 621806102, e: 621730256
#ERR  p: [14716880], r: 471172764, e: 471116792
#ERR  p: [31199779], r: 998576716, e: 998453063
#ERR  p: [33554478], r: 1073879841, e: 1073745423
#ERR  p: [23547004], r: 753666083, e: 753579733
#ERR  p: [32377129], r: 1036231650, e: 1036105772
#ERR  p: [30611104], r: 979724432, e: 979606874
#ERR  p: [27667729], r: 885505581, e: 885399991
#ERR  p: [18248929], r: 584122290, e: 584052111
#ERR  p: [20603629], r: 659479060, e: 659402115
#ERR  p: [9418804], r: 301630969, e: 301596059
#ERR  p: [18837604], r: 602944520, e: 602872812
#ERR  p: [16482904], r: 527656244, e: 527591886
#ERR  p: [25313029], r: 810126135, e: 810030049
#ERR  p: [20014954], r: 640643487, e: 640567886
#ERR  p: [28256404], r: 904343933, e: 904234032
#ERR  p: [14128204], r: 452349866, e: 452292603
#ERR  p: [588679], r: 18842073, e: 18839746
#ERR  p: [29433754], r: 942031726, e: 941913883
#ERR  p: [28845079], r: 923185264, e: 923073896
#ERR  p: [32965804], r: 1055048824, e: 1054921617
#ERR  p: [21780979], r: 697141344, e: 697054597
#ERR  p: [2943380], r: 94313872, e: 94302429
#ERR  p: [3532054], r: 113174253, e: 113159083
#ERR  p: [30022429], r: 960878005, e: 960758378
#ERR  p: [31788454], r: 1017412320, e: 1017288466
#ERR  p: [7652780], r: 245073915, e: 245043799
#ERR  p: [4709405], r: 150896748, e: 150875973
#ERR  p: [8241455], r: 263917405, e: 263885551
#ERR  p: [13539530], r: 433498614, e: 433445627
#ERR  p: [15894230], r: 508808720, e: 508747364
#ERR  p: [15305555], r: 489990327, e: 489933938
#ERR  p: [1177355], r: 37713837, e: 37709017
#ERR  p: [4120730], r: 132012458, e: 131994749
#ERR  p: [21192305], r: 678298832, e: 678216812
#ERR  p: [12362180], r: 395790981, e: 395745981
#ERR  p: [5886755], r: 188544483, e: 188521550
#ERR  p: [7064105], r: 226271246, e: 226242733
#ERR  p: [17071580], r: 546469805, e: 546402875
#ERR  p: [11773505], r: 377003937, e: 376959593
#ERR  p: [2354705], r: 75453182, e: 75443177
#ERR  p: [8830130], r: 282788620, e: 282754129
#ERR  p: [10596155], r: 339309788, e: 339269298
#ERR  p: [17660255], r: 565276527, e: 565209227
#ERR  p: [22369655], r: 715979850, e: 715893948
#ERR  p: [6475430], r: 207406825, e: 207380301
#ERR  p: [5298080], r: 169716541, e: 169696793
#ERR  p: [1766030], r: 56559315, e: 56552103
#ERR  p: [26490380], r: 847816494, e: 847714930
#ERR  p: [24135680], r: 772462284, e: 772368507
#ERR  p: [24724355], r: 791307181, e: 791211492
#ERR  p: [1335], r: 40702, e: 40682
#ERR  p: [11184830], r: 358144206, e: 358101594
#ERR  p: [12950855], r: 414640731, e: 414592402
#ERR  p: [25901705], r: 828987436, e: 828885258
#ERR  p: [22958330], r: 734861604, e: 734773981
#ERR  p: [25313030], r: 810126145, e: 810030136
#ERR  p: [10007480], r: 320446072, e: 320406447
#ERR  p: [27079055], r: 866699938, e: 866591891
#ERR  p: [19426280], r: 621806140, e: 621730261
#ERR  p: [14716881], r: 471172795, e: 471116803
#ERR  p: [31199780], r: 998576799, e: 998453100
#ERR  p: [33554479], r: 1073879875, e: 1073745462
#ERR  p: [30611105], r: 979724492, e: 979606879
#ERR  p: [23547005], r: 753666097, e: 753579756
#ERR  p: [32377130], r: 1036231653, e: 1036105773
#ERR  p: [27667730], r: 885505605, e: 885400024
#ERR  p: [18248930], r: 584122302, e: 584052147
#ERR  p: [9418805], r: 301631002, e: 301596097
#ERR  p: [20603630], r: 659479085, e: 659402240
#ERR  p: [20014955], r: 640643513, e: 640567907
#ERR  p: [18837605], r: 602944526, e: 602872907
#ERR  p: [16482905], r: 527656256, e: 527591904
#ERR  p: [28256405], r: 904343963, e: 904234073
#ERR  p: [14128205], r: 452349878, e: 452292612
#ERR  p: [588680], r: 18842137, e: 18839755
#ERR  p: [28845080], r: 923185284, e: 923073961
#ERR  p: [29433755], r: 942031739, e: 941913928
#ERR  p: [32965805], r: 1055048835, e: 1054921678
#ERR  p: [21780980], r: 697141357, e: 697054726
#ERR  p: [2943381], r: 94313942, e: 94302471
#ERR  p: [3532055], r: 113174283, e: 113159092
#ERR  p: [31788455], r: 1017412375, e: 1017288474
#ERR  p: [4709406], r: 150896760, e: 150876040
#ERR  p: [8241456], r: 263917406, e: 263885578
#ERR  p: [13539531], r: 433498718, e: 433445630
#ERR  p: [15305556], r: 489990346, e: 489933976
#ERR  p: [7652781], r: 245074006, e: 245043875
#ERR  p: [15894231], r: 508808755, e: 508747447
#ERR  p: [4120731], r: 132012465, e: 131994762
#ERR  p: [1177356], r: 37713841, e: 37709072
#ERR  p: [30022430], r: 960878031, e: 960758387
#ERR  p: [21192306], r: 678298878, e: 678216817
#ERR  p: [5886756], r: 188544489, e: 188521562
#ERR  p: [12362181], r: 395791053, e: 395746040
#ERR  p: [7064106], r: 226271262, e: 226242767
#ERR  p: [11773506], r: 377003964, e: 376959646
#ERR  p: [6475431], r: 207406865, e: 207380372
#ERR  p: [22369656], r: 715979978, e: 715893948
#ERR  p: [26490381], r: 847816514, e: 847714935
#ERR  p: [24724356], r: 791307199, e: 791211514
#ERR  p: [2354706], r: 75453215, e: 75443202
#ERR  p: [17071581], r: 546469827, e: 546402888
#ERR  p: [8830131], r: 282788635, e: 282754168
#ERR  p: [10596156], r: 339309809, e: 339269300
#ERR  p: [5298081], r: 169716597, e: 169696818
#ERR  p: [24135681], r: 772462315, e: 772368597
#ERR  p: [17660256], r: 565276549, e: 565209369
#ERR  p: [1766031], r: 56559317, e: 56552113
#ERR  p: [11184831], r: 358144206, e: 358101595
#ERR  p: [1336], r: 40713, e: 40702
#ERR  p: [12950856], r: 414640769, e: 414592425
#ERR  p: [25901706], r: 828987443, e: 828885276
#ERR  p: [22958331], r: 734861615, e: 734774036
#ERR  p: [25313031], r: 810126226, e: 810030246
#ERR  p: [10007481], r: 320446124, e: 320406448
#ERR  p: [27079056], r: 866700007, e: 866591931
#ERR  p: [19426281], r: 621806143, e: 621730292
#ERR  p: [14716882], r: 471172848, e: 471116813
#ERR  p: [31199781], r: 998576801, e: 998453133
#ERR  p: [33554480], r: 1073879978, e: 1073745487
#ERR  p: [23547006], r: 753666101, e: 753579760
#ERR  p: [30611106], r: 979724494, e: 979606883
#ERR  p: [32377131], r: 1036231660, e: 1036105881
#ERR  p: [27667731], r: 885505663, e: 885400051
#ERR  p: [18248931], r: 584122304, e: 584052214
#ERR  p: [9418806], r: 301631036, e: 301596103
#ERR  p: [20603631], r: 659479130, e: 659402252
#ERR  p: [20014956], r: 640643549, e: 640567907
#ERR  p: [18837606], r: 602944539, e: 602872994
#ERR  p: [16482906], r: 527656284, e: 527591930
#ERR  p: [28256406], r: 904343977, e: 904234085
#ERR  p: [14128206], r: 452349981, e: 452292679
#ERR  p: [588681], r: 18842149, e: 18839767
#ERR  p: [28845081], r: 923185295, e: 923074005
#ERR  p: [29433756], r: 942031765, e: 941913949
#ERR  p: [32965806], r: 1055048888, e: 1054921737
#ERR  p: [3532056], r: 113174302, e: 113159218
#ERR  p: [2943382], r: 94313953, e: 94302508
#ERR  p: [21780981], r: 697141363, e: 697054796
#ERR  p: [31788456], r: 1017412394, e: 1017288490
#ERR  p: [8241457], r: 263917410, e: 263885647
#ERR  p: [4709407], r: 150896769, e: 150876055
#ERR  p: [13539532], r: 433498751, e: 433445640
#ERR  p: [7652782], r: 245074012, e: 245043903
#ERR  p: [15305557], r: 489990481, e: 489934072
#ERR  p: [4120732], r: 132012469, e: 131994777
#ERR  p: [15894232], r: 508808776, e: 508747465
#ERR  p: [30022431], r: 960878042, e: 960758387
#ERR  p: [1177357], r: 37713874, e: 37709078
#ERR  p: [21192307], r: 678298886, e: 678216849
#ERR  p: [5886757], r: 188544529, e: 188521595
#ERR  p: [7064107], r: 226271302, e: 226242810
#ERR  p: [12362182], r: 395791083, e: 395746040
#ERR  p: [11773507], r: 377003990, e: 376959695
#ERR  p: [25901707], r: 828987449, e: 828885375
#ERR  p: [6475432], r: 207406871, e: 207380419
#ERR  p: [10596157], r: 339309840, e: 339269344
#ERR  p: [24724357], r: 791307254, e: 791211597
#ERR  p: [24135682], r: 772462334, e: 772368641
#ERR  p: [26490382], r: 847816586, e: 847714959
#ERR  p: [2354707], r: 75453216, e: 75443204
#ERR  p: [1766032], r: 56559332, e: 56552118
#ERR  p: [8830132], r: 282788652, e: 282754190
#ERR  p: [22369657], r: 715979993, e: 715893971
#ERR  p: [17071582], r: 546469847, e: 546402996
#ERR  p: [1337], r: 40715, e: 40713
#ERR  p: [11184832], r: 358144223, e: 358101614
#ERR  p: [5298082], r: 169716612, e: 169696819
#ERR  p: [12950857], r: 414640870, e: 414592464
#ERR  p: [17660257], r: 565276605, e: 565209411
#ERR  p: [22958332], r: 734861707, e: 734774094
#ERR  p: [25313032], r: 810126226, e: 810030261
#ERR  p: [10007482], r: 320446126, e: 320406465
#ERR  p: [27079057], r: 866700026, e: 866591949
#ERR  p: [19426282], r: 621806169, e: 621730306
#ERR  p: [14716883], r: 471172867, e: 471116817
#ERR  p: [31199782], r: 998576823, e: 998453134
#ERR  p: [33554481], r: 1073879989, e: 1073745493
#ERR  p: [23547007], r: 753666109, e: 753579761
#ERR  p: [30611107], r: 979724567, e: 979606909
#ERR  p: [32377132], r: 1036231726, e: 1036105932
#ERR  p: [27667732], r: 885505673, e: 885400051
#ERR  p: [18248932], r: 584122307, e: 584052219
#ERR  p: [20603632], r: 659479207, e: 659402332
#ERR  p: [9418807], r: 301631075, e: 301596164
#ERR  p: [20014957], r: 640643560, e: 640567932
#ERR  p: [18837607], r: 602944546, e: 602873012
#ERR  p: [16482907], r: 527656337, e: 527591975
#ERR  p: [28256407], r: 904343983, e: 904234097
#ERR  p: [14128207], r: 452349996, e: 452292690
#ERR  p: [588682], r: 18842166, e: 18839772
#ERR  p: [28845082], r: 923185311, e: 923074070
#ERR  p: [12950858], r: 414640907, e: 414592466
#ERR  p: [29433757], r: 942031784, e: 941914008
#ERR  p: [32965807], r: 1055048921, e: 1054921797
#ERR  p: [2943383], r: 94313975, e: 94302535
#ERR  p: [21780982], r: 697141385, e: 697054808
#ERR  p: [3532057], r: 113174372, e: 113159225
#ERR  p: [31788457], r: 1017412401, e: 1017288563
#ERR  p: [8241458], r: 263917457, e: 263885651
#ERR  p: [4709408], r: 150896778, e: 150876095
#ERR  p: [13539533], r: 433498753, e: 433445694
#ERR  p: [7652783], r: 245074017, e: 245043970
#ERR  p: [15305558], r: 489990491, e: 489934138
#ERR  p: [4120733], r: 132012480, e: 131994882
#ERR  p: [21192308], r: 678298931, e: 678216875
#ERR  p: [1177358], r: 37713881, e: 37709093
#ERR  p: [15894233], r: 508808792, e: 508747526
#ERR  p: [30022432], r: 960878048, e: 960758467
#ERR  p: [7064108], r: 226271310, e: 226242927
#ERR  p: [5886758], r: 188544531, e: 188521605
#ERR  p: [12362183], r: 395791119, e: 395746046
#ERR  p: [10596158], r: 339309897, e: 339269421
#ERR  p: [26490383], r: 847816617, e: 847714988
#ERR  p: [24135683], r: 772462402, e: 772368677
#ERR  p: [24724358], r: 791307273, e: 791211634
#ERR  p: [25901708], r: 828987523, e: 828885398
#ERR  p: [6475433], r: 207407015, e: 207380447
#ERR  p: [11773508], r: 377003991, e: 376959802
#ERR  p: [1766033], r: 56559338, e: 56552189
#ERR  p: [2354708], r: 75453261, e: 75443252
#ERR  p: [22369658], r: 715979996, e: 715894004
#ERR  p: [8830133], r: 282788674, e: 282754230
#ERR  p: [5298083], r: 169716630, e: 169696900
#ERR  p: [1338], r: 40717, e: 40715
#ERR  p: [11184833], r: 358144277, e: 358101673
#ERR  p: [17071583], r: 546469913, e: 546403016
#ERR  p: [17660258], r: 565276639, e: 565209422
#ERR  p: [10007483], r: 320446213, e: 320406516
#ERR  p: [22958333], r: 734861712, e: 734774125
#ERR  p: [25313033], r: 810126253, e: 810030324
#SDC Ite:0 KerTime:81.061070 AccTime:81.061070 KerErr:33596923 AccErr:33596923
#ABORT too many errors per iteration
#END