#HEADER size:134217728 omp_num_threads:228
#BEGIN Y:2017 M:03 D:07 Time:09:42:45
#IT Ite:0 KerTime:76.767482 AccTime:76.767482
#ERR  p: [134148559], r: 4292751528, e: 4292751509
#ERR  p: [134148560], r: 4292751602, e: 4292751528
#ERR  p: [134148561], r: 4292751647, e: 4292751554
#ERR  p: [134148562], r: 4292751665, e: 4292751602
#ERR  p: [134148563], r: 4292751666, e: 4292751647
#ERR  p: [134148564], r: 4292751677, e: 4292751665
#ERR  p: [134148565], r: 4292751860, e: 4292751666
#ERR  p: [134148566], r: 4292751876, e: 4292751677
#ERR  p: [134148567], r: 4292751971, e: 4292751860
#ERR  p: [134148568], r: 4292751991, e: 4292751876
#ERR  p: [134148569], r: 4292752004, e: 4292751971
#ERR  p: [134148570], r: 4292752006, e: 4292751991
#ERR  p: [134148571], r: 4292752024, e: 4292752004
#ERR  p: [134148572], r: 4292752084, e: 4292752006
#ERR  p: [134148573], r: 4292752086, e: 4292752024
#ERR  p: [134148574], r: 4292752100, e: 4292752084
#ERR  p: [134148575], r: 4292752192, e: 4292752086
#ERR  p: [134148576], r: 4292752196, e: 4292752100
#ERR  p: [134148577], r: 4292752231, e: 4292752192
#ERR  p: [134148578], r: 4292752247, e: 4292752196
#ERR  p: [134148579], r: 4292752256, e: 4292752231
#ERR  p: [134148580], r: 4292752263, e: 4292752247
#ERR  p: [134148581], r: 4292752332, e: 4292752256
#ERR  p: [134148582], r: 4292752366, e: 4292752263
#ERR  p: [134148583], r: 4292752372, e: 4292752332
#ERR  p: [134148584], r: 4292752393, e: 4292752366
#ERR  p: [134148585], r: 4292752442, e: 4292752372
#ERR  p: [134148586], r: 4292752471, e: 4292752393
#ERR  p: [134148587], r: 4292752491, e: 4292752442
#ERR  p: [134148588], r: 4292752511, e: 4292752471
#ERR  p: [134148589], r: 4292752517, e: 4292752491
#ERR  p: [134148590], r: 4292752594, e: 4292752511
#ERR  p: [134148591], r: 4292752606, e: 4292752517
#ERR  p: [134148592], r: 4292752615, e: 4292752594
#ERR  p: [134148593], r: 4292752621, e: 4292752606
#ERR  p: [134148594], r: 4292752623, e: 4292752615
#ERR  p: [134148595], r: 4292752635, e: 4292752621
#ERR  p: [134148596], r: 4292752650, e: 4292752623
#ERR  p: [134148597], r: 4292752658, e: 4292752635
#ERR  p: [134148598], r: 4292752701, e: 4292752650
#ERR  p: [134148599], r: 4292752741, e: 4292752658
#ERR  p: [134148600], r: 4292752774, e: 4292752701
#ERR  p: [134148601], r: 4292752803, e: 4292752741
#ERR  p: [134148602], r: 4292752805, e: 4292752774
#ERR  p: [134148603], r: 4292752837, e: 4292752803
#ERR  p: [134148604], r: 4292752848, e: 4292752805
#ERR  p: [134148605], r: 4292752959, e: 4292752837
#ERR  p: [134148606], r: 4292752964, e: 4292752848
#ERR  p: [134148607], r: 4292752965, e: 4292752959
#ERR  p: [134148608], r: 4292753006, e: 4292752964
#ERR  p: [134148609], r: 4292753008, e: 4292752965
#ERR  p: [134148610], r: 4292753052, e: 4292753006
#ERR  p: [134148611], r: 4292753083, e: 4292753008
#ERR  p: [134148612], r: 4292753110, e: 4292753052
#ERR  p: [134148613], r: 4292753126, e: 4292753083
#ERR  p: [134148614], r: 4292753172, e: 4292753110
#ERR  p: [134148615], r: 4292753209, e: 4292753126
#ERR  p: [134148616], r: 4292753226, e: 4292753172
#ERR  p: [134148617], r: 4292753313, e: 4292753209
#ERR  p: [134148618], r: 4292753338, e: 4292753226
#ERR  p: [134148619], r: 4292753395, e: 4292753313
#ERR  p: [134148620], r: 4292753435, e: 4292753338
#ERR  p: [134148621], r: 4292753518, e: 4292753395
#ERR  p: [134148622], r: 4292753536, e: 4292753435
#ERR  p: [134148623], r: 4292753541, e: 4292753518
#ERR  p: [134148624], r: 4292753545, e: 4292753536
#ERR  p: [134148625], r: 4292753596, e: 4292753541
#ERR  p: [134148626], r: 4292753674, e: 4292753545
#ERR  p: [134148627], r: 4292753706, e: 4292753546
#ERR  p: [134148628], r: 4292753717, e: 4292753596
#ERR  p: [134148629], r: 4292753725, e: 4292753674
#ERR  p: [134148630], r: 4292753828, e: 4292753706
#ERR  p: [134148631], r: 4292753829, e: 4292753717
#ERR  p: [134148632], r: 4292753865, e: 4292753725
#ERR  p: [134148633], r: 4292753866, e: 4292753828
#ERR  p: [134148634], r: 4292753930, e: 4292753829
#ERR  p: [134148635], r: 4292753935, e: 4292753865
#ERR  p: [134148636], r: 4292753971, e: 4292753866
#ERR  p: [134148637], r: 4292753996, e: 4292753930
#ERR  p: [134148638], r: 4292754050, e: 4292753935
#ERR  p: [134148639], r: 4292754054, e: 4292753971
#ERR  p: [134148640], r: 4292754120, e: 4292753996
#ERR  p: [134148641], r: 4292754150, e: 4292754050
#ERR  p: [134148642], r: 4292754172, e: 4292754054
#ERR  p: [134148643], r: 4292754179, e: 4292754120
#ERR  p: [134148644], r: 4292754186, e: 4292754150
#ERR  p: [134148645], r: 4292754190, e: 4292754172
#ERR  p: [134148646], r: 4292754193, e: 4292754179
#ERR  p: [134148647], r: 4292754198, e: 4292754186
#ERR  p: [134148648], r: 4292754262, e: 4292754190
#ERR  p: [134148649], r: 4292754265, e: 4292754193
#ERR  p: [134148650], r: 4292754271, e: 4292754198
#ERR  p: [134148651], r: 4292754291, e: 4292754262
#ERR  p: [134148652], r: 4292754306, e: 4292754265
#ERR  p: [134148653], r: 4292754337, e: 4292754271
#ERR  p: [134148654], r: 4292754381, e: 4292754291
#ERR  p: [134148655], r: 4292754404, e: 4292754306
#ERR  p: [134148656], r: 4292754438, e: 4292754337
#ERR  p: [134148657], r: 4292754486, e: 4292754381
#ERR  p: [134148658], r: 4292754514, e: 4292754404
#ERR  p: [134148659], r: 4292754583, e: 4292754438
#ERR  p: [134148660], r: 4292754593, e: 4292754486
#ERR  p: [134148661], r: 4292754611, e: 4292754514
#ERR  p: [134148662], r: 4292754615, e: 4292754583
#ERR  p: [134148663], r: 4292754635, e: 4292754593
#ERR  p: [134148664], r: 4292754653, e: 4292754611
#ERR  p: [134148665], r: 4292754691, e: 4292754615
#ERR  p: [134148666], r: 4292754705, e: 4292754635
#ERR  p: [134148667], r: 4292754719, e: 4292754653
#ERR  p: [134148668], r: 4292754736, e: 4292754691
#ERR  p: [134148669], r: 4292754739, e: 4292754705
#ERR  p: [134148670], r: 4292754751, e: 4292754719
#ERR  p: [134148671], r: 4292754758, e: 4292754736
#ERR  p: [134148672], r: 4292754766, e: 4292754739
#ERR  p: [134148673], r: 4292754767, e: 4292754751
#ERR  p: [134148674], r: 4292754865, e: 4292754758
#ERR  p: [134148675], r: 4292754947, e: 4292754766
#ERR  p: [134148676], r: 4292754969, e: 4292754767
#ERR  p: [134148677], r: 4292755017, e: 4292754865
#ERR  p: [134148678], r: 4292755029, e: 4292754947
#ERR  p: [134148679], r: 4292755068, e: 4292754969
#ERR  p: [134148680], r: 4292755087, e: 4292755017
#ERR  p: [134148681], r: 4292755143, e: 4292755029
#ERR  p: [134148682], r: 4292755200, e: 4292755068
#ERR  p: [134148683], r: 4292755234, e: 4292755087
#ERR  p: [134148684], r: 4292755253, e: 4292755143
#ERR  p: [134148685], r: 4292755264, e: 4292755200
#ERR  p: [134148686], r: 4292755272, e: 4292755234
#ERR  p: [134148687], r: 4292755289, e: 4292755253
#ERR  p: [134148688], r: 4292755333, e: 4292755264
#ERR  p: [134148689], r: 4292755365, e: 4292755272
#ERR  p: [134148690], r: 4292755385, e: 4292755289
#ERR  p: [134148691], r: 4292755396, e: 4292755333
#ERR  p: [134148692], r: 4292755426, e: 4292755365
#ERR  p: [134148693], r: 4292755438, e: 4292755385
#ERR  p: [134148694], r: 4292755507, e: 4292755396
#ERR  p: [134148695], r: 4292755523, e: 4292755426
#ERR  p: [134148696], r: 4292755523, e: 4292755438
#ERR  p: [134148697], r: 4292755560, e: 4292755507
#ERR  p: [134148698], r: 4292755566, e: 4292755523
#ERR  p: [134148699], r: 4292755620, e: 4292755523
#ERR  p: [134148700], r: 4292755638, e: 4292755526
#ERR  p: [134148701], r: 4292755646, e: 4292755560
#ERR  p: [134148702], r: 4292755656, e: 4292755566
#ERR  p: [134148703], r: 4292755660, e: 4292755620
#ERR  p: [134148704], r: 4292755701, e: 4292755638
#ERR  p: [134148705], r: 4292755770, e: 4292755646
#ERR  p: [134148706], r: 4292755825, e: 4292755656
#ERR  p: [134148707], r: 4292755882, e: 4292755660
#ERR  p: [134148708], r: 4292755900, e: 4292755701
#ERR  p: [134148709], r: 4292755939, e: 4292755770
#ERR  p: [134148710], r: 4292755947, e: 4292755825
#ERR  p: [134148711], r: 4292755971, e: 4292755882
#ERR  p: [134148712], r: 4292755988, e: 4292755900
#ERR  p: [134148713], r: 4292756020, e: 4292755939
#ERR  p: [134148714], r: 4292756027, e: 4292755947
#ERR  p: [134148715], r: 4292756073, e: 4292755971
#ERR  p: [134148716], r: 4292756116, e: 4292755988
#ERR  p: [134148717], r: 4292756134, e: 4292756020
#ERR  p: [134148718], r: 4292756171, e: 4292756027
#ERR  p: [134148719], r: 4292756181, e: 4292756073
#ERR  p: [134148720], r: 4292756324, e: 4292756116
#ERR  p: [134148721], r: 4292756348, e: 4292756134
#ERR  p: [134148722], r: 4292756355, e: 4292756171
#ERR  p: [134148723], r: 4292756381, e: 4292756181
#ERR  p: [134148724], r: 4292756455, e: 4292756324
#ERR  p: [134148725], r: 4292756456, e: 4292756348
#ERR  p: [134148726], r: 4292756465, e: 4292756355
#ERR  p: [134148727], r: 4292756574, e: 4292756381
#ERR  p: [134148728], r: 4292756620, e: 4292756455
#ERR  p: [134148729], r: 4292756675, e: 4292756456
#ERR  p: [134148730], r: 4292756732, e: 4292756465
#ERR  p: [134148731], r: 4292756758, e: 4292756574
#ERR  p: [134148732], r: 4292756766, e: 4292756620
#ERR  p: [134148733], r: 4292756928, e: 4292756675
#ERR  p: [134148734], r: 4292756942, e: 4292756732
#ERR  p: [134148735], r: 4292756943, e: 4292756758
#ERR  p: [134148736], r: 4292756945, e: 4292756766
#ERR  p: [134148737], r: 4292756950, e: 4292756928
#ERR  p: [134148738], r: 4292757087, e: 4292756942
#ERR  p: [134148739], r: 4292757130, e: 4292756943
#ERR  p: [134148740], r: 4292757213, e: 4292756945
#ERR  p: [134148741], r: 4292757220, e: 4292756950
#ERR  p: [134148742], r: 4292757222, e: 4292757087
#ERR  p: [134148743], r: 4292757296, e: 4292757130
#ERR  p: [134148744], r: 4292757304, e: 4292757213
#ERR  p: [134148745], r: 4292757307, e: 4292757220
#ERR  p: [134148746], r: 4292757308, e: 4292757222
#ERR  p: [134148747], r: 4292757356, e: 4292757296
#ERR  p: [134148748], r: 4292757405, e: 4292757304
#ERR  p: [134148749], r: 4292757423, e: 4292757307
#ERR  p: [134148750], r: 4292757455, e: 4292757308
#ERR  p: [134148751], r: 4292757486, e: 4292757356
#ERR  p: [134148752], r: 4292757492, e: 4292757405
#ERR  p: [134148753], r: 4292757597, e: 4292757423
#ERR  p: [134148754], r: 4292757676, e: 4292757455
#ERR  p: [134148755], r: 4292757712, e: 4292757486
#ERR  p: [134148756], r: 4292757731, e: 4292757492
#ERR  p: [134148757], r: 4292757734, e: 4292757597
#ERR  p: [134148758], r: 4292757741, e: 4292757676
#ERR  p: [134148759], r: 4292757792, e: 4292757712
#ERR  p: [134148760], r: 4292757850, e: 4292757731
#ERR  p: [134148761], r: 4292757877, e: 4292757734
#ERR  p: [134148762], r: 4292757885, e: 4292757741
#ERR  p: [134148763], r: 4292757894, e: 4292757792
#ERR  p: [134148764], r: 4292757905, e: 4292757850
#ERR  p: [134148765], r: 4292757977, e: 4292757877
#ERR  p: [134148766], r: 4292757978, e: 4292757885
#ERR  p: [134148767], r: 4292758045, e: 4292757894
#ERR  p: [134148768], r: 4292758085, e: 4292757905
#ERR  p: [134148769], r: 4292758106, e: 4292757977
#ERR  p: [134148770], r: 4292758154, e: 4292757978
#ERR  p: [134148771], r: 4292758177, e: 4292758045
#ERR  p: [134148772], r: 4292758192, e: 4292758085
#ERR  p: [134148773], r: 4292758298, e: 4292758106
#ERR  p: [134148774], r: 4292758306, e: 4292758154
#ERR  p: [134148775], r: 4292758341, e: 4292758177
#ERR  p: [134148776], r: 4292758364, e: 4292758192
#ERR  p: [134148777], r: 4292758415, e: 4292758298
#ERR  p: [134148778], r: 4292758416, e: 4292758306
#ERR  p: [134148779], r: 4292758458, e: 4292758341
#ERR  p: [134148780], r: 4292758469, e: 4292758353
#ERR  p: [134148781], r: 4292758484, e: 4292758364
#ERR  p: [134148782], r: 4292758500, e: 4292758415
#ERR  p: [134148783], r: 4292758649, e: 4292758416
#ERR  p: [134148784], r: 4292758691, e: 4292758458
#ERR  p: [134148785], r: 4292758734, e: 4292758469
#ERR  p: [134148786], r: 4292758822, e: 4292758484
#ERR  p: [134148787], r: 4292758825, e: 4292758500
#ERR  p: [134148788], r: 4292758829, e: 4292758649
#ERR  p: [134148789], r: 4292758882, e: 4292758691
#ERR  p: [134148790], r: 4292759017, e: 4292758734
#ERR  p: [134148791], r: 4292759034, e: 4292758822
#ERR  p: [134148792], r: 4292759052, e: 4292758825
#ERR  p: [134148793], r: 4292759075, e: 4292758829
#ERR  p: [134148794], r: 4292759239, e: 4292758882
#ERR  p: [134148795], r: 4292759275, e: 4292759017
#ERR  p: [134148796], r: 4292759308, e: 4292759034
#ERR  p: [134148797], r: 4292759341, e: 4292759052
#ERR  p: [134148798], r: 4292759343, e: 4292759075
#ERR  p: [134148799], r: 4292759345, e: 4292759239
#ERR  p: [134148800], r: 4292759364, e: 4292759275
#ERR  p: [134148801], r: 4292759485, e: 4292759308
#ERR  p: [134148802], r: 4292759520, e: 4292759341
#ERR  p: [134148803], r: 4292759522, e: 4292759343
#ERR  p: [134148804], r: 4292759531, e: 4292759345
#ERR  p: [134148805], r: 4292759640, e: 4292759364
#ERR  p: [134148806], r: 4292759817, e: 4292759485
#ERR  p: [134148807], r: 4292759859, e: 4292759520
#ERR  p: [134148808], r: 4292759887, e: 4292759522
#ERR  p: [134148809], r: 4292759891, e: 4292759531
#ERR  p: [134148810], r: 4292759951, e: 4292759640
#ERR  p: [134148811], r: 4292759974, e: 4292759817
#ERR  p: [134148812], r: 4292759984, e: 4292759859
#ERR  p: [134148813], r: 4292760042, e: 4292759887
#ERR  p: [134148814], r: 4292760045, e: 4292759891
#ERR  p: [134148815], r: 4292760071, e: 4292759951
#ERR  p: [134148816], r: 4292760089, e: 4292759974
#ERR  p: [134148817], r: 4292760104, e: 4292759984
#ERR  p: [134148818], r: 4292760129, e: 4292760042
#ERR  p: [134148819], r: 4292760172, e: 4292760045
#ERR  p: [134148820], r: 4292760174, e: 4292760071
#ERR  p: [134148821], r: 4292760239, e: 4292760089
#ERR  p: [134148822], r: 4292760253, e: 4292760104
#ERR  p: [134148823], r: 4292760271, e: 4292760129
#ERR  p: [134148824], r: 4292760299, e: 4292760172
#ERR  p: [134148825], r: 4292760324, e: 4292760174
#ERR  p: [134148826], r: 4292760325, e: 4292760239
#ERR  p: [134148827], r: 4292760369, e: 4292760253
#ERR  p: [134148828], r: 4292760431, e: 4292760271
#ERR  p: [134148829], r: 4292760454, e: 4292760299
#ERR  p: [134148830], r: 4292760470, e: 4292760324
#ERR  p: [134148831], r: 4292760524, e: 4292760325
#ERR  p: [134148832], r: 4292760549, e: 4292760369
#ERR  p: [134148833], r: 4292760579, e: 4292760431
#ERR  p: [134148834], r: 4292760632, e: 4292760454
#ERR  p: [134148835], r: 4292760680, e: 4292760470
#ERR  p: [134148836], r: 4292760707, e: 4292760524
#ERR  p: [134148837], r: 4292760772, e: 4292760549
#ERR  p: [134148838], r: 4292760814, e: 4292760579
#ERR  p: [134148839], r: 4292760840, e: 4292760632
#ERR  p: [134148840], r: 4292760867, e: 4292760680
#ERR  p: [134148841], r: 4292760871, e: 4292760707
#ERR  p: [134148842], r: 4292760873, e: 4292760772
#ERR  p: [134148843], r: 4292760909, e: 4292760814
#ERR  p: [134148844], r: 4292760921, e: 4292760840
#ERR  p: [134148845], r: 4292760922, e: 4292760867
#ERR  p: [134148846], r: 4292761012, e: 4292760871
#ERR  p: [134148847], r: 4292761021, e: 4292760873
#ERR  p: [134148848], r: 4292761021, e: 4292760909
#ERR  p: [134148849], r: 4292761073, e: 4292760921
#ERR  p: [134148850], r: 4292761112, e: 4292760922
#ERR  p: [134148851], r: 4292761120, e: 4292761012
#ERR  p: [134148852], r: 4292761143, e: 4292761021
#ERR  p: [134148853], r: 4292761147, e: 4292761021
#ERR  p: [134148854], r: 4292761170, e: 4292761073
#ERR  p: [134148855], r: 4292761178, e: 4292761112
#ERR  p: [134148856], r: 4292761181, e: 4292761120
#ERR  p: [134148857], r: 4292761308, e: 4292761143
#ERR  p: [134148858], r: 4292761339, e: 4292761147
#ERR  p: [134148859], r: 4292761406, e: 4292761170
#ERR  p: [134148860], r: 4292761417, e: 4292761178
#ERR  p: [134148861], r: 4292761438, e: 4292761181
#ERR  p: [134148862], r: 4292761466, e: 4292761308
#ERR  p: [134148863], r: 4292761490, e: 4292761339
#ERR  p: [134148864], r: 4292761490, e: 4292761406
#ERR  p: [134148865], r: 4292761540, e: 4292761417
#ERR  p: [134148866], r: 4292761551, e: 4292761438
#ERR  p: [134148867], r: 4292761607, e: 4292761466
#ERR  p: [134148868], r: 4292761653, e: 4292761490
#ERR  p: [134148869], r: 4292761661, e: 4292761490
#ERR  p: [134148870], r: 4292761708, e: 4292761540
#ERR  p: [134148871], r: 4292761712, e: 4292761551
#ERR  p: [134148872], r: 4292761724, e: 4292761607
#ERR  p: [134148873], r: 4292761735, e: 4292761653
#ERR  p: [134148874], r: 4292761806, e: 4292761661
#ERR  p: [134148875], r: 4292761884, e: 4292761708
#ERR  p: [134148876], r: 4292761886, e: 4292761712
#ERR  p: [134148877], r: 4292761888, e: 4292761724
#ERR  p: [134148878], r: 4292761907, e: 4292761735
#ERR  p: [134148879], r: 4292761998, e: 4292761806
#ERR  p: [134148880], r: 4292762052, e: 4292761884
#ERR  p: [134148881], r: 4292762095, e: 4292761886
#ERR  p: [134148882], r: 4292762123, e: 4292761888
#ERR  p: [134148883], r: 4292762174, e: 4292761907
#ERR  p: [134148884], r: 4292762233, e: 4292761998
#ERR  p: [134148885], r: 4292762328, e: 4292762052
#ERR  p: [134148886], r: 4292762344, e: 4292762095
#ERR  p: [134148887], r: 4292762354, e: 4292762123
#ERR  p: [134148888], r: 4292762373, e: 4292762174
#ERR  p: [134148889], r: 4292762549, e: 4292762233
#ERR  p: [134148890], r: 4292762551, e: 4292762328
#ERR  p: [134148891], r: 4292762578, e: 4292762344
#ERR  p: [134148892], r: 4292762612, e: 4292762354
#ERR  p: [134148893], r: 4292762631, e: 4292762373
#ERR  p: [134148894], r: 4292762654, e: 4292762549
#ERR  p: [134148895], r: 4292762711, e: 4292762551
#ERR  p: [134148896], r: 4292762746, e: 4292762578
#ERR  p: [134148897], r: 4292762794, e: 4292762612
#ERR  p: [134148898], r: 4292762881, e: 4292762631
#ERR  p: [134148899], r: 4292762976, e: 4292762654
#ERR  p: [134148900], r: 4292763000, e: 4292762711
#ERR  p: [134148901], r: 4292763061, e: 4292762746
#ERR  p: [134148902], r: 4292763091, e: 4292762794
#ERR  p: [134148903], r: 4292763100, e: 4292762881
#ERR  p: [134148904], r: 4292763109, e: 4292762976
#ERR  p: [134148905], r: 4292763172, e: 4292763000
#ERR  p: [134148906], r: 4292763263, e: 4292763061
#ERR  p: [134148907], r: 4292763280, e: 4292763091
#ERR  p: [134148908], r: 4292763296, e: 4292763100
#ERR  p: [134148909], r: 4292763468, e: 4292763109
#ERR  p: [134148910], r: 4292763522, e: 4292763172
#ERR  p: [134148911], r: 4292763624, e: 4292763263
#ERR  p: [134148912], r: 4292763638, e: 4292763280
#ERR  p: [134148913], r: 4292763643, e: 4292763296
#ERR  p: [134148914], r: 4292763643, e: 4292763468
#ERR  p: [134148915], r: 4292763646, e: 4292763522
#ERR  p: [134148916], r: 4292763701, e: 4292763624
#ERR  p: [134148917], r: 4292763715, e: 4292763638
#ERR  p: [134148918], r: 4292763758, e: 4292763643
#ERR  p: [134148919], r: 4292763799, e: 4292763643
#ERR  p: [134148920], r: 4292763882, e: 4292763646
#ERR  p: [134148921], r: 4292763947, e: 4292763701
#ERR  p: [134148922], r: 4292763968, e: 4292763715
#ERR  p: [134148923], r: 4292763980, e: 4292763758
#ERR  p: [134148924], r: 4292763988, e: 4292763799
#ERR  p: [134148925], r: 4292763992, e: 4292763882
#ERR  p: [134148926], r: 4292764051, e: 4292763947
#ERR  p: [134148927], r: 4292764156, e: 4292763968
#ERR  p: [134148928], r: 4292764156, e: 4292763980
#ERR  p: [134148929], r: 4292764211, e: 4292763988
#ERR  p: [134148930], r: 4292764242, e: 4292763992
#ERR  p: [134148931], r: 4292764258, e: 4292764051
#ERR  p: [134148932], r: 4292764394, e: 4292764156
#ERR  p: [134148933], r: 4292764426, e: 4292764156
#ERR  p: [134148934], r: 4292764446, e: 4292764211
#ERR  p: [134148935], r: 4292764460, e: 4292764242
#ERR  p: [134148936], r: 4292764481, e: 4292764258
#ERR  p: [134148937], r: 4292764514, e: 4292764394
#ERR  p: [134148938], r: 4292764531, e: 4292764426
#ERR  p: [134148939], r: 4292764554, e: 4292764446
#ERR  p: [134148940], r: 4292764561, e: 4292764460
#ERR  p: [134148941], r: 4292764573, e: 4292764481
#ERR  p: [134148942], r: 4292764620, e: 4292764514
#ERR  p: [134148943], r: 4292764623, e: 4292764531
#ERR  p: [134148944], r: 4292764722, e: 4292764554
#ERR  p: [134148945], r: 4292764758, e: 4292764561
#ERR  p: [134148946], r: 4292764803, e: 4292764573
#ERR  p: [134148947], r: 4292764860, e: 4292764620
#ERR  p: [134148948], r: 4292764870, e: 4292764623
#ERR  p: [134148949], r: 4292764928, e: 4292764722
#ERR  p: [134148950], r: 4292764938, e: 4292764758
#ERR  p: [134148951], r: 4292764944, e: 4292764803
#ERR  p: [134148952], r: 4292764968, e: 4292764860
#ERR  p: [134148953], r: 4292764982, e: 4292764870
#ERR  p: [134148954], r: 4292765025, e: 4292764928
#ERR  p: [134148955], r: 4292765081, e: 4292764938
#ERR  p: [134148956], r: 4292765084, e: 4292764944
#ERR  p: [134148957], r: 4292765086, e: 4292764968
#ERR  p: [134148958], r: 4292765188, e: 4292764982
#ERR  p: [134148959], r: 4292765265, e: 4292765025
#ERR  p: [134148960], r: 4292765310, e: 4292765081
#ERR  p: [134148961], r: 4292765317, e: 4292765084
#ERR  p: [134148962], r: 4292765420, e: 4292765086
#ERR  p: [134148963], r: 4292765432, e: 4292765188
#ERR  p: [134148964], r: 4292765443, e: 4292765265
#ERR  p: [134148965], r: 4292765465, e: 4292765310
#ERR  p: [134148966], r: 4292765506, e: 4292765317
#ERR  p: [134148967], r: 4292765578, e: 4292765420
#ERR  p: [134148968], r: 4292765626, e: 4292765432
#ERR  p: [134148969], r: 4292765631, e: 4292765443
#ERR  p: [134148970], r: 4292765665, e: 4292765465
#ERR  p: [134148971], r: 4292765682, e: 4292765506
#ERR  p: [134148972], r: 4292765687, e: 4292765578
#ERR  p: [134148973], r: 4292765727, e: 4292765626
#ERR  p: [134148974], r: 4292765755, e: 4292765631
#ERR  p: [134148975], r: 4292765763, e: 4292765665
#ERR  p: [134148976], r: 4292765769, e: 4292765682
#ERR  p: [134148977], r: 4292765774, e: 4292765687
#ERR  p: [134148978], r: 4292765782, e: 4292765727
#ERR  p: [134148979], r: 4292765831, e: 4292765755
#ERR  p: [134148980], r: 4292765930, e: 4292765763
#ERR  p: [134148981], r: 4292765944, e: 4292765769
#ERR  p: [134148982], r: 4292765967, e: 4292765774
#ERR  p: [134148983], r: 4292766040, e: 4292765782
#ERR  p: [134148984], r: 4292766043, e: 4292765831
#ERR  p: [134148985], r: 4292766154, e: 4292765918
#ERR  p: [134148986], r: 4292766163, e: 4292765930
#ERR  p: [134148987], r: 4292766178, e: 4292765944
#ERR  p: [134148988], r: 4292766192, e: 4292765967
#ERR  p: [134148989], r: 4292766211, e: 4292766040
#ERR  p: [134148990], r: 4292766247, e: 4292766043
#ERR  p: [134148991], r: 4292766264, e: 4292766154
#ERR  p: [134148992], r: 4292766325, e: 4292766163
#ERR  p: [134148993], r: 4292766358, e: 4292766178
#ERR  p: [134148994], r: 4292766372, e: 4292766192
#ERR  p: [134148995], r: 4292766411, e: 4292766211
#ERR  p: [134148996], r: 4292766425, e: 4292766247
#ERR  p: [134148997], r: 4292766444, e: 4292766264
#ERR  p: [134148998], r: 4292766444, e: 4292766325
#ERR  p: [134148999], r: 4292766445, e: 4292766358
#ERR  p: [134149000], r: 4292766476, e: 4292766372
#ERR  p: [134149001], r: 4292766523, e: 4292766411
#ERR  p: [134149002], r: 4292766532, e: 4292766425
#ERR  p: [134149003], r: 4292766569, e: 4292766444
#ERR  p: [134149004], r: 4292766583, e: 4292766444
#ERR  p: [134149005], r: 4292766628, e: 4292766445
#ERR  p: [134149006], r: 4292766673, e: 4292766476
#ERR  p: [134149007], r: 4292766807, e: 4292766523
#ERR  p: [134149008], r: 4292766840, e: 4292766532
#ERR  p: [134149009], r: 4292766841, e: 4292766569
#ERR  p: [134149010], r: 4292766869, e: 4292766583
#ERR  p: [134149011], r: 4292766897, e: 4292766628
#ERR  p: [134149012], r: 4292766901, e: 4292766673
#ERR  p: [134149013], r: 4292766932, e: 4292766807
#ERR  p: [134149014], r: 4292766990, e: 4292766840
#ERR  p: [134149015], r: 4292767093, e: 4292766841
#ERR  p: [134149016], r: 4292767103, e: 4292766869
#ERR  p: [134149017], r: 4292767126, e: 4292766897
#ERR  p: [134149018], r: 4292767246, e: 4292766901
#ERR  p: [134149019], r: 4292767261, e: 4292766932
#ERR  p: [134149020], r: 4292767267, e: 4292766990
#ERR  p: [134149021], r: 4292767337, e: 4292767093
#ERR  p: [134149022], r: 4292767346, e: 4292767103
#ERR  p: [134149023], r: 4292767348, e: 4292767110
#ERR  p: [134149024], r: 4292767393, e: 4292767126
#ERR  p: [134149025], r: 4292767397, e: 4292767246
#ERR  p: [134149026], r: 4292767418, e: 4292767261
#ERR  p: [134149027], r: 4292767487, e: 4292767267
#ERR  p: [134149028], r: 4292767495, e: 4292767337
#ERR  p: [134149029], r: 4292767503, e: 4292767346
#ERR  p: [134149030], r: 4292767503, e: 4292767348
#ERR  p: [134149031], r: 4292767525, e: 4292767393
#ERR  p: [134149032], r: 4292767529, e: 4292767397
#ERR  p: [134149033], r: 4292767536, e: 4292767418
#ERR  p: [134149034], r: 4292767539, e: 4292767487
#ERR  p: [134149035], r: 4292767558, e: 4292767495
#ERR  p: [134149036], r: 4292767570, e: 4292767503
#ERR  p: [134149037], r: 4292767588, e: 4292767503
#ERR  p: [134149038], r: 4292767650, e: 4292767525
#ERR  p: [134149039], r: 4292767667, e: 4292767529
#ERR  p: [134149040], r: 4292767698, e: 4292767536
#ERR  p: [134149041], r: 4292767701, e: 4292767539
#ERR  p: [134149042], r: 4292767716, e: 4292767558
#ERR  p: [134149043], r: 4292767789, e: 4292767570
#ERR  p: [134149044], r: 4292767838, e: 4292767588
#ERR  p: [134149045], r: 4292767870, e: 4292767650
#ERR  p: [134149046], r: 4292767872, e: 4292767667
#ERR  p: [134149047], r: 4292767888, e: 4292767698
#ERR  p: [134149048], r: 4292767916, e: 4292767701
#ERR  p: [134149049], r: 4292767974, e: 4292767716
#ERR  p: [134149050], r: 4292767983, e: 4292767789
#ERR  p: [134149051], r: 4292767984, e: 4292767838
#ERR  p: [134149052], r: 4292767994, e: 4292767870
#ERR  p: [134149053], r: 4292768009, e: 4292767872
#ERR  p: [134149054], r: 4292768012, e: 4292767888
#ERR  p: [134149055], r: 4292768029, e: 4292767916
#ERR  p: [134149056], r: 4292768038, e: 4292767974
#ERR  p: [134149057], r: 4292768082, e: 4292767983
#ERR  p: [134149058], r: 4292768102, e: 4292767984
#SDC Ite:0 KerTime:76.767482 AccTime:76.767482 KerErr:69119 AccErr:69119
#ABORT too many errors per iteration
#END