#HEADER size:134217728 omp_num_threads:228
#BEGIN Y:2017 M:02 D:22 Time:07:25:43
#IT Ite:0 KerTime:81.309915 AccTime:81.309915
#ERR  p: [134209644], r: 4294708667, e: 4294708659
#ERR  p: [134209645], r: 4294708749, e: 4294708667
#ERR  p: [134209646], r: 4294708758, e: 4294708749
#ERR  p: [134209647], r: 4294708804, e: 4294708758
#ERR  p: [134209648], r: 4294708833, e: 4294708804
#ERR  p: [134209649], r: 4294708844, e: 4294708833
#ERR  p: [134209650], r: 4294708846, e: 4294708844
#ERR  p: [134209651], r: 4294708899, e: 4294708846
#ERR  p: [134209652], r: 4294708913, e: 4294708899
#ERR  p: [134209653], r: 4294708914, e: 4294708913
#ERR  p: [134209654], r: 4294708987, e: 4294708914
#ERR  p: [134209655], r: 4294709003, e: 4294708987
#ERR  p: [134209656], r: 4294709018, e: 4294709003
#ERR  p: [134209657], r: 4294709055, e: 4294709018
#ERR  p: [134209658], r: 4294709089, e: 4294709055
#ERR  p: [134209659], r: 4294709099, e: 4294709089
#ERR  p: [134209660], r: 4294709114, e: 4294709099
#ERR  p: [134209661], r: 4294709124, e: 4294709114
#ERR  p: [134209662], r: 4294709126, e: 4294709124
#ERR  p: [134209663], r: 4294709130, e: 4294709126
#ERR  p: [134209664], r: 4294709169, e: 4294709130
#ERR  p: [134209665], r: 4294709217, e: 4294709169
#ERR  p: [134209666], r: 4294709225, e: 4294709217
#ERR  p: [134209667], r: 4294709231, e: 4294709225
#ERR  p: [134209668], r: 4294709301, e: 4294709231
#ERR  p: [134209669], r: 4294709315, e: 4294709301
#ERR  p: [134209670], r: 4294709342, e: 4294709315
#ERR  p: [134209671], r: 4294709352, e: 4294709342
#ERR  p: [134209672], r: 4294709386, e: 4294709352
#ERR  p: [134209673], r: 4294709460, e: 4294709386
#ERR  p: [134209674], r: 4294709464, e: 4294709460
#ERR  p: [134209675], r: 4294709477, e: 4294709464
#ERR  p: [134209676], r: 4294709497, e: 4294709477
#ERR  p: [134209677], r: 4294709507, e: 4294709497
#ERR  p: [134209678], r: 4294709549, e: 4294709507
#ERR  p: [134209679], r: 4294709573, e: 4294709549
#ERR  p: [134209680], r: 4294709588, e: 4294709573
#ERR  p: [134209681], r: 4294709611, e: 4294709588
#ERR  p: [134209682], r: 4294709617, e: 4294709611
#ERR  p: [134209683], r: 4294709637, e: 4294709617
#ERR  p: [134209684], r: 4294709650, e: 4294709637
#ERR  p: [134209685], r: 4294709682, e: 4294709650
#ERR  p: [134209686], r: 4294709793, e: 4294709682
#ERR  p: [134209687], r: 4294709828, e: 4294709793
#ERR  p: [134209688], r: 4294709852, e: 4294709828
#ERR  p: [134209689], r: 4294709863, e: 4294709852
#ERR  p: [134209690], r: 4294709901, e: 4294709863
#ERR  p: [134209691], r: 4294709945, e: 4294709901
#ERR  p: [134209692], r: 4294709949, e: 4294709945
#ERR  p: [134209693], r: 4294709981, e: 4294709949
#ERR  p: [134209694], r: 4294710040, e: 4294709981
#ERR  p: [134209695], r: 4294710059, e: 4294710040
#ERR  p: [134209696], r: 4294710092, e: 4294710059
#ERR  p: [134209697], r: 4294710112, e: 4294710092
#ERR  p: [134209698], r: 4294710241, e: 4294710112
#ERR  p: [134209699], r: 4294710250, e: 4294710241
#ERR  p: [134209700], r: 4294710290, e: 4294710250
#ERR  p: [134209701], r: 4294710304, e: 4294710290
#ERR  p: [134209702], r: 4294710341, e: 4294710304
#ERR  p: [134209703], r: 4294710347, e: 4294710341
#ERR  p: [134209704], r: 4294710373, e: 4294710347
#ERR  p: [134209705], r: 4294710406, e: 4294710373
#ERR  p: [134209706], r: 4294710445, e: 4294710406
#ERR  p: [134209707], r: 4294710456, e: 4294710445
#ERR  p: [134209708], r: 4294710504, e: 4294710456
#ERR  p: [134209709], r: 4294710531, e: 4294710504
#ERR  p: [134209710], r: 4294710546, e: 4294710531
#ERR  p: [134209711], r: 4294710548, e: 4294710546
#ERR  p: [134209712], r: 4294710661, e: 4294710548
#ERR  p: [134209713], r: 4294710672, e: 4294710661
#ERR  p: [134209714], r: 4294710707, e: 4294710672
#ERR  p: [134209715], r: 4294710743, e: 4294710707
#ERR  p: [134209716], r: 4294710825, e: 4294710743
#ERR  p: [134209717], r: 4294710844, e: 4294710825
#ERR  p: [134209718], r: 4294710889, e: 4294710844
#ERR  p: [134209719], r: 4294710893, e: 4294710889
#ERR  p: [134209720], r: 4294710931, e: 4294710893
#ERR  p: [134209721], r: 4294710962, e: 4294710931
#ERR  p: [134209722], r: 4294710977, e: 4294710962
#ERR  p: [134209723], r: 4294711015, e: 4294710977
#ERR  p: [134209724], r: 4294711056, e: 4294711015
#ERR  p: [134209725], r: 4294711064, e: 4294711056
#ERR  p: [134209726], r: 4294711120, e: 4294711064
#ERR  p: [134209727], r: 4294711191, e: 4294711120
#ERR  p: [134209728], r: 4294711239, e: 4294711183
#ERR  p: [134209729], r: 4294711248, e: 4294711191
#ERR  p: [134209730], r: 4294711277, e: 4294711239
#ERR  p: [134209731], r: 4294711378, e: 4294711248
#ERR  p: [134209732], r: 4294711387, e: 4294711277
#ERR  p: [134209733], r: 4294711413, e: 4294711378
#ERR  p: [134209734], r: 4294711522, e: 4294711387
#ERR  p: [134209735], r: 4294711557, e: 4294711413
#ERR  p: [134209736], r: 4294711563, e: 4294711522
#ERR  p: [134209737], r: 4294711582, e: 4294711557
#ERR  p: [134209738], r: 4294711620, e: 4294711563
#ERR  p: [134209739], r: 4294711627, e: 4294711582
#ERR  p: [134209740], r: 4294711641, e: 4294711620
#ERR  p: [134209741], r: 4294711672, e: 4294711627
#ERR  p: [134209742], r: 4294711684, e: 4294711641
#ERR  p: [134209743], r: 4294711713, e: 4294711672
#ERR  p: [134209744], r: 4294711745, e: 4294711684
#ERR  p: [134209745], r: 4294711800, e: 4294711713
#ERR  p: [134209746], r: 4294711809, e: 4294711745
#ERR  p: [134209747], r: 4294711887, e: 4294711800
#ERR  p: [134209748], r: 4294711901, e: 4294711809
#ERR  p: [134209749], r: 4294711908, e: 4294711887
#ERR  p: [134209750], r: 4294711942, e: 4294711901
#ERR  p: [134209751], r: 4294711951, e: 4294711908
#ERR  p: [134209752], r: 4294711994, e: 4294711942
#ERR  p: [134209753], r: 4294712011, e: 4294711951
#ERR  p: [134209754], r: 4294712055, e: 4294711994
#ERR  p: [134209755], r: 4294712064, e: 4294712011
#ERR  p: [134209756], r: 4294712079, e: 4294712055
#ERR  p: [134209757], r: 4294712182, e: 4294712064
#ERR  p: [134209758], r: 4294712202, e: 4294712079
#ERR  p: [134209759], r: 4294712247, e: 4294712182
#ERR  p: [134209760], r: 4294712303, e: 4294712202
#ERR  p: [134209761], r: 4294712319, e: 4294712247
#ERR  p: [134209762], r: 4294712339, e: 4294712303
#ERR  p: [134209763], r: 4294712354, e: 4294712319
#ERR  p: [134209764], r: 4294712438, e: 4294712339
#ERR  p: [134209765], r: 4294712478, e: 4294712354
#ERR  p: [134209766], r: 4294712494, e: 4294712438
#ERR  p: [134209767], r: 4294712510, e: 4294712478
#ERR  p: [134209768], r: 4294712539, e: 4294712494
#ERR  p: [134209769], r: 4294712591, e: 4294712510
#ERR  p: [134209770], r: 4294712599, e: 4294712539
#ERR  p: [134209771], r: 4294712644, e: 4294712591
#ERR  p: [134209772], r: 4294712660, e: 4294712599
#ERR  p: [134209773], r: 4294712677, e: 4294712644
#ERR  p: [134209774], r: 4294712690, e: 4294712660
#ERR  p: [134209775], r: 4294712724, e: 4294712677
#ERR  p: [134209776], r: 4294712772, e: 4294712690
#ERR  p: [134209777], r: 4294712781, e: 4294712724
#ERR  p: [134209778], r: 4294712820, e: 4294712772
#ERR  p: [134209779], r: 4294712865, e: 4294712781
#ERR  p: [134209780], r: 4294712886, e: 4294712820
#ERR  p: [134209781], r: 4294712965, e: 4294712865
#ERR  p: [134209782], r: 4294713129, e: 4294712886
#ERR  p: [134209783], r: 4294713144, e: 4294712965
#ERR  p: [134209784], r: 4294713166, e: 4294713129
#ERR  p: [134209785], r: 4294713212, e: 4294713144
#ERR  p: [134209786], r: 4294713273, e: 4294713166
#ERR  p: [134209787], r: 4294713288, e: 4294713212
#ERR  p: [134209788], r: 4294713291, e: 4294713273
#ERR  p: [134209789], r: 4294713292, e: 4294713288
#ERR  p: [134209790], r: 4294713295, e: 4294713291
#ERR  p: [134209791], r: 4294713319, e: 4294713292
#ERR  p: [134209792], r: 4294713325, e: 4294713295
#ERR  p: [134209793], r: 4294713332, e: 4294713319
#ERR  p: [134209794], r: 4294713361, e: 4294713325
#ERR  p: [134209795], r: 4294713373, e: 4294713332
#ERR  p: [134209796], r: 4294713407, e: 4294713361
#ERR  p: [134209797], r: 4294713412, e: 4294713373
#ERR  p: [134209798], r: 4294713445, e: 4294713407
#ERR  p: [134209799], r: 4294713488, e: 4294713412
#ERR  p: [134209800], r: 4294713554, e: 4294713445
#ERR  p: [134209801], r: 4294713628, e: 4294713488
#ERR  p: [134209802], r: 4294713643, e: 4294713554
#ERR  p: [134209803], r: 4294713651, e: 4294713628
#ERR  p: [134209804], r: 4294713659, e: 4294713643
#ERR  p: [134209805], r: 4294713731, e: 4294713651
#ERR  p: [134209806], r: 4294713782, e: 4294713659
#ERR  p: [134209807], r: 4294713792, e: 4294713731
#ERR  p: [134209808], r: 4294713810, e: 4294713782
#ERR  p: [134209809], r: 4294713813, e: 4294713792
#ERR  p: [134209810], r: 4294713829, e: 4294713810
#ERR  p: [134209811], r: 4294713835, e: 4294713813
#ERR  p: [134209812], r: 4294713889, e: 4294713829
#ERR  p: [134209813], r: 4294713925, e: 4294713835
#ERR  p: [134209814], r: 4294713930, e: 4294713889
#ERR  p: [134209815], r: 4294713955, e: 4294713925
#ERR  p: [134209816], r: 4294713966, e: 4294713930
#ERR  p: [134209817], r: 4294713981, e: 4294713955
#ERR  p: [134209818], r: 4294713993, e: 4294713966
#ERR  p: [134209819], r: 4294714040, e: 4294713981
#ERR  p: [134209820], r: 4294714045, e: 4294713993
#ERR  p: [134209821], r: 4294714077, e: 4294714040
#ERR  p: [134209822], r: 4294714109, e: 4294714045
#ERR  p: [134209823], r: 4294714152, e: 4294714077
#ERR  p: [134209824], r: 4294714253, e: 4294714109
#ERR  p: [134209825], r: 4294714342, e: 4294714152
#ERR  p: [134209826], r: 4294714388, e: 4294714253
#ERR  p: [134209827], r: 4294714403, e: 4294714342
#ERR  p: [134209828], r: 4294714407, e: 4294714388
#ERR  p: [134209829], r: 4294714458, e: 4294714403
#ERR  p: [134209830], r: 4294714485, e: 4294714407
#ERR  p: [134209831], r: 4294714498, e: 4294714458
#ERR  p: [134209832], r: 4294714569, e: 4294714485
#ERR  p: [134209833], r: 4294714572, e: 4294714498
#ERR  p: [134209834], r: 4294714575, e: 4294714569
#ERR  p: [134209835], r: 4294714597, e: 4294714572
#ERR  p: [134209836], r: 4294714673, e: 4294714575
#ERR  p: [134209837], r: 4294714675, e: 4294714597
#ERR  p: [134209838], r: 4294714709, e: 4294714673
#ERR  p: [134209839], r: 4294714741, e: 4294714675
#ERR  p: [134209840], r: 4294714804, e: 4294714709
#ERR  p: [134209841], r: 4294714809, e: 4294714741
#ERR  p: [134209842], r: 4294714811, e: 4294714804
#ERR  p: [134209843], r: 4294714832, e: 4294714809
#ERR  p: [134209844], r: 4294714937, e: 4294714811
#ERR  p: [134209845], r: 4294714951, e: 4294714832
#ERR  p: [134209846], r: 4294714952, e: 4294714937
#ERR  p: [134209847], r: 4294714994, e: 4294714951
#ERR  p: [134209848], r: 4294715016, e: 4294714952
#ERR  p: [134209849], r: 4294715032, e: 4294714994
#ERR  p: [134209850], r: 4294715075, e: 4294715016
#ERR  p: [134209851], r: 4294715080, e: 4294715032
#ERR  p: [134209852], r: 4294715124, e: 4294715075
#ERR  p: [134209853], r: 4294715142, e: 4294715080
#ERR  p: [134209854], r: 4294715193, e: 4294715124
#ERR  p: [134209855], r: 4294715196, e: 4294715142
#ERR  p: [134209856], r: 4294715271, e: 4294715193
#ERR  p: [134209857], r: 4294715299, e: 4294715196
#ERR  p: [134209858], r: 4294715302, e: 4294715271
#ERR  p: [134209859], r: 4294715319, e: 4294715299
#ERR  p: [134209860], r: 4294715362, e: 4294715302
#ERR  p: [134209861], r: 4294715388, e: 4294715319
#ERR  p: [134209862], r: 4294715504, e: 4294715362
#ERR  p: [134209863], r: 4294715535, e: 4294715388
#ERR  p: [134209864], r: 4294715567, e: 4294715504
#ERR  p: [134209865], r: 4294715580, e: 4294715535
#ERR  p: [134209866], r: 4294715608, e: 4294715567
#ERR  p: [134209867], r: 4294715623, e: 4294715580
#ERR  p: [134209868], r: 4294715624, e: 4294715608
#ERR  p: [134209869], r: 4294715704, e: 4294715623
#ERR  p: [134209870], r: 4294715709, e: 4294715624
#ERR  p: [134209871], r: 4294715722, e: 4294715704
#ERR  p: [134209872], r: 4294715742, e: 4294715709
#ERR  p: [134209873], r: 4294715746, e: 4294715722
#ERR  p: [134209874], r: 4294715758, e: 4294715742
#ERR  p: [134209875], r: 4294715766, e: 4294715746
#ERR  p: [134209876], r: 4294715793, e: 4294715758
#ERR  p: [134209877], r: 4294715808, e: 4294715766
#ERR  p: [134209878], r: 4294715850, e: 4294715793
#ERR  p: [134209879], r: 4294715863, e: 4294715808
#ERR  p: [134209880], r: 4294715931, e: 4294715850
#ERR  p: [134209881], r: 4294715939, e: 4294715863
#ERR  p: [134209882], r: 4294715974, e: 4294715931
#ERR  p: [134209883], r: 4294716085, e: 4294715939
#ERR  p: [134209884], r: 4294716087, e: 4294715974
#ERR  p: [134209885], r: 4294716087, e: 4294716085
#ERR  p: [134209886], r: 4294716148, e: 4294716087
#ERR  p: [134209887], r: 4294716185, e: 4294716087
#ERR  p: [134209888], r: 4294716204, e: 4294716148
#ERR  p: [134209889], r: 4294716224, e: 4294716185
#ERR  p: [134209890], r: 4294716330, e: 4294716204
#ERR  p: [134209891], r: 4294716330, e: 4294716224
#ERR  p: [134209892], r: 4294716351, e: 4294716330
#ERR  p: [134209893], r: 4294716357, e: 4294716330
#ERR  p: [134209894], r: 4294716364, e: 4294716351
#ERR  p: [134209895], r: 4294716400, e: 4294716357
#ERR  p: [134209896], r: 4294716424, e: 4294716364
#ERR  p: [134209897], r: 4294716553, e: 4294716400
#ERR  p: [134209898], r: 4294716579, e: 4294716424
#ERR  p: [134209899], r: 4294716616, e: 4294716553
#ERR  p: [134209900], r: 4294716631, e: 4294716579
#ERR  p: [134209901], r: 4294716735, e: 4294716616
#ERR  p: [134209902], r: 4294716751, e: 4294716631
#ERR  p: [134209903], r: 4294716811, e: 4294716735
#ERR  p: [134209904], r: 4294716906, e: 4294716751
#ERR  p: [134209905], r: 4294716910, e: 4294716811
#ERR  p: [134209906], r: 4294716930, e: 4294716871
#ERR  p: [134209907], r: 4294716973, e: 4294716906
#ERR  p: [134209908], r: 4294717122, e: 4294716910
#ERR  p: [134209909], r: 4294717229, e: 4294716930
#ERR  p: [134209910], r: 4294717238, e: 4294716973
#ERR  p: [134209911], r: 4294717255, e: 4294717122
#ERR  p: [134209912], r: 4294717267, e: 4294717229
#ERR  p: [134209913], r: 4294717323, e: 4294717238
#ERR  p: [134209914], r: 4294717327, e: 4294717255
#ERR  p: [134209915], r: 4294717364, e: 4294717267
#ERR  p: [134209916], r: 4294717366, e: 4294717323
#ERR  p: [134209917], r: 4294717380, e: 4294717327
#ERR  p: [134209918], r: 4294717384, e: 4294717364
#ERR  p: [134209919], r: 4294717654, e: 4294717366
#ERR  p: [134209920], r: 4294717665, e: 4294717380
#ERR  p: [134209921], r: 4294717701, e: 4294717384
#ERR  p: [134209922], r: 4294717773, e: 4294717654
#ERR  p: [134209923], r: 4294717799, e: 4294717665
#ERR  p: [134209924], r: 4294717844, e: 4294717701
#ERR  p: [134209925], r: 4294717847, e: 4294717773
#ERR  p: [134209926], r: 4294717935, e: 4294717799
#ERR  p: [134209927], r: 4294717965, e: 4294717844
#ERR  p: [134209928], r: 4294717975, e: 4294717847
#ERR  p: [134209929], r: 4294718053, e: 4294717935
#ERR  p: [134209930], r: 4294718059, e: 4294717965
#ERR  p: [134209931], r: 4294718149, e: 4294717975
#ERR  p: [134209932], r: 4294718150, e: 4294718053
#ERR  p: [134209933], r: 4294718168, e: 4294718059
#ERR  p: [134209934], r: 4294718197, e: 4294718149
#ERR  p: [134209935], r: 4294718204, e: 4294718150
#ERR  p: [134209936], r: 4294718260, e: 4294718168
#ERR  p: [134209937], r: 4294718358, e: 4294718197
#ERR  p: [134209938], r: 4294718376, e: 4294718204
#ERR  p: [134209939], r: 4294718403, e: 4294718260
#ERR  p: [134209940], r: 4294718403, e: 4294718358
#ERR  p: [134209941], r: 4294718475, e: 4294718370
#ERR  p: [134209942], r: 4294718498, e: 4294718376
#ERR  p: [134209943], r: 4294718515, e: 4294718403
#ERR  p: [134209944], r: 4294718582, e: 4294718403
#ERR  p: [134209945], r: 4294718617, e: 4294718475
#ERR  p: [134209946], r: 4294718626, e: 4294718498
#ERR  p: [134209947], r: 4294718630, e: 4294718515
#ERR  p: [134209948], r: 4294718681, e: 4294718582
#ERR  p: [134209949], r: 4294718692, e: 4294718617
#ERR  p: [134209950], r: 4294718702, e: 4294718626
#ERR  p: [134209951], r: 4294718774, e: 4294718630
#ERR  p: [134209952], r: 4294718793, e: 4294718681
#ERR  p: [134209953], r: 4294718808, e: 4294718692
#ERR  p: [134209954], r: 4294718818, e: 4294718702
#ERR  p: [134209955], r: 4294718828, e: 4294718774
#ERR  p: [134209956], r: 4294718833, e: 4294718793
#ERR  p: [134209957], r: 4294718889, e: 4294718808
#ERR  p: [134209958], r: 4294718917, e: 4294718818
#ERR  p: [134209959], r: 4294718922, e: 4294718828
#ERR  p: [134209960], r: 4294718939, e: 4294718833
#ERR  p: [134209961], r: 4294718970, e: 4294718889
#ERR  p: [134209962], r: 4294718983, e: 4294718917
#ERR  p: [134209963], r: 4294719028, e: 4294718922
#ERR  p: [134209964], r: 4294719048, e: 4294718939
#ERR  p: [134209965], r: 4294719098, e: 4294718970
#ERR  p: [134209966], r: 4294719103, e: 4294718983
#ERR  p: [134209967], r: 4294719105, e: 4294719028
#ERR  p: [134209968], r: 4294719133, e: 4294719048
#ERR  p: [134209969], r: 4294719142, e: 4294719098
#ERR  p: [134209970], r: 4294719152, e: 4294719103
#ERR  p: [134209971], r: 4294719186, e: 4294719105
#ERR  p: [134209972], r: 4294719229, e: 4294719133
#ERR  p: [134209973], r: 4294719247, e: 4294719142
#ERR  p: [134209974], r: 4294719250, e: 4294719152
#ERR  p: [134209975], r: 4294719314, e: 4294719186
#ERR  p: [134209976], r: 4294719319, e: 4294719229
#ERR  p: [134209977], r: 4294719348, e: 4294719247
#ERR  p: [134209978], r: 4294719532, e: 4294719250
#ERR  p: [134209979], r: 4294719580, e: 4294719314
#ERR  p: [134209980], r: 4294719616, e: 4294719319
#ERR  p: [134209981], r: 4294719647, e: 4294719348
#ERR  p: [134209982], r: 4294719757, e: 4294719532
#ERR  p: [134209983], r: 4294719775, e: 4294719580
#ERR  p: [134209984], r: 4294719793, e: 4294719616
#ERR  p: [134209985], r: 4294719815, e: 4294719647
#ERR  p: [134209986], r: 4294719824, e: 4294719757
#ERR  p: [134209987], r: 4294719825, e: 4294719775
#ERR  p: [134209988], r: 4294719861, e: 4294719793
#ERR  p: [134209989], r: 4294719890, e: 4294719815
#ERR  p: [134209990], r: 4294719913, e: 4294719824
#ERR  p: [134209991], r: 4294719972, e: 4294719825
#ERR  p: [134209992], r: 4294720030, e: 4294719861
#ERR  p: [134209993], r: 4294720077, e: 4294719890
#ERR  p: [134209994], r: 4294720107, e: 4294719906
#ERR  p: [134209995], r: 4294720181, e: 4294719913
#ERR  p: [134209996], r: 4294720226, e: 4294719972
#ERR  p: [134209997], r: 4294720310, e: 4294720030
#ERR  p: [134209998], r: 4294720330, e: 4294720077
#ERR  p: [134209999], r: 4294720334, e: 4294720107
#ERR  p: [134210000], r: 4294720339, e: 4294720181
#ERR  p: [134210001], r: 4294720383, e: 4294720226
#ERR  p: [134210002], r: 4294720384, e: 4294720310
#ERR  p: [134210003], r: 4294720416, e: 4294720330
#ERR  p: [134210004], r: 4294720468, e: 4294720334
#ERR  p: [134210005], r: 4294720476, e: 4294720339
#ERR  p: [134210006], r: 4294720501, e: 4294720383
#ERR  p: [134210007], r: 4294720533, e: 4294720384
#ERR  p: [134210008], r: 4294720564, e: 4294720416
#ERR  p: [134210009], r: 4294720587, e: 4294720468
#ERR  p: [134210010], r: 4294720615, e: 4294720476
#ERR  p: [134210011], r: 4294720620, e: 4294720501
#ERR  p: [134210012], r: 4294720646, e: 4294720533
#ERR  p: [134210013], r: 4294720682, e: 4294720564
#ERR  p: [134210014], r: 4294720689, e: 4294720587
#ERR  p: [134210015], r: 4294720702, e: 4294720615
#ERR  p: [134210016], r: 4294720733, e: 4294720620
#ERR  p: [134210017], r: 4294720744, e: 4294720646
#ERR  p: [134210018], r: 4294720747, e: 4294720682
#ERR  p: [134210019], r: 4294720751, e: 4294720689
#ERR  p: [134210020], r: 4294720819, e: 4294720702
#ERR  p: [134210021], r: 4294720831, e: 4294720733
#ERR  p: [134210022], r: 4294720861, e: 4294720744
#ERR  p: [134210023], r: 4294720889, e: 4294720747
#ERR  p: [134210024], r: 4294720913, e: 4294720751
#ERR  p: [134210025], r: 4294720934, e: 4294720819
#ERR  p: [134210026], r: 4294720938, e: 4294720831
#ERR  p: [134210027], r: 4294720970, e: 4294720861
#ERR  p: [134210028], r: 4294721039, e: 4294720889
#ERR  p: [134210029], r: 4294721074, e: 4294720913
#ERR  p: [134210030], r: 4294721087, e: 4294720934
#ERR  p: [134210031], r: 4294721128, e: 4294720938
#ERR  p: [134210032], r: 4294721188, e: 4294720970
#ERR  p: [134210033], r: 4294721219, e: 4294721039
#ERR  p: [134210034], r: 4294721227, e: 4294721074
#ERR  p: [134210035], r: 4294721292, e: 4294721087
#ERR  p: [134210036], r: 4294721316, e: 4294721128
#ERR  p: [134210037], r: 4294721327, e: 4294721188
#ERR  p: [134210038], r: 4294721339, e: 4294721219
#ERR  p: [134210039], r: 4294721352, e: 4294721227
#ERR  p: [134210040], r: 4294721398, e: 4294721292
#ERR  p: [134210041], r: 4294721403, e: 4294721316
#ERR  p: [134210042], r: 4294721412, e: 4294721327
#ERR  p: [134210043], r: 4294721417, e: 4294721339
#ERR  p: [134210044], r: 4294721420, e: 4294721352
#ERR  p: [134210045], r: 4294721421, e: 4294721398
#ERR  p: [134210046], r: 4294721434, e: 4294721403
#ERR  p: [134210047], r: 4294721437, e: 4294721412
#ERR  p: [134210048], r: 4294721463, e: 4294721417
#ERR  p: [134210049], r: 4294721524, e: 4294721420
#ERR  p: [134210050], r: 4294721559, e: 4294721421
#ERR  p: [134210051], r: 4294721580, e: 4294721434
#ERR  p: [134210052], r: 4294721645, e: 4294721437
#ERR  p: [134210053], r: 4294721650, e: 4294721463
#ERR  p: [134210054], r: 4294721684, e: 4294721524
#ERR  p: [134210055], r: 4294721697, e: 4294721559
#ERR  p: [134210056], r: 4294721698, e: 4294721580
#ERR  p: [134210057], r: 4294721701, e: 4294721645
#ERR  p: [134210058], r: 4294721748, e: 4294721650
#ERR  p: [134210059], r: 4294721877, e: 4294721684
#ERR  p: [134210060], r: 4294721955, e: 4294721697
#ERR  p: [134210061], r: 4294721984, e: 4294721698
#ERR  p: [134210062], r: 4294722040, e: 4294721701
#ERR  p: [134210063], r: 4294722107, e: 4294721748
#ERR  p: [134210064], r: 4294722142, e: 4294721877
#ERR  p: [134210065], r: 4294722152, e: 4294721955
#ERR  p: [134210066], r: 4294722155, e: 4294721984
#ERR  p: [134210067], r: 4294722255, e: 4294722040
#ERR  p: [134210068], r: 4294722308, e: 4294722107
#ERR  p: [134210069], r: 4294722358, e: 4294722142
#ERR  p: [134210070], r: 4294722376, e: 4294722152
#ERR  p: [134210071], r: 4294722377, e: 4294722155
#ERR  p: [134210072], r: 4294722417, e: 4294722255
#ERR  p: [134210073], r: 4294722451, e: 4294722308
#ERR  p: [134210074], r: 4294722583, e: 4294722358
#ERR  p: [134210075], r: 4294722701, e: 4294722376
#ERR  p: [134210076], r: 4294722708, e: 4294722377
#ERR  p: [134210077], r: 4294722750, e: 4294722417
#ERR  p: [134210078], r: 4294722752, e: 4294722451
#ERR  p: [134210079], r: 4294722770, e: 4294722583
#ERR  p: [134210080], r: 4294722784, e: 4294722701
#ERR  p: [134210081], r: 4294722788, e: 4294722708
#ERR  p: [134210082], r: 4294722854, e: 4294722750
#ERR  p: [134210083], r: 4294722859, e: 4294722752
#ERR  p: [134210084], r: 4294722874, e: 4294722770
#ERR  p: [134210085], r: 4294722893, e: 4294722784
#ERR  p: [134210086], r: 4294722911, e: 4294722788
#ERR  p: [134210087], r: 4294722928, e: 4294722854
#ERR  p: [134210088], r: 4294722936, e: 4294722859
#ERR  p: [134210089], r: 4294722938, e: 4294722874
#ERR  p: [134210090], r: 4294722988, e: 4294722893
#ERR  p: [134210091], r: 4294723005, e: 4294722911
#ERR  p: [134210092], r: 4294723025, e: 4294722928
#ERR  p: [134210093], r: 4294723053, e: 4294722936
#ERR  p: [134210094], r: 4294723054, e: 4294722938
#ERR  p: [134210095], r: 4294723064, e: 4294722988
#ERR  p: [134210096], r: 4294723138, e: 4294723005
#ERR  p: [134210097], r: 4294723145, e: 4294723025
#ERR  p: [134210098], r: 4294723162, e: 4294723053
#ERR  p: [134210099], r: 4294723171, e: 4294723054
#ERR  p: [134210100], r: 4294723202, e: 4294723064
#ERR  p: [134210101], r: 4294723317, e: 4294723138
#ERR  p: [134210102], r: 4294723374, e: 4294723145
#ERR  p: [134210103], r: 4294723417, e: 4294723162
#ERR  p: [134210104], r: 4294723470, e: 4294723171
#ERR  p: [134210105], r: 4294723516, e: 4294723202
#ERR  p: [134210106], r: 4294723544, e: 4294723317
#ERR  p: [134210107], r: 4294723545, e: 4294723374
#ERR  p: [134210108], r: 4294723575, e: 4294723417
#ERR  p: [134210109], r: 4294723601, e: 4294723470
#ERR  p: [134210110], r: 4294723682, e: 4294723516
#ERR  p: [134210111], r: 4294723696, e: 4294723544
#ERR  p: [134210112], r: 4294723778, e: 4294723545
#ERR  p: [134210113], r: 4294723810, e: 4294723575
#ERR  p: [134210114], r: 4294723837, e: 4294723601
#ERR  p: [134210115], r: 4294723940, e: 4294723682
#ERR  p: [134210116], r: 4294723960, e: 4294723696
#ERR  p: [134210117], r: 4294723965, e: 4294723778
#ERR  p: [134210118], r: 4294723982, e: 4294723810
#ERR  p: [134210119], r: 4294723986, e: 4294723837
#ERR  p: [134210120], r: 4294724081, e: 4294723940
#ERR  p: [134210121], r: 4294724107, e: 4294723960
#ERR  p: [134210122], r: 4294724139, e: 4294723965
#ERR  p: [134210123], r: 4294724194, e: 4294723982
#ERR  p: [134210124], r: 4294724233, e: 4294723986
#ERR  p: [134210125], r: 4294724296, e: 4294724081
#ERR  p: [134210126], r: 4294724396, e: 4294724107
#ERR  p: [134210127], r: 4294724413, e: 4294724139
#ERR  p: [134210128], r: 4294724430, e: 4294724194
#ERR  p: [134210129], r: 4294724433, e: 4294724233
#ERR  p: [134210130], r: 4294724437, e: 4294724296
#ERR  p: [134210131], r: 4294724501, e: 4294724396
#ERR  p: [134210132], r: 4294724510, e: 4294724413
#ERR  p: [134210133], r: 4294724578, e: 4294724430
#ERR  p: [134210134], r: 4294724586, e: 4294724433
#ERR  p: [134210135], r: 4294724641, e: 4294724437
#ERR  p: [134210136], r: 4294724673, e: 4294724501
#ERR  p: [134210137], r: 4294724682, e: 4294724510
#ERR  p: [134210138], r: 4294724704, e: 4294724578
#ERR  p: [134210139], r: 4294724744, e: 4294724586
#ERR  p: [134210140], r: 4294724761, e: 4294724641
#ERR  p: [134210141], r: 4294724761, e: 4294724673
#ERR  p: [134210142], r: 4294724815, e: 4294724682
#ERR  p: [134210143], r: 4294724835, e: 4294724704
#SDC Ite:0 KerTime:81.309915 AccTime:81.309915 KerErr:7732 AccErr:7732
#ABORT too many errors per iteration
#END