#HEADER size:134217728 omp_num_threads:228
#BEGIN Y:2017 M:01 D:11 Time:21:31:12
#IT Ite:0 KerTime:46.167267 AccTime:46.167267
#ERR  p: [94911514], r: 3037186586, e: 3037186558
#ERR  p: [94911515], r: 3037186589, e: 3037186586
#ERR  p: [94911516], r: 3037186714, e: 3037186589
#ERR  p: [94911517], r: 3037186832, e: 3037186714
#ERR  p: [94911518], r: 3037186845, e: 3037186724
#ERR  p: [94911519], r: 3037186880, e: 3037186730
#ERR  p: [94911520], r: 3037186919, e: 3037186832
#ERR  p: [94911521], r: 3037187014, e: 3037186845
#ERR  p: [94911522], r: 3037187051, e: 3037186880
#ERR  p: [94911523], r: 3037187061, e: 3037186919
#ERR  p: [94911524], r: 3037187116, e: 3037187014
#ERR  p: [94911525], r: 3037187126, e: 3037187051
#ERR  p: [94911526], r: 3037187224, e: 3037187061
#ERR  p: [94911527], r: 3037187233, e: 3037187107
#ERR  p: [94911528], r: 3037187400, e: 3037187116
#ERR  p: [94911529], r: 3037187525, e: 3037187126
#ERR  p: [94911530], r: 3037187540, e: 3037187224
#ERR  p: [94911531], r: 3037187541, e: 3037187233
#ERR  p: [94911532], r: 3037187547, e: 3037187277
#ERR  p: [94911533], r: 3037187646, e: 3037187284
#ERR  p: [94911534], r: 3037187801, e: 3037187400
#ERR  p: [94911535], r: 3037187819, e: 3037187482
#ERR  p: [94911536], r: 3037187839, e: 3037187499
#ERR  p: [94911537], r: 3037187883, e: 3037187515
#ERR  p: [94911538], r: 3037187888, e: 3037187525
#ERR  p: [94911539], r: 3037187948, e: 3037187535
#ERR  p: [94911540], r: 3037188013, e: 3037187540
#ERR  p: [94911541], r: 3037188051, e: 3037187541
#ERR  p: [94911542], r: 3037188074, e: 3037187547
#ERR  p: [94911543], r: 3037188123, e: 3037187581
#ERR  p: [94911544], r: 3037188148, e: 3037187587
#ERR  p: [94911545], r: 3037188184, e: 3037187646
#ERR  p: [94911546], r: 3037188200, e: 3037187714
#ERR  p: [94911547], r: 3037188232, e: 3037187753
#ERR  p: [94911548], r: 3037188262, e: 3037187801
#ERR  p: [94911549], r: 3037188285, e: 3037187819
#ERR  p: [94911550], r: 3037188305, e: 3037187822
#ERR  p: [94911551], r: 3037188315, e: 3037187839
#ERR  p: [94911552], r: 3037188497, e: 3037187883
#ERR  p: [94911553], r: 3037188503, e: 3037187888
#ERR  p: [94911554], r: 3037188545, e: 3037187889
#ERR  p: [94911555], r: 3037188599, e: 3037187906
#ERR  p: [94911556], r: 3037188764, e: 3037187948
#ERR  p: [94911557], r: 3037188771, e: 3037188013
#ERR  p: [94911558], r: 3037188900, e: 3037188051
#ERR  p: [94911559], r: 3037189033, e: 3037188074
#ERR  p: [94911560], r: 3037189051, e: 3037188112
#ERR  p: [94911561], r: 3037189084, e: 3037188123
#ERR  p: [94911562], r: 3037189124, e: 3037188148
#ERR  p: [94911563], r: 3037189124, e: 3037188184
#ERR  p: [94911564], r: 3037189132, e: 3037188200
#ERR  p: [94911565], r: 3037189254, e: 3037188202
#ERR  p: [94911566], r: 3037189444, e: 3037188232
#ERR  p: [94911567], r: 3037189463, e: 3037188262
#ERR  p: [94911568], r: 3037189566, e: 3037188268
#ERR  p: [94911569], r: 3037189606, e: 3037188285
#ERR  p: [94911570], r: 3037189610, e: 3037188305
#ERR  p: [94911571], r: 3037189671, e: 3037188315
#ERR  p: [94911572], r: 3037189752, e: 3037188384
#ERR  p: [94911573], r: 3037189812, e: 3037188414
#ERR  p: [94911574], r: 3037189895, e: 3037188429
#ERR  p: [94911575], r: 3037189972, e: 3037188467
#ERR  p: [94911576], r: 3037190030, e: 3037188497
#ERR  p: [94911577], r: 3037190199, e: 3037188499
#ERR  p: [94911578], r: 3037190207, e: 3037188503
#ERR  p: [94911579], r: 3037190215, e: 3037188545
#ERR  p: [94911580], r: 3037190229, e: 3037188552
#ERR  p: [94911581], r: 3037190270, e: 3037188555
#ERR  p: [94911582], r: 3037190278, e: 3037188574
#ERR  p: [94911583], r: 3037190310, e: 3037188599
#ERR  p: [94911584], r: 3037190342, e: 3037188745
#ERR  p: [94911585], r: 3037190406, e: 3037188764
#ERR  p: [94911586], r: 3037190596, e: 3037188771
#ERR  p: [94911587], r: 3037190610, e: 3037188900
#ERR  p: [94911588], r: 3037190677, e: 3037188907
#ERR  p: [94911589], r: 3037190714, e: 3037188947
#ERR  p: [94911590], r: 3037190768, e: 3037189033
#ERR  p: [94911591], r: 3037190853, e: 3037189051
#ERR  p: [94911592], r: 3037190855, e: 3037189084
#ERR  p: [94911593], r: 3037190927, e: 3037189089
#ERR  p: [94911594], r: 3037190946, e: 3037189113
#ERR  p: [94911595], r: 3037191038, e: 3037189119
#ERR  p: [94911596], r: 3037191109, e: 3037189124
#ERR  p: [94911597], r: 3037191196, e: 3037189124
#ERR  p: [94911598], r: 3037191215, e: 3037189132
#ERR  p: [94911599], r: 3037191262, e: 3037189186
#ERR  p: [94911600], r: 3037191354, e: 3037189216
#ERR  p: [94911601], r: 3037191466, e: 3037189254
#ERR  p: [94911602], r: 3037191626, e: 3037189300
#ERR  p: [94911603], r: 3037191726, e: 3037189318
#ERR  p: [94911604], r: 3037191815, e: 3037189444
#ERR  p: [94911605], r: 3037191840, e: 3037189463
#ERR  p: [94911606], r: 3037191939, e: 3037189566
#ERR  p: [94911607], r: 3037192031, e: 3037189606
#ERR  p: [94911608], r: 3037192064, e: 3037189610
#ERR  p: [94911609], r: 3037192156, e: 3037189628
#ERR  p: [94911610], r: 3037192197, e: 3037189651
#ERR  p: [94911611], r: 3037192316, e: 3037189671
#ERR  p: [94911612], r: 3037192487, e: 3037189735
#ERR  p: [94911613], r: 3037192596, e: 3037189752
#ERR  p: [94911614], r: 3037192828, e: 3037189806
#ERR  p: [94911615], r: 3037192846, e: 3037189812
#ERR  p: [94911616], r: 3037192994, e: 3037189818
#ERR  p: [94911617], r: 3037193032, e: 3037189895
#ERR  p: [94911618], r: 3037193160, e: 3037189969
#ERR  p: [94911619], r: 3037193228, e: 3037189972
#ERR  p: [94911620], r: 3037193229, e: 3037190000
#ERR  p: [94911621], r: 3037193287, e: 3037190008
#ERR  p: [94911622], r: 3037193432, e: 3037190030
#ERR  p: [94911623], r: 3037193480, e: 3037190045
#ERR  p: [94911624], r: 3037193551, e: 3037190199
#ERR  p: [94911625], r: 3037193573, e: 3037190207
#ERR  p: [94911626], r: 3037193615, e: 3037190215
#ERR  p: [94911627], r: 3037193662, e: 3037190229
#ERR  p: [94911628], r: 3037193679, e: 3037190244
#ERR  p: [94911629], r: 3037193679, e: 3037190270
#ERR  p: [94911630], r: 3037193731, e: 3037190278
#ERR  p: [94911631], r: 3037193747, e: 3037190286
#ERR  p: [94911632], r: 3037193934, e: 3037190293
#ERR  p: [94911633], r: 3037194018, e: 3037190310
#ERR  p: [94911634], r: 3037194090, e: 3037190342
#ERR  p: [94911635], r: 3037194156, e: 3037190406
#ERR  p: [94911636], r: 3037194169, e: 3037190417
#ERR  p: [94911637], r: 3037194179, e: 3037190422
#ERR  p: [94911638], r: 3037194193, e: 3037190596
#ERR  p: [94911639], r: 3037194219, e: 3037190610
#ERR  p: [94911640], r: 3037194336, e: 3037190615
#ERR  p: [94911641], r: 3037194374, e: 3037190643
#ERR  p: [94911642], r: 3037194424, e: 3037190677
#ERR  p: [94911643], r: 3037194440, e: 3037190679
#ERR  p: [94911644], r: 3037194487, e: 3037190714
#ERR  p: [94911645], r: 3037194582, e: 3037190736
#ERR  p: [94911646], r: 3037194681, e: 3037190738
#ERR  p: [94911647], r: 3037194690, e: 3037190768
#ERR  p: [94911648], r: 3037194694, e: 3037190768
#ERR  p: [94911649], r: 3037194774, e: 3037190853
#ERR  p: [94911650], r: 3037194807, e: 3037190855
#ERR  p: [94911651], r: 3037194997, e: 3037190855
#ERR  p: [94911652], r: 3037195250, e: 3037190902
#ERR  p: [94911653], r: 3037195328, e: 3037190927
#ERR  p: [94911654], r: 3037195352, e: 3037190946
#ERR  p: [94911655], r: 3037195933, e: 3037190996
#ERR  p: [94911656], r: 3037195936, e: 3037191038
#ERR  p: [94911657], r: 3037195950, e: 3037191092
#ERR  p: [94911658], r: 3037196131, e: 3037191109
#ERR  p: [94911659], r: 3037196141, e: 3037191149
#ERR  p: [94911660], r: 3037196181, e: 3037191169
#ERR  p: [94911661], r: 3037196223, e: 3037191196
#ERR  p: [94911662], r: 3037196234, e: 3037191208
#ERR  p: [94911663], r: 3037196482, e: 3037191215
#ERR  p: [94911664], r: 3037196506, e: 3037191244
#ERR  p: [94911665], r: 3037196535, e: 3037191262
#ERR  p: [94911666], r: 3037196549, e: 3037191281
#ERR  p: [94911667], r: 3037196556, e: 3037191286
#ERR  p: [94911668], r: 3037196603, e: 3037191340
#ERR  p: [94911669], r: 3037196626, e: 3037191354
#ERR  p: [94911670], r: 3037196816, e: 3037191425
#ERR  p: [94911671], r: 3037196902, e: 3037191449
#ERR  p: [94911672], r: 3037196956, e: 3037191454
#ERR  p: [94911673], r: 3037197038, e: 3037191466
#ERR  p: [94911674], r: 3037197088, e: 3037191626
#ERR  p: [94911675], r: 3037197169, e: 3037191726
#ERR  p: [94911676], r: 3037197206, e: 3037191815
#ERR  p: [94911677], r: 3037197208, e: 3037191840
#ERR  p: [94911678], r: 3037197223, e: 3037191861
#ERR  p: [94911679], r: 3037197229, e: 3037191894
#ERR  p: [94911680], r: 3037197231, e: 3037191936
#ERR  p: [94911681], r: 3037197301, e: 3037191939
#ERR  p: [94911682], r: 3037197394, e: 3037192014
#ERR  p: [94911683], r: 3037197431, e: 3037192031
#ERR  p: [94911684], r: 3037197493, e: 3037192041
#ERR  p: [94911685], r: 3037197513, e: 3037192064
#ERR  p: [94911686], r: 3037197518, e: 3037192085
#ERR  p: [94911687], r: 3037197525, e: 3037192094
#ERR  p: [94911688], r: 3037197646, e: 3037192136
#ERR  p: [94911689], r: 3037197897, e: 3037192156
#ERR  p: [94911690], r: 3037197925, e: 3037192156
#ERR  p: [94911691], r: 3037197941, e: 3037192197
#ERR  p: [94911692], r: 3037197948, e: 3037192237
#ERR  p: [94911693], r: 3037197976, e: 3037192309
#ERR  p: [94911694], r: 3037197986, e: 3037192316
#ERR  p: [94911695], r: 3037197988, e: 3037192427
#ERR  p: [94911696], r: 3037198093, e: 3037192449
#ERR  p: [94911697], r: 3037198121, e: 3037192467
#ERR  p: [94911698], r: 3037198129, e: 3037192487
#ERR  p: [94911699], r: 3037198154, e: 3037192494
#ERR  p: [94911700], r: 3037198297, e: 3037192552
#ERR  p: [94911701], r: 3037198376, e: 3037192556
#ERR  p: [94911702], r: 3037198381, e: 3037192580
#ERR  p: [94911703], r: 3037198388, e: 3037192596
#ERR  p: [94911704], r: 3037198451, e: 3037192678
#ERR  p: [94911705], r: 3037198557, e: 3037192688
#ERR  p: [94911706], r: 3037198600, e: 3037192691
#ERR  p: [94911707], r: 3037198608, e: 3037192827
#ERR  p: [94911708], r: 3037198616, e: 3037192828
#ERR  p: [94911709], r: 3037198745, e: 3037192846
#ERR  p: [94911710], r: 3037198796, e: 3037192890
#ERR  p: [94911711], r: 3037198854, e: 3037192899
#ERR  p: [94911712], r: 3037198855, e: 3037192902
#ERR  p: [94911713], r: 3037198893, e: 3037192922
#ERR  p: [94911714], r: 3037198909, e: 3037192935
#ERR  p: [94911715], r: 3037199015, e: 3037192943
#ERR  p: [94911716], r: 3037199019, e: 3037192994
#ERR  p: [94911717], r: 3037199091, e: 3037193032
#ERR  p: [94911718], r: 3037199098, e: 3037193111
#ERR  p: [94911719], r: 3037199183, e: 3037193145
#ERR  p: [94911720], r: 3037199186, e: 3037193146
#ERR  p: [94911721], r: 3037199229, e: 3037193160
#ERR  p: [94911722], r: 3037199240, e: 3037193228
#ERR  p: [94911723], r: 3037199248, e: 3037193229
#ERR  p: [94911724], r: 3037199290, e: 3037193257
#ERR  p: [94911725], r: 3037199326, e: 3037193287
#ERR  p: [94911726], r: 3037199480, e: 3037193306
#ERR  p: [94911727], r: 3037199598, e: 3037193342
#ERR  p: [94911728], r: 3037199602, e: 3037193386
#ERR  p: [94911729], r: 3037199687, e: 3037193432
#ERR  p: [94911730], r: 3037199721, e: 3037193480
#ERR  p: [94911731], r: 3037199805, e: 3037193551
#ERR  p: [94911732], r: 3037199896, e: 3037193569
#ERR  p: [94911733], r: 3037199911, e: 3037193573
#ERR  p: [94911734], r: 3037199911, e: 3037193615
#ERR  p: [94911735], r: 3037200061, e: 3037193662
#ERR  p: [94911736], r: 3037200205, e: 3037193679
#ERR  p: [94911737], r: 3037200211, e: 3037193679
#ERR  p: [94911738], r: 3037200244, e: 3037193731
#ERR  p: [94911739], r: 3037200306, e: 3037193747
#ERR  p: [94911740], r: 3037200404, e: 3037193899
#ERR  p: [94911741], r: 3037200421, e: 3037193918
#ERR  p: [94911742], r: 3037200445, e: 3037193934
#ERR  p: [94911743], r: 3037200479, e: 3037193991
#ERR  p: [94911744], r: 3037200519, e: 3037193996
#ERR  p: [94911745], r: 3037200547, e: 3037194018
#ERR  p: [94911746], r: 3037200605, e: 3037194064
#ERR  p: [94911747], r: 3037200735, e: 3037194090
#ERR  p: [94911748], r: 3037200750, e: 3037194156
#ERR  p: [94911749], r: 3037200801, e: 3037194169
#ERR  p: [94911750], r: 3037200962, e: 3037194179
#ERR  p: [94911751], r: 3037201033, e: 3037194193
#ERR  p: [94911752], r: 3037201089, e: 3037194212
#ERR  p: [94911753], r: 3037201123, e: 3037194219
#ERR  p: [94911754], r: 3037201328, e: 3037194300
#ERR  p: [94911755], r: 3037201378, e: 3037194336
#ERR  p: [94911756], r: 3037201613, e: 3037194370
#ERR  p: [94911757], r: 3037201749, e: 3037194374
#ERR  p: [94911758], r: 3037201769, e: 3037194378
#ERR  p: [94911759], r: 3037201788, e: 3037194395
#ERR  p: [94911760], r: 3037201936, e: 3037194413
#ERR  p: [94911761], r: 3037201948, e: 3037194424
#ERR  p: [94911762], r: 3037201964, e: 3037194440
#ERR  p: [94911763], r: 3037202000, e: 3037194473
#ERR  p: [94911764], r: 3037202011, e: 3037194487
#ERR  p: [94911765], r: 3037202026, e: 3037194550
#ERR  p: [94911766], r: 3037202059, e: 3037194568
#ERR  p: [94911767], r: 3037202133, e: 3037194579
#ERR  p: [94911768], r: 3037202182, e: 3037194582
#ERR  p: [94911769], r: 3037202242, e: 3037194681
#ERR  p: [94911770], r: 3037202250, e: 3037194690
#ERR  p: [94911771], r: 3037202302, e: 3037194694
#ERR  p: [94911772], r: 3037202367, e: 3037194774
#ERR  p: [94911773], r: 3037202418, e: 3037194807
#ERR  p: [94911774], r: 3037202438, e: 3037194847
#ERR  p: [94911775], r: 3037202457, e: 3037194968
#ERR  p: [94911776], r: 3037202505, e: 3037194973
#ERR  p: [94911777], r: 3037202508, e: 3037194997
#ERR  p: [94911778], r: 3037202616, e: 3037195080
#ERR  p: [94911779], r: 3037202629, e: 3037195190
#ERR  p: [94911780], r: 3037202801, e: 3037195243
#ERR  p: [94911781], r: 3037202853, e: 3037195250
#ERR  p: [94911782], r: 3037202893, e: 3037195274
#ERR  p: [94911783], r: 3037202899, e: 3037195328
#ERR  p: [94911784], r: 3037202917, e: 3037195352
#ERR  p: [94911785], r: 3037203038, e: 3037195513
#ERR  p: [94911786], r: 3037203162, e: 3037195770
#ERR  p: [94911787], r: 3037203197, e: 3037195783
#ERR  p: [94911788], r: 3037203226, e: 3037195853
#ERR  p: [94911789], r: 3037203247, e: 3037195902
#ERR  p: [94911790], r: 3037203281, e: 3037195933
#ERR  p: [94911791], r: 3037203315, e: 3037195936
#ERR  p: [94911792], r: 3037203333, e: 3037195950
#ERR  p: [94911793], r: 3037203334, e: 3037195962
#ERR  p: [94911794], r: 3037203353, e: 3037196082
#ERR  p: [94911795], r: 3037203426, e: 3037196131
#ERR  p: [94911796], r: 3037203482, e: 3037196141
#ERR  p: [94911797], r: 3037203539, e: 3037196181
#ERR  p: [94911798], r: 3037203693, e: 3037196223
#ERR  p: [94911799], r: 3037203721, e: 3037196234
#ERR  p: [94911800], r: 3037203874, e: 3037196320
#ERR  p: [94911801], r: 3037203886, e: 3037196463
#ERR  p: [94911802], r: 3037204035, e: 3037196482
#ERR  p: [94911803], r: 3037204055, e: 3037196488
#ERR  p: [94911804], r: 3037204105, e: 3037196506
#ERR  p: [94911805], r: 3037204107, e: 3037196530
#ERR  p: [94911806], r: 3037204128, e: 3037196535
#ERR  p: [94911807], r: 3037204191, e: 3037196549
#ERR  p: [94911808], r: 3037204227, e: 3037196556
#ERR  p: [94911809], r: 3037204290, e: 3037196603
#ERR  p: [94911810], r: 3037204337, e: 3037196626
#ERR  p: [94911811], r: 3037204372, e: 3037196693
#ERR  p: [94911812], r: 3037204391, e: 3037196728
#ERR  p: [94911813], r: 3037204403, e: 3037196779
#ERR  p: [94911814], r: 3037204485, e: 3037196816
#ERR  p: [94911815], r: 3037204499, e: 3037196880
#ERR  p: [94911816], r: 3037204536, e: 3037196902
#ERR  p: [94911817], r: 3037204538, e: 3037196956
#ERR  p: [94911818], r: 3037204591, e: 3037197026
#ERR  p: [94911819], r: 3037204767, e: 3037197038
#ERR  p: [94911820], r: 3037204883, e: 3037197088
#ERR  p: [94911821], r: 3037204889, e: 3037197153
#ERR  p: [94911822], r: 3037204941, e: 3037197168
#ERR  p: [94911823], r: 3037205107, e: 3037197168
#ERR  p: [94911824], r: 3037205180, e: 3037197169
#ERR  p: [94911825], r: 3037205222, e: 3037197206
#ERR  p: [94911826], r: 3037205243, e: 3037197208
#ERR  p: [94911827], r: 3037205308, e: 3037197223
#ERR  p: [94911828], r: 3037205314, e: 3037197229
#ERR  p: [94911829], r: 3037205495, e: 3037197231
#ERR  p: [94911830], r: 3037205526, e: 3037197301
#ERR  p: [94911831], r: 3037205657, e: 3037197301
#ERR  p: [94911832], r: 3037205660, e: 3037197394
#ERR  p: [94911833], r: 3037205688, e: 3037197424
#ERR  p: [94911834], r: 3037205704, e: 3037197431
#ERR  p: [94911835], r: 3037205723, e: 3037197481
#ERR  p: [94911836], r: 3037205899, e: 3037197493
#ERR  p: [94911837], r: 3037205930, e: 3037197512
#ERR  p: [94911838], r: 3037206007, e: 3037197513
#ERR  p: [94911839], r: 3037206009, e: 3037197518
#ERR  p: [94911840], r: 3037206038, e: 3037197525
#ERR  p: [94911841], r: 3037206108, e: 3037197629
#ERR  p: [94911842], r: 3037206150, e: 3037197646
#ERR  p: [94911843], r: 3037206170, e: 3037197718
#ERR  p: [94911844], r: 3037206179, e: 3037197733
#ERR  p: [94911845], r: 3037206259, e: 3037197767
#ERR  p: [94911846], r: 3037206277, e: 3037197812
#ERR  p: [94911847], r: 3037206288, e: 3037197897
#ERR  p: [94911848], r: 3037206401, e: 3037197925
#ERR  p: [94911849], r: 3037206442, e: 3037197935
#ERR  p: [94911850], r: 3037206444, e: 3037197941
#ERR  p: [94911851], r: 3037206590, e: 3037197948
#ERR  p: [94911852], r: 3037206615, e: 3037197976
#ERR  p: [94911853], r: 3037206681, e: 3037197981
#ERR  p: [94911854], r: 3037206791, e: 3037197986
#ERR  p: [94911855], r: 3037206800, e: 3037197988
#ERR  p: [94911856], r: 3037206838, e: 3037197998
#ERR  p: [94911857], r: 3037206841, e: 3037198043
#ERR  p: [94911858], r: 3037206877, e: 3037198093
#ERR  p: [94911859], r: 3037206998, e: 3037198121
#ERR  p: [94911860], r: 3037207074, e: 3037198129
#ERR  p: [94911861], r: 3037207104, e: 3037198154
#ERR  p: [94911862], r: 3037207105, e: 3037198261
#ERR  p: [94911863], r: 3037207143, e: 3037198297
#ERR  p: [94911864], r: 3037207153, e: 3037198318
#ERR  p: [94911865], r: 3037207163, e: 3037198344
#ERR  p: [94911866], r: 3037207306, e: 3037198376
#ERR  p: [94911867], r: 3037207342, e: 3037198381
#ERR  p: [94911868], r: 3037207388, e: 3037198388
#ERR  p: [94911869], r: 3037207472, e: 3037198451
#ERR  p: [94911870], r: 3037207479, e: 3037198555
#ERR  p: [94911871], r: 3037207481, e: 3037198557
#ERR  p: [94911872], r: 3037207557, e: 3037198600
#ERR  p: [94911873], r: 3037207558, e: 3037198608
#ERR  p: [94911874], r: 3037207578, e: 3037198616
#ERR  p: [94911875], r: 3037207601, e: 3037198745
#ERR  p: [94911876], r: 3037207677, e: 3037198796
#ERR  p: [94911877], r: 3037207703, e: 3037198845
#ERR  p: [94911878], r: 3037207732, e: 3037198854
#ERR  p: [94911879], r: 3037207738, e: 3037198855
#ERR  p: [94911880], r: 3037207789, e: 3037198860
#ERR  p: [94911881], r: 3037207893, e: 3037198893
#ERR  p: [94911882], r: 3037207959, e: 3037198893
#ERR  p: [94911883], r: 3037208018, e: 3037198909
#ERR  p: [94911884], r: 3037208062, e: 3037198919
#ERR  p: [94911885], r: 3037208178, e: 3037198933
#ERR  p: [94911886], r: 3037208183, e: 3037199015
#ERR  p: [94911887], r: 3037208235, e: 3037199019
#ERR  p: [94911888], r: 3037208322, e: 3037199051
#ERR  p: [94911889], r: 3037208355, e: 3037199066
#ERR  p: [94911890], r: 3037208380, e: 3037199091
#ERR  p: [94911891], r: 3037208517, e: 3037199098
#ERR  p: [94911892], r: 3037208574, e: 3037199115
#ERR  p: [94911893], r: 3037208595, e: 3037199183
#ERR  p: [94911894], r: 3037208625, e: 3037199186
#ERR  p: [94911895], r: 3037208651, e: 3037199229
#ERR  p: [94911896], r: 3037208666, e: 3037199240
#ERR  p: [94911897], r: 3037208877, e: 3037199248
#ERR  p: [94911898], r: 3037208879, e: 3037199290
#ERR  p: [94911899], r: 3037208897, e: 3037199298
#ERR  p: [94911900], r: 3037208985, e: 3037199315
#ERR  p: [94911901], r: 3037209033, e: 3037199326
#ERR  p: [94911902], r: 3037209132, e: 3037199413
#ERR  p: [94911903], r: 3037209138, e: 3037199480
#ERR  p: [94911904], r: 3037209138, e: 3037199506
#ERR  p: [94911905], r: 3037209158, e: 3037199593
#ERR  p: [94911906], r: 3037209317, e: 3037199598
#ERR  p: [94911907], r: 3037209393, e: 3037199602
#ERR  p: [94911908], r: 3037209404, e: 3037199677
#ERR  p: [94911909], r: 3037209404, e: 3037199687
#ERR  p: [94911910], r: 3037209446, e: 3037199700
#ERR  p: [94911911], r: 3037209509, e: 3037199721
#ERR  p: [94911912], r: 3037209512, e: 3037199770
#ERR  p: [94911913], r: 3037209548, e: 3037199800
#ERR  p: [94911914], r: 3037209551, e: 3037199805
#ERR  p: [94911915], r: 3037209568, e: 3037199813
#ERR  p: [94911916], r: 3037209618, e: 3037199849
#ERR  p: [94911917], r: 3037209653, e: 3037199893
#ERR  p: [94911918], r: 3037209660, e: 3037199896
#ERR  p: [94911919], r: 3037209678, e: 3037199911
#ERR  p: [94911920], r: 3037209771, e: 3037199911
#ERR  p: [94911921], r: 3037209810, e: 3037199950
#ERR  p: [94911922], r: 3037209818, e: 3037199987
#ERR  p: [94911923], r: 3037209847, e: 3037200005
#ERR  p: [94911924], r: 3037209921, e: 3037200061
#ERR  p: [94911925], r: 3037209949, e: 3037200120
#ERR  p: [94911926], r: 3037209974, e: 3037200205
#ERR  p: [94911927], r: 3037210016, e: 3037200211
#ERR  p: [94911928], r: 3037210128, e: 3037200244
#ERR  p: [94911929], r: 3037210165, e: 3037200306
#ERR  p: [94911930], r: 3037210217, e: 3037200329
#ERR  p: [94911931], r: 3037210233, e: 3037200383
#ERR  p: [94911932], r: 3037210236, e: 3037200404
#ERR  p: [94911933], r: 3037210335, e: 3037200421
#ERR  p: [94911934], r: 3037210362, e: 3037200445
#ERR  p: [94911935], r: 3037210364, e: 3037200479
#ERR  p: [94911936], r: 3037210380, e: 3037200505
#ERR  p: [94911937], r: 3037210395, e: 3037200519
#ERR  p: [94911938], r: 3037210414, e: 3037200545
#ERR  p: [94911939], r: 3037210572, e: 3037200547
#ERR  p: [94911940], r: 3037210680, e: 3037200605
#ERR  p: [94911941], r: 3037210687, e: 3037200651
#ERR  p: [94911942], r: 3037210693, e: 3037200663
#ERR  p: [94911943], r: 3037210701, e: 3037200735
#ERR  p: [94911944], r: 3037210702, e: 3037200750
#ERR  p: [94911945], r: 3037210708, e: 3037200772
#ERR  p: [94911946], r: 3037210743, e: 3037200801
#ERR  p: [94911947], r: 3037210744, e: 3037200883
#ERR  p: [94911948], r: 3037211009, e: 3037200941
#ERR  p: [94911949], r: 3037211147, e: 3037200962
#ERR  p: [94911950], r: 3037211279, e: 3037201033
#ERR  p: [94911951], r: 3037211306, e: 3037201089
#ERR  p: [94911952], r: 3037211310, e: 3037201123
#ERR  p: [94911953], r: 3037211325, e: 3037201189
#ERR  p: [94911954], r: 3037211332, e: 3037201328
#ERR  p: [94911955], r: 3037211370, e: 3037201354
#ERR  p: [94911956], r: 3037211510, e: 3037201378
#ERR  p: [94911957], r: 3037211546, e: 3037201416
#ERR  p: [94911958], r: 3037211547, e: 3037201478
#ERR  p: [94911959], r: 3037211557, e: 3037201515
#ERR  p: [94911960], r: 3037211571, e: 3037201613
#ERR  p: [94911961], r: 3037211578, e: 3037201700
#ERR  p: [94911962], r: 3037211612, e: 3037201749
#ERR  p: [94911963], r: 3037211820, e: 3037201769
#ERR  p: [94911964], r: 3037211835, e: 3037201788
#ERR  p: [94911965], r: 3037211995, e: 3037201882
#ERR  p: [94911966], r: 3037212041, e: 3037201895
#ERR  p: [94911967], r: 3037212058, e: 3037201936
#ERR  p: [94911968], r: 3037212080, e: 3037201948
#ERR  p: [94911969], r: 3037212092, e: 3037201952
#ERR  p: [94911970], r: 3037212152, e: 3037201958
#ERR  p: [94911971], r: 3037212254, e: 3037201964
#ERR  p: [94911972], r: 3037212296, e: 3037202000
#ERR  p: [94911973], r: 3037212385, e: 3037202000
#ERR  p: [94911974], r: 3037212500, e: 3037202011
#ERR  p: [94911975], r: 3037212523, e: 3037202020
#ERR  p: [94911976], r: 3037212553, e: 3037202026
#ERR  p: [94911977], r: 3037212592, e: 3037202026
#ERR  p: [94911978], r: 3037212859, e: 3037202041
#ERR  p: [94911979], r: 3037212967, e: 3037202059
#ERR  p: [94911980], r: 3037213021, e: 3037202075
#ERR  p: [94911981], r: 3037213061, e: 3037202133
#ERR  p: [94911982], r: 3037213237, e: 3037202152
#ERR  p: [94911983], r: 3037213246, e: 3037202182
#ERR  p: [94911984], r: 3037213346, e: 3037202200
#ERR  p: [94911985], r: 3037213416, e: 3037202242
#ERR  p: [94911986], r: 3037213474, e: 3037202244
#ERR  p: [94911987], r: 3037213546, e: 3037202249
#ERR  p: [94911988], r: 3037213601, e: 3037202250
#ERR  p: [94911989], r: 3037213730, e: 3037202302
#ERR  p: [94911990], r: 3037213732, e: 3037202322
#ERR  p: [94911991], r: 3037213971, e: 3037202367
#ERR  p: [94911992], r: 3037213999, e: 3037202379
#ERR  p: [94911993], r: 3037214026, e: 3037202418
#ERR  p: [94911994], r: 3037214065, e: 3037202438
#ERR  p: [94911995], r: 3037214079, e: 3037202457
#ERR  p: [94911996], r: 3037214225, e: 3037202493
#ERR  p: [94911997], r: 3037214242, e: 3037202505
#ERR  p: [94911998], r: 3037214467, e: 3037202508
#ERR  p: [94911999], r: 3037214762, e: 3037202517
#ERR  p: [94912000], r: 3037214777, e: 3037202616
#ERR  p: [94912001], r: 3037214825, e: 3037202629
#ERR  p: [94912002], r: 3037214943, e: 3037202631
#ERR  p: [94912003], r: 3037215023, e: 3037202671
#ERR  p: [94912004], r: 3037215035, e: 3037202791
#ERR  p: [94912005], r: 3037215105, e: 3037202801
#ERR  p: [94912006], r: 3037215126, e: 3037202804
#ERR  p: [94912007], r: 3037215153, e: 3037202829
#ERR  p: [94912008], r: 3037215195, e: 3037202853
#ERR  p: [94912009], r: 3037215214, e: 3037202866
#ERR  p: [94912010], r: 3037215239, e: 3037202893
#ERR  p: [94912011], r: 3037215255, e: 3037202899
#ERR  p: [94912012], r: 3037215260, e: 3037202901
#ERR  p: [94912013], r: 3037215280, e: 3037202917
#SDC Ite:0 KerTime:46.167267 AccTime:46.167267 KerErr:37810 AccErr:37810
#ABORT too many errors per iteration
#END