#HEADER size:134217728 omp_num_threads:228
#BEGIN Y:2017 M:03 D:16 Time:07:47:51
#IT Ite:0 KerTime:48.335267 AccTime:48.335267
#ERR  p: [57830598], r: 1850939953, e: 1850457651
#ERR  p: [57830599], r: 1850838928, e: 1850457666
#ERR  p: [57830600], r: 1850631699, e: 1850457666
#ERR  p: [57830601], r: 1850618443, e: 1850457698
#ERR  p: [57830602], r: 1850668412, e: 1850457699
#ERR  p: [57830603], r: 1850457666, e: 1850457719
#ERR  p: [57830604], r: 1850750346, e: 1850457721
#ERR  p: [57830605], r: 1850499168, e: 1850457739
#ERR  p: [57830606], r: 1850464609, e: 1850457754
#ERR  p: [57830607], r: 1851157459, e: 1850457762
#ERR  p: [57830608], r: 1851234981, e: 1850457786
#ERR  p: [57830609], r: 1851149759, e: 1850457876
#ERR  p: [57830610], r: 1851332063, e: 1850457941
#ERR  p: [57830611], r: 1850688251, e: 1850457972
#ERR  p: [57830612], r: 1850501699, e: 1850457987
#ERR  p: [57830613], r: 1850629944, e: 1850458038
#ERR  p: [57830614], r: 1850774930, e: 1850458112
#ERR  p: [57830615], r: 1851224290, e: 1850458166
#ERR  p: [57830616], r: 1850613595, e: 1850458360
#ERR  p: [57830617], r: 1851152348, e: 1850458378
#ERR  p: [57830618], r: 1850623850, e: 1850458432
#ERR  p: [57830619], r: 1850774278, e: 1850458523
#ERR  p: [57830620], r: 1850792854, e: 1850458556
#ERR  p: [57830621], r: 1851263780, e: 1850458561
#ERR  p: [57830622], r: 1850797072, e: 1850458566
#ERR  p: [57830623], r: 1851003842, e: 1850458573
#ERR  p: [57830624], r: 1851092871, e: 1850458600
#ERR  p: [57830625], r: 1850765695, e: 1850458628
#ERR  p: [57830626], r: 1850630625, e: 1850458707
#ERR  p: [57830627], r: 1851050089, e: 1850458740
#ERR  p: [57830628], r: 1851290608, e: 1850458867
#ERR  p: [57830629], r: 1851176185, e: 1850458952
#ERR  p: [57830630], r: 1851221427, e: 1850458995
#ERR  p: [57830631], r: 1851013278, e: 1850459028
#ERR  p: [57830632], r: 1850666163, e: 1850459037
#ERR  p: [57830633], r: 1851283489, e: 1850459052
#ERR  p: [57830634], r: 1850620983, e: 1850459078
#ERR  p: [57830635], r: 1851181459, e: 1850459092
#ERR  p: [57830636], r: 1850461506, e: 1850459094
#ERR  p: [57830637], r: 1850521922, e: 1850459103
#ERR  p: [57830638], r: 1851291474, e: 1850459107
#ERR  p: [57830639], r: 1850671199, e: 1850459127
#ERR  p: [57830640], r: 1850469103, e: 1850459223
#ERR  p: [57830641], r: 1850869347, e: 1850459276
#ERR  p: [57830642], r: 1851004357, e: 1850459303
#ERR  p: [57830643], r: 1851040233, e: 1850459323
#ERR  p: [57830644], r: 1850944441, e: 1850459344
#ERR  p: [57830645], r: 1850679095, e: 1850459349
#ERR  p: [57830646], r: 1850866678, e: 1850459382
#ERR  p: [57830647], r: 1851122791, e: 1850459402
#ERR  p: [57830648], r: 1850637550, e: 1850459403
#ERR  p: [57830649], r: 1850821742, e: 1850459415
#ERR  p: [57830650], r: 1850473843, e: 1850459513
#ERR  p: [57830651], r: 1851177831, e: 1850459518
#ERR  p: [57830652], r: 1850807782, e: 1850459531
#ERR  p: [57830653], r: 1850806209, e: 1850459536
#ERR  p: [57830654], r: 1850937084, e: 1850459672
#ERR  p: [57830655], r: 1851102770, e: 1850459684
#ERR  p: [57830656], r: 1850826010, e: 1850459686
#ERR  p: [57830657], r: 1851079116, e: 1850459691
#ERR  p: [57830658], r: 1851198743, e: 1850459774
#ERR  p: [57830659], r: 1851322482, e: 1850459789
#ERR  p: [57830660], r: 1850522137, e: 1850459793
#ERR  p: [57830661], r: 1851107884, e: 1850459876
#ERR  p: [57830662], r: 1851009762, e: 1850459882
#ERR  p: [57830663], r: 1851106930, e: 1850459883
#ERR  p: [57830664], r: 1850736728, e: 1850459961
#ERR  p: [57830665], r: 1851198232, e: 1850459990
#ERR  p: [57830666], r: 1850553208, e: 1850459994
#ERR  p: [57830667], r: 1851068007, e: 1850460043
#ERR  p: [57830668], r: 1850821994, e: 1850460065
#ERR  p: [57830669], r: 1850556400, e: 1850460068
#ERR  p: [57830670], r: 1851234114, e: 1850460101
#ERR  p: [57830671], r: 1850647362, e: 1850460103
#ERR  p: [57830672], r: 1850812407, e: 1850460147
#ERR  p: [57830673], r: 1850472891, e: 1850460147
#ERR  p: [57830674], r: 1850762948, e: 1850460209
#ERR  p: [57830675], r: 1850600795, e: 1850460213
#ERR  p: [57830676], r: 1851247344, e: 1850460233
#ERR  p: [57830677], r: 1850895068, e: 1850460289
#ERR  p: [57830678], r: 1851152488, e: 1850460409
#ERR  p: [57830679], r: 1851093437, e: 1850460464
#ERR  p: [57830680], r: 1851332763, e: 1850460484
#ERR  p: [57830681], r: 1850717000, e: 1850460513
#ERR  p: [57830682], r: 1851266380, e: 1850460524
#ERR  p: [57830683], r: 1851314162, e: 1850460525
#ERR  p: [57830684], r: 1850733097, e: 1850460579
#ERR  p: [57830685], r: 1851273153, e: 1850460608
#ERR  p: [57830686], r: 1850938793, e: 1850460616
#ERR  p: [57830687], r: 1850783477, e: 1850460646
#ERR  p: [57830688], r: 1851059214, e: 1850460668
#ERR  p: [57830689], r: 1851013410, e: 1850460697
#ERR  p: [57830690], r: 1850662785, e: 1850460713
#ERR  p: [57830691], r: 1850753372, e: 1850460746
#ERR  p: [57830692], r: 1850852369, e: 1850460760
#ERR  p: [57830693], r: 1850746703, e: 1850460894
#ERR  p: [57830694], r: 1850464081, e: 1850460907
#ERR  p: [57830695], r: 1851063660, e: 1850460916
#ERR  p: [57830696], r: 1850641823, e: 1850460965
#ERR  p: [57830697], r: 1850674470, e: 1850460971
#ERR  p: [57830698], r: 1850918638, e: 1850460990
#ERR  p: [57830699], r: 1850846614, e: 1850461023
#ERR  p: [57830700], r: 1850951967, e: 1850461040
#ERR  p: [57830701], r: 1850812742, e: 1850461103
#ERR  p: [57830702], r: 1850469582, e: 1850461103
#ERR  p: [57830703], r: 1850566948, e: 1850461154
#ERR  p: [57830704], r: 1850904695, e: 1850461171
#ERR  p: [57830705], r: 1850640847, e: 1850461187
#ERR  p: [57830706], r: 1851257397, e: 1850461236
#ERR  p: [57830707], r: 1851319926, e: 1850461237
#ERR  p: [57830708], r: 1851136091, e: 1850461239
#ERR  p: [57830709], r: 1851222282, e: 1850461283
#ERR  p: [57830710], r: 1851046304, e: 1850461314
#ERR  p: [57830711], r: 1850849035, e: 1850461352
#ERR  p: [57830712], r: 1850814645, e: 1850461357
#ERR  p: [57830713], r: 1851269334, e: 1850461439
#ERR  p: [57830714], r: 1850914363, e: 1850461488
#ERR  p: [57830715], r: 1850722895, e: 1850461506
#ERR  p: [57830716], r: 1850720082, e: 1850461546
#ERR  p: [57830717], r: 1850928738, e: 1850461616
#ERR  p: [57830718], r: 1850794140, e: 1850461654
#ERR  p: [57830719], r: 1850814770, e: 1850461656
#ERR  p: [57830720], r: 1850562002, e: 1850461732
#ERR  p: [57830721], r: 1851010421, e: 1850461743
#ERR  p: [57830722], r: 1851198464, e: 1850461743
#ERR  p: [57830723], r: 1850709665, e: 1850461773
#ERR  p: [57830724], r: 1850970750, e: 1850461852
#ERR  p: [57830725], r: 1851004675, e: 1850461874
#ERR  p: [57830726], r: 1851079749, e: 1850461875
#ERR  p: [57830727], r: 1850831820, e: 1850461882
#ERR  p: [57830728], r: 1850710586, e: 1850461910
#ERR  p: [57830729], r: 1851027469, e: 1850461919
#ERR  p: [57830730], r: 1850723750, e: 1850461926
#ERR  p: [57830731], r: 1851122569, e: 1850461932
#ERR  p: [57830732], r: 1851198013, e: 1850462050
#ERR  p: [57830733], r: 1851248538, e: 1850462093
#ERR  p: [57830734], r: 1850738164, e: 1850462143
#ERR  p: [57830735], r: 1850698305, e: 1850462145
#ERR  p: [57830736], r: 1850677469, e: 1850462173
#ERR  p: [57830737], r: 1850568848, e: 1850462197
#ERR  p: [57830738], r: 1850470146, e: 1850462208
#ERR  p: [57830739], r: 1850619018, e: 1850462271
#ERR  p: [57830740], r: 1850901178, e: 1850462278
#ERR  p: [57830741], r: 1851125660, e: 1850462455
#ERR  p: [57830742], r: 1850509385, e: 1850462496
#ERR  p: [57830743], r: 1850967621, e: 1850462508
#ERR  p: [57830744], r: 1850546025, e: 1850462515
#ERR  p: [57830745], r: 1851106959, e: 1850462531
#ERR  p: [57830746], r: 1851145697, e: 1850462570
#ERR  p: [57830747], r: 1850645950, e: 1850462669
#ERR  p: [57830748], r: 1850757651, e: 1850462723
#ERR  p: [57830749], r: 1850728107, e: 1850462730
#ERR  p: [57830750], r: 1850509267, e: 1850462744
#ERR  p: [57830751], r: 1851229458, e: 1850462751
#ERR  p: [57830752], r: 1850901645, e: 1850462759
#ERR  p: [57830753], r: 1851190023, e: 1850462767
#ERR  p: [57830754], r: 1851016035, e: 1850462819
#ERR  p: [57830755], r: 1850464918, e: 1850462832
#ERR  p: [57830756], r: 1850965832, e: 1850462851
#ERR  p: [57830757], r: 1850862692, e: 1850462896
#ERR  p: [57830758], r: 1851088379, e: 1850462923
#ERR  p: [57830759], r: 1850702760, e: 1850462936
#ERR  p: [57830760], r: 1851064833, e: 1850462970
#ERR  p: [57830761], r: 1851219978, e: 1850462998
#ERR  p: [57830762], r: 1850594502, e: 1850463010
#ERR  p: [57830763], r: 1851084275, e: 1850463027
#ERR  p: [57830764], r: 1851013018, e: 1850463063
#ERR  p: [57830765], r: 1851303997, e: 1850463082
#ERR  p: [57830766], r: 1851213727, e: 1850463127
#ERR  p: [57830767], r: 1851007777, e: 1850463136
#ERR  p: [57830768], r: 1850652280, e: 1850463159
#ERR  p: [57830769], r: 1851014666, e: 1850463159
#ERR  p: [57830770], r: 1851134468, e: 1850463171
#ERR  p: [57830771], r: 1850901073, e: 1850463221
#ERR  p: [57830772], r: 1851137518, e: 1850463273
#ERR  p: [57830773], r: 1851016072, e: 1850463350
#ERR  p: [57830774], r: 1850463159, e: 1850463356
#ERR  p: [57830775], r: 1851174979, e: 1850463393
#ERR  p: [57830776], r: 1851189170, e: 1850463490
#ERR  p: [57830777], r: 1850557007, e: 1850463543
#ERR  p: [57830778], r: 1851111200, e: 1850463544
#ERR  p: [57830779], r: 1850550991, e: 1850463624
#ERR  p: [57830780], r: 1851146811, e: 1850463660
#ERR  p: [57830781], r: 1850672493, e: 1850463786
#ERR  p: [57830782], r: 1851011107, e: 1850463995
#ERR  p: [57830783], r: 1850767140, e: 1850464016
#ERR  p: [57830784], r: 1851030402, e: 1850464077
#ERR  p: [57830785], r: 1851330829, e: 1850464081
#ERR  p: [57830786], r: 1850935100, e: 1850464104
#ERR  p: [57830787], r: 1850893751, e: 1850464215
#ERR  p: [57830788], r: 1850480411, e: 1850464276
#ERR  p: [57830789], r: 1850903218, e: 1850464323
#ERR  p: [57830790], r: 1850743157, e: 1850464396
#ERR  p: [57830791], r: 1850712163, e: 1850464403
#ERR  p: [57830792], r: 1851246485, e: 1850464444
#ERR  p: [57830793], r: 1851145582, e: 1850464481
#ERR  p: [57830794], r: 1850719711, e: 1850464482
#ERR  p: [57830795], r: 1851260631, e: 1850464496
#ERR  p: [57830796], r: 1850678851, e: 1850464502
#ERR  p: [57830797], r: 1851134127, e: 1850464553
#ERR  p: [57830798], r: 1850603403, e: 1850464609
#ERR  p: [57830799], r: 1851277970, e: 1850464614
#ERR  p: [57830800], r: 1851121792, e: 1850464626
#ERR  p: [57830801], r: 1850713526, e: 1850464682
#ERR  p: [57830802], r: 1850653198, e: 1850464708
#ERR  p: [57830803], r: 1850893676, e: 1850464735
#ERR  p: [57830804], r: 1850596246, e: 1850464760
#ERR  p: [57830805], r: 1851182013, e: 1850464793
#ERR  p: [57830806], r: 1850981310, e: 1850464850
#ERR  p: [57830807], r: 1851014593, e: 1850464889
#ERR  p: [57830808], r: 1851245522, e: 1850464918
#ERR  p: [57830809], r: 1850836674, e: 1850464934
#ERR  p: [57830810], r: 1850930670, e: 1850464978
#ERR  p: [57830811], r: 1851221496, e: 1850465067
#ERR  p: [57830812], r: 1850733494, e: 1850465085
#ERR  p: [57830813], r: 1850476740, e: 1850465126
#ERR  p: [57830814], r: 1850861621, e: 1850465187
#ERR  p: [57830815], r: 1851042300, e: 1850465234
#ERR  p: [57830816], r: 1851207851, e: 1850465235
#ERR  p: [57830817], r: 1850999524, e: 1850465249
#ERR  p: [57830818], r: 1850496296, e: 1850465266
#ERR  p: [57830819], r: 1851317150, e: 1850465267
#ERR  p: [57830820], r: 1850833388, e: 1850465276
#ERR  p: [57830821], r: 1851034411, e: 1850465308
#ERR  p: [57830822], r: 1851162646, e: 1850465331
#ERR  p: [57830823], r: 1850766330, e: 1850465345
#ERR  p: [57830824], r: 1850610795, e: 1850465394
#ERR  p: [57830825], r: 1851305285, e: 1850465396
#ERR  p: [57830826], r: 1851054070, e: 1850465414
#ERR  p: [57830827], r: 1851185141, e: 1850465423
#ERR  p: [57830828], r: 1850608913, e: 1850465640
#ERR  p: [57830829], r: 1850998442, e: 1850465641
#ERR  p: [57830830], r: 1850631813, e: 1850465652
#ERR  p: [57830831], r: 1850728240, e: 1850465661
#ERR  p: [57830832], r: 1850885944, e: 1850465674
#ERR  p: [57830833], r: 1850489255, e: 1850465738
#ERR  p: [57830834], r: 1850578161, e: 1850465747
#ERR  p: [57830835], r: 1851045372, e: 1850465788
#ERR  p: [57830836], r: 1850876280, e: 1850465806
#ERR  p: [57830837], r: 1851010928, e: 1850465807
#ERR  p: [57830838], r: 1850748853, e: 1850465852
#ERR  p: [57830839], r: 1850865916, e: 1850465910
#ERR  p: [57830840], r: 1850488472, e: 1850465929
#ERR  p: [57830841], r: 1850632801, e: 1850465942
#ERR  p: [57830842], r: 1850671287, e: 1850465955
#ERR  p: [57830843], r: 1851170328, e: 1850466012
#ERR  p: [57830844], r: 1851299069, e: 1850466053
#ERR  p: [57830845], r: 1850556584, e: 1850466121
#ERR  p: [57830846], r: 1850762323, e: 1850466181
#ERR  p: [57830847], r: 1850644760, e: 1850466182
#ERR  p: [57830848], r: 1850665156, e: 1850466304
#ERR  p: [57830849], r: 1850968846, e: 1850466324
#ERR  p: [57830850], r: 1850565833, e: 1850466334
#ERR  p: [57830851], r: 1850503559, e: 1850466387
#ERR  p: [57830852], r: 1851225156, e: 1850466405
#ERR  p: [57830853], r: 1851086836, e: 1850466554
#ERR  p: [57830854], r: 1851144614, e: 1850466577
#ERR  p: [57830855], r: 1851115449, e: 1850466628
#ERR  p: [57830856], r: 1850953482, e: 1850466632
#ERR  p: [57830857], r: 1850633436, e: 1850466647
#ERR  p: [57830858], r: 1851154447, e: 1850466733
#ERR  p: [57830859], r: 1850501817, e: 1850466743
#ERR  p: [57830860], r: 1850491147, e: 1850466743
#ERR  p: [57830861], r: 1851203367, e: 1850466746
#ERR  p: [57830862], r: 1851075359, e: 1850466751
#ERR  p: [57830863], r: 1850961063, e: 1850466753
#ERR  p: [57830864], r: 1850610023, e: 1850466794
#ERR  p: [57830865], r: 1850710851, e: 1850466823
#ERR  p: [57830866], r: 1850571925, e: 1850466847
#ERR  p: [57830867], r: 1850544764, e: 1850466877
#ERR  p: [57830868], r: 1851143505, e: 1850466992
#ERR  p: [57830869], r: 1850701943, e: 1850466993
#ERR  p: [57830870], r: 1851060664, e: 1850467023
#ERR  p: [57830871], r: 1850778543, e: 1850467025
#ERR  p: [57830872], r: 1851216186, e: 1850467050
#ERR  p: [57830873], r: 1851108341, e: 1850467052
#ERR  p: [57830874], r: 1850824929, e: 1850467077
#ERR  p: [57830875], r: 1851139571, e: 1850467145
#ERR  p: [57830876], r: 1850656190, e: 1850467168
#ERR  p: [57830877], r: 1851054967, e: 1850467235
#ERR  p: [57830878], r: 1850855677, e: 1850467247
#ERR  p: [57830879], r: 1850776720, e: 1850467278
#ERR  p: [57830880], r: 1850777010, e: 1850467302
#ERR  p: [57830881], r: 1851175622, e: 1850467322
#ERR  p: [57830882], r: 1850869950, e: 1850467328
#ERR  p: [57830883], r: 1850542481, e: 1850467351
#ERR  p: [57830884], r: 1851259836, e: 1850467370
#ERR  p: [57830885], r: 1851066394, e: 1850467420
#ERR  p: [57830886], r: 1850933081, e: 1850467448
#ERR  p: [57830887], r: 1850709269, e: 1850467459
#ERR  p: [57830888], r: 1850463786, e: 1850467478
#ERR  p: [57830889], r: 1850774111, e: 1850467519
#ERR  p: [57830890], r: 1851024082, e: 1850467535
#ERR  p: [57830891], r: 1850837151, e: 1850467544
#ERR  p: [57830892], r: 1851233844, e: 1850467568
#ERR  p: [57830893], r: 1851233225, e: 1850467578
#ERR  p: [57830894], r: 1850948081, e: 1850467631
#ERR  p: [57830895], r: 1851242155, e: 1850467651
#ERR  p: [57830896], r: 1850957539, e: 1850467653
#ERR  p: [57830897], r: 1851183842, e: 1850467672
#ERR  p: [57830898], r: 1850973494, e: 1850467680
#ERR  p: [57830899], r: 1850897982, e: 1850467697
#ERR  p: [57830900], r: 1851003906, e: 1850467713
#ERR  p: [57830901], r: 1851247016, e: 1850467738
#ERR  p: [57830902], r: 1850656499, e: 1850467753
#ERR  p: [57830903], r: 1850580749, e: 1850467784
#ERR  p: [57830904], r: 1850717128, e: 1850467823
#ERR  p: [57830905], r: 1850901368, e: 1850467949
#ERR  p: [57830906], r: 1850616203, e: 1850468010
#ERR  p: [57830907], r: 1850946672, e: 1850468023
#ERR  p: [57830908], r: 1850496940, e: 1850468065
#ERR  p: [57830909], r: 1850622843, e: 1850468096
#ERR  p: [57830910], r: 1850872579, e: 1850468144
#ERR  p: [57830911], r: 1850907754, e: 1850468197
#ERR  p: [57830912], r: 1851247908, e: 1850468297
#ERR  p: [57830913], r: 1850721319, e: 1850468314
#ERR  p: [57830914], r: 1851094204, e: 1850468322
#ERR  p: [57830915], r: 1850732081, e: 1850468339
#ERR  p: [57830916], r: 1851248052, e: 1850468401
#ERR  p: [57830917], r: 1850845678, e: 1850468409
#ERR  p: [57830918], r: 1851070159, e: 1850468455
#ERR  p: [57830919], r: 1851315430, e: 1850468473
#ERR  p: [57830920], r: 1850677681, e: 1850468499
#ERR  p: [57830921], r: 1851089815, e: 1850468559
#ERR  p: [57830922], r: 1850546549, e: 1850468577
#ERR  p: [57830923], r: 1850927018, e: 1850468647
#ERR  p: [57830924], r: 1851089779, e: 1850468655
#ERR  p: [57830925], r: 1850814197, e: 1850468705
#ERR  p: [57830926], r: 1850934006, e: 1850468734
#ERR  p: [57830927], r: 1851269201, e: 1850468748
#ERR  p: [57830928], r: 1851230584, e: 1850468763
#ERR  p: [57830929], r: 1850544102, e: 1850468799
#ERR  p: [57830930], r: 1850890786, e: 1850468800
#ERR  p: [57830931], r: 1850507894, e: 1850468819
#ERR  p: [57830932], r: 1850480220, e: 1850468842
#ERR  p: [57830933], r: 1850724303, e: 1850468844
#ERR  p: [57830934], r: 1850952976, e: 1850468892
#ERR  p: [57830935], r: 1850502316, e: 1850468928
#ERR  p: [57830936], r: 1850695344, e: 1850468930
#ERR  p: [57830937], r: 1850644611, e: 1850468941
#ERR  p: [57830938], r: 1851121356, e: 1850468953
#ERR  p: [57830939], r: 1850631107, e: 1850468957
#ERR  p: [57830940], r: 1851329088, e: 1850468971
#ERR  p: [57830941], r: 1850894813, e: 1850468978
#ERR  p: [57830942], r: 1850693495, e: 1850469074
#ERR  p: [57830943], r: 1850879534, e: 1850469103
#ERR  p: [57830944], r: 1851311276, e: 1850469126
#ERR  p: [57830945], r: 1850716210, e: 1850469130
#ERR  p: [57830946], r: 1850720486, e: 1850469146
#ERR  p: [57830947], r: 1851223858, e: 1850469163
#ERR  p: [57830948], r: 1850762631, e: 1850469168
#ERR  p: [57830949], r: 1851106811, e: 1850469186
#ERR  p: [57830950], r: 1850550636, e: 1850469201
#ERR  p: [57830951], r: 1851218532, e: 1850469201
#ERR  p: [57830952], r: 1850924862, e: 1850469238
#ERR  p: [57830953], r: 1851087402, e: 1850469283
#ERR  p: [57830954], r: 1850712259, e: 1850469335
#ERR  p: [57830955], r: 1850527190, e: 1850469352
#ERR  p: [57830956], r: 1851057638, e: 1850469419
#ERR  p: [57830957], r: 1850498226, e: 1850469439
#ERR  p: [57830958], r: 1850761187, e: 1850469476
#ERR  p: [57830959], r: 1850600368, e: 1850469498
#ERR  p: [57830960], r: 1851061508, e: 1850469503
#ERR  p: [57830961], r: 1850935907, e: 1850469529
#ERR  p: [57830962], r: 1850788208, e: 1850469533
#ERR  p: [57830963], r: 1850964151, e: 1850469538
#ERR  p: [57830964], r: 1851313149, e: 1850469567
#ERR  p: [57830965], r: 1850699614, e: 1850469582
#ERR  p: [57830966], r: 1851019626, e: 1850469594
#ERR  p: [57830967], r: 1850519190, e: 1850469623
#ERR  p: [57830968], r: 1850932096, e: 1850469623
#ERR  p: [57830969], r: 1850818969, e: 1850469670
#ERR  p: [57830970], r: 1851296792, e: 1850469715
#ERR  p: [57830971], r: 1850856132, e: 1850469737
#ERR  p: [57830972], r: 1851267163, e: 1850469740
#ERR  p: [57830973], r: 1851048845, e: 1850469818
#ERR  p: [57830974], r: 1851093111, e: 1850469894
#ERR  p: [57830975], r: 1850928664, e: 1850469908
#ERR  p: [57830976], r: 1850496323, e: 1850470017
#ERR  p: [57830977], r: 1850668974, e: 1850470030
#ERR  p: [57830978], r: 1851127607, e: 1850470038
#ERR  p: [57830979], r: 1851054917, e: 1850470079
#ERR  p: [57830980], r: 1851219355, e: 1850470146
#ERR  p: [57830981], r: 1851258896, e: 1850470148
#ERR  p: [57830982], r: 1850578898, e: 1850470245
#ERR  p: [57830983], r: 1851290125, e: 1850470352
#ERR  p: [57830984], r: 1850640453, e: 1850470375
#ERR  p: [57830985], r: 1850684043, e: 1850470434
#ERR  p: [57830986], r: 1851268493, e: 1850470440
#ERR  p: [57830987], r: 1851258603, e: 1850470468
#ERR  p: [57830988], r: 1851245760, e: 1850470475
#ERR  p: [57830989], r: 1850784255, e: 1850470571
#ERR  p: [57830990], r: 1851226891, e: 1850470591
#ERR  p: [57830991], r: 1850819204, e: 1850470600
#ERR  p: [57830992], r: 1851026450, e: 1850470610
#ERR  p: [57830993], r: 1850925549, e: 1850470629
#ERR  p: [57830994], r: 1850958917, e: 1850470636
#ERR  p: [57830995], r: 1850488111, e: 1850470657
#ERR  p: [57830996], r: 1851332718, e: 1850470658
#ERR  p: [57830997], r: 1850744434, e: 1850470674
#ERR  p: [57830998], r: 1850621306, e: 1850470703
#ERR  p: [57830999], r: 1851308062, e: 1850470737
#ERR  p: [57831000], r: 1850608611, e: 1850470759
#ERR  p: [57831001], r: 1850715021, e: 1850470765
#ERR  p: [57831002], r: 1851216060, e: 1850470789
#ERR  p: [57831003], r: 1851197760, e: 1850470833
#ERR  p: [57831004], r: 1850696989, e: 1850470900
#ERR  p: [57831005], r: 1850809494, e: 1850470907
#ERR  p: [57831006], r: 1850501024, e: 1850470943
#ERR  p: [57831007], r: 1851248454, e: 1850470967
#ERR  p: [57831008], r: 1850846351, e: 1850471008
#ERR  p: [57831009], r: 1850936595, e: 1850471052
#ERR  p: [57831010], r: 1850962691, e: 1850471145
#ERR  p: [57831011], r: 1850606487, e: 1850471180
#ERR  p: [57831012], r: 1850896915, e: 1850471221
#ERR  p: [57831013], r: 1851309399, e: 1850471242
#ERR  p: [57831014], r: 1851061191, e: 1850471259
#ERR  p: [57831015], r: 1850601007, e: 1850471269
#ERR  p: [57831016], r: 1850648510, e: 1850471270
#ERR  p: [57831017], r: 1850548173, e: 1850471291
#ERR  p: [57831018], r: 1850990128, e: 1850471298
#ERR  p: [57831019], r: 1850495563, e: 1850471315
#ERR  p: [57831020], r: 1851124408, e: 1850471316
#ERR  p: [57831021], r: 1850932817, e: 1850471347
#ERR  p: [57831022], r: 1851064135, e: 1850471412
#ERR  p: [57831023], r: 1851130249, e: 1850471418
#ERR  p: [57831024], r: 1851097932, e: 1850471426
#ERR  p: [57831025], r: 1851141069, e: 1850471485
#ERR  p: [57831026], r: 1850836052, e: 1850471521
#ERR  p: [57831027], r: 1851181661, e: 1850471542
#ERR  p: [57831028], r: 1850965405, e: 1850471574
#ERR  p: [57831029], r: 1851012530, e: 1850471639
#ERR  p: [57831030], r: 1850481081, e: 1850471702
#ERR  p: [57831031], r: 1850902215, e: 1850471704
#ERR  p: [57831032], r: 1850847141, e: 1850471759
#ERR  p: [57831033], r: 1851213844, e: 1850471768
#ERR  p: [57831034], r: 1850829660, e: 1850471824
#ERR  p: [57831035], r: 1851063125, e: 1850471838
#ERR  p: [57831036], r: 1851022211, e: 1850471865
#ERR  p: [57831037], r: 1850890007, e: 1850471879
#ERR  p: [57831038], r: 1851270182, e: 1850472040
#ERR  p: [57831039], r: 1850663240, e: 1850472093
#ERR  p: [57831040], r: 1850641977, e: 1850472097
#ERR  p: [57831041], r: 1850606557, e: 1850472110
#ERR  p: [57831042], r: 1851269836, e: 1850472134
#ERR  p: [57831043], r: 1850495069, e: 1850472144
#ERR  p: [57831044], r: 1851267195, e: 1850472147
#ERR  p: [57831045], r: 1850695037, e: 1850472153
#ERR  p: [57831046], r: 1850913902, e: 1850472208
#ERR  p: [57831047], r: 1851181126, e: 1850472248
#ERR  p: [57831048], r: 1850828842, e: 1850472253
#ERR  p: [57831049], r: 1850741200, e: 1850472287
#ERR  p: [57831050], r: 1850583445, e: 1850472289
#ERR  p: [57831051], r: 1851028029, e: 1850472293
#ERR  p: [57831052], r: 1850611043, e: 1850472293
#ERR  p: [57831053], r: 1851306021, e: 1850472299
#ERR  p: [57831054], r: 1851103383, e: 1850472322
#ERR  p: [57831055], r: 1850624486, e: 1850472329
#ERR  p: [57831056], r: 1850882207, e: 1850472369
#ERR  p: [57831057], r: 1851006182, e: 1850472426
#ERR  p: [57831058], r: 1850680650, e: 1850472526
#ERR  p: [57831059], r: 1851315266, e: 1850472563
#ERR  p: [57831060], r: 1851061175, e: 1850472564
#ERR  p: [57831061], r: 1850505693, e: 1850472566
#ERR  p: [57831062], r: 1850562924, e: 1850472573
#ERR  p: [57831063], r: 1850559852, e: 1850472584
#ERR  p: [57831064], r: 1851249038, e: 1850472610
#ERR  p: [57831065], r: 1850717678, e: 1850472622
#ERR  p: [57831066], r: 1851158857, e: 1850472639
#ERR  p: [57831067], r: 1851003188, e: 1850472683
#ERR  p: [57831068], r: 1850639675, e: 1850472691
#ERR  p: [57831069], r: 1850579000, e: 1850472721
#ERR  p: [57831070], r: 1850873257, e: 1850472744
#ERR  p: [57831071], r: 1850768877, e: 1850472813
#ERR  p: [57831072], r: 1850910938, e: 1850472829
#ERR  p: [57831073], r: 1850750104, e: 1850472831
#ERR  p: [57831074], r: 1851152155, e: 1850472851
#ERR  p: [57831075], r: 1851082387, e: 1850472855
#ERR  p: [57831076], r: 1851039583, e: 1850472891
#ERR  p: [57831077], r: 1850858211, e: 1850472988
#ERR  p: [57831078], r: 1851323134, e: 1850473018
#ERR  p: [57831079], r: 1851198122, e: 1850473060
#ERR  p: [57831080], r: 1850847410, e: 1850473095
#ERR  p: [57831081], r: 1850669571, e: 1850473105
#ERR  p: [57831082], r: 1851287276, e: 1850473117
#ERR  p: [57831083], r: 1850737055, e: 1850473135
#ERR  p: [57831084], r: 1850750748, e: 1850473162
#ERR  p: [57831085], r: 1851293265, e: 1850473183
#ERR  p: [57831086], r: 1850696722, e: 1850473204
#ERR  p: [57831087], r: 1850724656, e: 1850473247
#ERR  p: [57831088], r: 1851169375, e: 1850473295
#ERR  p: [57831089], r: 1850459382, e: 1850473388
#ERR  p: [57831090], r: 1850470352, e: 1850473415
#ERR  p: [57831091], r: 1850762784, e: 1850473445
#ERR  p: [57831092], r: 1851082488, e: 1850473453
#ERR  p: [57831093], r: 1850568761, e: 1850473479
#ERR  p: [57831094], r: 1850706426, e: 1850473497
#ERR  p: [57831095], r: 1850753509, e: 1850473573
#ERR  p: [57831096], r: 1850608104, e: 1850473576
#ERR  p: [57831097], r: 1851153226, e: 1850473580
#SDC Ite:0 KerTime:48.335267 AccTime:48.335267 KerErr:27272 AccErr:27272
#ABORT too many errors per iteration
#END