#HEADER size:134217728 omp_num_threads:228
#BEGIN Y:2017 M:01 D:09 Time:05:08:30
#IT Ite:0 KerTime:62.903620 AccTime:62.903620
#ERR  p: [3880893], r: 124847570, e: 124320365
#ERR  p: [3880894], r: 124847685, e: 124320374
#ERR  p: [3880895], r: 124847181, e: 124320381
#ERR  p: [3880896], r: 124847707, e: 124320397
#ERR  p: [3880897], r: 124847580, e: 124320439
#ERR  p: [3880898], r: 124847179, e: 124320451
#ERR  p: [3880899], r: 124847221, e: 124320461
#ERR  p: [3880900], r: 124847538, e: 124320478
#ERR  p: [3880901], r: 124846942, e: 124320515
#ERR  p: [3880902], r: 124847357, e: 124320533
#ERR  p: [3880903], r: 124846789, e: 124320541
#ERR  p: [3880904], r: 124847191, e: 124320608
#ERR  p: [3880905], r: 124847119, e: 124320626
#ERR  p: [3880906], r: 124847426, e: 124320639
#ERR  p: [3880907], r: 124847700, e: 124320675
#ERR  p: [3880908], r: 124847464, e: 124320685
#ERR  p: [3880909], r: 124847012, e: 124320720
#ERR  p: [3880910], r: 124846915, e: 124320724
#ERR  p: [3880911], r: 124847627, e: 124320779
#ERR  p: [3880912], r: 124847646, e: 124320782
#ERR  p: [3880913], r: 124847435, e: 124320795
#ERR  p: [3880914], r: 124847518, e: 124320864
#ERR  p: [3880915], r: 124846748, e: 124320877
#ERR  p: [3880916], r: 124847295, e: 124320895
#ERR  p: [3880917], r: 124846976, e: 124320895
#ERR  p: [3880918], r: 124846724, e: 124320904
#ERR  p: [3880919], r: 124847644, e: 124320924
#ERR  p: [3880920], r: 124847124, e: 124321037
#ERR  p: [3880921], r: 124847711, e: 124321043
#ERR  p: [3880922], r: 124847713, e: 124321089
#ERR  p: [3880923], r: 124847722, e: 124321093
#ERR  p: [3880924], r: 124847750, e: 124321248
#ERR  p: [3880925], r: 124847760, e: 124321258
#ERR  p: [3880926], r: 124847771, e: 124321288
#ERR  p: [3880927], r: 124847815, e: 124321380
#ERR  p: [3880928], r: 124847830, e: 124321540
#ERR  p: [3880929], r: 124847850, e: 124321546
#ERR  p: [3880930], r: 124847922, e: 124321564
#ERR  p: [3880931], r: 124847968, e: 124321612
#ERR  p: [3880932], r: 124848002, e: 124321618
#ERR  p: [3880933], r: 124848028, e: 124321632
#ERR  p: [3880934], r: 124848045, e: 124321655
#ERR  p: [3880935], r: 124848091, e: 124321662
#ERR  p: [3880936], r: 124848101, e: 124321687
#ERR  p: [3880937], r: 124848159, e: 124321695
#ERR  p: [3880938], r: 124848202, e: 124321760
#ERR  p: [3880939], r: 124848291, e: 124321820
#ERR  p: [3880940], r: 124848302, e: 124321881
#ERR  p: [3880941], r: 124848303, e: 124321881
#ERR  p: [3880942], r: 124848327, e: 124321977
#ERR  p: [3880943], r: 124848339, e: 124322044
#ERR  p: [3880944], r: 124848493, e: 124322090
#ERR  p: [3880945], r: 124848505, e: 124322106
#ERR  p: [3880946], r: 124848519, e: 124322111
#ERR  p: [3880947], r: 124848538, e: 124322117
#ERR  p: [3880948], r: 124848540, e: 124322154
#ERR  p: [3880949], r: 124848543, e: 124322160
#ERR  p: [3880950], r: 124848572, e: 124322183
#ERR  p: [3880951], r: 124848575, e: 124322227
#ERR  p: [3880952], r: 124848594, e: 124322232
#ERR  p: [3880953], r: 124848606, e: 124322380
#ERR  p: [3880954], r: 124848620, e: 124322435
#ERR  p: [3880955], r: 124848654, e: 124322478
#ERR  p: [3880956], r: 124848659, e: 124322508
#ERR  p: [3880957], r: 124848687, e: 124322540
#ERR  p: [3880958], r: 124848710, e: 124322551
#ERR  p: [3880959], r: 124848724, e: 124322578
#ERR  p: [3880960], r: 124848738, e: 124322609
#ERR  p: [3880961], r: 124848739, e: 124322621
#ERR  p: [3880962], r: 124848753, e: 124322686
#ERR  p: [3880963], r: 124848787, e: 124322702
#ERR  p: [3880964], r: 124848817, e: 124322726
#ERR  p: [3880965], r: 124848822, e: 124322747
#ERR  p: [3880966], r: 124848833, e: 124322755
#ERR  p: [3880967], r: 124848837, e: 124322757
#ERR  p: [3880968], r: 124848841, e: 124322759
#ERR  p: [3880969], r: 124848864, e: 124322796
#ERR  p: [3880970], r: 124848879, e: 124322824
#ERR  p: [3880971], r: 124848919, e: 124322825
#ERR  p: [3880972], r: 124849029, e: 124322916
#ERR  p: [3880973], r: 124849051, e: 124322945
#ERR  p: [3880974], r: 124849101, e: 124322960
#ERR  p: [3880975], r: 124849160, e: 124322968
#ERR  p: [3880976], r: 124849193, e: 124322994
#ERR  p: [3880977], r: 124849200, e: 124322995
#ERR  p: [3880978], r: 124849278, e: 124323064
#ERR  p: [3880979], r: 124849292, e: 124323067
#ERR  p: [3880980], r: 124849325, e: 124323109
#ERR  p: [3880981], r: 124849480, e: 124323217
#ERR  p: [3880982], r: 124849502, e: 124323222
#ERR  p: [3880983], r: 124849511, e: 124323245
#ERR  p: [3880984], r: 124849512, e: 124323263
#ERR  p: [3880985], r: 124849518, e: 124323293
#ERR  p: [3880986], r: 124849531, e: 124323299
#ERR  p: [3880987], r: 124849602, e: 124323301
#ERR  p: [3880988], r: 124849616, e: 124323324
#ERR  p: [3880989], r: 124849620, e: 124323353
#ERR  p: [3880990], r: 124849646, e: 124323377
#ERR  p: [3880991], r: 124849670, e: 124323387
#ERR  p: [3880992], r: 124849683, e: 124323418
#ERR  p: [3880993], r: 124849722, e: 124323430
#ERR  p: [3880994], r: 124849748, e: 124323494
#ERR  p: [3880995], r: 124849815, e: 124323512
#ERR  p: [3880996], r: 124849832, e: 124323595
#ERR  p: [3880997], r: 124849900, e: 124323621
#ERR  p: [3880998], r: 124849906, e: 124323633
#ERR  p: [3880999], r: 124849907, e: 124323698
#ERR  p: [3881000], r: 124849911, e: 124323729
#ERR  p: [3881001], r: 124849924, e: 124323757
#ERR  p: [3881002], r: 124849932, e: 124323791
#ERR  p: [3881003], r: 124849937, e: 124323797
#ERR  p: [3881004], r: 124849974, e: 124323873
#ERR  p: [3881005], r: 124850007, e: 124323875
#ERR  p: [3881006], r: 124850017, e: 124323878
#ERR  p: [3881007], r: 124850032, e: 124323893
#ERR  p: [3881008], r: 124850073, e: 124323910
#ERR  p: [3881009], r: 124850103, e: 124323914
#ERR  p: [3881010], r: 124850137, e: 124323917
#ERR  p: [3881011], r: 124850223, e: 124323920
#ERR  p: [3881012], r: 124850226, e: 124323997
#ERR  p: [3881013], r: 124850253, e: 124324006
#ERR  p: [3881014], r: 124850267, e: 124324035
#ERR  p: [3881015], r: 124850301, e: 124324041
#ERR  p: [3881016], r: 124850333, e: 124324050
#ERR  p: [3881017], r: 124850335, e: 124324101
#ERR  p: [3881018], r: 124850366, e: 124324234
#ERR  p: [3881019], r: 124850366, e: 124324240
#ERR  p: [3881020], r: 124850478, e: 124324280
#ERR  p: [3881021], r: 124850515, e: 124324283
#ERR  p: [3881022], r: 124850619, e: 124324323
#ERR  p: [3881023], r: 124850639, e: 124324385
#ERR  p: [3881024], r: 124850690, e: 124324437
#ERR  p: [3881025], r: 124850728, e: 124324466
#ERR  p: [3881026], r: 124850767, e: 124324502
#ERR  p: [3881027], r: 124850864, e: 124324515
#ERR  p: [3881028], r: 124850888, e: 124324521
#ERR  p: [3881029], r: 124850967, e: 124324604
#ERR  p: [3881030], r: 124851000, e: 124324616
#ERR  p: [3881031], r: 124851015, e: 124324642
#ERR  p: [3881032], r: 124851031, e: 124324674
#ERR  p: [3881033], r: 124851051, e: 124324675
#ERR  p: [3881034], r: 124851062, e: 124324680
#ERR  p: [3881035], r: 124851073, e: 124324721
#ERR  p: [3881036], r: 124851083, e: 124324732
#ERR  p: [3881037], r: 124851087, e: 124324784
#ERR  p: [3881038], r: 124851103, e: 124324804
#ERR  p: [3881039], r: 124851157, e: 124324807
#ERR  p: [3881040], r: 124851211, e: 124324881
#ERR  p: [3881041], r: 124851252, e: 124324900
#ERR  p: [3881042], r: 124851326, e: 124324906
#ERR  p: [3881043], r: 124851338, e: 124324928
#ERR  p: [3881044], r: 124851365, e: 124324987
#ERR  p: [3881045], r: 124851376, e: 124325075
#ERR  p: [3881046], r: 124851456, e: 124325080
#ERR  p: [3881047], r: 124851487, e: 124325092
#ERR  p: [3881048], r: 124851507, e: 124325153
#ERR  p: [3881049], r: 124851509, e: 124325206
#ERR  p: [3881050], r: 124851554, e: 124325210
#ERR  p: [3881051], r: 124851634, e: 124325268
#ERR  p: [3881052], r: 124851714, e: 124325273
#ERR  p: [3881053], r: 124851732, e: 124325287
#ERR  p: [3881054], r: 124851739, e: 124325311
#ERR  p: [3881055], r: 124851755, e: 124325354
#ERR  p: [3881056], r: 124851760, e: 124325359
#ERR  p: [3881057], r: 124851816, e: 124325487
#ERR  p: [3881058], r: 124851888, e: 124325493
#ERR  p: [3881059], r: 124851896, e: 124325502
#ERR  p: [3881060], r: 124851938, e: 124325509
#ERR  p: [3881061], r: 124851964, e: 124325510
#ERR  p: [3881062], r: 124851988, e: 124325516
#ERR  p: [3881063], r: 124851992, e: 124325542
#ERR  p: [3881064], r: 124852019, e: 124325547
#ERR  p: [3881065], r: 124852082, e: 124325560
#ERR  p: [3881066], r: 124852091, e: 124325579
#ERR  p: [3881067], r: 124852096, e: 124325590
#ERR  p: [3881068], r: 124852104, e: 124325615
#ERR  p: [3881069], r: 124852107, e: 124325655
#ERR  p: [3881070], r: 124852148, e: 124325658
#ERR  p: [3881071], r: 124852155, e: 124325670
#ERR  p: [3881072], r: 124852174, e: 124325693
#ERR  p: [3881073], r: 124852216, e: 124325693
#ERR  p: [3881074], r: 124852226, e: 124325727
#ERR  p: [3881075], r: 124852237, e: 124325733
#ERR  p: [3881076], r: 124852253, e: 124325739
#ERR  p: [3881077], r: 124852286, e: 124325740
#ERR  p: [3881078], r: 124852306, e: 124325789
#ERR  p: [3881079], r: 124852333, e: 124325819
#ERR  p: [3881080], r: 124852383, e: 124325840
#ERR  p: [3881081], r: 124852412, e: 124325863
#ERR  p: [3881082], r: 124852432, e: 124325876
#ERR  p: [3881083], r: 124852441, e: 124325905
#ERR  p: [3881084], r: 124852461, e: 124325938
#ERR  p: [3881085], r: 124852483, e: 124325946
#ERR  p: [3881086], r: 124852510, e: 124325989
#ERR  p: [3881087], r: 124852546, e: 124326038
#ERR  p: [3881088], r: 124852646, e: 124326057
#ERR  p: [3881089], r: 124852792, e: 124326116
#ERR  p: [3881090], r: 124852809, e: 124326143
#ERR  p: [3881091], r: 124852823, e: 124326163
#ERR  p: [3881092], r: 124852829, e: 124326231
#ERR  p: [3881093], r: 124852902, e: 124326235
#ERR  p: [3881094], r: 124852905, e: 124326242
#ERR  p: [3881095], r: 124852928, e: 124326246
#ERR  p: [3881096], r: 124852976, e: 124326329
#ERR  p: [3881097], r: 124853028, e: 124326346
#ERR  p: [3881098], r: 124853076, e: 124326352
#ERR  p: [3881099], r: 124853103, e: 124326354
#ERR  p: [3881100], r: 124853120, e: 124326356
#ERR  p: [3881101], r: 124853126, e: 124326403
#ERR  p: [3881102], r: 124853155, e: 124326496
#ERR  p: [3881103], r: 124853186, e: 124326502
#ERR  p: [3881104], r: 124853240, e: 124326520
#ERR  p: [3881105], r: 124853257, e: 124326550
#ERR  p: [3881106], r: 124853275, e: 124326551
#ERR  p: [3881107], r: 124853279, e: 124326586
#ERR  p: [3881108], r: 124853291, e: 124326629
#ERR  p: [3881109], r: 124853408, e: 124326636
#ERR  p: [3881110], r: 124853415, e: 124326714
#ERR  p: [3881111], r: 124853429, e: 124326745
#ERR  p: [3881112], r: 124853482, e: 124326767
#ERR  p: [3881113], r: 124853521, e: 124326782
#ERR  p: [3881114], r: 124853529, e: 124326849
#ERR  p: [3881115], r: 124853571, e: 124326870
#ERR  p: [3881116], r: 124853586, e: 124326917
#ERR  p: [3881117], r: 124853600, e: 124326946
#ERR  p: [3881118], r: 124853638, e: 124327006
#ERR  p: [3881119], r: 124853711, e: 124327019
#ERR  p: [3881120], r: 124853745, e: 124327087
#ERR  p: [3881121], r: 124853775, e: 124327089
#ERR  p: [3881122], r: 124853795, e: 124327090
#ERR  p: [3881123], r: 124853846, e: 124327112
#ERR  p: [3881124], r: 124853860, e: 124327132
#ERR  p: [3881125], r: 124853999, e: 124327138
#ERR  p: [3881126], r: 124854007, e: 124327145
#ERR  p: [3881127], r: 124854011, e: 124327158
#ERR  p: [3881128], r: 124854024, e: 124327206
#ERR  p: [3881129], r: 124854024, e: 124327238
#ERR  p: [3881130], r: 124854025, e: 124327244
#ERR  p: [3881131], r: 124854119, e: 124327254
#ERR  p: [3881132], r: 124854188, e: 124327265
#ERR  p: [3881133], r: 124854217, e: 124327337
#ERR  p: [3881134], r: 124854231, e: 124327378
#ERR  p: [3881135], r: 124854232, e: 124327391
#ERR  p: [3881136], r: 124854241, e: 124327467
#ERR  p: [3881137], r: 124854242, e: 124327546
#ERR  p: [3881138], r: 124854260, e: 124327555
#ERR  p: [3881139], r: 124854286, e: 124327628
#ERR  p: [3881140], r: 124854290, e: 124327644
#ERR  p: [3881141], r: 124854398, e: 124327660
#ERR  p: [3881142], r: 124854406, e: 124327712
#ERR  p: [3881143], r: 124854436, e: 124327712
#ERR  p: [3881144], r: 124854490, e: 124327753
#ERR  p: [3881145], r: 124854519, e: 124327759
#ERR  p: [3881146], r: 124854543, e: 124327775
#ERR  p: [3881147], r: 124854556, e: 124327783
#ERR  p: [3881148], r: 124854631, e: 124327786
#ERR  p: [3881149], r: 124854648, e: 124327829
#ERR  p: [3881150], r: 124854831, e: 124327864
#ERR  p: [3881151], r: 124854845, e: 124327870
#ERR  p: [3881152], r: 124854847, e: 124327886
#ERR  p: [3881153], r: 124854865, e: 124327970
#ERR  p: [3881154], r: 124854910, e: 124328017
#ERR  p: [3881155], r: 124854923, e: 124328083
#ERR  p: [3881156], r: 124854946, e: 124328194
#ERR  p: [3881157], r: 124854953, e: 124328274
#ERR  p: [3881158], r: 124854963, e: 124328332
#ERR  p: [3881159], r: 124854983, e: 124328376
#ERR  p: [3881160], r: 124854992, e: 124328399
#ERR  p: [3881161], r: 124855010, e: 124328404
#ERR  p: [3881162], r: 124855013, e: 124328405
#ERR  p: [3881163], r: 124855020, e: 124328423
#ERR  p: [3881164], r: 124855054, e: 124328428
#ERR  p: [3881165], r: 124855204, e: 124328465
#ERR  p: [3881166], r: 124855214, e: 124328503
#ERR  p: [3881167], r: 124855242, e: 124328514
#ERR  p: [3881168], r: 124855258, e: 124328598
#ERR  p: [3881169], r: 124855261, e: 124328616
#ERR  p: [3881170], r: 124855265, e: 124328679
#ERR  p: [3881171], r: 124855266, e: 124328722
#ERR  p: [3881172], r: 124855270, e: 124328734
#ERR  p: [3881173], r: 124855272, e: 124328737
#ERR  p: [3881174], r: 124855284, e: 124328739
#ERR  p: [3881175], r: 124855287, e: 124328796
#ERR  p: [3881176], r: 124855296, e: 124328827
#ERR  p: [3881177], r: 124855318, e: 124328830
#ERR  p: [3881178], r: 124855338, e: 124329033
#ERR  p: [3881179], r: 124855384, e: 124329061
#ERR  p: [3881180], r: 124855412, e: 124329130
#ERR  p: [3881181], r: 124855419, e: 124329152
#ERR  p: [3881182], r: 124855447, e: 124329213
#ERR  p: [3881183], r: 124855506, e: 124329216
#ERR  p: [3881184], r: 124855583, e: 124329221
#ERR  p: [3881185], r: 124855653, e: 124329234
#ERR  p: [3881186], r: 124855654, e: 124329242
#ERR  p: [3881187], r: 124855718, e: 124329255
#ERR  p: [3881188], r: 124855832, e: 124329301
#ERR  p: [3881189], r: 124855834, e: 124329303
#ERR  p: [3881190], r: 124855845, e: 124329314
#ERR  p: [3881191], r: 124855863, e: 124329335
#ERR  p: [3881192], r: 124855939, e: 124329343
#ERR  p: [3881193], r: 124855967, e: 124329359
#ERR  p: [3881194], r: 124855976, e: 124329382
#ERR  p: [3881195], r: 124856046, e: 124329453
#ERR  p: [3881196], r: 124856078, e: 124329454
#ERR  p: [3881197], r: 124856120, e: 124329496
#ERR  p: [3881198], r: 124856169, e: 124329621
#ERR  p: [3881199], r: 124856176, e: 124329657
#ERR  p: [3881200], r: 124856245, e: 124329713
#ERR  p: [3881201], r: 124856279, e: 124329838
#ERR  p: [3881202], r: 124856285, e: 124329853
#ERR  p: [3881203], r: 124856325, e: 124329873
#ERR  p: [3881204], r: 124856396, e: 124329876
#ERR  p: [3881205], r: 124856424, e: 124329929
#ERR  p: [3881206], r: 124856463, e: 124329936
#ERR  p: [3881207], r: 124856493, e: 124329940
#ERR  p: [3881208], r: 124856508, e: 124329941
#ERR  p: [3881209], r: 124856547, e: 124329954
#ERR  p: [3881210], r: 124856594, e: 124329959
#ERR  p: [3881211], r: 124856598, e: 124329960
#ERR  p: [3881212], r: 124856610, e: 124329968
#ERR  p: [3881213], r: 124856621, e: 124329978
#ERR  p: [3881214], r: 124856640, e: 124330007
#ERR  p: [3881215], r: 124856644, e: 124330076
#ERR  p: [3881216], r: 124856663, e: 124330092
#ERR  p: [3881217], r: 124856714, e: 124330129
#ERR  p: [3881218], r: 124856726, e: 124330144
#ERR  p: [3881219], r: 124856732, e: 124330177
#ERR  p: [3881220], r: 124856780, e: 124330185
#ERR  p: [3881221], r: 124856784, e: 124330264
#ERR  p: [3881222], r: 124856807, e: 124330295
#ERR  p: [3881223], r: 124856821, e: 124330312
#ERR  p: [3881224], r: 124856843, e: 124330339
#ERR  p: [3881225], r: 124856848, e: 124330347
#ERR  p: [3881226], r: 124856855, e: 124330419
#ERR  p: [3881227], r: 124856900, e: 124330446
#ERR  p: [3881228], r: 124856958, e: 124330506
#ERR  p: [3881229], r: 124856968, e: 124330510
#ERR  p: [3881230], r: 124856975, e: 124330520
#ERR  p: [3881231], r: 124857007, e: 124330569
#ERR  p: [3881232], r: 124857013, e: 124330645
#ERR  p: [3881233], r: 124857109, e: 124330720
#ERR  p: [3881234], r: 124857113, e: 124330745
#ERR  p: [3881235], r: 124857128, e: 124330757
#ERR  p: [3881236], r: 124857144, e: 124330801
#ERR  p: [3881237], r: 124857195, e: 124330816
#ERR  p: [3881238], r: 124857206, e: 124330843
#ERR  p: [3881239], r: 124857268, e: 124330862
#ERR  p: [3881240], r: 124857315, e: 124330909
#ERR  p: [3881241], r: 124857323, e: 124330963
#ERR  p: [3881242], r: 124857340, e: 124331023
#ERR  p: [3881243], r: 124857396, e: 124331039
#ERR  p: [3881244], r: 124857403, e: 124331070
#ERR  p: [3881245], r: 124857493, e: 124331091
#ERR  p: [3881246], r: 124857564, e: 124331103
#ERR  p: [3881247], r: 124857566, e: 124331129
#ERR  p: [3881248], r: 124857568, e: 124331133
#ERR  p: [3881249], r: 124857578, e: 124331157
#ERR  p: [3881250], r: 124857635, e: 124331163
#ERR  p: [3881251], r: 124857759, e: 124331189
#ERR  p: [3881252], r: 124857785, e: 124331245
#ERR  p: [3881253], r: 124857807, e: 124331252
#ERR  p: [3881254], r: 124857838, e: 124331281
#ERR  p: [3881255], r: 124857850, e: 124331285
#ERR  p: [3881256], r: 124857861, e: 124331335
#ERR  p: [3881257], r: 124857920, e: 124331501
#ERR  p: [3881258], r: 124857995, e: 124331526
#ERR  p: [3881259], r: 124858028, e: 124331547
#ERR  p: [3881260], r: 124858047, e: 124331597
#ERR  p: [3881261], r: 124858158, e: 124331619
#ERR  p: [3881262], r: 124858258, e: 124331623
#ERR  p: [3881263], r: 124858324, e: 124331636
#ERR  p: [3881264], r: 124858365, e: 124331708
#ERR  p: [3881265], r: 124858393, e: 124331716
#ERR  p: [3881266], r: 124858410, e: 124331750
#ERR  p: [3881267], r: 124858433, e: 124331838
#ERR  p: [3881268], r: 124858454, e: 124331899
#ERR  p: [3881269], r: 124858459, e: 124331900
#ERR  p: [3881270], r: 124858482, e: 124331915
#ERR  p: [3881271], r: 124858495, e: 124331929
#ERR  p: [3881272], r: 124858537, e: 124331970
#ERR  p: [3881273], r: 124858580, e: 124331970
#ERR  p: [3881274], r: 124858616, e: 124332067
#ERR  p: [3881275], r: 124858626, e: 124332107
#ERR  p: [3881276], r: 124858655, e: 124332122
#ERR  p: [3881277], r: 124858664, e: 124332129
#ERR  p: [3881278], r: 124858692, e: 124332174
#ERR  p: [3881279], r: 124858729, e: 124332186
#ERR  p: [3881280], r: 124858731, e: 124332200
#ERR  p: [3881281], r: 124858732, e: 124332237
#ERR  p: [3881282], r: 124858738, e: 124332243
#ERR  p: [3881283], r: 124858755, e: 124332244
#ERR  p: [3881284], r: 124858766, e: 124332278
#ERR  p: [3881285], r: 124858768, e: 124332280
#ERR  p: [3881286], r: 124858788, e: 124332327
#ERR  p: [3881287], r: 124858805, e: 124332361
#ERR  p: [3881288], r: 124858823, e: 124332402
#ERR  p: [3881289], r: 124858829, e: 124332415
#ERR  p: [3881290], r: 124858851, e: 124332431
#ERR  p: [3881291], r: 124858871, e: 124332434
#ERR  p: [3881292], r: 124858897, e: 124332456
#ERR  p: [3881293], r: 124858916, e: 124332499
#ERR  p: [3881294], r: 124858944, e: 124332583
#ERR  p: [3881295], r: 124858953, e: 124332588
#ERR  p: [3881296], r: 124858962, e: 124332597
#ERR  p: [3881297], r: 124859023, e: 124332627
#ERR  p: [3881298], r: 124859036, e: 124332657
#ERR  p: [3881299], r: 124859039, e: 124332683
#ERR  p: [3881300], r: 124859048, e: 124332700
#ERR  p: [3881301], r: 124859088, e: 124332712
#ERR  p: [3881302], r: 124859176, e: 124332733
#ERR  p: [3881303], r: 124859184, e: 124332796
#ERR  p: [3881304], r: 124859186, e: 124332872
#ERR  p: [3881305], r: 124859222, e: 124332889
#ERR  p: [3881306], r: 124859226, e: 124332913
#ERR  p: [3881307], r: 124859229, e: 124332931
#ERR  p: [3881308], r: 124859286, e: 124332956
#ERR  p: [3881309], r: 124859287, e: 124333015
#ERR  p: [3881310], r: 124859291, e: 124333028
#ERR  p: [3881311], r: 124859325, e: 124333072
#ERR  p: [3881312], r: 124859342, e: 124333076
#ERR  p: [3881313], r: 124859394, e: 124333089
#ERR  p: [3881314], r: 124859407, e: 124333125
#ERR  p: [3881315], r: 124859439, e: 124333241
#ERR  p: [3881316], r: 124859451, e: 124333280
#ERR  p: [3881317], r: 124859583, e: 124333301
#ERR  p: [3881318], r: 124859622, e: 124333309
#ERR  p: [3881319], r: 124859642, e: 124333310
#ERR  p: [3881320], r: 124859644, e: 124333328
#ERR  p: [3881321], r: 124859720, e: 124333348
#ERR  p: [3881322], r: 124859763, e: 124333364
#ERR  p: [3881323], r: 124859764, e: 124333386
#ERR  p: [3881324], r: 124859770, e: 124333397
#ERR  p: [3881325], r: 124859837, e: 124333412
#ERR  p: [3881326], r: 124859859, e: 124333493
#ERR  p: [3881327], r: 124859907, e: 124333499
#ERR  p: [3881328], r: 124859908, e: 124333520
#ERR  p: [3881329], r: 124859941, e: 124333640
#ERR  p: [3881330], r: 124859992, e: 124333651
#ERR  p: [3881331], r: 124860052, e: 124333663
#ERR  p: [3881332], r: 124860096, e: 124333690
#ERR  p: [3881333], r: 124860119, e: 124333742
#ERR  p: [3881334], r: 124860164, e: 124333765
#ERR  p: [3881335], r: 124860174, e: 124333798
#ERR  p: [3881336], r: 124860188, e: 124333908
#ERR  p: [3881337], r: 124860188, e: 124333914
#ERR  p: [3881338], r: 124860194, e: 124333924
#ERR  p: [3881339], r: 124860200, e: 124333928
#ERR  p: [3881340], r: 124860215, e: 124333965
#ERR  p: [3881341], r: 124860234, e: 124334047
#ERR  p: [3881342], r: 124860242, e: 124334193
#ERR  p: [3881343], r: 124860249, e: 124334198
#ERR  p: [3881344], r: 124860257, e: 124334201
#ERR  p: [3881345], r: 124860342, e: 124334257
#ERR  p: [3881346], r: 124860354, e: 124334270
#ERR  p: [3881347], r: 124860452, e: 124334272
#ERR  p: [3881348], r: 124860461, e: 124334319
#ERR  p: [3881349], r: 124860470, e: 124334348
#ERR  p: [3881350], r: 124860505, e: 124334416
#ERR  p: [3881351], r: 124860593, e: 124334443
#ERR  p: [3881352], r: 124860646, e: 124334495
#ERR  p: [3881353], r: 124860691, e: 124334505
#ERR  p: [3881354], r: 124860731, e: 124334546
#ERR  p: [3881355], r: 124860733, e: 124334598
#ERR  p: [3881356], r: 124860738, e: 124334661
#ERR  p: [3881357], r: 124860757, e: 124334742
#ERR  p: [3881358], r: 124860857, e: 124334766
#ERR  p: [3881359], r: 124860870, e: 124334802
#ERR  p: [3881360], r: 124860889, e: 124334809
#ERR  p: [3881361], r: 124860895, e: 124334837
#ERR  p: [3881362], r: 124860938, e: 124334981
#ERR  p: [3881363], r: 124861057, e: 124334982
#ERR  p: [3881364], r: 124861105, e: 124334998
#ERR  p: [3881365], r: 124861132, e: 124335015
#ERR  p: [3881366], r: 124861162, e: 124335021
#ERR  p: [3881367], r: 124861176, e: 124335042
#ERR  p: [3881368], r: 124861210, e: 124335047
#ERR  p: [3881369], r: 124861213, e: 124335081
#ERR  p: [3881370], r: 124861231, e: 124335087
#ERR  p: [3881371], r: 124861260, e: 124335088
#ERR  p: [3881372], r: 124861267, e: 124335114
#ERR  p: [3881373], r: 124861294, e: 124335123
#ERR  p: [3881374], r: 124861332, e: 124335210
#ERR  p: [3881375], r: 124861394, e: 124335216
#ERR  p: [3881376], r: 124861397, e: 124335269
#ERR  p: [3881377], r: 124861399, e: 124335282
#ERR  p: [3881378], r: 124861408, e: 124335295
#ERR  p: [3881379], r: 124861418, e: 124335301
#ERR  p: [3881380], r: 124861440, e: 124335310
#ERR  p: [3881381], r: 124861495, e: 124335351
#ERR  p: [3881382], r: 124861509, e: 124335365
#ERR  p: [3881383], r: 124861514, e: 124335381
#ERR  p: [3881384], r: 124861541, e: 124335391
#ERR  p: [3881385], r: 124861732, e: 124335416
#ERR  p: [3881386], r: 124861760, e: 124335466
#ERR  p: [3881387], r: 124861828, e: 124335471
#ERR  p: [3881388], r: 124861924, e: 124335546
#ERR  p: [3881389], r: 124861960, e: 124335729
#ERR  p: [3881390], r: 124862024, e: 124335836
#ERR  p: [3881391], r: 124862037, e: 124335839
#ERR  p: [3881392], r: 124862099, e: 124335857
#SDC Ite:0 KerTime:62.903620 AccTime:62.903620 KerErr:32780 AccErr:32780
#ABORT too many errors per iteration
#END