#HEADER size:134217728 omp_num_threads:228
#BEGIN Y:2017 M:01 D:15 Time:17:42:16
#IT Ite:0 KerTime:107.500832 AccTime:107.500832
#ERR  p: [237], r: 7948, e: 7941
#ERR  p: [1177350], r: 37783350, e: 37708775
#ERR  p: [1766025], r: 56662192, e: 56551958
#ERR  p: [238], r: 7970, e: 7948
#ERR  p: [1177351], r: 37783385, e: 37708809
#ERR  p: [588675], r: 18877199, e: 18839464
#ERR  p: [1766026], r: 56662194, e: 56551975
#ERR  p: [239], r: 7986, e: 7970
#ERR  p: [1177352], r: 37783426, e: 37708932
#ERR  p: [588676], r: 18877259, e: 18839478
#ERR  p: [1766027], r: 56662229, e: 56552027
#ERR  p: [240], r: 8025, e: 7986
#ERR  p: [1177353], r: 37783461, e: 37708988
#ERR  p: [588677], r: 18877281, e: 18839633
#ERR  p: [1766028], r: 56662255, e: 56552028
#ERR  p: [241], r: 8037, e: 8025
#ERR  p: [1177354], r: 37783506, e: 37709009
#ERR  p: [588678], r: 18877293, e: 18839662
#ERR  p: [1766029], r: 56662270, e: 56552088
#ERR  p: [242], r: 8076, e: 8037
#ERR  p: [1177355], r: 37783535, e: 37709017
#ERR  p: [588679], r: 18877341, e: 18839746
#ERR  p: [1766030], r: 56662354, e: 56552103
#ERR  p: [243], r: 8082, e: 8076
#ERR  p: [1177356], r: 37783562, e: 37709072
#ERR  p: [588680], r: 18877350, e: 18839755
#ERR  p: [1766031], r: 56662393, e: 56552113
#ERR  p: [244], r: 8087, e: 8082
#ERR  p: [1177357], r: 37783790, e: 37709078
#ERR  p: [588681], r: 18877428, e: 18839767
#ERR  p: [1766032], r: 56662396, e: 56552118
#ERR  p: [245], r: 8102, e: 8087
#ERR  p: [1177358], r: 37783822, e: 37709093
#ERR  p: [588682], r: 18877516, e: 18839772
#ERR  p: [1766033], r: 56662399, e: 56552189
#ERR  p: [246], r: 8181, e: 8102
#ERR  p: [1177359], r: 37783825, e: 37709140
#ERR  p: [588683], r: 18877542, e: 18839779
#ERR  p: [1766034], r: 56662413, e: 56552221
#ERR  p: [247], r: 8231, e: 8181
#ERR  p: [1177360], r: 37783847, e: 37709154
#ERR  p: [588684], r: 18877556, e: 18839786
#ERR  p: [1766035], r: 56662431, e: 56552226
#ERR  p: [248], r: 8279, e: 8231
#ERR  p: [1177361], r: 37783850, e: 37709161
#ERR  p: [588685], r: 18877565, e: 18839814
#ERR  p: [1766036], r: 56662454, e: 56552255
#ERR  p: [249], r: 8280, e: 8279
#ERR  p: [1177362], r: 37783853, e: 37709169
#ERR  p: [588686], r: 18877583, e: 18839842
#ERR  p: [1766037], r: 56662483, e: 56552255
#ERR  p: [250], r: 8289, e: 8280
#ERR  p: [1177363], r: 37783869, e: 37709229
#ERR  p: [588687], r: 18877587, e: 18839851
#ERR  p: [1766038], r: 56662495, e: 56552268
#ERR  p: [251], r: 8303, e: 8289
#ERR  p: [1177364], r: 37783876, e: 37709240
#ERR  p: [588688], r: 18877632, e: 18839921
#ERR  p: [1766039], r: 56662500, e: 56552297
#ERR  p: [252], r: 8304, e: 8303
#ERR  p: [1177365], r: 37783886, e: 37709245
#ERR  p: [588689], r: 18877636, e: 18839931
#ERR  p: [1766040], r: 56662502, e: 56552329
#ERR  p: [254], r: 8365, e: 8304
#ERR  p: [1177366], r: 37783898, e: 37709258
#ERR  p: [588690], r: 18877688, e: 18839932
#ERR  p: [1766041], r: 56662504, e: 56552364
#ERR  p: [255], r: 8368, e: 8365
#ERR  p: [1177367], r: 37783916, e: 37709260
#ERR  p: [588691], r: 18877725, e: 18839936
#ERR  p: [1766042], r: 56662609, e: 56552380
#ERR  p: [256], r: 8416, e: 8368
#ERR  p: [1177368], r: 37783927, e: 37709271
#ERR  p: [588692], r: 18877761, e: 18840012
#ERR  p: [1766043], r: 56662663, e: 56552392
#ERR  p: [257], r: 8460, e: 8416
#ERR  p: [1177369], r: 37783937, e: 37709290
#ERR  p: [588693], r: 18877764, e: 18840062
#ERR  p: [1766044], r: 56662674, e: 56552410
#ERR  p: [258], r: 8497, e: 8460
#ERR  p: [1177370], r: 37783967, e: 37709360
#ERR  p: [588694], r: 18877786, e: 18840091
#ERR  p: [1766045], r: 56662699, e: 56552415
#ERR  p: [259], r: 8534, e: 8497
#ERR  p: [1177371], r: 37783975, e: 37709390
#ERR  p: [588695], r: 18877791, e: 18840118
#ERR  p: [1766046], r: 56662769, e: 56552463
#ERR  p: [260], r: 8652, e: 8534
#ERR  p: [1177372], r: 37783988, e: 37709406
#ERR  p: [588696], r: 18877791, e: 18840131
#ERR  p: [1766047], r: 56662871, e: 56552467
#ERR  p: [262], r: 8658, e: 8652
#ERR  p: [1177373], r: 37784026, e: 37709455
#ERR  p: [588697], r: 18877810, e: 18840157
#ERR  p: [1766048], r: 56662877, e: 56552553
#ERR  p: [263], r: 8679, e: 8658
#ERR  p: [1177374], r: 37784027, e: 37709485
#ERR  p: [588698], r: 18877812, e: 18840233
#ERR  p: [1766049], r: 56662910, e: 56552562
#ERR  p: [264], r: 8741, e: 8679
#ERR  p: [1177375], r: 37784063, e: 37709515
#ERR  p: [588699], r: 18877824, e: 18840257
#ERR  p: [1766050], r: 56662945, e: 56552593
#ERR  p: [265], r: 8749, e: 8741
#ERR  p: [1177376], r: 37784141, e: 37709545
#ERR  p: [588700], r: 18877876, e: 18840278
#ERR  p: [1766051], r: 56662950, e: 56552598
#ERR  p: [266], r: 8811, e: 8749
#ERR  p: [1177377], r: 37784188, e: 37709577
#ERR  p: [588701], r: 18877881, e: 18840319
#ERR  p: [1766052], r: 56662955, e: 56552599
#ERR  p: [267], r: 8861, e: 8811
#ERR  p: [1177378], r: 37784218, e: 37709594
#ERR  p: [588702], r: 18877885, e: 18840334
#ERR  p: [1766053], r: 56662963, e: 56552613
#ERR  p: [268], r: 8905, e: 8861
#ERR  p: [1177379], r: 37784233, e: 37709598
#ERR  p: [588703], r: 18877898, e: 18840371
#ERR  p: [1766054], r: 56662970, e: 56552627
#ERR  p: [269], r: 8915, e: 8905
#ERR  p: [1177380], r: 37784305, e: 37709630
#ERR  p: [588704], r: 18877903, e: 18840598
#ERR  p: [1766055], r: 56663043, e: 56552672
#ERR  p: [270], r: 8925, e: 8915
#ERR  p: [1177381], r: 37784344, e: 37709726
#ERR  p: [588705], r: 18877957, e: 18840607
#ERR  p: [1766056], r: 56663065, e: 56552678
#ERR  p: [271], r: 8972, e: 8925
#ERR  p: [1177382], r: 37784456, e: 37709748
#ERR  p: [588706], r: 18877997, e: 18840609
#ERR  p: [1766057], r: 56663157, e: 56552690
#ERR  p: [272], r: 8978, e: 8972
#ERR  p: [1177383], r: 37784560, e: 37709766
#ERR  p: [588707], r: 18878001, e: 18840670
#ERR  p: [1766058], r: 56663166, e: 56552716
#ERR  p: [273], r: 9043, e: 8978
#ERR  p: [1177384], r: 37784583, e: 37709813
#ERR  p: [588708], r: 18878007, e: 18840682
#ERR  p: [1766059], r: 56663176, e: 56552804
#ERR  p: [274], r: 9051, e: 9043
#ERR  p: [1177385], r: 37784594, e: 37709830
#ERR  p: [588709], r: 18878052, e: 18840682
#ERR  p: [1766060], r: 56663184, e: 56552846
#ERR  p: [275], r: 9065, e: 9051
#ERR  p: [1177386], r: 37784606, e: 37709834
#ERR  p: [588710], r: 18878082, e: 18840708
#ERR  p: [1766061], r: 56663279, e: 56552861
#ERR  p: [276], r: 9068, e: 9065
#ERR  p: [1177387], r: 37784658, e: 37709846
#ERR  p: [588711], r: 18878092, e: 18840795
#ERR  p: [1766062], r: 56663290, e: 56552918
#ERR  p: [277], r: 9069, e: 9068
#ERR  p: [1177388], r: 37784698, e: 37709847
#ERR  p: [588712], r: 18878099, e: 18840802
#ERR  p: [1766063], r: 56663325, e: 56552919
#ERR  p: [278], r: 9090, e: 9069
#ERR  p: [1177389], r: 37784841, e: 37709907
#ERR  p: [588713], r: 18878108, e: 18840842
#ERR  p: [1766064], r: 56663370, e: 56553007
#ERR  p: [279], r: 9101, e: 9090
#ERR  p: [1177390], r: 37784917, e: 37709909
#ERR  p: [588714], r: 18878123, e: 18840853
#ERR  p: [1766065], r: 56663449, e: 56553018
#ERR  p: [280], r: 9103, e: 9101
#ERR  p: [1177391], r: 37784926, e: 37709911
#ERR  p: [588715], r: 18878231, e: 18840920
#ERR  p: [1766066], r: 56663460, e: 56553050
#ERR  p: [281], r: 9119, e: 9103
#ERR  p: [1177392], r: 37784927, e: 37709935
#ERR  p: [588716], r: 18878269, e: 18840940
#ERR  p: [1766067], r: 56663527, e: 56553084
#ERR  p: [282], r: 9121, e: 9119
#ERR  p: [1177393], r: 37784944, e: 37709948
#ERR  p: [588717], r: 18878276, e: 18841093
#ERR  p: [1766068], r: 56663557, e: 56553099
#ERR  p: [283], r: 9157, e: 9121
#ERR  p: [1177394], r: 37785011, e: 37709976
#ERR  p: [588718], r: 18878312, e: 18841101
#ERR  p: [1766069], r: 56663563, e: 56553119
#ERR  p: [284], r: 9173, e: 9157
#ERR  p: [1177395], r: 37785045, e: 37710002
#ERR  p: [588719], r: 18878343, e: 18841117
#ERR  p: [1766070], r: 56663660, e: 56553138
#ERR  p: [285], r: 9241, e: 9173
#ERR  p: [1177396], r: 37785219, e: 37710004
#ERR  p: [588720], r: 18878396, e: 18841128
#ERR  p: [1766071], r: 56663671, e: 56553226
#ERR  p: [286], r: 9294, e: 9241
#ERR  p: [1177397], r: 37785353, e: 37710019
#ERR  p: [588721], r: 18878404, e: 18841134
#ERR  p: [1766072], r: 56663684, e: 56553288
#ERR  p: [287], r: 9318, e: 9294
#ERR  p: [1177398], r: 37785358, e: 37710058
#ERR  p: [588722], r: 18878449, e: 18841137
#ERR  p: [1766073], r: 56663727, e: 56553312
#ERR  p: [288], r: 9367, e: 9318
#ERR  p: [1177399], r: 37785365, e: 37710129
#ERR  p: [588723], r: 18878488, e: 18841139
#ERR  p: [1766074], r: 56663756, e: 56553358
#ERR  p: [289], r: 9380, e: 9367
#ERR  p: [1177400], r: 37785381, e: 37710133
#ERR  p: [588724], r: 18878493, e: 18841139
#ERR  p: [1766075], r: 56663838, e: 56553361
#ERR  p: [290], r: 9395, e: 9380
#ERR  p: [1177401], r: 37785387, e: 37710148
#ERR  p: [588725], r: 18878501, e: 18841161
#ERR  p: [1766076], r: 56663843, e: 56553443
#ERR  p: [291], r: 9453, e: 9395
#ERR  p: [1177402], r: 37785433, e: 37710219
#ERR  p: [588726], r: 18878515, e: 18841194
#ERR  p: [1766077], r: 56663870, e: 56553490
#ERR  p: [292], r: 9458, e: 9453
#ERR  p: [1177403], r: 37785479, e: 37710312
#ERR  p: [588727], r: 18878516, e: 18841229
#ERR  p: [1766078], r: 56663883, e: 56553542
#ERR  p: [293], r: 9463, e: 9458
#ERR  p: [1177404], r: 37785529, e: 37710322
#ERR  p: [588728], r: 18878580, e: 18841253
#ERR  p: [1766079], r: 56663943, e: 56553544
#ERR  p: [294], r: 9472, e: 9463
#ERR  p: [1177405], r: 37785533, e: 37710396
#ERR  p: [588729], r: 18878618, e: 18841274
#ERR  p: [1766080], r: 56663962, e: 56553569
#ERR  p: [295], r: 9476, e: 9472
#ERR  p: [1177406], r: 37785535, e: 37710398
#ERR  p: [588730], r: 18878633, e: 18841283
#ERR  p: [1766081], r: 56663964, e: 56553606
#ERR  p: [296], r: 9489, e: 9476
#ERR  p: [1177407], r: 37785550, e: 37710413
#ERR  p: [588731], r: 18878645, e: 18841334
#ERR  p: [1766082], r: 56664028, e: 56553624
#ERR  p: [297], r: 9500, e: 9489
#ERR  p: [1177408], r: 37785560, e: 37710432
#ERR  p: [588732], r: 18878670, e: 18841383
#ERR  p: [1766083], r: 56664118, e: 56553635
#ERR  p: [298], r: 9528, e: 9500
#ERR  p: [1177409], r: 37785560, e: 37710440
#ERR  p: [588733], r: 18878723, e: 18841391
#ERR  p: [1766084], r: 56664132, e: 56553657
#ERR  p: [299], r: 9557, e: 9528
#ERR  p: [1177410], r: 37785587, e: 37710512
#ERR  p: [588734], r: 18878759, e: 18841399
#ERR  p: [1766085], r: 56664194, e: 56553662
#ERR  p: [300], r: 9589, e: 9557
#ERR  p: [1177411], r: 37785661, e: 37710531
#ERR  p: [588735], r: 18878762, e: 18841448
#ERR  p: [1766086], r: 56664304, e: 56553672
#ERR  p: [301], r: 9610, e: 9589
#ERR  p: [1177412], r: 37785682, e: 37710545
#ERR  p: [588736], r: 18878831, e: 18841478
#ERR  p: [1766087], r: 56664352, e: 56553682
#ERR  p: [302], r: 9612, e: 9610
#ERR  p: [1177413], r: 37785683, e: 37710556
#ERR  p: [588737], r: 18878846, e: 18841481
#ERR  p: [1766088], r: 56664465, e: 56553819
#ERR  p: [303], r: 9646, e: 9612
#ERR  p: [1177414], r: 37785761, e: 37710584
#ERR  p: [588738], r: 18878850, e: 18841492
#ERR  p: [1766089], r: 56664537, e: 56553827
#ERR  p: [304], r: 9673, e: 9646
#ERR  p: [1177415], r: 37785803, e: 37710611
#ERR  p: [588739], r: 18878870, e: 18841548
#ERR  p: [1766090], r: 56664566, e: 56553834
#ERR  p: [305], r: 9755, e: 9673
#ERR  p: [1177416], r: 37785806, e: 37710625
#ERR  p: [588740], r: 18878922, e: 18841592
#ERR  p: [1766091], r: 56664575, e: 56553841
#ERR  p: [306], r: 9828, e: 9755
#ERR  p: [1177417], r: 37785822, e: 37710633
#ERR  p: [588741], r: 18878941, e: 18841605
#ERR  p: [1766092], r: 56664617, e: 56553874
#ERR  p: [307], r: 9832, e: 9828
#ERR  p: [1177418], r: 37785858, e: 37710663
#ERR  p: [588742], r: 18878957, e: 18841662
#ERR  p: [1766093], r: 56664624, e: 56553882
#ERR  p: [308], r: 9869, e: 9832
#ERR  p: [1177419], r: 37785967, e: 37710681
#ERR  p: [588743], r: 18878959, e: 18841678
#ERR  p: [1766094], r: 56664637, e: 56553920
#ERR  p: [309], r: 9910, e: 9869
#ERR  p: [1177420], r: 37786020, e: 37710761
#ERR  p: [588744], r: 18879003, e: 18841749
#ERR  p: [1766095], r: 56664659, e: 56553993
#ERR  p: [310], r: 9934, e: 9910
#ERR  p: [1177421], r: 37786074, e: 37710767
#ERR  p: [588745], r: 18879039, e: 18841754
#ERR  p: [1766096], r: 56664707, e: 56554060
#ERR  p: [311], r: 9958, e: 9934
#ERR  p: [1177422], r: 37786141, e: 37710770
#ERR  p: [588746], r: 18879083, e: 18841838
#ERR  p: [1766097], r: 56664727, e: 56554114
#ERR  p: [312], r: 9995, e: 9958
#ERR  p: [1177423], r: 37786144, e: 37710803
#ERR  p: [588747], r: 18879134, e: 18841850
#ERR  p: [1766098], r: 56664759, e: 56554158
#ERR  p: [313], r: 10017, e: 9995
#ERR  p: [1177424], r: 37786159, e: 37710820
#ERR  p: [588748], r: 18879134, e: 18841867
#ERR  p: [1766099], r: 56664793, e: 56554159
#ERR  p: [314], r: 10026, e: 10017
#ERR  p: [1177425], r: 37786164, e: 37710882
#ERR  p: [588749], r: 18879180, e: 18841873
#ERR  p: [1766100], r: 56664803, e: 56554251
#ERR  p: [315], r: 10050, e: 10026
#ERR  p: [1177426], r: 37786216, e: 37710938
#ERR  p: [588750], r: 18879199, e: 18841875
#ERR  p: [1766101], r: 56664821, e: 56554270
#ERR  p: [316], r: 10156, e: 10050
#ERR  p: [1177427], r: 37786256, e: 37711067
#ERR  p: [588751], r: 18879200, e: 18841937
#ERR  p: [1766102], r: 56664864, e: 56554298
#ERR  p: [317], r: 10215, e: 10156
#ERR  p: [1177428], r: 37786264, e: 37711134
#ERR  p: [588752], r: 18879214, e: 18841948
#ERR  p: [1766103], r: 56664900, e: 56554306
#ERR  p: [318], r: 10238, e: 10215
#ERR  p: [1177429], r: 37786304, e: 37711188
#ERR  p: [588753], r: 18879219, e: 18842011
#ERR  p: [1766104], r: 56664913, e: 56554323
#ERR  p: [319], r: 10254, e: 10238
#ERR  p: [1177430], r: 37786440, e: 37711195
#ERR  p: [588754], r: 18879232, e: 18842020
#ERR  p: [1766105], r: 56664959, e: 56554376
#ERR  p: [320], r: 10256, e: 10254
#ERR  p: [1177431], r: 37786450, e: 37711208
#ERR  p: [588755], r: 18879235, e: 18842036
#ERR  p: [1766106], r: 56665009, e: 56554429
#ERR  p: [321], r: 10260, e: 10256
#ERR  p: [1177432], r: 37786492, e: 37711279
#ERR  p: [588756], r: 18879256, e: 18842073
#ERR  p: [1766107], r: 56665012, e: 56554438
#ERR  p: [322], r: 10268, e: 10260
#ERR  p: [1177433], r: 37786536, e: 37711312
#ERR  p: [588757], r: 18879262, e: 18842137
#ERR  p: [1766108], r: 56665015, e: 56554439
#ERR  p: [323], r: 10295, e: 10268
#ERR  p: [1177434], r: 37786560, e: 37711353
#ERR  p: [588758], r: 18879275, e: 18842149
#ERR  p: [1766109], r: 56665015, e: 56554495
#ERR  p: [324], r: 10310, e: 10295
#ERR  p: [1177435], r: 37786663, e: 37711450
#ERR  p: [588759], r: 18879294, e: 18842166
#ERR  p: [1766110], r: 56665016, e: 56554561
#ERR  p: [325], r: 10353, e: 10310
#ERR  p: [1177436], r: 37786688, e: 37711472
#ERR  p: [588760], r: 18879297, e: 18842177
#ERR  p: [1766111], r: 56665076, e: 56554573
#ERR  p: [326], r: 10369, e: 10353
#ERR  p: [1177437], r: 37786704, e: 37711472
#ERR  p: [588761], r: 18879304, e: 18842179
#ERR  p: [1766112], r: 56665091, e: 56554591
#ERR  p: [327], r: 10380, e: 10369
#ERR  p: [1177438], r: 37786731, e: 37711543
#ERR  p: [588762], r: 18879327, e: 18842208
#ERR  p: [1766113], r: 56665123, e: 56554611
#ERR  p: [328], r: 10386, e: 10380
#ERR  p: [1177439], r: 37786733, e: 37711549
#ERR  p: [588763], r: 18879395, e: 18842224
#ERR  p: [1766114], r: 56665128, e: 56554806
#ERR  p: [329], r: 10387, e: 10386
#ERR  p: [1177440], r: 37786737, e: 37711580
#ERR  p: [588764], r: 18879431, e: 18842248
#ERR  p: [1766115], r: 56665197, e: 56554855
#ERR  p: [330], r: 10417, e: 10387
#ERR  p: [1177441], r: 37786765, e: 37711605
#ERR  p: [588765], r: 18879470, e: 18842278
#ERR  p: [1766116], r: 56665207, e: 56554946
#ERR  p: [331], r: 10456, e: 10417
#ERR  p: [1177442], r: 37786765, e: 37711664
#ERR  p: [588766], r: 18879476, e: 18842298
#ERR  p: [1766117], r: 56665210, e: 56555077
#ERR  p: [332], r: 10529, e: 10456
#ERR  p: [1177443], r: 37786884, e: 37711670
#ERR  p: [588767], r: 18879508, e: 18842405
#ERR  p: [1766118], r: 56665252, e: 56555098
#ERR  p: [333], r: 10572, e: 10529
#ERR  p: [1177444], r: 37786923, e: 37711727
#ERR  p: [588768], r: 18879510, e: 18842568
#ERR  p: [1766119], r: 56665255, e: 56555103
#ERR  p: [334], r: 10606, e: 10572
#ERR  p: [1177445], r: 37786933, e: 37711781
#ERR  p: [588769], r: 18879559, e: 18842588
#ERR  p: [1766120], r: 56665337, e: 56555107
#ERR  p: [335], r: 10615, e: 10606
#ERR  p: [1177446], r: 37786942, e: 37711792
#ERR  p: [588770], r: 18879589, e: 18842606
#ERR  p: [1766121], r: 56665356, e: 56555140
#ERR  p: [336], r: 10662, e: 10615
#ERR  p: [1177447], r: 37786953, e: 37711794
#ERR  p: [588771], r: 18879604, e: 18842633
#ERR  p: [1766122], r: 56665379, e: 56555162
#ERR  p: [337], r: 10671, e: 10662
#ERR  p: [1177448], r: 37786970, e: 37711803
#ERR  p: [588772], r: 18879606, e: 18842849
#ERR  p: [1766123], r: 56665390, e: 56555181
#ERR  p: [338], r: 10690, e: 10671
#ERR  p: [1177449], r: 37786973, e: 37711851
#ERR  p: [588773], r: 18879608, e: 18842875
#ERR  p: [1766124], r: 56665408, e: 56555203
#ERR  p: [339], r: 10787, e: 10690
#ERR  p: [1177450], r: 37787038, e: 37711855
#ERR  p: [588774], r: 18879639, e: 18842877
#ERR  p: [1766125], r: 56665461, e: 56555219
#ERR  p: [340], r: 10791, e: 10787
#ERR  p: [1177451], r: 37787049, e: 37711860
#ERR  p: [588775], r: 18879658, e: 18842915
#ERR  p: [1766126], r: 56665464, e: 56555221
#ERR  p: [341], r: 10809, e: 10791
#ERR  p: [1177452], r: 37787070, e: 37711876
#ERR  p: [588776], r: 18879702, e: 18842983
#ERR  p: [1766127], r: 56665506, e: 56555244
#ERR  p: [342], r: 10835, e: 10809
#ERR  p: [1177453], r: 37787087, e: 37711893
#ERR  p: [588777], r: 18879728, e: 18842997
#ERR  p: [1766128], r: 56665508, e: 56555279
#ERR  p: [343], r: 10844, e: 10835
#ERR  p: [1177454], r: 37787106, e: 37711901
#ERR  p: [588778], r: 18879806, e: 18843006
#ERR  p: [1766129], r: 56665564, e: 56555287
#ERR  p: [344], r: 10853, e: 10844
#ERR  p: [1177455], r: 37787108, e: 37711971
#ERR  p: [588779], r: 18879819, e: 18843053
#ERR  p: [1766130], r: 56665608, e: 56555389
#ERR  p: [345], r: 10910, e: 10853
#ERR  p: [1177456], r: 37787188, e: 37712008
#ERR  p: [588780], r: 18879866, e: 18843101
#ERR  p: [1766131], r: 56665611, e: 56555406
#ERR  p: [346], r: 10917, e: 10910
#ERR  p: [1177457], r: 37787216, e: 37712017
#ERR  p: [588781], r: 18879998, e: 18843107
#ERR  p: [1766132], r: 56665666, e: 56555448
#ERR  p: [347], r: 10988, e: 10917
#ERR  p: [1177458], r: 37787249, e: 37712035
#ERR  p: [588782], r: 18880033, e: 18843144
#ERR  p: [1766133], r: 56665667, e: 56555473
#ERR  p: [348], r: 10988, e: 10949
#ERR  p: [1177459], r: 37787287, e: 37712056
#ERR  p: [588783], r: 18880040, e: 18843277
#ERR  p: [1766134], r: 56665670, e: 56555483
#ERR  p: [349], r: 11020, e: 10988
#ERR  p: [1177460], r: 37787306, e: 37712092
#ERR  p: [588784], r: 18880065, e: 18843283
#ERR  p: [1766135], r: 56665700, e: 56555517
#ERR  p: [350], r: 11052, e: 10988
#ERR  p: [1177461], r: 37787329, e: 37712261
#ERR  p: [588785], r: 18880072, e: 18843330
#ERR  p: [1766136], r: 56665731, e: 56555570
#ERR  p: [351], r: 11090, e: 11020
#ERR  p: [1177462], r: 37787342, e: 37712273
#ERR  p: [588786], r: 18880112, e: 18843332
#ERR  p: [1766137], r: 56665744, e: 56555574
#ERR  p: [352], r: 11117, e: 11052
#ERR  p: [1177463], r: 37787357, e: 37712278
#ERR  p: [588787], r: 18880181, e: 18843393
#ERR  p: [1766138], r: 56665745, e: 56555610
#ERR  p: [353], r: 11119, e: 11090
#ERR  p: [1177464], r: 37787385, e: 37712316
#ERR  p: [588788], r: 18880214, e: 18843402
#ERR  p: [1766139], r: 56665802, e: 56555623
#ERR  p: [354], r: 11194, e: 11117
#ERR  p: [1177465], r: 37787419, e: 37712367
#ERR  p: [588789], r: 18880227, e: 18843431
#ERR  p: [1766140], r: 56665816, e: 56555697
#ERR  p: [355], r: 11209, e: 11119
#ERR  p: [1177466], r: 37787428, e: 37712374
#ERR  p: [588790], r: 18880280, e: 18843449
#ERR  p: [1766141], r: 56665908, e: 56555739
#ERR  p: [356], r: 11248, e: 11194
#ERR  p: [1177467], r: 37787450, e: 37712400
#ERR  p: [588791], r: 18880292, e: 18843488
#ERR  p: [1766142], r: 56665987, e: 56555752
#ERR  p: [357], r: 11254, e: 11209
#ERR  p: [1177468], r: 37787523, e: 37712535
#ERR  p: [588792], r: 18880345, e: 18843500
#ERR  p: [1766143], r: 56666007, e: 56555755
#ERR  p: [358], r: 11280, e: 11248
#ERR  p: [1177469], r: 37787593, e: 37712539
#ERR  p: [588793], r: 18880426, e: 18843515
#ERR  p: [1766144], r: 56666037, e: 56555900
#ERR  p: [359], r: 11287, e: 11254
#ERR  p: [1177470], r: 37787748, e: 37712572
#ERR  p: [588794], r: 18880453, e: 18843520
#ERR  p: [1766145], r: 56666128, e: 56555914
#ERR  p: [360], r: 11302, e: 11280
#ERR  p: [1177471], r: 37787838, e: 37712573
#ERR  p: [588795], r: 18880523, e: 18843528
#ERR  p: [1766146], r: 56666351, e: 56555924
#ERR  p: [361], r: 11304, e: 11287
#ERR  p: [1177472], r: 37787877, e: 37712577
#ERR  p: [588796], r: 18880529, e: 18843533
#ERR  p: [1766147], r: 56666381, e: 56555955
#ERR  p: [362], r: 11335, e: 11302
#ERR  p: [1177473], r: 37787879, e: 37712596
#ERR  p: [588797], r: 18880555, e: 18843535
#ERR  p: [1766148], r: 56666432, e: 56556025
#ERR  p: [363], r: 11349, e: 11304
#ERR  p: [1177474], r: 37788080, e: 37712626
#ERR  p: [588798], r: 18880564, e: 18843546
#ERR  p: [1766149], r: 56666465, e: 56556104
#ERR  p: [364], r: 11352, e: 11335
#SDC Ite:0 KerTime:107.500832 AccTime:107.500832 KerErr:1931429 AccErr:1931429
#ABORT too many errors per iteration
#END