#HEADER size:134217728 omp_num_threads:228
#BEGIN Y:2017 M:01 D:20 Time:18:07:43
#IT Ite:0 KerTime:48.120491 AccTime:48.120491
#ERR  p: [40063760], r: 1282117254, e: 1282117238
#ERR  p: [40063761], r: 1282117262, e: 1282117254
#ERR  p: [40063762], r: 1282117287, e: 1282117262
#ERR  p: [40063763], r: 1282117288, e: 1282117287
#ERR  p: [40063764], r: 1282117292, e: 1282117288
#ERR  p: [40063765], r: 1282117388, e: 1282117292
#ERR  p: [40063766], r: 1282117418, e: 1282117388
#ERR  p: [40063767], r: 1282117425, e: 1282117418
#ERR  p: [40063768], r: 1282117450, e: 1282117425
#ERR  p: [40063769], r: 1282117457, e: 1282117450
#ERR  p: [40063770], r: 1282117487, e: 1282117457
#ERR  p: [40063771], r: 1282117500, e: 1282117487
#ERR  p: [40063772], r: 1282117549, e: 1282117500
#ERR  p: [40063773], r: 1282117566, e: 1282117549
#ERR  p: [40063774], r: 1282117681, e: 1282117566
#ERR  p: [40063775], r: 1282117717, e: 1282117681
#ERR  p: [40063776], r: 1282117754, e: 1282117717
#ERR  p: [40063777], r: 1282117826, e: 1282117754
#ERR  p: [40063778], r: 1282117887, e: 1282117786
#ERR  p: [40063779], r: 1282117934, e: 1282117826
#ERR  p: [40063780], r: 1282117982, e: 1282117887
#ERR  p: [40063781], r: 1282118130, e: 1282117934
#ERR  p: [40063782], r: 1282118133, e: 1282117982
#ERR  p: [40063783], r: 1282118146, e: 1282118130
#ERR  p: [40063784], r: 1282118170, e: 1282118133
#ERR  p: [40063785], r: 1282118203, e: 1282118146
#ERR  p: [40063786], r: 1282118221, e: 1282118170
#ERR  p: [40063787], r: 1282118225, e: 1282118203
#ERR  p: [40063788], r: 1282118249, e: 1282118221
#ERR  p: [40063789], r: 1282118264, e: 1282118225
#ERR  p: [40063790], r: 1282118308, e: 1282118249
#ERR  p: [40063791], r: 1282118338, e: 1282118264
#ERR  p: [40063792], r: 1282118371, e: 1282118308
#ERR  p: [40063793], r: 1282118456, e: 1282118338
#ERR  p: [40063794], r: 1282118489, e: 1282118371
#ERR  p: [40063795], r: 1282118492, e: 1282118456
#ERR  p: [40063796], r: 1282118537, e: 1282118489
#ERR  p: [40063797], r: 1282118542, e: 1282118492
#ERR  p: [40063798], r: 1282118555, e: 1282118537
#ERR  p: [40063799], r: 1282118588, e: 1282118542
#ERR  p: [40063800], r: 1282118668, e: 1282118555
#ERR  p: [40063801], r: 1282118694, e: 1282118588
#ERR  p: [40063802], r: 1282118725, e: 1282118668
#ERR  p: [40063803], r: 1282118752, e: 1282118694
#ERR  p: [40063804], r: 1282118844, e: 1282118725
#ERR  p: [40063805], r: 1282118922, e: 1282118752
#ERR  p: [40063806], r: 1282118941, e: 1282118844
#ERR  p: [40063807], r: 1282118949, e: 1282118922
#ERR  p: [40063808], r: 1282118972, e: 1282118941
#ERR  p: [40063809], r: 1282118980, e: 1282118941
#ERR  p: [40063810], r: 1282119005, e: 1282118949
#ERR  p: [40063811], r: 1282119047, e: 1282118955
#ERR  p: [40063812], r: 1282119076, e: 1282118972
#ERR  p: [40063813], r: 1282119077, e: 1282118980
#ERR  p: [40063814], r: 1282119095, e: 1282119005
#ERR  p: [40063815], r: 1282119103, e: 1282119047
#ERR  p: [40063816], r: 1282119166, e: 1282119076
#ERR  p: [40063817], r: 1282119219, e: 1282119077
#ERR  p: [40063818], r: 1282119288, e: 1282119095
#ERR  p: [40063819], r: 1282119369, e: 1282119103
#ERR  p: [40063820], r: 1282119408, e: 1282119166
#ERR  p: [40063821], r: 1282119421, e: 1282119219
#ERR  p: [40063822], r: 1282119503, e: 1282119288
#ERR  p: [40063823], r: 1282119549, e: 1282119369
#ERR  p: [40063824], r: 1282119580, e: 1282119408
#ERR  p: [40063825], r: 1282119582, e: 1282119421
#ERR  p: [40063826], r: 1282119598, e: 1282119503
#ERR  p: [40063827], r: 1282119647, e: 1282119549
#ERR  p: [40063828], r: 1282119691, e: 1282119580
#ERR  p: [40063829], r: 1282119702, e: 1282119582
#ERR  p: [40063830], r: 1282119709, e: 1282119598
#ERR  p: [40063831], r: 1282119718, e: 1282119647
#ERR  p: [40063832], r: 1282119736, e: 1282119691
#ERR  p: [40063833], r: 1282119737, e: 1282119702
#ERR  p: [40063834], r: 1282119793, e: 1282119709
#ERR  p: [40063835], r: 1282119889, e: 1282119718
#ERR  p: [40063836], r: 1282119910, e: 1282119736
#ERR  p: [40063837], r: 1282119944, e: 1282119737
#ERR  p: [40063838], r: 1282119944, e: 1282119793
#ERR  p: [40063839], r: 1282119989, e: 1282119889
#ERR  p: [40063840], r: 1282120012, e: 1282119910
#ERR  p: [40063841], r: 1282120024, e: 1282119944
#ERR  p: [40063842], r: 1282120121, e: 1282119944
#ERR  p: [40063843], r: 1282120171, e: 1282119989
#ERR  p: [40063844], r: 1282120231, e: 1282120012
#ERR  p: [40063845], r: 1282120264, e: 1282120024
#ERR  p: [40063846], r: 1282120280, e: 1282120121
#ERR  p: [40063847], r: 1282120284, e: 1282120171
#ERR  p: [40063848], r: 1282120314, e: 1282120231
#ERR  p: [40063849], r: 1282120373, e: 1282120264
#ERR  p: [40063850], r: 1282120429, e: 1282120280
#ERR  p: [40063851], r: 1282120477, e: 1282120284
#ERR  p: [40063852], r: 1282120487, e: 1282120314
#ERR  p: [40063853], r: 1282120492, e: 1282120373
#ERR  p: [40063854], r: 1282120499, e: 1282120429
#ERR  p: [40063855], r: 1282120512, e: 1282120477
#ERR  p: [40063856], r: 1282120542, e: 1282120487
#ERR  p: [40063857], r: 1282120567, e: 1282120492
#ERR  p: [40063858], r: 1282120649, e: 1282120499
#ERR  p: [40063859], r: 1282120683, e: 1282120512
#ERR  p: [40063860], r: 1282120729, e: 1282120542
#ERR  p: [40063861], r: 1282120740, e: 1282120567
#ERR  p: [40063862], r: 1282120864, e: 1282120649
#ERR  p: [40063863], r: 1282120880, e: 1282120683
#ERR  p: [40063864], r: 1282120889, e: 1282120729
#ERR  p: [40063865], r: 1282120960, e: 1282120740
#ERR  p: [40063866], r: 1282120974, e: 1282120864
#ERR  p: [40063867], r: 1282120988, e: 1282120880
#ERR  p: [40063868], r: 1282121121, e: 1282120889
#ERR  p: [40063869], r: 1282121135, e: 1282120960
#ERR  p: [40063870], r: 1282121165, e: 1282120974
#ERR  p: [40063871], r: 1282121220, e: 1282120988
#ERR  p: [40063872], r: 1282121265, e: 1282121121
#ERR  p: [40063873], r: 1282121273, e: 1282121135
#ERR  p: [40063874], r: 1282121313, e: 1282121165
#ERR  p: [40063875], r: 1282121320, e: 1282121220
#ERR  p: [40063876], r: 1282121393, e: 1282121265
#ERR  p: [40063877], r: 1282121443, e: 1282121273
#ERR  p: [40063878], r: 1282121578, e: 1282121313
#ERR  p: [40063879], r: 1282121616, e: 1282121320
#ERR  p: [40063880], r: 1282121686, e: 1282121393
#ERR  p: [40063881], r: 1282121724, e: 1282121443
#ERR  p: [40063882], r: 1282121725, e: 1282121578
#ERR  p: [40063883], r: 1282121782, e: 1282121616
#ERR  p: [40063884], r: 1282121840, e: 1282121671
#ERR  p: [40063885], r: 1282121855, e: 1282121686
#ERR  p: [40063886], r: 1282121888, e: 1282121724
#ERR  p: [40063887], r: 1282121931, e: 1282121725
#ERR  p: [40063888], r: 1282121974, e: 1282121782
#ERR  p: [40063889], r: 1282122022, e: 1282121809
#ERR  p: [40063890], r: 1282122025, e: 1282121840
#ERR  p: [40063891], r: 1282122026, e: 1282121855
#ERR  p: [40063892], r: 1282122027, e: 1282121888
#ERR  p: [40063893], r: 1282122060, e: 1282121931
#ERR  p: [40063894], r: 1282122116, e: 1282121974
#ERR  p: [40063895], r: 1282122118, e: 1282122022
#ERR  p: [40063896], r: 1282122152, e: 1282122025
#ERR  p: [40063897], r: 1282122154, e: 1282122026
#ERR  p: [40063898], r: 1282122155, e: 1282122027
#ERR  p: [40063899], r: 1282122184, e: 1282122060
#ERR  p: [40063900], r: 1282122219, e: 1282122116
#ERR  p: [40063901], r: 1282122222, e: 1282122118
#ERR  p: [40063902], r: 1282122256, e: 1282122152
#ERR  p: [40063903], r: 1282122257, e: 1282122154
#ERR  p: [40063904], r: 1282122269, e: 1282122155
#ERR  p: [40063905], r: 1282122295, e: 1282122184
#ERR  p: [40063906], r: 1282122335, e: 1282122219
#ERR  p: [40063907], r: 1282122371, e: 1282122222
#ERR  p: [40063908], r: 1282122382, e: 1282122256
#ERR  p: [40063909], r: 1282122426, e: 1282122257
#ERR  p: [40063910], r: 1282122449, e: 1282122269
#ERR  p: [40063911], r: 1282122530, e: 1282122295
#ERR  p: [40063912], r: 1282122570, e: 1282122335
#ERR  p: [40063913], r: 1282122650, e: 1282122371
#ERR  p: [40063914], r: 1282122655, e: 1282122382
#ERR  p: [40063915], r: 1282122731, e: 1282122426
#ERR  p: [40063916], r: 1282122747, e: 1282122449
#ERR  p: [40063917], r: 1282122790, e: 1282122530
#ERR  p: [40063918], r: 1282122793, e: 1282122570
#ERR  p: [40063919], r: 1282122839, e: 1282122650
#ERR  p: [40063920], r: 1282122857, e: 1282122655
#ERR  p: [40063921], r: 1282122869, e: 1282122731
#ERR  p: [40063922], r: 1282122899, e: 1282122747
#ERR  p: [40063923], r: 1282122908, e: 1282122790
#ERR  p: [40063924], r: 1282122940, e: 1282122793
#ERR  p: [40063925], r: 1282122977, e: 1282122839
#ERR  p: [40063926], r: 1282123003, e: 1282122857
#ERR  p: [40063927], r: 1282123028, e: 1282122869
#ERR  p: [40063928], r: 1282123092, e: 1282122899
#ERR  p: [40063929], r: 1282123165, e: 1282122908
#ERR  p: [40063930], r: 1282123221, e: 1282122940
#ERR  p: [40063931], r: 1282123246, e: 1282122977
#ERR  p: [40063932], r: 1282123333, e: 1282123003
#ERR  p: [40063933], r: 1282123365, e: 1282123028
#ERR  p: [40063934], r: 1282123365, e: 1282123092
#ERR  p: [40063935], r: 1282123413, e: 1282123165
#ERR  p: [40063936], r: 1282123420, e: 1282123221
#ERR  p: [40063937], r: 1282123490, e: 1282123246
#ERR  p: [40063938], r: 1282123500, e: 1282123333
#ERR  p: [40063939], r: 1282123502, e: 1282123365
#ERR  p: [40063940], r: 1282123559, e: 1282123365
#ERR  p: [40063941], r: 1282123617, e: 1282123413
#ERR  p: [40063942], r: 1282123634, e: 1282123420
#ERR  p: [40063943], r: 1282123718, e: 1282123490
#ERR  p: [40063944], r: 1282123733, e: 1282123490
#ERR  p: [40063945], r: 1282123762, e: 1282123500
#ERR  p: [40063946], r: 1282123762, e: 1282123502
#ERR  p: [40063947], r: 1282123779, e: 1282123559
#ERR  p: [40063948], r: 1282123828, e: 1282123617
#ERR  p: [40063949], r: 1282123873, e: 1282123634
#ERR  p: [40063950], r: 1282123992, e: 1282123718
#ERR  p: [40063951], r: 1282124059, e: 1282123733
#ERR  p: [40063952], r: 1282124094, e: 1282123762
#ERR  p: [40063953], r: 1282124142, e: 1282123762
#ERR  p: [40063954], r: 1282124166, e: 1282123779
#ERR  p: [40063955], r: 1282124219, e: 1282123828
#ERR  p: [40063956], r: 1282124225, e: 1282123873
#ERR  p: [40063957], r: 1282124259, e: 1282123992
#ERR  p: [40063958], r: 1282124282, e: 1282124059
#ERR  p: [40063959], r: 1282124284, e: 1282124094
#ERR  p: [40063960], r: 1282124388, e: 1282124142
#ERR  p: [40063961], r: 1282124408, e: 1282124166
#ERR  p: [40063962], r: 1282124424, e: 1282124219
#ERR  p: [40063963], r: 1282124430, e: 1282124225
#ERR  p: [40063964], r: 1282124511, e: 1282124259
#ERR  p: [40063965], r: 1282124544, e: 1282124282
#ERR  p: [40063966], r: 1282124563, e: 1282124284
#ERR  p: [40063967], r: 1282124569, e: 1282124388
#ERR  p: [40063968], r: 1282124579, e: 1282124408
#ERR  p: [40063969], r: 1282124585, e: 1282124424
#ERR  p: [40063970], r: 1282124602, e: 1282124430
#ERR  p: [40063971], r: 1282124633, e: 1282124511
#ERR  p: [40063972], r: 1282124670, e: 1282124544
#ERR  p: [40063973], r: 1282124720, e: 1282124563
#ERR  p: [40063974], r: 1282124725, e: 1282124569
#ERR  p: [40063975], r: 1282124764, e: 1282124579
#ERR  p: [40063976], r: 1282124783, e: 1282124585
#ERR  p: [40063977], r: 1282124787, e: 1282124602
#ERR  p: [40063978], r: 1282124847, e: 1282124633
#ERR  p: [40063979], r: 1282124896, e: 1282124670
#ERR  p: [40063980], r: 1282124908, e: 1282124720
#ERR  p: [40063981], r: 1282124992, e: 1282124725
#ERR  p: [40063982], r: 1282125000, e: 1282124764
#ERR  p: [40063983], r: 1282125094, e: 1282124783
#ERR  p: [40063984], r: 1282125150, e: 1282124787
#ERR  p: [40063985], r: 1282125174, e: 1282124847
#ERR  p: [40063986], r: 1282125186, e: 1282124896
#ERR  p: [40063987], r: 1282125190, e: 1282124908
#ERR  p: [40063988], r: 1282125230, e: 1282124992
#ERR  p: [40063989], r: 1282125275, e: 1282125000
#ERR  p: [40063990], r: 1282125315, e: 1282125094
#ERR  p: [40063991], r: 1282125326, e: 1282125150
#ERR  p: [40063992], r: 1282125342, e: 1282125174
#ERR  p: [40063993], r: 1282125353, e: 1282125186
#ERR  p: [40063994], r: 1282125376, e: 1282125190
#ERR  p: [40063995], r: 1282125395, e: 1282125230
#ERR  p: [40063996], r: 1282125467, e: 1282125275
#ERR  p: [40063997], r: 1282125507, e: 1282125315
#ERR  p: [40063998], r: 1282125617, e: 1282125326
#ERR  p: [40063999], r: 1282125694, e: 1282125342
#ERR  p: [40064000], r: 1282125700, e: 1282125353
#ERR  p: [40064001], r: 1282125719, e: 1282125376
#ERR  p: [40064002], r: 1282125734, e: 1282125395
#ERR  p: [40064003], r: 1282125815, e: 1282125424
#ERR  p: [40064004], r: 1282125847, e: 1282125467
#ERR  p: [40064005], r: 1282125906, e: 1282125507
#ERR  p: [40064006], r: 1282125994, e: 1282125551
#ERR  p: [40064007], r: 1282126022, e: 1282125617
#ERR  p: [40064008], r: 1282126032, e: 1282125652
#ERR  p: [40064009], r: 1282126043, e: 1282125694
#ERR  p: [40064010], r: 1282126111, e: 1282125700
#ERR  p: [40064011], r: 1282126125, e: 1282125719
#ERR  p: [40064012], r: 1282126128, e: 1282125734
#ERR  p: [40064013], r: 1282126187, e: 1282125815
#ERR  p: [40064014], r: 1282126207, e: 1282125847
#ERR  p: [40064015], r: 1282126215, e: 1282125906
#ERR  p: [40064016], r: 1282126216, e: 1282125994
#ERR  p: [40064017], r: 1282126247, e: 1282126022
#ERR  p: [40064018], r: 1282126294, e: 1282126032
#ERR  p: [40064019], r: 1282126310, e: 1282126043
#ERR  p: [40064020], r: 1282126362, e: 1282126111
#ERR  p: [40064021], r: 1282126387, e: 1282126125
#ERR  p: [40064022], r: 1282126401, e: 1282126128
#ERR  p: [40064023], r: 1282126410, e: 1282126187
#ERR  p: [40064024], r: 1282126412, e: 1282126207
#ERR  p: [40064025], r: 1282126493, e: 1282126215
#ERR  p: [40064026], r: 1282126507, e: 1282126216
#ERR  p: [40064027], r: 1282126598, e: 1282126247
#ERR  p: [40064028], r: 1282126606, e: 1282126294
#ERR  p: [40064029], r: 1282126620, e: 1282126310
#ERR  p: [40064030], r: 1282126657, e: 1282126362
#ERR  p: [40064031], r: 1282126670, e: 1282126387
#ERR  p: [40064032], r: 1282126696, e: 1282126401
#ERR  p: [40064033], r: 1282126744, e: 1282126410
#ERR  p: [40064034], r: 1282126776, e: 1282126412
#ERR  p: [40064035], r: 1282126843, e: 1282126493
#ERR  p: [40064036], r: 1282126883, e: 1282126507
#ERR  p: [40064037], r: 1282126904, e: 1282126598
#ERR  p: [40064038], r: 1282126912, e: 1282126606
#ERR  p: [40064039], r: 1282127042, e: 1282126620
#ERR  p: [40064040], r: 1282127047, e: 1282126657
#ERR  p: [40064041], r: 1282127053, e: 1282126670
#ERR  p: [40064042], r: 1282127057, e: 1282126696
#ERR  p: [40064043], r: 1282127152, e: 1282126744
#ERR  p: [40064044], r: 1282127217, e: 1282126776
#ERR  p: [40064045], r: 1282127228, e: 1282126843
#ERR  p: [40064046], r: 1282127229, e: 1282126883
#ERR  p: [40064047], r: 1282127237, e: 1282126904
#ERR  p: [40064048], r: 1282127265, e: 1282126912
#ERR  p: [40064049], r: 1282127278, e: 1282127042
#ERR  p: [40064050], r: 1282127281, e: 1282127047
#ERR  p: [40064051], r: 1282127420, e: 1282127053
#ERR  p: [40064052], r: 1282127467, e: 1282127057
#ERR  p: [40064053], r: 1282127507, e: 1282127152
#ERR  p: [40064054], r: 1282127509, e: 1282127217
#ERR  p: [40064055], r: 1282127554, e: 1282127228
#ERR  p: [40064056], r: 1282127582, e: 1282127229
#ERR  p: [40064057], r: 1282127601, e: 1282127237
#ERR  p: [40064058], r: 1282127609, e: 1282127265
#ERR  p: [40064059], r: 1282127617, e: 1282127278
#ERR  p: [40064060], r: 1282127649, e: 1282127281
#ERR  p: [40064061], r: 1282127730, e: 1282127420
#ERR  p: [40064062], r: 1282127745, e: 1282127467
#ERR  p: [40064063], r: 1282127748, e: 1282127507
#ERR  p: [40064064], r: 1282127767, e: 1282127509
#ERR  p: [40064065], r: 1282127780, e: 1282127554
#ERR  p: [40064066], r: 1282127840, e: 1282127582
#ERR  p: [40064067], r: 1282127855, e: 1282127601
#ERR  p: [40064068], r: 1282127870, e: 1282127609
#ERR  p: [40064069], r: 1282127923, e: 1282127617
#ERR  p: [40064070], r: 1282127948, e: 1282127649
#ERR  p: [40064071], r: 1282127976, e: 1282127730
#ERR  p: [40064072], r: 1282127986, e: 1282127745
#ERR  p: [40064073], r: 1282128005, e: 1282127748
#ERR  p: [40064074], r: 1282128037, e: 1282127767
#ERR  p: [40064075], r: 1282128054, e: 1282127780
#ERR  p: [40064076], r: 1282128059, e: 1282127840
#ERR  p: [40064077], r: 1282128079, e: 1282127855
#ERR  p: [40064078], r: 1282128088, e: 1282127870
#ERR  p: [40064079], r: 1282128090, e: 1282127923
#ERR  p: [40064080], r: 1282128092, e: 1282127948
#ERR  p: [40064081], r: 1282128147, e: 1282127976
#ERR  p: [40064082], r: 1282128149, e: 1282127986
#ERR  p: [40064083], r: 1282128163, e: 1282128005
#ERR  p: [40064084], r: 1282128223, e: 1282128037
#ERR  p: [40064085], r: 1282128238, e: 1282128054
#ERR  p: [40064086], r: 1282128272, e: 1282128059
#ERR  p: [40064087], r: 1282128348, e: 1282128079
#ERR  p: [40064088], r: 1282128416, e: 1282128088
#ERR  p: [40064089], r: 1282128433, e: 1282128090
#ERR  p: [40064090], r: 1282128444, e: 1282128092
#ERR  p: [40064091], r: 1282128458, e: 1282128147
#ERR  p: [40064092], r: 1282128477, e: 1282128149
#ERR  p: [40064093], r: 1282128565, e: 1282128163
#ERR  p: [40064094], r: 1282128663, e: 1282128223
#ERR  p: [40064095], r: 1282128665, e: 1282128238
#ERR  p: [40064096], r: 1282128667, e: 1282128272
#ERR  p: [40064097], r: 1282128672, e: 1282128348
#ERR  p: [40064098], r: 1282128690, e: 1282128416
#ERR  p: [40064099], r: 1282128738, e: 1282128433
#ERR  p: [40064100], r: 1282128740, e: 1282128444
#ERR  p: [40064101], r: 1282128833, e: 1282128458
#ERR  p: [40064102], r: 1282128852, e: 1282128477
#ERR  p: [40064103], r: 1282128916, e: 1282128565
#ERR  p: [40064104], r: 1282128954, e: 1282128663
#ERR  p: [40064105], r: 1282128961, e: 1282128665
#ERR  p: [40064106], r: 1282128962, e: 1282128667
#ERR  p: [40064107], r: 1282128976, e: 1282128672
#ERR  p: [40064108], r: 1282128987, e: 1282128690
#ERR  p: [40064109], r: 1282129027, e: 1282128738
#ERR  p: [40064110], r: 1282129059, e: 1282128740
#ERR  p: [40064111], r: 1282129078, e: 1282128833
#ERR  p: [40064112], r: 1282129091, e: 1282128852
#ERR  p: [40064113], r: 1282129093, e: 1282128891
#ERR  p: [40064114], r: 1282129113, e: 1282128916
#ERR  p: [40064115], r: 1282129213, e: 1282128954
#ERR  p: [40064116], r: 1282129248, e: 1282128961
#ERR  p: [40064117], r: 1282129395, e: 1282128962
#ERR  p: [40064118], r: 1282129405, e: 1282128976
#ERR  p: [40064119], r: 1282129428, e: 1282128987
#ERR  p: [40064120], r: 1282129472, e: 1282129027
#ERR  p: [40064121], r: 1282129477, e: 1282129059
#ERR  p: [40064122], r: 1282129481, e: 1282129078
#ERR  p: [40064123], r: 1282129635, e: 1282129091
#ERR  p: [40064124], r: 1282129687, e: 1282129093
#ERR  p: [40064125], r: 1282129695, e: 1282129113
#ERR  p: [40064126], r: 1282129727, e: 1282129213
#ERR  p: [40064127], r: 1282129760, e: 1282129248
#ERR  p: [40064128], r: 1282129785, e: 1282129395
#ERR  p: [40064129], r: 1282129814, e: 1282129405
#ERR  p: [40064130], r: 1282129839, e: 1282129428
#ERR  p: [40064131], r: 1282129842, e: 1282129472
#ERR  p: [40064132], r: 1282129849, e: 1282129477
#ERR  p: [40064133], r: 1282129853, e: 1282129481
#ERR  p: [40064134], r: 1282129908, e: 1282129635
#ERR  p: [40064135], r: 1282129995, e: 1282129687
#ERR  p: [40064136], r: 1282130057, e: 1282129695
#ERR  p: [40064137], r: 1282130078, e: 1282129727
#ERR  p: [40064138], r: 1282130085, e: 1282129760
#ERR  p: [40064139], r: 1282130089, e: 1282129785
#ERR  p: [40064140], r: 1282130097, e: 1282129814
#ERR  p: [40064141], r: 1282130120, e: 1282129839
#ERR  p: [40064142], r: 1282130123, e: 1282129842
#ERR  p: [40064143], r: 1282130125, e: 1282129849
#ERR  p: [40064144], r: 1282130129, e: 1282129853
#ERR  p: [40064145], r: 1282130139, e: 1282129908
#ERR  p: [40064146], r: 1282130141, e: 1282129995
#ERR  p: [40064147], r: 1282130163, e: 1282130057
#ERR  p: [40064148], r: 1282130183, e: 1282130078
#ERR  p: [40064149], r: 1282130250, e: 1282130085
#ERR  p: [40064150], r: 1282130270, e: 1282130089
#ERR  p: [40064151], r: 1282130272, e: 1282130097
#ERR  p: [40064152], r: 1282130273, e: 1282130120
#ERR  p: [40064153], r: 1282130279, e: 1282130123
#ERR  p: [40064154], r: 1282130307, e: 1282130125
#ERR  p: [40064155], r: 1282130312, e: 1282130129
#ERR  p: [40064156], r: 1282130336, e: 1282130139
#ERR  p: [40064157], r: 1282130438, e: 1282130141
#ERR  p: [40064158], r: 1282130443, e: 1282130163
#ERR  p: [40064159], r: 1282130455, e: 1282130183
#ERR  p: [40064160], r: 1282130464, e: 1282130250
#ERR  p: [40064161], r: 1282130526, e: 1282130270
#ERR  p: [40064162], r: 1282130574, e: 1282130272
#ERR  p: [40064163], r: 1282130612, e: 1282130273
#ERR  p: [40064164], r: 1282130618, e: 1282130279
#ERR  p: [40064165], r: 1282130649, e: 1282130307
#ERR  p: [40064166], r: 1282130768, e: 1282130312
#ERR  p: [40064167], r: 1282130807, e: 1282130336
#ERR  p: [40064168], r: 1282130877, e: 1282130438
#ERR  p: [40064169], r: 1282130889, e: 1282130443
#ERR  p: [40064170], r: 1282130913, e: 1282130455
#ERR  p: [40064171], r: 1282130933, e: 1282130464
#ERR  p: [40064172], r: 1282130944, e: 1282130526
#ERR  p: [40064173], r: 1282130959, e: 1282130574
#ERR  p: [40064174], r: 1282130973, e: 1282130612
#ERR  p: [40064175], r: 1282130973, e: 1282130618
#ERR  p: [40064176], r: 1282130992, e: 1282130649
#ERR  p: [40064177], r: 1282131057, e: 1282130768
#ERR  p: [40064178], r: 1282131082, e: 1282130807
#ERR  p: [40064179], r: 1282131097, e: 1282130877
#ERR  p: [40064180], r: 1282131118, e: 1282130889
#ERR  p: [40064181], r: 1282131196, e: 1282130913
#ERR  p: [40064182], r: 1282131256, e: 1282130933
#ERR  p: [40064183], r: 1282131301, e: 1282130944
#ERR  p: [40064184], r: 1282131303, e: 1282130959
#ERR  p: [40064185], r: 1282131349, e: 1282130973
#ERR  p: [40064186], r: 1282131373, e: 1282130973
#ERR  p: [40064187], r: 1282131381, e: 1282130992
#ERR  p: [40064188], r: 1282131407, e: 1282131057
#ERR  p: [40064189], r: 1282131510, e: 1282131082
#ERR  p: [40064190], r: 1282131520, e: 1282131097
#ERR  p: [40064191], r: 1282131586, e: 1282131118
#ERR  p: [40064192], r: 1282131628, e: 1282131196
#ERR  p: [40064193], r: 1282131668, e: 1282131214
#ERR  p: [40064194], r: 1282131678, e: 1282131256
#ERR  p: [40064195], r: 1282131695, e: 1282131301
#ERR  p: [40064196], r: 1282131712, e: 1282131303
#ERR  p: [40064197], r: 1282131745, e: 1282131349
#ERR  p: [40064198], r: 1282131774, e: 1282131373
#ERR  p: [40064199], r: 1282131806, e: 1282131381
#ERR  p: [40064200], r: 1282131845, e: 1282131407
#ERR  p: [40064201], r: 1282131880, e: 1282131510
#ERR  p: [40064202], r: 1282131888, e: 1282131520
#ERR  p: [40064203], r: 1282131889, e: 1282131586
#ERR  p: [40064204], r: 1282132023, e: 1282131628
#ERR  p: [40064205], r: 1282132029, e: 1282131668
#ERR  p: [40064206], r: 1282132042, e: 1282131678
#ERR  p: [40064207], r: 1282132078, e: 1282131695
#ERR  p: [40064208], r: 1282132091, e: 1282131712
#ERR  p: [40064209], r: 1282132100, e: 1282131745
#ERR  p: [40064210], r: 1282132138, e: 1282131774
#ERR  p: [40064211], r: 1282132141, e: 1282131806
#ERR  p: [40064212], r: 1282132227, e: 1282131814
#ERR  p: [40064213], r: 1282132282, e: 1282131845
#ERR  p: [40064214], r: 1282132283, e: 1282131880
#ERR  p: [40064215], r: 1282132317, e: 1282131888
#ERR  p: [40064216], r: 1282132340, e: 1282131889
#ERR  p: [40064217], r: 1282132340, e: 1282132023
#ERR  p: [40064218], r: 1282132386, e: 1282132029
#ERR  p: [40064219], r: 1282132431, e: 1282132042
#ERR  p: [40064220], r: 1282132476, e: 1282132078
#ERR  p: [40064221], r: 1282132503, e: 1282132091
#ERR  p: [40064222], r: 1282132518, e: 1282132100
#ERR  p: [40064223], r: 1282132522, e: 1282132138
#ERR  p: [40064224], r: 1282132526, e: 1282132141
#ERR  p: [40064225], r: 1282132552, e: 1282132227
#ERR  p: [40064226], r: 1282132552, e: 1282132282
#ERR  p: [40064227], r: 1282132553, e: 1282132283
#ERR  p: [40064228], r: 1282132609, e: 1282132317
#ERR  p: [40064229], r: 1282132612, e: 1282132340
#ERR  p: [40064230], r: 1282132613, e: 1282132340
#ERR  p: [40064231], r: 1282132620, e: 1282132386
#ERR  p: [40064232], r: 1282132647, e: 1282132431
#ERR  p: [40064233], r: 1282132723, e: 1282132476
#ERR  p: [40064234], r: 1282132744, e: 1282132503
#ERR  p: [40064235], r: 1282132753, e: 1282132518
#ERR  p: [40064236], r: 1282132788, e: 1282132522
#ERR  p: [40064237], r: 1282132797, e: 1282132526
#ERR  p: [40064238], r: 1282132824, e: 1282132552
#ERR  p: [40064239], r: 1282132838, e: 1282132552
#ERR  p: [40064240], r: 1282132852, e: 1282132553
#ERR  p: [40064241], r: 1282132862, e: 1282132609
#ERR  p: [40064242], r: 1282132889, e: 1282132612
#ERR  p: [40064243], r: 1282132971, e: 1282132613
#ERR  p: [40064244], r: 1282133027, e: 1282132620
#ERR  p: [40064245], r: 1282133055, e: 1282132647
#ERR  p: [40064246], r: 1282133066, e: 1282132723
#ERR  p: [40064247], r: 1282133079, e: 1282132744
#ERR  p: [40064248], r: 1282133103, e: 1282132753
#ERR  p: [40064249], r: 1282133180, e: 1282132788
#ERR  p: [40064250], r: 1282133236, e: 1282132797
#ERR  p: [40064251], r: 1282133251, e: 1282132824
#ERR  p: [40064252], r: 1282133254, e: 1282132838
#ERR  p: [40064253], r: 1282133267, e: 1282132852
#ERR  p: [40064254], r: 1282133306, e: 1282132862
#ERR  p: [40064255], r: 1282133351, e: 1282132889
#ERR  p: [40064256], r: 1282133352, e: 1282132971
#ERR  p: [40064257], r: 1282133366, e: 1282133027
#ERR  p: [40064258], r: 1282133375, e: 1282133055
#ERR  p: [40064259], r: 1282133390, e: 1282133066
#SDC Ite:0 KerTime:48.120491 AccTime:48.120491 KerErr:1992 AccErr:1992
#ABORT too many errors per iteration
#END