#HEADER size:134217728 omp_num_threads:228
#BEGIN Y:2017 M:02 D:21 Time:02:56:45
#IT Ite:0 KerTime:106.453759 AccTime:106.453759
#ERR  p: [3574], r: 112860, e: 112853
#ERR  p: [1766025], r: 56612302, e: 56551958
#ERR  p: [1177350], r: 37749951, e: 37708775
#ERR  p: [3575], r: 112882, e: 112860
#ERR  p: [1766026], r: 56612328, e: 56551975
#ERR  p: [1177351], r: 37749968, e: 37708809
#ERR  p: [588675], r: 18859991, e: 18839464
#ERR  p: [3576], r: 112883, e: 112882
#ERR  p: [1766027], r: 56612343, e: 56552027
#ERR  p: [1177352], r: 37749992, e: 37708932
#ERR  p: [588676], r: 18860073, e: 18839478
#ERR  p: [3577], r: 112893, e: 112883
#ERR  p: [1766028], r: 56612374, e: 56552028
#ERR  p: [1177353], r: 37750003, e: 37708988
#ERR  p: [588677], r: 18860081, e: 18839633
#ERR  p: [3578], r: 112916, e: 112893
#ERR  p: [1766029], r: 56612406, e: 56552088
#ERR  p: [1177354], r: 37750012, e: 37709009
#ERR  p: [3579], r: 112929, e: 112916
#ERR  p: [588678], r: 18860099, e: 18839662
#ERR  p: [1766030], r: 56612448, e: 56552103
#ERR  p: [1177355], r: 37750029, e: 37709017
#ERR  p: [3580], r: 112955, e: 112929
#ERR  p: [588679], r: 18860115, e: 18839746
#ERR  p: [1766031], r: 56612470, e: 56552113
#ERR  p: [1177356], r: 37750050, e: 37709072
#ERR  p: [3581], r: 112959, e: 112955
#ERR  p: [588680], r: 18860122, e: 18839755
#ERR  p: [1766032], r: 56612484, e: 56552118
#ERR  p: [1177357], r: 37750097, e: 37709078
#ERR  p: [3582], r: 112983, e: 112959
#ERR  p: [588681], r: 18860124, e: 18839767
#ERR  p: [1766033], r: 56612514, e: 56552189
#ERR  p: [1177358], r: 37750100, e: 37709093
#ERR  p: [3583], r: 112991, e: 112983
#ERR  p: [588682], r: 18860127, e: 18839772
#ERR  p: [1766034], r: 56612527, e: 56552221
#ERR  p: [1177359], r: 37750143, e: 37709140
#ERR  p: [3584], r: 113013, e: 112991
#ERR  p: [588683], r: 18860148, e: 18839779
#ERR  p: [1766035], r: 56612560, e: 56552226
#ERR  p: [1177360], r: 37750143, e: 37709154
#ERR  p: [3585], r: 113016, e: 113013
#ERR  p: [588684], r: 18860253, e: 18839786
#ERR  p: [1766036], r: 56612564, e: 56552255
#ERR  p: [1177361], r: 37750221, e: 37709161
#ERR  p: [3586], r: 113018, e: 113016
#ERR  p: [588685], r: 18860287, e: 18839814
#ERR  p: [1766037], r: 56612572, e: 56552255
#ERR  p: [1177362], r: 37750222, e: 37709169
#ERR  p: [3587], r: 113119, e: 113018
#ERR  p: [588686], r: 18860289, e: 18839842
#ERR  p: [1766038], r: 56612597, e: 56552268
#ERR  p: [1177363], r: 37750232, e: 37709229
#ERR  p: [3588], r: 113122, e: 113119
#ERR  p: [588687], r: 18860326, e: 18839851
#ERR  p: [1766039], r: 56612602, e: 56552297
#ERR  p: [1177364], r: 37750268, e: 37709240
#ERR  p: [3589], r: 113189, e: 113122
#ERR  p: [588688], r: 18860334, e: 18839921
#ERR  p: [1766040], r: 56612644, e: 56552329
#ERR  p: [1177365], r: 37750312, e: 37709245
#ERR  p: [3590], r: 113195, e: 113189
#ERR  p: [588689], r: 18860365, e: 18839931
#ERR  p: [1766041], r: 56612677, e: 56552364
#ERR  p: [1177366], r: 37750391, e: 37709258
#ERR  p: [588690], r: 18860390, e: 18839932
#ERR  p: [3591], r: 113228, e: 113195
#ERR  p: [1766042], r: 56612691, e: 56552380
#ERR  p: [1177367], r: 37750402, e: 37709260
#ERR  p: [588691], r: 18860420, e: 18839936
#ERR  p: [3592], r: 113241, e: 113228
#ERR  p: [1766043], r: 56612694, e: 56552392
#ERR  p: [1177368], r: 37750413, e: 37709271
#ERR  p: [3593], r: 113252, e: 113241
#ERR  p: [588692], r: 18860444, e: 18840012
#ERR  p: [1766044], r: 56612720, e: 56552410
#ERR  p: [1177369], r: 37750521, e: 37709290
#ERR  p: [3594], r: 113264, e: 113252
#ERR  p: [588693], r: 18860480, e: 18840062
#ERR  p: [1766045], r: 56612728, e: 56552415
#ERR  p: [1177370], r: 37750539, e: 37709360
#ERR  p: [3595], r: 113272, e: 113264
#ERR  p: [588694], r: 18860537, e: 18840091
#ERR  p: [1766046], r: 56612743, e: 56552463
#ERR  p: [1177371], r: 37750586, e: 37709390
#ERR  p: [3596], r: 113339, e: 113272
#ERR  p: [588695], r: 18860549, e: 18840118
#ERR  p: [1766047], r: 56612816, e: 56552467
#ERR  p: [1177372], r: 37750598, e: 37709406
#ERR  p: [3597], r: 113363, e: 113339
#ERR  p: [588696], r: 18860597, e: 18840131
#ERR  p: [1766048], r: 56612822, e: 56552553
#ERR  p: [1177373], r: 37750636, e: 37709455
#ERR  p: [3598], r: 113490, e: 113363
#ERR  p: [588697], r: 18860627, e: 18840157
#ERR  p: [1766049], r: 56612886, e: 56552562
#ERR  p: [1177374], r: 37750646, e: 37709485
#ERR  p: [3599], r: 113503, e: 113490
#ERR  p: [588698], r: 18860666, e: 18840233
#ERR  p: [1766050], r: 56612894, e: 56552593
#ERR  p: [1177375], r: 37750679, e: 37709515
#ERR  p: [3600], r: 113536, e: 113503
#ERR  p: [588699], r: 18860709, e: 18840257
#ERR  p: [1766051], r: 56612897, e: 56552598
#ERR  p: [1177376], r: 37750693, e: 37709545
#ERR  p: [3601], r: 113550, e: 113536
#ERR  p: [588700], r: 18860719, e: 18840278
#ERR  p: [1766052], r: 56612980, e: 56552599
#ERR  p: [1177377], r: 37750716, e: 37709577
#ERR  p: [3603], r: 113616, e: 113550
#ERR  p: [588701], r: 18860731, e: 18840319
#ERR  p: [1766053], r: 56612987, e: 56552613
#ERR  p: [1177378], r: 37750725, e: 37709594
#ERR  p: [3604], r: 113619, e: 113616
#ERR  p: [588702], r: 18860773, e: 18840334
#ERR  p: [1766054], r: 56612992, e: 56552627
#ERR  p: [1177379], r: 37750783, e: 37709598
#ERR  p: [3605], r: 113647, e: 113619
#ERR  p: [588703], r: 18860775, e: 18840371
#ERR  p: [1766055], r: 56612996, e: 56552672
#ERR  p: [1177380], r: 37750810, e: 37709630
#ERR  p: [3606], r: 113665, e: 113647
#ERR  p: [588704], r: 18860807, e: 18840598
#ERR  p: [1766056], r: 56613036, e: 56552678
#ERR  p: [1177381], r: 37750869, e: 37709726
#ERR  p: [3607], r: 113680, e: 113665
#ERR  p: [588705], r: 18860828, e: 18840607
#ERR  p: [1766057], r: 56613144, e: 56552690
#ERR  p: [1177382], r: 37750894, e: 37709748
#ERR  p: [3608], r: 113685, e: 113680
#ERR  p: [588706], r: 18860952, e: 18840609
#ERR  p: [1766058], r: 56613174, e: 56552716
#ERR  p: [1177383], r: 37750919, e: 37709766
#ERR  p: [3609], r: 113729, e: 113685
#ERR  p: [588707], r: 18860961, e: 18840670
#ERR  p: [1766059], r: 56613179, e: 56552804
#ERR  p: [1177384], r: 37750925, e: 37709813
#ERR  p: [3610], r: 113762, e: 113729
#ERR  p: [588708], r: 18860988, e: 18840682
#ERR  p: [1766060], r: 56613200, e: 56552846
#ERR  p: [1177385], r: 37751012, e: 37709830
#ERR  p: [3611], r: 113771, e: 113762
#ERR  p: [588709], r: 18861062, e: 18840682
#ERR  p: [1766061], r: 56613240, e: 56552861
#ERR  p: [1177386], r: 37751038, e: 37709834
#ERR  p: [3612], r: 113799, e: 113771
#ERR  p: [588710], r: 18861065, e: 18840708
#ERR  p: [1766062], r: 56613246, e: 56552918
#ERR  p: [1177387], r: 37751115, e: 37709846
#ERR  p: [3613], r: 113804, e: 113799
#ERR  p: [588711], r: 18861071, e: 18840795
#ERR  p: [1766063], r: 56613254, e: 56552919
#ERR  p: [1177388], r: 37751124, e: 37709847
#ERR  p: [3614], r: 114020, e: 113804
#ERR  p: [588712], r: 18861097, e: 18840802
#ERR  p: [1766064], r: 56613272, e: 56553007
#ERR  p: [1177389], r: 37751137, e: 37709907
#ERR  p: [3615], r: 114031, e: 114020
#ERR  p: [588713], r: 18861127, e: 18840842
#ERR  p: [1766065], r: 56613278, e: 56553018
#ERR  p: [1177390], r: 37751161, e: 37709909
#ERR  p: [3616], r: 114033, e: 114031
#ERR  p: [588714], r: 18861186, e: 18840853
#ERR  p: [1766066], r: 56613338, e: 56553050
#ERR  p: [1177391], r: 37751210, e: 37709911
#ERR  p: [3617], r: 114038, e: 114033
#ERR  p: [588715], r: 18861202, e: 18840920
#ERR  p: [1766067], r: 56613340, e: 56553084
#ERR  p: [1177392], r: 37751214, e: 37709935
#ERR  p: [3618], r: 114069, e: 114038
#ERR  p: [588716], r: 18861203, e: 18840940
#ERR  p: [1766068], r: 56613367, e: 56553099
#ERR  p: [1177393], r: 37751257, e: 37709948
#ERR  p: [3619], r: 114085, e: 114069
#ERR  p: [588717], r: 18861207, e: 18841093
#ERR  p: [1766069], r: 56613372, e: 56553119
#ERR  p: [1177394], r: 37751302, e: 37709976
#ERR  p: [3620], r: 114097, e: 114085
#ERR  p: [588718], r: 18861318, e: 18841101
#ERR  p: [1766070], r: 56613400, e: 56553138
#ERR  p: [1177395], r: 37751306, e: 37710002
#ERR  p: [3621], r: 114213, e: 114097
#ERR  p: [588719], r: 18861327, e: 18841117
#ERR  p: [1766071], r: 56613412, e: 56553226
#ERR  p: [1177396], r: 37751337, e: 37710004
#ERR  p: [3622], r: 114254, e: 114213
#ERR  p: [588720], r: 18861333, e: 18841128
#ERR  p: [1766072], r: 56613433, e: 56553288
#ERR  p: [1177397], r: 37751378, e: 37710019
#ERR  p: [3623], r: 114266, e: 114254
#ERR  p: [588721], r: 18861378, e: 18841134
#ERR  p: [1766073], r: 56613464, e: 56553312
#ERR  p: [1177398], r: 37751444, e: 37710058
#ERR  p: [3624], r: 114267, e: 114266
#ERR  p: [588722], r: 18861391, e: 18841137
#ERR  p: [1766074], r: 56613473, e: 56553358
#ERR  p: [1177399], r: 37751453, e: 37710129
#ERR  p: [3625], r: 114272, e: 114267
#ERR  p: [588723], r: 18861397, e: 18841139
#ERR  p: [1766075], r: 56613498, e: 56553361
#ERR  p: [1177400], r: 37751477, e: 37710133
#ERR  p: [3626], r: 114274, e: 114272
#ERR  p: [588724], r: 18861432, e: 18841139
#ERR  p: [1766076], r: 56613524, e: 56553443
#ERR  p: [1177401], r: 37751491, e: 37710148
#ERR  p: [3627], r: 114282, e: 114274
#ERR  p: [588725], r: 18861462, e: 18841161
#ERR  p: [1766077], r: 56613536, e: 56553490
#ERR  p: [1177402], r: 37751506, e: 37710219
#ERR  p: [3628], r: 114290, e: 114282
#ERR  p: [588726], r: 18861469, e: 18841194
#ERR  p: [1766078], r: 56613588, e: 56553542
#ERR  p: [1177403], r: 37751512, e: 37710312
#ERR  p: [3629], r: 114300, e: 114290
#ERR  p: [588727], r: 18861555, e: 18841229
#ERR  p: [1766079], r: 56613599, e: 56553544
#ERR  p: [1177404], r: 37751536, e: 37710322
#ERR  p: [3630], r: 114342, e: 114300
#ERR  p: [588728], r: 18861643, e: 18841253
#ERR  p: [1766080], r: 56613610, e: 56553569
#ERR  p: [1177405], r: 37751546, e: 37710396
#ERR  p: [3631], r: 114389, e: 114342
#ERR  p: [588729], r: 18861645, e: 18841274
#ERR  p: [1766081], r: 56613611, e: 56553606
#ERR  p: [1177406], r: 37751564, e: 37710398
#ERR  p: [3632], r: 114444, e: 114389
#ERR  p: [588730], r: 18861667, e: 18841283
#ERR  p: [1766082], r: 56613635, e: 56553624
#ERR  p: [1177407], r: 37751569, e: 37710413
#ERR  p: [3633], r: 114451, e: 114444
#ERR  p: [588731], r: 18861682, e: 18841334
#ERR  p: [1766083], r: 56613635, e: 56553635
#ERR  p: [1177408], r: 37751576, e: 37710432
#ERR  p: [3634], r: 114459, e: 114451
#ERR  p: [588732], r: 18861714, e: 18841383
#ERR  p: [1766084], r: 56613675, e: 56553657
#ERR  p: [1177409], r: 37751712, e: 37710440
#ERR  p: [3636], r: 114483, e: 114459
#ERR  p: [588733], r: 18861736, e: 18841391
#ERR  p: [1766085], r: 56613721, e: 56553662
#ERR  p: [1177410], r: 37751724, e: 37710512
#ERR  p: [3637], r: 114491, e: 114483
#ERR  p: [588734], r: 18861747, e: 18841399
#ERR  p: [1766086], r: 56613740, e: 56553672
#ERR  p: [1177411], r: 37751728, e: 37710531
#ERR  p: [3638], r: 114527, e: 114491
#ERR  p: [588735], r: 18861800, e: 18841448
#ERR  p: [1766087], r: 56613770, e: 56553682
#ERR  p: [1177412], r: 37751766, e: 37710545
#ERR  p: [3639], r: 114569, e: 114527
#ERR  p: [588736], r: 18861879, e: 18841478
#ERR  p: [1766088], r: 56613799, e: 56553819
#ERR  p: [1177413], r: 37751776, e: 37710556
#ERR  p: [3640], r: 114576, e: 114569
#ERR  p: [588737], r: 18861926, e: 18841481
#ERR  p: [1766089], r: 56613903, e: 56553827
#ERR  p: [1177414], r: 37751833, e: 37710584
#ERR  p: [3641], r: 114585, e: 114576
#ERR  p: [588738], r: 18861931, e: 18841492
#ERR  p: [1766090], r: 56613918, e: 56553834
#ERR  p: [1177415], r: 37751901, e: 37710611
#ERR  p: [3642], r: 114650, e: 114585
#ERR  p: [588739], r: 18861933, e: 18841548
#ERR  p: [1766091], r: 56613948, e: 56553841
#ERR  p: [1177416], r: 37751916, e: 37710625
#ERR  p: [3643], r: 114660, e: 114650
#ERR  p: [588740], r: 18861972, e: 18841592
#ERR  p: [1766092], r: 56614061, e: 56553874
#ERR  p: [1177417], r: 37751938, e: 37710633
#ERR  p: [588741], r: 18861984, e: 18841605
#ERR  p: [3644], r: 114751, e: 114660
#ERR  p: [1766093], r: 56614089, e: 56553882
#ERR  p: [1177418], r: 37752023, e: 37710663
#ERR  p: [588742], r: 18862006, e: 18841662
#ERR  p: [3645], r: 114862, e: 114751
#ERR  p: [1766094], r: 56614116, e: 56553920
#ERR  p: [1177419], r: 37752049, e: 37710681
#ERR  p: [588743], r: 18862021, e: 18841678
#ERR  p: [3646], r: 114880, e: 114862
#ERR  p: [1766095], r: 56614124, e: 56553993
#ERR  p: [1177420], r: 37752049, e: 37710761
#ERR  p: [588744], r: 18862031, e: 18841749
#ERR  p: [3647], r: 114959, e: 114880
#ERR  p: [1766096], r: 56614132, e: 56554060
#ERR  p: [1177421], r: 37752125, e: 37710767
#ERR  p: [588745], r: 18862045, e: 18841754
#ERR  p: [3648], r: 114969, e: 114959
#ERR  p: [1766097], r: 56614186, e: 56554114
#ERR  p: [1177422], r: 37752181, e: 37710770
#ERR  p: [588746], r: 18862148, e: 18841838
#ERR  p: [3649], r: 114996, e: 114969
#ERR  p: [1766098], r: 56614317, e: 56554158
#ERR  p: [1177423], r: 37752200, e: 37710803
#ERR  p: [588747], r: 18862200, e: 18841850
#ERR  p: [3650], r: 115032, e: 114996
#ERR  p: [1766099], r: 56614336, e: 56554159
#ERR  p: [1177424], r: 37752210, e: 37710820
#ERR  p: [588748], r: 18862218, e: 18841867
#ERR  p: [3651], r: 115068, e: 115032
#ERR  p: [1766100], r: 56614363, e: 56554251
#ERR  p: [1177425], r: 37752218, e: 37710882
#ERR  p: [588749], r: 18862321, e: 18841873
#ERR  p: [3652], r: 115109, e: 115068
#ERR  p: [1766101], r: 56614387, e: 56554270
#ERR  p: [1177426], r: 37752264, e: 37710938
#ERR  p: [588750], r: 18862352, e: 18841875
#ERR  p: [3653], r: 115118, e: 115109
#ERR  p: [1766102], r: 56614477, e: 56554298
#ERR  p: [1177427], r: 37752293, e: 37711067
#ERR  p: [588751], r: 18862383, e: 18841937
#ERR  p: [3654], r: 115163, e: 115118
#ERR  p: [1766103], r: 56614499, e: 56554306
#ERR  p: [1177428], r: 37752349, e: 37711134
#ERR  p: [588752], r: 18862415, e: 18841948
#ERR  p: [3655], r: 115174, e: 115163
#ERR  p: [1766104], r: 56614538, e: 56554323
#ERR  p: [1177429], r: 37752350, e: 37711188
#ERR  p: [588753], r: 18862434, e: 18842011
#ERR  p: [3656], r: 115177, e: 115174
#ERR  p: [1766105], r: 56614545, e: 56554376
#ERR  p: [1177430], r: 37752480, e: 37711195
#ERR  p: [588754], r: 18862438, e: 18842020
#ERR  p: [3657], r: 115216, e: 115177
#ERR  p: [1766106], r: 56614558, e: 56554429
#ERR  p: [1177431], r: 37752506, e: 37711208
#ERR  p: [588755], r: 18862487, e: 18842036
#ERR  p: [3658], r: 115251, e: 115216
#ERR  p: [1766107], r: 56614594, e: 56554438
#ERR  p: [1177432], r: 37752536, e: 37711279
#ERR  p: [588756], r: 18862543, e: 18842073
#ERR  p: [3659], r: 115254, e: 115251
#ERR  p: [1766108], r: 56614669, e: 56554439
#ERR  p: [1177433], r: 37752639, e: 37711312
#ERR  p: [588757], r: 18862635, e: 18842137
#ERR  p: [3660], r: 115255, e: 115254
#ERR  p: [1766109], r: 56614703, e: 56554495
#ERR  p: [1177434], r: 37752644, e: 37711353
#ERR  p: [588758], r: 18862660, e: 18842149
#ERR  p: [3661], r: 115290, e: 115255
#ERR  p: [1766110], r: 56614709, e: 56554561
#ERR  p: [1177435], r: 37752715, e: 37711450
#ERR  p: [588759], r: 18862688, e: 18842166
#ERR  p: [3662], r: 115295, e: 115290
#ERR  p: [1766111], r: 56614709, e: 56554573
#ERR  p: [1177436], r: 37752769, e: 37711472
#ERR  p: [588760], r: 18862691, e: 18842177
#ERR  p: [3663], r: 115359, e: 115295
#ERR  p: [1766112], r: 56614761, e: 56554591
#ERR  p: [1177437], r: 37752856, e: 37711472
#ERR  p: [588761], r: 18862699, e: 18842179
#ERR  p: [3664], r: 115380, e: 115359
#ERR  p: [1766113], r: 56614762, e: 56554611
#ERR  p: [1177438], r: 37752866, e: 37711543
#ERR  p: [588762], r: 18862714, e: 18842208
#ERR  p: [3665], r: 115428, e: 115380
#ERR  p: [1766114], r: 56614938, e: 56554806
#ERR  p: [1177439], r: 37752878, e: 37711549
#ERR  p: [588763], r: 18862727, e: 18842224
#ERR  p: [3666], r: 115433, e: 115428
#ERR  p: [1766115], r: 56614957, e: 56554855
#ERR  p: [1177440], r: 37752884, e: 37711580
#ERR  p: [588764], r: 18862765, e: 18842248
#ERR  p: [3667], r: 115491, e: 115433
#ERR  p: [1766116], r: 56614958, e: 56554946
#ERR  p: [1177441], r: 37752885, e: 37711605
#ERR  p: [588765], r: 18862808, e: 18842278
#ERR  p: [3668], r: 115555, e: 115491
#ERR  p: [1766117], r: 56615000, e: 56555077
#ERR  p: [1177442], r: 37752950, e: 37711664
#ERR  p: [588766], r: 18862891, e: 18842298
#ERR  p: [3669], r: 115587, e: 115555
#ERR  p: [1766118], r: 56615003, e: 56555098
#ERR  p: [1177443], r: 37752952, e: 37711670
#ERR  p: [588767], r: 18862895, e: 18842405
#ERR  p: [3670], r: 115609, e: 115587
#ERR  p: [1766119], r: 56615027, e: 56555103
#ERR  p: [1177444], r: 37752953, e: 37711727
#ERR  p: [588768], r: 18862966, e: 18842568
#ERR  p: [3671], r: 115703, e: 115609
#ERR  p: [1766120], r: 56615032, e: 56555107
#ERR  p: [1177445], r: 37752987, e: 37711781
#ERR  p: [588769], r: 18862978, e: 18842588
#ERR  p: [3672], r: 115708, e: 115703
#ERR  p: [1766121], r: 56615071, e: 56555140
#ERR  p: [1177446], r: 37753025, e: 37711792
#ERR  p: [588770], r: 18862999, e: 18842606
#ERR  p: [3673], r: 115772, e: 115708
#ERR  p: [1766122], r: 56615078, e: 56555162
#ERR  p: [1177447], r: 37753031, e: 37711794
#ERR  p: [588771], r: 18863042, e: 18842633
#ERR  p: [3674], r: 115808, e: 115772
#ERR  p: [1766123], r: 56615091, e: 56555181
#ERR  p: [1177448], r: 37753077, e: 37711803
#ERR  p: [588772], r: 18863045, e: 18842849
#ERR  p: [3675], r: 115810, e: 115808
#ERR  p: [1766124], r: 56615101, e: 56555203
#ERR  p: [1177449], r: 37753088, e: 37711851
#ERR  p: [588773], r: 18863057, e: 18842875
#ERR  p: [3676], r: 115813, e: 115810
#ERR  p: [1766125], r: 56615355, e: 56555219
#ERR  p: [1177450], r: 37753090, e: 37711855
#ERR  p: [588774], r: 18863067, e: 18842877
#ERR  p: [3677], r: 115841, e: 115813
#ERR  p: [1766126], r: 56615364, e: 56555221
#ERR  p: [1177451], r: 37753093, e: 37711860
#ERR  p: [588775], r: 18863134, e: 18842915
#ERR  p: [3678], r: 115888, e: 115841
#ERR  p: [1766127], r: 56615525, e: 56555244
#ERR  p: [1177452], r: 37753148, e: 37711876
#ERR  p: [588776], r: 18863144, e: 18842983
#ERR  p: [3679], r: 115911, e: 115888
#ERR  p: [1766128], r: 56615531, e: 56555279
#ERR  p: [1177453], r: 37753170, e: 37711893
#ERR  p: [588777], r: 18863198, e: 18842997
#ERR  p: [3680], r: 115987, e: 115911
#ERR  p: [1766129], r: 56615561, e: 56555287
#ERR  p: [1177454], r: 37753202, e: 37711901
#ERR  p: [588778], r: 18863303, e: 18843006
#ERR  p: [3681], r: 116017, e: 115987
#ERR  p: [1766130], r: 56615572, e: 56555389
#ERR  p: [1177455], r: 37753284, e: 37711971
#ERR  p: [588779], r: 18863352, e: 18843053
#ERR  p: [3682], r: 116098, e: 116017
#ERR  p: [1766131], r: 56615625, e: 56555406
#ERR  p: [1177456], r: 37753287, e: 37712008
#ERR  p: [588780], r: 18863528, e: 18843101
#ERR  p: [3683], r: 116102, e: 116098
#ERR  p: [1766132], r: 56615729, e: 56555448
#ERR  p: [1177457], r: 37753307, e: 37712017
#ERR  p: [588781], r: 18863548, e: 18843107
#ERR  p: [3684], r: 116199, e: 116102
#ERR  p: [1766133], r: 56615741, e: 56555473
#ERR  p: [1177458], r: 37753356, e: 37712035
#ERR  p: [588782], r: 18863554, e: 18843144
#ERR  p: [3685], r: 116226, e: 116199
#ERR  p: [1766134], r: 56615745, e: 56555483
#ERR  p: [1177459], r: 37753379, e: 37712056
#ERR  p: [588783], r: 18863602, e: 18843277
#ERR  p: [3686], r: 116238, e: 116226
#ERR  p: [1766135], r: 56615774, e: 56555517
#ERR  p: [1177460], r: 37753385, e: 37712092
#ERR  p: [588784], r: 18863724, e: 18843283
#ERR  p: [3687], r: 116262, e: 116238
#ERR  p: [1766136], r: 56615778, e: 56555570
#ERR  p: [1177461], r: 37753389, e: 37712261
#ERR  p: [588785], r: 18863756, e: 18843330
#ERR  p: [3688], r: 116300, e: 116262
#ERR  p: [1766137], r: 56615799, e: 56555574
#ERR  p: [1177462], r: 37753401, e: 37712273
#ERR  p: [588786], r: 18863762, e: 18843332
#ERR  p: [3689], r: 116301, e: 116300
#ERR  p: [1766138], r: 56615894, e: 56555610
#ERR  p: [1177463], r: 37753416, e: 37712278
#ERR  p: [588787], r: 18863769, e: 18843393
#ERR  p: [3690], r: 116306, e: 116301
#ERR  p: [1766139], r: 56615909, e: 56555623
#ERR  p: [1177464], r: 37753416, e: 37712316
#ERR  p: [588788], r: 18863797, e: 18843402
#ERR  p: [3691], r: 116333, e: 116306
#ERR  p: [1766140], r: 56615920, e: 56555697
#ERR  p: [1177465], r: 37753458, e: 37712367
#ERR  p: [588789], r: 18863814, e: 18843431
#ERR  p: [3693], r: 116341, e: 116333
#ERR  p: [1766141], r: 56615930, e: 56555739
#ERR  p: [1177466], r: 37753501, e: 37712374
#ERR  p: [588790], r: 18863842, e: 18843449
#ERR  p: [3694], r: 116377, e: 116341
#ERR  p: [1766142], r: 56616026, e: 56555752
#ERR  p: [1177467], r: 37753504, e: 37712400
#ERR  p: [588791], r: 18863858, e: 18843488
#ERR  p: [3695], r: 116380, e: 116377
#ERR  p: [1766143], r: 56616038, e: 56555755
#ERR  p: [1177468], r: 37753613, e: 37712535
#ERR  p: [588792], r: 18863866, e: 18843500
#ERR  p: [3696], r: 116423, e: 116380
#ERR  p: [1766144], r: 56616057, e: 56555900
#ERR  p: [1177469], r: 37753635, e: 37712539
#ERR  p: [588793], r: 18863880, e: 18843515
#ERR  p: [3697], r: 116481, e: 116423
#ERR  p: [1766145], r: 56616068, e: 56555914
#ERR  p: [1177470], r: 37753649, e: 37712572
#ERR  p: [588794], r: 18863898, e: 18843520
#ERR  p: [3699], r: 116502, e: 116481
#ERR  p: [1766146], r: 56616076, e: 56555924
#ERR  p: [1177471], r: 37753685, e: 37712573
#ERR  p: [588795], r: 18863979, e: 18843528
#ERR  p: [3700], r: 116504, e: 116502
#ERR  p: [1766147], r: 56616089, e: 56555955
#ERR  p: [1177472], r: 37753686, e: 37712577
#ERR  p: [588796], r: 18863991, e: 18843533
#ERR  p: [3701], r: 116507, e: 116504
#ERR  p: [1766148], r: 56616236, e: 56556025
#ERR  p: [1177473], r: 37753687, e: 37712596
#ERR  p: [588797], r: 18864023, e: 18843535
#ERR  p: [3702], r: 116571, e: 116507
#ERR  p: [1766149], r: 56616258, e: 56556104
#ERR  p: [1177474], r: 37753839, e: 37712626
#ERR  p: [588798], r: 18864024, e: 18843546
#ERR  p: [3703], r: 116614, e: 116571
#SDC Ite:0 KerTime:106.453759 AccTime:106.453759 KerErr:1928072 AccErr:1928072
#ABORT too many errors per iteration
#END