#HEADER size:134217728 omp_num_threads:228
#BEGIN Y:2017 M:01 D:22 Time:12:29:57
#IT Ite:0 KerTime:45.097490 AccTime:45.097490
#ERR  p: [126778237], r: 4056814132, e: 4056814091
#ERR  p: [126778238], r: 4056814170, e: 4056814132
#ERR  p: [126778239], r: 4056814174, e: 4056814170
#ERR  p: [126778240], r: 4056814180, e: 4056814174
#ERR  p: [126778241], r: 4056814181, e: 4056814180
#ERR  p: [126778242], r: 4056814185, e: 4056814181
#ERR  p: [126778243], r: 4056814208, e: 4056814185
#ERR  p: [126778244], r: 4056814295, e: 4056814208
#ERR  p: [126778245], r: 4056814349, e: 4056814295
#ERR  p: [126778246], r: 4056814367, e: 4056814349
#ERR  p: [126778247], r: 4056814493, e: 4056814367
#ERR  p: [126778248], r: 4056814514, e: 4056814493
#ERR  p: [126778249], r: 4056814571, e: 4056814514
#ERR  p: [126778250], r: 4056814603, e: 4056814571
#ERR  p: [126778251], r: 4056814642, e: 4056814603
#ERR  p: [126778252], r: 4056814698, e: 4056814642
#ERR  p: [126778253], r: 4056814717, e: 4056814698
#ERR  p: [126778254], r: 4056814734, e: 4056814717
#ERR  p: [126778255], r: 4056814756, e: 4056814734
#ERR  p: [126778256], r: 4056814800, e: 4056814756
#ERR  p: [126778257], r: 4056814820, e: 4056814800
#ERR  p: [126778258], r: 4056814878, e: 4056814820
#ERR  p: [126778259], r: 4056814884, e: 4056814878
#ERR  p: [126778260], r: 4056814915, e: 4056814884
#ERR  p: [126778261], r: 4056814923, e: 4056814915
#ERR  p: [126778262], r: 4056814927, e: 4056814923
#ERR  p: [126778263], r: 4056814992, e: 4056814927
#ERR  p: [126778264], r: 4056815137, e: 4056814992
#ERR  p: [126778265], r: 4056815139, e: 4056815137
#ERR  p: [126778266], r: 4056815151, e: 4056815139
#ERR  p: [126778267], r: 4056815177, e: 4056815151
#ERR  p: [126778268], r: 4056815266, e: 4056815177
#ERR  p: [126778269], r: 4056815280, e: 4056815266
#ERR  p: [126778270], r: 4056815305, e: 4056815280
#ERR  p: [126778271], r: 4056815308, e: 4056815305
#ERR  p: [126778272], r: 4056815322, e: 4056815308
#ERR  p: [126778273], r: 4056815424, e: 4056815322
#ERR  p: [126778274], r: 4056815467, e: 4056815424
#ERR  p: [126778275], r: 4056815476, e: 4056815467
#ERR  p: [126778276], r: 4056815477, e: 4056815476
#ERR  p: [126778277], r: 4056815617, e: 4056815477
#ERR  p: [126778278], r: 4056815630, e: 4056815617
#ERR  p: [126778279], r: 4056815644, e: 4056815630
#ERR  p: [126778280], r: 4056815655, e: 4056815644
#ERR  p: [126778281], r: 4056815657, e: 4056815655
#ERR  p: [126778282], r: 4056815685, e: 4056815657
#ERR  p: [126778283], r: 4056815724, e: 4056815685
#ERR  p: [126778284], r: 4056815762, e: 4056815724
#ERR  p: [126778285], r: 4056815796, e: 4056815762
#ERR  p: [126778286], r: 4056815806, e: 4056815796
#ERR  p: [126778287], r: 4056815820, e: 4056815806
#ERR  p: [126778288], r: 4056815894, e: 4056815820
#ERR  p: [126778289], r: 4056815992, e: 4056815894
#ERR  p: [126778290], r: 4056815995, e: 4056815992
#ERR  p: [126778291], r: 4056816028, e: 4056815995
#ERR  p: [126778292], r: 4056816037, e: 4056816028
#ERR  p: [126778293], r: 4056816098, e: 4056816037
#ERR  p: [126778294], r: 4056816192, e: 4056816098
#ERR  p: [126778295], r: 4056816203, e: 4056816192
#ERR  p: [126778296], r: 4056816219, e: 4056816203
#ERR  p: [126778297], r: 4056816220, e: 4056816219
#ERR  p: [126778298], r: 4056816245, e: 4056816220
#ERR  p: [126778299], r: 4056816265, e: 4056816245
#ERR  p: [126778300], r: 4056816313, e: 4056816265
#ERR  p: [126778301], r: 4056816349, e: 4056816313
#ERR  p: [126778302], r: 4056816380, e: 4056816349
#ERR  p: [126778303], r: 4056816382, e: 4056816380
#ERR  p: [126778304], r: 4056816386, e: 4056816382
#ERR  p: [126778305], r: 4056816423, e: 4056816386
#ERR  p: [126778306], r: 4056816433, e: 4056816423
#ERR  p: [126778307], r: 4056816451, e: 4056816433
#ERR  p: [126778308], r: 4056816458, e: 4056816451
#ERR  p: [126778309], r: 4056816494, e: 4056816458
#ERR  p: [126778310], r: 4056816567, e: 4056816494
#ERR  p: [126778311], r: 4056816588, e: 4056816567
#ERR  p: [126778312], r: 4056816664, e: 4056816588
#ERR  p: [126778313], r: 4056816677, e: 4056816664
#ERR  p: [126778314], r: 4056816684, e: 4056816677
#ERR  p: [126778315], r: 4056816734, e: 4056816684
#ERR  p: [126778316], r: 4056816777, e: 4056816734
#ERR  p: [126778317], r: 4056816793, e: 4056816777
#ERR  p: [126778318], r: 4056816863, e: 4056816793
#ERR  p: [126778319], r: 4056816873, e: 4056816863
#ERR  p: [126778320], r: 4056816935, e: 4056816873
#ERR  p: [126778321], r: 4056816966, e: 4056816935
#ERR  p: [126778322], r: 4056816970, e: 4056816966
#ERR  p: [126778323], r: 4056816978, e: 4056816970
#ERR  p: [126778324], r: 4056816979, e: 4056816978
#ERR  p: [126778325], r: 4056817106, e: 4056816979
#ERR  p: [126778326], r: 4056817229, e: 4056817106
#ERR  p: [126778327], r: 4056817295, e: 4056817229
#ERR  p: [126778328], r: 4056817301, e: 4056817295
#ERR  p: [126778329], r: 4056817327, e: 4056817301
#ERR  p: [126778330], r: 4056817329, e: 4056817327
#ERR  p: [126778331], r: 4056817467, e: 4056817329
#ERR  p: [126778332], r: 4056817471, e: 4056817467
#ERR  p: [126778333], r: 4056817506, e: 4056817471
#ERR  p: [126778334], r: 4056817574, e: 4056817506
#ERR  p: [126778335], r: 4056817606, e: 4056817574
#ERR  p: [126778336], r: 4056817644, e: 4056817606
#ERR  p: [126778337], r: 4056817664, e: 4056817644
#ERR  p: [126778338], r: 4056817712, e: 4056817664
#ERR  p: [126778339], r: 4056817715, e: 4056817712
#ERR  p: [126778340], r: 4056817762, e: 4056817715
#ERR  p: [126778341], r: 4056817795, e: 4056817762
#ERR  p: [126778342], r: 4056817798, e: 4056817795
#ERR  p: [126778343], r: 4056817815, e: 4056817798
#ERR  p: [126778344], r: 4056817877, e: 4056817815
#ERR  p: [126778345], r: 4056818076, e: 4056817877
#ERR  p: [126778346], r: 4056818084, e: 4056818076
#ERR  p: [126778347], r: 4056818144, e: 4056818084
#ERR  p: [126778348], r: 4056818174, e: 4056818144
#ERR  p: [126778349], r: 4056818190, e: 4056818174
#ERR  p: [126778350], r: 4056818255, e: 4056818190
#ERR  p: [126778351], r: 4056818310, e: 4056818255
#ERR  p: [126778352], r: 4056818324, e: 4056818310
#ERR  p: [126778353], r: 4056818335, e: 4056818324
#ERR  p: [126778354], r: 4056818406, e: 4056818335
#ERR  p: [126778355], r: 4056818423, e: 4056818406
#ERR  p: [126778356], r: 4056818443, e: 4056818423
#ERR  p: [126778357], r: 4056818452, e: 4056818443
#ERR  p: [126778358], r: 4056818460, e: 4056818452
#ERR  p: [126778359], r: 4056818510, e: 4056818460
#ERR  p: [126778360], r: 4056818526, e: 4056818510
#ERR  p: [126778361], r: 4056818531, e: 4056818526
#ERR  p: [126778363], r: 4056818597, e: 4056818531
#ERR  p: [126778364], r: 4056818599, e: 4056818597
#ERR  p: [126778365], r: 4056818713, e: 4056818599
#ERR  p: [126778366], r: 4056818717, e: 4056818713
#ERR  p: [126778367], r: 4056818754, e: 4056818717
#ERR  p: [126778368], r: 4056818821, e: 4056818754
#ERR  p: [126778369], r: 4056818831, e: 4056818821
#ERR  p: [126778370], r: 4056818872, e: 4056818831
#ERR  p: [126778371], r: 4056818879, e: 4056818872
#ERR  p: [126778372], r: 4056818941, e: 4056818879
#ERR  p: [126778373], r: 4056818962, e: 4056818941
#ERR  p: [126778374], r: 4056818974, e: 4056818962
#ERR  p: [126778375], r: 4056819020, e: 4056818974
#ERR  p: [126778376], r: 4056819024, e: 4056819020
#ERR  p: [126778377], r: 4056819028, e: 4056819024
#ERR  p: [126778378], r: 4056819030, e: 4056819028
#ERR  p: [126778379], r: 4056819140, e: 4056819030
#ERR  p: [126778380], r: 4056819219, e: 4056819140
#ERR  p: [126778381], r: 4056819354, e: 4056819219
#ERR  p: [126778382], r: 4056819373, e: 4056819354
#ERR  p: [126778383], r: 4056819378, e: 4056819373
#ERR  p: [126778384], r: 4056819405, e: 4056819378
#ERR  p: [126778385], r: 4056819422, e: 4056819405
#ERR  p: [126778386], r: 4056819427, e: 4056819422
#ERR  p: [126778387], r: 4056819433, e: 4056819427
#ERR  p: [126778388], r: 4056819449, e: 4056819433
#ERR  p: [126778389], r: 4056819457, e: 4056819449
#ERR  p: [126778390], r: 4056819538, e: 4056819457
#ERR  p: [126778391], r: 4056819550, e: 4056819538
#ERR  p: [126778392], r: 4056819555, e: 4056819550
#ERR  p: [126778393], r: 4056819564, e: 4056819555
#ERR  p: [126778394], r: 4056819565, e: 4056819564
#ERR  p: [126778396], r: 4056819576, e: 4056819565
#ERR  p: [126778397], r: 4056819624, e: 4056819576
#ERR  p: [126778398], r: 4056819748, e: 4056819624
#ERR  p: [126778399], r: 4056819783, e: 4056819748
#ERR  p: [126778400], r: 4056819802, e: 4056819783
#ERR  p: [126778401], r: 4056819887, e: 4056819802
#ERR  p: [126778402], r: 4056819936, e: 4056819887
#ERR  p: [126778403], r: 4056820120, e: 4056819936
#ERR  p: [126778404], r: 4056820183, e: 4056820120
#ERR  p: [126778405], r: 4056820187, e: 4056820183
#ERR  p: [126778406], r: 4056820216, e: 4056820187
#ERR  p: [126778407], r: 4056820255, e: 4056820216
#ERR  p: [126778408], r: 4056820327, e: 4056820255
#ERR  p: [126778409], r: 4056820367, e: 4056820327
#ERR  p: [126778410], r: 4056820459, e: 4056820367
#ERR  p: [126778411], r: 4056820464, e: 4056820459
#ERR  p: [126778412], r: 4056820600, e: 4056820464
#ERR  p: [126778413], r: 4056820656, e: 4056820600
#ERR  p: [126778414], r: 4056820663, e: 4056820656
#ERR  p: [126778415], r: 4056820728, e: 4056820663
#ERR  p: [126778416], r: 4056820829, e: 4056820728
#ERR  p: [126778417], r: 4056820861, e: 4056820829
#ERR  p: [126778418], r: 4056820879, e: 4056820861
#ERR  p: [126778419], r: 4056820964, e: 4056820879
#ERR  p: [126778420], r: 4056820968, e: 4056820964
#ERR  p: [126778421], r: 4056820972, e: 4056820968
#ERR  p: [126778422], r: 4056820999, e: 4056820972
#ERR  p: [126778423], r: 4056821023, e: 4056820999
#ERR  p: [126778424], r: 4056821054, e: 4056821023
#ERR  p: [126778425], r: 4056821065, e: 4056821054
#ERR  p: [126778426], r: 4056821071, e: 4056821065
#ERR  p: [126778427], r: 4056821185, e: 4056821071
#ERR  p: [126778428], r: 4056821223, e: 4056821185
#ERR  p: [126778429], r: 4056821232, e: 4056821223
#ERR  p: [126778430], r: 4056821245, e: 4056821232
#ERR  p: [126778431], r: 4056821262, e: 4056821245
#ERR  p: [126778432], r: 4056821268, e: 4056821262
#ERR  p: [126778433], r: 4056821269, e: 4056821268
#ERR  p: [126778434], r: 4056821341, e: 4056821269
#ERR  p: [126778435], r: 4056821344, e: 4056821341
#ERR  p: [126778436], r: 4056821360, e: 4056821344
#ERR  p: [126778437], r: 4056821421, e: 4056821360
#ERR  p: [126778438], r: 4056821442, e: 4056821421
#ERR  p: [126778439], r: 4056821445, e: 4056821442
#ERR  p: [126778440], r: 4056821470, e: 4056821445
#ERR  p: [126778441], r: 4056821478, e: 4056821470
#ERR  p: [126778442], r: 4056821485, e: 4056821478
#ERR  p: [126778443], r: 4056821498, e: 4056821485
#ERR  p: [126778444], r: 4056821562, e: 4056821498
#ERR  p: [126778445], r: 4056821570, e: 4056821562
#ERR  p: [126778446], r: 4056821589, e: 4056821570
#ERR  p: [126778447], r: 4056821598, e: 4056821589
#ERR  p: [126778448], r: 4056821601, e: 4056821598
#ERR  p: [126778449], r: 4056821612, e: 4056821601
#ERR  p: [126778450], r: 4056821704, e: 4056821612
#ERR  p: [126778452], r: 4056821717, e: 4056821704
#ERR  p: [126778453], r: 4056821721, e: 4056821717
#ERR  p: [126778454], r: 4056821810, e: 4056821721
#ERR  p: [126778455], r: 4056821825, e: 4056821810
#ERR  p: [126778456], r: 4056821826, e: 4056821825
#ERR  p: [126778457], r: 4056821846, e: 4056821826
#ERR  p: [126778458], r: 4056821879, e: 4056821846
#ERR  p: [126778459], r: 4056821908, e: 4056821879
#ERR  p: [126778460], r: 4056821937, e: 4056821908
#ERR  p: [126778461], r: 4056821981, e: 4056821937
#ERR  p: [126778462], r: 4056822014, e: 4056821981
#ERR  p: [126778463], r: 4056822021, e: 4056822014
#ERR  p: [126778464], r: 4056822101, e: 4056822021
#ERR  p: [126778465], r: 4056822112, e: 4056822101
#ERR  p: [126778466], r: 4056822136, e: 4056822112
#ERR  p: [126778467], r: 4056822137, e: 4056822136
#ERR  p: [126778468], r: 4056822254, e: 4056822137
#ERR  p: [126778469], r: 4056822281, e: 4056822254
#ERR  p: [126778470], r: 4056822313, e: 4056822281
#ERR  p: [126778471], r: 4056822319, e: 4056822313
#ERR  p: [126778472], r: 4056822367, e: 4056822319
#ERR  p: [126778473], r: 4056822449, e: 4056822367
#ERR  p: [126778474], r: 4056822460, e: 4056822449
#ERR  p: [126778475], r: 4056822490, e: 4056822460
#ERR  p: [126778476], r: 4056822499, e: 4056822490
#ERR  p: [126778477], r: 4056822594, e: 4056822499
#ERR  p: [126778478], r: 4056822616, e: 4056822594
#ERR  p: [126778479], r: 4056822622, e: 4056822616
#ERR  p: [126778480], r: 4056822701, e: 4056822622
#ERR  p: [126778481], r: 4056822779, e: 4056822701
#ERR  p: [126778482], r: 4056822819, e: 4056822779
#ERR  p: [126778483], r: 4056822856, e: 4056822819
#ERR  p: [126778484], r: 4056822887, e: 4056822856
#ERR  p: [126778485], r: 4056822888, e: 4056822887
#ERR  p: [126778486], r: 4056822916, e: 4056822888
#ERR  p: [126778487], r: 4056822955, e: 4056822916
#ERR  p: [126778488], r: 4056822962, e: 4056822955
#ERR  p: [126778489], r: 4056822979, e: 4056822962
#ERR  p: [126778491], r: 4056823024, e: 4056822979
#ERR  p: [126778492], r: 4056823155, e: 4056823024
#ERR  p: [126778493], r: 4056823201, e: 4056823155
#ERR  p: [126778494], r: 4056823360, e: 4056823201
#ERR  p: [126778495], r: 4056823373, e: 4056823360
#ERR  p: [126778496], r: 4056823414, e: 4056823373
#ERR  p: [126778497], r: 4056823533, e: 4056823414
#ERR  p: [126778498], r: 4056823590, e: 4056823533
#ERR  p: [126778499], r: 4056823662, e: 4056823590
#ERR  p: [126778500], r: 4056823667, e: 4056823662
#ERR  p: [126778501], r: 4056823739, e: 4056823667
#ERR  p: [126778502], r: 4056823740, e: 4056823739
#ERR  p: [126778503], r: 4056823744, e: 4056823740
#ERR  p: [126778504], r: 4056823800, e: 4056823744
#ERR  p: [126778505], r: 4056823818, e: 4056823800
#ERR  p: [126778506], r: 4056823821, e: 4056823818
#ERR  p: [126778507], r: 4056823887, e: 4056823821
#ERR  p: [126778508], r: 4056823920, e: 4056823887
#ERR  p: [126778509], r: 4056823929, e: 4056823920
#ERR  p: [126778510], r: 4056823939, e: 4056823929
#ERR  p: [126778511], r: 4056823941, e: 4056823939
#ERR  p: [126778512], r: 4056823952, e: 4056823941
#ERR  p: [126778513], r: 4056823972, e: 4056823952
#ERR  p: [126778514], r: 4056824056, e: 4056823972
#ERR  p: [126778515], r: 4056824109, e: 4056824056
#ERR  p: [126778516], r: 4056824265, e: 4056824109
#ERR  p: [126778517], r: 4056824292, e: 4056824265
#ERR  p: [126778518], r: 4056824374, e: 4056824292
#ERR  p: [126778519], r: 4056824403, e: 4056824374
#ERR  p: [126778520], r: 4056824434, e: 4056824403
#ERR  p: [126778521], r: 4056824435, e: 4056824434
#ERR  p: [126778522], r: 4056824464, e: 4056824435
#ERR  p: [126778523], r: 4056824492, e: 4056824464
#ERR  p: [126778524], r: 4056824555, e: 4056824492
#ERR  p: [126778525], r: 4056824607, e: 4056824555
#ERR  p: [126778526], r: 4056824650, e: 4056824607
#ERR  p: [126778527], r: 4056824663, e: 4056824650
#ERR  p: [126778528], r: 4056824712, e: 4056824663
#ERR  p: [126778529], r: 4056824722, e: 4056824712
#ERR  p: [126778530], r: 4056824746, e: 4056824722
#ERR  p: [126778531], r: 4056824786, e: 4056824746
#ERR  p: [126778532], r: 4056824790, e: 4056824786
#ERR  p: [126778533], r: 4056824806, e: 4056824790
#ERR  p: [126778534], r: 4056824845, e: 4056824806
#ERR  p: [126778535], r: 4056824861, e: 4056824845
#ERR  p: [126778536], r: 4056824864, e: 4056824861
#ERR  p: [126778537], r: 4056824918, e: 4056824864
#ERR  p: [126778538], r: 4056824969, e: 4056824918
#ERR  p: [126778539], r: 4056824991, e: 4056824969
#ERR  p: [126778540], r: 4056825124, e: 4056824991
#ERR  p: [126778541], r: 4056825139, e: 4056825124
#ERR  p: [126778542], r: 4056825145, e: 4056825139
#ERR  p: [126778543], r: 4056825182, e: 4056825145
#ERR  p: [126778544], r: 4056825215, e: 4056825182
#ERR  p: [126778545], r: 4056825227, e: 4056825215
#ERR  p: [126778546], r: 4056825269, e: 4056825227
#ERR  p: [126778548], r: 4056825274, e: 4056825269
#ERR  p: [126778549], r: 4056825308, e: 4056825274
#ERR  p: [126778550], r: 4056825458, e: 4056825308
#ERR  p: [126778551], r: 4056825474, e: 4056825458
#ERR  p: [126778552], r: 4056825481, e: 4056825474
#ERR  p: [126778553], r: 4056825513, e: 4056825481
#ERR  p: [126778554], r: 4056825584, e: 4056825513
#ERR  p: [126778555], r: 4056825603, e: 4056825584
#ERR  p: [126778556], r: 4056825631, e: 4056825603
#ERR  p: [126778557], r: 4056825685, e: 4056825631
#ERR  p: [126778558], r: 4056825686, e: 4056825685
#ERR  p: [126778559], r: 4056825696, e: 4056825686
#ERR  p: [126778560], r: 4056825786, e: 4056825696
#ERR  p: [126778561], r: 4056825799, e: 4056825786
#ERR  p: [126778562], r: 4056825802, e: 4056825799
#ERR  p: [126778563], r: 4056825823, e: 4056825802
#ERR  p: [126778564], r: 4056825895, e: 4056825823
#ERR  p: [126778565], r: 4056825918, e: 4056825895
#ERR  p: [126778566], r: 4056825931, e: 4056825918
#ERR  p: [126778567], r: 4056825969, e: 4056825931
#ERR  p: [126778568], r: 4056826043, e: 4056825969
#ERR  p: [126778569], r: 4056826070, e: 4056826043
#ERR  p: [126778570], r: 4056826139, e: 4056826070
#ERR  p: [126778571], r: 4056826177, e: 4056826139
#ERR  p: [126778572], r: 4056826205, e: 4056826177
#ERR  p: [126778573], r: 4056826268, e: 4056826205
#ERR  p: [126778574], r: 4056826319, e: 4056826268
#ERR  p: [126778575], r: 4056826369, e: 4056826319
#ERR  p: [126778576], r: 4056826371, e: 4056826369
#ERR  p: [126778577], r: 4056826454, e: 4056826371
#ERR  p: [126778578], r: 4056826469, e: 4056826454
#ERR  p: [126778579], r: 4056826470, e: 4056826469
#ERR  p: [126778580], r: 4056826492, e: 4056826470
#ERR  p: [126778581], r: 4056826504, e: 4056826492
#ERR  p: [126778582], r: 4056826530, e: 4056826504
#ERR  p: [126778583], r: 4056826539, e: 4056826530
#ERR  p: [126778584], r: 4056826546, e: 4056826539
#ERR  p: [126778585], r: 4056826572, e: 4056826546
#ERR  p: [126778586], r: 4056826587, e: 4056826572
#ERR  p: [126778587], r: 4056826596, e: 4056826587
#ERR  p: [126778588], r: 4056826627, e: 4056826596
#ERR  p: [126778589], r: 4056826680, e: 4056826627
#ERR  p: [126778590], r: 4056826683, e: 4056826680
#ERR  p: [126778591], r: 4056826743, e: 4056826683
#ERR  p: [126778592], r: 4056826753, e: 4056826743
#ERR  p: [126778593], r: 4056826806, e: 4056826753
#ERR  p: [126778594], r: 4056826861, e: 4056826806
#ERR  p: [126778595], r: 4056826870, e: 4056826861
#ERR  p: [126778596], r: 4056826904, e: 4056826870
#ERR  p: [126778597], r: 4056826922, e: 4056826904
#ERR  p: [126778598], r: 4056826926, e: 4056826922
#ERR  p: [126778599], r: 4056826954, e: 4056826926
#ERR  p: [126778600], r: 4056827016, e: 4056826954
#ERR  p: [126778601], r: 4056827058, e: 4056827016
#ERR  p: [126778602], r: 4056827105, e: 4056827058
#ERR  p: [126778603], r: 4056827159, e: 4056827105
#ERR  p: [126778604], r: 4056827182, e: 4056827159
#ERR  p: [126778605], r: 4056827251, e: 4056827182
#ERR  p: [126778606], r: 4056827280, e: 4056827251
#ERR  p: [126778607], r: 4056827292, e: 4056827280
#ERR  p: [126778608], r: 4056827298, e: 4056827292
#ERR  p: [126778609], r: 4056827445, e: 4056827298
#ERR  p: [126778610], r: 4056827510, e: 4056827445
#ERR  p: [126778611], r: 4056827517, e: 4056827510
#ERR  p: [126778612], r: 4056827560, e: 4056827517
#ERR  p: [126778613], r: 4056827578, e: 4056827560
#ERR  p: [126778614], r: 4056827580, e: 4056827578
#ERR  p: [126778615], r: 4056827631, e: 4056827580
#ERR  p: [126778616], r: 4056827638, e: 4056827631
#ERR  p: [126778617], r: 4056827699, e: 4056827638
#ERR  p: [126778618], r: 4056827714, e: 4056827699
#ERR  p: [126778619], r: 4056827831, e: 4056827714
#ERR  p: [126778620], r: 4056827899, e: 4056827831
#ERR  p: [126778621], r: 4056828015, e: 4056827899
#ERR  p: [126778623], r: 4056828021, e: 4056828015
#ERR  p: [126778624], r: 4056828121, e: 4056828021
#ERR  p: [126778625], r: 4056828222, e: 4056828121
#ERR  p: [126778626], r: 4056828260, e: 4056828222
#ERR  p: [126778627], r: 4056828263, e: 4056828260
#ERR  p: [126778628], r: 4056828269, e: 4056828263
#ERR  p: [126778629], r: 4056828282, e: 4056828269
#ERR  p: [126778630], r: 4056828298, e: 4056828282
#ERR  p: [126778631], r: 4056828306, e: 4056828298
#ERR  p: [126778632], r: 4056828376, e: 4056828306
#ERR  p: [126778633], r: 4056828389, e: 4056828376
#ERR  p: [126778634], r: 4056828418, e: 4056828389
#ERR  p: [126778635], r: 4056828423, e: 4056828418
#ERR  p: [126778636], r: 4056828427, e: 4056828423
#ERR  p: [126778637], r: 4056828429, e: 4056828427
#ERR  p: [126778638], r: 4056828454, e: 4056828429
#ERR  p: [126778639], r: 4056828500, e: 4056828454
#ERR  p: [126778640], r: 4056828511, e: 4056828500
#ERR  p: [126778641], r: 4056828525, e: 4056828511
#ERR  p: [126778642], r: 4056828530, e: 4056828525
#ERR  p: [126778643], r: 4056828591, e: 4056828530
#ERR  p: [126778644], r: 4056828610, e: 4056828591
#ERR  p: [126778645], r: 4056828618, e: 4056828610
#ERR  p: [126778646], r: 4056828658, e: 4056828618
#ERR  p: [126778647], r: 4056828660, e: 4056828658
#ERR  p: [126778648], r: 4056828712, e: 4056828660
#ERR  p: [126778649], r: 4056828729, e: 4056828712
#ERR  p: [126778650], r: 4056828731, e: 4056828729
#ERR  p: [126778651], r: 4056828820, e: 4056828731
#ERR  p: [126778652], r: 4056828905, e: 4056828820
#ERR  p: [126778653], r: 4056828906, e: 4056828905
#ERR  p: [126778654], r: 4056828950, e: 4056828906
#ERR  p: [126778655], r: 4056828961, e: 4056828950
#ERR  p: [126778656], r: 4056828966, e: 4056828961
#ERR  p: [126778657], r: 4056828979, e: 4056828966
#ERR  p: [126778658], r: 4056829060, e: 4056828979
#ERR  p: [126778659], r: 4056829207, e: 4056829060
#ERR  p: [126778660], r: 4056829209, e: 4056829207
#ERR  p: [126778661], r: 4056829238, e: 4056829209
#ERR  p: [126778663], r: 4056829252, e: 4056829238
#ERR  p: [126778664], r: 4056829275, e: 4056829252
#ERR  p: [126778665], r: 4056829306, e: 4056829275
#ERR  p: [126778666], r: 4056829316, e: 4056829306
#ERR  p: [126778667], r: 4056829352, e: 4056829316
#ERR  p: [126778668], r: 4056829402, e: 4056829352
#ERR  p: [126778669], r: 4056829406, e: 4056829402
#ERR  p: [126778670], r: 4056829470, e: 4056829406
#ERR  p: [126778671], r: 4056829518, e: 4056829470
#ERR  p: [126778672], r: 4056829526, e: 4056829518
#ERR  p: [126778673], r: 4056829558, e: 4056829526
#ERR  p: [126778674], r: 4056829578, e: 4056829558
#ERR  p: [126778675], r: 4056829616, e: 4056829578
#ERR  p: [126778676], r: 4056829668, e: 4056829616
#ERR  p: [126778677], r: 4056829687, e: 4056829668
#ERR  p: [126778678], r: 4056829763, e: 4056829687
#ERR  p: [126778679], r: 4056829769, e: 4056829763
#ERR  p: [126778680], r: 4056829770, e: 4056829769
#ERR  p: [126778681], r: 4056829808, e: 4056829770
#ERR  p: [126778682], r: 4056829841, e: 4056829808
#ERR  p: [126778683], r: 4056829913, e: 4056829841
#ERR  p: [126778684], r: 4056829950, e: 4056829913
#ERR  p: [126778685], r: 4056829964, e: 4056829950
#ERR  p: [126778686], r: 4056829982, e: 4056829964
#ERR  p: [126778687], r: 4056829987, e: 4056829982
#ERR  p: [126778688], r: 4056830014, e: 4056829987
#ERR  p: [126778689], r: 4056830067, e: 4056830014
#ERR  p: [126778690], r: 4056830115, e: 4056830067
#ERR  p: [126778691], r: 4056830116, e: 4056830115
#ERR  p: [126778692], r: 4056830135, e: 4056830116
#ERR  p: [126778693], r: 4056830137, e: 4056830135
#ERR  p: [126778694], r: 4056830163, e: 4056830137
#ERR  p: [126778695], r: 4056830169, e: 4056830163
#ERR  p: [126778697], r: 4056830175, e: 4056830169
#ERR  p: [126778698], r: 4056830196, e: 4056830175
#ERR  p: [126778699], r: 4056830204, e: 4056830196
#ERR  p: [126778700], r: 4056830232, e: 4056830204
#ERR  p: [126778701], r: 4056830243, e: 4056830232
#ERR  p: [126778702], r: 4056830289, e: 4056830243
#ERR  p: [126778703], r: 4056830336, e: 4056830289
#ERR  p: [126778704], r: 4056830410, e: 4056830336
#ERR  p: [126778705], r: 4056830426, e: 4056830410
#ERR  p: [126778706], r: 4056830432, e: 4056830426
#ERR  p: [126778707], r: 4056830439, e: 4056830432
#ERR  p: [126778708], r: 4056830472, e: 4056830439
#ERR  p: [126778709], r: 4056830473, e: 4056830472
#ERR  p: [126778710], r: 4056830525, e: 4056830473
#ERR  p: [126778711], r: 4056830594, e: 4056830525
#ERR  p: [126778712], r: 4056830644, e: 4056830594
#ERR  p: [126778713], r: 4056830645, e: 4056830644
#ERR  p: [126778714], r: 4056830675, e: 4056830645
#ERR  p: [126778715], r: 4056830698, e: 4056830675
#ERR  p: [126778716], r: 4056830705, e: 4056830698
#ERR  p: [126778717], r: 4056830747, e: 4056830705
#ERR  p: [126778718], r: 4056830811, e: 4056830747
#ERR  p: [126778719], r: 4056830813, e: 4056830811
#ERR  p: [126778720], r: 4056830839, e: 4056830813
#ERR  p: [126778721], r: 4056830849, e: 4056830839
#ERR  p: [126778722], r: 4056830850, e: 4056830849
#ERR  p: [126778723], r: 4056830852, e: 4056830850
#ERR  p: [126778724], r: 4056830866, e: 4056830852
#ERR  p: [126778725], r: 4056830941, e: 4056830866
#ERR  p: [126778726], r: 4056830945, e: 4056830941
#ERR  p: [126778727], r: 4056830966, e: 4056830945
#ERR  p: [126778728], r: 4056830970, e: 4056830966
#ERR  p: [126778729], r: 4056830989, e: 4056830970
#ERR  p: [126778730], r: 4056831005, e: 4056830989
#ERR  p: [126778731], r: 4056831072, e: 4056831005
#ERR  p: [126778732], r: 4056831127, e: 4056831072
#ERR  p: [126778733], r: 4056831128, e: 4056831127
#ERR  p: [126778734], r: 4056831148, e: 4056831128
#ERR  p: [126778735], r: 4056831170, e: 4056831148
#ERR  p: [126778736], r: 4056831230, e: 4056831170
#ERR  p: [126778737], r: 4056831275, e: 4056831230
#ERR  p: [126778738], r: 4056831312, e: 4056831275
#ERR  p: [126778739], r: 4056831313, e: 4056831312
#ERR  p: [126778740], r: 4056831341, e: 4056831313
#ERR  p: [126778741], r: 4056831354, e: 4056831341
#ERR  p: [126778742], r: 4056831449, e: 4056831354
#ERR  p: [126778743], r: 4056831471, e: 4056831449
#ERR  p: [126778744], r: 4056831491, e: 4056831471
#SDC Ite:0 KerTime:45.097490 AccTime:45.097490 KerErr:2061 AccErr:2061
#ABORT too many errors per iteration
#END