#HEADER box:13 spaceElem:219700
#BEGIN Y:2015 M:11 D:21 Time:22:06:28
#IT Ite:0 KerTime:0.369549 AccTime:0.369549
#IT Ite:10 KerTime:0.368994 AccTime:4.059407
#IT Ite:20 KerTime:0.368144 AccTime:7.741715
#IT Ite:30 KerTime:0.369017 AccTime:11.426408
#IT Ite:40 KerTime:0.366342 AccTime:15.110457
#IT Ite:50 KerTime:0.368271 AccTime:18.794586
#IT Ite:60 KerTime:0.368312 AccTime:22.479176
#IT Ite:70 KerTime:0.368181 AccTime:26.163249
#IT Ite:80 KerTime:0.368327 AccTime:29.841525
#IT Ite:90 KerTime:0.368557 AccTime:33.525491
#IT Ite:100 KerTime:0.368485 AccTime:37.205615
#IT Ite:110 KerTime:0.367766 AccTime:40.889424
#IT Ite:120 KerTime:0.368317 AccTime:44.573274
#ERR p: [194901], ea: 1, v_r: 1.1185186767578125e+03, v_e: 1.1185186767578125e+03, x_r: -1.8755508422851562e+02, x_e: -1.8755505371093750e+02, y_r: 5.1688214111328125e+02, y_e: 5.1688214111328125e+02, z_r: -7.8297943115234375e+02, z_e: -7.8297943115234375e+02

#ERR p: [194905], ea: 2, v_r: 9.7969561767578125e+02, v_e: 9.7969555664062500e+02, x_r: 2.3424858093261719e+01, x_e: 2.3424877166748047e+01, y_r: -1.1083171081542969e+02, y_e: -1.1083171081542969e+02, z_r: -8.7403747558593750e+02, z_e: -8.7403747558593750e+02

#ERR p: [194907], ea: 1, v_r: 1.0242189941406250e+03, v_e: 1.0242189941406250e+03, x_r: -1.7113087463378906e+02, x_e: -1.7113084411621094e+02, y_r: 6.6982995605468750e+02, y_e: 6.6982995605468750e+02, z_r: -1.2634468078613281e+02, z_e: -1.2634468078613281e+02

#ERR p: [194909], ea: 2, v_r: 8.0126367187500000e+02, v_e: 8.0126367187500000e+02, x_r: -1.3410868835449219e+02, x_e: -1.3410867309570312e+02, y_r: -5.5143176269531250e+02, y_e: -5.5143170166015625e+02, z_r: -9.9076416015625000e+01, z_e: -9.9076416015625000e+01

#ERR p: [194910], ea: 1, v_r: 7.7876348876953125e+02, v_e: 7.7876348876953125e+02, x_r: -1.3059104919433594e+02, x_e: -1.3059103393554688e+02, y_r: -3.8669866943359375e+02, y_e: -3.8669866943359375e+02, z_r: -3.9562594604492188e+02, z_e: -3.9562594604492188e+02

#ERR p: [194911], ea: 1, v_r: 8.4083441162109375e+02, v_e: 8.4083441162109375e+02, x_r: 6.6569042968750000e+02, x_e: 6.6569042968750000e+02, y_r: 6.6239700317382812e+01, y_e: 6.6239707946777344e+01, z_r: -7.4953033447265625e+02, z_e: -7.4953033447265625e+02

#ERR p: [194912], ea: 1, v_r: 1.2194290771484375e+03, v_e: 1.2194290771484375e+03, x_r: 2.6376019287109375e+02, x_e: 2.6376022338867188e+02, y_r: 5.6366564941406250e+02, y_e: 5.6366564941406250e+02, z_r: -6.1879754638671875e+02, z_e: -6.1879754638671875e+02

#ERR p: [194913], ea: 1, v_r: 9.7533374023437500e+02, v_e: 9.7533374023437500e+02, x_r: -5.3755871582031250e+02, x_e: -5.3755865478515625e+02, y_r: -1.1032756042480469e+02, y_e: -1.1032756042480469e+02, z_r: -3.0830004882812500e+02, z_e: -3.0830004882812500e+02

#ERR p: [194914], ea: 1, v_r: 1.0218594970703125e+03, v_e: 1.0218594970703125e+03, x_r: 2.5736837387084961e+01, x_e: 2.5736856460571289e+01, y_r: -7.0301824951171875e+02, y_e: -7.0301824951171875e+02, z_r: 6.5954718017578125e+02, z_e: 6.5954718017578125e+02

#ERR p: [194916], ea: 1, v_r: 1.1069080810546875e+03, v_e: 1.1069080810546875e+03, x_r: -1.0334974365234375e+03, x_e: -1.0334973144531250e+03, y_r: 9.3614660644531250e+02, y_e: 9.3614660644531250e+02, z_r: 7.1379589843750000e+02, z_e: 7.1379589843750000e+02

#ERR p: [194917], ea: 1, v_r: 9.4067614746093750e+02, v_e: 9.4067614746093750e+02, x_r: -8.7830926513671875e+02, x_e: -8.7830920410156250e+02, y_r: -1.0626016998291016e+02, y_e: -1.0626016998291016e+02, z_r: 7.8729437255859375e+02, z_e: 7.8729437255859375e+02

#ERR p: [194918], ea: 1, v_r: 8.4896008300781250e+02, v_e: 8.4896008300781250e+02, x_r: 1.8348544311523438e+02, x_e: 1.8348544311523438e+02, y_r: -2.5871377563476562e+02, y_e: -2.5871374511718750e+02, z_r: -4.3094943237304688e+02, z_e: -4.3094943237304688e+02

#ERR p: [194920], ea: 1, v_r: 8.6703912353515625e+02, v_e: 8.6703912353515625e+02, x_r: -4.7721813964843750e+02, x_e: -4.7721810913085938e+02, y_r: -7.6285638427734375e+02, y_e: -7.6285638427734375e+02, z_r: 5.5913519287109375e+02, z_e: 5.5913519287109375e+02

#ERR p: [194921], ea: 1, v_r: 7.4072015380859375e+02, v_e: 7.4072015380859375e+02, x_r: -1.2431816864013672e+02, x_e: -1.2431815338134766e+02, y_r: -2.2581697082519531e+02, y_e: -2.2581697082519531e+02, z_r: -5.1863452148437500e+02, z_e: -5.1863452148437500e+02

#ERR p: [194922], ea: 1, v_r: 1.2988012695312500e+03, v_e: 1.2988012695312500e+03, x_r: 2.8151242065429688e+02, x_e: 2.8151245117187500e+02, y_r: 1.0985972900390625e+03, y_e: 1.0985972900390625e+03, z_r: -1.5969200134277344e+02, z_e: -1.5969200134277344e+02

#ERR p: [194923], ea: 1, v_r: 7.2946380615234375e+02, v_e: 7.2946380615234375e+02, x_r: 1.7804103851318359e+01, x_e: 1.7804115295410156e+01, y_r: -2.2229513549804688e+02, y_e: -2.2229513549804688e+02, z_r: -2.3021408081054688e+02, z_e: -2.3021408081054688e+02

#ERR p: [194925], ea: 2, v_r: 8.7664117431640625e+02, v_e: 8.7664117431640625e+02, x_r: 5.2593487548828125e+02, x_e: 5.2593493652343750e+02, y_r: -4.3516204833984375e+02, y_e: -4.3516198730468750e+02, z_r: -4.4474194335937500e+02, z_e: -4.4474194335937500e+02

#ERR p: [194926], ea: 1, v_r: 9.4228198242187500e+02, v_e: 9.4228198242187500e+02, x_r: 2.2945405960083008e+01, x_e: 2.2945425033569336e+01, y_r: 2.5483207702636719e+02, y_e: 2.5483207702636719e+02, z_r: -4.7836804199218750e+02, z_e: -4.7836804199218750e+02

#ERR p: [194927], ea: 1, v_r: 7.1856060791015625e+02, v_e: 7.1856060791015625e+02, x_r: -3.9619738769531250e+02, x_e: -3.9619735717773438e+02, y_r: -2.1908326721191406e+02, y_e: -2.1908326721191406e+02, z_r: -3.6527526855468750e+02, z_e: -3.6527526855468750e+02

#ERR p: [194928], ea: 1, v_r: 7.9838385009765625e+02, v_e: 7.9838385009765625e+02, x_r: 1.9254467010498047e+01, x_e: 1.9254478454589844e+01, y_r: -7.0257263183593750e+02, y_e: -7.0257263183593750e+02, z_r: -4.0552233886718750e+02, z_e: -4.0552233886718750e+02

#ERR p: [194929], ea: 2, v_r: 1.1523063964843750e+03, v_e: 1.1523063964843750e+03, x_r: 2.4929594421386719e+02, x_e: 2.4929595947265625e+02, y_r: -1.3016435241699219e+02, y_e: -1.3016433715820312e+02, z_r: -3.6340792846679688e+02, z_e: -3.6340792846679688e+02

#ERR p: [194930], ea: 2, v_r: 8.3512615966796875e+02, v_e: 8.3512615966796875e+02, x_r: 1.9847448348999023e+01, x_e: 1.9847463607788086e+01, y_r: -7.3498016357421875e+02, y_e: -7.3498010253906250e+02, z_r: -7.4520300292968750e+02, z_e: -7.4520300292968750e+02

#ERR p: [194931], ea: 1, v_r: 1.0934454345703125e+03, v_e: 1.0934454345703125e+03, x_r: -3.9212701416015625e+02, x_e: -3.9212698364257812e+02, y_r: -3.3311444091796875e+02, y_e: -3.3311444091796875e+02, z_r: 4.9525939941406250e+02, z_e: 4.9525939941406250e+02

#ERR p: [194933], ea: 1, v_r: 8.9603503417968750e+02, v_e: 8.9603503417968750e+02, x_r: -3.2210794067382812e+02, x_e: -3.2210791015625000e+02, y_r: 7.5769427490234375e+02, y_e: 7.5769427490234375e+02, z_r: -6.2733862304687500e+02, z_e: -6.2733862304687500e+02

#ERR p: [194934], ea: 2, v_r: 1.3372115478515625e+03, v_e: 1.3372114257812500e+03, x_r: 5.4697027587890625e+02, x_e: 5.4697033691406250e+02, y_r: 3.6204867553710938e+02, y_e: 3.6204867553710938e+02, z_r: 6.0677661132812500e+02, z_e: 6.0677661132812500e+02

#ERR p: [194937], ea: 1, v_r: 6.3441076660156250e+02, v_e: 6.3441076660156250e+02, x_r: -1.0661395263671875e+02, x_e: -1.0661393737792969e+02, y_r: -3.1507357788085938e+02, y_e: -3.1507357788085938e+02, z_r: -5.6615899658203125e+02, z_e: -5.6615899658203125e+02

#ERR p: [194940], ea: 1, v_r: 7.6483221435546875e+02, v_e: 7.6483221435546875e+02, x_r: -2.7466381835937500e+02, x_e: -2.7466375732421875e+02, y_r: -8.6456108093261719e+01, y_e: -8.6456108093261719e+01, z_r: -9.4610786437988281e+01, z_e: -9.4610786437988281e+01

#ERR p: [194941], ea: 1, v_r: 6.9458312988281250e+02, v_e: 6.9458312988281250e+02, x_r: 1.6661376953125000e+01, x_e: 1.6661392211914062e+01, y_r: 1.8778726196289062e+02, y_e: 1.8778726196289062e+02, z_r: -6.1961676025390625e+02, z_e: -6.1961676025390625e+02

#ERR p: [194942], ea: 1, v_r: 1.1000806884765625e+03, v_e: 1.1000806884765625e+03, x_r: -1.8385389709472656e+02, x_e: -1.8385386657714844e+02, y_r: 5.0849157714843750e+02, y_e: 5.0849157714843750e+02, z_r: -1.3574630737304688e+02, z_e: -1.3574630737304688e+02

#ERR p: [194944], ea: 1, v_r: 1.2495919189453125e+03, v_e: 1.2495919189453125e+03, x_r: -1.1667711181640625e+03, x_e: -1.1667709960937500e+03, y_r: 8.1719091796875000e+02, y_e: 8.1719091796875000e+02, z_r: 8.0576513671875000e+02, z_e: 8.0576513671875000e+02

#ERR p: [194946], ea: 1, v_r: 8.8957574462890625e+02, v_e: 8.8957574462890625e+02, x_r: -1.4894474792480469e+02, x_e: -1.4894473266601562e+02, y_r: -1.0055906677246094e+02, y_e: -1.0055906677246094e+02, z_r: -2.8086502075195312e+02, z_e: -2.8086502075195312e+02

#ERR p: [194947], ea: 1, v_r: 9.9092309570312500e+02, v_e: 9.9092309570312500e+02, x_r: 5.9420574951171875e+02, x_e: 5.9420581054687500e+02, y_r: -3.0198400878906250e+02, y_e: -3.0198400878906250e+02, z_r: -8.8357727050781250e+02, z_e: -8.8357727050781250e+02

#ERR p: [194948], ea: 1, v_r: 9.9369689941406250e+02, v_e: 9.9369689941406250e+02, x_r: 4.0551715087890625e+02, x_e: 4.0551718139648438e+02, y_r: -1.1224983978271484e+02, y_e: -1.1224983978271484e+02, z_r: -5.0420397949218750e+02, z_e: -5.0420397949218750e+02

#ERR p: [194951], ea: 1, v_r: 9.9902197265625000e+02, v_e: 9.9902197265625000e+02, x_r: -3.5947006225585938e+02, x_e: -3.5947003173828125e+02, y_r: 7.8461799621582031e+01, y_e: 7.8461799621582031e+01, z_r: -8.9160717773437500e+02, z_e: -8.9160717773437500e+02

#ERR p: [194952], ea: 1, v_r: 9.5502398681640625e+02, v_e: 9.5502398681640625e+02, x_r: 2.3553909301757812e+01, x_e: 2.3553928375244141e+01, y_r: 8.0772851562500000e+02, y_e: 8.0772851562500000e+02, z_r: -3.0116116333007812e+02, z_e: -3.0116116333007812e+02

#ERR p: [194954], ea: 1, v_r: 9.2572064208984375e+02, v_e: 9.2572064208984375e+02, x_r: -8.6436523437500000e+02, x_e: -8.6436517333984375e+02, y_r: 6.0539007568359375e+02, y_e: 6.0539007568359375e+02, z_r: 5.9692547607421875e+02, z_e: 5.9692547607421875e+02

#ERR p: [194957], ea: 1, v_r: 1.0417275390625000e+03, v_e: 1.0417275390625000e+03, x_r: 6.2467187500000000e+02, x_e: 6.2467187500000000e+02, y_r: -3.1746737670898438e+02, y_e: -3.1746734619140625e+02, z_r: -9.2887896728515625e+02, z_e: -9.2887896728515625e+02

#ERR p: [194960], ea: 1, v_r: 8.4381109619140625e+02, v_e: 8.4381109619140625e+02, x_r: -3.0253695678710938e+02, x_e: -3.0253692626953125e+02, y_r: 7.1368963623046875e+02, y_e: 7.1368963623046875e+02, z_r: 2.2018283081054688e+02, z_e: 2.2018283081054688e+02

#ERR p: [194961], ea: 1, v_r: 1.0518865966796875e+03, v_e: 1.0518865966796875e+03, x_r: 2.6669679641723633e+01, x_e: 2.6669698715209961e+01, y_r: -7.2362689208984375e+02, y_e: -7.2362689208984375e+02, z_r: 8.8116430664062500e+02, z_e: 8.8116430664062500e+02

#ERR p: [194963], ea: 1, v_r: 1.0457542724609375e+03, v_e: 1.0457542724609375e+03, x_r: -5.7597058105468750e+02, x_e: -5.7597052001953125e+02, y_r: 8.8436926269531250e+02, y_e: 8.8436926269531250e+02, z_r: -1.2935531616210938e+02, z_e: -1.2935531616210938e+02

#ERR p: [194964], ea: 2, v_r: 7.9869769287109375e+02, v_e: 7.9869763183593750e+02, x_r: 1.9662588119506836e+01, x_e: 1.9662603378295898e+01, y_r: 5.2234472656250000e+02, y_e: 5.2234472656250000e+02, z_r: -2.5189608764648438e+02, z_e: -2.5189608764648438e+02

#ERR p: [194965], ea: 1, v_r: 9.2043518066406250e+02, v_e: 9.2043518066406250e+02, x_r: -1.5374195861816406e+02, x_e: -1.5374192810058594e+02, y_r: 7.2512054443359375e+01, y_e: 7.2512054443359375e+01, z_r: 6.3269016265869141e+01, z_e: 6.3269016265869141e+01

#ERR p: [194966], ea: 1, v_r: 1.0022957153320312e+03, v_e: 1.0022957153320312e+03, x_r: -9.3687615966796875e+02, x_e: -9.3687609863281250e+02, y_r: 4.6309872436523438e+02, y_e: 4.6309872436523438e+02, z_r: -3.1709469604492188e+02, z_e: -3.1709469604492188e+02

#ERR p: [194967], ea: 1, v_r: 7.3592254638671875e+02, v_e: 7.3592254638671875e+02, x_r: -4.0557687377929688e+02, x_e: -4.0557684326171875e+02, y_r: -6.4762207031250000e+02, y_e: -6.4762207031250000e+02, z_r: -9.1292503356933594e+01, z_e: -9.1292503356933594e+01

#ERR p: [194972], ea: 1, v_r: 1.0615429687500000e+03, v_e: 1.0615429687500000e+03, x_r: 4.3430307006835938e+02, x_e: 4.3430310058593750e+02, y_r: -7.3017114257812500e+02, y_e: -7.3017114257812500e+02, z_r: 8.8960174560546875e+02, z_e: 8.8960174560546875e+02

#ERR p: [194973], ea: 1, v_r: 1.2264771728515625e+03, v_e: 1.2264771728515625e+03, x_r: 2.6572091674804688e+02, x_e: 2.6572094726562500e+02, y_r: 5.6702587890625000e+02, y_e: 5.6702587890625000e+02, z_r: -1.5090145874023438e+02, z_e: -1.5090145874023438e+02

#ERR p: [194974], ea: 1, v_r: 8.2213177490234375e+02, v_e: 8.2213177490234375e+02, x_r: 1.7811801147460938e+02, x_e: 1.7811804199218750e+02, y_r: 3.8008880615234375e+02, y_e: 3.8008880615234375e+02, z_r: -1.0115215301513672e+02, z_e: -1.0115215301513672e+02

#ERR p: [194975], ea: 1, v_r: 7.7596423339843750e+02, v_e: 7.7596423339843750e+02, x_r: 3.1705139160156250e+02, x_e: 3.1705142211914062e+02, y_r: -6.8263482666015625e+02, y_e: -6.8263482666015625e+02, z_r: 2.0271900939941406e+02, z_e: 2.0271900939941406e+02

#ERR p: [194976], ea: 1, v_r: 1.0659860839843750e+03, v_e: 1.0659860839843750e+03, x_r: 2.5612991333007812e+01, x_e: 2.5613010406494141e+01, y_r: 4.9260742187500000e+02, y_e: 4.9260742187500000e+02, z_r: -9.5089251708984375e+02, z_e: -9.5089251708984375e+02

#ERR p: [194977], ea: 1, v_r: 1.0499166259765625e+03, v_e: 1.0499166259765625e+03, x_r: 8.3117626953125000e+02, x_e: 8.3117626953125000e+02, y_r: -1.1860601806640625e+02, y_e: -1.1860600280761719e+02, z_r: -9.3595690917968750e+02, z_e: -9.3595690917968750e+02

#ERR p: [194978], ea: 1, v_r: 8.8016088867187500e+02, v_e: 8.8016088867187500e+02, x_r: -1.4775306701660156e+02, x_e: -1.4775303649902344e+02, y_r: -4.3708502197265625e+02, y_e: -4.3708502197265625e+02, z_r: -6.1630474853515625e+02, z_e: -6.1630474853515625e+02

#ERR p: [194980], ea: 2, v_r: 1.2761221923828125e+03, v_e: 1.2761221923828125e+03, x_r: 1.0124943237304688e+03, x_e: 1.0124943847656250e+03, y_r: 1.0798951416015625e+03, y_e: 1.0798951416015625e+03, z_r: 1.0703283691406250e+03, z_e: 1.0703282470703125e+03

#ERR p: [194983], ea: 2, v_r: 9.1937683105468750e+02, v_e: 9.1937683105468750e+02, x_r: -3.3076907348632812e+02, x_e: -3.3076904296875000e+02, y_r: -6.3287121582031250e+02, y_e: -6.3287109375000000e+02, z_r: -6.4397137451171875e+02, z_e: -6.4397137451171875e+02

#ERR p: [194984], ea: 1, v_r: 7.3420642089843750e+02, v_e: 7.3420642089843750e+02, x_r: 4.4045245361328125e+02, x_e: 4.4045248413085938e+02, y_r: -5.0523510742187500e+02, y_e: -5.0523510742187500e+02, z_r: -3.7251672363281250e+02, z_e: -3.7251672363281250e+02

#ERR p: [194986], ea: 1, v_r: 1.0726795654296875e+03, v_e: 1.0726795654296875e+03, x_r: 2.6882036209106445e+01, x_e: 2.6882055282592773e+01, y_r: -5.3236260986328125e+02, y_e: -5.3236260986328125e+02, z_r: 4.8618182373046875e+02, z_e: 4.8618182373046875e+02

#ERR p: [194992], ea: 1, v_r: 9.9767529296875000e+02, v_e: 9.9767523193359375e+02, x_r: 4.0830780029296875e+02, x_e: 4.0830780029296875e+02, y_r: 4.6146835327148438e+02, y_e: 4.6146835327148438e+02, z_r: 6.4454876708984375e+02, z_e: 6.4454876708984375e+02

#ERR p: [194994], ea: 1, v_r: 8.4054534912109375e+02, v_e: 8.4054534912109375e+02, x_r: 1.8228434753417969e+02, x_e: 1.8228437805175781e+02, y_r: -9.4835105895996094e+01, y_e: -9.4835105895996094e+01, z_r: 2.1960864257812500e+02, z_e: 2.1960864257812500e+02

#ERR p: [194996], ea: 1, v_r: 1.3354257812500000e+03, v_e: 1.3354257812500000e+03, x_r: 2.9002816772460938e+02, x_e: 2.9002819824218750e+02, y_r: 6.1756481933593750e+02, y_e: 6.1756481933593750e+02, z_r: 6.0579443359375000e+02, z_e: 6.0579443359375000e+02

#ERR p: [194997], ea: 1, v_r: 1.0781988525390625e+03, v_e: 1.0781988525390625e+03, x_r: 2.3446427917480469e+02, x_e: 2.3446430969238281e+02, y_r: 9.1217651367187500e+02, y_e: 9.1217651367187500e+02, z_r: 6.9647668457031250e+02, z_e: 6.9647668457031250e+02

#ERR p: [194998], ea: 1, v_r: 7.5664526367187500e+02, v_e: 7.5664526367187500e+02, x_r: 5.9915734863281250e+02, x_e: 5.9915740966796875e+02, y_r: -5.2064404296875000e+02, y_e: -5.2064404296875000e+02, z_r: -3.8377719116210938e+02, z_e: -3.8377719116210938e+02

#ERR p: [194999], ea: 1, v_r: 7.5669604492187500e+02, v_e: 7.5669604492187500e+02, x_r: 1.8243837356567383e+01, x_e: 1.8243852615356445e+01, y_r: 6.3990155029296875e+02, y_e: 6.3990155029296875e+02, z_r: -6.7493725585937500e+02, z_e: -6.7493725585937500e+02

#SDC Ite:128 KerTime:0.368522 AccTime:47.523754 KerErr:61 AccErr:61
#IT Ite:130 KerTime:0.367979 AccTime:48.260232
#IT Ite:140 KerTime:0.369203 AccTime:51.948221
#IT Ite:150 KerTime:0.368111 AccTime:55.635234
#IT Ite:160 KerTime:0.370169 AccTime:59.320402
#IT Ite:170 KerTime:0.368710 AccTime:63.003307
#IT Ite:180 KerTime:0.368791 AccTime:66.689104
#IT Ite:190 KerTime:0.368077 AccTime:70.373077
#IT Ite:200 KerTime:0.368786 AccTime:74.058408
#IT Ite:210 KerTime:0.368121 AccTime:77.739395
#IT Ite:220 KerTime:0.367606 AccTime:81.419535
#IT Ite:230 KerTime:0.368343 AccTime:85.106513
#IT Ite:240 KerTime:0.367495 AccTime:88.790639
#IT Ite:250 KerTime:0.366911 AccTime:92.470728
#IT Ite:260 KerTime:0.368148 AccTime:96.156532
#ERR p: [83100], ea: 4, v_r: 1.4564500732421875e+03, v_e: 1.4538017578125000e+03, x_r: 1.2167604980468750e+03, x_e: 1.2215006103515625e+03, y_r: 6.4853942871093750e+02, y_e: 6.5601080322265625e+02, z_r: 1.1957037353515625e+03, z_e: 1.2026903076171875e+03

#ERR p: [83101], ea: 4, v_r: 1.3750784912109375e+03, v_e: 1.3728796386718750e+03, x_r: 3.5600393676757812e+02, x_e: 3.6223257446289062e+02, y_r: 8.7574975585937500e+02, y_e: 8.8217694091796875e+02, z_r: 1.1277446289062500e+03, z_e: 1.1345030517578125e+03

#ERR p: [83102], ea: 4, v_r: 9.3978216552734375e+02, v_e: 9.3936352539062500e+02, x_r: -1.1899452972412109e+02, x_e: -1.1452107238769531e+02, y_r: 4.1926809692382812e+02, y_e: 4.2403894042968750e+02, z_r: -1.3107543945312500e+02, z_e: -1.2522395324707031e+02

#ERR p: [83103], ea: 4, v_r: 8.5353289794921875e+02, v_e: 8.5326440429687500e+02, x_r: 7.1227716064453125e+02, x_e: 7.1563299560546875e+02, y_r: -7.6451080322265625e+02, y_e: -7.5914129638671875e+02, z_r: 2.1073158264160156e+02, z_e: 2.1565768432617188e+02

#ERR p: [83104], ea: 4, v_r: 6.7186065673828125e+02, v_e: 6.7195294189453125e+02, x_r: -4.7191262817382812e+02, x_e: -4.6892010498046875e+02, y_r: -6.0252075195312500e+02, y_e: -5.9877655029296875e+02, z_r: 5.5137072753906250e+02, z_e: 5.5511590576171875e+02

#ERR p: [83105], ea: 4, v_r: 7.9234082031250000e+02, v_e: 7.9198712158203125e+02, x_r: 6.6082495117187500e+02, x_e: 6.6395794677734375e+02, y_r: -1.0174240112304688e+02, y_e: -9.7224723815917969e+01, z_r: -2.6106323242187500e+02, z_e: -2.5604455566406250e+02

#ERR p: [83106], ea: 4, v_r: 1.1077084960937500e+03, v_e: 1.1066225585937500e+03, x_r: 4.9903665161132812e+02, x_e: 5.0367486572265625e+02, y_r: 6.8981147766113281e+01, y_e: 7.5299362182617188e+01, z_r: 4.8429019165039062e+02, z_e: 4.9058435058593750e+02

#ERR p: [83107], ea: 4, v_r: 8.1826623535156250e+02, v_e: 8.1835986328125000e+02, x_r: -7.3222296142578125e+02, x_e: -7.2848016357421875e+02, y_r: -2.6305160522460938e+02, y_e: -2.5866665649414062e+02, z_r: 3.5676190185546875e+02, z_e: 3.6143365478515625e+02

#ERR p: [83108], ea: 4, v_r: 1.0860028076171875e+03, v_e: 1.0858032226562500e+03, x_r: -5.5509680175781250e+02, x_e: -5.4982641601562500e+02, y_r: 6.9278948974609375e+02, y_e: 6.9813372802734375e+02, z_r: -3.6055441284179688e+02, z_e: -3.5381329345703125e+02

#ERR p: [83109], ea: 4, v_r: 7.6431018066406250e+02, v_e: 7.6424151611328125e+02, x_r: 3.4356201171875000e+02, x_e: 3.4683993530273438e+02, y_r: -2.4470655822753906e+02, y_e: -2.4043577575683594e+02, z_r: -2.5200241088867188e+02, z_e: -2.4737249755859375e+02

#ERR p: [83110], ea: 4, v_r: 7.2100970458984375e+02, v_e: 7.2193060302734375e+02, x_r: -3.6949029541015625e+02, x_e: -3.6697988891601562e+02, y_r: -6.4513928222656250e+02, y_e: -6.4226251220703125e+02, z_r: -6.5299926757812500e+02, z_e: -6.4978979492187500e+02

#ERR p: [83111], ea: 4, v_r: 9.5533502197265625e+02, v_e: 9.5530633544921875e+02, x_r: -4.8853723144531250e+02, x_e: -4.8402377319335938e+02, y_r: 6.0964031982421875e+02, y_e: 6.1437115478515625e+02, z_r: -5.0043295288085938e+02, z_e: -4.9453799438476562e+02

#ERR p: [83112], ea: 4, v_r: 9.8210388183593750e+02, v_e: 9.8205902099609375e+02, x_r: 6.3002087402343750e+02, x_e: 6.3417120361328125e+02, y_r: -3.1416101074218750e+02, y_e: -3.0869833374023438e+02, z_r: -5.1195968627929688e+02, z_e: -5.0596572875976562e+02

#ERR p: [83113], ea: 4, v_r: 8.8746728515625000e+02, v_e: 8.8648236083984375e+02, x_r: 3.9970324707031250e+02, x_e: 4.0344143676757812e+02, y_r: 3.9568389892578125e+02, y_e: 4.0021508789062500e+02, z_r: 2.1734071350097656e+02, z_e: 2.2266543579101562e+02

#ERR p: [83114], ea: 4, v_r: 7.3333081054687500e+02, v_e: 7.3366815185546875e+02, x_r: -3.7508554077148438e+02, x_e: -3.7199114990234375e+02, y_r: -2.3501731872558594e+02, y_e: -2.3127598571777344e+02, z_r: -2.4266986083984375e+02, z_e: -2.3852429199218750e+02

#ERR p: [83115], ea: 4, v_r: 9.7108721923828125e+02, v_e: 9.7060272216796875e+02, x_r: 6.2413464355468750e+02, x_e: 6.2800726318359375e+02, y_r: -8.7027984619140625e+02, y_e: -8.6393103027343750e+02, z_r: 6.1216040039062500e+02, z_e: 6.1745965576171875e+02

#ERR p: [83116], ea: 4, v_r: 1.0805588378906250e+03, v_e: 1.0808739013671875e+03, x_r: 9.0035241699218750e+02, x_e: 9.0502172851562500e+02, y_r: -5.5218945312500000e+02, y_e: -5.4641314697265625e+02, z_r: -9.7727020263671875e+02, z_e: -9.7101171875000000e+02

#ERR p: [83117], ea: 4, v_r: 7.8667309570312500e+02, v_e: 7.8652404785156250e+02, x_r: 3.5337896728515625e+02, x_e: 3.5679187011718750e+02, y_r: 2.0082713317871094e+02, y_e: 2.0495178222656250e+02, z_r: -5.6169219970703125e+02, z_e: -5.5666082763671875e+02

#ERR p: [83118], ea: 4, v_r: 1.1811986083984375e+03, v_e: 1.1806181640625000e+03, x_r: 7.5833837890625000e+02, x_e: 7.6316644287109375e+02, y_r: -1.5199884033203125e+02, y_e: -1.4524397277832031e+02, z_r: -1.6287736511230469e+02, z_e: -1.5555346679687500e+02

#ERR p: [83119], ea: 4, v_r: 1.1742159423828125e+03, v_e: 1.1737709960937500e+03, x_r: -5.9949761962890625e+02, x_e: -5.9365576171875000e+02, y_r: 2.9812136840820312e+02, y_e: 3.0427047729492188e+02, z_r: 2.8647918701171875e+02, z_e: 2.9338232421875000e+02

#ERR p: [83120], ea: 4, v_r: 1.2338079833984375e+03, v_e: 1.2323721923828125e+03, x_r: 1.0295050048828125e+03, x_e: 1.0340031738281250e+03, y_r: 7.8728021240234375e+02, y_e: 7.9318969726562500e+02, z_r: -1.7096984863281250e+02, z_e: -1.6279307556152344e+02

#ERR p: [83121], ea: 4, v_r: 7.8866644287109375e+02, v_e: 7.8850134277343750e+02, x_r: 5.0653448486328125e+02, x_e: 5.0976428222656250e+02, y_r: -7.0644641113281250e+02, y_e: -7.0161047363281250e+02, z_r: 1.9453883361816406e+02, z_e: 1.9908009338378906e+02

#ERR p: [83122], ea: 4, v_r: 1.0336470947265625e+03, v_e: 1.0334655761718750e+03, x_r: 6.8133384704589844e+01, x_e: 7.2701286315917969e+01, y_r: -7.2817327880859375e+02, y_e: -7.2206134033203125e+02, z_r: 4.5233956909179688e+02, z_e: 4.5819522094726562e+02

#ERR p: [83123], ea: 4, v_r: 9.5516674804687500e+02, v_e: 9.5506066894531250e+02, x_r: -6.7144146728515625e+02, x_e: -6.6682647705078125e+02, y_r: 2.4264489746093750e+02, y_e: 2.4758833312988281e+02, z_r: 4.9547035217285156e+01, z_e: 5.5214622497558594e+01

#ERR p: [83124], ea: 4, v_r: 9.5040100097656250e+02, v_e: 9.5059704589843750e+02, x_r: -8.5129345703125000e+02, x_e: -8.4696264648437500e+02, y_r: 6.0635485839843750e+02, y_e: 6.1109271240234375e+02, z_r: -4.9831738281250000e+02, z_e: -4.9266644287109375e+02

#ERR p: [83125], ea: 4, v_r: 6.9770611572265625e+02, v_e: 6.9809161376953125e+02, x_r: -8.9147994995117188e+01, x_e: -8.6172698974609375e+01, y_r: -8.9314170837402344e+01, y_e: -8.5789123535156250e+01, z_r: -6.3217443847656250e+02, z_e: -6.2834936523437500e+02

#ERR p: [83126], ea: 4, v_r: 1.1235909423828125e+03, v_e: 1.1230390625000000e+03, x_r: 7.2135437011718750e+02, x_e: 7.2594708251953125e+02, y_r: -1.4458587646484375e+02, y_e: -1.3816036987304688e+02, z_r: -1.5493403625488281e+02, z_e: -1.4796726989746094e+02

#ERR p: [83127], ea: 4, v_r: 8.7481640625000000e+02, v_e: 8.7527374267578125e+02, x_r: -7.8301672363281250e+02, x_e: -7.7950415039062500e+02, y_r: -7.8422784423828125e+02, y_e: -7.7983117675781250e+02, z_r: 3.8196536254882812e+02, z_e: 3.8693939208984375e+02

#ERR p: [83128], ea: 4, v_r: 8.4206829833984375e+02, v_e: 8.4289880371093750e+02, x_r: -5.9302551269531250e+02, x_e: -5.8997290039062500e+02, y_r: -4.3094378662109375e+02, y_e: -4.2708822631835938e+02, z_r: -6.0172216796875000e+02, z_e: -5.9751452636718750e+02

#ERR p: [83129], ea: 4, v_r: 7.4933190917968750e+02, v_e: 7.4915722656250000e+02, x_r: -9.5317466735839844e+01, x_e: -9.1790290832519531e+01, y_r: 6.2210388183593750e+02, y_e: 6.2568438720703125e+02, z_r: -5.3606311035156250e+02, z_e: -5.3119622802734375e+02

#ERR p: [83130], ea: 4, v_r: 9.3800799560546875e+02, v_e: 9.3863000488281250e+02, x_r: -8.3997760009765625e+02, x_e: -8.3635314941406250e+02, y_r: -6.6070385742187500e+02, y_e: -6.5614367675781250e+02, z_r: 4.9420467376708984e+01, z_e: 5.4664005279541016e+01

#ERR p: [83131], ea: 4, v_r: 1.1328598632812500e+03, v_e: 1.1319973144531250e+03, x_r: 9.4552624511718750e+02, x_e: 9.4977764892578125e+02, y_r: -3.6335760498046875e+02, y_e: -3.5639108276367188e+02, z_r: 2.7893515014648438e+02, z_e: 2.8559991455078125e+02

#ERR p: [83132], ea: 4, v_r: 8.1782977294921875e+02, v_e: 8.1715728759765625e+02, x_r: -5.7420898437500000e+02, x_e: -5.6962811279296875e+02, y_r: 5.2080358886718750e+02, y_e: 5.2471520996093750e+02, z_r: 5.1286468505859375e+02, z_e: 5.1736260986328125e+02

#ERR p: [83133], ea: 4, v_r: 1.0119160156250000e+03, v_e: 1.0105494995117188e+03, x_r: -1.2692509460449219e+02, x_e: -1.2169181823730469e+02, y_r: 6.4436633300781250e+02, y_e: 6.4912609863281250e+02, z_r: 8.2946795654296875e+02, z_e: 8.3455511474609375e+02

#ERR p: [83134], ea: 4, v_r: 9.6179736328125000e+02, v_e: 9.6141961669921875e+02, x_r: -4.9088076782226562e+02, x_e: -4.8610476684570312e+02, y_r: 5.9629421234130859e+01, y_e: 6.4842079162597656e+01, z_r: 4.1940341186523438e+02, z_e: 4.2489984130859375e+02

#ERR p: [83135], ea: 4, v_r: 1.1076066894531250e+03, v_e: 1.1064920654296875e+03, x_r: 2.8617086791992188e+02, x_e: 2.9111621093750000e+02, y_r: 2.8122543334960938e+02, y_e: 2.8720617675781250e+02, z_r: 4.8376214599609375e+02, z_e: 4.9007263183593750e+02

#ERR p: [83136], ea: 4, v_r: 1.1013883056640625e+03, v_e: 1.0995311279296875e+03, x_r: 7.0825244140625000e+02, x_e: 7.1237908935546875e+02, y_r: 7.0176959228515625e+02, y_e: 7.0692175292968750e+02, z_r: 6.9238555908203125e+02, z_e: 6.9820343017578125e+02

#ERR p: [83137], ea: 4, v_r: 1.3071224365234375e+03, v_e: 1.3052076416015625e+03, x_r: 1.0910146484375000e+03, x_e: 1.0955905761718750e+03, y_r: 1.0843640136718750e+03, y_e: 1.0900300292968750e+03, z_r: 6.9331115722656250e+01, z_e: 7.7754013061523438e+01

#ERR p: [83138], ea: 4, v_r: 5.9676611328125000e+02, v_e: 5.9720465087890625e+02, x_r: -3.0542642211914062e+02, x_e: -3.0305639648437500e+02, y_r: -3.0549340820312500e+02, y_e: -3.0260647583007812e+02, z_r: -3.1181756591796875e+02, z_e: -3.0861962890625000e+02

#ERR p: [83139], ea: 4, v_r: 9.1655267333984375e+02, v_e: 9.1717840576171875e+02, x_r: 5.9265640258789062e+01, x_e: 6.3115390777587891e+01, y_r: -8.2032958984375000e+02, y_e: -8.1588513183593750e+02, z_r: -4.7781634521484375e+02, z_e: -4.7288909912109375e+02

#ERR p: [83140], ea: 4, v_r: 6.2875354003906250e+02, v_e: 6.2918554687500000e+02, x_r: -4.4225329589843750e+02, x_e: -4.3980548095703125e+02, y_r: -5.6333245849609375e+02, y_e: -5.6031042480468750e+02, z_r: 3.3420082092285156e+01, z_e: 3.6920722961425781e+01

#ERR p: [83141], ea: 4, v_r: 6.9868371582031250e+02, v_e: 6.9899896240234375e+02, x_r: -6.2593164062500000e+02, x_e: -6.2298376464843750e+02, y_r: 1.7788688659667969e+02, y_e: 1.8142051696777344e+02, z_r: -3.6603549194335938e+02, z_e: -3.6206326293945312e+02

#ERR p: [83142], ea: 4, v_r: 7.0494964599609375e+02, v_e: 7.0576000976562500e+02, x_r: -3.6120639038085938e+02, x_e: -3.5866342163085938e+02, y_r: -4.9566461181640625e+02, y_e: -4.9263604736328125e+02, z_r: -6.3861303710937500e+02, z_e: -6.3534362792968750e+02

#ERR p: [83143], ea: 4, v_r: 9.6040093994140625e+02, v_e: 9.5918475341796875e+02, x_r: 4.3276104736328125e+02, x_e: 4.3678164672851562e+02, y_r: 4.2799362182617188e+02, y_e: 4.3289767456054688e+02, z_r: 4.1947143554687500e+02, z_e: 4.2494406127929688e+02

#ERR p: [83144], ea: 4, v_r: 8.9474206542968750e+02, v_e: 8.9445465087890625e+02, x_r: 4.0197235107421875e+02, x_e: 4.0585455322265625e+02, y_r: 3.9992486572265625e+02, y_e: 4.0449002075195312e+02, z_r: -6.3905865478515625e+02, z_e: -6.3318762207031250e+02

#ERR p: [83145], ea: 4, v_r: 9.6071368408203125e+02, v_e: 9.5947784423828125e+02, x_r: 2.4831153869628906e+02, x_e: 2.5265350341796875e+02, y_r: 6.1226031494140625e+02, y_e: 6.1681024169921875e+02, z_r: 4.1919226074218750e+02, z_e: 4.2468161010742188e+02

#ERR p: [83146], ea: 4, v_r: 5.3410009765625000e+02, v_e: 5.3476013183593750e+02, x_r: -4.7892950439453125e+02, x_e: -4.7723065185546875e+02, y_r: -2.7325881958007812e+02, y_e: -2.7095025634765625e+02, z_r: -4.8423831176757812e+02, z_e: -4.8181527709960938e+02

#ERR p: [83147], ea: 4, v_r: 8.1078680419921875e+02, v_e: 8.1034936523437500e+02, x_r: -4.1361795043945312e+02, x_e: -4.0949368286132812e+02, y_r: 5.0097850799560547e+01, y_e: 5.4539211273193359e+01, z_r: 5.0913751220703125e+02, z_e: 5.1361822509765625e+02

#ERR p: [83148], ea: 4, v_r: 8.6259851074218750e+02, v_e: 8.6259234619140625e+02, x_r: 5.6198936462402344e+01, x_e: 6.0035011291503906e+01, y_r: -1.1094851684570312e+02, y_e: -1.0629244995117188e+02, z_r: -2.8500845336914062e+02, z_e: -2.7982046508789062e+02

#ERR p: [83149], ea: 4, v_r: 7.2228863525390625e+02, v_e: 7.2232525634765625e+02, x_r: -3.6915930175781250e+02, x_e: -3.6583758544921875e+02, y_r: 4.5241195678710938e+01, y_e: 4.9028789520263672e+01, z_r: -1.0077220153808594e+02, z_e: -9.6492271423339844e+01

#ERR p: [83150], ea: 4, v_r: 9.8742211914062500e+02, v_e: 9.8702014160156250e+02, x_r: 2.5439839172363281e+02, x_e: 2.5876498413085938e+02, y_r: 6.2090629577636719e+01, y_e: 6.7485160827636719e+01, z_r: -1.3682826232910156e+02, z_e: -1.3073249816894531e+02

#ERR p: [83151], ea: 4, v_r: 8.5188397216796875e+02, v_e: 8.5233843994140625e+02, x_r: -1.0869520568847656e+02, x_e: -1.0507245635986328e+02, y_r: -2.7251516723632812e+02, y_e: -2.6820443725585938e+02, z_r: -6.0828448486328125e+02, z_e: -6.0357495117187500e+02

#ERR p: [83152], ea: 4, v_r: 8.0157696533203125e+02, v_e: 8.0237023925781250e+02, x_r: -7.1864819335937500e+02, x_e: -7.1582684326171875e+02, y_r: -1.0284878540039062e+02, y_e: -9.9033737182617188e+01, z_r: -7.2710205078125000e+02, z_e: -7.2317761230468750e+02

#ERR p: [83153], ea: 4, v_r: 7.4124676513671875e+02, v_e: 7.4136651611328125e+02, x_r: -3.7837777709960938e+02, x_e: -3.7511416625976562e+02, y_r: -6.6454156494140625e+02, y_e: -6.6042852783203125e+02, z_r: 4.6624267578125000e+02, z_e: 4.7041378784179688e+02

#ERR p: [83154], ea: 4, v_r: 7.0945806884765625e+02, v_e: 7.1006640625000000e+02, x_r: -3.6302597045898438e+02, x_e: -3.6030880737304688e+02, y_r: -6.3527899169921875e+02, y_e: -6.3203155517578125e+02, z_r: -2.3430226135253906e+02, z_e: -2.3053330993652344e+02

#ERR p: [83155], ea: 4, v_r: 8.2072949218750000e+02, v_e: 8.2071270751953125e+02, x_r: 5.3616489410400391e+01, x_e: 5.7251094818115234e+01, y_r: -2.6304724121093750e+02, y_e: -2.5852279663085938e+02, z_r: -1.1355747985839844e+02, z_e: -1.0868819427490234e+02

#ERR p: [83156], ea: 4, v_r: 1.1673853759765625e+03, v_e: 1.1664403076171875e+03, x_r: 9.7336724853515625e+02, x_e: 9.7787860107421875e+02, y_r: 9.6949584960937500e+02, y_e: 9.7485632324218750e+02, z_r: -8.3379608154296875e+02, z_e: -8.2545312500000000e+02

#ERR p: [83157], ea: 4, v_r: 1.1563562011718750e+03, v_e: 1.1554854736328125e+03, x_r: -1.4588209533691406e+02, x_e: -1.4022378540039062e+02, y_r: 5.1539056396484375e+02, y_e: 5.2126062011718750e+02, z_r: 2.8241452026367188e+02, z_e: 2.8929437255859375e+02

#ERR p: [83158], ea: 4, v_r: 9.5019738769531250e+02, v_e: 9.5034912109375000e+02, x_r: -4.8520660400390625e+02, x_e: -4.8100103759765625e+02, y_r: -6.6956164550781250e+02, y_e: -6.6435321044921875e+02, z_r: 4.1514562988281250e+02, z_e: 4.2054574584960938e+02

#ERR p: [83159], ea: 4, v_r: 6.9830010986328125e+02, v_e: 6.9871051025390625e+02, x_r: 1.7925080871582031e+02, x_e: 1.8225323486328125e+02, y_r: -4.9095666503906250e+02, y_e: -4.8746112060546875e+02, z_r: -4.9795855712890625e+02, z_e: -4.9416461181640625e+02

#ERR p: [83160], ea: 4, v_r: 8.2676556396484375e+02, v_e: 8.2650433349609375e+02, x_r: 5.4397979736328125e+01, x_e: 5.8115730285644531e+01, y_r: -2.6534420776367188e+02, y_e: -2.6059085083007812e+02, z_r: 2.0282221984863281e+02, z_e: 2.0763705444335938e+02

#ERR p: [83161], ea: 4, v_r: 7.4244525146484375e+02, v_e: 7.4243975830078125e+02, x_r: 4.8370929718017578e+01, x_e: 5.1672641754150391e+01, y_r: -9.5494354248046875e+01, y_e: -9.1486854553222656e+01, z_r: -2.4530902099609375e+02, z_e: -2.4084370422363281e+02

#ERR p: [83162], ea: 4, v_r: 8.8774707031250000e+02, v_e: 8.8674438476562500e+02, x_r: 2.2925741577148438e+02, x_e: 2.3326478576660156e+02, y_r: 5.6594952392578125e+02, y_e: 5.7018145751953125e+02, z_r: 2.1702116394042969e+02, z_e: 2.2236483764648438e+02

#ERR p: [83163], ea: 4, v_r: 9.5024981689453125e+02, v_e: 9.5037780761718750e+02, x_r: -6.6778503417968750e+02, x_e: -6.6351007080078125e+02, y_r: -4.8753918457031250e+02, y_e: -4.8238262939453125e+02, z_r: 4.1473742675781250e+02, z_e: 4.2015036010742188e+02

#ERR p: [83164], ea: 4, v_r: 8.4286376953125000e+02, v_e: 8.4367645263671875e+02, x_r: -5.9328155517578125e+02, x_e: -5.9023937988281250e+02, y_r: -7.5479846191406250e+02, y_e: -7.5107348632812500e+02, z_r: -2.7857458496093750e+02, z_e: -2.7416418457031250e+02

#ERR p: [83165], ea: 4, v_r: 9.0365332031250000e+02, v_e: 9.0303363037109375e+02, x_r: 4.0733734130859375e+02, x_e: 4.1107916259765625e+02, y_r: -6.3689337158203125e+02, y_e: -6.3097686767578125e+02, z_r: 7.4265612792968750e+02, z_e: 7.4737066650390625e+02

#ERR p: [83166], ea: 4, v_r: 1.4359799804687500e+03, v_e: 1.4340410156250000e+03, x_r: -1.8011523437500000e+02, x_e: -1.7268891906738281e+02, y_r: 9.1439880371093750e+02, y_e: 9.2115313720703125e+02, z_r: 1.1770692138671875e+03, z_e: 1.1842882080078125e+03

#ERR p: [83167], ea: 4, v_r: 1.2210262451171875e+03, v_e: 1.2202861328125000e+03, x_r: 1.0194930419921875e+03, x_e: 1.0240911865234375e+03, y_r: -1.0942180175781250e+03, y_e: -1.0860367431640625e+03, z_r: 7.6998681640625000e+02, z_e: 7.7661480712890625e+02

#ERR p: [83168], ea: 4, v_r: 8.6259851074218750e+02, v_e: 8.6259234619140625e+02, x_r: 5.6198936462402344e+01, x_e: 6.0035011291503906e+01, y_r: -1.1094851684570312e+02, y_e: -1.0629244995117188e+02, z_r: -2.8500845336914062e+02, z_e: -2.7982046508789062e+02

#ERR p: [83169], ea: 4, v_r: 9.4489880371093750e+02, v_e: 9.4537994384765625e+02, x_r: -8.4684039306640625e+02, x_e: -8.4288806152343750e+02, y_r: 6.0325286865234375e+02, y_e: 6.0802166748046875e+02, z_r: -8.5793743896484375e+02, z_e: -8.5264636230468750e+02

#ERR p: [83170], ea: 4, v_r: 1.0932050781250000e+03, v_e: 1.0916273193359375e+03, x_r: 2.8279388427734375e+02, x_e: 2.8774038696289062e+02, y_r: 6.9646392822265625e+02, y_e: 7.0160760498046875e+02, z_r: 6.8677691650390625e+02, z_e: 6.9262054443359375e+02

#ERR p: [83171], ea: 4, v_r: 6.5062780761718750e+02, v_e: 6.5084136962890625e+02, x_r: -5.8282977294921875e+02, x_e: -5.7997430419921875e+02, y_r: 2.9037133789062500e+02, y_e: 2.9365417480468750e+02, z_r: -3.4099960327148438e+02, z_e: -3.3721548461914062e+02

#ERR p: [83172], ea: 4, v_r: 1.0110866088867188e+03, v_e: 1.0109219970703125e+03, x_r: 4.5400775146484375e+02, x_e: 4.5841976928710938e+02, y_r: 4.5215896606445312e+02, y_e: 4.5731689453125000e+02, z_r: -9.1608526611328125e+02, z_e: -9.0952990722656250e+02

#ERR p: [83173], ea: 4, v_r: 7.5087860107421875e+02, v_e: 7.5129302978515625e+02, x_r: -5.2809906005859375e+02, x_e: -5.2505657958984375e+02, y_r: -5.2884088134765625e+02, y_e: -5.2508416748046875e+02, z_r: 3.9750083923339844e+01, z_e: 4.3977001190185547e+01

#ERR p: [83174], ea: 4, v_r: 9.1566680908203125e+02, v_e: 9.1529943847656250e+02, x_r: -4.6717910766601562e+02, x_e: -4.6264520263671875e+02, y_r: -1.1892967987060547e+02, y_e: -1.1379725646972656e+02, z_r: 5.7518725585937500e+02, z_e: 5.8026562500000000e+02

#ERR p: [83175], ea: 4, v_r: 1.3249620361328125e+03, v_e: 1.3234256591796875e+03, x_r: 3.4262094116210938e+02, x_e: 3.4854302978515625e+02, y_r: 3.3612869262695312e+02, y_e: 3.4332357788085938e+02, z_r: 8.3293505859375000e+02, z_e: 8.4007080078125000e+02

#ERR p: [83176], ea: 4, v_r: 9.6871728515625000e+02, v_e: 9.6902209472656250e+02, x_r: -4.9524142456054688e+02, x_e: -4.9103741455078125e+02, y_r: -3.1066503906250000e+02, y_e: -3.0561083984375000e+02, z_r: -1.3473442077636719e+02, z_e: -1.2916285705566406e+02

#ERR p: [83177], ea: 4, v_r: 8.7147106933593750e+02, v_e: 8.7200177001953125e+02, x_r: -6.1353356933593750e+02, x_e: -6.0998596191406250e+02, y_r: 5.5092506408691406e+01, y_e: 5.9462070465087891e+01, z_r: -6.2331134033203125e+02, z_e: -6.1854235839843750e+02

#ERR p: [83178], ea: 4, v_r: 6.1410412597656250e+02, v_e: 6.1452899169921875e+02, x_r: 3.9597454071044922e+01, x_e: 4.2188701629638672e+01, y_r: -4.3179922485351562e+02, y_e: -4.2880758666992188e+02, z_r: -4.3806838989257812e+02, z_e: -4.3480374145507812e+02

#ERR p: [83179], ea: 4, v_r: 8.4626678466796875e+02, v_e: 8.4626782226562500e+02, x_r: 7.0537286376953125e+02, x_e: 7.0891156005859375e+02, y_r: -2.7046923828125000e+02, y_e: -2.6578601074218750e+02, z_r: -6.0326531982421875e+02, z_e: -5.9808056640625000e+02

#ERR p: [83180], ea: 4, v_r: 7.3323132324218750e+02, v_e: 7.3360729980468750e+02, x_r: -2.3442919921875000e+02, x_e: -2.3132118225097656e+02, y_r: -9.4077308654785156e+01, y_e: -9.0361297607421875e+01, z_r: -5.2390704345703125e+02, z_e: -5.1982464599609375e+02

#ERR p: [83181], ea: 4, v_r: 1.2093475341796875e+03, v_e: 1.2075638427734375e+03, x_r: 8.0699432373046875e+01, x_e: 8.6595886230468750e+01, y_r: 7.7014440917968750e+02, y_e: 7.7581451416015625e+02, z_r: 9.9156384277343750e+02, z_e: 9.9757556152343750e+02

#ERR p: [83182], ea: 4, v_r: 5.8079541015625000e+02, v_e: 5.8133514404296875e+02, x_r: -7.4223655700683594e+01, x_e: -7.1889320373535156e+01, y_r: -5.1972705078125000e+02, y_e: -5.1711676025390625e+02, z_r: -4.1431912231445312e+02, z_e: -4.1139718627929688e+02

#ERR p: [83183], ea: 4, v_r: 1.0782043457031250e+03, v_e: 1.0783656005859375e+03, x_r: 2.7754660034179688e+02, x_e: 2.8219818115234375e+02, y_r: -7.5879241943359375e+02, y_e: -7.5282653808593750e+02, z_r: -1.4844795227050781e+02, z_e: -1.4218490600585938e+02

#ERR p: [83184], ea: 4, v_r: 1.2506872558593750e+03, v_e: 1.2496213378906250e+03, x_r: 8.2350334167480469e+01, x_e: 8.8267318725585938e+01, y_r: 7.9753460693359375e+02, y_e: 8.0355383300781250e+02, z_r: 6.5514755249023438e+01, z_e: 7.3295753479003906e+01

#ERR p: [83185], ea: 4, v_r: 1.0029512329101562e+03, v_e: 1.0019086914062500e+03, x_r: 6.6607612609863281e+01, x_e: 7.1352012634277344e+01, y_r: 2.5438809204101562e+02, y_e: 2.5980020141601562e+02, z_r: 6.3028137207031250e+02, z_e: 6.3571380615234375e+02

#ERR p: [83186], ea: 4, v_r: 1.5763881835937500e+03, v_e: 1.5732518310546875e+03, x_r: 1.0140890502929688e+03, x_e: 1.0198593750000000e+03, y_r: 1.3063093261718750e+03, y_e: 1.3128005371093750e+03, z_r: 1.2931687011718750e+03, z_e: 1.3006610107421875e+03

#ERR p: [83187], ea: 4, v_r: 6.7890136718750000e+02, v_e: 6.7933917236328125e+02, x_r: -8.6424247741699219e+01, x_e: -8.3612464904785156e+01, y_r: -6.0782434082031250e+02, y_e: -6.0450256347656250e+02, z_r: -2.2387205505371094e+02, z_e: -2.2015876770019531e+02

#ERR p: [83188], ea: 4, v_r: 7.4789544677734375e+02, v_e: 7.4767755126953125e+02, x_r: -9.4873657226562500e+01, x_e: -9.1363784790039062e+01, y_r: 3.3382415771484375e+02, y_e: 3.3762069702148438e+02, z_r: -2.4778271484375000e+02, z_e: -2.4309181213378906e+02

#ERR p: [83189], ea: 4, v_r: 9.7471490478515625e+02, v_e: 9.7487359619140625e+02, x_r: 6.3098018646240234e+01, x_e: 6.7413955688476562e+01, y_r: 6.1888893127441406e+01, y_e: 6.6981491088867188e+01, z_r: -6.9619598388671875e+02, z_e: -6.9036633300781250e+02

#ERR p: [83190], ea: 4, v_r: 1.0768447265625000e+03, v_e: 1.0769989013671875e+03, x_r: 6.9900650024414062e+01, x_e: 7.4651443481445312e+01, y_r: -1.3826457214355469e+02, y_e: -1.3254953002929688e+02, z_r: -5.6235180664062500e+02, z_e: -5.5594958496093750e+02

#ERR p: [83191], ea: 4, v_r: 1.1311352539062500e+03, v_e: 1.1301710205078125e+03, x_r: 2.9199847412109375e+02, x_e: 2.9704302978515625e+02, y_r: 2.8744384765625000e+02, y_e: 2.9351647949218750e+02, z_r: 2.7701110839843750e+02, z_e: 2.8373880004882812e+02

#ERR p: [83192], ea: 4, v_r: 1.2540949707031250e+03, v_e: 1.2530454101562500e+03, x_r: 5.6536358642578125e+02, x_e: 5.7055462646484375e+02, y_r: -6.4353210449218750e+02, y_e: -6.3543298339843750e+02, z_r: 1.0303924560546875e+03, z_e: 1.0368695068359375e+03

#ERR p: [83193], ea: 4, v_r: 1.2077890625000000e+03, v_e: 1.2061634521484375e+03, x_r: 7.7595397949218750e+02, x_e: 7.8065643310546875e+02, y_r: 1.0019100341796875e+03, y_e: 1.0071901855468750e+03, z_r: 6.3804225921630859e+01, z_e: 7.1539688110351562e+01

#ERR p: [83194], ea: 4, v_r: 7.2372454833984375e+02, v_e: 7.2373028564453125e+02, x_r: -6.4782220458984375e+02, x_e: -6.4437481689453125e+02, y_r: 1.8379930114746094e+02, y_e: 1.8752212524414062e+02, z_r: 3.7364707946777344e+01, z_e: 4.1628417968750000e+01

#ERR p: [83195], ea: 4, v_r: 8.7732690429687500e+02, v_e: 8.7691918945312500e+02, x_r: 7.3217327880859375e+02, x_e: 7.3556988525390625e+02, y_r: -6.1768267822265625e+02, y_e: -6.1215167236328125e+02, z_r: 2.1640979003906250e+02, z_e: 2.2150593566894531e+02

#ERR p: [83196], ea: 4, v_r: 9.9674377441406250e+02, v_e: 9.9609204101562500e+02, x_r: 6.4049279785156250e+02, x_e: 6.4445996093750000e+02, y_r: -5.1099560546875000e+02, y_e: -5.0473010253906250e+02, z_r: 4.3665130615234375e+02, z_e: 4.4228448486328125e+02

#ERR p: [83197], ea: 4, v_r: 9.8265045166015625e+02, v_e: 9.8254876708984375e+02, x_r: 4.4205859375000000e+02, x_e: 4.4622543334960938e+02, y_r: -6.9171124267578125e+02, y_e: -6.8596496582031250e+02, z_r: 5.3436336517333984e+01, z_e: 5.9187282562255859e+01

#ERR p: [83198], ea: 4, v_r: 1.2803524169921875e+03, v_e: 1.2781470947265625e+03, x_r: 5.7753448486328125e+02, x_e: 5.8282739257812500e+02, y_r: 8.1547668457031250e+02, y_e: 8.2144311523437500e+02, z_r: 1.0503282470703125e+03, z_e: 1.0565489501953125e+03

#ERR p: [83199], ea: 4, v_r: 1.0687824707031250e+03, v_e: 1.0681229248046875e+03, x_r: -1.3489544677734375e+02, x_e: -1.2975114440917969e+02, y_r: 2.7148278808593750e+02, y_e: 2.7714974975585938e+02, z_r: 2.6125524902343750e+02, z_e: 2.6757632446289062e+02

#SDC Ite:269 KerTime:0.368640 AccTime:99.472112 KerErr:100 AccErr:161
#IT Ite:270 KerTime:0.367986 AccTime:99.840098
#IT Ite:280 KerTime:0.368474 AccTime:103.522754
#IT Ite:290 KerTime:0.368436 AccTime:107.204460
#IT Ite:300 KerTime:0.368325 AccTime:110.889959
#IT Ite:310 KerTime:0.368319 AccTime:114.575052
#IT Ite:320 KerTime:0.368665 AccTime:118.260312
#IT Ite:330 KerTime:0.366495 AccTime:121.943093
#IT Ite:340 KerTime:0.368468 AccTime:125.626737
#IT Ite:350 KerTime:0.367737 AccTime:129.308668
#ERR p: [190840], ea: 2, v_r: 1.3050513916015625e+03, v_e: 1.3050513916015625e+03, x_r: 8.1674267578125000e+02, x_e: 8.1684948730468750e+02, y_r: 6.4990066528320312e+01, y_e: 6.4990066528320312e+01, z_r: -2.2976196289062500e+02, z_e: -2.2977737426757812e+02

#ERR p: [190844], ea: 1, v_r: 1.1711495361328125e+03, v_e: 1.1711495361328125e+03, x_r: 2.8722937011718750e+02, x_e: 2.8722937011718750e+02, y_r: 7.3190496826171875e+02, y_e: 7.3190496826171875e+02, z_r: -8.7838342285156250e+02, z_e: -8.7847912597656250e+02

#SDC Ite:359 KerTime:0.368601 AccTime:132.621081 KerErr:2 AccErr:163
#IT Ite:360 KerTime:0.368531 AccTime:132.989612
#IT Ite:370 KerTime:0.368268 AccTime:136.673492
#IT Ite:380 KerTime:0.368322 AccTime:140.356851
#IT Ite:390 KerTime:0.368362 AccTime:144.040028
#IT Ite:400 KerTime:0.368385 AccTime:147.721451
#IT Ite:410 KerTime:0.368671 AccTime:151.403761
#IT Ite:420 KerTime:0.369125 AccTime:155.087843
#IT Ite:430 KerTime:0.368884 AccTime:158.770749
#IT Ite:440 KerTime:0.368586 AccTime:162.454426
#IT Ite:450 KerTime:0.368462 AccTime:166.138231
#IT Ite:460 KerTime:0.367835 AccTime:169.822796
#IT Ite:470 KerTime:0.368255 AccTime:173.500991
#IT Ite:480 KerTime:0.368773 AccTime:177.186369
#IT Ite:490 KerTime:0.368217 AccTime:180.868862
#IT Ite:500 KerTime:0.368241 AccTime:184.552335
#IT Ite:510 KerTime:0.367758 AccTime:188.237553
#IT Ite:520 KerTime:0.367993 AccTime:191.922254
#IT Ite:530 KerTime:0.368606 AccTime:195.604576
#ERR p: [211142], ea: 1, v_r: 1.1376142578125000e+03, v_e: 1.1376142578125000e+03, x_r: 7.3886096191406250e+02, x_e: 7.3886096191406250e+02, y_r: -1.0339645996093750e+03, y_e: -1.0339645996093750e+03, z_r: 4.9814840698242188e+02, z_e: 4.9814834594726562e+02

#ERR p: [211146], ea: 2, v_r: 1.2477762451171875e+03, v_e: 1.2477762451171875e+03, x_r: 3.3300576782226562e+02, x_e: 3.3300576782226562e+02, y_r: 7.7902777099609375e+02, y_e: 7.7902770996093750e+02, z_r: 3.0702618408203125e+02, z_e: 3.0702612304687500e+02

#SDC Ite:538 KerTime:0.368429 AccTime:198.549936 KerErr:2 AccErr:165
#IT Ite:540 KerTime:0.367953 AccTime:199.286069
#IT Ite:550 KerTime:0.368144 AccTime:202.970462
#IT Ite:560 KerTime:0.368413 AccTime:206.656853
#IT Ite:570 KerTime:0.367304 AccTime:210.340767
#IT Ite:580 KerTime:0.368633 AccTime:214.024087
#IT Ite:590 KerTime:0.368268 AccTime:217.709889
#IT Ite:600 KerTime:0.368607 AccTime:221.395382
#IT Ite:610 KerTime:0.368055 AccTime:225.082662
#IT Ite:620 KerTime:0.371567 AccTime:228.770952
#IT Ite:630 KerTime:0.368876 AccTime:232.456402
#IT Ite:640 KerTime:0.368240 AccTime:236.141600
#IT Ite:650 KerTime:0.368774 AccTime:239.823336
#IT Ite:660 KerTime:0.369327 AccTime:243.509507
#IT Ite:670 KerTime:0.368288 AccTime:247.192398
#IT Ite:680 KerTime:0.368805 AccTime:250.877134
#IT Ite:690 KerTime:0.368362 AccTime:254.559789
#IT Ite:700 KerTime:0.367526 AccTime:258.241112
#IT Ite:710 KerTime:0.368313 AccTime:261.923303
#IT Ite:720 KerTime:0.367261 AccTime:265.603381
#IT Ite:730 KerTime:0.368312 AccTime:269.286625
#IT Ite:740 KerTime:0.368036 AccTime:272.972372
#IT Ite:750 KerTime:0.368140 AccTime:276.656904
#IT Ite:760 KerTime:0.368159 AccTime:280.345224
#IT Ite:770 KerTime:0.368752 AccTime:284.031380
#IT Ite:780 KerTime:0.368585 AccTime:287.717350
#IT Ite:790 KerTime:0.368391 AccTime:291.401736
#IT Ite:800 KerTime:0.368090 AccTime:295.083202
#IT Ite:810 KerTime:0.368247 AccTime:298.769369
#IT Ite:820 KerTime:0.369140 AccTime:302.456325
#IT Ite:830 KerTime:0.368478 AccTime:306.142562
#IT Ite:840 KerTime:0.368114 AccTime:309.822487
#IT Ite:850 KerTime:0.367848 AccTime:313.505153
#IT Ite:860 KerTime:0.368467 AccTime:317.189721
#IT Ite:870 KerTime:0.368709 AccTime:320.872654
#IT Ite:880 KerTime:0.368492 AccTime:324.556382
#IT Ite:890 KerTime:0.368294 AccTime:328.239928
#IT Ite:900 KerTime:0.368127 AccTime:331.927965
#IT Ite:910 KerTime:0.368697 AccTime:335.614510
#IT Ite:920 KerTime:0.367284 AccTime:339.295701
#IT Ite:930 KerTime:0.368530 AccTime:342.980783
#IT Ite:940 KerTime:0.368462 AccTime:346.666470
#IT Ite:950 KerTime:0.368707 AccTime:350.348416
#IT Ite:960 KerTime:0.368491 AccTime:354.032282
#IT Ite:970 KerTime:0.368624 AccTime:357.715028
#IT Ite:980 KerTime:0.368125 AccTime:361.400987
#IT Ite:990 KerTime:0.368771 AccTime:365.084451
#IT Ite:1000 KerTime:0.368182 AccTime:368.767335
#IT Ite:1010 KerTime:0.368659 AccTime:372.450512
#IT Ite:1020 KerTime:0.368410 AccTime:376.133073
#IT Ite:1030 KerTime:0.368217 AccTime:379.818069
#IT Ite:1040 KerTime:0.368543 AccTime:383.503460
#IT Ite:1050 KerTime:0.367510 AccTime:387.183161
#IT Ite:1060 KerTime:0.368230 AccTime:390.871297
#IT Ite:1070 KerTime:0.368039 AccTime:394.556552
#IT Ite:1080 KerTime:0.368784 AccTime:398.242990
#IT Ite:1090 KerTime:0.368547 AccTime:401.927977
#IT Ite:1100 KerTime:0.368584 AccTime:405.612496
#IT Ite:1110 KerTime:0.367922 AccTime:409.295485
#IT Ite:1120 KerTime:0.368533 AccTime:412.979946
#IT Ite:1130 KerTime:0.368204 AccTime:416.664353
#IT Ite:1140 KerTime:0.368282 AccTime:420.352990
#IT Ite:1150 KerTime:0.369102 AccTime:424.039153
#IT Ite:1160 KerTime:0.367847 AccTime:427.724651
#IT Ite:1170 KerTime:0.371204 AccTime:431.410162
#IT Ite:1180 KerTime:0.369010 AccTime:435.093859
#IT Ite:1190 KerTime:0.368174 AccTime:438.777065
#IT Ite:1200 KerTime:0.368771 AccTime:442.459897
#IT Ite:1210 KerTime:0.368402 AccTime:446.144725
#IT Ite:1220 KerTime:0.367579 AccTime:449.824387
#IT Ite:1230 KerTime:0.368174 AccTime:453.507164
#IT Ite:1240 KerTime:0.368199 AccTime:457.191386
#IT Ite:1250 KerTime:0.368468 AccTime:460.872597
#IT Ite:1260 KerTime:0.368574 AccTime:464.553713
#IT Ite:1270 KerTime:0.368567 AccTime:468.239617
#IT Ite:1280 KerTime:0.368007 AccTime:471.923666
#IT Ite:1290 KerTime:0.368384 AccTime:475.608955
#IT Ite:1300 KerTime:0.370549 AccTime:479.293847
#IT Ite:1310 KerTime:0.368101 AccTime:482.976515
#IT Ite:1320 KerTime:0.369088 AccTime:486.659040
#IT Ite:1330 KerTime:0.368219 AccTime:490.341954
#IT Ite:1340 KerTime:0.368371 AccTime:494.025740
#IT Ite:1350 KerTime:0.368195 AccTime:497.709010
#IT Ite:1360 KerTime:0.368482 AccTime:501.394476
#IT Ite:1370 KerTime:0.367964 AccTime:505.078376
#IT Ite:1380 KerTime:0.368135 AccTime:508.762488
#IT Ite:1390 KerTime:0.368483 AccTime:512.445628
#IT Ite:1400 KerTime:0.368414 AccTime:516.129477
#IT Ite:1410 KerTime:0.367912 AccTime:519.813090
#IT Ite:1420 KerTime:0.368506 AccTime:523.494187
#IT Ite:1430 KerTime:0.368305 AccTime:527.179946
#IT Ite:1440 KerTime:0.368258 AccTime:530.866342
#IT Ite:1450 KerTime:0.368162 AccTime:534.553940
#IT Ite:1460 KerTime:0.367084 AccTime:538.237324
#IT Ite:1470 KerTime:0.368794 AccTime:541.921111
#IT Ite:1480 KerTime:0.368266 AccTime:545.609134
#IT Ite:1490 KerTime:0.368591 AccTime:549.293396
#IT Ite:1500 KerTime:0.367701 AccTime:552.975656
#IT Ite:1510 KerTime:0.371285 AccTime:556.662136
#IT Ite:1520 KerTime:0.369458 AccTime:560.345342
#IT Ite:1530 KerTime:0.369159 AccTime:564.033438
#IT Ite:1540 KerTime:0.367610 AccTime:567.718369
#IT Ite:1550 KerTime:0.368966 AccTime:571.401749
#IT Ite:1560 KerTime:0.368778 AccTime:575.083657
#IT Ite:1570 KerTime:0.368311 AccTime:578.766789
#IT Ite:1580 KerTime:0.368655 AccTime:582.451689
#IT Ite:1590 KerTime:0.366858 AccTime:586.132627
#IT Ite:1600 KerTime:0.368708 AccTime:589.814162
#IT Ite:1610 KerTime:0.368562 AccTime:593.497785
#IT Ite:1620 KerTime:0.368462 AccTime:597.181469
#IT Ite:1630 KerTime:0.368198 AccTime:600.866312
#IT Ite:1640 KerTime:0.368912 AccTime:604.551716
#IT Ite:1650 KerTime:0.368434 AccTime:608.232696
#IT Ite:1660 KerTime:0.368913 AccTime:611.917385
#IT Ite:1670 KerTime:0.368025 AccTime:615.599138
#IT Ite:1680 KerTime:0.367822 AccTime:619.281447
#IT Ite:1690 KerTime:0.368430 AccTime:622.966400
#IT Ite:1700 KerTime:0.368578 AccTime:626.647784
#IT Ite:1710 KerTime:0.368203 AccTime:630.330742
#IT Ite:1720 KerTime:0.369381 AccTime:634.015570
#IT Ite:1730 KerTime:0.368554 AccTime:637.700065
#IT Ite:1740 KerTime:0.368860 AccTime:641.380465
#IT Ite:1750 KerTime:0.367254 AccTime:645.064141
#IT Ite:1760 KerTime:0.369079 AccTime:648.746553
#IT Ite:1770 KerTime:0.367992 AccTime:652.428028
#IT Ite:1780 KerTime:0.368174 AccTime:656.110960
#IT Ite:1790 KerTime:0.368428 AccTime:659.798258
#IT Ite:1800 KerTime:0.368343 AccTime:663.481510
#IT Ite:1810 KerTime:0.367559 AccTime:667.164925
#IT Ite:1820 KerTime:0.368700 AccTime:670.848350
#IT Ite:1830 KerTime:0.368434 AccTime:674.535817
#IT Ite:1840 KerTime:0.368572 AccTime:678.220390
#IT Ite:1850 KerTime:0.368909 AccTime:681.903776
#IT Ite:1860 KerTime:0.368548 AccTime:685.589161
#IT Ite:1870 KerTime:0.368930 AccTime:689.274395
#IT Ite:1880 KerTime:0.367791 AccTime:692.958984
#IT Ite:1890 KerTime:0.368312 AccTime:696.642585
#IT Ite:1900 KerTime:0.368802 AccTime:700.324735
#IT Ite:1910 KerTime:0.368124 AccTime:704.011623
#IT Ite:1920 KerTime:0.369016 AccTime:707.697093
#IT Ite:1930 KerTime:0.368314 AccTime:711.385154
#IT Ite:1940 KerTime:0.368148 AccTime:715.066815
#IT Ite:1950 KerTime:0.368110 AccTime:718.753843
#IT Ite:1960 KerTime:0.368561 AccTime:722.438279
#IT Ite:1970 KerTime:0.368683 AccTime:726.123579
#IT Ite:1980 KerTime:0.368126 AccTime:729.806221
#IT Ite:1990 KerTime:0.368906 AccTime:733.483449
#IT Ite:2000 KerTime:0.368106 AccTime:737.163694
#IT Ite:2010 KerTime:0.367992 AccTime:740.847482
#IT Ite:2020 KerTime:0.368138 AccTime:744.530561
#IT Ite:2030 KerTime:0.367740 AccTime:748.215395
#IT Ite:2040 KerTime:0.368289 AccTime:751.899134
#IT Ite:2050 KerTime:0.367087 AccTime:755.582481
#IT Ite:2060 KerTime:0.368487 AccTime:759.266709
#IT Ite:2070 KerTime:0.368134 AccTime:762.946820
#IT Ite:2080 KerTime:0.368178 AccTime:766.630304
#IT Ite:2090 KerTime:0.368301 AccTime:770.312932
#IT Ite:2100 KerTime:0.368399 AccTime:773.996970
#IT Ite:2110 KerTime:0.368538 AccTime:777.679264
#IT Ite:2120 KerTime:0.368585 AccTime:781.366986
#IT Ite:2130 KerTime:0.368194 AccTime:785.049987
#IT Ite:2140 KerTime:0.367824 AccTime:788.733566
#IT Ite:2150 KerTime:0.368491 AccTime:792.418233
#IT Ite:2160 KerTime:0.368612 AccTime:796.101547
#IT Ite:2170 KerTime:0.368519 AccTime:799.790076
#IT Ite:2180 KerTime:0.368356 AccTime:803.473646
#IT Ite:2190 KerTime:0.368879 AccTime:807.158815
#ERR p: [160120], ea: 1, v_r: 1.0135034790039062e+03, v_e: 1.0135034790039062e+03, x_r: -7.2389489746093750e+02, x_e: -7.2389489746093750e+02, y_r: 6.4427783203125000e+02, y_e: 6.4427783203125000e+02, z_r: -9.1459051513671875e+02, z_e: -9.1374908447265625e+02

#SDC Ite:2199 KerTime:0.367744 AccTime:810.476511 KerErr:1 AccErr:166
#IT Ite:2200 KerTime:0.369250 AccTime:810.845761
#IT Ite:2210 KerTime:0.368348 AccTime:814.532117
#IT Ite:2220 KerTime:0.367130 AccTime:818.216676
#IT Ite:2230 KerTime:0.368344 AccTime:821.899557
#IT Ite:2240 KerTime:0.369088 AccTime:825.585983
#IT Ite:2250 KerTime:0.368889 AccTime:829.268970
#IT Ite:2260 KerTime:0.368648 AccTime:832.953617
#IT Ite:2270 KerTime:0.368226 AccTime:836.637358
#ERR p: [179600], ea: 4, v_r: 1.2661490478515625e+03, v_e: 1.2668989257812500e+03, x_r: 3.1652066040039062e+02, x_e: 3.1697042846679688e+02, y_r: -1.1634725341796875e+03, y_e: -1.1639222412109375e+03, z_r: 3.2026919555664062e+02, z_e: 3.2056909179687500e+02

#ERR p: [179601], ea: 4, v_r: 1.1881231689453125e+03, v_e: 1.1888187255859375e+03, x_r: 6.8494071960449219e+01, x_e: 6.8772262573242188e+01, y_r: -8.6438836669921875e+02, y_e: -8.6466668701171875e+02, z_r: 9.8363104248046875e+02, z_e: 9.8432647705078125e+02

#ERR p: [179602], ea: 3, v_r: 1.2221936035156250e+03, v_e: 1.2229356689453125e+03, x_r: -3.9783636474609375e+02, x_e: -3.9783636474609375e+02, y_r: -1.1234527587890625e+03, y_e: -1.1238980712890625e+03, z_r: 3.0986874389648438e+02, z_e: 3.1016561889648438e+02

#ERR p: [179603], ea: 4, v_r: 1.7734927978515625e+03, v_e: 1.7745303955078125e+03, x_r: 4.4227551269531250e+02, x_e: 4.4289801025390625e+02, y_r: -1.6304982910156250e+03, y_e: -1.6311208496093750e+03, z_r: 1.4681718750000000e+03, z_e: 1.4692094726562500e+03

#ERR p: [179604], ea: 4, v_r: 1.0902359619140625e+03, v_e: 1.0908682861328125e+03, x_r: 2.7383666992187500e+02, x_e: 2.7421612548828125e+02, y_r: -1.6400314331054688e+02, y_e: -1.6387664794921875e+02, z_r: -5.6038714599609375e+02, z_e: -5.6064013671875000e+02

#ERR p: [179605], ea: 4, v_r: 1.0695252685546875e+03, v_e: 1.0701359863281250e+03, x_r: 6.4014144897460938e+01, x_e: 6.4258422851562500e+01, y_r: 4.5522436523437500e+02, y_e: 4.5571301269531250e+02, z_r: -7.5490521240234375e+02, z_e: -7.5527166748046875e+02

#ERR p: [179606], ea: 2, v_r: 1.2146712646484375e+03, v_e: 1.2153701171875000e+03, x_r: -3.9396704101562500e+02, x_e: -3.9396704101562500e+02, y_r: 5.1616320800781250e+02, y_e: 5.1672241210937500e+02, z_r: -1.5881491088867188e+02, z_e: -1.5881491088867188e+02

#ERR p: [179607], ea: 3, v_r: 9.1907098388671875e+02, v_e: 9.1963470458984375e+02, x_r: -2.9864395141601562e+02, x_e: -2.9864395141601562e+02, y_r: -8.4440307617187500e+02, y_e: -8.4474133300781250e+02, z_r: -2.9527319335937500e+02, z_e: -2.9538595581054688e+02

#ERR p: [179608], ea: 4, v_r: 1.1995552978515625e+03, v_e: 1.2003012695312500e+03, x_r: -6.1945336914062500e+02, x_e: -6.1960260009765625e+02, y_r: -1.1018756103515625e+03, y_e: -1.1023231201171875e+03, z_r: -8.4481451416015625e+02, z_e: -8.4526214599609375e+02

#ERR p: [179609], ea: 2, v_r: 1.0517125244140625e+03, v_e: 1.0523417968750000e+03, x_r: -3.4140823364257812e+02, x_e: -3.4140823364257812e+02, y_r: -3.6061630249023438e+02, y_e: -3.6061630249023438e+02, z_r: -3.3835754394531250e+02, z_e: -3.3848339843750000e+02

#ERR p: [179610], ea: 3, v_r: 1.1716229248046875e+03, v_e: 1.1723288574218750e+03, x_r: -3.8183145141601562e+02, x_e: -3.8183145141601562e+02, y_r: -1.0773322753906250e+03, y_e: -1.0777558593750000e+03, z_r: 7.4608319091796875e+02, z_e: 7.4664794921875000e+02

#ERR p: [179611], ea: 4, v_r: 1.3898601074218750e+03, v_e: 1.3906804199218750e+03, x_r: -1.2493997802734375e+03, x_e: -1.2498919677734375e+03, y_r: 8.5782727050781250e+02, y_e: 8.5864746093750000e+02, z_r: -1.2462574462890625e+03, z_e: -1.2469136962890625e+03

#ERR p: [179612], ea: 4, v_r: 8.2759899902343750e+02, v_e: 8.2810656738281250e+02, x_r: -4.2705169677734375e+02, x_e: -4.2715319824218750e+02, y_r: -4.4236743164062500e+02, y_e: -4.4246899414062500e+02, z_r: -7.4165008544921875e+02, z_e: -7.4205609130859375e+02

#ERR p: [179613], ea: 4, v_r: 9.5405487060546875e+02, v_e: 9.5463873291015625e+02, x_r: -8.5980761718750000e+02, x_e: -8.6015795898437500e+02, y_r: -6.9446575927734375e+02, y_e: -6.9469927978515625e+02, z_r: 6.0793695068359375e+02, z_e: 6.0840399169921875e+02

#ERR p: [179614], ea: 4, v_r: 1.3801694335937500e+03, v_e: 1.3809534912109375e+03, x_r: 8.7599798583984375e+02, x_e: 8.7678204345703125e+02, y_r: -2.0752874755859375e+02, y_e: -2.0737188720703125e+02, z_r: -4.4553945922851562e+02, z_e: -4.4569631958007812e+02

#ERR p: [179615], ea: 3, v_r: 1.6190344238281250e+03, v_e: 1.6199410400390625e+03, x_r: -2.1416543579101562e+02, x_e: -2.1398413085937500e+02, y_r: 1.3100483398437500e+03, y_e: 1.3111362304687500e+03, z_r: -2.1248568725585938e+02, z_e: -2.1248568725585938e+02

#ERR p: [179616], ea: 4, v_r: 1.1332558593750000e+03, v_e: 1.1339075927734375e+03, x_r: -8.0256268310546875e+02, x_e: -8.0282336425781250e+02, y_r: 6.9854620361328125e+02, y_e: 6.9919793701171875e+02, z_r: 2.8631723022460938e+02, z_e: 2.8657797241210938e+02

#ERR p: [179617], ea: 4, v_r: 1.0335251464843750e+03, v_e: 1.0341639404296875e+03, x_r: -7.3156549072265625e+02, x_e: -7.3182104492187500e+02, y_r: -5.5255169677734375e+02, y_e: -5.5267950439453125e+02, z_r: -9.2601013183593750e+02, z_e: -9.2652111816406250e+02

#ERR p: [179618], ea: 4, v_r: 1.2041083984375000e+03, v_e: 1.2048250732421875e+03, x_r: -1.6108335876464844e+02, x_e: -1.6094001770019531e+02, y_r: -8.7576403808593750e+02, y_e: -8.7605065917968750e+02, z_r: 5.3559515380859375e+02, z_e: 5.3602520751953125e+02

#ERR p: [179619], ea: 4, v_r: 1.5608074951171875e+03, v_e: 1.5616568603515625e+03, x_r: 1.2900321044921875e+03, x_e: 1.2910513916015625e+03, y_r: 6.6410705566406250e+02, y_e: 6.6478668212890625e+02, z_r: 9.3155532836914062e+01, z_e: 9.3325424194335938e+01

#ERR p: [179620], ea: 4, v_r: 1.3290423583984375e+03, v_e: 1.3298225097656250e+03, x_r: -1.1951798095703125e+03, x_e: -1.1956479492187500e+03, y_r: 8.1989160156250000e+02, y_e: 8.2067193603515625e+02, z_r: -6.8249584960937500e+02, z_e: -6.8280804443359375e+02

#ERR p: [179621], ea: 4, v_r: 1.7476697998046875e+03, v_e: 1.7486567382812500e+03, x_r: 1.4428459472656250e+03, x_e: 1.4440302734375000e+03, y_r: -9.3471722412109375e+02, y_e: -9.3491461181640625e+02, z_r: 7.7534674072265625e+02, z_e: 7.7593890380859375e+02

#ERR p: [179622], ea: 4, v_r: 1.0898638916015625e+03, v_e: 1.0904996337890625e+03, x_r: 4.8240609741210938e+02, x_e: 4.8291458129882812e+02, y_r: -5.8245904541015625e+02, y_e: -5.8258612060546875e+02, z_r: -3.5129229736328125e+02, z_e: -3.5141943359375000e+02

#ERR p: [179623], ea: 4, v_r: 1.3662109375000000e+03, v_e: 1.3670069580078125e+03, x_r: -9.6655993652343750e+02, x_e: -9.6687841796875000e+02, y_r: 8.4299670410156250e+02, y_e: 8.4379284667968750e+02, z_r: -7.0182153320312500e+02, z_e: -7.0213989257812500e+02

#ERR p: [179624], ea: 4, v_r: 1.6031265869140625e+03, v_e: 1.6040513916015625e+03, x_r: 1.0160730590820312e+03, x_e: 1.0169979248046875e+03, y_r: -1.1650737304687500e+03, y_e: -1.1654436035156250e+03, z_r: 4.0462081909179688e+02, z_e: 4.0499078369140625e+02

#ERR p: [179625], ea: 3, v_r: 1.2704874267578125e+03, v_e: 1.2711968994140625e+03, x_r: -4.1246618652343750e+02, x_e: -4.1246618652343750e+02, y_r: 1.0272558593750000e+03, y_e: 1.0281072998046875e+03, z_r: 5.6374389648437500e+02, z_e: 5.6416955566406250e+02

#ERR p: [179626], ea: 4, v_r: 9.9568255615234375e+02, v_e: 9.9628717041015625e+02, x_r: -8.9606335449218750e+02, x_e: -8.9642614746093750e+02, y_r: -1.5060563659667969e+02, y_e: -1.5048469543457031e+02, z_r: -3.1994302368164062e+02, z_e: -3.2006393432617188e+02

#ERR p: [179627], ea: 3, v_r: 1.4191315917968750e+03, v_e: 1.4199853515625000e+03, x_r: -1.8902609252929688e+02, x_e: -1.8885534667968750e+02, y_r: -1.0314980468750000e+03, y_e: -1.0318394775390625e+03, z_r: -1.8451196289062500e+02, z_e: -1.8451196289062500e+02

#ERR p: [179628], ea: 4, v_r: 1.7526812744140625e+03, v_e: 1.7536153564453125e+03, x_r: 1.4477645263671875e+03, x_e: 1.4488853759765625e+03, y_r: 1.0815212402343750e+03, y_e: 1.0824553222656250e+03, z_r: 1.1117512207031250e+03, z_e: 1.1124985351562500e+03

#ERR p: [179629], ea: 4, v_r: 1.7784986572265625e+03, v_e: 1.7795310058593750e+03, x_r: -1.6015115966796875e+03, x_e: -1.6021312255859375e+03, y_r: 7.5395129394531250e+02, y_e: 7.5477728271484375e+02, z_r: 1.1315452880859375e+03, z_e: 1.1323712158203125e+03

#ERR p: [179630], ea: 4, v_r: 1.1486783447265625e+03, v_e: 1.1493400878906250e+03, x_r: 9.4969696044921875e+02, x_e: 9.5049078369140625e+02, y_r: -6.1333276367187500e+02, y_e: -6.1346520996093750e+02, z_r: -8.1080157470703125e+02, z_e: -8.1119842529296875e+02

#ERR p: [179631], ea: 4, v_r: 1.5472346191406250e+03, v_e: 1.5481457519531250e+03, x_r: -7.9926336669921875e+02, x_e: -7.9944561767578125e+02, y_r: 6.2897289276123047e+01, y_e: 6.3261688232421875e+01, z_r: 9.4907157897949219e+01, z_e: 9.5089378356933594e+01

#ERR p: [179632], ea: 4, v_r: 1.4941148681640625e+03, v_e: 1.4949989013671875e+03, x_r: 3.7524670410156250e+02, x_e: 3.7577716064453125e+02, y_r: -7.9822082519531250e+02, y_e: -7.9839770507812500e+02, z_r: -1.0537841796875000e+03, z_e: -1.0543146972656250e+03

#ERR p: [179633], ea: 3, v_r: 1.5106572265625000e+03, v_e: 1.5115280761718750e+03, x_r: -4.8869781494140625e+02, x_e: -4.8869781494140625e+02, y_r: 9.3294885253906250e+02, y_e: 9.3381982421875000e+02, z_r: -1.3553481445312500e+03, z_e: -1.3560449218750000e+03

#ERR p: [179634], ea: 4, v_r: 1.5040627441406250e+03, v_e: 1.5049165039062500e+03, x_r: -2.0065632629394531e+02, x_e: -2.0048558044433594e+02, y_r: 3.4955975341796875e+02, y_e: 3.5007196044921875e+02, z_r: 9.5603497314453125e+02, z_e: 9.5671801757812500e+02

#ERR p: [179635], ea: 3, v_r: 1.1209952392578125e+03, v_e: 1.1216470947265625e+03, x_r: 4.9596786499023438e+02, x_e: 4.9648928833007812e+02, y_r: -5.9926245117187500e+02, y_e: -5.9939282226562500e+02, z_r: -1.4656483459472656e+02, z_e: -1.4656483459472656e+02

#ERR p: [179636], ea: 4, v_r: 1.0924943847656250e+03, v_e: 1.0931461181640625e+03, x_r: -9.8418658447265625e+02, x_e: -9.8457769775390625e+02, y_r: -1.6611215209960938e+02, y_e: -1.6598181152343750e+02, z_r: 6.9562249755859375e+02, z_e: 6.9614398193359375e+02

#ERR p: [179637], ea: 4, v_r: 1.5471982421875000e+03, v_e: 1.5480957031250000e+03, x_r: -1.0938702392578125e+03, x_e: -1.0942292480468750e+03, y_r: 1.2522718505859375e+03, y_e: 1.2533488769531250e+03, z_r: -1.3878255615234375e+03, z_e: -1.3885437011718750e+03

#ERR p: [179638], ea: 1, v_r: 1.4601920166015625e+03, v_e: 1.4610629882812500e+03, x_r: -4.7427899169921875e+02, x_e: -4.7427899169921875e+02, y_r: -5.0089849853515625e+02, y_e: -5.0089849853515625e+02, z_r: -1.9001770019531250e+02, z_e: -1.9001770019531250e+02

#ERR p: [179639], ea: 4, v_r: 1.7905788574218750e+03, v_e: 1.7915366210937500e+03, x_r: 1.1360863037109375e+03, x_e: 1.1370441894531250e+03, y_r: 1.4488920898437500e+03, y_e: 1.4500415039062500e+03, z_r: 7.9277398681640625e+02, z_e: 7.9334869384765625e+02

#ERR p: [179640], ea: 3, v_r: 1.1144801025390625e+03, v_e: 1.1151516113281250e+03, x_r: -3.6320950317382812e+02, x_e: -3.6320950317382812e+02, y_r: -1.0247913818359375e+03, y_e: -1.0251943359375000e+03, z_r: 7.0969531250000000e+02, z_e: 7.1023266601562500e+02

#ERR p: [179641], ea: 4, v_r: 9.2007324218750000e+02, v_e: 9.2064270019531250e+02, x_r: -8.2866882324218750e+02, x_e: -8.2901049804687500e+02, y_r: -6.6929571533203125e+02, y_e: -6.6952349853515625e+02, z_r: 5.7349674224853516e+01, z_e: 5.7463558197021484e+01

#ERR p: [179642], ea: 3, v_r: 1.4492678222656250e+03, v_e: 1.4501004638671875e+03, x_r: 6.4107318115234375e+02, x_e: 6.4173931884765625e+02, y_r: -4.9674737548828125e+02, y_e: -4.9674737548828125e+02, z_r: 8.7958992004394531e+01, z_e: 8.8125526428222656e+01

#ERR p: [179643], ea: 3, v_r: 1.4336719970703125e+03, v_e: 1.4344681396484375e+03, x_r: 8.5360939025878906e+01, x_e: 8.5679351806640625e+01, y_r: 1.1602402343750000e+03, y_e: 1.1611953125000000e+03, z_r: -1.8842585754394531e+02, z_e: -1.8842585754394531e+02

#ERR p: [179644], ea: 4, v_r: 1.0844953613281250e+03, v_e: 1.0851278076171875e+03, x_r: 2.7279534912109375e+02, x_e: 2.7317480468750000e+02, y_r: -1.6282542419433594e+02, y_e: -1.6269892883300781e+02, z_r: -9.7295208740234375e+02, z_e: -9.7345806884765625e+02

#ERR p: [179645], ea: 4, v_r: 9.4090429687500000e+02, v_e: 9.4147656250000000e+02, x_r: 5.5780868530273438e+01, x_e: 5.6009780883789062e+01, y_r: -8.6386907958984375e+02, y_e: -8.6421246337890625e+02, z_r: -8.4342626953125000e+02, z_e: -8.4388403320312500e+02

#ERR p: [179646], ea: 3, v_r: 1.1543839111328125e+03, v_e: 1.1550520019531250e+03, x_r: -3.7476715087890625e+02, x_e: -3.7476715087890625e+02, y_r: 2.6870492553710938e+02, y_e: 2.6910583496093750e+02, z_r: 7.0413787841796875e+01, z_e: 7.0547431945800781e+01

#ERR p: [179647], ea: 4, v_r: 1.4009241943359375e+03, v_e: 1.4017364501953125e+03, x_r: 8.8915594482421875e+02, x_e: 8.8996807861328125e+02, y_r: -7.4835375976562500e+02, y_e: -7.4851617431640625e+02, z_r: -7.2020501708984375e+02, z_e: -7.2052984619140625e+02

#ERR p: [179648], ea: 3, v_r: 1.2849162597656250e+03, v_e: 1.2856810302734375e+03, x_r: -1.7039515686035156e+02, x_e: -1.7024218750000000e+02, y_r: -4.4024642944335938e+02, y_e: -4.4024642944335938e+02, z_r: -6.5978967285156250e+02, z_e: -6.6009545898437500e+02

#ERR p: [179649], ea: 4, v_r: 1.4161379394531250e+03, v_e: 1.4169379882812500e+03, x_r: -1.8655329895019531e+02, x_e: -1.8639332580566406e+02, y_r: 1.1465201416015625e+03, y_e: 1.1474802246093750e+03, z_r: -9.9972192382812500e+02, z_e: -1.0002018432617188e+03

#ERR p: [179650], ea: 3, v_r: 1.7348760986328125e+03, v_e: 1.7358730468750000e+03, x_r: -5.6387927246093750e+02, x_e: -5.6387927246093750e+02, y_r: 4.0327584838867188e+02, y_e: 4.0387396240234375e+02, z_r: 7.7064398193359375e+02, z_e: 7.7124212646484375e+02

#ERR p: [179651], ea: 3, v_r: 1.9298690185546875e+03, v_e: 1.9309653320312500e+03, x_r: 8.5250488281250000e+02, x_e: 8.5338171386718750e+02, y_r: -6.6237597656250000e+02, y_e: -6.6237597656250000e+02, z_r: 1.2264685058593750e+03, z_e: 1.2273454589843750e+03

#ERR p: [179652], ea: 4, v_r: 1.7648459472656250e+03, v_e: 1.7658037109375000e+03, x_r: 1.4595637207031250e+03, x_e: 1.4607130126953125e+03, y_r: 1.0903979492187500e+03, y_e: 1.0913555908203125e+03, z_r: -5.7111328125000000e+02, z_e: -5.7130487060546875e+02

#ERR p: [179653], ea: 4, v_r: 1.1984746093750000e+03, v_e: 1.1991912841796875e+03, x_r: -1.0788509521484375e+03, x_e: -1.0792810058593750e+03, y_r: 4.8430438995361328e+01, y_e: 4.8717113494873047e+01, z_r: 7.3953895568847656e+01, z_e: 7.4097236633300781e+01

#ERR p: [179654], ea: 4, v_r: 1.3030725097656250e+03, v_e: 1.3038448486328125e+03, x_r: -1.7457980346679688e+02, x_e: -1.7442529296875000e+02, y_r: -9.4794598388671875e+02, y_e: -9.4825494384765625e+02, z_r: 8.2932598876953125e+02, z_e: 8.2994403076171875e+02

#ERR p: [179655], ea: 3, v_r: 1.5122276611328125e+03, v_e: 1.5131118164062500e+03, x_r: 8.8697753906250000e+01, x_e: 8.9051414489746094e+01, y_r: -5.1864898681640625e+02, y_e: -5.1864898681640625e+02, z_r: 9.2369575500488281e+01, z_e: 9.2546409606933594e+01

#ERR p: [179656], ea: 3, v_r: 1.9914306640625000e+03, v_e: 1.9925268554687500e+03, x_r: 5.0058572387695312e+02, x_e: 5.0124343872070312e+02, y_r: 1.6118660888671875e+03, y_e: 1.6131816406250000e+03, z_r: -2.6210678100585938e+02, z_e: -2.6210678100585938e+02

#ERR p: [179657], ea: 4, v_r: 1.6994373779296875e+03, v_e: 1.7003857421875000e+03, x_r: 1.4049082031250000e+03, x_e: 1.4060460205078125e+03, y_r: 7.0939010620117188e+01, y_e: 7.1318313598632812e+01, z_r: -5.4918560791015625e+02, z_e: -5.4937530517578125e+02

#ERR p: [179658], ea: 3, v_r: 1.1551778564453125e+03, v_e: 1.1558837890625000e+03, x_r: -8.1850061035156250e+02, x_e: -8.1878295898437500e+02, y_r: -6.1827722167968750e+02, y_e: -6.1841833496093750e+02, z_r: -1.4972244262695312e+02, z_e: -1.4972244262695312e+02

#ERR p: [179659], ea: 3, v_r: 1.5907662353515625e+03, v_e: 1.5916910400390625e+03, x_r: 7.0381243896484375e+02, x_e: 7.0455218505859375e+02, y_r: -8.5039422607421875e+02, y_e: -8.5057928466796875e+02, z_r: -2.0798483276367188e+02, z_e: -2.0798483276367188e+02

#ERR p: [179660], ea: 4, v_r: 1.2263005371093750e+03, v_e: 1.2269959716796875e+03, x_r: -6.3286822509765625e+02, x_e: -6.3300738525390625e+02, y_r: 9.9176416015625000e+02, y_e: 9.9259875488281250e+02, z_r: 7.4448562622070312e+01, z_e: 7.4587661743164062e+01

#ERR p: [179661], ea: 4, v_r: 1.5131403808593750e+03, v_e: 1.5140334472656250e+03, x_r: 8.7837463378906250e+01, x_e: 8.8194656372070312e+01, y_r: -1.1003662109375000e+03, y_e: -1.1007233886718750e+03, z_r: 6.7275585937500000e+02, z_e: 6.7329162597656250e+02

#ERR p: [179662], ea: 4, v_r: 1.0701340332031250e+03, v_e: 1.0707508544921875e+03, x_r: -5.5202252197265625e+02, x_e: -5.5214593505859375e+02, y_r: 6.6027740478515625e+02, y_e: 6.6089410400390625e+02, z_r: -3.4490338134765625e+02, z_e: -3.4502673339843750e+02

#ERR p: [179663], ea: 3, v_r: 1.3630338134765625e+03, v_e: 1.3638024902343750e+03, x_r: -4.4268475341796875e+02, x_e: -4.4268475341796875e+02, y_r: 8.4031030273437500e+02, y_e: 8.4107897949218750e+02, z_r: 6.0502886962890625e+02, z_e: 6.0549005126953125e+02

#ERR p: [179664], ea: 4, v_r: 8.5216766357421875e+02, v_e: 8.5268804931640625e+02, x_r: -7.6660845947265625e+02, x_e: -7.6692071533203125e+02, y_r: -1.2864125061035156e+02, y_e: -1.2853715515136719e+02, z_r: -6.0035632324218750e+02, z_e: -6.0066857910156250e+02

#ERR p: [179665], ea: 4, v_r: 1.9463225097656250e+03, v_e: 1.9473917236328125e+03, x_r: 1.6084468994140625e+03, x_e: 1.6097298583984375e+03, y_r: 4.5438220214843750e+02, y_e: 4.5502371215820312e+02, z_r: 1.1646359252929688e+02, z_e: 1.1667741394042969e+02

#ERR p: [179666], ea: 3, v_r: 1.4480793457031250e+03, v_e: 1.4489161376953125e+03, x_r: -1.3025482177734375e+03, x_e: -1.3030502929687500e+03, y_r: 1.1709790039062500e+03, y_e: 1.1719832763671875e+03, z_r: -1.8899958801269531e+02, z_e: -1.8899958801269531e+02

#ERR p: [179667], ea: 4, v_r: 1.1136679687500000e+03, v_e: 1.1143361816406250e+03, x_r: -1.4910061645507812e+02, x_e: -1.4896699523925781e+02, y_r: -1.0237510375976562e+03, y_e: -1.0241520996093750e+03, z_r: 4.9553976440429688e+02, z_e: 4.9594070434570312e+02

#ERR p: [179668], ea: 3, v_r: 9.6209130859375000e+02, v_e: 9.6268395996093750e+02, x_r: -8.6560815429687500e+02, x_e: -8.6596374511718750e+02, y_r: -3.2992648315429688e+02, y_e: -3.2992648315429688e+02, z_r: -6.7765594482421875e+02, z_e: -6.7801153564453125e+02

#ERR p: [179669], ea: 4, v_r: 1.1958852539062500e+03, v_e: 1.1966055908203125e+03, x_r: -1.5987394714355469e+02, x_e: -1.5972990417480469e+02, y_r: -1.0991468505859375e+03, y_e: -1.0995791015625000e+03, z_r: 3.0296728515625000e+02, z_e: 3.0325540161132812e+02

#ERR p: [179670], ea: 4, v_r: 1.2117703857421875e+03, v_e: 1.2124729003906250e+03, x_r: -1.0897731933593750e+03, x_e: -1.0901945800781250e+03, y_r: 9.8007708740234375e+02, y_e: 9.8091998291015625e+02, z_r: -3.9031045532226562e+02, z_e: -3.9045098876953125e+02

#ERR p: [179671], ea: 2, v_r: 1.5698210449218750e+03, v_e: 1.5707097167968750e+03, x_r: 1.2971230468750000e+03, x_e: 1.2981893310546875e+03, y_r: -5.3750750732421875e+02, y_e: -5.3750750732421875e+02, z_r: -2.0609739685058594e+02, z_e: -2.0609739685058594e+02

#ERR p: [179672], ea: 4, v_r: 1.1019488525390625e+03, v_e: 1.1025688476562500e+03, x_r: 4.8896411132812500e+02, x_e: 4.8946005249023438e+02, y_r: 4.6943902587890625e+02, y_e: 4.6993493652343750e+02, z_r: -9.8928503417968750e+02, z_e: -9.8978100585937500e+02

#ERR p: [179673], ea: 3, v_r: 1.0596773681640625e+03, v_e: 1.0603001708984375e+03, x_r: -3.4375280761718750e+02, x_e: -3.4375280761718750e+02, y_r: 4.3528453826904297e+01, y_e: 4.3777660369873047e+01, z_r: -3.4124032592773438e+02, z_e: -3.4136489868164062e+02

#ERR p: [179674], ea: 4, v_r: 1.5720620117187500e+03, v_e: 1.5729417724609375e+03, x_r: 6.9698449707031250e+02, x_e: 6.9768823242187500e+02, y_r: 6.6925335693359375e+02, y_e: 6.6995697021484375e+02, z_r: -8.0904223632812500e+02, z_e: -8.0939416503906250e+02

#ERR p: [179675], ea: 4, v_r: 1.7876285400390625e+03, v_e: 1.7886557617187500e+03, x_r: 1.1317346191406250e+03, x_e: 1.1327619628906250e+03, y_r: -1.6431407470703125e+03, y_e: -1.6437570800781250e+03, z_r: 1.4791320800781250e+03, z_e: 1.4801593017578125e+03

#ERR p: [179676], ea: 4, v_r: 1.6243563232421875e+03, v_e: 1.6253140869140625e+03, x_r: 9.5100425720214844e+01, x_e: 9.5483528137207031e+01, y_r: -8.6892907714843750e+02, y_e: -8.6912060546875000e+02, z_r: 9.9467201232910156e+01, z_e: 9.9658744812011719e+01

#ERR p: [179677], ea: 2, v_r: 1.0663830566406250e+03, v_e: 1.0670122070312500e+03, x_r: -3.4697561645507812e+02, x_e: -3.4697561645507812e+02, y_r: -3.6630612182617188e+02, y_e: -3.6630612182617188e+02, z_r: 4.7420507812500000e+02, z_e: 4.7458264160156250e+02

#ERR p: [179678], ea: 4, v_r: 1.3046252441406250e+03, v_e: 1.3054016113281250e+03, x_r: -6.7538665771484375e+02, x_e: -6.7554187011718750e+02, y_r: -6.9914605712890625e+02, y_e: -6.9930133056640625e+02, z_r: 1.0806481933593750e+03, z_e: 1.0814248046875000e+03

#ERR p: [179679], ea: 4, v_r: 1.4399288330078125e+03, v_e: 1.4407617187500000e+03, x_r: 8.5322715759277344e+01, x_e: 8.5655769348144531e+01, y_r: 5.9477420806884766e+01, y_e: 5.9810482025146484e+01, z_r: -4.6422348022460938e+02, z_e: -4.6438992309570312e+02

#ERR p: [179680], ea: 3, v_r: 1.2942933349609375e+03, v_e: 1.2950544433593750e+03, x_r: -4.1986074829101562e+02, x_e: -4.1986074829101562e+02, y_r: 5.3165771484375000e+01, y_e: 5.3470161437988281e+01, z_r: -4.1679202270507812e+02, z_e: -4.1694418334960938e+02

#ERR p: [179681], ea: 3, v_r: 1.1724421386718750e+03, v_e: 1.1731273193359375e+03, x_r: -3.7998272705078125e+02, x_e: -3.7998272705078125e+02, y_r: 2.7344750976562500e+02, y_e: 2.7385858154296875e+02, z_r: -6.0234368896484375e+02, z_e: -6.0261773681640625e+02

#ERR p: [179682], ea: 4, v_r: 1.7723000488281250e+03, v_e: 1.7733070068359375e+03, x_r: 4.4521133422851562e+02, x_e: 4.4581546020507812e+02, y_r: 4.1370184326171875e+02, y_e: 4.1430596923828125e+02, z_r: -5.7197741699218750e+02, z_e: -5.7217877197265625e+02

#ERR p: [179683], ea: 4, v_r: 1.4295559082031250e+03, v_e: 1.4303598632812500e+03, x_r: 9.0650122070312500e+02, x_e: 9.0730523681640625e+02, y_r: -2.1560485839843750e+02, y_e: -2.1544406127929688e+02, z_r: 3.6015499877929688e+02, z_e: 3.6047665405273438e+02

#ERR p: [179684], ea: 2, v_r: 1.4809464111328125e+03, v_e: 1.4818000488281250e+03, x_r: 6.5537603759765625e+02, x_e: 6.5605908203125000e+02, y_r: -5.0738095092773438e+02, y_e: -5.0738095092773438e+02, z_r: -1.9384806823730469e+02, z_e: -1.9384806823730469e+02

#ERR p: [179685], ea: 4, v_r: 1.6499599609375000e+03, v_e: 1.6509080810546875e+03, x_r: 1.0454190673828125e+03, x_e: 1.0463673095703125e+03, y_r: -1.1993598632812500e+03, y_e: -1.1997392578125000e+03, z_r: 7.3258990478515625e+02, z_e: 7.3315887451171875e+02

#ERR p: [179686], ea: 4, v_r: 1.6998475341796875e+03, v_e: 1.7008052978515625e+03, x_r: -2.2538430786132812e+02, x_e: -2.2519274902343750e+02, y_r: 1.0487098388671875e+03, y_e: 1.0496677246093750e+03, z_r: 1.0283334350585938e+02, z_e: 1.0302488708496094e+02

#ERR p: [179687], ea: 4, v_r: 1.4606577148437500e+03, v_e: 1.4615374755859375e+03, x_r: -1.9527053833007812e+02, x_e: -1.9509457397460938e+02, y_r: -1.3425013427734375e+03, y_e: -1.3430291748046875e+03, z_r: 3.7004501342773438e+02, z_e: 3.7039688110351562e+02

#ERR p: [179688], ea: 4, v_r: 1.0361163330078125e+03, v_e: 1.0367269287109375e+03, x_r: 2.5932339477539062e+02, x_e: 2.5968981933593750e+02, y_r: -7.5304638671875000e+02, y_e: -7.5329064941406250e+02, z_r: 6.3401996612548828e+01, z_e: 6.3524143218994141e+01

#ERR p: [179689], ea: 4, v_r: 2.0091601562500000e+03, v_e: 2.0102399902343750e+03, x_r: 1.6618502197265625e+03, x_e: 1.6631461181640625e+03, y_r: 1.6272447509765625e+03, y_e: 1.6285405273437500e+03, z_r: -6.5047528076171875e+02, z_e: -6.5069128417968750e+02

#ERR p: [179690], ea: 4, v_r: 1.4033177490234375e+03, v_e: 1.4040864257812500e+03, x_r: 8.9131042480468750e+02, x_e: 8.9207922363281250e+02, y_r: 8.6687054443359375e+02, y_e: 8.6763916015625000e+02, z_r: -4.5385168457031250e+02, z_e: -4.5400543212890625e+02

#ERR p: [179691], ea: 4, v_r: 9.8780792236328125e+02, v_e: 9.8841546630859375e+02, x_r: -5.1017956542968750e+02, x_e: -5.1030108642578125e+02, y_r: -7.1790435791015625e+02, y_e: -7.1814746093750000e+02, z_r: -5.0657537841796875e+02, z_e: -5.0681848144531250e+02

#ERR p: [179692], ea: 4, v_r: 1.6858648681640625e+03, v_e: 1.6868226318359375e+03, x_r: 4.2349884033203125e+02, x_e: 4.2407348632812500e+02, y_r: 3.9352459716796875e+02, y_e: 3.9409924316406250e+02, z_r: -5.4408154296875000e+02, z_e: -5.4427319335937500e+02

#ERR p: [179693], ea: 3, v_r: 1.6266303710937500e+03, v_e: 1.6275460205078125e+03, x_r: 1.0306350097656250e+03, x_e: 1.0315506591796875e+03, y_r: -5.5812512207031250e+02, y_e: -5.5812512207031250e+02, z_r: 1.0334219970703125e+03, z_e: 1.0341545410156250e+03

#ERR p: [179694], ea: 4, v_r: 1.2583134765625000e+03, v_e: 1.2590667724609375e+03, x_r: -8.9151611328125000e+02, x_e: -8.9181750488281250e+02, y_r: -1.9057000732421875e+02, y_e: -1.9041934204101562e+02, z_r: 7.7613983154296875e+01, z_e: 7.7764678955078125e+01

#ERR p: [179695], ea: 3, v_r: 1.1778905029296875e+03, v_e: 1.1785825195312500e+03, x_r: -1.5709088134765625e+02, x_e: -1.5695248413085938e+02, y_r: -4.0429266357421875e+02, y_e: -4.0429266357421875e+02, z_r: 2.9786117553710938e+02, z_e: 2.9813800048828125e+02

#ERR p: [179696], ea: 4, v_r: 1.6014190673828125e+03, v_e: 1.6023392333984375e+03, x_r: 4.0131616210937500e+02, x_e: 4.0186828613281250e+02, y_r: -2.4162351989746094e+02, y_e: -2.4143946838378906e+02, z_r: 9.7261619567871094e+01, z_e: 9.7445655822753906e+01

#ERR p: [179697], ea: 3, v_r: 1.2786215820312500e+03, v_e: 1.2793526611328125e+03, x_r: -4.1431698608398438e+02, x_e: -4.1431698608398438e+02, y_r: 7.8907470703125000e+02, y_e: 7.8980566406250000e+02, z_r: -4.1232958984375000e+02, z_e: -4.1247583007812500e+02

#ERR p: [179698], ea: 4, v_r: 1.7953137207031250e+03, v_e: 1.7962956542968750e+03, x_r: 1.1414997558593750e+03, x_e: 1.1424818115234375e+03, y_r: 1.4546285400390625e+03, y_e: 1.4558070068359375e+03, z_r: -1.6126049804687500e+03, z_e: -1.6133906250000000e+03

#ERR p: [179699], ea: 4, v_r: 1.3047362060546875e+03, v_e: 1.3055322265625000e+03, x_r: -6.7372619628906250e+02, x_e: -6.7388543701171875e+02, y_r: -6.9778582763671875e+02, y_e: -6.9794506835937500e+02, z_r: -6.6929791259765625e+02, z_e: -6.6961633300781250e+02

#SDC Ite:2278 KerTime:0.367225 AccTime:839.583517 KerErr:100 AccErr:266
#IT Ite:2280 KerTime:0.369372 AccTime:840.320343
#IT Ite:2290 KerTime:0.368273 AccTime:844.006308
#IT Ite:2300 KerTime:0.369095 AccTime:847.692344
#IT Ite:2310 KerTime:0.368531 AccTime:851.375198
#IT Ite:2320 KerTime:0.368398 AccTime:855.061411
#IT Ite:2330 KerTime:0.368341 AccTime:858.745448
#IT Ite:2340 KerTime:0.368610 AccTime:862.430661
#IT Ite:2350 KerTime:0.368912 AccTime:866.117190
#IT Ite:2360 KerTime:0.368708 AccTime:869.801183
#IT Ite:2370 KerTime:0.368150 AccTime:873.485739
#IT Ite:2380 KerTime:0.368463 AccTime:877.171586
#IT Ite:2390 KerTime:0.369284 AccTime:880.855819
#IT Ite:2400 KerTime:0.368608 AccTime:884.536515
#IT Ite:2410 KerTime:0.367843 AccTime:888.222052
#IT Ite:2420 KerTime:0.367925 AccTime:891.905975
#IT Ite:2430 KerTime:0.368268 AccTime:895.590433
#IT Ite:2440 KerTime:0.368330 AccTime:899.274269
#IT Ite:2450 KerTime:0.368531 AccTime:902.957413
#IT Ite:2460 KerTime:0.369510 AccTime:906.640371
#IT Ite:2470 KerTime:0.367998 AccTime:910.318768
#IT Ite:2480 KerTime:0.368205 AccTime:914.001694
#IT Ite:2490 KerTime:0.367280 AccTime:917.680593
#IT Ite:2500 KerTime:0.368055 AccTime:921.367712
#IT Ite:2510 KerTime:0.368922 AccTime:925.055579
#IT Ite:2520 KerTime:0.368053 AccTime:928.740742
#IT Ite:2530 KerTime:0.368301 AccTime:932.423741
#IT Ite:2540 KerTime:0.368651 AccTime:936.106968
#IT Ite:2550 KerTime:0.368569 AccTime:939.790146
#IT Ite:2560 KerTime:0.368609 AccTime:943.477157
#IT Ite:2570 KerTime:0.368145 AccTime:947.157267
#IT Ite:2580 KerTime:0.368828 AccTime:950.843791
#IT Ite:2590 KerTime:0.367407 AccTime:954.526709
#IT Ite:2600 KerTime:0.368005 AccTime:958.212181
#IT Ite:2610 KerTime:0.370595 AccTime:961.898284
#IT Ite:2620 KerTime:0.367247 AccTime:965.580955
#IT Ite:2630 KerTime:0.368589 AccTime:969.265467
#IT Ite:2640 KerTime:0.368350 AccTime:972.946184
#IT Ite:2650 KerTime:0.368168 AccTime:976.628223
#IT Ite:2660 KerTime:0.368259 AccTime:980.310906
#IT Ite:2670 KerTime:0.368606 AccTime:983.995582
#IT Ite:2680 KerTime:0.368252 AccTime:987.680336
#IT Ite:2690 KerTime:0.369057 AccTime:991.366871
#IT Ite:2700 KerTime:0.368930 AccTime:995.050647
#IT Ite:2710 KerTime:0.368709 AccTime:998.735157
#IT Ite:2720 KerTime:0.367842 AccTime:1002.419086
#IT Ite:2730 KerTime:0.368431 AccTime:1006.100492
#IT Ite:2740 KerTime:0.368344 AccTime:1009.782322
#IT Ite:2750 KerTime:0.368170 AccTime:1013.463467
#IT Ite:2760 KerTime:0.368281 AccTime:1017.150883
#IT Ite:2770 KerTime:0.368760 AccTime:1020.836848
#IT Ite:2780 KerTime:0.366831 AccTime:1024.519753
#IT Ite:2790 KerTime:0.368289 AccTime:1028.205673
#IT Ite:2800 KerTime:0.368481 AccTime:1031.887284
#IT Ite:2810 KerTime:0.368504 AccTime:1035.569663
