#HEADER box:23 spaceElem:1216700
#BEGIN Y:2015 M:11 D:22 Time:01:45:07
#IT Ite:0 KerTime:2.154441 AccTime:2.154441
#IT Ite:10 KerTime:2.153225 AccTime:23.685231
#IT Ite:20 KerTime:2.153042 AccTime:45.215779
#IT Ite:30 KerTime:2.154792 AccTime:66.755493
#ERR p: [1186645], ea: 1, v_r: 1.1562333984375000e+03, v_e: 1.1562333984375000e+03, x_r: -1.0787554931640625e+03, x_e: -1.0467558593750000e+03, y_r: 4.8714886474609375e+02, y_e: 4.8714886474609375e+02, z_r: 5.3620904541015625e+02, z_e: 5.3620904541015625e+02

#SDC Ite:35 KerTime:2.154097 AccTime:77.528203 KerErr:1 AccErr:1
#IT Ite:40 KerTime:2.154379 AccTime:88.300833
#IT Ite:50 KerTime:2.154411 AccTime:109.846727
#IT Ite:60 KerTime:2.154596 AccTime:131.392826
#ERR p: [114384], ea: 4, v_r: 8.1765808105468750e+02, v_e: 1.0053586425781250e+03, x_r: -7.6301483154296875e+02, x_e: -9.3166339111328125e+02, y_r: 2.0536595153808594e+02, y_e: 2.5089216613769531e+02, z_r: -2.7560601806640625e+02, z_e: -3.3929913330078125e+02

#ERR p: [114385], ea: 4, v_r: 1.4956691894531250e+03, v_e: 1.8373237304687500e+03, x_r: 3.6872699737548828e+01, x_e: 5.6910892486572266e+01, y_r: -4.8446627807617188e+02, y_e: -5.9927514648437500e+02, z_r: 9.2724554443359375e+02, z_e: 1.1389578857421875e+03

#ERR p: [114386], ea: 4, v_r: 1.1009114990234375e+03, v_e: 1.3519223632812500e+03, x_r: 4.5035601806640625e+02, x_e: 5.6113214111328125e+02, y_r: -5.6812103271484375e+02, y_e: -7.0016174316406250e+02, z_r: 4.8798168182373047e+01, z_e: 6.0423625946044922e+01

#ERR p: [114387], ea: 4, v_r: 1.4530769042968750e+03, v_e: 1.7847420654296875e+03, x_r: 5.9493463134765625e+02, x_e: 7.4078161621093750e+02, y_r: 3.6420178222656250e+02, y_e: 4.4405987548828125e+02, z_r: -7.7063610839843750e+02, z_e: -9.4638696289062500e+02

#ERR p: [245456], ea: 4, v_r: 2.3356755371093750e+03, v_e: 1.6654158935546875e+03, x_r: -8.5529980468750000e+02, x_e: -2.2945297241210938e+02, y_r: 5.6663238525390625e+02, y_e: 4.0007513427734375e+02, z_r: -4.6703329467773438e+02, z_e: -2.3454554748535156e+02

#ERR p: [245457], ea: 4, v_r: 2.4987097167968750e+03, v_e: 1.2714345703125000e+03, x_r: -6.3364965820312500e+02, x_e: -6.6293768310546875e+02, y_r: 1.4622206115722656e+02, y_e: 5.4891082763671875e+02, z_r: 1.0584260253906250e+03, z_e: 3.0883157348632812e+02

#ERR p: [245458], ea: 4, v_r: 2.5127949218750000e+03, v_e: 1.6100891113281250e+03, x_r: 1.4562895202636719e+02, x_e: -2.2293443298339844e+02, y_r: -1.9344700927734375e+03, y_e: -1.4655823974609375e+03, z_r: 7.3229534912109375e+02, z_e: 7.0025531005859375e+02

#ERR p: [245459], ea: 4, v_r: 3.2728437500000000e+03, v_e: 2.0818154296875000e+03, x_r: 9.9769635009765625e+02, x_e: 5.1149041748046875e+02, y_r: 1.5931285400390625e+03, y_e: 1.2984328613281250e+03, z_r: -1.3856497192382812e+02, z_e: 5.0470202636718750e+02

#SDC Ite:65 KerTime:2.154230 AccTime:142.164989 KerErr:8 AccErr:9
#IT Ite:70 KerTime:2.154381 AccTime:152.937321
#IT Ite:80 KerTime:2.154374 AccTime:174.487109
#IT Ite:90 KerTime:2.154628 AccTime:196.031375
#IT Ite:100 KerTime:2.154490 AccTime:217.576970
#IT Ite:110 KerTime:2.154642 AccTime:239.124442
#IT Ite:120 KerTime:2.155194 AccTime:260.671382
#IT Ite:130 KerTime:2.154168 AccTime:282.216457
#ERR p: [527127], ea: 4, v_r: 1.1264815673828125e+03, v_e: 1.1920898437500000e+03, x_r: 7.1008068847656250e+02, x_e: 7.4788458251953125e+02, y_r: 2.4225079345703125e+02, y_e: 2.6193966674804688e+02, z_r: 9.0979760742187500e+02, z_e: 9.6406121826171875e+02

#SDC Ite:132 KerTime:2.154570 AccTime:286.525521 KerErr:1 AccErr:10
#IT Ite:140 KerTime:2.154452 AccTime:303.762816
#ERR p: [688400], ea: 4, v_r: 1.3009349365234375e+03, v_e: 1.3009848632812500e+03, x_r: -1.8408891296386719e+02, x_e: -1.8410905456542969e+02, y_r: 1.0498859863281250e+03, y_e: 1.0497636718750000e+03, z_r: 5.7340338134765625e+02, z_e: 5.7341851806640625e+02

#ERR p: [688401], ea: 4, v_r: 9.9030541992187500e+02, v_e: 9.9033068847656250e+02, x_r: 6.2004412841796875e+02, x_e: 6.2005395507812500e+02, y_r: 3.9474418640136719e+01, y_e: 3.9325153350830078e+01, z_r: 6.2790942382812500e+02, z_e: 6.2792230224609375e+02

#ERR p: [688402], ea: 4, v_r: 1.0560030517578125e+03, v_e: 1.0560400390625000e+03, x_r: -1.4965957641601562e+02, x_e: -1.4967471313476562e+02, y_r: 6.4996362304687500e+02, y_e: 6.4984899902343750e+02, z_r: 2.6341314697265625e+02, z_e: 2.6341723632812500e+02

#ERR p: [688403], ea: 4, v_r: 8.8968127441406250e+02, v_e: 8.8968518066406250e+02, x_r: -8.0844305419921875e+02, x_e: -8.0844750976562500e+02, y_r: -8.1622552490234375e+02, y_e: -8.1638195800781250e+02, z_r: 5.2237709045410156e+01, z_e: 5.2237068176269531e+01

#ERR p: [688404], ea: 4, v_r: 7.7637078857421875e+02, v_e: 7.7637774658203125e+02, x_r: 1.8849641418457031e+02, x_e: 1.8849668884277344e+02, y_r: -5.6438183593750000e+02, y_e: -5.6452246093750000e+02, z_r: 6.4124371337890625e+02, z_e: 6.4124822998046875e+02

#ERR p: [688405], ea: 4, v_r: 9.8232934570312500e+02, v_e: 9.8233374023437500e+02, x_r: 4.2608859252929688e+02, x_e: 4.2608944702148438e+02, y_r: -9.0157958984375000e+02, y_e: -9.0175976562500000e+02, z_r: 5.9271327972412109e+01, z_e: 5.9270923614501953e+01

#ERR p: [688406], ea: 4, v_r: 8.6050164794921875e+02, v_e: 8.6052862548828125e+02, x_r: -7.8140203857421875e+02, x_e: -7.8143280029296875e+02, y_r: 3.6424780273437500e+02, y_e: 3.6414489746093750e+02, z_r: 7.0841601562500000e+02, z_e: 7.0843292236328125e+02

#ERR p: [688407], ea: 4, v_r: 7.3428234863281250e+02, v_e: 7.3429516601562500e+02, x_r: 5.9970043945312500e+02, x_e: 5.9970715332031250e+02, y_r: -2.5131842041015625e+02, y_e: -2.5144210815429688e+02, z_r: -3.7766107177734375e+02, z_e: -3.7766894531250000e+02

#ERR p: [688408], ea: 4, v_r: 9.2387945556640625e+02, v_e: 9.2391436767578125e+02, x_r: -1.3189953613281250e+02, x_e: -1.3191543579101562e+02, y_r: 7.4660864257812500e+02, y_e: 7.4652221679687500e+02, z_r: -4.7748419189453125e+02, z_e: -4.7750640869140625e+02

#ERR p: [688409], ea: 4, v_r: 1.0692094726562500e+03, v_e: 1.0692279052734375e+03, x_r: -1.5082263183593750e+02, x_e: -1.5082933044433594e+02, y_r: -3.6714578247070312e+02, y_e: -3.6732284545898438e+02, z_r: 6.7740252685546875e+02, z_e: 6.7741094970703125e+02

#ERR p: [688410], ea: 4, v_r: 1.0028471679687500e+03, v_e: 1.0028714599609375e+03, x_r: -3.3509756469726562e+02, x_e: -3.3511257934570312e+02, y_r: 4.1205085754394531e+01, y_e: 4.1061180114746094e+01, z_r: -3.2558779907226562e+02, z_e: -3.2559945678710938e+02

#ERR p: [688411], ea: 4, v_r: 8.2183587646484375e+02, v_e: 8.2183966064453125e+02, x_r: 3.5629849243164062e+02, x_e: 3.5629916381835938e+02, y_r: -7.5410388183593750e+02, y_e: -7.5425402832031250e+02, z_r: -1.0777947235107422e+02, z_e: -1.0778050994873047e+02

#ERR p: [688412], ea: 4, v_r: 9.2232592773437500e+02, v_e: 9.2234857177734375e+02, x_r: -6.6057910156250000e+02, x_e: -6.6060034179687500e+02, y_r: 3.6771114349365234e+01, y_e: 3.6637866973876953e+01, z_r: 7.5994378662109375e+02, z_e: 7.5995794677734375e+02

#ERR p: [688413], ea: 4, v_r: 1.2511014404296875e+03, v_e: 1.2511280517578125e+03, x_r: 3.0309503173828125e+02, x_e: 3.0309509277343750e+02, y_r: -1.8963565063476562e+02, y_e: -1.8983384704589844e+02, z_r: 5.5334265136718750e+02, z_e: 5.5335058593750000e+02

#ERR p: [688414], ea: 4, v_r: 8.6496020507812500e+02, v_e: 8.6499047851562500e+02, x_r: -2.8827233886718750e+02, x_e: -2.8829019165039062e+02, y_r: 5.3222326660156250e+02, y_e: 5.3212994384765625e+02, z_r: 3.8120736694335938e+02, z_e: 3.8121606445312500e+02

#ERR p: [688415], ea: 4, v_r: 6.7387994384765625e+02, v_e: 6.7388574218750000e+02, x_r: -2.2550764465332031e+02, x_e: -2.2551127624511719e+02, y_r: -4.8845181274414062e+02, y_e: -4.8856741333007812e+02, z_r: -6.0527008056640625e+02, z_e: -6.0527624511718750e+02

#ERR p: [688416], ea: 4, v_r: 6.2731280517578125e+02, v_e: 6.2732312011718750e+02, x_r: -3.3032696533203125e+02, x_e: -3.3033551025390625e+02, y_r: -2.1421321105957031e+02, y_e: -2.1431263732910156e+02, z_r: -5.6389709472656250e+02, z_e: -5.6390808105468750e+02

#ERR p: [688417], ea: 4, v_r: 6.1981256103515625e+02, v_e: 6.1981536865234375e+02, x_r: 3.8708941650390625e+02, x_e: 3.8709039306640625e+02, y_r: -5.6820507812500000e+02, y_e: -5.6831768798828125e+02, z_r: -5.5586755371093750e+02, z_e: -5.5587042236328125e+02

#ERR p: [688418], ea: 4, v_r: 1.2252293701171875e+03, v_e: 1.2252601318359375e+03, x_r: 5.3154406738281250e+02, x_e: 5.3154956054687500e+02, y_r: 4.9357479095458984e+01, y_e: 4.9174884796142578e+01, z_r: 3.0727224731445312e+02, z_e: 3.0727612304687500e+02

#ERR p: [688419], ea: 4, v_r: 7.4973327636718750e+02, v_e: 7.4973669433593750e+02, x_r: 3.6928821563720703e+01, x_e: 3.6928050994873047e+01, y_r: -6.8737536621093750e+02, y_e: -6.8750903320312500e+02, z_r: -5.2931988525390625e+02, z_e: -5.2932275390625000e+02

#ERR p: [688420], ea: 4, v_r: 8.4119989013671875e+02, v_e: 8.4120379638671875e+02, x_r: 5.2693176269531250e+02, x_e: 5.2693341064453125e+02, y_r: -7.7275952148437500e+02, y_e: -7.7291699218750000e+02, z_r: 6.9531433105468750e+02, z_e: 6.9531695556640625e+02

#ERR p: [688421], ea: 4, v_r: 9.5591040039062500e+02, v_e: 9.5594421386718750e+02, x_r: 2.3080058288574219e+02, x_e: 2.3079896545410156e+02, y_r: 5.8870574951171875e+02, y_e: 5.8860052490234375e+02, z_r: -1.2722973632812500e+02, z_e: -1.2723799133300781e+02

#ERR p: [688422], ea: 4, v_r: 1.1816904296875000e+03, v_e: 1.1817109375000000e+03, x_r: 5.1245263671875000e+02, x_e: 5.1245623779296875e+02, y_r: -4.0514300537109375e+02, y_e: -4.0534051513671875e+02, z_r: 7.0549789428710938e+01, z_e: 7.0548286437988281e+01

#ERR p: [688423], ea: 4, v_r: 1.3270053710937500e+03, v_e: 1.3270478515625000e+03, x_r: -1.8736727905273438e+02, x_e: -1.8738354492187500e+02, y_r: 5.6178466796875000e+02, y_e: 5.6162188720703125e+02, z_r: 8.3962628173828125e+02, z_e: 8.3964666748046875e+02

#ERR p: [688424], ea: 4, v_r: 6.6960784912109375e+02, v_e: 6.6961090087890625e+02, x_r: -6.0779748535156250e+02, x_e: -6.0780078125000000e+02, y_r: -6.1491320800781250e+02, y_e: -6.1503356933593750e+02, z_r: 5.5226098632812500e+02, z_e: 5.5226275634765625e+02

#ERR p: [688425], ea: 4, v_r: 1.0308089599609375e+03, v_e: 1.0308465576171875e+03, x_r: -9.3838836669921875e+02, x_e: -9.3843463134765625e+02, y_r: 8.3348992919921875e+02, y_e: 8.3339727783203125e+02, z_r: -7.3124029541015625e+02, z_e: -7.3127288818359375e+02

#ERR p: [688426], ea: 4, v_r: 7.9285888671875000e+02, v_e: 7.9288391113281250e+02, x_r: -1.1272885894775391e+02, x_e: -1.1273949432373047e+02, y_r: 3.3633657836914062e+02, y_e: 3.3624014282226562e+02, z_r: -1.0574082946777344e+02, z_e: -1.0574760437011719e+02

#ERR p: [688427], ea: 4, v_r: 9.2592687988281250e+02, v_e: 9.2595776367187500e+02, x_r: -8.4309906005859375e+02, x_e: -8.4313720703125000e+02, y_r: 5.7137548828125000e+02, y_e: 5.7127966308593750e+02, z_r: -8.3393225097656250e+02, z_e: -8.3396490478515625e+02

#ERR p: [688428], ea: 4, v_r: 1.4918499755859375e+03, v_e: 1.4919086914062500e+03, x_r: 9.3331500244140625e+02, x_e: 9.3333563232421875e+02, y_r: 1.2041364746093750e+03, y_e: 1.2039914550781250e+03, z_r: 3.7325253295898438e+02, z_e: 3.7326181030273438e+02

#ERR p: [688429], ea: 4, v_r: 9.4959484863281250e+02, v_e: 9.4959924316406250e+02, x_r: 7.7659527587890625e+02, x_e: 7.7659790039062500e+02, y_r: -8.7197485351562500e+02, y_e: -8.7215228271484375e+02, z_r: 4.2137503051757812e+02, z_e: 4.2137637329101562e+02

#ERR p: [688430], ea: 4, v_r: 9.5456994628906250e+02, v_e: 9.5459033203125000e+02, x_r: 4.8610099792480469e+01, x_e: 4.8606689453125000e+01, y_r: -1.4505184936523438e+02, y_e: -1.4520306396484375e+02, z_r: 7.8763732910156250e+02, z_e: 7.8765087890625000e+02

#ERR p: [688431], ea: 4, v_r: 8.0056671142578125e+02, v_e: 8.0059197998046875e+02, x_r: -5.7344726562500000e+02, x_e: -5.7347119140625000e+02, y_r: 3.3884002685546875e+02, y_e: 3.3874359130859375e+02, z_r: 6.5928381347656250e+02, z_e: 6.5929992675781250e+02

#ERR p: [688432], ea: 4, v_r: 1.1881812744140625e+03, v_e: 1.1882281494140625e+03, x_r: 9.7078485107421875e+02, x_e: 9.7080926513671875e+02, y_r: 9.5950274658203125e+02, y_e: 9.5938610839843750e+02, z_r: -1.5756233215332031e+02, z_e: -1.5757205200195312e+02

#ERR p: [688433], ea: 4, v_r: 1.1279976806640625e+03, v_e: 1.1280292968750000e+03, x_r: -1.0242545166015625e+03, x_e: -1.0242902832031250e+03, y_r: 2.6124365234375000e+02, y_e: 2.6109457397460938e+02, z_r: 9.2887731933593750e+02, z_e: 9.2889685058593750e+02

#ERR p: [688434], ea: 4, v_r: 9.3448712158203125e+02, v_e: 9.3451397705078125e+02, x_r: 4.7316825866699219e+01, x_e: 4.7311805725097656e+01, y_r: 2.1644018554687500e+02, y_e: 2.1631283569335938e+02, z_r: 5.9168981933593750e+02, z_e: 5.9170281982421875e+02

#ERR p: [688435], ea: 4, v_r: 9.7612426757812500e+02, v_e: 9.7615844726562500e+02, x_r: -1.3858152770996094e+02, x_e: -1.3859584045410156e+02, y_r: 6.0100897216796875e+02, y_e: 6.0090325927734375e+02, z_r: 5.6540691375732422e+01, z_e: 5.6538051605224609e+01

#ERR p: [688436], ea: 4, v_r: 9.1703204345703125e+02, v_e: 9.1704791259765625e+02, x_r: 7.4876055908203125e+02, x_e: 7.4876885986328125e+02, y_r: -3.1366735839843750e+02, y_e: -3.1382153320312500e+02, z_r: -6.4725042724609375e+02, z_e: -6.4726324462890625e+02

#ERR p: [688437], ea: 4, v_r: 8.7110040283203125e+02, v_e: 8.7113128662109375e+02, x_r: 4.3850715637207031e+01, x_e: 4.3844314575195312e+01, y_r: 5.3594525146484375e+02, y_e: 5.3584979248046875e+02, z_r: 3.8434542846679688e+02, z_e: 3.8435494995117188e+02

#ERR p: [688438], ea: 4, v_r: 1.2538983154296875e+03, v_e: 1.2539338378906250e+03, x_r: -6.5765106201171875e+02, x_e: -6.5767767333984375e+02, y_r: 2.9028829956054688e+02, y_e: 2.9012030029296875e+02, z_r: 1.0331971435546875e+03, z_e: 1.0332198486328125e+03

#ERR p: [688439], ea: 4, v_r: 6.7870983886718750e+02, v_e: 6.7871569824218750e+02, x_r: 3.3239917755126953e+01, x_e: 3.3238460540771484e+01, y_r: -4.9203356933593750e+02, y_e: -4.9215179443359375e+02, z_r: -6.0929193115234375e+02, z_e: -6.0929815673828125e+02

#ERR p: [688440], ea: 4, v_r: 8.0504571533203125e+02, v_e: 8.0506231689453125e+02, x_r: -7.3112756347656250e+02, x_e: -7.3114648437500000e+02, y_r: -1.2199217987060547e+02, y_e: -1.2211533355712891e+02, z_r: 5.0907565307617188e+02, z_e: 5.0908267211914062e+02

#ERR p: [688441], ea: 4, v_r: 1.1723477783203125e+03, v_e: 1.1723920898437500e+03, x_r: -1.0646932373046875e+03, x_e: -1.0647438964843750e+03, y_r: 9.4579241943359375e+02, y_e: 9.4568548583984375e+02, z_r: 9.6464733886718750e+02, z_e: 9.6467553710937500e+02

#ERR p: [688442], ea: 4, v_r: 9.0286566162109375e+02, v_e: 9.0289727783203125e+02, x_r: 4.4567161560058594e+01, x_e: 4.4559288024902344e+01, y_r: 5.5626690673828125e+02, y_e: 5.5616845703125000e+02, z_r: -2.9329208374023438e+02, z_e: -2.9330606079101562e+02

#ERR p: [688443], ea: 4, v_r: 1.1923315429687500e+03, v_e: 1.1923424072265625e+03, x_r: 7.4661157226562500e+02, x_e: 7.4661602783203125e+02, y_r: -8.6658209228515625e+02, y_e: -8.6679974365234375e+02, z_r: 7.5695019531250000e+02, z_e: 7.5695550537109375e+02

#ERR p: [688444], ea: 4, v_r: 9.7187054443359375e+02, v_e: 9.7190808105468750e+02, x_r: -1.3703880310058594e+02, x_e: -1.3705314636230469e+02, y_r: 7.8392102050781250e+02, y_e: 7.8382946777343750e+02, z_r: 8.0069537353515625e+02, z_e: 8.0072088623046875e+02

#ERR p: [688445], ea: 4, v_r: 9.7339984130859375e+02, v_e: 9.7343218994140625e+02, x_r: -8.8632513427734375e+02, x_e: -8.8636517333984375e+02, y_r: 6.0067077636718750e+02, y_e: 6.0057000732421875e+02, z_r: -8.7668927001953125e+02, z_e: -8.7672369384765625e+02

#ERR p: [688446], ea: 4, v_r: 8.1760900878906250e+02, v_e: 8.1761962890625000e+02, x_r: 3.5369085693359375e+02, x_e: 3.5369223022460938e+02, y_r: -4.3611822509765625e+02, y_e: -4.3625866699218750e+02, z_r: -7.3380639648437500e+02, z_e: -7.3381726074218750e+02

#ERR p: [688447], ea: 4, v_r: 9.8308697509765625e+02, v_e: 9.8309136962890625e+02, x_r: -3.2684228515625000e+02, x_e: -3.2684466552734375e+02, y_r: -9.0294561767578125e+02, y_e: -9.0312493896484375e+02, z_r: 8.1151422119140625e+02, z_e: 8.1151702880859375e+02

#ERR p: [688448], ea: 4, v_r: 1.1613878173828125e+03, v_e: 1.1614333496093750e+03, x_r: 5.0402368164062500e+02, x_e: 5.0403140258789062e+02, y_r: 9.3718811035156250e+02, y_e: 9.3707611083984375e+02, z_r: 5.1274407958984375e+02, z_e: 5.1275927734375000e+02

#ERR p: [688449], ea: 4, v_r: 1.0216080932617188e+03, v_e: 1.0216481323242188e+03, x_r: 6.3889086914062500e+02, x_e: 6.3890454101562500e+02, y_r: 8.2479388427734375e+02, y_e: 8.2469451904296875e+02, z_r: 5.9942138671875000e+01, z_e: 5.9940940856933594e+01

#ERR p: [688450], ea: 4, v_r: 8.7602459716796875e+02, v_e: 8.7603253173828125e+02, x_r: 3.8032830810546875e+02, x_e: 3.8032995605468750e+02, y_r: -6.3649517822265625e+02, y_e: -6.3665362548828125e+02, z_r: 3.8818643188476562e+02, z_e: 3.8818872070312500e+02

#ERR p: [688451], ea: 4, v_r: 8.9551544189453125e+02, v_e: 8.9554339599609375e+02, x_r: -4.7063385009765625e+02, x_e: -4.7065612792968750e+02, y_r: 3.7976519775390625e+02, y_e: 3.7965777587890625e+02, z_r: 5.1616062164306641e+01, z_e: 5.1613155364990234e+01

#ERR p: [688452], ea: 4, v_r: 1.0409356689453125e+03, v_e: 1.0409659423828125e+03, x_r: 4.5204122924804688e+02, x_e: 4.5204714965820312e+02, y_r: 2.4104887390136719e+02, y_e: 2.4090501403808594e+02, z_r: 6.5957318115234375e+02, z_e: 6.5958850097656250e+02

#ERR p: [688453], ea: 4, v_r: 8.0053057861328125e+02, v_e: 8.0056115722656250e+02, x_r: 3.9485855102539062e+01, x_e: 3.9478088378906250e+01, y_r: 6.4671417236328125e+02, y_e: 6.4663848876953125e+02, z_r: -2.6022680664062500e+02, z_e: -2.6024014282226562e+02

#ERR p: [688454], ea: 4, v_r: 1.0110416259765625e+03, v_e: 1.0110697021484375e+03, x_r: -7.2494665527343750e+02, x_e: -7.2497399902343750e+02, y_r: 2.3476527404785156e+02, y_e: 2.3463218688964844e+02, z_r: 2.5187017822265625e+02, z_e: 2.5187208557128906e+02

#ERR p: [688455], ea: 4, v_r: 9.5651147460937500e+02, v_e: 9.5654248046875000e+02, x_r: 5.9777941894531250e+02, x_e: 5.9778961181640625e+02, y_r: 4.0584243774414062e+02, y_e: 4.0572222900390625e+02, z_r: -3.0983059692382812e+02, z_e: -3.0984350585937500e+02

#ERR p: [688456], ea: 4, v_r: 8.6885711669921875e+02, v_e: 8.6886846923828125e+02, x_r: 2.1015396118164062e+02, x_e: 2.1015385437011719e+02, y_r: -4.6438131713867188e+02, y_e: -4.6453167724609375e+02, z_r: 5.1864391326904297e+01, z_e: 5.1863368988037109e+01

#ERR p: [688457], ea: 4, v_r: 6.3669116210937500e+02, v_e: 6.3669384765625000e+02, x_r: -4.5708551025390625e+02, x_e: -4.5708825683593750e+02, y_r: -5.8357122802734375e+02, y_e: -5.8368157958984375e+02, z_r: -4.5010955810546875e+02, z_e: -4.5011206054687500e+02

#ERR p: [688458], ea: 4, v_r: 9.4135168457031250e+02, v_e: 9.4135583496093750e+02, x_r: -6.7465130615234375e+02, x_e: -6.7465521240234375e+02, y_r: -8.6390356445312500e+02, y_e: -8.6407086181640625e+02, z_r: 2.3576504516601562e+02, z_e: 2.3576519775390625e+02

#ERR p: [688459], ea: 4, v_r: 9.6238372802734375e+02, v_e: 9.6240032958984375e+02, x_r: 6.0134240722656250e+02, x_e: 6.0134802246093750e+02, y_r: -3.2936135864257812e+02, y_e: -3.2952221679687500e+02, z_r: -4.9518692016601562e+02, z_e: -4.9519735717773438e+02

#ERR p: [688460], ea: 4, v_r: 6.4516247558593750e+02, v_e: 6.4516528320312500e+02, x_r: -5.8609051513671875e+02, x_e: -5.8609375000000000e+02, y_r: -5.9204046630859375e+02, y_e: -5.9215447998046875e+02, z_r: 1.6142440795898438e+02, z_e: 1.6142448425292969e+02

#ERR p: [688461], ea: 4, v_r: 9.7661834716796875e+02, v_e: 9.7662725830078125e+02, x_r: 7.9867962646484375e+02, x_e: 7.9868487548828125e+02, y_r: -7.0962579345703125e+02, y_e: -7.0980456542968750e+02, z_r: 4.3317184448242188e+02, z_e: 4.3317459106445312e+02

#ERR p: [688462], ea: 4, v_r: 9.2966430664062500e+02, v_e: 9.2968017578125000e+02, x_r: 4.0212579345703125e+02, x_e: 4.0212777709960938e+02, y_r: -3.1771401977539062e+02, y_e: -3.1786749267578125e+02, z_r: -8.3458862304687500e+02, z_e: -8.3460461425781250e+02

#ERR p: [688463], ea: 4, v_r: 7.0669439697265625e+02, v_e: 7.0671154785156250e+02, x_r: -2.3613928222656250e+02, x_e: -2.3614984130859375e+02, y_r: 2.9036727905273438e+01, y_e: 2.8935317993164062e+01, z_r: -2.2943785095214844e+02, z_e: -2.2944609069824219e+02

#ERR p: [688464], ea: 4, v_r: 8.7218298339843750e+02, v_e: 8.7221429443359375e+02, x_r: 5.4525793457031250e+02, x_e: 5.4526837158203125e+02, y_r: 5.3709735107421875e+02, y_e: 5.3699957275390625e+02, z_r: -1.1567565917968750e+02, z_e: -1.1568264770507812e+02

#ERR p: [688465], ea: 4, v_r: 9.7713171386718750e+02, v_e: 9.7716162109375000e+02, x_r: -7.0170715332031250e+02, x_e: -7.0173767089843750e+02, y_r: 4.1510461425781250e+02, y_e: 4.1498925781250000e+02, z_r: -5.0530831909179688e+02, z_e: -5.0532858276367188e+02

#ERR p: [688466], ea: 4, v_r: 1.1027905273437500e+03, v_e: 1.1027956542968750e+03, x_r: 6.9056622314453125e+02, x_e: 6.9056842041015625e+02, y_r: -1.0128497314453125e+03, y_e: -1.0130554199218750e+03, z_r: 7.0032617187500000e+02, z_e: 7.0032861328125000e+02

#ERR p: [688467], ea: 4, v_r: 7.1667175292968750e+02, v_e: 7.1668090820312500e+02, x_r: -2.3935713195800781e+02, x_e: -2.3936265563964844e+02, y_r: -3.8262631225585938e+02, y_e: -3.8274694824218750e+02, z_r: -2.3218598937988281e+02, z_e: -2.3219053649902344e+02

#ERR p: [688468], ea: 4, v_r: 7.2399853515625000e+02, v_e: 7.2400469970703125e+02, x_r: -3.8113989257812500e+02, x_e: -3.8114489746093750e+02, y_r: -5.2473010253906250e+02, y_e: -5.2485339355468750e+02, z_r: -6.5045898437500000e+02, z_e: -6.5046563720703125e+02

#ERR p: [688469], ea: 4, v_r: 1.0892791748046875e+03, v_e: 1.0893205566406250e+03, x_r: -5.7171673583984375e+02, x_e: -5.7174884033203125e+02, y_r: 8.7891986083984375e+02, y_e: 8.7881915283203125e+02, z_r: 6.8820532226562500e+02, z_e: 6.8822479248046875e+02

#ERR p: [688470], ea: 4, v_r: 8.2897778320312500e+02, v_e: 8.2898498535156250e+02, x_r: 4.0599330902099609e+01, x_e: 4.0597553253173828e+01, y_r: -6.0097119140625000e+02, y_e: -6.0111560058593750e+02, z_r: -7.4419042968750000e+02, z_e: -7.4419793701171875e+02

#ERR p: [688471], ea: 4, v_r: 8.6322454833984375e+02, v_e: 8.6324615478515625e+02, x_r: 2.0910348510742188e+02, x_e: 2.0910345458984375e+02, y_r: 3.4617317199707031e+01, y_e: 3.4489265441894531e+01, z_r: 3.8161199951171875e+02, z_e: 3.8161853027343750e+02

#ERR p: [688472], ea: 4, v_r: 9.3960107421875000e+02, v_e: 9.3962078857421875e+02, x_r: -1.3302136230468750e+02, x_e: -1.3302903747558594e+02, y_r: -1.4215773010253906e+02, y_e: -1.4230412292480469e+02, z_r: 2.3518437194824219e+02, z_e: 2.3518609619140625e+02

#ERR p: [688473], ea: 4, v_r: 7.9990039062500000e+02, v_e: 7.9990399169921875e+02, x_r: -5.7269036865234375e+02, x_e: -5.7269366455078125e+02, y_r: -7.3461120605468750e+02, y_e: -7.3475561523437500e+02, z_r: 6.5991662597656250e+02, z_e: 6.5991882324218750e+02

#ERR p: [688474], ea: 4, v_r: 1.1624990234375000e+03, v_e: 1.1625424804687500e+03, x_r: -1.0563768310546875e+03, x_e: -1.0564276123046875e+03, y_r: 9.3835290527343750e+02, y_e: 9.3824731445312500e+02, z_r: 5.1117422485351562e+02, z_e: 5.1118557739257812e+02

#ERR p: [688475], ea: 4, v_r: 9.3525982666015625e+02, v_e: 9.3527197265625000e+02, x_r: -6.6970440673828125e+02, x_e: -6.6971563720703125e+02, y_r: -5.0046252441406250e+02, y_e: -5.0062213134765625e+02, z_r: 7.7119433593750000e+02, z_e: 7.7120172119140625e+02

#ERR p: [688476], ea: 4, v_r: 7.0843084716796875e+02, v_e: 7.0843695068359375e+02, x_r: -2.3706951904296875e+02, x_e: -2.3707333374023438e+02, y_r: -5.1349487304687500e+02, y_e: -5.1361639404296875e+02, z_r: -6.3630273437500000e+02, z_e: -6.3630908203125000e+02

#ERR p: [688477], ea: 4, v_r: 7.0917724609375000e+02, v_e: 7.0920123291015625e+02, x_r: -5.0932397460937500e+02, x_e: -5.0934857177734375e+02, y_r: 4.3723391723632812e+02, y_e: 4.3715948486328125e+02, z_r: -3.6690744018554688e+02, z_e: -3.6692361450195312e+02

#ERR p: [688478], ea: 4, v_r: 8.9014837646484375e+02, v_e: 8.9016046142578125e+02, x_r: 7.2813427734375000e+02, x_e: 7.2814135742187500e+02, y_r: -4.7637203979492188e+02, y_e: -4.7653045654296875e+02, z_r: 5.6511932373046875e+02, z_e: 5.6512542724609375e+02

#ERR p: [688479], ea: 4, v_r: 9.0363269042968750e+02, v_e: 9.0365551757812500e+02, x_r: 7.3796685791015625e+02, x_e: 7.3797869873046875e+02, y_r: 3.7123409271240234e+01, y_e: 3.6987621307373047e+01, z_r: -4.6515280151367188e+02, z_e: -4.6516659545898438e+02

#ERR p: [688480], ea: 4, v_r: 6.8451995849609375e+02, v_e: 6.8452288818359375e+02, x_r: -4.9158999633789062e+02, x_e: -4.9159298706054688e+02, y_r: -6.2724377441406250e+02, y_e: -6.2736181640625000e+02, z_r: -6.1499279785156250e+02, z_e: -6.1499597167968750e+02

#ERR p: [688481], ea: 4, v_r: 7.5431072998046875e+02, v_e: 7.5432031250000000e+02, x_r: -6.8534509277343750e+02, x_e: -6.8535595703125000e+02, y_r: -4.0309811401367188e+02, y_e: -4.0322424316406250e+02, z_r: 1.8839498901367188e+02, z_e: 1.8839532470703125e+02

#ERR p: [688482], ea: 4, v_r: 1.0544355468750000e+03, v_e: 1.0544571533203125e+03, x_r: -7.5594812011718750e+02, x_e: -7.5596899414062500e+02, y_r: -1.5937921142578125e+02, y_e: -1.5954019165039062e+02, z_r: 2.6314984130859375e+02, z_e: 2.6315106201171875e+02

#ERR p: [688483], ea: 4, v_r: 1.2456138916015625e+03, v_e: 1.2456545410156250e+03, x_r: 7.7958483886718750e+02, x_e: 7.7959985351562500e+02, y_r: 5.2747241210937500e+02, y_e: 5.2731524658203125e+02, z_r: 5.5071807861328125e+02, z_e: 5.5073168945312500e+02

#ERR p: [688484], ea: 4, v_r: 1.0279287109375000e+03, v_e: 1.0279619140625000e+03, x_r: 6.4217773437500000e+02, x_e: 6.4218829345703125e+02, y_r: 4.3636575317382812e+02, y_e: 4.3623672485351562e+02, z_r: -5.2980969238281250e+02, z_e: -5.2982971191406250e+02

#ERR p: [688485], ea: 4, v_r: 1.0338325195312500e+03, v_e: 1.0338542480468750e+03, x_r: 4.4737353515625000e+02, x_e: 4.4737637329101562e+02, y_r: -1.5539865112304688e+02, y_e: -1.5556118774414062e+02, z_r: -7.3037225341796875e+02, z_e: -7.3039007568359375e+02

#ERR p: [688486], ea: 4, v_r: 1.0216080932617188e+03, v_e: 1.0216481323242188e+03, x_r: 6.3889086914062500e+02, x_e: 6.3890454101562500e+02, y_r: 8.2479388427734375e+02, y_e: 8.2469451904296875e+02, z_r: 5.9942138671875000e+01, z_e: 5.9940940856933594e+01

#ERR p: [688487], ea: 4, v_r: 8.3387310791015625e+02, v_e: 8.3389947509765625e+02, x_r: 4.1193538665771484e+01, x_e: 4.1187084197998047e+01, y_r: 3.5388650512695312e+02, y_e: 3.5378439331054688e+02, z_r: -2.7069467163085938e+02, z_e: -2.7070651245117188e+02

#ERR p: [688488], ea: 4, v_r: 6.4966662597656250e+02, v_e: 6.4968200683593750e+02, x_r: -5.9089849853515625e+02, x_e: -5.9091687011718750e+02, y_r: 2.6809242248535156e+01, y_e: 2.6718185424804688e+01, z_r: -2.1141932678222656e+02, z_e: -2.1142720031738281e+02

#ERR p: [688489], ea: 4, v_r: 1.0259455566406250e+03, v_e: 1.0259501953125000e+03, x_r: 4.4456756591796875e+02, x_e: 4.4456835937500000e+02, y_r: -9.4116754150390625e+02, y_e: -9.4135443115234375e+02, z_r: -3.3099246215820312e+02, z_e: -3.3099459838867188e+02

#ERR p: [688490], ea: 4, v_r: 8.0121466064453125e+02, v_e: 8.0124542236328125e+02, x_r: 1.9303611755371094e+02, x_e: 1.9303385925292969e+02, y_r: 6.4741601562500000e+02, y_e: 6.4733953857421875e+02, z_r: -4.1368878173828125e+02, z_e: -4.1370767211914062e+02

#ERR p: [688491], ea: 4, v_r: 7.7206774902343750e+02, v_e: 7.7207446289062500e+02, x_r: 1.8591267395019531e+02, x_e: 1.8591230773925781e+02, y_r: -5.5975329589843750e+02, y_e: -5.5988879394531250e+02, z_r: -6.9292614746093750e+02, z_e: -6.9293316650390625e+02

#ERR p: [688492], ea: 4, v_r: 6.0613214111328125e+02, v_e: 6.0613958740234375e+02, x_r: -5.5163873291015625e+02, x_e: -5.5164776611328125e+02, y_r: -3.2305468750000000e+02, y_e: -3.2315325927734375e+02, z_r: -5.4501416015625000e+02, z_e: -5.4502233886718750e+02

#ERR p: [688493], ea: 4, v_r: 8.3366510009765625e+02, v_e: 8.3367266845703125e+02, x_r: 5.2167333984375000e+02, x_e: 5.2167626953125000e+02, y_r: -6.0556854248046875e+02, y_e: -6.0571978759765625e+02, z_r: 2.0994342041015625e+02, z_e: 2.0994429016113281e+02

#ERR p: [688494], ea: 4, v_r: 7.2779644775390625e+02, v_e: 7.2780877685546875e+02, x_r: -5.2136688232421875e+02, x_e: -5.2137847900390625e+02, y_r: -2.4981243896484375e+02, y_e: -2.4993078613281250e+02, z_r: 4.6056845092773438e+02, z_e: 4.6057376098632812e+02

#ERR p: [688495], ea: 4, v_r: 7.2657495117187500e+02, v_e: 7.2658728027343750e+02, x_r: -2.4217773437500000e+02, x_e: -2.4218484497070312e+02, y_r: -2.4915220642089844e+02, y_e: -2.4927085876464844e+02, z_r: 1.8184649658203125e+02, z_e: 1.8184738159179688e+02

#ERR p: [688496], ea: 4, v_r: 9.0926635742187500e+02, v_e: 9.0927050781250000e+02, x_r: 5.6843341064453125e+02, x_e: 5.6843487548828125e+02, y_r: -8.3416357421875000e+02, y_e: -8.3433026123046875e+02, z_r: -2.9315689086914062e+02, z_e: -2.9315878295898438e+02

#ERR p: [688497], ea: 4, v_r: 9.2932092285156250e+02, v_e: 9.2935321044921875e+02, x_r: -4.8796383666992188e+02, x_e: -4.8798904418945312e+02, y_r: 5.7186151123046875e+02, y_e: 5.7176202392578125e+02, z_r: 4.0933499145507812e+02, z_e: 4.0934390258789062e+02

#ERR p: [688498], ea: 4, v_r: 7.2747863769531250e+02, v_e: 7.2748510742187500e+02, x_r: 3.1536569213867188e+02, x_e: 3.1536685180664062e+02, y_r: -5.2810742187500000e+02, y_e: -5.2823767089843750e+02, z_r: -9.5561828613281250e+01, z_e: -9.5563598632812500e+01

#ERR p: [688499], ea: 4, v_r: 8.2104302978515625e+02, v_e: 8.2106280517578125e+02, x_r: -4.3161950683593750e+02, x_e: -4.3163537597656250e+02, y_r: 3.3591716766357422e+01, y_e: 3.3474445343017578e+01, z_r: -1.0954088592529297e+02, z_e: -1.0954689788818359e+02

#SDC Ite:140 KerTime:2.154452 AccTime:303.762816 KerErr:100 AccErr:110
#IT Ite:150 KerTime:2.154545 AccTime:325.308256
#IT Ite:160 KerTime:2.154862 AccTime:346.854424
