#HEADER matrix_dim:4096 threads:228 block_size:32 block_offset:12
#BEGIN Y:2016 M:12 D:12 Time:14:32:05
#IT Ite:0 KerTime:13.792810 AccTime:13.792810
#IT Ite:1 KerTime:13.290975 AccTime:27.083785
#IT Ite:2 KerTime:13.273889 AccTime:40.357674
#IT Ite:3 KerTime:13.300327 AccTime:53.658001
#IT Ite:4 KerTime:14.076429 AccTime:67.734430
#ERR  p: [2712, 594], r: -5.1423112118224029e+33, e: -5.1363823819853589e+33
#ERR  p: [2713, 594], r: -3.4821080769853933e+34, e: -3.3782028582747305e+34
#ERR  p: [2714, 594], r: 6.6164389715526536e+33, e: 6.9000662182650894e+33
#ERR  p: [2715, 594], r: -9.4091390720629116e+34, e: -9.3969925271732701e+34
#ERR  p: [2716, 594], r: 2.4085925248909644e+34, e: 2.6041644332111130e+34
#ERR  p: [2717, 594], r: -3.9816315954767348e+34, e: -3.5839167033474727e+34
#ERR  p: [2718, 594], r: -6.6735513403929431e+34, e: -6.9947386683770334e+34
#ERR  p: [2719, 594], r: 5.4860309405547535e+34, e: 5.3866335720159824e+34
#ERR  p: [2704, 602], r: -1.0760926675904201e+34, e: -9.0697101984289264e+33
#ERR  p: [2705, 602], r: -4.1386621108221278e+34, e: -4.3215708183980148e+34
#ERR  p: [2706, 602], r: 3.9381795636182846e+34, e: 4.3136138533564719e+34
#ERR  p: [2707, 602], r: -4.8493280811664043e+33, e: -5.4369417534379413e+33
#ERR  p: [2708, 602], r: -1.3427078376602225e+34, e: -1.7763874562588019e+34
#ERR  p: [2709, 602], r: -3.3485300389001400e+33, e: -7.3192457618977623e+33
#ERR  p: [2710, 602], r: 3.0961043805225914e+34, e: 2.8134395535824781e+34
#ERR  p: [2711, 602], r: 2.5138266053532616e+34, e: 2.6349029893882226e+34
#ERR  p: [2720, 604], r: 1.6086574838918072e+34, e: 1.3780901626986409e+34
#ERR  p: [2721, 604], r: 2.2876621296301331e+34, e: 2.4467708894182010e+34
#ERR  p: [2722, 604], r: 1.1112262174337044e+33, e: 3.5650213906584695e+33
#ERR  p: [2723, 604], r: 1.8599621518837989e+34, e: 1.8532236233833677e+34
#ERR  p: [2724, 604], r: 3.1030994354125127e+34, e: 2.9421964108757496e+34
#ERR  p: [2725, 604], r: -2.7512723960237960e+33, e: -2.2855664695930932e+33
#ERR  p: [2726, 604], r: -5.7674877363689824e+34, e: -5.6279790172585268e+34
#ERR  p: [2727, 604], r: 7.7719711787530163e+34, e: 7.1730121385276913e+34
#SDC Ite:4 KerTime:14.076429 AccTime:67.734430 KerErr:24 AccErr:24
