#HEADER size:4096x4096
#BEGIN Y:2015 M:11 D:22 Time:20:43:11
#IT Ite:0 KerTime:5.836013 AccTime:5.836013
#IT Ite:5 KerTime:5.834504 AccTime:35.010369
#ERR p: [2612, 1824], r: -3.8556969113251200e+16, e: 1.9931306567274675e+34
#ERR p: [2612, 1825], r: -9.3235348826646800e+15, e: -4.2551176508407913e+34
#ERR p: [2612, 1826], r: 2.0180708179516716e+16, e: -2.0095531905410897e+34
#ERR p: [2612, 1827], r: -3.5407219010775904e+16, e: -6.6849689818476993e+33
#SDC Ite:8 KerTime:5.835706 AccTime:52.510930 KerErr:4 AccErr:4
#IT Ite:10 KerTime:5.835411 AccTime:64.181597
#IT Ite:15 KerTime:5.834423 AccTime:93.351546
#IT Ite:20 KerTime:5.837639 AccTime:122.523631
#ERR p: [1039, 773], r: -1.1186080950422216e+16, e: -3.5512221542295867e+34
#SDC Ite:20 KerTime:5.837639 AccTime:122.523631 KerErr:1 AccErr:5
#IT Ite:25 KerTime:5.834382 AccTime:151.695244
#IT Ite:30 KerTime:5.836708 AccTime:180.869211
#IT Ite:35 KerTime:5.837730 AccTime:210.042312
#IT Ite:40 KerTime:5.834765 AccTime:239.219250
#IT Ite:45 KerTime:5.832703 AccTime:268.395571
#IT Ite:50 KerTime:5.833987 AccTime:297.567263
#IT Ite:55 KerTime:5.831084 AccTime:326.727427
#IT Ite:60 KerTime:5.833736 AccTime:355.897016
#IT Ite:65 KerTime:5.836147 AccTime:385.073705
#IT Ite:70 KerTime:5.832264 AccTime:414.252389
#ERR p: [1024, 2092], r: -2.0675609205055984e+16, e: -1.0890686033931856e+34
#ERR p: [1024, 2093], r: 3.9402374690379920e+15, e: -2.0844245494253425e+34
#ERR p: [1025, 2092], r: 1.8035914706638084e+16, e: 1.3332364095574650e+34
#ERR p: [1025, 2093], r: -1.8758230380265040e+16, e: -6.3345133868813045e+34
#ERR p: [1026, 2092], r: 1.0827300942908972e+16, e: -4.3755268594469531e+34
#ERR p: [1026, 2093], r: -9.3932690543122400e+14, e: 4.2349407751683138e+34
#ERR p: [1027, 2092], r: -6.9210302367638800e+15, e: -1.2927891155453954e+34
#ERR p: [1027, 2093], r: -2.2939971205409616e+16, e: 2.4610023828653015e+34
#ERR p: [1028, 2092], r: -1.5306411869721488e+16, e: -3.5422052580096380e+33
#ERR p: [1028, 2093], r: -1.3136712828585880e+16, e: -5.9100142654053130e+34
#ERR p: [1029, 2092], r: -2.2076642118202520e+16, e: 2.5471747977230854e+34
#ERR p: [1029, 2093], r: 1.2488161467893048e+16, e: 6.3972551933688989e+34
#ERR p: [1030, 2092], r: -1.7261778081925584e+16, e: -5.8422143038598387e+34
#ERR p: [1030, 2093], r: 3.2396088618207724e+16, e: -2.9967251441706631e+33
#ERR p: [1031, 2092], r: -3.5071255790226160e+16, e: -4.4111576423167306e+34
#ERR p: [1031, 2093], r: -2.4284733577897776e+16, e: -5.0459020654970152e+34
#ERR p: [1032, 2092], r: 3.6107754746297376e+16, e: 6.9610480156758350e+33
#ERR p: [1032, 2093], r: 9.0794518436882640e+15, e: -2.8567880466697711e+34
#ERR p: [1033, 2092], r: -1.3135273243321104e+16, e: -1.5765484314960167e+34
#ERR p: [1033, 2093], r: 2.5750614869128912e+16, e: 1.0283008672937576e+34
#ERR p: [1034, 2092], r: 2.8418477621227520e+15, e: -3.4201414673214344e+34
#ERR p: [1034, 2093], r: -3.0291599811704832e+16, e: 5.0323091117406778e+34
#ERR p: [1035, 2092], r: 3.6309917784351840e+15, e: -1.1813986275214534e+34
#ERR p: [1035, 2093], r: -2.7413865376748144e+16, e: -1.0808159273392904e+34
#ERR p: [1036, 2092], r: 3.7211995827127280e+15, e: -1.0959151077874241e+34
#ERR p: [1036, 2093], r: -4.5713529351335040e+15, e: -7.6729486754473375e+34
#ERR p: [1037, 2092], r: -1.7292778597610072e+16, e: 6.1473968610250790e+33
#ERR p: [1037, 2093], r: -5.3929304463826080e+15, e: -4.5714455619237063e+34
#ERR p: [1038, 2092], r: -2.1091164930675176e+16, e: -7.8296989551035738e+33
#ERR p: [1038, 2093], r: -1.9223148371350024e+16, e: -1.3114106743062486e+34
#ERR p: [1039, 2092], r: -2.2223279457850384e+16, e: 3.0965841914476926e+34
#ERR p: [1039, 2093], r: -2.9960063520405440e+16, e: 5.3690397566581474e+33
#ERR p: [1040, 2092], r: 3.0825272623894736e+16, e: -1.9804881987289177e+34
#ERR p: [1040, 2093], r: -3.2107326741170144e+16, e: 7.1585231479245128e+33
#ERR p: [1041, 2092], r: -1.2866826023690400e+16, e: -7.6461969749468833e+34
#ERR p: [1041, 2093], r: -1.6951170877115800e+16, e: 5.3948332808735736e+34
#ERR p: [1042, 2092], r: 3.2632868640361352e+16, e: -4.2883540520497768e+34
#ERR p: [1042, 2093], r: -3.9178434588883072e+16, e: 6.1817463184917358e+34
#ERR p: [1043, 2092], r: -6.7680095747187760e+15, e: 1.9727197686767278e+34
#ERR p: [1043, 2093], r: 4.0472257665693760e+16, e: -3.6970842521222695e+34
#ERR p: [1044, 2092], r: 1.7567403299920000e+14, e: -2.5645114316695935e+34
#ERR p: [1044, 2093], r: 4.0630982304997760e+15, e: 5.9472827444847425e+34
#ERR p: [1045, 2092], r: -3.6398353609999648e+16, e: -1.9750373236460516e+34
#ERR p: [1045, 2093], r: 1.3015488749431448e+16, e: 1.8571008988376349e+34
#ERR p: [1046, 2092], r: 3.7352052278880032e+16, e: -9.7877002865424679e+34
#ERR p: [1046, 2093], r: 7.7817520560696720e+15, e: -3.2202004912517104e+34
#ERR p: [1047, 2092], r: -2.8994443706428632e+16, e: 2.4557026659350051e+34
#ERR p: [1047, 2093], r: 8.3512955864965920e+15, e: 2.5776873853261422e+34
#ERR p: [1048, 2092], r: 8.4033663921896360e+15, e: -5.0627094036698454e+34
#ERR p: [1048, 2093], r: 1.9039057647973300e+16, e: -4.0630839182570155e+33
#ERR p: [1049, 2092], r: -3.6537401729680592e+16, e: -4.7355154605853365e+34
#ERR p: [1049, 2093], r: 1.5330766816971824e+16, e: -1.1208299489707230e+34
#ERR p: [1050, 2092], r: -1.9555340947479008e+16, e: -4.1309943344168337e+34
#ERR p: [1050, 2093], r: -1.8618424445845184e+16, e: -5.5993147416028792e+33
#ERR p: [1051, 2092], r: 2.7311963546590880e+16, e: -4.8597129386302676e+34
#ERR p: [1051, 2093], r: 2.2353276594765484e+16, e: 6.9633259940462131e+34
#ERR p: [1052, 2092], r: 3.5636019298359760e+15, e: 1.2557506354297266e+34
#ERR p: [1052, 2093], r: -6.5906549897100800e+15, e: 3.4249882673829347e+34
#ERR p: [1053, 2092], r: -7.9405838270504000e+15, e: 3.8712835894501848e+34
#ERR p: [1053, 2093], r: 2.1102271069280804e+16, e: -1.4890364459264171e+34
#ERR p: [1054, 2092], r: -1.8939656558608640e+16, e: -1.6023195209967020e+33
#ERR p: [1054, 2093], r: 2.5079004428142680e+16, e: 1.3208664553580246e+33
#SDC Ite:72 KerTime:5.835404 AccTime:425.924596 KerErr:3072 AccErr:3077
#ABORT too many errors per iteration
#END