#HEADER size:1024x1024
#BEGIN Y:2015 M:11 D:22 Time:14:37:10
#IT Ite:0 KerTime:0.110651 AccTime:0.110651
#IT Ite:5 KerTime:0.110397 AccTime:0.661064
#IT Ite:10 KerTime:0.109596 AccTime:1.206332
#IT Ite:15 KerTime:0.110229 AccTime:1.756024
#IT Ite:20 KerTime:0.110409 AccTime:2.306513
#IT Ite:25 KerTime:0.110368 AccTime:2.857401
#IT Ite:30 KerTime:0.109659 AccTime:3.406561
#IT Ite:35 KerTime:0.109420 AccTime:3.956265
#IT Ite:40 KerTime:0.109783 AccTime:4.504610
#IT Ite:45 KerTime:0.109416 AccTime:5.053758
#IT Ite:50 KerTime:0.109960 AccTime:5.602746
#IT Ite:55 KerTime:0.110150 AccTime:6.152153
#IT Ite:60 KerTime:0.109508 AccTime:6.701097
#IT Ite:65 KerTime:0.109641 AccTime:7.250083
#IT Ite:70 KerTime:0.109283 AccTime:7.800112
#IT Ite:75 KerTime:0.110315 AccTime:8.349680
#IT Ite:80 KerTime:0.109852 AccTime:8.897790
#IT Ite:85 KerTime:0.109638 AccTime:9.447896
#IT Ite:90 KerTime:0.109855 AccTime:9.998981
#IT Ite:95 KerTime:0.110030 AccTime:10.547925
#IT Ite:100 KerTime:0.110163 AccTime:11.097351
#IT Ite:105 KerTime:0.110232 AccTime:11.646706
#IT Ite:110 KerTime:0.109141 AccTime:12.194830
#IT Ite:115 KerTime:0.109938 AccTime:12.743978
#IT Ite:120 KerTime:0.109512 AccTime:13.292654
#IT Ite:125 KerTime:0.109786 AccTime:13.841985
#IT Ite:130 KerTime:0.110051 AccTime:14.391867
#IT Ite:135 KerTime:0.110045 AccTime:14.941146
#IT Ite:140 KerTime:0.109527 AccTime:15.490332
#IT Ite:145 KerTime:0.109609 AccTime:16.039511
#IT Ite:150 KerTime:0.110162 AccTime:16.590493
#IT Ite:155 KerTime:0.110615 AccTime:17.140777
#IT Ite:160 KerTime:0.109855 AccTime:17.689192
#IT Ite:165 KerTime:0.110030 AccTime:18.237758
#IT Ite:170 KerTime:0.109961 AccTime:18.786368
#IT Ite:175 KerTime:0.109317 AccTime:19.333815
#IT Ite:180 KerTime:0.110378 AccTime:19.883490
#IT Ite:185 KerTime:0.109122 AccTime:20.432418
#IT Ite:190 KerTime:0.110684 AccTime:20.980090
#IT Ite:195 KerTime:0.109130 AccTime:21.528650
#IT Ite:200 KerTime:0.109110 AccTime:22.078450
#IT Ite:205 KerTime:0.110111 AccTime:22.628159
#IT Ite:210 KerTime:0.109406 AccTime:23.176836
#IT Ite:215 KerTime:0.109822 AccTime:23.725776
#IT Ite:220 KerTime:0.109323 AccTime:24.274114
#IT Ite:225 KerTime:0.110462 AccTime:24.826424
#IT Ite:230 KerTime:0.109808 AccTime:25.375282
#IT Ite:235 KerTime:0.110156 AccTime:25.925759
#IT Ite:240 KerTime:0.109496 AccTime:26.474253
#IT Ite:245 KerTime:0.109804 AccTime:27.021818
#IT Ite:250 KerTime:0.109618 AccTime:27.572177
#IT Ite:255 KerTime:0.110176 AccTime:28.121978
#IT Ite:260 KerTime:0.108653 AccTime:28.669956
#IT Ite:265 KerTime:0.110318 AccTime:29.219085
#IT Ite:270 KerTime:0.109484 AccTime:29.767882
#IT Ite:275 KerTime:0.109804 AccTime:30.317968
#IT Ite:280 KerTime:0.110167 AccTime:30.866895
#IT Ite:285 KerTime:0.110402 AccTime:31.415733
#IT Ite:290 KerTime:0.110359 AccTime:31.965370
#IT Ite:295 KerTime:0.109063 AccTime:32.514453
#ERR p: [512, 18], r: -8.5412217836361360e+15, e: 9.2365610553849175e+33
#ERR p: [512, 22], r: -2.2327337232250720e+15, e: 1.0215324231231525e+34
#ERR p: [512, 26], r: 3.9433270560819680e+15, e: -2.8395144188947794e+34
#ERR p: [512, 30], r: 1.8639198446331544e+16, e: -5.6602137232218934e+33
#ERR p: [513, 18], r: 3.8344059472311288e+16, e: -2.9811240600318619e+34
#ERR p: [513, 22], r: 2.3144017426948992e+16, e: 1.0854606252157006e+34
#ERR p: [513, 26], r: 1.0137976404113696e+16, e: -1.3517023568336464e+34
#ERR p: [513, 30], r: -2.0398373924311248e+16, e: 3.3517042871245727e+33
#ERR p: [514, 18], r: 1.8059250521155076e+16, e: 1.2363355068325425e+34
#ERR p: [514, 22], r: -1.4233340456712992e+16, e: 6.5554586682471945e+33
#ERR p: [514, 26], r: 3.5909352241640912e+16, e: -1.7627567817983199e+34
#ERR p: [514, 30], r: 1.6644116698808968e+16, e: -1.8550517220439888e+33
#ERR p: [515, 18], r: 3.4184977307859808e+16, e: 2.6426508409454600e+34
#ERR p: [515, 22], r: -3.6031617968870320e+16, e: -2.5901230976053346e+34
#ERR p: [515, 26], r: 2.8026287226310000e+16, e: 1.7851720937246223e+32
#ERR p: [515, 30], r: -2.7957205257445576e+16, e: -5.5141869971725811e+33
#ERR p: [516, 18], r: 3.6009506035942584e+16, e: -1.0824836052286546e+34
#ERR p: [516, 22], r: 3.7068031159380448e+16, e: -8.3766865502556049e+33
#ERR p: [516, 26], r: -1.9310588331423696e+16, e: 4.0817461528681494e+33
#ERR p: [516, 30], r: 3.4145119578801120e+15, e: -8.8617905251462560e+33
#ERR p: [517, 18], r: 3.1683833896588536e+16, e: 9.2285883933274941e+33
#ERR p: [517, 22], r: -6.7637663001250480e+15, e: 1.7979907909478646e+34
#ERR p: [517, 26], r: 1.1758862145319580e+16, e: -3.5346874027011298e+34
#ERR p: [517, 30], r: -3.2765470187425616e+16, e: 2.8314617813688887e+34
#ERR p: [518, 18], r: -3.5004943209622048e+16, e: -9.4672147480941223e+33
#ERR p: [518, 22], r: 3.8098916425898672e+16, e: -7.3003343385027747e+33
#ERR p: [518, 26], r: 1.6809855323839932e+16, e: 2.4648965738515582e+34
#ERR p: [518, 30], r: 5.4247995077408840e+15, e: -4.7235938087612696e+33
#ERR p: [519, 18], r: 1.5170499847067520e+16, e: -7.2546955066988253e+32
#ERR p: [519, 22], r: -3.8818151595748960e+16, e: -2.2280286431759888e+33
#ERR p: [519, 26], r: 3.5136427600188180e+16, e: 1.3114414600209779e+34
#ERR p: [519, 30], r: 2.4919277424698696e+16, e: 1.9404283543266842e+33
#ERR p: [520, 18], r: -1.2613283019402992e+16, e: -1.0132003648329917e+34
#ERR p: [520, 22], r: 3.5293567936830224e+16, e: 2.4341742957659723e+34
#ERR p: [520, 26], r: -2.0656775763455776e+16, e: 1.1759328242911327e+34
#ERR p: [520, 30], r: 2.2040027172593400e+16, e: -6.6634463831963341e+33
#ERR p: [521, 18], r: -5.5241388430967920e+15, e: -3.9173116438149386e+34
#ERR p: [521, 22], r: -3.0673640533031896e+16, e: 5.7017742039491974e+33
#ERR p: [521, 26], r: -9.7778454191815120e+15, e: -4.3727775197073101e+33
#ERR p: [521, 30], r: -3.5732559725558384e+16, e: 1.1157297320425946e+34
#ERR p: [522, 18], r: -8.6792854948397760e+15, e: -2.0335327531434350e+34
#ERR p: [522, 22], r: -1.0824549683649096e+16, e: -1.4174022894326373e+33
#ERR p: [522, 26], r: 4.0535794670056552e+16, e: -1.0943826533335594e+34
#ERR p: [522, 30], r: -2.0756369172712784e+16, e: 2.9446189340992166e+34
#ERR p: [523, 18], r: -3.3477363830402496e+16, e: -2.2005251188060637e+34
#ERR p: [523, 22], r: 2.6730533847751096e+16, e: -1.3382194890440205e+34
#ERR p: [523, 26], r: -1.9506611733196304e+16, e: 4.1042558512824899e+34
#ERR p: [523, 30], r: 4.2052943403814000e+15, e: 2.1944607937248097e+33
#ERR p: [524, 18], r: 2.6430000174049288e+16, e: -4.7052372162993441e+33
#ERR p: [524, 22], r: -2.9862506789868696e+16, e: 1.0249489596591092e+34
#ERR p: [524, 26], r: 1.1574742290277036e+16, e: -1.6058030667172923e+33
#ERR p: [524, 30], r: -2.7176081203147768e+16, e: -2.2763054836723207e+34
#ERR p: [525, 18], r: 5.4272954026051200e+14, e: 1.8027328851576433e+34
#ERR p: [525, 22], r: 2.9711833969905972e+16, e: -2.5839208984425941e+34
#ERR p: [525, 26], r: 1.5426630606647580e+16, e: 2.2889655040264207e+34
#ERR p: [525, 30], r: 2.2363938699074088e+16, e: 2.3649948445038584e+34
#ERR p: [526, 18], r: -1.9484483617888760e+16, e: 7.3122543421192672e+33
#ERR p: [526, 22], r: 2.4165544188153000e+16, e: -1.2433595060662795e+34
#ERR p: [526, 26], r: -3.4449323201943184e+16, e: 4.0389457630967386e+33
#ERR p: [526, 30], r: 2.0179773766543716e+16, e: 2.8812306588502063e+34
#ERR p: [527, 18], r: -1.1686702900616456e+16, e: 3.5448922750065798e+34
#ERR p: [527, 22], r: -2.5261113723086192e+16, e: -1.3936748551228218e+34
#SDC Ite:298 KerTime:0.109541 AccTime:32.843468 KerErr:256 AccErr:256
#IT Ite:300 KerTime:0.110845 AccTime:33.064742
#IT Ite:305 KerTime:0.110158 AccTime:33.614025
#IT Ite:310 KerTime:0.109159 AccTime:34.162852
#IT Ite:315 KerTime:0.109609 AccTime:34.711589
#IT Ite:320 KerTime:0.110139 AccTime:35.260857
#IT Ite:325 KerTime:0.112360 AccTime:35.811692
#IT Ite:330 KerTime:0.110508 AccTime:36.361525
#IT Ite:335 KerTime:0.110091 AccTime:36.910935
#IT Ite:340 KerTime:0.109896 AccTime:37.459542
#IT Ite:345 KerTime:0.109770 AccTime:38.009462
#IT Ite:350 KerTime:0.110400 AccTime:38.558265
#IT Ite:355 KerTime:0.109694 AccTime:39.107401
#IT Ite:360 KerTime:0.109863 AccTime:39.658797
#IT Ite:365 KerTime:0.109726 AccTime:40.206662
#IT Ite:370 KerTime:0.109854 AccTime:40.756585
#IT Ite:375 KerTime:0.110548 AccTime:41.306457
#IT Ite:380 KerTime:0.109352 AccTime:41.854211
#IT Ite:385 KerTime:0.109814 AccTime:42.403654
#IT Ite:390 KerTime:0.109748 AccTime:42.952765
#IT Ite:395 KerTime:0.110364 AccTime:43.503033
#IT Ite:400 KerTime:0.110426 AccTime:44.057022
#IT Ite:405 KerTime:0.109887 AccTime:44.613932
#IT Ite:410 KerTime:0.110023 AccTime:45.165524
#IT Ite:415 KerTime:0.112376 AccTime:45.721345
#IT Ite:420 KerTime:0.109315 AccTime:46.275936
#IT Ite:425 KerTime:0.111634 AccTime:46.828106
#IT Ite:430 KerTime:0.110601 AccTime:47.383177
#IT Ite:435 KerTime:0.111940 AccTime:47.941035
#IT Ite:440 KerTime:0.111184 AccTime:48.495923
#IT Ite:445 KerTime:0.111945 AccTime:49.053641
#IT Ite:450 KerTime:0.111916 AccTime:49.609737
#IT Ite:455 KerTime:0.111011 AccTime:50.164082
#IT Ite:460 KerTime:0.111586 AccTime:50.718013
#IT Ite:465 KerTime:0.110596 AccTime:51.272018
#IT Ite:470 KerTime:0.110762 AccTime:51.828525
#IT Ite:475 KerTime:0.111696 AccTime:52.382792
#IT Ite:480 KerTime:0.110785 AccTime:52.937518
#IT Ite:485 KerTime:0.109609 AccTime:53.489181
#IT Ite:490 KerTime:0.111142 AccTime:54.041777
#IT Ite:495 KerTime:0.113347 AccTime:54.598091
#IT Ite:500 KerTime:0.109021 AccTime:55.152407
#IT Ite:505 KerTime:0.110274 AccTime:55.705167
#IT Ite:510 KerTime:0.110359 AccTime:56.261782
#IT Ite:515 KerTime:0.111338 AccTime:56.815997
#IT Ite:520 KerTime:0.110534 AccTime:57.369263
#IT Ite:525 KerTime:0.111002 AccTime:57.922287
#IT Ite:530 KerTime:0.111602 AccTime:58.479332
#IT Ite:535 KerTime:0.111144 AccTime:59.032942
#IT Ite:540 KerTime:0.110262 AccTime:59.588434
#IT Ite:545 KerTime:0.111554 AccTime:60.144016
#IT Ite:550 KerTime:0.110646 AccTime:60.699532
#IT Ite:555 KerTime:0.111822 AccTime:61.250221
#IT Ite:560 KerTime:0.110977 AccTime:61.805098
#IT Ite:565 KerTime:0.110868 AccTime:62.363919
#IT Ite:570 KerTime:0.110848 AccTime:62.917755
#IT Ite:575 KerTime:0.110881 AccTime:63.469613
#IT Ite:580 KerTime:0.110133 AccTime:64.023620
#IT Ite:585 KerTime:0.110516 AccTime:64.580267
#IT Ite:590 KerTime:0.110070 AccTime:65.133599
#IT Ite:595 KerTime:0.109664 AccTime:65.686912
#IT Ite:600 KerTime:0.109231 AccTime:66.239547
#IT Ite:605 KerTime:0.110451 AccTime:66.793538
#IT Ite:610 KerTime:0.111153 AccTime:67.346800
#IT Ite:615 KerTime:0.110506 AccTime:67.902235
#IT Ite:620 KerTime:0.110445 AccTime:68.457896
#IT Ite:625 KerTime:0.111664 AccTime:69.012064
#IT Ite:630 KerTime:0.111094 AccTime:69.565094
#IT Ite:635 KerTime:0.111382 AccTime:70.125141
#ERR p: [214, 336], r: -1.8519473560713200e+15, e: -2.7388331222320759e+33
#ERR p: [214, 337], r: 3.1548761583060024e+16, e: 5.8677336630606248e+33
#ERR p: [214, 338], r: -3.3943364907277744e+16, e: -3.3054796911203965e+34
#ERR p: [214, 339], r: 1.7617477483371272e+16, e: -3.3911881162112546e+34
#ERR p: [214, 340], r: -1.7914298873119056e+16, e: 2.8902159241758538e+33
#ERR p: [214, 341], r: -1.2755451691811904e+16, e: -6.4700217886152644e+33
#ERR p: [214, 342], r: -3.9463178480546960e+15, e: -2.7709882085952457e+34
#ERR p: [214, 343], r: -1.7415985273912552e+16, e: 8.8365011569498643e+33
#ERR p: [214, 344], r: 3.7858353823460640e+16, e: -1.0437840361836030e+34
#ERR p: [214, 345], r: -1.4425079723522080e+15, e: -1.3536758341001111e+34
#ERR p: [214, 346], r: 4.0317008938234296e+16, e: -3.2126655526632127e+34
#ERR p: [214, 347], r: 3.4737957650499416e+16, e: 7.1906435301638726e+33
#ERR p: [214, 348], r: -3.8311042165856816e+16, e: -1.4647778385342640e+34
#ERR p: [214, 349], r: 1.2968694083413108e+16, e: -7.0956708849789275e+33
#SDC Ite:638 KerTime:0.110811 AccTime:70.454636 KerErr:14 AccErr:270
#IT Ite:640 KerTime:0.111033 AccTime:70.676769
#IT Ite:645 KerTime:0.110879 AccTime:71.228093
#IT Ite:650 KerTime:0.110112 AccTime:71.783451
#IT Ite:655 KerTime:0.111402 AccTime:72.338187
#IT Ite:660 KerTime:0.108777 AccTime:72.889611
#IT Ite:665 KerTime:0.111844 AccTime:73.445626
#IT Ite:670 KerTime:0.110420 AccTime:74.000642
#IT Ite:675 KerTime:0.112066 AccTime:74.555192
#IT Ite:680 KerTime:0.108865 AccTime:75.108672
#IT Ite:685 KerTime:0.109815 AccTime:75.661316
#IT Ite:690 KerTime:0.110893 AccTime:76.217156
#IT Ite:695 KerTime:0.111981 AccTime:76.774219
#IT Ite:700 KerTime:0.111185 AccTime:77.332965
#IT Ite:705 KerTime:0.111201 AccTime:77.889676
#ERR p: [0, 816], r: 2.7302797704132272e+16, e: -6.9862304685757749e+33
#ERR p: [0, 817], r: -5.3678068421762400e+15, e: 3.0356036233625342e+34
#ERR p: [0, 818], r: 2.0142189871376380e+16, e: 4.2441526009135713e+33
#ERR p: [0, 819], r: -3.8672015224566688e+16, e: 4.9722522768681318e+33
#ERR p: [0, 820], r: 1.0455769449247048e+16, e: 1.0832436844022548e+34
#ERR p: [0, 821], r: 2.5434823445808144e+16, e: 2.2668552203174262e+33
#ERR p: [0, 822], r: -1.0481987919814888e+16, e: 1.0554269328752712e+34
#ERR p: [0, 823], r: -2.9435884956549840e+15, e: 8.8106796785794840e+33
#ERR p: [0, 824], r: 1.0869560693891720e+16, e: -3.7520150671857571e+33
#ERR p: [0, 825], r: -1.2615181760076432e+16, e: 1.2057208876238771e+33
#ERR p: [0, 826], r: 3.6172058836337176e+16, e: 1.6930508892046252e+33
#ERR p: [0, 827], r: 1.8972931574622168e+16, e: 2.3944339179117259e+33
#ERR p: [0, 828], r: -2.7039039096776400e+16, e: -1.4070777925952785e+34
#ERR p: [0, 829], r: 1.5600515571217984e+16, e: -1.9890015778760390e+34
#ERR p: [0, 830], r: -3.4764926466507840e+16, e: -2.6663433337645481e+34
#ERR p: [0, 831], r: 1.8908054938469084e+16, e: -4.8170681671414319e+33
#ERR p: [0, 896], r: -2.7118439816609040e+15, e: 8.4946949092808937e+32
#ERR p: [0, 897], r: 5.3183390358015880e+15, e: 3.5798614833916703e+34
#ERR p: [0, 898], r: -2.8402175732254960e+15, e: 1.1663570138339204e+34
#ERR p: [0, 899], r: 1.9421815984951332e+16, e: -2.1268067075428963e+34
#ERR p: [0, 900], r: 2.7900601193375888e+16, e: -1.3244036488604944e+34
#ERR p: [0, 901], r: 1.3102882092075424e+16, e: -2.2087973630588867e+33
#ERR p: [0, 902], r: -2.0662277746185664e+16, e: 2.1538973448717550e+34
#ERR p: [0, 903], r: -3.9128659597767520e+16, e: -3.4429235433775483e+33
#ERR p: [0, 904], r: 4.0543143821520728e+16, e: 1.0074443491805915e+34
#ERR p: [0, 905], r: 2.3619439803792164e+16, e: 9.4012323407029328e+33
#ERR p: [0, 906], r: -3.1227352529099216e+16, e: -5.5572502688548251e+33
#ERR p: [0, 907], r: 1.9746849182341248e+16, e: -3.0119386973825993e+34
#ERR p: [0, 908], r: -3.0348690586414192e+16, e: 2.8037933717143973e+34
#ERR p: [0, 909], r: -2.1723680876594040e+16, e: -1.6379661434847715e+34
#ERR p: [0, 910], r: 1.4783333573125304e+16, e: -4.1223113438433022e+33
#ERR p: [0, 911], r: -1.8191811005845664e+16, e: 5.1452728545129217e+33
#ERR p: [1, 816], r: -1.6584879490332680e+16, e: 4.4499214036686407e+33
#ERR p: [1, 817], r: -3.2469061443103472e+16, e: 2.1936194664108227e+34
#ERR p: [1, 818], r: -1.2826089371483776e+16, e: 1.1979461172079370e+34
#ERR p: [1, 819], r: -2.7525289816733448e+16, e: 1.1207947503753188e+34
#ERR p: [1, 820], r: -1.7905713383879512e+16, e: 1.8559555239647713e+34
#ERR p: [1, 821], r: 2.4771552044751120e+16, e: 9.4438653186443870e+33
#ERR p: [1, 822], r: 3.6178912311652672e+16, e: -1.3602457863031936e+34
#ERR p: [1, 823], r: 9.5453301087841400e+15, e: -1.3441264043717994e+34
#ERR p: [1, 824], r: 3.3850891808852552e+16, e: -8.3656120779389642e+33
#ERR p: [1, 825], r: -1.8796427958987656e+16, e: -7.0381159249881832e+33
#ERR p: [1, 826], r: -3.0426869562454400e+14, e: -1.5130209917759396e+34
#ERR p: [1, 827], r: 3.2744155329970644e+16, e: -1.3929597174328024e+34
#ERR p: [1, 828], r: 3.4172993212817236e+16, e: 2.2894003117772905e+34
#ERR p: [1, 829], r: 2.2696390636265276e+16, e: -7.1481173406400327e+33
#ERR p: [1, 830], r: -3.8331470434017472e+16, e: 2.8059083802710548e+34
#ERR p: [1, 831], r: -2.1744941502340136e+16, e: 4.2269608185230950e+33
#ERR p: [1, 896], r: -1.4653871785968544e+16, e: -5.4304891088684989e+33
#ERR p: [1, 897], r: -9.6854713825881600e+14, e: -1.7025326075009787e+34
#ERR p: [1, 898], r: -1.8660272371998056e+16, e: -6.8702550329150104e+33
#ERR p: [1, 899], r: 1.3066121508760376e+16, e: 2.1073101688978871e+34
#ERR p: [1, 900], r: 1.8309781507179120e+15, e: -7.7711434350383389e+33
#ERR p: [1, 901], r: -2.4180026514355096e+16, e: -5.0967322649545085e+33
#ERR p: [1, 902], r: 2.0888203606877476e+16, e: 2.1296765667316640e+34
#ERR p: [1, 903], r: 2.1996297095866872e+16, e: 3.0324030063345988e+33
#ERR p: [1, 904], r: -2.7598534206449984e+16, e: 2.4500692933794183e+34
#ERR p: [1, 905], r: -3.3033704025343056e+16, e: -2.1208490081433252e+34
#ERR p: [1, 906], r: -1.7250109836859632e+16, e: 6.2105866248452313e+33
#ERR p: [1, 907], r: 1.2716974976679312e+16, e: -1.3079135322501827e+34
#ERR p: [1, 908], r: -3.8000946978889440e+15, e: -5.0711791781711391e+34
#ERR p: [1, 909], r: -1.2295783580821040e+15, e: -1.7427576678642553e+34
#SDC Ite:707 KerTime:0.110074 AccTime:78.110382 KerErr:49152 AccErr:49422
#ABORT too many errors per iteration
#END