#HEADER size:1024x1024
#BEGIN Y:2015 M:11 D:22 Time:14:47:53
#IT Ite:0 KerTime:0.112837 AccTime:0.112837
#IT Ite:5 KerTime:0.110505 AccTime:0.669417
#IT Ite:10 KerTime:0.111453 AccTime:1.227037
#IT Ite:15 KerTime:0.111010 AccTime:1.782519
#IT Ite:20 KerTime:0.112322 AccTime:2.340069
#IT Ite:25 KerTime:0.110395 AccTime:2.897855
#IT Ite:30 KerTime:0.110621 AccTime:3.451766
#IT Ite:35 KerTime:0.110646 AccTime:4.010634
#IT Ite:40 KerTime:0.110574 AccTime:4.566113
#IT Ite:45 KerTime:0.110462 AccTime:5.120688
#IT Ite:50 KerTime:0.112214 AccTime:5.677269
#IT Ite:55 KerTime:0.111043 AccTime:6.234283
#IT Ite:60 KerTime:0.111671 AccTime:6.792462
#IT Ite:65 KerTime:0.112492 AccTime:7.351315
#IT Ite:70 KerTime:0.110110 AccTime:7.907879
#IT Ite:75 KerTime:0.110692 AccTime:8.465390
#IT Ite:80 KerTime:0.111923 AccTime:9.022877
#IT Ite:85 KerTime:0.111962 AccTime:9.579273
#IT Ite:90 KerTime:0.111459 AccTime:10.136718
#IT Ite:95 KerTime:0.109671 AccTime:10.691391
#IT Ite:100 KerTime:0.111654 AccTime:11.246180
#IT Ite:105 KerTime:0.111356 AccTime:11.803108
#IT Ite:110 KerTime:0.112271 AccTime:12.357893
#IT Ite:115 KerTime:0.111458 AccTime:12.915116
#IT Ite:120 KerTime:0.111567 AccTime:13.469206
#IT Ite:125 KerTime:0.111065 AccTime:14.022233
#IT Ite:130 KerTime:0.111575 AccTime:14.578351
#IT Ite:135 KerTime:0.112334 AccTime:15.136730
#IT Ite:140 KerTime:0.111168 AccTime:15.691868
#IT Ite:145 KerTime:0.110276 AccTime:16.244862
#IT Ite:150 KerTime:0.111368 AccTime:16.800601
#IT Ite:155 KerTime:0.111138 AccTime:17.356612
#IT Ite:160 KerTime:0.111320 AccTime:17.911129
#IT Ite:165 KerTime:0.109776 AccTime:18.466161
#IT Ite:170 KerTime:0.110174 AccTime:19.020618
#IT Ite:175 KerTime:0.110820 AccTime:19.572418
#IT Ite:180 KerTime:0.109792 AccTime:20.125594
#IT Ite:185 KerTime:0.110808 AccTime:20.681802
#IT Ite:190 KerTime:0.110756 AccTime:21.237854
#IT Ite:195 KerTime:0.111286 AccTime:21.794061
#IT Ite:200 KerTime:0.112171 AccTime:22.349012
#IT Ite:205 KerTime:0.110648 AccTime:22.904702
#IT Ite:210 KerTime:0.110254 AccTime:23.459476
#IT Ite:215 KerTime:0.110940 AccTime:24.014888
#IT Ite:220 KerTime:0.110560 AccTime:24.567858
#IT Ite:225 KerTime:0.112069 AccTime:25.123234
#IT Ite:230 KerTime:0.110305 AccTime:25.679179
#IT Ite:235 KerTime:0.111241 AccTime:26.233918
#IT Ite:240 KerTime:0.110851 AccTime:26.791839
#IT Ite:245 KerTime:0.111569 AccTime:27.348974
#IT Ite:250 KerTime:0.110636 AccTime:27.903339
#IT Ite:255 KerTime:0.111531 AccTime:28.458368
#IT Ite:260 KerTime:0.111580 AccTime:29.014099
#IT Ite:265 KerTime:0.111390 AccTime:29.569809
#IT Ite:270 KerTime:0.110173 AccTime:30.126240
#IT Ite:275 KerTime:0.111778 AccTime:30.681450
#IT Ite:280 KerTime:0.110288 AccTime:31.236278
#IT Ite:285 KerTime:0.111040 AccTime:31.790687
#IT Ite:290 KerTime:0.111796 AccTime:32.347824
#IT Ite:295 KerTime:0.111122 AccTime:32.904795
#IT Ite:300 KerTime:0.110275 AccTime:33.459980
#IT Ite:305 KerTime:0.112514 AccTime:34.014843
#IT Ite:310 KerTime:0.111210 AccTime:34.571344
#IT Ite:315 KerTime:0.111529 AccTime:35.128159
#IT Ite:320 KerTime:0.111500 AccTime:35.685836
#IT Ite:325 KerTime:0.111573 AccTime:36.239371
#ERR p: [74, 417], r: 4.6005162337925280e+15, e: -1.6609872452978964e+34
#SDC Ite:327 KerTime:0.111249 AccTime:36.461311 KerErr:1 AccErr:1
#IT Ite:330 KerTime:0.111560 AccTime:36.795596
#IT Ite:335 KerTime:0.112299 AccTime:37.352122
#IT Ite:340 KerTime:0.111172 AccTime:37.909939
#IT Ite:345 KerTime:0.111004 AccTime:38.465434
#IT Ite:350 KerTime:0.109703 AccTime:39.019531
#IT Ite:355 KerTime:0.111075 AccTime:39.572816
#IT Ite:360 KerTime:0.110869 AccTime:40.127344
#IT Ite:365 KerTime:0.111926 AccTime:40.685472
#IT Ite:370 KerTime:0.110535 AccTime:41.238347
#IT Ite:375 KerTime:0.111486 AccTime:41.797117
#IT Ite:380 KerTime:0.110863 AccTime:42.352343
#IT Ite:385 KerTime:0.110894 AccTime:42.909141
#IT Ite:390 KerTime:0.111009 AccTime:43.467449
#IT Ite:395 KerTime:0.111095 AccTime:44.023200
#IT Ite:400 KerTime:0.112203 AccTime:44.580991
#IT Ite:405 KerTime:0.110821 AccTime:45.137869
#IT Ite:410 KerTime:0.111407 AccTime:45.696732
#IT Ite:415 KerTime:0.110210 AccTime:46.250487
#IT Ite:420 KerTime:0.111360 AccTime:46.805913
#IT Ite:425 KerTime:0.111322 AccTime:47.361754
#IT Ite:430 KerTime:0.109013 AccTime:47.916292
#IT Ite:435 KerTime:0.112144 AccTime:48.469599
#IT Ite:440 KerTime:0.110357 AccTime:49.025408
#IT Ite:445 KerTime:0.112028 AccTime:49.583887
#IT Ite:450 KerTime:0.111128 AccTime:50.140153
#IT Ite:455 KerTime:0.111536 AccTime:50.697048
#IT Ite:460 KerTime:0.112287 AccTime:51.254205
#IT Ite:465 KerTime:0.111599 AccTime:51.811969
#IT Ite:470 KerTime:0.111386 AccTime:52.371295
#IT Ite:475 KerTime:0.111178 AccTime:52.926997
#IT Ite:480 KerTime:0.111873 AccTime:53.481632
#IT Ite:485 KerTime:0.110200 AccTime:54.035906
#IT Ite:490 KerTime:0.111388 AccTime:54.590268
#IT Ite:495 KerTime:0.110002 AccTime:55.144877
#IT Ite:500 KerTime:0.111200 AccTime:55.699643
#IT Ite:505 KerTime:0.111185 AccTime:56.256894
#IT Ite:510 KerTime:0.111897 AccTime:56.817059
#IT Ite:515 KerTime:0.111450 AccTime:57.373520
#IT Ite:520 KerTime:0.110898 AccTime:57.930202
#IT Ite:525 KerTime:0.111466 AccTime:58.488217
#IT Ite:530 KerTime:0.111132 AccTime:59.044800
#IT Ite:535 KerTime:0.111331 AccTime:59.602106
#IT Ite:540 KerTime:0.111289 AccTime:60.158452
#IT Ite:545 KerTime:0.111276 AccTime:60.717576
#IT Ite:550 KerTime:0.111744 AccTime:61.272015
#IT Ite:555 KerTime:0.111852 AccTime:61.826811
#IT Ite:560 KerTime:0.111998 AccTime:62.385652
#IT Ite:565 KerTime:0.111122 AccTime:62.942721
#ERR p: [128, 342], r: 3.4944807143336160e+16, e: 2.1476244401004283e+34
#ERR p: [129, 342], r: 3.5961877323301508e+16, e: -3.2359757218613312e+33
#ERR p: [130, 342], r: -1.8027416441636160e+16, e: 3.6233609997136456e+33
#ERR p: [131, 342], r: -1.5599131156016144e+16, e: -2.1113162856477533e+33
#ERR p: [132, 342], r: 2.7546726445322856e+16, e: -2.6096401560151778e+34
#ERR p: [133, 342], r: -2.0925023076137528e+16, e: -1.0427095370000955e+33
#ERR p: [134, 342], r: 1.8507251001959668e+16, e: 6.0520153104744239e+33
#ERR p: [135, 342], r: -2.8340823516417280e+15, e: 2.2138410612020271e+32
#ERR p: [136, 342], r: 2.4226060691531760e+15, e: -5.0412929130710630e+33
#ERR p: [137, 342], r: -2.9759451754949984e+16, e: -9.9995713269124693e+33
#ERR p: [138, 342], r: -4.1326745283044800e+14, e: 2.9939028693917336e+34
#ERR p: [139, 342], r: -2.4427224443556744e+16, e: -3.7060211467370425e+33
#ERR p: [140, 342], r: 3.2988114736571908e+16, e: 2.6564181477177773e+33
#ERR p: [141, 342], r: -2.2983651211563496e+16, e: 1.1996148903355399e+34
#ERR p: [142, 342], r: 4.0523806896666064e+16, e: -3.4870111170090099e+34
#ERR p: [143, 342], r: 2.5302116047250104e+16, e: -2.4446884999445518e+34
#ERR p: [144, 342], r: -1.0094362166989600e+15, e: -1.5504092284917650e+34
#ERR p: [145, 342], r: 4.0791453887954352e+16, e: -5.7309560413271847e+33
#ERR p: [146, 342], r: 3.0526254879944024e+16, e: -1.5750875124749972e+34
#ERR p: [147, 342], r: 2.8759741167785600e+16, e: 3.5438788877455045e+32
#ERR p: [148, 342], r: -1.8607544094715280e+15, e: -8.3487294094356000e+32
#ERR p: [149, 342], r: -9.7626757765748000e+14, e: -1.2390757282369247e+34
#ERR p: [150, 342], r: 3.2354618323262780e+16, e: -4.0502808331902094e+34
#ERR p: [151, 342], r: -7.7369221249595200e+14, e: 3.4102977396946317e+34
#ERR p: [152, 342], r: 3.1891193877235040e+15, e: -1.8900820277053983e+34
#ERR p: [153, 342], r: 3.4440584578476848e+16, e: -9.5068582943041417e+33
#ERR p: [154, 342], r: 2.9255431729586792e+16, e: 1.6384513473739413e+33
#ERR p: [155, 342], r: -2.7292743535496296e+16, e: 2.6460590506505227e+33
#ERR p: [156, 342], r: -3.3663565818035968e+16, e: 1.2362892524520895e+33
#ERR p: [157, 342], r: -2.6080800413370136e+16, e: 1.1297388464500060e+34
#ERR p: [158, 342], r: -1.7269790386971088e+16, e: -3.1405624178656691e+34
#ERR p: [159, 342], r: 3.9932855081098152e+16, e: -1.4441454137736089e+34
#ERR p: [160, 342], r: 1.8089309004431592e+16, e: 2.0614890711839002e+34
#ERR p: [161, 342], r: 8.9192073799483200e+14, e: -2.9729578021363181e+34
#ERR p: [162, 342], r: -1.7083368336543440e+16, e: -1.4281298479205854e+34
#ERR p: [163, 342], r: -1.6311454790357504e+16, e: 1.6676988696913852e+34
#ERR p: [164, 342], r: -4.9096200025714960e+15, e: -2.1258504595470089e+34
#ERR p: [165, 342], r: 3.5910373808939008e+16, e: -1.0977594399277037e+34
#ERR p: [166, 342], r: 1.7109927702685820e+16, e: 7.1679034332575623e+33
#ERR p: [167, 342], r: 1.9826222713107244e+16, e: -1.5420427674275828e+34
#ERR p: [168, 342], r: -3.7792462371002880e+16, e: 1.9153774699531742e+34
#ERR p: [169, 342], r: -1.9321101012231784e+16, e: 2.5179234480181022e+34
#ERR p: [170, 342], r: 2.1884167388970032e+16, e: -1.5044310160963322e+34
#ERR p: [171, 342], r: 1.1310515824742616e+16, e: -9.9763963360238745e+33
#ERR p: [172, 342], r: 2.1921760667677968e+16, e: 6.4590779311496703e+33
#ERR p: [173, 342], r: 3.3288842612029984e+16, e: 2.5711265999030424e+33
#ERR p: [174, 342], r: 2.2659031045252456e+16, e: -1.8450414675903275e+34
#ERR p: [175, 342], r: 2.4580743677036836e+16, e: 1.1729770885927117e+34
#ERR p: [176, 342], r: 3.0946006624646484e+16, e: 1.5435233963871404e+34
#ERR p: [177, 342], r: -3.3636096065940336e+16, e: 3.7245994815833780e+34
#ERR p: [178, 342], r: 1.2728326283277944e+16, e: 2.7184506632631526e+34
#ERR p: [179, 342], r: 3.3126515542088076e+16, e: -1.5470713507909450e+34
#ERR p: [180, 342], r: -2.9027273261846976e+16, e: 1.0704734318388638e+33
#ERR p: [181, 342], r: -7.1322954361364240e+15, e: 1.0148542309587457e+34
#ERR p: [182, 342], r: -1.8826429052529856e+16, e: 1.5619113825557369e+34
#ERR p: [183, 342], r: -3.4014298506286000e+16, e: 1.0279913766290573e+34
#ERR p: [184, 342], r: 2.4564734531020744e+16, e: -3.4611185577821791e+34
#ERR p: [185, 342], r: -2.6947922064948824e+16, e: 3.5942780292354825e+33
#ERR p: [186, 342], r: 1.8862755933754148e+16, e: 7.5285052879246697e+33
#ERR p: [187, 342], r: -7.7264965841434880e+15, e: 1.6139093398543702e+34
#ERR p: [188, 342], r: 7.8003091711662720e+15, e: -1.3409484455660887e+34
#ERR p: [189, 342], r: 3.0404868821390000e+15, e: -3.3079982142238548e+33
#SDC Ite:567 KerTime:0.111054 AccTime:63.163698 KerErr:64 AccErr:65
#IT Ite:570 KerTime:0.111277 AccTime:63.497312
#IT Ite:575 KerTime:0.110599 AccTime:64.052109
#IT Ite:580 KerTime:0.111402 AccTime:64.610468
#IT Ite:585 KerTime:0.111180 AccTime:65.168571
#IT Ite:590 KerTime:0.111837 AccTime:65.724400
#IT Ite:595 KerTime:0.110961 AccTime:66.278831
#IT Ite:600 KerTime:0.111010 AccTime:66.835767
#IT Ite:605 KerTime:0.110547 AccTime:67.391415
#IT Ite:610 KerTime:0.110254 AccTime:67.943893
#IT Ite:615 KerTime:0.111186 AccTime:68.500530
#IT Ite:620 KerTime:0.109788 AccTime:69.054087
#IT Ite:625 KerTime:0.110995 AccTime:69.610745
#IT Ite:630 KerTime:0.111853 AccTime:70.168018
#IT Ite:635 KerTime:0.111219 AccTime:70.725070
#IT Ite:640 KerTime:0.111678 AccTime:71.279149
#IT Ite:645 KerTime:0.114128 AccTime:71.836878
#IT Ite:650 KerTime:0.111090 AccTime:72.389122
#IT Ite:655 KerTime:0.111619 AccTime:72.946909
#IT Ite:660 KerTime:0.112188 AccTime:73.505133
#IT Ite:665 KerTime:0.111595 AccTime:74.060899
#IT Ite:670 KerTime:0.112202 AccTime:74.613588
#IT Ite:675 KerTime:0.111453 AccTime:75.166483
#IT Ite:680 KerTime:0.112129 AccTime:75.726575
#IT Ite:685 KerTime:0.111137 AccTime:76.280640
#IT Ite:690 KerTime:0.111403 AccTime:76.835390
#IT Ite:695 KerTime:0.110954 AccTime:77.390177
#IT Ite:700 KerTime:0.109981 AccTime:77.943851
#IT Ite:705 KerTime:0.112325 AccTime:78.499471
#IT Ite:710 KerTime:0.110851 AccTime:79.058389
#IT Ite:715 KerTime:0.109951 AccTime:79.613778
#IT Ite:720 KerTime:0.111892 AccTime:80.171032
#IT Ite:725 KerTime:0.111856 AccTime:80.728292
#IT Ite:730 KerTime:0.111048 AccTime:81.283564
#IT Ite:735 KerTime:0.110969 AccTime:81.839049
#IT Ite:740 KerTime:0.111702 AccTime:82.396288
#IT Ite:745 KerTime:0.111232 AccTime:82.951752
#IT Ite:750 KerTime:0.110299 AccTime:83.504419
#IT Ite:755 KerTime:0.110935 AccTime:84.061232
#IT Ite:760 KerTime:0.111320 AccTime:84.619551
#IT Ite:765 KerTime:0.111382 AccTime:85.178441
#IT Ite:770 KerTime:0.111019 AccTime:85.733152
#IT Ite:775 KerTime:0.111093 AccTime:86.289945
#IT Ite:780 KerTime:0.110303 AccTime:86.845060
#IT Ite:785 KerTime:0.111927 AccTime:87.406015
#IT Ite:790 KerTime:0.112717 AccTime:87.963478
#IT Ite:795 KerTime:0.108625 AccTime:88.516116
#IT Ite:800 KerTime:0.111602 AccTime:89.071991
#IT Ite:805 KerTime:0.112207 AccTime:89.627010
#IT Ite:810 KerTime:0.112011 AccTime:90.182131
#IT Ite:815 KerTime:0.110971 AccTime:90.738799
#IT Ite:820 KerTime:0.111052 AccTime:91.293737
#IT Ite:825 KerTime:0.111767 AccTime:91.849152
#IT Ite:830 KerTime:0.111194 AccTime:92.405812
#IT Ite:835 KerTime:0.111241 AccTime:92.960264
#IT Ite:840 KerTime:0.110045 AccTime:93.514888
#IT Ite:845 KerTime:0.111717 AccTime:94.071290
#IT Ite:850 KerTime:0.111111 AccTime:94.627482
#IT Ite:855 KerTime:0.111384 AccTime:95.185148
#IT Ite:860 KerTime:0.110597 AccTime:95.739527
#IT Ite:865 KerTime:0.110606 AccTime:96.296896
#IT Ite:870 KerTime:0.111238 AccTime:96.853869
#IT Ite:875 KerTime:0.111273 AccTime:97.413215
#IT Ite:880 KerTime:0.111039 AccTime:97.967745
#IT Ite:885 KerTime:0.110366 AccTime:98.524264
#IT Ite:890 KerTime:0.111039 AccTime:99.080112
#IT Ite:895 KerTime:0.111752 AccTime:99.639604
#IT Ite:900 KerTime:0.112310 AccTime:100.197901
#IT Ite:905 KerTime:0.110636 AccTime:100.752832
#IT Ite:910 KerTime:0.111234 AccTime:101.308316
#IT Ite:915 KerTime:0.111259 AccTime:101.864789
#IT Ite:920 KerTime:0.110425 AccTime:102.417740
#IT Ite:925 KerTime:0.111546 AccTime:102.972906
#IT Ite:930 KerTime:0.111600 AccTime:103.530069
#IT Ite:935 KerTime:0.111100 AccTime:104.087192
#IT Ite:940 KerTime:0.112290 AccTime:104.646394
#IT Ite:945 KerTime:0.111031 AccTime:105.200134
#IT Ite:950 KerTime:0.111080 AccTime:105.757850
#IT Ite:955 KerTime:0.112341 AccTime:106.314798
#IT Ite:960 KerTime:0.111209 AccTime:106.870807
#IT Ite:965 KerTime:0.110908 AccTime:107.428515
#IT Ite:970 KerTime:0.110831 AccTime:107.984999
#IT Ite:975 KerTime:0.110622 AccTime:108.539111
#IT Ite:980 KerTime:0.111340 AccTime:109.095244
#IT Ite:985 KerTime:0.112593 AccTime:109.653424
#IT Ite:990 KerTime:0.112006 AccTime:110.210057
#IT Ite:995 KerTime:0.111603 AccTime:110.766631
#END