#HEADER size:2048x2048
#BEGIN Y:2015 M:11 D:21 Time:06:48:18
#IT Ite:0 KerTime:0.899256 AccTime:0.899256
#IT Ite:5 KerTime:0.898674 AccTime:5.402349
#IT Ite:10 KerTime:0.902578 AccTime:9.913498
#IT Ite:15 KerTime:0.898777 AccTime:14.410275
#IT Ite:20 KerTime:0.900385 AccTime:18.915263
#IT Ite:25 KerTime:0.901803 AccTime:23.419708
#IT Ite:30 KerTime:0.899507 AccTime:27.921541
#IT Ite:35 KerTime:0.899866 AccTime:32.425800
#IT Ite:40 KerTime:0.900384 AccTime:36.927412
#IT Ite:45 KerTime:0.900597 AccTime:41.431300
#IT Ite:50 KerTime:0.900422 AccTime:45.935375
#IT Ite:55 KerTime:0.900470 AccTime:50.439831
#IT Ite:60 KerTime:0.900843 AccTime:54.945081
#IT Ite:65 KerTime:0.899878 AccTime:59.447912
#IT Ite:70 KerTime:0.899347 AccTime:63.952213
#IT Ite:75 KerTime:0.900753 AccTime:68.453211
#IT Ite:80 KerTime:0.901926 AccTime:72.960726
#IT Ite:85 KerTime:0.899043 AccTime:77.460798
#IT Ite:90 KerTime:0.900251 AccTime:81.965785
#IT Ite:95 KerTime:0.898063 AccTime:86.466987
#IT Ite:100 KerTime:0.899482 AccTime:90.968397
#IT Ite:105 KerTime:0.900544 AccTime:95.466677
#IT Ite:110 KerTime:0.900258 AccTime:99.972299
#IT Ite:115 KerTime:0.901000 AccTime:104.472459
#IT Ite:120 KerTime:0.898988 AccTime:108.974221
#IT Ite:125 KerTime:0.900025 AccTime:113.472326
#IT Ite:130 KerTime:0.901323 AccTime:117.984277
#IT Ite:135 KerTime:0.899208 AccTime:122.485839
#IT Ite:140 KerTime:0.898915 AccTime:126.989185
#IT Ite:145 KerTime:0.896515 AccTime:131.483943
#IT Ite:150 KerTime:0.900732 AccTime:135.982003
#IT Ite:155 KerTime:0.896163 AccTime:140.482970
#IT Ite:160 KerTime:0.899352 AccTime:144.986085
#IT Ite:165 KerTime:0.900410 AccTime:149.484788
#IT Ite:170 KerTime:0.902204 AccTime:153.988080
#IT Ite:175 KerTime:0.900033 AccTime:158.493615
#IT Ite:180 KerTime:0.901031 AccTime:162.998929
#IT Ite:185 KerTime:0.901674 AccTime:167.507806
#IT Ite:190 KerTime:0.898929 AccTime:172.010824
#IT Ite:195 KerTime:0.901279 AccTime:176.514302
#IT Ite:200 KerTime:0.900960 AccTime:181.013713
#IT Ite:205 KerTime:0.899961 AccTime:185.517072
#IT Ite:210 KerTime:0.901007 AccTime:190.026647
#ERR p: [597, 1709], r: 1.3857596846967936e+16, e: 3.7498088886643368e+34
#SDC Ite:211 KerTime:0.900587 AccTime:190.927234 KerErr:1 AccErr:1
#IT Ite:215 KerTime:0.897762 AccTime:194.527884
#IT Ite:220 KerTime:0.900895 AccTime:199.019330
#IT Ite:225 KerTime:0.899864 AccTime:203.523394
#IT Ite:230 KerTime:0.900249 AccTime:208.022427
#IT Ite:235 KerTime:0.899530 AccTime:212.521721
#IT Ite:240 KerTime:0.900534 AccTime:217.023387
#IT Ite:245 KerTime:0.901333 AccTime:221.532241
#IT Ite:250 KerTime:0.901347 AccTime:226.032471
#IT Ite:255 KerTime:0.898809 AccTime:230.535668
#IT Ite:260 KerTime:0.899502 AccTime:235.038754
#IT Ite:265 KerTime:0.898917 AccTime:239.543284
#IT Ite:270 KerTime:0.899165 AccTime:244.042991
#IT Ite:275 KerTime:0.900287 AccTime:248.545080
#IT Ite:280 KerTime:0.901347 AccTime:253.050468
#IT Ite:285 KerTime:0.901765 AccTime:257.558474
#IT Ite:290 KerTime:0.900022 AccTime:262.059765
#IT Ite:295 KerTime:0.897355 AccTime:266.557627
#IT Ite:300 KerTime:0.899490 AccTime:271.059061
#IT Ite:305 KerTime:0.899737 AccTime:275.564872
