#HEADER simIter:2000 gridSize:1024x1024
#BEGIN Y:2015 M:11 D:21 Time:20:52:51
#IT Ite:0 KerTime:1.909457 AccTime:1.909457
#IT Ite:10 KerTime:1.931431 AccTime:21.187508
#IT Ite:20 KerTime:1.946432 AccTime:40.561079
#IT Ite:30 KerTime:1.942712 AccTime:59.917615
#IT Ite:40 KerTime:1.936716 AccTime:79.325864
#ERR r:297.497345 e:297.497375 [198,713]

#ERR r:297.437836 e:297.437866 [198,714]

#ERR r:297.481384 e:297.481415 [199,713]

#ERR r:297.422424 e:297.422485 [199,714]

#ERR r:295.969421 e:295.969452 [199,743]

#ERR r:295.931427 e:295.931458 [199,744]

#ERR r:298.435730 e:298.435760 [200,696]

#ERR r:298.328674 e:298.328705 [200,698]

#ERR r:297.525726 e:297.525757 [200,712]

#ERR r:297.408630 e:297.408661 [200,714]

#ERR r:297.350403 e:297.350433 [200,715]

#ERR r:296.043518 e:296.043549 [200,741]

#ERR r:296.003998 e:296.004028 [200,742]

#ERR r:295.965332 e:295.965363 [200,743]

#ERR r:295.927521 e:295.927551 [200,744]

#ERR r:298.416107 e:298.416138 [201,696]

#ERR r:297.570953 e:297.570984 [201,711]

#ERR r:297.396454 e:297.396484 [201,714]

#ERR r:297.223938 e:297.223969 [201,717]

#ERR r:297.167114 e:297.167145 [201,718]

#ERR r:296.783264 e:296.783295 [201,725]

#ERR r:298.451050 e:298.451080 [202,695]

#ERR r:298.399200 e:298.399231 [202,696]

#ERR r:298.346649 e:298.346680 [202,697]

#ERR r:298.293427 e:298.293457 [202,698]

#ERR r:297.559265 e:297.559296 [202,711]

#ERR r:297.501343 e:297.501373 [202,712]

#ERR r:297.443512 e:297.443573 [202,713]

#ERR r:297.385895 e:297.385925 [202,714]

#ERR r:296.116882 e:296.116913 [202,739]

#ERR r:296.075989 e:296.076019 [202,740]

#ERR r:297.722229 e:297.722260 [203,708]

#ERR r:297.549438 e:297.549469 [203,711]

#ERR r:297.491821 e:297.491852 [203,712]

#ERR r:297.434296 e:297.434357 [203,713]

#ERR r:297.376984 e:297.377014 [203,714]

#ERR r:297.319855 e:297.319885 [203,715]

#ERR r:297.263000 e:297.263031 [203,716]

#ERR r:297.206421 e:297.206482 [203,717]

#ERR r:297.150238 e:297.150269 [203,718]

#ERR r:297.094452 e:297.094482 [203,719]

#ERR r:297.039093 e:297.039124 [203,720]

#ERR r:296.718536 e:296.718567 [203,726]

#ERR r:296.567078 e:296.567108 [203,729]

#ERR r:296.240906 e:296.240936 [203,736]

#ERR r:296.197632 e:296.197662 [203,737]

#ERR r:296.155151 e:296.155212 [203,738]

#ERR r:296.113525 e:296.113586 [203,739]

#ERR r:296.072754 e:296.072815 [203,740]

#ERR r:296.032837 e:296.032867 [203,741]

#ERR r:297.541443 e:297.541473 [204,711]

#ERR r:297.484070 e:297.484100 [204,712]

#ERR r:297.426788 e:297.426849 [204,713]

#ERR r:297.369720 e:297.369751 [204,714]

#ERR r:297.312836 e:297.312866 [204,715]

#ERR r:297.256226 e:297.256256 [204,716]

#ERR r:297.199890 e:297.199921 [204,717]

#ERR r:297.143921 e:297.143951 [204,718]

#ERR r:297.088348 e:297.088379 [204,719]

#ERR r:297.033203 e:297.033234 [204,720]

#ERR r:296.924438 e:296.924469 [204,722]

#ERR r:296.870850 e:296.870880 [204,723]

#ERR r:296.817871 e:296.817932 [204,724]

#ERR r:296.765533 e:296.765564 [204,725]

#ERR r:296.662811 e:296.662842 [204,727]

#ERR r:296.612488 e:296.612518 [204,728]

#ERR r:296.514069 e:296.514099 [204,730]

#ERR r:296.194550 e:296.194611 [204,737]

#ERR r:296.152191 e:296.152252 [204,738]

#ERR r:296.110718 e:296.110779 [204,739]

#ERR r:296.070038 e:296.070099 [204,740]

#ERR r:296.030212 e:296.030273 [204,741]

#ERR r:295.991241 e:295.991272 [204,742]

#ERR r:297.706818 e:297.706848 [205,708]

#ERR r:297.535309 e:297.535339 [205,711]

#ERR r:297.478119 e:297.478149 [205,712]

#ERR r:297.421051 e:297.421112 [205,713]

#ERR r:297.364136 e:297.364197 [205,714]

#ERR r:297.307434 e:297.307465 [205,715]

#ERR r:297.194855 e:297.194885 [205,717]

#ERR r:297.028656 e:297.028687 [205,720]

#ERR r:296.974182 e:296.974213 [205,721]

#ERR r:296.920197 e:296.920227 [205,722]

#ERR r:296.866730 e:296.866791 [205,723]

#ERR r:296.813904 e:296.813965 [205,724]

#ERR r:296.761719 e:296.761749 [205,725]

#ERR r:296.710175 e:296.710205 [205,726]

#ERR r:296.609070 e:296.609100 [205,728]

#ERR r:296.559601 e:296.559631 [205,729]

#ERR r:296.415802 e:296.415833 [205,732]

#ERR r:296.149841 e:296.149872 [205,738]

#ERR r:296.108398 e:296.108459 [205,739]

#ERR r:296.067810 e:296.067871 [205,740]

#ERR r:296.028076 e:296.028107 [205,741]

#ERR r:295.989166 e:295.989197 [205,742]

#ERR r:295.951080 e:295.951111 [205,743]

#ERR r:295.877380 e:295.877411 [205,745]

#ERR r:298.093567 e:298.093597 [206,701]

#ERR r:298.038818 e:298.038849 [206,702]

#ERR r:297.871918 e:297.871948 [206,705]

#ERR r:297.759003 e:297.759033 [206,707]

#ERR r:297.702209 e:297.702240 [206,708]

#ERR r:297.531067 e:297.531097 [206,711]

#ERR r:297.473999 e:297.474030 [206,712]

#ERR r:297.417023 e:297.417084 [206,713]

#ERR r:297.360260 e:297.360291 [206,714]

#ERR r:297.191284 e:297.191315 [206,717]

#ERR r:297.080292 e:297.080322 [206,719]

#ERR r:297.025391 e:297.025452 [206,720]

#ERR r:296.971039 e:296.971069 [206,721]

#ERR r:296.917145 e:296.917175 [206,722]

#ERR r:296.863800 e:296.863831 [206,723]

#ERR r:296.811066 e:296.811096 [206,724]

#ERR r:296.758972 e:296.759003 [206,725]

#ERR r:296.707489 e:296.707520 [206,726]

#ERR r:296.656677 e:296.656708 [206,727]

#ERR r:296.606567 e:296.606598 [206,728]

#ERR r:296.557190 e:296.557220 [206,729]

#ERR r:296.413605 e:296.413635 [206,732]

#ERR r:296.367279 e:296.367310 [206,733]

#ERR r:296.190216 e:296.190247 [206,737]

#ERR r:296.148010 e:296.148041 [206,738]

#ERR r:296.106659 e:296.106689 [206,739]

#ERR r:296.066101 e:296.066132 [206,740]

#ERR r:295.949524 e:295.949554 [206,743]

#ERR r:298.090698 e:298.090729 [207,701]

#ERR r:297.756439 e:297.756470 [207,707]

#ERR r:297.642792 e:297.642822 [207,709]

#ERR r:297.585754 e:297.585785 [207,710]

#ERR r:297.528687 e:297.528717 [207,711]

#ERR r:297.471680 e:297.471741 [207,712]

#ERR r:297.414764 e:297.414825 [207,713]

#ERR r:297.358032 e:297.358093 [207,714]

#ERR r:297.301514 e:297.301544 [207,715]

#ERR r:297.023499 e:297.023529 [207,720]

#ERR r:296.969177 e:296.969208 [207,721]

#ERR r:296.915314 e:296.915344 [207,722]

#ERR r:296.862030 e:296.862061 [207,723]

#ERR r:296.809326 e:296.809357 [207,724]

#ERR r:296.757263 e:296.757294 [207,725]

#ERR r:296.705841 e:296.705872 [207,726]

#ERR r:296.655060 e:296.655121 [207,727]

#ERR r:296.605011 e:296.605042 [207,728]

#ERR r:296.507050 e:296.507080 [207,730]

#ERR r:296.459229 e:296.459259 [207,731]

#ERR r:296.231934 e:296.231964 [207,736]

#ERR r:296.105408 e:296.105438 [207,739]

#ERR r:298.090363 e:298.090393 [208,701]

#ERR r:298.035645 e:298.035675 [208,702]

#ERR r:297.868835 e:297.868866 [208,705]

#ERR r:297.812561 e:297.812592 [208,706]

#ERR r:297.699249 e:297.699280 [208,708]

#ERR r:297.642303 e:297.642365 [208,709]

#ERR r:297.585266 e:297.585327 [208,710]

#ERR r:297.528229 e:297.528259 [208,711]

#ERR r:297.471191 e:297.471252 [208,712]

#ERR r:297.414276 e:297.414337 [208,713]

#ERR r:297.357513 e:297.357574 [208,714]

#ERR r:297.300964 e:297.300995 [208,715]

#ERR r:297.244690 e:297.244720 [208,716]

#ERR r:297.188660 e:297.188721 [208,717]

#ERR r:297.132996 e:297.133057 [208,718]

#ERR r:297.077728 e:297.077789 [208,719]

#ERR r:297.022888 e:297.022949 [208,720]

#ERR r:296.968567 e:296.968597 [208,721]

#ERR r:296.914703 e:296.914734 [208,722]

#ERR r:296.861420 e:296.861450 [208,723]

#ERR r:296.808716 e:296.808746 [208,724]

#ERR r:296.756622 e:296.756683 [208,725]

#ERR r:296.705200 e:296.705261 [208,726]

#ERR r:296.654449 e:296.654480 [208,727]

#ERR r:296.604370 e:296.604401 [208,728]

#ERR r:296.554993 e:296.555054 [208,729]

#ERR r:296.506409 e:296.506439 [208,730]

#ERR r:296.458557 e:296.458588 [208,731]

#ERR r:296.411499 e:296.411530 [208,732]

#ERR r:296.365204 e:296.365234 [208,733]

#ERR r:296.275055 e:296.275085 [208,735]

#ERR r:296.231232 e:296.231262 [208,736]

#ERR r:296.188232 e:296.188263 [208,737]

#ERR r:296.146027 e:296.146088 [208,738]

#ERR r:296.104706 e:296.104736 [208,739]

#ERR r:298.200653 e:298.200684 [209,699]

#ERR r:298.146851 e:298.146881 [209,700]

#ERR r:298.092529 e:298.092560 [209,701]

#ERR r:297.982452 e:297.982483 [209,703]

#ERR r:297.926758 e:297.926788 [209,704]

#ERR r:297.870697 e:297.870728 [209,705]

#ERR r:297.814331 e:297.814392 [209,706]

#ERR r:297.757690 e:297.757751 [209,707]

#ERR r:297.700867 e:297.700928 [209,708]

#ERR r:297.643860 e:297.643921 [209,709]

#ERR r:297.586731 e:297.586792 [209,710]

#ERR r:297.472534 e:297.472565 [209,712]

#ERR r:297.415527 e:297.415588 [209,713]

#ERR r:297.358704 e:297.358765 [209,714]

#ERR r:297.302063 e:297.302124 [209,715]

#ERR r:297.245697 e:297.245758 [209,716]

#ERR r:297.189606 e:297.189667 [209,717]

#ERR r:297.133881 e:297.133942 [209,718]

#ERR r:297.078522 e:297.078583 [209,719]

#ERR r:297.023621 e:297.023682 [209,720]

#ERR r:296.969238 e:296.969299 [209,721]

#ERR r:296.915314 e:296.915375 [209,722]

#ERR r:296.861969 e:296.862030 [209,723]

#ERR r:296.809204 e:296.809265 [209,724]

#ERR r:296.757080 e:296.757111 [209,725]

#ERR r:296.705597 e:296.705627 [209,726]

#ERR r:296.654755 e:296.654816 [209,727]

#ERR r:296.604645 e:296.604675 [209,728]

#ERR r:296.555237 e:296.555267 [209,729]

#ERR r:296.506592 e:296.506622 [209,730]

#ERR r:296.458710 e:296.458740 [209,731]

#ERR r:296.411591 e:296.411621 [209,732]

#ERR r:296.365265 e:296.365295 [209,733]

#ERR r:296.319763 e:296.319794 [209,734]

#ERR r:296.231171 e:296.231201 [209,736]

#ERR r:296.145905 e:296.145935 [209,738]

#ERR r:296.063995 e:296.064026 [209,740]

#ERR r:296.024292 e:296.024323 [209,741]

#ERR r:298.205566 e:298.205597 [210,699]

#ERR r:298.151672 e:298.151703 [210,700]

#ERR r:298.097198 e:298.097229 [210,701]

#ERR r:298.042267 e:298.042297 [210,702]

#ERR r:297.986847 e:297.986877 [210,703]

#ERR r:297.931030 e:297.931061 [210,704]

#ERR r:297.874817 e:297.874878 [210,705]

#ERR r:297.818329 e:297.818359 [210,706]

#ERR r:297.761536 e:297.761627 [210,707]

#ERR r:297.704559 e:297.704651 [210,708]

#ERR r:297.647400 e:297.647491 [210,709]

#ERR r:297.590149 e:297.590210 [210,710]

#ERR r:297.532867 e:297.532928 [210,711]

#ERR r:297.475647 e:297.475708 [210,712]

#ERR r:297.418488 e:297.418549 [210,713]

#ERR r:297.361542 e:297.361603 [210,714]

#ERR r:297.304779 e:297.304840 [210,715]

#ERR r:297.248260 e:297.248352 [210,716]

#ERR r:297.192047 e:297.192139 [210,717]

#ERR r:297.136200 e:297.136261 [210,718]

#ERR r:297.080719 e:297.080780 [210,719]

#ERR r:297.025696 e:297.025757 [210,720]

#ERR r:296.971191 e:296.971252 [210,721]

#ERR r:296.917145 e:296.917236 [210,722]

#ERR r:296.863678 e:296.863770 [210,723]

#ERR r:296.810822 e:296.810883 [210,724]

#ERR r:296.758575 e:296.758636 [210,725]

#ERR r:296.707001 e:296.707031 [210,726]

#ERR r:296.656067 e:296.656128 [210,727]

#ERR r:296.605865 e:296.605896 [210,728]

#ERR r:296.556366 e:296.556396 [210,729]

#ERR r:296.507599 e:296.507660 [210,730]

#ERR r:296.459656 e:296.459686 [210,731]

#ERR r:296.412445 e:296.412476 [210,732]

#ERR r:296.231750 e:296.231781 [210,736]

#ERR r:296.188629 e:296.188660 [210,737]

#ERR r:296.146332 e:296.146393 [210,738]

#ERR r:296.104919 e:296.104950 [210,739]

#ERR r:296.064301 e:296.064331 [210,740]

#ERR r:296.024536 e:296.024597 [210,741]

#ERR r:295.985626 e:295.985687 [210,742]

#ERR r:298.319489 e:298.319519 [211,697]

#ERR r:298.266602 e:298.266632 [211,698]

#ERR r:298.213104 e:298.213135 [211,699]

#ERR r:298.159027 e:298.159058 [211,700]

#ERR r:298.104370 e:298.104401 [211,701]

#ERR r:298.049225 e:298.049286 [211,702]

#ERR r:297.993622 e:297.993652 [211,703]

#ERR r:297.937592 e:297.937653 [211,704]

#ERR r:297.881195 e:297.881256 [211,705]

#ERR r:297.824524 e:297.824585 [211,706]

#ERR r:297.767517 e:297.767609 [211,707]

#ERR r:297.710327 e:297.710419 [211,708]

#ERR r:297.652985 e:297.653046 [211,709]

#ERR r:297.595520 e:297.595581 [211,710]

#ERR r:297.538025 e:297.538086 [211,711]

#ERR r:297.480591 e:297.480652 [211,712]

#ERR r:297.423248 e:297.423309 [211,713]

#ERR r:297.366058 e:297.366150 [211,714]

#ERR r:297.309113 e:297.309174 [211,715]

#ERR r:297.252411 e:297.252502 [211,716]

#ERR r:297.195984 e:297.196106 [211,717]

#ERR r:297.139954 e:297.140045 [211,718]

#ERR r:297.084290 e:297.084381 [211,719]

#ERR r:297.029083 e:297.029175 [211,720]

#ERR r:296.974396 e:296.974487 [211,721]

#ERR r:296.920197 e:296.920288 [211,722]

#ERR r:296.866577 e:296.866638 [211,723]

#ERR r:296.813538 e:296.813599 [211,724]

#ERR r:296.761139 e:296.761200 [211,725]

#ERR r:296.709412 e:296.709473 [211,726]

#ERR r:296.658325 e:296.658386 [211,727]

#ERR r:296.607971 e:296.608032 [211,728]

#ERR r:296.558350 e:296.558411 [211,729]

#ERR r:296.509460 e:296.509521 [211,730]

#ERR r:296.461365 e:296.461426 [211,731]

#ERR r:296.414062 e:296.414093 [211,732]

#ERR r:296.367523 e:296.367584 [211,733]

#ERR r:296.147339 e:296.147369 [211,738]

#ERR r:296.105804 e:296.105835 [211,739]

#ERR r:296.065125 e:296.065155 [211,740]

#ERR r:296.025269 e:296.025330 [211,741]

#ERR r:295.986298 e:295.986328 [211,742]

#ERR r:295.769592 e:295.769623 [211,748]

#ERR r:298.382538 e:298.382568 [212,696]

#ERR r:298.330078 e:298.330109 [212,697]

#ERR r:298.276978 e:298.277008 [212,698]

#ERR r:298.223236 e:298.223297 [212,699]

#ERR r:298.168915 e:298.168976 [212,700]

#ERR r:298.114044 e:298.114075 [212,701]

#ERR r:298.058655 e:298.058685 [212,702]

#ERR r:298.002777 e:298.002838 [212,703]

#ERR r:297.946503 e:297.946564 [212,704]

#ERR r:297.889832 e:297.889893 [212,705]

#ERR r:297.832886 e:297.832947 [212,706]

#ERR r:297.775635 e:297.775696 [212,707]

#ERR r:297.718170 e:297.718231 [212,708]

#ERR r:297.660522 e:297.660614 [212,709]

#ERR r:297.602783 e:297.602875 [212,710]

#ERR r:297.545013 e:297.545105 [212,711]

#ERR r:297.487305 e:297.487396 [212,712]

#ERR r:297.429688 e:297.429810 [212,713]

#ERR r:297.372253 e:297.372375 [212,714]

#ERR r:297.315033 e:297.315155 [212,715]

#ERR r:297.258087 e:297.258209 [212,716]

#ERR r:297.201416 e:297.201538 [212,717]

#ERR r:297.145111 e:297.145233 [212,718]

#ERR r:297.089233 e:297.089355 [212,719]

#ERR r:297.033783 e:297.033905 [212,720]

#ERR r:296.978882 e:296.978943 [212,721]

#ERR r:296.924469 e:296.924530 [212,722]

#ERR r:296.870605 e:296.870667 [212,723]

#ERR r:296.817383 e:296.817444 [212,724]

#ERR r:296.764740 e:296.764801 [212,725]

#ERR r:296.712799 e:296.712860 [212,726]

#ERR r:296.661530 e:296.661621 [212,727]

#ERR r:296.611023 e:296.611084 [212,728]

#ERR r:296.561218 e:296.561279 [212,729]

#ERR r:296.512146 e:296.512207 [212,730]

#ERR r:296.463898 e:296.463959 [212,731]

#ERR r:296.416412 e:296.416473 [212,732]

#ERR r:296.369751 e:296.369781 [212,733]

#ERR r:296.323914 e:296.323944 [212,734]

#ERR r:296.278900 e:296.278931 [212,735]

#ERR r:296.234711 e:296.234741 [212,736]

#ERR r:296.191376 e:296.191406 [212,737]

#ERR r:296.107239 e:296.107269 [212,739]

#ERR r:296.066437 e:296.066467 [212,740]

#ERR r:296.026489 e:296.026520 [212,741]

#ERR r:295.987396 e:295.987427 [212,742]

#ERR r:295.672302 e:295.672333 [212,751]

#ERR r:298.396088 e:298.396118 [213,696]

#ERR r:298.343384 e:298.343414 [213,697]

#ERR r:298.289978 e:298.290039 [213,698]

#ERR r:298.235992 e:298.236023 [213,699]

#ERR r:298.181366 e:298.181427 [213,700]

#ERR r:298.126190 e:298.126251 [213,701]

#ERR r:298.070496 e:298.070557 [213,702]

#ERR r:298.014313 e:298.014374 [213,703]

#ERR r:297.957703 e:297.957794 [213,704]

#ERR r:297.900726 e:297.900818 [213,705]

#ERR r:297.843414 e:297.843506 [213,706]

#ERR r:297.785858 e:297.785950 [213,707]

#ERR r:297.728058 e:297.728149 [213,708]

#ERR r:297.670074 e:297.670166 [213,709]

#ERR r:297.611969 e:297.612091 [213,710]

#ERR r:297.553864 e:297.553986 [213,711]

#ERR r:297.495789 e:297.495911 [213,712]

#ERR r:297.437866 e:297.437988 [213,713]

#ERR r:297.380096 e:297.380219 [213,714]

#ERR r:297.322571 e:297.322693 [213,715]

#ERR r:297.265289 e:297.265411 [213,716]

#ERR r:297.208313 e:297.208435 [213,717]

#ERR r:297.151703 e:297.151825 [213,718]

#ERR r:297.095520 e:297.095642 [213,719]

#ERR r:297.039795 e:297.039917 [213,720]

#ERR r:296.984558 e:296.984680 [213,721]

#ERR r:296.929871 e:296.929993 [213,722]

#ERR r:296.875763 e:296.875854 [213,723]

#ERR r:296.822266 e:296.822327 [213,724]

#ERR r:296.769379 e:296.769440 [213,725]

#ERR r:296.717194 e:296.717285 [213,726]

#ERR r:296.665710 e:296.665802 [213,727]

#ERR r:296.614929 e:296.614990 [213,728]

#ERR r:296.564911 e:296.565002 [213,729]

#ERR r:296.515656 e:296.515717 [213,730]

#ERR r:296.467194 e:296.467285 [213,731]

#ERR r:296.419525 e:296.419586 [213,732]

#ERR r:296.372681 e:296.372742 [213,733]

#ERR r:296.326660 e:296.326691 [213,734]

#ERR r:296.237122 e:296.237152 [213,736]

#ERR r:296.068237 e:296.068268 [213,740]

#ERR r:296.028168 e:296.028198 [213,741]

#ERR r:298.617096 e:298.617126 [214,692]

#ERR r:298.412415 e:298.412445 [214,696]

#ERR r:298.359375 e:298.359406 [214,697]

#ERR r:298.305634 e:298.305695 [214,698]

#ERR r:298.251312 e:298.251373 [214,699]

#ERR r:298.196320 e:298.196411 [214,700]

#ERR r:298.140808 e:298.140869 [214,701]

#ERR r:298.084747 e:298.084808 [214,702]

#ERR r:298.028198 e:298.028290 [214,703]

#ERR r:297.971222 e:297.971313 [214,704]

#ERR r:297.913849 e:297.913940 [214,705]

#ERR r:297.856140 e:297.856262 [214,706]

#ERR r:297.798187 e:297.798309 [214,707]

#ERR r:297.739990 e:297.740082 [214,708]

#ERR r:297.681580 e:297.681702 [214,709]

#ERR r:297.623077 e:297.623199 [214,710]

#ERR r:297.564545 e:297.564667 [214,711]

#ERR r:297.506104 e:297.506226 [214,712]

#ERR r:297.447754 e:297.447876 [214,713]

#ERR r:297.389618 e:297.389740 [214,714]

#ERR r:297.331665 e:297.331787 [214,715]

#ERR r:297.274017 e:297.274139 [214,716]

#ERR r:297.216675 e:297.216797 [214,717]

#ERR r:297.159698 e:297.159821 [214,718]

#ERR r:297.103149 e:297.103271 [214,719]

#ERR r:297.047089 e:297.047211 [214,720]

#ERR r:296.991516 e:296.991638 [214,721]

#ERR r:296.936493 e:296.936615 [214,722]

#ERR r:296.882019 e:296.882172 [214,723]

#ERR r:296.828217 e:296.828339 [214,724]

#ERR r:296.775055 e:296.775146 [214,725]

#ERR r:296.722565 e:296.722687 [214,726]

#ERR r:296.670776 e:296.670898 [214,727]

#ERR r:296.619751 e:296.619843 [214,728]

#ERR r:296.569489 e:296.569580 [214,729]

#ERR r:296.519958 e:296.520050 [214,730]

#ERR r:296.471283 e:296.471344 [214,731]

#ERR r:296.423370 e:296.423462 [214,732]

#ERR r:296.376312 e:296.376373 [214,733]

#ERR r:296.330078 e:296.330139 [214,734]

#ERR r:296.284668 e:296.284698 [214,735]

#ERR r:296.240112 e:296.240143 [214,736]

#ERR r:296.196442 e:296.196472 [214,737]

#ERR r:295.673859 e:295.673889 [214,751]

#ERR r:298.637512 e:298.637543 [215,692]

#ERR r:298.378052 e:298.378082 [215,697]

#ERR r:298.323944 e:298.323975 [215,698]

#ERR r:298.269196 e:298.269257 [215,699]

#ERR r:298.213806 e:298.213898 [215,700]

#ERR r:298.157867 e:298.157959 [215,701]

#ERR r:298.101379 e:298.101471 [215,702]

#ERR r:298.044403 e:298.044495 [215,703]

#ERR r:297.987000 e:297.987091 [215,704]

#ERR r:297.929169 e:297.929291 [215,705]

#ERR r:297.871033 e:297.871155 [215,706]

#ERR r:297.812592 e:297.812714 [215,707]

#ERR r:297.753906 e:297.754028 [215,708]

#ERR r:297.695038 e:297.695160 [215,709]

#ERR r:297.636047 e:297.636169 [215,710]

#ERR r:297.577057 e:297.577209 [215,711]

#ERR r:297.518158 e:297.518280 [215,712]

#ERR r:297.459320 e:297.459473 [215,713]

#ERR r:297.400726 e:297.400848 [215,714]

#ERR r:297.342316 e:297.342468 [215,715]

#ERR r:297.284241 e:297.284363 [215,716]

#ERR r:297.226471 e:297.226593 [215,717]

#ERR r:297.169067 e:297.169189 [215,718]

#ERR r:297.112091 e:297.112244 [215,719]

#ERR r:297.055603 e:297.055786 [215,720]

#ERR r:296.999634 e:296.999817 [215,721]

#ERR r:296.944244 e:296.944397 [215,722]

#ERR r:296.889404 e:296.889587 [215,723]

#ERR r:296.835236 e:296.835388 [215,724]

#ERR r:296.781708 e:296.781860 [215,725]

#ERR r:296.728912 e:296.729034 [215,726]

#ERR r:296.676788 e:296.676910 [215,727]

#ERR r:296.625427 e:296.625549 [215,728]

#ERR r:296.574860 e:296.574982 [215,729]

#ERR r:296.525055 e:296.525177 [215,730]

#ERR r:296.476105 e:296.476196 [215,731]

#ERR r:296.427948 e:296.428009 [215,732]

#ERR r:296.380615 e:296.380707 [215,733]

#ERR r:296.334137 e:296.334167 [215,734]

#ERR r:296.243713 e:296.243744 [215,736]

#ERR r:296.199829 e:296.199860 [215,737]

#ERR r:298.710663 e:298.710693 [216,691]

#ERR r:298.660828 e:298.660858 [216,692]

#ERR r:298.610138 e:298.610168 [216,693]

#ERR r:298.558624 e:298.558655 [216,694]

#ERR r:298.506317 e:298.506348 [216,695]

#ERR r:298.453217 e:298.453247 [216,696]

#ERR r:298.399384 e:298.399445 [216,697]

#ERR r:298.344818 e:298.344910 [216,698]

#ERR r:298.289642 e:298.289734 [216,699]

#ERR r:298.233795 e:298.233887 [216,700]

#ERR r:298.177368 e:298.177460 [216,701]

#ERR r:298.120422 e:298.120514 [216,702]

#ERR r:298.062927 e:298.063049 [216,703]

#ERR r:298.005035 e:298.005127 [216,704]

#ERR r:297.946686 e:297.946808 [216,705]

#ERR r:297.888031 e:297.888153 [216,706]

#ERR r:297.829071 e:297.829193 [216,707]

#ERR r:297.769836 e:297.769989 [216,708]

#ERR r:297.710449 e:297.710602 [216,709]

#ERR r:297.650940 e:297.651062 [216,710]

#ERR r:297.591400 e:297.591553 [216,711]

#ERR r:297.531921 e:297.532074 [216,712]

#SDC Ite:43 KerTime:1.950298 AccTime:85.164070 KerErr:3571 AccErr:3571
#ABORT too many errors per iteration
#END