#HEADER simIter:2000 gridSize:1024x1024
#BEGIN Y:2015 M:11 D:22 Time:02:57:11
#IT Ite:0 KerTime:1.828401 AccTime:1.828401
#IT Ite:10 KerTime:1.838945 AccTime:20.181647
#IT Ite:20 KerTime:1.830457 AccTime:38.533185
#IT Ite:30 KerTime:1.840312 AccTime:56.899595
#IT Ite:40 KerTime:1.834727 AccTime:75.255017
#IT Ite:50 KerTime:1.832002 AccTime:93.603300
#IT Ite:60 KerTime:1.824779 AccTime:111.934866
#IT Ite:70 KerTime:1.837270 AccTime:130.259481
#IT Ite:80 KerTime:1.828225 AccTime:148.573120
#IT Ite:90 KerTime:1.836198 AccTime:166.891096
#IT Ite:100 KerTime:1.825218 AccTime:185.213447
#IT Ite:110 KerTime:1.830095 AccTime:203.509001
#ERR r:293.480988 e:293.481018 [451,988]

#ERR r:293.479797 e:293.479828 [452,988]

#ERR r:293.477570 e:293.477600 [452,989]

#ERR r:293.478607 e:293.478638 [453,988]

#ERR r:293.476379 e:293.476410 [453,989]

#ERR r:293.475189 e:293.475220 [454,989]

#ERR r:293.472595 e:293.472626 [458,988]

#ERR r:293.470398 e:293.470428 [458,989]

#ERR r:293.473633 e:293.473663 [459,987]

#ERR r:293.471405 e:293.471436 [459,988]

#ERR r:293.469208 e:293.469238 [459,989]

#ERR r:293.461700 e:293.461731 [460,992]

#ERR r:293.459686 e:293.459717 [460,993]

#ERR r:293.457733 e:293.457764 [460,994]

#ERR r:293.455841 e:293.455872 [460,995]

#ERR r:293.460510 e:293.460541 [461,992]

#ERR r:293.458496 e:293.458527 [461,993]

#ERR r:293.456543 e:293.456573 [461,994]

#ERR r:293.454651 e:293.454681 [461,995]

#ERR r:293.457794 e:293.457825 [465,991]

#ERR r:293.455750 e:293.455780 [465,992]

#ERR r:293.451813 e:293.451843 [465,994]

#ERR r:293.449921 e:293.449951 [465,995]

#ERR r:293.448090 e:293.448120 [465,996]

#ERR r:293.446320 e:293.446350 [465,997]

#ERR r:293.450623 e:293.450653 [466,994]

#ERR r:293.448730 e:293.448761 [466,995]

#ERR r:293.446899 e:293.446930 [466,996]

#ERR r:293.445129 e:293.445160 [466,997]

#ERR r:293.449432 e:293.449463 [467,994]

#ERR r:293.447540 e:293.447571 [467,995]

#ERR r:293.445709 e:293.445740 [467,996]

#ERR r:293.443939 e:293.443970 [467,997]

#ERR r:293.442230 e:293.442261 [467,998]

#ERR r:293.429352 e:293.429382 [467,1007]

#ERR r:293.448242 e:293.448273 [468,994]

#ERR r:293.446350 e:293.446381 [468,995]

#ERR r:293.444519 e:293.444550 [468,996]

#ERR r:293.442749 e:293.442780 [468,997]

#ERR r:293.441040 e:293.441071 [468,998]

#ERR r:293.439392 e:293.439423 [468,999]

#ERR r:293.429382 e:293.429413 [468,1006]

#ERR r:293.428192 e:293.428223 [468,1007]

#ERR r:293.427063 e:293.427094 [468,1008]

#ERR r:293.447052 e:293.447083 [469,994]

#ERR r:293.445160 e:293.445190 [469,995]

#ERR r:293.443329 e:293.443359 [469,996]

#ERR r:293.441559 e:293.441589 [469,997]

#ERR r:293.439850 e:293.439880 [469,998]

#ERR r:293.438202 e:293.438232 [469,999]

#ERR r:293.436615 e:293.436646 [469,1000]

#ERR r:293.428223 e:293.428253 [469,1006]

#ERR r:293.427032 e:293.427063 [469,1007]

#ERR r:293.855591 e:293.855621 [470,858]

#ERR r:293.445862 e:293.445892 [470,994]

#ERR r:293.443970 e:293.444000 [470,995]

#ERR r:293.442139 e:293.442169 [470,996]

#ERR r:293.440369 e:293.440399 [470,997]

#ERR r:293.438660 e:293.438690 [470,998]

#ERR r:293.437012 e:293.437042 [470,999]

#ERR r:293.435425 e:293.435455 [470,1000]

#ERR r:293.427063 e:293.427094 [470,1006]

#ERR r:293.425873 e:293.425903 [470,1007]

#ERR r:293.333313 e:293.333344 [471,44]

#ERR r:293.860168 e:293.860199 [471,856]

#ERR r:293.856689 e:293.856720 [471,857]

#ERR r:293.849762 e:293.849792 [471,859]

#ERR r:293.446594 e:293.446625 [471,993]

#ERR r:293.444672 e:293.444702 [471,994]

#ERR r:293.425903 e:293.425934 [471,1006]

#ERR r:293.339325 e:293.339355 [472,47]

#ERR r:293.861237 e:293.861267 [472,855]

#ERR r:293.857758 e:293.857788 [472,856]

#ERR r:293.451447 e:293.451477 [472,990]

#ERR r:293.445404 e:293.445435 [472,993]

#ERR r:293.423584 e:293.423615 [472,1007]

#ERR r:293.450226 e:293.450256 [473,990]

#ERR r:293.421326 e:293.421356 [473,1008]

#ERR r:294.764587 e:294.764618 [474,488]

#ERR r:293.859833 e:293.859863 [474,854]

#ERR r:293.849518 e:293.849548 [474,857]

#ERR r:293.449005 e:293.449036 [474,990]

#ERR r:293.420166 e:293.420197 [474,1008]

#ERR r:293.419128 e:293.419159 [474,1009]

#ERR r:293.853973 e:293.854004 [475,855]

#ERR r:293.454132 e:293.454163 [475,987]

#ERR r:293.447784 e:293.447815 [475,990]

#ERR r:293.445740 e:293.445770 [475,991]

#ERR r:293.443726 e:293.443756 [475,992]

#ERR r:293.441772 e:293.441803 [475,993]

#ERR r:293.413757 e:293.413788 [476,77]

#ERR r:293.424957 e:293.424988 [476,81]

#ERR r:293.427765 e:293.427795 [476,82]

#ERR r:293.430573 e:293.430603 [476,83]

#ERR r:293.579193 e:293.579224 [476,134]

#ERR r:293.582184 e:293.582214 [476,135]

#ERR r:293.848145 e:293.848175 [476,856]

#ERR r:293.452881 e:293.452911 [476,987]

#ERR r:293.450745 e:293.450775 [476,988]

#ERR r:293.446564 e:293.446594 [476,990]

#ERR r:293.444519 e:293.444550 [476,991]

#ERR r:293.442535 e:293.442566 [476,992]

#ERR r:293.440582 e:293.440613 [476,993]

#ERR r:293.274567 e:293.274597 [477,13]

#ERR r:293.315948 e:293.315979 [477,39]

#ERR r:293.318115 e:293.318146 [477,40]

#ERR r:293.409790 e:293.409821 [477,76]

#ERR r:293.412537 e:293.412598 [477,77]

#ERR r:293.420929 e:293.420959 [477,80]

#ERR r:293.423706 e:293.423767 [477,81]

#ERR r:293.426514 e:293.426544 [477,82]

#ERR r:293.429321 e:293.429352 [477,83]

#ERR r:293.571594 e:293.571625 [477,132]

#ERR r:293.577576 e:293.577606 [477,134]

#ERR r:293.580566 e:293.580597 [477,135]

#ERR r:293.583557 e:293.583588 [477,136]

#ERR r:294.732880 e:294.732910 [477,491]

#ERR r:294.747131 e:294.747162 [477,498]

#ERR r:293.845734 e:293.845764 [477,856]

#ERR r:293.842346 e:293.842377 [477,857]

#ERR r:293.445343 e:293.445374 [477,990]

#ERR r:293.272766 e:293.272797 [478,12]

#ERR r:293.310699 e:293.310730 [478,37]

#ERR r:293.317078 e:293.317108 [478,40]

#ERR r:293.319275 e:293.319305 [478,41]

#ERR r:293.405823 e:293.405853 [478,75]

#ERR r:293.408569 e:293.408630 [478,76]

#ERR r:293.411316 e:293.411377 [478,77]

#ERR r:293.416901 e:293.416931 [478,79]

#ERR r:293.419678 e:293.419739 [478,80]

#ERR r:293.422485 e:293.422516 [478,81]

#ERR r:293.570038 e:293.570068 [478,132]

#ERR r:294.734558 e:294.734589 [478,498]

#ERR r:294.329803 e:294.329834 [478,735]

#ERR r:293.846710 e:293.846741 [478,855]

#ERR r:293.446198 e:293.446228 [478,989]

#ERR r:293.444122 e:293.444153 [478,990]

#ERR r:293.307617 e:293.307648 [479,36]

#ERR r:293.311768 e:293.311798 [479,38]

#ERR r:293.316071 e:293.316101 [479,40]

#ERR r:293.318237 e:293.318268 [479,41]

#ERR r:293.320465 e:293.320496 [479,42]

#ERR r:293.399139 e:293.399170 [479,73]

#ERR r:293.401855 e:293.401886 [479,74]

#ERR r:293.404602 e:293.404663 [479,75]

#ERR r:293.407349 e:293.407410 [479,76]

#ERR r:293.410126 e:293.410156 [479,77]

#ERR r:293.415649 e:293.415710 [479,79]

#ERR r:293.418457 e:293.418488 [479,80]

#ERR r:294.718414 e:294.718445 [479,496]

#ERR r:294.720337 e:294.720367 [479,497]

#ERR r:294.722260 e:294.722290 [479,498]

#ERR r:294.341858 e:294.341888 [479,731]

#ERR r:294.332306 e:294.332336 [479,733]

#ERR r:294.327545 e:294.327576 [479,734]

#ERR r:293.444946 e:293.444977 [479,989]

#ERR r:293.442902 e:293.442932 [479,990]

#ERR r:293.304565 e:293.304596 [480,35]

#ERR r:293.306610 e:293.306641 [480,36]

#ERR r:293.308655 e:293.308685 [480,37]

#ERR r:293.310760 e:293.310791 [480,38]

#ERR r:293.312866 e:293.312897 [480,39]

#ERR r:293.315033 e:293.315063 [480,40]

#ERR r:293.317200 e:293.317230 [480,41]

#ERR r:293.319427 e:293.319458 [480,42]

#ERR r:293.395233 e:293.395264 [480,72]

#ERR r:293.397949 e:293.397980 [480,73]

#ERR r:293.400665 e:293.400696 [480,74]

#ERR r:293.403412 e:293.403442 [480,75]

#ERR r:293.406158 e:293.406189 [480,76]

#ERR r:293.414429 e:293.414459 [480,79]

#ERR r:294.706421 e:294.706451 [480,496]

#ERR r:294.339325 e:294.339355 [480,730]

#ERR r:294.329926 e:294.329956 [480,732]

#ERR r:294.320557 e:294.320587 [480,734]

#ERR r:293.461426 e:293.461456 [480,981]

#ERR r:293.301575 e:293.301605 [481,34]

#ERR r:293.307617 e:293.307678 [481,37]

#ERR r:293.309723 e:293.309753 [481,38]

#ERR r:293.311829 e:293.311890 [481,39]

#ERR r:293.313995 e:293.314026 [481,40]

#ERR r:293.316162 e:293.316193 [481,41]

#ERR r:293.318359 e:293.318420 [481,42]

#ERR r:293.325134 e:293.325165 [481,45]

#ERR r:293.327454 e:293.327484 [481,46]

#ERR r:293.391327 e:293.391357 [481,71]

#ERR r:293.394043 e:293.394073 [481,72]

#ERR r:293.396759 e:293.396790 [481,73]

#ERR r:293.399475 e:293.399506 [481,74]

#ERR r:293.413208 e:293.413239 [481,79]

#ERR r:293.424347 e:293.424377 [481,83]

#ERR r:293.427124 e:293.427155 [481,84]

#ERR r:294.694672 e:294.694702 [481,496]

#ERR r:294.341339 e:294.341370 [481,728]

#ERR r:294.336731 e:294.336761 [481,729]

#ERR r:294.327484 e:294.327515 [481,731]

#ERR r:294.322876 e:294.322906 [481,732]

#ERR r:294.318268 e:294.318298 [481,733]

#ERR r:294.313660 e:294.313690 [481,734]

#ERR r:293.464905 e:293.464935 [481,979]

#ERR r:293.462524 e:293.462555 [481,980]

#ERR r:293.460175 e:293.460205 [481,981]

#ERR r:293.304565 e:293.304596 [482,36]

#ERR r:293.306610 e:293.306641 [482,37]

#ERR r:293.308685 e:293.308716 [482,38]

#ERR r:293.310791 e:293.310852 [482,39]

#ERR r:293.312958 e:293.312988 [482,40]

#ERR r:293.315125 e:293.315155 [482,41]

#ERR r:293.317322 e:293.317352 [482,42]

#ERR r:293.319550 e:293.319580 [482,43]

#ERR r:293.321808 e:293.321838 [482,44]

#ERR r:293.324097 e:293.324127 [482,45]

#ERR r:293.384735 e:293.384766 [482,69]

#ERR r:293.387421 e:293.387451 [482,70]

#ERR r:293.390137 e:293.390167 [482,71]

#ERR r:293.392853 e:293.392883 [482,72]

#ERR r:293.395569 e:293.395599 [482,73]

#ERR r:293.398285 e:293.398315 [482,74]

#ERR r:293.401001 e:293.401031 [482,75]

#ERR r:293.411987 e:293.412018 [482,79]

#ERR r:293.414764 e:293.414795 [482,80]

#ERR r:293.420319 e:293.420349 [482,82]

#ERR r:293.423096 e:293.423126 [482,83]

#ERR r:293.425873 e:293.425903 [482,84]

#ERR r:293.428650 e:293.428680 [482,85]

#ERR r:293.479584 e:293.479614 [482,103]

#ERR r:293.485291 e:293.485321 [482,105]

#ERR r:294.666290 e:294.666321 [482,487]

#ERR r:294.668213 e:294.668243 [482,488]

#ERR r:294.670135 e:294.670166 [482,489]

#ERR r:294.673920 e:294.673950 [482,491]

#ERR r:294.334106 e:294.334137 [482,728]

#ERR r:294.325012 e:294.325043 [482,730]

#ERR r:294.320465 e:294.320496 [482,731]

#ERR r:294.315918 e:294.315948 [482,732]

#ERR r:294.306854 e:294.306885 [482,734]

#ERR r:294.262024 e:294.262054 [482,744]

#ERR r:294.124939 e:294.124969 [482,776]

#ERR r:293.701660 e:293.701691 [482,897]

#ERR r:293.468475 e:293.468506 [482,977]

#ERR r:293.303528 e:293.303558 [483,36]

#ERR r:293.309753 e:293.309814 [483,39]

#ERR r:293.311920 e:293.311951 [483,40]

#ERR r:293.316284 e:293.316315 [483,42]

#ERR r:293.318512 e:293.318542 [483,43]

#ERR r:293.320740 e:293.320801 [483,44]

#ERR r:293.330017 e:293.330048 [483,48]

#ERR r:293.332397 e:293.332428 [483,49]

#ERR r:293.380890 e:293.380920 [483,68]

#ERR r:293.383545 e:293.383575 [483,69]

#ERR r:293.386230 e:293.386261 [483,70]

#ERR r:293.388947 e:293.388977 [483,71]

#ERR r:293.391663 e:293.391693 [483,72]

#ERR r:293.394379 e:293.394409 [483,73]

#ERR r:293.399780 e:293.399841 [483,75]

#ERR r:293.413513 e:293.413544 [483,80]

#ERR r:293.416290 e:293.416321 [483,81]

#ERR r:293.419067 e:293.419098 [483,82]

#ERR r:293.421844 e:293.421875 [483,83]

#ERR r:293.424622 e:293.424652 [483,84]

#ERR r:293.427399 e:293.427429 [483,85]

#ERR r:293.475372 e:293.475403 [483,102]

#ERR r:293.478210 e:293.478241 [483,103]

#ERR r:293.483917 e:293.483948 [483,105]

#ERR r:293.486755 e:293.486786 [483,106]

#ERR r:293.489624 e:293.489655 [483,107]

#ERR r:293.492523 e:293.492554 [483,108]

#ERR r:293.495392 e:293.495422 [483,109]

#ERR r:294.659088 e:294.659119 [483,489]

#ERR r:294.660950 e:294.660980 [483,490]

#ERR r:294.662781 e:294.662842 [483,491]

#ERR r:294.664612 e:294.664673 [483,492]

#ERR r:294.666473 e:294.666504 [483,493]

#ERR r:294.668274 e:294.668304 [483,494]

#ERR r:294.326935 e:294.326996 [483,728]

#ERR r:294.322479 e:294.322510 [483,729]

#ERR r:294.313538 e:294.313568 [483,731]

#ERR r:294.295715 e:294.295746 [483,735]

#ERR r:294.286835 e:294.286865 [483,737]

#ERR r:294.282410 e:294.282440 [483,738]

#ERR r:294.273590 e:294.273621 [483,740]

#ERR r:294.251617 e:294.251648 [483,745]

#ERR r:294.124634 e:294.124664 [483,775]

#ERR r:294.120575 e:294.120605 [483,776]

#ERR r:293.699738 e:293.699768 [483,897]

#ERR r:293.262299 e:293.262329 [484,3]

#ERR r:293.302521 e:293.302551 [484,36]

#ERR r:293.308746 e:293.308777 [484,39]

#ERR r:293.310883 e:293.310913 [484,40]

#ERR r:293.317444 e:293.317505 [484,43]

#ERR r:293.319702 e:293.319733 [484,44]

#ERR r:293.321991 e:293.322021 [484,45]

#ERR r:293.324280 e:293.324310 [484,46]

#ERR r:293.326599 e:293.326630 [484,47]

#ERR r:293.338562 e:293.338593 [484,52]

#ERR r:293.377045 e:293.377075 [484,67]

#ERR r:293.379700 e:293.379730 [484,68]

#ERR r:293.387756 e:293.387787 [484,71]

#ERR r:293.390472 e:293.390503 [484,72]

#ERR r:293.395874 e:293.395905 [484,74]

#ERR r:293.398560 e:293.398621 [484,75]

#ERR r:293.401306 e:293.401337 [484,76]

#ERR r:293.409515 e:293.409546 [484,79]

#ERR r:293.412262 e:293.412292 [484,80]

#ERR r:293.415039 e:293.415070 [484,81]

#ERR r:293.417816 e:293.417847 [484,82]

#ERR r:293.420593 e:293.420624 [484,83]

#ERR r:293.423370 e:293.423401 [484,84]

#ERR r:293.428894 e:293.428925 [484,86]

#ERR r:293.445709 e:293.445740 [484,92]

#ERR r:293.448517 e:293.448547 [484,93]

#ERR r:293.459778 e:293.459808 [484,97]

#ERR r:293.462616 e:293.462646 [484,98]

#ERR r:293.471161 e:293.471191 [484,101]

#ERR r:293.473999 e:293.474030 [484,102]

#ERR r:293.476837 e:293.476868 [484,103]

#ERR r:293.479675 e:293.479706 [484,104]

#ERR r:293.493958 e:293.493988 [484,109]

#ERR r:293.496826 e:293.496857 [484,110]

#ERR r:293.583984 e:293.584015 [484,140]

#ERR r:294.648254 e:294.648285 [484,489]

#ERR r:294.650085 e:294.650116 [484,490]

#ERR r:294.651886 e:294.651917 [484,491]

#ERR r:294.653687 e:294.653717 [484,492]

#ERR r:294.655487 e:294.655518 [484,493]

#ERR r:294.306702 e:294.306732 [484,731]

#ERR r:294.293549 e:294.293579 [484,734]

#ERR r:294.284790 e:294.284821 [484,736]

#ERR r:294.280426 e:294.280457 [484,737]

#ERR r:294.271729 e:294.271759 [484,739]

#ERR r:293.726013 e:293.726044 [484,888]

#ERR r:293.719727 e:293.719757 [484,890]

#ERR r:293.679230 e:293.679260 [484,903]

#ERR r:293.648499 e:293.648529 [484,913]

#ERR r:293.645447 e:293.645477 [484,914]

#ERR r:293.295593 e:293.295624 [485,33]

#ERR r:293.299500 e:293.299530 [485,35]

#ERR r:293.303528 e:293.303558 [485,37]

#ERR r:293.305603 e:293.305634 [485,38]

#ERR r:293.307709 e:293.307739 [485,39]

#ERR r:293.309814 e:293.309875 [485,40]

#ERR r:293.316406 e:293.316437 [485,43]

#ERR r:293.320923 e:293.320953 [485,45]

#ERR r:293.327881 e:293.327911 [485,48]

#ERR r:293.375854 e:293.375885 [485,67]

#ERR r:293.383881 e:293.383911 [485,70]

#ERR r:293.386566 e:293.386597 [485,71]

#ERR r:293.391968 e:293.391998 [485,73]

#ERR r:293.394653 e:293.394714 [485,74]

#ERR r:293.397369 e:293.397400 [485,75]

#ERR r:293.400085 e:293.400116 [485,76]

#ERR r:293.405548 e:293.405579 [485,78]

#ERR r:293.408264 e:293.408325 [485,79]

#ERR r:293.411011 e:293.411072 [485,80]

#ERR r:293.413788 e:293.413818 [485,81]

#ERR r:293.416565 e:293.416595 [485,82]

#ERR r:293.419342 e:293.419373 [485,83]

#ERR r:293.424866 e:293.424896 [485,85]

#ERR r:293.427612 e:293.427673 [485,86]

#ERR r:293.444397 e:293.444427 [485,92]

#ERR r:293.447205 e:293.447235 [485,93]

#ERR r:293.450012 e:293.450043 [485,94]

#ERR r:293.452820 e:293.452850 [485,95]

#ERR r:293.455627 e:293.455658 [485,96]

#ERR r:293.458435 e:293.458496 [485,97]

#ERR r:293.461273 e:293.461304 [485,98]

#ERR r:293.466949 e:293.466980 [485,100]

#ERR r:293.469788 e:293.469818 [485,101]

#ERR r:293.472626 e:293.472656 [485,102]

#ERR r:293.475464 e:293.475494 [485,103]

#ERR r:293.478302 e:293.478333 [485,104]

#ERR r:293.567719 e:293.567749 [485,135]

#ERR r:293.570618 e:293.570648 [485,136]

#ERR r:293.582336 e:293.582367 [485,140]

#ERR r:293.585297 e:293.585327 [485,141]

#ERR r:293.588226 e:293.588257 [485,142]

#ERR r:294.641174 e:294.641205 [485,491]

#ERR r:294.644714 e:294.644745 [485,493]

#ERR r:294.695129 e:294.695160 [485,604]

#ERR r:294.693939 e:294.693970 [485,605]

#ERR r:294.692719 e:294.692749 [485,606]

#ERR r:294.690155 e:294.690186 [485,608]

#ERR r:294.304291 e:294.304321 [485,730]

#ERR r:294.269806 e:294.269836 [485,738]

#ERR r:294.256958 e:294.256989 [485,741]

#ERR r:294.252686 e:294.252716 [485,742]

#ERR r:294.239868 e:294.239899 [485,745]

#ERR r:294.210236 e:294.210266 [485,752]

#ERR r:294.206024 e:294.206055 [485,753]

#ERR r:293.727142 e:293.727173 [485,887]

#ERR r:293.717743 e:293.717773 [485,890]

#ERR r:293.705231 e:293.705261 [485,894]

#ERR r:293.702118 e:293.702148 [485,895]

#ERR r:293.699005 e:293.699036 [485,896]

#ERR r:293.695923 e:293.695953 [485,897]

#ERR r:293.677368 e:293.677399 [485,903]

#ERR r:293.671204 e:293.671234 [485,905]

#ERR r:293.655914 e:293.655945 [485,910]

#ERR r:293.652863 e:293.652893 [485,911]

#ERR r:293.643707 e:293.643738 [485,914]

#ERR r:293.290833 e:293.290863 [486,31]

#ERR r:293.292694 e:293.292725 [486,32]

#ERR r:293.294586 e:293.294617 [486,33]

#ERR r:293.296509 e:293.296539 [486,34]

#ERR r:293.298492 e:293.298523 [486,35]

#ERR r:293.300476 e:293.300507 [486,36]

#ERR r:293.302521 e:293.302551 [486,37]

#ERR r:293.304565 e:293.304596 [486,38]

#ERR r:293.306671 e:293.306702 [486,39]

#ERR r:293.308807 e:293.308838 [486,40]

#ERR r:293.313141 e:293.313171 [486,42]

#ERR r:293.315369 e:293.315399 [486,43]

#ERR r:293.322174 e:293.322205 [486,46]

#ERR r:293.324463 e:293.324493 [486,47]

#ERR r:293.326813 e:293.326843 [486,48]

#ERR r:293.351349 e:293.351379 [486,58]

#ERR r:293.353882 e:293.353912 [486,59]

#ERR r:293.356445 e:293.356476 [486,60]

#ERR r:293.359039 e:293.359070 [486,61]

#ERR r:293.364197 e:293.364227 [486,63]

#ERR r:293.380035 e:293.380066 [486,69]

#ERR r:293.382690 e:293.382751 [486,70]

#ERR r:293.385376 e:293.385406 [486,71]

#ERR r:293.388062 e:293.388092 [486,72]

#ERR r:293.390747 e:293.390808 [486,73]

#ERR r:293.393463 e:293.393494 [486,74]

#ERR r:293.398865 e:293.398895 [486,76]

#ERR r:293.401581 e:293.401611 [486,77]

#ERR r:293.404297 e:293.404358 [486,78]

#ERR r:293.407043 e:293.407104 [486,79]

#ERR r:293.409790 e:293.409851 [486,80]

#ERR r:293.412537 e:293.412598 [486,81]

#ERR r:293.415314 e:293.415344 [486,82]

#ERR r:293.420837 e:293.420868 [486,84]

#ERR r:293.423584 e:293.423645 [486,85]

#ERR r:293.426331 e:293.426392 [486,86]

#ERR r:293.443085 e:293.443115 [486,92]

#ERR r:293.445862 e:293.445923 [486,93]

#ERR r:293.448669 e:293.448730 [486,94]

#ERR r:293.451477 e:293.451538 [486,95]

#ERR r:293.454285 e:293.454346 [486,96]

#ERR r:293.457092 e:293.457153 [486,97]

#ERR r:293.459900 e:293.459961 [486,98]

#ERR r:293.462738 e:293.462769 [486,99]

#ERR r:293.465576 e:293.465607 [486,100]

#ERR r:293.468414 e:293.468445 [486,101]

#ERR r:293.471252 e:293.471283 [486,102]

#ERR r:293.474091 e:293.474121 [486,103]

#ERR r:293.563202 e:293.563232 [486,134]

#ERR r:293.566101 e:293.566132 [486,135]

#ERR r:293.583618 e:293.583649 [486,141]

#ERR r:293.586548 e:293.586578 [486,142]

#ERR r:293.589478 e:293.589508 [486,143]

#ERR r:294.686005 e:294.686035 [486,601]

#ERR r:294.684906 e:294.684937 [486,602]

#ERR r:294.683777 e:294.683807 [486,603]

#ERR r:294.682617 e:294.682678 [486,604]

#ERR r:294.681427 e:294.681488 [486,605]

#ERR r:294.680206 e:294.680267 [486,606]

#ERR r:294.678955 e:294.678986 [486,607]

#ERR r:294.306091 e:294.306122 [486,728]

#ERR r:294.263611 e:294.263641 [486,738]

#ERR r:294.250946 e:294.250977 [486,741]

#ERR r:294.204834 e:294.204865 [486,752]

#ERR r:294.200684 e:294.200714 [486,753]

#ERR r:294.111572 e:294.111603 [486,775]

#ERR r:294.107635 e:294.107666 [486,776]

#ERR r:294.103699 e:294.103729 [486,777]

#ERR r:294.099792 e:294.099823 [486,778]

#ERR r:293.782104 e:293.782135 [486,869]

#ERR r:293.778900 e:293.778931 [486,870]

#ERR r:293.718872 e:293.718903 [486,889]

#ERR r:293.715759 e:293.715790 [486,890]

#ERR r:293.712646 e:293.712677 [486,891]

#ERR r:293.706390 e:293.706421 [486,893]

#ERR r:293.703278 e:293.703308 [486,894]

#ERR r:293.700195 e:293.700226 [486,895]

#ERR r:293.690918 e:293.690948 [486,898]

#ERR r:293.672455 e:293.672485 [486,904]

#ERR r:293.669373 e:293.669403 [486,905]

#ERR r:293.666321 e:293.666351 [486,906]

#ERR r:293.660217 e:293.660248 [486,908]

#ERR r:293.657166 e:293.657196 [486,909]

#ERR r:293.654114 e:293.654144 [486,910]

#ERR r:293.651062 e:293.651093 [486,911]

#ERR r:293.648010 e:293.648041 [486,912]

#ERR r:293.644989 e:293.645020 [486,913]

#ERR r:293.268921 e:293.268951 [487,17]

#ERR r:293.295471 e:293.295532 [487,34]

#ERR r:293.297455 e:293.297485 [487,35]

#ERR r:293.299438 e:293.299500 [487,36]

#ERR r:293.301483 e:293.301514 [487,37]

#ERR r:293.303528 e:293.303589 [487,38]

#ERR r:293.305634 e:293.305664 [487,39]

#ERR r:293.307770 e:293.307800 [487,40]

#ERR r:293.309906 e:293.309937 [487,41]

#ERR r:293.312103 e:293.312134 [487,42]

#ERR r:293.314301 e:293.314331 [487,43]

#ERR r:293.350220 e:293.350250 [487,58]

#ERR r:293.360474 e:293.360504 [487,62]

#SDC Ite:112 KerTime:1.831682 AccTime:207.169723 KerErr:169281 AccErr:169281
#ABORT too many errors per iteration
#END