#HEADER simIter:2000 gridSize:1024x1024
#BEGIN Y:2015 M:11 D:21 Time:00:14:35
#IT Ite:0 KerTime:1.905945 AccTime:1.905945
#ERR r:302.326355 e:302.326324 [277,513]

#ERR r:302.468994 e:302.468964 [277,516]

#ERR r:302.429260 e:302.429230 [278,515]

#ERR r:302.476471 e:302.476440 [278,516]

#ERR r:302.287811 e:302.287781 [279,512]

#ERR r:302.435699 e:302.435669 [279,515]

#ERR r:302.483368 e:302.483337 [279,516]

#ERR r:302.530182 e:302.530151 [279,517]

#ERR r:302.576172 e:302.576141 [279,518]

#ERR r:302.621307 e:302.621277 [279,519]

#ERR r:302.665588 e:302.665558 [279,520]

#ERR r:302.709015 e:302.708984 [279,521]

#ERR r:302.342957 e:302.342926 [280,513]

#ERR r:302.392670 e:302.392639 [280,514]

#ERR r:302.441650 e:302.441589 [280,515]

#ERR r:302.489746 e:302.489685 [280,516]

#ERR r:302.536987 e:302.536957 [280,517]

#ERR r:302.583405 e:302.583344 [280,518]

#ERR r:302.628967 e:302.628937 [280,519]

#ERR r:302.673676 e:302.673645 [280,520]

#ERR r:302.717499 e:302.717468 [280,521]

#ERR r:302.296600 e:302.296570 [281,512]

#ERR r:302.397705 e:302.397675 [281,514]

#ERR r:302.447052 e:302.447021 [281,515]

#ERR r:302.495575 e:302.495544 [281,516]

#ERR r:302.543243 e:302.543182 [281,517]

#ERR r:302.590057 e:302.589996 [281,518]

#ERR r:302.636017 e:302.635986 [281,519]

#ERR r:302.681152 e:302.681122 [281,520]

#ERR r:302.725372 e:302.725342 [281,521]

#ERR r:302.196747 e:302.196716 [282,510]

#ERR r:302.248169 e:302.248138 [282,511]

#ERR r:302.402222 e:302.402191 [282,514]

#ERR r:302.451965 e:302.451935 [282,515]

#ERR r:302.548920 e:302.548889 [282,517]

#ERR r:302.596130 e:302.596100 [282,518]

#ERR r:302.642517 e:302.642487 [282,519]

#ERR r:302.688019 e:302.687988 [282,520]

#ERR r:302.251068 e:302.251038 [283,511]

#ERR r:302.505676 e:302.505646 [283,516]

#ERR r:302.554108 e:302.554077 [283,517]

#ERR r:302.601685 e:302.601654 [283,518]

#ERR r:302.648438 e:302.648407 [283,519]

#ERR r:302.201385 e:302.201355 [284,510]

#ERR r:302.358551 e:302.358521 [284,513]

#ERR r:302.409851 e:302.409821 [284,514]

#ERR r:302.460327 e:302.460297 [284,515]

#ERR r:302.509979 e:302.509949 [284,516]

#ERR r:302.558777 e:302.558746 [284,517]

#ERR r:302.653778 e:302.653748 [284,519]

#ERR r:302.513794 e:302.513763 [285,516]

#ERR r:302.562927 e:302.562897 [285,517]

#ERR r:302.705170 e:302.705139 [285,520]

#ERR r:302.517120 e:302.517090 [286,516]

#ERR r:302.566589 e:302.566559 [286,517]

#ERR r:302.709778 e:302.709747 [286,520]

#ERR r:302.755768 e:302.755737 [286,521]

#ERR r:302.845001 e:302.844971 [286,523]

#ERR r:302.930603 e:302.930573 [286,525]

#ERR r:302.519989 e:302.519958 [287,516]

#ERR r:302.569763 e:302.569733 [287,517]

#ERR r:302.713867 e:302.713837 [287,520]

#ERR r:302.760162 e:302.760132 [287,521]

#ERR r:302.805542 e:302.805511 [287,522]

#ERR r:302.893524 e:302.893494 [287,524]

#ERR r:302.936157 e:302.936127 [287,525]

#ERR r:302.977844 e:302.977814 [287,526]

#ERR r:303.018555 e:303.018524 [287,527]

#ERR r:302.717438 e:302.717407 [288,520]

#ERR r:302.809662 e:302.809631 [288,522]

#ERR r:302.854401 e:302.854370 [288,523]

#ERR r:302.898193 e:302.898163 [288,524]

#ERR r:302.941101 e:302.941071 [288,525]

#ERR r:302.983063 e:302.983032 [288,526]

#ERR r:302.524353 e:302.524323 [289,516]

#ERR r:302.574707 e:302.574677 [289,517]

#ERR r:302.624176 e:302.624146 [289,518]

#ERR r:302.672760 e:302.672729 [289,519]

#ERR r:302.720490 e:302.720459 [289,520]

#ERR r:302.813263 e:302.813232 [289,522]

#ERR r:302.858276 e:302.858246 [289,523]

#ERR r:302.987701 e:302.987671 [289,526]

#ERR r:302.525879 e:302.525848 [290,516]

#ERR r:302.576508 e:302.576477 [290,517]

#ERR r:302.626221 e:302.626190 [290,518]

#ERR r:302.675079 e:302.675049 [290,519]

#ERR r:302.723053 e:302.723022 [290,520]

#ERR r:302.770172 e:302.770142 [290,521]

#ERR r:302.816345 e:302.816315 [290,522]

#ERR r:302.861603 e:302.861572 [290,523]

#ERR r:302.905884 e:302.905853 [290,524]

#ERR r:302.315186 e:302.315155 [291,512]

#ERR r:302.577850 e:302.577820 [291,517]

#ERR r:302.627838 e:302.627808 [291,518]

#ERR r:302.676910 e:302.676880 [291,519]

#ERR r:302.864410 e:302.864380 [291,523]

#ERR r:302.259674 e:302.259644 [292,511]

#ERR r:302.314880 e:302.314850 [292,512]

#ERR r:302.527618 e:302.527588 [292,516]

#ERR r:302.578735 e:302.578705 [292,517]

#ERR r:302.678284 e:302.678253 [292,519]

#ERR r:302.726746 e:302.726715 [292,520]

#ERR r:302.820984 e:302.820953 [292,522]

#ERR r:302.866699 e:302.866669 [292,523]

#ERR r:302.911469 e:302.911438 [292,524]

#ERR r:302.679199 e:302.679169 [293,519]

#ERR r:302.727875 e:302.727844 [293,520]

#ERR r:302.913452 e:302.913422 [293,524]

#ERR r:303.000610 e:303.000580 [293,526]

#ERR r:303.042755 e:303.042725 [293,527]

#ERR r:302.728546 e:302.728516 [294,520]

#ERR r:302.776550 e:302.776520 [294,521]

#ERR r:302.823639 e:302.823608 [294,522]

#ERR r:303.165894 e:303.165863 [294,530]

#ERR r:302.146423 e:302.146393 [295,509]

#ERR r:302.200806 e:302.200775 [295,510]

#ERR r:302.255951 e:302.255920 [295,511]

#ERR r:302.366882 e:302.366852 [295,513]

#ERR r:302.474548 e:302.474518 [295,515]

#ERR r:302.679688 e:302.679657 [295,519]

#ERR r:302.776978 e:302.776947 [295,521]

#ERR r:302.824249 e:302.824219 [295,522]

#ERR r:302.870575 e:302.870544 [295,523]

#ERR r:302.960388 e:302.960358 [295,525]

#ERR r:303.046387 e:303.046356 [295,527]

#ERR r:302.090240 e:302.090210 [296,508]

#ERR r:302.144104 e:302.144073 [296,509]

#ERR r:302.198669 e:302.198639 [296,510]

#ERR r:302.310059 e:302.310028 [296,512]

#ERR r:302.679291 e:302.679260 [296,519]

#ERR r:302.728546 e:302.728516 [296,520]

#ERR r:303.004730 e:303.004700 [296,526]

#ERR r:303.047424 e:303.047394 [296,527]

#ERR r:303.208282 e:303.208252 [296,531]

#ERR r:302.034088 e:302.034058 [297,507]

#ERR r:302.087402 e:302.087372 [297,508]

#ERR r:302.141449 e:302.141418 [297,509]

#ERR r:302.196228 e:302.196198 [297,510]

#ERR r:302.251740 e:302.251678 [297,511]

#ERR r:302.307953 e:302.307922 [297,512]

#ERR r:302.418030 e:302.417999 [297,514]

#ERR r:302.727875 e:302.727844 [297,520]

#ERR r:302.776428 e:302.776398 [297,521]

#ERR r:302.824066 e:302.824036 [297,522]

#ERR r:303.047943 e:303.047913 [297,527]

#ERR r:302.030762 e:302.030731 [298,507]

#ERR r:302.084259 e:302.084229 [298,508]

#ERR r:302.138489 e:302.138458 [298,509]

#ERR r:302.193420 e:302.193390 [298,510]

#ERR r:302.249084 e:302.249054 [298,511]

#ERR r:302.415924 e:302.415894 [298,514]

#ERR r:302.469879 e:302.469849 [298,515]

#ERR r:302.522980 e:302.522949 [298,516]

#ERR r:302.677185 e:302.677155 [298,519]

#ERR r:303.047974 e:303.047943 [298,527]

#ERR r:302.302704 e:302.302673 [299,512]

#ERR r:302.358490 e:302.358459 [299,513]

#ERR r:302.467560 e:302.467529 [299,515]

#ERR r:303.004333 e:303.004303 [299,526]

#ERR r:303.170990 e:303.170959 [299,530]

#ERR r:303.210175 e:303.210144 [299,531]

#ERR r:301.970276 e:301.970245 [300,506]

#ERR r:302.077026 e:302.076996 [300,508]

#ERR r:302.186829 e:302.186798 [300,510]

#ERR r:302.242828 e:302.242798 [300,511]

#ERR r:302.410583 e:302.410553 [300,514]

#ERR r:302.913727 e:302.913696 [300,524]

#ERR r:303.003235 e:303.003204 [300,526]

#ERR r:303.170441 e:303.170410 [300,530]

#ERR r:303.209747 e:303.209717 [300,531]

#ERR r:301.913574 e:301.913544 [301,505]

#ERR r:301.965912 e:301.965881 [301,506]

#ERR r:302.072968 e:302.072937 [301,508]

#ERR r:302.183044 e:302.183014 [301,510]

#ERR r:302.239166 e:302.239136 [301,511]

#ERR r:302.296021 e:302.295990 [301,512]

#ERR r:302.407379 e:302.407349 [301,514]

#ERR r:302.865601 e:302.865570 [301,523]

#ERR r:303.169403 e:303.169373 [301,530]

#ERR r:303.208832 e:303.208801 [301,531]

#ERR r:302.178925 e:302.178894 [302,510]

#ERR r:302.292175 e:302.292145 [302,512]

#ERR r:302.458344 e:302.458313 [302,515]

#ERR r:302.909637 e:302.909607 [302,524]

#ERR r:302.955139 e:302.955109 [302,525]

#ERR r:303.043182 e:303.043152 [302,527]

#ERR r:303.085754 e:303.085724 [302,528]

#ERR r:303.127319 e:303.127289 [302,529]

#ERR r:303.167847 e:303.167816 [302,530]

#ERR r:303.207397 e:303.207367 [302,531]

#ERR r:301.217804 e:301.217773 [303,490]

#ERR r:302.287964 e:302.287933 [303,512]

#ERR r:302.344330 e:302.344299 [303,513]

#ERR r:302.399841 e:302.399811 [303,514]

#ERR r:302.860352 e:302.860321 [303,523]

#ERR r:302.906921 e:302.906891 [303,524]

#ERR r:302.997162 e:302.997131 [303,526]

#ERR r:303.040802 e:303.040771 [303,527]

#ERR r:303.083496 e:303.083466 [303,528]

#ERR r:303.125153 e:303.125122 [303,529]

#ERR r:303.165802 e:303.165771 [303,530]

#ERR r:301.210785 e:301.210754 [304,490]

#ERR r:301.250305 e:301.250275 [304,491]

#ERR r:302.169678 e:302.169647 [304,510]

#ERR r:302.283417 e:302.283386 [304,512]

#ERR r:302.450317 e:302.450287 [304,515]

#ERR r:302.504272 e:302.504242 [304,516]

#ERR r:302.857086 e:302.857056 [304,523]

#ERR r:302.903748 e:302.903717 [304,524]

#ERR r:303.037964 e:303.037933 [304,527]

#ERR r:303.080750 e:303.080719 [304,528]

#ERR r:303.122528 e:303.122498 [304,529]

#ERR r:303.203033 e:303.203003 [304,531]

#ERR r:303.316254 e:303.316223 [304,534]

#ERR r:301.203583 e:301.203552 [305,490]

#ERR r:301.243195 e:301.243164 [305,491]

#ERR r:301.283752 e:301.283722 [305,492]

#ERR r:302.756927 e:302.756897 [305,521]

#ERR r:302.900146 e:302.900116 [305,524]

#ERR r:302.945953 e:302.945923 [305,525]

#ERR r:303.119415 e:303.119385 [305,529]

#ERR r:303.160278 e:303.160248 [305,530]

#ERR r:303.200134 e:303.200073 [305,531]

#ERR r:303.238953 e:303.238922 [305,532]

#ERR r:303.276794 e:303.276764 [305,533]

#ERR r:301.119537 e:301.119507 [306,488]

#ERR r:301.157410 e:301.157379 [306,489]

#ERR r:301.196198 e:301.196167 [306,490]

#ERR r:301.235901 e:301.235870 [306,491]

#ERR r:301.276550 e:301.276520 [306,492]

#ERR r:302.047852 e:302.047821 [306,508]

#ERR r:302.702850 e:302.702820 [306,520]

#ERR r:302.896088 e:302.896057 [306,524]

#ERR r:302.986938 e:302.986908 [306,526]

#ERR r:303.156769 e:303.156738 [306,530]

#ERR r:303.196716 e:303.196686 [306,531]

#ERR r:303.235626 e:303.235596 [306,532]

#ERR r:303.273560 e:303.273529 [306,533]

#ERR r:303.310486 e:303.310455 [306,534]

#ERR r:301.038727 e:301.038696 [307,486]

#ERR r:301.188599 e:301.188568 [307,490]

#ERR r:301.228394 e:301.228363 [307,491]

#ERR r:302.210114 e:302.210083 [307,511]

#ERR r:302.267670 e:302.267639 [307,512]

#ERR r:303.152802 e:303.152771 [307,530]

#ERR r:301.141846 e:301.141815 [308,489]

#ERR r:301.220673 e:301.220642 [308,491]

#ERR r:301.261475 e:301.261444 [308,492]

#ERR r:301.303192 e:301.303162 [308,493]

#ERR r:302.839630 e:302.839600 [308,523]

#ERR r:302.886688 e:302.886658 [308,524]

#ERR r:303.227539 e:303.227509 [308,532]

#ERR r:301.295380 e:301.295349 [309,493]

#ERR r:302.084442 e:302.084412 [309,509]

#ERR r:302.423706 e:302.423676 [309,515]

#ERR r:302.687073 e:302.687042 [309,520]

#ERR r:302.737030 e:302.737000 [309,521]

#ERR r:302.881317 e:302.881287 [309,524]

#ERR r:303.060059 e:303.060028 [309,528]

#ERR r:303.102264 e:303.102234 [309,529]

#ERR r:303.222748 e:303.222717 [309,532]

#ERR r:303.298035 e:303.298004 [309,534]

#ERR r:301.287323 e:301.287292 [310,493]

#ERR r:301.654968 e:301.654938 [310,501]

#ERR r:301.755707 e:301.755676 [310,503]

#ERR r:302.077545 e:302.077515 [310,509]

#ERR r:302.471741 e:302.471710 [310,516]

#ERR r:302.525391 e:302.525360 [310,517]

#ERR r:302.731018 e:302.730988 [310,521]

#ERR r:302.780121 e:302.780090 [310,522]

#ERR r:302.921722 e:302.921692 [310,525]

#ERR r:303.096802 e:303.096771 [310,529]

#ERR r:303.138062 e:303.138031 [310,530]

#ERR r:303.178284 e:303.178253 [310,531]

#ERR r:303.494995 e:303.494965 [310,540]

#ERR r:303.525238 e:303.525208 [310,541]

#ERR r:303.554504 e:303.554474 [310,542]

#ERR r:303.582794 e:303.582764 [310,543]

#ERR r:301.647186 e:301.647156 [311,501]

#ERR r:301.959717 e:301.959686 [311,507]

#ERR r:302.014618 e:302.014587 [311,508]

#ERR r:302.070312 e:302.070251 [311,509]

#ERR r:302.126709 e:302.126648 [311,510]

#ERR r:302.183807 e:302.183777 [311,511]

#ERR r:302.410400 e:302.410370 [311,515]

#ERR r:302.464966 e:302.464935 [311,516]

#ERR r:302.518677 e:302.518646 [311,517]

#ERR r:302.773743 e:302.773712 [311,522]

#ERR r:302.821991 e:302.821960 [311,523]

#ERR r:302.869263 e:302.869232 [311,524]

#ERR r:302.960846 e:302.960815 [311,526]

#ERR r:303.090881 e:303.090851 [311,529]

#ERR r:303.132202 e:303.132141 [311,530]

#ERR r:303.172485 e:303.172424 [311,531]

#ERR r:303.211731 e:303.211700 [311,532]

#ERR r:303.250000 e:303.249939 [311,533]

#ERR r:303.519958 e:303.519928 [311,541]

#ERR r:303.549286 e:303.549255 [311,542]

#ERR r:303.577637 e:303.577606 [311,543]

#ERR r:301.740051 e:301.740021 [312,503]

#ERR r:302.006958 e:302.006927 [312,508]

#ERR r:302.062683 e:302.062653 [312,509]

#ERR r:302.119141 e:302.119110 [312,510]

#ERR r:302.457794 e:302.457764 [312,516]

#ERR r:302.511566 e:302.511536 [312,517]

#ERR r:302.564484 e:302.564423 [312,518]

#ERR r:302.616455 e:302.616425 [312,519]

#ERR r:302.717682 e:302.717651 [312,521]

#ERR r:302.815247 e:302.815216 [312,523]

#ERR r:302.862579 e:302.862518 [312,524]

#ERR r:302.954285 e:302.954254 [312,526]

#ERR r:303.125824 e:303.125793 [312,530]

#ERR r:303.166168 e:303.166138 [312,531]

#ERR r:303.205475 e:303.205444 [312,532]

#ERR r:303.386963 e:303.386932 [312,537]

#ERR r:303.420258 e:303.420227 [312,538]

#ERR r:303.452545 e:303.452515 [312,539]

#ERR r:303.571930 e:303.571899 [312,543]

#ERR r:301.731750 e:301.731720 [313,503]

#ERR r:301.783569 e:301.783539 [313,504]

#ERR r:301.836212 e:301.836182 [313,505]

#ERR r:302.395508 e:302.395477 [313,515]

#ERR r:302.450195 e:302.450165 [313,516]

#ERR r:302.504059 e:302.503998 [313,517]

#ERR r:302.557007 e:302.556976 [313,518]

#ERR r:302.710358 e:302.710327 [313,521]

#ERR r:302.759674 e:302.759644 [313,522]

#ERR r:302.808044 e:302.808014 [313,523]

#ERR r:302.855408 e:302.855377 [313,524]

#ERR r:302.901794 e:302.901764 [313,525]

#ERR r:303.035126 e:303.035095 [313,528]

#ERR r:303.077576 e:303.077545 [313,529]

#ERR r:303.413788 e:303.413757 [313,538]

#ERR r:303.565674 e:303.565643 [313,543]

#ERR r:297.007812 e:297.007782 [314,313]

#ERR r:301.672089 e:301.672058 [314,502]

#ERR r:301.723114 e:301.723083 [314,503]

#ERR r:301.774994 e:301.774963 [314,504]

#ERR r:301.935455 e:301.935425 [314,507]

#ERR r:301.990540 e:301.990509 [314,508]

#ERR r:302.046356 e:302.046326 [314,509]

#ERR r:302.275482 e:302.275452 [314,513]

#ERR r:302.331909 e:302.331879 [314,514]

#ERR r:302.442230 e:302.442169 [314,516]

#ERR r:302.496094 e:302.496063 [314,517]

#ERR r:302.702637 e:302.702606 [314,521]

#ERR r:302.751984 e:302.751953 [314,522]

#ERR r:302.800385 e:302.800354 [314,523]

#ERR r:302.847809 e:302.847778 [314,524]

#ERR r:302.894226 e:302.894196 [314,525]

#ERR r:303.027710 e:303.027679 [314,528]

#ERR r:303.070190 e:303.070160 [314,529]

#ERR r:303.406799 e:303.406769 [314,538]

#ERR r:303.439178 e:303.439148 [314,539]

#ERR r:303.612976 e:303.612946 [314,545]

#ERR r:296.935303 e:296.935272 [315,312]

#ERR r:301.766052 e:301.766022 [315,504]

#ERR r:301.818787 e:301.818756 [315,505]

#ERR r:301.926636 e:301.926605 [315,507]

#ERR r:301.981781 e:301.981750 [315,508]

#ERR r:302.037659 e:302.037628 [315,509]

#ERR r:302.379028 e:302.378998 [315,515]

#ERR r:302.433807 e:302.433777 [315,516]

#ERR r:302.487762 e:302.487701 [315,517]

#ERR r:302.540802 e:302.540771 [315,518]

#ERR r:302.694427 e:302.694397 [315,521]

#ERR r:302.743835 e:302.743805 [315,522]

#ERR r:302.792267 e:302.792236 [315,523]

#ERR r:302.839722 e:302.839691 [315,524]

#ERR r:303.019806 e:303.019775 [315,528]

#ERR r:303.144318 e:303.144287 [315,531]

#ERR r:303.222229 e:303.222198 [315,533]

#ERR r:303.296082 e:303.296051 [315,535]

#ERR r:303.399292 e:303.399261 [315,538]

#ERR r:303.431702 e:303.431671 [315,539]

#ERR r:303.493561 e:303.493530 [315,541]

#ERR r:303.551514 e:303.551483 [315,543]

#ERR r:303.631409 e:303.631378 [315,546]

#ERR r:297.061646 e:297.061615 [316,314]

#ERR r:297.127228 e:297.127197 [316,315]

#ERR r:297.192017 e:297.191986 [316,316]

#ERR r:297.255951 e:297.255920 [316,317]

#ERR r:298.153412 e:298.153381 [316,333]

#ERR r:301.653687 e:301.653656 [316,502]

#ERR r:301.704803 e:301.704773 [316,503]

#ERR r:301.809540 e:301.809479 [316,505]

#ERR r:301.863098 e:301.863068 [316,506]

#ERR r:301.917480 e:301.917419 [316,507]

#ERR r:301.972656 e:301.972595 [316,508]

#ERR r:302.028564 e:302.028503 [316,509]

#ERR r:302.200684 e:302.200653 [316,512]

#ERR r:302.370148 e:302.370117 [316,515]

#ERR r:302.424988 e:302.424957 [316,516]

#ERR r:302.478973 e:302.478912 [316,517]

#ERR r:302.532043 e:302.532013 [316,518]

#ERR r:302.635468 e:302.635437 [316,520]

#ERR r:302.685791 e:302.685760 [316,521]

#ERR r:302.735229 e:302.735199 [316,522]

#ERR r:302.783691 e:302.783661 [316,523]

#ERR r:302.831207 e:302.831177 [316,524]

#ERR r:302.923279 e:302.923248 [316,526]

#ERR r:303.053986 e:303.053955 [316,529]

#ERR r:303.095520 e:303.095490 [316,530]

#ERR r:303.136047 e:303.135986 [316,531]

#ERR r:303.175537 e:303.175507 [316,532]

#ERR r:303.214020 e:303.213989 [316,533]

#ERR r:303.287933 e:303.287903 [316,535]

#ERR r:303.455139 e:303.455109 [316,540]

#ERR r:303.485596 e:303.485565 [316,541]

#ERR r:303.515076 e:303.515045 [316,542]

#ERR r:303.543610 e:303.543579 [316,543]

#ERR r:303.571198 e:303.571167 [316,544]

#ERR r:303.648407 e:303.648376 [316,547]

#ERR r:303.672333 e:303.672302 [316,548]

#ERR r:296.423553 e:296.423523 [317,304]

#ERR r:296.482880 e:296.482849 [317,305]

#ERR r:296.666290 e:296.666260 [317,308]

#ERR r:296.922791 e:296.922760 [317,312]

#ERR r:297.185425 e:297.185394 [317,316]

#ERR r:297.312317 e:297.312286 [317,318]

#ERR r:297.614105 e:297.614075 [317,323]

#ERR r:298.145538 e:298.145508 [317,333]

#ERR r:301.593689 e:301.593658 [317,501]

#ERR r:301.643982 e:301.643951 [317,502]

#ERR r:301.695129 e:301.695099 [317,503]

#ERR r:301.747101 e:301.747070 [317,504]

#ERR r:301.799896 e:301.799866 [317,505]

#ERR r:301.853516 e:301.853485 [317,506]

#ERR r:301.907928 e:301.907867 [317,507]

#ERR r:301.963135 e:301.963074 [317,508]

#ERR r:302.019073 e:302.019043 [317,509]

#ERR r:302.075714 e:302.075684 [317,510]

#ERR r:302.191284 e:302.191254 [317,512]

#ERR r:302.469727 e:302.469696 [317,517]

#ERR r:302.522858 e:302.522797 [317,518]

#ERR r:302.575043 e:302.574982 [317,519]

#ERR r:302.676727 e:302.676666 [317,521]

#ERR r:302.726166 e:302.726135 [317,522]

#ERR r:302.774689 e:302.774658 [317,523]

#ERR r:302.822205 e:302.822174 [317,524]

#ERR r:303.127228 e:303.127197 [317,531]

#ERR r:303.166779 e:303.166748 [317,532]

#ERR r:303.205292 e:303.205261 [317,533]

#ERR r:303.242798 e:303.242767 [317,534]

#ERR r:303.279266 e:303.279236 [317,535]

#ERR r:303.314758 e:303.314728 [317,536]

#ERR r:303.382660 e:303.382629 [317,538]

#ERR r:303.415131 e:303.415100 [317,539]

#ERR r:303.446594 e:303.446564 [317,540]

#ERR r:303.477081 e:303.477051 [317,541]

#ERR r:303.506592 e:303.506561 [317,542]

#ERR r:303.535156 e:303.535126 [317,543]

#ERR r:303.589447 e:303.589417 [317,545]

#ERR r:303.615204 e:303.615173 [317,546]

#ERR r:303.664001 e:303.663971 [317,548]

#ERR r:303.687073 e:303.687042 [317,549]

#ERR r:296.190216 e:296.190186 [318,300]

#ERR r:296.417816 e:296.417786 [318,304]

#ERR r:296.477081 e:296.477051 [318,305]

#ERR r:296.537262 e:296.537231 [318,306]

#ERR r:296.598297 e:296.598267 [318,307]

#ERR r:296.982483 e:296.982452 [318,313]

#ERR r:297.048706 e:297.048676 [318,314]

#ERR r:297.114136 e:297.114105 [318,315]

#ERR r:297.178741 e:297.178711 [318,316]

#ERR r:297.242554 e:297.242523 [318,317]

#ERR r:297.305481 e:297.305450 [318,318]

#ERR r:297.367584 e:297.367554 [318,319]

#ERR r:297.428772 e:297.428741 [318,320]

#ERR r:297.606903 e:297.606873 [318,323]

#ERR r:297.720978 e:297.720947 [318,325]

#ERR r:297.776550 e:297.776520 [318,326]

#ERR r:298.089081 e:298.089050 [318,332]

#ERR r:298.137573 e:298.137543 [318,333]

#ERR r:301.583588 e:301.583557 [318,501]

#ERR r:301.633911 e:301.633881 [318,502]

#ERR r:301.685089 e:301.685028 [318,503]

#ERR r:301.737091 e:301.737030 [318,504]

#ERR r:301.789886 e:301.789856 [318,505]

#ERR r:301.843536 e:301.843506 [318,506]

#ERR r:301.897980 e:301.897919 [318,507]

#ERR r:301.953186 e:301.953156 [318,508]

#ERR r:302.065857 e:302.065826 [318,510]

#ERR r:302.123291 e:302.123260 [318,511]

#ERR r:302.295410 e:302.295380 [318,514]

#ERR r:302.351135 e:302.351105 [318,515]

#ERR r:302.406006 e:302.405975 [318,516]

#ERR r:302.460052 e:302.460022 [318,517]

#ERR r:302.513214 e:302.513153 [318,518]

#ERR r:302.565430 e:302.565369 [318,519]

#ERR r:302.616730 e:302.616699 [318,520]

#ERR r:302.716644 e:302.716614 [318,522]

#ERR r:302.765167 e:302.765137 [318,523]

#ERR r:303.077362 e:303.077332 [318,530]

#ERR r:303.117920 e:303.117889 [318,531]

#ERR r:303.196045 e:303.196014 [318,533]

#ERR r:303.233551 e:303.233521 [318,534]

#ERR r:303.270081 e:303.270050 [318,535]

#ERR r:303.305573 e:303.305542 [318,536]

#ERR r:303.340057 e:303.340027 [318,537]

#SDC Ite:1 KerTime:1.926482 AccTime:3.832427 KerErr:4130 AccErr:4130
#ABORT too many errors per iteration
#END