#HEADER size:4096x4096
#BEGIN Y:2015 M:11 D:22 Time:17:26:57
#IT Ite:0 KerTime:7.259593 AccTime:7.259593
#IT Ite:5 KerTime:7.282019 AccTime:43.647882
#IT Ite:10 KerTime:7.228637 AccTime:79.858937
#IT Ite:15 KerTime:7.223426 AccTime:116.034664
#IT Ite:20 KerTime:7.224335 AccTime:152.187216
#IT Ite:25 KerTime:7.229968 AccTime:188.347861
#ERR p: [192, 1943], r: 2.3684933651711792e+16, e: -9.9661059066721300e+33
#ERR p: [193, 1943], r: 3.3635403828538952e+16, e: 9.3234330089464169e+33
#ERR p: [194, 1943], r: -2.8396913578489792e+16, e: 4.9205632724264361e+33
#ERR p: [195, 1943], r: -3.1220558057487008e+16, e: 6.4131875385233964e+34
#ERR p: [196, 1943], r: -8.6741798874000000e+12, e: -2.7116304417402614e+34
#ERR p: [197, 1943], r: -3.5968529798021536e+16, e: 9.8243208975039907e+33
#ERR p: [198, 1943], r: -1.5817484043877568e+16, e: -1.3630527235018481e+34
#ERR p: [199, 1943], r: 4.1157703334745040e+15, e: 7.4273923509146658e+33
#ERR p: [200, 1943], r: 2.6606637143407016e+16, e: 7.9361826495756014e+33
#ERR p: [201, 1943], r: -1.7572462194234136e+16, e: -2.1006800772691041e+34
#ERR p: [202, 1943], r: -2.8823849436944352e+16, e: 4.0128098447422180e+33
#ERR p: [203, 1943], r: 6.2074948922134920e+15, e: 5.8299367436261988e+34
#ERR p: [204, 1943], r: 1.3734652008982376e+16, e: 8.5005981524500655e+33
#ERR p: [205, 1943], r: -1.7145027506761256e+16, e: 1.4496294107884908e+34
#ERR p: [206, 1943], r: -4.4208017582353200e+15, e: 3.9494316508683926e+34
#ERR p: [207, 1943], r: 3.0984742255587128e+16, e: 3.2488166115942577e+34
#ERR p: [208, 1943], r: 5.3512763142660280e+15, e: -4.6523847085850917e+33
#ERR p: [209, 1943], r: 2.5395008707698432e+16, e: -2.1761588974137461e+34
#ERR p: [210, 1943], r: -1.2435099131409040e+15, e: -2.3775990139436514e+32
#ERR p: [211, 1943], r: 2.7410503446977584e+16, e: -1.9126673900900516e+34
#ERR p: [212, 1943], r: -3.0055215549759568e+16, e: -3.4202680518185945e+34
#ERR p: [213, 1943], r: 1.2777991637105124e+16, e: 6.7680819585770358e+34
#ERR p: [214, 1943], r: 8.9022975034359840e+15, e: -4.7661375454617343e+34
#ERR p: [215, 1943], r: -3.2414597008805728e+16, e: 8.0207621456617416e+32
#ERR p: [216, 1943], r: 6.8142190883010640e+15, e: 8.1427305717607303e+33
#ERR p: [217, 1943], r: 2.0323107949763536e+16, e: -4.0003429682505167e+34
#ERR p: [218, 1943], r: 5.0626018219143160e+15, e: -5.7521128625991442e+34
#ERR p: [219, 1943], r: 3.8190806811608376e+16, e: -4.2562336765752519e+34
#ERR p: [220, 1943], r: 1.0067629126256332e+16, e: -9.9976626238948915e+33
#ERR p: [221, 1943], r: 5.4638292563781160e+15, e: -4.6434833783927812e+34
#ERR p: [222, 1943], r: -1.9514619759347288e+16, e: 3.7653822086966260e+34
#ERR p: [223, 1943], r: -1.7485040738502520e+16, e: 7.2160214305113065e+34
#ERR p: [224, 1943], r: -2.1931282441442832e+16, e: 6.1829045209674118e+33
#ERR p: [225, 1943], r: 9.9901925316080800e+14, e: -5.5689408548879346e+34
#ERR p: [226, 1943], r: 4.0292418619407344e+16, e: 2.9236455552041088e+34
#ERR p: [227, 1943], r: 1.3781023514853792e+16, e: 2.9130555393104614e+33
#ERR p: [228, 1943], r: -2.2544503650905568e+16, e: 1.1037276976057899e+34
#ERR p: [229, 1943], r: 2.5725034009423120e+15, e: 5.8346208444297525e+34
#ERR p: [230, 1943], r: 1.0567770850043760e+15, e: -3.5300087398815611e+34
#ERR p: [231, 1943], r: -2.0529271500626576e+16, e: 5.4498891060646825e+33
#ERR p: [232, 1943], r: 3.8982847189096736e+16, e: -4.1384041517120090e+33
#ERR p: [233, 1943], r: 2.4069365824662148e+16, e: 3.7199885320331230e+34
#ERR p: [234, 1943], r: -1.6071560746420176e+16, e: 3.3667732319552106e+34
#ERR p: [235, 1943], r: 2.0446702804373576e+16, e: 3.2304592260454001e+34
#ERR p: [236, 1943], r: 4.0909951941117648e+16, e: 5.9924261019642509e+33
#ERR p: [237, 1943], r: 3.7850895710323008e+16, e: -7.3055705812051095e+34
#ERR p: [238, 1943], r: 1.9963103535182776e+16, e: 6.8775995806331553e+33
#ERR p: [239, 1943], r: -3.5164011300845072e+16, e: -5.8539124389804428e+34
#ERR p: [240, 1943], r: -1.4120177096517760e+16, e: -2.1469637948436955e+34
#ERR p: [241, 1943], r: 1.3065028739156200e+16, e: -2.4216221947810934e+33
#ERR p: [242, 1943], r: 3.2452530652454124e+16, e: 1.0069895433487550e+34
#ERR p: [243, 1943], r: -5.9865554449968000e+15, e: 2.7266094599276818e+34
#ERR p: [244, 1943], r: 1.1009067368434744e+16, e: -4.7726293133763970e+34
#ERR p: [245, 1943], r: 3.4473820854078976e+16, e: -6.7121215828688491e+34
#ERR p: [246, 1943], r: 4.9518543480820960e+15, e: -5.2909103437991974e+34
#ERR p: [247, 1943], r: -2.2459159410789608e+16, e: 4.9793146600410183e+34
#ERR p: [248, 1943], r: -2.8657614234944808e+16, e: -3.2756384189522881e+33
#ERR p: [249, 1943], r: -3.5019849526878448e+16, e: -1.5168640371006188e+34
#ERR p: [250, 1943], r: 2.1474379012608900e+16, e: 4.1765284495052505e+34
#ERR p: [251, 1943], r: -1.2525106639062984e+16, e: 8.9493903317336776e+33
#ERR p: [252, 1943], r: -3.1058614699287344e+16, e: 1.0293191162180060e+34
#ERR p: [253, 1943], r: -3.9220336902037264e+16, e: -5.1306679267493766e+34
#SDC Ite:26 KerTime:7.227476 AccTime:195.575337 KerErr:128 AccErr:128
#IT Ite:30 KerTime:7.226847 AccTime:224.499431
#IT Ite:35 KerTime:7.220121 AccTime:260.629873
#ERR p: [2708, 32], r: 5.3719803083837040e+15, e: 5.4824638599097793e+34
#ERR p: [2708, 33], r: 1.8731540780890732e+16, e: -3.4591262737583230e+34
#ERR p: [2708, 34], r: -2.1795235304981440e+15, e: -4.0907797917847856e+34
#ERR p: [2708, 35], r: 3.4370066257441416e+16, e: -4.6023626062307377e+34
#ERR p: [2708, 36], r: -3.5082125833794480e+16, e: 2.0321833150243427e+33
#ERR p: [2708, 37], r: 1.4161369306009264e+16, e: 1.2130581656913074e+34
#ERR p: [2708, 38], r: -2.8997454208992424e+16, e: 3.7909158232203231e+33
#ERR p: [2708, 39], r: 1.9594439238652588e+16, e: -2.3416430895274774e+34
#SDC Ite:37 KerTime:7.219898 AccTime:275.077427 KerErr:8 AccErr:136
#IT Ite:40 KerTime:7.228690 AccTime:296.758799
#IT Ite:45 KerTime:7.236027 AccTime:332.897869
