#HEADER size:4096x4096
#BEGIN Y:2015 M:11 D:20 Time:12:35:12
#IT Ite:0 KerTime:7.264594 AccTime:7.264594
#IT Ite:5 KerTime:7.276634 AccTime:43.652072
#IT Ite:10 KerTime:7.230379 AccTime:79.852372
#IT Ite:15 KerTime:7.241248 AccTime:116.013149
#IT Ite:20 KerTime:7.232200 AccTime:152.182714
#IT Ite:25 KerTime:7.232752 AccTime:188.303076
#IT Ite:30 KerTime:7.230615 AccTime:224.429331
#IT Ite:35 KerTime:7.240156 AccTime:260.577024
#ERR p: [2496, 2116], r: 2.4187604066353292e+16, e: -2.1442773820365159e+34
#ERR p: [2496, 2118], r: -2.9653474948227408e+16, e: 5.5288576169263809e+34
#ERR p: [2497, 2116], r: 3.8334887849591672e+16, e: -9.0393035106153217e+33
#ERR p: [2497, 2118], r: -1.9126235816441440e+15, e: 2.6590885527837900e+34
#ERR p: [2498, 2116], r: -3.2284975143602112e+16, e: 7.2796802507608636e+32
#ERR p: [2498, 2118], r: 3.6572088593212888e+16, e: -4.8024692938870665e+34
#ERR p: [2499, 2116], r: -1.3080597228949888e+16, e: 4.6982274432720402e+34
#ERR p: [2499, 2118], r: 3.5652571090094744e+16, e: -7.2314406707742931e+34
#ERR p: [2500, 2116], r: 2.0409901121150704e+16, e: 3.6189040583558714e+34
#ERR p: [2500, 2118], r: 3.8700671211486680e+16, e: -1.5033479209151056e+34
#ERR p: [2501, 2116], r: -2.5124153028313072e+16, e: 7.3138958491816032e+33
#ERR p: [2501, 2118], r: 1.7800546569537372e+16, e: -1.7857169298484921e+34
#ERR p: [2502, 2116], r: 7.6786605236120800e+14, e: -8.3886703496473231e+33
#ERR p: [2502, 2118], r: -2.2999740493016320e+16, e: -5.2391679402998998e+34
#ERR p: [2503, 2116], r: -2.3357612141421064e+16, e: 8.4592941137121806e+34
#ERR p: [2503, 2118], r: -3.6584165279878304e+16, e: 6.1396055024036009e+34
#ERR p: [2504, 2116], r: 1.3260962997293100e+16, e: 5.1652880428230379e+34
#ERR p: [2504, 2118], r: -9.0067545843012640e+15, e: -4.3180354319775248e+34
#ERR p: [2505, 2116], r: 2.0880497993472964e+16, e: -6.6251134700379783e+34
#ERR p: [2505, 2118], r: 3.9211412132326480e+15, e: 1.2076519252155401e+34
#ERR p: [2506, 2116], r: -3.3562651633471280e+15, e: -8.9096489491697619e+33
#ERR p: [2506, 2118], r: -3.8210066523535184e+16, e: -4.5684886802751715e+34
#ERR p: [2507, 2116], r: -1.0633482292680072e+16, e: 2.5217603419170988e+34
#ERR p: [2507, 2118], r: 2.7856157315149920e+15, e: 2.1819758776190323e+34
#ERR p: [2508, 2116], r: -3.1674413041874768e+16, e: -1.6834945724774965e+34
#ERR p: [2508, 2118], r: 7.2492759132012720e+15, e: 2.8986083726662169e+34
#ERR p: [2509, 2116], r: 3.4023531037773920e+15, e: -5.7314003098159572e+34
#ERR p: [2509, 2118], r: 5.2264003436248760e+15, e: -3.9945615447061627e+34
#ERR p: [2510, 2116], r: -3.5095621542159472e+16, e: 2.8914642147683535e+34
#ERR p: [2510, 2118], r: 4.3189665136821600e+15, e: 4.2032237556130629e+33
#ERR p: [2511, 2116], r: 3.2041556083958596e+16, e: -9.2014004556144977e+33
#ERR p: [2511, 2118], r: -1.9484854237735200e+14, e: -1.8616639575258927e+34
#ERR p: [2512, 2116], r: -1.8987982130508872e+16, e: -6.8916829301208081e+34
#ERR p: [2512, 2118], r: 8.4393871628307200e+14, e: -7.7702264102324079e+34
#ERR p: [2513, 2116], r: 2.5281212971935048e+16, e: -7.8748930771167287e+33
#ERR p: [2513, 2118], r: -3.0533708146018904e+16, e: 1.6272630431158363e+34
#ERR p: [2514, 2116], r: -1.0730617439504712e+16, e: 1.1921872492603518e+34
#ERR p: [2514, 2118], r: 1.2246369907576560e+15, e: -4.4716289892471785e+33
#ERR p: [2515, 2116], r: 2.9198940863395112e+16, e: 5.2924266167962534e+32
#ERR p: [2515, 2118], r: 2.8319089312966912e+16, e: -7.7158205994376968e+34
#ERR p: [2516, 2116], r: 1.6560094374358656e+16, e: -4.6614656036316636e+34
#ERR p: [2516, 2118], r: 1.7667898137148468e+16, e: 2.7310652252796656e+34
#ERR p: [2517, 2116], r: 2.4456708396565168e+16, e: 4.5142763571977615e+34
#ERR p: [2517, 2118], r: 8.7285957663133600e+14, e: 6.2936595432646536e+33
#ERR p: [2518, 2116], r: -1.5023439454719424e+16, e: -3.2890323020494422e+34
#ERR p: [2518, 2118], r: 1.4815238436918704e+16, e: -4.9268182434785833e+34
#ERR p: [2519, 2116], r: 2.1496120113167912e+16, e: -2.2259431315235312e+34
#ERR p: [2519, 2118], r: -1.5703403799163176e+16, e: -3.6672873603598054e+34
#ERR p: [2520, 2116], r: 5.3340997056625800e+15, e: 4.0148561074209161e+34
#ERR p: [2520, 2118], r: -2.9326443596500880e+15, e: -1.8035919756195257e+34
#ERR p: [2521, 2116], r: -3.4391748536812144e+16, e: -3.0300308153646275e+34
#ERR p: [2521, 2118], r: -2.8956902126595360e+15, e: -1.9134900691899004e+34
#ERR p: [2522, 2116], r: -3.1589666458226736e+16, e: 2.7606727009240119e+34
#ERR p: [2522, 2118], r: -2.2652302853815256e+16, e: -4.8574702633762983e+34
#ERR p: [2523, 2116], r: 2.8375624694675208e+16, e: 2.9555786837394225e+34
#ERR p: [2523, 2118], r: -2.3040828202243896e+16, e: -2.5350302634795122e+33
#ERR p: [2524, 2116], r: 1.9786682725066320e+16, e: -4.0219731697973592e+34
#ERR p: [2524, 2118], r: -1.2559762095678560e+15, e: -1.8060457492336561e+34
#ERR p: [2525, 2116], r: -2.8197089730171488e+16, e: 4.2247580054755565e+34
#ERR p: [2525, 2118], r: 2.6030035951821136e+16, e: 3.0314571229812152e+34
#ERR p: [2526, 2116], r: -1.9636197940945624e+16, e: -3.3755127227312298e+34
#ERR p: [2526, 2118], r: -2.1824594212206080e+16, e: 4.3334588159443759e+34
#SDC Ite:36 KerTime:7.233536 AccTime:267.810560 KerErr:129 AccErr:129
#IT Ite:40 KerTime:7.235118 AccTime:296.747918
