#HEADER size:1024x1024
#BEGIN Y:2015 M:11 D:22 Time:11:30:55
#IT Ite:0 KerTime:0.110818 AccTime:0.110818
#IT Ite:5 KerTime:0.110328 AccTime:0.664863
#IT Ite:10 KerTime:0.111777 AccTime:1.215321
#IT Ite:15 KerTime:0.110405 AccTime:1.769358
#IT Ite:20 KerTime:0.109881 AccTime:2.324087
#IT Ite:25 KerTime:0.111678 AccTime:2.874474
#IT Ite:30 KerTime:0.110920 AccTime:3.423647
#IT Ite:35 KerTime:0.112402 AccTime:3.976235
#IT Ite:40 KerTime:0.109502 AccTime:4.526438
#IT Ite:45 KerTime:0.110796 AccTime:5.076950
#IT Ite:50 KerTime:0.110416 AccTime:5.626763
#IT Ite:55 KerTime:0.107718 AccTime:6.175827
#IT Ite:60 KerTime:0.110070 AccTime:6.727046
#IT Ite:65 KerTime:0.110234 AccTime:7.275762
#IT Ite:70 KerTime:0.109912 AccTime:7.825412
#IT Ite:75 KerTime:0.110808 AccTime:8.377333
#IT Ite:80 KerTime:0.110831 AccTime:8.931915
#IT Ite:85 KerTime:0.109825 AccTime:9.476839
#IT Ite:90 KerTime:0.109816 AccTime:10.024072
#IT Ite:95 KerTime:0.111046 AccTime:10.569385
#IT Ite:100 KerTime:0.109194 AccTime:11.113003
#IT Ite:105 KerTime:0.110606 AccTime:11.659601
#IT Ite:110 KerTime:0.110208 AccTime:12.210168
#IT Ite:115 KerTime:0.109907 AccTime:12.759587
#IT Ite:120 KerTime:0.110298 AccTime:13.308420
#IT Ite:125 KerTime:0.111391 AccTime:13.859516
#IT Ite:130 KerTime:0.108861 AccTime:14.407229
#IT Ite:135 KerTime:0.110387 AccTime:14.957560
#IT Ite:140 KerTime:0.109977 AccTime:15.511093
#IT Ite:145 KerTime:0.110918 AccTime:16.060223
#IT Ite:150 KerTime:0.108977 AccTime:16.609886
#IT Ite:155 KerTime:0.107407 AccTime:17.153582
#IT Ite:160 KerTime:0.108832 AccTime:17.700679
#IT Ite:165 KerTime:0.110333 AccTime:18.250973
#IT Ite:170 KerTime:0.110672 AccTime:18.799813
#IT Ite:175 KerTime:0.109606 AccTime:19.349106
#IT Ite:180 KerTime:0.110840 AccTime:19.901204
#IT Ite:185 KerTime:0.108507 AccTime:20.449623
#IT Ite:190 KerTime:0.111108 AccTime:21.001277
#IT Ite:195 KerTime:0.109897 AccTime:21.549621
#IT Ite:200 KerTime:0.110252 AccTime:22.097950
#IT Ite:205 KerTime:0.111641 AccTime:22.649164
#IT Ite:210 KerTime:0.110540 AccTime:23.201709
#IT Ite:215 KerTime:0.110918 AccTime:23.754562
#ERR p: [384, 9], r: 4.0703722662780432e+16, e: -3.3925418320099692e+33
#ERR p: [385, 9], r: -1.3423160081274808e+16, e: -1.5976325088799982e+34
#ERR p: [386, 9], r: -1.4414863660866392e+16, e: -2.3247270994448476e+33
#ERR p: [387, 9], r: -1.4488831123020480e+15, e: -2.0967676337671167e+34
#ERR p: [388, 9], r: -6.5255401242282240e+15, e: -1.2517221561269014e+34
#ERR p: [389, 9], r: 5.2269518330730480e+15, e: 2.3474007594376896e+34
#ERR p: [390, 9], r: 3.8438828578140584e+16, e: 7.5589210713860964e+33
#ERR p: [391, 9], r: -2.4460455689581112e+16, e: 5.4551128831763766e+33
#ERR p: [392, 9], r: -3.0574684453852472e+16, e: 2.5472478668227768e+34
#ERR p: [393, 9], r: 1.4342597679316996e+16, e: -2.8413684575128097e+34
#ERR p: [394, 9], r: 3.9868370339134704e+16, e: 7.3990331565370751e+33
#ERR p: [395, 9], r: -2.0918596777124328e+16, e: 2.4255118792446703e+34
#ERR p: [396, 9], r: 2.0378652279447764e+16, e: 2.3021773850356446e+34
#ERR p: [397, 9], r: -3.5048799152728160e+15, e: 1.2150371488768230e+34
#ERR p: [398, 9], r: 3.2253562995914368e+16, e: 2.4544867433462846e+34
#ERR p: [399, 9], r: -3.5691219561554496e+16, e: -2.3048007733771737e+34
#ERR p: [400, 9], r: 9.8823736300688000e+13, e: -1.5534429286139195e+33
#ERR p: [401, 9], r: -1.1900481650242584e+16, e: -2.7621565473652558e+34
#ERR p: [402, 9], r: 1.3699289723353460e+16, e: -1.3623186265844764e+34
#ERR p: [403, 9], r: 8.0019261765591800e+15, e: -3.6101195761206015e+34
#ERR p: [404, 9], r: -2.1195074130527672e+16, e: -1.7388552556754608e+33
#ERR p: [405, 9], r: 3.2070700722983108e+16, e: -1.9476698173664694e+34
#ERR p: [406, 9], r: 7.5902399228103440e+15, e: 9.2501840944586166e+32
#ERR p: [407, 9], r: 3.7649429367057976e+16, e: -3.1757423100183667e+33
#ERR p: [408, 9], r: -3.4070733896985648e+16, e: 8.5334365650992552e+32
#ERR p: [409, 9], r: -8.6691666599977760e+15, e: 9.5045538896569877e+33
#ERR p: [410, 9], r: 2.2296204474534840e+16, e: 1.2024433005272975e+34
#ERR p: [411, 9], r: 1.2895008517151700e+16, e: -4.6577729791692502e+33
#ERR p: [412, 9], r: 1.8502631747661160e+16, e: 1.1297904834769006e+34
#ERR p: [413, 9], r: 3.1277565023567528e+16, e: 2.0452502020360825e+33
#ERR p: [414, 9], r: -9.2078100786246320e+15, e: 2.8016173521282176e+34
#ERR p: [415, 9], r: 7.1348036473616800e+14, e: -2.7778896880811716e+34
#ERR p: [416, 9], r: -1.5320034180816264e+16, e: 3.4190203227185242e+33
#ERR p: [417, 9], r: 1.4782973695576192e+16, e: -2.1700306018699273e+33
#ERR p: [418, 9], r: 1.3671633914414792e+16, e: 9.7590814944281653e+33
#ERR p: [419, 9], r: -3.6842994933405888e+16, e: -1.3762634888405494e+34
#ERR p: [420, 9], r: -6.3822221557665600e+15, e: -1.7885001256472398e+34
#ERR p: [421, 9], r: -3.2675685806034128e+16, e: 2.0913478706286532e+34
#ERR p: [422, 9], r: -3.9558049214554944e+16, e: 1.1200452117009088e+34
#ERR p: [423, 9], r: 1.6431573236001656e+16, e: -7.1285575792830292e+33
#ERR p: [424, 9], r: 1.4569770569864660e+16, e: 1.4627203389439708e+34
#ERR p: [425, 9], r: -2.9623146669391544e+16, e: -1.2413430636781926e+34
#ERR p: [426, 9], r: 1.6382643138881772e+16, e: 1.8645186098007886e+34
#ERR p: [427, 9], r: 3.7144831760847944e+16, e: 6.2342608787312351e+33
#ERR p: [428, 9], r: 3.0869990412104872e+16, e: -6.2811700522580183e+32
#ERR p: [429, 9], r: -3.7358530369881536e+16, e: -1.8529546368286530e+34
#ERR p: [430, 9], r: 2.1612742246428504e+16, e: 4.1033178131112344e+33
#ERR p: [431, 9], r: -2.9842806046377864e+16, e: -2.0643756028451474e+34
#ERR p: [432, 9], r: -9.6240513281859440e+15, e: 3.0300536134412319e+34
#ERR p: [433, 9], r: -3.7724036429384720e+16, e: -1.0572739368391014e+34
#ERR p: [434, 9], r: -3.4670932478666304e+16, e: -4.5380790896028931e+33
#ERR p: [435, 9], r: 3.4732142332581804e+16, e: 2.0539263001167751e+34
#ERR p: [436, 9], r: 3.9472674389252440e+16, e: 1.0888186036093831e+34
#ERR p: [437, 9], r: -1.6371368673890800e+15, e: -2.4895272238714474e+34
#ERR p: [438, 9], r: -3.5365799912428480e+16, e: 1.1305182364482824e+34
#ERR p: [439, 9], r: -3.5506157936843120e+16, e: -1.0237082112874323e+33
#ERR p: [440, 9], r: -1.9839157055383552e+16, e: -1.0987198458204995e+34
#ERR p: [441, 9], r: -2.6326054335698488e+16, e: 2.5649519038963551e+34
#ERR p: [442, 9], r: 3.6954557203991336e+16, e: -3.9015902428490232e+32
#ERR p: [443, 9], r: -1.0967239029958848e+16, e: 2.0030713192290748e+34
#ERR p: [444, 9], r: 3.6845174209564928e+16, e: 1.1300018033563286e+34
#ERR p: [445, 9], r: -3.3513272087957712e+16, e: 7.3184227584531908e+33
#SDC Ite:217 KerTime:0.110722 AccTime:23.974929 KerErr:64 AccErr:64
#IT Ite:220 KerTime:0.111407 AccTime:24.306491
#IT Ite:225 KerTime:0.110447 AccTime:24.860268
#IT Ite:230 KerTime:0.110617 AccTime:25.412510
#IT Ite:235 KerTime:0.109895 AccTime:25.961777
#IT Ite:240 KerTime:0.109698 AccTime:26.508412
#IT Ite:245 KerTime:0.109091 AccTime:27.055691
#IT Ite:250 KerTime:0.110573 AccTime:27.607754
#IT Ite:255 KerTime:0.110744 AccTime:28.157855
#IT Ite:260 KerTime:0.108582 AccTime:28.704490
#IT Ite:265 KerTime:0.109918 AccTime:29.253406
#IT Ite:270 KerTime:0.108784 AccTime:29.804041
#IT Ite:275 KerTime:0.110932 AccTime:30.353286
#IT Ite:280 KerTime:0.111162 AccTime:30.903794
#IT Ite:285 KerTime:0.110253 AccTime:31.454344
#IT Ite:290 KerTime:0.109936 AccTime:32.002050
#IT Ite:295 KerTime:0.110952 AccTime:32.551324
#IT Ite:300 KerTime:0.109789 AccTime:33.101649
#IT Ite:305 KerTime:0.111140 AccTime:33.655370
#IT Ite:310 KerTime:0.110296 AccTime:34.205868
#IT Ite:315 KerTime:0.110693 AccTime:34.755664
#IT Ite:320 KerTime:0.109005 AccTime:35.305769
#IT Ite:325 KerTime:0.109994 AccTime:35.857380
#IT Ite:330 KerTime:0.109818 AccTime:36.408453
#IT Ite:335 KerTime:0.111356 AccTime:36.958562
#IT Ite:340 KerTime:0.110076 AccTime:37.508110
#IT Ite:345 KerTime:0.109003 AccTime:38.060356
#IT Ite:350 KerTime:0.110776 AccTime:38.610424
#IT Ite:355 KerTime:0.110423 AccTime:39.162912
#IT Ite:360 KerTime:0.107655 AccTime:39.708391
#IT Ite:365 KerTime:0.109894 AccTime:40.260346
#IT Ite:370 KerTime:0.109036 AccTime:40.807718
#IT Ite:375 KerTime:0.109557 AccTime:41.354956
#IT Ite:380 KerTime:0.108926 AccTime:41.904762
#IT Ite:385 KerTime:0.109373 AccTime:42.453742
#IT Ite:390 KerTime:0.110896 AccTime:43.003419
#IT Ite:395 KerTime:0.108937 AccTime:43.553211
#IT Ite:400 KerTime:0.111451 AccTime:44.106497
#IT Ite:405 KerTime:0.110615 AccTime:44.657817
#IT Ite:410 KerTime:0.110234 AccTime:45.208074
#IT Ite:415 KerTime:0.109928 AccTime:45.760771
#IT Ite:420 KerTime:0.110172 AccTime:46.313327
#IT Ite:425 KerTime:0.110778 AccTime:46.862640
#IT Ite:430 KerTime:0.110860 AccTime:47.412463
#ERR p: [21, 240], r: 1.2622990259775892e+16, e: 1.4347644254229791e+34
#ERR p: [21, 241], r: -2.3379337102290240e+16, e: -3.7124191742493146e+33
#ERR p: [21, 242], r: -2.3353065928602592e+16, e: -1.0285621815054335e+34
#ERR p: [21, 243], r: -2.3381208142751824e+16, e: -2.0327778631188248e+33
#ERR p: [21, 244], r: 2.3333883124174552e+16, e: 1.9584612883667808e+33
#ERR p: [21, 245], r: -2.5809544324696064e+16, e: 8.3567869410478746e+33
#SDC Ite:432 KerTime:0.110038 AccTime:47.632539 KerErr:6 AccErr:70
#IT Ite:435 KerTime:0.110744 AccTime:47.963267
#IT Ite:440 KerTime:0.110002 AccTime:48.512017
#IT Ite:445 KerTime:0.110969 AccTime:49.067521
#IT Ite:450 KerTime:0.111033 AccTime:49.617741
#IT Ite:455 KerTime:0.109413 AccTime:50.169203
#IT Ite:460 KerTime:0.109845 AccTime:50.720158
#IT Ite:465 KerTime:0.110261 AccTime:51.272220
#IT Ite:470 KerTime:0.110260 AccTime:51.820658
#IT Ite:475 KerTime:0.106933 AccTime:52.366018
#IT Ite:480 KerTime:0.110348 AccTime:52.917164
#IT Ite:485 KerTime:0.110028 AccTime:53.467192
#IT Ite:490 KerTime:0.110894 AccTime:54.017549
#IT Ite:495 KerTime:0.109941 AccTime:54.567921
#IT Ite:500 KerTime:0.110244 AccTime:55.118109
#IT Ite:505 KerTime:0.107715 AccTime:55.662845
#IT Ite:510 KerTime:0.110299 AccTime:56.213519
#IT Ite:515 KerTime:0.110050 AccTime:56.765712
#IT Ite:520 KerTime:0.109799 AccTime:57.316307
#IT Ite:525 KerTime:0.110773 AccTime:57.867040
#IT Ite:530 KerTime:0.110689 AccTime:58.418732
#IT Ite:535 KerTime:0.110525 AccTime:58.968144
#IT Ite:540 KerTime:0.108832 AccTime:59.517366
#IT Ite:545 KerTime:0.111952 AccTime:60.070005
#IT Ite:550 KerTime:0.109318 AccTime:60.617096
#IT Ite:555 KerTime:0.110547 AccTime:61.169064
#IT Ite:560 KerTime:0.110514 AccTime:61.718743
#IT Ite:565 KerTime:0.111073 AccTime:62.272809
#IT Ite:570 KerTime:0.108880 AccTime:62.822047
#IT Ite:575 KerTime:0.107806 AccTime:63.369038
#IT Ite:580 KerTime:0.111363 AccTime:63.923250
#IT Ite:585 KerTime:0.110874 AccTime:64.474046
#IT Ite:590 KerTime:0.111007 AccTime:65.024954
#IT Ite:595 KerTime:0.111447 AccTime:65.577380
#IT Ite:600 KerTime:0.110275 AccTime:66.127748
#IT Ite:605 KerTime:0.110644 AccTime:66.676081
#IT Ite:610 KerTime:0.110516 AccTime:67.223693
#IT Ite:615 KerTime:0.109105 AccTime:67.770246
#IT Ite:620 KerTime:0.110953 AccTime:68.323066
#IT Ite:625 KerTime:0.109484 AccTime:68.873061
#IT Ite:630 KerTime:0.108983 AccTime:69.424401
#IT Ite:635 KerTime:0.110655 AccTime:69.973880
#IT Ite:640 KerTime:0.110446 AccTime:70.524092
#IT Ite:645 KerTime:0.109483 AccTime:71.077998
#IT Ite:650 KerTime:0.110117 AccTime:71.631455
#IT Ite:655 KerTime:0.109768 AccTime:72.178944
#IT Ite:660 KerTime:0.109916 AccTime:72.728308
#IT Ite:665 KerTime:0.109386 AccTime:73.280518
#IT Ite:670 KerTime:0.109185 AccTime:73.831270
#IT Ite:675 KerTime:0.110529 AccTime:74.382331
#IT Ite:680 KerTime:0.109272 AccTime:74.929399
#IT Ite:685 KerTime:0.110878 AccTime:75.481198
#IT Ite:690 KerTime:0.109787 AccTime:76.033394
#IT Ite:695 KerTime:0.109955 AccTime:76.580463
#IT Ite:700 KerTime:0.111054 AccTime:77.130362
#IT Ite:705 KerTime:0.109501 AccTime:77.682750
#IT Ite:710 KerTime:0.110767 AccTime:78.235058
#IT Ite:715 KerTime:0.113390 AccTime:78.790484
#IT Ite:720 KerTime:0.110308 AccTime:79.336827
#IT Ite:725 KerTime:0.110458 AccTime:79.883084
#IT Ite:730 KerTime:0.109737 AccTime:80.429517
#IT Ite:735 KerTime:0.110269 AccTime:80.980453
#IT Ite:740 KerTime:0.110394 AccTime:81.529316
#IT Ite:745 KerTime:0.110755 AccTime:82.082028
#IT Ite:750 KerTime:0.110401 AccTime:82.634741
#IT Ite:755 KerTime:0.109326 AccTime:83.182600
#IT Ite:760 KerTime:0.110125 AccTime:83.732532
#IT Ite:765 KerTime:0.109254 AccTime:84.281885
#IT Ite:770 KerTime:0.110074 AccTime:84.830534
#IT Ite:775 KerTime:0.108697 AccTime:85.377646
#IT Ite:780 KerTime:0.109015 AccTime:85.925355
#IT Ite:785 KerTime:0.110280 AccTime:86.480565
#IT Ite:790 KerTime:0.109972 AccTime:87.032786
#IT Ite:795 KerTime:0.110337 AccTime:87.584640
#IT Ite:800 KerTime:0.108622 AccTime:88.134534
#IT Ite:805 KerTime:0.109472 AccTime:88.685585
#IT Ite:810 KerTime:0.109004 AccTime:89.233583
#IT Ite:815 KerTime:0.108775 AccTime:89.783050
#IT Ite:820 KerTime:0.109738 AccTime:90.336072
#IT Ite:825 KerTime:0.110898 AccTime:90.887546
#IT Ite:830 KerTime:0.110358 AccTime:91.438418
#IT Ite:835 KerTime:0.109739 AccTime:91.986168
#IT Ite:840 KerTime:0.109746 AccTime:92.536533
#IT Ite:845 KerTime:0.108443 AccTime:93.078566
#IT Ite:850 KerTime:0.110618 AccTime:93.627026
#IT Ite:855 KerTime:0.108137 AccTime:94.179708
#IT Ite:860 KerTime:0.110296 AccTime:94.728729
#IT Ite:865 KerTime:0.108732 AccTime:95.279481
#IT Ite:870 KerTime:0.109222 AccTime:95.828800
#IT Ite:875 KerTime:0.108584 AccTime:96.375609
#IT Ite:880 KerTime:0.111030 AccTime:96.928355
#IT Ite:885 KerTime:0.111989 AccTime:97.483103
#IT Ite:890 KerTime:0.110211 AccTime:98.036691
#IT Ite:895 KerTime:0.108023 AccTime:98.582508
#IT Ite:900 KerTime:0.106965 AccTime:99.127806
#IT Ite:905 KerTime:0.110605 AccTime:99.675523
#IT Ite:910 KerTime:0.110550 AccTime:100.226751
#IT Ite:915 KerTime:0.109958 AccTime:100.772665
#IT Ite:920 KerTime:0.111086 AccTime:101.327676
#IT Ite:925 KerTime:0.109457 AccTime:101.876487
#IT Ite:930 KerTime:0.110683 AccTime:102.428824
#IT Ite:935 KerTime:0.109094 AccTime:102.976376
#IT Ite:940 KerTime:0.109581 AccTime:103.527566
#IT Ite:945 KerTime:0.108793 AccTime:104.072850
#IT Ite:950 KerTime:0.110445 AccTime:104.620915
#IT Ite:955 KerTime:0.111271 AccTime:105.174812
#IT Ite:960 KerTime:0.109719 AccTime:105.726681
#IT Ite:965 KerTime:0.108668 AccTime:106.272848
#IT Ite:970 KerTime:0.108578 AccTime:106.819636
#IT Ite:975 KerTime:0.109353 AccTime:107.369556
#IT Ite:980 KerTime:0.110777 AccTime:107.917518
#IT Ite:985 KerTime:0.108975 AccTime:108.465197
