#HEADER size:4096x4096
#BEGIN Y:2015 M:11 D:22 Time:09:42:52
#IT Ite:0 KerTime:5.837663 AccTime:5.837663
#IT Ite:5 KerTime:5.836709 AccTime:35.006141
#IT Ite:10 KerTime:5.834462 AccTime:64.184112
#IT Ite:15 KerTime:5.833396 AccTime:93.352209
#ERR p: [1413, 1584], r: -1.9791008644729856e+16, e: -1.7568504904824525e+34
#ERR p: [1413, 1585], r: -2.1961596457296984e+16, e: -8.8419148599011358e+34
#SDC Ite:15 KerTime:5.833396 AccTime:93.352209 KerErr:2 AccErr:2
#ERR p: [3323, 3168], r: 3.7537443078195680e+16, e: -6.0691217596378159e+33
#ERR p: [3323, 3169], r: -9.9651937376689200e+15, e: 1.4205066876535995e+34
#ERR p: [3323, 3170], r: -5.4560367086976800e+15, e: 4.1122565817342494e+34
#ERR p: [3323, 3171], r: -3.3654971620870752e+16, e: 1.0990372985552110e+34
#ERR p: [3323, 3172], r: 2.9128857488233596e+16, e: 1.3748515465641824e+34
#ERR p: [3323, 3173], r: -3.2485610405443232e+16, e: -1.1514909377760768e+34
#ERR p: [3323, 3174], r: 4.7707155688200160e+15, e: -1.2563622752039470e+34
#ERR p: [3327, 3168], r: -7.3520561928954000e+15, e: -6.0724873989974569e+34
#ERR p: [3327, 3169], r: -2.6566200721809640e+16, e: -3.2696420380021848e+34
#ERR p: [3327, 3170], r: -1.6295320467909800e+16, e: -3.5495114696575155e+34
#ERR p: [3327, 3171], r: 2.8403830529229716e+16, e: -1.9404335662421910e+34
#ERR p: [3327, 3172], r: -2.8687172200165688e+16, e: 1.6882296178368229e+34
#ERR p: [3327, 3173], r: 1.0290570190129800e+16, e: 6.7371860649149311e+33
#ERR p: [3327, 3174], r: -1.5811715681197120e+16, e: 4.7917601617618270e+34
#SDC Ite:17 KerTime:5.835889 AccTime:105.014648 KerErr:14 AccErr:16
#IT Ite:20 KerTime:5.832490 AccTime:122.521155
#IT Ite:25 KerTime:5.833400 AccTime:151.700303
#ERR p: [1373, 32], r: 1.2859179043803364e+16, e: -2.9736994408919292e+34
#SDC Ite:25 KerTime:5.833400 AccTime:151.700303 KerErr:1 AccErr:17
#IT Ite:30 KerTime:5.837104 AccTime:180.878851
#IT Ite:35 KerTime:5.835673 AccTime:210.049545
#IT Ite:40 KerTime:5.834193 AccTime:239.224796
#IT Ite:45 KerTime:5.837167 AccTime:268.395886
#IT Ite:50 KerTime:5.832843 AccTime:297.569573
#IT Ite:55 KerTime:5.837255 AccTime:326.752769
#IT Ite:60 KerTime:5.836973 AccTime:355.932018
#IT Ite:65 KerTime:5.833141 AccTime:385.105147
#IT Ite:70 KerTime:5.835362 AccTime:414.281446
#IT Ite:75 KerTime:5.836811 AccTime:443.459776
#IT Ite:80 KerTime:5.834857 AccTime:472.618311
#IT Ite:85 KerTime:5.834702 AccTime:501.791230
#IT Ite:90 KerTime:5.838052 AccTime:530.956555
#IT Ite:95 KerTime:5.830818 AccTime:560.129659
#IT Ite:100 KerTime:5.836226 AccTime:589.304982
#IT Ite:105 KerTime:5.836448 AccTime:618.472092
#IT Ite:110 KerTime:5.832356 AccTime:647.647799
#IT Ite:115 KerTime:5.832841 AccTime:676.823018
#ERR p: [3494, 2864], r: 2.3978168094385416e+16, e: 8.4351736645181149e+33
#ERR p: [3494, 2865], r: 1.3255944146774400e+14, e: 3.4099975238002420e+34
#ERR p: [3494, 2866], r: 6.3960698646623640e+15, e: -8.6776251629023969e+34
#ERR p: [3494, 2867], r: 1.6879262483531608e+16, e: 2.8157870716734442e+34
#ERR p: [3494, 2868], r: -2.3390161767056208e+16, e: -2.7155277438897169e+34
#ERR p: [3494, 2869], r: -1.2535743783153592e+16, e: -1.4893807972327170e+33
#ERR p: [3494, 2870], r: 3.2004574424427004e+16, e: 3.8283621207363286e+34
#ERR p: [3494, 2871], r: -1.6301992653220888e+16, e: 2.5236284937451618e+33
#ERR p: [3494, 2872], r: -3.1343640157904480e+16, e: -3.7633133537172845e+34
#ERR p: [3494, 2873], r: 4.2918169655259680e+15, e: 4.0681660278005695e+34
#ERR p: [3494, 2874], r: -3.5791570410208784e+16, e: -7.0410799084462362e+34
#ERR p: [3494, 2875], r: 2.5498409492988160e+15, e: -3.0093132593236795e+34
#ERR p: [3494, 2876], r: 9.9088373615369200e+15, e: 1.4295859189559818e+34
#ERR p: [3494, 2877], r: 1.6633970576630904e+16, e: -2.1390964123286074e+34
#ERR p: [3494, 2878], r: -1.6169229291226712e+16, e: -4.4678673852243856e+34
#ERR p: [3494, 2879], r: -3.7404327678136528e+16, e: -3.8952035740267862e+34
#SDC Ite:116 KerTime:5.834889 AccTime:682.657907 KerErr:16 AccErr:33
#IT Ite:120 KerTime:5.837192 AccTime:706.003091
#ERR p: [1796, 2737], r: 2.2390182022413240e+16, e: -5.4519952717077552e+33
#ERR p: [1796, 2738], r: 7.9460631067678320e+15, e: -4.0542822487649135e+34
#ERR p: [1796, 2739], r: -2.6161149771623280e+15, e: 5.7315162060065163e+34
#ERR p: [1800, 2736], r: -2.5807798197926952e+16, e: -2.9519289575163703e+34
#ERR p: [1800, 2737], r: 8.7585752545110880e+15, e: 1.4294080661196850e+34
#ERR p: [1800, 2738], r: 3.1900564858224240e+16, e: -6.8324195258077522e+33
#ERR p: [1800, 2739], r: 1.9109816225182264e+16, e: 2.3250325609878868e+34
#ERR p: [1800, 2740], r: -1.7691983841540288e+16, e: 1.3570999830446011e+34
#ERR p: [1800, 2741], r: -2.1143633612822720e+15, e: -6.7054879192424675e+34
#ERR p: [1800, 2742], r: -2.4630951469423248e+16, e: -8.3381670342875179e+33
#ERR p: [1800, 2743], r: -2.0210069610707464e+16, e: -6.5462540092428330e+34
#ERR p: [1800, 2744], r: -1.7168995396573096e+16, e: -1.2993877693116448e+34
#ERR p: [1800, 2745], r: -3.4644235442372032e+16, e: -2.3683853706623901e+34
#ERR p: [1800, 2746], r: 2.0775075228521600e+16, e: -6.0020492485248263e+34
#ERR p: [1800, 2747], r: -7.5920786412023040e+15, e: 9.8647504228523499e+33
#ERR p: [1800, 2748], r: 3.3104233761919664e+16, e: -2.9382559147639668e+34
#ERR p: [1800, 2749], r: 1.1892608076617120e+16, e: 1.3115651286149859e+34
#ERR p: [1800, 2750], r: -2.9944840677557512e+16, e: -5.7591009186899286e+33
#ERR p: [1800, 2751], r: 1.5256879579655828e+16, e: -4.5721366206871502e+34
#ERR p: [1804, 2736], r: 2.3257165172932672e+16, e: 3.4823052332716369e+33
#ERR p: [1804, 2737], r: -1.4722416298005728e+16, e: 4.8949729299544457e+34
#SDC Ite:123 KerTime:5.837437 AccTime:723.513118 KerErr:21 AccErr:54
#IT Ite:125 KerTime:5.836945 AccTime:735.187399
#IT Ite:130 KerTime:5.835230 AccTime:764.369076
#IT Ite:135 KerTime:5.835169 AccTime:793.536449
#IT Ite:140 KerTime:5.838341 AccTime:822.711372
#IT Ite:145 KerTime:5.836975 AccTime:851.890094
#IT Ite:150 KerTime:5.836739 AccTime:881.067648
#ERR p: [3317, 2704], r: 3.2147687561437600e+14, e: -8.4619752247053952e+34
#SDC Ite:153 KerTime:5.833362 AccTime:898.568467 KerErr:1 AccErr:55
#IT Ite:155 KerTime:5.836256 AccTime:910.237972
#IT Ite:160 KerTime:5.837791 AccTime:939.421022
#IT Ite:165 KerTime:5.836203 AccTime:968.594986
#IT Ite:170 KerTime:5.834031 AccTime:997.767049
#IT Ite:175 KerTime:5.834219 AccTime:1026.932922
#IT Ite:180 KerTime:5.837151 AccTime:1056.109446
#IT Ite:185 KerTime:5.836645 AccTime:1085.295536
#ERR p: [2633, 1690], r: 1.5873267283661292e+16, e: 9.4517017887566170e+33
#SDC Ite:189 KerTime:5.833824 AccTime:1108.638484 KerErr:1 AccErr:56
#IT Ite:190 KerTime:5.835789 AccTime:1114.474273
#IT Ite:195 KerTime:5.830617 AccTime:1143.648508
#IT Ite:200 KerTime:5.837250 AccTime:1172.824668
#ERR p: [1423, 3069], r: -2.1718750313952568e+16, e: 6.2855523625360847e+34
#SDC Ite:202 KerTime:5.834629 AccTime:1184.495094 KerErr:1 AccErr:57
#IT Ite:205 KerTime:5.829153 AccTime:1201.990547
#IT Ite:210 KerTime:5.838509 AccTime:1231.173410
