#HEADER size:2048x2048
#BEGIN Y:2015 M:11 D:22 Time:08:08:30
#IT Ite:0 KerTime:0.910472 AccTime:0.910472
#IT Ite:5 KerTime:0.907224 AccTime:5.437924
#IT Ite:10 KerTime:0.911135 AccTime:9.987772
#IT Ite:15 KerTime:0.909399 AccTime:14.538066
#IT Ite:20 KerTime:0.908916 AccTime:19.083808
#IT Ite:25 KerTime:0.909798 AccTime:23.635840
#IT Ite:30 KerTime:0.908562 AccTime:28.181209
#IT Ite:35 KerTime:0.908627 AccTime:32.726826
#ERR p: [362, 966], r: 7.2106318956240000e+13, e: 2.6873519569762859e+34
#ERR p: [366, 967], r: 3.4145745273288320e+15, e: -2.1641149763739660e+34
#SDC Ite:35 KerTime:0.908627 AccTime:32.726826 KerErr:2 AccErr:2
#IT Ite:40 KerTime:0.909495 AccTime:37.273644
#IT Ite:45 KerTime:0.909551 AccTime:41.826439
#IT Ite:50 KerTime:0.909490 AccTime:46.375812
#IT Ite:55 KerTime:0.910217 AccTime:50.928918
#IT Ite:60 KerTime:0.906609 AccTime:55.457942
#IT Ite:65 KerTime:0.903303 AccTime:59.981908
#IT Ite:70 KerTime:0.906322 AccTime:64.512673
#IT Ite:75 KerTime:0.905505 AccTime:69.035609
#IT Ite:80 KerTime:0.904777 AccTime:73.572399
#IT Ite:85 KerTime:0.908015 AccTime:78.103481
#IT Ite:90 KerTime:0.904279 AccTime:82.630605
#IT Ite:95 KerTime:0.905563 AccTime:87.161145
#IT Ite:100 KerTime:0.904080 AccTime:91.688980
#IT Ite:105 KerTime:0.904124 AccTime:96.208532
#IT Ite:110 KerTime:0.905468 AccTime:100.736658
#IT Ite:115 KerTime:0.907832 AccTime:105.270028
#IT Ite:120 KerTime:0.905050 AccTime:109.805621
#IT Ite:125 KerTime:0.903316 AccTime:114.332525
#IT Ite:130 KerTime:0.903415 AccTime:118.860188
#IT Ite:135 KerTime:0.905679 AccTime:123.386650
#IT Ite:140 KerTime:0.907858 AccTime:127.928007
#IT Ite:145 KerTime:0.908456 AccTime:132.457972
#IT Ite:150 KerTime:0.907403 AccTime:136.998766
#IT Ite:155 KerTime:0.909030 AccTime:141.529719
#IT Ite:160 KerTime:0.904133 AccTime:146.050540
#IT Ite:165 KerTime:0.904046 AccTime:150.576075
#IT Ite:170 KerTime:0.908481 AccTime:155.096132
#IT Ite:175 KerTime:0.905401 AccTime:159.628395
#IT Ite:180 KerTime:0.906744 AccTime:164.158756
#IT Ite:185 KerTime:0.903992 AccTime:168.683359
#ERR p: [578, 1808], r: -2.0681649629678560e+15, e: 3.4239570925010770e+34
#ERR p: [578, 1809], r: -2.6718791692763568e+16, e: 9.9064703139415056e+33
#ERR p: [578, 1810], r: -3.3513326550027360e+16, e: -1.2795441353519276e+33
#ERR p: [578, 1811], r: 3.8228722696442160e+16, e: -6.9349722404711270e+34
#ERR p: [578, 1812], r: -6.6656377366241040e+15, e: -1.5809344020370283e+34
#ERR p: [578, 1813], r: 3.8180460895083848e+16, e: -4.8328653684056422e+34
#ERR p: [578, 1814], r: -2.1314617810387168e+16, e: -2.1291019002554927e+34
#ERR p: [578, 1815], r: -1.9632353166554120e+16, e: 1.0260110130363492e+33
#ERR p: [578, 1816], r: -2.7547809113081544e+16, e: 1.2535297014593375e+34
#ERR p: [578, 1817], r: -1.8114798373894768e+16, e: 1.4791748632771691e+34
#ERR p: [578, 1818], r: -1.5205414307449016e+16, e: 3.0923942386209298e+34
#ERR p: [578, 1819], r: -2.1830058885978536e+16, e: -3.6010942378688841e+34
#ERR p: [578, 1820], r: -2.8823098415888848e+16, e: -6.8726529336832776e+33
#ERR p: [578, 1821], r: 4.0734951198501512e+16, e: -1.4125001185826599e+34
#SDC Ite:189 KerTime:0.905457 AccTime:172.303908 KerErr:14 AccErr:16
#IT Ite:190 KerTime:0.905233 AccTime:173.209141
#IT Ite:195 KerTime:0.904728 AccTime:177.745708
#IT Ite:200 KerTime:0.904304 AccTime:182.278000
#IT Ite:205 KerTime:0.908533 AccTime:186.816493
#IT Ite:210 KerTime:0.906086 AccTime:191.347960
#IT Ite:215 KerTime:0.903697 AccTime:195.876096
#IT Ite:220 KerTime:0.905517 AccTime:200.407887
#IT Ite:225 KerTime:0.906986 AccTime:204.944386
#IT Ite:230 KerTime:0.909454 AccTime:209.474837
#IT Ite:235 KerTime:0.907403 AccTime:213.999698
#IT Ite:240 KerTime:0.904153 AccTime:218.526877
#IT Ite:245 KerTime:0.909440 AccTime:223.056439
#IT Ite:250 KerTime:0.906212 AccTime:227.580481
#IT Ite:255 KerTime:0.906062 AccTime:232.116811
#ERR p: [1311, 160], r: -2.6391891959011552e+16, e: -4.5548738334746752e+33
#ERR p: [1311, 161], r: 1.2447946376074080e+15, e: 2.3725728786810518e+34
#ERR p: [1311, 162], r: -1.3674184055320920e+16, e: 9.9633742193738062e+33
#ERR p: [1311, 163], r: -5.5102267075330400e+14, e: -2.8531887482517202e+34
#ERR p: [1311, 164], r: -1.3573950928132960e+15, e: 3.4710027792982541e+34
#ERR p: [1311, 165], r: 3.5803366651924328e+16, e: 3.5390211497852603e+34
#ERR p: [1311, 166], r: -3.0621083772538232e+16, e: 1.1300841952003550e+34
#ERR p: [1311, 167], r: 2.4934253855770456e+16, e: 1.7161417281616254e+34
#ERR p: [1311, 168], r: 1.5932059444418176e+16, e: 6.0909010120362109e+33
#ERR p: [1311, 169], r: -3.1617870453607296e+16, e: 5.1654059063949088e+33
#ERR p: [1311, 170], r: -2.6595723479986192e+16, e: 1.6290801838323610e+34
#ERR p: [1311, 171], r: -1.9452444569464776e+16, e: 1.4242170283075729e+33
#ERR p: [1311, 172], r: -3.0529417766051368e+16, e: -3.5392236010363607e+34
#ERR p: [1311, 173], r: 2.4767535476498304e+16, e: 1.3154306821319092e+34
#ERR p: [1311, 174], r: 1.4302339662749320e+16, e: 1.3418962434912680e+34
#ERR p: [1311, 175], r: -3.2538028289536016e+16, e: -1.1883860989163984e+34
#SDC Ite:258 KerTime:0.744900 AccTime:234.676263 KerErr:16 AccErr:32
#IT Ite:260 KerTime:0.732171 AccTime:236.141033
#IT Ite:265 KerTime:0.732137 AccTime:239.804810
#IT Ite:270 KerTime:0.732147 AccTime:243.470916
#IT Ite:275 KerTime:0.732205 AccTime:247.130323
#IT Ite:280 KerTime:0.734787 AccTime:250.797594
#IT Ite:285 KerTime:0.733465 AccTime:254.465045
#IT Ite:290 KerTime:0.736766 AccTime:258.138021
#IT Ite:295 KerTime:0.732007 AccTime:261.804724
#IT Ite:300 KerTime:0.732162 AccTime:265.468592
#IT Ite:305 KerTime:0.734181 AccTime:269.130615
#IT Ite:310 KerTime:0.732183 AccTime:272.796912
#IT Ite:315 KerTime:0.735596 AccTime:276.466411
#IT Ite:320 KerTime:0.734898 AccTime:280.128740
#IT Ite:325 KerTime:0.735673 AccTime:283.794861
#IT Ite:330 KerTime:0.732773 AccTime:287.464993
#IT Ite:335 KerTime:0.732348 AccTime:291.131412
#IT Ite:340 KerTime:0.732148 AccTime:294.795241
#IT Ite:345 KerTime:0.733492 AccTime:298.457743
#ERR p: [955, 1102], r: 1.1946368520164864e+16, e: 1.7938961920768129e+34
#SDC Ite:347 KerTime:0.734260 AccTime:299.924092 KerErr:1 AccErr:33
#IT Ite:350 KerTime:0.736339 AccTime:302.133085
#IT Ite:355 KerTime:0.732275 AccTime:305.796849
#IT Ite:360 KerTime:0.731251 AccTime:309.461535
#IT Ite:365 KerTime:0.737970 AccTime:313.132489
#IT Ite:370 KerTime:0.733584 AccTime:316.797820
#IT Ite:375 KerTime:0.732224 AccTime:320.467982
#IT Ite:380 KerTime:0.734313 AccTime:324.149036
#IT Ite:385 KerTime:0.734775 AccTime:327.811553
#IT Ite:390 KerTime:0.732529 AccTime:331.478918
#IT Ite:395 KerTime:0.737592 AccTime:335.151599
#ERR p: [256, 2027], r: -5.4388430220503360e+15, e: 2.7828589249665649e+34
#ERR p: [257, 2027], r: 3.3192159099448480e+15, e: -9.0788347390840064e+33
#ERR p: [258, 2027], r: 9.4584964380357400e+15, e: 1.0946510297396894e+34
#ERR p: [259, 2027], r: 2.9510544450080024e+16, e: -3.4016419858177228e+34
#ERR p: [260, 2027], r: -3.3070482549987728e+16, e: -1.7963607991673294e+34
#ERR p: [261, 2027], r: 1.7167645748317240e+16, e: -1.9477284979793321e+34
#ERR p: [262, 2027], r: 3.2376582301678136e+16, e: -2.5709728116978429e+34
#ERR p: [263, 2027], r: 1.8404437409974640e+15, e: -1.7901109389883372e+34
#ERR p: [264, 2027], r: 3.0579071902319788e+16, e: 6.1752809808771797e+34
#ERR p: [265, 2027], r: -2.0892116050207984e+16, e: 3.7332100053921055e+33
#ERR p: [266, 2027], r: -4.2406062124744080e+15, e: -1.4665563365550333e+34
#ERR p: [267, 2027], r: -7.9700979148354400e+15, e: -2.1926940905092507e+33
#ERR p: [268, 2027], r: -3.6022602901142096e+16, e: 1.6817639449582505e+34
#ERR p: [269, 2027], r: -3.8837064534705136e+16, e: 1.9565460380480191e+33
#ERR p: [270, 2027], r: -3.5369705079287296e+16, e: -3.2410495734986781e+33
#ERR p: [271, 2027], r: 4.0183333608696240e+16, e: 2.1504272186390721e+33
#ERR p: [272, 2027], r: 3.7101363935314120e+16, e: -2.3756520688882685e+34
#ERR p: [273, 2027], r: 3.5925373323520644e+16, e: 4.3729174973082891e+34
#ERR p: [274, 2027], r: -1.1053129279535264e+16, e: -4.1678341054693267e+34
#ERR p: [275, 2027], r: 2.0159316184202208e+16, e: -2.0688288482816519e+34
#ERR p: [276, 2027], r: 1.9847923501975836e+16, e: -2.1344977791756945e+33
#ERR p: [277, 2027], r: 2.8811629069505260e+16, e: -1.6992297951699279e+34
#ERR p: [278, 2027], r: -3.1729910153582688e+16, e: 1.8285092876268942e+34
#ERR p: [279, 2027], r: -8.8531967333238560e+15, e: 1.4494485924127027e+34
#ERR p: [280, 2027], r: 1.7534796554816888e+16, e: 8.1651864946344615e+33
#ERR p: [281, 2027], r: -4.5815103926286080e+15, e: -4.8645197216112041e+33
#ERR p: [282, 2027], r: 1.5951009579729288e+16, e: 3.0540529214285477e+34
#ERR p: [283, 2027], r: 3.2756178573144600e+16, e: -3.3797248673704032e+34
#ERR p: [284, 2027], r: 1.9383901451347396e+16, e: 5.0593469966827650e+34
#ERR p: [285, 2027], r: 3.6322894372049720e+16, e: 3.2524195602952462e+34
#ERR p: [286, 2027], r: -3.0647507560130208e+16, e: 4.4441784521295116e+32
#ERR p: [287, 2027], r: -1.8586351804345848e+16, e: -3.0106571249271230e+34
#ERR p: [288, 2027], r: -2.9912225006129600e+15, e: -9.9554977120909621e+33
#ERR p: [289, 2027], r: 1.0617716748533772e+16, e: 7.9598737859592177e+34
#ERR p: [290, 2027], r: 4.0378939255241304e+16, e: -1.5438767947886144e+34
#ERR p: [291, 2027], r: -1.9959963609671224e+16, e: -3.8543067406178494e+34
#ERR p: [292, 2027], r: 2.5707994827721268e+16, e: -3.7994070064567958e+33
#ERR p: [293, 2027], r: -1.0548631476663056e+16, e: -2.9359222461468153e+34
#ERR p: [294, 2027], r: -2.8922618047315600e+15, e: 4.1763544364445557e+33
#ERR p: [295, 2027], r: 3.1035246347807348e+16, e: -1.0034361474824780e+34
#ERR p: [296, 2027], r: -1.0939140993518752e+16, e: 2.3814132279260757e+34
#ERR p: [297, 2027], r: -1.4459274945106360e+16, e: 1.3483308128230697e+34
#ERR p: [298, 2027], r: -2.8493872389819472e+16, e: -5.4927706933453579e+33
#ERR p: [299, 2027], r: 2.3148275227263568e+16, e: -1.6014095726725862e+34
#ERR p: [300, 2027], r: -3.0179982371056456e+16, e: -2.5675854439476943e+34
#ERR p: [301, 2027], r: 1.3112225358519704e+16, e: -1.5334906702460127e+34
#ERR p: [302, 2027], r: 1.2977397580059244e+16, e: -3.7514030338946424e+33
#ERR p: [303, 2027], r: -1.6165633593536912e+16, e: 1.1105747626267348e+34
#ERR p: [304, 2027], r: -3.0531104926651344e+16, e: 4.2485791661640630e+34
#ERR p: [305, 2027], r: 3.4149823299298064e+16, e: -5.0660950367053124e+34
#ERR p: [306, 2027], r: -1.7166883949801328e+16, e: -8.8068213799165302e+33
#ERR p: [307, 2027], r: 2.7678697048272936e+16, e: -1.0597862841783371e+34
#ERR p: [308, 2027], r: -1.9354474925607440e+16, e: -1.7934502312361896e+34
#ERR p: [309, 2027], r: 4.0727195476990192e+16, e: -2.3001403402417023e+33
#ERR p: [310, 2027], r: 3.5936237361622976e+16, e: -3.1873848703761790e+33
#ERR p: [311, 2027], r: 3.0603798019746320e+16, e: 1.8436764293876386e+34
#ERR p: [312, 2027], r: -2.4783822220023720e+16, e: 3.4111971009700987e+33
#ERR p: [313, 2027], r: -1.2387035083219408e+16, e: 1.5433296401370633e+34
#ERR p: [314, 2027], r: -7.9545733348559600e+15, e: -2.5348919147941891e+34
#ERR p: [315, 2027], r: -2.4179665623383600e+16, e: 1.1424692390423929e+34
#ERR p: [316, 2027], r: 2.7836409705823288e+16, e: 3.9278567700174408e+33
#ERR p: [317, 2027], r: 1.9849954362900928e+16, e: 1.8690068221371516e+34
#SDC Ite:396 KerTime:0.732108 AccTime:335.883707 KerErr:64 AccErr:97
#IT Ite:400 KerTime:0.735298 AccTime:338.822283
#IT Ite:405 KerTime:0.732065 AccTime:342.495327
#IT Ite:410 KerTime:0.734748 AccTime:346.167152
#IT Ite:415 KerTime:0.732226 AccTime:349.835301
#IT Ite:420 KerTime:0.732883 AccTime:353.499495
#IT Ite:425 KerTime:0.734016 AccTime:357.164368
#IT Ite:430 KerTime:0.732275 AccTime:360.825739
#IT Ite:435 KerTime:0.732159 AccTime:364.497415
#IT Ite:440 KerTime:0.732177 AccTime:368.168585
#IT Ite:445 KerTime:0.730129 AccTime:371.831563
#IT Ite:450 KerTime:0.735315 AccTime:375.498335
#IT Ite:455 KerTime:0.732247 AccTime:379.165456
#IT Ite:460 KerTime:0.736192 AccTime:382.832009
#IT Ite:465 KerTime:0.733104 AccTime:386.499333
#IT Ite:470 KerTime:0.734614 AccTime:390.165386
#IT Ite:475 KerTime:0.732098 AccTime:393.834723
#IT Ite:480 KerTime:0.732297 AccTime:397.498464
#IT Ite:485 KerTime:0.734331 AccTime:401.170096
#IT Ite:490 KerTime:0.732244 AccTime:404.831729
#IT Ite:495 KerTime:0.736414 AccTime:408.498945
#IT Ite:500 KerTime:0.733184 AccTime:412.166233
#IT Ite:505 KerTime:0.732170 AccTime:415.834542
#IT Ite:510 KerTime:0.732266 AccTime:419.501245
#IT Ite:515 KerTime:0.735128 AccTime:423.169377
#IT Ite:520 KerTime:0.734466 AccTime:426.838052
#IT Ite:525 KerTime:0.732269 AccTime:430.504471
#IT Ite:530 KerTime:0.733742 AccTime:434.180729
#IT Ite:535 KerTime:0.735979 AccTime:437.848001
#IT Ite:540 KerTime:0.732132 AccTime:441.514374
#IT Ite:545 KerTime:0.735141 AccTime:445.184406
#IT Ite:550 KerTime:0.735585 AccTime:448.849334
#IT Ite:555 KerTime:0.734679 AccTime:452.519031
#IT Ite:560 KerTime:0.732213 AccTime:456.189836
#IT Ite:565 KerTime:0.732210 AccTime:459.860724
#IT Ite:570 KerTime:0.732024 AccTime:463.535189
#IT Ite:575 KerTime:0.737735 AccTime:467.206619
#IT Ite:580 KerTime:0.734773 AccTime:470.870207
#IT Ite:585 KerTime:0.732203 AccTime:474.538987
#IT Ite:590 KerTime:0.733015 AccTime:478.208341
#IT Ite:595 KerTime:0.732251 AccTime:481.871489
#IT Ite:600 KerTime:0.731986 AccTime:485.538395
#IT Ite:605 KerTime:0.732177 AccTime:489.203633
#IT Ite:610 KerTime:0.732217 AccTime:492.866455
#IT Ite:615 KerTime:0.735825 AccTime:496.539278
#IT Ite:620 KerTime:0.733293 AccTime:500.203726
#IT Ite:625 KerTime:0.732111 AccTime:503.868752
#IT Ite:630 KerTime:0.736023 AccTime:507.536807
#IT Ite:635 KerTime:0.732779 AccTime:511.199772
#IT Ite:640 KerTime:0.732879 AccTime:514.863069
#IT Ite:645 KerTime:0.731989 AccTime:518.534719
#IT Ite:650 KerTime:0.731612 AccTime:522.194918
#IT Ite:655 KerTime:0.731608 AccTime:525.854240
#IT Ite:660 KerTime:0.733789 AccTime:529.522431
#IT Ite:665 KerTime:0.734313 AccTime:533.190030
#IT Ite:670 KerTime:0.731318 AccTime:536.852794
#IT Ite:675 KerTime:0.732275 AccTime:540.517115
#IT Ite:680 KerTime:0.734947 AccTime:544.184700
#IT Ite:685 KerTime:0.734409 AccTime:547.853530
#IT Ite:690 KerTime:0.732686 AccTime:551.524263
#IT Ite:695 KerTime:0.734157 AccTime:555.186003
#IT Ite:700 KerTime:0.732193 AccTime:558.854006
#IT Ite:705 KerTime:0.735699 AccTime:562.521191
#IT Ite:710 KerTime:0.733554 AccTime:566.184134
#IT Ite:715 KerTime:0.731817 AccTime:569.847027
#IT Ite:720 KerTime:0.734383 AccTime:573.513360
#IT Ite:725 KerTime:0.734109 AccTime:577.176207
#IT Ite:730 KerTime:0.732023 AccTime:580.838227
#IT Ite:735 KerTime:0.732030 AccTime:584.504733
#IT Ite:740 KerTime:0.731380 AccTime:588.166795
#IT Ite:745 KerTime:0.731931 AccTime:591.835912
#IT Ite:750 KerTime:0.735889 AccTime:595.504935
#IT Ite:755 KerTime:0.734323 AccTime:599.171083
#IT Ite:760 KerTime:0.731252 AccTime:602.830921
#IT Ite:765 KerTime:0.730310 AccTime:606.490991
#IT Ite:770 KerTime:0.732240 AccTime:610.162988
#IT Ite:775 KerTime:0.731165 AccTime:613.824006
#IT Ite:780 KerTime:0.732118 AccTime:617.489378
#IT Ite:785 KerTime:0.737654 AccTime:621.157086
#IT Ite:790 KerTime:0.732474 AccTime:624.824559
#IT Ite:795 KerTime:0.732006 AccTime:628.490961
#IT Ite:800 KerTime:0.732127 AccTime:632.153825
#IT Ite:805 KerTime:0.732221 AccTime:635.816404
#IT Ite:810 KerTime:0.732137 AccTime:639.480356
#IT Ite:815 KerTime:0.733732 AccTime:643.144882
#IT Ite:820 KerTime:0.735013 AccTime:646.812136
#IT Ite:825 KerTime:0.733497 AccTime:650.483271
#IT Ite:830 KerTime:0.736106 AccTime:654.151292
#IT Ite:835 KerTime:0.731924 AccTime:657.812731
#IT Ite:840 KerTime:0.733024 AccTime:661.481099
#IT Ite:845 KerTime:0.737276 AccTime:665.148578
#IT Ite:850 KerTime:0.731994 AccTime:668.814570
#IT Ite:855 KerTime:0.731878 AccTime:672.478037
#IT Ite:860 KerTime:0.731980 AccTime:676.141563
#IT Ite:865 KerTime:0.736263 AccTime:679.815716
#IT Ite:870 KerTime:0.733955 AccTime:683.478128
#IT Ite:875 KerTime:0.733778 AccTime:687.147253
#IT Ite:880 KerTime:0.733861 AccTime:690.810246
#IT Ite:885 KerTime:0.736052 AccTime:694.482997
#IT Ite:890 KerTime:0.732029 AccTime:698.147107
#IT Ite:895 KerTime:0.731998 AccTime:701.812534
#IT Ite:900 KerTime:0.731851 AccTime:705.477489
#IT Ite:905 KerTime:0.737329 AccTime:709.145625
#IT Ite:910 KerTime:0.731115 AccTime:712.810664
#IT Ite:915 KerTime:0.732720 AccTime:716.483301
#IT Ite:920 KerTime:0.731913 AccTime:720.149369
#IT Ite:925 KerTime:0.730394 AccTime:723.810427
#IT Ite:930 KerTime:0.731913 AccTime:727.472108
#IT Ite:935 KerTime:0.736837 AccTime:731.136990
#IT Ite:940 KerTime:0.731307 AccTime:734.797354
#IT Ite:945 KerTime:0.734118 AccTime:738.464482
#IT Ite:950 KerTime:0.732141 AccTime:742.132463
#IT Ite:955 KerTime:0.731930 AccTime:745.805237
#IT Ite:960 KerTime:0.731942 AccTime:749.464903
#IT Ite:965 KerTime:0.737990 AccTime:753.134391
#IT Ite:970 KerTime:0.731970 AccTime:756.800578
#IT Ite:975 KerTime:0.731829 AccTime:760.468471
#IT Ite:980 KerTime:0.732075 AccTime:764.127973
#IT Ite:985 KerTime:0.731741 AccTime:767.790122
#IT Ite:990 KerTime:0.732056 AccTime:771.453981
#IT Ite:995 KerTime:0.733490 AccTime:775.124106
#END