#HEADER size:2048x2048
#BEGIN Y:2015 M:11 D:22 Time:10:47:09
#IT Ite:0 KerTime:0.903820 AccTime:0.903820
#IT Ite:5 KerTime:0.907158 AccTime:5.429075
#IT Ite:10 KerTime:0.910132 AccTime:9.979620
#IT Ite:15 KerTime:0.910493 AccTime:14.529426
#IT Ite:20 KerTime:0.910119 AccTime:19.075258
#IT Ite:25 KerTime:0.909478 AccTime:23.623014
#IT Ite:30 KerTime:0.909446 AccTime:28.171182
#IT Ite:35 KerTime:0.909870 AccTime:32.716335
#IT Ite:40 KerTime:0.909109 AccTime:37.266295
#IT Ite:45 KerTime:0.910743 AccTime:41.819717
#IT Ite:50 KerTime:0.908668 AccTime:46.365537
#IT Ite:55 KerTime:0.909644 AccTime:50.916810
#IT Ite:60 KerTime:0.901031 AccTime:55.432140
#IT Ite:65 KerTime:0.901954 AccTime:59.961718
#IT Ite:70 KerTime:0.906923 AccTime:64.492303
#IT Ite:75 KerTime:0.906458 AccTime:69.021121
#IT Ite:80 KerTime:0.907250 AccTime:73.553363
#ERR p: [1352, 1104], r: -4.0241089385338160e+15, e: -2.2654770290622996e+34
#ERR p: [1352, 1105], r: 6.0889483449123800e+15, e: -3.0345352970806511e+34
#ERR p: [1352, 1106], r: -2.0174480055725200e+16, e: 2.3534250923382352e+34
#ERR p: [1352, 1107], r: 1.1851151781914756e+16, e: 3.8657475754404548e+34
#ERR p: [1352, 1108], r: 3.1772400894956664e+16, e: 7.9576197191433826e+33
#ERR p: [1352, 1109], r: -3.0502896764978768e+16, e: -1.0119496609704499e+34
#ERR p: [1352, 1110], r: -2.5982458205416800e+16, e: -3.1075706626253020e+34
#ERR p: [1352, 1111], r: 2.7124024477921424e+16, e: -3.4339349718367586e+33
#ERR p: [1352, 1112], r: 2.4324495923472568e+16, e: -3.5053395419875820e+34
#ERR p: [1352, 1113], r: -2.9397837425075472e+16, e: 1.3975998969339332e+34
#ERR p: [1352, 1114], r: -2.2228066602457312e+16, e: -1.2653724941568078e+34
#ERR p: [1352, 1115], r: 2.2505450373504312e+16, e: 1.0576580992054633e+34
#ERR p: [1352, 1116], r: 3.9859331737486648e+16, e: -1.2308162954270096e+34
#ERR p: [1352, 1117], r: 2.2036801899552344e+16, e: 3.5724093867627125e+34
#ERR p: [1352, 1118], r: -1.3240550112983208e+16, e: -5.5919727924796298e+33
#ERR p: [1352, 1119], r: 5.2259759448505920e+15, e: 1.2195717483099709e+34
#SDC Ite:83 KerTime:0.904494 AccTime:76.271044 KerErr:16 AccErr:16
#IT Ite:85 KerTime:0.906741 AccTime:78.083132
#IT Ite:90 KerTime:0.906977 AccTime:82.614079
#IT Ite:95 KerTime:0.902670 AccTime:87.139107
#IT Ite:100 KerTime:0.905787 AccTime:91.673721
#IT Ite:105 KerTime:0.905200 AccTime:96.201199
#IT Ite:110 KerTime:0.905859 AccTime:100.726756
#IT Ite:115 KerTime:0.903011 AccTime:105.251302
#IT Ite:120 KerTime:0.901641 AccTime:109.768215
#IT Ite:125 KerTime:0.903590 AccTime:114.294375
#IT Ite:130 KerTime:0.905146 AccTime:118.827785
#IT Ite:135 KerTime:0.908245 AccTime:123.351241
#IT Ite:140 KerTime:0.904178 AccTime:127.879296
#IT Ite:145 KerTime:0.904327 AccTime:132.413059
#ERR p: [1790, 1514], r: 1.4731567807570100e+16, e: 1.0378212397220785e+34
#SDC Ite:147 KerTime:0.908403 AccTime:134.227434 KerErr:1 AccErr:17
#IT Ite:150 KerTime:0.905835 AccTime:136.942888
#IT Ite:155 KerTime:0.908129 AccTime:141.473108
#IT Ite:160 KerTime:0.903709 AccTime:146.004453
#IT Ite:165 KerTime:0.907036 AccTime:150.532312
#IT Ite:170 KerTime:0.903854 AccTime:155.060242
#IT Ite:175 KerTime:0.907264 AccTime:159.580414
#IT Ite:180 KerTime:0.907714 AccTime:164.114452
#IT Ite:185 KerTime:0.905032 AccTime:168.641475
#IT Ite:190 KerTime:0.906177 AccTime:173.176115
#IT Ite:195 KerTime:0.904096 AccTime:177.706785
#IT Ite:200 KerTime:0.905895 AccTime:182.229514
#IT Ite:205 KerTime:0.907032 AccTime:186.760277
#IT Ite:210 KerTime:0.905252 AccTime:191.293289
#IT Ite:215 KerTime:0.905281 AccTime:195.819552
#IT Ite:220 KerTime:0.904038 AccTime:200.348607
#IT Ite:225 KerTime:0.906217 AccTime:204.884144
#IT Ite:230 KerTime:0.906447 AccTime:209.412130
#IT Ite:235 KerTime:0.904111 AccTime:213.937142
#IT Ite:240 KerTime:0.906683 AccTime:218.459577
#IT Ite:245 KerTime:0.903578 AccTime:222.985987
#IT Ite:250 KerTime:0.903012 AccTime:227.511729
#IT Ite:255 KerTime:0.904523 AccTime:232.043732
#IT Ite:260 KerTime:0.906809 AccTime:236.582664
#IT Ite:265 KerTime:0.904361 AccTime:241.103746
#ERR p: [0, 1130], r: -3.0156738590305672e+16, e: 1.2655653827818195e+34
#ERR p: [0, 1146], r: 4.0432181577211248e+16, e: -4.3280680705128340e+34
#ERR p: [0, 1194], r: -1.2627343166502192e+16, e: -2.0108886398860335e+34
#ERR p: [0, 1210], r: 1.3547007095543668e+16, e: 1.6395588284143201e+34
#ERR p: [0, 1258], r: 3.7814453867115080e+16, e: -8.2666849493599713e+32
#ERR p: [0, 1274], r: 1.9239725301796572e+16, e: -9.0816872744143463e+33
#ERR p: [0, 1290], r: 1.9346361959094180e+16, e: 2.4907556154509884e+33
#ERR p: [0, 1354], r: -1.5337802402887496e+16, e: 5.0106777433787300e+34
#ERR p: [0, 1370], r: 1.2804804428756236e+16, e: -2.4556614015560024e+34
#ERR p: [0, 1386], r: 8.0535978064350800e+15, e: 1.9459028337577406e+34
#ERR p: [0, 1434], r: -2.2722563329488000e+15, e: 2.0717434641723630e+34
#ERR p: [0, 1562], r: 2.5400556106764824e+16, e: -5.9231206410214595e+33
#ERR p: [0, 1578], r: -3.2765416213300080e+16, e: 2.7806689814033649e+34
#ERR p: [0, 1610], r: -3.7976598403269424e+16, e: 4.5117502552053200e+34
#ERR p: [0, 1642], r: 3.9652729369575160e+16, e: -2.6581021758220921e+34
#ERR p: [0, 1674], r: 2.9099316924531040e+15, e: 6.4624900996321112e+34
#ERR p: [0, 1706], r: -3.7856231336489312e+16, e: -4.4066836021590416e+33
#ERR p: [0, 1722], r: -3.7763406087396672e+16, e: -2.0014788075463110e+34
#ERR p: [0, 1754], r: -2.9766804622296240e+16, e: -2.4366550595583054e+33
#ERR p: [0, 1786], r: -2.9024277510209008e+16, e: -1.0026102180554067e+34
#ERR p: [0, 1834], r: 2.8265748050944880e+16, e: 5.1298380065298291e+33
#ERR p: [0, 1850], r: 9.7753005705922840e+15, e: -4.0915357470615312e+34
#ERR p: [0, 1882], r: 2.9869669950380960e+15, e: -9.9237912267786232e+33
#ERR p: [0, 1898], r: -4.2105228440482160e+15, e: 3.9399084111680040e+34
#ERR p: [0, 1914], r: -2.5575351194549352e+16, e: -9.6283874842913409e+32
#ERR p: [0, 1946], r: 9.3754137438070040e+15, e: -6.1588394978174224e+33
#ERR p: [0, 1994], r: -1.6948517286902296e+16, e: -2.9533179499415014e+34
#ERR p: [0, 2010], r: -1.5573560895277184e+16, e: -2.0672889808661097e+34
#ERR p: [1, 1130], r: 2.7299124198123812e+16, e: -2.2448299332604894e+34
#ERR p: [1, 1146], r: 1.9353333629487084e+16, e: -6.5180543341010614e+33
#ERR p: [1, 1194], r: -1.5167055219225584e+16, e: 2.8252111832585343e+34
#ERR p: [1, 1210], r: -2.2471183442180976e+16, e: -5.8169583065384847e+34
#ERR p: [1, 1258], r: -2.4085293666526672e+16, e: -3.8651354994957242e+34
#ERR p: [1, 1274], r: 2.3440382068630308e+16, e: 1.6802021412651629e+34
#ERR p: [1, 1290], r: -5.9967545654121760e+15, e: -2.2837705523022511e+34
#ERR p: [1, 1354], r: 2.1995479864548892e+16, e: -8.8579372249529523e+33
#ERR p: [1, 1370], r: -3.3226378854351120e+16, e: -3.2436550391640140e+34
#ERR p: [1, 1386], r: 3.2646744156915696e+16, e: -1.2817336735551569e+34
#ERR p: [1, 1434], r: 3.7241987363791096e+16, e: -3.7698391542034901e+34
#ERR p: [1, 1562], r: -2.0468758548660200e+16, e: 1.4100699126777439e+34
#ERR p: [1, 1578], r: -2.1995955116957424e+16, e: -6.4026277611955806e+34
#ERR p: [1, 1610], r: 3.1228954229567200e+16, e: -1.6321200718921433e+34
#ERR p: [1, 1642], r: -2.3995513939371336e+16, e: -3.8282792180584024e+34
#ERR p: [1, 1674], r: 3.2275451906004920e+16, e: 1.7930252935642521e+32
#ERR p: [1, 1706], r: -3.7586392650390048e+16, e: -6.7952478010931845e+33
#ERR p: [1, 1722], r: -7.3497025006394800e+15, e: -1.9072592174027257e+34
#ERR p: [1, 1754], r: -7.2174082406070080e+15, e: -4.1020465215120448e+34
#ERR p: [1, 1786], r: 2.8728695611106232e+16, e: -6.7046552153424769e+34
#ERR p: [1, 1834], r: 4.2987403526529600e+14, e: 2.0278429682297544e+34
#ERR p: [1, 1850], r: -1.8236857893591744e+16, e: 3.6768320286999750e+34
#ERR p: [1, 1882], r: -1.1624430159445856e+16, e: 3.1408612284161163e+34
#ERR p: [1, 1898], r: 5.8942208100967120e+15, e: -2.3386180149241722e+33
#ERR p: [1, 1914], r: -4.0672405330408400e+15, e: 7.6147030783165429e+34
#ERR p: [1, 1946], r: 4.8090536754466560e+15, e: 5.2835985165752193e+33
#ERR p: [1, 1994], r: 3.3684397395927460e+16, e: 2.0462460104004574e+34
#ERR p: [1, 2010], r: -1.5785608381662520e+16, e: -7.0105200858549511e+34
#ERR p: [2, 1130], r: -2.4157031937241520e+15, e: 2.9127262772332308e+34
#ERR p: [2, 1146], r: 8.8798168297410000e+15, e: 2.1531636776080012e+33
#ERR p: [2, 1194], r: 8.4840345137510440e+15, e: -4.2896365721426515e+34
#ERR p: [2, 1210], r: 6.1123742789533000e+15, e: -2.6410208509775940e+33
#ERR p: [2, 1258], r: -2.7037017356652768e+16, e: -1.1301320316009311e+34
#ERR p: [2, 1274], r: 2.5715358129564672e+16, e: -1.4285261917822601e+34
#SDC Ite:269 KerTime:0.905414 AccTime:244.733945 KerErr:60417 AccErr:60434
#ABORT too many errors per iteration
#END