#HEADER size:1048576
#BEGIN Y:2016 M:09 D:13 Time:01:13:07
#IT Ite:0 KerTime:2.792494 AccTime:2.792494
#ERR The histogram from element 284007 differs. srcHist=0 dstHist=1

#ERR The histogram from element 393965 differs. srcHist=0 dstHist=1

#ERR The histogram from element 581092 differs. srcHist=0 dstHist=1

#ERR The histogram from element 585969 differs. srcHist=0 dstHist=1

#ERR The histogram from element 586354 differs. srcHist=0 dstHist=1

#ERR The histogram from element 597590 differs. srcHist=0 dstHist=1

#ERR The histogram from element 600542 differs. srcHist=0 dstHist=1

#ERR The histogram from element 631652 differs. srcHist=0 dstHist=1

#ERR The histogram from element 745946 differs. srcHist=0 dstHist=1

#ERR The histogram from element 786538 differs. srcHist=0 dstHist=1

#ERR The histogram from element 802313 differs. srcHist=0 dstHist=1

#ERR The histogram from element 832566 differs. srcHist=0 dstHist=1

#ERR The histogram from element 855979 differs. srcHist=0 dstHist=1

#ERR The histogram from element 857968 differs. srcHist=0 dstHist=1

#ERR The histogram from element 874885 differs. srcHist=0 dstHist=1

#ERR The histogram from element 877936 differs. srcHist=0 dstHist=1

#ERR The histogram from element 879016 differs. srcHist=0 dstHist=1

#ERR The histogram from element 909422 differs. srcHist=0 dstHist=1

#ERR The histogram from element 911494 differs. srcHist=0 dstHist=1

#ERR The histogram from element 924317 differs. srcHist=0 dstHist=1

#ERR The histogram from element 927686 differs. srcHist=0 dstHist=1

#ERR The histogram from element 929106 differs. srcHist=0 dstHist=1

#ERR The histogram from element 932362 differs. srcHist=0 dstHist=1

#ERR The histogram from element 935174 differs. srcHist=0 dstHist=1

#ERR The histogram from element 939337 differs. srcHist=0 dstHist=1

#ERR The histogram from element 948598 differs. srcHist=0 dstHist=1

#ERR The histogram from element 974273 differs. srcHist=0 dstHist=1

#ERR The histogram from element 979930 differs. srcHist=0 dstHist=1

#ERR The histogram from element 982692 differs. srcHist=0 dstHist=1

#ERR The histogram from element 999821 differs. srcHist=0 dstHist=1

#ERR The histogram from element 999865 differs. srcHist=0 dstHist=1

#ERR The histogram from element 999955 differs. srcHist=0 dstHist=1

#ERR The histogram from element 1000428 differs. srcHist=0 dstHist=1

#ERR The histogram from element 1031007 differs. srcHist=0 dstHist=1

#ERR The histogram from element 1030071868 differs. srcHist=1 dstHist=2

#ERR The histogram from element 1030075239 differs. srcHist=1 dstHist=2

#ERR The histogram from element 1041925410 differs. srcHist=1 dstHist=2

#ERR The histogram from element 1041937427 differs. srcHist=1 dstHist=2

#ERR The histogram from element 1061101306 differs. srcHist=1 dstHist=2

#ERR The histogram from element 1061104458 differs. srcHist=1 dstHist=2

#ERR The histogram from element 1061108455 differs. srcHist=1 dstHist=2

#ERR The histogram from element 1061112373 differs. srcHist=1 dstHist=2

#ERR The histogram from element 1061116500 differs. srcHist=1 dstHist=2

#ERR The histogram from element 1061117021 differs. srcHist=1 dstHist=2

#ERR The histogram from element 1062687525 differs. srcHist=1 dstHist=2

#ERR The histogram from element 1062687876 differs. srcHist=1 dstHist=2

#ERR The histogram from element 1062688319 differs. srcHist=1 dstHist=2

#ERR The histogram from element 1062696835 differs. srcHist=1 dstHist=2

#ERR The histogram from element 1072237881 differs. srcHist=1 dstHist=2

#ERR The histogram from element 1072246493 differs. srcHist=1 dstHist=2

#ERR The histogram from element 1072249383 differs. srcHist=1 dstHist=2

#ERR The histogram from element 1072252093 differs. srcHist=1 dstHist=2

#ERR The histogram from element 1072256957 differs. srcHist=1 dstHist=2

#ERR The histogram from element 1072257872 differs. srcHist=1 dstHist=2

#ERR The histogram from element 1072262261 differs. srcHist=1 dstHist=2

#ERR The histogram from element 1072262750 differs. srcHist=1 dstHist=2

#ERR The histogram from element 1072265259 differs. srcHist=1 dstHist=2

#ERR The histogram from element 1072268228 differs. srcHist=1 dstHist=2

#ERR The histogram from element 1072279213 differs. srcHist=1 dstHist=2

#ERR The histogram from element 51987172 differs. srcHist=1 dstHist=2

#ERR The histogram from element 52014826 differs. srcHist=1 dstHist=2

#ERR The histogram from element 1117515985 differs. srcHist=1 dstHist=2

#ERR The histogram from element 1117516835 differs. srcHist=1 dstHist=2

#ERR The histogram from element 1117539934 differs. srcHist=1 dstHist=2

#ERR The histogram from element 1117547362 differs. srcHist=1 dstHist=2

#ERR The histogram from element 1117573478 differs. srcHist=1 dstHist=2

#ERR The histogram from element 1117596745 differs. srcHist=1 dstHist=2

#ERR The histogram from element 1117612295 differs. srcHist=1 dstHist=0

#ERR The histogram from element 1117624368 differs. srcHist=1 dstHist=0

#ERR The histogram from element 1117706276 differs. srcHist=1 dstHist=2

#ERR The histogram from element 1117748224 differs. srcHist=1 dstHist=0

#ERR The histogram from element 1117752666 differs. srcHist=1 dstHist=2

#ERR The histogram from element 1117779346 differs. srcHist=1 dstHist=0

#ERR The histogram from element 1117787878 differs. srcHist=1 dstHist=0

#ERR The histogram from element 1117792491 differs. srcHist=1 dstHist=0

#ERR The histogram from element 1117807879 differs. srcHist=1 dstHist=0

#ERR The histogram from element 1117813886 differs. srcHist=1 dstHist=0

#ERR The histogram from element 1117821225 differs. srcHist=1 dstHist=0

#ERR The histogram from element 1117823237 differs. srcHist=1 dstHist=0

#ERR The histogram from element 1117843198 differs. srcHist=1 dstHist=0

#ERR The histogram from element 1117867747 differs. srcHist=1 dstHist=0

#ERR The histogram from element 1117875059 differs. srcHist=1 dstHist=0

#ERR The histogram from element 1117888350 differs. srcHist=1 dstHist=0

#ERR The histogram from element 1117890025 differs. srcHist=1 dstHist=0

#ERR The histogram from element 1117892957 differs. srcHist=1 dstHist=0

#ERR The histogram from element 1117894884 differs. srcHist=1 dstHist=2

#ERR The histogram from element 1117896471 differs. srcHist=1 dstHist=2

#ERR The histogram from element 1117904455 differs. srcHist=1 dstHist=2

#ERR The histogram from element 1117905608 differs. srcHist=1 dstHist=0

#ERR The histogram from element 1117918539 differs. srcHist=1 dstHist=2

#ERR The histogram from element 1117919244 differs. srcHist=1 dstHist=0

#ERR The histogram from element 1117922862 differs. srcHist=1 dstHist=0

#ERR The histogram from element 1117924372 differs. srcHist=1 dstHist=0

#ERR The histogram from element 1117924399 differs. srcHist=1 dstHist=2

#ERR The histogram from element 1117926257 differs. srcHist=1 dstHist=2

#ERR The histogram from element 1117927573 differs. srcHist=1 dstHist=0

#ERR The histogram from element 1117928555 differs. srcHist=1 dstHist=2

#ERR The histogram from element 1117939178 differs. srcHist=1 dstHist=0

#ERR The histogram from element 1117940644 differs. srcHist=1 dstHist=0

#ERR The histogram from element 1117988983 differs. srcHist=1 dstHist=0

#ERR The histogram from element 1117993344 differs. srcHist=1 dstHist=0

#ERR The histogram from element 1118002368 differs. srcHist=1 dstHist=2

#ERR The histogram from element 1118027270 differs. srcHist=1 dstHist=0

#ERR The histogram from element 1118038822 differs. srcHist=1 dstHist=0

#ERR The histogram from element 1118051246 differs. srcHist=1 dstHist=2

#ERR The histogram from element 1118052561 differs. srcHist=1 dstHist=0

#ERR The histogram from element 1118082601 differs. srcHist=1 dstHist=0

#ERR The histogram from element 1118094698 differs. srcHist=1 dstHist=0

#ERR The histogram from element 1118096970 differs. srcHist=1 dstHist=0

#ERR The histogram from element 1118100085 differs. srcHist=1 dstHist=0

#ERR The histogram from element 1118109577 differs. srcHist=1 dstHist=2

#ERR The histogram from element 1118127781 differs. srcHist=1 dstHist=0

#ERR The histogram from element 1118138372 differs. srcHist=1 dstHist=0

#ERR The histogram from element 1118139885 differs. srcHist=1 dstHist=2

#ERR The histogram from element 1118144940 differs. srcHist=1 dstHist=0

#ERR The histogram from element 1118154110 differs. srcHist=1 dstHist=0

#ERR The histogram from element 1118162279 differs. srcHist=1 dstHist=0

#ERR The histogram from element 1118167726 differs. srcHist=1 dstHist=0

#ERR The histogram from element 1118173238 differs. srcHist=1 dstHist=2

#ERR The histogram from element 1118178080 differs. srcHist=1 dstHist=2

#ERR The histogram from element 1118223013 differs. srcHist=1 dstHist=2

#ERR The histogram from element 1118227356 differs. srcHist=1 dstHist=2

#ERR The histogram from element 1118234466 differs. srcHist=1 dstHist=2

#ERR The histogram from element 1118236261 differs. srcHist=1 dstHist=2

#ERR The histogram from element 1118627880 differs. srcHist=1 dstHist=2

#ERR The histogram from element 1118647423 differs. srcHist=1 dstHist=0

#ERR The histogram from element 1118655636 differs. srcHist=1 dstHist=2

#ERR The histogram from element 1118660201 differs. srcHist=1 dstHist=0

#ERR The histogram from element 1118661584 differs. srcHist=1 dstHist=0

#ERR The histogram from element 1118673998 differs. srcHist=1 dstHist=2

#ERR The histogram from element 1118675071 differs. srcHist=1 dstHist=2

#ERR The histogram from element 1118677728 differs. srcHist=1 dstHist=2

#ERR The histogram from element 1118677767 differs. srcHist=1 dstHist=0

#ERR The histogram from element 1118678003 differs. srcHist=1 dstHist=0

#ERR The histogram from element 1118680756 differs. srcHist=1 dstHist=0

#ERR The histogram from element 1118691809 differs. srcHist=1 dstHist=2

#ERR The histogram from element 1118700663 differs. srcHist=1 dstHist=2

#ERR The histogram from element 1118703829 differs. srcHist=1 dstHist=2

#ERR The histogram from element 1118727032 differs. srcHist=1 dstHist=2

#ERR The histogram from element 1118727487 differs. srcHist=1 dstHist=2

#ERR The histogram from element 1118768067 differs. srcHist=1 dstHist=0

#ERR The histogram from element 1118774938 differs. srcHist=1 dstHist=0

#ERR The histogram from element 1118779610 differs. srcHist=1 dstHist=2

#ERR The histogram from element 1118779690 differs. srcHist=1 dstHist=0

#ERR The histogram from element 1118786919 differs. srcHist=1 dstHist=0

#ERR The histogram from element 1118812263 differs. srcHist=1 dstHist=0

#ERR The histogram from element 1118813750 differs. srcHist=1 dstHist=2

#ERR The histogram from element 1118814415 differs. srcHist=1 dstHist=0

#ERR The histogram from element 1118820000 differs. srcHist=1 dstHist=2

#ERR The histogram from element 1118821975 differs. srcHist=1 dstHist=0

#ERR The histogram from element 1118824048 differs. srcHist=1 dstHist=0

#ERR The histogram from element 1118826938 differs. srcHist=1 dstHist=2

#ERR The histogram from element 1118828935 differs. srcHist=1 dstHist=0

#ERR The histogram from element 1118840166 differs. srcHist=1 dstHist=0

#ERR The histogram from element 1118844185 differs. srcHist=1 dstHist=0

#ERR The histogram from element 1118849856 differs. srcHist=1 dstHist=0

#ERR The histogram from element 1118852335 differs. srcHist=1 dstHist=0

#ERR The histogram from element 1118856551 differs. srcHist=1 dstHist=0

#ERR The histogram from element 1118857694 differs. srcHist=1 dstHist=0

#ERR The histogram from element 1118858382 differs. srcHist=1 dstHist=0

#ERR The histogram from element 1118866279 differs. srcHist=1 dstHist=0

#ERR The histogram from element 1118869518 differs. srcHist=1 dstHist=0

#ERR The histogram from element 1118883079 differs. srcHist=1 dstHist=0

#ERR The histogram from element 1118886204 differs. srcHist=1 dstHist=0

#ERR The histogram from element 1118898699 differs. srcHist=1 dstHist=0

#ERR The histogram from element 1118903760 differs. srcHist=1 dstHist=0

#ERR The histogram from element 1118904571 differs. srcHist=1 dstHist=0

#ERR The histogram from element 1118907047 differs. srcHist=1 dstHist=0

#ERR The histogram from element 1118907931 differs. srcHist=1 dstHist=0

#ERR The histogram from element 1118908768 differs. srcHist=1 dstHist=0

#ERR The histogram from element 1118910139 differs. srcHist=1 dstHist=3

#ERR The histogram from element 1118917216 differs. srcHist=1 dstHist=0

#ERR The histogram from element 1118918410 differs. srcHist=1 dstHist=0

#ERR The histogram from element 1118921995 differs. srcHist=1 dstHist=0

#ERR The histogram from element 1118926490 differs. srcHist=1 dstHist=0

#ERR The histogram from element 1118927453 differs. srcHist=1 dstHist=2

#ERR The histogram from element 1118931678 differs. srcHist=1 dstHist=0

#ERR The histogram from element 1118950749 differs. srcHist=1 dstHist=0

#ERR The histogram from element 1118964949 differs. srcHist=1 dstHist=0

#ERR The histogram from element 1118971364 differs. srcHist=1 dstHist=0

#ERR The histogram from element 1118984214 differs. srcHist=1 dstHist=2

#ERR The histogram from element 1118989934 differs. srcHist=1 dstHist=2

#ERR The histogram from element 1119030647 differs. srcHist=1 dstHist=0

#ERR The histogram from element 1119032728 differs. srcHist=1 dstHist=0

#ERR The histogram from element 1119057269 differs. srcHist=1 dstHist=0

#ERR The histogram from element 1119067767 differs. srcHist=1 dstHist=0

#ERR The histogram from element 1119077269 differs. srcHist=1 dstHist=2

#ERR The histogram from element 1119077334 differs. srcHist=1 dstHist=2

#ERR The histogram from element 1119103006 differs. srcHist=1 dstHist=2

#ERR The histogram from element 1119119130 differs. srcHist=1 dstHist=2

#ERR The histogram from element 1119119463 differs. srcHist=1 dstHist=2

#ERR The histogram from element 1119133590 differs. srcHist=1 dstHist=2

#ERR The histogram from element 1119142986 differs. srcHist=1 dstHist=0

#ERR The histogram from element 1119143095 differs. srcHist=1 dstHist=0

#ERR The histogram from element 1119146841 differs. srcHist=1 dstHist=0

#ERR The histogram from element 1119172552 differs. srcHist=1 dstHist=2

#ERR The histogram from element 1119223556 differs. srcHist=1 dstHist=2

#ERR The histogram from element 1119231123 differs. srcHist=1 dstHist=2

#ERR The histogram from element 1119231800 differs. srcHist=1 dstHist=2

#ERR The histogram from element 1119277122 differs. srcHist=1 dstHist=0

#ERR The histogram from element 1119281472 differs. srcHist=1 dstHist=0

#ERR The histogram from element 1119367198 differs. srcHist=1 dstHist=0

#ERR The histogram from element 1119399882 differs. srcHist=1 dstHist=0

#ERR The histogram from element 1119730365 differs. srcHist=1 dstHist=2

#ERR The histogram from element 1119792414 differs. srcHist=1 dstHist=2

#ERR The histogram from element 1119881411 differs. srcHist=1 dstHist=2

#ERR The histogram from element 1120046345 differs. srcHist=1 dstHist=0

#ERR The histogram from element 1120093718 differs. srcHist=1 dstHist=0

#ERR The histogram from element 1120147629 differs. srcHist=1 dstHist=0

#ERR The histogram from element 1120158282 differs. srcHist=1 dstHist=0

#ERR The histogram from element 1120297593 differs. srcHist=1 dstHist=2

#ERR The histogram from element 1120816187 differs. srcHist=1 dstHist=0

#ERR The histogram from element 1120817924 differs. srcHist=1 dstHist=0

#ERR The histogram from element 1120877037 differs. srcHist=1 dstHist=0

#ERR The histogram from element 1121088560 differs. srcHist=1 dstHist=0

#ERR The histogram from element 1121100669 differs. srcHist=1 dstHist=2

#ERR The histogram from element 1121130173 differs. srcHist=1 dstHist=0

#ERR The histogram from element 1121769771 differs. srcHist=1 dstHist=2

#ERR The histogram from element 1121775698 differs. srcHist=1 dstHist=0

#ERR The histogram from element 1121783862 differs. srcHist=1 dstHist=2

#ERR The histogram from element 1121785899 differs. srcHist=1 dstHist=0

#ERR The histogram from element 1121786331 differs. srcHist=1 dstHist=2

#ERR The histogram from element 1121788136 differs. srcHist=1 dstHist=2

#ERR The histogram from element 1121801667 differs. srcHist=1 dstHist=0

#ERR The histogram from element 1121804538 differs. srcHist=1 dstHist=2

#ERR The histogram from element 1121806259 differs. srcHist=1 dstHist=2

#ERR The histogram from element 1121807437 differs. srcHist=1 dstHist=2

#ERR The histogram from element 1121813216 differs. srcHist=1 dstHist=2

#ERR The histogram from element 1121840524 differs. srcHist=1 dstHist=2

#ERR The histogram from element 1121857096 differs. srcHist=1 dstHist=2

#ERR The histogram from element 1121863326 differs. srcHist=1 dstHist=0

#ERR The histogram from element 1121866685 differs. srcHist=1 dstHist=2

#ERR The histogram from element 1121879861 differs. srcHist=1 dstHist=0

#ERR The histogram from element 1121886007 differs. srcHist=1 dstHist=0

#ERR The histogram from element 1121900758 differs. srcHist=1 dstHist=0

#ERR The histogram from element 1121911762 differs. srcHist=1 dstHist=0

#ERR The histogram from element 1121922123 differs. srcHist=1 dstHist=0

#ERR The histogram from element 1121927370 differs. srcHist=1 dstHist=0

#ERR The histogram from element 1121927497 differs. srcHist=1 dstHist=0

#ERR The histogram from element 1121937463 differs. srcHist=1 dstHist=0

#ERR The histogram from element 1122060804 differs. srcHist=1 dstHist=2

#ERR The histogram from element 1122106277 differs. srcHist=1 dstHist=0

#ERR The histogram from element 1122326509 differs. srcHist=1 dstHist=0

#ERR The histogram from element 1122359195 differs. srcHist=1 dstHist=2

#ERR The histogram from element 1122370975 differs. srcHist=1 dstHist=0

#ERR The histogram from element 1122386433 differs. srcHist=1 dstHist=0

#ERR The histogram from element 1122392858 differs. srcHist=1 dstHist=2

#ERR The histogram from element 1122400052 differs. srcHist=1 dstHist=0

#ERR The histogram from element 1122446581 differs. srcHist=1 dstHist=2

#ERR The histogram from element 1122476102 differs. srcHist=1 dstHist=0

#ERR The histogram from element 1122490648 differs. srcHist=1 dstHist=2

#ERR The histogram from element 1122508410 differs. srcHist=1 dstHist=2

#ERR The histogram from element 1122568615 differs. srcHist=1 dstHist=2

#ERR The histogram from element 1122657292 differs. srcHist=1 dstHist=0

#ERR The histogram from element 1122735962 differs. srcHist=1 dstHist=0

#ERR The histogram from element 1122737110 differs. srcHist=1 dstHist=0

#ERR The histogram from element 1122739760 differs. srcHist=1 dstHist=0

#ERR The histogram from element 1122742566 differs. srcHist=1 dstHist=0

#ERR The histogram from element 1122760863 differs. srcHist=1 dstHist=0

#ERR The histogram from element 1122818090 differs. srcHist=1 dstHist=0

#ERR The histogram from element 1122819612 differs. srcHist=1 dstHist=0

#ERR The histogram from element 1122830537 differs. srcHist=1 dstHist=0

#ERR The histogram from element 1122832631 differs. srcHist=1 dstHist=0

#ERR The histogram from element 1122842573 differs. srcHist=1 dstHist=0

#ERR The histogram from element 1122849717 differs. srcHist=1 dstHist=2

#ERR The histogram from element 1122854838 differs. srcHist=1 dstHist=2

#ERR The histogram from element 1122873962 differs. srcHist=1 dstHist=0

#ERR The histogram from element 1122884202 differs. srcHist=1 dstHist=0

#ERR The histogram from element 1122899667 differs. srcHist=1 dstHist=0

#ERR The histogram from element 1122903875 differs. srcHist=1 dstHist=2

#ERR The histogram from element 1122920318 differs. srcHist=1 dstHist=2

#ERR The histogram from element 1122921391 differs. srcHist=1 dstHist=2

#ERR The histogram from element 1122925354 differs. srcHist=1 dstHist=2

#ERR The histogram from element 1122930559 differs. srcHist=1 dstHist=2

#ERR The histogram from element 1122976421 differs. srcHist=1 dstHist=0

#ERR The histogram from element 1122982395 differs. srcHist=1 dstHist=0

#ERR The histogram from element 1123035970 differs. srcHist=1 dstHist=0

#ERR The histogram from element 1123043907 differs. srcHist=1 dstHist=0

#ERR The histogram from element 1123044590 differs. srcHist=1 dstHist=0

#ERR The histogram from element 1123046945 differs. srcHist=1 dstHist=0

#ERR The histogram from element 1123049895 differs. srcHist=1 dstHist=2

#ERR The histogram from element 1123056223 differs. srcHist=1 dstHist=2

#ERR The histogram from element 1123057988 differs. srcHist=1 dstHist=0

#ERR The histogram from element 1123061057 differs. srcHist=1 dstHist=0

#ERR The histogram from element 1123065143 differs. srcHist=1 dstHist=0

#ERR The histogram from element 1123073724 differs. srcHist=1 dstHist=0

#ERR The histogram from element 1123080686 differs. srcHist=1 dstHist=0

#ERR The histogram from element 1123083955 differs. srcHist=1 dstHist=0

#ERR The histogram from element 1123085386 differs. srcHist=1 dstHist=0

#ERR The histogram from element 1123088188 differs. srcHist=1 dstHist=0

#ERR The histogram from element 1123092837 differs. srcHist=1 dstHist=0

#ERR The histogram from element 1123108676 differs. srcHist=1 dstHist=0

#ERR The histogram from element 1123113048 differs. srcHist=1 dstHist=0

#ERR The histogram from element 1123141690 differs. srcHist=1 dstHist=0

#ERR The histogram from element 1123143086 differs. srcHist=1 dstHist=0

#ERR The histogram from element 1123143503 differs. srcHist=1 dstHist=0

#ERR The histogram from element 1123144890 differs. srcHist=1 dstHist=0

#ERR The histogram from element 1123158461 differs. srcHist=1 dstHist=2

#ERR The histogram from element 1123159062 differs. srcHist=1 dstHist=2

#ERR The histogram from element 1123170235 differs. srcHist=1 dstHist=2

#ERR The histogram from element 1123179695 differs. srcHist=1 dstHist=2

#ERR The histogram from element 1123188574 differs. srcHist=1 dstHist=2

#ERR The histogram from element 1123225706 differs. srcHist=1 dstHist=0

#ERR The histogram from element 1123253029 differs. srcHist=1 dstHist=2

#ERR The histogram from element 1123253723 differs. srcHist=1 dstHist=2

#ERR The histogram from element 1123262936 differs. srcHist=1 dstHist=2

#ERR The histogram from element 1123278722 differs. srcHist=1 dstHist=2

#ERR The histogram from element 1123416359 differs. srcHist=1 dstHist=0

#ERR The histogram from element 1123447250 differs. srcHist=1 dstHist=0

#ERR The histogram from element 1123451393 differs. srcHist=1 dstHist=2

#ERR The histogram from element 1123462488 differs. srcHist=1 dstHist=2

#ERR The histogram from element 1123477687 differs. srcHist=1 dstHist=2

#ERR The histogram from element 1123642674 differs. srcHist=1 dstHist=0

#ERR The histogram from element 1123723539 differs. srcHist=1 dstHist=2

#ERR The histogram from element 1123752087 differs. srcHist=1 dstHist=0

#ERR The histogram from element 1124137571 differs. srcHist=1 dstHist=0

#ERR The histogram from element 1124143187 differs. srcHist=1 dstHist=0

#ERR The histogram from element 1124165637 differs. srcHist=1 dstHist=0

#ERR The histogram from element 1124213732 differs. srcHist=1 dstHist=0

#ERR The histogram from element 1124263217 differs. srcHist=1 dstHist=0

#ERR The histogram from element 1124304448 differs. srcHist=1 dstHist=2

#ERR The histogram from element 1124331287 differs. srcHist=1 dstHist=2

#ERR The histogram from element 1124348405 differs. srcHist=1 dstHist=2

#ERR The histogram from element 1124586359 differs. srcHist=1 dstHist=2

#ERR The histogram from element 1124587058 differs. srcHist=1 dstHist=2

#ERR The histogram from element 1124591215 differs. srcHist=1 dstHist=2

#ERR The histogram from element 1124597272 differs. srcHist=1 dstHist=2

#ERR The histogram from element 1124608046 differs. srcHist=1 dstHist=2

#ERR The histogram from element 1124609849 differs. srcHist=1 dstHist=2

#ERR The histogram from element 1124620413 differs. srcHist=1 dstHist=2

#ERR The histogram from element 1124625286 differs. srcHist=1 dstHist=2

#ERR The histogram from element 1124748121 differs. srcHist=1 dstHist=0

#ERR The histogram from element 1124797278 differs. srcHist=1 dstHist=0

#ERR The histogram from element 1124816812 differs. srcHist=1 dstHist=0

#ERR The histogram from element 1124830323 differs. srcHist=1 dstHist=0

#ERR The histogram from element 1124830579 differs. srcHist=1 dstHist=0

#ERR The histogram from element 1124848217 differs. srcHist=1 dstHist=0

#ERR The histogram from element 1124851633 differs. srcHist=1 dstHist=0

#ERR The histogram from element 1125595937 differs. srcHist=1 dstHist=2

#ERR The histogram from element 1125605338 differs. srcHist=1 dstHist=2

#ERR The histogram from element 1125619242 differs. srcHist=1 dstHist=0

#ERR The histogram from element 1125651600 differs. srcHist=1 dstHist=2

#ERR The histogram from element 1125657178 differs. srcHist=1 dstHist=0

#ERR The histogram from element 1125657205 differs. srcHist=1 dstHist=2

#ERR The histogram from element 1125676948 differs. srcHist=1 dstHist=0

#ERR The histogram from element 1125683039 differs. srcHist=1 dstHist=0

#ERR The histogram from element 1125683807 differs. srcHist=1 dstHist=0

#ERR The histogram from element 1125691203 differs. srcHist=1 dstHist=2

#ERR The histogram from element 1125709375 differs. srcHist=1 dstHist=2

#ERR The histogram from element 1125712871 differs. srcHist=1 dstHist=2

#ERR The histogram from element 1125722916 differs. srcHist=1 dstHist=0

#ERR The histogram from element 1125730930 differs. srcHist=1 dstHist=0

#ERR The histogram from element 1125732807 differs. srcHist=1 dstHist=2

#ERR The histogram from element 1125740383 differs. srcHist=1 dstHist=0

#ERR The histogram from element 1125758767 differs. srcHist=1 dstHist=0

#ERR The histogram from element 1125759043 differs. srcHist=1 dstHist=0

#ERR The histogram from element 1125768454 differs. srcHist=1 dstHist=0

#ERR The histogram from element 1125785797 differs. srcHist=1 dstHist=0

#ERR The histogram from element 1125788334 differs. srcHist=1 dstHist=0

#ERR The histogram from element 1125793900 differs. srcHist=1 dstHist=0

#ERR The histogram from element 1125803070 differs. srcHist=1 dstHist=0

#ERR The histogram from element 1125803377 differs. srcHist=1 dstHist=0

#ERR The histogram from element 1125803967 differs. srcHist=1 dstHist=2

#ERR The histogram from element 1125825144 differs. srcHist=1 dstHist=0

#ERR The histogram from element 1125832421 differs. srcHist=1 dstHist=0

#ERR The histogram from element 1125845560 differs. srcHist=1 dstHist=0

#ERR The histogram from element 1125855888 differs. srcHist=1 dstHist=0

#ERR The histogram from element 1125862506 differs. srcHist=1 dstHist=2

#ERR The histogram from element 1125869132 differs. srcHist=1 dstHist=0

#ERR The histogram from element 1125881575 differs. srcHist=1 dstHist=2

#ERR The histogram from element 1125890734 differs. srcHist=1 dstHist=0

#ERR The histogram from element 1125933703 differs. srcHist=1 dstHist=2

#ERR The histogram from element 1125937781 differs. srcHist=1 dstHist=2

#ERR The histogram from element 1125940377 differs. srcHist=1 dstHist=0

#ERR The histogram from element 1125943908 differs. srcHist=1 dstHist=2

#ERR The histogram from element 1125943983 differs. srcHist=1 dstHist=0

#ERR The histogram from element 1125947133 differs. srcHist=1 dstHist=2

#ERR The histogram from element 1125954628 differs. srcHist=1 dstHist=2

#ERR The histogram from element 1125955391 differs. srcHist=1 dstHist=2

#ERR The histogram from element 1125960665 differs. srcHist=1 dstHist=2

#ERR The histogram from element 1125962062 differs. srcHist=1 dstHist=0

#ERR The histogram from element 1125968486 differs. srcHist=1 dstHist=0

#ERR The histogram from element 1126036902 differs. srcHist=1 dstHist=0

#ERR The histogram from element 1126037663 differs. srcHist=1 dstHist=0

#ERR The histogram from element 1126042549 differs. srcHist=1 dstHist=0

#ERR The histogram from element 1126047622 differs. srcHist=1 dstHist=0

#ERR The histogram from element 1126050688 differs. srcHist=1 dstHist=0

#ERR The histogram from element 1126050784 differs. srcHist=1 dstHist=0

#ERR The histogram from element 1126051570 differs. srcHist=1 dstHist=0

#ERR The histogram from element 1126057277 differs. srcHist=1 dstHist=0

#ERR The histogram from element 1126058283 differs. srcHist=1 dstHist=0

#ERR The histogram from element 1126059422 differs. srcHist=1 dstHist=0

#ERR The histogram from element 1126060792 differs. srcHist=1 dstHist=0

#ERR The histogram from element 1126067966 differs. srcHist=1 dstHist=0

#ERR The histogram from element 1126073891 differs. srcHist=1 dstHist=0

#ERR The histogram from element 1126099254 differs. srcHist=1 dstHist=0

#ERR The histogram from element 1126100304 differs. srcHist=1 dstHist=0

#ERR The histogram from element 1126107473 differs. srcHist=1 dstHist=0

#ERR The histogram from element 1126110090 differs. srcHist=1 dstHist=0

#ERR The histogram from element 1126111045 differs. srcHist=1 dstHist=0

#ERR The histogram from element 1126113691 differs. srcHist=1 dstHist=0

#ERR The histogram from element 1126114129 differs. srcHist=1 dstHist=0

#ERR The histogram from element 1126152500 differs. srcHist=1 dstHist=0

#ERR The histogram from element 1126163880 differs. srcHist=1 dstHist=0

#ERR The histogram from element 1126192954 differs. srcHist=1 dstHist=0

#ERR The histogram from element 1126202317 differs. srcHist=1 dstHist=0

#ERR The histogram from element 1126214829 differs. srcHist=1 dstHist=0

#ERR The histogram from element 1126221336 differs. srcHist=1 dstHist=2

#ERR The histogram from element 1126222516 differs. srcHist=1 dstHist=2

#ERR The histogram from element 1126227518 differs. srcHist=1 dstHist=0

#ERR The histogram from element 1126228993 differs. srcHist=1 dstHist=0

#ERR The histogram from element 1126232358 differs. srcHist=1 dstHist=2

#ERR The histogram from element 1126238523 differs. srcHist=1 dstHist=0

#ERR The histogram from element 1126243543 differs. srcHist=1 dstHist=0

#ERR The histogram from element 1126260542 differs. srcHist=1 dstHist=0

#ERR The histogram from element 1126292408 differs. srcHist=1 dstHist=2

#ERR The histogram from element 1126311763 differs. srcHist=1 dstHist=0

#ERR The histogram from element 1126398709 differs. srcHist=1 dstHist=2

#ERR The histogram from element 1126442656 differs. srcHist=1 dstHist=2

#ERR The histogram from element 1126475522 differs. srcHist=1 dstHist=2

#ERR The histogram from element 1126519601 differs. srcHist=1 dstHist=2

#ERR The histogram from element 1126536238 differs. srcHist=1 dstHist=0

#ERR The histogram from element 1126678047 differs. srcHist=1 dstHist=2

#ERR The histogram from element 1126702111 differs. srcHist=1 dstHist=2

#ERR The histogram from element 1126734464 differs. srcHist=1 dstHist=0

#ERR The histogram from element 1126739494 differs. srcHist=1 dstHist=0

#ERR The histogram from element 1126741317 differs. srcHist=1 dstHist=0

#ERR The histogram from element 1126746842 differs. srcHist=1 dstHist=0

#ERR The histogram from element 1126765033 differs. srcHist=1 dstHist=0

#ERR The histogram from element 1126773044 differs. srcHist=1 dstHist=2

#ERR The histogram from element 1126778200 differs. srcHist=1 dstHist=2

#ERR The histogram from element 1126784533 differs. srcHist=1 dstHist=0

#ERR The histogram from element 1126795289 differs. srcHist=1 dstHist=0

#ERR The histogram from element 1126836716 differs. srcHist=1 dstHist=2

#ERR The histogram from element 1126844828 differs. srcHist=1 dstHist=2

#ERR The histogram from element 1126846742 differs. srcHist=1 dstHist=2

#ERR The histogram from element 822937679 differs. srcHist=1 dstHist=2

#ERR The histogram from element 822940238 differs. srcHist=1 dstHist=2

#ERR The histogram from element 822950082 differs. srcHist=1 dstHist=2

#ERR The histogram from element 822965560 differs. srcHist=1 dstHist=2

#ERR The histogram from element 871632652 differs. srcHist=1 dstHist=3

#ERR The histogram from element 871679857 differs. srcHist=1 dstHist=2

#ERR The histogram from element 871689465 differs. srcHist=1 dstHist=3

#ERR The histogram from element 871741870 differs. srcHist=1 dstHist=3

#ERR The histogram from element 871743704 differs. srcHist=1 dstHist=2

#ERR The histogram from element 871766034 differs. srcHist=1 dstHist=3

#ERR The histogram from element 952743810 differs. srcHist=1 dstHist=2

#ERR The histogram from element 952744013 differs. srcHist=1 dstHist=2

#ERR The histogram from element 977659980 differs. srcHist=1 dstHist=2

#ERR The histogram from element 977751355 differs. srcHist=1 dstHist=2

#ERR The histogram from element 977758652 differs. srcHist=1 dstHist=2

#ERR The histogram from element 989548503 differs. srcHist=1 dstHist=2

#ERR The histogram from element 989587953 differs. srcHist=1 dstHist=2

#ERR The histogram from element 989592995 differs. srcHist=1 dstHist=2

#ERR The histogram from element 989656149 differs. srcHist=1 dstHist=2

#ERR The histogram from element 989656678 differs. srcHist=1 dstHist=2

#ERR The histogram from element 994791637 differs. srcHist=1 dstHist=2

#ERR The histogram from element 994800945 differs. srcHist=1 dstHist=2

#ERR The histogram from element 1003302151 differs. srcHist=1 dstHist=2

#ERR The histogram from element 1003395703 differs. srcHist=1 dstHist=2

#ERR The histogram from element 1004503755 differs. srcHist=1 dstHist=2

#ERR Elements not ordered. index=546143 1117603396>1031007
#ERR Elements not ordered. index=546149 1117623576>1000428
#ERR Elements not ordered. index=546208 1117746216>600542
#ERR Elements not ordered. index=546213 1117752666>1117515985
#ERR Elements not ordered. index=546218 1117769672>1117539934
#ERR Elements not ordered. index=546227 1117803137>1117796283
#ERR Elements not ordered. index=546228 1117796283>1117573478
#ERR Elements not ordered. index=546234 1117817650>1117815764
#ERR Elements not ordered. index=546235 1117815764>1117596745
#ERR Elements not ordered. index=546246 1117926257>1117844137
#ERR Elements not ordered. index=546258 1117865143>1117855660
#ERR Elements not ordered. index=546262 1117872030>1117706276
#ERR Elements not ordered. index=546274 1117900613>1117899287
#ERR Elements not ordered. index=546278 1117918539>974273
#ERR Elements not ordered. index=546279 974273>786538
#ERR Elements not ordered. index=546281 1117913057>855979
#ERR Elements not ordered. index=546283 927686>909422
#ERR Elements not ordered. index=546285 1117924399>874885
#ERR Elements not ordered. index=546287 1117926167>1117894884
#ERR Elements not ordered. index=546290 1117928555>1117902042
#ERR Elements not ordered. index=546293 1117924399>1117918539
#ERR Elements not ordered. index=546296 1118002368>1117926257
#ERR Elements not ordered. index=546300 1117938780>999955
#ERR Elements not ordered. index=546326 1118003051>802313
#ERR Elements not ordered. index=546343 1118037437>999821
#ERR Elements not ordered. index=546345 1118051246>1118044093
#ERR Elements not ordered. index=546349 1118051246>924317
#ERR Elements not ordered. index=546359 1118109577>1118088704
#ERR Elements not ordered. index=546366 1118098608>1118097237
#ERR Elements not ordered. index=546369 1118139885>1118103424
#ERR Elements not ordered. index=546384 1118178080>1118134285
#ERR Elements not ordered. index=546385 1118134285>1118124158
#ERR Elements not ordered. index=546387 1118139864>1118131580
#ERR Elements not ordered. index=546391 1118144892>1118142786
#ERR Elements not ordered. index=546396 1118152376>1118152233
#ERR Elements not ordered. index=546399 1118162262>1118155274
#ERR Elements not ordered. index=546401 1118164414>1118160407
#ERR Elements not ordered. index=546404 1118223013>1118163423
#ERR Elements not ordered. index=546406 1118227356>1118165876
