#HEADER size:1048576
#BEGIN Y:2016 M:09 D:13 Time:00:50:01
#IT Ite:0 KerTime:2.793248 AccTime:2.793248
#ERR The histogram from element 89680 differs. srcHist=0 dstHist=1

#ERR The histogram from element 285059 differs. srcHist=0 dstHist=1

#ERR The histogram from element 671385 differs. srcHist=0 dstHist=1

#ERR The histogram from element 788867 differs. srcHist=0 dstHist=1

#ERR The histogram from element 924429 differs. srcHist=0 dstHist=1

#ERR The histogram from element 930311 differs. srcHist=0 dstHist=1

#ERR The histogram from element 955931 differs. srcHist=0 dstHist=1

#ERR The histogram from element 644071612 differs. srcHist=1 dstHist=2

#ERR The histogram from element 661323364 differs. srcHist=1 dstHist=2

#ERR The histogram from element 661333244 differs. srcHist=1 dstHist=2

#ERR The histogram from element 661342061 differs. srcHist=1 dstHist=2

#ERR The histogram from element 864138496 differs. srcHist=1 dstHist=2

#ERR The histogram from element 869555542 differs. srcHist=1 dstHist=2

#ERR The histogram from element 925878740 differs. srcHist=1 dstHist=2

#ERR The histogram from element 925947943 differs. srcHist=1 dstHist=2

#ERR The histogram from element 925951220 differs. srcHist=1 dstHist=3

#ERR The histogram from element 925952081 differs. srcHist=1 dstHist=2

#ERR The histogram from element 925955287 differs. srcHist=1 dstHist=2

#ERR The histogram from element 925958488 differs. srcHist=1 dstHist=2

#ERR The histogram from element 925971774 differs. srcHist=1 dstHist=2

#ERR The histogram from element 925973919 differs. srcHist=1 dstHist=2

#ERR The histogram from element 925983520 differs. srcHist=1 dstHist=2

#ERR The histogram from element 925986211 differs. srcHist=1 dstHist=2

#ERR The histogram from element 925988307 differs. srcHist=1 dstHist=2

#ERR The histogram from element 926010706 differs. srcHist=1 dstHist=2

#ERR The histogram from element 926010923 differs. srcHist=1 dstHist=2

#ERR The histogram from element 926021651 differs. srcHist=1 dstHist=0

#ERR The histogram from element 926069143 differs. srcHist=1 dstHist=2

#ERR The histogram from element 926080252 differs. srcHist=1 dstHist=2

#ERR The histogram from element 926087608 differs. srcHist=1 dstHist=2

#ERR The histogram from element 926140227 differs. srcHist=1 dstHist=0

#ERR The histogram from element 926141503 differs. srcHist=1 dstHist=0

#ERR The histogram from element 926148841 differs. srcHist=1 dstHist=0

#ERR The histogram from element 926152051 differs. srcHist=1 dstHist=0

#ERR The histogram from element 926164108 differs. srcHist=1 dstHist=0

#ERR The histogram from element 926168905 differs. srcHist=1 dstHist=0

#ERR The histogram from element 926183258 differs. srcHist=1 dstHist=0

#ERR The histogram from element 926202905 differs. srcHist=1 dstHist=0

#ERR The histogram from element 926203539 differs. srcHist=1 dstHist=0

#ERR The histogram from element 926209197 differs. srcHist=1 dstHist=0

#ERR The histogram from element 926211004 differs. srcHist=1 dstHist=0

#ERR The histogram from element 926216528 differs. srcHist=1 dstHist=0

#ERR The histogram from element 926220675 differs. srcHist=1 dstHist=2

#ERR The histogram from element 926221421 differs. srcHist=1 dstHist=0

#ERR The histogram from element 926228113 differs. srcHist=1 dstHist=0

#ERR The histogram from element 926235936 differs. srcHist=1 dstHist=2

#ERR The histogram from element 926256787 differs. srcHist=1 dstHist=0

#ERR The histogram from element 926258581 differs. srcHist=1 dstHist=2

#ERR The histogram from element 926276676 differs. srcHist=1 dstHist=0

#ERR The histogram from element 926280535 differs. srcHist=1 dstHist=2

#ERR The histogram from element 926288548 differs. srcHist=1 dstHist=2

#ERR The histogram from element 926289777 differs. srcHist=1 dstHist=0

#ERR The histogram from element 926300112 differs. srcHist=1 dstHist=0

#ERR The histogram from element 926318380 differs. srcHist=1 dstHist=0

#ERR The histogram from element 926335855 differs. srcHist=1 dstHist=0

#ERR The histogram from element 926336292 differs. srcHist=1 dstHist=0

#ERR The histogram from element 926341114 differs. srcHist=1 dstHist=0

#ERR The histogram from element 926349930 differs. srcHist=1 dstHist=0

#ERR The histogram from element 926392658 differs. srcHist=1 dstHist=0

#ERR The histogram from element 926395026 differs. srcHist=1 dstHist=0

#ERR The histogram from element 926398202 differs. srcHist=1 dstHist=2

#ERR The histogram from element 926398934 differs. srcHist=1 dstHist=0

#ERR The histogram from element 926403104 differs. srcHist=1 dstHist=0

#ERR The histogram from element 926420360 differs. srcHist=1 dstHist=2

#ERR The histogram from element 926428097 differs. srcHist=1 dstHist=0

#ERR The histogram from element 926429388 differs. srcHist=1 dstHist=2

#ERR The histogram from element 926431686 differs. srcHist=1 dstHist=0

#ERR The histogram from element 926445051 differs. srcHist=1 dstHist=0

#ERR The histogram from element 926452307 differs. srcHist=1 dstHist=0

#ERR The histogram from element 926467057 differs. srcHist=1 dstHist=0

#ERR The histogram from element 926469865 differs. srcHist=1 dstHist=0

#ERR The histogram from element 926470577 differs. srcHist=1 dstHist=0

#ERR The histogram from element 926476350 differs. srcHist=1 dstHist=0

#ERR The histogram from element 926478022 differs. srcHist=1 dstHist=0

#ERR The histogram from element 926487263 differs. srcHist=1 dstHist=0

#ERR The histogram from element 926488432 differs. srcHist=1 dstHist=0

#ERR The histogram from element 926496226 differs. srcHist=1 dstHist=0

#ERR The histogram from element 926502887 differs. srcHist=1 dstHist=0

#ERR The histogram from element 926503061 differs. srcHist=1 dstHist=4

#ERR The histogram from element 926504953 differs. srcHist=1 dstHist=2

#ERR The histogram from element 926507492 differs. srcHist=1 dstHist=2

#ERR The histogram from element 926516573 differs. srcHist=1 dstHist=0

#ERR The histogram from element 926517719 differs. srcHist=1 dstHist=2

#ERR The histogram from element 926521573 differs. srcHist=1 dstHist=2

#ERR The histogram from element 926522815 differs. srcHist=1 dstHist=2

#ERR The histogram from element 926523050 differs. srcHist=1 dstHist=2

#ERR The histogram from element 926526127 differs. srcHist=1 dstHist=0

#ERR The histogram from element 926526617 differs. srcHist=1 dstHist=0

#ERR The histogram from element 926530389 differs. srcHist=1 dstHist=0

#ERR The histogram from element 926559815 differs. srcHist=1 dstHist=2

#ERR The histogram from element 926562109 differs. srcHist=1 dstHist=0

#ERR The histogram from element 926570711 differs. srcHist=1 dstHist=0

#ERR The histogram from element 926571714 differs. srcHist=1 dstHist=0

#ERR The histogram from element 926572638 differs. srcHist=1 dstHist=0

#ERR The histogram from element 926573440 differs. srcHist=1 dstHist=2

#ERR The histogram from element 926575859 differs. srcHist=1 dstHist=2

#ERR The histogram from element 926592559 differs. srcHist=1 dstHist=2

#ERR The histogram from element 926595354 differs. srcHist=1 dstHist=2

#ERR The histogram from element 926596717 differs. srcHist=1 dstHist=2

#ERR The histogram from element 926597254 differs. srcHist=1 dstHist=2

#ERR The histogram from element 926621958 differs. srcHist=1 dstHist=2

#ERR The histogram from element 926624870 differs. srcHist=1 dstHist=0

#ERR The histogram from element 926626742 differs. srcHist=1 dstHist=0

#ERR The histogram from element 926627076 differs. srcHist=1 dstHist=0

#ERR The histogram from element 926629470 differs. srcHist=1 dstHist=2

#ERR The histogram from element 926635894 differs. srcHist=1 dstHist=2

#ERR The histogram from element 926639423 differs. srcHist=1 dstHist=2

#ERR The histogram from element 926642220 differs. srcHist=1 dstHist=2

#ERR The histogram from element 926645803 differs. srcHist=1 dstHist=2

#ERR The histogram from element 926652897 differs. srcHist=1 dstHist=2

#ERR The histogram from element 926657332 differs. srcHist=1 dstHist=2

#ERR The histogram from element 926691675 differs. srcHist=1 dstHist=2

#ERR The histogram from element 926700512 differs. srcHist=1 dstHist=2

#ERR The histogram from element 926707317 differs. srcHist=1 dstHist=0

#ERR The histogram from element 926721853 differs. srcHist=1 dstHist=0

#ERR The histogram from element 926724721 differs. srcHist=1 dstHist=2

#ERR The histogram from element 926724932 differs. srcHist=1 dstHist=2

#ERR The histogram from element 926732704 differs. srcHist=1 dstHist=2

#ERR The histogram from element 926741304 differs. srcHist=1 dstHist=2

#ERR The histogram from element 926746919 differs. srcHist=1 dstHist=2

#ERR The histogram from element 926754712 differs. srcHist=1 dstHist=2

#ERR The histogram from element 926755776 differs. srcHist=1 dstHist=2

#ERR The histogram from element 926764492 differs. srcHist=1 dstHist=2

#ERR The histogram from element 926777399 differs. srcHist=1 dstHist=0

#ERR The histogram from element 926777752 differs. srcHist=1 dstHist=0

#ERR The histogram from element 926779058 differs. srcHist=1 dstHist=0

#ERR The histogram from element 926781452 differs. srcHist=1 dstHist=0

#ERR The histogram from element 926783635 differs. srcHist=1 dstHist=0

#ERR The histogram from element 926785507 differs. srcHist=1 dstHist=0

#ERR The histogram from element 926792774 differs. srcHist=1 dstHist=0

#ERR The histogram from element 926822226 differs. srcHist=1 dstHist=2

#ERR The histogram from element 926909721 differs. srcHist=1 dstHist=0

#ERR The histogram from element 926910651 differs. srcHist=1 dstHist=0

#ERR The histogram from element 926913225 differs. srcHist=1 dstHist=0

#ERR The histogram from element 926915248 differs. srcHist=1 dstHist=0

#ERR The histogram from element 926943048 differs. srcHist=1 dstHist=2

#ERR The histogram from element 926945031 differs. srcHist=1 dstHist=0

#ERR The histogram from element 926945336 differs. srcHist=1 dstHist=0

#ERR The histogram from element 926946641 differs. srcHist=1 dstHist=0

#ERR The histogram from element 926948096 differs. srcHist=1 dstHist=0

#ERR The histogram from element 926949086 differs. srcHist=1 dstHist=0

#ERR The histogram from element 926951623 differs. srcHist=1 dstHist=0

#ERR The histogram from element 926959156 differs. srcHist=1 dstHist=2

#ERR The histogram from element 926967799 differs. srcHist=1 dstHist=0

#ERR The histogram from element 926970948 differs. srcHist=1 dstHist=0

#ERR The histogram from element 926973663 differs. srcHist=1 dstHist=0

#ERR The histogram from element 926979298 differs. srcHist=1 dstHist=0

#ERR The histogram from element 926980562 differs. srcHist=1 dstHist=2

#ERR The histogram from element 926981863 differs. srcHist=1 dstHist=0

#ERR The histogram from element 926985776 differs. srcHist=1 dstHist=0

#ERR The histogram from element 926986302 differs. srcHist=1 dstHist=0

#ERR The histogram from element 926993830 differs. srcHist=1 dstHist=2

#ERR The histogram from element 927001834 differs. srcHist=1 dstHist=0

#ERR The histogram from element 927007223 differs. srcHist=1 dstHist=0

#ERR The histogram from element 927009344 differs. srcHist=1 dstHist=0

#ERR The histogram from element 927019206 differs. srcHist=1 dstHist=0

#ERR The histogram from element 927020399 differs. srcHist=1 dstHist=0

#ERR The histogram from element 927025033 differs. srcHist=1 dstHist=2

#ERR The histogram from element 927025652 differs. srcHist=1 dstHist=2

#ERR The histogram from element 927026941 differs. srcHist=1 dstHist=2

#ERR The histogram from element 927027488 differs. srcHist=1 dstHist=0

#ERR The histogram from element 927033850 differs. srcHist=1 dstHist=2

#ERR The histogram from element 927039997 differs. srcHist=1 dstHist=2

#ERR The histogram from element 927067186 differs. srcHist=1 dstHist=2

#ERR The histogram from element 927068688 differs. srcHist=1 dstHist=2

#ERR The histogram from element 927073742 differs. srcHist=1 dstHist=2

#ERR The histogram from element 927122161 differs. srcHist=1 dstHist=0

#ERR The histogram from element 927149862 differs. srcHist=1 dstHist=0

#ERR The histogram from element 927167299 differs. srcHist=1 dstHist=0

#ERR The histogram from element 927174172 differs. srcHist=1 dstHist=0

#ERR The histogram from element 927180929 differs. srcHist=1 dstHist=0

#ERR The histogram from element 927184495 differs. srcHist=1 dstHist=0

#ERR The histogram from element 927188613 differs. srcHist=1 dstHist=2

#ERR The histogram from element 927214324 differs. srcHist=1 dstHist=0

#ERR The histogram from element 927223152 differs. srcHist=1 dstHist=2

#ERR The histogram from element 927232218 differs. srcHist=1 dstHist=2

#ERR The histogram from element 927233377 differs. srcHist=1 dstHist=2

#ERR The histogram from element 927250235 differs. srcHist=1 dstHist=2

#ERR The histogram from element 927295962 differs. srcHist=1 dstHist=2

#ERR The histogram from element 927307911 differs. srcHist=1 dstHist=2

#ERR The histogram from element 927360073 differs. srcHist=1 dstHist=2

#ERR The histogram from element 928911158 differs. srcHist=1 dstHist=0

#ERR The histogram from element 928945740 differs. srcHist=1 dstHist=3

#ERR The histogram from element 929069970 differs. srcHist=1 dstHist=0

#ERR The histogram from element 929117810 differs. srcHist=1 dstHist=2

#ERR The histogram from element 929163811 differs. srcHist=1 dstHist=2

#ERR The histogram from element 929246535 differs. srcHist=1 dstHist=2

#ERR The histogram from element 929248246 differs. srcHist=1 dstHist=2

#ERR The histogram from element 929263752 differs. srcHist=1 dstHist=0

#ERR The histogram from element 929269877 differs. srcHist=1 dstHist=0

#ERR The histogram from element 929274938 differs. srcHist=1 dstHist=2

#ERR The histogram from element 929277560 differs. srcHist=1 dstHist=0

#ERR The histogram from element 929278619 differs. srcHist=1 dstHist=2

#ERR The histogram from element 929278773 differs. srcHist=1 dstHist=2

#ERR The histogram from element 929278826 differs. srcHist=1 dstHist=2

#ERR The histogram from element 929279464 differs. srcHist=1 dstHist=2

#ERR The histogram from element 929280605 differs. srcHist=1 dstHist=2

#ERR The histogram from element 929283234 differs. srcHist=1 dstHist=0

#ERR The histogram from element 929289735 differs. srcHist=1 dstHist=2

#ERR The histogram from element 929292337 differs. srcHist=1 dstHist=0

#ERR The histogram from element 929295758 differs. srcHist=1 dstHist=0

#ERR The histogram from element 929301247 differs. srcHist=1 dstHist=0

#ERR The histogram from element 929302671 differs. srcHist=1 dstHist=0

#ERR The histogram from element 929316304 differs. srcHist=1 dstHist=2

#ERR The histogram from element 929319785 differs. srcHist=1 dstHist=2

#ERR The histogram from element 929321315 differs. srcHist=1 dstHist=2

#ERR The histogram from element 929323858 differs. srcHist=1 dstHist=0

#ERR The histogram from element 929324017 differs. srcHist=1 dstHist=0

#ERR The histogram from element 929328081 differs. srcHist=1 dstHist=2

#ERR The histogram from element 929329981 differs. srcHist=1 dstHist=2

#ERR The histogram from element 929333443 differs. srcHist=1 dstHist=2

#ERR The histogram from element 929337325 differs. srcHist=1 dstHist=2

#ERR The histogram from element 929344504 differs. srcHist=1 dstHist=2

#ERR The histogram from element 929347109 differs. srcHist=1 dstHist=0

#ERR The histogram from element 929347553 differs. srcHist=1 dstHist=2

#ERR The histogram from element 929348852 differs. srcHist=1 dstHist=2

#ERR The histogram from element 929353078 differs. srcHist=1 dstHist=2

#ERR The histogram from element 929357075 differs. srcHist=1 dstHist=2

#ERR The histogram from element 929380614 differs. srcHist=1 dstHist=2

#ERR The histogram from element 929392550 differs. srcHist=1 dstHist=2

#ERR The histogram from element 929431450 differs. srcHist=1 dstHist=2

#ERR The histogram from element 929483910 differs. srcHist=1 dstHist=2

#ERR The histogram from element 929490487 differs. srcHist=1 dstHist=2

#ERR The histogram from element 929504579 differs. srcHist=1 dstHist=0

#ERR The histogram from element 929507604 differs. srcHist=1 dstHist=0

#ERR The histogram from element 929508440 differs. srcHist=1 dstHist=0

#ERR The histogram from element 929516264 differs. srcHist=1 dstHist=2

#ERR The histogram from element 929539482 differs. srcHist=1 dstHist=3

#ERR The histogram from element 929546550 differs. srcHist=1 dstHist=0

#ERR The histogram from element 929547058 differs. srcHist=1 dstHist=0

#ERR The histogram from element 929549619 differs. srcHist=1 dstHist=0

#ERR The histogram from element 929554573 differs. srcHist=1 dstHist=0

#ERR The histogram from element 929561878 differs. srcHist=1 dstHist=2

#ERR The histogram from element 929590227 differs. srcHist=1 dstHist=0

#ERR The histogram from element 929591688 differs. srcHist=1 dstHist=0

#ERR The histogram from element 929596835 differs. srcHist=1 dstHist=0

#ERR The histogram from element 929597289 differs. srcHist=1 dstHist=2

#ERR The histogram from element 929598889 differs. srcHist=1 dstHist=0

#ERR The histogram from element 929608306 differs. srcHist=1 dstHist=3

#ERR The histogram from element 929613993 differs. srcHist=1 dstHist=2

#ERR The histogram from element 929614711 differs. srcHist=1 dstHist=0

#ERR The histogram from element 929617825 differs. srcHist=1 dstHist=0

#ERR The histogram from element 929624897 differs. srcHist=1 dstHist=0

#ERR The histogram from element 929624903 differs. srcHist=1 dstHist=0

#ERR The histogram from element 929625661 differs. srcHist=1 dstHist=0

#ERR The histogram from element 929636011 differs. srcHist=1 dstHist=0

#ERR The histogram from element 929638297 differs. srcHist=1 dstHist=0

#ERR The histogram from element 929639937 differs. srcHist=1 dstHist=0

#ERR The histogram from element 929652370 differs. srcHist=1 dstHist=0

#ERR The histogram from element 929653688 differs. srcHist=1 dstHist=0

#ERR The histogram from element 929654162 differs. srcHist=1 dstHist=0

#ERR The histogram from element 929655999 differs. srcHist=1 dstHist=2

#ERR The histogram from element 929661711 differs. srcHist=1 dstHist=2

#ERR The histogram from element 929664729 differs. srcHist=1 dstHist=2

#ERR The histogram from element 929672789 differs. srcHist=1 dstHist=2

#ERR The histogram from element 929672835 differs. srcHist=1 dstHist=2

#ERR The histogram from element 929675337 differs. srcHist=1 dstHist=2

#ERR The histogram from element 929676904 differs. srcHist=1 dstHist=2

#ERR The histogram from element 929679233 differs. srcHist=1 dstHist=2

#ERR The histogram from element 929680724 differs. srcHist=1 dstHist=2

#ERR The histogram from element 929685416 differs. srcHist=1 dstHist=2

#ERR The histogram from element 929691354 differs. srcHist=1 dstHist=2

#ERR The histogram from element 929693993 differs. srcHist=1 dstHist=2

#ERR The histogram from element 929694856 differs. srcHist=1 dstHist=2

#ERR The histogram from element 929707883 differs. srcHist=1 dstHist=2

#ERR The histogram from element 929714665 differs. srcHist=1 dstHist=0

#ERR The histogram from element 929717142 differs. srcHist=1 dstHist=2

#ERR The histogram from element 929718211 differs. srcHist=1 dstHist=2

#ERR The histogram from element 929730430 differs. srcHist=1 dstHist=2

#ERR The histogram from element 929740663 differs. srcHist=1 dstHist=0

#ERR The histogram from element 929740734 differs. srcHist=1 dstHist=2

#ERR The histogram from element 929747349 differs. srcHist=1 dstHist=0

#ERR The histogram from element 929747425 differs. srcHist=1 dstHist=2

#ERR The histogram from element 929756925 differs. srcHist=1 dstHist=0

#ERR The histogram from element 929765560 differs. srcHist=1 dstHist=0

#ERR The histogram from element 929771328 differs. srcHist=1 dstHist=0

#ERR The histogram from element 929774465 differs. srcHist=1 dstHist=0

#ERR The histogram from element 929777963 differs. srcHist=1 dstHist=0

#ERR The histogram from element 929781689 differs. srcHist=1 dstHist=0

#ERR The histogram from element 929783451 differs. srcHist=1 dstHist=0

#ERR The histogram from element 929784202 differs. srcHist=1 dstHist=0

#ERR The histogram from element 929803176 differs. srcHist=1 dstHist=0

#ERR The histogram from element 929804897 differs. srcHist=1 dstHist=0

#ERR The histogram from element 929808112 differs. srcHist=1 dstHist=0

#ERR The histogram from element 929812356 differs. srcHist=1 dstHist=0

#ERR The histogram from element 929817730 differs. srcHist=1 dstHist=0

#ERR The histogram from element 929828075 differs. srcHist=1 dstHist=0

#ERR The histogram from element 929828913 differs. srcHist=1 dstHist=0

#ERR The histogram from element 929836062 differs. srcHist=1 dstHist=0

#ERR The histogram from element 929842763 differs. srcHist=1 dstHist=0

#ERR The histogram from element 929880530 differs. srcHist=1 dstHist=0

#ERR The histogram from element 929901743 differs. srcHist=1 dstHist=0

#ERR The histogram from element 929941133 differs. srcHist=1 dstHist=0

#ERR The histogram from element 929957084 differs. srcHist=1 dstHist=0

#ERR The histogram from element 929995291 differs. srcHist=1 dstHist=0

#ERR The histogram from element 930009830 differs. srcHist=1 dstHist=0

#ERR The histogram from element 482559515 differs. srcHist=1 dstHist=2

#ERR The histogram from element 482577180 differs. srcHist=1 dstHist=2

#ERR Elements not ordered. index=452437 926019944>925878740
#ERR Elements not ordered. index=452496 926136711>925947943
#ERR Elements not ordered. index=452500 926147310>925955287
#ERR Elements not ordered. index=452507 926160803>925983520
#ERR Elements not ordered. index=452511 926177289>926010706
#ERR Elements not ordered. index=452520 926195991>926069143
#ERR Elements not ordered. index=452523 926147554>926080252
#ERR Elements not ordered. index=452525 926150073>926087608
#ERR Elements not ordered. index=452529 926217724>926178705
#ERR Elements not ordered. index=452533 926220675>926206138
#ERR Elements not ordered. index=452535 926223231>926210958
#ERR Elements not ordered. index=452539 926232074>926225618
#ERR Elements not ordered. index=452541 926235936>926234585
#ERR Elements not ordered. index=452565 926288806>926220675
#ERR Elements not ordered. index=452567 926291199>926287864
#ERR Elements not ordered. index=452569 926294100>926235936
#ERR Elements not ordered. index=452570 926235936>925951220
#ERR Elements not ordered. index=452572 926302078>926291490
#ERR Elements not ordered. index=452573 926291490>926258581
#ERR Elements not ordered. index=452577 926310576>926280535
#ERR Elements not ordered. index=452585 926338828>926322485
#ERR Elements not ordered. index=452612 926448438>926370158
#ERR Elements not ordered. index=452615 926469349>926380137
#ERR Elements not ordered. index=452616 926380137>89680
#ERR Elements not ordered. index=452619 926503061>926391881
#ERR Elements not ordered. index=452621 926398202>661323364
#ERR Elements not ordered. index=452623 926420360>661333244
#ERR Elements not ordered. index=452625 661342061>482559515
#ERR Elements not ordered. index=452628 926429388>926235632
#ERR Elements not ordered. index=452638 926425478>926380393
#ERR Elements not ordered. index=452641 926449192>926433837
#ERR Elements not ordered. index=452644 926447033>926418086
#ERR Elements not ordered. index=452653 926523050>926475339
#ERR Elements not ordered. index=452654 926475339>926467824
#ERR Elements not ordered. index=452657 926477492>926451773
#ERR Elements not ordered. index=452665 926559815>926491976
#ERR Elements not ordered. index=452670 926575859>926507492
#ERR Elements not ordered. index=452675 926597254>926507492
#ERR Elements not ordered. index=452676 926507492>926503061
#ERR Elements not ordered. index=452681 926514539>926503061
#ERR Elements not ordered. index=452683 926517719>926504953
#ERR Elements not ordered. index=452688 926524984>926520696
#ERR Elements not ordered. index=452691 926639423>926557642
#ERR Elements not ordered. index=452694 926645803>926529193
#ERR Elements not ordered. index=452717 926570935>926562814
#ERR Elements not ordered. index=452724 926769897>926574172
#ERR Elements not ordered. index=452751 926747559>926627490
#ERR Elements not ordered. index=452809 926755776>926621958
#ERR Elements not ordered. index=452812 926757580>926629470
#ERR Elements not ordered. index=452815 926762755>926652897
#ERR Elements not ordered. index=452820 926775486>926764337
#ERR Elements not ordered. index=452823 926980562>926775135
#ERR Elements not ordered. index=452826 927030849>926779709
#ERR Elements not ordered. index=452829 927073742>926783978
#ERR Elements not ordered. index=452895 926943048>926912513
#ERR Elements not ordered. index=452900 926959156>926927355
#ERR Elements not ordered. index=452903 926975401>926934726
#ERR Elements not ordered. index=452906 926993830>926943691
#ERR Elements not ordered. index=452908 927025033>926947512
#ERR Elements not ordered. index=452913 927039997>926963602
#ERR Elements not ordered. index=452917 927068688>926691675
#ERR Elements not ordered. index=452924 926994206>926909925
#ERR Elements not ordered. index=452925 926909925>926746919
#ERR Elements not ordered. index=452929 927024484>926764492
#ERR Elements not ordered. index=452933 927025952>926822226
#ERR Elements not ordered. index=452935 926992360>926959156
#ERR Elements not ordered. index=452937 927040487>926967889
#ERR Elements not ordered. index=452940 927057474>926986236
#ERR Elements not ordered. index=452947 927182307>927025806
#ERR Elements not ordered. index=452949 927188613>927026941
#ERR Elements not ordered. index=452951 927097734>927033850
#ERR Elements not ordered. index=452961 927250235>927073742
#ERR Elements not ordered. index=452971 927307911>927098032
#ERR Elements not ordered. index=452980 927124619>927122371
#ERR Elements not ordered. index=452982 927360073>927124660
#ERR Elements not ordered. index=452998 927223152>927165901
#ERR Elements not ordered. index=453000 927178448>927167641
#ERR Elements not ordered. index=453006 927191536>788867
#ERR Elements not ordered. index=453009 927186072>671385
#ERR Elements not ordered. index=453011 955931>285059
#ERR Elements not ordered. index=453024 927295962>927214835
#ERR Elements not ordered. index=453880 928909715>644071612
#ERR Elements not ordered. index=453954 929066911>864138496
#ERR Elements not ordered. index=454060 929274938>929269162
#ERR Elements not ordered. index=454063 929281109>929273132
#ERR Elements not ordered. index=454065 929283403>929277008
#ERR Elements not ordered. index=454067 929289735>929278619
#ERR Elements not ordered. index=454070 929297706>929279464
#ERR Elements not ordered. index=454074 929316304>929282361
#ERR Elements not ordered. index=454081 929348852>929290723
#ERR Elements not ordered. index=454084 929357075>928945740
#ERR Elements not ordered. index=454091 929312792>929274938
#ERR Elements not ordered. index=454093 929315622>929278826
#ERR Elements not ordered. index=454097 929322124>929283787
#ERR Elements not ordered. index=454104 929339689>929314439
#ERR Elements not ordered. index=454108 929344287>929342301
#ERR Elements not ordered. index=454110 929345829>929344504
#ERR Elements not ordered. index=454178 929490487>929483910
#ERR Elements not ordered. index=454179 929483910>869555542
#ERR Elements not ordered. index=454181 929498739>929490487
#ERR Elements not ordered. index=454185 929508421>929498951
#ERR Elements not ordered. index=454187 929516264>929278619
#ERR Elements not ordered. index=454191 929539482>929280605
#ERR Elements not ordered. index=454196 929561878>929550170
#ERR Elements not ordered. index=454198 929552159>929539235
#ERR Elements not ordered. index=454201 929597289>929319785
#ERR Elements not ordered. index=454204 929546871>929328081
#ERR Elements not ordered. index=454209 929608306>929561878
#ERR Elements not ordered. index=454212 929587574>928945740
#ERR Elements not ordered. index=454215 929597431>929597289
#ERR Elements not ordered. index=454221 929607958>929380614
#ERR Elements not ordered. index=454225 929612127>929431450
#ERR Elements not ordered. index=454228 929655999>929624659
#ERR Elements not ordered. index=454231 929664729>929632987
#ERR Elements not ordered. index=454234 929693993>929638648
#ERR Elements not ordered. index=454235 929638648>929633771
#ERR Elements not ordered. index=454238 929735379>929653599
#ERR Elements not ordered. index=454239 929653599>929639239
#ERR Elements not ordered. index=454241 929751889>929657254
#ERR Elements not ordered. index=454245 929762973>929608306
#ERR Elements not ordered. index=454248 929655999>929539482
#ERR Elements not ordered. index=454259 929694856>929676670
#ERR Elements not ordered. index=454263 929718211>929685416
#ERR Elements not ordered. index=454265 929730430>929693993
#ERR Elements not ordered. index=454267 929740734>929695278
#ERR Elements not ordered. index=454268 929695278>929117810
#ERR Elements not ordered. index=454270 929747425>929163811
#ERR Elements not ordered. index=454272 929703120>929460182
#ERR Elements not ordered. index=454287 929934992>929611623
#ERR Elements not ordered. index=454289 929941878>929614768
#ERR Elements not ordered. index=454291 929990760>929643038
#ERR Elements not ordered. index=454422 930000643>930311
