#HEADER size:1048576
#BEGIN Y:2016 M:09 D:12 Time:22:03:27
#IT Ite:0 KerTime:2.792084 AccTime:2.792084
#ERR The histogram from element 33 differs. srcHist=0 dstHist=1

#ERR The histogram from element 10112 differs. srcHist=0 dstHist=1

#ERR The histogram from element 20085 differs. srcHist=0 dstHist=1

#ERR The histogram from element 732452 differs. srcHist=0 dstHist=1

#ERR The histogram from element 734066 differs. srcHist=0 dstHist=1

#ERR The histogram from element 755402 differs. srcHist=0 dstHist=1

#ERR The histogram from element 784095 differs. srcHist=0 dstHist=1

#ERR The histogram from element 902822 differs. srcHist=0 dstHist=1

#ERR The histogram from element 917082 differs. srcHist=0 dstHist=1

#ERR The histogram from element 1234600036 differs. srcHist=1 dstHist=2

#ERR The histogram from element 1274234860 differs. srcHist=1 dstHist=2

#ERR The histogram from element 1274947867 differs. srcHist=1 dstHist=2

#ERR The histogram from element 1274950832 differs. srcHist=1 dstHist=2

#ERR The histogram from element 1274954224 differs. srcHist=1 dstHist=2

#ERR The histogram from element 1274967475 differs. srcHist=1 dstHist=2

#ERR The histogram from element 1274981772 differs. srcHist=1 dstHist=2

#ERR The histogram from element 1274994933 differs. srcHist=1 dstHist=2

#ERR The histogram from element 1275009136 differs. srcHist=1 dstHist=2

#ERR The histogram from element 1275026545 differs. srcHist=1 dstHist=2

#ERR The histogram from element 1275033380 differs. srcHist=1 dstHist=2

#ERR The histogram from element 1275043283 differs. srcHist=1 dstHist=2

#ERR The histogram from element 1275048800 differs. srcHist=1 dstHist=2

#ERR The histogram from element 1275087036 differs. srcHist=1 dstHist=2

#ERR The histogram from element 1275093101 differs. srcHist=1 dstHist=2

#ERR The histogram from element 1275094216 differs. srcHist=1 dstHist=0

#ERR The histogram from element 1275095014 differs. srcHist=1 dstHist=2

#ERR The histogram from element 1275100217 differs. srcHist=1 dstHist=0

#ERR The histogram from element 1275102368 differs. srcHist=1 dstHist=0

#ERR The histogram from element 1275111659 differs. srcHist=1 dstHist=0

#ERR The histogram from element 1275112086 differs. srcHist=1 dstHist=0

#ERR The histogram from element 1275115412 differs. srcHist=1 dstHist=0

#ERR The histogram from element 1275125694 differs. srcHist=1 dstHist=0

#ERR The histogram from element 1275125793 differs. srcHist=1 dstHist=0

#ERR The histogram from element 1275126828 differs. srcHist=1 dstHist=0

#ERR The histogram from element 1275127662 differs. srcHist=1 dstHist=2

#ERR The histogram from element 1275129024 differs. srcHist=1 dstHist=0

#ERR The histogram from element 1275129702 differs. srcHist=1 dstHist=0

#ERR The histogram from element 1275132408 differs. srcHist=1 dstHist=2

#ERR The histogram from element 1275134366 differs. srcHist=1 dstHist=0

#ERR The histogram from element 1275134499 differs. srcHist=1 dstHist=0

#ERR The histogram from element 1275135042 differs. srcHist=1 dstHist=0

#ERR The histogram from element 1275138152 differs. srcHist=1 dstHist=0

#ERR The histogram from element 1275139664 differs. srcHist=1 dstHist=0

#ERR The histogram from element 1275150230 differs. srcHist=1 dstHist=0

#ERR The histogram from element 1275152707 differs. srcHist=1 dstHist=0

#ERR The histogram from element 1275153329 differs. srcHist=1 dstHist=0

#ERR The histogram from element 1275157905 differs. srcHist=1 dstHist=2

#ERR The histogram from element 1275159741 differs. srcHist=1 dstHist=0

#ERR The histogram from element 1275162255 differs. srcHist=1 dstHist=2

#ERR The histogram from element 1275181417 differs. srcHist=1 dstHist=2

#ERR The histogram from element 1275181738 differs. srcHist=1 dstHist=2

#ERR The histogram from element 1275201287 differs. srcHist=1 dstHist=2

#ERR The histogram from element 1275216647 differs. srcHist=1 dstHist=0

#ERR The histogram from element 1275229369 differs. srcHist=1 dstHist=0

#ERR The histogram from element 1275230968 differs. srcHist=1 dstHist=2

#ERR The histogram from element 1275233116 differs. srcHist=1 dstHist=2

#ERR The histogram from element 1275234792 differs. srcHist=1 dstHist=0

#ERR The histogram from element 1275234840 differs. srcHist=1 dstHist=0

#ERR The histogram from element 1275237950 differs. srcHist=1 dstHist=0

#ERR The histogram from element 1275254201 differs. srcHist=1 dstHist=0

#ERR The histogram from element 1275258161 differs. srcHist=1 dstHist=2

#ERR The histogram from element 1275289493 differs. srcHist=1 dstHist=2

#ERR The histogram from element 1275297548 differs. srcHist=1 dstHist=2

#ERR The histogram from element 1275311301 differs. srcHist=1 dstHist=2

#ERR The histogram from element 1275326696 differs. srcHist=1 dstHist=0

#ERR The histogram from element 1275329300 differs. srcHist=1 dstHist=0

#ERR The histogram from element 1275339568 differs. srcHist=1 dstHist=0

#ERR The histogram from element 1275340409 differs. srcHist=1 dstHist=0

#ERR The histogram from element 1275379675 differs. srcHist=1 dstHist=0

#ERR The histogram from element 1275412987 differs. srcHist=1 dstHist=0

#ERR The histogram from element 1275447555 differs. srcHist=1 dstHist=0

#ERR The histogram from element 1275457764 differs. srcHist=1 dstHist=0

#ERR The histogram from element 1275461490 differs. srcHist=1 dstHist=2

#ERR The histogram from element 1275462704 differs. srcHist=1 dstHist=0

#ERR The histogram from element 1275464535 differs. srcHist=1 dstHist=0

#ERR The histogram from element 1275761761 differs. srcHist=1 dstHist=2

#ERR The histogram from element 1276007730 differs. srcHist=1 dstHist=0

#ERR The histogram from element 1276036110 differs. srcHist=1 dstHist=2

#ERR The histogram from element 1276036195 differs. srcHist=1 dstHist=2

#ERR The histogram from element 1276040205 differs. srcHist=1 dstHist=2

#ERR The histogram from element 1276058151 differs. srcHist=1 dstHist=2

#ERR The histogram from element 1276066537 differs. srcHist=1 dstHist=2

#ERR The histogram from element 1276069136 differs. srcHist=1 dstHist=2

#ERR The histogram from element 1276071152 differs. srcHist=1 dstHist=2

#ERR The histogram from element 1276075056 differs. srcHist=1 dstHist=2

#ERR The histogram from element 1276084987 differs. srcHist=1 dstHist=2

#ERR The histogram from element 1276085802 differs. srcHist=1 dstHist=2

#ERR The histogram from element 1276088720 differs. srcHist=1 dstHist=2

#ERR The histogram from element 1276098330 differs. srcHist=1 dstHist=2

#ERR The histogram from element 1276108692 differs. srcHist=1 dstHist=2

#ERR The histogram from element 1276110199 differs. srcHist=1 dstHist=2

#ERR The histogram from element 1276111987 differs. srcHist=1 dstHist=2

#ERR The histogram from element 1276112029 differs. srcHist=1 dstHist=2

#ERR The histogram from element 1276112456 differs. srcHist=1 dstHist=2

#ERR The histogram from element 1276112520 differs. srcHist=1 dstHist=2

#ERR The histogram from element 1276134978 differs. srcHist=1 dstHist=2

#ERR The histogram from element 1276148570 differs. srcHist=1 dstHist=0

#ERR The histogram from element 1276180806 differs. srcHist=1 dstHist=0

#ERR The histogram from element 1276188374 differs. srcHist=1 dstHist=0

#ERR The histogram from element 1276193190 differs. srcHist=1 dstHist=0

#ERR The histogram from element 1276193490 differs. srcHist=1 dstHist=0

#ERR The histogram from element 1276195770 differs. srcHist=1 dstHist=0

#ERR The histogram from element 1276221930 differs. srcHist=1 dstHist=0

#ERR The histogram from element 1276258368 differs. srcHist=1 dstHist=0

#ERR The histogram from element 1276259915 differs. srcHist=1 dstHist=2

#ERR The histogram from element 1276261900 differs. srcHist=1 dstHist=0

#ERR The histogram from element 1276265685 differs. srcHist=1 dstHist=0

#ERR The histogram from element 1276266293 differs. srcHist=1 dstHist=0

#ERR The histogram from element 1276271837 differs. srcHist=1 dstHist=0

#ERR The histogram from element 1276277308 differs. srcHist=1 dstHist=0

#ERR The histogram from element 1276278414 differs. srcHist=1 dstHist=0

#ERR The histogram from element 1276286352 differs. srcHist=1 dstHist=0

#ERR The histogram from element 1276288859 differs. srcHist=1 dstHist=0

#ERR The histogram from element 1276289242 differs. srcHist=1 dstHist=0

#ERR The histogram from element 1276298342 differs. srcHist=1 dstHist=2

#ERR The histogram from element 1276301935 differs. srcHist=1 dstHist=0

#ERR The histogram from element 1276306535 differs. srcHist=1 dstHist=0

#ERR The histogram from element 1276313197 differs. srcHist=1 dstHist=0

#ERR The histogram from element 1276340956 differs. srcHist=1 dstHist=0

#ERR The histogram from element 1276350154 differs. srcHist=1 dstHist=2

#ERR The histogram from element 1276378229 differs. srcHist=1 dstHist=0

#ERR The histogram from element 1276392947 differs. srcHist=1 dstHist=2

#ERR The histogram from element 1276493629 differs. srcHist=1 dstHist=0

#ERR The histogram from element 1276510412 differs. srcHist=1 dstHist=0

#ERR The histogram from element 1276543163 differs. srcHist=1 dstHist=0

#ERR The histogram from element 1276562984 differs. srcHist=1 dstHist=0

#ERR The histogram from element 1276570846 differs. srcHist=1 dstHist=0

#ERR The histogram from element 939145092 differs. srcHist=1 dstHist=2

#ERR Elements not ordered. index=622887 1274967475>1274950832
#ERR Elements not ordered. index=622892 1274981772>1274961973
#ERR Elements not ordered. index=622895 1274994933>1274969812
#ERR Elements not ordered. index=622898 1275009136>1274971367
#ERR Elements not ordered. index=622902 1275033380>1274981532
#ERR Elements not ordered. index=622906 1275048800>1274982116
#ERR Elements not ordered. index=622912 1275095014>1274995425
#ERR Elements not ordered. index=622920 1275132408>1275018215
#ERR Elements not ordered. index=622923 1275144540>1275025318
#ERR Elements not ordered. index=622926 1275162255>1275034411
#ERR Elements not ordered. index=622931 1275201287>1275049208
#ERR Elements not ordered. index=622935 1275233116>1275056929
#ERR Elements not ordered. index=622938 1275258161>1275069275
#ERR Elements not ordered. index=622946 1275311301>10112
#ERR Elements not ordered. index=622950 1275098259>33
#ERR Elements not ordered. index=622985 1275131709>1275127662
#ERR Elements not ordered. index=622987 1275172116>1275132408
#ERR Elements not ordered. index=622991 1275182317>1275151902
#ERR Elements not ordered. index=622997 1275202752>1275181417
#ERR Elements not ordered. index=623002 1275200730>1234600036
#ERR Elements not ordered. index=623006 1275207748>1275205642
#ERR Elements not ordered. index=623008 1275230968>1275207522
#ERR Elements not ordered. index=623010 1275233116>1275216759
#ERR Elements not ordered. index=623012 1275238024>1275230968
#ERR Elements not ordered. index=623013 1275230968>1274947867
#ERR Elements not ordered. index=623049 1275339717>1275333764
#ERR Elements not ordered. index=623052 1275348028>1275111191
#ERR Elements not ordered. index=623054 1275341398>1275111917
#ERR Elements not ordered. index=623057 1275347783>1275121041
#ERR Elements not ordered. index=623073 1275761761>1275380426
#ERR Elements not ordered. index=623112 1275461490>902822
#ERR Elements not ordered. index=623116 1275470681>1275461490
#ERR Elements not ordered. index=623485 1276178646>939145092
#ERR Elements not ordered. index=623487 1276187644>732452
#ERR Elements not ordered. index=623489 755402>734066
#ERR Elements not ordered. index=623491 1276194249>784095
#ERR Elements not ordered. index=623537 1276261222>1276036110
#ERR Elements not ordered. index=623541 1276269713>1276058151
#ERR Elements not ordered. index=623546 1276298342>1276075056
#ERR Elements not ordered. index=623549 1276298342>1276084987
#ERR Elements not ordered. index=623554 1276308654>1276108692
#ERR Elements not ordered. index=623562 1276372360>1276134978
#ERR Elements not ordered. index=623569 1276475756>1276326461
#ERR Elements not ordered. index=623575 1276559053>1276350154
#ERR Elements not ordered. index=623577 1276571773>1276488089
#ERR Elements not ordered. index=623578 1276488089>1276303208
#ERR Elements not ordered. index=623580 1276376803>1276308646
#ERR Elements not ordered. index=623584 1276392947>1276313883
