#HEADER size:1048576
#BEGIN Y:2016 M:09 D:13 Time:04:26:20
#IT Ite:0 KerTime:2.791479 AccTime:2.791479
#ERR The histogram from element 251034 differs. srcHist=0 dstHist=1

#ERR The histogram from element 615471 differs. srcHist=0 dstHist=1

#ERR The histogram from element 923809 differs. srcHist=0 dstHist=1

#ERR The histogram from element 131174510 differs. srcHist=1 dstHist=2

#ERR The histogram from element 131180895 differs. srcHist=1 dstHist=2

#ERR The histogram from element 131188083 differs. srcHist=1 dstHist=2

#ERR The histogram from element 140189128 differs. srcHist=1 dstHist=2

#ERR The histogram from element 209828190 differs. srcHist=1 dstHist=2

#ERR The histogram from element 209866570 differs. srcHist=1 dstHist=2

#ERR The histogram from element 282347261 differs. srcHist=1 dstHist=2

#ERR The histogram from element 282754725 differs. srcHist=1 dstHist=2

#ERR The histogram from element 282763412 differs. srcHist=1 dstHist=0

#ERR The histogram from element 282852416 differs. srcHist=1 dstHist=0

#ERR The histogram from element 282862708 differs. srcHist=1 dstHist=0

#ERR The histogram from element 282999729 differs. srcHist=1 dstHist=0

#ERR The histogram from element 283142294 differs. srcHist=1 dstHist=2

#ERR The histogram from element 283164160 differs. srcHist=1 dstHist=0

#ERR The histogram from element 283203680 differs. srcHist=1 dstHist=0

#ERR The histogram from element 283288650 differs. srcHist=1 dstHist=2

#ERR The histogram from element 284243504 differs. srcHist=1 dstHist=2

#ERR The histogram from element 284268324 differs. srcHist=1 dstHist=2

#ERR The histogram from element 284823421 differs. srcHist=1 dstHist=2

#ERR The histogram from element 284833249 differs. srcHist=1 dstHist=2

#ERR The histogram from element 284847288 differs. srcHist=1 dstHist=2

#ERR The histogram from element 284853102 differs. srcHist=1 dstHist=2

#ERR The histogram from element 284859312 differs. srcHist=1 dstHist=2

#ERR The histogram from element 284874815 differs. srcHist=1 dstHist=2

#ERR The histogram from element 284892470 differs. srcHist=1 dstHist=2

#ERR The histogram from element 284893835 differs. srcHist=1 dstHist=2

#ERR The histogram from element 284947805 differs. srcHist=1 dstHist=0

#ERR The histogram from element 284950996 differs. srcHist=1 dstHist=0

#ERR The histogram from element 284965214 differs. srcHist=1 dstHist=0

#ERR The histogram from element 284965375 differs. srcHist=1 dstHist=0

#ERR The histogram from element 284974421 differs. srcHist=1 dstHist=2

#ERR The histogram from element 284993731 differs. srcHist=1 dstHist=0

#ERR The histogram from element 284996652 differs. srcHist=1 dstHist=0

#ERR The histogram from element 284997816 differs. srcHist=1 dstHist=0

#ERR The histogram from element 285003287 differs. srcHist=1 dstHist=0

#ERR The histogram from element 285009886 differs. srcHist=1 dstHist=0

#ERR The histogram from element 285046246 differs. srcHist=1 dstHist=0

#ERR The histogram from element 285052083 differs. srcHist=1 dstHist=0

#ERR The histogram from element 285053105 differs. srcHist=1 dstHist=2

#ERR The histogram from element 285064460 differs. srcHist=1 dstHist=0

#ERR The histogram from element 285072591 differs. srcHist=1 dstHist=2

#ERR The histogram from element 285082245 differs. srcHist=1 dstHist=2

#ERR The histogram from element 285090190 differs. srcHist=1 dstHist=2

#ERR The histogram from element 285093085 differs. srcHist=1 dstHist=0

#ERR The histogram from element 285097473 differs. srcHist=1 dstHist=2

#ERR The histogram from element 285104941 differs. srcHist=1 dstHist=2

#ERR The histogram from element 285105792 differs. srcHist=1 dstHist=0

#ERR The histogram from element 285107059 differs. srcHist=1 dstHist=0

#ERR The histogram from element 285109112 differs. srcHist=1 dstHist=0

#ERR The histogram from element 285109175 differs. srcHist=1 dstHist=0

#ERR The histogram from element 285113958 differs. srcHist=1 dstHist=0

#ERR The histogram from element 285116697 differs. srcHist=1 dstHist=0

#ERR The histogram from element 285134845 differs. srcHist=1 dstHist=0

#ERR The histogram from element 285135803 differs. srcHist=1 dstHist=0

#ERR The histogram from element 285176342 differs. srcHist=1 dstHist=2

#ERR The histogram from element 285191549 differs. srcHist=1 dstHist=2

#ERR The histogram from element 285193454 differs. srcHist=1 dstHist=2

#ERR The histogram from element 285240505 differs. srcHist=1 dstHist=0

#ERR The histogram from element 285242081 differs. srcHist=1 dstHist=0

#ERR The histogram from element 285250913 differs. srcHist=1 dstHist=0

#ERR The histogram from element 285268162 differs. srcHist=1 dstHist=0

#ERR The histogram from element 285283935 differs. srcHist=1 dstHist=0

#ERR The histogram from element 285284720 differs. srcHist=1 dstHist=0

#ERR The histogram from element 285285851 differs. srcHist=1 dstHist=2

#ERR The histogram from element 285288956 differs. srcHist=1 dstHist=0

#ERR The histogram from element 285290086 differs. srcHist=1 dstHist=2

#ERR The histogram from element 285295881 differs. srcHist=1 dstHist=0

#ERR The histogram from element 285304267 differs. srcHist=1 dstHist=0

#ERR The histogram from element 285310475 differs. srcHist=1 dstHist=0

#ERR The histogram from element 285312562 differs. srcHist=1 dstHist=0

#ERR The histogram from element 285325415 differs. srcHist=1 dstHist=0

#ERR The histogram from element 285334699 differs. srcHist=1 dstHist=0

#ERR The histogram from element 285341920 differs. srcHist=1 dstHist=0

#ERR The histogram from element 285374595 differs. srcHist=1 dstHist=2

#ERR The histogram from element 285381709 differs. srcHist=1 dstHist=0

#ERR The histogram from element 285393538 differs. srcHist=1 dstHist=2

#ERR The histogram from element 285397231 differs. srcHist=1 dstHist=0

#ERR The histogram from element 285418852 differs. srcHist=1 dstHist=0

#ERR The histogram from element 285431528 differs. srcHist=1 dstHist=0

#ERR The histogram from element 285464899 differs. srcHist=1 dstHist=2

#ERR The histogram from element 285478281 differs. srcHist=1 dstHist=2

#ERR The histogram from element 285492970 differs. srcHist=1 dstHist=2

#ERR The histogram from element 285501968 differs. srcHist=1 dstHist=2

#ERR The histogram from element 285502415 differs. srcHist=1 dstHist=2

#ERR The histogram from element 285523278 differs. srcHist=1 dstHist=0

#ERR The histogram from element 285534135 differs. srcHist=1 dstHist=2

#ERR The histogram from element 285536256 differs. srcHist=1 dstHist=2

#ERR The histogram from element 285577404 differs. srcHist=1 dstHist=0

#ERR The histogram from element 285592137 differs. srcHist=1 dstHist=2

#ERR The histogram from element 285633200 differs. srcHist=1 dstHist=2

#ERR The histogram from element 285641597 differs. srcHist=1 dstHist=2

#ERR The histogram from element 285669083 differs. srcHist=1 dstHist=2

#ERR The histogram from element 285781355 differs. srcHist=1 dstHist=0

#ERR The histogram from element 285821505 differs. srcHist=1 dstHist=0

#ERR The histogram from element 286838064 differs. srcHist=1 dstHist=2

#ERR Elements not ordered. index=137815 282760239>282347261
#ERR Elements not ordered. index=137856 282846920>615471
#ERR Elements not ordered. index=137861 282858568>282855401
#ERR Elements not ordered. index=137968 283142294>283087392
#ERR Elements not ordered. index=138032 283203399>282754725
#ERR Elements not ordered. index=138046 283288650>283230364
#ERR Elements not ordered. index=138047 283230364>283227099
#ERR Elements not ordered. index=138879 285090190>284951448
#ERR Elements not ordered. index=138888 284976292>284965505
#ERR Elements not ordered. index=138896 284991236>284975607
#ERR Elements not ordered. index=138908 285048921>285004238
#ERR Elements not ordered. index=138910 285053105>209828190
#ERR Elements not ordered. index=138919 285087826>285049338
#ERR Elements not ordered. index=138922 285092459>285055597
#ERR Elements not ordered. index=138930 285104941>209866570
#ERR Elements not ordered. index=138933 285107458>285082924
#ERR Elements not ordered. index=138936 285086773>284823421
#ERR Elements not ordered. index=138938 285118092>285089383
#ERR Elements not ordered. index=138939 285089383>284833249
#ERR Elements not ordered. index=138941 285125787>284847288
#ERR Elements not ordered. index=138943 285144766>285096149
#ERR Elements not ordered. index=138944 285096149>284853102
#ERR Elements not ordered. index=138948 285193454>284859312
#ERR Elements not ordered. index=138950 285208794>285105022
#ERR Elements not ordered. index=138951 285105022>284874815
#ERR Elements not ordered. index=138957 285290086>285112905
#ERR Elements not ordered. index=138959 285307451>285117993
#ERR Elements not ordered. index=138964 285134587>285124379
#ERR Elements not ordered. index=139005 285364491>140189128
#ERR Elements not ordered. index=139007 285374595>285127736
#ERR Elements not ordered. index=139011 285134755>131174510
#ERR Elements not ordered. index=139013 285141936>131180895
#ERR Elements not ordered. index=139015 285147125>131188083
#ERR Elements not ordered. index=139019 285164318>284974421
#ERR Elements not ordered. index=139021 285172981>284984242
#ERR Elements not ordered. index=139024 285191549>285002853
#ERR Elements not ordered. index=139028 285203591>285053105
#ERR Elements not ordered. index=139032 285223228>285082245
#ERR Elements not ordered. index=139041 285464899>285152939
#ERR Elements not ordered. index=139044 285478281>285176342
#ERR Elements not ordered. index=139048 285492970>285216153
#ERR Elements not ordered. index=139054 285502415>285285851
#ERR Elements not ordered. index=139058 285324708>285305154
#ERR Elements not ordered. index=139062 285536256>285311122
#ERR Elements not ordered. index=139065 285316386>284268324
#ERR Elements not ordered. index=139068 285355785>285335819
#ERR Elements not ordered. index=139077 285592137>285373531
#ERR Elements not ordered. index=139084 285633200>285393538
#ERR Elements not ordered. index=139089 285669083>285404212
#ERR Elements not ordered. index=139092 285421252>285419213
#ERR Elements not ordered. index=139151 285537837>285191549
#ERR Elements not ordered. index=139173 285641597>285579043
#ERR Elements not ordered. index=139272 285785656>251034
#ERR Elements not ordered. index=139292 286838064>285823759
#ERR The link between Val and Key arrays in incorrect. index=137857 wrong_key=615471 val=837140 correct_key_pointed_by_val=2113942519
#ERR The link between Val and Key arrays in incorrect. index=137858 wrong_key=923809 val=723755 correct_key_pointed_by_val=2113949538
#ERR The link between Val and Key arrays in incorrect. index=138956 wrong_key=285285851 val=1043746 correct_key_pointed_by_val=285109112
#ERR The link between Val and Key arrays in incorrect. index=138957 wrong_key=285290086 val=904354 correct_key_pointed_by_val=285109175
