#HEADER size:1048576
#BEGIN Y:2016 M:09 D:13 Time:03:20:36
#IT Ite:0 KerTime:2.795539 AccTime:2.795539
#ERR The histogram from element 51269 differs. srcHist=0 dstHist=1

#ERR The histogram from element 77858 differs. srcHist=0 dstHist=1

#ERR The histogram from element 575446 differs. srcHist=0 dstHist=1

#ERR The histogram from element 591531 differs. srcHist=0 dstHist=1

#ERR The histogram from element 616272 differs. srcHist=0 dstHist=1

#ERR The histogram from element 684938 differs. srcHist=0 dstHist=1

#ERR The histogram from element 848341 differs. srcHist=0 dstHist=1

#ERR The histogram from element 894371 differs. srcHist=0 dstHist=1

#ERR The histogram from element 993552 differs. srcHist=0 dstHist=1

#ERR The histogram from element 1061579674 differs. srcHist=1 dstHist=2

#ERR The histogram from element 1061608158 differs. srcHist=1 dstHist=2

#ERR The histogram from element 1061609893 differs. srcHist=1 dstHist=0

#ERR The histogram from element 1061768398 differs. srcHist=1 dstHist=0

#ERR The histogram from element 1061792658 differs. srcHist=1 dstHist=0

#ERR The histogram from element 1061812847 differs. srcHist=1 dstHist=0

#ERR The histogram from element 1061833957 differs. srcHist=1 dstHist=2

#ERR The histogram from element 1063341308 differs. srcHist=1 dstHist=2

#ERR The histogram from element 1063934769 differs. srcHist=1 dstHist=0

#ERR The histogram from element 1063940597 differs. srcHist=1 dstHist=0

#ERR The histogram from element 1063942656 differs. srcHist=1 dstHist=0

#ERR The histogram from element 1063949096 differs. srcHist=1 dstHist=2

#ERR The histogram from element 1063949976 differs. srcHist=1 dstHist=2

#ERR The histogram from element 1063952090 differs. srcHist=1 dstHist=2

#ERR The histogram from element 1063952668 differs. srcHist=1 dstHist=0

#ERR The histogram from element 1063954018 differs. srcHist=1 dstHist=0

#ERR The histogram from element 1063957741 differs. srcHist=1 dstHist=0

#ERR The histogram from element 1063966455 differs. srcHist=1 dstHist=2

#ERR The histogram from element 1063984833 differs. srcHist=1 dstHist=2

#ERR The histogram from element 1063993532 differs. srcHist=1 dstHist=0

#ERR The histogram from element 1063994574 differs. srcHist=1 dstHist=0

#ERR The histogram from element 1063995273 differs. srcHist=1 dstHist=0

#ERR The histogram from element 1064011364 differs. srcHist=1 dstHist=0

#ERR The histogram from element 1064018462 differs. srcHist=1 dstHist=0

#ERR The histogram from element 1064021367 differs. srcHist=1 dstHist=0

#ERR The histogram from element 1064022834 differs. srcHist=1 dstHist=0

#ERR The histogram from element 1064026065 differs. srcHist=1 dstHist=0

#ERR The histogram from element 1064035278 differs. srcHist=1 dstHist=0

#ERR The histogram from element 1064040834 differs. srcHist=1 dstHist=0

#ERR The histogram from element 1064040907 differs. srcHist=1 dstHist=0

#ERR The histogram from element 1064044724 differs. srcHist=1 dstHist=0

#ERR The histogram from element 1064050834 differs. srcHist=1 dstHist=0

#ERR The histogram from element 1064052938 differs. srcHist=1 dstHist=0

#ERR The histogram from element 1064064935 differs. srcHist=1 dstHist=0

#ERR The histogram from element 1064074437 differs. srcHist=1 dstHist=0

#ERR The histogram from element 1064078235 differs. srcHist=1 dstHist=0

#ERR The histogram from element 1064080831 differs. srcHist=1 dstHist=2

#ERR The histogram from element 1064085688 differs. srcHist=1 dstHist=2

#ERR The histogram from element 1064092745 differs. srcHist=1 dstHist=2

#ERR The histogram from element 1064201225 differs. srcHist=1 dstHist=2

#ERR The histogram from element 1064201690 differs. srcHist=1 dstHist=3

#ERR The histogram from element 1064214502 differs. srcHist=1 dstHist=3

#ERR The histogram from element 1064217716 differs. srcHist=1 dstHist=3

#ERR The histogram from element 1064222639 differs. srcHist=1 dstHist=2

#ERR The histogram from element 1064226481 differs. srcHist=1 dstHist=0

#ERR The histogram from element 1064257414 differs. srcHist=1 dstHist=0

#ERR The histogram from element 1064266539 differs. srcHist=1 dstHist=2

#ERR The histogram from element 1064271551 differs. srcHist=1 dstHist=2

#ERR The histogram from element 1064271569 differs. srcHist=1 dstHist=2

#ERR The histogram from element 1064275542 differs. srcHist=1 dstHist=2

#ERR The histogram from element 1064278092 differs. srcHist=1 dstHist=2

#ERR The histogram from element 1064279247 differs. srcHist=1 dstHist=0

#ERR The histogram from element 1064330584 differs. srcHist=1 dstHist=2

#ERR The histogram from element 1064332717 differs. srcHist=1 dstHist=2

#ERR The histogram from element 1064339284 differs. srcHist=1 dstHist=3

#ERR The histogram from element 1064348226 differs. srcHist=1 dstHist=2

#ERR The histogram from element 1064352987 differs. srcHist=1 dstHist=2

#ERR The histogram from element 1064370867 differs. srcHist=1 dstHist=2

#ERR The histogram from element 1064377700 differs. srcHist=1 dstHist=2

#ERR The histogram from element 1064384836 differs. srcHist=1 dstHist=2

#ERR The histogram from element 1064395579 differs. srcHist=1 dstHist=2

#ERR The histogram from element 1064396790 differs. srcHist=1 dstHist=2

#ERR The histogram from element 1064403540 differs. srcHist=1 dstHist=2

#ERR The histogram from element 1064408663 differs. srcHist=1 dstHist=0

#ERR The histogram from element 1064411012 differs. srcHist=1 dstHist=2

#ERR The histogram from element 1064413077 differs. srcHist=1 dstHist=2

#ERR The histogram from element 1064433645 differs. srcHist=1 dstHist=2

#ERR The histogram from element 1064449596 differs. srcHist=1 dstHist=0

#ERR The histogram from element 1064451398 differs. srcHist=1 dstHist=0

#ERR The histogram from element 1064453094 differs. srcHist=1 dstHist=0

#ERR The histogram from element 1064455473 differs. srcHist=1 dstHist=0

#ERR The histogram from element 1064461163 differs. srcHist=1 dstHist=0

#ERR The histogram from element 1064492373 differs. srcHist=1 dstHist=2

#ERR The histogram from element 1064493563 differs. srcHist=1 dstHist=0

#ERR The histogram from element 1064494331 differs. srcHist=1 dstHist=0

#ERR The histogram from element 1064494929 differs. srcHist=1 dstHist=0

#ERR The histogram from element 1064503495 differs. srcHist=1 dstHist=0

#ERR The histogram from element 1064517145 differs. srcHist=1 dstHist=0

#ERR The histogram from element 1064520250 differs. srcHist=1 dstHist=0

#ERR The histogram from element 1064522192 differs. srcHist=1 dstHist=0

#ERR The histogram from element 1064526358 differs. srcHist=1 dstHist=2

#ERR The histogram from element 1064527594 differs. srcHist=1 dstHist=0

#ERR The histogram from element 1064536014 differs. srcHist=1 dstHist=2

#ERR The histogram from element 1064550444 differs. srcHist=1 dstHist=0

#ERR The histogram from element 1064554298 differs. srcHist=1 dstHist=0

#ERR The histogram from element 1064566251 differs. srcHist=1 dstHist=0

#ERR The histogram from element 1064574521 differs. srcHist=1 dstHist=2

#ERR The histogram from element 1064584399 differs. srcHist=1 dstHist=0

#ERR The histogram from element 1064587390 differs. srcHist=1 dstHist=0

#ERR The histogram from element 1064595493 differs. srcHist=1 dstHist=0

#ERR The histogram from element 1064600330 differs. srcHist=1 dstHist=0

#ERR The histogram from element 1064608896 differs. srcHist=1 dstHist=2

#ERR The histogram from element 1064610982 differs. srcHist=1 dstHist=0

#ERR The histogram from element 1064618339 differs. srcHist=1 dstHist=0

#ERR The histogram from element 1064625686 differs. srcHist=1 dstHist=0

#ERR The histogram from element 1064638707 differs. srcHist=1 dstHist=0

#ERR The histogram from element 1064647548 differs. srcHist=1 dstHist=0

#ERR The histogram from element 1064669513 differs. srcHist=1 dstHist=0

#ERR The histogram from element 1064670926 differs. srcHist=1 dstHist=0

#ERR The histogram from element 1064677623 differs. srcHist=1 dstHist=0

#ERR The histogram from element 1064677681 differs. srcHist=1 dstHist=0

#ERR The histogram from element 1064682452 differs. srcHist=1 dstHist=0

#ERR The histogram from element 1064686284 differs. srcHist=1 dstHist=0

#ERR The histogram from element 1064691602 differs. srcHist=1 dstHist=0

#ERR The histogram from element 1064693917 differs. srcHist=1 dstHist=0

#ERR The histogram from element 1064694249 differs. srcHist=1 dstHist=0

#ERR The histogram from element 1064697010 differs. srcHist=1 dstHist=0

#ERR The histogram from element 1064699657 differs. srcHist=1 dstHist=0

#ERR The histogram from element 1064706171 differs. srcHist=1 dstHist=0

#ERR The histogram from element 1064711491 differs. srcHist=1 dstHist=0

#ERR The histogram from element 1064718332 differs. srcHist=1 dstHist=0

#ERR The histogram from element 1064719312 differs. srcHist=1 dstHist=0

#ERR The histogram from element 1064723101 differs. srcHist=1 dstHist=2

#ERR The histogram from element 1064738722 differs. srcHist=1 dstHist=2

#ERR The histogram from element 1064740894 differs. srcHist=1 dstHist=0

#ERR The histogram from element 1064743895 differs. srcHist=1 dstHist=0

#ERR The histogram from element 1064768997 differs. srcHist=1 dstHist=0

#ERR The histogram from element 1066064793 differs. srcHist=1 dstHist=2

#ERR The histogram from element 875626666 differs. srcHist=1 dstHist=2

#ERR The histogram from element 875678474 differs. srcHist=1 dstHist=2

#ERR The histogram from element 875689166 differs. srcHist=1 dstHist=2

#ERR The histogram from element 875689857 differs. srcHist=1 dstHist=2

#ERR The histogram from element 1944016698 differs. srcHist=1 dstHist=2

#ERR The histogram from element 1944019428 differs. srcHist=1 dstHist=2

#ERR The histogram from element 1944026614 differs. srcHist=1 dstHist=2

#ERR The histogram from element 1944036025 differs. srcHist=1 dstHist=2

#ERR The histogram from element 933992530 differs. srcHist=1 dstHist=2

#ERR The histogram from element 963458681 differs. srcHist=1 dstHist=2

#ERR The histogram from element 963459962 differs. srcHist=1 dstHist=2

#ERR The histogram from element 963469744 differs. srcHist=1 dstHist=2

#ERR The histogram from element 963469853 differs. srcHist=1 dstHist=2

#ERR The histogram from element 963472254 differs. srcHist=1 dstHist=2

#ERR The histogram from element 980895526 differs. srcHist=1 dstHist=2

#ERR The histogram from element 980906228 differs. srcHist=1 dstHist=2

#ERR The histogram from element 980908200 differs. srcHist=1 dstHist=2

#ERR The histogram from element 980910334 differs. srcHist=1 dstHist=2

#ERR The histogram from element 980912687 differs. srcHist=1 dstHist=2

#ERR The histogram from element 980921245 differs. srcHist=1 dstHist=2

#ERR The histogram from element 980922963 differs. srcHist=1 dstHist=2

#ERR The histogram from element 980923317 differs. srcHist=1 dstHist=2

#ERR The histogram from element 980928877 differs. srcHist=1 dstHist=2

#ERR The histogram from element 980935294 differs. srcHist=1 dstHist=2

#ERR The histogram from element 980942589 differs. srcHist=1 dstHist=2

#ERR The histogram from element 2023893950 differs. srcHist=1 dstHist=2

#ERR The histogram from element 2084482272 differs. srcHist=1 dstHist=2

#ERR The histogram from element 2084483022 differs. srcHist=1 dstHist=2

#ERR The histogram from element 2084485732 differs. srcHist=1 dstHist=2

#ERR The histogram from element 2084493445 differs. srcHist=1 dstHist=2

#ERR The histogram from element 2084493836 differs. srcHist=1 dstHist=2

#ERR The histogram from element 2084493948 differs. srcHist=1 dstHist=2

#ERR The histogram from element 2084498163 differs. srcHist=1 dstHist=2

#ERR The histogram from element 2115725938 differs. srcHist=1 dstHist=2

#ERR The histogram from element 2115751391 differs. srcHist=1 dstHist=2

#ERR The histogram from element 2115757003 differs. srcHist=1 dstHist=2

#ERR The histogram from element 2116014191 differs. srcHist=1 dstHist=0

#ERR The histogram from element 2116022998 differs. srcHist=1 dstHist=0

#ERR The histogram from element 2116026074 differs. srcHist=1 dstHist=0

#ERR The histogram from element 2116069195 differs. srcHist=1 dstHist=0

#ERR The histogram from element 2116073179 differs. srcHist=1 dstHist=0

#ERR The histogram from element 2116073416 differs. srcHist=1 dstHist=0

#ERR The histogram from element 2116076069 differs. srcHist=1 dstHist=0

#ERR The histogram from element 2116076322 differs. srcHist=1 dstHist=0

#ERR The histogram from element 2116077408 differs. srcHist=1 dstHist=0

#ERR The histogram from element 2116079829 differs. srcHist=1 dstHist=0

#ERR The histogram from element 2116082453 differs. srcHist=1 dstHist=0

#ERR The histogram from element 2116087894 differs. srcHist=1 dstHist=0

#ERR The histogram from element 2116091634 differs. srcHist=1 dstHist=0

#ERR The histogram from element 2116093570 differs. srcHist=1 dstHist=0

#ERR The histogram from element 2116099616 differs. srcHist=1 dstHist=0

#ERR The histogram from element 2116103566 differs. srcHist=1 dstHist=0

#ERR The histogram from element 2116113032 differs. srcHist=1 dstHist=0

#ERR The histogram from element 2116122213 differs. srcHist=1 dstHist=2

#ERR The histogram from element 2116122842 differs. srcHist=1 dstHist=0

#ERR The histogram from element 2116122864 differs. srcHist=1 dstHist=0

#ERR The histogram from element 2116123333 differs. srcHist=1 dstHist=0

#ERR The histogram from element 2116126461 differs. srcHist=1 dstHist=2

#ERR The histogram from element 2116141988 differs. srcHist=1 dstHist=2

#ERR The histogram from element 2116159387 differs. srcHist=1 dstHist=2

#ERR The histogram from element 2116159641 differs. srcHist=1 dstHist=2

#ERR The histogram from element 2116168956 differs. srcHist=1 dstHist=2

#ERR The histogram from element 2116171469 differs. srcHist=1 dstHist=2

#ERR The histogram from element 2116176599 differs. srcHist=1 dstHist=2

#ERR The histogram from element 2116183003 differs. srcHist=1 dstHist=2

#ERR The histogram from element 2116190767 differs. srcHist=1 dstHist=2

#ERR The histogram from element 2116194895 differs. srcHist=1 dstHist=2

#ERR The histogram from element 2116198576 differs. srcHist=1 dstHist=2

#ERR The histogram from element 2116232716 differs. srcHist=1 dstHist=0

#ERR The histogram from element 2116313669 differs. srcHist=1 dstHist=2

#ERR The histogram from element 2116367495 differs. srcHist=1 dstHist=2

#ERR The histogram from element 2116373251 differs. srcHist=1 dstHist=2

#ERR The histogram from element 2116377579 differs. srcHist=1 dstHist=2

#ERR The histogram from element 2116603400 differs. srcHist=1 dstHist=2

#ERR The histogram from element 2116610195 differs. srcHist=1 dstHist=2

#ERR The histogram from element 2118413101 differs. srcHist=1 dstHist=2

#ERR The histogram from element 2118415979 differs. srcHist=1 dstHist=0

#ERR The histogram from element 2118420754 differs. srcHist=1 dstHist=2

#ERR The histogram from element 2118427809 differs. srcHist=1 dstHist=0

#ERR The histogram from element 2118434774 differs. srcHist=1 dstHist=2

#ERR The histogram from element 2118441645 differs. srcHist=1 dstHist=0

#ERR The histogram from element 2118450289 differs. srcHist=1 dstHist=2

#ERR The histogram from element 2118451713 differs. srcHist=1 dstHist=2

#ERR The histogram from element 2118463847 differs. srcHist=1 dstHist=2

#ERR The histogram from element 2118470999 differs. srcHist=1 dstHist=2

#ERR The histogram from element 2118471290 differs. srcHist=1 dstHist=2

#ERR The histogram from element 2118471619 differs. srcHist=1 dstHist=2

#ERR The histogram from element 2118475302 differs. srcHist=1 dstHist=2

#ERR The histogram from element 2118481969 differs. srcHist=1 dstHist=0

#ERR The histogram from element 2118482602 differs. srcHist=1 dstHist=2

#ERR The histogram from element 2118483958 differs. srcHist=1 dstHist=2

#ERR The histogram from element 2118489200 differs. srcHist=1 dstHist=2

#ERR The histogram from element 2118490354 differs. srcHist=1 dstHist=2

#ERR The histogram from element 2118493382 differs. srcHist=1 dstHist=2

#ERR The histogram from element 2118495550 differs. srcHist=1 dstHist=2

#ERR The histogram from element 2118509191 differs. srcHist=1 dstHist=2

#ERR The histogram from element 2118511810 differs. srcHist=1 dstHist=2

#ERR The histogram from element 2118514794 differs. srcHist=1 dstHist=0

#ERR The histogram from element 2118515687 differs. srcHist=1 dstHist=0

#ERR The histogram from element 2118520511 differs. srcHist=1 dstHist=0

#ERR The histogram from element 2118523822 differs. srcHist=1 dstHist=2

#ERR The histogram from element 2118533041 differs. srcHist=1 dstHist=0

#ERR The histogram from element 2118538061 differs. srcHist=1 dstHist=0

#ERR The histogram from element 2118540250 differs. srcHist=1 dstHist=2

#ERR The histogram from element 2118544790 differs. srcHist=1 dstHist=0

#ERR The histogram from element 2118545655 differs. srcHist=1 dstHist=0

#ERR The histogram from element 2118546071 differs. srcHist=1 dstHist=2

#ERR The histogram from element 2118546380 differs. srcHist=1 dstHist=2

#ERR The histogram from element 2118552380 differs. srcHist=1 dstHist=0

#ERR The histogram from element 2118553362 differs. srcHist=1 dstHist=0

#ERR The histogram from element 2118557645 differs. srcHist=1 dstHist=2

#ERR The histogram from element 2118571996 differs. srcHist=1 dstHist=2

#ERR The histogram from element 2118577304 differs. srcHist=1 dstHist=2

#ERR The histogram from element 2118578180 differs. srcHist=1 dstHist=0

#ERR The histogram from element 2118591794 differs. srcHist=1 dstHist=3

#ERR The histogram from element 2118595149 differs. srcHist=1 dstHist=3

#ERR The histogram from element 2118602036 differs. srcHist=1 dstHist=0

#ERR The histogram from element 2118614467 differs. srcHist=1 dstHist=0

#ERR The histogram from element 2118614812 differs. srcHist=1 dstHist=0

#ERR The histogram from element 2118618286 differs. srcHist=1 dstHist=0

#ERR The histogram from element 2118625023 differs. srcHist=1 dstHist=2

#ERR The histogram from element 2118625125 differs. srcHist=1 dstHist=0

#ERR The histogram from element 2118637526 differs. srcHist=1 dstHist=0

#ERR The histogram from element 2118641562 differs. srcHist=1 dstHist=0

#ERR The histogram from element 2118671173 differs. srcHist=1 dstHist=0

#ERR The histogram from element 2118674898 differs. srcHist=1 dstHist=0

#ERR The histogram from element 2118680787 differs. srcHist=1 dstHist=2

#ERR The histogram from element 2118685164 differs. srcHist=1 dstHist=0

#ERR The histogram from element 2118688870 differs. srcHist=1 dstHist=0

#ERR The histogram from element 2118699824 differs. srcHist=1 dstHist=2

#ERR The histogram from element 2118706414 differs. srcHist=1 dstHist=0

#ERR The histogram from element 2118706591 differs. srcHist=1 dstHist=2

#ERR The histogram from element 2118709179 differs. srcHist=1 dstHist=2

#ERR The histogram from element 2118721212 differs. srcHist=1 dstHist=2

#ERR The histogram from element 2118721460 differs. srcHist=1 dstHist=2

#ERR The histogram from element 2118723600 differs. srcHist=1 dstHist=0

#ERR The histogram from element 2118724410 differs. srcHist=1 dstHist=0

#ERR The histogram from element 2118731312 differs. srcHist=1 dstHist=2

#ERR The histogram from element 2118744305 differs. srcHist=1 dstHist=2

#ERR The histogram from element 2118744682 differs. srcHist=1 dstHist=2

#ERR The histogram from element 2118748192 differs. srcHist=1 dstHist=2

#ERR The histogram from element 2118755106 differs. srcHist=1 dstHist=3

#ERR The histogram from element 2118762164 differs. srcHist=1 dstHist=2

#ERR The histogram from element 2118765547 differs. srcHist=1 dstHist=0

#ERR The histogram from element 2118781373 differs. srcHist=1 dstHist=0

#ERR The histogram from element 2118782521 differs. srcHist=1 dstHist=0

#ERR The histogram from element 2118790083 differs. srcHist=1 dstHist=0

#ERR The histogram from element 2118796490 differs. srcHist=1 dstHist=0

#ERR The histogram from element 2118803405 differs. srcHist=1 dstHist=0

#ERR The histogram from element 2118806963 differs. srcHist=1 dstHist=0

#ERR The histogram from element 2118817006 differs. srcHist=1 dstHist=0

#ERR The histogram from element 2118817743 differs. srcHist=1 dstHist=0

#ERR The histogram from element 2118829757 differs. srcHist=1 dstHist=0

#ERR The histogram from element 2118832949 differs. srcHist=1 dstHist=0

#ERR The histogram from element 2118845143 differs. srcHist=1 dstHist=0

#ERR The histogram from element 2118845353 differs. srcHist=1 dstHist=0

#ERR The histogram from element 2118846910 differs. srcHist=1 dstHist=0

#ERR The histogram from element 2118849066 differs. srcHist=1 dstHist=0

#ERR The histogram from element 2118855495 differs. srcHist=1 dstHist=0

#ERR The histogram from element 2118856987 differs. srcHist=1 dstHist=0

#ERR The histogram from element 2118857234 differs. srcHist=1 dstHist=0

#ERR The histogram from element 2118864028 differs. srcHist=1 dstHist=0

#ERR The histogram from element 2118864840 differs. srcHist=1 dstHist=0

#ERR The histogram from element 2118870420 differs. srcHist=1 dstHist=0

#ERR The histogram from element 2118873610 differs. srcHist=1 dstHist=0

#ERR The histogram from element 2118880276 differs. srcHist=1 dstHist=0

#ERR The histogram from element 2118903359 differs. srcHist=1 dstHist=0

#ERR The histogram from element 2118905337 differs. srcHist=1 dstHist=0

#ERR The histogram from element 2118936205 differs. srcHist=1 dstHist=0

#ERR The histogram from element 2118937350 differs. srcHist=1 dstHist=0

#ERR The histogram from element 2118937636 differs. srcHist=1 dstHist=0

#ERR The histogram from element 2118939485 differs. srcHist=1 dstHist=0

#ERR The histogram from element 2118940586 differs. srcHist=1 dstHist=0

#ERR The histogram from element 2118944273 differs. srcHist=1 dstHist=0

#ERR The histogram from element 2118960397 differs. srcHist=1 dstHist=0

#ERR The histogram from element 2118966937 differs. srcHist=1 dstHist=0

#ERR The histogram from element 2118971823 differs. srcHist=1 dstHist=0

#ERR The histogram from element 2118976877 differs. srcHist=1 dstHist=2

#ERR The histogram from element 2118976933 differs. srcHist=1 dstHist=0

#ERR The histogram from element 2118988105 differs. srcHist=1 dstHist=0

#ERR The histogram from element 2118988838 differs. srcHist=1 dstHist=2

#ERR The histogram from element 2118993060 differs. srcHist=1 dstHist=2

#ERR The histogram from element 2118996470 differs. srcHist=1 dstHist=2

#ERR The histogram from element 2119028622 differs. srcHist=1 dstHist=0

#ERR The histogram from element 2119042533 differs. srcHist=1 dstHist=2

#ERR The histogram from element 2119199293 differs. srcHist=1 dstHist=2

#ERR Elements not ordered. index=1033020 2116011873>2115725938
#ERR Elements not ordered. index=518627 1061608402>993552
#ERR Elements not ordered. index=1033025 2116022426>2115751391
#ERR Elements not ordered. index=518705 1061762273>1061579674
#ERR Elements not ordered. index=1033027 2116025787>2115757003
#ERR Elements not ordered. index=518713 1061781950>1061608158
#ERR Elements not ordered. index=1033030 2116603400>2116036545
#ERR Elements not ordered. index=518729 1061833957>1061813218
#ERR Elements not ordered. index=1033033 2116126461>2116039494
#ERR Elements not ordered. index=519759 1063928770>933992530
#ERR Elements not ordered. index=1033036 2116141988>2116041503
#ERR Elements not ordered. index=519765 1063952090>875626666
#ERR Elements not ordered. index=1033039 2116159641>2116051609
#ERR Elements not ordered. index=519772 1063973889>875678474
#ERR Elements not ordered. index=1033042 2116171469>2116058392
#ERR Elements not ordered. index=519776 1063970844>1063942034
#ERR Elements not ordered. index=1033044 2116176599>2116061908
#ERR Elements not ordered. index=519778 1063960111>1063945227
#ERR Elements not ordered. index=1033049 2116198576>2116032547
#ERR Elements not ordered. index=519781 1063966126>1063949976
#ERR Elements not ordered. index=1033074 2116313669>2116099820
#ERR Elements not ordered. index=519784 1063969540>1063952675
#ERR Elements not ordered. index=1033087 2116377579>2116126461
#ERR Elements not ordered. index=519786 1063984833>1063962658
#ERR Elements not ordered. index=1033145 2116610195>2116232796
#ERR Elements not ordered. index=519790 1063985760>1063980064
#ERR Elements not ordered. index=1034261 2118421883>2118420947
#ERR Elements not ordered. index=519804 1064007773>1063341308
#ERR Elements not ordered. index=1034262 2118420947>2023893950
#ERR Elements not ordered. index=519807 1064012856>1064010675
#ERR Elements not ordered. index=1034281 2118595149>2118513701
#ERR Elements not ordered. index=519809 1064020613>980895526
#ERR Elements not ordered. index=1034282 2118513701>2118455198
#ERR Elements not ordered. index=519812 1064021784>980906228
#ERR Elements not ordered. index=1034298 2118731312>2118511810
#ERR Elements not ordered. index=519818 1064024229>980921245
#ERR Elements not ordered. index=1034299 2118511810>2118489468
#ERR Elements not ordered. index=519821 1064026331>980923317
#ERR Elements not ordered. index=1034326 2118680787>2118591794
#ERR Elements not ordered. index=519823 1064080831>980928877
#ERR Elements not ordered. index=1034327 2118591794>2118413101
#ERR Elements not ordered. index=519827 1064092745>980935294
#ERR Elements not ordered. index=1034329 2118595149>2118420754
#ERR Elements not ordered. index=519830 1064061852>980942589
#ERR Elements not ordered. index=1034331 2118699824>2118553399
#ERR Elements not ordered. index=519833 1064068404>1064024326
#ERR Elements not ordered. index=1034332 2118553399>2118425085
#ERR Elements not ordered. index=519835 1064075654>1064031557
#ERR Elements not ordered. index=1034335 2118709179>2118451713
#ERR Elements not ordered. index=519837 1064078159>1064045200
#ERR Elements not ordered. index=1034338 2118721460>2118463847
#ERR Elements not ordered. index=519841 1064082784>1064075848
#ERR Elements not ordered. index=1034344 2118744305>2118582573
#ERR Elements not ordered. index=519843 1064085688>1064083264
#ERR Elements not ordered. index=1034374 2118681901>1944016698
#ERR Elements not ordered. index=519911 1064348226>1064231361
#ERR Elements not ordered. index=1034378 2118706591>2118546002
#ERR Elements not ordered. index=519934 1064526358>1064282362
#ERR Elements not ordered. index=1034379 2118546002>1944036025
#ERR Elements not ordered. index=520015 1064444465>1064201225
#ERR Elements not ordered. index=1034380 1944036025>684938
#ERR Elements not ordered. index=520021 1064458160>1064222639
#ERR Elements not ordered. index=1034382 2118639771>2118549768
#ERR Elements not ordered. index=520028 1064492373>1064266539
#ERR Elements not ordered. index=1034383 2118549768>575446
#ERR Elements not ordered. index=520037 1064514836>1064330584
#ERR Elements not ordered. index=1034385 2118731312>77858
#ERR Elements not ordered. index=520039 1064517657>1064332717
#ERR Elements not ordered. index=1034388 2118744682>2118660113
#ERR Elements not ordered. index=520041 1064521625>1064339284
#ERR Elements not ordered. index=1034391 2118762164>2118565404
#ERR Elements not ordered. index=520044 1064526358>1064352987
#ERR Elements not ordered. index=1034392 2118565404>51269
#ERR Elements not ordered. index=520055 1064738722>1064396790
#ERR Elements not ordered. index=1034394 2118674422>2118575293
#ERR Elements not ordered. index=520060 1064762926>1064557691
#ERR Elements not ordered. index=1034396 2118675835>2118434774
#ERR Elements not ordered. index=520069 1064572387>963458681
#ERR Elements not ordered. index=1034400 2118680787>2118595149
#ERR Elements not ordered. index=520074 1064574718>963469744
#ERR Elements not ordered. index=1034402 2118598913>2118450289
#ERR Elements not ordered. index=520081 1064587334>1064536014
#ERR Elements not ordered. index=1034407 2118846010>2118470999
#ERR Elements not ordered. index=520085 1064594203>1064547769
#ERR Elements not ordered. index=1034412 2118700293>2118475302
#ERR Elements not ordered. index=520089 1064597811>1064555050
#ERR Elements not ordered. index=1034420 2118709179>2118509191
#ERR Elements not ordered. index=520094 1064605995>848341
#ERR Elements not ordered. index=1034425 2118721460>2118523822
#ERR Elements not ordered. index=520096 1064608896>591531
#ERR Elements not ordered. index=1034431 2118744305>2118660253
#ERR Elements not ordered. index=520099 1064618323>616272
#ERR Elements not ordered. index=1034434 2118750826>2118557645
#ERR Elements not ordered. index=520103 1064628976>1064586089
#ERR Elements not ordered. index=1034437 2118765126>2118571996
#ERR Elements not ordered. index=520105 1064632023>1064370867
#ERR Elements not ordered. index=1034448 2118706390>2118625023
#ERR Elements not ordered. index=520107 1064587677>1064377700
#ERR Elements not ordered. index=1034462 2118755106>2118739825
#ERR Elements not ordered. index=520111 1064647250>1064403540
#ERR Elements not ordered. index=1034473 2118818437>2118782336
#ERR Elements not ordered. index=520113 1064651714>1064411012
#ERR Elements not ordered. index=1034475 2118829914>2118783644
#ERR Elements not ordered. index=520117 1064662250>1064613051
#ERR Elements not ordered. index=1034494 2118860043>2118830076
#ERR Elements not ordered. index=520119 1064627275>1064433645
#ERR Elements not ordered. index=1034495 2118830076>2084482272
#ERR Elements not ordered. index=520128 1064660972>1064660695
#ERR Elements not ordered. index=1034499 2118879107>2118841500
#ERR Elements not ordered. index=520129 1064660695>1064492373
#ERR Elements not ordered. index=1034501 2118845339>2084493445
#ERR Elements not ordered. index=520134 1064691794>1064671689
#ERR Elements not ordered. index=1034505 2118896816>2084498163
#ERR Elements not ordered. index=520138 1064696430>1064678414
#ERR Elements not ordered. index=1034508 2118904574>2118862350
#ERR Elements not ordered. index=520144 1064691342>1064201690
#ERR Elements not ordered. index=1034525 2118948919>2118865552
#ERR Elements not ordered. index=520148 1064724675>1064696096
#ERR Elements not ordered. index=1034527 2118959519>2118870745
#ERR Elements not ordered. index=520151 1064732942>1064705446
#ERR Elements not ordered. index=1034550 2118996470>2118947832
#ERR Elements not ordered. index=520153 1064737752>1064708954
#ERR Elements not ordered. index=1034555 2118988432>2118962318
#ERR Elements not ordered. index=520154 1064708954>1064574521
#ERR Elements not ordered. index=1034564 2118982752>2118976877
#ERR Elements not ordered. index=520160 1064748705>1064738722
#ERR Elements not ordered. index=1034566 2119042533>2118988664
#ERR Elements not ordered. index=520165 1064754810>1064744046
#ERR Elements not ordered. index=1034601 2119199293>2119030298
#ERR Elements not ordered. index=520166 1064744046>1064608896
#ERR Elements not ordered. index=520169 1064753168>1064339284
#ERR Elements not ordered. index=520171 1066064793>1064763050
#ERR The link between Val and Key arrays in incorrect. index=1033026 wrong_key=2115751391 val=468780 correct_key_pointed_by_val=2116022998
#ERR The link between Val and Key arrays in incorrect. index=1033028 wrong_key=2115757003 val=350485 correct_key_pointed_by_val=2116026074
