#HEADER size:1048576
#BEGIN Y:2016 M:09 D:12 Time:22:00:38
#IT Ite:0 KerTime:2.792234 AccTime:2.792234
#ERR The histogram from element 34947 differs. srcHist=0 dstHist=1

#ERR The histogram from element 47489 differs. srcHist=0 dstHist=1

#ERR The histogram from element 99016 differs. srcHist=0 dstHist=1

#ERR The histogram from element 130011 differs. srcHist=0 dstHist=1

#ERR The histogram from element 223855 differs. srcHist=0 dstHist=1

#ERR The histogram from element 229003 differs. srcHist=0 dstHist=1

#ERR The histogram from element 252876 differs. srcHist=0 dstHist=1

#ERR The histogram from element 281474 differs. srcHist=0 dstHist=1

#ERR The histogram from element 293885 differs. srcHist=0 dstHist=1

#ERR The histogram from element 304720 differs. srcHist=0 dstHist=1

#ERR The histogram from element 312322 differs. srcHist=0 dstHist=1

#ERR The histogram from element 323047 differs. srcHist=0 dstHist=1

#ERR The histogram from element 326393 differs. srcHist=0 dstHist=1

#ERR The histogram from element 329326 differs. srcHist=0 dstHist=1

#ERR The histogram from element 348731 differs. srcHist=0 dstHist=1

#ERR The histogram from element 352795 differs. srcHist=0 dstHist=1

#ERR The histogram from element 356600 differs. srcHist=0 dstHist=1

#ERR The histogram from element 356706 differs. srcHist=0 dstHist=1

#ERR The histogram from element 363838 differs. srcHist=0 dstHist=1

#ERR The histogram from element 391931 differs. srcHist=0 dstHist=1

#ERR The histogram from element 393919 differs. srcHist=0 dstHist=1

#ERR The histogram from element 406586 differs. srcHist=0 dstHist=1

#ERR The histogram from element 407407 differs. srcHist=0 dstHist=1

#ERR The histogram from element 411363 differs. srcHist=0 dstHist=1

#ERR The histogram from element 431743 differs. srcHist=0 dstHist=1

#ERR The histogram from element 440514 differs. srcHist=0 dstHist=1

#ERR The histogram from element 473536 differs. srcHist=0 dstHist=1

#ERR The histogram from element 475528 differs. srcHist=0 dstHist=1

#ERR The histogram from element 482034 differs. srcHist=0 dstHist=1

#ERR The histogram from element 520294 differs. srcHist=0 dstHist=1

#ERR The histogram from element 649203 differs. srcHist=0 dstHist=1

#ERR The histogram from element 681413 differs. srcHist=0 dstHist=1

#ERR The histogram from element 726326 differs. srcHist=0 dstHist=1

#ERR The histogram from element 727741 differs. srcHist=0 dstHist=1

#ERR The histogram from element 756330 differs. srcHist=0 dstHist=1

#ERR The histogram from element 796205 differs. srcHist=0 dstHist=1

#ERR The histogram from element 848868 differs. srcHist=0 dstHist=1

#ERR The histogram from element 849471 differs. srcHist=0 dstHist=1

#ERR The histogram from element 1133044108 differs. srcHist=1 dstHist=2

#ERR The histogram from element 1133102683 differs. srcHist=1 dstHist=2

#ERR The histogram from element 1133130653 differs. srcHist=1 dstHist=2

#ERR The histogram from element 1133429348 differs. srcHist=1 dstHist=2

#ERR The histogram from element 1164336013 differs. srcHist=1 dstHist=2

#ERR The histogram from element 1247115058 differs. srcHist=1 dstHist=2

#ERR The histogram from element 1247117888 differs. srcHist=1 dstHist=2

#ERR The histogram from element 1350151630 differs. srcHist=1 dstHist=2

#ERR The histogram from element 1350155067 differs. srcHist=1 dstHist=2

#ERR The histogram from element 1350155832 differs. srcHist=1 dstHist=2

#ERR The histogram from element 1350180437 differs. srcHist=1 dstHist=2

#ERR The histogram from element 1350200083 differs. srcHist=1 dstHist=2

#ERR The histogram from element 1350202145 differs. srcHist=1 dstHist=2

#ERR The histogram from element 1350203647 differs. srcHist=1 dstHist=2

#ERR The histogram from element 1350213828 differs. srcHist=1 dstHist=2

#ERR The histogram from element 1350215132 differs. srcHist=1 dstHist=2

#ERR The histogram from element 1372918676 differs. srcHist=1 dstHist=2

#ERR The histogram from element 1372925890 differs. srcHist=1 dstHist=2

#ERR The histogram from element 1372926545 differs. srcHist=1 dstHist=2

#ERR The histogram from element 1372927551 differs. srcHist=1 dstHist=2

#ERR The histogram from element 1372928012 differs. srcHist=1 dstHist=2

#ERR The histogram from element 1382004246 differs. srcHist=1 dstHist=2

#ERR The histogram from element 1382007849 differs. srcHist=1 dstHist=2

#ERR The histogram from element 1382010631 differs. srcHist=1 dstHist=2

#ERR The histogram from element 1382011475 differs. srcHist=1 dstHist=2

#ERR The histogram from element 1382028152 differs. srcHist=1 dstHist=2

#ERR The histogram from element 1382037925 differs. srcHist=1 dstHist=2

#ERR The histogram from element 1382043168 differs. srcHist=1 dstHist=2

#ERR The histogram from element 1382043990 differs. srcHist=1 dstHist=2

#ERR The histogram from element 1425435672 differs. srcHist=1 dstHist=2

#ERR The histogram from element 938644534 differs. srcHist=1 dstHist=2

#ERR The histogram from element 1469861843 differs. srcHist=1 dstHist=2

#ERR The histogram from element 1469864700 differs. srcHist=1 dstHist=0

#ERR The histogram from element 1469902329 differs. srcHist=1 dstHist=0

#ERR The histogram from element 1469906892 differs. srcHist=1 dstHist=2

#ERR The histogram from element 1469928255 differs. srcHist=1 dstHist=2

#ERR The histogram from element 1470004598 differs. srcHist=1 dstHist=2

#ERR The histogram from element 1470039481 differs. srcHist=1 dstHist=0

#ERR The histogram from element 1470056809 differs. srcHist=1 dstHist=0

#ERR The histogram from element 1470073546 differs. srcHist=1 dstHist=0

#ERR The histogram from element 1470074122 differs. srcHist=1 dstHist=0

#ERR The histogram from element 1470076195 differs. srcHist=1 dstHist=2

#ERR The histogram from element 1470082353 differs. srcHist=1 dstHist=0

#ERR The histogram from element 1470097032 differs. srcHist=1 dstHist=0

#ERR The histogram from element 1470099962 differs. srcHist=1 dstHist=0

#ERR The histogram from element 1470105376 differs. srcHist=1 dstHist=0

#ERR The histogram from element 1470115230 differs. srcHist=1 dstHist=0

#ERR The histogram from element 1470126819 differs. srcHist=1 dstHist=0

#ERR The histogram from element 1470156741 differs. srcHist=1 dstHist=0

#ERR The histogram from element 1470161513 differs. srcHist=1 dstHist=0

#ERR The histogram from element 1470179149 differs. srcHist=1 dstHist=0

#ERR The histogram from element 1470192823 differs. srcHist=1 dstHist=0

#ERR The histogram from element 1470193898 differs. srcHist=1 dstHist=0

#ERR The histogram from element 1470198968 differs. srcHist=1 dstHist=0

#ERR The histogram from element 1470202446 differs. srcHist=1 dstHist=0

#ERR The histogram from element 1470202995 differs. srcHist=1 dstHist=0

#ERR The histogram from element 1470207936 differs. srcHist=1 dstHist=0

#ERR The histogram from element 1470218676 differs. srcHist=1 dstHist=0

#ERR The histogram from element 1470219481 differs. srcHist=1 dstHist=0

#ERR The histogram from element 1470223973 differs. srcHist=1 dstHist=2

#ERR The histogram from element 1470225856 differs. srcHist=1 dstHist=2

#ERR The histogram from element 1470232137 differs. srcHist=1 dstHist=2

#ERR The histogram from element 1470243304 differs. srcHist=1 dstHist=0

#ERR The histogram from element 1470245339 differs. srcHist=1 dstHist=2

#ERR The histogram from element 1470256222 differs. srcHist=1 dstHist=2

#ERR The histogram from element 1470257261 differs. srcHist=1 dstHist=2

#ERR The histogram from element 1470258820 differs. srcHist=1 dstHist=0

#ERR The histogram from element 1470287262 differs. srcHist=1 dstHist=0

#ERR The histogram from element 1470303991 differs. srcHist=1 dstHist=0

#ERR The histogram from element 1470310623 differs. srcHist=1 dstHist=0

#ERR The histogram from element 1470333577 differs. srcHist=1 dstHist=2

#ERR The histogram from element 1470336565 differs. srcHist=1 dstHist=2

#ERR The histogram from element 1470339733 differs. srcHist=1 dstHist=0

#ERR The histogram from element 1470341586 differs. srcHist=1 dstHist=2

#ERR The histogram from element 1470344084 differs. srcHist=1 dstHist=2

#ERR The histogram from element 1470353786 differs. srcHist=1 dstHist=2

#ERR The histogram from element 1470354249 differs. srcHist=1 dstHist=0

#ERR The histogram from element 1470358417 differs. srcHist=1 dstHist=0

#ERR The histogram from element 1470367093 differs. srcHist=1 dstHist=0

#ERR The histogram from element 1470367262 differs. srcHist=1 dstHist=0

#ERR The histogram from element 1470368815 differs. srcHist=1 dstHist=2

#ERR The histogram from element 1470383755 differs. srcHist=1 dstHist=2

#ERR The histogram from element 1470386568 differs. srcHist=1 dstHist=2

#ERR The histogram from element 1470393837 differs. srcHist=1 dstHist=0

#ERR The histogram from element 1470401400 differs. srcHist=1 dstHist=0

#ERR The histogram from element 1470414895 differs. srcHist=1 dstHist=0

#ERR The histogram from element 1470420293 differs. srcHist=1 dstHist=0

#ERR The histogram from element 1470426932 differs. srcHist=1 dstHist=0

#ERR The histogram from element 1470430420 differs. srcHist=1 dstHist=0

#ERR The histogram from element 1470435114 differs. srcHist=1 dstHist=2

#ERR The histogram from element 1470438863 differs. srcHist=1 dstHist=0

#ERR The histogram from element 1470452975 differs. srcHist=1 dstHist=0

#ERR The histogram from element 1470463401 differs. srcHist=1 dstHist=0

#ERR The histogram from element 1470466626 differs. srcHist=1 dstHist=2

#ERR The histogram from element 1470492517 differs. srcHist=1 dstHist=0

#ERR The histogram from element 1470494578 differs. srcHist=1 dstHist=2

#ERR The histogram from element 1470497985 differs. srcHist=1 dstHist=2

#ERR The histogram from element 1470498768 differs. srcHist=1 dstHist=0

#ERR The histogram from element 1470505183 differs. srcHist=1 dstHist=0

#ERR The histogram from element 1470522595 differs. srcHist=1 dstHist=0

#ERR The histogram from element 1470527820 differs. srcHist=1 dstHist=0

#ERR The histogram from element 1470533178 differs. srcHist=1 dstHist=0

#ERR The histogram from element 1470538357 differs. srcHist=1 dstHist=0

#ERR The histogram from element 1470541003 differs. srcHist=1 dstHist=0

#ERR The histogram from element 1470547145 differs. srcHist=1 dstHist=2

#ERR The histogram from element 1470555401 differs. srcHist=1 dstHist=0

#ERR The histogram from element 1470555497 differs. srcHist=1 dstHist=0

#ERR The histogram from element 1470559959 differs. srcHist=1 dstHist=0

#ERR The histogram from element 1470562137 differs. srcHist=1 dstHist=2

#ERR The histogram from element 1470574126 differs. srcHist=1 dstHist=2

#ERR The histogram from element 1470586040 differs. srcHist=1 dstHist=3

#ERR The histogram from element 1470586196 differs. srcHist=1 dstHist=3

#ERR The histogram from element 1470587563 differs. srcHist=1 dstHist=2

#ERR The histogram from element 1470587943 differs. srcHist=1 dstHist=0

#ERR The histogram from element 1470594676 differs. srcHist=1 dstHist=2

#ERR The histogram from element 1470596478 differs. srcHist=1 dstHist=2

#ERR The histogram from element 1470599401 differs. srcHist=1 dstHist=2

#ERR The histogram from element 1470600399 differs. srcHist=1 dstHist=0

#ERR The histogram from element 1470617948 differs. srcHist=1 dstHist=0

#ERR The histogram from element 1470621507 differs. srcHist=1 dstHist=0

#ERR The histogram from element 1470627425 differs. srcHist=1 dstHist=0

#ERR The histogram from element 1470628508 differs. srcHist=1 dstHist=2

#ERR The histogram from element 1470639347 differs. srcHist=1 dstHist=2

#ERR The histogram from element 1470652253 differs. srcHist=1 dstHist=2

#ERR The histogram from element 1470653986 differs. srcHist=1 dstHist=2

#ERR The histogram from element 1470657386 differs. srcHist=1 dstHist=2

#ERR The histogram from element 1470658234 differs. srcHist=1 dstHist=0

#ERR The histogram from element 1470659885 differs. srcHist=1 dstHist=2

#ERR The histogram from element 1470665185 differs. srcHist=1 dstHist=0

#ERR The histogram from element 1470674210 differs. srcHist=1 dstHist=0

#ERR The histogram from element 1470674745 differs. srcHist=1 dstHist=0

#ERR The histogram from element 1470686046 differs. srcHist=1 dstHist=0

#ERR The histogram from element 1470687562 differs. srcHist=1 dstHist=0

#ERR The histogram from element 1470688248 differs. srcHist=1 dstHist=0

#ERR The histogram from element 1470688778 differs. srcHist=1 dstHist=2

#ERR The histogram from element 1470691810 differs. srcHist=1 dstHist=0

#ERR The histogram from element 1470694873 differs. srcHist=1 dstHist=0

#ERR The histogram from element 1470706853 differs. srcHist=1 dstHist=0

#ERR The histogram from element 1470707783 differs. srcHist=1 dstHist=2

#ERR The histogram from element 1470713946 differs. srcHist=1 dstHist=2

#ERR The histogram from element 1470731458 differs. srcHist=1 dstHist=0

#ERR The histogram from element 1470732023 differs. srcHist=1 dstHist=2

#ERR The histogram from element 1470740449 differs. srcHist=1 dstHist=0

#ERR The histogram from element 1470743973 differs. srcHist=1 dstHist=3

#ERR The histogram from element 1470757483 differs. srcHist=1 dstHist=0

#ERR The histogram from element 1470772864 differs. srcHist=1 dstHist=0

#ERR The histogram from element 1470776673 differs. srcHist=1 dstHist=2

#ERR The histogram from element 1470782242 differs. srcHist=1 dstHist=0

#ERR The histogram from element 1470784836 differs. srcHist=1 dstHist=0

#ERR The histogram from element 1470790649 differs. srcHist=1 dstHist=0

#ERR The histogram from element 1470791830 differs. srcHist=1 dstHist=0

#ERR The histogram from element 1470809768 differs. srcHist=1 dstHist=0

#ERR The histogram from element 1470810394 differs. srcHist=1 dstHist=0

#ERR The histogram from element 1470819920 differs. srcHist=1 dstHist=0

#ERR The histogram from element 1470829717 differs. srcHist=1 dstHist=2

#ERR The histogram from element 1470831126 differs. srcHist=1 dstHist=0

#ERR The histogram from element 1470840077 differs. srcHist=1 dstHist=3

#ERR The histogram from element 1470840753 differs. srcHist=1 dstHist=2

#ERR The histogram from element 1470859601 differs. srcHist=1 dstHist=3

#ERR The histogram from element 1470865156 differs. srcHist=1 dstHist=0

#ERR The histogram from element 1470870264 differs. srcHist=1 dstHist=2

#ERR The histogram from element 1470875334 differs. srcHist=1 dstHist=2

#ERR The histogram from element 1470876456 differs. srcHist=1 dstHist=0

#ERR The histogram from element 1470879283 differs. srcHist=1 dstHist=0

#ERR The histogram from element 1470884503 differs. srcHist=1 dstHist=0

#ERR The histogram from element 1470888249 differs. srcHist=1 dstHist=0

#ERR The histogram from element 1470894408 differs. srcHist=1 dstHist=0

#ERR The histogram from element 1470895421 differs. srcHist=1 dstHist=0

#ERR The histogram from element 1470913797 differs. srcHist=1 dstHist=2

#ERR The histogram from element 1470914676 differs. srcHist=1 dstHist=2

#ERR The histogram from element 1470919748 differs. srcHist=1 dstHist=3

#ERR The histogram from element 1470926323 differs. srcHist=1 dstHist=2

#ERR The histogram from element 1470945991 differs. srcHist=1 dstHist=3

#ERR The histogram from element 1470951947 differs. srcHist=1 dstHist=0

#ERR The histogram from element 1470961092 differs. srcHist=1 dstHist=2

#ERR The histogram from element 1470963075 differs. srcHist=1 dstHist=2

#ERR The histogram from element 1470969575 differs. srcHist=1 dstHist=2

#ERR The histogram from element 1470970008 differs. srcHist=1 dstHist=2

#ERR The histogram from element 1470974173 differs. srcHist=1 dstHist=0

#ERR The histogram from element 1470975731 differs. srcHist=1 dstHist=2

#ERR The histogram from element 1470975770 differs. srcHist=1 dstHist=3

#ERR The histogram from element 1470976462 differs. srcHist=1 dstHist=2

#ERR The histogram from element 1470977486 differs. srcHist=1 dstHist=2

#ERR The histogram from element 1470977655 differs. srcHist=1 dstHist=0

#ERR The histogram from element 1470978669 differs. srcHist=1 dstHist=2

#ERR The histogram from element 1470988697 differs. srcHist=1 dstHist=2

#ERR The histogram from element 1470997565 differs. srcHist=1 dstHist=2

#ERR The histogram from element 1471005353 differs. srcHist=1 dstHist=0

#ERR The histogram from element 1471008366 differs. srcHist=1 dstHist=2

#ERR The histogram from element 1471019724 differs. srcHist=1 dstHist=2

#ERR The histogram from element 1471020411 differs. srcHist=1 dstHist=0

#ERR The histogram from element 1471020907 differs. srcHist=1 dstHist=0

#ERR The histogram from element 1471022916 differs. srcHist=1 dstHist=2

#ERR The histogram from element 1471038421 differs. srcHist=1 dstHist=0

#ERR The histogram from element 1471052899 differs. srcHist=1 dstHist=0

#ERR The histogram from element 1471054586 differs. srcHist=1 dstHist=0

#ERR The histogram from element 1471057278 differs. srcHist=1 dstHist=0

#ERR The histogram from element 1471059108 differs. srcHist=1 dstHist=0

#ERR The histogram from element 1471075193 differs. srcHist=1 dstHist=2

#ERR The histogram from element 1471078497 differs. srcHist=1 dstHist=0

#ERR The histogram from element 1471086647 differs. srcHist=1 dstHist=2

#ERR The histogram from element 1471087748 differs. srcHist=1 dstHist=0

#ERR The histogram from element 1471092303 differs. srcHist=1 dstHist=0

#ERR The histogram from element 1471095010 differs. srcHist=1 dstHist=0

#ERR The histogram from element 1471103897 differs. srcHist=1 dstHist=0

#ERR The histogram from element 1471103960 differs. srcHist=1 dstHist=0

#ERR The histogram from element 1471108627 differs. srcHist=1 dstHist=0

#ERR The histogram from element 1471121575 differs. srcHist=1 dstHist=0

#ERR The histogram from element 1471128202 differs. srcHist=1 dstHist=0

#ERR The histogram from element 1471133081 differs. srcHist=1 dstHist=0

#ERR The histogram from element 1471133468 differs. srcHist=1 dstHist=0

#ERR The histogram from element 1471148394 differs. srcHist=1 dstHist=0

#ERR The histogram from element 1471165666 differs. srcHist=1 dstHist=2

#ERR The histogram from element 1471168420 differs. srcHist=1 dstHist=0

#ERR The histogram from element 1471180598 differs. srcHist=1 dstHist=2

#ERR The histogram from element 1471196720 differs. srcHist=1 dstHist=0

#ERR The histogram from element 1471208185 differs. srcHist=1 dstHist=0

#ERR The histogram from element 1471208200 differs. srcHist=1 dstHist=0

#ERR The histogram from element 1471222515 differs. srcHist=1 dstHist=0

#ERR The histogram from element 1471222698 differs. srcHist=1 dstHist=0

#ERR The histogram from element 1471223733 differs. srcHist=1 dstHist=0

#ERR The histogram from element 1471230210 differs. srcHist=1 dstHist=0

#ERR The histogram from element 1471231366 differs. srcHist=1 dstHist=2

#ERR The histogram from element 1471240661 differs. srcHist=1 dstHist=2

#ERR The histogram from element 1471250696 differs. srcHist=1 dstHist=0

#ERR The histogram from element 1471259264 differs. srcHist=1 dstHist=2

#ERR The histogram from element 1471276554 differs. srcHist=1 dstHist=2

#ERR The histogram from element 1471292477 differs. srcHist=1 dstHist=0

#ERR The histogram from element 1471294826 differs. srcHist=1 dstHist=0

#ERR The histogram from element 1471302182 differs. srcHist=1 dstHist=0

#ERR The histogram from element 1471308403 differs. srcHist=1 dstHist=0

#ERR The histogram from element 1471315151 differs. srcHist=1 dstHist=0

#ERR The histogram from element 1471317411 differs. srcHist=1 dstHist=2

#ERR The histogram from element 1471329051 differs. srcHist=1 dstHist=2

#ERR The histogram from element 1471338222 differs. srcHist=1 dstHist=0

#ERR The histogram from element 1471357713 differs. srcHist=1 dstHist=2

#ERR The histogram from element 1471371411 differs. srcHist=1 dstHist=0

#ERR The histogram from element 1471381116 differs. srcHist=1 dstHist=0

#ERR The histogram from element 1471383166 differs. srcHist=1 dstHist=0

#ERR The histogram from element 1471386733 differs. srcHist=1 dstHist=0

#ERR The histogram from element 1471448171 differs. srcHist=1 dstHist=2

#ERR The histogram from element 1471468788 differs. srcHist=1 dstHist=0

#ERR The histogram from element 1471497855 differs. srcHist=1 dstHist=2

#ERR The histogram from element 1471505718 differs. srcHist=1 dstHist=0

#ERR The histogram from element 1471510703 differs. srcHist=1 dstHist=0

#ERR The histogram from element 1471514269 differs. srcHist=1 dstHist=0

#ERR The histogram from element 1471523809 differs. srcHist=1 dstHist=0

#ERR The histogram from element 1471550171 differs. srcHist=1 dstHist=0

#ERR The histogram from element 1471898700 differs. srcHist=1 dstHist=0

#ERR The histogram from element 1471959963 differs. srcHist=1 dstHist=0

#ERR The histogram from element 1472130063 differs. srcHist=1 dstHist=2

#ERR The histogram from element 1472145881 differs. srcHist=1 dstHist=2

#ERR The histogram from element 1472166205 differs. srcHist=1 dstHist=0

#ERR The histogram from element 1472192099 differs. srcHist=1 dstHist=0

#ERR The histogram from element 1472259482 differs. srcHist=1 dstHist=0

#ERR The histogram from element 1472291210 differs. srcHist=1 dstHist=0

#ERR The histogram from element 1472332248 differs. srcHist=1 dstHist=0

#ERR The histogram from element 1472343204 differs. srcHist=1 dstHist=0

#ERR The histogram from element 1472347542 differs. srcHist=1 dstHist=0

#ERR The histogram from element 1472365690 differs. srcHist=1 dstHist=0

#ERR The histogram from element 1472380885 differs. srcHist=1 dstHist=0

#ERR The histogram from element 1472390692 differs. srcHist=1 dstHist=0

#ERR The histogram from element 1472394911 differs. srcHist=1 dstHist=0

#ERR The histogram from element 1472418557 differs. srcHist=1 dstHist=2

#ERR The histogram from element 1472420679 differs. srcHist=1 dstHist=2

#ERR The histogram from element 1472438385 differs. srcHist=1 dstHist=2

#ERR The histogram from element 1472454157 differs. srcHist=1 dstHist=0

#ERR The histogram from element 1472460015 differs. srcHist=1 dstHist=0

#ERR The histogram from element 1472461812 differs. srcHist=1 dstHist=0

#ERR The histogram from element 1472462908 differs. srcHist=1 dstHist=0

#ERR The histogram from element 1472476940 differs. srcHist=1 dstHist=0

#ERR The histogram from element 1472489927 differs. srcHist=1 dstHist=0

#ERR The histogram from element 1472498370 differs. srcHist=1 dstHist=0

#ERR The histogram from element 1472499404 differs. srcHist=1 dstHist=0

#ERR The histogram from element 1472516285 differs. srcHist=1 dstHist=2

#ERR The histogram from element 1472520208 differs. srcHist=1 dstHist=0

#ERR The histogram from element 1472521411 differs. srcHist=1 dstHist=0

#ERR The histogram from element 1472527050 differs. srcHist=1 dstHist=2

#ERR The histogram from element 1472527365 differs. srcHist=1 dstHist=2

#ERR The histogram from element 1472529684 differs. srcHist=1 dstHist=0

#ERR The histogram from element 1472531788 differs. srcHist=1 dstHist=0

#ERR The histogram from element 1472534522 differs. srcHist=1 dstHist=2

#ERR The histogram from element 1472539147 differs. srcHist=1 dstHist=0

#ERR The histogram from element 1472542801 differs. srcHist=1 dstHist=0

#ERR The histogram from element 1472542804 differs. srcHist=1 dstHist=0

#ERR The histogram from element 1472557191 differs. srcHist=1 dstHist=0

#ERR The histogram from element 1472558586 differs. srcHist=1 dstHist=0

#ERR The histogram from element 1472577217 differs. srcHist=1 dstHist=0

#ERR The histogram from element 1472585974 differs. srcHist=1 dstHist=0

#ERR The histogram from element 1472600910 differs. srcHist=1 dstHist=0

#ERR The histogram from element 1472623393 differs. srcHist=1 dstHist=2

#ERR The histogram from element 1472628406 differs. srcHist=1 dstHist=2

#ERR The histogram from element 1472630880 differs. srcHist=1 dstHist=2

#ERR The histogram from element 1472632866 differs. srcHist=1 dstHist=0

#ERR The histogram from element 1472635088 differs. srcHist=1 dstHist=2

#ERR The histogram from element 1472648237 differs. srcHist=1 dstHist=2

#ERR The histogram from element 1472662096 differs. srcHist=1 dstHist=2

#ERR The histogram from element 1472664456 differs. srcHist=1 dstHist=2

#ERR The histogram from element 1472738855 differs. srcHist=1 dstHist=2

#ERR The histogram from element 1472753840 differs. srcHist=1 dstHist=2

#ERR The histogram from element 1472768372 differs. srcHist=1 dstHist=2

#ERR The histogram from element 1472778839 differs. srcHist=1 dstHist=0

#ERR The histogram from element 1472784106 differs. srcHist=1 dstHist=2

#ERR The histogram from element 1472792258 differs. srcHist=1 dstHist=2

#ERR The histogram from element 1472808564 differs. srcHist=1 dstHist=0

#ERR The histogram from element 1472846062 differs. srcHist=1 dstHist=2

#ERR The histogram from element 1472846125 differs. srcHist=1 dstHist=0

#ERR The histogram from element 1472935537 differs. srcHist=1 dstHist=0

#ERR The histogram from element 1472936896 differs. srcHist=1 dstHist=2

#ERR The histogram from element 1472942432 differs. srcHist=1 dstHist=2

#ERR The histogram from element 1472957065 differs. srcHist=1 dstHist=2

#ERR The histogram from element 1472958323 differs. srcHist=1 dstHist=2

#ERR The histogram from element 1472961367 differs. srcHist=1 dstHist=2

#ERR The histogram from element 1472965230 differs. srcHist=1 dstHist=2

#ERR The histogram from element 1472970560 differs. srcHist=1 dstHist=2

#ERR The histogram from element 1472988162 differs. srcHist=1 dstHist=0

#ERR The histogram from element 1472993311 differs. srcHist=1 dstHist=0

#ERR The histogram from element 1472997726 differs. srcHist=1 dstHist=0

#ERR The histogram from element 1473002712 differs. srcHist=1 dstHist=2

#ERR The histogram from element 1473020063 differs. srcHist=1 dstHist=2

#ERR The histogram from element 1473026703 differs. srcHist=1 dstHist=2

#ERR The histogram from element 1473032063 differs. srcHist=1 dstHist=0

#ERR The histogram from element 1473034529 differs. srcHist=1 dstHist=2

#ERR The histogram from element 1473041334 differs. srcHist=1 dstHist=0

#ERR The histogram from element 1473043590 differs. srcHist=1 dstHist=2

#ERR The histogram from element 1473045054 differs. srcHist=1 dstHist=2

#ERR The histogram from element 1473053197 differs. srcHist=1 dstHist=0

#ERR The histogram from element 1473054743 differs. srcHist=1 dstHist=0

#ERR The histogram from element 1473057092 differs. srcHist=1 dstHist=2

#ERR The histogram from element 1473058677 differs. srcHist=1 dstHist=2

#ERR The histogram from element 1473059206 differs. srcHist=1 dstHist=0

#ERR The histogram from element 1473059297 differs. srcHist=1 dstHist=2

#ERR The histogram from element 1473062168 differs. srcHist=1 dstHist=2

#ERR The histogram from element 1473066201 differs. srcHist=1 dstHist=0

#ERR The histogram from element 1473069061 differs. srcHist=1 dstHist=0

#ERR The histogram from element 1473071648 differs. srcHist=1 dstHist=2

#ERR The histogram from element 1473078790 differs. srcHist=1 dstHist=0

#ERR The histogram from element 1473081167 differs. srcHist=1 dstHist=0

#ERR The histogram from element 1473084757 differs. srcHist=1 dstHist=0

#ERR The histogram from element 1473092174 differs. srcHist=1 dstHist=0

#ERR The histogram from element 1473114860 differs. srcHist=1 dstHist=0

#ERR The histogram from element 1473115307 differs. srcHist=1 dstHist=0

#ERR The histogram from element 1473132507 differs. srcHist=1 dstHist=0

#ERR The histogram from element 1473152727 differs. srcHist=1 dstHist=0

#ERR The histogram from element 1473153347 differs. srcHist=1 dstHist=0

#ERR The histogram from element 1473158212 differs. srcHist=1 dstHist=0

#ERR The histogram from element 1473161764 differs. srcHist=1 dstHist=0

#ERR The histogram from element 1473166252 differs. srcHist=1 dstHist=0

#ERR The histogram from element 1473204978 differs. srcHist=1 dstHist=0

#ERR The histogram from element 1473214041 differs. srcHist=1 dstHist=0

#ERR The histogram from element 1473222453 differs. srcHist=1 dstHist=0

#ERR The histogram from element 1473223716 differs. srcHist=1 dstHist=0

#ERR The histogram from element 1473231461 differs. srcHist=1 dstHist=0

#ERR The histogram from element 1473239589 differs. srcHist=1 dstHist=0

#ERR The histogram from element 1473241677 differs. srcHist=1 dstHist=0

#ERR The histogram from element 1473246712 differs. srcHist=1 dstHist=0

#ERR The histogram from element 1473246873 differs. srcHist=1 dstHist=0

#ERR The histogram from element 1473248808 differs. srcHist=1 dstHist=0

#ERR The histogram from element 1473253177 differs. srcHist=1 dstHist=0

#ERR The histogram from element 1473276885 differs. srcHist=1 dstHist=0

#ERR The histogram from element 1473309914 differs. srcHist=1 dstHist=0

#ERR The histogram from element 1473339710 differs. srcHist=1 dstHist=2

#ERR The histogram from element 1473341147 differs. srcHist=1 dstHist=2

#ERR The histogram from element 1473349312 differs. srcHist=1 dstHist=2

#ERR The histogram from element 1473349871 differs. srcHist=1 dstHist=2

#ERR The histogram from element 1473350886 differs. srcHist=1 dstHist=2

#ERR The histogram from element 1473432069 differs. srcHist=1 dstHist=2

#ERR The histogram from element 1473500957 differs. srcHist=1 dstHist=0

#ERR The histogram from element 1473504725 differs. srcHist=1 dstHist=0

#ERR The histogram from element 1473519642 differs. srcHist=1 dstHist=0

#ERR The histogram from element 1473540444 differs. srcHist=1 dstHist=0

#ERR The histogram from element 1473541163 differs. srcHist=1 dstHist=0

#ERR The histogram from element 1473556919 differs. srcHist=1 dstHist=0

#ERR The histogram from element 1473566089 differs. srcHist=1 dstHist=2

#ERR The histogram from element 1473568115 differs. srcHist=1 dstHist=2

#ERR The histogram from element 1473569710 differs. srcHist=1 dstHist=2

#ERR The histogram from element 1473641693 differs. srcHist=1 dstHist=2

#ERR The histogram from element 1473643077 differs. srcHist=1 dstHist=2

#ERR The histogram from element 1473643921 differs. srcHist=1 dstHist=2

#ERR The histogram from element 1473798948 differs. srcHist=1 dstHist=2

#ERR The histogram from element 1473811108 differs. srcHist=1 dstHist=2

#ERR The histogram from element 1473925365 differs. srcHist=1 dstHist=2

#ERR Elements not ordered. index=717686 1469864263>312322
#ERR Elements not ordered. index=717698 1469928255>1469880896
#ERR Elements not ordered. index=717708 1469906892>1469902894
#ERR Elements not ordered. index=717785 1470053656>1164336013
#ERR Elements not ordered. index=717799 1470098111>1470087253
#ERR Elements not ordered. index=717803 1470179370>1133044108
#ERR Elements not ordered. index=717805 1470101987>1133102683
#ERR Elements not ordered. index=717809 1470109074>1470076195
#ERR Elements not ordered. index=717812 1470225856>1470114247
#ERR Elements not ordered. index=717814 1470232137>1470115649
#ERR Elements not ordered. index=717818 1470257261>1470110362
#ERR Elements not ordered. index=717820 1470131412>1470112643
#ERR Elements not ordered. index=717822 1470136290>1470114124
#ERR Elements not ordered. index=717824 1470116777>1382004246
#ERR Elements not ordered. index=717828 1470132447>1382007849
#ERR Elements not ordered. index=717832 1470161820>1382028152
#ERR Elements not ordered. index=717835 1470157941>1382043168
#ERR Elements not ordered. index=717838 1470162234>1470141805
#ERR Elements not ordered. index=717869 1470240961>1470234776
#ERR Elements not ordered. index=717879 1470257261>1470004598
#ERR Elements not ordered. index=717894 1470301011>1470265329
#ERR Elements not ordered. index=717897 1470315592>1470272098
#ERR Elements not ordered. index=717898 1470272098>475528
#ERR Elements not ordered. index=717899 475528>304720
#ERR Elements not ordered. index=717903 1470298103>520294
#ERR Elements not ordered. index=717904 520294>329326
#ERR Elements not ordered. index=717905 329326>223855
#ERR Elements not ordered. index=717910 1470435114>1470341586
#ERR Elements not ordered. index=717911 1470341586>99016
#ERR Elements not ordered. index=717913 1470353786>352795
#ERR Elements not ordered. index=717914 352795>281474
#ERR Elements not ordered. index=717916 1470497985>1470344084
#ERR Elements not ordered. index=717923 1470392844>1470333577
#ERR Elements not ordered. index=717926 1470401041>1470336565
#ERR Elements not ordered. index=717928 1470401947>1470341586
#ERR Elements not ordered. index=717931 1470433321>1470353786
#ERR Elements not ordered. index=717934 1470447137>1470344084
#ERR Elements not ordered. index=717940 1470520044>1470368815
#ERR Elements not ordered. index=717944 1470466626>1470383755
#ERR Elements not ordered. index=717946 1470494578>1470386568
#ERR Elements not ordered. index=717947 1470386568>1133429348
#ERR Elements not ordered. index=718009 1470574126>1470497985
#ERR Elements not ordered. index=718011 1470581304>1470562137
#ERR Elements not ordered. index=718014 1470594676>1470586196
#ERR Elements not ordered. index=718016 1470587563>1470530331
#ERR Elements not ordered. index=718020 1470594676>1470586196
#ERR Elements not ordered. index=718022 1470587563>1470547145
#ERR Elements not ordered. index=718029 1470699022>1470558052
#ERR Elements not ordered. index=718033 1470579031>1469828089
#ERR Elements not ordered. index=718038 1470743973>1470732003
#ERR Elements not ordered. index=718043 1470862597>1470591504
#ERR Elements not ordered. index=718044 1470591504>482034
#ERR Elements not ordered. index=718045 482034>47489
#ERR Elements not ordered. index=718048 1470859601>440514
#ERR Elements not ordered. index=718053 1470829717>1470442740
#ERR Elements not ordered. index=718055 1470840077>407407
#ERR Elements not ordered. index=718059 1470829717>1470688778
#ERR Elements not ordered. index=718061 1470840077>1470516294
#ERR Elements not ordered. index=718063 1470846263>1470707783
#ERR Elements not ordered. index=718065 1470713946>1470688778
#ERR Elements not ordered. index=718068 1470945991>1470542756
#ERR Elements not ordered. index=718074 1470945991>1470557039
#ERR Elements not ordered. index=718077 1470975770>1470562137
#ERR Elements not ordered. index=718079 1470586040>1247115058
#ERR Elements not ordered. index=718081 1470578606>1247117888
#ERR Elements not ordered. index=718083 1471038904>1470584510
#ERR Elements not ordered. index=718090 1470599401>1470596478
#ERR Elements not ordered. index=718098 1470612138>1470611641
#ERR Elements not ordered. index=718100 1471276554>1470617442
#ERR Elements not ordered. index=718115 1470776673>356600
#ERR Elements not ordered. index=718152 1470785862>1470732023
#ERR Elements not ordered. index=718154 1470961092>1470742806
#ERR Elements not ordered. index=718156 1470963075>1470743973
#ERR Elements not ordered. index=718159 1470970008>1470839967
#ERR Elements not ordered. index=718165 1470988697>1470855053
#ERR Elements not ordered. index=718166 1470855053>1470776673
#ERR Elements not ordered. index=718170 1471086647>1471008366
#ERR Elements not ordered. index=718171 1471008366>1470787605
#ERR Elements not ordered. index=718177 1471022916>1470792633
#ERR Elements not ordered. index=718184 1470828486>726326
