#HEADER size:1048576
#BEGIN Y:2016 M:09 D:13 Time:01:03:21
#IT Ite:0 KerTime:2.795494 AccTime:2.795494
#ERR The histogram from element 41193 differs. srcHist=0 dstHist=1

#ERR The histogram from element 401582 differs. srcHist=0 dstHist=1

#ERR The histogram from element 699908 differs. srcHist=0 dstHist=1

#ERR The histogram from element 795970 differs. srcHist=0 dstHist=1

#ERR The histogram from element 1093649463 differs. srcHist=1 dstHist=2

#ERR The histogram from element 1094040140 differs. srcHist=1 dstHist=0

#ERR The histogram from element 1094044355 differs. srcHist=1 dstHist=2

#ERR The histogram from element 1094044912 differs. srcHist=1 dstHist=2

#ERR The histogram from element 1094052121 differs. srcHist=1 dstHist=2

#ERR The histogram from element 1094224849 differs. srcHist=1 dstHist=0

#ERR The histogram from element 1094226186 differs. srcHist=1 dstHist=0

#ERR The histogram from element 1094229101 differs. srcHist=1 dstHist=0

#ERR The histogram from element 1094376714 differs. srcHist=1 dstHist=0

#ERR The histogram from element 1094397679 differs. srcHist=1 dstHist=0

#ERR The histogram from element 1094413566 differs. srcHist=1 dstHist=0

#ERR The histogram from element 1094425845 differs. srcHist=1 dstHist=0

#ERR The histogram from element 1094446364 differs. srcHist=1 dstHist=0

#ERR The histogram from element 1094483481 differs. srcHist=1 dstHist=0

#ERR The histogram from element 1094516055 differs. srcHist=1 dstHist=0

#ERR The histogram from element 1094535519 differs. srcHist=1 dstHist=0

#ERR The histogram from element 1094570297 differs. srcHist=1 dstHist=0

#ERR The histogram from element 1094572019 differs. srcHist=1 dstHist=0

#ERR The histogram from element 1094579685 differs. srcHist=1 dstHist=0

#ERR The histogram from element 1094582682 differs. srcHist=1 dstHist=0

#ERR The histogram from element 1094583207 differs. srcHist=1 dstHist=2

#ERR The histogram from element 1094629617 differs. srcHist=1 dstHist=0

#ERR The histogram from element 1094664889 differs. srcHist=1 dstHist=2

#ERR The histogram from element 1094666043 differs. srcHist=1 dstHist=2

#ERR The histogram from element 1094674768 differs. srcHist=1 dstHist=2

#ERR The histogram from element 1094684254 differs. srcHist=1 dstHist=2

#ERR The histogram from element 1094688433 differs. srcHist=1 dstHist=0

#ERR The histogram from element 1094690636 differs. srcHist=1 dstHist=2

#ERR The histogram from element 1094691251 differs. srcHist=1 dstHist=2

#ERR The histogram from element 1094697597 differs. srcHist=1 dstHist=2

#ERR The histogram from element 1094700251 differs. srcHist=1 dstHist=0

#ERR The histogram from element 1094703463 differs. srcHist=1 dstHist=2

#ERR The histogram from element 1094713842 differs. srcHist=1 dstHist=0

#ERR The histogram from element 1094719689 differs. srcHist=1 dstHist=0

#ERR The histogram from element 1094787832 differs. srcHist=1 dstHist=0

#ERR The histogram from element 1094798544 differs. srcHist=1 dstHist=2

#ERR The histogram from element 1094813223 differs. srcHist=1 dstHist=2

#ERR The histogram from element 1094821289 differs. srcHist=1 dstHist=2

#ERR The histogram from element 1094828830 differs. srcHist=1 dstHist=0

#ERR The histogram from element 1094831687 differs. srcHist=1 dstHist=0

#ERR The histogram from element 1094839979 differs. srcHist=1 dstHist=0

#ERR The histogram from element 1094858377 differs. srcHist=1 dstHist=0

#ERR The histogram from element 1094940468 differs. srcHist=1 dstHist=0

#ERR The histogram from element 1094946511 differs. srcHist=1 dstHist=0

#ERR The histogram from element 1094962239 differs. srcHist=1 dstHist=0

#ERR The histogram from element 1094978953 differs. srcHist=1 dstHist=0

#ERR The histogram from element 1094993141 differs. srcHist=1 dstHist=0

#ERR The histogram from element 1095001622 differs. srcHist=1 dstHist=0

#ERR The histogram from element 1095010996 differs. srcHist=1 dstHist=0

#ERR The histogram from element 1095018684 differs. srcHist=1 dstHist=0

#ERR The histogram from element 1095079522 differs. srcHist=1 dstHist=0

#ERR The histogram from element 1095081420 differs. srcHist=1 dstHist=0

#ERR The histogram from element 1095086938 differs. srcHist=1 dstHist=0

#ERR The histogram from element 1095103243 differs. srcHist=1 dstHist=0

#ERR The histogram from element 1095110171 differs. srcHist=1 dstHist=0

#ERR The histogram from element 1095182792 differs. srcHist=1 dstHist=0

#ERR The histogram from element 1095204289 differs. srcHist=1 dstHist=0

#ERR The histogram from element 1095230845 differs. srcHist=1 dstHist=2

#ERR The histogram from element 1095247101 differs. srcHist=1 dstHist=0

#ERR The histogram from element 1095281699 differs. srcHist=1 dstHist=0

#ERR The histogram from element 1095349485 differs. srcHist=1 dstHist=0

#ERR The histogram from element 1095376275 differs. srcHist=1 dstHist=0

#ERR The histogram from element 1095492691 differs. srcHist=1 dstHist=0

#ERR The histogram from element 1095494843 differs. srcHist=1 dstHist=2

#ERR The histogram from element 1095498786 differs. srcHist=1 dstHist=2

#ERR The histogram from element 1095511228 differs. srcHist=1 dstHist=0

#ERR The histogram from element 1095535962 differs. srcHist=1 dstHist=0

#ERR The histogram from element 1095543138 differs. srcHist=1 dstHist=0

#ERR The histogram from element 1095553005 differs. srcHist=1 dstHist=0

#ERR The histogram from element 1095556548 differs. srcHist=1 dstHist=0

#ERR The histogram from element 1095564596 differs. srcHist=1 dstHist=0

#ERR The histogram from element 1095565416 differs. srcHist=1 dstHist=0

#ERR The histogram from element 1095572849 differs. srcHist=1 dstHist=2

#ERR The histogram from element 1095595408 differs. srcHist=1 dstHist=2

#ERR The histogram from element 1095605693 differs. srcHist=1 dstHist=2

#ERR The histogram from element 1095605821 differs. srcHist=1 dstHist=2

#ERR The histogram from element 1095605992 differs. srcHist=1 dstHist=0

#ERR The histogram from element 1095608397 differs. srcHist=1 dstHist=2

#ERR The histogram from element 1095608568 differs. srcHist=1 dstHist=2

#ERR The histogram from element 1095609136 differs. srcHist=1 dstHist=2

#ERR The histogram from element 1095613371 differs. srcHist=1 dstHist=2

#ERR The histogram from element 1095624287 differs. srcHist=1 dstHist=3

#ERR The histogram from element 1095629567 differs. srcHist=1 dstHist=3

#ERR The histogram from element 1095635437 differs. srcHist=1 dstHist=0

#ERR The histogram from element 1095635548 differs. srcHist=1 dstHist=3

#ERR The histogram from element 1095640090 differs. srcHist=1 dstHist=2

#ERR The histogram from element 1095642115 differs. srcHist=1 dstHist=0

#ERR The histogram from element 1095654366 differs. srcHist=1 dstHist=0

#ERR The histogram from element 1095656273 differs. srcHist=1 dstHist=2

#ERR The histogram from element 1095664157 differs. srcHist=1 dstHist=2

#ERR The histogram from element 1095680482 differs. srcHist=1 dstHist=2

#ERR The histogram from element 1095687840 differs. srcHist=1 dstHist=2

#ERR The histogram from element 1095689413 differs. srcHist=1 dstHist=2

#ERR The histogram from element 1095702421 differs. srcHist=1 dstHist=2

#ERR The histogram from element 1095704665 differs. srcHist=1 dstHist=2

#ERR The histogram from element 1095705115 differs. srcHist=1 dstHist=2

#ERR The histogram from element 1095710167 differs. srcHist=1 dstHist=2

#ERR The histogram from element 1095713652 differs. srcHist=1 dstHist=2

#ERR The histogram from element 1095723030 differs. srcHist=1 dstHist=2

#ERR The histogram from element 1095733042 differs. srcHist=1 dstHist=2

#ERR The histogram from element 1095734285 differs. srcHist=1 dstHist=2

#ERR The histogram from element 1095734889 differs. srcHist=1 dstHist=0

#ERR The histogram from element 1095739491 differs. srcHist=1 dstHist=2

#ERR The histogram from element 1095754958 differs. srcHist=1 dstHist=2

#ERR The histogram from element 1095763040 differs. srcHist=1 dstHist=2

#ERR The histogram from element 1095772819 differs. srcHist=1 dstHist=2

#ERR The histogram from element 1095777611 differs. srcHist=1 dstHist=2

#ERR The histogram from element 1095779706 differs. srcHist=1 dstHist=2

#ERR The histogram from element 1095782630 differs. srcHist=1 dstHist=2

#ERR The histogram from element 1095783250 differs. srcHist=1 dstHist=0

#ERR The histogram from element 1095785942 differs. srcHist=1 dstHist=2

#ERR The histogram from element 1095795235 differs. srcHist=1 dstHist=0

#ERR The histogram from element 1095796342 differs. srcHist=1 dstHist=2

#ERR The histogram from element 1095796530 differs. srcHist=1 dstHist=0

#ERR The histogram from element 1095797542 differs. srcHist=1 dstHist=0

#ERR The histogram from element 1095799672 differs. srcHist=1 dstHist=0

#ERR The histogram from element 1095801370 differs. srcHist=1 dstHist=2

#ERR The histogram from element 1095815505 differs. srcHist=1 dstHist=2

#ERR The histogram from element 1095820840 differs. srcHist=1 dstHist=2

#ERR The histogram from element 1095824815 differs. srcHist=1 dstHist=2

#ERR The histogram from element 1095825450 differs. srcHist=1 dstHist=2

#ERR The histogram from element 1095825891 differs. srcHist=1 dstHist=2

#ERR The histogram from element 1095831175 differs. srcHist=1 dstHist=2

#ERR The histogram from element 1095832106 differs. srcHist=1 dstHist=2

#ERR The histogram from element 1095834960 differs. srcHist=1 dstHist=2

#ERR The histogram from element 1095837066 differs. srcHist=1 dstHist=2

#ERR The histogram from element 1095838253 differs. srcHist=1 dstHist=2

#ERR The histogram from element 1095842769 differs. srcHist=1 dstHist=2

#ERR The histogram from element 1095846574 differs. srcHist=1 dstHist=2

#ERR The histogram from element 1095850013 differs. srcHist=1 dstHist=2

#ERR The histogram from element 1095850465 differs. srcHist=1 dstHist=2

#ERR The histogram from element 1096061340 differs. srcHist=1 dstHist=0

#ERR The histogram from element 1096063620 differs. srcHist=1 dstHist=0

#ERR The histogram from element 1096077519 differs. srcHist=1 dstHist=0

#ERR The histogram from element 1096098764 differs. srcHist=1 dstHist=0

#ERR The histogram from element 1096107269 differs. srcHist=1 dstHist=0

#ERR The histogram from element 1096204085 differs. srcHist=1 dstHist=0

#ERR The histogram from element 1096222567 differs. srcHist=1 dstHist=0

#ERR The histogram from element 1096275391 differs. srcHist=1 dstHist=0

#ERR The histogram from element 1096292025 differs. srcHist=1 dstHist=0

#ERR The histogram from element 1096292878 differs. srcHist=1 dstHist=0

#ERR The histogram from element 1096298972 differs. srcHist=1 dstHist=0

#ERR The histogram from element 1096400425 differs. srcHist=1 dstHist=0

#ERR The histogram from element 1096406027 differs. srcHist=1 dstHist=0

#ERR The histogram from element 1096451289 differs. srcHist=1 dstHist=0

#ERR The histogram from element 1096643670 differs. srcHist=1 dstHist=0

#ERR The histogram from element 1096813450 differs. srcHist=1 dstHist=2

#ERR The histogram from element 1096818434 differs. srcHist=1 dstHist=2

#ERR The histogram from element 1096903382 differs. srcHist=1 dstHist=0

#ERR The histogram from element 1096947927 differs. srcHist=1 dstHist=2

#ERR The histogram from element 1096970527 differs. srcHist=1 dstHist=0

#ERR The histogram from element 1097022115 differs. srcHist=1 dstHist=2

#ERR The histogram from element 1097047493 differs. srcHist=1 dstHist=2

#ERR Elements not ordered. index=534623 1094038455>1093649463
#ERR Elements not ordered. index=534718 1094205102>1094044355
#ERR Elements not ordered. index=534722 1094219350>1094206714
#ERR Elements not ordered. index=534815 1094444543>401582
#ERR Elements not ordered. index=534838 1094583207>1094512765
#ERR Elements not ordered. index=534861 1094703463>1094545742
#ERR Elements not ordered. index=534880 1094798544>1094583207
#ERR Elements not ordered. index=534882 1094813223>1094580361
#ERR Elements not ordered. index=534884 1094821289>1094587462
#ERR Elements not ordered. index=534887 1094595419>1094580119
#ERR Elements not ordered. index=535284 1095488859>1094666472
#ERR Elements not ordered. index=535313 1095536803>41193
#ERR Elements not ordered. index=535319 1095548521>795970
#ERR Elements not ordered. index=535325 1095561104>699908
#ERR Elements not ordered. index=535355 1095635548>1095624287
#ERR Elements not ordered. index=535356 1095624287>1095230845
#ERR Elements not ordered. index=535357 1095230845>1095171800
#ERR Elements not ordered. index=535360 1095635548>1095624287
#ERR Elements not ordered. index=535363 1095651381>1095639051
#ERR Elements not ordered. index=535365 1095654835>1095230845
#ERR Elements not ordered. index=535403 1095849440>1095750865
#ERR Elements not ordered. index=535405 1095850465>1095754328
#ERR Elements not ordered. index=535420 1095790359>1095494843
#ERR Elements not ordered. index=535422 1095796342>1095498786
#ERR Elements not ordered. index=535436 1095848785>1095572849
#ERR Elements not ordered. index=535441 1095834642>1095650857
#ERR Elements not ordered. index=535446 1096193198>1095629567
#ERR Elements not ordered. index=535449 1096232205>1095671334
#ERR Elements not ordered. index=535450 1095671334>1095643440
#ERR Elements not ordered. index=535454 1096818434>1095682687
#ERR Elements not ordered. index=535457 1096486132>1095948514
#ERR Elements not ordered. index=535460 1096947927>1096921629
#ERR Elements not ordered. index=535461 1096921629>1096023400
#ERR Elements not ordered. index=535465 1097047493>1095722029
#ERR Elements not ordered. index=535468 1095820840>1095732639
#ERR Elements not ordered. index=535471 1095825450>1095710167
#ERR Elements not ordered. index=535475 1095842769>1095733042
#ERR Elements not ordered. index=535478 1095850013>1095608397
#ERR Elements not ordered. index=535483 1095754958>1095640090
#ERR Elements not ordered. index=535486 1095763040>1095664157
#ERR Elements not ordered. index=535488 1095782417>1095680482
#ERR Elements not ordered. index=535490 1095772819>1095687840
#ERR Elements not ordered. index=535493 1095782630>1095702421
#ERR Elements not ordered. index=535497 1095797318>1095713652
#ERR Elements not ordered. index=535499 1095798809>1095723030
#ERR Elements not ordered. index=535508 1095825450>1095777611
#ERR Elements not ordered. index=535512 1095831376>1095796342
#ERR Elements not ordered. index=535514 1095834960>1095801370
#ERR Elements not ordered. index=535517 1095837066>1095831175
#ERR Elements not ordered. index=535521 1095844881>1095838253
#ERR Elements not ordered. index=535523 1095847287>1095846574
