#HEADER size:1048576
#BEGIN Y:2016 M:09 D:12 Time:23:10:50
#IT Ite:0 KerTime:2.791263 AccTime:2.791263
#ERR The histogram from element 204200 differs. srcHist=0 dstHist=1

#ERR The histogram from element 573277 differs. srcHist=0 dstHist=1

#ERR The histogram from element 990596 differs. srcHist=0 dstHist=1

#ERR The histogram from element 1026694 differs. srcHist=0 dstHist=1

#ERR The histogram from element 1143364405 differs. srcHist=1 dstHist=2

#ERR The histogram from element 1143364630 differs. srcHist=1 dstHist=2

#ERR The histogram from element 1143367112 differs. srcHist=1 dstHist=2

#ERR The histogram from element 1183299059 differs. srcHist=1 dstHist=2

#ERR The histogram from element 1183469644 differs. srcHist=1 dstHist=2

#ERR The histogram from element 1183481263 differs. srcHist=1 dstHist=0

#ERR The histogram from element 1183562263 differs. srcHist=1 dstHist=0

#ERR The histogram from element 1183642527 differs. srcHist=1 dstHist=2

#ERR The histogram from element 1183651395 differs. srcHist=1 dstHist=2

#ERR The histogram from element 1183652507 differs. srcHist=1 dstHist=2

#ERR The histogram from element 1183725294 differs. srcHist=1 dstHist=0

#ERR The histogram from element 1183763915 differs. srcHist=1 dstHist=0

#ERR The histogram from element 1183906332 differs. srcHist=1 dstHist=0

#ERR The histogram from element 1183933677 differs. srcHist=1 dstHist=0

#ERR The histogram from element 1183933755 differs. srcHist=1 dstHist=0

#ERR The histogram from element 1183935364 differs. srcHist=1 dstHist=0

#ERR The histogram from element 1184014996 differs. srcHist=1 dstHist=2

#ERR The histogram from element 1184019196 differs. srcHist=1 dstHist=2

#ERR The histogram from element 1184081472 differs. srcHist=1 dstHist=0

#ERR The histogram from element 1184098647 differs. srcHist=1 dstHist=0

#ERR The histogram from element 1184186972 differs. srcHist=1 dstHist=0

#ERR The histogram from element 1184200168 differs. srcHist=1 dstHist=0

#ERR The histogram from element 1184208143 differs. srcHist=1 dstHist=2

#ERR The histogram from element 1184387037 differs. srcHist=1 dstHist=2

#ERR The histogram from element 1184563160 differs. srcHist=1 dstHist=0

#ERR The histogram from element 1184676910 differs. srcHist=1 dstHist=0

#ERR The histogram from element 1184693322 differs. srcHist=1 dstHist=0

#ERR The histogram from element 1184709320 differs. srcHist=1 dstHist=0

#ERR The histogram from element 1184726253 differs. srcHist=1 dstHist=2

#ERR The histogram from element 1184750950 differs. srcHist=1 dstHist=2

#ERR The histogram from element 1184758129 differs. srcHist=1 dstHist=2

#ERR The histogram from element 1184770564 differs. srcHist=1 dstHist=2

#ERR The histogram from element 1184779460 differs. srcHist=1 dstHist=2

#ERR The histogram from element 1184784484 differs. srcHist=1 dstHist=2

#ERR The histogram from element 1184791442 differs. srcHist=1 dstHist=2

#ERR The histogram from element 1184792902 differs. srcHist=1 dstHist=2

#ERR The histogram from element 1184795503 differs. srcHist=1 dstHist=2

#ERR The histogram from element 1184799428 differs. srcHist=1 dstHist=0

#ERR The histogram from element 1184801187 differs. srcHist=1 dstHist=0

#ERR The histogram from element 1184801381 differs. srcHist=1 dstHist=2

#ERR The histogram from element 1184805722 differs. srcHist=1 dstHist=2

#ERR The histogram from element 1184822855 differs. srcHist=1 dstHist=2

#ERR The histogram from element 1184826525 differs. srcHist=1 dstHist=2

#ERR The histogram from element 1184853076 differs. srcHist=1 dstHist=2

#ERR The histogram from element 1184857672 differs. srcHist=1 dstHist=2

#ERR The histogram from element 1184871472 differs. srcHist=1 dstHist=2

#ERR The histogram from element 1184872477 differs. srcHist=1 dstHist=2

#ERR The histogram from element 1184873427 differs. srcHist=1 dstHist=2

#ERR The histogram from element 1184879475 differs. srcHist=1 dstHist=2

#ERR The histogram from element 1184879524 differs. srcHist=1 dstHist=2

#ERR The histogram from element 1184888561 differs. srcHist=1 dstHist=2

#ERR The histogram from element 1184890213 differs. srcHist=1 dstHist=2

#ERR The histogram from element 1184896145 differs. srcHist=1 dstHist=2

#ERR The histogram from element 1184897344 differs. srcHist=1 dstHist=2

#ERR The histogram from element 1184897346 differs. srcHist=1 dstHist=2

#ERR The histogram from element 1184897740 differs. srcHist=1 dstHist=2

#ERR The histogram from element 1184929165 differs. srcHist=1 dstHist=2

#ERR The histogram from element 1184929912 differs. srcHist=1 dstHist=2

#ERR The histogram from element 1184937598 differs. srcHist=1 dstHist=2

#ERR The histogram from element 1184939924 differs. srcHist=1 dstHist=2

#ERR The histogram from element 1184949229 differs. srcHist=1 dstHist=2

#ERR The histogram from element 1184953230 differs. srcHist=1 dstHist=0

#ERR The histogram from element 1184953653 differs. srcHist=1 dstHist=0

#ERR The histogram from element 1184979063 differs. srcHist=1 dstHist=0

#ERR The histogram from element 1184990602 differs. srcHist=1 dstHist=0

#ERR The histogram from element 1184992478 differs. srcHist=1 dstHist=0

#ERR The histogram from element 1185000225 differs. srcHist=1 dstHist=0

#ERR The histogram from element 1185004918 differs. srcHist=1 dstHist=0

#ERR The histogram from element 1185014254 differs. srcHist=1 dstHist=0

#ERR The histogram from element 1185015520 differs. srcHist=1 dstHist=0

#ERR The histogram from element 1185015635 differs. srcHist=1 dstHist=0

#ERR The histogram from element 1185023022 differs. srcHist=1 dstHist=0

#ERR The histogram from element 1185023686 differs. srcHist=1 dstHist=0

#ERR The histogram from element 1185031065 differs. srcHist=1 dstHist=0

#ERR The histogram from element 1185042728 differs. srcHist=1 dstHist=0

#ERR The histogram from element 1185042990 differs. srcHist=1 dstHist=0

#ERR The histogram from element 1185044790 differs. srcHist=1 dstHist=0

#ERR The histogram from element 1185054380 differs. srcHist=1 dstHist=0

#ERR The histogram from element 1185056310 differs. srcHist=1 dstHist=0

#ERR The histogram from element 1185065253 differs. srcHist=1 dstHist=0

#ERR The histogram from element 1185074621 differs. srcHist=1 dstHist=0

#ERR The histogram from element 1185101634 differs. srcHist=1 dstHist=0

#ERR The histogram from element 1185104526 differs. srcHist=1 dstHist=0

#ERR The histogram from element 1185107750 differs. srcHist=1 dstHist=0

#ERR The histogram from element 1185108493 differs. srcHist=1 dstHist=0

#ERR The histogram from element 1185109639 differs. srcHist=1 dstHist=0

#ERR The histogram from element 1185114334 differs. srcHist=1 dstHist=0

#ERR The histogram from element 1185116460 differs. srcHist=1 dstHist=0

#ERR The histogram from element 1185116991 differs. srcHist=1 dstHist=0

#ERR The histogram from element 1185128580 differs. srcHist=1 dstHist=0

#ERR The histogram from element 1185131701 differs. srcHist=1 dstHist=0

#ERR The histogram from element 986075826 differs. srcHist=1 dstHist=2

#ERR Elements not ordered. index=578108 1183724654>1183299059
#ERR Elements not ordered. index=578124 1183758073>1183469644
#ERR Elements not ordered. index=578152 1184019196>1183831512
#ERR Elements not ordered. index=578154 1183831851>1183819599
#ERR Elements not ordered. index=578185 1183910028>1026694
#ERR Elements not ordered. index=578186 1026694>573277
#ERR Elements not ordered. index=578189 1183923401>990596
#ERR Elements not ordered. index=578198 1183930626>1183642527
#ERR Elements not ordered. index=578332 1184186793>204200
#ERR Elements not ordered. index=578335 1184208143>1184192884
#ERR Elements not ordered. index=578590 1184712461>1143364405
#ERR Elements not ordered. index=578605 1184750950>1184750160
#ERR Elements not ordered. index=578607 1184758129>1184750950
#ERR Elements not ordered. index=578610 1184779460>1184756987
#ERR Elements not ordered. index=578613 1184784484>1184765534
#ERR Elements not ordered. index=578615 1184791442>1184770564
#ERR Elements not ordered. index=578620 1184805722>1184779460
#ERR Elements not ordered. index=578622 1184822855>1184783184
#ERR Elements not ordered. index=578625 1184784484>1184387037
#ERR Elements not ordered. index=578627 1184826525>1184789653
#ERR Elements not ordered. index=578634 1184857672>1184801381
#ERR Elements not ordered. index=578637 1184871472>1184816513
#ERR Elements not ordered. index=578640 1184873427>1184811283
#ERR Elements not ordered. index=578643 1184879524>1184822855
#ERR Elements not ordered. index=578650 1184897740>1184826525
#ERR Elements not ordered. index=578660 1184939924>1184853076
#ERR Elements not ordered. index=578662 1184949229>1184857672
#ERR Elements not ordered. index=578665 1184954759>1184869493
#ERR Elements not ordered. index=578667 1184983009>1184871472
#ERR Elements not ordered. index=578672 1185011069>1184876579
#ERR Elements not ordered. index=578676 1185022304>1184887368
#ERR Elements not ordered. index=578684 1185063397>1184898025
#ERR Elements not ordered. index=578689 1185083659>1184907281
#ERR Elements not ordered. index=578692 1185105089>1184914372
#ERR Elements not ordered. index=578694 1185109089>1184919151
#ERR Elements not ordered. index=578697 1185115400>1184929165
#ERR Elements not ordered. index=578700 1185125027>1184937598
#ERR Elements not ordered. index=578702 1185128658>1184939924
#ERR Elements not ordered. index=578705 1185155570>1185130850
#ERR Elements not ordered. index=578706 1185130850>1184944273
#ERR Elements not ordered. index=578707 1184944273>986075826
#ERR Elements not ordered. index=578709 1184949229>1184722513
#ERR The link between Val and Key arrays in incorrect. index=578125 wrong_key=1183469644 val=68046 correct_key_pointed_by_val=1183763915
