#HEADER size:1048576
#BEGIN Y:2016 M:09 D:13 Time:02:33:09
#IT Ite:0 KerTime:2.792075 AccTime:2.792075
#ERR The histogram from element 1008982 differs. srcHist=0 dstHist=1

#ERR The histogram from element 1779028771 differs. srcHist=1 dstHist=2

#ERR The histogram from element 1779120439 differs. srcHist=1 dstHist=0

#ERR The histogram from element 1779269195 differs. srcHist=1 dstHist=2

#ERR The histogram from element 1779271230 differs. srcHist=1 dstHist=2

#ERR The histogram from element 1779275286 differs. srcHist=1 dstHist=2

#ERR The histogram from element 1779281264 differs. srcHist=1 dstHist=2

#ERR The histogram from element 1779295756 differs. srcHist=1 dstHist=2

#ERR The histogram from element 1779307794 differs. srcHist=1 dstHist=2

#ERR The histogram from element 1779327592 differs. srcHist=1 dstHist=2

#ERR The histogram from element 1779330533 differs. srcHist=1 dstHist=2

#ERR The histogram from element 1779336578 differs. srcHist=1 dstHist=2

#ERR The histogram from element 1779342163 differs. srcHist=1 dstHist=2

#ERR The histogram from element 1779356464 differs. srcHist=1 dstHist=2

#ERR The histogram from element 1779369522 differs. srcHist=1 dstHist=2

#ERR The histogram from element 1779383558 differs. srcHist=1 dstHist=2

#ERR The histogram from element 1779387030 differs. srcHist=1 dstHist=2

#ERR The histogram from element 1779397610 differs. srcHist=1 dstHist=2

#ERR The histogram from element 1779397866 differs. srcHist=1 dstHist=2

#ERR The histogram from element 1779407065 differs. srcHist=1 dstHist=2

#ERR The histogram from element 1779412068 differs. srcHist=1 dstHist=2

#ERR The histogram from element 1779464106 differs. srcHist=1 dstHist=2

#ERR The histogram from element 1779533487 differs. srcHist=1 dstHist=0

#ERR The histogram from element 1779535963 differs. srcHist=1 dstHist=0

#ERR The histogram from element 1779542652 differs. srcHist=1 dstHist=0

#ERR The histogram from element 1779543985 differs. srcHist=1 dstHist=0

#ERR The histogram from element 1779555207 differs. srcHist=1 dstHist=0

#ERR The histogram from element 1779555357 differs. srcHist=1 dstHist=0

#ERR The histogram from element 1779556069 differs. srcHist=1 dstHist=0

#ERR The histogram from element 1779560693 differs. srcHist=1 dstHist=0

#ERR The histogram from element 1779571249 differs. srcHist=1 dstHist=0

#ERR The histogram from element 1779577331 differs. srcHist=1 dstHist=0

#ERR The histogram from element 1779580781 differs. srcHist=1 dstHist=0

#ERR The histogram from element 1779583035 differs. srcHist=1 dstHist=0

#ERR The histogram from element 1779594145 differs. srcHist=1 dstHist=0

#ERR The histogram from element 1779613667 differs. srcHist=1 dstHist=0

#ERR The histogram from element 1779613962 differs. srcHist=1 dstHist=0

#ERR The histogram from element 1779628120 differs. srcHist=1 dstHist=0

#ERR The histogram from element 1779643540 differs. srcHist=1 dstHist=0

#ERR The histogram from element 1779644034 differs. srcHist=1 dstHist=0

#ERR The histogram from element 1779664161 differs. srcHist=1 dstHist=0

#ERR The histogram from element 1779827352 differs. srcHist=1 dstHist=0

#ERR The histogram from element 1779856285 differs. srcHist=1 dstHist=0

#ERR The histogram from element 1779865798 differs. srcHist=1 dstHist=0

#ERR The histogram from element 1779905807 differs. srcHist=1 dstHist=0

#ERR The histogram from element 1779907166 differs. srcHist=1 dstHist=2

#ERR The histogram from element 1779945490 differs. srcHist=1 dstHist=0

#ERR The histogram from element 1779988216 differs. srcHist=1 dstHist=2

#ERR The histogram from element 1780035736 differs. srcHist=1 dstHist=2

#ERR The histogram from element 1780145394 differs. srcHist=1 dstHist=2

#ERR The histogram from element 1784808351 differs. srcHist=1 dstHist=2

#ERR The histogram from element 1784846368 differs. srcHist=1 dstHist=2

#ERR The histogram from element 1784852933 differs. srcHist=1 dstHist=0

#ERR The histogram from element 1784920968 differs. srcHist=1 dstHist=0

#ERR The histogram from element 1784921248 differs. srcHist=1 dstHist=0

#ERR The histogram from element 1784941238 differs. srcHist=1 dstHist=0

#ERR The histogram from element 1784946030 differs. srcHist=1 dstHist=0

#ERR The histogram from element 1784958060 differs. srcHist=1 dstHist=2

#ERR The histogram from element 1784968294 differs. srcHist=1 dstHist=2

#ERR The histogram from element 1784976696 differs. srcHist=1 dstHist=2

#ERR The histogram from element 1785138925 differs. srcHist=1 dstHist=2

#ERR The histogram from element 1785257062 differs. srcHist=1 dstHist=0

#ERR The histogram from element 1785341737 differs. srcHist=1 dstHist=0

#ERR The histogram from element 1785450862 differs. srcHist=1 dstHist=2

#ERR The histogram from element 1785672168 differs. srcHist=1 dstHist=0

#ERR The histogram from element 1785851745 differs. srcHist=1 dstHist=0

#ERR The histogram from element 1785875230 differs. srcHist=1 dstHist=2

#ERR The histogram from element 1786101626 differs. srcHist=1 dstHist=2

#ERR Elements not ordered. index=868697 1779116527>1779028771
#ERR Elements not ordered. index=868882 1779522745>1779269195
#ERR Elements not ordered. index=868886 1779534705>1779281264
#ERR Elements not ordered. index=868888 1779541330>1779295756
#ERR Elements not ordered. index=868890 1779542887>1779307794
#ERR Elements not ordered. index=868893 1779545386>1779327592
#ERR Elements not ordered. index=868897 1779555204>1779336578
#ERR Elements not ordered. index=868899 1779464106>1779342163
#ERR Elements not ordered. index=868903 1779566386>1779369522
#ERR Elements not ordered. index=868907 1779575265>1779397610
#ERR Elements not ordered. index=868911 1779582471>1779412068
#ERR Elements not ordered. index=868914 1779588565>1779524531
#ERR Elements not ordered. index=868920 1779603590>1779547674
#ERR Elements not ordered. index=868927 1779612123>1779572179
#ERR Elements not ordered. index=868930 1779614139>1779578125
#ERR Elements not ordered. index=868934 1779626960>1779598419
#ERR Elements not ordered. index=868939 1779634410>1779617067
#ERR Elements not ordered. index=868942 1779641142>1779631982
#ERR Elements not ordered. index=868946 1779644321>1779643850
#ERR Elements not ordered. index=868948 1779649030>1779647560
#ERR Elements not ordered. index=869049 1779825187>1008982
#ERR Elements not ordered. index=869071 1779988216>1779862143
#ERR Elements not ordered. index=869098 1780145394>1779907166
#ERR Elements not ordered. index=869120 1780035736>1779945668
#ERR Elements not ordered. index=871530 1784918399>1784808351
#ERR Elements not ordered. index=871536 1784958060>1784934328
#ERR Elements not ordered. index=871538 1784968294>1784940069
#ERR Elements not ordered. index=871540 1784976696>1784934377
#ERR Elements not ordered. index=871544 1784952829>1784945404
#ERR Elements not ordered. index=871723 1785272408>1785271966
#ERR Elements not ordered. index=871728 1785278557>1785138925
#ERR Elements not ordered. index=871758 1785450862>1785342564
#ERR Elements not ordered. index=871902 1785875230>1785684195
#ERR Elements not ordered. index=871976 1786101626>1785854003
