#HEADER size:1048576
#BEGIN Y:2016 M:09 D:13 Time:04:19:31
#IT Ite:0 KerTime:2.793787 AccTime:2.793787
#ERR The histogram from element 665927 differs. srcHist=0 dstHist=1

#ERR The histogram from element 670884 differs. srcHist=0 dstHist=1

#ERR The histogram from element 685469 differs. srcHist=0 dstHist=1

#ERR The histogram from element 695109 differs. srcHist=0 dstHist=1

#ERR The histogram from element 699946 differs. srcHist=0 dstHist=1

#ERR The histogram from element 707987 differs. srcHist=0 dstHist=1

#ERR The histogram from element 720421 differs. srcHist=0 dstHist=1

#ERR The histogram from element 722204 differs. srcHist=0 dstHist=1

#ERR The histogram from element 752942 differs. srcHist=0 dstHist=1

#ERR The histogram from element 780136 differs. srcHist=0 dstHist=1

#ERR The histogram from element 633239991 differs. srcHist=1 dstHist=2

#ERR The histogram from element 633242559 differs. srcHist=1 dstHist=2

#ERR The histogram from element 633251528 differs. srcHist=1 dstHist=2

#ERR The histogram from element 633253948 differs. srcHist=1 dstHist=2

#ERR The histogram from element 633266578 differs. srcHist=1 dstHist=2

#ERR The histogram from element 633267824 differs. srcHist=1 dstHist=2

#ERR The histogram from element 633267854 differs. srcHist=1 dstHist=2

#ERR The histogram from element 633271246 differs. srcHist=1 dstHist=2

#ERR The histogram from element 633271431 differs. srcHist=1 dstHist=2

#ERR The histogram from element 633276296 differs. srcHist=1 dstHist=2

#ERR The histogram from element 633283046 differs. srcHist=1 dstHist=2

#ERR The histogram from element 633285730 differs. srcHist=1 dstHist=2

#ERR The histogram from element 633393721 differs. srcHist=1 dstHist=2

#ERR The histogram from element 633393999 differs. srcHist=1 dstHist=2

#ERR The histogram from element 633394944 differs. srcHist=1 dstHist=2

#ERR The histogram from element 633395313 differs. srcHist=1 dstHist=2

#ERR The histogram from element 633397111 differs. srcHist=1 dstHist=2

#ERR The histogram from element 633404183 differs. srcHist=1 dstHist=2

#ERR The histogram from element 786792299 differs. srcHist=1 dstHist=2

#ERR The histogram from element 786798119 differs. srcHist=1 dstHist=2

#ERR The histogram from element 786811884 differs. srcHist=1 dstHist=2

#ERR The histogram from element 786812509 differs. srcHist=1 dstHist=2

#ERR The histogram from element 786815354 differs. srcHist=1 dstHist=2

#ERR The histogram from element 786833037 differs. srcHist=1 dstHist=2

#ERR The histogram from element 786885960 differs. srcHist=1 dstHist=0

#ERR The histogram from element 786893344 differs. srcHist=1 dstHist=0

#ERR The histogram from element 786902308 differs. srcHist=1 dstHist=0

#ERR The histogram from element 786909478 differs. srcHist=1 dstHist=0

#ERR The histogram from element 786931138 differs. srcHist=1 dstHist=2

#ERR The histogram from element 786937287 differs. srcHist=1 dstHist=0

#ERR The histogram from element 786947727 differs. srcHist=1 dstHist=0

#ERR The histogram from element 786953357 differs. srcHist=1 dstHist=2

#ERR The histogram from element 786955135 differs. srcHist=1 dstHist=0

#ERR The histogram from element 786956746 differs. srcHist=1 dstHist=2

#ERR The histogram from element 786961507 differs. srcHist=1 dstHist=0

#ERR The histogram from element 786973922 differs. srcHist=1 dstHist=2

#ERR The histogram from element 786984780 differs. srcHist=1 dstHist=2

#ERR The histogram from element 786990572 differs. srcHist=1 dstHist=2

#ERR The histogram from element 787105056 differs. srcHist=1 dstHist=0

#ERR The histogram from element 787112811 differs. srcHist=1 dstHist=0

#ERR The histogram from element 787122810 differs. srcHist=1 dstHist=0

#ERR The histogram from element 787123328 differs. srcHist=1 dstHist=0

#ERR The histogram from element 787128328 differs. srcHist=1 dstHist=0

#ERR The histogram from element 787131545 differs. srcHist=1 dstHist=0

#ERR The histogram from element 787169244 differs. srcHist=1 dstHist=0

#ERR The histogram from element 787189775 differs. srcHist=1 dstHist=0

#ERR The histogram from element 787198588 differs. srcHist=1 dstHist=0

#ERR The histogram from element 787212844 differs. srcHist=1 dstHist=0

#ERR The histogram from element 787216535 differs. srcHist=1 dstHist=0

#ERR The histogram from element 787266158 differs. srcHist=1 dstHist=0

#ERR The histogram from element 787285030 differs. srcHist=1 dstHist=0

#ERR The histogram from element 787299150 differs. srcHist=1 dstHist=0

#ERR The histogram from element 787330568 differs. srcHist=1 dstHist=0

#ERR The histogram from element 787335258 differs. srcHist=1 dstHist=0

#ERR The histogram from element 787361763 differs. srcHist=1 dstHist=2

#ERR The histogram from element 787372935 differs. srcHist=1 dstHist=0

#ERR The histogram from element 787380783 differs. srcHist=1 dstHist=0

#ERR The histogram from element 787384634 differs. srcHist=1 dstHist=2

#ERR The histogram from element 787384809 differs. srcHist=1 dstHist=0

#ERR The histogram from element 787389424 differs. srcHist=1 dstHist=0

#ERR The histogram from element 787392384 differs. srcHist=1 dstHist=0

#ERR The histogram from element 787406970 differs. srcHist=1 dstHist=0

#ERR The histogram from element 787416498 differs. srcHist=1 dstHist=0

#ERR The histogram from element 787447051 differs. srcHist=1 dstHist=0

#ERR The histogram from element 787456704 differs. srcHist=1 dstHist=0

#ERR The histogram from element 787485632 differs. srcHist=1 dstHist=2

#ERR The histogram from element 787486067 differs. srcHist=1 dstHist=0

#ERR The histogram from element 787496892 differs. srcHist=1 dstHist=0

#ERR The histogram from element 787499426 differs. srcHist=1 dstHist=0

#ERR The histogram from element 787515648 differs. srcHist=1 dstHist=0

#ERR The histogram from element 787524228 differs. srcHist=1 dstHist=0

#ERR The histogram from element 787525259 differs. srcHist=1 dstHist=0

#ERR The histogram from element 787546368 differs. srcHist=1 dstHist=2

#ERR The histogram from element 787549480 differs. srcHist=1 dstHist=0

#ERR The histogram from element 787555718 differs. srcHist=1 dstHist=0

#ERR The histogram from element 787578118 differs. srcHist=1 dstHist=0

#ERR The histogram from element 787653109 differs. srcHist=1 dstHist=0

#ERR The histogram from element 787654929 differs. srcHist=1 dstHist=0

#ERR The histogram from element 787664224 differs. srcHist=1 dstHist=0

#ERR The histogram from element 787674483 differs. srcHist=1 dstHist=2

#ERR Elements not ordered. index=384485 786890735>786890013
#ERR Elements not ordered. index=384487 786897448>786892921
#ERR Elements not ordered. index=384489 786907272>786897336
#ERR Elements not ordered. index=384495 786931138>786915139
#ERR Elements not ordered. index=384499 786953357>786922685
#ERR Elements not ordered. index=384501 786956746>786930211
#ERR Elements not ordered. index=384504 786966361>786934627
#ERR Elements not ordered. index=384506 786973922>786940598
#ERR Elements not ordered. index=384509 786984780>786951657
#ERR Elements not ordered. index=384511 786990572>633239991
#ERR Elements not ordered. index=384516 786961322>633251528
#ERR Elements not ordered. index=384520 786966205>633266578
#ERR Elements not ordered. index=384529 786983910>633276296
#ERR Elements not ordered. index=384553 787101800>786792299
#ERR Elements not ordered. index=384555 787110924>786798119
#ERR Elements not ordered. index=384581 787266619>633393721
#ERR Elements not ordered. index=384583 787224628>633393999
#ERR Elements not ordered. index=384594 787284223>685469
#ERR Elements not ordered. index=384597 787286675>665927
#ERR Elements not ordered. index=384600 787354614>670884
#ERR Elements not ordered. index=384604 787384634>695109
#ERR Elements not ordered. index=384606 720421>707987
#ERR Elements not ordered. index=384608 787485632>722204
#ERR Elements not ordered. index=384609 722204>699946
#ERR Elements not ordered. index=384613 787546368>787358758
#ERR Elements not ordered. index=384618 787619086>787384634
#ERR Elements not ordered. index=384620 787658915>787396640
#ERR Elements not ordered. index=384622 787674483>786931138
#ERR Elements not ordered. index=384624 787515529>787443471
#ERR Elements not ordered. index=384625 787443471>786949580
#ERR Elements not ordered. index=384628 787546368>786956746
#ERR Elements not ordered. index=384631 787556911>787485632
#ERR Elements not ordered. index=384632 787485632>786972500
#ERR Elements not ordered. index=384636 787514823>786984780
