#HEADER size:1048576
#BEGIN Y:2016 M:09 D:12 Time:23:56:53
#IT Ite:0 KerTime:2.794299 AccTime:2.794299
#ERR The histogram from element 527664 differs. srcHist=0 dstHist=1

#ERR The histogram from element 699131 differs. srcHist=0 dstHist=1

#ERR The histogram from element 720886 differs. srcHist=0 dstHist=1

#ERR The histogram from element 787780 differs. srcHist=0 dstHist=1

#ERR The histogram from element 915065 differs. srcHist=0 dstHist=1

#ERR The histogram from element 769163321 differs. srcHist=1 dstHist=2

#ERR The histogram from element 769170150 differs. srcHist=1 dstHist=2

#ERR The histogram from element 769171635 differs. srcHist=1 dstHist=2

#ERR The histogram from element 769174429 differs. srcHist=1 dstHist=2

#ERR The histogram from element 769177152 differs. srcHist=1 dstHist=2

#ERR The histogram from element 769178931 differs. srcHist=1 dstHist=2

#ERR The histogram from element 769184790 differs. srcHist=1 dstHist=2

#ERR The histogram from element 769188301 differs. srcHist=1 dstHist=2

#ERR The histogram from element 769192032 differs. srcHist=1 dstHist=2

#ERR The histogram from element 769192661 differs. srcHist=1 dstHist=2

#ERR The histogram from element 808919396 differs. srcHist=1 dstHist=2

#ERR The histogram from element 881895206 differs. srcHist=1 dstHist=0

#ERR The histogram from element 881953345 differs. srcHist=1 dstHist=0

#ERR The histogram from element 882014474 differs. srcHist=1 dstHist=0

#ERR The histogram from element 882018496 differs. srcHist=1 dstHist=0

#ERR The histogram from element 882037169 differs. srcHist=1 dstHist=0

#ERR The histogram from element 882089541 differs. srcHist=1 dstHist=0

#ERR The histogram from element 882092023 differs. srcHist=1 dstHist=0

#ERR The histogram from element 882096150 differs. srcHist=1 dstHist=0

#ERR The histogram from element 882156546 differs. srcHist=1 dstHist=2

#ERR The histogram from element 882187249 differs. srcHist=1 dstHist=2

#ERR The histogram from element 882197616 differs. srcHist=1 dstHist=2

#ERR The histogram from element 882200129 differs. srcHist=1 dstHist=2

#ERR The histogram from element 882206034 differs. srcHist=1 dstHist=2

#ERR The histogram from element 882208167 differs. srcHist=1 dstHist=0

#ERR The histogram from element 882219572 differs. srcHist=1 dstHist=0

#ERR The histogram from element 882219635 differs. srcHist=1 dstHist=0

#ERR The histogram from element 882222690 differs. srcHist=1 dstHist=2

#ERR The histogram from element 882225943 differs. srcHist=1 dstHist=2

#ERR The histogram from element 882226631 differs. srcHist=1 dstHist=2

#ERR The histogram from element 882241373 differs. srcHist=1 dstHist=0

#ERR The histogram from element 882244289 differs. srcHist=1 dstHist=2

#ERR The histogram from element 882250691 differs. srcHist=1 dstHist=2

#ERR The histogram from element 882272034 differs. srcHist=1 dstHist=2

#ERR The histogram from element 882278887 differs. srcHist=1 dstHist=2

#ERR The histogram from element 882284695 differs. srcHist=1 dstHist=2

#ERR The histogram from element 882285040 differs. srcHist=1 dstHist=2

#ERR The histogram from element 882301316 differs. srcHist=1 dstHist=2

#ERR The histogram from element 882308368 differs. srcHist=1 dstHist=2

#ERR The histogram from element 882387188 differs. srcHist=1 dstHist=0

#ERR The histogram from element 882452823 differs. srcHist=1 dstHist=0

#ERR The histogram from element 882453048 differs. srcHist=1 dstHist=2

#ERR The histogram from element 882455104 differs. srcHist=1 dstHist=0

#ERR The histogram from element 882461205 differs. srcHist=1 dstHist=0

#ERR The histogram from element 882485429 differs. srcHist=1 dstHist=0

#ERR The histogram from element 882580926 differs. srcHist=1 dstHist=2

#ERR The histogram from element 882677288 differs. srcHist=1 dstHist=0

#ERR The histogram from element 882746994 differs. srcHist=1 dstHist=2

#ERR The histogram from element 882754437 differs. srcHist=1 dstHist=2

#ERR The histogram from element 882791053 differs. srcHist=1 dstHist=0

#ERR The histogram from element 882820549 differs. srcHist=1 dstHist=0

#ERR The histogram from element 882843087 differs. srcHist=1 dstHist=0

#ERR The histogram from element 882847412 differs. srcHist=1 dstHist=0

#ERR The histogram from element 882857742 differs. srcHist=1 dstHist=0

#ERR The histogram from element 882859971 differs. srcHist=1 dstHist=0

#ERR The histogram from element 882867885 differs. srcHist=1 dstHist=0

#ERR The histogram from element 882868114 differs. srcHist=1 dstHist=0

#ERR The histogram from element 882872281 differs. srcHist=1 dstHist=0

#ERR The histogram from element 882887803 differs. srcHist=1 dstHist=0

#ERR The histogram from element 882897300 differs. srcHist=1 dstHist=0

#ERR The histogram from element 882909451 differs. srcHist=1 dstHist=0

#ERR The histogram from element 882914166 differs. srcHist=1 dstHist=0

#ERR The histogram from element 882935645 differs. srcHist=1 dstHist=0

#ERR The histogram from element 882943625 differs. srcHist=1 dstHist=0

#ERR The histogram from element 882946561 differs. srcHist=1 dstHist=0

#ERR The histogram from element 882963848 differs. srcHist=1 dstHist=0

#ERR The histogram from element 882970026 differs. srcHist=1 dstHist=0

#ERR The histogram from element 882972926 differs. srcHist=1 dstHist=0

#ERR The histogram from element 882982237 differs. srcHist=1 dstHist=0

#ERR The histogram from element 883010236 differs. srcHist=1 dstHist=0

#ERR The histogram from element 883019198 differs. srcHist=1 dstHist=0

#ERR The histogram from element 883023670 differs. srcHist=1 dstHist=0

#ERR The histogram from element 883026095 differs. srcHist=1 dstHist=0

#ERR The histogram from element 883041364 differs. srcHist=1 dstHist=0

#ERR The histogram from element 883044444 differs. srcHist=1 dstHist=0

#ERR The histogram from element 883059069 differs. srcHist=1 dstHist=0

#ERR The histogram from element 883060191 differs. srcHist=1 dstHist=0

#ERR The histogram from element 883088416 differs. srcHist=1 dstHist=0

#ERR The histogram from element 883095110 differs. srcHist=1 dstHist=0

#ERR The histogram from element 883097335 differs. srcHist=1 dstHist=0

#ERR The histogram from element 883108720 differs. srcHist=1 dstHist=0

#ERR The histogram from element 883113851 differs. srcHist=1 dstHist=0

#ERR The histogram from element 883142082 differs. srcHist=1 dstHist=0

#ERR The histogram from element 883162388 differs. srcHist=1 dstHist=0

#ERR The histogram from element 883165865 differs. srcHist=1 dstHist=0

#ERR The histogram from element 883181238 differs. srcHist=1 dstHist=0

#ERR The histogram from element 883183453 differs. srcHist=1 dstHist=0

#ERR The histogram from element 883186301 differs. srcHist=1 dstHist=0

#ERR The histogram from element 883188710 differs. srcHist=1 dstHist=0

#ERR The histogram from element 883192299 differs. srcHist=1 dstHist=0

#ERR The histogram from element 883194324 differs. srcHist=1 dstHist=0

#ERR The histogram from element 883194631 differs. srcHist=1 dstHist=3

#ERR The histogram from element 883195755 differs. srcHist=1 dstHist=2

#ERR The histogram from element 883196168 differs. srcHist=1 dstHist=0

#ERR The histogram from element 883199360 differs. srcHist=1 dstHist=3

#ERR The histogram from element 883201559 differs. srcHist=1 dstHist=2

#ERR The histogram from element 883210514 differs. srcHist=1 dstHist=2

#ERR The histogram from element 883229232 differs. srcHist=1 dstHist=3

#ERR The histogram from element 883234558 differs. srcHist=1 dstHist=3

#ERR The histogram from element 883244308 differs. srcHist=1 dstHist=0

#ERR The histogram from element 883248106 differs. srcHist=1 dstHist=2

#ERR The histogram from element 883248964 differs. srcHist=1 dstHist=2

#ERR The histogram from element 883249219 differs. srcHist=1 dstHist=2

#ERR The histogram from element 883261752 differs. srcHist=1 dstHist=0

#ERR The histogram from element 883263653 differs. srcHist=1 dstHist=2

#ERR The histogram from element 883271958 differs. srcHist=1 dstHist=2

#ERR The histogram from element 883276969 differs. srcHist=1 dstHist=2

#ERR The histogram from element 883285103 differs. srcHist=1 dstHist=2

#ERR The histogram from element 883285175 differs. srcHist=1 dstHist=2

#ERR The histogram from element 883293159 differs. srcHist=1 dstHist=2

#ERR The histogram from element 883298886 differs. srcHist=1 dstHist=2

#ERR The histogram from element 883303779 differs. srcHist=1 dstHist=2

#ERR The histogram from element 883306742 differs. srcHist=1 dstHist=2

#ERR The histogram from element 883314905 differs. srcHist=1 dstHist=2

#ERR The histogram from element 883327398 differs. srcHist=1 dstHist=2

#ERR The histogram from element 883329683 differs. srcHist=1 dstHist=2

#ERR The histogram from element 883332529 differs. srcHist=1 dstHist=2

#ERR The histogram from element 883333647 differs. srcHist=1 dstHist=2

#ERR The histogram from element 883342308 differs. srcHist=1 dstHist=3

#ERR The histogram from element 883344395 differs. srcHist=1 dstHist=2

#ERR The histogram from element 883355401 differs. srcHist=1 dstHist=2

#ERR The histogram from element 883357288 differs. srcHist=1 dstHist=2

#ERR The histogram from element 883363782 differs. srcHist=1 dstHist=3

#ERR The histogram from element 883367586 differs. srcHist=1 dstHist=3

#ERR The histogram from element 883369455 differs. srcHist=1 dstHist=2

#ERR The histogram from element 883372569 differs. srcHist=1 dstHist=2

#ERR The histogram from element 883374883 differs. srcHist=1 dstHist=2

#ERR The histogram from element 883377843 differs. srcHist=1 dstHist=2

#ERR The histogram from element 883400131 differs. srcHist=1 dstHist=2

#ERR The histogram from element 883515762 differs. srcHist=1 dstHist=2

#ERR The histogram from element 883534139 differs. srcHist=1 dstHist=3

#ERR The histogram from element 883549734 differs. srcHist=1 dstHist=2

#ERR The histogram from element 883576083 differs. srcHist=1 dstHist=2

#ERR The histogram from element 883588387 differs. srcHist=1 dstHist=0

#ERR The histogram from element 883598186 differs. srcHist=1 dstHist=0

#ERR The histogram from element 883605884 differs. srcHist=1 dstHist=2

#ERR The histogram from element 883608877 differs. srcHist=1 dstHist=2

#ERR The histogram from element 883628723 differs. srcHist=1 dstHist=0

#ERR The histogram from element 883639418 differs. srcHist=1 dstHist=0

#ERR The histogram from element 883647240 differs. srcHist=1 dstHist=0

#ERR The histogram from element 883651800 differs. srcHist=1 dstHist=0

#ERR The histogram from element 883651970 differs. srcHist=1 dstHist=0

#ERR The histogram from element 883654252 differs. srcHist=1 dstHist=0

#ERR The histogram from element 883654687 differs. srcHist=1 dstHist=0

#ERR The histogram from element 883657030 differs. srcHist=1 dstHist=0

#ERR The histogram from element 883660385 differs. srcHist=1 dstHist=0

#ERR The histogram from element 883661121 differs. srcHist=1 dstHist=0

#ERR The histogram from element 883679660 differs. srcHist=1 dstHist=0

#ERR The histogram from element 883680826 differs. srcHist=1 dstHist=0

#ERR The histogram from element 883695825 differs. srcHist=1 dstHist=0

#ERR The histogram from element 883707231 differs. srcHist=1 dstHist=0

#ERR The histogram from element 883708528 differs. srcHist=1 dstHist=0

#ERR The histogram from element 883715904 differs. srcHist=1 dstHist=2

#ERR The histogram from element 883749616 differs. srcHist=1 dstHist=0

#ERR The histogram from element 883759125 differs. srcHist=1 dstHist=0

#ERR The histogram from element 883763298 differs. srcHist=1 dstHist=0

#ERR The histogram from element 883763599 differs. srcHist=1 dstHist=0

#ERR The histogram from element 883763609 differs. srcHist=1 dstHist=2

#ERR The histogram from element 883775339 differs. srcHist=1 dstHist=0

#ERR The histogram from element 883782150 differs. srcHist=1 dstHist=0

#ERR The histogram from element 883791470 differs. srcHist=1 dstHist=0

#ERR The histogram from element 883800109 differs. srcHist=1 dstHist=0

#ERR The histogram from element 883810712 differs. srcHist=1 dstHist=0

#ERR The histogram from element 883826065 differs. srcHist=1 dstHist=2

#ERR The histogram from element 883834260 differs. srcHist=1 dstHist=2

#ERR The histogram from element 883835667 differs. srcHist=1 dstHist=0

#ERR The histogram from element 883837856 differs. srcHist=1 dstHist=0

#ERR The histogram from element 883852383 differs. srcHist=1 dstHist=0

#ERR The histogram from element 883875973 differs. srcHist=1 dstHist=2

#ERR The histogram from element 883882181 differs. srcHist=1 dstHist=2

#ERR The histogram from element 883891159 differs. srcHist=1 dstHist=2

#ERR The histogram from element 883891460 differs. srcHist=1 dstHist=2

#ERR The histogram from element 883900314 differs. srcHist=1 dstHist=2

#ERR The histogram from element 883934616 differs. srcHist=1 dstHist=2

#ERR The histogram from element 884327087 differs. srcHist=1 dstHist=0

#ERR The histogram from element 884372936 differs. srcHist=1 dstHist=0

#ERR The histogram from element 884389341 differs. srcHist=1 dstHist=0

#ERR The histogram from element 884395990 differs. srcHist=1 dstHist=0

#ERR The histogram from element 884422549 differs. srcHist=1 dstHist=0

#ERR The histogram from element 884477656 differs. srcHist=1 dstHist=0

#ERR The histogram from element 884478153 differs. srcHist=1 dstHist=0

#ERR The histogram from element 884498271 differs. srcHist=1 dstHist=0

#ERR The histogram from element 884499978 differs. srcHist=1 dstHist=2

#ERR The histogram from element 884514282 differs. srcHist=1 dstHist=2

#ERR The histogram from element 884521363 differs. srcHist=1 dstHist=0

#ERR The histogram from element 884523648 differs. srcHist=1 dstHist=0

#ERR The histogram from element 884556095 differs. srcHist=1 dstHist=2

#ERR The histogram from element 884557262 differs. srcHist=1 dstHist=2

#ERR The histogram from element 884598118 differs. srcHist=1 dstHist=2

#ERR The histogram from element 884718339 differs. srcHist=1 dstHist=2

#ERR The histogram from element 884836254 differs. srcHist=1 dstHist=2

#ERR Elements not ordered. index=430893 882197616>882156546
#ERR Elements not ordered. index=430907 882308368>882187249
#ERR Elements not ordered. index=430911 882363117>882197616
#ERR Elements not ordered. index=430919 882451245>882222690
#ERR Elements not ordered. index=430921 882453048>882225943
#ERR Elements not ordered. index=430926 882481622>882244289
#ERR Elements not ordered. index=430928 882490193>881894561
#ERR Elements not ordered. index=430930 882250691>881911605
#ERR Elements not ordered. index=430936 882272034>881981356
#ERR Elements not ordered. index=430943 882285040>882055761
#ERR Elements not ordered. index=430949 882310117>882102235
#ERR Elements not ordered. index=430978 882373145>882209483
#ERR Elements not ordered. index=430982 882407992>882220168
#ERR Elements not ordered. index=430988 882453048>882241625
#ERR Elements not ordered. index=431195 882754437>882677040
#ERR Elements not ordered. index=431196 882677040>882675329
#ERR Elements not ordered. index=431255 882790346>882746994
#ERR Elements not ordered. index=431273 882815943>808919396
#ERR Elements not ordered. index=431433 883249219>883194631
#ERR Elements not ordered. index=431436 883263653>883199360
#ERR Elements not ordered. index=431439 883271958>883210514
#ERR Elements not ordered. index=431441 883276969>883229232
#ERR Elements not ordered. index=431444 883285103>883241033
#ERR Elements not ordered. index=431447 883298886>883194032
#ERR Elements not ordered. index=431449 883306742>883194631
#ERR Elements not ordered. index=431451 883195755>882580926
#ERR Elements not ordered. index=431458 883329683>883285175
#ERR Elements not ordered. index=431459 883285175>883218870
#ERR Elements not ordered. index=431462 883333647>883303779
#ERR Elements not ordered. index=431465 883344395>883314905
#ERR Elements not ordered. index=431466 883314905>883229232
#ERR Elements not ordered. index=431470 883363782>883342308
#ERR Elements not ordered. index=431473 883369455>883357288
#ERR Elements not ordered. index=431477 883377843>883372569
#ERR Elements not ordered. index=431479 883374883>883248106
#ERR Elements not ordered. index=431485 883400131>883257585
#ERR Elements not ordered. index=431621 883624429>883562218
#ERR Elements not ordered. index=431630 883671932>883571326
#ERR Elements not ordered. index=431634 883672505>883534139
#ERR Elements not ordered. index=431636 883579938>883576083
#ERR Elements not ordered. index=431637 883576083>769163321
#ERR Elements not ordered. index=431639 883577349>769170150
#ERR Elements not ordered. index=431642 883590524>769174429
#ERR Elements not ordered. index=431645 883591877>769177152
#ERR Elements not ordered. index=431649 883600464>769184790
#ERR Elements not ordered. index=431651 883604447>883515762
#ERR Elements not ordered. index=431652 883515762>769188301
#ERR Elements not ordered. index=431654 883605884>769192032
#ERR Elements not ordered. index=431656 883608877>769192661
#ERR Elements not ordered. index=431701 883715904>883708976
#ERR Elements not ordered. index=431741 883891460>883763609
#ERR Elements not ordered. index=431743 883900314>883826065
#ERR Elements not ordered. index=431745 883834260>883809506
#ERR Elements not ordered. index=431746 883809506>883805521
#ERR Elements not ordered. index=431748 883845319>883809559
#ERR Elements not ordered. index=431757 883824136>915065
#ERR Elements not ordered. index=431759 883827983>720886
#ERR Elements not ordered. index=431761 883836025>883826065
#ERR Elements not ordered. index=431767 884598118>883853548
#ERR Elements not ordered. index=432005 884325225>884323482
#ERR Elements not ordered. index=432008 884325692>699131
#ERR Elements not ordered. index=432018 884343096>527664
#ERR Elements not ordered. index=432045 884718339>884396854
#ERR Elements not ordered. index=432060 884836254>884423712
#ERR Elements not ordered. index=432092 884490929>883934616
#ERR Elements not ordered. index=432094 884499978>884491201
#ERR Elements not ordered. index=432098 884514282>884497986
#ERR Elements not ordered. index=432099 884497986>884496119
#ERR Elements not ordered. index=432112 884557262>884520440
#ERR Elements not ordered. index=432113 884520440>884519427
#ERR The link between Val and Key arrays in incorrect. index=430930 wrong_key=882250691 val=133977 correct_key_pointed_by_val=881895206
#ERR The link between Val and Key arrays in incorrect. index=430936 wrong_key=882272034 val=240518 correct_key_pointed_by_val=881953345
#ERR The link between Val and Key arrays in incorrect. index=430941 wrong_key=882278887 val=194917 correct_key_pointed_by_val=882014474
#ERR The link between Val and Key arrays in incorrect. index=430942 wrong_key=882284695 val=32648 correct_key_pointed_by_val=882018496
#ERR The link between Val and Key arrays in incorrect. index=430943 wrong_key=882285040 val=251350 correct_key_pointed_by_val=882037169
#ERR The link between Val and Key arrays in incorrect. index=430947 wrong_key=882301316 val=258458 correct_key_pointed_by_val=882089541
#ERR The link between Val and Key arrays in incorrect. index=430948 wrong_key=882308368 val=240856 correct_key_pointed_by_val=882092023
#ERR The link between Val and Key arrays in incorrect. index=430949 wrong_key=882310117 val=207461 correct_key_pointed_by_val=882096150
#ERR The link between Val and Key arrays in incorrect. index=430978 wrong_key=882373145 val=208636 correct_key_pointed_by_val=882208167
#ERR The link between Val and Key arrays in incorrect. index=430981 wrong_key=882405714 val=193803 correct_key_pointed_by_val=882219572
#ERR The link between Val and Key arrays in incorrect. index=430982 wrong_key=882407992 val=8802 correct_key_pointed_by_val=882219635
#ERR The link between Val and Key arrays in incorrect. index=430988 wrong_key=882453048 val=230304 correct_key_pointed_by_val=882241373
#ERR The link between Val and Key arrays in incorrect. index=431446 wrong_key=883293159 val=232584 correct_key_pointed_by_val=883192299
#ERR The link between Val and Key arrays in incorrect. index=431447 wrong_key=883298886 val=343367 correct_key_pointed_by_val=883192793
#ERR The link between Val and Key arrays in incorrect. index=431449 wrong_key=883306742 val=177895 correct_key_pointed_by_val=883194324
#ERR The link between Val and Key arrays in incorrect. index=431472 wrong_key=883367586 val=324507 correct_key_pointed_by_val=883237069
#ERR The link between Val and Key arrays in incorrect. index=431473 wrong_key=883369455 val=83321 correct_key_pointed_by_val=883241033
#ERR The link between Val and Key arrays in incorrect. index=431477 wrong_key=883377843 val=159545 correct_key_pointed_by_val=883244308
#ERR The link between Val and Key arrays in incorrect. index=431637 wrong_key=883576083 val=181003 correct_key_pointed_by_val=884395990
