#HEADER size:1048576
#BEGIN Y:2016 M:09 D:13 Time:01:51:29
#IT Ite:0 KerTime:2.792059 AccTime:2.792059
#ERR The histogram from element 502545 differs. srcHist=0 dstHist=1

#ERR The histogram from element 558494 differs. srcHist=0 dstHist=1

#ERR The histogram from element 952760 differs. srcHist=0 dstHist=1

#ERR The histogram from element 1641723515 differs. srcHist=1 dstHist=2

#ERR The histogram from element 1693355060 differs. srcHist=1 dstHist=2

#ERR The histogram from element 1693447655 differs. srcHist=1 dstHist=0

#ERR The histogram from element 1693457182 differs. srcHist=1 dstHist=2

#ERR The histogram from element 1693457466 differs. srcHist=1 dstHist=2

#ERR The histogram from element 1693541674 differs. srcHist=1 dstHist=0

#ERR The histogram from element 1693622406 differs. srcHist=1 dstHist=0

#ERR The histogram from element 1693626384 differs. srcHist=1 dstHist=0

#ERR The histogram from element 1693636928 differs. srcHist=1 dstHist=0

#ERR The histogram from element 1693639913 differs. srcHist=1 dstHist=2

#ERR The histogram from element 1693666084 differs. srcHist=1 dstHist=0

#ERR The histogram from element 1693666247 differs. srcHist=1 dstHist=0

#ERR The histogram from element 1693666830 differs. srcHist=1 dstHist=0

#ERR The histogram from element 1693682135 differs. srcHist=1 dstHist=0

#ERR The histogram from element 1693741619 differs. srcHist=1 dstHist=2

#ERR The histogram from element 1693761529 differs. srcHist=1 dstHist=2

#ERR The histogram from element 1693769141 differs. srcHist=1 dstHist=2

#ERR The histogram from element 1693801951 differs. srcHist=1 dstHist=0

#ERR The histogram from element 1693832048 differs. srcHist=1 dstHist=0

#ERR The histogram from element 1693874885 differs. srcHist=1 dstHist=0

#ERR The histogram from element 1693883993 differs. srcHist=1 dstHist=2

#ERR The histogram from element 1693887789 differs. srcHist=1 dstHist=2

#ERR The histogram from element 1693942290 differs. srcHist=1 dstHist=0

#ERR The histogram from element 1693959580 differs. srcHist=1 dstHist=0

#ERR The histogram from element 1693973082 differs. srcHist=1 dstHist=2

#ERR The histogram from element 1694003253 differs. srcHist=1 dstHist=0

#ERR The histogram from element 1694035250 differs. srcHist=1 dstHist=0

#ERR The histogram from element 1694039942 differs. srcHist=1 dstHist=0

#ERR The histogram from element 1694048758 differs. srcHist=1 dstHist=0

#ERR The histogram from element 1694049967 differs. srcHist=1 dstHist=0

#ERR The histogram from element 1694053126 differs. srcHist=1 dstHist=0

#ERR The histogram from element 1694058395 differs. srcHist=1 dstHist=0

#ERR The histogram from element 1694061664 differs. srcHist=1 dstHist=0

#ERR The histogram from element 1694063266 differs. srcHist=1 dstHist=0

#ERR The histogram from element 1694079125 differs. srcHist=1 dstHist=0

#ERR The histogram from element 1694080104 differs. srcHist=1 dstHist=0

#ERR The histogram from element 1694082182 differs. srcHist=1 dstHist=0

#ERR The histogram from element 1694083512 differs. srcHist=1 dstHist=0

#ERR The histogram from element 1694086159 differs. srcHist=1 dstHist=0

#ERR The histogram from element 1694106144 differs. srcHist=1 dstHist=2

#ERR The histogram from element 1694154651 differs. srcHist=1 dstHist=2

#ERR The histogram from element 1694156504 differs. srcHist=1 dstHist=2

#ERR The histogram from element 1694200576 differs. srcHist=1 dstHist=2

#ERR The histogram from element 1694220864 differs. srcHist=1 dstHist=2

#ERR The histogram from element 1694271046 differs. srcHist=1 dstHist=2

#ERR The histogram from element 1694277116 differs. srcHist=1 dstHist=2

#ERR The histogram from element 1694306406 differs. srcHist=1 dstHist=2

#ERR The histogram from element 1694312949 differs. srcHist=1 dstHist=2

#ERR The histogram from element 1694314382 differs. srcHist=1 dstHist=2

#ERR The histogram from element 1694328256 differs. srcHist=1 dstHist=2

#ERR The histogram from element 1694335015 differs. srcHist=1 dstHist=2

#ERR The histogram from element 1694339444 differs. srcHist=1 dstHist=2

#ERR The histogram from element 1694347218 differs. srcHist=1 dstHist=2

#ERR The histogram from element 1694373443 differs. srcHist=1 dstHist=2

#ERR The histogram from element 1694635156 differs. srcHist=1 dstHist=2

#ERR The histogram from element 1694641993 differs. srcHist=1 dstHist=2

#ERR The histogram from element 1694653587 differs. srcHist=1 dstHist=0

#ERR The histogram from element 1694658825 differs. srcHist=1 dstHist=0

#ERR The histogram from element 1694733024 differs. srcHist=1 dstHist=0

#ERR The histogram from element 1694808586 differs. srcHist=1 dstHist=0

#ERR The histogram from element 1694877238 differs. srcHist=1 dstHist=2

#ERR The histogram from element 1694877549 differs. srcHist=1 dstHist=0

#ERR The histogram from element 1695092723 differs. srcHist=1 dstHist=0

#ERR The histogram from element 1695207507 differs. srcHist=1 dstHist=2

#ERR The histogram from element 1695378491 differs. srcHist=1 dstHist=2

#ERR Elements not ordered. index=826700 1693540811>1693355060
#ERR Elements not ordered. index=826738 1694220864>1693875497
#ERR Elements not ordered. index=826741 1693887789>1693610852
#ERR Elements not ordered. index=826759 1693680753>1693671637
#ERR Elements not ordered. index=826760 1693671637>558494
#ERR Elements not ordered. index=826771 1693703119>1693457182
#ERR Elements not ordered. index=826775 1693715622>1693712797
#ERR Elements not ordered. index=826826 1693801732>1693639913
#ERR Elements not ordered. index=826850 1693857330>1693741619
#ERR Elements not ordered. index=826859 1693882160>1693761529
#ERR Elements not ordered. index=826887 1693940448>502545
#ERR Elements not ordered. index=826893 1693973082>1693957040
#ERR Elements not ordered. index=826929 1694018846>1694018572
#ERR Elements not ordered. index=826932 1694106144>1694021276
#ERR Elements not ordered. index=826968 1694156504>1694086659
#ERR Elements not ordered. index=826970 1694271046>1694090651
#ERR Elements not ordered. index=826972 1694277116>1694094463
#ERR Elements not ordered. index=826978 1694312949>1694104103
#ERR Elements not ordered. index=826980 1694314382>1694106144
#ERR Elements not ordered. index=826982 1694200576>1694113167
#ERR Elements not ordered. index=826988 1694335015>1694134520
#ERR Elements not ordered. index=826991 1694347218>1694149372
#ERR Elements not ordered. index=826995 1694373443>1694156504
#ERR Elements not ordered. index=827230 1694877238>1641723515
#ERR Elements not ordered. index=827315 1694808452>1694635156
#ERR Elements not ordered. index=827317 1694808725>1694641993
#ERR Elements not ordered. index=827359 1695378491>1694878454
#ERR Elements not ordered. index=827469 1695207507>1695100632
