#HEADER size:1048576
#BEGIN Y:2016 M:09 D:13 Time:01:11:09
#IT Ite:0 KerTime:2.793850 AccTime:2.793850
#ERR The histogram from element 997718 differs. srcHist=0 dstHist=1

#ERR The histogram from element 515002357 differs. srcHist=1 dstHist=2

#ERR The histogram from element 517223660 differs. srcHist=1 dstHist=2

#ERR The histogram from element 517228947 differs. srcHist=1 dstHist=2

#ERR The histogram from element 517237017 differs. srcHist=1 dstHist=2

#ERR The histogram from element 517244435 differs. srcHist=1 dstHist=2

#ERR The histogram from element 543454692 differs. srcHist=1 dstHist=2

#ERR The histogram from element 594940520 differs. srcHist=1 dstHist=2

#ERR The histogram from element 594963859 differs. srcHist=1 dstHist=2

#ERR The histogram from element 594966247 differs. srcHist=1 dstHist=2

#ERR The histogram from element 594967284 differs. srcHist=1 dstHist=2

#ERR The histogram from element 594973943 differs. srcHist=1 dstHist=2

#ERR The histogram from element 594991580 differs. srcHist=1 dstHist=2

#ERR The histogram from element 594994109 differs. srcHist=1 dstHist=2

#ERR The histogram from element 594998012 differs. srcHist=1 dstHist=2

#ERR The histogram from element 595104244 differs. srcHist=1 dstHist=0

#ERR The histogram from element 595108283 differs. srcHist=1 dstHist=0

#ERR The histogram from element 595110809 differs. srcHist=1 dstHist=0

#ERR The histogram from element 595118885 differs. srcHist=1 dstHist=0

#ERR The histogram from element 595121060 differs. srcHist=1 dstHist=0

#ERR The histogram from element 595128726 differs. srcHist=1 dstHist=0

#ERR The histogram from element 595129835 differs. srcHist=1 dstHist=0

#ERR The histogram from element 595130794 differs. srcHist=1 dstHist=0

#ERR The histogram from element 595136414 differs. srcHist=1 dstHist=0

#ERR The histogram from element 595159644 differs. srcHist=1 dstHist=0

#ERR The histogram from element 595168512 differs. srcHist=1 dstHist=0

#ERR The histogram from element 595169573 differs. srcHist=1 dstHist=0

#ERR The histogram from element 595191370 differs. srcHist=1 dstHist=0

#ERR The histogram from element 595215968 differs. srcHist=1 dstHist=0

#ERR The histogram from element 595218472 differs. srcHist=1 dstHist=0

#ERR The histogram from element 595241669 differs. srcHist=1 dstHist=0

#ERR The histogram from element 595254709 differs. srcHist=1 dstHist=0

#ERR The histogram from element 595258737 differs. srcHist=1 dstHist=0

#ERR The histogram from element 595292111 differs. srcHist=1 dstHist=0

#ERR The histogram from element 595313631 differs. srcHist=1 dstHist=0

#ERR The histogram from element 595325774 differs. srcHist=1 dstHist=0

#ERR The histogram from element 595345693 differs. srcHist=1 dstHist=2

#ERR The histogram from element 595349414 differs. srcHist=1 dstHist=2

#ERR The histogram from element 595352865 differs. srcHist=1 dstHist=0

#ERR The histogram from element 595353429 differs. srcHist=1 dstHist=2

#ERR The histogram from element 595369014 differs. srcHist=1 dstHist=0

#ERR The histogram from element 595377130 differs. srcHist=1 dstHist=2

#ERR The histogram from element 595377846 differs. srcHist=1 dstHist=2

#ERR The histogram from element 595379810 differs. srcHist=1 dstHist=2

#ERR The histogram from element 595383953 differs. srcHist=1 dstHist=2

#ERR The histogram from element 595393462 differs. srcHist=1 dstHist=2

#ERR The histogram from element 595396918 differs. srcHist=1 dstHist=0

#ERR The histogram from element 595400599 differs. srcHist=1 dstHist=2

#ERR The histogram from element 595401511 differs. srcHist=1 dstHist=0

#ERR The histogram from element 595402120 differs. srcHist=1 dstHist=2

#ERR The histogram from element 595406862 differs. srcHist=1 dstHist=2

#ERR The histogram from element 595413986 differs. srcHist=1 dstHist=2

#ERR The histogram from element 595417146 differs. srcHist=1 dstHist=3

#ERR The histogram from element 595425211 differs. srcHist=1 dstHist=3

#ERR The histogram from element 595429239 differs. srcHist=1 dstHist=0

#ERR The histogram from element 595430451 differs. srcHist=1 dstHist=2

#ERR The histogram from element 595442309 differs. srcHist=1 dstHist=2

#ERR The histogram from element 595447192 differs. srcHist=1 dstHist=2

#ERR The histogram from element 595447231 differs. srcHist=1 dstHist=0

#ERR The histogram from element 595447891 differs. srcHist=1 dstHist=2

#ERR The histogram from element 595449508 differs. srcHist=1 dstHist=3

#ERR The histogram from element 595454270 differs. srcHist=1 dstHist=2

#ERR The histogram from element 595459415 differs. srcHist=1 dstHist=2

#ERR The histogram from element 595460531 differs. srcHist=1 dstHist=2

#ERR The histogram from element 595460570 differs. srcHist=1 dstHist=2

#ERR The histogram from element 595461433 differs. srcHist=1 dstHist=0

#ERR The histogram from element 595462036 differs. srcHist=1 dstHist=0

#ERR The histogram from element 595463056 differs. srcHist=1 dstHist=2

#ERR The histogram from element 595465151 differs. srcHist=1 dstHist=0

#ERR The histogram from element 595465652 differs. srcHist=1 dstHist=0

#ERR The histogram from element 595467601 differs. srcHist=1 dstHist=2

#ERR The histogram from element 595468143 differs. srcHist=1 dstHist=2

#ERR The histogram from element 595468353 differs. srcHist=1 dstHist=2

#ERR The histogram from element 595470724 differs. srcHist=1 dstHist=0

#ERR The histogram from element 595471226 differs. srcHist=1 dstHist=2

#ERR The histogram from element 595473478 differs. srcHist=1 dstHist=2

#ERR The histogram from element 595474490 differs. srcHist=1 dstHist=2

#ERR The histogram from element 595475454 differs. srcHist=1 dstHist=0

#ERR The histogram from element 595476846 differs. srcHist=1 dstHist=2

#ERR The histogram from element 595484866 differs. srcHist=1 dstHist=2

#ERR The histogram from element 595490202 differs. srcHist=1 dstHist=2

#ERR The histogram from element 595493212 differs. srcHist=1 dstHist=2

#ERR The histogram from element 595494106 differs. srcHist=1 dstHist=2

#ERR The histogram from element 595495484 differs. srcHist=1 dstHist=2

#ERR The histogram from element 595501174 differs. srcHist=1 dstHist=2

#ERR The histogram from element 595511375 differs. srcHist=1 dstHist=2

#ERR The histogram from element 595516283 differs. srcHist=1 dstHist=0

#ERR The histogram from element 595516840 differs. srcHist=1 dstHist=2

#ERR The histogram from element 595519180 differs. srcHist=1 dstHist=2

#ERR The histogram from element 595533311 differs. srcHist=1 dstHist=0

#ERR The histogram from element 595537226 differs. srcHist=1 dstHist=0

#ERR The histogram from element 595540502 differs. srcHist=1 dstHist=2

#ERR The histogram from element 595543308 differs. srcHist=1 dstHist=2

#ERR The histogram from element 595543599 differs. srcHist=1 dstHist=0

#ERR The histogram from element 595546472 differs. srcHist=1 dstHist=0

#ERR The histogram from element 595548266 differs. srcHist=1 dstHist=0

#ERR The histogram from element 595550651 differs. srcHist=1 dstHist=2

#ERR The histogram from element 595554613 differs. srcHist=1 dstHist=0

#ERR The histogram from element 595555049 differs. srcHist=1 dstHist=0

#ERR The histogram from element 595556793 differs. srcHist=1 dstHist=0

#ERR The histogram from element 595559328 differs. srcHist=1 dstHist=2

#ERR The histogram from element 595572154 differs. srcHist=1 dstHist=2

#ERR The histogram from element 595574954 differs. srcHist=1 dstHist=0

#ERR The histogram from element 595575009 differs. srcHist=1 dstHist=0

#ERR The histogram from element 595581409 differs. srcHist=1 dstHist=2

#ERR The histogram from element 595593149 differs. srcHist=1 dstHist=0

#ERR The histogram from element 595594087 differs. srcHist=1 dstHist=0

#ERR The histogram from element 595594503 differs. srcHist=1 dstHist=0

#ERR The histogram from element 595616834 differs. srcHist=1 dstHist=0

#ERR The histogram from element 595617031 differs. srcHist=1 dstHist=0

#ERR The histogram from element 595621414 differs. srcHist=1 dstHist=2

#ERR The histogram from element 595632901 differs. srcHist=1 dstHist=0

#ERR The histogram from element 595634131 differs. srcHist=1 dstHist=0

#ERR The histogram from element 595640626 differs. srcHist=1 dstHist=0

#ERR The histogram from element 595642012 differs. srcHist=1 dstHist=0

#ERR The histogram from element 595645452 differs. srcHist=1 dstHist=2

#ERR The histogram from element 595645666 differs. srcHist=1 dstHist=2

#ERR The histogram from element 595647269 differs. srcHist=1 dstHist=0

#ERR The histogram from element 595651334 differs. srcHist=1 dstHist=2

#ERR The histogram from element 595654930 differs. srcHist=1 dstHist=0

#ERR The histogram from element 595662135 differs. srcHist=1 dstHist=0

#ERR The histogram from element 595662311 differs. srcHist=1 dstHist=2

#ERR The histogram from element 595667483 differs. srcHist=1 dstHist=0

#ERR The histogram from element 595667578 differs. srcHist=1 dstHist=2

#ERR The histogram from element 595679309 differs. srcHist=1 dstHist=2

#ERR The histogram from element 595682794 differs. srcHist=1 dstHist=2

#ERR The histogram from element 595688412 differs. srcHist=1 dstHist=0

#ERR The histogram from element 595705509 differs. srcHist=1 dstHist=2

#ERR The histogram from element 595706768 differs. srcHist=1 dstHist=0

#ERR The histogram from element 595714011 differs. srcHist=1 dstHist=0

#ERR The histogram from element 595714993 differs. srcHist=1 dstHist=2

#ERR The histogram from element 595718404 differs. srcHist=1 dstHist=0

#ERR The histogram from element 595727560 differs. srcHist=1 dstHist=2

#ERR The histogram from element 595728592 differs. srcHist=1 dstHist=0

#ERR The histogram from element 595729218 differs. srcHist=1 dstHist=0

#ERR The histogram from element 595733222 differs. srcHist=1 dstHist=0

#ERR The histogram from element 595742238 differs. srcHist=1 dstHist=2

#ERR The histogram from element 595746749 differs. srcHist=1 dstHist=0

#ERR The histogram from element 595750902 differs. srcHist=1 dstHist=2

#ERR The histogram from element 595752928 differs. srcHist=1 dstHist=2

#ERR The histogram from element 595766260 differs. srcHist=1 dstHist=0

#ERR The histogram from element 595772219 differs. srcHist=1 dstHist=0

#ERR The histogram from element 595779767 differs. srcHist=1 dstHist=0

#ERR The histogram from element 595794255 differs. srcHist=1 dstHist=2

#ERR The histogram from element 595798521 differs. srcHist=1 dstHist=0

#ERR The histogram from element 595798749 differs. srcHist=1 dstHist=0

#ERR The histogram from element 595809416 differs. srcHist=1 dstHist=0

#ERR The histogram from element 595818334 differs. srcHist=1 dstHist=0

#ERR The histogram from element 595825832 differs. srcHist=1 dstHist=0

#ERR The histogram from element 595837857 differs. srcHist=1 dstHist=2

#ERR The histogram from element 595903730 differs. srcHist=1 dstHist=0

#ERR The histogram from element 595918658 differs. srcHist=1 dstHist=0

#ERR The histogram from element 595945420 differs. srcHist=1 dstHist=0

#ERR The histogram from element 595948121 differs. srcHist=1 dstHist=0

#ERR The histogram from element 595977701 differs. srcHist=1 dstHist=2

#ERR The histogram from element 595981619 differs. srcHist=1 dstHist=2

#ERR The histogram from element 595997311 differs. srcHist=1 dstHist=2

#ERR The histogram from element 596019761 differs. srcHist=1 dstHist=2

#ERR The histogram from element 596039913 differs. srcHist=1 dstHist=0

#ERR The histogram from element 596052925 differs. srcHist=1 dstHist=0

#ERR The histogram from element 596060068 differs. srcHist=1 dstHist=0

#ERR The histogram from element 596071235 differs. srcHist=1 dstHist=0

#ERR The histogram from element 597249478 differs. srcHist=1 dstHist=0

#ERR The histogram from element 597255628 differs. srcHist=1 dstHist=2

#ERR The histogram from element 597657225 differs. srcHist=1 dstHist=2

#ERR The histogram from element 597838321 differs. srcHist=1 dstHist=2

#ERR The histogram from element 597907546 differs. srcHist=1 dstHist=0

#ERR The histogram from element 597913971 differs. srcHist=1 dstHist=2

#ERR The histogram from element 598034187 differs. srcHist=1 dstHist=0

#ERR The histogram from element 598100300 differs. srcHist=1 dstHist=0

#ERR The histogram from element 598161406 differs. srcHist=1 dstHist=0

#ERR The histogram from element 598223969 differs. srcHist=1 dstHist=0

#ERR The histogram from element 598227560 differs. srcHist=1 dstHist=0

#ERR The histogram from element 598253476 differs. srcHist=1 dstHist=0

#ERR The histogram from element 598274255 differs. srcHist=1 dstHist=2

#ERR The histogram from element 598278272 differs. srcHist=1 dstHist=2

#ERR The histogram from element 598288028 differs. srcHist=1 dstHist=2

#ERR The histogram from element 598304592 differs. srcHist=1 dstHist=0

#ERR The histogram from element 598372534 differs. srcHist=1 dstHist=2

#ERR The histogram from element 598377399 differs. srcHist=1 dstHist=2

#ERR The histogram from element 598513264 differs. srcHist=1 dstHist=2

#ERR The histogram from element 598558124 differs. srcHist=1 dstHist=0

#ERR The histogram from element 598592515 differs. srcHist=1 dstHist=0

#ERR The histogram from element 598598527 differs. srcHist=1 dstHist=0

#ERR The histogram from element 598608849 differs. srcHist=1 dstHist=0

#ERR The histogram from element 598613038 differs. srcHist=1 dstHist=0

#ERR The histogram from element 598616418 differs. srcHist=1 dstHist=0

#ERR The histogram from element 599447314 differs. srcHist=1 dstHist=2

#ERR The histogram from element 600068916 differs. srcHist=1 dstHist=0

#ERR The histogram from element 600162705 differs. srcHist=1 dstHist=0

#ERR The histogram from element 600283297 differs. srcHist=1 dstHist=2

#ERR The histogram from element 600315797 differs. srcHist=1 dstHist=0

#ERR The histogram from element 600653557 differs. srcHist=1 dstHist=0

#ERR The histogram from element 1129583475 differs. srcHist=1 dstHist=2

#ERR The histogram from element 1129633792 differs. srcHist=1 dstHist=2

#ERR The histogram from element 273637780 differs. srcHist=1 dstHist=2

#ERR The histogram from element 456619983 differs. srcHist=1 dstHist=2

#ERR Elements not ordered. index=290646 595080908>594940520
#ERR Elements not ordered. index=290649 595085792>594963859
#ERR Elements not ordered. index=290653 595097374>594973943
#ERR Elements not ordered. index=290750 595346325>595289233
#ERR Elements not ordered. index=290754 595393462>595305716
#ERR Elements not ordered. index=290757 595400599>273637780
#ERR Elements not ordered. index=290761 595417146>595316443
#ERR Elements not ordered. index=290763 595425211>595323934
#ERR Elements not ordered. index=290765 595345693>595324939
#ERR Elements not ordered. index=290770 595454270>595340764
#ERR Elements not ordered. index=290772 595460570>595345693
#ERR Elements not ordered. index=290774 595468353>595349414
#ERR Elements not ordered. index=290790 595394844>595392449
#ERR Elements not ordered. index=290794 595587616>595402120
#ERR Elements not ordered. index=290815 595621414>595463056
#ERR Elements not ordered. index=290836 1129633792>595515944
#ERR Elements not ordered. index=290870 595632269>595406862
#ERR Elements not ordered. index=290872 595607453>595413986
#ERR Elements not ordered. index=290874 595584898>595447192
#ERR Elements not ordered. index=290887 595632866>595501174
#ERR Elements not ordered. index=290889 595572015>595511375
#ERR Elements not ordered. index=290893 595637737>595621414
#ERR Elements not ordered. index=290895 595837857>595540502
#ERR Elements not ordered. index=290899 595627243>595559328
#ERR Elements not ordered. index=290921 595686443>595645452
#ERR Elements not ordered. index=290926 595673183>595662311
#ERR Elements not ordered. index=290930 595981619>595679897
#ERR Elements not ordered. index=290931 595679897>595679309
#ERR Elements not ordered. index=290934 1129583475>596019761
#ERR Elements not ordered. index=290935 596019761>595689341
#ERR Elements not ordered. index=290946 595710388>456619983
#ERR Elements not ordered. index=290953 595838186>595742238
#ERR Elements not ordered. index=290954 595742238>595725558
#ERR Elements not ordered. index=290959 595778386>595742238
#ERR Elements not ordered. index=290962 595794417>595745838
#ERR Elements not ordered. index=290965 595802806>595750902
#ERR Elements not ordered. index=290969 595837857>595377130
#ERR Elements not ordered. index=290976 595787302>595770743
#ERR Elements not ordered. index=290977 595770743>595417146
#ERR Elements not ordered. index=290979 595794255>595425211
#ERR Elements not ordered. index=290987 595814629>595471226
#ERR Elements not ordered. index=291022 595997311>595839763
#ERR Elements not ordered. index=291734 597255628>597254166
#ERR Elements not ordered. index=292044 597907458>597657225
#ERR Elements not ordered. index=292104 598032442>515002357
#ERR Elements not ordered. index=292106 598033918>598033370
#ERR Elements not ordered. index=292125 598106656>597838321
#ERR Elements not ordered. index=292141 598146917>598139918
#ERR Elements not ordered. index=292143 598147279>597913971
#ERR Elements not ordered. index=292204 598278272>598274255
#ERR Elements not ordered. index=292207 598288028>598278272
#ERR Elements not ordered. index=292221 598513264>598307372
#ERR Elements not ordered. index=292365 598589160>517223660
#ERR Elements not ordered. index=292367 598592066>517228947
#ERR Elements not ordered. index=292371 598603279>598372534
#ERR Elements not ordered. index=293106 600068673>599447314
#ERR Elements not ordered. index=293158 600158373>543454692
#ERR Elements not ordered. index=293160 600159744>600159592
#ERR Elements not ordered. index=293211 600283297>600272139
#ERR Elements not ordered. index=293402 600648033>997718
#ERR Elements not ordered. index=293404 600651660>600649443
#ERR The link between Val and Key arrays in incorrect. index=290758 wrong_key=273637780 val=130379 correct_key_pointed_by_val=595401511
#ERR The link between Val and Key arrays in incorrect. index=290767 wrong_key=595349414 val=312766 correct_key_pointed_by_val=595325774
#ERR The link between Val and Key arrays in incorrect. index=290953 wrong_key=595838186 val=223656 correct_key_pointed_by_val=595667483
#ERR The link between Val and Key arrays in incorrect. index=290968 wrong_key=595826731 val=30885 correct_key_pointed_by_val=595733222
