#HEADER size:1048576
#BEGIN Y:2016 M:09 D:13 Time:04:21:29
#IT Ite:0 KerTime:2.794062 AccTime:2.794062
#ERR The histogram from element 29158 differs. srcHist=0 dstHist=1

#ERR The histogram from element 318731 differs. srcHist=0 dstHist=1

#ERR The histogram from element 388187 differs. srcHist=0 dstHist=1

#ERR The histogram from element 389107 differs. srcHist=0 dstHist=1

#ERR The histogram from element 427283 differs. srcHist=0 dstHist=1

#ERR The histogram from element 732431 differs. srcHist=0 dstHist=1

#ERR The histogram from element 896917 differs. srcHist=0 dstHist=1

#ERR The histogram from element 1830885198 differs. srcHist=1 dstHist=2

#ERR The histogram from element 1831640133 differs. srcHist=1 dstHist=0

#ERR The histogram from element 1831665387 differs. srcHist=1 dstHist=0

#ERR The histogram from element 1831672023 differs. srcHist=1 dstHist=0

#ERR The histogram from element 1831673474 differs. srcHist=1 dstHist=0

#ERR The histogram from element 1831677080 differs. srcHist=1 dstHist=0

#ERR The histogram from element 1831682714 differs. srcHist=1 dstHist=0

#ERR The histogram from element 1831684686 differs. srcHist=1 dstHist=0

#ERR The histogram from element 1831695288 differs. srcHist=1 dstHist=0

#ERR The histogram from element 1831700613 differs. srcHist=1 dstHist=0

#ERR The histogram from element 1831728906 differs. srcHist=1 dstHist=0

#ERR The histogram from element 1831733139 differs. srcHist=1 dstHist=0

#ERR The histogram from element 1831734473 differs. srcHist=1 dstHist=0

#ERR The histogram from element 1831740577 differs. srcHist=1 dstHist=2

#ERR The histogram from element 1831753962 differs. srcHist=1 dstHist=0

#ERR The histogram from element 1831777392 differs. srcHist=1 dstHist=0

#ERR The histogram from element 1831778328 differs. srcHist=1 dstHist=2

#ERR The histogram from element 1831779411 differs. srcHist=1 dstHist=2

#ERR The histogram from element 1831781781 differs. srcHist=1 dstHist=2

#ERR The histogram from element 1831795997 differs. srcHist=1 dstHist=2

#ERR The histogram from element 1831847718 differs. srcHist=1 dstHist=2

#ERR The histogram from element 1831867080 differs. srcHist=1 dstHist=2

#ERR The histogram from element 1831867286 differs. srcHist=1 dstHist=2

#ERR The histogram from element 1831873025 differs. srcHist=1 dstHist=0

#ERR The histogram from element 1831990028 differs. srcHist=1 dstHist=2

#ERR The histogram from element 1832006558 differs. srcHist=1 dstHist=2

#ERR The histogram from element 1832007510 differs. srcHist=1 dstHist=2

#ERR The histogram from element 1832015661 differs. srcHist=1 dstHist=2

#ERR The histogram from element 1832043591 differs. srcHist=1 dstHist=2

#ERR The histogram from element 1832058082 differs. srcHist=1 dstHist=0

#ERR The histogram from element 1832069650 differs. srcHist=1 dstHist=0

#ERR The histogram from element 1832271547 differs. srcHist=1 dstHist=2

#ERR The histogram from element 1832276109 differs. srcHist=1 dstHist=2

#ERR The histogram from element 1832283834 differs. srcHist=1 dstHist=2

#ERR The histogram from element 1832294710 differs. srcHist=1 dstHist=0

#ERR The histogram from element 1832307585 differs. srcHist=1 dstHist=0

#ERR The histogram from element 1832308322 differs. srcHist=1 dstHist=0

#ERR The histogram from element 1832308987 differs. srcHist=1 dstHist=0

#ERR The histogram from element 1832332538 differs. srcHist=1 dstHist=0

#ERR The histogram from element 1832335175 differs. srcHist=1 dstHist=0

#ERR The histogram from element 1832335332 differs. srcHist=1 dstHist=0

#ERR The histogram from element 1832367914 differs. srcHist=1 dstHist=0

#ERR The histogram from element 1832377715 differs. srcHist=1 dstHist=0

#ERR The histogram from element 1832379226 differs. srcHist=1 dstHist=0

#ERR The histogram from element 1832440865 differs. srcHist=1 dstHist=2

#ERR The histogram from element 1832461154 differs. srcHist=1 dstHist=2

#ERR The histogram from element 1832462772 differs. srcHist=1 dstHist=2

#ERR Elements not ordered. index=894193 1831637227>1830885198
#ERR Elements not ordered. index=894207 1831740577>1831678815
#ERR Elements not ordered. index=894216 1831714242>1831678963
#ERR Elements not ordered. index=894217 1831678963>318731
#ERR Elements not ordered. index=894219 1831684401>29158
#ERR Elements not ordered. index=894221 1831695743>389107
#ERR Elements not ordered. index=894223 732431>427283
#ERR Elements not ordered. index=894224 427283>388187
#ERR Elements not ordered. index=894227 1831748806>1831714418
#ERR Elements not ordered. index=894234 1831740577>896917
#ERR Elements not ordered. index=894239 1831847718>1831737863
#ERR Elements not ordered. index=894254 1831795997>1831764415
#ERR Elements not ordered. index=894310 1831990028>1831867080
#ERR Elements not ordered. index=894404 1832043591>1831867080
#ERR Elements not ordered. index=894412 1832060323>1832060074
#ERR Elements not ordered. index=894512 1832276109>1832271547
#ERR Elements not ordered. index=894514 1832283834>1832276109
#ERR Elements not ordered. index=894517 1832308121>1832281899
#ERR Elements not ordered. index=894520 1832310633>1832290064
#ERR Elements not ordered. index=894521 1832290064>1832006558
#ERR Elements not ordered. index=894525 1832314400>1832043591
#ERR Elements not ordered. index=894562 1832440865>1832382870
#ERR Elements not ordered. index=894566 1832462772>1832386752
