#HEADER box:19 spaceElem:685900
#BEGIN Y:2015 M:11 D:22 Time:07:07:00
#IT Ite:0 KerTime:1.194201 AccTime:1.194201
#IT Ite:10 KerTime:1.193240 AccTime:13.126730
#IT Ite:20 KerTime:1.193310 AccTime:25.060676
#IT Ite:30 KerTime:1.193037 AccTime:36.993265
#IT Ite:40 KerTime:1.193017 AccTime:48.925430
#IT Ite:50 KerTime:1.194544 AccTime:60.861280
#IT Ite:60 KerTime:1.194659 AccTime:72.809349
#IT Ite:70 KerTime:1.192829 AccTime:84.754410
#ERR p: [341900], ea: 4, v_r: 9.7864660644531250e+02, v_e: 9.7815148925781250e+02, x_r: 8.0099072265625000e+02, x_e: 8.0079272460937500e+02, y_r: -5.2621429443359375e+02, y_e: -5.2611529541015625e+02, z_r: -5.1319561767578125e+02, z_e: -5.1299761962890625e+02

#ERR p: [341901], ea: 4, v_r: 6.2300738525390625e+02, v_e: 6.2272039794921875e+02, x_r: -4.4639486694335938e+02, x_e: -4.4605038452148438e+02, y_r: -3.3686740112304688e+02, y_e: -3.3680996704101562e+02, z_r: -2.0699624633789062e+02, z_e: -2.0693884277343750e+02

#ERR p: [341902], ea: 4, v_r: 9.5200299072265625e+02, v_e: 9.5153216552734375e+02, x_r: 7.7879504394531250e+02, x_e: 7.7860662841796875e+02, y_r: -5.1524566650390625e+02, y_e: -5.1515148925781250e+02, z_r: 5.9577996826171875e+02, z_e: 5.9540332031250000e+02

#ERR p: [341903], ea: 3, v_r: 7.4934887695312500e+02, v_e: 7.4899645996093750e+02, x_r: -2.4947079467773438e+02, x_e: -2.4918890380859375e+02, y_r: -4.0518667602539062e+02, y_e: -4.0511621093750000e+02, z_r: -1.0540838623046875e+02, z_e: -1.0540838623046875e+02

#ERR p: [341904], ea: 4, v_r: 7.1947851562500000e+02, v_e: 7.1914501953125000e+02, x_r: -1.0050771331787109e+02, x_e: -1.0030762481689453e+02, y_r: 1.6428900146484375e+02, y_e: 1.6408892822265625e+02, z_r: -5.1670544433593750e+02, z_e: -5.1650531005859375e+02

#ERR p: [341905], ea: 4, v_r: 6.8561035156250000e+02, v_e: 6.8530554199218750e+02, x_r: -6.2296435546875000e+02, x_e: -6.2253765869140625e+02, y_r: -3.7331604003906250e+02, y_e: -3.7325506591796875e+02, z_r: 5.6091601562500000e+02, z_e: 5.6061120605468750e+02

#ERR p: [341906], ea: 4, v_r: 8.0589129638671875e+02, v_e: 8.0548999023437500e+02, x_r: 1.9514915466308594e+02, x_e: 1.9522940063476562e+02, y_r: -7.4308587646484375e+02, y_e: -7.4284509277343750e+02, z_r: -4.2147433471679688e+02, z_e: -4.2131384277343750e+02

#ERR p: [341907], ea: 3, v_r: 1.2394270019531250e+03, v_e: 1.2388687744140625e+03, x_r: -1.7257394409179688e+02, x_e: -1.7223904418945312e+02, y_r: 7.5627264404296875e+02, y_e: 7.5571447753906250e+02, z_r: -1.7873660278320312e+02, z_e: -1.7873660278320312e+02

#ERR p: [341908], ea: 4, v_r: 9.7980163574218750e+02, v_e: 9.7936914062500000e+02, x_r: -5.1231866455078125e+02, x_e: -5.1188613891601562e+02, y_r: 5.9780487060546875e+02, y_e: 5.9737243652343750e+02, z_r: -3.2903765869140625e+02, z_e: -3.2895117187500000e+02

#ERR p: [341909], ea: 4, v_r: 8.3089257812500000e+02, v_e: 8.3052770996093750e+02, x_r: -7.5374633789062500e+02, x_e: -7.5323547363281250e+02, y_r: 1.8774192810058594e+02, y_e: 1.8752299499511719e+02, z_r: -2.7799020385742188e+02, z_e: -2.7791720581054688e+02

#ERR p: [341910], ea: 3, v_r: 1.3901986083984375e+03, v_e: 1.3895168457031250e+03, x_r: 1.1377004394531250e+03, x_e: 1.1374277343750000e+03, y_r: -4.8581579589843750e+02, y_e: -4.8581579589843750e+02, z_r: 8.6921679687500000e+02, z_e: 8.6867138671875000e+02

#ERR p: [341911], ea: 4, v_r: 9.5723266601562500e+02, v_e: 9.5676171875000000e+02, x_r: 6.0034295654296875e+02, x_e: 6.0024877929687500e+02, y_r: -1.4791127014160156e+02, y_e: -1.4800544738769531e+02, z_r: -5.0304937744140625e+02, z_e: -5.0286099243164062e+02

#ERR p: [341912], ea: 4, v_r: 9.4297021484375000e+02, v_e: 9.4254211425781250e+02, x_r: -4.9392453002929688e+02, x_e: -4.9349630737304688e+02, y_r: 3.2811153411865234e+01, y_e: 3.2639862060546875e+01, z_r: -3.1502877807617188e+02, z_e: -3.1494314575195312e+02

#ERR p: [341913], ea: 3, v_r: 1.1292757568359375e+03, v_e: 1.1287313232421875e+03, x_r: 4.9032138061523438e+02, x_e: 4.9032138061523438e+02, y_r: -6.1253173828125000e+02, y_e: -6.1242285156250000e+02, z_r: 9.2341516113281250e+02, z_e: 9.2287072753906250e+02

#ERR p: [341914], ea: 4, v_r: 9.2209045410156250e+02, v_e: 9.2165136718750000e+02, x_r: -1.3046842956542969e+02, x_e: -1.3020500183105469e+02, y_r: -6.7620111083984375e+02, y_e: -6.7602551269531250e+02, z_r: 2.2431724548339844e+02, z_e: 2.2414161682128906e+02

#ERR p: [341915], ea: 4, v_r: 1.1053121337890625e+03, v_e: 1.1047454833984375e+03, x_r: 9.0390789794921875e+02, x_e: 9.0368121337890625e+02, y_r: -1.0188409423828125e+03, y_e: -1.0185009765625000e+03, z_r: -3.6642520141601562e+02, z_e: -3.6631192016601562e+02

#ERR p: [341916], ea: 4, v_r: 1.0609381103515625e+03, v_e: 1.0604812011718750e+03, x_r: -9.6269403076171875e+02, x_e: -9.6205426025390625e+02, y_r: 2.3670526123046875e+02, y_e: 2.3643106079101562e+02, z_r: 6.6214544677734375e+02, z_e: 6.6177984619140625e+02

#ERR p: [341917], ea: 3, v_r: 1.0188553466796875e+03, v_e: 1.0183676757812500e+03, x_r: 5.2097770690917969e+01, x_e: 5.2292839050292969e+01, y_r: -3.5434329223632812e+02, y_e: -3.5434329223632812e+02, z_r: -3.3934292602539062e+02, z_e: -3.3924539184570312e+02

#ERR p: [341918], ea: 3, v_r: 1.0426182861328125e+03, v_e: 1.0421232910156250e+03, x_r: 2.5303584289550781e+02, x_e: 2.5313484191894531e+02, y_r: -3.6532254028320312e+02, y_e: -3.6532254028320312e+02, z_r: 6.5210406494140625e+02, z_e: 6.5170806884765625e+02

#ERR p: [341919], ea: 3, v_r: 9.4376428222656250e+02, v_e: 9.4330725097656250e+02, x_r: 4.0983752441406250e+02, x_e: 4.0983752441406250e+02, y_r: -5.1137048339843750e+02, y_e: -5.1127911376953125e+02, z_r: 5.9075347900390625e+02, z_e: 5.9038787841796875e+02

#ERR p: [341920], ea: 1, v_r: 7.4450463867187500e+02, v_e: 7.4414154052734375e+02, x_r: 3.2372888183593750e+02, x_e: 3.2372888183593750e+02, y_r: -2.5891174316406250e+02, y_e: -2.5891174316406250e+02, z_r: -1.0534114074707031e+02, z_e: -1.0534114074707031e+02

#ERR p: [341921], ea: 3, v_r: 9.0498083496093750e+02, v_e: 9.0454174804687500e+02, x_r: 3.9429080200195312e+02, x_e: 3.9429080200195312e+02, y_r: 3.4492210388183594e+01, y_e: 3.4316593170166016e+01, z_r: -8.2301458740234375e+02, z_e: -8.2266333007812500e+02

#ERR p: [341922], ea: 3, v_r: 1.0889622802734375e+03, v_e: 1.0884418945312500e+03, x_r: 4.7466201782226562e+02, x_e: 4.7466201782226562e+02, y_r: 2.4903649902343750e+02, y_e: 2.4872424316406250e+02, z_r: -5.7349493408203125e+02, z_e: -5.7328680419921875e+02

#ERR p: [341923], ea: 4, v_r: 8.8107684326171875e+02, v_e: 8.8065924072265625e+02, x_r: 5.5369732666015625e+02, x_e: 5.5361383056640625e+02, y_r: 5.3974188232421875e+02, y_e: 5.3932421875000000e+02, z_r: -4.6509277343750000e+02, z_e: -4.6492572021484375e+02

#ERR p: [341924], ea: 4, v_r: 6.4098889160156250e+02, v_e: 6.4068109130859375e+02, x_r: -9.0323501586914062e+01, x_e: -9.0138778686523438e+01, y_r: -3.4524670410156250e+02, y_e: -3.4518515014648438e+02, z_r: -4.5879867553710938e+02, z_e: -4.5861392211914062e+02

#ERR p: [341925], ea: 4, v_r: 1.1764506835937500e+03, v_e: 1.1759008789062500e+03, x_r: 6.0237171173095703e+01, x_e: 6.0457103729248047e+01, y_r: -1.8630680847167969e+02, y_e: -1.8641677856445312e+02, z_r: 5.0963626098632812e+02, z_e: 5.0930636596679688e+02

#ERR p: [341926], ea: 3, v_r: 9.5950555419921875e+02, v_e: 9.5904858398437500e+02, x_r: 4.1865100097656250e+02, x_e: 4.1865100097656250e+02, y_r: 4.0457357788085938e+02, y_e: 4.0420797729492188e+02, z_r: -8.7374432373046875e+02, z_e: -8.7337872314453125e+02

#ERR p: [341927], ea: 4, v_r: 9.7276312255859375e+02, v_e: 9.7227783203125000e+02, x_r: 7.9547558593750000e+02, x_e: 7.9528149414062500e+02, y_r: -7.1301660156250000e+02, y_e: -7.1282250976562500e+02, z_r: 6.0933123779296875e+02, z_e: 6.0894311523437500e+02

#ERR p: [341928], ea: 4, v_r: 7.5021331787109375e+02, v_e: 7.4985919189453125e+02, x_r: -1.0526132965087891e+02, x_e: -1.0504886627197266e+02, y_r: -1.1640058135986328e+02, y_e: -1.1647139739990234e+02, z_r: -5.3788433837890625e+02, z_e: -5.3767187500000000e+02

#ERR p: [341929], ea: 3, v_r: 9.1714831542968750e+02, v_e: 9.1673889160156250e+02, x_r: -8.3293933105468750e+02, x_e: -8.3236621093750000e+02, y_r: -3.2195788574218750e+02, y_e: -3.2195788574218750e+02, z_r: 2.2224133300781250e+02, z_e: 2.2207757568359375e+02

#ERR p: [341930], ea: 4, v_r: 6.2810284423828125e+02, v_e: 6.2781286621093750e+02, x_r: -4.5053656005859375e+02, x_e: -4.5018859863281250e+02, y_r: -5.8195550537109375e+02, y_e: -5.8178155517578125e+02, z_r: 2.7368768310546875e+02, z_e: 2.7351373291015625e+02

#ERR p: [341931], ea: 4, v_r: 1.0211953735351562e+03, v_e: 1.0206826782226562e+03, x_r: 6.3988928222656250e+02, x_e: 6.3978674316406250e+02, y_r: -5.4879113769531250e+02, y_e: -5.4868859863281250e+02, z_r: -7.3117755126953125e+02, z_e: -7.3086993408203125e+02

#ERR p: [341932], ea: 4, v_r: 9.3601257324218750e+02, v_e: 9.3558221435546875e+02, x_r: -1.3130532836914062e+02, x_e: -1.3104711914062500e+02, y_r: 3.1514423370361328e+01, y_e: 3.1342273712158203e+01, z_r: 2.2553475952148438e+02, z_e: 2.2536264038085938e+02

#ERR p: [341933], ea: 3, v_r: 1.2743146972656250e+03, v_e: 1.2736854248046875e+03, x_r: 1.0436132812500000e+03, x_e: 1.0433615722656250e+03, y_r: -1.9800860595703125e+02, y_e: -1.9813449096679688e+02, z_r: -1.8121717834472656e+02, z_e: -1.8121717834472656e+02

#ERR p: [341934], ea: 4, v_r: 7.4650311279296875e+02, v_e: 7.4617620849609375e+02, x_r: -5.3414447021484375e+02, x_e: -5.3375213623046875e+02, y_r: 1.6719242858886719e+02, y_e: 1.6699630737304688e+02, z_r: 3.2271066284179688e+02, z_e: 3.2251449584960938e+02

#ERR p: [341935], ea: 3, v_r: 1.3059719238281250e+03, v_e: 1.3053704833984375e+03, x_r: 5.6908239746093750e+02, x_e: 5.6908239746093750e+02, y_r: 5.4396386718750000e+02, y_e: 5.4348254394531250e+02, z_r: 1.0642620849609375e+03, z_e: 1.0636604003906250e+03

#ERR p: [341936], ea: 4, v_r: 9.0388623046875000e+02, v_e: 9.0347271728515625e+02, x_r: -4.7450360107421875e+02, x_e: -4.7409014892578125e+02, y_r: -4.9112478637695312e+02, y_e: -4.9104208374023438e+02, z_r: 5.6606829833984375e+02, z_e: 5.6573754882812500e+02

#ERR p: [341937], ea: 3, v_r: 1.0568701171875000e+03, v_e: 1.0563574218750000e+03, x_r: 4.5994738769531250e+02, x_e: 4.5994738769531250e+02, y_r: -1.6426266479492188e+02, y_e: -1.6436520385742188e+02, z_r: -3.5275595092773438e+02, z_e: -3.5265341186523438e+02

#ERR p: [341938], ea: 4, v_r: 6.4160821533203125e+02, v_e: 6.4128778076171875e+02, x_r: 1.5540579223632812e+02, x_e: 1.5546987915039062e+02, y_r: -5.9121313476562500e+02, y_e: -5.9102099609375000e+02, z_r: -4.5853024291992188e+02, z_e: -4.5833795166015625e+02

#ERR p: [341939], ea: 4, v_r: 7.8901574707031250e+02, v_e: 7.8865625000000000e+02, x_r: -4.1324380493164062e+02, x_e: -4.1288436889648438e+02, y_r: 2.7918798446655273e+01, y_e: 2.7775011062622070e+01, z_r: -4.1484777832031250e+02, z_e: -4.1470397949218750e+02

#ERR p: [341940], ea: 4, v_r: 6.4774517822265625e+02, v_e: 6.4745233154296875e+02, x_r: -5.8893103027343750e+02, x_e: -5.8852105712890625e+02, y_r: -6.0109204101562500e+02, y_e: -6.0091638183593750e+02, z_r: 5.3067633056640625e+02, z_e: 5.3038348388671875e+02

#ERR p: [341941], ea: 4, v_r: 1.0800789794921875e+03, v_e: 1.0795637207031250e+03, x_r: 2.6319326782226562e+02, x_e: 2.6329632568359375e+02, y_r: 3.9543853759765625e+01, y_e: 3.9337757110595703e+01, z_r: -5.6811846923828125e+02, z_e: -5.6791235351562500e+02

#ERR p: [341942], ea: 4, v_r: 9.2908532714843750e+02, v_e: 9.2863952636718750e+02, x_r: -3.0980654907226562e+02, x_e: -3.0944998168945312e+02, y_r: -8.5806951904296875e+02, y_e: -8.5780212402343750e+02, z_r: -3.0766656494140625e+02, z_e: -3.0757742309570312e+02

#ERR p: [341943], ea: 3, v_r: 1.1768880615234375e+03, v_e: 1.1763157958984375e+03, x_r: 5.1115145874023438e+02, x_e: 5.1115145874023438e+02, y_r: -6.3700860595703125e+02, y_e: -6.3689416503906250e+02, z_r: 5.1102789306640625e+02, z_e: 5.1068450927734375e+02

#ERR p: [341944], ea: 4, v_r: 1.1429455566406250e+03, v_e: 1.1424119873046875e+03, x_r: 5.9011554718017578e+01, x_e: 5.9224994659423828e+01, y_r: 3.9489624023437500e+01, y_e: 3.9276176452636719e+01, z_r: 5.6198638916015625e+01, z_e: 5.6091918945312500e+01

#ERR p: [341945], ea: 4, v_r: 1.2599606933593750e+03, v_e: 1.2593591308593750e+03, x_r: 1.0335512695312500e+03, x_e: 1.0333106689453125e+03, y_r: 7.7152484130859375e+02, y_e: 7.7092327880859375e+02, z_r: -4.2363143920898438e+02, z_e: -4.2351110839843750e+02

#ERR p: [341946], ea: 4, v_r: 7.8999066162109375e+02, v_e: 7.8963836669921875e+02, x_r: -5.6506134033203125e+02, x_e: -5.6463854980468750e+02, y_r: 1.7919958496093750e+02, y_e: 1.7898815917968750e+02, z_r: -4.1578677368164062e+02, z_e: -4.1564584350585938e+02

#ERR p: [341947], ea: 4, v_r: 8.7307458496093750e+02, v_e: 8.7268518066406250e+02, x_r: -6.2448937988281250e+02, x_e: -6.2402209472656250e+02, y_r: 1.9804623413085938e+02, y_e: 1.9781259155273438e+02, z_r: -4.5951538085937500e+02, z_e: -4.5935961914062500e+02

#ERR p: [341948], ea: 2, v_r: 1.0341751708984375e+03, v_e: 1.0336727294921875e+03, x_r: 4.4962039184570312e+02, x_e: 4.4962039184570312e+02, y_r: -3.6025601196289062e+02, y_e: -3.6025601196289062e+02, z_r: 5.1924137115478516e+01, z_e: 5.1823635101318359e+01

#ERR p: [341949], ea: 4, v_r: 8.6188916015625000e+02, v_e: 8.6151696777343750e+02, x_r: -7.8168695068359375e+02, x_e: -7.8116571044921875e+02, y_r: 3.5904644775390625e+02, y_e: 3.5874862670898438e+02, z_r: 4.1626605987548828e+01, z_e: 4.1552146911621094e+01

#ERR p: [341950], ea: 4, v_r: 1.2793598632812500e+03, v_e: 1.2787583007812500e+03, x_r: 1.0491221923828125e+03, x_e: 1.0488815917968750e+03, y_r: 7.8052282714843750e+02, y_e: 7.7992126464843750e+02, z_r: 5.5100756835937500e+02, z_e: 5.5064672851562500e+02

#ERR p: [341951], ea: 4, v_r: 8.4767340087890625e+02, v_e: 8.4728790283203125e+02, x_r: -2.8188537597656250e+02, x_e: -2.8157696533203125e+02, y_r: -1.3523786926269531e+02, y_e: -1.3531498718261719e+02, z_r: 5.2985180664062500e+02, z_e: 5.2954339599609375e+02

#ERR p: [341952], ea: 3, v_r: 1.2743146972656250e+03, v_e: 1.2736854248046875e+03, x_r: 1.0436132812500000e+03, x_e: 1.0433615722656250e+03, y_r: -1.9800860595703125e+02, y_e: -1.9813449096679688e+02, z_r: -1.8121717834472656e+02, z_e: -1.8121717834472656e+02

#ERR p: [341953], ea: 4, v_r: 1.2382509765625000e+03, v_e: 1.2376900634765625e+03, x_r: -1.7286694335937500e+02, x_e: -1.7253038024902344e+02, y_r: 5.1734960937500000e+02, y_e: 5.1690087890625000e+02, z_r: 5.9540363311767578e+01, z_e: 5.9428173065185547e+01

#ERR p: [341954], ea: 4, v_r: 7.4544299316406250e+02, v_e: 7.4507073974609375e+02, x_r: 1.8055578613281250e+02, x_e: 1.8063021850585938e+02, y_r: -6.8689099121093750e+02, y_e: -6.8666766357421875e+02, z_r: -5.3273693847656250e+02, z_e: -5.3251354980468750e+02

#ERR p: [341955], ea: 4, v_r: 7.4474761962890625e+02, v_e: 7.4439349365234375e+02, x_r: 1.8143560791015625e+02, x_e: 1.8150643920898438e+02, y_r: 2.6828433990478516e+01, y_e: 2.6686779022216797e+01, z_r: -2.4897053527832031e+02, z_e: -2.4889970397949219e+02

#ERR p: [341956], ea: 4, v_r: 1.0249929199218750e+03, v_e: 1.0245003662109375e+03, x_r: 8.4093450927734375e+02, x_e: 8.4073748779296875e+02, y_r: 6.2882629394531250e+02, y_e: 6.2833361816406250e+02, z_r: -7.3761523437500000e+02, z_e: -7.3731970214843750e+02

#ERR p: [341957], ea: 4, v_r: 1.1768576660156250e+03, v_e: 1.1763132324218750e+03, x_r: 6.1127765655517578e+01, x_e: 6.1345508575439453e+01, y_r: 2.6635461425781250e+02, y_e: 2.6602801513671875e+02, z_r: 5.7190410614013672e+01, z_e: 5.7081539154052734e+01

#ERR p: [341958], ea: 2, v_r: 7.9961230468750000e+02, v_e: 7.9921887207031250e+02, x_r: 3.4744534301757812e+02, x_e: 3.4744534301757812e+02, y_r: -4.3139773559570312e+02, y_e: -4.3131906127929688e+02, z_r: -1.1266567993164062e+02, z_e: -1.1266567993164062e+02

#ERR p: [341959], ea: 4, v_r: 1.1691656494140625e+03, v_e: 1.1685904541015625e+03, x_r: 7.3325994873046875e+02, x_e: 7.3314489746093750e+02, y_r: -1.8065919494628906e+02, y_e: -1.8077424621582031e+02, z_r: -6.1442504882812500e+02, z_e: -6.1419494628906250e+02

#ERR p: [341960], ea: 4, v_r: 8.0240606689453125e+02, v_e: 8.0205895996093750e+02, x_r: -7.2805999755859375e+02, x_e: -7.2757403564453125e+02, y_r: 1.7947171020507812e+02, y_e: 1.7926344299316406e+02, z_r: 3.4691882324218750e+02, z_e: 3.4671057128906250e+02

#ERR p: [341961], ea: 4, v_r: 8.3623284912109375e+02, v_e: 8.3583160400390625e+02, x_r: 2.0386938476562500e+02, x_e: 2.0394964599609375e+02, y_r: 3.1611627578735352e+01, y_e: 3.1451116561889648e+01, z_r: -7.6044464111328125e+02, z_e: -7.6012365722656250e+02

#ERR p: [341962], ea: 4, v_r: 8.6547802734375000e+02, v_e: 8.6505407714843750e+02, x_r: 4.3831295013427734e+01, x_e: 4.4000881195068359e+01, y_r: -6.3183081054687500e+02, y_e: -6.3166119384765625e+02, z_r: -6.1900140380859375e+02, z_e: -6.1874700927734375e+02

#ERR p: [341963], ea: 4, v_r: 1.2684210205078125e+03, v_e: 1.2678072509765625e+03, x_r: 1.0383488769531250e+03, x_e: 1.0381033935546875e+03, y_r: -2.0072305297851562e+02, y_e: -2.0084579467773438e+02, z_r: 1.0355886230468750e+03, z_e: 1.0349748535156250e+03

#ERR p: [341964], ea: 4, v_r: 6.0576782226562500e+02, v_e: 6.0547198486328125e+02, x_r: -8.5719894409179688e+01, x_e: -8.5542419433593750e+01, y_r: -5.5854614257812500e+02, y_e: -5.5836865234375000e+02, z_r: -4.3284695434570312e+02, z_e: -4.3266946411132812e+02

#ERR p: [341965], ea: 4, v_r: 1.4136231689453125e+03, v_e: 1.4129649658203125e+03, x_r: 8.8726354980468750e+02, x_e: 8.8713183593750000e+02, y_r: 5.8925189208984375e+02, y_e: 5.8872534179687500e+02, z_r: 1.1518894042968750e+03, z_e: 1.1512310791015625e+03

#ERR p: [341966], ea: 4, v_r: 8.8545605468750000e+02, v_e: 8.8506469726562500e+02, x_r: -6.3383514404296875e+02, x_e: -6.3336553955078125e+02, y_r: 2.8503316879272461e+01, y_e: 2.8346773147583008e+01, z_r: 3.8327725219726562e+02, z_e: 3.8304244995117188e+02

#ERR p: [341967], ea: 4, v_r: 1.2236390380859375e+03, v_e: 1.2230313720703125e+03, x_r: 1.0005416259765625e+03, x_e: 1.0002985839843750e+03, y_r: -8.9760528564453125e+02, y_e: -8.9736224365234375e+02, z_r: 1.0011038208007812e+03, z_e: 1.0004961547851562e+03

#ERR p: [341968], ea: 4, v_r: 1.5003843994140625e+03, v_e: 1.4996993408203125e+03, x_r: 9.4268402099609375e+02, x_e: 9.4254699707031250e+02, y_r: 1.2010889892578125e+03, y_e: 1.2002669677734375e+03, z_r: 1.2209606933593750e+03, z_e: 1.2202753906250000e+03

#ERR p: [341969], ea: 4, v_r: 9.2973095703125000e+02, v_e: 9.2929187011718750e+02, x_r: -1.3165892028808594e+02, x_e: -1.3139546203613281e+02, y_r: -6.8288610839843750e+02, y_e: -6.8271051025390625e+02, z_r: 5.8268023681640625e+02, z_e: 5.8232891845703125e+02

#ERR p: [341970], ea: 3, v_r: 9.9015283203125000e+02, v_e: 9.8967236328125000e+02, x_r: 4.9973880767822266e+01, x_e: 5.0166049957275391e+01, y_r: -7.2464300537109375e+02, y_e: -7.2445086669921875e+02, z_r: -1.3880310058593750e+02, z_e: -1.3880310058593750e+02

#ERR p: [341971], ea: 3, v_r: 1.0428723144531250e+03, v_e: 1.0423673095703125e+03, x_r: 6.5424871826171875e+02, x_e: 6.5414770507812500e+02, y_r: 3.7613082885742188e+01, y_e: 3.7411071777343750e+01, z_r: -1.4884416198730469e+02, z_e: -1.4884416198730469e+02

#ERR p: [341972], ea: 2, v_r: 1.1193668212890625e+03, v_e: 1.1188305664062500e+03, x_r: 4.8742572021484375e+02, x_e: 4.8742572021484375e+02, y_r: 4.0020008087158203e+01, y_e: 3.9805496215820312e+01, z_r: -1.5969120788574219e+02, z_e: -1.5969120788574219e+02

#ERR p: [341973], ea: 4, v_r: 8.1699517822265625e+02, v_e: 8.1661529541015625e+02, x_r: -1.1447054290771484e+02, x_e: -1.1424266815185547e+02, y_r: 2.8925859451293945e+01, y_e: 2.8773939132690430e+01, z_r: -2.7302947998046875e+02, z_e: -2.7295352172851562e+02

#ERR p: [341974], ea: 3, v_r: 5.7326696777343750e+02, v_e: 5.7300598144531250e+02, x_r: -5.2047143554687500e+02, x_e: -5.2010601806640625e+02, y_r: -1.9919537353515625e+02, y_e: -1.9919537353515625e+02, z_r: -5.2044274902343750e+02, z_e: -5.2023388671875000e+02

#ERR p: [341975], ea: 3, v_r: 1.1554573974609375e+03, v_e: 1.1549421386718750e+03, x_r: -1.6051965332031250e+02, x_e: -1.6021051025390625e+02, y_r: 9.2667791748046875e+02, y_e: 9.2605963134765625e+02, z_r: -1.6728140258789062e+02, z_e: -1.6728140258789062e+02

#ERR p: [341976], ea: 4, v_r: 9.3180407714843750e+02, v_e: 9.3134710693359375e+02, x_r: 5.8480249023437500e+02, x_e: 5.8471112060546875e+02, y_r: 3.5806510925292969e+01, y_e: 3.5623710632324219e+01, z_r: -8.4746484375000000e+02, z_e: -8.4709936523437500e+02

#ERR p: [341977], ea: 4, v_r: 1.1059765625000000e+03, v_e: 1.1054689941406250e+03, x_r: 2.7034924316406250e+02, x_e: 2.7045071411132812e+02, y_r: 6.7491583251953125e+02, y_e: 6.7440826416015625e+02, z_r: 5.2423839569091797e+01, z_e: 5.2322326660156250e+01

#ERR p: [341978], ea: 4, v_r: 9.6256646728515625e+02, v_e: 9.6212078857421875e+02, x_r: -5.0515283203125000e+02, x_e: -5.0470718383789062e+02, y_r: -5.2133160400390625e+02, y_e: -5.2124249267578125e+02, z_r: 4.9173278808593750e+01, z_e: 4.9084136962890625e+01

#ERR p: [341979], ea: 2, v_r: 1.1029483642578125e+03, v_e: 1.1024012451171875e+03, x_r: 4.7891369628906250e+02, x_e: 4.7891369628906250e+02, y_r: -8.0652703857421875e+02, y_e: -8.0630816650390625e+02, z_r: -1.5474964904785156e+02, z_e: -1.5474964904785156e+02

#ERR p: [341980], ea: 3, v_r: 1.0096042480468750e+03, v_e: 1.0091403198242188e+03, x_r: 4.4084866333007812e+02, x_e: 4.4084866333007812e+02, y_r: 8.1009967041015625e+02, y_e: 8.0954302978515625e+02, z_r: 4.7226696014404297e+01, z_e: 4.7133922576904297e+01

#ERR p: [341981], ea: 4, v_r: 9.1048516845703125e+02, v_e: 9.1003045654296875e+02, x_r: 2.2053157043457031e+02, x_e: 2.2062251281738281e+02, y_r: -8.3897149658203125e+02, y_e: -8.3869866943359375e+02, z_r: -6.5068530273437500e+02, z_e: -6.5041247558593750e+02

#ERR p: [341982], ea: 4, v_r: 8.4808056640625000e+02, v_e: 8.4767730712890625e+02, x_r: 4.2545394897460938e+01, x_e: 4.2706710815429688e+01, y_r: -6.2314654541015625e+02, y_e: -6.2298522949218750e+02, z_r: 6.9407482910156250e+02, z_e: 6.9367163085937500e+02

#ERR p: [341983], ea: 4, v_r: 1.1682064208984375e+03, v_e: 1.1676755371093750e+03, x_r: -3.8798742675781250e+02, x_e: -3.8756265258789062e+02, y_r: 3.8974784851074219e+01, y_e: 3.8762397766113281e+01, z_r: 2.8154840087890625e+02, z_e: 2.8133602905273438e+02

#ERR p: [341984], ea: 4, v_r: 1.1487547607421875e+03, v_e: 1.1482646484375000e+03, x_r: -1.0420324707031250e+03, x_e: -1.0413461914062500e+03, y_r: 4.7662390136718750e+02, y_e: 4.7623181152343750e+02, z_r: 7.1631787109375000e+02, z_e: 7.1592578125000000e+02

#ERR p: [341985], ea: 2, v_r: 6.9940673828125000e+02, v_e: 6.9906140136718750e+02, x_r: 3.0429019165039062e+02, x_e: 3.0429019165039062e+02, y_r: -2.4155426025390625e+02, y_e: -2.4155426025390625e+02, z_r: -6.3521527099609375e+02, z_e: -6.3493896484375000e+02

#ERR p: [341986], ea: 3, v_r: 9.6748785400390625e+02, v_e: 9.6704217529296875e+02, x_r: 4.2158660888671875e+02, x_e: 4.2158660888671875e+02, y_r: 4.0297863769531250e+02, y_e: 4.0262207031250000e+02, z_r: 7.8842468261718750e+02, z_e: 7.8797900390625000e+02

#ERR p: [341987], ea: 3, v_r: 7.1368853759765625e+02, v_e: 7.1336645507812500e+02, x_r: -5.1098254394531250e+02, x_e: -5.1059613037109375e+02, y_r: -1.1264868927001953e+02, y_e: -1.1271309661865234e+02, z_r: -1.0116002655029297e+02, z_e: -1.0116002655029297e+02

#ERR p: [341988], ea: 4, v_r: 8.0907891845703125e+02, v_e: 8.0871032714843750e+02, x_r: 4.2971862792968750e+01, x_e: 4.3119300842285156e+01, y_r: 6.5052252197265625e+02, y_e: 6.5008013916015625e+02, z_r: -5.8251690673828125e+02, z_e: -5.8229577636718750e+02

#ERR p: [341989], ea: 3, v_r: 1.0524567871093750e+03, v_e: 1.0519257812500000e+03, x_r: 8.6186413574218750e+02, x_e: 8.6165173339843750e+02, y_r: -3.6283551025390625e+02, y_e: -3.6283551025390625e+02, z_r: -9.5599462890625000e+02, z_e: -9.5556982421875000e+02

#ERR p: [341990], ea: 4, v_r: 1.0846794433593750e+03, v_e: 1.0842014160156250e+03, x_r: -1.5087591552734375e+02, x_e: -1.5058909606933594e+02, y_r: 8.6810455322265625e+02, y_e: 8.6753094482421875e+02, z_r: 4.6691378784179688e+02, z_e: 4.6662692260742188e+02

#ERR p: [341991], ea: 3, v_r: 7.3437402343750000e+02, v_e: 7.3401629638671875e+02, x_r: 1.7854124450683594e+02, x_e: 1.7861277770996094e+02, y_r: -2.5430090332031250e+02, y_e: -2.5430090332031250e+02, z_r: -5.2616851806640625e+02, z_e: -5.2595385742187500e+02

#ERR p: [341992], ea: 4, v_r: 9.3577398681640625e+02, v_e: 9.3537469482421875e+02, x_r: -4.8931646728515625e+02, x_e: -4.8891720581054688e+02, y_r: 7.4733367919921875e+02, y_e: 7.4685455322265625e+02, z_r: 7.6186511230468750e+02, z_e: 7.6146582031250000e+02

#ERR p: [341993], ea: 4, v_r: 1.1694980468750000e+03, v_e: 1.1689482421875000e+03, x_r: -1.6568298339843750e+02, x_e: -1.6535308837890625e+02, y_r: -8.5966577148437500e+02, y_e: -8.5944580078125000e+02, z_r: 9.5719781494140625e+02, z_e: 9.5664794921875000e+02

#ERR p: [341994], ea: 4, v_r: 9.4425628662109375e+02, v_e: 9.4377819824218750e+02, x_r: 5.9138836669921875e+02, x_e: 5.9129266357421875e+02, y_r: -6.8848504638671875e+02, y_e: -6.8829376220703125e+02, z_r: -6.7551458740234375e+02, z_e: -6.7522772216796875e+02

#ERR p: [341995], ea: 3, v_r: 9.1227191162109375e+02, v_e: 9.1184368896484375e+02, x_r: 3.9695019531250000e+02, x_e: 3.9695019531250000e+02, y_r: 3.0022924423217773e+01, y_e: 2.9851636886596680e+01, z_r: 7.4443328857421875e+02, z_e: 7.4400506591796875e+02

#ERR p: [341996], ea: 4, v_r: 9.4183465576171875e+02, v_e: 9.4138439941406250e+02, x_r: -1.3320765686035156e+02, x_e: -1.3293754577636719e+02, y_r: -6.9012512207031250e+02, y_e: -6.8994494628906250e+02, z_r: 4.8567214965820312e+01, z_e: 4.8477180480957031e+01

#ERR p: [341997], ea: 4, v_r: 9.1048645019531250e+02, v_e: 9.1005609130859375e+02, x_r: 2.2215078735351562e+02, x_e: 2.2223686218261719e+02, y_r: 2.0793458557128906e+02, y_e: 2.0767636108398438e+02, z_r: -4.7944796752929688e+02, z_e: -4.7927581787109375e+02

#ERR p: [341998], ea: 3, v_r: 9.8572454833984375e+02, v_e: 9.8522955322265625e+02, x_r: 4.2825726318359375e+02, x_e: 4.2825726318359375e+02, y_r: -7.1841687011718750e+02, y_e: -7.1821875000000000e+02, z_r: -8.9405212402343750e+02, z_e: -8.9365600585937500e+02

#ERR p: [341999], ea: 2, v_r: 8.1708514404296875e+02, v_e: 8.1667980957031250e+02, x_r: 3.5478753662109375e+02, x_e: 3.5478753662109375e+02, y_r: -5.9748937988281250e+02, y_e: -5.9732727050781250e+02, z_r: -1.1464147949218750e+02, z_e: -1.1464147949218750e+02

#SDC Ite:72 KerTime:1.194988 AccTime:87.143968 KerErr:100 AccErr:100
#IT Ite:80 KerTime:1.195083 AccTime:96.702481
#IT Ite:90 KerTime:1.195114 AccTime:108.649989
#IT Ite:100 KerTime:1.194564 AccTime:120.597162
#IT Ite:110 KerTime:1.194749 AccTime:132.543808
#IT Ite:120 KerTime:1.194575 AccTime:144.490879
#IT Ite:130 KerTime:1.194856 AccTime:156.436074
#IT Ite:140 KerTime:1.194678 AccTime:168.382317
#IT Ite:150 KerTime:1.194707 AccTime:180.329574
#IT Ite:160 KerTime:1.195085 AccTime:192.277874
#IT Ite:170 KerTime:1.194562 AccTime:204.224514
#IT Ite:180 KerTime:1.195191 AccTime:216.172493
#IT Ite:190 KerTime:1.194528 AccTime:228.120286
#IT Ite:200 KerTime:1.194852 AccTime:240.068272
#IT Ite:210 KerTime:1.194920 AccTime:252.015548
#IT Ite:220 KerTime:1.195435 AccTime:263.964884
#IT Ite:230 KerTime:1.195006 AccTime:275.912040
#IT Ite:240 KerTime:1.194579 AccTime:287.859956
#IT Ite:250 KerTime:1.194733 AccTime:299.808754
#IT Ite:260 KerTime:1.194683 AccTime:311.757228
#IT Ite:270 KerTime:1.195154 AccTime:323.704880
#IT Ite:280 KerTime:1.195012 AccTime:335.653585
#IT Ite:290 KerTime:1.193580 AccTime:347.601347
#IT Ite:300 KerTime:1.194217 AccTime:359.548009
#IT Ite:310 KerTime:1.195315 AccTime:371.495253
#IT Ite:320 KerTime:1.194043 AccTime:383.442075
#IT Ite:330 KerTime:1.194716 AccTime:395.386338
#IT Ite:340 KerTime:1.194556 AccTime:407.333560
#IT Ite:350 KerTime:1.195097 AccTime:419.281682
#IT Ite:360 KerTime:1.195141 AccTime:431.230685
#ERR p: [9215], ea: 4, v_r: 9.9309698486328125e+02, v_e: 9.1717333984375000e+02, x_r: 9.6989715576171875e+01, x_e: 4.8782478332519531e+01, y_r: -2.9935379028320312e+02, y_e: -3.0693533325195312e+02, z_r: -7.0118981933593750e+02, z_e: -6.6089849853515625e+02

#ERR p: [9279], ea: 4, v_r: 9.9419982910156250e+02, v_e: 7.3211700439453125e+02, x_r: -8.9613867187500000e+02, x_e: -6.6424627685546875e+02, y_r: -6.9686035156250000e+02, y_e: -5.2549255371093750e+02, z_r: 4.9157965087890625e+02, z_e: 3.1443627929687500e+02

#SDC Ite:366 KerTime:1.194283 AccTime:438.398991 KerErr:2 AccErr:102
#IT Ite:370 KerTime:1.194428 AccTime:443.178213
#ERR p: [622000], ea: 4, v_r: 1.5364473876953125e+03, v_e: 1.5512930908203125e+03, x_r: 3.4853244018554688e+02, x_e: 3.4914932250976562e+02, y_r: -1.3530450439453125e+03, y_e: -1.3671832275390625e+03, z_r: 6.8449420166015625e+02, z_e: 6.8991430664062500e+02

#ERR p: [622001], ea: 4, v_r: 1.4528768310546875e+03, v_e: 1.4667392578125000e+03, x_r: -7.8419512939453125e+02, x_e: -7.9449475097656250e+02, y_r: -1.6532183837890625e+02, y_e: -1.6780233764648438e+02, z_r: 6.4470745849609375e+02, z_e: 6.4986285400390625e+02

#ERR p: [622002], ea: 4, v_r: 1.5723265380859375e+03, v_e: 1.5873559570312500e+03, x_r: -8.4808691406250000e+02, x_e: -8.5922216796875000e+02, y_r: -1.7905052185058594e+02, y_e: -1.8168191528320312e+02, z_r: 9.9893017578125000e+02, z_e: 1.0073900146484375e+03

#ERR p: [622003], ea: 4, v_r: 1.3440412597656250e+03, v_e: 1.3568769531250000e+03, x_r: -7.2875152587890625e+02, x_e: -7.3861706542968750e+02, y_r: 1.1357614746093750e+03, y_e: 1.1454117431640625e+03, z_r: -9.4868469238281250e+02, z_e: -9.5836425781250000e+02

#ERR p: [622004], ea: 4, v_r: 9.3471624755859375e+02, v_e: 9.4352612304687500e+02, x_r: -6.8414508056640625e+02, x_e: -6.9238757324218750e+02, y_r: -4.6442623901367188e+02, y_e: -4.6940936279296875e+02, z_r: 5.6515056610107422e+01, z_e: 5.6340469360351562e+01

#ERR p: [622005], ea: 4, v_r: 1.6944161376953125e+03, v_e: 1.7106959228515625e+03, x_r: -2.6447515869140625e+02, x_e: -2.7010986328125000e+02, y_r: -1.1673516845703125e+03, y_e: -1.1796019287109375e+03, z_r: 1.0781718750000000e+03, z_e: 1.0872159423828125e+03

#ERR p: [622006], ea: 4, v_r: 1.6506197509765625e+03, v_e: 1.6663541259765625e+03, x_r: -1.2093602294921875e+03, x_e: -1.2243892822265625e+03, y_r: 1.3945544433593750e+03, y_e: 1.4066058349609375e+03, z_r: -2.1732836914062500e+02, z_e: -2.2021849060058594e+02

#ERR p: [622007], ea: 4, v_r: 1.4308284912109375e+03, v_e: 1.4445968017578125e+03, x_r: -4.9833752441406250e+02, x_e: -5.0597247314453125e+02, y_r: 3.8558605957031250e+02, y_e: 3.8834155273437500e+02, z_r: 6.3521697998046875e+02, z_e: 6.4047314453125000e+02

#ERR p: [622008], ea: 4, v_r: 1.7553750000000000e+03, v_e: 1.7725504150390625e+03, x_r: 1.0687563476562500e+03, x_e: 1.0758211669921875e+03, y_r: -1.9999107360839844e+02, y_e: -2.0352967834472656e+02, z_r: -2.2610508728027344e+02, z_e: -2.2932122802734375e+02

#ERR p: [622009], ea: 4, v_r: 1.5799664306640625e+03, v_e: 1.5953549804687500e+03, x_r: 9.6219183349609375e+02, x_e: 9.6860260009765625e+02, y_r: -7.8562097167968750e+02, y_e: -7.9466424560546875e+02, z_r: -2.0331172180175781e+02, z_e: -2.0631333923339844e+02

#ERR p: [622010], ea: 4, v_r: 1.7674653320312500e+03, v_e: 1.7848104248046875e+03, x_r: 1.0773491210937500e+03, x_e: 1.0845640869140625e+03, y_r: -2.0158840942382812e+02, y_e: -2.0502674865722656e+02, z_r: 4.4953396606445312e+02, z_e: 4.5290362548828125e+02

#ERR p: [622011], ea: 4, v_r: 1.6497561035156250e+03, v_e: 1.6655410156250000e+03, x_r: -5.7290075683593750e+02, x_e: -5.8134716796875000e+02, y_r: -1.4528360595703125e+03, y_e: -1.4676247558593750e+03, z_r: 1.3653977050781250e+03, z_e: 1.3770889892578125e+03

#ERR p: [622012], ea: 4, v_r: 1.3226678466796875e+03, v_e: 1.3353294677734375e+03, x_r: -7.1404083251953125e+02, x_e: -7.2351171875000000e+02, y_r: 3.5650234985351562e+02, y_e: 3.5906808471679688e+02, z_r: 5.8670367431640625e+02, z_e: 5.9151074218750000e+02

#ERR p: [622013], ea: 4, v_r: 1.6012143554687500e+03, v_e: 1.6171644287109375e+03, x_r: 1.2844130859375000e+03, x_e: 1.2941220703125000e+03, y_r: 7.3771032714843750e+02, y_e: 7.4382739257812500e+02, z_r: 1.3279514160156250e+03, z_e: 1.3404029541015625e+03

#ERR p: [622014], ea: 4, v_r: 1.9626579589843750e+03, v_e: 1.9818618164062500e+03, x_r: 4.4526333618164062e+02, x_e: 4.4580484008789062e+02, y_r: 5.2846356201171875e+02, y_e: 5.3223559570312500e+02, z_r: 1.2495412597656250e+03, z_e: 1.2606639404296875e+03

#ERR p: [622015], ea: 4, v_r: 1.5268181152343750e+03, v_e: 1.5414991455078125e+03, x_r: -2.4147862243652344e+02, x_e: -2.4690986633300781e+02, y_r: 4.1182992553710938e+02, y_e: 4.1450286865234375e+02, z_r: -4.9145083618164062e+02, z_e: -4.9702255249023438e+02

#ERR p: [622016], ea: 4, v_r: 1.7101685791015625e+03, v_e: 1.7265959472656250e+03, x_r: -9.2339007568359375e+02, x_e: -9.3575885009765625e+02, y_r: 1.1165452880859375e+03, y_e: 1.1261431884765625e+03, z_r: 7.5830926513671875e+02, z_e: 7.6467248535156250e+02

#ERR p: [622017], ea: 4, v_r: 1.2631041259765625e+03, v_e: 1.2750487060546875e+03, x_r: -6.8246557617187500e+02, x_e: -6.9129974365234375e+02, y_r: -8.6973583984375000e+02, y_e: -8.7880041503906250e+02, z_r: 7.6924743652343750e+01, z_e: 7.6667343139648438e+01

#ERR p: [622018], ea: 4, v_r: 1.7448430175781250e+03, v_e: 1.7618659667968750e+03, x_r: 1.0611678466796875e+03, x_e: 1.0680883789062500e+03, y_r: -1.9857914733886719e+02, y_e: -2.0221928405761719e+02, z_r: -8.9322277832031250e+02, z_e: -9.0290429687500000e+02

#ERR p: [622019], ea: 4, v_r: 1.2289779052734375e+03, v_e: 1.2406580810546875e+03, x_r: -1.9534907531738281e+02, x_e: -1.9966072082519531e+02, y_r: -3.7484414672851562e+02, y_e: -3.7953906250000000e+02, z_r: -1.1014692382812500e+03, z_e: -1.1127247314453125e+03

#ERR p: [622020], ea: 4, v_r: 1.5108160400390625e+03, v_e: 1.5258299560546875e+03, x_r: 1.2107686767578125e+03, x_e: 1.2198383789062500e+03, y_r: 6.9623229980468750e+02, y_e: 7.0187310791015625e+02, z_r: 6.7399224853515625e+02, z_e: 6.7998376464843750e+02

#ERR p: [622021], ea: 4, v_r: 1.7910606689453125e+03, v_e: 1.8085063476562500e+03, x_r: 4.0159194946289062e+02, x_e: 4.0171365356445312e+02, y_r: 1.1696760253906250e+03, y_e: 1.1792868652343750e+03, z_r: -1.2615893554687500e+03, z_e: -1.2746499023437500e+03

#ERR p: [622022], ea: 4, v_r: 1.3304837646484375e+03, v_e: 1.3431406250000000e+03, x_r: -2.0943817138671875e+02, x_e: -2.1389585876464844e+02, y_r: -1.1711763916015625e+03, y_e: -1.1833098144531250e+03, z_r: -1.7279730224609375e+02, z_e: -1.7547990417480469e+02

#ERR p: [622023], ea: 4, v_r: 1.3466525878906250e+03, v_e: 1.3599387207031250e+03, x_r: 8.1905053710937500e+02, x_e: 8.2434533691406250e+02, y_r: 8.7909991455078125e+02, y_e: 8.8645520019531250e+02, z_r: -4.3173294067382812e+02, z_e: -4.3654748535156250e+02

#ERR p: [622024], ea: 4, v_r: 1.5392222900390625e+03, v_e: 1.5541750488281250e+03, x_r: 9.3811834716796875e+02, x_e: 9.4446203613281250e+02, y_r: -1.3554683837890625e+03, y_e: -1.3699033203125000e+03, z_r: 9.7005775451660156e+01, z_e: 9.6825508117675781e+01

#ERR p: [622025], ea: 4, v_r: 1.4660441894531250e+03, v_e: 1.4799530029296875e+03, x_r: -5.1294555664062500e+02, x_e: -5.2070513916015625e+02, y_r: -4.4726730346679688e+02, y_e: -4.5271383666992188e+02, z_r: -7.5284747314453125e+02, z_e: -7.6097393798828125e+02

#ERR p: [622026], ea: 4, v_r: 1.8542062988281250e+03, v_e: 1.8723646240234375e+03, x_r: 7.7394726562500000e+02, x_e: 7.7785015869140625e+02, y_r: 4.9952178955078125e+02, y_e: 5.0282971191406250e+02, z_r: 1.1548377227783203e+02, z_e: 1.1564663696289062e+02

#ERR p: [622027], ea: 4, v_r: 1.6378043212890625e+03, v_e: 1.6539719238281250e+03, x_r: 1.3090727539062500e+03, x_e: 1.3186065673828125e+03, y_r: 7.5527343750000000e+02, y_e: 7.6096887207031250e+02, z_r: -1.1518763427734375e+03, z_e: -1.1639254150390625e+03

#ERR p: [622028], ea: 4, v_r: 1.3945919189453125e+03, v_e: 1.4078846435546875e+03, x_r: 3.1314227294921875e+02, x_e: 3.1348114013671875e+02, y_r: -1.2273934326171875e+03, y_e: -1.2404129638671875e+03, z_r: -1.2487094726562500e+03, z_e: -1.2616101074218750e+03

#ERR p: [622029], ea: 4, v_r: 1.7204213867187500e+03, v_e: 1.7373375244140625e+03, x_r: 1.3772567138671875e+03, x_e: 1.3874884033203125e+03, y_r: -1.9613349914550781e+02, y_e: -1.9966322326660156e+02, z_r: -2.2101310729980469e+02, z_e: -2.2414039611816406e+02

#ERR p: [622030], ea: 4, v_r: 1.6524938964843750e+03, v_e: 1.6687163085937500e+03, x_r: 3.7338949584960938e+02, x_e: 3.7365087890625000e+02, y_r: 1.3954481201171875e+03, y_e: 1.4077982177734375e+03, z_r: 4.1856570434570312e+02, z_e: 4.2195889282226562e+02

#ERR p: [622031], ea: 4, v_r: 1.8202562255859375e+03, v_e: 1.8384407958984375e+03, x_r: 1.4592290039062500e+03, x_e: 1.4701628417968750e+03, y_r: 1.5366074218750000e+03, y_e: 1.5504555664062500e+03, z_r: 1.1606079101562500e+03, z_e: 1.1714759521484375e+03

#ERR p: [622032], ea: 4, v_r: 1.2963090820312500e+03, v_e: 1.3086947021484375e+03, x_r: -9.4713403320312500e+02, x_e: -9.5874359130859375e+02, y_r: 3.4922857666015625e+02, y_e: 3.5186453247070312e+02, z_r: 1.0712080078125000e+03, z_e: 1.0806157226562500e+03

#ERR p: [622033], ea: 4, v_r: 1.6978187255859375e+03, v_e: 1.7145771484375000e+03, x_r: 1.3616557617187500e+03, x_e: 1.3719931640625000e+03, y_r: -5.1936975097656250e+02, y_e: -5.2580371093750000e+02, z_r: 1.0831348876953125e+03, z_e: 1.0927596435546875e+03

#ERR p: [622034], ea: 4, v_r: 1.2054240722656250e+03, v_e: 1.2172592773437500e+03, x_r: 9.6367810058593750e+02, x_e: 9.7071905517578125e+02, y_r: 9.3806938171386719e+01, y_e: 9.3457588195800781e+01, z_r: -8.4765551757812500e+02, z_e: -8.5656823730468750e+02

#ERR p: [622035], ea: 4, v_r: 1.3114569091796875e+03, v_e: 1.3237620849609375e+03, x_r: -7.1087518310546875e+02, x_e: -7.2014215087890625e+02, y_r: -6.5112933349609375e+02, y_e: -6.5835833740234375e+02, z_r: -1.1761317138671875e+03, z_e: -1.1880927734375000e+03

#ERR p: [622036], ea: 4, v_r: 9.5604095458984375e+02, v_e: 9.6509167480468750e+02, x_r: -3.3443603515625000e+02, x_e: -3.3946197509765625e+02, y_r: -4.7489398193359375e+02, y_e: -4.8016448974609375e+02, z_r: -4.9087216186523438e+02, z_e: -4.9619531250000000e+02

#ERR p: [622037], ea: 4, v_r: 1.7393074951171875e+03, v_e: 1.7563504638671875e+03, x_r: 3.9524865722656250e+02, x_e: 3.9576666259765625e+02, y_r: 4.6820388793945312e+02, y_e: 4.7161743164062500e+02, z_r: 1.4406120605468750e+03, z_e: 1.4537368164062500e+03

#ERR p: [622038], ea: 4, v_r: 1.4279553222656250e+03, v_e: 1.4418873291015625e+03, x_r: 5.9345703125000000e+02, x_e: 5.9624987792968750e+02, y_r: 6.5881231689453125e+02, y_e: 6.6373797607421875e+02, z_r: -1.2787657470703125e+03, z_e: -1.2918742675781250e+03

#ERR p: [622039], ea: 4, v_r: 1.1043809814453125e+03, v_e: 1.1150305175781250e+03, x_r: 2.4969042968750000e+02, x_e: 2.5005734252929688e+02, y_r: -7.6072149658203125e+02, y_e: -7.6891418457031250e+02, z_r: 6.8776710510253906e+01, z_e: 6.8640785217285156e+01

#ERR p: [622040], ea: 4, v_r: 1.2081837158203125e+03, v_e: 1.2200001220703125e+03, x_r: 5.0386898803710938e+02, x_e: 5.0638113403320312e+02, y_r: 3.2555938720703125e+02, y_e: 3.2766586303710938e+02, z_r: -1.5619223022460938e+02, z_e: -1.5834042358398438e+02

#ERR p: [622041], ea: 4, v_r: 1.1809824218750000e+03, v_e: 1.1921724853515625e+03, x_r: -8.6409600830078125e+02, x_e: -8.7459857177734375e+02, y_r: -1.3422164916992188e+02, y_e: -1.3623898315429688e+02, z_r: 2.9739935302734375e+02, z_e: 2.9940081787109375e+02

#ERR p: [622042], ea: 4, v_r: 1.8512851562500000e+03, v_e: 1.8695405273437500e+03, x_r: 1.4790877685546875e+03, x_e: 1.4898078613281250e+03, y_r: 8.5381054687500000e+02, y_e: 8.6017065429687500e+02, z_r: -1.6566391601562500e+03, z_e: -1.6737261962890625e+03

#ERR p: [622043], ea: 4, v_r: 1.1277545166015625e+03, v_e: 1.1383002929687500e+03, x_r: -8.2697344970703125e+02, x_e: -8.3693078613281250e+02, y_r: -5.5993585205078125e+02, y_e: -5.6606323242187500e+02, z_r: -7.9577124023437500e+02, z_e: -8.0403308105468750e+02

#ERR p: [622044], ea: 4, v_r: 1.0890037841796875e+03, v_e: 1.0994079589843750e+03, x_r: 3.5564163208007812e+01, x_e: 3.3734985351562500e+01, y_r: -3.3223944091796875e+02, y_e: -3.3644854736328125e+02, z_r: -9.7566333007812500e+02, z_e: -9.8566448974609375e+02

#ERR p: [622045], ea: 4, v_r: 1.3756184082031250e+03, v_e: 1.3886633300781250e+03, x_r: -1.0053727416992188e+03, x_e: -1.0174965820312500e+03, y_r: -6.8387658691406250e+02, y_e: -6.9110455322265625e+02, z_r: 8.7369818115234375e+02, z_e: 8.8091430664062500e+02

#ERR p: [622046], ea: 4, v_r: 9.9370465087890625e+02, v_e: 1.0031228637695312e+03, x_r: -7.2580267333984375e+02, x_e: -7.3448931884765625e+02, y_r: -8.7500561523437500e+02, y_e: -8.8378149414062500e+02, z_r: 8.2170507812500000e+02, z_e: 8.2864276123046875e+02

#ERR p: [622047], ea: 4, v_r: 1.1967692871093750e+03, v_e: 1.2081849365234375e+03, x_r: -8.7537066650390625e+02, x_e: -8.8614581298828125e+02, y_r: 5.5200909423828125e+02, y_e: 5.5652862548828125e+02, z_r: 5.3030426025390625e+02, z_e: 5.3465820312500000e+02

#ERR p: [622048], ea: 4, v_r: 1.7391622314453125e+03, v_e: 1.7558433837890625e+03, x_r: -6.0482824707031250e+02, x_e: -6.1391650390625000e+02, y_r: -5.3145123291015625e+02, y_e: -5.3759637451171875e+02, z_r: 1.1057169189453125e+03, z_e: 1.1150771484375000e+03

#ERR p: [622049], ea: 4, v_r: 1.5198991699218750e+03, v_e: 1.5347657470703125e+03, x_r: 6.3568762207031250e+02, x_e: 6.3902783203125000e+02, y_r: -1.7335816955566406e+02, y_e: -1.7620854187011719e+02, z_r: 6.7721777343750000e+02, z_e: 6.8290863037109375e+02

#ERR p: [622050], ea: 4, v_r: 1.0392130126953125e+03, v_e: 1.0490585937500000e+03, x_r: -7.6246618652343750e+02, x_e: -7.7191162109375000e+02, y_r: 6.7903839111328125e+02, y_e: 6.8458654785156250e+02, z_r: -7.3380950927734375e+02, z_e: -7.4129461669921875e+02

#ERR p: [622051], ea: 4, v_r: 1.1095029296875000e+03, v_e: 1.1199782714843750e+03, x_r: -6.0120294189453125e+02, x_e: -6.0912274169921875e+02, y_r: -1.2569282531738281e+02, y_e: -1.2781044769287109e+02, z_r: -7.8271093750000000e+02, z_e: -7.9081372070312500e+02

#ERR p: [622052], ea: 4, v_r: 1.3027255859375000e+03, v_e: 1.3155170898437500e+03, x_r: 1.0424382324218750e+03, x_e: 1.0501440429687500e+03, y_r: -1.4844068908691406e+02, y_e: -1.5115971374511719e+02, z_r: -4.1691174316406250e+02, z_e: -4.2171603393554688e+02

#ERR p: [622053], ea: 4, v_r: 1.6143364257812500e+03, v_e: 1.6300471191406250e+03, x_r: 9.8192419433593750e+02, x_e: 9.8835241699218750e+02, y_r: -4.9311691284179688e+02, y_e: -4.9947433471679688e+02, z_r: -8.2631585693359375e+02, z_e: -8.3531207275390625e+02

#ERR p: [622054], ea: 4, v_r: 1.1451495361328125e+03, v_e: 1.1562257080078125e+03, x_r: 4.1083873748779297e+01, x_e: 3.9418323516845703e+01, y_r: -7.8909332275390625e+02, y_e: -7.9741424560546875e+02, z_r: 9.4849884033203125e+02, z_e: 9.5679101562500000e+02

#ERR p: [622055], ea: 4, v_r: 1.7303049316406250e+03, v_e: 1.7475224609375000e+03, x_r: 1.0561334228515625e+03, x_e: 1.0631918945312500e+03, y_r: 1.4606632080078125e+03, y_e: 1.4738850097656250e+03, z_r: 1.4341475830078125e+03, z_e: 1.4476837158203125e+03

#ERR p: [622056], ea: 4, v_r: 1.6402406005859375e+03, v_e: 1.6560405273437500e+03, x_r: -8.8435961914062500e+02, x_e: -8.9618975830078125e+02, y_r: 1.0706215820312500e+03, y_e: 1.0799755859375000e+03, z_r: 1.3557713623046875e+03, z_e: 1.3679266357421875e+03

#ERR p: [622057], ea: 4, v_r: 1.4040664062500000e+03, v_e: 1.4174267578125000e+03, x_r: -7.6169104003906250e+02, x_e: -7.7195703125000000e+02, y_r: 9.1745104980468750e+02, y_e: 9.2489453125000000e+02, z_r: -1.2598454589843750e+03, z_e: -1.2725219726562500e+03

#ERR p: [622058], ea: 4, v_r: 1.2573077392578125e+03, v_e: 1.2695570068359375e+03, x_r: 7.6424627685546875e+02, x_e: 7.6919641113281250e+02, y_r: -1.4301829528808594e+02, y_e: -1.4568545532226562e+02, z_r: -8.8448205566406250e+02, z_e: -8.9378472900390625e+02

#ERR p: [622059], ea: 4, v_r: 1.5706525878906250e+03, v_e: 1.5859339599609375e+03, x_r: 9.5420159912109375e+02, x_e: 9.6033929443359375e+02, y_r: -1.7856916809082031e+02, y_e: -1.8195591735839844e+02, z_r: -1.4057689208984375e+03, z_e: -1.4202879638671875e+03

#ERR p: [622060], ea: 4, v_r: 1.1024199218750000e+03, v_e: 1.1128569335937500e+03, x_r: -1.0165072021484375e+03, x_e: -1.0282329101562500e+03, y_r: -3.3683575439453125e+02, y_e: -3.4056213378906250e+02, z_r: 9.1087426757812500e+02, z_e: 9.1866113281250000e+02

#ERR p: [622061], ea: 4, v_r: 1.5136911621093750e+03, v_e: 1.5282281494140625e+03, x_r: 3.3949896240234375e+02, x_e: 3.3975393676757812e+02, y_r: -4.6192965698242188e+02, y_e: -4.6784884643554688e+02, z_r: -1.3556630859375000e+03, z_e: -1.3696027832031250e+03

#ERR p: [622062], ea: 4, v_r: 1.1375313720703125e+03, v_e: 1.1483115234375000e+03, x_r: -1.8026737976074219e+02, x_e: -1.8416526794433594e+02, y_r: -7.8304223632812500e+02, y_e: -7.9144561767578125e+02, z_r: -8.0146252441406250e+02, z_e: -8.0987695312500000e+02

#ERR p: [622063], ea: 4, v_r: 4.6941333770751953e+01, v_e: 1.1911480712890625e+03, x_r: -4.6293018341064453e+01, x_e: -1.1003444824218750e+03, y_r: -3.6578792572021484e+01, y_e: -1.0493583984375000e+03, z_r: 3.6395648956298828e+01, z_e: 9.8351733398437500e+02

#ERR p: [622064], ea: 4, v_r: 1.1800181884765625e+03, v_e: 1.1911480712890625e+03, x_r: -1.0879238281250000e+03, x_e: -1.1003444824218750e+03, y_r: -1.0390155029296875e+03, y_e: -1.0493583984375000e+03, z_r: 9.7534063720703125e+02, z_e: 9.8351733398437500e+02

#ERR p: [622065], ea: 4, v_r: 1.6884052734375000e+03, v_e: 1.7049621582031250e+03, x_r: 1.0312692871093750e+03, x_e: 1.0384000244140625e+03, y_r: -1.1637066650390625e+03, y_e: -1.1762749023437500e+03, z_r: 1.4002889404296875e+03, z_e: 1.4127924804687500e+03

#ERR p: [622066], ea: 4, v_r: 1.0077705078125000e+03, v_e: 1.0173750610351562e+03, x_r: 3.2993972778320312e+01, x_e: 3.1330638885498047e+01, y_r: -5.0058898925781250e+02, y_e: -5.0630673217773438e+02, z_r: -9.0281097412109375e+02, z_e: -9.1208062744140625e+02

#ERR p: [622067], ea: 4, v_r: 1.2801193847656250e+03, v_e: 1.2924862060546875e+03, x_r: 7.7894958496093750e+02, x_e: 7.8410870361328125e+02, y_r: -1.1270384521484375e+03, y_e: -1.1391213378906250e+03, z_r: -6.5499707031250000e+02, z_e: -6.6222308349609375e+02

#ERR p: [622068], ea: 4, v_r: 1.2455979003906250e+03, v_e: 1.2577415771484375e+03, x_r: 2.8323895263671875e+02, x_e: 2.8370150756835938e+02, y_r: -3.8091143798828125e+02, y_e: -3.8543151855468750e+02, z_r: 1.0319584960937500e+03, z_e: 1.0411690673828125e+03

#ERR p: [622069], ea: 4, v_r: 1.4704399414062500e+03, v_e: 1.4847008056640625e+03, x_r: 3.3399084472656250e+02, x_e: 3.3457733154296875e+02, y_r: -1.0132037353515625e+03, y_e: -1.0240091552734375e+03, z_r: 9.3670556640625000e+02, z_e: 9.4468951416015625e+02

#ERR p: [622070], ea: 4, v_r: 1.4470751953125000e+03, v_e: 1.4608836669921875e+03, x_r: -5.0362628173828125e+02, x_e: -5.1110797119140625e+02, y_r: -9.9674957275390625e+02, y_e: -1.0071578369140625e+03, z_r: 6.4303424072265625e+02, z_e: 6.4803924560546875e+02

#ERR p: [622071], ea: 4, v_r: 1.2779339599609375e+03, v_e: 1.2902042236328125e+03, x_r: -2.0256103515625000e+02, x_e: -2.0712849426269531e+02, y_r: 3.4478939819335938e+02, y_e: 3.4697579956054688e+02, z_r: -6.5610333251953125e+02, z_e: -6.6310150146484375e+02

#ERR p: [622072], ea: 4, v_r: 1.5153872070312500e+03, v_e: 1.5301928710937500e+03, x_r: 9.2452117919921875e+02, x_e: 9.3083105468750000e+02, y_r: -1.0442474365234375e+03, y_e: -1.0556009521484375e+03, z_r: 6.7605548095703125e+02, z_e: 6.8158435058593750e+02

#ERR p: [622073], ea: 4, v_r: 1.4109376220703125e+03, v_e: 1.4246882324218750e+03, x_r: 4.8540641784667969e+01, x_e: 4.6136596679687500e+01, y_r: 9.2107470703125000e+02, y_e: 9.2895275878906250e+02, z_r: 3.5694503784179688e+02, z_e: 3.5973675537109375e+02

#ERR p: [622074], ea: 4, v_r: 1.7347210693359375e+03, v_e: 1.7513012695312500e+03, x_r: -9.3713385009765625e+02, x_e: -9.4957080078125000e+02, y_r: 4.6770797729492188e+02, y_e: 4.7100354003906250e+02, z_r: 4.3718234252929688e+02, z_e: 4.4031079101562500e+02

#ERR p: [622075], ea: 4, v_r: 1.4074675292968750e+03, v_e: 1.4210158691406250e+03, x_r: 8.5556182861328125e+02, x_e: 8.6114819335937500e+02, y_r: -1.2389730224609375e+03, y_e: -1.2523154296875000e+03, z_r: -1.2593706054687500e+03, z_e: -1.2724542236328125e+03

#ERR p: [622076], ea: 4, v_r: 1.3878372802734375e+03, v_e: 1.4011350097656250e+03, x_r: -4.8200994873046875e+02, x_e: -4.8915963745117188e+02, y_r: -9.5619049072265625e+02, y_e: -9.6611199951171875e+02, z_r: 1.1485029296875000e+03, z_e: 1.1584024658203125e+03

#ERR p: [622077], ea: 4, v_r: 1.7468645019531250e+03, v_e: 1.7636793212890625e+03, x_r: -6.0914978027343750e+02, x_e: -6.1855242919921875e+02, y_r: 8.0571441650390625e+02, y_e: 8.1222308349609375e+02, z_r: 4.4075222778320312e+02, z_e: 4.4402639770507812e+02

#ERR p: [622078], ea: 4, v_r: 1.2752448730468750e+03, v_e: 1.2877731933593750e+03, x_r: 1.0214066772460938e+03, x_e: 1.0290471191406250e+03, y_r: -3.8986560058593750e+02, y_e: -3.9482199096679688e+02, z_r: 8.0553825378417969e+01, z_e: 8.0578292846679688e+01

#ERR p: [622079], ea: 4, v_r: 1.5602420654296875e+03, v_e: 1.5752718505859375e+03, x_r: -8.4122711181640625e+02, x_e: -8.5248040771484375e+02, y_r: 1.0184085693359375e+03, y_e: 1.0273060302734375e+03, z_r: 1.2896497802734375e+03, z_e: 1.3012121582031250e+03

#ERR p: [622080], ea: 4, v_r: 1.8924858398437500e+03, v_e: 1.9105938720703125e+03, x_r: -1.3827895507812500e+03, x_e: -1.3998070068359375e+03, y_r: 8.7257995605468750e+02, y_e: 8.7988891601562500e+02, z_r: 1.5636905517578125e+03, z_e: 1.5775142822265625e+03

#ERR p: [622081], ea: 4, v_r: 1.4867615966796875e+03, v_e: 1.5013321533203125e+03, x_r: 6.2174029541015625e+02, x_e: 6.2497619628906250e+02, y_r: 1.1537788391113281e+02, y_e: 1.1536486053466797e+02, z_r: 6.6235229492187500e+02, z_e: 6.6798663330078125e+02

#ERR p: [622082], ea: 4, v_r: 1.5939025878906250e+03, v_e: 1.6091143798828125e+03, x_r: -5.5735052490234375e+02, x_e: -5.6588092041015625e+02, y_r: 1.2454315948486328e+02, y_e: 1.2444918060302734e+02, z_r: -5.1348315429687500e+02, z_e: -5.1935021972656250e+02

#ERR p: [622083], ea: 4, v_r: 1.6204350585937500e+03, v_e: 1.6361514892578125e+03, x_r: 3.6671975708007812e+02, x_e: 3.6721432495117188e+02, y_r: -4.9518273925781250e+02, y_e: -5.0121524047851562e+02, z_r: 4.1110205078125000e+02, z_e: 4.1402255249023438e+02

#ERR p: [622084], ea: 4, v_r: 1.1733690185546875e+03, v_e: 1.1847968750000000e+03, x_r: 2.6399475097656250e+02, x_e: 2.6415765380859375e+02, y_r: 5.4123120117187500e+02, y_e: 5.4543475341796875e+02, z_r: -3.7693576049804688e+02, z_e: -3.8117572021484375e+02

#ERR p: [622085], ea: 4, v_r: 1.7028330078125000e+03, v_e: 1.7193709716796875e+03, x_r: 5.5392719268798828e+01, x_e: 5.2269351959228516e+01, y_r: 1.4385991210937500e+03, y_e: 1.4509088134765625e+03, z_r: -1.2001390380859375e+03, z_e: -1.2124946289062500e+03

#ERR p: [622086], ea: 4, v_r: 1.2163739013671875e+03, v_e: 1.2280643310546875e+03, x_r: -1.9330924987792969e+02, x_e: -1.9771769714355469e+02, y_r: 5.6140118408203125e+02, y_e: 5.6566961669921875e+02, z_r: -8.5755029296875000e+02, z_e: -8.6640313720703125e+02

#ERR p: [622087], ea: 4, v_r: 1.2372191162109375e+03, v_e: 1.2492044677734375e+03, x_r: 4.4325294494628906e+01, x_e: 4.2491981506347656e+01, y_r: -6.1541143798828125e+02, y_e: -6.2212854003906250e+02, z_r: 1.0246564941406250e+03, z_e: 1.0336756591796875e+03

#ERR p: [622088], ea: 4, v_r: 1.1748559570312500e+03, v_e: 1.1863220214843750e+03, x_r: 9.4125756835937500e+02, x_e: 9.4834179687500000e+02, y_r: -1.0346854248046875e+03, y_e: -1.0457845458984375e+03, z_r: 7.4433792114257812e+01, z_e: 7.4322334289550781e+01

#ERR p: [622089], ea: 4, v_r: 1.0199792480468750e+03, v_e: 1.0298146972656250e+03, x_r: 2.2901524353027344e+02, x_e: 2.2918542480468750e+02, y_r: -1.1585673522949219e+02, y_e: -1.1794660186767578e+02, z_r: -7.1819543457031250e+02, z_e: -7.2571215820312500e+02

#ERR p: [622090], ea: 4, v_r: 1.7584968261718750e+03, v_e: 1.7757630615234375e+03, x_r: 1.4071447753906250e+03, x_e: 1.4175466308593750e+03, y_r: -2.0037425231933594e+02, y_e: -2.0404450988769531e+02, z_r: -5.6277258300781250e+02, z_e: -5.6925744628906250e+02

#ERR p: [622091], ea: 4, v_r: 1.5263164062500000e+03, v_e: 1.5413276367187500e+03, x_r: 1.2236652832031250e+03, x_e: 1.2329296875000000e+03, y_r: -7.5934204101562500e+02, y_e: -7.6802825927734375e+02, z_r: 6.8136199951171875e+02, z_e: 6.8706005859375000e+02

#ERR p: [622092], ea: 4, v_r: 1.6176197509765625e+03, v_e: 1.6335827636718750e+03, x_r: 1.2980148925781250e+03, x_e: 1.3079400634765625e+03, y_r: -8.0497528076171875e+02, y_e: -8.1408874511718750e+02, z_r: 1.3420540771484375e+03, z_e: 1.3542060546875000e+03

#ERR p: [622093], ea: 4, v_r: 1.1058631591796875e+03, v_e: 1.1162884521484375e+03, x_r: -3.8668768310546875e+02, x_e: -3.9242242431640625e+02, y_r: -9.7318817138671875e+02, y_e: -9.8323565673828125e+02, z_r: -5.6761370849609375e+02, z_e: -5.7382604980468750e+02

#ERR p: [622094], ea: 4, v_r: 1.4558181152343750e+03, v_e: 1.4701062011718750e+03, x_r: 6.0933514404296875e+02, x_e: 6.1254052734375000e+02, y_r: 1.1287920379638672e+02, y_e: 1.1292195892333984e+02, z_r: 9.2749884033203125e+02, z_e: 9.3575079345703125e+02

#ERR p: [622095], ea: 4, v_r: 1.6928393554687500e+03, v_e: 1.7095828857421875e+03, x_r: 1.0294831542968750e+03, x_e: 1.0361134033203125e+03, y_r: 1.4295942382812500e+03, y_e: 1.4420603027343750e+03, z_r: -5.4280804443359375e+02, z_e: -5.4881005859375000e+02

#ERR p: [622096], ea: 4, v_r: 1.2181589355468750e+03, v_e: 1.2301136474609375e+03, x_r: 9.7719482421875000e+02, x_e: 9.8466406250000000e+02, y_r: -1.0730618896484375e+03, y_e: -1.0844959716796875e+03, z_r: 7.7736950683593750e+02, z_e: 7.8409606933593750e+02

#ERR p: [622097], ea: 4, v_r: 1.2294143066406250e+03, v_e: 1.2412501220703125e+03, x_r: -1.9144960021972656e+02, x_e: -1.9552130126953125e+02, y_r: -8.4709515380859375e+02, y_e: -8.5595605468750000e+02, z_r: 1.0178450927734375e+03, z_e: 1.0266810302734375e+03

#ERR p: [622098], ea: 4, v_r: 1.2098525390625000e+03, v_e: 1.2214583740234375e+03, x_r: 3.9810131072998047e+01, x_e: 3.7766754150390625e+01, y_r: -1.3732963562011719e+02, y_e: -1.3976554870605469e+02, z_r: -8.5229400634765625e+02, z_e: -8.6119110107421875e+02

#ERR p: [622099], ea: 4, v_r: 1.2065861816406250e+03, v_e: 1.2181306152343750e+03, x_r: 2.7168817138671875e+02, x_e: 2.7203689575195312e+02, y_r: -1.0621024169921875e+03, y_e: -1.0733198242187500e+03, z_r: -6.1814361572265625e+02, z_e: -6.2494366455078125e+02

#SDC Ite:371 KerTime:1.195005 AccTime:444.373218 KerErr:100 AccErr:202
#IT Ite:380 KerTime:1.194798 AccTime:455.125709
#IT Ite:390 KerTime:1.194861 AccTime:467.072467
#IT Ite:400 KerTime:1.194716 AccTime:479.018624
#IT Ite:410 KerTime:1.194228 AccTime:490.965747
#IT Ite:420 KerTime:1.194703 AccTime:502.912076
#IT Ite:430 KerTime:1.195227 AccTime:514.859011
#IT Ite:440 KerTime:1.194298 AccTime:526.804358
#IT Ite:450 KerTime:1.194789 AccTime:538.751937
#IT Ite:460 KerTime:1.194601 AccTime:550.697524
#IT Ite:470 KerTime:1.194946 AccTime:562.645554
#IT Ite:480 KerTime:1.194758 AccTime:574.592307
#IT Ite:490 KerTime:1.194983 AccTime:586.541161
#ERR p: [153695], ea: 4, v_r: 1.1982098388671875e+03, v_e: 1.2005521240234375e+03, x_r: -1.0887174072265625e+03, x_e: -1.0908459472656250e+03, y_r: 7.6531018066406250e+02, y_e: 7.6680541992187500e+02, z_r: 9.6796472167968750e+02, z_e: 9.6985662841796875e+02

#SDC Ite:490 KerTime:1.194983 AccTime:586.541161 KerErr:1 AccErr:203
#ERR p: [278577], ea: 3, v_r: 1.6581575927734375e+03, v_e: 1.6581578369140625e+03, x_r: -2.3547386169433594e+02, x_e: -2.3547384643554688e+02, y_r: 1.0143814086914062e+03, y_e: 1.0143814086914062e+03, z_r: 6.7813934326171875e+02, z_e: 6.7813946533203125e+02

#SDC Ite:492 KerTime:1.195246 AccTime:588.931511 KerErr:1 AccErr:204
#IT Ite:500 KerTime:1.194785 AccTime:598.489275
#IT Ite:510 KerTime:1.194521 AccTime:610.437381
#IT Ite:520 KerTime:1.195104 AccTime:622.385367
#IT Ite:530 KerTime:1.194740 AccTime:634.329896
#IT Ite:540 KerTime:1.194634 AccTime:646.276038
#IT Ite:550 KerTime:1.194466 AccTime:658.223476
#IT Ite:560 KerTime:1.195097 AccTime:670.170926
