#HEADER box:19 spaceElem:685900
#BEGIN Y:2015 M:11 D:20 Time:16:41:05
#IT Ite:0 KerTime:1.194054 AccTime:1.194054
#IT Ite:10 KerTime:1.193298 AccTime:13.126290
#ERR p: [505936], ea: 4, v_r: 9.7034515380859375e+02, v_e: 9.7034472656250000e+02, x_r: 2.3887333679199219e+02, x_e: 2.3887364196777344e+02, y_r: 9.4140148162841797e+00, y_e: 9.4144124984741211e+00, z_r: -5.0410073852539062e+02, z_e: -5.0410061645507812e+02

#SDC Ite:15 KerTime:1.192555 AccTime:19.092331 KerErr:1 AccErr:1
#IT Ite:20 KerTime:1.193041 AccTime:25.058307
#IT Ite:30 KerTime:1.193386 AccTime:36.992087
#IT Ite:40 KerTime:1.193577 AccTime:48.923811
#IT Ite:50 KerTime:1.194707 AccTime:60.859971
#IT Ite:60 KerTime:1.194971 AccTime:72.806782
#IT Ite:70 KerTime:1.194656 AccTime:84.753979
#IT Ite:80 KerTime:1.194763 AccTime:96.700991
#IT Ite:90 KerTime:1.195245 AccTime:108.649122
#IT Ite:100 KerTime:1.194871 AccTime:120.599574
#IT Ite:110 KerTime:1.195001 AccTime:132.546189
#IT Ite:120 KerTime:1.195381 AccTime:144.496768
#IT Ite:130 KerTime:1.194946 AccTime:156.445583
#IT Ite:140 KerTime:1.194693 AccTime:168.393253
#IT Ite:150 KerTime:1.194532 AccTime:180.340185
#IT Ite:160 KerTime:1.194632 AccTime:192.286598
#IT Ite:170 KerTime:1.194433 AccTime:204.233918
#IT Ite:180 KerTime:1.194844 AccTime:216.182318
#IT Ite:190 KerTime:1.194974 AccTime:228.129276
#IT Ite:200 KerTime:1.194362 AccTime:240.076396
#IT Ite:210 KerTime:1.194583 AccTime:252.022624
#IT Ite:220 KerTime:1.194237 AccTime:263.968012
#IT Ite:230 KerTime:1.194318 AccTime:275.914838
#IT Ite:240 KerTime:1.194866 AccTime:287.862379
#IT Ite:250 KerTime:1.194631 AccTime:299.807846
#IT Ite:260 KerTime:1.194876 AccTime:311.752563
#IT Ite:270 KerTime:1.194656 AccTime:323.696384
#IT Ite:280 KerTime:1.194241 AccTime:335.642169
#IT Ite:290 KerTime:1.194717 AccTime:347.589158
#IT Ite:300 KerTime:1.194766 AccTime:359.536782
#IT Ite:310 KerTime:1.194784 AccTime:371.481823
#IT Ite:320 KerTime:1.195248 AccTime:383.426744
#IT Ite:330 KerTime:1.194131 AccTime:395.371415
#IT Ite:340 KerTime:1.194692 AccTime:407.317451
#IT Ite:350 KerTime:1.195025 AccTime:419.264084
#IT Ite:360 KerTime:1.194383 AccTime:431.212025
#IT Ite:370 KerTime:1.194876 AccTime:443.157553
#IT Ite:380 KerTime:1.194203 AccTime:455.101872
#IT Ite:390 KerTime:1.195270 AccTime:467.047700
#IT Ite:400 KerTime:1.194020 AccTime:478.993728
#IT Ite:410 KerTime:1.194222 AccTime:490.941518
#IT Ite:420 KerTime:1.194855 AccTime:502.884655
#ERR p: [590124], ea: 1, v_r: 1.2396319580078125e+03, v_e: 1.2396319580078125e+03, x_r: -1.7141813659667969e+02, x_e: -1.7141813659667969e+02, y_r: 7.7859625244140625e+02, y_e: 7.7859625244140625e+02, z_r: -2.5307768758994574e+20, z_e: -8.6108251953125000e+02

#ERR p: [590128], ea: 1, v_r: 1.2898656005859375e+03, v_e: 1.2898656005859375e+03, x_r: -2.4434848005907861e+20, x_e: -6.7676580810546875e+02, y_r: -9.2225604248046875e+02, y_e: -9.2225604248046875e+02, z_r: 8.3841571044921875e+02, z_e: 8.3841571044921875e+02

#SDC Ite:423 KerTime:1.194290 AccTime:506.467709 KerErr:2 AccErr:3
#IT Ite:430 KerTime:1.195006 AccTime:514.828317
#IT Ite:440 KerTime:1.194505 AccTime:526.772295
#ERR p: [409150], ea: 1, v_r: 1.6777797851562500e+03, v_e: 1.6777797851562500e+03, x_r: -5.8951898193359375e+02, x_e: -5.8951898193359375e+02, y_r: 1.3652463378906250e+03, y_e: 1.3652463378906250e+03, z_r: 4.1364376831054688e+02, z_e: 4.1364425659179688e+02

#SDC Ite:442 KerTime:1.194475 AccTime:529.161187 KerErr:1 AccErr:4
#IT Ite:450 KerTime:1.194788 AccTime:538.718184
#IT Ite:460 KerTime:1.194620 AccTime:550.664801
#IT Ite:470 KerTime:1.194535 AccTime:562.612372
#IT Ite:480 KerTime:1.194282 AccTime:574.559787
#IT Ite:490 KerTime:1.194725 AccTime:586.505744
#IT Ite:500 KerTime:1.194872 AccTime:598.453912
#IT Ite:510 KerTime:1.194620 AccTime:610.399446
#IT Ite:520 KerTime:1.195081 AccTime:622.345992
#IT Ite:530 KerTime:1.194247 AccTime:634.291146
#IT Ite:540 KerTime:1.194529 AccTime:646.235301
#IT Ite:550 KerTime:1.194731 AccTime:658.180619
#ERR p: [156200], ea: 4, v_r: 1.6905791015625000e+03, v_e: 1.6830458984375000e+03, x_r: 1.3154921875000000e+03, x_e: 1.3298204345703125e+03, y_r: 1.4006586914062500e+03, y_e: 1.4011783447265625e+03, z_r: 1.2602697753906250e+02, z_e: 9.4824325561523438e+01

#ERR p: [156201], ea: 4, v_r: 1.3215998535156250e+03, v_e: 1.3165096435546875e+03, x_r: -4.9537271118164062e+02, x_e: -4.7695471191406250e+02, y_r: -9.3787908935546875e+02, y_e: -9.2728735351562500e+02, z_r: -1.1731475830078125e+03, z_e: -1.1903887939453125e+03

#ERR p: [156202], ea: 4, v_r: 1.0739719238281250e+03, v_e: 1.0723593750000000e+03, x_r: -1.0184249877929688e+03, x_e: -1.0045144653320312e+03, y_r: 2.6923254394531250e+02, y_e: 2.7332424926757812e+02, z_r: 7.7690567016601562e+01, z_e: 6.0250343322753906e+01

#ERR p: [156203], ea: 4, v_r: 1.7518697509765625e+03, v_e: 1.7485893554687500e+03, x_r: 1.9917030334472656e+01, x_e: 3.9443473815917969e+01, y_r: 1.1138489990234375e+03, y_e: 1.1187487792968750e+03, z_r: 1.1383876953125000e+03, z_e: 1.1060052490234375e+03

#ERR p: [156204], ea: 4, v_r: 1.2695654296875000e+03, v_e: 1.2683492431640625e+03, x_r: -7.1787261962890625e+02, x_e: -7.0306365966796875e+02, y_r: -1.1445898437500000e+03, y_e: -1.1369191894531250e+03, z_r: 3.3598205566406250e+02, z_e: 3.1483923339843750e+02

#ERR p: [156205], ea: 4, v_r: 1.7558692626953125e+03, v_e: 1.7529396972656250e+03, x_r: 6.9306500244140625e+02, x_e: 7.1105041503906250e+02, y_r: 1.0495394134521484e+02, y_e: 1.1274124908447266e+02, z_r: 1.4788309326171875e+03, z_e: 1.4454354248046875e+03

#ERR p: [156206], ea: 4, v_r: 1.0781501464843750e+03, v_e: 1.0731099853515625e+03, x_r: 4.2312780761718750e+02, x_e: 4.3454464721679688e+02, y_r: -7.6462011718750000e+02, y_e: -7.5515136718750000e+02, z_r: -7.4901220703125000e+02, z_e: -7.6423846435546875e+02

#ERR p: [156207], ea: 4, v_r: 1.0256384277343750e+03, v_e: 1.0231510620117188e+03, x_r: -7.7726196289062500e+02, x_e: -7.6309863281250000e+02, y_r: -7.2796472167968750e+02, y_e: -7.2096368408203125e+02, z_r: -5.1680187988281250e+02, z_e: -5.3208129882812500e+02

#ERR p: [156208], ea: 4, v_r: 1.4546448974609375e+03, v_e: 1.4502689208984375e+03, x_r: -1.3798100585937500e+03, x_e: -1.3577880859375000e+03, y_r: 1.2031157226562500e+03, y_e: 1.2049489746093750e+03, z_r: -7.3303320312500000e+02, z_e: -7.5423400878906250e+02

#ERR p: [156209], ea: 4, v_r: 1.1785587158203125e+03, v_e: 1.1770449218750000e+03, x_r: -1.1179219970703125e+03, x_e: -1.1030031738281250e+03, y_r: -1.5736004638671875e+02, y_e: -1.5185444641113281e+02, z_r: 8.5205833435058594e+01, z_e: 6.6140731811523438e+01

#ERR p: [156210], ea: 4, v_r: 1.2328286132812500e+03, v_e: 1.2328217773437500e+03, x_r: -1.1695384521484375e+03, x_e: -1.1561907958984375e+03, y_r: -1.1117130126953125e+03, y_e: -1.1055000000000000e+03, z_r: 5.6261682128906250e+02, z_e: 5.4288909912109375e+02

#ERR p: [156211], ea: 4, v_r: 1.1847958984375000e+03, v_e: 1.1800187988281250e+03, x_r: -8.9744952392578125e+02, x_e: -8.7874584960937500e+02, y_r: 7.5237756347656250e+02, y_e: 7.5406909179687500e+02, z_r: -1.0519952392578125e+03, z_e: -1.0669512939453125e+03

#ERR p: [156212], ea: 4, v_r: 1.9576811523437500e+03, v_e: 1.9525737304687500e+03, x_r: 1.1484830322265625e+03, x_e: 1.1674345703125000e+03, y_r: 8.6950219726562500e+02, y_e: 8.7557513427734375e+02, z_r: 1.2733929443359375e+03, z_e: 1.2350631103515625e+03

#ERR p: [156213], ea: 4, v_r: 1.4235533447265625e+03, v_e: 1.4199318847656250e+03, x_r: -2.5724679565429688e+02, x_e: -2.4008757019042969e+02, y_r: 1.1783375244140625e+03, y_e: 1.1807806396484375e+03, z_r: 3.7783538818359375e+02, z_e: 3.5259054565429688e+02

#ERR p: [156214], ea: 4, v_r: 1.6136257324218750e+03, v_e: 1.6116898193359375e+03, x_r: -1.5295809326171875e+03, x_e: -1.5094201660156250e+03, y_r: 7.1455566406250000e+02, y_e: 7.2016510009765625e+02, z_r: 4.2673098754882812e+02, z_e: 4.0012457275390625e+02

#ERR p: [156215], ea: 4, v_r: 1.5615161132812500e+03, v_e: 1.5580767822265625e+03, x_r: 9.1413427734375000e+02, x_e: 9.2948242187500000e+02, y_r: -1.4065358886718750e+03, y_e: -1.3949128417968750e+03, z_r: 7.1501977539062500e+02, z_e: 6.8586639404296875e+02

#ERR p: [156216], ea: 4, v_r: 1.9594992675781250e+03, v_e: 1.9578195800781250e+03, x_r: -1.4802941894531250e+03, x_e: -1.4573677978515625e+03, y_r: 1.6210809326171875e+03, y_e: 1.6269229736328125e+03, z_r: 1.2715487060546875e+03, z_e: 1.2382418212890625e+03

#ERR p: [156217], ea: 4, v_r: 1.3908117675781250e+03, v_e: 1.3891500244140625e+03, x_r: -5.1895867919921875e+02, x_e: -5.0289129638671875e+02, y_r: -4.5220407104492188e+02, y_e: -4.4507165527343750e+02, z_r: 6.3570898437500000e+02, z_e: 6.1169903564453125e+02

#ERR p: [156218], ea: 4, v_r: 1.3685435791015625e+03, v_e: 1.3623110351562500e+03, x_r: 2.7570797729492188e+02, x_e: 2.9144247436523438e+02, y_r: 3.4405871582031250e+02, y_e: 3.4865460205078125e+02, z_r: -6.8779418945312500e+02, z_e: -7.0839013671875000e+02

#ERR p: [156219], ea: 4, v_r: 1.2033742675781250e+03, v_e: 1.1980332031250000e+03, x_r: 2.4227890014648438e+02, x_e: 2.5609152221679688e+02, y_r: 7.1310272216796875e+01, y_e: 7.6628082275390625e+01, z_r: -6.0484130859375000e+02, z_e: -6.2298986816406250e+02

#ERR p: [156220], ea: 4, v_r: 9.8245727539062500e+02, v_e: 9.8071130371093750e+02, x_r: -5.5591046142578125e+02, x_e: -5.4358410644531250e+02, y_r: -8.8584240722656250e+02, y_e: -8.7911132812500000e+02, z_r: -1.1744179534912109e+02, z_e: -1.3330593872070312e+02

#ERR p: [156221], ea: 4, v_r: 1.1872576904296875e+03, v_e: 1.1864962158203125e+03, x_r: -8.9824938964843750e+02, x_e: -8.8458758544921875e+02, y_r: -3.8634872436523438e+02, y_e: -3.8058496093750000e+02, z_r: 5.4218280029296875e+02, z_e: 5.2248358154296875e+02

#ERR p: [156222], ea: 4, v_r: 1.3491950683593750e+03, v_e: 1.3484003906250000e+03, x_r: -1.2790255126953125e+03, x_e: -1.2633437500000000e+03, y_r: 7.9094055175781250e+01, y_e: 8.4845169067382812e+01, z_r: 6.1593334960937500e+02, z_e: 5.9379034423828125e+02

#ERR p: [156223], ea: 4, v_r: 1.8786251220703125e+03, v_e: 1.8695283203125000e+03, x_r: 1.0998907470703125e+03, x_e: 1.1176510009765625e+03, y_r: 8.3389471435546875e+02, y_e: 8.3807751464843750e+02, z_r: -5.8230407714843750e+02, z_e: -6.1297467041015625e+02

#ERR p: [156224], ea: 4, v_r: 1.5781182861328125e+03, v_e: 1.5739472656250000e+03, x_r: 3.1797512817382812e+02, x_e: 3.3533966064453125e+02, y_r: -1.1189580078125000e+03, y_e: -1.1076826171875000e+03, z_r: 1.1584545135498047e+02, z_e: 8.8299903869628906e+01

#ERR p: [156225], ea: 4, v_r: 1.8861898193359375e+03, v_e: 1.8832585449218750e+03, x_r: 7.4420379638671875e+02, x_e: 7.6353417968750000e+02, y_r: -2.4962028503417969e+02, y_e: -2.4037113952636719e+02, z_r: 1.5884761962890625e+03, z_e: 1.5528391113281250e+03

#ERR p: [156226], ea: 4, v_r: 1.1826147460937500e+03, v_e: 1.1785949707031250e+03, x_r: -4.4238259887695312e+02, x_e: -4.2643090820312500e+02, y_r: -1.5756915283203125e+02, y_e: -1.5145306396484375e+02, z_r: -5.9525805664062500e+02, z_e: -6.1290881347656250e+02

#ERR p: [156227], ea: 4, v_r: 2.0470524902343750e+03, v_e: 2.0418370361328125e+03, x_r: 1.5927109375000000e+03, x_e: 1.6114089355468750e+03, y_r: -2.7041485595703125e+02, y_e: -2.5987496948242188e+02, z_r: 1.3316014404296875e+03, z_e: 1.2913356933593750e+03

#ERR p: [156228], ea: 4, v_r: 1.4736440429687500e+03, v_e: 1.4660018310546875e+03, x_r: 5.7900592041015625e+02, x_e: 5.9460101318359375e+02, y_r: 8.7433906555175781e+01, y_e: 9.3983802795410156e+01, z_r: -1.0234204101562500e+03, z_e: -1.0438953857421875e+03

#ERR p: [156229], ea: 4, v_r: 1.6667730712890625e+03, v_e: 1.6608968505859375e+03, x_r: 9.7474609375000000e+02, x_e: 9.9089813232421875e+02, y_r: -1.5017410888671875e+03, y_e: -1.4871491699218750e+03, z_r: -1.9723683166503906e+02, z_e: -2.2592893981933594e+02

#ERR p: [156230], ea: 4, v_r: 1.5673228759765625e+03, v_e: 1.5603670654296875e+03, x_r: 1.4422601699829102e+01, x_e: 3.3967304229736328e+01, y_r: -2.0852531433105469e+02, y_e: -2.0001280212402344e+02, z_r: -1.0892762451171875e+03, z_e: -1.1111370849609375e+03

#ERR p: [156231], ea: 4, v_r: 1.4818979492187500e+03, v_e: 1.4815203857421875e+03, x_r: -1.1196541748046875e+03, x_e: -1.1034033203125000e+03, y_r: 6.5653356933593750e+02, y_e: 6.6227355957031250e+02, z_r: 1.2462655029296875e+03, z_e: 1.2216329345703125e+03

#ERR p: [156232], ea: 4, v_r: 1.1579251708984375e+03, v_e: 1.1514183349609375e+03, x_r: 6.7722875976562500e+02, x_e: 6.8811560058593750e+02, y_r: 2.9134881591796875e+02, y_e: 2.9504907226562500e+02, z_r: -8.0382330322265625e+02, z_e: -8.1984930419921875e+02

#ERR p: [156233], ea: 4, v_r: 9.8137286376953125e+02, v_e: 9.7875048828125000e+02, x_r: -7.4350360107421875e+02, x_e: -7.2966400146484375e+02, y_r: -3.1951583862304688e+02, y_e: -3.1396484375000000e+02, z_r: -4.9442828369140625e+02, z_e: -5.0898495483398438e+02

#ERR p: [156234], ea: 4, v_r: 1.5435384521484375e+03, v_e: 1.5394277343750000e+03, x_r: 6.0881317138671875e+02, x_e: 6.2473260498046875e+02, y_r: 3.8865017700195312e+02, y_e: 3.9443804931640625e+02, z_r: 7.0707727050781250e+02, z_e: 6.7795849609375000e+02

#ERR p: [156235], ea: 4, v_r: 1.1108696289062500e+03, v_e: 1.1061441650390625e+03, x_r: -4.1524426269531250e+02, x_e: -3.9947610473632812e+02, y_r: 7.0573687744140625e+02, y_e: 7.0723040771484375e+02, z_r: -7.7241009521484375e+02, z_e: -7.8765997314453125e+02

#ERR p: [156236], ea: 4, v_r: 1.2988228759765625e+03, v_e: 1.2947254638671875e+03, x_r: -4.8615261840820312e+02, x_e: -4.6888064575195312e+02, y_r: -6.7208618164062500e+02, y_e: -6.6340484619140625e+02, z_r: -6.5385986328125000e+02, z_e: -6.7332934570312500e+02

#ERR p: [156237], ea: 4, v_r: 1.4219807128906250e+03, v_e: 1.4176964111328125e+03, x_r: -8.0368316650390625e+02, x_e: -7.8407214355468750e+02, y_r: 6.3001623535156250e+02, y_e: 6.3401226806640625e+02, z_r: -4.4277847290039062e+02, z_e: -4.6494088745117188e+02

#ERR p: [156238], ea: 4, v_r: 1.2140761718750000e+03, v_e: 1.2120883789062500e+03, x_r: -4.5229418945312500e+02, x_e: -4.3786581420898438e+02, y_r: 5.3820513916015625e+02, y_e: 5.4230383300781250e+02, z_r: 5.5510443115234375e+02, z_e: 5.3377673339843750e+02

#ERR p: [156239], ea: 4, v_r: 1.3936206054687500e+03, v_e: 1.3887266845703125e+03, x_r: -2.5343386840820312e+02, x_e: -2.3564042663574219e+02, y_r: 3.5005258178710938e+02, y_e: 3.5495101928710938e+02, z_r: -4.3334454345703125e+02, z_e: -4.5542279052734375e+02

#ERR p: [156240], ea: 4, v_r: 1.3156956787109375e+03, v_e: 1.3111893310546875e+03, x_r: -7.4391998291015625e+02, x_e: -7.2518127441406250e+02, y_r: 5.8289532470703125e+02, y_e: 5.8637823486328125e+02, z_r: -6.6242559814453125e+02, z_e: -6.8185180664062500e+02

#ERR p: [156241], ea: 4, v_r: 1.1164764404296875e+03, v_e: 1.1130057373046875e+03, x_r: -1.0597318115234375e+03, x_e: -1.0426129150390625e+03, y_r: 2.7981228637695312e+02, y_e: 2.8371002197265625e+02, z_r: -7.7713928222656250e+02, z_e: -7.9258288574218750e+02

#ERR p: [156242], ea: 4, v_r: 1.0243194580078125e+03, v_e: 1.0233466186523438e+03, x_r: -3.8248257446289062e+02, x_e: -3.7084243774414062e+02, y_r: -7.2655535888671875e+02, y_e: -7.2069580078125000e+02, z_r: 4.6809423828125000e+02, z_e: 4.5059082031250000e+02

#ERR p: [156243], ea: 4, v_r: 1.4299881591796875e+03, v_e: 1.4205367431640625e+03, x_r: 1.1107283935546875e+03, x_e: 1.1219892578125000e+03, y_r: 9.0955572509765625e+02, y_e: 9.0967321777343750e+02, z_r: -1.2668864746093750e+03, z_e: -1.2842058105468750e+03

#ERR p: [156244], ea: 4, v_r: 1.4515429687500000e+03, v_e: 1.4503845214843750e+03, x_r: -8.2012139892578125e+02, x_e: -8.0347338867187500e+02, y_r: -7.5097009277343750e+02, y_e: -7.4333746337890625e+02, z_r: 6.6311224365234375e+02, z_e: 6.3866394042968750e+02

#ERR p: [156245], ea: 4, v_r: 1.1403712158203125e+03, v_e: 1.1391334228515625e+03, x_r: -8.6365759277343750e+02, x_e: -8.4985089111328125e+02, y_r: -1.0282999267578125e+03, y_e: -1.0213017578125000e+03, z_r: 8.2516021728515625e+01, z_e: 6.3982097625732422e+01

#ERR p: [156246], ea: 4, v_r: 1.5675085449218750e+03, v_e: 1.5647667236328125e+03, x_r: 6.1767242431640625e+02, x_e: 6.3380621337890625e+02, y_r: -8.0979333496093750e+02, y_e: -8.0045642089843750e+02, z_r: 1.0187766113281250e+03, z_e: 9.8952301025390625e+02

#ERR p: [156247], ea: 4, v_r: 1.4187227783203125e+03, v_e: 1.4186149902343750e+03, x_r: -1.3448543701171875e+03, x_e: -1.3294104003906250e+03, y_r: -1.8931764221191406e+02, y_e: -1.8302790832519531e+02, z_r: 9.2018615722656250e+02, z_e: 8.9723486328125000e+02

#ERR p: [156248], ea: 4, v_r: 1.3802869873046875e+03, v_e: 1.3801265869140625e+03, x_r: -1.0442050781250000e+03, x_e: -1.0292226562500000e+03, y_r: -7.1423419189453125e+02, y_e: -7.0757342529296875e+02, z_r: 8.9544067382812500e+02, z_e: 8.7286767578125000e+02

#ERR p: [156249], ea: 4, v_r: 1.4345056152343750e+03, v_e: 1.4277913818359375e+03, x_r: 8.3863183593750000e+02, x_e: 8.5233258056640625e+02, y_r: -7.4149334716796875e+02, y_e: -7.3040643310546875e+02, z_r: -7.2062152099609375e+02, z_e: -7.4257653808593750e+02

#ERR p: [156250], ea: 4, v_r: 1.8399514160156250e+03, v_e: 1.8381286621093750e+03, x_r: -6.8401281738281250e+02, x_e: -6.6323895263671875e+02, y_r: 1.5228419189453125e+03, y_e: 1.5282122802734375e+03, z_r: 1.5482924804687500e+03, z_e: 1.5157297363281250e+03

#ERR p: [156251], ea: 4, v_r: 1.5300361328125000e+03, v_e: 1.5253471679687500e+03, x_r: 1.1891524658203125e+03, x_e: 1.2029552001953125e+03, y_r: -1.0841774902343750e+03, y_e: -1.0726152343750000e+03, z_r: 4.0714920043945312e+02, z_e: 3.7850265502929688e+02

#ERR p: [156252], ea: 4, v_r: 1.6641582031250000e+03, v_e: 1.6617071533203125e+03, x_r: -3.0185626220703125e+02, x_e: -2.8286572265625000e+02, y_r: -5.4084722900390625e+02, y_e: -5.3208575439453125e+02, z_r: 7.6099237060546875e+02, z_e: 7.3170245361328125e+02

#ERR p: [156253], ea: 4, v_r: 1.1860000000000000e+03, v_e: 1.1815380859375000e+03, x_r: 1.0905266761779785e+01, x_e: 2.5327970504760742e+01, y_r: -6.1344134521484375e+02, y_e: -6.0501849365234375e+02, z_r: -5.9655682373046875e+02, z_e: -6.1448321533203125e+02

#ERR p: [156254], ea: 4, v_r: 1.4106497802734375e+03, v_e: 1.4085501708984375e+03, x_r: 5.5547711181640625e+02, x_e: 5.7000256347656250e+02, y_r: -1.2707164306640625e+03, y_e: -1.2612524414062500e+03, z_r: 9.1662805175781250e+02, z_e: 8.9064477539062500e+02

#ERR p: [156255], ea: 4, v_r: 1.2421446533203125e+03, v_e: 1.2351431884765625e+03, x_r: 2.4996659851074219e+02, x_e: 2.6462130737304688e+02, y_r: 7.8958819580078125e+02, y_e: 7.9032653808593750e+02, z_r: -1.1013977050781250e+03, z_e: -1.1166813964843750e+03

#ERR p: [156256], ea: 4, v_r: 9.0165118408203125e+02, v_e: 8.9973394775390625e+02, x_r: -8.5613507080078125e+02, x_e: -8.4356658935546875e+02, y_r: -6.4005706787109375e+02, y_e: -6.3414343261718750e+02, z_r: -4.5450979614257812e+02, z_e: -4.6788693237304688e+02

#ERR p: [156257], ea: 4, v_r: 1.5269736328125000e+03, v_e: 1.5230562744140625e+03, x_r: -5.7052941894531250e+02, x_e: -5.5106622314453125e+02, y_r: -2.0333386230468750e+02, y_e: -1.9568894958496094e+02, z_r: -1.8194851684570312e+02, z_e: -2.0697656250000000e+02

#ERR p: [156258], ea: 4, v_r: 1.1432628173828125e+03, v_e: 1.1384116210937500e+03, x_r: 1.1063787460327148e+01, x_e: 2.5172666549682617e+01, y_r: 2.8727368164062500e+02, y_e: 2.9115539550781250e+02, z_r: -5.7484295654296875e+02, z_e: -5.9197570800781250e+02

#ERR p: [156259], ea: 4, v_r: 1.4410822753906250e+03, v_e: 1.4383094482421875e+03, x_r: 5.6717687988281250e+02, x_e: 5.8206945800781250e+02, y_r: -1.2982387695312500e+03, y_e: -1.2879478759765625e+03, z_r: 6.5958929443359375e+02, z_e: 6.3316955566406250e+02

#ERR p: [156260], ea: 4, v_r: 1.8676772460937500e+03, v_e: 1.8657871093750000e+03, x_r: 2.0443607330322266e+01, x_e: 4.0601520538330078e+01, y_r: -2.4775025939941406e+02, y_e: -2.3888299560546875e+02, z_r: 1.5720974121093750e+03, z_e: 1.5384423828125000e+03

#ERR p: [156261], ea: 4, v_r: 1.9133361816406250e+03, v_e: 1.9089129638671875e+03, x_r: 7.5382012939453125e+02, x_e: 7.7357897949218750e+02, y_r: -6.2102178955078125e+02, y_e: -6.1016540527343750e+02, z_r: 8.7614141845703125e+02, z_e: 8.4051947021484375e+02

#ERR p: [156262], ea: 4, v_r: 1.3762767333984375e+03, v_e: 1.3707329101562500e+03, x_r: 1.4020532608032227e+01, x_e: 3.0812093734741211e+01, y_r: 8.7480725097656250e+02, y_e: 8.7690393066406250e+02, z_r: -4.2753125000000000e+02, z_e: -4.4947225952148438e+02

#ERR p: [156263], ea: 4, v_r: 1.5469440917968750e+03, v_e: 1.5392310791015625e+03, x_r: 3.1128393554687500e+02, x_e: 3.2927481079101562e+02, y_r: 3.8884161376953125e+02, y_e: 3.9390533447265625e+02, z_r: -1.0746138916015625e+03, z_e: -1.0960208740234375e+03

#ERR p: [156264], ea: 4, v_r: 1.0325743408203125e+03, v_e: 1.0268941650390625e+03, x_r: 4.0534698486328125e+02, x_e: 4.1632775878906250e+02, y_r: -1.3719664001464844e+02, y_e: -1.3131660461425781e+02, z_r: -9.1551654052734375e+02, z_e: -9.2847546386718750e+02

#ERR p: [156265], ea: 4, v_r: 1.5103532714843750e+03, v_e: 1.5015604248046875e+03, x_r: 8.8263470458984375e+02, x_e: 8.9686120605468750e+02, y_r: -2.0050814819335938e+02, y_e: -1.9177357482910156e+02, z_r: -1.3387819824218750e+03, z_e: -1.3576417236328125e+03

#ERR p: [156266], ea: 4, v_r: 1.1430443115234375e+03, v_e: 1.1385721435546875e+03, x_r: -6.4723498535156250e+02, x_e: -6.3029370117187500e+02, y_r: -1.5250762939453125e+02, y_e: -1.4651197814941406e+02, z_r: -1.0147616577148438e+03, z_e: -1.0294643554687500e+03

#ERR p: [156267], ea: 4, v_r: 1.8035170898437500e+03, v_e: 1.7968028564453125e+03, x_r: -3.2747769165039062e+02, x_e: -3.0424295043945312e+02, y_r: 1.1461177978515625e+03, y_e: 1.1491520996093750e+03, z_r: -5.6068444824218750e+02, z_e: -5.8921325683593750e+02

#ERR p: [156268], ea: 4, v_r: 1.4421937255859375e+03, v_e: 1.4383248291015625e+03, x_r: -8.1566900634765625e+02, x_e: -7.9623297119140625e+02, y_r: -1.9227856445312500e+02, y_e: -1.8506359863281250e+02, z_r: -4.4919436645507812e+02, z_e: -4.7171978759765625e+02

#ERR p: [156269], ea: 4, v_r: 1.7211862792968750e+03, v_e: 1.7176451416015625e+03, x_r: 6.7764465332031250e+02, x_e: 6.9542956542968750e+02, y_r: -1.2199451904296875e+03, y_e: -1.2084010009765625e+03, z_r: 7.8792175292968750e+02, z_e: 7.5619641113281250e+02

#ERR p: [156270], ea: 4, v_r: 1.6534584960937500e+03, v_e: 1.6472187500000000e+03, x_r: 1.2851599121093750e+03, x_e: 1.2996744384765625e+03, y_r: -5.3644549560546875e+02, y_e: -5.2602105712890625e+02, z_r: 1.2265425872802734e+02, z_e: 9.2479095458984375e+01

#ERR p: [156271], ea: 4, v_r: 1.6758599853515625e+03, v_e: 1.6696873779296875e+03, x_r: 1.3036612548828125e+03, x_e: 1.3183372802734375e+03, y_r: 4.2238430786132812e+02, y_e: 4.2840679931640625e+02, z_r: 4.4655218505859375e+02, z_e: 4.1462826538085938e+02

#ERR p: [156272], ea: 4, v_r: 9.9080310058593750e+02, v_e: 9.8670025634765625e+02, x_r: -5.6080426025390625e+02, x_e: -5.4590136718750000e+02, y_r: 2.4853219604492188e+02, y_e: 2.5184153747558594e+02, z_r: -8.7954901123046875e+02, z_e: -8.9214013671875000e+02

#ERR p: [156273], ea: 4, v_r: 1.5712302246093750e+03, v_e: 1.5695428466796875e+03, x_r: -5.8649243164062500e+02, x_e: -5.6848638916015625e+02, y_r: -8.1267742919921875e+02, y_e: -8.0411444091796875e+02, z_r: 7.1810009765625000e+02, z_e: 6.9111096191406250e+02

#ERR p: [156274], ea: 4, v_r: 1.5575578613281250e+03, v_e: 1.5527974853515625e+03, x_r: 9.1338909912109375e+02, x_e: 9.2839154052734375e+02, y_r: 6.9170501708984375e+02, y_e: 6.9626373291015625e+02, z_r: 7.1393963623046875e+02, z_e: 6.8390429687500000e+02

#ERR p: [156275], ea: 4, v_r: 1.4801448974609375e+03, v_e: 1.4754229736328125e+03, x_r: 5.8251708984375000e+02, x_e: 5.9792205810546875e+02, y_r: -4.8060708618164062e+02, y_e: -4.7169119262695312e+02, z_r: 1.0915446472167969e+02, z_e: 8.2842300415039062e+01

#ERR p: [156276], ea: 4, v_r: 1.9724648437500000e+03, v_e: 1.9633089599609375e+03, x_r: 7.7672326660156250e+02, x_e: 7.9738110351562500e+02, y_r: 1.2543297119140625e+03, y_e: 1.2567037353515625e+03, z_r: -6.1177569580078125e+02, z_e: -6.4371038818359375e+02

#ERR p: [156277], ea: 4, v_r: 1.1789422607421875e+03, v_e: 1.1718530273437500e+03, x_r: 9.1502136230468750e+02, x_e: 9.2460638427734375e+02, y_r: -3.8290972900390625e+02, y_e: -3.7442474365234375e+02, z_r: -1.0448239746093750e+03, z_e: -1.0595681152343750e+03

#ERR p: [156278], ea: 4, v_r: 2.1414826660156250e+03, v_e: 2.1370944824218750e+03, x_r: 4.3471508789062500e+02, x_e: 4.5772668457031250e+02, y_r: 9.5043841552734375e+02, y_e: 9.5746221923828125e+02, z_r: 1.3919689941406250e+03, z_e: 1.3517303466796875e+03

#ERR p: [156279], ea: 4, v_r: 1.2342343750000000e+03, v_e: 1.2308665771484375e+03, x_r: 1.2454205513000488e+01, x_e: 2.6796812057495117e+01, y_r: -1.6397232055664062e+02, y_e: -1.5768919372558594e+02, z_r: 9.0552772521972656e+01, z_e: 6.9145576477050781e+01

#ERR p: [156280], ea: 4, v_r: 1.0790963134765625e+03, v_e: 1.0746175537109375e+03, x_r: -4.0350756835937500e+02, x_e: -3.8827365112304688e+02, y_r: 4.7818640136718750e+02, y_e: 4.8076010131835938e+02, z_r: -7.5034240722656250e+02, z_e: -7.6521362304687500e+02

#ERR p: [156281], ea: 4, v_r: 1.1846236572265625e+03, v_e: 1.1806274414062500e+03, x_r: 9.2030615234375000e+02, x_e: 9.3089947509765625e+02, y_r: -1.0670971679687500e+03, y_e: -1.0568726806640625e+03, z_r: 8.7598182678222656e+01, z_e: 6.6146011352539062e+01

#ERR p: [156282], ea: 4, v_r: 1.2821031494140625e+03, v_e: 1.2746434326171875e+03, x_r: 9.9568280029296875e+02, x_e: 1.0061333618164062e+03, y_r: 7.6382522583007812e+01, y_e: 8.2142799377441406e+01, z_r: -8.8979858398437500e+02, z_e: -9.0761560058593750e+02

#ERR p: [156283], ea: 4, v_r: 1.6982340087890625e+03, v_e: 1.6943856201171875e+03, x_r: 9.9696154785156250e+02, x_e: 1.0134393920898438e+03, y_r: 1.0806887207031250e+03, y_e: 1.0851459960937500e+03, z_r: 1.4309509277343750e+03, z_e: 1.3973126220703125e+03

#ERR p: [156284], ea: 4, v_r: 1.2365455322265625e+03, v_e: 1.2336517333984375e+03, x_r: 2.4956376647949219e+02, x_e: 2.6304412841796875e+02, y_r: -6.3914538574218750e+02, y_e: -6.3137615966796875e+02, z_r: 3.2836996459960938e+02, z_e: 3.0619909667968750e+02

#ERR p: [156285], ea: 4, v_r: 1.4343114013671875e+03, v_e: 1.4316243896484375e+03, x_r: 1.6306667327880859e+01, x_e: 3.2293579101562500e+01, y_r: 9.1194293212890625e+02, y_e: 9.1595428466796875e+02, z_r: 9.3203417968750000e+02, z_e: 9.0552154541015625e+02

#ERR p: [156286], ea: 4, v_r: 1.5634750976562500e+03, v_e: 1.5541568603515625e+03, x_r: 6.1451495361328125e+02, x_e: 6.3111712646484375e+02, y_r: 9.9405084228515625e+02, y_e: 9.9471441650390625e+02, z_r: -1.3859285888671875e+03, z_e: -1.4050660400390625e+03

#ERR p: [156287], ea: 4, v_r: 1.3824234619140625e+03, v_e: 1.3781408691406250e+03, x_r: -5.1664727783203125e+02, x_e: -4.9839251708984375e+02, y_r: 8.1450614929199219e+01, y_e: 8.7453186035156250e+01, z_r: -4.3022479248046875e+02, z_e: -4.5197097778320312e+02

#ERR p: [156288], ea: 4, v_r: 1.1705477294921875e+03, v_e: 1.1685972900390625e+03, x_r: -6.6094702148437500e+02, x_e: -6.4649285888671875e+02, y_r: 2.9380453491210938e+02, y_e: 2.9828582763671875e+02, z_r: 3.1005010986328125e+02, z_e: 2.9013433837890625e+02

#ERR p: [156289], ea: 4, v_r: 1.3888649902343750e+03, v_e: 1.3830372314453125e+03, x_r: 2.7928771972656250e+02, x_e: 2.9517037963867188e+02, y_r: -4.5138687133789062e+02, y_e: -4.4250085449218750e+02, z_r: -6.9821618652343750e+02, z_e: -7.1925244140625000e+02

#ERR p: [156290], ea: 4, v_r: 1.4126583251953125e+03, v_e: 1.4055114746093750e+03, x_r: 8.2636651611328125e+02, x_e: 8.3974218750000000e+02, y_r: 8.4068794250488281e+01, y_e: 9.0380371093750000e+01, z_r: -7.0937774658203125e+02, z_e: -7.3086260986328125e+02

#ERR p: [156291], ea: 4, v_r: 1.1081608886718750e+03, v_e: 1.1075701904296875e+03, x_r: -4.1357412719726562e+02, x_e: -4.0138375854492188e+02, y_r: -7.8596795654296875e+02, y_e: -7.7999420166015625e+02, z_r: 7.1928295898437500e+02, z_e: 7.0043798828125000e+02

#ERR p: [156292], ea: 4, v_r: 1.3396660156250000e+03, v_e: 1.3335776367187500e+03, x_r: -2.4486726379394531e+02, x_e: -2.2675219726562500e+02, y_r: -1.7844721984863281e+02, y_e: -1.7117828369140625e+02, z_r: -1.1887130126953125e+03, z_e: -1.2057775878906250e+03

#ERR p: [156293], ea: 4, v_r: 1.4899500732421875e+03, v_e: 1.4866375732421875e+03, x_r: 1.4283523559570312e+01, x_e: 3.1311401367187500e+01, y_r: -1.3428348388671875e+03, y_e: -1.3318377685546875e+03, z_r: 1.0897634887695312e+02, z_e: 8.3386222839355469e+01

#ERR p: [156294], ea: 4, v_r: 1.9481657714843750e+03, v_e: 1.9398922119140625e+03, x_r: 1.5153203125000000e+03, x_e: 1.5320208740234375e+03, y_r: 8.6525769042968750e+02, y_e: 8.7009027099609375e+02, z_r: 1.4502096557617188e+02, z_e: 1.0917669677734375e+02

#ERR p: [156295], ea: 4, v_r: 1.1118009033203125e+03, v_e: 1.1085842285156250e+03, x_r: -4.1638378906250000e+02, x_e: -4.0182891845703125e+02, y_r: -1.0024596557617188e+03, y_e: -9.9358251953125000e+02, z_r: -5.5981726074218750e+02, z_e: -5.7655456542968750e+02

#ERR p: [156296], ea: 4, v_r: 1.2764777832031250e+03, v_e: 1.2698356933593750e+03, x_r: 2.5719125366210938e+02, x_e: 2.7207888793945312e+02, y_r: 8.1146014404296875e+02, y_e: 8.1254541015625000e+02, z_r: -8.8662799072265625e+02, z_e: -9.0415411376953125e+02

#ERR p: [156297], ea: 4, v_r: 1.4923126220703125e+03, v_e: 1.4919643554687500e+03, x_r: -1.1287482910156250e+03, x_e: -1.1123453369140625e+03, y_r: -4.8556637573242188e+02, y_e: -4.7856222534179688e+02, z_r: 9.6816992187500000e+02, z_e: 9.4360681152343750e+02

#ERR p: [156298], ea: 4, v_r: 1.5547358398437500e+03, v_e: 1.5469801025390625e+03, x_r: 1.2072145996093750e+03, x_e: 1.2203333740234375e+03, y_r: -8.0346588134765625e+02, y_e: -7.9112573242187500e+02, z_r: -7.8068023681640625e+02, z_e: -8.0457464599609375e+02

#ERR p: [156299], ea: 4, v_r: 1.3377739257812500e+03, v_e: 1.3346217041015625e+03, x_r: -2.4397508239746094e+02, x_e: -2.2784934997558594e+02, y_r: -1.2059223632812500e+03, y_e: -1.1959100341796875e+03, z_r: -1.5938652038574219e+02, z_e: -1.8146107482910156e+02

#SDC Ite:554 KerTime:1.194614 AccTime:662.957661 KerErr:100 AccErr:104
#IT Ite:560 KerTime:1.194436 AccTime:670.123745
#IT Ite:570 KerTime:1.194318 AccTime:682.068364
#IT Ite:580 KerTime:1.194234 AccTime:694.011395
#IT Ite:590 KerTime:1.194431 AccTime:705.959006
#IT Ite:600 KerTime:1.194957 AccTime:717.907325
#IT Ite:610 KerTime:1.194726 AccTime:729.852707
#IT Ite:620 KerTime:1.194878 AccTime:741.799435
#IT Ite:630 KerTime:1.194831 AccTime:753.743697
#IT Ite:640 KerTime:1.194697 AccTime:765.689432
#IT Ite:650 KerTime:1.194313 AccTime:777.634123
#IT Ite:660 KerTime:1.194760 AccTime:789.580160
#IT Ite:670 KerTime:1.194747 AccTime:801.526044
#ERR p: [590964], ea: 4, v_r: 8.6331823730468750e+02, v_e: 8.6331848144531250e+02, x_r: -2.9608151245117188e+02, x_e: -2.9608190917968750e+02, y_r: -1.2709083557128906e+02, y_e: -1.2709057617187500e+02, z_r: 3.6328094482421875e+01, z_e: 3.6328224182128906e+01

#ERR p: [590965], ea: 4, v_r: 6.9870880126953125e+02, v_e: 6.9870910644531250e+02, x_r: 2.9690393066406250e+02, x_e: 2.9690380859375000e+02, y_r: -5.0384973144531250e+02, y_e: -5.0384967041015625e+02, z_r: -6.4292016601562500e+02, z_e: -6.4292034912109375e+02

#ERR p: [590966], ea: 4, v_r: 7.0769158935546875e+02, v_e: 7.0769183349609375e+02, x_r: -3.7896600341796875e+02, x_e: -3.7896636962890625e+02, y_r: -2.3969132995605469e+02, y_e: -2.3969117736816406e+02, z_r: 3.0196160888671875e+02, z_e: 3.0196182250976562e+02

#ERR p: [590967], ea: 4, v_r: 8.0131677246093750e+02, v_e: 8.0131707763671875e+02, x_r: -5.8350170898437500e+02, x_e: -5.8350219726562500e+02, y_r: -5.7824407958984375e+02, y_e: -5.7824401855468750e+02, z_r: 6.5007366943359375e+02, z_e: 6.5007403564453125e+02

#ERR p: [590968], ea: 4, v_r: 1.2301791992187500e+03, v_e: 1.2301795654296875e+03, x_r: -4.2283120727539062e+02, x_e: -4.2283169555664062e+02, y_r: 7.6145434570312500e+02, y_e: 7.6145495605468750e+02, z_r: 7.6117193603515625e+02, z_e: 7.6117230224609375e+02

#ERR p: [590969], ea: 4, v_r: 9.7253228759765625e+02, v_e: 9.7253271484375000e+02, x_r: 2.2356195068359375e+02, x_e: 2.2356170654296875e+02, y_r: -7.0109295654296875e+02, y_e: -7.0109283447265625e+02, z_r: 7.8707965087890625e+02, z_e: 7.8708013916015625e+02

#ERR p: [590970], ea: 4, v_r: 1.0671643066406250e+03, v_e: 1.0671646728515625e+03, x_r: 4.1587955474853516e+01, x_e: 4.1587654113769531e+01, y_r: 4.5645098876953125e+02, y_e: 4.5645153808593750e+02, z_r: 8.6444030761718750e+02, z_e: 8.6444079589843750e+02

#ERR p: [590971], ea: 4, v_r: 1.1958656005859375e+03, v_e: 1.1958660888671875e+03, x_r: -6.4077307128906250e+02, x_e: -6.4077355957031250e+02, y_r: 5.1112072753906250e+02, y_e: 5.1112127685546875e+02, z_r: 9.7016986083984375e+02, z_e: 9.7017034912109375e+02

#ERR p: [590972], ea: 4, v_r: 8.0518725585937500e+02, v_e: 8.0518756103515625e+02, x_r: -5.8430517578125000e+02, x_e: -5.8430560302734375e+02, y_r: 3.4382247924804688e+02, y_e: 3.4382284545898438e+02, z_r: 3.4716361999511719e+01, z_e: 3.4716468811035156e+01

#ERR p: [590973], ea: 4, v_r: 1.5730585937500000e+03, v_e: 1.5730590820312500e+03, x_r: 9.6572113037109375e+02, x_e: 9.6572100830078125e+02, y_r: 6.7330706787109375e+02, y_e: 6.7330792236328125e+02, z_r: 1.2723770751953125e+03, z_e: 1.2723776855468750e+03

#ERR p: [590974], ea: 4, v_r: 1.1640760498046875e+03, v_e: 1.1640764160156250e+03, x_r: -1.0696168212890625e+03, x_e: -1.0696174316406250e+03, y_r: 7.2025268554687500e+02, y_e: 7.2025329589843750e+02, z_r: 9.4546081542968750e+02, z_e: 9.4546130371093750e+02

#ERR p: [590975], ea: 3, v_r: 7.9961138916015625e+02, v_e: 7.9961169433593750e+02, x_r: -7.3393273925781250e+02, x_e: -7.3393328857421875e+02, y_r: -7.3049530029296875e+02, y_e: -7.3049530029296875e+02, z_r: -1.1916633605957031e+02, z_e: -1.1916627502441406e+02

#ERR p: [590976], ea: 4, v_r: 7.2788854980468750e+02, v_e: 7.2788879394531250e+02, x_r: -6.6699414062500000e+02, x_e: -6.6699462890625000e+02, y_r: -1.0761544799804688e+02, y_e: -1.0761523437500000e+02, z_r: -3.8794012451171875e+02, z_e: -3.8794018554687500e+02

#ERR p: [590977], ea: 4, v_r: 8.5252166748046875e+02, v_e: 8.5252197265625000e+02, x_r: 3.6088882446289062e+02, x_e: 3.6088870239257812e+02, y_r: -2.8823760986328125e+02, y_e: -2.8823739624023438e+02, z_r: 3.4473976135253906e+01, z_e: 3.4474121093750000e+01

#ERR p: [590978], ea: 4, v_r: 9.8440490722656250e+02, v_e: 9.8440527343750000e+02, x_r: -9.0390081787109375e+02, x_e: -9.0390142822265625e+02, y_r: 2.3182849121093750e+02, y_e: 2.3182888793945312e+02, z_r: 4.2106469726562500e+02, z_e: 4.2106494140625000e+02

#ERR p: [590979], ea: 4, v_r: 9.6382177734375000e+02, v_e: 9.6382214355468750e+02, x_r: -3.2868942260742188e+02, x_e: -3.2868978881835938e+02, y_r: 7.8084936523437500e+02, y_e: 7.8084997558593750e+02, z_r: -5.1465087890625000e+02, z_e: -5.1465093994140625e+02

#ERR p: [590980], ea: 4, v_r: 1.1314606933593750e+03, v_e: 1.1314611816406250e+03, x_r: 2.6158581542968750e+02, x_e: 2.6158557128906250e+02, y_r: 9.1740466308593750e+02, y_e: 9.1740527343750000e+02, z_r: 6.9875323486328125e+02, z_e: 6.9875366210937500e+02

#ERR p: [590981], ea: 4, v_r: 1.1787709960937500e+03, v_e: 1.1787713623046875e+03, x_r: 2.7229196166992188e+02, x_e: 2.7229168701171875e+02, y_r: 5.0424395751953125e+02, y_e: 5.0424453735351562e+02, z_r: 7.2784320068359375e+02, z_e: 7.2784362792968750e+02

#ERR p: [590982], ea: 4, v_r: 9.5313934326171875e+02, v_e: 9.5313970947265625e+02, x_r: 5.8875439453125000e+02, x_e: 5.8875433349609375e+02, y_r: 7.7268554687500000e+02, y_e: 7.7268621826171875e+02, z_r: -8.7717034912109375e+02, z_e: -8.7717059326171875e+02

#ERR p: [590983], ea: 4, v_r: 1.2099927978515625e+03, v_e: 1.2099931640625000e+03, x_r: -6.4746502685546875e+02, x_e: -6.4746563720703125e+02, y_r: 2.8525765991210938e+02, y_e: 2.8525817871093750e+02, z_r: 5.1652471923828125e+02, z_e: 5.1652502441406250e+02

#ERR p: [590984], ea: 4, v_r: 9.7853033447265625e+02, v_e: 9.7853063964843750e+02, x_r: -7.0810876464843750e+02, x_e: -7.0810937500000000e+02, y_r: 7.9245660400390625e+02, y_e: 7.9245715332031250e+02, z_r: -7.0961492919921875e+02, z_e: -7.0961511230468750e+02

#ERR p: [590985], ea: 3, v_r: 8.1107446289062500e+02, v_e: 8.1107470703125000e+02, x_r: -1.2168159484863281e+02, x_e: -1.2168188476562500e+02, y_r: 5.0188574218750000e+02, y_e: 5.0188623046875000e+02, z_r: -2.7766760253906250e+02, z_e: -2.7766760253906250e+02

#ERR p: [590986], ea: 4, v_r: 7.6518988037109375e+02, v_e: 7.6519024658203125e+02, x_r: -1.1495548248291016e+02, x_e: -1.1495581817626953e+02, y_r: -5.5215240478515625e+02, y_e: -5.5215228271484375e+02, z_r: -5.5620642089843750e+02, z_e: -5.5620654296875000e+02

#ERR p: [590987], ea: 4, v_r: 6.3107470703125000e+02, v_e: 6.3107495117187500e+02, x_r: -5.7919171142578125e+02, x_e: -5.7919213867187500e+02, y_r: -2.1401245117187500e+02, y_e: -2.1401229858398438e+02, z_r: 2.7307327270507812e+01, z_e: 2.7307418823242188e+01

#ERR p: [590988], ea: 4, v_r: 6.4406982421875000e+02, v_e: 6.4407006835937500e+02, x_r: -3.4356225585937500e+02, x_e: -3.4356259155273438e+02, y_r: -2.1833561706542969e+02, y_e: -2.1833546447753906e+02, z_r: -3.4385485839843750e+02, z_e: -3.4385491943359375e+02

#ERR p: [590989], ea: 3, v_r: 1.0808670654296875e+03, v_e: 1.0808675537109375e+03, x_r: -3.7263357543945312e+02, x_e: -3.7263409423828125e+02, y_r: -9.8663494873046875e+02, y_e: -9.8663494873046875e+02, z_r: 6.6823620605468750e+02, z_e: 6.6823669433593750e+02

#ERR p: [590990], ea: 3, v_r: 9.5785461425781250e+02, v_e: 9.5785485839843750e+02, x_r: -8.7746435546875000e+02, x_e: -8.7746490478515625e+02, y_r: 7.7572070312500000e+02, y_e: 7.7572125244140625e+02, z_r: -3.2617538452148438e+02, z_e: -3.2617538452148438e+02

#ERR p: [590991], ea: 3, v_r: 1.0357672119140625e+03, v_e: 1.0357677001953125e+03, x_r: 4.3761380004882812e+02, x_e: 4.3761361694335938e+02, y_r: -9.4493414306640625e+02, y_e: -9.4493414306640625e+02, z_r: 2.4074990844726562e+02, z_e: 2.4075018310546875e+02

#ERR p: [590992], ea: 3, v_r: 7.0508831787109375e+02, v_e: 7.0508868408203125e+02, x_r: -5.1353845214843750e+02, x_e: -5.1353887939453125e+02, y_r: -6.4379187011718750e+02, y_e: -6.4379187011718750e+02, z_r: 5.7195861816406250e+02, z_e: 5.7195892333984375e+02

#ERR p: [590993], ea: 4, v_r: 8.4130908203125000e+02, v_e: 8.4130944824218750e+02, x_r: 5.1853240966796875e+02, x_e: 5.1853228759765625e+02, y_r: -4.4548562622070312e+02, y_e: -4.4548547363281250e+02, z_r: -6.1282049560546875e+02, z_e: -6.1282061767578125e+02

#ERR p: [590994], ea: 4, v_r: 9.2756182861328125e+02, v_e: 9.2756225585937500e+02, x_r: 3.7402141571044922e+01, x_e: 3.7401832580566406e+01, y_r: -4.9148287963867188e+02, y_e: -4.9148272705078125e+02, z_r: -1.4001136779785156e+02, z_e: -1.4001129150390625e+02

#ERR p: [590995], ea: 2, v_r: 8.1747320556640625e+02, v_e: 8.1747357177734375e+02, x_r: 3.4630239868164062e+02, x_e: 3.4630227661132812e+02, y_r: -7.4588031005859375e+02, y_e: -7.4588031005859375e+02, z_r: -2.8113256835937500e+02, z_e: -2.8113256835937500e+02

#ERR p: [590996], ea: 4, v_r: 1.0868629150390625e+03, v_e: 1.0868632812500000e+03, x_r: 4.5928016662597656e+01, x_e: 4.5927688598632812e+01, y_r: 4.6442010498046875e+02, y_e: 4.6442065429687500e+02, z_r: -7.9018249511718750e+02, z_e: -7.9018261718750000e+02

#ERR p: [590997], ea: 2, v_r: 8.5876818847656250e+02, v_e: 8.5876843261718750e+02, x_r: -7.8787304687500000e+02, x_e: -7.8787365722656250e+02, y_r: -7.8459246826171875e+02, y_e: -7.8459246826171875e+02, z_r: -2.9294671630859375e+02, z_e: -2.9294671630859375e+02

#ERR p: [590998], ea: 4, v_r: 1.0336781005859375e+03, v_e: 1.0336783447265625e+03, x_r: -7.5069439697265625e+02, x_e: -7.5069488525390625e+02, y_r: 2.4349000549316406e+02, y_e: 2.4349040222167969e+02, z_r: 2.4309144592285156e+02, z_e: 2.4309165954589844e+02

#ERR p: [590999], ea: 4, v_r: 9.6665197753906250e+02, v_e: 9.6665234375000000e+02, x_r: 5.9312994384765625e+02, x_e: 5.9312988281250000e+02, y_r: -1.4147775268554688e+02, y_e: -1.4147743225097656e+02, z_r: 7.8174188232421875e+02, z_e: 7.8174237060546875e+02

#SDC Ite:676 KerTime:1.193945 AccTime:808.693074 KerErr:36 AccErr:140
#IT Ite:680 KerTime:1.194573 AccTime:813.469821
#IT Ite:690 KerTime:1.194394 AccTime:825.416511
#IT Ite:700 KerTime:1.194136 AccTime:837.362236
#IT Ite:710 KerTime:1.194859 AccTime:849.308084
#IT Ite:720 KerTime:1.194675 AccTime:861.254539
#IT Ite:730 KerTime:1.194859 AccTime:873.201811
#IT Ite:740 KerTime:1.194632 AccTime:885.147299
#IT Ite:750 KerTime:1.193922 AccTime:897.090426
#IT Ite:760 KerTime:1.194726 AccTime:909.035604
#IT Ite:770 KerTime:1.194646 AccTime:920.980858
#IT Ite:780 KerTime:1.194939 AccTime:932.927802
#IT Ite:790 KerTime:1.194650 AccTime:944.874989
#IT Ite:800 KerTime:1.195068 AccTime:956.821857
#ERR p: [236505], ea: 4, v_r: 1.3085261230468750e+03, v_e: 1.3085830078125000e+03, x_r: 8.9559257507324219e+01, x_e: 8.9581977844238281e+01, y_r: -9.4832946777343750e+02, y_e: -9.4835217285156250e+02, z_r: -1.1900032958984375e+03, z_e: -1.1900942382812500e+03

#SDC Ite:809 KerTime:1.194682 AccTime:967.571681 KerErr:1 AccErr:141
#IT Ite:810 KerTime:1.193404 AccTime:968.765085
#IT Ite:820 KerTime:1.194890 AccTime:980.710668
#IT Ite:830 KerTime:1.194354 AccTime:992.656044
#IT Ite:840 KerTime:1.194233 AccTime:1004.601457
#IT Ite:850 KerTime:1.194814 AccTime:1016.547939
#IT Ite:860 KerTime:1.194455 AccTime:1028.495270
#ERR p: [61596], ea: 4, v_r: 1.0322156982421875e+03, v_e: 1.0912604980468750e+03, x_r: -1.1397260742187500e+03, x_e: -7.8673101806640625e+02, y_r: -7.6387811279296875e+02, y_e: -8.0839916992187500e+02, z_r: 6.6099835205078125e+02, z_e: 6.9914495849609375e+02

#SDC Ite:861 KerTime:1.194538 AccTime:1029.689808 KerErr:1 AccErr:142
#IT Ite:870 KerTime:1.195022 AccTime:1040.442154
#IT Ite:880 KerTime:1.194419 AccTime:1052.388205
#IT Ite:890 KerTime:1.194556 AccTime:1064.333780
#IT Ite:900 KerTime:1.194713 AccTime:1076.280330
#IT Ite:910 KerTime:1.194876 AccTime:1088.227959
#IT Ite:920 KerTime:1.194188 AccTime:1100.172385
#IT Ite:930 KerTime:1.194554 AccTime:1112.116096
#IT Ite:940 KerTime:1.194179 AccTime:1124.059669
#IT Ite:950 KerTime:1.194240 AccTime:1136.005427
#ERR p: [578800], ea: 4, v_r: 4.1787835693359375e+02, v_e: 8.7879577636718750e+02, x_r: -5.8342242431640625e+02, x_e: -1.3168809509277344e+02, y_r: -8.6213714599609375e+02, y_e: -7.7918347167968750e+02, z_r: -7.9718847656250000e+02, z_e: -6.2248999023437500e+02

#ERR p: [578801], ea: 4, v_r: 4.9683395385742188e+02, v_e: 8.9486816406250000e+02, x_r: -3.3776785278320312e+02, x_e: 2.0979307556152344e+02, y_r: -4.9396176147460938e+02, y_e: -1.0568779754638672e+02, z_r: -7.8270581054687500e+02, z_e: -6.3347900390625000e+02

#ERR p: [578802], ea: 4, v_r: 4.7082431030273438e+02, v_e: 7.9737060546875000e+02, x_r: -2.6264675903320312e+02, x_e: 1.8579461669921875e+02, y_r: -4.9889404296875000e+02, y_e: -2.4643116760253906e+02, z_r: -3.3610159301757812e+02, z_e: 4.6439777374267578e+01

#ERR p: [578803], ea: 4, v_r: 9.0075048828125000e+02, v_e: 1.3230852050781250e+03, x_r: -2.6650347900390625e+02, x_e: 3.0969348144531250e+02, y_r: 2.8739889526367188e+02, y_e: 1.1165959472656250e+03, z_r: 9.6016975402832031e+01, z_e: 8.3987567138671875e+02

#ERR p: [578804], ea: 4, v_r: 8.7678912353515625e+02, v_e: 1.3422950439453125e+03, x_r: -1.5924438476562500e+02, x_e: 5.7041479492187500e+02, y_r: -2.7686065673828125e+02, y_e: 3.5953405761718750e+02, z_r: -1.3524082946777344e+02, z_e: 5.9332287597656250e+02

#ERR p: [578805], ea: 4, v_r: 3.6299914550781250e+02, v_e: 7.4055767822265625e+02, x_r: -4.1436450195312500e+02, x_e: 3.0898828506469727e+01, y_r: -7.2412475585937500e+02, y_e: -6.5641174316406250e+02, z_r: -6.6765472412109375e+02, z_e: -5.2478576660156250e+02

#ERR p: [578806], ea: 4, v_r: 4.9556033325195312e+02, v_e: 9.3495904541015625e+02, x_r: -4.7858065795898438e+02, x_e: 3.8728488922119141e+01, y_r: -8.1449658203125000e+02, y_e: -6.4874456787109375e+02, z_r: -6.4498339843750000e+02, z_e: -3.0404751586914062e+02

#ERR p: [578807], ea: 4, v_r: 5.2174835205078125e+02, v_e: 9.2016241455078125e+02, x_r: -8.1732489013671875e+02, x_e: -6.6769940185546875e+02, y_r: -5.9369458007812500e+02, y_e: -2.8506506347656250e+02, z_r: -1.2215996551513672e+02, z_e: 5.8390100097656250e+02

#ERR p: [578808], ea: 4, v_r: 5.4312097167968750e+02, v_e: 8.8687219238281250e+02, x_r: -3.6365661621093750e+02, x_e: 3.9090698242187500e+01, y_r: 6.9280776977539062e+01, y_e: 7.4672351074218750e+02, z_r: -6.5258264160156250e+02, z_e: -4.5648861694335938e+02

#ERR p: [578809], ea: 4, v_r: 4.6783410644531250e+02, v_e: 9.0697943115234375e+02, x_r: -6.5091735839843750e+02, x_e: -3.0914971923828125e+02, y_r: -6.2335717773437500e+02, y_e: -2.8181109619140625e+02, z_r: -7.2106176757812500e+02, z_e: -4.6775320434570312e+02

#ERR p: [578810], ea: 4, v_r: 9.1741113281250000e+02, v_e: 1.3832614746093750e+03, x_r: 2.0326759338378906e+02, x_e: 1.1191300048828125e+03, y_r: -9.3259193420410156e+01, y_e: 6.3624072265625000e+02, z_r: -4.6166946411132812e+02, z_e: 8.0906135559082031e+01

#ERR p: [578811], ea: 4, v_r: 7.5138415527343750e+02, v_e: 1.1328479003906250e+03, x_r: 2.4032230377197266e+01, x_e: 6.9776770019531250e+02, y_r: -3.5825253295898438e+02, y_e: 8.6578330993652344e+01, z_r: 4.4418647766113281e+01, z_e: 7.1719854736328125e+02

#ERR p: [578812], ea: 4, v_r: 4.2580108642578125e+02, v_e: 7.6841052246093750e+02, x_r: -5.2713848876953125e+02, x_e: -2.6124389648437500e+02, y_r: -2.6733471679687500e+02, y_e: 2.0384707641601562e+02, z_r: -5.9258050537109375e+02, z_e: -3.9571124267578125e+02

#ERR p: [578813], ea: 4, v_r: 4.9482211303710938e+02, v_e: 8.2157025146484375e+02, x_r: -7.2049049377441406e+01, x_e: 5.0697283935546875e+02, y_r: -4.1376684570312500e+02, y_e: -9.6109916687011719e+01, z_r: -5.1921203613281250e+02, z_e: -2.6723553466796875e+02

#ERR p: [578814], ea: 4, v_r: 4.9645159912109375e+02, v_e: 8.5706988525390625e+02, x_r: -3.8547082519531250e+02, x_e: 3.7958923339843750e+01, y_r: -8.2953567504882812e+01, y_e: 5.5658856201171875e+02, z_r: -8.3239971923828125e+02, z_e: -7.6982141113281250e+02

#ERR p: [578815], ea: 4, v_r: 5.3933050537109375e+02, v_e: 8.6660418701171875e+02, x_r: -5.4735632324218750e+02, x_e: -2.9501071166992188e+02, y_r: -1.5616798400878906e+01, y_e: 5.6361035156250000e+02, z_r: -2.2941777038574219e+02, z_e: 2.1840669250488281e+02

#ERR p: [578816], ea: 4, v_r: 5.4116528320312500e+02, v_e: 8.5265649414062500e+02, x_r: 7.7713829040527344e+01, x_e: 6.9104528808593750e+02, y_r: 3.9670171737670898e+00, y_e: 5.5496966552734375e+02, z_r: -7.1829162597656250e+02, z_e: -6.0338012695312500e+02

#ERR p: [578817], ea: 4, v_r: 4.9532647705078125e+02, v_e: 8.7425445556640625e+02, x_r: -5.9276647949218750e+02, x_e: -2.9897140502929688e+02, y_r: -5.6432446289062500e+02, y_e: -2.7075747680664062e+02, z_r: -3.0100491333007812e+02, z_e: 2.1919190979003906e+02

#ERR p: [578818], ea: 4, v_r: 3.9566162109375000e+02, v_e: 8.3409808349609375e+02, x_r: -6.9806085205078125e+02, x_e: -4.4363949584960938e+02, y_r: -6.0166467285156250e+02, y_e: -2.5980899047851562e+02, z_r: -8.2813299560546875e+02, z_e: -7.4956945800781250e+02

#ERR p: [578819], ea: 4, v_r: 7.4124945068359375e+02, v_e: 1.2053636474609375e+03, x_r: -8.1486785888671875e+01, x_e: 7.4053729248046875e+02, y_r: -1.1447733154296875e+03, y_e: -1.0651354980468750e+03, z_r: -5.9491989135742188e+01, z_e: 7.6142956542968750e+02

#ERR p: [578820], ea: 4, v_r: 5.8099444580078125e+02, v_e: 1.0434575195312500e+03, x_r: -1.7775912475585938e+02, x_e: 6.4328601074218750e+02, y_r: -8.9717004394531250e+02, y_e: -7.2340252685546875e+02, z_r: -8.0594702148437500e+02, z_e: -5.4017120361328125e+02

#ERR p: [578821], ea: 4, v_r: 5.1895263671875000e+02, v_e: 8.6245385742187500e+02, x_r: -1.7285736083984375e+02, x_e: 3.6720965576171875e+02, y_r: -3.3815988159179688e+02, y_e: 6.4451278686523438e+01, z_r: -5.4494628906250000e+02, z_e: -2.8005496215820312e+02

#ERR p: [578822], ea: 4, v_r: 5.2089605712890625e+02, v_e: 9.1918933105468750e+02, x_r: -4.2860379028320312e+02, x_e: 3.9407024383544922e+01, y_r: -3.9993600463867188e+02, y_e: 6.7898818969726562e+01, z_r: -7.0265942382812500e+02, z_e: -4.7408715820312500e+02

#ERR p: [578823], ea: 4, v_r: 4.5112066650390625e+02, v_e: 7.6179327392578125e+02, x_r: -2.5050036621093750e+02, x_e: 1.7613050842285156e+02, y_r: -7.2748663330078125e+02, y_e: -6.7363439941406250e+02, z_r: -6.8377838134765625e+01, z_e: 4.8169592285156250e+02

#ERR p: [578824], ea: 4, v_r: 6.8916259765625000e+02, v_e: 1.0699215087890625e+03, x_r: -1.1124762535095215e+01, x_e: 6.6214514160156250e+02, y_r: 1.5256620788574219e+02, y_e: 9.0183233642578125e+02, z_r: -7.6767944335937500e+02, z_e: -5.5154425048828125e+02

#ERR p: [578825], ea: 4, v_r: 6.5919439697265625e+02, v_e: 1.0589411621093750e+03, x_r: -7.9133032226562500e+02, x_e: -5.6300030517578125e+02, y_r: 1.0433890533447266e+02, y_e: 8.9172528076171875e+02, z_r: -2.7953588867187500e+02, z_e: 2.6743743896484375e+02

#ERR p: [578826], ea: 4, v_r: 7.2067370605468750e+02, v_e: 1.1210344238281250e+03, x_r: -5.5511517333984375e+02, x_e: -1.6717651367187500e+02, y_r: 2.1955554962158203e+01, y_e: 7.2974420166015625e+02, z_r: -1.2992250061035156e+02, z_e: 4.9706741333007812e+02

#ERR p: [578827], ea: 4, v_r: 6.3186749267578125e+02, v_e: 1.0515095214843750e+03, x_r: -9.1738171386718750e+02, x_e: -7.6080639648437500e+02, y_r: -6.0259925842285156e+01, y_e: 6.8320196533203125e+02, z_r: -3.0941363525390625e+02, z_e: 2.6555963134765625e+02

#ERR p: [578828], ea: 4, v_r: 3.1351339721679688e+02, v_e: 6.2286126708984375e+02, x_r: -5.6945837402343750e+02, x_e: -4.5217117309570312e+02, y_r: -6.0727703857421875e+02, y_e: -5.5202502441406250e+02, z_r: -2.6977236938476562e+02, z_e: 1.5604928588867188e+02

#ERR p: [578829], ea: 4, v_r: 6.1786047363281250e+02, v_e: 9.4586437988281250e+02, x_r: -1.1048655700683594e+02, x_e: 4.0363259887695312e+02, y_r: 1.5238247680664062e+02, y_e: 7.9749505615234375e+02, z_r: -4.4172640991210938e+02, z_e: -1.2486837768554688e+02

#ERR p: [578830], ea: 4, v_r: 6.3409594726562500e+02, v_e: 1.0536406250000000e+03, x_r: -2.1039720153808594e+02, x_e: 4.4922076416015625e+02, y_r: -2.9483511352539062e+02, y_e: 2.8077233886718750e+02, z_r: -7.8346087646484375e+02, z_e: -5.4373107910156250e+02

#ERR p: [578831], ea: 4, v_r: 4.2648614501953125e+02, v_e: 8.4396673583984375e+02, x_r: -3.0008782958984375e+02, x_e: 3.5885452270507812e+02, y_r: -8.2241491699218750e+02, y_e: -7.4782092285156250e+02, z_r: -8.3455267333984375e+02, z_e: -7.6025408935546875e+02

#ERR p: [578832], ea: 4, v_r: 3.0772351074218750e+02, v_e: 6.4918994140625000e+02, x_r: -5.9972534179687500e+02, x_e: -4.6982608032226562e+02, y_r: -4.6848388671875000e+02, y_e: -2.0223928833007812e+02, z_r: -5.8824383544921875e+02, z_e: -4.5883819580078125e+02

#ERR p: [578833], ea: 4, v_r: 3.4213012695312500e+02, v_e: 7.1949743652343750e+02, x_r: -4.7766497802734375e+02, x_e: -1.0781723785400391e+02, y_r: -7.0585900878906250e+02, y_e: -6.3794262695312500e+02, z_r: -6.5268206787109375e+02, z_e: -5.0965213012695312e+02

#ERR p: [578834], ea: 4, v_r: 4.2664703369140625e+02, v_e: 7.5278851318359375e+02, x_r: -7.4536682128906250e+02, x_e: -6.8807019042968750e+02, y_r: -1.0970132827758789e+01, y_e: 6.3286773681640625e+02, z_r: -4.9453823852539062e+02, z_e: -2.4227659606933594e+02

#ERR p: [578835], ea: 4, v_r: 5.5058282470703125e+02, v_e: 1.0127552490234375e+03, x_r: -2.9761999511718750e+02, x_e: 4.3089117431640625e+02, y_r: -7.7462139892578125e+02, y_e: -5.0822061157226562e+02, z_r: -8.9136962890625000e+02, z_e: -7.1774633789062500e+02

#ERR p: [578836], ea: 4, v_r: 5.3995019531250000e+02, v_e: 8.6726464843750000e+02, x_r: -6.4906054687500000e+02, x_e: -4.6210571289062500e+02, y_r: -1.1616668701171875e+02, y_e: 3.9768115234375000e+02, z_r: -2.7594757080078125e+01, z_e: 5.5099505615234375e+02

#ERR p: [578837], ea: 4, v_r: 6.6438842773437500e+01, v_e: 1.1944733886718750e+03, x_r: 5.3740440368652344e+01, x_e: 9.6526123046875000e+02, y_r: -3.1911369323730469e+01, y_e: -5.9808129882812500e+02, z_r: -1.8689760208129883e+01, z_e: -3.8953256225585938e+02

#ERR p: [578838], ea: 4, v_r: 3.8330953979492188e+02, v_e: 7.4286993408203125e+02, x_r: -7.4328857421875000e+02, x_e: -6.7907946777343750e+02, y_r: -2.2827873229980469e+02, y_e: 3.3886938476562500e+02, z_r: -6.5968298339843750e+02, z_e: -5.2414721679687500e+02

#ERR p: [578839], ea: 4, v_r: 5.1946459960937500e+02, v_e: 8.3077673339843750e+02, x_r: 5.6789890289306641e+01, x_e: 6.7009820556640625e+02, y_r: -6.8994989013671875e+02, y_e: -5.7457849121093750e+02, z_r: -1.2262219238281250e+02, z_e: 3.6557144165039062e+02

#ERR p: [578840], ea: 4, v_r: 5.4822204589843750e+02, v_e: 1.0338735351562500e+03, x_r: -6.3082873535156250e+02, x_e: -1.5613427734375000e+02, y_r: -1.0017495727539062e+03, y_e: -9.1565155029296875e+02, z_r: -5.1083004760742188e+02, z_e: 6.0010894775390625e+01

#ERR p: [578841], ea: 4, v_r: 7.3635992431640625e+02, v_e: 1.2240079345703125e+03, x_r: -1.2062857666015625e+03, x_e: -1.1218254394531250e+03, y_r: -3.4315844726562500e+02, y_e: 3.2577163696289062e+02, z_r: 5.2322696685791016e+01, z_e: 1.0125920410156250e+03

#ERR p: [578842], ea: 4, v_r: 5.2041821289062500e+02, v_e: 9.8233337402343750e+02, x_r: -5.0255670166015625e+02, x_e: 4.1255886077880859e+01, y_r: -7.5985290527343750e+02, y_e: -4.9326226806640625e+02, z_r: -7.7354504394531250e+02, z_e: -5.0741339111328125e+02

#ERR p: [578843], ea: 4, v_r: 4.9526922607421875e+02, v_e: 8.9333984375000000e+02, x_r: -5.2237176513671875e+02, x_e: -1.3386599731445312e+02, y_r: -5.8558654785156250e+02, y_e: -2.7686016845703125e+02, z_r: -5.0641659545898438e+02, z_e: -1.1863305664062500e+02

#ERR p: [578844], ea: 4, v_r: 4.9184860229492188e+02, v_e: 8.0298217773437500e+02, x_r: -5.1520849609375000e+02, x_e: -2.7503265380859375e+02, y_r: -3.9603277587890625e+02, y_e: -9.3880882263183594e+01, z_r: 5.0773105621337891e+01, z_e: 6.6319873046875000e+02

#ERR p: [578845], ea: 4, v_r: 5.2243920898437500e+02, v_e: 9.6206573486328125e+02, x_r: -3.7928643798828125e+02, x_e: 2.2581372070312500e+02, y_r: -5.4304602050781250e+02, y_e: -1.1387305450439453e+02, z_r: -9.4269805908203125e+02, z_e: -8.6537829589843750e+02

#ERR p: [578846], ea: 4, v_r: 4.0752795410156250e+02, v_e: 7.1780212402343750e+02, x_r: -4.8687515258789062e+02, x_e: -2.4631816101074219e+02, y_r: -6.1387994384765625e+02, y_e: -4.9756848144531250e+02, z_r: -9.5168609619140625e+01, z_e: 4.5471218872070312e+02

#ERR p: [578847], ea: 4, v_r: 6.0412707519531250e+02, v_e: 1.0446002197265625e+03, x_r: -5.8389868164062500e+02, x_e: -1.5471502685546875e+02, y_r: -2.1511236572265625e+02, y_e: 4.7800787353515625e+02, z_r: -7.9035949707031250e+02, z_e: -5.3794879150390625e+02

#ERR p: [578848], ea: 4, v_r: 7.5651116943359375e+02, v_e: 1.0702929687500000e+03, x_r: 1.0800495910644531e+02, x_e: 6.6034228515625000e+02, y_r: 2.8937319946289062e+02, y_e: 9.0427563476562500e+02, z_r: 2.6981723022460938e+02, z_e: 8.8395178222656250e+02

#ERR p: [578849], ea: 4, v_r: 5.2017614746093750e+02, v_e: 1.0055159912109375e+03, x_r: -5.3036877441406250e+02, x_e: 4.1363773345947266e+01, y_r: -9.7715209960937500e+02, y_e: -8.9075756835937500e+02, z_r: -7.0417425537109375e+02, z_e: -3.2724804687500000e+02

#ERR p: [578850], ea: 4, v_r: 8.6376806640625000e+02, v_e: 1.2857573242187500e+03, x_r: -4.3801403808593750e+02, x_e: 5.3864070892333984e+01, y_r: 9.3455261230468750e+01, y_e: 8.3809472656250000e+02, z_r: 2.3462478637695312e+02, z_e: 1.0626065673828125e+03

#ERR p: [578851], ea: 4, v_r: 3.1252902221679688e+02, v_e: 6.2180938720703125e+02, x_r: -4.5233163452148438e+02, x_e: -2.1143249511718750e+02, y_r: -3.7671185302734375e+02, y_e: -7.4129051208496094e+01, z_r: -6.1383837890625000e+02, z_e: -5.5880999755859375e+02

#ERR p: [578852], ea: 4, v_r: 6.0130749511718750e+02, v_e: 9.6293511962890625e+02, x_r: -4.3687305450439453e+01, x_e: 5.9643933105468750e+02, y_r: 9.8802429199218750e+01, y_e: 8.1112536621093750e+02, z_r: -9.2690789794921875e+02, z_e: -8.6540008544921875e+02

#ERR p: [578853], ea: 4, v_r: 4.2906076049804688e+02, v_e: 7.7171124267578125e+02, x_r: -3.7184118652343750e+02, x_e: 3.1057191848754883e+01, y_r: -7.4328033447265625e+02, y_e: -6.8304327392578125e+02, z_r: -2.7824722290039062e+02, z_e: 1.9243438720703125e+02

#ERR p: [578854], ea: 4, v_r: 3.6608804321289062e+02, v_e: 6.9159100341796875e+02, x_r: -4.8785009765625000e+02, x_e: -2.3476499938964844e+02, y_r: -2.6501785278320312e+02, y_e: 1.8312182617187500e+02, z_r: -6.7864605712890625e+02, z_e: -6.2118139648437500e+02

#ERR p: [578855], ea: 4, v_r: 5.4138092041015625e+02, v_e: 8.6870062255859375e+02, x_r: -4.4892993164062500e+02, x_e: -1.3114312744140625e+02, y_r: -4.1886029052734375e+02, y_e: -1.0128903198242188e+02, z_r: 7.3249549865722656e+01, z_e: 7.1722998046875000e+02

#ERR p: [578856], ea: 4, v_r: 4.0231509399414062e+02, v_e: 7.9947985839843750e+02, x_r: -5.8301251220703125e+02, x_e: -2.7364794921875000e+02, y_r: -7.7945141601562500e+02, y_e: -7.0849139404296875e+02, z_r: -4.9459417724609375e+02, z_e: -1.0654544067382812e+02

#ERR p: [578857], ea: 4, v_r: 4.1669827270507812e+02, v_e: 8.7766949462890625e+02, x_r: -8.1201306152343750e+02, x_e: -6.3664825439453125e+02, y_r: -8.6122399902343750e+02, y_e: -7.7827935791015625e+02, z_r: -5.6743939208984375e+02, z_e: -1.1646078491210938e+02

#ERR p: [578858], ea: 4, v_r: 6.2148370361328125e+02, v_e: 9.4956079101562500e+02, x_r: 4.1921415328979492e+00, x_e: 5.8398370361328125e+02, y_r: -5.4358996582031250e+02, y_e: -2.9183428955078125e+02, z_r: 1.3812954711914062e+02, z_e: 7.8261291503906250e+02

#ERR p: [578859], ea: 4, v_r: 5.2766754150390625e+02, v_e: 9.8957122802734375e+02, x_r: -1.1303273010253906e+02, x_e: 8.0000732421875000e+02, y_r: -9.5818194580078125e+02, y_e: -8.7629595947265625e+02, z_r: -9.7358782958984375e+02, z_e: -8.9201025390625000e+02

#ERR p: [578860], ea: 4, v_r: 5.1997918701171875e+02, v_e: 1.0054225463867188e+03, x_r: -9.1390911865234375e+02, x_e: -7.3018634033203125e+02, y_r: -9.7719702148437500e+02, y_e: -8.9083331298828125e+02, z_r: -3.2027807617187500e+02, z_e: 4.4456463623046875e+02

#ERR p: [578861], ea: 4, v_r: 5.1741796875000000e+02, v_e: 8.6098760986328125e+02, x_r: -5.5967376708984375e+02, x_e: -2.9414605712890625e+02, y_r: -3.3846249389648438e+02, y_e: 6.4200119018554688e+01, z_r: -1.5807447814941406e+02, z_e: 3.8130798339843750e+02

#ERR p: [578862], ea: 4, v_r: 3.6821664428710938e+02, v_e: 6.9382202148437500e+02, x_r: -6.2708819580078125e+02, x_e: -5.0408804321289062e+02, y_r: -6.7226306152343750e+02, y_e: -6.1457379150390625e+02, z_r: -1.3805017089843750e+02, z_e: 4.3975128173828125e+02

#ERR p: [578863], ea: 4, v_r: 4.9560263061523438e+02, v_e: 8.7447180175781250e+02, x_r: -4.9874578857421875e+02, x_e: -1.2928881835937500e+02, y_r: -1.9655487060546875e+02, y_e: 3.9993225097656250e+02, z_r: -7.5962213134765625e+02, z_e: -6.1789288330078125e+02

#ERR p: [578864], ea: 4, v_r: 4.8951296997070312e+02, v_e: 9.7459729003906250e+02, x_r: -9.7814379882812500e+02, x_e: -8.9119317626953125e+02, y_r: -4.1105834960937500e+02, y_e: 2.5744839477539062e+02, z_r: -8.7106811523437500e+02, z_e: -6.8788122558593750e+02

#ERR p: [578865], ea: 4, v_r: 6.6597576904296875e+02, v_e: 1.0858144531250000e+03, x_r: -7.1970024108886719e+01, x_e: 6.7161395263671875e+02, y_r: -1.6166261291503906e+02, y_e: 4.9788281250000000e+02, z_r: -9.2404364013671875e+02, z_e: -7.6838031005859375e+02

#ERR p: [578866], ea: 4, v_r: 4.5190875244140625e+02, v_e: 8.1220257568359375e+02, x_r: -6.4235754394531250e+02, x_e: -4.3476742553710938e+02, y_r: -7.8228259277343750e+02, y_e: -7.1898712158203125e+02, z_r: -4.0551990509033203e+01, z_e: 6.7020977783203125e+02

#ERR p: [578867], ea: 4, v_r: 5.4708984375000000e+02, v_e: 9.4570904541015625e+02, x_r: -9.3435742187500000e+02, x_e: -8.6464044189453125e+02, y_r: 8.7067422866821289e+00, y_e: 7.9529138183593750e+02, z_r: -5.1075772094726562e+02, z_e: -1.2314119720458984e+02

#ERR p: [578868], ea: 4, v_r: 3.7317224121093750e+02, v_e: 8.1139965820312500e+02, x_r: -6.8681048583984375e+02, x_e: -4.3223846435546875e+02, y_r: -7.3084088134765625e+02, y_e: -5.6409606933593750e+02, z_r: -7.4044799804687500e+02, z_e: -5.7409503173828125e+02

#ERR p: [578869], ea: 4, v_r: 6.7854547119140625e+02, v_e: 1.0236598510742188e+03, x_r: 2.2831832885742188e+01, x_e: 6.3236718750000000e+02, y_r: 5.7689311981201172e+01, y_e: 6.6710260009765625e+02, z_r: -3.4149740600585938e+02, z_e: 6.0447792053222656e+01

#ERR p: [578870], ea: 4, v_r: 4.2584378051757812e+02, v_e: 7.3632159423828125e+02, x_r: -7.2875610351562500e+02, x_e: -6.7445629882812500e+02, y_r: -2.3085763549804688e+02, y_e: 1.9559613037109375e+02, z_r: -1.6105429077148438e+02, z_e: 3.2688760375976562e+02

#ERR p: [578871], ea: 4, v_r: 5.9332702636718750e+02, v_e: 9.3765924072265625e+02, x_r: -5.8461999511718750e+02, x_e: -3.1944821166992188e+02, y_r: 9.9898272752761841e-01, y_e: 6.1007183837890625e+02, z_r: -1.2357450866699219e+02, z_e: 4.1600903320312500e+02

#ERR p: [578872], ea: 4, v_r: 5.5099896240234375e+02, v_e: 9.3045507812500000e+02, x_r: -3.0596325683593750e+02, x_e: 2.1512648010253906e+02, y_r: -8.8855578613281250e+02, y_e: -8.2278015136718750e+02, z_r: -8.3518493652343750e+01, z_e: 5.8834429931640625e+02

#ERR p: [578873], ea: 4, v_r: 4.2764892578125000e+02, v_e: 8.2498480224609375e+02, x_r: -2.7586517333984375e+02, x_e: 3.5101010131835938e+02, y_r: -7.2276458740234375e+02, y_e: -5.7260430908203125e+02, z_r: -8.1339160156250000e+02, z_e: -7.4294384765625000e+02

#ERR p: [578874], ea: 4, v_r: 5.2148645019531250e+02, v_e: 9.8345050048828125e+02, x_r: -6.0006280517578125e+02, x_e: -1.4851936340332031e+02, y_r: -9.5289477539062500e+02, y_e: -8.7099566650390625e+02, z_r: -4.8591604614257812e+02, z_e: 5.7084152221679688e+01

#ERR p: [578875], ea: 4, v_r: 6.9064007568359375e+02, v_e: 1.0907460937500000e+03, x_r: -9.3759851074218750e+02, x_e: -7.8941418457031250e+02, y_r: 1.3106015014648438e+02, y_e: 9.1873168945312500e+02, z_r: -1.2994589805603027e+01, z_e: 6.9384191894531250e+02

#ERR p: [578876], ea: 4, v_r: 3.4068035888671875e+02, v_e: 7.1806176757812500e+02, x_r: -6.0171728515625000e+02, x_e: -3.8271624755859375e+02, y_r: -6.4239459228515625e+02, y_e: -4.9903366088867188e+02, z_r: -5.8889764404296875e+02, z_e: -3.7047555541992188e+02

#ERR p: [578877], ea: 4, v_r: 4.1287390136718750e+02, v_e: 8.9720208740234375e+02, x_r: -7.5979998779296875e+02, x_e: -4.7844497680664062e+02, y_r: -8.8323791503906250e+02, y_e: -7.9578131103515625e+02, z_r: -7.4373583984375000e+02, z_e: -4.6311724853515625e+02

#ERR p: [578878], ea: 4, v_r: 9.8775823974609375e+02, v_e: 1.4321827392578125e+03, x_r: -2.7097244262695312e+02, x_e: 3.3483944702148438e+02, y_r: 3.3704928588867188e+02, y_e: 1.2090751953125000e+03, z_r: 3.1268392944335938e+02, z_e: 1.1836293945312500e+03

#ERR p: [578879], ea: 4, v_r: 1.0391231689453125e+03, v_e: 1.5063270263671875e+03, x_r: -8.9957283020019531e+01, x_e: 6.4025512695312500e+02, y_r: 1.5952774047851562e+02, y_e: 9.8286883544921875e+02, z_r: 3.2845892333984375e+02, z_e: 1.2440603027343750e+03

#ERR p: [578880], ea: 4, v_r: 8.5852624511718750e+02, v_e: 1.2602500000000000e+03, x_r: 6.8439643859863281e+01, x_e: 7.7705938720703125e+02, y_r: -4.7815486907958984e+01, y_e: 5.8033477783203125e+02, z_r: 9.0987678527832031e+01, z_e: 7.9857385253906250e+02

#ERR p: [578881], ea: 4, v_r: 4.2906243896484375e+02, v_e: 7.7179077148437500e+02, x_r: -6.8969165039062500e+02, x_e: -5.6072711181640625e+02, y_r: -6.6398339843750000e+02, y_e: -5.3526367187500000e+02, z_r: -3.8814125061035156e+01, z_e: 6.3728192138671875e+02

#ERR p: [578882], ea: 4, v_r: 4.0274273681640625e+02, v_e: 7.8071203613281250e+02, x_r: -5.5982489013671875e+02, x_e: -2.6567343139648438e+02, y_r: -4.6240698242187500e+02, y_e: -9.2880516052246094e+01, z_r: -6.9453375244140625e+02, z_e: -5.5202569580078125e+02

#ERR p: [578883], ea: 4, v_r: 3.8614202880859375e+02, v_e: 7.4567816162109375e+02, x_r: -3.2164300537109375e+02, x_e: 1.7375152587890625e+02, y_r: -7.2455731201171875e+02, y_e: -6.6055505371093750e+02, z_r: -5.9317291259765625e+02, z_e: -3.8576925659179688e+02

#ERR p: [578884], ea: 4, v_r: 3.1001135253906250e+02, v_e: 6.3499249267578125e+02, x_r: -5.8279620361328125e+02, x_e: -4.5937194824218750e+02, y_r: -3.9405844116210938e+02, y_e: -7.5907142639160156e+01, z_r: -5.7160247802734375e+02, z_e: -4.4865182495117188e+02

#ERR p: [578885], ea: 4, v_r: 6.2993347167968750e+02, v_e: 1.0101916503906250e+03, x_r: -2.8667645263671875e+02, x_e: 2.3449931335449219e+02, y_r: -6.0432885742187500e+02, y_e: -3.1138726806640625e+02, z_r: -3.2649276733398438e+01, z_e: 6.3957806396484375e+02

#ERR p: [578886], ea: 4, v_r: 7.2852270507812500e+02, v_e: 1.1703114013671875e+03, x_r: -8.7455493164062500e+02, x_e: -6.2221099853515625e+02, y_r: 1.1530899810791016e+02, y_e: 9.8550811767578125e+02, z_r: -3.0893441772460938e+02, z_e: 2.9556448364257812e+02

#ERR p: [578887], ea: 4, v_r: 8.7851690673828125e+02, v_e: 1.3440195312500000e+03, x_r: 5.5564651489257812e+00, x_e: 8.2822796630859375e+02, y_r: -4.4100531005859375e+02, y_e: 1.0233810424804688e+02, z_r: -1.3524717712402344e+02, z_e: 5.9332293701171875e+02

#ERR p: [578888], ea: 4, v_r: 5.6424554443359375e+02, v_e: 8.9176129150390625e+02, x_r: -4.5042147827148438e+02, x_e: -1.3274635314941406e+02, y_r: 9.1345024108886719e-01, y_e: 5.8025488281250000e+02, z_r: -2.2333470153808594e+02, z_e: 2.2450975036621094e+02

#ERR p: [578889], ea: 4, v_r: 6.0461596679687500e+02, v_e: 9.8450079345703125e+02, x_r: 4.9156131744384766e+01, x_e: 7.9787164306640625e+02, y_r: -1.4532104492187500e+02, y_e: 4.5144992065429688e+02, z_r: -9.5055065917968750e+02, z_e: -8.8558227539062500e+02

#ERR p: [578890], ea: 4, v_r: 4.0129504394531250e+02, v_e: 7.9841986083984375e+02, x_r: -5.8080566406250000e+02, x_e: -2.7148504638671875e+02, y_r: -4.8370678710937500e+02, y_e: -9.5183815002441406e+01, z_r: -7.8818438720703125e+02, z_e: -7.1752661132812500e+02

#ERR p: [578891], ea: 4, v_r: 2.9616732788085938e+02, v_e: 6.0528173828125000e+02, x_r: -3.9295248413085938e+02, x_e: -9.0195968627929688e+01, y_r: -4.8343792724609375e+02, y_e: -3.0440573120117188e+02, z_r: -5.9962487792968750e+02, z_e: -5.4441864013671875e+02

#ERR p: [578892], ea: 4, v_r: 4.7592361450195312e+02, v_e: 8.1896704101562500e+02, x_r: -1.5467190742492676e+01, x_e: 6.6157263183593750e+02, y_r: -6.9566162109375000e+02, y_e: -5.6731243896484375e+02, z_r: -5.3242736816406250e+02, z_e: -2.6729898071289062e+02

#ERR p: [578893], ea: 4, v_r: 3.8228482055664062e+02, v_e: 7.6003765869140625e+02, x_r: -4.8278094482421875e+02, x_e: -1.1304454803466797e+02, y_r: -5.3037042236328125e+02, y_e: -2.3631501770019531e+02, z_r: -7.5064367675781250e+02, z_e: -6.8342559814453125e+02

#ERR p: [578894], ea: 4, v_r: 3.6550558471679688e+02, v_e: 6.9101879882812500e+02, x_r: -5.5516436767578125e+02, x_e: -3.6712860107421875e+02, y_r: -2.6521063232421875e+02, y_e: 1.8294030761718750e+02, z_r: -6.1057397460937500e+02, z_e: -4.8808215332031250e+02

#ERR p: [578895], ea: 4, v_r: 6.0535791015625000e+02, v_e: 1.0458391113281250e+03, x_r: -6.9549938964843750e+02, x_e: -3.5435711669921875e+02, y_r: 1.0444036483764648e+01, y_e: 8.7966253662109375e+02, z_r: -9.0258581542968750e+02, z_e: -7.3817980957031250e+02

#ERR p: [578896], ea: 4, v_r: 6.7789105224609375e+02, v_e: 1.0230106811523438e+03, x_r: -1.0430242156982422e+02, x_e: 4.3627981567382812e+02, y_r: 1.8442192077636719e+02, y_e: 8.6282519531250000e+02, z_r: -3.4096563720703125e+02, z_e: 6.0974536895751953e+01

#ERR p: [578897], ea: 4, v_r: 5.4008990478515625e+02, v_e: 8.6732293701171875e+02, x_r: -2.4509950256347656e+02, x_e: 2.0340080261230469e+02, y_r: -1.1588999938964844e+02, y_e: 3.9787484741210938e+02, z_r: -4.3183782958984375e+02, z_e: -1.1474229431152344e+02

#ERR p: [578898], ea: 4, v_r: 4.4800323486328125e+02, v_e: 7.5871643066406250e+02, x_r: -6.6671112060546875e+02, x_e: -5.5052795410156250e+02, y_r: -3.9146246337890625e+02, y_e: -8.9183502197265625e+01, z_r: 1.4917754173278809e+01, z_e: 6.2706665039062500e+02

#ERR p: [578899], ea: 4, v_r: 8.0308172607421875e+02, v_e: 1.1494821777343750e+03, x_r: 2.5069192504882812e+02, x_e: 9.3009094238281250e+02, y_r: 2.9161187744140625e+02, y_e: 9.7089508056640625e+02, z_r: -3.1701734542846680e+01, z_e: 5.0843380737304688e+02

#SDC Ite:959 KerTime:1.195126 AccTime:1146.756687 KerErr:100 AccErr:242
#IT Ite:960 KerTime:1.194426 AccTime:1147.951113
#IT Ite:970 KerTime:1.194802 AccTime:1159.897010
#IT Ite:980 KerTime:1.195196 AccTime:1171.842268
#IT Ite:990 KerTime:1.194517 AccTime:1183.788889
#IT Ite:1000 KerTime:1.194833 AccTime:1195.736206
#IT Ite:1010 KerTime:1.194515 AccTime:1207.683443
#IT Ite:1020 KerTime:1.195193 AccTime:1219.629704
#IT Ite:1030 KerTime:1.195030 AccTime:1231.576736
#IT Ite:1040 KerTime:1.194894 AccTime:1243.523110
#IT Ite:1050 KerTime:1.194462 AccTime:1255.468464
#IT Ite:1060 KerTime:1.194502 AccTime:1267.414671
#IT Ite:1070 KerTime:1.194739 AccTime:1279.361669
#ERR p: [138595], ea: 2, v_r: 1.0896601562500000e+03, v_e: 1.0896601562500000e+03, x_r: -9.8111975097656250e+02, x_e: -9.8111975097656250e+02, y_r: 7.0385101318359375e+01, y_e: 7.0384979248046875e+01, z_r: -1.5304591369628906e+02, z_e: -1.5304588317871094e+02

#SDC Ite:1077 KerTime:1.193958 AccTime:1287.722996 KerErr:1 AccErr:243
#IT Ite:1080 KerTime:1.194979 AccTime:1291.307007
#ERR p: [49300], ea: 4, v_r: 9.3029016113281250e+02, v_e: 9.3025726318359375e+02, x_r: 4.1409048461914062e+02, x_e: 4.1411587524414062e+02, y_r: 3.4569080352783203e+01, y_e: 3.5634944915771484e+01, z_r: 3.9306497192382812e+02, z_e: 3.9310546875000000e+02

#ERR p: [49301], ea: 4, v_r: 7.5579302978515625e+02, v_e: 7.5587554931640625e+02, x_r: -3.8797250366210938e+02, x_e: -3.8798770141601562e+02, y_r: -6.9667559814453125e+02, y_e: -6.9597821044921875e+02, z_r: -5.5270153808593750e+02, z_e: -5.5276782226562500e+02

#ERR p: [49302], ea: 4, v_r: 9.0845892333984375e+02, v_e: 9.0845770263671875e+02, x_r: 5.5845436096191406e+01, x_e: 5.5883426666259766e+01, y_r: -1.4060273742675781e+02, y_e: -1.3960174560546875e+02, z_r: -1.4010409545898438e+02, z_e: -1.4006483459472656e+02

#ERR p: [49303], ea: 4, v_r: 1.1494711914062500e+03, v_e: 1.1493524169921875e+03, x_r: -1.0329754638671875e+03, x_e: -1.0327087402343750e+03, y_r: 7.0563659667968750e+02, y_e: 7.0685375976562500e+02, z_r: 2.6518521118164062e+02, z_e: 2.6520132446289062e+02

#ERR p: [49304], ea: 4, v_r: 1.0013405761718750e+03, v_e: 1.0014163818359375e+03, x_r: 6.3867517089843750e+02, x_e: 6.3874871826171875e+02, y_r: -7.3096112060546875e+02, y_e: -7.2988238525390625e+02, z_r: 8.0741473388671875e+02, z_e: 8.0750262451171875e+02

#ERR p: [49305], ea: 4, v_r: 1.0242290039062500e+03, v_e: 1.0241434326171875e+03, x_r: -5.2719647216796875e+02, x_e: -5.2702557373046875e+02, y_r: 4.3215820312500000e+02, y_e: 4.3329486083984375e+02, z_r: 6.2991943359375000e+02, z_e: 6.2990478515625000e+02

#ERR p: [49306], ea: 4, v_r: 1.6213846435546875e+03, v_e: 1.6211748046875000e+03, x_r: 1.3432801513671875e+03, x_e: 1.3431817626953125e+03, y_r: 9.9350274658203125e+02, y_e: 9.9531610107421875e+02, z_r: 1.3092907714843750e+03, z_e: 1.3092718505859375e+03

#ERR p: [49307], ea: 4, v_r: 7.7303405761718750e+02, v_e: 7.7299743652343750e+02, x_r: -5.4611779785156250e+02, x_e: -5.4602502441406250e+02, y_r: 1.7732908630371094e+02, y_e: 1.7815312194824219e+02, z_r: -4.1609365844726562e+02, z_e: -4.1604385375976562e+02

#ERR p: [49308], ea: 4, v_r: 6.0925164794921875e+02, v_e: 6.0930181884765625e+02, x_r: -1.9598280334472656e+02, x_e: -1.9597676086425781e+02, y_r: -4.4479666137695312e+02, y_e: -4.4419546508789062e+02, z_r: -3.2838864135742188e+02, z_e: -3.2841189575195312e+02

#ERR p: [49309], ea: 4, v_r: 8.1651379394531250e+02, v_e: 8.1649316406250000e+02, x_r: -1.0667224884033203e+02, x_e: -1.0663229370117188e+02, y_r: 3.0163597106933594e+01, y_e: 3.1049472808837891e+01, z_r: -4.3959008789062500e+02, z_e: -4.3953802490234375e+02

#ERR p: [49310], ea: 4, v_r: 7.5114721679687500e+02, v_e: 7.5110925292968750e+02, x_r: 6.2241857910156250e+02, x_e: 6.2237182617187500e+02, y_r: 1.7076887512207031e+02, y_e: 1.7158743286132812e+02, z_r: -6.9279846191406250e+02, z_e: -6.9269232177734375e+02

#ERR p: [49311], ea: 4, v_r: 1.4138581542968750e+03, v_e: 1.4136822509765625e+03, x_r: 3.5725274658203125e+02, x_e: 3.5732897949218750e+02, y_r: 8.6709307861328125e+02, y_e: 8.6865649414062500e+02, z_r: 1.1416278076171875e+03, z_e: 1.1415876464843750e+03

#ERR p: [49312], ea: 4, v_r: 1.0010310668945312e+03, v_e: 1.0009221801757812e+03, x_r: 8.2907183837890625e+02, x_e: 8.2897778320312500e+02, y_r: 6.1192816162109375e+02, y_e: 6.1298779296875000e+02, z_r: -7.3058593750000000e+02, z_e: -7.3039434814453125e+02

#ERR p: [49313], ea: 4, v_r: 1.1386259765625000e+03, v_e: 1.1384624023437500e+03, x_r: 6.8898925781250000e+01, x_e: 6.8975059509277344e+01, y_r: 9.1628198242187500e+02, y_e: 9.1745672607421875e+02, z_r: 4.4131809234619141e+01, z_e: 4.4223796844482422e+01

#ERR p: [49314], ea: 4, v_r: 7.1491467285156250e+02, v_e: 7.1490118408203125e+02, x_r: -6.4208117675781250e+02, x_e: -6.4199743652343750e+02, y_r: 2.7093915939331055e+01, y_e: 2.7860902786254883e+01, z_r: -2.4754499816894531e+02, z_e: -2.4752642822265625e+02

#ERR p: [49315], ea: 4, v_r: 9.9932147216796875e+02, v_e: 9.9924462890625000e+02, x_r: -3.2273397827148438e+02, x_e: -3.2264752197265625e+02, y_r: 4.2040469360351562e+02, y_e: 4.2145700073242188e+02, z_r: -7.2971075439453125e+02, z_e: -7.2958990478515625e+02

#ERR p: [49316], ea: 4, v_r: 9.4976245117187500e+02, v_e: 9.4973272705078125e+02, x_r: 7.8730810546875000e+02, x_e: 7.8728222656250000e+02, y_r: 3.4415863037109375e+01, y_e: 3.5488502502441406e+01, z_r: -1.4626058959960938e+02, z_e: -1.4618157958984375e+02

#ERR p: [49317], ea: 4, v_r: 7.9637390136718750e+02, v_e: 7.9633685302734375e+02, x_r: -7.1538928222656250e+02, x_e: -7.1526605224609375e+02, y_r: 1.8306477355957031e+02, y_e: 1.8392448425292969e+02, z_r: -1.2260243988037109e+02, z_e: -1.2257617187500000e+02

#ERR p: [49318], ea: 4, v_r: 1.0565627441406250e+03, v_e: 1.0565056152343750e+03, x_r: -1.3823388671875000e+02, x_e: -1.3816539001464844e+02, y_r: 2.4189533996582031e+02, y_e: 2.4304743957519531e+02, z_r: -3.6564337158203125e+02, z_e: -3.6556332397460938e+02

#ERR p: [49319], ea: 4, v_r: 1.1532888183593750e+03, v_e: 1.1532849121093750e+03, x_r: -1.5041430664062500e+02, x_e: -1.5031823730468750e+02, y_r: -1.7755914306640625e+02, y_e: -1.7625274658203125e+02, z_r: 7.0879095458984375e+02, z_e: 7.0881811523437500e+02

#ERR p: [49320], ea: 4, v_r: 1.0130485839843750e+03, v_e: 1.0129042358398438e+03, x_r: -5.2177246093750000e+02, x_e: -5.2155395507812500e+02, y_r: 8.1637969970703125e+02, y_e: 8.1744592285156250e+02, z_r: 8.1808819580078125e+02, z_e: 8.1802380371093750e+02

#ERR p: [49321], ea: 4, v_r: 7.3277471923828125e+02, v_e: 7.3271893310546875e+02, x_r: -6.5838031005859375e+02, x_e: -6.5822668457031250e+02, y_r: 3.0933294677734375e+02, y_e: 3.1013381958007812e+02, z_r: 3.0980227661132812e+02, z_e: 3.0979714965820312e+02

#ERR p: [49322], ea: 4, v_r: 9.3562084960937500e+02, v_e: 9.3567425537109375e+02, x_r: -4.8070098876953125e+02, x_e: -4.8067193603515625e+02, y_r: -5.0329299926757812e+02, y_e: -5.0233007812500000e+02, z_r: -3.2437020874023438e+02, z_e: -3.2438308715820312e+02

#ERR p: [49323], ea: 4, v_r: 9.9890533447265625e+02, v_e: 9.9884790039062500e+02, x_r: 8.2781164550781250e+02, x_e: 8.2776171875000000e+02, y_r: 2.2765863037109375e+02, y_e: 2.2877362060546875e+02, z_r: -3.4558102416992188e+02, z_e: -3.4547183227539062e+02

#ERR p: [49324], ea: 4, v_r: 1.1142431640625000e+03, v_e: 1.1141566162109375e+03, x_r: -7.8734576416015625e+02, x_e: -7.8715771484375000e+02, y_r: 4.6985943603515625e+02, y_e: 4.7106207275390625e+02, z_r: 4.2761299133300781e+01, z_e: 4.2801898956298828e+01

#ERR p: [49325], ea: 4, v_r: 9.1521209716796875e+02, v_e: 9.1526318359375000e+02, x_r: -2.9460351562500000e+02, x_e: -2.9457550048828125e+02, y_r: -4.9250350952148438e+02, y_e: -4.9155621337890625e+02, z_r: -3.1730117797851562e+02, z_e: -3.1730682373046875e+02

#ERR p: [49326], ea: 4, v_r: 1.3214455566406250e+03, v_e: 1.3212949218750000e+03, x_r: 8.4091589355468750e+02, x_e: 8.4084686279296875e+02, y_r: 8.0856689453125000e+02, y_e: 8.0997930908203125e+02, z_r: -4.5672439575195312e+02, z_e: -4.5653784179687500e+02

#ERR p: [49327], ea: 4, v_r: 7.4914483642578125e+02, v_e: 7.4916687011718750e+02, x_r: -9.7558059692382812e+01, x_e: -9.7539726257324219e+01, y_r: -2.5984555053710938e+02, y_e: -2.5905874633789062e+02, z_r: -5.4749841308593750e+02, z_e: -5.4748937988281250e+02

#ERR p: [49328], ea: 4, v_r: 7.7855590820312500e+02, v_e: 7.7860034179687500e+02, x_r: -4.0004452514648438e+02, x_e: -3.9999713134765625e+02, y_r: -4.1836178588867188e+02, y_e: -4.1753244018554688e+02, z_r: 3.2861584472656250e+02, z_e: 3.2863122558593750e+02

#ERR p: [49329], ea: 4, v_r: 1.1124849853515625e+03, v_e: 1.1124162597656250e+03, x_r: 9.2199212646484375e+02, x_e: 9.2194641113281250e+02, y_r: 2.5395043945312500e+02, y_e: 2.5521130371093750e+02, z_r: 4.2658737182617188e+01, z_e: 4.2751018524169922e+01

#ERR p: [49330], ea: 4, v_r: 8.2900866699218750e+02, v_e: 8.2909967041015625e+02, x_r: 5.2898150634765625e+02, x_e: 5.2900701904296875e+02, y_r: -7.6544268798828125e+02, y_e: -7.6466107177734375e+02, z_r: -7.6555249023437500e+02, z_e: -7.6560925292968750e+02

#ERR p: [49331], ea: 4, v_r: 7.3895153808593750e+02, v_e: 7.3895391845703125e+02, x_r: 3.2900225830078125e+02, x_e: 3.2899768066406250e+02, y_r: -1.1519037628173828e+02, y_e: -1.1439632415771484e+02, z_r: -6.8186444091796875e+02, z_e: -6.8181939697265625e+02

#ERR p: [49332], ea: 4, v_r: 9.6406481933593750e+02, v_e: 9.6404498291015625e+02, x_r: -6.8088208007812500e+02, x_e: -6.8078991699218750e+02, y_r: 3.6208209991455078e+01, y_e: 3.7238624572753906e+01, z_r: -5.1905981445312500e+02, z_e: -5.1902075195312500e+02

#ERR p: [49333], ea: 4, v_r: 1.0465905761718750e+03, v_e: 1.0464892578125000e+03, x_r: 4.6549526977539062e+02, x_e: 4.6552056884765625e+02, y_r: 4.4083770751953125e+02, y_e: 4.4203015136718750e+02, z_r: 8.4492114257812500e+02, z_e: 8.4491302490234375e+02

#ERR p: [49334], ea: 4, v_r: 7.5447595214843750e+02, v_e: 7.5451770019531250e+02, x_r: 3.3626892089843750e+02, x_e: 3.3627871704101562e+02, y_r: -4.0691043090820312e+02, y_e: -4.0612780761718750e+02, z_r: -5.5150708007812500e+02, z_e: -5.5150476074218750e+02

#ERR p: [49335], ea: 4, v_r: 1.2222740478515625e+03, v_e: 1.2222668457031250e+03, x_r: 7.5140159606933594e+01, x_e: 7.5234626770019531e+01, y_r: -1.8821742248535156e+02, y_e: -1.8681562805175781e+02, z_r: 9.8616662597656250e+02, z_e: 9.8619757080078125e+02

#ERR p: [49336], ea: 4, v_r: 7.9528637695312500e+02, v_e: 7.9519702148437500e+02, x_r: 2.0084123229980469e+02, x_e: 2.0085404968261719e+02, y_r: 4.8694519042968750e+02, y_e: 4.8778735351562500e+02, z_r: -2.7492303466796875e+02, z_e: -2.7482128906250000e+02

#ERR p: [49337], ea: 4, v_r: 5.9219683837890625e+02, v_e: 5.9226080322265625e+02, x_r: -7.6725677490234375e+01, x_e: -7.6726333618164062e+01, y_r: -5.4613946533203125e+02, y_e: -5.4558630371093750e+02, z_r: -4.3307958984375000e+02, z_e: -4.3312292480468750e+02

#ERR p: [49338], ea: 4, v_r: 7.4412780761718750e+02, v_e: 7.4416986083984375e+02, x_r: -2.3952714538574219e+02, x_e: -2.3951484680175781e+02, y_r: -4.0066549682617188e+02, y_e: -3.9990933227539062e+02, z_r: -5.4395269775390625e+02, z_e: -5.4397045898437500e+02

#ERR p: [49339], ea: 4, v_r: 1.0041944580078125e+03, v_e: 1.0042220458984375e+03, x_r: 6.4008471679687500e+02, x_e: 6.4009014892578125e+02, y_r: -3.4902755737304688e+02, y_e: -3.4794223022460938e+02, z_r: -5.4092150878906250e+02, z_e: -5.4087860107421875e+02

#ERR p: [49340], ea: 4, v_r: 8.9265783691406250e+02, v_e: 8.9264916992187500e+02, x_r: 7.4019732666015625e+02, x_e: 7.4020788574218750e+02, y_r: -1.3826748657226562e+02, y_e: -1.3723321533203125e+02, z_r: 5.4861444091796875e+02, z_e: 5.4866375732421875e+02

#ERR p: [49341], ea: 4, v_r: 8.4786853027343750e+02, v_e: 8.4779949951171875e+02, x_r: -2.7376971435546875e+02, x_e: -2.7367770385742188e+02, y_r: 3.5708923339843750e+02, y_e: 3.5800451660156250e+02, z_r: -1.3037815856933594e+02, z_e: -1.3031935119628906e+02

#ERR p: [49342], ea: 4, v_r: 1.2661632080078125e+03, v_e: 1.2660484619140625e+03, x_r: 1.0490997314453125e+03, x_e: 1.0490239257812500e+03, y_r: 5.3197479248046875e+02, y_e: 5.3338916015625000e+02, z_r: 4.8780601501464844e+01, z_e: 4.8895622253417969e+01

#ERR p: [49343], ea: 4, v_r: 8.4750988769531250e+02, v_e: 8.4746350097656250e+02, x_r: -2.7348117065429688e+02, x_e: -2.7339511108398438e+02, y_r: 1.9446371459960938e+02, y_e: 1.9539881896972656e+02, z_r: 3.2416240692138672e+01, z_e: 3.2452354431152344e+01

#ERR p: [49344], ea: 4, v_r: 8.8343463134765625e+02, v_e: 8.8350738525390625e+02, x_r: -1.1465393066406250e+02, x_e: -1.1465336608886719e+02, y_r: -6.4544152832031250e+02, y_e: -6.4458154296875000e+02, z_r: -8.1566040039062500e+02, z_e: -8.1571276855468750e+02

#ERR p: [49345], ea: 4, v_r: 1.0188937377929688e+03, v_e: 1.0189227905273438e+03, x_r: -3.2819079589843750e+02, x_e: -3.2813818359375000e+02, y_r: -3.5272109985351562e+02, y_e: -3.5162780761718750e+02, z_r: -1.5729753112792969e+02, z_e: -1.5728172302246094e+02

#ERR p: [49346], ea: 4, v_r: 1.1000891113281250e+03, v_e: 1.0999522705078125e+03, x_r: 4.8907501220703125e+02, x_e: 4.8908612060546875e+02, y_r: 6.7428930664062500e+02, y_e: 6.7550201416015625e+02, z_r: 6.7681335449218750e+02, z_e: 6.7681945800781250e+02

#ERR p: [49347], ea: 4, v_r: 7.2986517333984375e+02, v_e: 7.2992773437500000e+02, x_r: -5.1490972900390625e+02, x_e: -5.1489404296875000e+02, y_r: -5.3223931884765625e+02, y_e: -5.3150836181640625e+02, z_r: 2.7399274826049805e+01, z_e: 2.7390329360961914e+01

#ERR p: [49348], ea: 4, v_r: 9.4824224853515625e+02, v_e: 9.4826940917968750e+02, x_r: 4.2241522216796875e+02, x_e: 4.2242098999023438e+02, y_r: -3.2953594970703125e+02, y_e: -3.2852505493164062e+02, z_r: -6.9297918701171875e+02, z_e: -6.9294885253906250e+02

#ERR p: [49349], ea: 4, v_r: 9.5636657714843750e+02, v_e: 9.5634075927734375e+02, x_r: -3.0842504882812500e+02, x_e: -3.0834161376953125e+02, y_r: 3.5968574523925781e+01, y_e: 3.7027565002441406e+01, z_r: 3.6435523986816406e+01, z_e: 3.6468532562255859e+01

#ERR p: [49350], ea: 4, v_r: 8.9541516113281250e+02, v_e: 8.9544104003906250e+02, x_r: 5.5213584899902344e+01, x_e: 5.5230094909667969e+01, y_r: -3.1077737426757812e+02, y_e: -3.0983212280273438e+02, z_r: -6.5439245605468750e+02, z_e: -6.5437536621093750e+02

#ERR p: [49351], ea: 4, v_r: 7.3772753906250000e+02, v_e: 8.3759393310546875e+02, x_r: 6.1251489257812500e+02, x_e: 6.9366522216796875e+02, y_r: 4.4708917236328125e+02, y_e: 5.1279437255859375e+02, z_r: -6.7855078125000000e+02, z_e: -7.7211633300781250e+02

#ERR p: [49352], ea: 4, v_r: 6.9498663330078125e+02, v_e: 6.9506500244140625e+02, x_r: -4.9018667602539062e+02, x_e: -4.9018313598632812e+02, y_r: -6.3999780273437500e+02, y_e: -6.3933087158203125e+02, z_r: 1.5957749938964844e+02, z_e: 1.5957673645019531e+02

#ERR p: [49353], ea: 4, v_r: 7.9303314208984375e+02, v_e: 7.9305523681640625e+02, x_r: -1.0326749420166016e+02, x_e: -1.0323719787597656e+02, y_r: -2.7481661987304688e+02, y_e: -2.7396862792968750e+02, z_r: -2.7482208251953125e+02, z_e: -2.7480651855468750e+02

#ERR p: [49354], ea: 4, v_r: 1.1551044921875000e+03, v_e: 1.1551027832031250e+03, x_r: -3.7231787109375000e+02, x_e: -3.7219824218750000e+02, y_r: -1.7746589660644531e+02, y_e: -1.7615359497070312e+02, z_r: 9.3198895263671875e+02, z_e: 9.3200494384765625e+02

#ERR p: [49355], ea: 4, v_r: 1.0080746459960938e+03, v_e: 1.0080653076171875e+03, x_r: 4.4891149902343750e+02, x_e: 4.4895996093750000e+02, y_r: -1.5559841918945312e+02, y_e: -1.5443177795410156e+02, z_r: 8.1334002685546875e+02, z_e: 8.1337762451171875e+02

#ERR p: [49356], ea: 4, v_r: 1.0537382812500000e+03, v_e: 1.0538474121093750e+03, x_r: 8.7457653808593750e+02, x_e: 8.7467553710937500e+02, y_r: -9.7151666259765625e+02, y_e: -9.7042968750000000e+02, z_r: 8.4947540283203125e+02, z_e: 8.4959033203125000e+02

#ERR p: [49357], ea: 4, v_r: 1.2665432128906250e+03, v_e: 1.2664251708984375e+03, x_r: 5.6328363037109375e+02, x_e: 5.6329870605468750e+02, y_r: 5.3306707763671875e+02, y_e: 5.3448992919921875e+02, z_r: 5.3555987548828125e+02, z_e: 5.3560638427734375e+02

#ERR p: [49358], ea: 4, v_r: 7.5707427978515625e+02, v_e: 7.5715966796875000e+02, x_r: -6.7919226074218750e+02, x_e: -6.7921301269531250e+02, y_r: -6.9732446289062500e+02, y_e: -6.9662213134765625e+02, z_r: -2.6265866088867188e+02, z_e: -2.6270867919921875e+02

#ERR p: [49359], ea: 4, v_r: 7.7141448974609375e+02, v_e: 7.7143249511718750e+02, x_r: 4.9172756958007812e+02, x_e: 4.9174456787109375e+02, y_r: -2.6771090698242188e+02, y_e: -2.6685519409179688e+02, z_r: 2.9159290313720703e+01, z_e: 2.9200145721435547e+01

#ERR p: [49360], ea: 4, v_r: 1.1275034179687500e+03, v_e: 1.1274970703125000e+03, x_r: 2.8569860839843750e+02, x_e: 2.8575393676757812e+02, y_r: -1.7418281555175781e+02, y_e: -1.7290362548828125e+02, z_r: 4.7620144653320312e+02, z_e: 4.7624688720703125e+02

#ERR p: [49361], ea: 4, v_r: 1.0953308105468750e+03, v_e: 1.0953869628906250e+03, x_r: 9.0868072509765625e+02, x_e: 9.0871661376953125e+02, y_r: -5.9044885253906250e+02, y_e: -5.8926007080078125e+02, z_r: 4.1215435028076172e+01, z_e: 4.1272144317626953e+01

#ERR p: [49362], ea: 4, v_r: 9.2192578125000000e+02, v_e: 9.2192864990234375e+02, x_r: 2.3354403686523438e+02, x_e: 2.3354840087890625e+02, y_r: -1.4350341796875000e+02, y_e: -1.4251759338378906e+02, z_r: -8.5072033691406250e+02, z_e: -8.5066973876953125e+02

#ERR p: [49363], ea: 4, v_r: 6.8025299072265625e+02, v_e: 6.8031134033203125e+02, x_r: -6.1038342285156250e+02, x_e: -6.1039697265625000e+02, y_r: -4.9638833618164062e+02, y_e: -4.9574197387695312e+02, z_r: -6.2804962158203125e+02, z_e: -6.2811059570312500e+02

#ERR p: [49364], ea: 4, v_r: 9.2306414794921875e+02, v_e: 9.2314001464843750e+02, x_r: -2.9697763061523438e+02, x_e: -2.9694180297851562e+02, y_r: -6.7335681152343750e+02, y_e: -6.7241253662109375e+02, z_r: 2.1203277587890625e+02, z_e: 2.1204748535156250e+02

#ERR p: [49365], ea: 4, v_r: 1.2192430419921875e+03, v_e: 1.2192028808593750e+03, x_r: 7.7669042968750000e+02, x_e: 7.7668585205078125e+02, y_r: 4.4650497436523438e+01, y_e: 4.6032142639160156e+01, z_r: 4.6512187957763672e+01, z_e: 4.6595870971679688e+01

#ERR p: [49366], ea: 4, v_r: 5.9229028320312500e+02, v_e: 5.9235430908203125e+02, x_r: 3.6924121856689453e+01, x_e: 3.6925056457519531e+01, y_r: -5.4645513916015625e+02, y_e: -5.4590447998046875e+02, z_r: -5.4694897460937500e+02, z_e: -5.4699975585937500e+02

#ERR p: [49367], ea: 4, v_r: 9.2456652832031250e+02, v_e: 9.2453729248046875e+02, x_r: -1.2075069427490234e+02, x_e: -1.2066550445556641e+02, y_r: 3.5016555786132812e+01, y_e: 3.6069885253906250e+01, z_r: 5.6835931396484375e+02, z_e: 5.6837310791015625e+02

#ERR p: [49368], ea: 4, v_r: 9.7944580078125000e+02, v_e: 9.7937066650390625e+02, x_r: -6.9210632324218750e+02, x_e: -6.9194885253906250e+02, y_r: 4.1287683105468750e+02, y_e: 4.1392523193359375e+02, z_r: -1.5063925170898438e+02, z_e: -1.5058602905273438e+02

#ERR p: [49369], ea: 4, v_r: 1.3623208007812500e+03, v_e: 1.3621302490234375e+03, x_r: 1.1280633544921875e+03, x_e: 1.1279155273437500e+03, y_r: 1.0944890136718750e+03, y_e: 1.0958902587890625e+03, z_r: -7.3228649902343750e+02, z_e: -7.3202124023437500e+02

#ERR p: [49370], ea: 4, v_r: 7.2315423583984375e+02, v_e: 7.2313592529296875e+02, x_r: 1.8304379272460938e+02, x_e: 1.8305036926269531e+02, y_r: 2.6284498214721680e+01, y_e: 2.7070024490356445e+01, z_r: -5.2824328613281250e+02, z_e: -5.2818267822265625e+02

#ERR p: [49371], ea: 4, v_r: 9.2384417724609375e+02, v_e: 9.2386413574218750e+02, x_r: 2.3426695251464844e+02, x_e: 2.3432067871093750e+02, y_r: -3.1978759765625000e+02, y_e: -3.1874728393554688e+02, z_r: 5.6762829589843750e+02, z_e: 5.6766973876953125e+02

#ERR p: [49372], ea: 4, v_r: 1.1098381347656250e+03, v_e: 1.1098073730468750e+03, x_r: 6.7985893249511719e+01, x_e: 6.8028854370117188e+01, y_r: 4.0949424743652344e+01, y_e: 4.2169723510742188e+01, z_r: -3.8424322509765625e+02, z_e: -3.8417211914062500e+02

#ERR p: [49373], ea: 4, v_r: 9.3353802490234375e+02, v_e: 9.3344342041015625e+02, x_r: -8.3895037841796875e+02, x_e: -8.3874932861328125e+02, y_r: 5.7282025146484375e+02, y_e: 5.7379254150390625e+02, z_r: -1.4345768737792969e+02, z_e: -1.4340144348144531e+02

#ERR p: [49374], ea: 4, v_r: 8.3482421875000000e+02, v_e: 8.3482159423828125e+02, x_r: 6.9220562744140625e+02, x_e: 6.9219812011718750e+02, y_r: -1.2990065002441406e+02, y_e: -1.2896345520019531e+02, z_r: -1.2871199035644531e+02, z_e: -1.2865368652343750e+02

#ERR p: [49375], ea: 4, v_r: 9.9956481933593750e+02, v_e: 9.9961364746093750e+02, x_r: 8.2923681640625000e+02, x_e: 8.2928076171875000e+02, y_r: -5.3847406005859375e+02, y_e: -5.3737060546875000e+02, z_r: 4.2183422851562500e+02, z_e: 4.2190103149414062e+02

#ERR p: [49376], ea: 4, v_r: 8.0594244384765625e+02, v_e: 8.0596844482421875e+02, x_r: -5.6888043212890625e+02, x_e: -5.6883630371093750e+02, y_r: -2.7879595947265625e+02, y_e: -2.7794812011718750e+02, z_r: -2.7929153442382812e+02, z_e: -2.7929409790039062e+02

#ERR p: [49377], ea: 4, v_r: 1.3629410400390625e+03, v_e: 1.3627801513671875e+03, x_r: -1.7872726440429688e+02, x_e: -1.7856463623046875e+02, y_r: 8.3612841796875000e+02, y_e: 8.3761437988281250e+02, z_r: 8.3845855712890625e+02, z_e: 8.3844244384765625e+02

#ERR p: [49378], ea: 4, v_r: 1.1467354736328125e+03, v_e: 1.1467984619140625e+03, x_r: -3.6921661376953125e+02, x_e: -3.6913015747070312e+02, y_r: -6.1609515380859375e+02, y_e: -6.1484661865234375e+02, z_r: 9.2491467285156250e+02, z_e: 9.2496295166015625e+02

#ERR p: [49379], ea: 4, v_r: 7.9664526367187500e+02, v_e: 7.9653668212890625e+02, x_r: 3.5383807373046875e+02, x_e: 3.5381005859375000e+02, y_r: 6.4021569824218750e+02, y_e: 6.4102111816406250e+02, z_r: -5.8133807373046875e+02, z_e: -5.8117138671875000e+02

#ERR p: [49380], ea: 4, v_r: 1.1613046875000000e+03, v_e: 1.1612968750000000e+03, x_r: 2.9426477050781250e+02, x_e: 2.9432971191406250e+02, y_r: -1.7921987915039062e+02, y_e: -1.7789202880859375e+02, z_r: 7.1371130371093750e+02, z_e: 7.1375311279296875e+02

#ERR p: [49381], ea: 4, v_r: 8.0584387207031250e+02, v_e: 8.0588555908203125e+02, x_r: 4.9851425170898438e+01, x_e: 4.9896690368652344e+01, y_r: -4.3348168945312500e+02, y_e: -4.3260888671875000e+02, z_r: 3.4009994506835938e+02, z_e: 3.4013211059570312e+02

#ERR p: [49382], ea: 4, v_r: 7.1257983398437500e+02, v_e: 7.1263806152343750e+02, x_r: 1.8100396728515625e+02, x_e: 1.8101504516601562e+02, y_r: -5.2082189941406250e+02, y_e: -5.2011419677734375e+02, z_r: -5.2100769042968750e+02, z_e: -5.2103021240234375e+02

#ERR p: [49383], ea: 4, v_r: 6.2265649414062500e+02, v_e: 6.2272387695312500e+02, x_r: 3.8817211151123047e+01, x_e: 3.8818195343017578e+01, y_r: -5.7447277832031250e+02, y_e: -5.7389404296875000e+02, z_r: -5.7499188232421875e+02, z_e: -5.7504528808593750e+02

#ERR p: [49384], ea: 4, v_r: 9.7931146240234375e+02, v_e: 9.7925030517578125e+02, x_r: 5.9851390838623047e+01, x_e: 5.9926509857177734e+01, y_r: 2.2479367065429688e+02, y_e: 2.2590925598144531e+02, z_r: 6.0216601562500000e+02, z_e: 6.0217779541015625e+02

#ERR p: [49385], ea: 4, v_r: 7.5218218994140625e+02, v_e: 7.5208044433593750e+02, x_r: -9.8883255004882812e+01, x_e: -9.8818962097167969e+01, y_r: 6.0507733154296875e+02, y_e: 6.0583294677734375e+02, z_r: -4.0446539306640625e+02, z_e: -4.0434439086914062e+02

#ERR p: [49386], ea: 4, v_r: 7.6249963378906250e+02, v_e: 7.6256256103515625e+02, x_r: -2.4534992980957031e+02, x_e: -2.4530883789062500e+02, y_r: -5.5601165771484375e+02, y_e: -5.5521850585937500e+02, z_r: 4.6829925537109375e+02, z_e: 4.6833172607421875e+02

#ERR p: [49387], ea: 4, v_r: 8.8642749023437500e+02, v_e: 8.8652880859375000e+02, x_r: -7.9528302001953125e+02, x_e: -7.9529498291015625e+02, y_r: -8.1623669433593750e+02, y_e: -8.1539953613281250e+02, z_r: 3.3180065155029297e+01, z_e: 3.3155395507812500e+01

#ERR p: [49388], ea: 4, v_r: 8.2852954101562500e+02, v_e: 8.2854888916015625e+02, x_r: 2.1010243225097656e+02, x_e: 2.1013920593261719e+02, y_r: -2.8705822753906250e+02, y_e: -2.8614016723632812e+02, z_r: 1.9054754638671875e+02, z_e: 1.9058212280273438e+02

#ERR p: [49389], ea: 4, v_r: 1.2557596435546875e+03, v_e: 1.2557152099609375e+03, x_r: 5.5896386718750000e+02, x_e: 5.5899816894531250e+02, y_r: 4.6663433074951172e+01, y_e: 4.8102207183837891e+01, z_r: 5.3058209228515625e+02, z_e: 5.3063677978515625e+02

#ERR p: [49390], ea: 4, v_r: 9.9968792724609375e+02, v_e: 9.9957354736328125e+02, x_r: 2.5248985290527344e+02, x_e: 2.5251191711425781e+02, y_r: 6.1226843261718750e+02, y_e: 6.1333502197265625e+02, z_r: -1.5349446105957031e+02, z_e: -1.5339035034179688e+02

#ERR p: [49391], ea: 4, v_r: 8.3194775390625000e+02, v_e: 8.3188885498046875e+02, x_r: -7.4753527832031250e+02, x_e: -7.4740173339843750e+02, y_r: 3.5049938964843750e+02, y_e: 3.5136349487304688e+02, z_r: -6.0754705810546875e+02, z_e: -6.0746722412109375e+02

#ERR p: [49392], ea: 4, v_r: 7.7165637207031250e+02, v_e: 7.7171984863281250e+02, x_r: -2.4825247192382812e+02, x_e: -2.4822824096679688e+02, y_r: -5.6301934814453125e+02, y_e: -5.6223693847656250e+02, z_r: 2.8940822601318359e+01, z_e: 2.8942790985107422e+01

#ERR p: [49393], ea: 4, v_r: 8.3448181152343750e+02, v_e: 8.3437200927734375e+02, x_r: -7.5005322265625000e+02, x_e: -7.4983374023437500e+02, y_r: 6.7240686035156250e+02, y_e: 6.7326025390625000e+02, z_r: 1.9263153076171875e+02, z_e: 1.9264558410644531e+02

#ERR p: [49394], ea: 4, v_r: 8.8013293457031250e+02, v_e: 8.8013946533203125e+02, x_r: -7.9031060791015625e+02, x_e: -7.9021319580078125e+02, y_r: -1.3511303710937500e+02, y_e: -1.3415150451660156e+02, z_r: 2.0257205200195312e+02, z_e: 2.0257453918457031e+02

#ERR p: [49395], ea: 4, v_r: 8.7034814453125000e+02, v_e: 8.7041918945312500e+02, x_r: 2.2107888793945312e+02, x_e: 2.2109240722656250e+02, y_r: -6.3613208007812500e+02, y_e: -6.3526757812500000e+02, z_r: -6.3635968017578125e+02, z_e: -6.3638720703125000e+02

#ERR p: [49396], ea: 4, v_r: 1.0751945800781250e+03, v_e: 1.0750445556640625e+03, x_r: -1.4128019714355469e+02, x_e: -1.4117326354980469e+02, y_r: 8.6526684570312500e+02, y_e: 8.6636370849609375e+02, z_r: -1.6497151184082031e+02, z_e: -1.6485978698730469e+02

#ERR p: [49397], ea: 4, v_r: 1.0435394287109375e+03, v_e: 1.0435360107421875e+03, x_r: -1.3610049438476562e+02, x_e: -1.3601358032226562e+02, y_r: -1.6066213989257812e+02, y_e: -1.5948007202148438e+02, z_r: 6.4134143066406250e+02, z_e: 6.4136596679687500e+02

#ERR p: [49398], ea: 4, v_r: 9.4864141845703125e+02, v_e: 9.4869244384765625e+02, x_r: -1.2334312438964844e+02, x_e: -1.2330158996582031e+02, y_r: -5.1039898681640625e+02, y_e: -5.0939407348632812e+02, z_r: 3.5708827972412109e+01, z_e: 3.5725578308105469e+01

#ERR p: [49399], ea: 4, v_r: 8.1996514892578125e+02, v_e: 8.1988189697265625e+02, x_r: -5.7959570312500000e+02, x_e: -5.7945654296875000e+02, y_r: 5.0273797607421875e+02, y_e: 5.0358084106445312e+02, z_r: -4.4111093139648438e+02, z_e: -4.4101852416992188e+02

#SDC Ite:1080 KerTime:1.194979 AccTime:1291.307007 KerErr:100 AccErr:343
#IT Ite:1090 KerTime:1.194836 AccTime:1303.255054
