#HEADER box:19 spaceElem:685900
#BEGIN Y:2015 M:11 D:20 Time:17:15:31
#IT Ite:0 KerTime:1.194287 AccTime:1.194287
#IT Ite:10 KerTime:1.193223 AccTime:13.127325
#IT Ite:20 KerTime:1.193448 AccTime:25.060478
#IT Ite:30 KerTime:1.193393 AccTime:36.993140
#IT Ite:40 KerTime:1.193359 AccTime:48.926468
#IT Ite:50 KerTime:1.194911 AccTime:60.863862
#IT Ite:60 KerTime:1.195125 AccTime:72.813517
#ERR p: [500467], ea: 1, v_r: 1.5327751464843750e+03, v_e: 1.5327751464843750e+03, x_r: -1.0923867187500000e+03, x_e: -1.0924179687500000e+03, y_r: 1.2261787109375000e+03, y_e: 1.2261787109375000e+03, z_r: -1.0751519775390625e+03, z_e: -1.0751519775390625e+03

#SDC Ite:66 KerTime:1.194844 AccTime:79.983003 KerErr:1 AccErr:1
#IT Ite:70 KerTime:1.194986 AccTime:84.761896
#IT Ite:80 KerTime:1.194962 AccTime:96.710428
#IT Ite:90 KerTime:1.194186 AccTime:108.657309
#IT Ite:100 KerTime:1.194950 AccTime:120.606195
#IT Ite:110 KerTime:1.195073 AccTime:132.554549
#IT Ite:120 KerTime:1.194755 AccTime:144.503564
#IT Ite:130 KerTime:1.194480 AccTime:156.451076
#IT Ite:140 KerTime:1.194490 AccTime:168.400957
#IT Ite:150 KerTime:1.195156 AccTime:180.350126
#IT Ite:160 KerTime:1.194970 AccTime:192.297171
#IT Ite:170 KerTime:1.195062 AccTime:204.244083
#IT Ite:180 KerTime:1.194042 AccTime:216.191842
#IT Ite:190 KerTime:1.194935 AccTime:228.138856
#IT Ite:200 KerTime:1.195317 AccTime:240.086783
#IT Ite:210 KerTime:1.194711 AccTime:252.034695
#IT Ite:220 KerTime:1.194927 AccTime:263.983631
#ERR p: [232851], ea: 1, v_r: 1.3556177978515625e+03, v_e: 1.3556021728515625e+03, x_r: 8.5338269042968750e+02, x_e: 8.5338269042968750e+02, y_r: 5.7463073730468750e+02, y_e: 5.7463073730468750e+02, z_r: -1.2694882812500000e+03, z_e: -1.2694882812500000e+03

#SDC Ite:227 KerTime:1.194999 AccTime:272.347142 KerErr:1 AccErr:2
#IT Ite:230 KerTime:1.194977 AccTime:275.931859
#IT Ite:240 KerTime:1.194701 AccTime:287.879573
#IT Ite:250 KerTime:1.194537 AccTime:299.828014
#IT Ite:260 KerTime:1.195205 AccTime:311.776741
#IT Ite:270 KerTime:1.195141 AccTime:323.724570
#ERR p: [313384], ea: 4, v_r: 1.0833164062500000e+03, v_e: 1.1257947998046875e+03, x_r: 8.7100891113281250e+02, x_e: 9.0449365234375000e+02, y_r: -1.4782214355468750e+02, y_e: -1.5390423583984375e+02, z_r: -7.8234637451171875e+02, z_e: -8.1071929931640625e+02

#ERR p: [313385], ea: 4, v_r: 1.4268564453125000e+03, v_e: 1.4822941894531250e+03, x_r: -1.0403500976562500e+03, x_e: -1.0814324951171875e+03, y_r: 9.0243298339843750e+02, y_e: 9.3694104003906250e+02, z_r: 3.3915029907226562e+02, z_e: 3.5576745605468750e+02

#ERR p: [313386], ea: 4, v_r: 8.1163769531250000e+02, v_e: 8.4340832519531250e+02, x_r: -5.9135949707031250e+02, x_e: -6.1491650390625000e+02, y_r: -2.6608792114257812e+02, y_e: -2.7689505004882812e+02, z_r: -7.4166284179687500e+02, z_e: -7.6891052246093750e+02

#ERR p: [313387], ea: 4, v_r: 1.2672020263671875e+03, v_e: 1.3162047119140625e+03, x_r: 4.7446170806884766e+01, x_e: 4.8364528656005859e+01, y_r: -6.5610418701171875e+02, y_e: -6.8200555419921875e+02, z_r: 1.0284344482421875e+03, z_e: 1.0713204345703125e+03

#SDC Ite:276 KerTime:1.195076 AccTime:330.893729 KerErr:4 AccErr:6
#IT Ite:280 KerTime:1.194676 AccTime:335.672941
#IT Ite:290 KerTime:1.194833 AccTime:347.620315
#IT Ite:300 KerTime:1.195020 AccTime:359.568735
#IT Ite:310 KerTime:1.194822 AccTime:371.518090
#IT Ite:320 KerTime:1.195389 AccTime:383.467582
#IT Ite:330 KerTime:1.194761 AccTime:395.416800
#IT Ite:340 KerTime:1.194665 AccTime:407.366339
#IT Ite:350 KerTime:1.194910 AccTime:419.314415
#IT Ite:360 KerTime:1.195074 AccTime:431.261290
#IT Ite:370 KerTime:1.194826 AccTime:443.210953
#IT Ite:380 KerTime:1.194697 AccTime:455.160129
#IT Ite:390 KerTime:1.194964 AccTime:467.107834
#IT Ite:400 KerTime:1.194958 AccTime:479.056345
#ERR p: [675568], ea: 4, v_r: 1.1499713134765625e+03, v_e: 1.2156466064453125e+03, x_r: -1.5015783691406250e+02, x_e: -1.5614857482910156e+02, y_r: 2.8608932495117188e+02, y_e: 3.0367239379882812e+02, z_r: 6.9868237304687500e+02, z_e: 7.4255786132812500e+02

#ERR p: [675569], ea: 4, v_r: 9.0839562988281250e+02, v_e: 9.6007897949218750e+02, x_r: 7.5246203613281250e+02, x_e: 7.9759851074218750e+02, y_r: 2.2573960876464844e+02, y_e: 2.3959968566894531e+02, z_r: 3.7791815185546875e+02, z_e: 4.0249191284179688e+02

#ERR p: [675570], ea: 4, v_r: 9.1292443847656250e+02, v_e: 9.6533239746093750e+02, x_r: 7.5575738525390625e+02, x_e: 8.0162042236328125e+02, y_r: 4.0210086059570312e+02, y_e: 4.2634164428710938e+02, z_r: -6.7087841796875000e+02, z_e: -7.0588745117187500e+02

#ERR p: [675571], ea: 4, v_r: 1.0293997802734375e+03, v_e: 1.0884661865234375e+03, x_r: 4.5749945068359375e+02, x_e: 4.8638900756835938e+02, y_r: 2.5620825195312500e+02, y_e: 2.7212579345703125e+02, z_r: -3.6170193481445312e+02, z_e: -3.7859692382812500e+02

#SDC Ite:403 KerTime:1.195061 AccTime:482.641483 KerErr:4 AccErr:10
#IT Ite:410 KerTime:1.194608 AccTime:491.005831
#IT Ite:420 KerTime:1.194197 AccTime:502.953629
#IT Ite:430 KerTime:1.194510 AccTime:514.899456
#IT Ite:440 KerTime:1.194759 AccTime:526.846473
#IT Ite:450 KerTime:1.194639 AccTime:538.794500
#ERR p: [64835], ea: 1, v_r: 1.7887149658203125e+03, v_e: 1.7887149658203125e+03, x_r: 1.4747991943359375e+03, x_e: 1.4748148193359375e+03, y_r: 1.4897906494140625e+03, y_e: 1.4897906494140625e+03, z_r: -1.2790402832031250e+03, z_e: -1.2790402832031250e+03

#SDC Ite:457 KerTime:1.194966 AccTime:547.157990 KerErr:1 AccErr:11
#IT Ite:460 KerTime:1.194650 AccTime:550.741164
#IT Ite:470 KerTime:1.194643 AccTime:562.689042
#IT Ite:480 KerTime:1.194811 AccTime:574.636761
#IT Ite:490 KerTime:1.194519 AccTime:586.583148
#IT Ite:500 KerTime:1.194734 AccTime:598.531444
#IT Ite:510 KerTime:1.194892 AccTime:610.480106
#IT Ite:520 KerTime:1.195218 AccTime:622.427799
#IT Ite:530 KerTime:1.195003 AccTime:634.375950
#IT Ite:540 KerTime:1.193356 AccTime:646.323660
#ERR p: [414007], ea: 4, v_r: 1.5300583496093750e+03, v_e: 1.5299919433593750e+03, x_r: -5.2022772216796875e+02, x_e: -5.2016882324218750e+02, y_r: 3.3146826171875000e+02, y_e: 3.3152859497070312e+02, z_r: -7.8234777832031250e+02, z_e: -7.8227947998046875e+02

#ERR p: [414071], ea: 4, v_r: 1.6979516601562500e+03, v_e: 1.6977215576171875e+03, x_r: 4.0036779785156250e+02, x_e: 4.0038848876953125e+02, y_r: 1.3433953857421875e+03, y_e: 1.3433334960937500e+03, z_r: -5.4631469726562500e+02, z_e: -5.4618542480468750e+02

#SDC Ite:542 KerTime:1.195176 AccTime:648.713451 KerErr:2 AccErr:13
#IT Ite:550 KerTime:1.194673 AccTime:658.270045
#IT Ite:560 KerTime:1.194438 AccTime:670.216944
#IT Ite:570 KerTime:1.194452 AccTime:682.165103
#IT Ite:580 KerTime:1.195022 AccTime:694.112303
#IT Ite:590 KerTime:1.194607 AccTime:706.059912
#IT Ite:600 KerTime:1.195070 AccTime:718.009635
#IT Ite:610 KerTime:1.194944 AccTime:729.957930
#IT Ite:620 KerTime:1.194103 AccTime:741.903434
#ERR p: [262811], ea: 1, v_r: 1.1302083740234375e+03, v_e: 1.1302083740234375e+03, x_r: 2.9367483520507812e+02, x_e: 2.9367483520507812e+02, y_r: -1.0204158935546875e+03, y_e: -1.0194158935546875e+03, z_r: -3.8391287231445312e+02, z_e: -3.8391287231445312e+02

#SDC Ite:628 KerTime:1.194874 AccTime:751.461727 KerErr:1 AccErr:14
#IT Ite:630 KerTime:1.194975 AccTime:753.851361
#IT Ite:640 KerTime:1.194689 AccTime:765.798300
#ERR p: [617200], ea: 3, v_r: 1.4687510986328125e+03, v_e: 1.4687507324218750e+03, x_r: 6.3600213623046875e+02, x_e: 6.3600225830078125e+02, y_r: 6.7295227050781250e+02, y_e: 6.7295227050781250e+02, z_r: 6.4935583496093750e+02, z_e: 6.4935589599609375e+02

#ERR p: [617201], ea: 2, v_r: 1.4014291992187500e+03, v_e: 1.4014289550781250e+03, x_r: 1.1453164062500000e+03, x_e: 1.1453164062500000e+03, y_r: -1.6463221740722656e+02, y_e: -1.6463203430175781e+02, z_r: 8.8722137451171875e+02, z_e: 8.8722137451171875e+02

#ERR p: [617202], ea: 3, v_r: 1.7082590332031250e+03, v_e: 1.7082586669921875e+03, x_r: -1.2256494140625000e+03, x_e: -1.2256488037109375e+03, y_r: 1.3012065124511719e+02, y_e: 1.3012080383300781e+02, z_r: 1.0839077148437500e+03, z_e: 1.0839077148437500e+03

#ERR p: [617203], ea: 3, v_r: 1.1705574951171875e+03, v_e: 1.1705572509765625e+03, x_r: -8.3957806396484375e+02, x_e: -8.3957769775390625e+02, y_r: -1.3532865905761719e+02, y_e: -1.3532850646972656e+02, z_r: 7.4254168701171875e+02, z_e: 7.4254168701171875e+02

#ERR p: [617204], ea: 4, v_r: 1.2286512451171875e+03, v_e: 1.2286508789062500e+03, x_r: -4.0996014404296875e+02, x_e: -4.0995983886718750e+02, y_r: 7.9852673339843750e+02, y_e: 7.9852667236328125e+02, z_r: -6.3379168701171875e+02, z_e: -6.3379144287109375e+02

#ERR p: [617205], ea: 2, v_r: 1.7707316894531250e+03, v_e: 1.7707312011718750e+03, x_r: 1.1057857666015625e+03, x_e: 1.1057858886718750e+03, y_r: 1.1508874511718750e+03, y_e: 1.1508874511718750e+03, z_r: 1.1225355224609375e+03, z_e: 1.1225355224609375e+03

#ERR p: [617206], ea: 3, v_r: 1.5426193847656250e+03, v_e: 1.5426190185546875e+03, x_r: -5.1486547851562500e+02, x_e: -5.1486505126953125e+02, y_r: 7.0735705566406250e+02, y_e: 7.0735705566406250e+02, z_r: -2.0448413085937500e+02, z_e: -2.0448388671875000e+02

#ERR p: [617207], ea: 3, v_r: 1.1936722412109375e+03, v_e: 1.1936719970703125e+03, x_r: -6.2714898681640625e+02, x_e: -6.2714862060546875e+02, y_r: 5.4739733886718750e+02, y_e: 5.4739733886718750e+02, z_r: -3.8692037963867188e+02, z_e: -3.8692013549804688e+02

#ERR p: [617208], ea: 4, v_r: 1.3635288085937500e+03, v_e: 1.3635285644531250e+03, x_r: -1.9104722595214844e+02, x_e: -1.9104695129394531e+02, y_r: -6.8335375976562500e+02, y_e: -6.8335339355468750e+02, z_r: -1.2280880126953125e+03, z_e: -1.2280876464843750e+03

#ERR p: [617209], ea: 4, v_r: 1.2518284912109375e+03, v_e: 1.2518282470703125e+03, x_r: 3.0457534790039062e+02, x_e: 3.0457550048828125e+02, y_r: -1.1071647949218750e+03, y_e: -1.1071643066406250e+03, z_r: -1.6806289672851562e+02, z_e: -1.6806268310546875e+02

#ERR p: [617210], ea: 4, v_r: 1.1523406982421875e+03, v_e: 1.1523404541015625e+03, x_r: 5.7693790435791016e+01, x_e: 5.7693996429443359e+01, y_r: -1.3449812316894531e+02, y_e: -1.3449797058105469e+02, z_r: 5.0924017333984375e+02, z_e: 5.0924023437500000e+02

#ERR p: [617211], ea: 4, v_r: 1.1281356201171875e+03, v_e: 1.1281353759765625e+03, x_r: -8.0872412109375000e+02, x_e: -8.0872381591796875e+02, y_r: 8.5149154663085938e+01, y_e: 8.5149246215820312e+01, z_r: -1.4960478210449219e+02, z_e: -1.4960459899902344e+02

#ERR p: [617212], ea: 4, v_r: 1.2997014160156250e+03, v_e: 1.2997010498046875e+03, x_r: 6.5102783203125000e+01, x_e: 6.5103012084960938e+01, y_r: 3.4610711669921875e+02, y_e: 3.4610717773437500e+02, z_r: -1.7295942687988281e+02, z_e: -1.7295919799804688e+02

#ERR p: [617213], ea: 3, v_r: 1.3421540527343750e+03, v_e: 1.3421536865234375e+03, x_r: 3.2504684448242188e+02, x_e: 3.2504702758789062e+02, y_r: -6.7152795410156250e+02, y_e: -6.7152764892578125e+02, z_r: 8.4994006347656250e+02, z_e: 8.4994006347656250e+02

#ERR p: [617214], ea: 2, v_r: 1.9455268554687500e+03, v_e: 1.9455263671875000e+03, x_r: 1.5895388183593750e+03, x_e: 1.5895388183593750e+03, y_r: 1.4457138061523438e+02, y_e: 1.4457157897949219e+02, z_r: 1.2319969482421875e+03, z_e: 1.2319969482421875e+03

#ERR p: [617215], ea: 4, v_r: 1.1729616699218750e+03, v_e: 1.1729614257812500e+03, x_r: -6.1459185791015625e+02, x_e: -6.1459149169921875e+02, y_r: -8.1158581542968750e+02, y_e: -8.1158557128906250e+02, z_r: -3.8146817016601562e+02, z_e: -3.8146795654296875e+02

#ERR p: [617216], ea: 4, v_r: 1.0811604003906250e+03, v_e: 1.0811601562500000e+03, x_r: 5.4912628173828125e+01, x_e: 5.4912811279296875e+01, y_r: -3.3405123901367188e+02, y_e: -3.3405105590820312e+02, z_r: -1.4445538330078125e+02, z_e: -1.4445520019531250e+02

#ERR p: [617217], ea: 4, v_r: 1.7192303466796875e+03, v_e: 1.7192299804687500e+03, x_r: 8.5497489929199219e+01, x_e: 8.5497787475585938e+01, y_r: 1.4462940673828125e+03, y_e: 1.4462939453125000e+03, z_r: -8.8706268310546875e+02, z_e: -8.8706219482421875e+02

#ERR p: [617218], ea: 3, v_r: 2.1446623535156250e+03, v_e: 2.1446618652343750e+03, x_r: 1.0454428863525391e+02, x_e: 1.0454470062255859e+02, y_r: 1.8068055419921875e+03, y_e: 1.8068052978515625e+03, z_r: 1.3610217285156250e+03, z_e: 1.3610217285156250e+03

#ERR p: [617219], ea: 4, v_r: 1.2670949707031250e+03, v_e: 1.2670946044921875e+03, x_r: 5.5055572509765625e+02, x_e: 5.5055584716796875e+02, y_r: -6.3484472656250000e+02, y_e: -6.3484448242187500e+02, z_r: 7.3077117919921875e+01, z_e: 7.3077285766601562e+01

#ERR p: [617220], ea: 3, v_r: 1.7386585693359375e+03, v_e: 1.7386582031250000e+03, x_r: 1.4213723144531250e+03, x_e: 1.4213723144531250e+03, y_r: 1.4602952880859375e+03, y_e: 1.4602950439453125e+03, z_r: -1.5650301513671875e+03, z_e: -1.5650295410156250e+03

#ERR p: [617221], ea: 4, v_r: 1.4697039794921875e+03, v_e: 1.4697036132812500e+03, x_r: -4.9237145996093750e+02, x_e: -4.9237103271484375e+02, y_r: 1.2391373291015625e+03, y_e: 1.2391372070312500e+03, z_r: 1.2150412597656250e+03, z_e: 1.2150411376953125e+03

#ERR p: [617222], ea: 3, v_r: 1.7295577392578125e+03, v_e: 1.7295573730468750e+03, x_r: 4.1771572875976562e+02, x_e: 4.1771597290039062e+02, y_r: 7.9219946289062500e+02, y_e: 7.9219946289062500e+02, z_r: 1.0154621887207031e+02, z_e: 1.0154646301269531e+02

#ERR p: [617223], ea: 3, v_r: 9.9693029785156250e+02, v_e: 9.9693005371093750e+02, x_r: -9.0550909423828125e+02, x_e: -9.0550872802734375e+02, y_r: -6.8856414794921875e+02, y_e: -6.8856390380859375e+02, z_r: 6.3210461425781250e+02, z_e: 6.3210461425781250e+02

#ERR p: [617224], ea: 3, v_r: 1.4504693603515625e+03, v_e: 1.4504689941406250e+03, x_r: 3.5094287109375000e+02, x_e: 3.5094308471679688e+02, y_r: -4.4756304931640625e+02, y_e: -4.4756277465820312e+02, z_r: 9.1875115966796875e+02, z_e: 9.1875115966796875e+02

#ERR p: [617225], ea: 4, v_r: 1.3422950439453125e+03, v_e: 1.3422947998046875e+03, x_r: -1.8865441894531250e+02, x_e: -1.8865414428710938e+02, y_r: -9.2917553710937500e+02, y_e: -9.2917523193359375e+02, z_r: -1.7955929565429688e+02, z_e: -1.7955908203125000e+02

#ERR p: [617226], ea: 3, v_r: 1.0593328857421875e+03, v_e: 1.0593326416015625e+03, x_r: -9.6321014404296875e+02, x_e: -9.6320977783203125e+02, y_r: 8.0945281982421875e+01, y_e: 8.0945373535156250e+01, z_r: 6.7231628417968750e+02, z_e: 6.7231628417968750e+02

#ERR p: [617227], ea: 4, v_r: 1.0300620117187500e+03, v_e: 1.0300617675781250e+03, x_r: 4.4785351562500000e+02, x_e: 4.4785357666015625e+02, y_r: -3.1909567260742188e+02, y_e: -3.1909548950195312e+02, z_r: -5.3304150390625000e+02, z_e: -5.3304125976562500e+02

#ERR p: [617228], ea: 4, v_r: 1.0820762939453125e+03, v_e: 1.0820760498046875e+03, x_r: -1.5268765258789062e+02, x_e: -1.5268743896484375e+02, y_r: -5.4122210693359375e+02, y_e: -5.4122192382812500e+02, z_r: 2.7047601318359375e+02, z_e: 2.7047610473632812e+02

#ERR p: [617229], ea: 4, v_r: 1.0437070312500000e+03, v_e: 1.0437069091796875e+03, x_r: -3.4733862304687500e+02, x_e: -3.4733837890625000e+02, y_r: 7.7691452026367188e+01, y_e: 7.7691528320312500e+01, z_r: -7.3914227294921875e+02, z_e: -7.3914196777343750e+02

#ERR p: [617230], ea: 3, v_r: 1.6245119628906250e+03, v_e: 1.6245115966796875e+03, x_r: 8.1440742492675781e+01, x_e: 8.1441017150878906e+01, y_r: 1.0547025146484375e+03, y_e: 1.0547025146484375e+03, z_r: -1.1500184326171875e+03, z_e: -1.1500179443359375e+03

#ERR p: [617231], ea: 3, v_r: 1.1949353027343750e+03, v_e: 1.1949350585937500e+03, x_r: 9.7908013916015625e+02, x_e: 9.7908013916015625e+02, y_r: -1.0582166748046875e+03, y_e: -1.0582163085937500e+03, z_r: -8.4853155517578125e+02, z_e: -8.4853118896484375e+02

#ERR p: [617232], ea: 4, v_r: 1.0826414794921875e+03, v_e: 1.0826412353515625e+03, x_r: -3.6113259887695312e+02, x_e: -3.6113235473632812e+02, y_r: 9.1079516601562500e+02, y_e: 9.1079504394531250e+02, z_r: -9.7339147949218750e+02, z_e: -9.7339111328125000e+02

#ERR p: [617233], ea: 4, v_r: 8.6842846679687500e+02, v_e: 8.6842834472656250e+02, x_r: -4.5521969604492188e+02, x_e: -4.5521945190429688e+02, y_r: -1.0182400512695312e+02, y_e: -1.0182391357421875e+02, z_r: -7.8155139160156250e+02, z_e: -7.8155114746093750e+02

#ERR p: [617234], ea: 3, v_r: 1.6983293457031250e+03, v_e: 1.6983289794921875e+03, x_r: 1.3881757812500000e+03, x_e: 1.3881757812500000e+03, y_r: 1.1014375000000000e+03, y_e: 1.1014373779296875e+03, z_r: -8.7781909179687500e+02, z_e: -8.7781860351562500e+02

#ERR p: [617235], ea: 3, v_r: 1.2204401855468750e+03, v_e: 1.2204399414062500e+03, x_r: -4.0800573730468750e+02, x_e: -4.0800537109375000e+02, y_r: 3.2665930175781250e+02, y_e: 3.2665936279296875e+02, z_r: 1.0083215942382812e+03, z_e: 1.0083215942382812e+03

#ERR p: [617236], ea: 3, v_r: 1.0878770751953125e+03, v_e: 1.0878768310546875e+03, x_r: -7.8072564697265625e+02, x_e: -7.8072528076171875e+02, y_r: 4.9976998901367188e+02, y_e: 4.9976998901367188e+02, z_r: 2.7336624145507812e+02, z_e: 2.7336633300781250e+02

#ERR p: [617237], ea: 3, v_r: 1.5005472412109375e+03, v_e: 1.5005469970703125e+03, x_r: -5.0247650146484375e+02, x_e: -5.0247610473632812e+02, y_r: 1.2648608398437500e+03, y_e: 1.2648607177734375e+03, z_r: 9.5272662353515625e+02, z_e: 9.5272662353515625e+02

#ERR p: [617238], ea: 4, v_r: 2.1462639160156250e+03, v_e: 2.1462631835937500e+03, x_r: 1.3408891601562500e+03, x_e: 1.3408892822265625e+03, y_r: 1.8054161376953125e+03, y_e: 1.8054160156250000e+03, z_r: 1.2613713836669922e+02, z_e: 1.2613744354248047e+02

#ERR p: [617239], ea: 4, v_r: 1.1356390380859375e+03, v_e: 1.1356387939453125e+03, x_r: -8.1455664062500000e+02, x_e: -8.1455627441406250e+02, y_r: 3.0370257568359375e+02, y_e: 3.0370260620117188e+02, z_r: 6.7379272460937500e+01, z_e: 6.7379409790039062e+01

#ERR p: [617240], ea: 2, v_r: 1.6589694824218750e+03, v_e: 1.6589691162109375e+03, x_r: 1.0372009277343750e+03, x_e: 1.0372009277343750e+03, y_r: 7.5910852050781250e+02, y_e: 7.5910852050781250e+02, z_r: 9.6844566345214844e+01, z_e: 9.6844810485839844e+01

#ERR p: [617241], ea: 4, v_r: 1.7540285644531250e+03, v_e: 1.7540281982421875e+03, x_r: -2.4887020874023438e+02, x_e: -2.4886981201171875e+02, y_r: 4.6783026123046875e+02, y_e: 4.6783035278320312e+02, z_r: 1.0323078155517578e+02, z_e: 1.0323101043701172e+02

#ERR p: [617242], ea: 4, v_r: 1.2607762451171875e+03, v_e: 1.2607760009765625e+03, x_r: 3.0633410644531250e+02, x_e: 3.0633428955078125e+02, y_r: -1.1147137451171875e+03, y_e: -1.1147133789062500e+03, z_r: 3.1436160278320312e+02, z_e: 3.1436169433593750e+02

#ERR p: [617243], ea: 4, v_r: 1.7598101806640625e+03, v_e: 1.7598098144531250e+03, x_r: 1.1018659667968750e+03, x_e: 1.1018660888671875e+03, y_r: 4.6639413452148438e+02, y_e: 4.6639419555664062e+02, z_r: -1.2474451904296875e+03, z_e: -1.2474447021484375e+03

#ERR p: [617244], ea: 3, v_r: 1.2548361816406250e+03, v_e: 1.2548358154296875e+03, x_r: -4.1990286254882812e+02, x_e: -4.1990252685546875e+02, y_r: 8.1702838134765625e+02, y_e: 8.1702832031250000e+02, z_r: 7.9648486328125000e+02, z_e: 7.9648486328125000e+02

#ERR p: [617245], ea: 3, v_r: 1.3979739990234375e+03, v_e: 1.3979737548828125e+03, x_r: 6.0544519042968750e+02, x_e: 6.0544531250000000e+02, y_r: 3.7264007568359375e+02, y_e: 3.7264013671875000e+02, z_r: 8.8595733642578125e+02, z_e: 8.8595733642578125e+02

#ERR p: [617246], ea: 4, v_r: 1.2740347900390625e+03, v_e: 1.2740345458984375e+03, x_r: 5.5298535156250000e+02, x_e: 5.5298547363281250e+02, y_r: -1.4971882629394531e+02, y_e: -1.4971865844726562e+02, z_r: 7.3896850585937500e+01, z_e: 7.3897018432617188e+01

#ERR p: [617247], ea: 4, v_r: 9.4515917968750000e+02, v_e: 9.4515899658203125e+02, x_r: -4.9575942993164062e+02, x_e: -4.9575918579101562e+02, y_r: -4.7243890380859375e+02, y_e: -4.7243872070312500e+02, z_r: 5.5282215118408203e+01, z_e: 5.5282329559326172e+01

#ERR p: [617248], ea: 4, v_r: 1.3049998779296875e+03, v_e: 1.3049996337890625e+03, x_r: -6.8419476318359375e+02, x_e: -6.8419439697265625e+02, y_r: -9.0253887939453125e+02, y_e: -9.0253857421875000e+02, z_r: 7.6127639770507812e+01, z_e: 7.6127792358398438e+01

#ERR p: [617249], ea: 4, v_r: 1.1335638427734375e+03, v_e: 1.1335635986328125e+03, x_r: 4.9344241333007812e+02, x_e: 4.9344250488281250e+02, y_r: -1.0029990234375000e+03, y_e: -1.0029986572265625e+03, z_r: -3.6977551269531250e+02, z_e: -3.6977529907226562e+02

#ERR p: [617250], ea: 4, v_r: 1.2080616455078125e+03, v_e: 1.2080614013671875e+03, x_r: -6.3308300781250000e+02, x_e: -6.3308270263671875e+02, y_r: -1.0671405029296875e+03, y_e: -1.0671402587890625e+03, z_r: 7.0293830871582031e+01, z_e: 7.0293968200683594e+01

#ERR p: [617251], ea: 3, v_r: 1.6706224365234375e+03, v_e: 1.6706220703125000e+03, x_r: 4.0432867431640625e+02, x_e: 4.0432885742187500e+02, y_r: 7.6421911621093750e+02, y_e: 7.6421911621093750e+02, z_r: -8.6296856689453125e+02, z_e: -8.6296813964843750e+02

#ERR p: [617252], ea: 4, v_r: 8.9747247314453125e+02, v_e: 8.9747229003906250e+02, x_r: 3.9113693237304688e+02, x_e: 3.9113702392578125e+02, y_r: -7.9452276611328125e+02, y_e: -7.9452252197265625e+02, z_r: -8.0909313964843750e+02, z_e: -8.0909289550781250e+02

#ERR p: [617253], ea: 4, v_r: 1.5014449462890625e+03, v_e: 1.5014445800781250e+03, x_r: 9.3863134765625000e+02, x_e: 9.3863146972656250e+02, y_r: 9.7470422363281250e+02, y_e: 9.7470416259765625e+02, z_r: -1.9998356628417969e+02, z_e: -1.9998326110839844e+02

#ERR p: [617254], ea: 4, v_r: 1.1976225585937500e+03, v_e: 1.1976223144531250e+03, x_r: -1.6890139770507812e+02, x_e: -1.6890115356445312e+02, y_r: -8.2849127197265625e+02, y_e: -8.2849090576171875e+02, z_r: 5.2889093017578125e+02, z_e: 5.2889099121093750e+02

#ERR p: [617255], ea: 4, v_r: 9.1971179199218750e+02, v_e: 9.1971160888671875e+02, x_r: 4.7392066955566406e+01, x_e: 4.7392211914062500e+01, y_r: -4.6098095703125000e+02, y_e: -4.6098077392578125e+02, z_r: -6.5214794921875000e+02, z_e: -6.5214770507812500e+02

#ERR p: [617256], ea: 4, v_r: 1.2013795166015625e+03, v_e: 1.2013792724609375e+03, x_r: -4.0088287353515625e+02, x_e: -4.0088256835937500e+02, y_r: 3.2071176147460938e+02, y_e: 3.2071179199218750e+02, z_r: 7.0899291992187500e+01, z_e: 7.0899444580078125e+01

#ERR p: [617257], ea: 2, v_r: 2.1809084472656250e+03, v_e: 2.1809077148437500e+03, x_r: 1.7798902587890625e+03, x_e: 1.7798902587890625e+03, y_r: 1.8353612060546875e+03, y_e: 1.8353609619140625e+03, z_r: 1.3826149902343750e+03, z_e: 1.3826149902343750e+03

#ERR p: [617258], ea: 3, v_r: 1.7238995361328125e+03, v_e: 1.7238991699218750e+03, x_r: 1.4104162597656250e+03, x_e: 1.4104162597656250e+03, y_r: -5.3422723388671875e+02, y_e: -5.3422686767578125e+02, z_r: -2.3150338745117188e+02, z_e: -2.3150306701660156e+02

#ERR p: [617259], ea: 4, v_r: 1.4473380126953125e+03, v_e: 1.4473376464843750e+03, x_r: -7.6180047607421875e+02, x_e: -7.6180004882812500e+02, y_r: 1.2197838134765625e+03, y_e: 1.2197836914062500e+03, z_r: 3.6402490234375000e+02, z_e: 3.6402505493164062e+02

#ERR p: [617260], ea: 2, v_r: 1.4102648925781250e+03, v_e: 1.4102645263671875e+03, x_r: 1.1519025878906250e+03, x_e: 1.1519025878906250e+03, y_r: 3.7527542114257812e+02, y_e: 3.7527548217773438e+02, z_r: 8.9328369140625000e+02, z_e: 8.9328369140625000e+02

#ERR p: [617261], ea: 3, v_r: 1.8651154785156250e+03, v_e: 1.8651151123046875e+03, x_r: 8.0947131347656250e+02, x_e: 8.0947143554687500e+02, y_r: -9.3361456298828125e+02, y_e: -9.3361413574218750e+02, z_r: 1.1808134765625000e+03, z_e: 1.1808134765625000e+03

#ERR p: [617262], ea: 4, v_r: 1.3107327880859375e+03, v_e: 1.3107325439453125e+03, x_r: -4.3642080688476562e+02, x_e: -4.3642047119140625e+02, y_r: 9.7820075988769531e+01, y_e: 9.7820182800292969e+01, z_r: -6.7691815185546875e+02, z_e: -6.7691784667968750e+02

#ERR p: [617263], ea: 2, v_r: 1.4014291992187500e+03, v_e: 1.4014289550781250e+03, x_r: 1.1453164062500000e+03, x_e: 1.1453164062500000e+03, y_r: -1.6463221740722656e+02, y_e: -1.6463203430175781e+02, z_r: 8.8722137451171875e+02, z_e: 8.8722137451171875e+02

#ERR p: [617264], ea: 3, v_r: 1.2569329833984375e+03, v_e: 1.2569327392578125e+03, x_r: -6.5998730468750000e+02, x_e: -6.5998693847656250e+02, y_r: -3.8685830688476562e+02, y_e: -3.8685809326171875e+02, z_r: 5.5585455322265625e+02, z_e: 5.5585455322265625e+02

#ERR p: [617265], ea: 4, v_r: 1.3868212890625000e+03, v_e: 1.3868210449218750e+03, x_r: -7.2841412353515625e+02, x_e: -7.2841369628906250e+02, y_r: 1.0459207153320312e+02, y_e: 1.0459217834472656e+02, z_r: 8.1813079833984375e+01, z_e: 8.1813247680664062e+01

#ERR p: [617266], ea: 3, v_r: 1.4546058349609375e+03, v_e: 1.4546054687500000e+03, x_r: -1.0422650146484375e+03, x_e: -1.0422645263671875e+03, y_r: -1.0050261840820312e+03, y_e: -1.0050258178710938e+03, z_r: 9.2207537841796875e+02, z_e: 9.2207537841796875e+02

#ERR p: [617267], ea: 4, v_r: 1.3114870605468750e+03, v_e: 1.3114868164062500e+03, x_r: -1.1918884277343750e+03, x_e: -1.1918879394531250e+03, y_r: 9.9538879394531250e+01, y_e: 9.9538986206054688e+01, z_r: 7.7779060363769531e+01, z_e: 7.7779212951660156e+01

#ERR p: [617268], ea: 4, v_r: 1.3030798339843750e+03, v_e: 1.3030795898437500e+03, x_r: -4.3325659179687500e+02, x_e: -4.3325628662109375e+02, y_r: -4.0245574951171875e+02, y_e: -4.0245556640625000e+02, z_r: -6.7344311523437500e+02, z_e: -6.7344281005859375e+02

#ERR p: [617269], ea: 4, v_r: 1.6624157714843750e+03, v_e: 1.6624154052734375e+03, x_r: 7.2260375976562500e+02, x_e: 7.2260388183593750e+02, y_r: -8.3317529296875000e+02, y_e: -8.3317492675781250e+02, z_r: -2.2295062255859375e+02, z_e: -2.2295033264160156e+02

#ERR p: [617270], ea: 4, v_r: 1.5043256835937500e+03, v_e: 1.5043253173828125e+03, x_r: 6.5354748535156250e+02, x_e: 6.5354772949218750e+02, y_r: 3.9872427368164062e+02, y_e: 3.9872436523437500e+02, z_r: -1.3545319824218750e+03, z_e: -1.3545314941406250e+03

#ERR p: [617271], ea: 4, v_r: 9.8249426269531250e+02, v_e: 9.8249407958984375e+02, x_r: -5.1455920410156250e+02, x_e: -5.1455895996093750e+02, y_r: -8.6817639160156250e+02, y_e: -8.6817614746093750e+02, z_r: -3.1967755126953125e+02, z_e: -3.1967736816406250e+02

#ERR p: [617272], ea: 4, v_r: 9.3487036132812500e+02, v_e: 9.3487023925781250e+02, x_r: -1.3076712036132812e+02, x_e: -1.3076693725585938e+02, y_r: -6.4775122070312500e+02, y_e: -6.4775097656250000e+02, z_r: -8.4216931152343750e+02, z_e: -8.4216900634765625e+02

#ERR p: [617273], ea: 3, v_r: 1.3048260498046875e+03, v_e: 1.3048256835937500e+03, x_r: 8.1692388916015625e+02, x_e: 8.1692395019531250e+02, y_r: 5.9575170898437500e+02, y_e: 5.9575170898437500e+02, z_r: -1.1748565673828125e+03, z_e: -1.1748560791015625e+03

#ERR p: [617274], ea: 2, v_r: 2.0428338623046875e+03, v_e: 2.0428333740234375e+03, x_r: 1.6686953125000000e+03, x_e: 1.6686953125000000e+03, y_r: 1.3261049804687500e+03, y_e: 1.3261049804687500e+03, z_r: 1.1930046844482422e+02, z_e: 1.1930077362060547e+02

#ERR p: [617275], ea: 4, v_r: 1.3704523925781250e+03, v_e: 1.3704521484375000e+03, x_r: -4.5555749511718750e+02, x_e: -4.5555718994140625e+02, y_r: -6.8579272460937500e+02, y_e: -6.8579248046875000e+02, z_r: -4.4569641113281250e+02, z_e: -4.4569610595703125e+02

#ERR p: [617276], ea: 3, v_r: 1.5569310302734375e+03, v_e: 1.5569306640625000e+03, x_r: 6.7368218994140625e+02, x_e: 6.7368231201171875e+02, y_r: 7.1391192626953125e+02, y_e: 7.1391192626953125e+02, z_r: 1.2856242675781250e+03, z_e: 1.2856241455078125e+03

#ERR p: [617277], ea: 3, v_r: 1.6613071289062500e+03, v_e: 1.6613066406250000e+03, x_r: 1.3578834228515625e+03, x_e: 1.3578834228515625e+03, y_r: 1.2288533782958984e+02, y_e: 1.2288549041748047e+02, z_r: 4.1470498657226562e+02, z_e: 4.1470513916015625e+02

#ERR p: [617278], ea: 4, v_r: 1.3184285888671875e+03, v_e: 1.3184282226562500e+03, x_r: -1.8810450744628906e+02, x_e: -1.8810420227050781e+02, y_r: 8.5787860107421875e+02, y_e: 8.5787847900390625e+02, z_r: 5.8377679443359375e+02, z_e: 5.8377685546875000e+02

#ERR p: [617279], ea: 3, v_r: 1.2721992187500000e+03, v_e: 1.2721989746093750e+03, x_r: 1.0414998779296875e+03, x_e: 1.0414998779296875e+03, y_r: -1.1258677978515625e+03, y_e: -1.1258674316406250e+03, z_r: 7.2554656982421875e+01, z_e: 7.2554824829101562e+01

#ERR p: [617280], ea: 4, v_r: 1.1865159912109375e+03, v_e: 1.1865157470703125e+03, x_r: -3.9514416503906250e+02, x_e: -3.9514392089843750e+02, y_r: 3.1583102416992188e+02, y_e: 3.1583105468750000e+02, z_r: -8.4004431152343750e+02, z_e: -8.4004400634765625e+02

#ERR p: [617281], ea: 4, v_r: 1.3586293945312500e+03, v_e: 1.3586291503906250e+03, x_r: 6.8780952453613281e+01, x_e: 6.8781181335449219e+01, y_r: -4.1955700683593750e+02, y_e: -4.1955676269531250e+02, z_r: 7.9027221679687500e+01, z_e: 7.9027404785156250e+01

#ERR p: [617282], ea: 3, v_r: 1.1973773193359375e+03, v_e: 1.1973770751953125e+03, x_r: -6.2861358642578125e+02, x_e: -6.2861328125000000e+02, y_r: -5.9796618652343750e+02, y_e: -5.9796594238281250e+02, z_r: 7.5900897216796875e+02, z_e: 7.5900897216796875e+02

#ERR p: [617283], ea: 4, v_r: 1.2206784667968750e+03, v_e: 1.2206782226562500e+03, x_r: -1.7213572692871094e+02, x_e: -1.7213546752929688e+02, y_r: -3.7687268066406250e+02, y_e: -3.7687249755859375e+02, z_r: -1.6289526367187500e+02, z_e: -1.6289508056640625e+02

#ERR p: [617284], ea: 4, v_r: 1.5541535644531250e+03, v_e: 1.5541531982421875e+03, x_r: -5.1909051513671875e+02, x_e: -5.1909014892578125e+02, y_r: 4.1544543457031250e+02, y_e: 4.1544549560546875e+02, z_r: 6.8782788085937500e+02, z_e: 6.8782794189453125e+02

#ERR p: [617285], ea: 4, v_r: 1.2827239990234375e+03, v_e: 1.2827237548828125e+03, x_r: -9.1974676513671875e+02, x_e: -9.1974627685546875e+02, y_r: 9.7047576904296875e+01, y_e: 9.7047683715820312e+01, z_r: 7.5874076843261719e+01, z_e: 7.5874229431152344e+01

#ERR p: [617286], ea: 4, v_r: 1.1874310302734375e+03, v_e: 1.1874307861328125e+03, x_r: -1.6716763305664062e+02, x_e: -1.6716738891601562e+02, y_r: -5.9429211425781250e+02, y_e: -5.9429187011718750e+02, z_r: -1.5865443420410156e+02, z_e: -1.5865423583984375e+02

#ERR p: [617287], ea: 4, v_r: 1.2941370849609375e+03, v_e: 1.2941368408203125e+03, x_r: -1.8344613647460938e+02, x_e: -1.8344587707519531e+02, y_r: 1.0884207763671875e+03, y_e: 1.0884206542968750e+03, z_r: -1.1637637939453125e+03, z_e: -1.1637634277343750e+03

#ERR p: [617288], ea: 4, v_r: 1.0828731689453125e+03, v_e: 1.0828729248046875e+03, x_r: 4.7081604003906250e+02, x_e: 4.7081610107421875e+02, y_r: -3.3545541381835938e+02, y_e: -3.3545523071289062e+02, z_r: -5.6037139892578125e+02, z_e: -5.6037115478515625e+02

#ERR p: [617289], ea: 3, v_r: 1.3694803466796875e+03, v_e: 1.3694799804687500e+03, x_r: 5.9441021728515625e+02, x_e: 5.9441033935546875e+02, y_r: 6.2586932373046875e+02, y_e: 6.2586932373046875e+02, z_r: -9.7024218750000000e+02, z_e: -9.7024176025390625e+02

#ERR p: [617290], ea: 4, v_r: 9.4634204101562500e+02, v_e: 9.4634191894531250e+02, x_r: -4.9630303955078125e+02, x_e: -4.9630279541015625e+02, y_r: -6.5435009765625000e+02, y_e: -6.5434985351562500e+02, z_r: 2.3670520019531250e+02, z_e: 2.3670527648925781e+02

#ERR p: [617291], ea: 4, v_r: 1.1321918945312500e+03, v_e: 1.1321916503906250e+03, x_r: 4.9265252685546875e+02, x_e: 4.9265261840820312e+02, y_r: -3.5114166259765625e+02, y_e: -3.5114147949218750e+02, z_r: -1.0201095581054688e+03, z_e: -1.0201091918945312e+03

#ERR p: [617292], ea: 3, v_r: 2.0582343750000000e+03, v_e: 2.0582338867187500e+03, x_r: 1.6804693603515625e+03, x_e: 1.6804693603515625e+03, y_r: 1.7313195800781250e+03, y_e: 1.7313193359375000e+03, z_r: 5.1532757568359375e+02, z_e: 5.1532775878906250e+02

#ERR p: [617293], ea: 3, v_r: 1.8094769287109375e+03, v_e: 1.8094764404296875e+03, x_r: 9.0728195190429688e+01, x_e: 9.0728515625000000e+01, y_r: -5.5791937255859375e+02, y_e: -5.5791900634765625e+02, z_r: 1.1464388427734375e+03, z_e: 1.1464388427734375e+03

#ERR p: [617294], ea: 4, v_r: 1.5801369628906250e+03, v_e: 1.5801367187500000e+03, x_r: 8.0105735778808594e+01, x_e: 8.0106010437011719e+01, y_r: -7.9070947265625000e+02, y_e: -7.9070910644531250e+02, z_r: 3.9471652221679688e+02, z_e: 3.9471664428710938e+02

#ERR p: [617295], ea: 4, v_r: 1.5691574707031250e+03, v_e: 1.5691571044921875e+03, x_r: -5.2304943847656250e+02, x_e: -5.2304901123046875e+02, y_r: 1.0191560668945312e+03, y_e: 1.0191560058593750e+03, z_r: -1.4111561279296875e+03, z_e: -1.4111555175781250e+03

#ERR p: [617296], ea: 3, v_r: 1.3527119140625000e+03, v_e: 1.3527116699218750e+03, x_r: -9.6958020019531250e+02, x_e: -9.6957983398437500e+02, y_r: -6.7521563720703125e+02, y_e: -6.7521539306640625e+02, z_r: 8.5767962646484375e+02, z_e: 8.5767962646484375e+02

#ERR p: [617297], ea: 4, v_r: 1.3214349365234375e+03, v_e: 1.3214346923828125e+03, x_r: -9.4956512451171875e+02, x_e: -9.4956469726562500e+02, y_r: 1.1147543945312500e+03, y_e: 1.1147541503906250e+03, z_r: 1.0928581542968750e+03, z_e: 1.0928579101562500e+03

#ERR p: [617298], ea: 4, v_r: 1.3482720947265625e+03, v_e: 1.3482717285156250e+03, x_r: -4.4923858642578125e+02, x_e: -4.4923825073242188e+02, y_r: 3.5915542602539062e+02, y_e: 3.5915548706054688e+02, z_r: -6.9604376220703125e+02, z_e: -6.9604345703125000e+02

#ERR p: [617299], ea: 3, v_r: 1.8634733886718750e+03, v_e: 1.8634730224609375e+03, x_r: 1.5241831054687500e+03, x_e: 1.5241831054687500e+03, y_r: -2.2015875244140625e+02, y_e: -2.2015849304199219e+02, z_r: -2.4992611694335938e+02, z_e: -2.4992576599121094e+02

#SDC Ite:640 KerTime:1.194689 AccTime:765.798300 KerErr:100 AccErr:114
#IT Ite:650 KerTime:1.194736 AccTime:777.745346
#IT Ite:660 KerTime:1.194736 AccTime:789.693135
#IT Ite:670 KerTime:1.194558 AccTime:801.639474
#IT Ite:680 KerTime:1.194350 AccTime:813.586565
#IT Ite:690 KerTime:1.194838 AccTime:825.533428
#IT Ite:700 KerTime:1.195042 AccTime:837.479986
#ERR p: [27852], ea: 4, v_r: 1.4864190673828125e+03, v_e: 1.0555849609375000e+03, x_r: -7.7603692626953125e+02, x_e: 6.4787579345703125e+02, y_r: -2.2817607116699219e+02, y_e: -1.5540832519531250e+02, z_r: 3.5895883178710938e+02, z_e: -3.7057504272460938e+02

#ERR p: [60620], ea: 4, v_r: 1.6165194091796875e+03, v_e: 1.6614927978515625e+03, x_r: -8.4813873291015625e+02, x_e: -8.7584509277343750e+02, y_r: -2.5308384704589844e+02, y_e: -2.5672796630859375e+02, z_r: 3.9526364135742188e+02, z_e: 4.0627145385742188e+02

#SDC Ite:704 KerTime:1.194487 AccTime:842.258533 KerErr:2 AccErr:116
#IT Ite:710 KerTime:1.193805 AccTime:849.425094
#IT Ite:720 KerTime:1.194462 AccTime:861.373072
#IT Ite:730 KerTime:1.194900 AccTime:873.319313
#IT Ite:740 KerTime:1.194928 AccTime:885.268023
#IT Ite:750 KerTime:1.195165 AccTime:897.215983
#IT Ite:760 KerTime:1.194542 AccTime:909.163794
#IT Ite:770 KerTime:1.195282 AccTime:921.108781
#IT Ite:780 KerTime:1.194741 AccTime:933.056804
#ERR p: [271833], ea: 4, v_r: 1.5751408691406250e+03, v_e: 1.5960522460937500e+03, x_r: -5.3682592773437500e+02, x_e: -5.4568090820312500e+02, y_r: -2.1125280761718750e+02, y_e: -2.0862139892578125e+02, z_r: -2.2815878295898438e+02, z_e: -2.3281976318359375e+02

#SDC Ite:789 KerTime:1.194511 AccTime:943.809110 KerErr:1 AccErr:117
#IT Ite:790 KerTime:1.194875 AccTime:945.003985
#IT Ite:800 KerTime:1.194438 AccTime:956.951634
#ERR p: [507201], ea: 1, v_r: 6.3918139648437500e+02, v_e: 6.3918139648437500e+02, x_r: 1.3921481323242188e+02, x_e: 1.3921481323242188e+02, y_r: -4.5316372680664062e+02, y_e: -4.5316372680664062e+02, z_r: -2.1104614257812500e+02, z_e: -2.1104612731933594e+02

#ERR p: [507202], ea: 1, v_r: 4.4919454956054688e+02, v_e: 4.4919454956054688e+02, x_r: -7.4372512817382812e+01, x_e: -7.4372512817382812e+01, y_r: -6.0207416534423828e+01, y_e: -6.0207424163818359e+01, z_r: -2.3441220092773438e+02, z_e: -2.3441220092773438e+02

#ERR p: [507205], ea: 1, v_r: 8.0905578613281250e+02, v_e: 8.0905578613281250e+02, x_r: 3.3325848388671875e+02, x_e: 3.3325848388671875e+02, y_r: 5.1273663330078125e+02, y_e: 5.1273657226562500e+02, z_r: 4.1857032775878906e+01, z_e: 4.1857032775878906e+01

#ERR p: [507209], ea: 1, v_r: 7.1231738281250000e+02, v_e: 7.1231738281250000e+02, x_r: 4.2926525878906250e+02, x_e: 4.2926525878906250e+02, y_r: -9.5109176635742188e+01, y_e: -9.5109191894531250e+01, z_r: 3.1001290893554688e+02, z_e: 3.1001290893554688e+02

#ERR p: [507210], ea: 1, v_r: 5.9402856445312500e+02, v_e: 5.9402856445312500e+02, x_r: -5.5406988525390625e+02, x_e: -5.5406988525390625e+02, y_r: 4.8941152954101562e+02, y_e: 4.8941149902343750e+02, z_r: -3.1018127441406250e+02, z_e: -3.1018127441406250e+02

#ERR p: [507211], ea: 1, v_r: 1.0356213378906250e+03, v_e: 1.0356213378906250e+03, x_r: 8.2488604736328125e+02, x_e: 8.2488604736328125e+02, y_r: 8.5542041015625000e+02, y_e: 8.5542034912109375e+02, z_r: 4.4991452026367188e+02, z_e: 4.4991452026367188e+02

#ERR p: [507213], ea: 1, v_r: 5.9418676757812500e+02, v_e: 5.9418676757812500e+02, x_r: 1.6064863204956055e+01, x_e: 1.6064867019653320e+01, y_r: 3.4580631256103516e+01, y_e: 3.4580631256103516e+01, z_r: -4.2400872802734375e+02, z_e: -4.2400872802734375e+02

#ERR p: [507215], ea: 2, v_r: 5.7679797363281250e+02, v_e: 5.7679797363281250e+02, x_r: -9.5484275817871094e+01, x_e: -9.5484260559082031e+01, y_r: 1.4353163146972656e+02, y_e: 1.4353161621093750e+02, z_r: 2.5114135742187500e+02, z_e: 2.5114135742187500e+02

#ERR p: [507216], ea: 1, v_r: 6.2942834472656250e+02, v_e: 6.2942828369140625e+02, x_r: -2.2418469238281250e+02, x_e: -2.2418469238281250e+02, y_r: 5.1921539306640625e+02, y_e: 5.1921539306640625e+02, z_r: -4.4935675048828125e+02, z_e: -4.4935675048828125e+02

#ERR p: [507219], ea: 1, v_r: 4.8909298706054688e+02, v_e: 4.8909298706054688e+02, x_r: -8.1157836914062500e+01, x_e: -8.1157836914062500e+01, y_r: -6.5775283813476562e+01, y_e: -6.5775283813476562e+01, z_r: 2.5750114440917969e+01, z_e: 2.5750118255615234e+01

#ERR p: [507222], ea: 2, v_r: 5.1870507812500000e+02, v_e: 5.1870501708984375e+02, x_r: 1.3320747375488281e+01, x_e: 1.3320749282836914e+01, y_r: -1.6924798583984375e+02, y_e: -1.6924798583984375e+02, z_r: 2.2602650451660156e+02, z_e: 2.2602650451660156e+02

#ERR p: [507226], ea: 1, v_r: 6.1258758544921875e+02, v_e: 6.1258758544921875e+02, x_r: 1.3350810241699219e+02, x_e: 1.3350810241699219e+02, y_r: -8.2371047973632812e+01, y_e: -8.2371063232421875e+01, z_r: 5.0147717285156250e+02, z_e: 5.0147717285156250e+02

#ERR p: [507227], ea: 1, v_r: 7.9280139160156250e+02, v_e: 7.9280139160156250e+02, x_r: 4.7829693603515625e+02, x_e: 4.7829693603515625e+02, y_r: -1.0532527160644531e+02, y_e: -1.0532528686523438e+02, z_r: -4.1413543701171875e+02, z_e: -4.1413543701171875e+02

#ERR p: [507230], ea: 1, v_r: 5.5822753906250000e+02, v_e: 5.5822753906250000e+02, x_r: -9.3434577941894531e+01, x_e: -9.3434562683105469e+01, y_r: -3.9664712524414062e+02, y_e: -3.9664712524414062e+02, z_r: 4.5738900756835938e+02, z_e: 4.5738900756835938e+02

#ERR p: [507239], ea: 1, v_r: 6.4900054931640625e+02, v_e: 6.4900054931640625e+02, x_r: 3.9181390380859375e+02, x_e: 3.9181390380859375e+02, y_r: 2.8691799926757812e+02, y_e: 2.8691796875000000e+02, z_r: 1.5788212585449219e+02, z_e: 1.5788212585449219e+02

#ERR p: [507243], ea: 1, v_r: 4.2516632080078125e+02, v_e: 4.2516632080078125e+02, x_r: 1.1127274513244629e+01, x_e: 1.1127276420593262e+01, y_r: -2.1988841247558594e+02, y_e: -2.1988841247558594e+02, z_r: -3.0321676635742188e+02, z_e: -3.0321676635742188e+02

#ERR p: [507247], ea: 1, v_r: 7.8493218994140625e+02, v_e: 7.8493218994140625e+02, x_r: -1.2977224731445312e+02, x_e: -1.2977224731445312e+02, y_r: 3.4578182983398438e+02, y_e: 3.4578179931640625e+02, z_r: 4.9200277709960938e+02, z_e: 4.9200277709960938e+02

#ERR p: [507254], ea: 1, v_r: 5.9765032958984375e+02, v_e: 5.9765032958984375e+02, x_r: -5.5850952148437500e+02, x_e: -5.5850952148437500e+02, y_r: 3.3226692199707031e+01, y_e: 3.3226688385009766e+01, z_r: 3.7505410766601562e+02, z_e: 3.7505410766601562e+02

#ERR p: [507257], ea: 1, v_r: 4.6831625366210938e+02, v_e: 4.6831625366210938e+02, x_r: -3.4775283813476562e+02, x_e: -3.4775283813476562e+02, y_r: -1.5315081787109375e+02, y_e: -1.5315081787109375e+02, z_r: -6.4788810729980469e+01, z_e: -6.4788795471191406e+01

#ERR p: [507258], ea: 2, v_r: 4.8323995971679688e+02, v_e: 4.8323995971679688e+02, x_r: 1.2785726547241211e+01, x_e: 1.2785728454589844e+01, y_r: -1.5724282836914062e+02, y_e: -1.5724282836914062e+02, z_r: -3.4470251464843750e+02, z_e: -3.4470248413085938e+02

#ERR p: [507259], ea: 1, v_r: 4.1304174804687500e+02, v_e: 4.1304174804687500e+02, x_r: -6.8400299072265625e+01, x_e: -6.8400299072265625e+01, y_r: -1.3445893859863281e+02, y_e: -1.3445893859863281e+02, z_r: -3.7366375732421875e+02, z_e: -3.7366372680664062e+02

#ERR p: [507261], ea: 1, v_r: 5.4226367187500000e+02, v_e: 5.4226367187500000e+02, x_r: 2.2289828491210938e+02, x_e: 2.2289828491210938e+02, y_r: -7.2202278137207031e+01, y_e: -7.2202278137207031e+01, z_r: -2.8318905639648438e+02, z_e: -2.8318902587890625e+02

#ERR p: [507262], ea: 1, v_r: 4.6831625366210938e+02, v_e: 4.6831625366210938e+02, x_r: -3.4775283813476562e+02, x_e: -3.4775283813476562e+02, y_r: -1.5315081787109375e+02, y_e: -1.5315081787109375e+02, z_r: -6.4788810729980469e+01, z_e: -6.4788795471191406e+01

#ERR p: [507263], ea: 1, v_r: 4.9347378540039062e+02, v_e: 4.9347375488281250e+02, x_r: -8.2200920104980469e+01, x_e: -8.2200920104980469e+01, y_r: -3.5015087890625000e+02, y_e: -3.5015087890625000e+02, z_r: -1.6279713439941406e+02, z_e: -1.6279713439941406e+02

#ERR p: [507266], ea: 2, v_r: 6.2385003662109375e+02, v_e: 6.2385003662109375e+02, x_r: -1.0310708618164062e+02, x_e: -1.0310707092285156e+02, y_r: 3.6037288665771484e+01, y_e: 3.6037281036376953e+01, z_r: -3.2564630126953125e+02, z_e: -3.2564630126953125e+02

#ERR p: [507274], ea: 1, v_r: 6.4856243896484375e+02, v_e: 6.4856243896484375e+02, x_r: 1.7063411712646484e+01, x_e: 1.7063411712646484e+01, y_r: -3.3533084106445312e+02, y_e: -3.3533084106445312e+02, z_r: -5.8672381591796875e+02, z_e: -5.8672375488281250e+02

#ERR p: [507277], ea: 1, v_r: 6.4623736572265625e+02, v_e: 6.4623724365234375e+02, x_r: -4.7896957397460938e+02, x_e: -4.7896957397460938e+02, y_r: 4.0834698486328125e+02, y_e: 4.0834698486328125e+02, z_r: 3.3833156585693359e+01, z_e: 3.3833156585693359e+01

#ERR p: [507278], ea: 1, v_r: 7.9159960937500000e+02, v_e: 7.9159960937500000e+02, x_r: 3.2493734741210938e+02, x_e: 3.2493734741210938e+02, y_r: -2.5744692993164062e+02, y_e: -2.5744696044921875e+02, z_r: -1.1011411285400391e+02, z_e: -1.1011411285400391e+02

#ERR p: [507279], ea: 2, v_r: 5.1116577148437500e+02, v_e: 5.1116577148437500e+02, x_r: 1.3606952667236328e+01, x_e: 1.3606954574584961e+01, y_r: -6.8363677978515625e+01, y_e: -6.8363677978515625e+01, z_r: -2.6681567382812500e+02, z_e: -2.6681564331054688e+02

#ERR p: [507282], ea: 1, v_r: 4.6876412963867188e+02, v_e: 4.6876412963867188e+02, x_r: -2.5758309936523438e+02, x_e: -2.5758309936523438e+02, y_r: 2.6875988006591797e+01, y_e: 2.6875984191894531e+01, z_r: -3.3434197998046875e+02, z_e: -3.3434197998046875e+02

#ERR p: [507284], ea: 1, v_r: 5.1737670898437500e+02, v_e: 5.1737670898437500e+02, x_r: 1.1276628112792969e+02, x_e: 1.1276628875732422e+02, y_r: -4.6580914306640625e+02, y_e: -4.6580914306640625e+02, z_r: -4.6797274780273438e+02, z_e: -4.6797274780273438e+02

#ERR p: [507288], ea: 1, v_r: 6.3297967529296875e+02, v_e: 6.3297967529296875e+02, x_r: -3.4886386108398438e+02, x_e: -3.4886383056640625e+02, y_r: -4.4972152709960938e+02, y_e: -4.4972152709960938e+02, z_r: 3.3791767120361328e+01, z_e: 3.3791767120361328e+01

#ERR p: [507289], ea: 1, v_r: 4.5996841430664062e+02, v_e: 4.5996841430664062e+02, x_r: -3.4177450561523438e+02, x_e: -3.4177444458007812e+02, y_r: -4.1483224487304688e+02, y_e: -4.1483224487304688e+02, z_r: -3.2764089965820312e+02, z_e: -3.2764089965820312e+02

#ERR p: [507290], ea: 1, v_r: 6.6596600341796875e+02, v_e: 6.6596600341796875e+02, x_r: 1.4547367858886719e+02, x_e: 1.4547367858886719e+02, y_r: -8.9151611328125000e+01, y_e: -8.9151611328125000e+01, z_r: 3.4897212982177734e+01, z_e: 3.4897216796875000e+01

#ERR p: [507291], ea: 1, v_r: 6.1204388427734375e+02, v_e: 6.1204382324218750e+02, x_r: -1.0048339843750000e+02, x_e: -1.0048339843750000e+02, y_r: 3.8772048950195312e+02, y_e: 3.8772048950195312e+02, z_r: -5.5411303710937500e+02, z_e: -5.5411303710937500e+02

#ERR p: [507293], ea: 1, v_r: 4.7746548461914062e+02, v_e: 4.7746548461914062e+02, x_r: 1.9652842712402344e+02, x_e: 1.9652842712402344e+02, y_r: 2.8126556396484375e+01, y_e: 2.8126552581787109e+01, z_r: -4.3225991821289062e+02, z_e: -4.3225991821289062e+02

#ERR p: [507294], ea: 1, v_r: 6.1134405517578125e+02, v_e: 6.1134405517578125e+02, x_r: -2.1835111999511719e+02, x_e: -2.1835111999511719e+02, y_r: 3.8639956665039062e+02, y_e: 3.8639953613281250e+02, z_r: 3.8316461181640625e+02, z_e: 3.8316461181640625e+02

#ERR p: [507298], ea: 1, v_r: 5.8732153320312500e+02, v_e: 5.8732153320312500e+02, x_r: 3.5433105468750000e+02, x_e: 3.5433105468750000e+02, y_r: -7.8027000427246094e+01, y_e: -7.8027015686035156e+01, z_r: -3.0679901123046875e+02, z_e: -3.0679901123046875e+02

#ERR p: [509101], ea: 1, v_r: 8.4552124023437500e+02, v_e: 8.4552111816406250e+02, x_r: -1.4398738098144531e+02, x_e: -1.4398738098144531e+02, y_r: -6.1233270263671875e+02, y_e: -6.1233270263671875e+02, z_r: 5.3507824707031250e+02, z_e: 5.3507824707031250e+02

#ERR p: [509102], ea: 1, v_r: 7.6985601806640625e+02, v_e: 7.6985601806640625e+02, x_r: -2.7891793823242188e+02, x_e: -2.7891793823242188e+02, y_r: -7.0516326904296875e+02, y_e: -7.0516326904296875e+02, z_r: 4.4765487670898438e+01, z_e: 4.4765495300292969e+01

#ERR p: [509104], ea: 2, v_r: 9.4787847900390625e+02, v_e: 9.4787847900390625e+02, x_r: 2.1330928802490234e+01, x_e: 2.1330932617187500e+01, y_r: -5.0450051879882812e+02, y_e: -5.0450054931640625e+02, z_r: -3.0828671264648438e+02, z_e: -3.0828671264648438e+02

#ERR p: [509108], ea: 1, v_r: 8.8801055908203125e+02, v_e: 8.8801055908203125e+02, x_r: -1.5035801696777344e+02, x_e: -1.5035801696777344e+02, y_r: 3.7955287933349609e+01, y_e: 3.7955280303955078e+01, z_r: -1.1866062927246094e+02, z_e: -1.1866062927246094e+02

#ERR p: [509115], ea: 1, v_r: 7.2577557373046875e+02, v_e: 7.2577557373046875e+02, x_r: 4.3462741088867188e+02, x_e: 4.3462741088867188e+02, y_r: -6.6422924804687500e+02, y_e: -6.6422924804687500e+02, z_r: -2.3626693725585938e+02, z_e: -2.3626690673828125e+02

#ERR p: [509122], ea: 1, v_r: 8.1757952880859375e+02, v_e: 8.1757952880859375e+02, x_r: 1.7506448364257812e+02, x_e: 1.7506451416015625e+02, y_r: -4.3510876464843750e+02, y_e: -4.3510876464843750e+02, z_r: 6.7390881347656250e+02, z_e: 6.7390881347656250e+02

#ERR p: [509124], ea: 1, v_r: 9.4756646728515625e+02, v_e: 9.4756646728515625e+02, x_r: -1.6041575622558594e+02, x_e: -1.6041575622558594e+02, y_r: -1.4114820861816406e+02, y_e: -1.4114822387695312e+02, z_r: -4.8962689208984375e+02, z_e: -4.8962689208984375e+02

#ERR p: [509127], ea: 1, v_r: 7.4854638671875000e+02, v_e: 7.4854638671875000e+02, x_r: -2.7036047363281250e+02, x_e: -2.7036044311523438e+02, y_r: 3.1894223022460938e+02, y_e: 3.1894223022460938e+02, z_r: -9.9984596252441406e+01, z_e: -9.9984596252441406e+01

#ERR p: [509128], ea: 1, v_r: 1.2540201416015625e+03, v_e: 1.2540201416015625e+03, x_r: 9.9371618652343750e+02, x_e: 9.9371618652343750e+02, y_r: 5.3538116455078125e+02, y_e: 5.3538110351562500e+02, z_r: -1.1288874511718750e+03, z_e: -1.1288874511718750e+03

#ERR p: [509140], ea: 1, v_r: 8.9639947509765625e+02, v_e: 8.9639947509765625e+02, x_r: 2.0351821899414062e+01, x_e: 2.0351825714111328e+01, y_r: -4.7708297729492188e+02, y_e: -4.7708297729492188e+02, z_r: -6.3496063232421875e+02, z_e: -6.3496063232421875e+02

#ERR p: [509141], ea: 1, v_r: 9.2260192871093750e+02, v_e: 9.2260192871093750e+02, x_r: 3.7552072143554688e+02, x_e: 3.7552072143554688e+02, y_r: -1.3703529357910156e+02, y_e: -1.3703530883789062e+02, z_r: 5.3231063842773438e+01, z_e: 5.3231063842773438e+01

#ERR p: [509149], ea: 1, v_r: 8.1665155029296875e+02, v_e: 8.1665155029296875e+02, x_r: 1.8058782577514648e+01, x_e: 1.8058786392211914e+01, y_r: -2.7818789672851562e+02, y_e: -2.7818789672851562e+02, z_r: 6.7319433593750000e+02, z_e: 6.7319433593750000e+02

#ERR p: [509150], ea: 1, v_r: 1.2210633544921875e+03, v_e: 1.2210633544921875e+03, x_r: 7.3203979492187500e+02, x_e: 7.3203979492187500e+02, y_r: 5.2940334320068359e+01, y_e: 5.2940326690673828e+01, z_r: -1.6357800292968750e+02, z_e: -1.6357800292968750e+02

#ERR p: [509151], ea: 1, v_r: 1.0770385742187500e+03, v_e: 1.0770385742187500e+03, x_r: 8.5231994628906250e+02, x_e: 8.5231994628906250e+02, y_r: 4.6882957458496094e+01, y_e: 4.6882949829101562e+01, z_r: 8.8745379638671875e+02, z_e: 8.8745379638671875e+02

#ERR p: [509154], ea: 1, v_r: 7.1269396972656250e+02, v_e: 7.1269396972656250e+02, x_r: -1.2077922058105469e+02, x_e: -1.2077922058105469e+02, y_r: -3.7940548706054688e+02, y_e: -3.7940548706054688e+02, z_r: -5.0476110839843750e+02, z_e: -5.0476104736328125e+02

#ERR p: [509156], ea: 1, v_r: 1.1803977050781250e+03, v_e: 1.1803977050781250e+03, x_r: 7.0813720703125000e+02, x_e: 7.0813720703125000e+02, y_r: 7.3024005126953125e+02, y_e: 7.3024005126953125e+02, z_r: 6.8024505615234375e+01, z_e: 6.8024513244628906e+01

#ERR p: [509163], ea: 1, v_r: 8.3269891357421875e+02, v_e: 8.3269891357421875e+02, x_r: 6.5941558837890625e+02, x_e: 6.5941558837890625e+02, y_r: -1.2344844055175781e+02, y_e: -1.2344845581054688e+02, z_r: -5.9016180419921875e+02, z_e: -5.9016180419921875e+02

#ERR p: [509164], ea: 1, v_r: 7.4893762207031250e+02, v_e: 7.4893762207031250e+02, x_r: -4.1429623413085938e+02, x_e: -4.1429623413085938e+02, y_r: 4.6262094116210938e+02, y_e: 4.6262088012695312e+02, z_r: -9.9994239807128906e+01, z_e: -9.9994239807128906e+01

#ERR p: [509169], ea: 1, v_r: 1.1925191650390625e+03, v_e: 1.1925191650390625e+03, x_r: 2.5615777587890625e+02, x_e: 2.5615777587890625e+02, y_r: 5.1305431365966797e+01, y_e: 5.1305423736572266e+01, z_r: 5.2585211181640625e+02, z_e: 5.2585211181640625e+02

#ERR p: [509175], ea: 1, v_r: 1.2536605224609375e+03, v_e: 1.2536605224609375e+03, x_r: 2.6929119873046875e+02, x_e: 2.6929119873046875e+02, y_r: 5.3935935974121094e+01, y_e: 5.3935928344726562e+01, z_r: 5.5281323242187500e+02, z_e: 5.5281323242187500e+02

#ERR p: [509179], ea: 1, v_r: 9.0086767578125000e+02, v_e: 9.0086767578125000e+02, x_r: -1.5315385437011719e+02, x_e: -1.5315385437011719e+02, y_r: -6.5234020996093750e+02, y_e: -6.5234020996093750e+02, z_r: 5.2268333435058594e+01, z_e: 5.2268341064453125e+01

#ERR p: [509185], ea: 1, v_r: 1.1529273681640625e+03, v_e: 1.1529273681640625e+03, x_r: 6.9082897949218750e+02, x_e: 6.9082897949218750e+02, y_r: -3.9210040283203125e+02, y_e: -3.9210043334960938e+02, z_r: -1.5445800781250000e+02, z_e: -1.5445800781250000e+02

#ERR p: [509188], ea: 1, v_r: 8.1462133789062500e+02, v_e: 8.1462133789062500e+02, x_r: -7.6461486816406250e+02, x_e: -7.6461480712890625e+02, y_r: -4.3430157470703125e+02, y_e: -4.3430157470703125e+02, z_r: 5.1577905273437500e+02, z_e: 5.1577905273437500e+02

#ERR p: [509192], ea: 1, v_r: 7.4453009033203125e+02, v_e: 7.4453009033203125e+02, x_r: 1.6013265991210938e+02, x_e: 1.6013265991210938e+02, y_r: -1.1069388580322266e+02, y_e: -1.1069388580322266e+02, z_r: -3.8484960937500000e+02, z_e: -3.8484957885742188e+02

#ERR p: [509197], ea: 1, v_r: 7.5835760498046875e+02, v_e: 7.5835754394531250e+02, x_r: -7.1168823242187500e+02, x_e: -7.1168823242187500e+02, y_r: -2.5892105102539062e+02, y_e: -2.5892105102539062e+02, z_r: 4.8012179565429688e+02, z_e: 4.8012179565429688e+02

#SDC Ite:801 KerTime:1.194984 AccTime:958.146618 KerErr:63 AccErr:180
#IT Ite:810 KerTime:1.195098 AccTime:968.900250
#IT Ite:820 KerTime:1.193695 AccTime:980.845022
#ERR p: [276500], ea: 3, v_r: 1.4323370361328125e+03, v_e: 1.4323309326171875e+03, x_r: 8.6786376953125000e+01, x_e: 8.6785156250000000e+01, y_r: 6.7885505676269531e+01, y_e: 6.7889152526855469e+01, z_r: -7.6946319580078125e+02, z_e: -7.6946319580078125e+02

#ERR p: [276501], ea: 4, v_r: 1.6929106445312500e+03, v_e: 1.6929029541015625e+03, x_r: 4.2529626464843750e+02, x_e: 4.2529321289062500e+02, y_r: 1.3798585205078125e+03, y_e: 1.3798570556640625e+03, z_r: -1.2357897949218750e+03, z_e: -1.2357883300781250e+03

#ERR p: [276502], ea: 4, v_r: 1.1194410400390625e+03, v_e: 1.1194366455078125e+03, x_r: -7.8912554931640625e+02, x_e: -7.8912298583984375e+02, y_r: -1.0194935913085938e+03, y_e: -1.0194866943359375e+03, z_r: -1.6896769714355469e+02, z_e: -1.6896943664550781e+02

#ERR p: [276503], ea: 4, v_r: 1.2165682373046875e+03, v_e: 1.2165634765625000e+03, x_r: 3.0527920532226562e+02, x_e: 3.0527731323242188e+02, y_r: -4.1036221313476562e+02, y_e: -4.1035751342773438e+02, z_r: 2.7965063476562500e+02, z_e: 2.7964685058593750e+02

#ERR p: [276504], ea: 4, v_r: 1.4673491210937500e+03, v_e: 1.4673427734375000e+03, x_r: 8.4937934875488281e+01, x_e: 8.4936653137207031e+01, y_r: 1.1961534423828125e+03, y_e: 1.1961522216796875e+03, z_r: -2.2583296203613281e+02, z_e: -2.2583555603027344e+02

#ERR p: [276505], ea: 4, v_r: 1.3948656005859375e+03, v_e: 1.3948601074218750e+03, x_r: -7.1928454589843750e+02, x_e: -7.1928234863281250e+02, y_r: -4.6810205078125000e+02, y_e: -4.6809661865234375e+02, z_r: 3.2359841918945312e+02, z_e: 3.2359408569335938e+02

#ERR p: [276506], ea: 4, v_r: 1.8826175537109375e+03, v_e: 1.8826101074218750e+03, x_r: 4.6982205200195312e+02, x_e: 4.6981909179687500e+02, y_r: 8.7540969848632812e+01, y_e: 8.7545425415039062e+01, z_r: 7.9364813232421875e+02, z_e: 7.9364068603515625e+02

#ERR p: [276507], ea: 4, v_r: 1.5861151123046875e+03, v_e: 1.5861088867187500e+03, x_r: -8.1859283447265625e+02, x_e: -8.1859033203125000e+02, y_r: -2.2785952758789062e+02, y_e: -2.2785446166992188e+02, z_r: 3.6782894897460938e+02, z_e: 3.6782388305664062e+02

#ERR p: [276508], ea: 3, v_r: 1.1431120605468750e+03, v_e: 1.1431069335937500e+03, x_r: -5.8875701904296875e+02, x_e: -5.8875494384765625e+02, y_r: 7.1402734375000000e+02, y_e: 7.1402734375000000e+02, z_r: -8.3180279541015625e+02, z_e: -8.3180181884765625e+02

#ERR p: [276509], ea: 4, v_r: 9.4292248535156250e+02, v_e: 9.4291870117187500e+02, x_r: -8.4622808837890625e+02, x_e: -8.4622515869140625e+02, y_r: -4.9641397094726562e+02, y_e: -4.9640945434570312e+02, z_r: -1.4198393249511719e+02, z_e: -1.4198544311523438e+02

#ERR p: [276510], ea: 3, v_r: 1.3961998291015625e+03, v_e: 1.3961934814453125e+03, x_r: -7.1911035156250000e+02, x_e: -7.1910778808593750e+02, y_r: 8.7211492919921875e+02, y_e: 8.7211492919921875e+02, z_r: -1.0159661254882812e+03, z_e: -1.0159647827148438e+03

#ERR p: [276511], ea: 4, v_r: 1.6246932373046875e+03, v_e: 1.6246873779296875e+03, x_r: -5.2599011230468750e+02, x_e: -5.2598889160156250e+02, y_r: -1.4816580810546875e+03, y_e: -1.4816486816406250e+03, z_r: 1.0000303955078125e+03, z_e: 1.0000233154296875e+03

#ERR p: [276512], ea: 4, v_r: 1.1827351074218750e+03, v_e: 1.1827304687500000e+03, x_r: 9.7930242919921875e+02, x_e: 9.7929779052734375e+02, y_r: -6.2710009765625000e+02, y_e: -6.2709454345703125e+02, z_r: -4.1067864990234375e+02, z_e: -4.1067956542968750e+02

#ERR p: [276513], ea: 3, v_r: 1.8844552001953125e+03, v_e: 1.8844466552734375e+03, x_r: 8.3359497070312500e+02, x_e: 8.3358984375000000e+02, y_r: 1.5350655517578125e+03, y_e: 1.5350639648437500e+03, z_r: -1.0151567993164062e+03, z_e: -1.0151567993164062e+03

#ERR p: [276514], ea: 4, v_r: 1.2716414794921875e+03, v_e: 1.2716367187500000e+03, x_r: 7.5806571960449219e+01, x_e: 7.5805625915527344e+01, y_r: -9.1664971923828125e+02, y_e: -9.1664306640625000e+02, z_r: 5.3724084472656250e+02, z_e: 5.3723614501953125e+02

#ERR p: [276515], ea: 4, v_r: 1.2998150634765625e+03, v_e: 1.2998100585937500e+03, x_r: 3.2368746948242188e+02, x_e: 3.2368545532226562e+02, y_r: 6.0315452575683594e+01, y_e: 6.0318489074707031e+01, z_r: 7.9740997314453125e+02, z_e: 7.9740393066406250e+02

#ERR p: [276516], ea: 4, v_r: 1.4925352783203125e+03, v_e: 1.4925290527343750e+03, x_r: 8.3136184692382812e+01, x_e: 8.3134933471679688e+01, y_r: 1.2161120605468750e+03, y_e: 1.2161108398437500e+03, z_r: 9.1586657714843750e+02, z_e: 9.1585913085937500e+02

#ERR p: [276517], ea: 4, v_r: 1.1244262695312500e+03, v_e: 1.1244215087890625e+03, x_r: -3.6132754516601562e+02, x_e: -3.6132656860351562e+02, y_r: -3.7732785034179688e+02, y_e: -3.7732315063476562e+02, z_r: -8.1831622314453125e+02, z_e: -8.1831536865234375e+02

#ERR p: [276518], ea: 4, v_r: 1.1756343994140625e+03, v_e: 1.1756298828125000e+03, x_r: -3.8103982543945312e+02, x_e: -3.8103890991210938e+02, y_r: -6.2077984619140625e+02, y_e: -6.2077453613281250e+02, z_r: 4.9780728149414062e+02, z_e: 4.9780282592773438e+02

#ERR p: [276519], ea: 4, v_r: 1.2451865234375000e+03, v_e: 1.2451816406250000e+03, x_r: -6.4383905029296875e+02, x_e: -6.4383703613281250e+02, y_r: 6.0013103485107422e+01, y_e: 6.0016094207763672e+01, z_r: 5.2758825683593750e+02, z_e: 5.2758331298828125e+02

#ERR p: [276520], ea: 4, v_r: 1.5196119384765625e+03, v_e: 1.5196060791015625e+03, x_r: 1.2580568847656250e+03, x_e: 1.2580510253906250e+03, y_r: -1.0975537109375000e+03, y_e: -1.0975455322265625e+03, z_r: -2.3594927978515625e+02, z_e: -2.3595159912109375e+02

#ERR p: [276521], ea: 3, v_r: 1.1447139892578125e+03, v_e: 1.1447088623046875e+03, x_r: -1.0296275634765625e+03, x_e: -1.0296235351562500e+03, y_r: 7.1576019287109375e+02, y_e: 7.1576019287109375e+02, z_r: -3.9253503417968750e+02, z_e: -3.9253607177734375e+02

#ERR p: [276522], ea: 4, v_r: 1.0503934326171875e+03, v_e: 1.0503892822265625e+03, x_r: -9.4378741455078125e+02, x_e: -9.4378411865234375e+02, y_r: -5.5316644287109375e+02, y_e: -5.5316156005859375e+02, z_r: 2.4488145446777344e+02, z_e: 2.4487818908691406e+02

#ERR p: [276523], ea: 4, v_r: 1.5348840332031250e+03, v_e: 1.5348780517578125e+03, x_r: 1.2642542724609375e+03, x_e: 1.2642481689453125e+03, y_r: 3.6398327636718750e+02, y_e: 3.6398565673828125e+02, z_r: 9.3900842285156250e+02, z_e: 9.3900122070312500e+02

#ERR p: [276524], ea: 2, v_r: 1.4868420410156250e+03, v_e: 1.4868354492187500e+03, x_r: 8.8293807983398438e+01, x_e: 8.8292488098144531e+01, y_r: 9.2682385253906250e+02, y_e: 9.2682385253906250e+02, z_r: -7.9917150878906250e+02, z_e: -7.9917150878906250e+02

#ERR p: [276525], ea: 4, v_r: 1.7161943359375000e+03, v_e: 1.7161876220703125e+03, x_r: -5.5699487304687500e+02, x_e: -5.5699353027343750e+02, y_r: -5.7683593750000000e+02, y_e: -5.7682928466796875e+02, z_r: 7.2654644775390625e+02, z_e: 7.2653985595703125e+02

#ERR p: [276526], ea: 4, v_r: 1.3547061767578125e+03, v_e: 1.3547006835937500e+03, x_r: 7.8588859558105469e+01, x_e: 7.8587745666503906e+01, y_r: 3.2375149536132812e+02, y_e: 3.2375372314453125e+02, z_r: 3.1173999023437500e+02, z_e: 3.1173556518554688e+02

#ERR p: [276527], ea: 4, v_r: 1.5281662597656250e+03, v_e: 1.5281600341796875e+03, x_r: -4.9271377563476562e+02, x_e: -4.9271255493164062e+02, y_r: -5.1308886718750000e+02, y_e: -5.1308264160156250e+02, z_r: -5.2585168457031250e+02, z_e: -5.2585296630859375e+02

#ERR p: [276528], ea: 3, v_r: 1.2792650146484375e+03, v_e: 1.2792600097656250e+03, x_r: 3.2537335205078125e+02, x_e: 3.2537133789062500e+02, y_r: -1.1676125488281250e+03, y_e: -1.1676044921875000e+03, z_r: -6.8730487060546875e+02, z_e: -6.8730487060546875e+02

#ERR p: [276529], ea: 4, v_r: 1.4598179931640625e+03, v_e: 1.4598122558593750e+03, x_r: 9.2197326660156250e+02, x_e: 9.2196856689453125e+02, y_r: 6.2705963134765625e+02, y_e: 6.2706079101562500e+02, z_r: 8.9371624755859375e+02, z_e: 8.9370928955078125e+02

#ERR p: [276530], ea: 4, v_r: 1.4059226074218750e+03, v_e: 1.4059165039062500e+03, x_r: -9.9107861328125000e+02, x_e: -9.9107489013671875e+02, y_r: 6.9203475952148438e+01, y_e: 6.9207199096679688e+01, z_r: -1.2915788574218750e+03, z_e: -1.2915764160156250e+03

#ERR p: [276531], ea: 3, v_r: 1.8171502685546875e+03, v_e: 1.8171423339843750e+03, x_r: -5.9065081787109375e+02, x_e: -5.9064923095703125e+02, y_r: 1.1338347167968750e+03, y_e: 1.1338347167968750e+03, z_r: -2.7750393676757812e+02, z_e: -2.7750711059570312e+02

#ERR p: [276532], ea: 3, v_r: 1.1921275634765625e+03, v_e: 1.1921223144531250e+03, x_r: 5.2846282958984375e+02, x_e: 5.2845959472656250e+02, y_r: 7.4229656982421875e+02, y_e: 7.4229656982421875e+02, z_r: -8.7076928710937500e+02, z_e: -8.7076818847656250e+02

#ERR p: [276533], ea: 4, v_r: 1.6276147460937500e+03, v_e: 1.6276088867187500e+03, x_r: -1.1523283691406250e+03, x_e: -1.1523248291015625e+03, y_r: -1.1706390380859375e+03, y_e: -1.1706307373046875e+03, z_r: 1.3157487792968750e+03, z_e: 1.3157404785156250e+03

#ERR p: [276534], ea: 4, v_r: 1.4612416992187500e+03, v_e: 1.4612360839843750e+03, x_r: 1.2034204101562500e+03, x_e: 1.2034149169921875e+03, y_r: 6.5831764221191406e+01, y_e: 6.5835090637207031e+01, z_r: 1.1745761718750000e+03, z_e: 1.1745684814453125e+03

#ERR p: [276535], ea: 4, v_r: 1.4803424072265625e+03, v_e: 1.4803365478515625e+03, x_r: -1.0492695312500000e+03, x_e: -1.0492661132812500e+03, y_r: -2.1227493286132812e+02, y_e: -2.1227032470703125e+02, z_r: 9.1221276855468750e+02, z_e: 9.1220593261718750e+02

#ERR p: [276536], ea: 3, v_r: 1.0655784912109375e+03, v_e: 1.0655745849609375e+03, x_r: -1.4077355957031250e+02, x_e: -1.4077355957031250e+02, y_r: -9.7224414062500000e+02, y_e: -9.7223803710937500e+02, z_r: 6.5533142089843750e+02, z_e: 6.5532684326171875e+02

#ERR p: [276537], ea: 4, v_r: 1.6810363769531250e+03, v_e: 1.6810294189453125e+03, x_r: 1.3866831054687500e+03, x_e: 1.3866761474609375e+03, y_r: 7.2192895507812500e+02, y_e: 7.2193035888671875e+02, z_r: 6.0472206115722656e+01, z_e: 6.0468025207519531e+01

#ERR p: [276538], ea: 2, v_r: 1.6683035888671875e+03, v_e: 1.6682960205078125e+03, x_r: -2.1884082031250000e+02, x_e: -2.1884082031250000e+02, y_r: 1.0409110107421875e+03, y_e: 1.0409110107421875e+03, z_r: -1.5358284912109375e+03, z_e: -1.5358254394531250e+03

#ERR p: [276539], ea: 4, v_r: 1.4787017822265625e+03, v_e: 1.4786959228515625e+03, x_r: 3.6761465454101562e+02, x_e: 3.6761233520507812e+02, y_r: 3.5248663330078125e+02, y_e: 3.5248895263671875e+02, z_r: 9.0700860595703125e+02, z_e: 9.0700152587890625e+02

#ERR p: [276540], ea: 4, v_r: 1.3390036621093750e+03, v_e: 1.3389989013671875e+03, x_r: 7.9713699340820312e+01, x_e: 7.9712738037109375e+01, y_r: -1.2223166503906250e+03, y_e: -1.2223089599609375e+03, z_r: 8.2279040527343750e+02, z_e: 8.2278466796875000e+02

#ERR p: [276541], ea: 4, v_r: 1.4266523437500000e+03, v_e: 1.4266464843750000e+03, x_r: -4.6545877075195312e+02, x_e: -4.6545761108398438e+02, y_r: 6.1588934326171875e+02, y_e: 6.1589050292968750e+02, z_r: 6.0345892333984375e+02, z_e: 6.0345300292968750e+02

#ERR p: [276542], ea: 4, v_r: 1.6895098876953125e+03, v_e: 1.6895029296875000e+03, x_r: 9.8923675537109375e+01, x_e: 9.8922286987304688e+01, y_r: 4.0392337036132812e+02, y_e: 4.0392617797851562e+02, z_r: 6.4610031127929688e+01, z_e: 6.4605819702148438e+01

#ERR p: [276543], ea: 4, v_r: 1.1341979980468750e+03, v_e: 1.1341934814453125e+03, x_r: -8.0162506103515625e+02, x_e: -8.0162237548828125e+02, y_r: -3.8003335571289062e+02, y_e: -3.8002877807617188e+02, z_r: 4.6113498687744141e+01, z_e: 4.6110782623291016e+01

#ERR p: [276544], ea: 3, v_r: 1.3340554199218750e+03, v_e: 1.3340496826171875e+03, x_r: 8.0288558959960938e+01, x_e: 8.0287414550781250e+01, y_r: 3.1932434082031250e+02, y_e: 3.1932662963867188e+02, z_r: -7.1679248046875000e+02, z_e: -7.1679248046875000e+02

#ERR p: [276545], ea: 4, v_r: 1.2542039794921875e+03, v_e: 1.2541993408203125e+03, x_r: -4.0473764038085938e+02, x_e: -4.0473672485351562e+02, y_r: -1.1435612792968750e+03, y_e: -1.1435538330078125e+03, z_r: 2.9063809204101562e+02, z_e: 2.9063436889648438e+02

#ERR p: [276546], ea: 4, v_r: 1.3366522216796875e+03, v_e: 1.3366468505859375e+03, x_r: 8.4616857910156250e+02, x_e: 8.4616430664062500e+02, y_r: 3.1779211425781250e+02, y_e: 3.1779431152343750e+02, z_r: 3.0542489624023438e+02, z_e: 3.0542059326171875e+02

#ERR p: [276547], ea: 3, v_r: 1.4438868408203125e+03, v_e: 1.4438804931640625e+03, x_r: 8.6317337036132812e+01, x_e: 8.6316070556640625e+01, y_r: 6.2281842041015625e+02, y_e: 6.2281964111328125e+02, z_r: -7.7594488525390625e+02, z_e: -7.7594488525390625e+02

#ERR p: [276548], ea: 4, v_r: 1.8209625244140625e+03, v_e: 1.8209560546875000e+03, x_r: 8.0639837646484375e+02, x_e: 8.0639447021484375e+02, y_r: -1.6638846435546875e+03, y_e: -1.6638742675781250e+03, z_r: 1.1170493164062500e+03, z_e: 1.1170416259765625e+03

#ERR p: [276549], ea: 4, v_r: 2.0365355224609375e+03, v_e: 2.0365270996093750e+03, x_r: 1.6818474121093750e+03, x_e: 1.6818391113281250e+03, y_r: 4.8379388427734375e+02, y_e: 4.8379724121093750e+02, z_r: -3.1727371215820312e+02, z_e: -3.1727713012695312e+02

#ERR p: [276550], ea: 2, v_r: 1.1496094970703125e+03, v_e: 1.1496049804687500e+03, x_r: -1.4824673461914062e+02, x_e: -1.4824673461914062e+02, y_r: -1.0482801513671875e+03, y_e: -1.0482729492187500e+03, z_r: -6.1642102050781250e+02, z_e: -6.1642102050781250e+02

#ERR p: [276551], ea: 4, v_r: 1.1095135498046875e+03, v_e: 1.1095093994140625e+03, x_r: 6.7794494628906250e+01, x_e: 6.7793670654296875e+01, y_r: -1.0125134277343750e+03, y_e: -1.0125068359375000e+03, z_r: 4.3060222625732422e+01, z_e: 4.3057720184326172e+01

#ERR p: [276552], ea: 4, v_r: 1.9156809082031250e+03, v_e: 1.9156733398437500e+03, x_r: 4.7443255615234375e+02, x_e: 4.7442956542968750e+02, y_r: 8.2425543212890625e+02, y_e: 8.2425701904296875e+02, z_r: 1.5425396728515625e+03, z_e: 1.5425291748046875e+03

#ERR p: [276553], ea: 4, v_r: 1.6308769531250000e+03, v_e: 1.6308697509765625e+03, x_r: 7.2513500976562500e+02, x_e: 7.2513073730468750e+02, y_r: 3.8939178466796875e+02, y_e: 3.8939465332031250e+02, z_r: -1.5037619628906250e+03, z_e: -1.5037590332031250e+03

#ERR p: [276554], ea: 1, v_r: 1.3747128906250000e+03, v_e: 1.3747067871093750e+03, x_r: -1.8185083007812500e+02, x_e: -1.8185083007812500e+02, y_r: 8.5747106933593750e+02, y_e: 8.5747106933593750e+02, z_r: -7.3814318847656250e+02, z_e: -7.3814318847656250e+02

#ERR p: [276555], ea: 4, v_r: 1.0022699584960938e+03, v_e: 1.0022658081054688e+03, x_r: 6.1684738159179688e+01, x_e: 6.1683891296386719e+01, y_r: -1.4479333496093750e+02, y_e: -1.4478994750976562e+02, z_r: -7.3059545898437500e+02, z_e: -7.3059460449218750e+02

#ERR p: [276556], ea: 3, v_r: 1.3643618164062500e+03, v_e: 1.3643565673828125e+03, x_r: -1.8001950073242188e+02, x_e: -1.8001950073242188e+02, y_r: -7.2091094970703125e+02, y_e: -7.2090466308593750e+02, z_r: 3.1520019531250000e+02, z_e: 3.1519598388671875e+02

#ERR p: [276557], ea: 4, v_r: 1.0510109863281250e+03, v_e: 1.0510065917968750e+03, x_r: -9.4053747558593750e+02, x_e: -9.4053399658203125e+02, y_r: -7.5466900634765625e+02, y_e: -7.5466290283203125e+02, z_r: -9.6461389160156250e+02, z_e: -9.6461218261718750e+02

#ERR p: [276558], ea: 4, v_r: 1.1325566406250000e+03, v_e: 1.1325522460937500e+03, x_r: -3.6528018188476562e+02, x_e: -3.6527926635742188e+02, y_r: -5.9773052978515625e+02, y_e: -5.9772515869140625e+02, z_r: -1.7234371948242188e+02, z_e: -1.7234552001953125e+02

#ERR p: [276559], ea: 3, v_r: 1.2539261474609375e+03, v_e: 1.2539205322265625e+03, x_r: -1.6706291198730469e+02, x_e: -1.6706291198730469e+02, y_r: 1.0227860717773438e+03, y_e: 1.0227849731445312e+03, z_r: -4.3285681152343750e+02, z_e: -4.3285794067382812e+02

#ERR p: [276560], ea: 4, v_r: 1.5055965576171875e+03, v_e: 1.5055904541015625e+03, x_r: 3.8022357177734375e+02, x_e: 3.8022116088867188e+02, y_r: -5.0741528320312500e+02, y_e: -5.0740917968750000e+02, z_r: -5.2051226806640625e+02, z_e: -5.2051348876953125e+02

#ERR p: [276561], ea: 4, v_r: 1.4928059082031250e+03, v_e: 1.4928000488281250e+03, x_r: -1.0595422363281250e+03, x_e: -1.0595388183593750e+03, y_r: 7.2337554931640625e+01, y_e: 7.2341049194335938e+01, z_r: 1.2062633056640625e+03, z_e: 1.2062551269531250e+03

#ERR p: [276562], ea: 4, v_r: 1.3756433105468750e+03, v_e: 1.3756381835937500e+03, x_r: 3.4565319824218750e+02, x_e: 3.4565115356445312e+02, y_r: -9.9222186279296875e+02, y_e: -9.9221478271484375e+02, z_r: 5.8045812988281250e+02, z_e: 5.8045306396484375e+02

#ERR p: [276563], ea: 4, v_r: 1.7321542968750000e+03, v_e: 1.7321480712890625e+03, x_r: 7.6706933593750000e+02, x_e: 7.6706567382812500e+02, y_r: -1.5827368164062500e+03, y_e: -1.5827269287109375e+03, z_r: 1.0625697021484375e+03, z_e: 1.0625623779296875e+03

#ERR p: [276564], ea: 3, v_r: 1.6588262939453125e+03, v_e: 1.6588199462890625e+03, x_r: -2.2293818664550781e+02, x_e: -2.2293818664550781e+02, y_r: -2.4018455505371094e+02, y_e: -2.4017951965332031e+02, z_r: 1.3379400634765625e+03, z_e: 1.3379312744140625e+03

#ERR p: [276565], ea: 4, v_r: 1.5766046142578125e+03, v_e: 1.5765974121093750e+03, x_r: 6.9829199218750000e+02, x_e: 6.9828771972656250e+02, y_r: 1.2844537353515625e+03, y_e: 1.2844522705078125e+03, z_r: -1.1517663574218750e+03, z_e: -1.1517648925781250e+03

#ERR p: [276566], ea: 4, v_r: 1.6200217285156250e+03, v_e: 1.6200145263671875e+03, x_r: -5.2325201416015625e+02, x_e: -5.2325054931640625e+02, y_r: 7.0024597167968750e+02, y_e: 7.0024743652343750e+02, z_r: -1.1795822753906250e+03, z_e: -1.1795808105468750e+03

#ERR p: [276567], ea: 4, v_r: 1.0541118164062500e+03, v_e: 1.0541072998046875e+03, x_r: 2.6748361206054688e+02, x_e: 2.6748181152343750e+02, y_r: -1.5261111450195312e+02, y_e: -1.5260751342773438e+02, z_r: -9.7116290283203125e+02, z_e: -9.7116107177734375e+02

#ERR p: [276568], ea: 4, v_r: 2.0718750000000000e+03, v_e: 2.0718669433593750e+03, x_r: 1.7065671386718750e+03, x_e: 1.7065590820312500e+03, y_r: 4.9132647705078125e+02, y_e: 4.9132971191406250e+02, z_r: 1.2675283203125000e+03, z_e: 1.2675186767578125e+03

#ERR p: [276569], ea: 4, v_r: 1.4488670654296875e+03, v_e: 1.4488616943359375e+03, x_r: -1.0228653564453125e+03, x_e: -1.0228621215820312e+03, y_r: -1.3197542724609375e+03, y_e: -1.3197456054687500e+03, z_r: 3.3726251220703125e+02, z_e: 3.3725817871093750e+02

#ERR p: [276570], ea: 4, v_r: 1.0772956542968750e+03, v_e: 1.0772910156250000e+03, x_r: -3.4707952880859375e+02, x_e: -3.4707861328125000e+02, y_r: 5.2043376922607422e+01, y_e: 5.2046176910400391e+01, z_r: -7.8421173095703125e+02, z_e: -7.8421087646484375e+02

#ERR p: [276571], ea: 4, v_r: 1.8841170654296875e+03, v_e: 1.8841087646484375e+03, x_r: 1.0906241607666016e+02, x_e: 1.0906075286865234e+02, y_r: 1.5358928222656250e+03, y_e: 1.5358912353515625e+03, z_r: -2.8997506713867188e+02, z_e: -2.8997836303710938e+02

#ERR p: [276572], ea: 4, v_r: 1.7636982421875000e+03, v_e: 1.7636914062500000e+03, x_r: 1.0454351806640625e+02, x_e: 1.0454214477539062e+02, y_r: -5.9416284179687500e+02, y_e: -5.9415600585937500e+02, z_r: 4.0635559082031250e+02, z_e: 4.0635009765625000e+02

#ERR p: [276573], ea: 3, v_r: 1.7056506347656250e+03, v_e: 1.7056431884765625e+03, x_r: -2.2912438964843750e+02, x_e: -2.2912438964843750e+02, y_r: 1.3909274902343750e+03, y_e: 1.3909260253906250e+03, z_r: 6.5675117492675781e+01, z_e: 6.5670661926269531e+01

#ERR p: [276574], ea: 3, v_r: 1.4912987060546875e+03, v_e: 1.4912926025390625e+03, x_r: 3.6951754760742188e+02, x_e: 3.6951510620117188e+02, y_r: 9.2813751220703125e+02, y_e: 9.2813751220703125e+02, z_r: 9.1444451904296875e+02, z_e: 9.1443719482421875e+02

#ERR p: [276575], ea: 3, v_r: 1.7943444824218750e+03, v_e: 1.7943369140625000e+03, x_r: -5.8616607666015625e+02, x_e: -5.8616455078125000e+02, y_r: 1.1191182861328125e+03, y_e: 1.1191182861328125e+03, z_r: 7.5882714843750000e+02, z_e: 7.5881964111328125e+02

#ERR p: [276576], ea: 3, v_r: 1.5959377441406250e+03, v_e: 1.5959307861328125e+03, x_r: -2.1135105895996094e+02, x_e: -2.1135105895996094e+02, y_r: 6.8889709472656250e+02, y_e: 6.8889855957031250e+02, z_r: -5.5062139892578125e+02, z_e: -5.5062274169921875e+02

#ERR p: [276577], ea: 4, v_r: 1.2186520996093750e+03, v_e: 1.2186475830078125e+03, x_r: 5.3977667236328125e+02, x_e: 5.3977398681640625e+02, y_r: -8.7951342773437500e+02, y_e: -8.7950714111328125e+02, z_r: 5.1357421875000000e+02, z_e: 5.1356970214843750e+02

#ERR p: [276578], ea: 3, v_r: 1.7033306884765625e+03, v_e: 1.7033232421875000e+03, x_r: 4.2575936889648438e+02, x_e: 4.2575640869140625e+02, y_r: 1.0607620849609375e+03, y_e: 1.0607620849609375e+03, z_r: -2.6292111206054688e+02, z_e: -2.6292407226562500e+02

#ERR p: [276579], ea: 4, v_r: 1.5211717529296875e+03, v_e: 1.5211661376953125e+03, x_r: 1.2591827392578125e+03, x_e: 1.2591771240234375e+03, y_r: -1.3908087158203125e+03, y_e: -1.3907996826171875e+03, z_r: 5.5827857971191406e+01, z_e: 5.5824485778808594e+01

#ERR p: [276580], ea: 4, v_r: 1.1570371093750000e+03, v_e: 1.1570323486328125e+03, x_r: 2.9455111694335938e+02, x_e: 2.9454919433593750e+02, y_r: -6.1168658447265625e+02, y_e: -6.1168084716796875e+02, z_r: -1.0657622070312500e+03, z_e: -1.0657603759765625e+03

#ERR p: [276581], ea: 4, v_r: 1.5751331787109375e+03, v_e: 1.5751259765625000e+03, x_r: -5.0788378906250000e+02, x_e: -5.0788238525390625e+02, y_r: 6.8098632812500000e+02, y_e: 6.8098773193359375e+02, z_r: -1.4490393066406250e+03, z_e: -1.4490364990234375e+03

#ERR p: [276582], ea: 3, v_r: 1.9789849853515625e+03, v_e: 1.9789764404296875e+03, x_r: 4.9466232299804688e+02, x_e: 4.9465890502929688e+02, y_r: 1.2324294433593750e+03, y_e: 1.2324294433593750e+03, z_r: -3.0547052001953125e+02, z_e: -3.0547393798828125e+02

#ERR p: [276583], ea: 4, v_r: 1.1574133300781250e+03, v_e: 1.1574088134765625e+03, x_r: 9.5785778808593750e+02, x_e: 9.5785314941406250e+02, y_r: -3.9150579833984375e+02, y_e: -3.9150122070312500e+02, z_r: -4.0200634765625000e+02, z_e: -4.0200726318359375e+02

#ERR p: [276584], ea: 3, v_r: 1.3751373291015625e+03, v_e: 1.3751313476562500e+03, x_r: -4.4622393798828125e+02, x_e: -4.4622271728515625e+02, y_r: 8.5816094970703125e+02, y_e: 8.5816094970703125e+02, z_r: -4.7381436157226562e+02, z_e: -4.7381558227539062e+02

#ERR p: [276585], ea: 4, v_r: 1.4471212158203125e+03, v_e: 1.4471157226562500e+03, x_r: -1.0215200195312500e+03, x_e: -1.0215167236328125e+03, y_r: -1.0403309326171875e+03, y_e: -1.0403231201171875e+03, z_r: 5.9081474304199219e+01, z_e: 5.9078125000000000e+01

#ERR p: [276586], ea: 4, v_r: 9.6273779296875000e+02, v_e: 9.6273388671875000e+02, x_r: -6.7857745361328125e+02, x_e: -6.7857525634765625e+02, y_r: -6.9194384765625000e+02, y_e: -6.9193847656250000e+02, z_r: -3.3008712768554688e+02, z_e: -3.3008792114257812e+02

#ERR p: [276587], ea: 3, v_r: 1.8890809326171875e+03, v_e: 1.8890731201171875e+03, x_r: -9.8018463134765625e+02, x_e: -9.8018151855468750e+02, y_r: 1.1788244628906250e+03, y_e: 1.1788244628906250e+03, z_r: 1.1624315185546875e+03, z_e: 1.1624221191406250e+03

#ERR p: [276588], ea: 3, v_r: 1.3276231689453125e+03, v_e: 1.3276180419921875e+03, x_r: -6.8005511474609375e+02, x_e: -6.8005303955078125e+02, y_r: -1.2094495849609375e+03, y_e: -1.2094411621093750e+03, z_r: -7.1046301269531250e+02, z_e: -7.1046301269531250e+02

#ERR p: [276589], ea: 4, v_r: 1.3281715087890625e+03, v_e: 1.3281665039062500e+03, x_r: 5.8644793701171875e+02, x_e: 5.8644494628906250e+02, y_r: -4.4883212280273438e+02, y_e: -4.4882717895507812e+02, z_r: 8.1436041259765625e+02, z_e: 8.1435443115234375e+02

#ERR p: [276590], ea: 4, v_r: 1.3927354736328125e+03, v_e: 1.3927298583984375e+03, x_r: -4.5038772583007812e+02, x_e: -4.5038656616210938e+02, y_r: -2.0042671203613281e+02, y_e: -2.0042216491699219e+02, z_r: -2.1218670654296875e+02, z_e: -2.1218899536132812e+02

#ERR p: [276591], ea: 4, v_r: 1.0745528564453125e+03, v_e: 1.0745484619140625e+03, x_r: -9.6113507080078125e+02, x_e: -9.6113159179687500e+02, y_r: -9.7777984619140625e+02, y_e: -9.7777288818359375e+02, z_r: -9.8612988281250000e+02, z_e: -9.8612817382812500e+02

#ERR p: [276592], ea: 4, v_r: 1.6075701904296875e+03, v_e: 1.6075638427734375e+03, x_r: 1.0205177001953125e+03, x_e: 1.0205126953125000e+03, y_r: -5.4344500732421875e+02, y_e: -5.4343872070312500e+02, z_r: 5.9358310699462891e+01, z_e: 5.9354557037353516e+01

#ERR p: [276593], ea: 4, v_r: 1.9831850585937500e+03, v_e: 1.9831777343750000e+03, x_r: 4.9450598144531250e+02, x_e: 4.9450299072265625e+02, y_r: -6.6952508544921875e+02, y_e: -6.6951770019531250e+02, z_r: 1.5976589355468750e+03, z_e: 1.5976486816406250e+03

#ERR p: [276594], ea: 3, v_r: 1.5279237060546875e+03, v_e: 1.5279172363281250e+03, x_r: -1.9879985046386719e+02, x_e: -1.9879985046386719e+02, y_r: -2.2010177612304688e+02, y_e: -2.2009658813476562e+02, z_r: -1.1129360351562500e+03, z_e: -1.1129348144531250e+03

#ERR p: [276595], ea: 4, v_r: 1.1851230468750000e+03, v_e: 1.1851187744140625e+03, x_r: 7.0028442382812500e+01, x_e: 7.0027572631835938e+01, y_r: -8.5439544677734375e+02, y_e: -8.5438934326171875e+02, z_r: 7.2812390136718750e+02, z_e: 7.2811871337890625e+02

#ERR p: [276596], ea: 4, v_r: 1.0788819580078125e+03, v_e: 1.0788776855468750e+03, x_r: -7.6252844238281250e+02, x_e: -7.6252587890625000e+02, y_r: -3.6149914550781250e+02, y_e: -3.6149487304687500e+02, z_r: 4.3864509582519531e+01, z_e: 4.3861923217773438e+01

#ERR p: [276597], ea: 4, v_r: 1.2879478759765625e+03, v_e: 1.2879426269531250e+03, x_r: 8.1724713134765625e+02, x_e: 8.1724291992187500e+02, y_r: 5.9212459564208984e+01, y_e: 5.9215618133544922e+01, z_r: -1.9981927490234375e+02, z_e: -1.9982138061523438e+02

#ERR p: [276598], ea: 3, v_r: 1.7811560058593750e+03, v_e: 1.7811484375000000e+03, x_r: -9.2226208496093750e+02, x_e: -9.2225909423828125e+02, y_r: 1.1117884521484375e+03, y_e: 1.1117884521484375e+03, z_r: 4.1243728637695312e+02, z_e: 4.1243124389648438e+02

#ERR p: [276599], ea: 3, v_r: 1.9886793212890625e+03, v_e: 1.9886713867187500e+03, x_r: 1.2541159667968750e+03, x_e: 1.2541096191406250e+03, y_r: 1.2358839111328125e+03, y_e: 1.2358839111328125e+03, z_r: 1.5989927978515625e+03, z_e: 1.5989818115234375e+03

#SDC Ite:821 KerTime:1.194721 AccTime:982.039743 KerErr:100 AccErr:280
#IT Ite:830 KerTime:1.194630 AccTime:992.792544
#IT Ite:840 KerTime:1.195023 AccTime:1004.738742
#IT Ite:850 KerTime:1.194609 AccTime:1016.686906
#IT Ite:860 KerTime:1.194951 AccTime:1028.632593
#IT Ite:870 KerTime:1.194938 AccTime:1040.578196
