#HEADER simIter:2000 gridSize:1024x1024
#BEGIN Y:2015 M:11 D:20 Time:13:26:36
#IT Ite:0 KerTime:1.918249 AccTime:1.918249
#IT Ite:10 KerTime:1.915063 AccTime:21.063166
#IT Ite:20 KerTime:1.915741 AccTime:40.217165
#ERR r:294.045441 e:294.045410 [0,883]

#ERR r:294.035797 e:294.035767 [0,885]

#ERR r:294.031006 e:294.030975 [0,886]

#ERR r:294.026276 e:294.026245 [0,887]

#ERR r:294.012207 e:294.012177 [0,890]

#ERR r:293.998413 e:293.998383 [0,893]

#ERR r:293.993896 e:293.993866 [0,894]

#ERR r:293.989380 e:293.989349 [0,895]

#ERR r:294.035828 e:294.035797 [1,885]

#ERR r:294.021576 e:294.021545 [1,888]

#ERR r:294.003021 e:294.002991 [1,892]

#ERR r:294.035889 e:294.035858 [2,885]

#ERR r:294.021637 e:294.021606 [2,888]

#ERR r:294.003082 e:294.003052 [2,892]

#ERR r:293.967285 e:293.967255 [2,900]

#ERR r:293.962921 e:293.962891 [2,901]

#ERR r:293.945709 e:293.945679 [2,905]

#ERR r:293.937225 e:293.937195 [2,907]

#ERR r:294.026459 e:294.026428 [3,887]

#ERR r:294.012390 e:294.012360 [3,890]

#ERR r:293.998596 e:293.998566 [3,893]

#ERR r:293.967377 e:293.967346 [3,900]

#ERR r:293.963013 e:293.962982 [3,901]

#ERR r:293.941528 e:293.941498 [3,906]

#ERR r:294.133942 e:294.133911 [4,866]

#ERR r:294.128418 e:294.128387 [4,867]

#ERR r:294.122925 e:294.122894 [4,868]

#ERR r:294.117493 e:294.117462 [4,869]

#ERR r:294.026581 e:294.026550 [4,887]

#ERR r:294.012512 e:294.012482 [4,890]

#ERR r:293.994171 e:293.994141 [4,894]

#ERR r:293.989655 e:293.989624 [4,895]

#ERR r:293.976288 e:293.976257 [4,898]

#ERR r:293.971863 e:293.971832 [4,899]

#ERR r:293.945892 e:293.945862 [4,905]

#ERR r:293.937408 e:293.937378 [4,907]

#ERR r:294.134125 e:294.134094 [5,866]

#ERR r:294.128601 e:294.128571 [5,867]

#ERR r:294.117676 e:294.117645 [5,869]

#ERR r:293.994324 e:293.994293 [5,894]

#ERR r:293.989807 e:293.989777 [5,895]

#ERR r:293.985321 e:293.985291 [5,896]

#ERR r:293.980865 e:293.980835 [5,897]

#ERR r:293.972015 e:293.971985 [5,899]

#ERR r:293.967621 e:293.967590 [5,900]

#ERR r:293.963257 e:293.963226 [5,901]

#ERR r:293.946014 e:293.945984 [5,905]

#ERR r:293.937531 e:293.937500 [5,907]

#ERR r:294.145599 e:294.145569 [6,864]

#ERR r:294.128815 e:294.128784 [6,867]

#ERR r:294.123352 e:294.123322 [6,868]

#ERR r:293.994507 e:293.994476 [6,894]

#ERR r:293.989990 e:293.989960 [6,895]

#ERR r:293.976593 e:293.976562 [6,898]

#ERR r:293.972168 e:293.972137 [6,899]

#ERR r:293.941895 e:293.941864 [6,906]

#ERR r:294.140198 e:294.140167 [7,865]

#ERR r:294.134613 e:294.134583 [7,866]

#ERR r:294.129089 e:294.129059 [7,867]

#ERR r:294.118164 e:294.118134 [7,869]

#ERR r:294.112762 e:294.112732 [7,870]

#ERR r:293.985687 e:293.985657 [7,896]

#ERR r:294.151886 e:294.151855 [8,863]

#ERR r:294.140503 e:294.140472 [8,865]

#ERR r:294.134918 e:294.134888 [8,866]

#ERR r:294.129395 e:294.129364 [8,867]

#ERR r:294.123901 e:294.123871 [8,868]

#ERR r:294.113037 e:294.113007 [8,870]

#ERR r:294.107697 e:294.107666 [8,871]

#ERR r:294.004059 e:294.004028 [8,892]

#ERR r:293.999481 e:293.999451 [8,893]

#ERR r:293.994934 e:293.994904 [8,894]

#ERR r:293.990417 e:293.990387 [8,895]

#ERR r:294.163818 e:294.163788 [9,861]

#ERR r:294.152222 e:294.152191 [9,863]

#ERR r:294.146515 e:294.146484 [9,864]

#ERR r:294.129730 e:294.129700 [9,867]

#ERR r:294.124237 e:294.124207 [9,868]

#ERR r:294.118774 e:294.118744 [9,869]

#ERR r:294.113373 e:294.113342 [9,870]

#ERR r:294.056702 e:294.056671 [9,881]

#ERR r:294.051788 e:294.051758 [9,882]

#ERR r:293.990662 e:293.990631 [9,895]

#ERR r:293.964050 e:293.964020 [9,901]

#ERR r:293.959686 e:293.959656 [9,902]

#ERR r:293.955353 e:293.955322 [9,903]

#ERR r:293.951050 e:293.951019 [9,904]

#ERR r:294.152618 e:294.152588 [10,863]

#ERR r:294.141235 e:294.141205 [10,865]

#ERR r:294.135651 e:294.135620 [10,866]

#ERR r:294.130096 e:294.130066 [10,867]

#ERR r:294.124603 e:294.124573 [10,868]

#ERR r:294.119141 e:294.119110 [10,869]

#ERR r:294.113739 e:294.113708 [10,870]

#ERR r:294.092560 e:294.092529 [10,874]

#ERR r:294.087372 e:294.087341 [10,875]

#ERR r:294.047211 e:294.047180 [10,883]

#ERR r:294.125000 e:294.124969 [11,868]

#ERR r:294.119537 e:294.119507 [11,869]

#ERR r:294.052460 e:294.052429 [11,882]

#ERR r:294.042694 e:294.042664 [11,884]

#ERR r:294.037872 e:294.037842 [11,885]

#ERR r:294.136505 e:294.136475 [12,866]

#ERR r:294.125427 e:294.125397 [12,868]

#ERR r:294.119965 e:294.119934 [12,869]

#ERR r:294.093353 e:294.093323 [12,874]

#ERR r:294.088165 e:294.088135 [12,875]

#ERR r:294.077881 e:294.077850 [12,877]

#ERR r:294.072784 e:294.072754 [12,878]

#ERR r:294.067749 e:294.067719 [12,879]

#ERR r:294.062744 e:294.062714 [12,880]

#ERR r:294.057770 e:294.057739 [12,881]

#ERR r:294.038239 e:294.038208 [12,885]

#ERR r:293.991577 e:293.991547 [12,895]

#ERR r:293.964905 e:293.964874 [12,901]

#ERR r:293.960541 e:293.960510 [12,902]

#ERR r:294.131409 e:294.131378 [13,867]

#ERR r:294.125885 e:294.125854 [13,868]

#ERR r:294.120422 e:294.120392 [13,869]

#ERR r:294.115021 e:294.114990 [13,870]

#ERR r:294.109650 e:294.109619 [13,871]

#ERR r:294.099030 e:294.098999 [13,873]

#ERR r:294.088593 e:294.088562 [13,875]

#ERR r:294.078308 e:294.078278 [13,877]

#ERR r:294.073212 e:294.073181 [13,878]

#ERR r:294.068176 e:294.068146 [13,879]

#ERR r:294.038635 e:294.038605 [13,885]

#ERR r:293.991943 e:293.991913 [13,895]

#ERR r:293.987427 e:293.987396 [13,896]

#ERR r:293.982941 e:293.982910 [13,897]

#ERR r:293.978485 e:293.978455 [13,898]

#ERR r:293.965240 e:293.965210 [13,901]

#ERR r:293.960876 e:293.960846 [13,902]

#ERR r:294.137482 e:294.137451 [14,866]

#ERR r:294.126404 e:294.126373 [14,868]

#ERR r:294.120941 e:294.120911 [14,869]

#ERR r:294.115509 e:294.115479 [14,870]

#ERR r:294.110138 e:294.110107 [14,871]

#ERR r:294.099518 e:294.099487 [14,873]

#ERR r:294.094269 e:294.094238 [14,874]

#ERR r:294.089050 e:294.089020 [14,875]

#ERR r:294.083893 e:294.083862 [14,876]

#ERR r:294.073669 e:294.073639 [14,878]

#ERR r:294.063599 e:294.063568 [14,880]

#ERR r:294.058624 e:294.058594 [14,881]

#ERR r:294.053680 e:294.053650 [14,882]

#ERR r:294.039062 e:294.039032 [14,885]

#ERR r:294.015320 e:294.015289 [14,890]

#ERR r:293.978851 e:293.978821 [14,898]

#ERR r:294.126923 e:294.126892 [15,868]

#ERR r:294.121460 e:294.121429 [15,869]

#ERR r:294.116028 e:294.115997 [15,870]

#ERR r:294.110657 e:294.110626 [15,871]

#ERR r:294.105316 e:294.105286 [15,872]

#ERR r:294.084381 e:294.084351 [15,876]

#ERR r:294.074158 e:294.074127 [15,878]

#ERR r:294.069092 e:294.069061 [15,879]

#ERR r:294.059082 e:294.059052 [15,881]

#ERR r:294.054138 e:294.054108 [15,882]

#ERR r:294.049225 e:294.049194 [15,883]

#ERR r:294.044342 e:294.044312 [15,884]

#ERR r:294.039520 e:294.039490 [15,885]

#ERR r:294.034698 e:294.034668 [15,886]

#ERR r:294.029907 e:294.029877 [15,887]

#ERR r:294.015747 e:294.015717 [15,890]

#ERR r:294.127502 e:294.127472 [16,868]

#ERR r:294.116577 e:294.116547 [16,870]

#ERR r:294.111206 e:294.111176 [16,871]

#ERR r:294.105865 e:294.105835 [16,872]

#ERR r:294.084900 e:294.084869 [16,876]

#ERR r:294.079773 e:294.079742 [16,877]

#ERR r:294.064575 e:294.064545 [16,880]

#ERR r:294.054626 e:294.054596 [16,882]

#ERR r:294.049713 e:294.049683 [16,883]

#ERR r:294.044830 e:294.044800 [16,884]

#ERR r:294.011536 e:294.011505 [16,891]

#ERR r:294.006897 e:294.006866 [16,892]

#ERR r:294.128082 e:294.128052 [17,868]

#ERR r:294.122620 e:294.122589 [17,869]

#ERR r:294.111786 e:294.111755 [17,871]

#ERR r:294.106445 e:294.106415 [17,872]

#ERR r:294.101135 e:294.101105 [17,873]

#ERR r:294.090637 e:294.090607 [17,875]

#ERR r:294.085449 e:294.085419 [17,876]

#ERR r:294.080322 e:294.080292 [17,877]

#ERR r:294.060120 e:294.060089 [17,881]

#ERR r:294.050232 e:294.050201 [17,883]

#ERR r:294.045349 e:294.045319 [17,884]

#ERR r:294.128693 e:294.128662 [18,868]

#ERR r:294.123230 e:294.123199 [18,869]

#ERR r:294.112396 e:294.112366 [18,871]

#ERR r:294.107025 e:294.106995 [18,872]

#ERR r:294.101715 e:294.101685 [18,873]

#ERR r:294.096466 e:294.096436 [18,874]

#ERR r:294.060669 e:294.060638 [18,881]

#ERR r:294.050781 e:294.050751 [18,883]

#ERR r:294.041016 e:294.040985 [18,885]

#ERR r:294.026611 e:294.026581 [18,888]

#ERR r:294.021881 e:294.021851 [18,889]

#ERR r:294.163361 e:294.163330 [19,862]

#ERR r:294.151794 e:294.151764 [19,864]

#ERR r:294.140472 e:294.140442 [19,866]

#ERR r:294.134888 e:294.134857 [19,867]

#ERR r:294.123871 e:294.123840 [19,869]

#ERR r:294.118408 e:294.118378 [19,870]

#ERR r:294.107666 e:294.107635 [19,872]

#ERR r:294.097076 e:294.097046 [19,874]

#ERR r:294.091827 e:294.091797 [19,875]

#ERR r:294.086639 e:294.086609 [19,876]

#ERR r:294.066254 e:294.066223 [19,880]

#ERR r:294.061249 e:294.061218 [19,881]

#ERR r:294.056274 e:294.056244 [19,882]

#ERR r:294.051331 e:294.051300 [19,883]

#ERR r:294.041565 e:294.041534 [19,885]

#ERR r:294.164062 e:294.164032 [20,862]

#ERR r:294.158234 e:294.158203 [20,863]

#ERR r:294.152496 e:294.152466 [20,864]

#ERR r:294.146790 e:294.146759 [20,865]

#ERR r:294.141144 e:294.141113 [20,866]

#ERR r:294.135559 e:294.135529 [20,867]

#ERR r:294.130035 e:294.130005 [20,868]

#ERR r:294.124542 e:294.124512 [20,869]

#ERR r:294.119080 e:294.119049 [20,870]

#ERR r:294.113678 e:294.113647 [20,871]

#ERR r:294.108307 e:294.108276 [20,872]

#ERR r:294.097687 e:294.097656 [20,874]

#ERR r:294.092468 e:294.092438 [20,875]

#ERR r:294.051910 e:294.051880 [20,883]

#ERR r:294.141876 e:294.141815 [21,866]

#ERR r:294.136292 e:294.136230 [21,867]

#ERR r:294.130737 e:294.130707 [21,868]

#ERR r:294.119781 e:294.119751 [21,870]

#ERR r:294.114349 e:294.114319 [21,871]

#ERR r:294.108978 e:294.108948 [21,872]

#ERR r:294.098358 e:294.098328 [21,874]

#ERR r:294.087921 e:294.087891 [21,876]

#ERR r:294.052521 e:294.052490 [21,883]

#ERR r:293.845551 e:293.845520 [21,931]

#ERR r:294.148254 e:294.148224 [22,865]

#ERR r:294.142609 e:294.142578 [22,866]

#ERR r:294.131470 e:294.131409 [22,868]

#ERR r:294.125946 e:294.125916 [22,869]

#ERR r:294.120483 e:294.120453 [22,870]

#ERR r:294.088593 e:294.088562 [22,876]

#ERR r:294.058105 e:294.058075 [22,882]

#ERR r:294.053162 e:294.053131 [22,883]

#ERR r:293.849792 e:293.849762 [22,930]

#ERR r:293.842072 e:293.842041 [22,932]

#ERR r:294.143372 e:294.143341 [23,866]

#ERR r:294.132202 e:294.132172 [23,868]

#ERR r:294.126678 e:294.126648 [23,869]

#ERR r:294.121216 e:294.121185 [23,870]

#ERR r:294.115784 e:294.115753 [23,871]

#ERR r:294.110413 e:294.110382 [23,872]

#ERR r:294.099762 e:294.099731 [23,874]

#ERR r:294.094513 e:294.094482 [23,875]

#ERR r:294.048889 e:294.048859 [23,884]

#ERR r:294.034302 e:294.034271 [23,887]

#ERR r:294.015289 e:294.015259 [23,891]

#ERR r:294.010620 e:294.010590 [23,892]

#ERR r:294.005981 e:294.005951 [23,893]

#ERR r:293.850189 e:293.850159 [23,930]

#ERR r:293.846313 e:293.846283 [23,931]

#ERR r:293.830963 e:293.830933 [23,935]

#ERR r:294.167145 e:294.167114 [24,862]

#ERR r:294.161316 e:294.161285 [24,863]

#ERR r:294.144165 e:294.144135 [24,866]

#ERR r:294.121979 e:294.121948 [24,870]

#ERR r:294.116547 e:294.116516 [24,871]

#ERR r:294.105804 e:294.105774 [24,873]

#ERR r:294.100494 e:294.100464 [24,874]

#ERR r:294.095245 e:294.095215 [24,875]

#ERR r:294.069489 e:294.069458 [24,880]

#ERR r:294.064453 e:294.064423 [24,881]

#ERR r:294.059448 e:294.059418 [24,882]

#ERR r:294.049561 e:294.049530 [24,884]

#ERR r:294.044647 e:294.044617 [24,885]

#ERR r:294.039795 e:294.039764 [24,886]

#ERR r:294.006592 e:294.006561 [24,893]

#ERR r:293.854462 e:293.854431 [24,929]

#ERR r:293.846710 e:293.846680 [24,931]

#ERR r:293.842834 e:293.842804 [24,932]

#ERR r:293.827545 e:293.827515 [24,936]

#ERR r:294.122772 e:294.122742 [25,870]

#ERR r:294.106567 e:294.106537 [25,873]

#ERR r:294.101257 e:294.101227 [25,874]

#ERR r:294.090759 e:294.090729 [25,876]

#ERR r:294.075287 e:294.075256 [25,879]

#ERR r:294.065155 e:294.065125 [25,881]

#ERR r:294.060150 e:294.060120 [25,882]

#ERR r:294.055176 e:294.055145 [25,883]

#ERR r:294.050232 e:294.050201 [25,884]

#ERR r:294.045319 e:294.045288 [25,885]

#ERR r:294.040466 e:294.040436 [25,886]

#ERR r:294.026031 e:294.026001 [25,889]

#ERR r:294.007233 e:294.007202 [25,893]

#ERR r:294.002594 e:294.002563 [25,894]

#ERR r:293.997986 e:293.997955 [25,895]

#ERR r:293.854858 e:293.854828 [25,929]

#ERR r:293.850983 e:293.850952 [25,930]

#ERR r:293.847107 e:293.847076 [25,931]

#ERR r:293.839386 e:293.839355 [25,933]

#ERR r:293.831726 e:293.831696 [25,935]

#ERR r:293.824127 e:293.824097 [25,937]

#ERR r:293.816589 e:293.816559 [25,939]

#ERR r:293.805389 e:293.805359 [25,942]

#ERR r:294.118134 e:294.118103 [26,871]

#ERR r:294.107361 e:294.107330 [26,873]

#ERR r:294.091522 e:294.091492 [26,876]

#ERR r:294.086304 e:294.086273 [26,877]

#ERR r:294.081146 e:294.081116 [26,878]

#ERR r:294.076019 e:294.075989 [26,879]

#ERR r:294.065887 e:294.065857 [26,881]

#ERR r:294.060883 e:294.060852 [26,882]

#ERR r:294.026703 e:294.026672 [26,889]

#ERR r:294.007874 e:294.007843 [26,893]

#ERR r:294.003235 e:294.003204 [26,894]

#ERR r:293.998627 e:293.998596 [26,895]

#ERR r:293.859222 e:293.859192 [26,928]

#ERR r:293.855286 e:293.855255 [26,929]

#ERR r:293.851379 e:293.851349 [26,930]

#ERR r:293.843658 e:293.843628 [26,932]

#ERR r:293.839783 e:293.839752 [26,933]

#ERR r:293.835938 e:293.835907 [26,934]

#ERR r:293.832123 e:293.832092 [26,935]

#ERR r:293.828308 e:293.828278 [26,936]

#ERR r:293.820709 e:293.820679 [26,938]

#ERR r:293.816956 e:293.816925 [26,939]

#ERR r:293.813202 e:293.813171 [26,940]

#ERR r:293.809448 e:293.809418 [26,941]

#ERR r:293.805725 e:293.805695 [26,942]

#ERR r:293.802032 e:293.802002 [26,943]

#ERR r:294.129913 e:294.129883 [27,869]

#ERR r:294.124420 e:294.124390 [27,870]

#ERR r:294.118958 e:294.118927 [27,871]

#ERR r:294.102844 e:294.102814 [27,874]

#ERR r:294.097534 e:294.097504 [27,875]

#ERR r:294.092316 e:294.092255 [27,876]

#ERR r:294.087097 e:294.087067 [27,877]

#ERR r:294.081909 e:294.081879 [27,878]

#ERR r:294.076782 e:294.076752 [27,879]

#ERR r:294.071686 e:294.071655 [27,880]

#ERR r:294.061615 e:294.061584 [27,882]

#ERR r:294.051666 e:294.051636 [27,884]

#ERR r:294.046753 e:294.046722 [27,885]

#ERR r:294.041870 e:294.041840 [27,886]

#ERR r:294.037018 e:294.036987 [27,887]

#ERR r:294.032196 e:294.032166 [27,888]

#ERR r:294.027405 e:294.027374 [27,889]

#ERR r:294.022644 e:294.022614 [27,890]

#ERR r:294.017914 e:294.017883 [27,891]

#ERR r:294.013214 e:294.013184 [27,892]

#ERR r:294.008545 e:294.008514 [27,893]

#ERR r:293.875519 e:293.875488 [27,924]

#ERR r:293.871521 e:293.871490 [27,925]

#ERR r:293.855743 e:293.855713 [27,929]

#ERR r:293.851837 e:293.851776 [27,930]

#ERR r:293.847931 e:293.847900 [27,931]

#ERR r:293.844055 e:293.844025 [27,932]

#ERR r:293.832520 e:293.832489 [27,935]

#ERR r:293.828705 e:293.828674 [27,936]

#ERR r:293.824890 e:293.824860 [27,937]

#ERR r:293.821106 e:293.821075 [27,938]

#ERR r:293.817322 e:293.817291 [27,939]

#ERR r:293.813568 e:293.813538 [27,940]

#ERR r:293.809814 e:293.809784 [27,941]

#ERR r:293.802368 e:293.802338 [27,943]

#ERR r:294.114380 e:294.114349 [28,872]

#ERR r:294.109009 e:294.108948 [28,873]

#ERR r:294.103668 e:294.103638 [28,874]

#ERR r:294.098358 e:294.098328 [28,875]

#ERR r:294.093109 e:294.093079 [28,876]

#ERR r:294.087891 e:294.087860 [28,877]

#ERR r:294.082703 e:294.082672 [28,878]

#ERR r:294.077576 e:294.077545 [28,879]

#ERR r:294.057373 e:294.057343 [28,883]

#ERR r:294.052429 e:294.052399 [28,884]

#ERR r:294.047485 e:294.047455 [28,885]

#ERR r:294.042603 e:294.042572 [28,886]

#ERR r:294.037750 e:294.037720 [28,887]

#ERR r:294.032928 e:294.032898 [28,888]

#ERR r:294.028107 e:294.028076 [28,889]

#ERR r:294.023346 e:294.023315 [28,890]

#ERR r:294.018616 e:294.018585 [28,891]

#ERR r:294.013916 e:294.013885 [28,892]

#ERR r:294.009247 e:294.009216 [28,893]

#ERR r:293.875977 e:293.875946 [28,924]

#ERR r:293.868011 e:293.867981 [28,926]

#ERR r:293.860107 e:293.860077 [28,928]

#ERR r:293.852264 e:293.852234 [28,930]

#ERR r:293.848389 e:293.848358 [28,931]

#ERR r:293.844482 e:293.844452 [28,932]

#ERR r:293.840607 e:293.840576 [28,933]

#ERR r:293.836761 e:293.836731 [28,934]

#ERR r:293.829102 e:293.829071 [28,936]

#ERR r:293.821503 e:293.821472 [28,938]

#ERR r:293.817719 e:293.817688 [28,939]

#ERR r:293.810181 e:293.810150 [28,941]

#ERR r:294.109833 e:294.109802 [29,873]

#ERR r:294.104492 e:294.104462 [29,874]

#ERR r:294.099182 e:294.099152 [29,875]

#ERR r:294.093933 e:294.093903 [29,876]

#ERR r:294.088715 e:294.088654 [29,877]

#ERR r:294.083527 e:294.083466 [29,878]

#ERR r:294.078369 e:294.078339 [29,879]

#ERR r:294.053192 e:294.053162 [29,884]

#ERR r:294.048248 e:294.048218 [29,885]

#ERR r:294.038483 e:294.038452 [29,887]

#ERR r:294.033661 e:294.033630 [29,888]

#ERR r:294.028839 e:294.028809 [29,889]

#ERR r:294.024078 e:294.024048 [29,890]

#ERR r:294.019348 e:294.019318 [29,891]

#ERR r:294.014618 e:294.014587 [29,892]

#ERR r:294.009949 e:294.009918 [29,893]

#ERR r:293.872467 e:293.872437 [29,925]

#ERR r:293.864532 e:293.864502 [29,927]

#ERR r:293.856659 e:293.856628 [29,929]

#ERR r:293.852722 e:293.852692 [29,930]

#ERR r:293.848816 e:293.848785 [29,931]

#ERR r:293.844940 e:293.844910 [29,932]

#ERR r:293.833344 e:293.833313 [29,935]

#ERR r:293.825714 e:293.825684 [29,937]

#ERR r:293.821899 e:293.821869 [29,938]

#ERR r:293.818115 e:293.818085 [29,939]

#ERR r:293.814331 e:293.814301 [29,940]

#ERR r:293.810577 e:293.810547 [29,941]

#ERR r:294.116089 e:294.116058 [30,872]

#ERR r:294.110687 e:294.110657 [30,873]

#ERR r:294.105347 e:294.105316 [30,874]

#ERR r:294.100037 e:294.100006 [30,875]

#ERR r:294.094788 e:294.094757 [30,876]

#ERR r:294.089539 e:294.089508 [30,877]

#ERR r:294.084351 e:294.084320 [30,878]

#ERR r:294.079193 e:294.079163 [30,879]

#ERR r:294.074066 e:294.074036 [30,880]

#ERR r:294.069000 e:294.068970 [30,881]

#ERR r:294.063965 e:294.063934 [30,882]

#ERR r:294.044128 e:294.044098 [30,886]

#ERR r:294.039246 e:294.039215 [30,887]

#ERR r:294.029602 e:294.029572 [30,889]

#ERR r:294.020081 e:294.020050 [30,891]

#ERR r:294.015350 e:294.015320 [30,892]

#ERR r:294.006012 e:294.005981 [30,894]

#ERR r:294.001373 e:294.001343 [30,895]

#ERR r:293.864990 e:293.864960 [30,927]

#ERR r:293.861053 e:293.861023 [30,928]

#ERR r:293.857117 e:293.857086 [30,929]

#ERR r:293.849274 e:293.849243 [30,931]

#ERR r:293.841492 e:293.841461 [30,933]

#ERR r:293.837616 e:293.837585 [30,934]

#ERR r:293.829926 e:293.829895 [30,936]

#ERR r:293.826111 e:293.826080 [30,937]

#ERR r:293.818512 e:293.818481 [30,939]

#ERR r:293.814728 e:293.814697 [30,940]

#ERR r:293.807190 e:293.807159 [30,942]

#ERR r:294.116974 e:294.116943 [31,872]

#ERR r:294.111572 e:294.111542 [31,873]

#ERR r:294.106232 e:294.106171 [31,874]

#ERR r:294.100891 e:294.100861 [31,875]

#ERR r:294.095642 e:294.095612 [31,876]

#ERR r:294.090393 e:294.090363 [31,877]

#ERR r:294.085205 e:294.085175 [31,878]

#ERR r:294.080048 e:294.080017 [31,879]

#ERR r:294.074921 e:294.074890 [31,880]

#ERR r:294.069824 e:294.069794 [31,881]

#ERR r:294.064789 e:294.064758 [31,882]

#ERR r:294.054779 e:294.054749 [31,884]

#ERR r:294.049835 e:294.049805 [31,885]

#ERR r:294.044922 e:294.044891 [31,886]

#ERR r:294.040039 e:294.040009 [31,887]

#ERR r:294.035187 e:294.035156 [31,888]

#ERR r:294.030365 e:294.030334 [31,889]

#ERR r:294.006744 e:294.006714 [31,894]

#ERR r:294.002106 e:294.002075 [31,895]

#ERR r:293.865479 e:293.865448 [31,927]

#ERR r:293.861511 e:293.861481 [31,928]

#ERR r:293.853668 e:293.853638 [31,930]

#ERR r:293.849731 e:293.849701 [31,931]

#ERR r:293.845825 e:293.845795 [31,932]

#ERR r:293.841949 e:293.841919 [31,933]

#ERR r:293.822723 e:293.822693 [31,938]

#ERR r:293.818909 e:293.818878 [31,939]

#ERR r:293.815125 e:293.815094 [31,940]

#ERR r:293.811340 e:293.811310 [31,941]

#ERR r:293.807587 e:293.807556 [31,942]

#ERR r:294.107117 e:294.107086 [32,874]

#ERR r:294.101807 e:294.101746 [32,875]

#ERR r:294.096527 e:294.096466 [32,876]

#ERR r:294.091278 e:294.091217 [32,877]

#ERR r:294.086060 e:294.086029 [32,878]

#ERR r:294.080902 e:294.080872 [32,879]

#ERR r:294.075775 e:294.075745 [32,880]

#ERR r:294.070679 e:294.070618 [32,881]

#ERR r:294.065613 e:294.065582 [32,882]

#ERR r:294.055603 e:294.055573 [32,884]

#ERR r:294.045715 e:294.045685 [32,886]

#ERR r:294.040833 e:294.040802 [32,887]

#ERR r:294.035980 e:294.035950 [32,888]

#ERR r:294.031158 e:294.031128 [32,889]

#ERR r:294.002838 e:294.002808 [32,895]

#SDC Ite:23 KerTime:1.919780 AccTime:45.970461 KerErr:1356 AccErr:1356
#ABORT too many errors per iteration
#END