#HEADER execution_type:yolo execution_model:valid img_list_path:/home/carol/radiation-benchmarks/data/networks_img_list/caltech.pedestrians.critical.1K.txt weights:/home/carol/radiation-benchmarks/data/darknet/yolo.weights config_file:/home/carol/radiation-benchmarks/data/darknet/yolo.cfg iterations:10000 abft: dumb_abft
#BEGIN Y:2016 M:12 D:12 Time:16:17:51
#IT Ite:0 KerTime:0.440598 AccTime:0.440598
#IT Ite:1 KerTime:0.357868 AccTime:0.798466
#IT Ite:2 KerTime:0.352506 AccTime:1.150972
#IT Ite:3 KerTime:0.352856 AccTime:1.503828
#IT Ite:4 KerTime:0.352709 AccTime:1.856537
#IT Ite:5 KerTime:0.352804 AccTime:2.209341
#IT Ite:6 KerTime:0.352578 AccTime:2.561919
#IT Ite:7 KerTime:0.352911 AccTime:2.914830
#IT Ite:8 KerTime:0.352860 AccTime:3.267690
#IT Ite:9 KerTime:0.352672 AccTime:3.620362
#IT Ite:10 KerTime:0.353162 AccTime:3.973524
#IT Ite:11 KerTime:0.352862 AccTime:4.326386
#IT Ite:12 KerTime:0.352756 AccTime:4.679142
#IT Ite:13 KerTime:0.352795 AccTime:5.031937
#IT Ite:14 KerTime:0.353003 AccTime:5.384940
#IT Ite:15 KerTime:0.352807 AccTime:5.737747
#IT Ite:16 KerTime:0.352673 AccTime:6.090420
#IT Ite:17 KerTime:0.353299 AccTime:6.443719
#IT Ite:18 KerTime:0.352857 AccTime:6.796576
#IT Ite:19 KerTime:0.353088 AccTime:7.149664
#IT Ite:20 KerTime:0.353002 AccTime:7.502666
#IT Ite:21 KerTime:0.352778 AccTime:7.855444
#IT Ite:22 KerTime:0.352787 AccTime:8.208231
#IT Ite:23 KerTime:0.352619 AccTime:8.560850
#IT Ite:24 KerTime:0.353134 AccTime:8.913984
#IT Ite:25 KerTime:0.352767 AccTime:9.266751
#IT Ite:26 KerTime:0.352417 AccTime:9.619168
#IT Ite:27 KerTime:0.352738 AccTime:9.971906
#IT Ite:28 KerTime:0.352859 AccTime:10.324765
#IT Ite:29 KerTime:0.352423 AccTime:10.677188
#IT Ite:30 KerTime:0.353152 AccTime:11.030340
#IT Ite:31 KerTime:0.352817 AccTime:11.383157
#IT Ite:32 KerTime:0.353098 AccTime:11.736255
#IT Ite:33 KerTime:0.352784 AccTime:12.089039
#IT Ite:34 KerTime:0.352786 AccTime:12.441825
#IT Ite:35 KerTime:0.352900 AccTime:12.794725
#IT Ite:36 KerTime:0.353080 AccTime:13.147805
#IT Ite:37 KerTime:0.352622 AccTime:13.500427
#IT Ite:38 KerTime:0.352687 AccTime:13.853114
#IT Ite:39 KerTime:0.352628 AccTime:14.205742
#IT Ite:40 KerTime:0.353133 AccTime:14.558875
#IT Ite:41 KerTime:0.353112 AccTime:14.911987
#IT Ite:42 KerTime:0.352804 AccTime:15.264791
#IT Ite:43 KerTime:0.352632 AccTime:15.617423
#IT Ite:44 KerTime:0.353146 AccTime:15.970569
#IT Ite:45 KerTime:0.352827 AccTime:16.323396
#IT Ite:46 KerTime:0.352690 AccTime:16.676086
#IT Ite:47 KerTime:0.353008 AccTime:17.029094
#IT Ite:48 KerTime:0.352708 AccTime:17.381802
#ERR image_list_position: [48] boxes: [17]  x_r: 5.0556372070312500e+02 x_e: 5.0555841064453125e+02 x_diff: 5.3100585937500000e-03 y_r: 3.7233737945556641e+01 y_e: 3.7233665466308594e+01 y_diff: 7.2479248046875000e-05 w_r: 5.2731609344482422e+01 w_e: 5.2735366821289062e+01 w_diff: 3.7574768066406250e-03 h_r: 4.0895931243896484e+01 h_e: 4.0895782470703125e+01 h_diff: 1.4877319335937500e-04
#ERR image_list_position: [48] boxes: [38]  x_r: 5.0781250000000000e+02 x_e: 5.0780648803710938e+02 x_diff: 6.0119628906250000e-03 y_r: 1.0912938690185547e+02 y_e: 1.0912960052490234e+02 y_diff: 2.1362304687500000e-04 w_r: 3.6317737579345703e+01 w_e: 3.6320373535156250e+01 w_diff: 2.6359558105468750e-03 h_r: 5.9577453613281250e+01 h_e: 5.9577735900878906e+01 h_diff: 2.8228759765625000e-04
#ERR image_list_position: [48] probs: [38,14]  prob_r: 2.0395589526742697e-03 prob_e: 2.0306461956351995e-03
#ERR image_list_position: [48] boxes: [82]  x_r: 5.9597473144531250e+02 x_e: 5.9597442626953125e+02 x_diff: 3.0517578125000000e-04 y_r: 2.3256718444824219e+02 y_e: 2.3256680297851562e+02 y_diff: 3.8146972656250000e-04 w_r: 3.8959651947021484e+01 w_e: 3.8959461212158203e+01 w_diff: 1.9073486328125000e-04 h_r: 1.2395954895019531e+02 h_e: 1.2395218658447266e+02 h_diff: 7.3623657226562500e-03
#ERR image_list_position: [48] boxes: [83]  x_r: 6.2920654296875000e+02 x_e: 6.2920635986328125e+02 x_diff: 1.8310546875000000e-04 y_r: 2.3108712768554688e+02 y_e: 2.3108776855468750e+02 y_diff: 6.4086914062500000e-04 w_r: 1.6414026260375977e+01 w_e: 1.6413740158081055e+01 w_diff: 2.8610229492187500e-04 h_r: 8.2889541625976562e+01 h_e: 8.2884407043457031e+01 h_diff: 5.1345825195312500e-03
#ERR image_list_position: [48] probs: [83,1]  prob_r: 2.5024535134434700e-03 prob_e: 2.5024891365319490e-03
#ERR image_list_position: [48] probs: [83,6]  prob_r: 6.2873470596969128e-03 prob_e: 6.2876017764210701e-03
#ERR image_list_position: [48] probs: [83,13]  prob_r: 1.5494743129238486e-03 prob_e: 1.5495092375203967e-03
#ERR image_list_position: [48] probs: [83,14]  prob_r: 1.6595808789134026e-02 prob_e: 1.6596816480159760e-02
#SDC Ite:48 KerTime:0.352708 AccTime:17.381802 KerErr:4 AccErr:4
#IT Ite:49 KerTime:0.352474 AccTime:17.734276
#IT Ite:50 KerTime:0.352848 AccTime:18.087124
#IT Ite:51 KerTime:0.353223 AccTime:18.440347
#IT Ite:52 KerTime:0.352955 AccTime:18.793302
#IT Ite:53 KerTime:0.352570 AccTime:19.145872
#IT Ite:54 KerTime:0.353006 AccTime:19.498878
#IT Ite:55 KerTime:0.352511 AccTime:19.851389
#IT Ite:56 KerTime:0.353063 AccTime:20.204452
#IT Ite:57 KerTime:0.352624 AccTime:20.557076
#IT Ite:58 KerTime:0.352851 AccTime:20.909927
#IT Ite:59 KerTime:0.352943 AccTime:21.262870
#IT Ite:60 KerTime:0.353042 AccTime:21.615912
#IT Ite:61 KerTime:0.352822 AccTime:21.968734
#IT Ite:62 KerTime:0.352898 AccTime:22.321632
#IT Ite:63 KerTime:0.352932 AccTime:22.674564
#IT Ite:64 KerTime:0.352447 AccTime:23.027011
#IT Ite:65 KerTime:0.352814 AccTime:23.379825
#IT Ite:66 KerTime:0.352722 AccTime:23.732547
#IT Ite:67 KerTime:0.353246 AccTime:24.085793
#IT Ite:68 KerTime:0.352702 AccTime:24.438495
#IT Ite:69 KerTime:0.353623 AccTime:24.792118
#IT Ite:70 KerTime:0.352682 AccTime:25.144800
#IT Ite:71 KerTime:0.352975 AccTime:25.497775
#IT Ite:72 KerTime:0.352644 AccTime:25.850419
#IT Ite:73 KerTime:0.352904 AccTime:26.203323
#IT Ite:74 KerTime:0.353277 AccTime:26.556600
#IT Ite:75 KerTime:0.353101 AccTime:26.909701
#IT Ite:76 KerTime:0.353027 AccTime:27.262728
#IT Ite:77 KerTime:0.352976 AccTime:27.615704
#IT Ite:78 KerTime:0.352417 AccTime:27.968121
#IT Ite:79 KerTime:0.353027 AccTime:28.321148
#IT Ite:80 KerTime:0.353016 AccTime:28.674164
#IT Ite:81 KerTime:0.352959 AccTime:29.027123
#IT Ite:82 KerTime:0.352997 AccTime:29.380120
#IT Ite:83 KerTime:0.352954 AccTime:29.733074
#IT Ite:84 KerTime:0.353141 AccTime:30.086215
#IT Ite:85 KerTime:0.352906 AccTime:30.439121
#IT Ite:86 KerTime:0.352881 AccTime:30.792002
#IT Ite:87 KerTime:0.353076 AccTime:31.145078
#IT Ite:88 KerTime:0.353446 AccTime:31.498524
#IT Ite:89 KerTime:0.352905 AccTime:31.851429
#IT Ite:90 KerTime:0.353270 AccTime:32.204699
#IT Ite:91 KerTime:0.352747 AccTime:32.557446
#IT Ite:92 KerTime:0.352809 AccTime:32.910255
#IT Ite:93 KerTime:0.352884 AccTime:33.263139
#IT Ite:94 KerTime:0.353135 AccTime:33.616274
#IT Ite:95 KerTime:0.352905 AccTime:33.969179
#IT Ite:96 KerTime:0.353201 AccTime:34.322380
#IT Ite:97 KerTime:0.352652 AccTime:34.675032
#IT Ite:98 KerTime:0.352909 AccTime:35.027941
#IT Ite:99 KerTime:0.352746 AccTime:35.380687
#IT Ite:100 KerTime:0.352738 AccTime:35.733425
#IT Ite:101 KerTime:0.353307 AccTime:36.086732
#IT Ite:102 KerTime:0.353119 AccTime:36.439851
#IT Ite:103 KerTime:0.353161 AccTime:36.793012
#IT Ite:104 KerTime:0.353313 AccTime:37.146325
#IT Ite:105 KerTime:0.353138 AccTime:37.499463
#IT Ite:106 KerTime:0.352637 AccTime:37.852100
#IT Ite:107 KerTime:0.352689 AccTime:38.204789
#IT Ite:108 KerTime:0.353089 AccTime:38.557878
#IT Ite:109 KerTime:0.352838 AccTime:38.910716
#IT Ite:110 KerTime:0.353111 AccTime:39.263827
#IT Ite:111 KerTime:0.352314 AccTime:39.616141
#IT Ite:112 KerTime:0.352516 AccTime:39.968657
#IT Ite:113 KerTime:0.352790 AccTime:40.321447
#IT Ite:114 KerTime:0.353173 AccTime:40.674620
#IT Ite:115 KerTime:0.353045 AccTime:41.027665
#IT Ite:116 KerTime:0.352830 AccTime:41.380495
#IT Ite:117 KerTime:0.353395 AccTime:41.733890
#IT Ite:118 KerTime:0.352855 AccTime:42.086745
#IT Ite:119 KerTime:0.353207 AccTime:42.439952
#IT Ite:120 KerTime:0.352665 AccTime:42.792617
#IT Ite:121 KerTime:0.352779 AccTime:43.145396
#IT Ite:122 KerTime:0.353089 AccTime:43.498485
#IT Ite:123 KerTime:0.352647 AccTime:43.851132
#IT Ite:124 KerTime:0.353155 AccTime:44.204287
#IT Ite:125 KerTime:0.353133 AccTime:44.557420
#IT Ite:126 KerTime:0.353232 AccTime:44.910652
#IT Ite:127 KerTime:0.353344 AccTime:45.263996
#IT Ite:128 KerTime:0.352930 AccTime:45.616926
#IT Ite:129 KerTime:0.352734 AccTime:45.969660
#IT Ite:130 KerTime:0.353040 AccTime:46.322700
#IT Ite:131 KerTime:0.353056 AccTime:46.675756
#IT Ite:132 KerTime:0.353195 AccTime:47.028951
#IT Ite:133 KerTime:0.353184 AccTime:47.382135
#IT Ite:134 KerTime:0.353009 AccTime:47.735144
#IT Ite:135 KerTime:0.352944 AccTime:48.088088
#IT Ite:136 KerTime:0.353156 AccTime:48.441244
#IT Ite:137 KerTime:0.352926 AccTime:48.794170
#IT Ite:138 KerTime:0.352874 AccTime:49.147044
#IT Ite:139 KerTime:0.352831 AccTime:49.499875
#IT Ite:140 KerTime:0.352392 AccTime:49.852267
#IT Ite:141 KerTime:0.352659 AccTime:50.204926
#IT Ite:142 KerTime:0.352969 AccTime:50.557895
#IT Ite:143 KerTime:0.352306 AccTime:50.910201
#IT Ite:144 KerTime:0.352982 AccTime:51.263183
#IT Ite:145 KerTime:0.352825 AccTime:51.616008
#IT Ite:146 KerTime:0.352839 AccTime:51.968847
#IT Ite:147 KerTime:0.352610 AccTime:52.321457
#IT Ite:148 KerTime:0.352728 AccTime:52.674185
#IT Ite:149 KerTime:0.353140 AccTime:53.027325
#IT Ite:150 KerTime:0.352301 AccTime:53.379626
#IT Ite:151 KerTime:0.352885 AccTime:53.732511
#IT Ite:152 KerTime:0.352618 AccTime:54.085129
#IT Ite:153 KerTime:0.353322 AccTime:54.438451
#IT Ite:154 KerTime:0.353146 AccTime:54.791597
#IT Ite:155 KerTime:0.352799 AccTime:55.144396
#IT Ite:156 KerTime:0.352811 AccTime:55.497207
#IT Ite:157 KerTime:0.353007 AccTime:55.850214
#IT Ite:158 KerTime:0.352966 AccTime:56.203180
#IT Ite:159 KerTime:0.353089 AccTime:56.556269
#IT Ite:160 KerTime:0.353149 AccTime:56.909418
#IT Ite:161 KerTime:0.352691 AccTime:57.262109
#IT Ite:162 KerTime:0.352550 AccTime:57.614659
#IT Ite:163 KerTime:0.352406 AccTime:57.967065
#IT Ite:164 KerTime:0.352682 AccTime:58.319747
#IT Ite:165 KerTime:0.352856 AccTime:58.672603
#IT Ite:166 KerTime:0.353254 AccTime:59.025857
#IT Ite:167 KerTime:0.352861 AccTime:59.378718
#IT Ite:168 KerTime:0.353051 AccTime:59.731769
#IT Ite:169 KerTime:0.352396 AccTime:60.084165
#IT Ite:170 KerTime:0.352682 AccTime:60.436847
#IT Ite:171 KerTime:0.352528 AccTime:60.789375
#IT Ite:172 KerTime:0.352641 AccTime:61.142016
#IT Ite:173 KerTime:0.353233 AccTime:61.495249
#IT Ite:174 KerTime:0.353055 AccTime:61.848304
#IT Ite:175 KerTime:0.352819 AccTime:62.201123
#IT Ite:176 KerTime:0.353220 AccTime:62.554343
#IT Ite:177 KerTime:0.352976 AccTime:62.907319
#IT Ite:178 KerTime:0.353045 AccTime:63.260364
#IT Ite:179 KerTime:0.353107 AccTime:63.613471
#IT Ite:180 KerTime:0.352820 AccTime:63.966291
#IT Ite:181 KerTime:0.352706 AccTime:64.318997
#IT Ite:182 KerTime:0.353113 AccTime:64.672110
#IT Ite:183 KerTime:0.352529 AccTime:65.024639
#IT Ite:184 KerTime:0.352681 AccTime:65.377320
#IT Ite:185 KerTime:0.352941 AccTime:65.730261
#IT Ite:186 KerTime:0.353026 AccTime:66.083287
#IT Ite:187 KerTime:0.352837 AccTime:66.436124
#IT Ite:188 KerTime:0.353203 AccTime:66.789327
#IT Ite:189 KerTime:0.352931 AccTime:67.142258
#IT Ite:190 KerTime:0.352645 AccTime:67.494903
#IT Ite:191 KerTime:0.352990 AccTime:67.847893
#IT Ite:192 KerTime:0.352823 AccTime:68.200716
#IT Ite:193 KerTime:0.352479 AccTime:68.553195
#IT Ite:194 KerTime:0.353053 AccTime:68.906248
#IT Ite:195 KerTime:0.352610 AccTime:69.258858
#IT Ite:196 KerTime:0.352330 AccTime:69.611188
#IT Ite:197 KerTime:0.352795 AccTime:69.963983
#IT Ite:198 KerTime:0.352890 AccTime:70.316873
#IT Ite:199 KerTime:0.353298 AccTime:70.670171
#IT Ite:200 KerTime:0.353238 AccTime:71.023409
#IT Ite:201 KerTime:0.352576 AccTime:71.375985
#IT Ite:202 KerTime:0.352957 AccTime:71.728942
#IT Ite:203 KerTime:0.353180 AccTime:72.082122
#IT Ite:204 KerTime:0.352620 AccTime:72.434742
#IT Ite:205 KerTime:0.353067 AccTime:72.787809
#IT Ite:206 KerTime:0.353186 AccTime:73.140995
#IT Ite:207 KerTime:0.352602 AccTime:73.493597
#IT Ite:208 KerTime:0.352620 AccTime:73.846217
#IT Ite:209 KerTime:0.353175 AccTime:74.199392
#IT Ite:210 KerTime:0.353085 AccTime:74.552477
#IT Ite:211 KerTime:0.353198 AccTime:74.905675
#IT Ite:212 KerTime:0.352787 AccTime:75.258462
#IT Ite:213 KerTime:0.353106 AccTime:75.611568
#IT Ite:214 KerTime:0.352794 AccTime:75.964362
#IT Ite:215 KerTime:0.352537 AccTime:76.316899
#IT Ite:216 KerTime:0.352864 AccTime:76.669763
#IT Ite:217 KerTime:0.352739 AccTime:77.022502
#IT Ite:218 KerTime:0.353284 AccTime:77.375786
#IT Ite:219 KerTime:0.352658 AccTime:77.728444
#IT Ite:220 KerTime:0.352218 AccTime:78.080662
#IT Ite:221 KerTime:0.353112 AccTime:78.433774
#IT Ite:222 KerTime:0.352609 AccTime:78.786383
#IT Ite:223 KerTime:0.352929 AccTime:79.139312
#IT Ite:224 KerTime:0.352959 AccTime:79.492271
#IT Ite:225 KerTime:0.353007 AccTime:79.845278
#IT Ite:226 KerTime:0.353107 AccTime:80.198385
#IT Ite:227 KerTime:0.352731 AccTime:80.551116
#IT Ite:228 KerTime:0.353255 AccTime:80.904371
#IT Ite:229 KerTime:0.353164 AccTime:81.257535
#IT Ite:230 KerTime:0.352750 AccTime:81.610285
#IT Ite:231 KerTime:0.352422 AccTime:81.962707
#IT Ite:232 KerTime:0.353090 AccTime:82.315797
#IT Ite:233 KerTime:0.352830 AccTime:82.668627
#IT Ite:234 KerTime:0.352390 AccTime:83.021017
#IT Ite:235 KerTime:0.353047 AccTime:83.374064
#IT Ite:236 KerTime:0.352816 AccTime:83.726880
#IT Ite:237 KerTime:0.352588 AccTime:84.079468
#IT Ite:238 KerTime:0.352835 AccTime:84.432303
#IT Ite:239 KerTime:0.352886 AccTime:84.785189
#IT Ite:240 KerTime:0.353458 AccTime:85.138647
#IT Ite:241 KerTime:0.352664 AccTime:85.491311
#IT Ite:242 KerTime:0.353041 AccTime:85.844352
#IT Ite:243 KerTime:0.352989 AccTime:86.197341
#IT Ite:244 KerTime:0.353097 AccTime:86.550438
#IT Ite:245 KerTime:0.353155 AccTime:86.903593
#IT Ite:246 KerTime:0.352809 AccTime:87.256402
#IT Ite:247 KerTime:0.352662 AccTime:87.609064
#IT Ite:248 KerTime:0.352984 AccTime:87.962048
#IT Ite:249 KerTime:0.352449 AccTime:88.314497
#IT Ite:250 KerTime:0.352720 AccTime:88.667217
#IT Ite:251 KerTime:0.353211 AccTime:89.020428
#IT Ite:252 KerTime:0.352853 AccTime:89.373281
#IT Ite:253 KerTime:0.352440 AccTime:89.725721
#IT Ite:254 KerTime:0.352846 AccTime:90.078567
#IT Ite:255 KerTime:0.352758 AccTime:90.431325
#IT Ite:256 KerTime:0.352734 AccTime:90.784059
#IT Ite:257 KerTime:0.352698 AccTime:91.136757
#IT Ite:258 KerTime:0.352656 AccTime:91.489413
#IT Ite:259 KerTime:0.352936 AccTime:91.842349
#IT Ite:260 KerTime:0.353186 AccTime:92.195535
#IT Ite:261 KerTime:0.352836 AccTime:92.548371
#IT Ite:262 KerTime:0.353262 AccTime:92.901633
#IT Ite:263 KerTime:0.353058 AccTime:93.254691
#IT Ite:264 KerTime:0.352880 AccTime:93.607571
#IT Ite:265 KerTime:0.353072 AccTime:93.960643
#IT Ite:266 KerTime:0.352725 AccTime:94.313368
#IT Ite:267 KerTime:0.353513 AccTime:94.666881
#IT Ite:268 KerTime:0.353182 AccTime:95.020063
#IT Ite:269 KerTime:0.353163 AccTime:95.373226
#IT Ite:270 KerTime:0.353127 AccTime:95.726353
#IT Ite:271 KerTime:0.353128 AccTime:96.079481
#IT Ite:272 KerTime:0.353148 AccTime:96.432629
#IT Ite:273 KerTime:0.352874 AccTime:96.785503
#IT Ite:274 KerTime:0.352884 AccTime:97.138387
#IT Ite:275 KerTime:0.353324 AccTime:97.491711
#IT Ite:276 KerTime:0.352954 AccTime:97.844665
#IT Ite:277 KerTime:0.353148 AccTime:98.197813
#IT Ite:278 KerTime:0.352764 AccTime:98.550577
#IT Ite:279 KerTime:0.352791 AccTime:98.903368
#IT Ite:280 KerTime:0.352836 AccTime:99.256204
#IT Ite:281 KerTime:0.353102 AccTime:99.609306
#IT Ite:282 KerTime:0.353196 AccTime:99.962502
#IT Ite:283 KerTime:0.353114 AccTime:100.315616
#IT Ite:284 KerTime:0.352613 AccTime:100.668229
#IT Ite:285 KerTime:0.353201 AccTime:101.021430
#IT Ite:286 KerTime:0.352854 AccTime:101.374284
#IT Ite:287 KerTime:0.352926 AccTime:101.727210
#IT Ite:288 KerTime:0.352693 AccTime:102.079903
#IT Ite:289 KerTime:0.353326 AccTime:102.433229
#IT Ite:290 KerTime:0.353235 AccTime:102.786464
#IT Ite:291 KerTime:0.353113 AccTime:103.139577
#IT Ite:292 KerTime:0.353300 AccTime:103.492877
#IT Ite:293 KerTime:0.352901 AccTime:103.845778
#IT Ite:294 KerTime:0.352855 AccTime:104.198633
#IT Ite:295 KerTime:0.353288 AccTime:104.551921
#IT Ite:296 KerTime:0.352729 AccTime:104.904650
#IT Ite:297 KerTime:0.353069 AccTime:105.257719
#IT Ite:298 KerTime:0.353195 AccTime:105.610914
#IT Ite:299 KerTime:0.353181 AccTime:105.964095
#IT Ite:300 KerTime:0.352851 AccTime:106.316946
#IT Ite:301 KerTime:0.353290 AccTime:106.670236
#IT Ite:302 KerTime:0.353162 AccTime:107.023398
#IT Ite:303 KerTime:0.353176 AccTime:107.376574
#IT Ite:304 KerTime:0.352787 AccTime:107.729361
#IT Ite:305 KerTime:0.352699 AccTime:108.082060
#IT Ite:306 KerTime:0.353036 AccTime:108.435096
#IT Ite:307 KerTime:0.353143 AccTime:108.788239
#IT Ite:308 KerTime:0.353072 AccTime:109.141311
#IT Ite:309 KerTime:0.352839 AccTime:109.494150
#IT Ite:310 KerTime:0.352357 AccTime:109.846507
#IT Ite:311 KerTime:0.353263 AccTime:110.199770
#IT Ite:312 KerTime:0.353193 AccTime:110.552963
#IT Ite:313 KerTime:0.352919 AccTime:110.905882
#IT Ite:314 KerTime:0.353206 AccTime:111.259088
#IT Ite:315 KerTime:0.353011 AccTime:111.612099
#IT Ite:316 KerTime:0.353153 AccTime:111.965252
#IT Ite:317 KerTime:0.353446 AccTime:112.318698
#IT Ite:318 KerTime:0.353179 AccTime:112.671877
#IT Ite:319 KerTime:0.353198 AccTime:113.025075
#IT Ite:320 KerTime:0.352995 AccTime:113.378070
#IT Ite:321 KerTime:0.352413 AccTime:113.730483
#IT Ite:322 KerTime:0.353212 AccTime:114.083695
#IT Ite:323 KerTime:0.353190 AccTime:114.436885
#IT Ite:324 KerTime:0.352513 AccTime:114.789398
#IT Ite:325 KerTime:0.352408 AccTime:115.141806
#IT Ite:326 KerTime:0.353025 AccTime:115.494831
#IT Ite:327 KerTime:0.353382 AccTime:115.848213
#IT Ite:328 KerTime:0.352377 AccTime:116.200590
#IT Ite:329 KerTime:0.352786 AccTime:116.553376
#IT Ite:330 KerTime:0.352767 AccTime:116.906143
#IT Ite:331 KerTime:0.352572 AccTime:117.258715
#IT Ite:332 KerTime:0.352677 AccTime:117.611392
#IT Ite:333 KerTime:0.352699 AccTime:117.964091
#IT Ite:334 KerTime:0.352940 AccTime:118.317031
#IT Ite:335 KerTime:0.352732 AccTime:118.669763
#IT Ite:336 KerTime:0.352929 AccTime:119.022692
#IT Ite:337 KerTime:0.353047 AccTime:119.375739
#IT Ite:338 KerTime:0.352804 AccTime:119.728543
#IT Ite:339 KerTime:0.353174 AccTime:120.081717
#IT Ite:340 KerTime:0.352731 AccTime:120.434448
#IT Ite:341 KerTime:0.353196 AccTime:120.787644
#IT Ite:342 KerTime:0.353161 AccTime:121.140805
#IT Ite:343 KerTime:0.352937 AccTime:121.493742
#IT Ite:344 KerTime:0.352587 AccTime:121.846329
#IT Ite:345 KerTime:0.352478 AccTime:122.198807
#IT Ite:346 KerTime:0.352811 AccTime:122.551618
#IT Ite:347 KerTime:0.352881 AccTime:122.904499
#IT Ite:348 KerTime:0.352519 AccTime:123.257018
#IT Ite:349 KerTime:0.352422 AccTime:123.609440
#IT Ite:350 KerTime:0.353034 AccTime:123.962474
#IT Ite:351 KerTime:0.353019 AccTime:124.315493
#IT Ite:352 KerTime:0.352684 AccTime:124.668177
#IT Ite:353 KerTime:0.353027 AccTime:125.021204
#IT Ite:354 KerTime:0.352581 AccTime:125.373785
#IT Ite:355 KerTime:0.352769 AccTime:125.726554
#IT Ite:356 KerTime:0.352736 AccTime:126.079290
#IT Ite:357 KerTime:0.352970 AccTime:126.432260
#IT Ite:358 KerTime:0.353018 AccTime:126.785278
#IT Ite:359 KerTime:0.353005 AccTime:127.138283
#IT Ite:360 KerTime:0.352786 AccTime:127.491069
#IT Ite:361 KerTime:0.353029 AccTime:127.844098
#IT Ite:362 KerTime:0.353065 AccTime:128.197163
#IT Ite:363 KerTime:0.353055 AccTime:128.550218
#IT Ite:364 KerTime:0.353217 AccTime:128.903435
#IT Ite:365 KerTime:0.353349 AccTime:129.256784
#IT Ite:366 KerTime:0.353173 AccTime:129.609957
#IT Ite:367 KerTime:0.353153 AccTime:129.963110
#IT Ite:368 KerTime:0.353181 AccTime:130.316291
#IT Ite:369 KerTime:0.352965 AccTime:130.669256
#IT Ite:370 KerTime:0.353399 AccTime:131.022655
#IT Ite:371 KerTime:0.352515 AccTime:131.375170
#IT Ite:372 KerTime:0.353206 AccTime:131.728376
#IT Ite:373 KerTime:0.353159 AccTime:132.081535
#IT Ite:374 KerTime:0.352498 AccTime:132.434033
#IT Ite:375 KerTime:0.352499 AccTime:132.786532
#IT Ite:376 KerTime:0.352951 AccTime:133.139483
#IT Ite:377 KerTime:0.353163 AccTime:133.492646
#IT Ite:378 KerTime:0.352786 AccTime:133.845432
#IT Ite:379 KerTime:0.353074 AccTime:134.198506
#IT Ite:380 KerTime:0.353068 AccTime:134.551574
#IT Ite:381 KerTime:0.353093 AccTime:134.904667
#IT Ite:382 KerTime:0.352987 AccTime:135.257654
#IT Ite:383 KerTime:0.352761 AccTime:135.610415
#IT Ite:384 KerTime:0.352864 AccTime:135.963279
#IT Ite:385 KerTime:0.353105 AccTime:136.316384
#IT Ite:386 KerTime:0.352689 AccTime:136.669073
#IT Ite:387 KerTime:0.352977 AccTime:137.022050
#IT Ite:388 KerTime:0.353231 AccTime:137.375281
#IT Ite:389 KerTime:0.353084 AccTime:137.728365
#IT Ite:390 KerTime:0.352926 AccTime:138.081291
#IT Ite:391 KerTime:0.352987 AccTime:138.434278
#IT Ite:392 KerTime:0.352488 AccTime:138.786766
