#HEADER type: ecc_off dataset: /home/carol/radiation-benchmarks/data/networks_img_list/caltech.pedestrians.critical.1K.txt
#BEGIN Y:2016 M:12 D:11 Time:07:39:28
#IT Ite:0 KerTime:0.039117 AccTime:0.039117
#IT Ite:1 KerTime:0.036589 AccTime:0.075706
#IT Ite:2 KerTime:0.036475 AccTime:0.112181
#IT Ite:3 KerTime:0.036622 AccTime:0.148803
#IT Ite:4 KerTime:0.036684 AccTime:0.185487
#IT Ite:5 KerTime:0.036347 AccTime:0.221834
#IT Ite:6 KerTime:0.036691 AccTime:0.258525
#IT Ite:7 KerTime:0.036578 AccTime:0.295103
#IT Ite:8 KerTime:0.036446 AccTime:0.331549
#IT Ite:9 KerTime:0.036485 AccTime:0.368034
#IT Ite:10 KerTime:0.036470 AccTime:0.404504
#IT Ite:11 KerTime:0.036569 AccTime:0.441073
#IT Ite:12 KerTime:0.036368 AccTime:0.477441
#IT Ite:13 KerTime:0.036908 AccTime:0.514349
#IT Ite:14 KerTime:0.036323 AccTime:0.550672
#IT Ite:15 KerTime:0.036453 AccTime:0.587125
#IT Ite:16 KerTime:0.036668 AccTime:0.623793
#IT Ite:17 KerTime:0.036540 AccTime:0.660333
#IT Ite:18 KerTime:0.036634 AccTime:0.696967
#IT Ite:19 KerTime:0.036487 AccTime:0.733454
#IT Ite:20 KerTime:0.036599 AccTime:0.770053
#IT Ite:21 KerTime:0.036487 AccTime:0.806540
#IT Ite:22 KerTime:0.036666 AccTime:0.843206
#IT Ite:23 KerTime:0.036552 AccTime:0.879758
#IT Ite:24 KerTime:0.036498 AccTime:0.916256
#IT Ite:25 KerTime:0.036557 AccTime:0.952813
#IT Ite:26 KerTime:0.036478 AccTime:0.989291
#IT Ite:27 KerTime:0.036718 AccTime:1.026009
#IT Ite:28 KerTime:0.036523 AccTime:1.062532
#IT Ite:29 KerTime:0.036638 AccTime:1.099170
#IT Ite:30 KerTime:0.036602 AccTime:1.135772
#IT Ite:31 KerTime:0.036591 AccTime:1.172363
#IT Ite:32 KerTime:0.036654 AccTime:1.209017
#IT Ite:33 KerTime:0.036364 AccTime:1.245381
#IT Ite:34 KerTime:0.036576 AccTime:1.281957
#IT Ite:35 KerTime:0.036375 AccTime:1.318332
#IT Ite:36 KerTime:0.036703 AccTime:1.355035
#IT Ite:37 KerTime:0.036595 AccTime:1.391630
#IT Ite:38 KerTime:0.036599 AccTime:1.428229
#IT Ite:39 KerTime:0.036585 AccTime:1.464814
#IT Ite:40 KerTime:0.036577 AccTime:1.501391
#IT Ite:41 KerTime:0.036668 AccTime:1.538059
#IT Ite:42 KerTime:0.036452 AccTime:1.574511
#IT Ite:43 KerTime:0.036583 AccTime:1.611094
#IT Ite:44 KerTime:0.036327 AccTime:1.647421
#IT Ite:45 KerTime:0.036632 AccTime:1.684053
#IT Ite:46 KerTime:0.036620 AccTime:1.720673
#IT Ite:47 KerTime:0.036654 AccTime:1.757327
#IT Ite:48 KerTime:0.036505 AccTime:1.793832
#IT Ite:49 KerTime:0.036390 AccTime:1.830222
#IT Ite:50 KerTime:0.036520 AccTime:1.866742
#IT Ite:51 KerTime:0.036457 AccTime:1.903199
#IT Ite:52 KerTime:0.036545 AccTime:1.939744
#IT Ite:53 KerTime:0.036663 AccTime:1.976407
#IT Ite:54 KerTime:0.036542 AccTime:2.012949
#IT Ite:55 KerTime:0.036598 AccTime:2.049547
#IT Ite:56 KerTime:0.036532 AccTime:2.086079
#IT Ite:57 KerTime:0.036604 AccTime:2.122683
#IT Ite:58 KerTime:0.036400 AccTime:2.159083
#IT Ite:59 KerTime:0.036556 AccTime:2.195639
#IT Ite:60 KerTime:0.036445 AccTime:2.232084
#IT Ite:61 KerTime:0.036539 AccTime:2.268623
#IT Ite:62 KerTime:0.036606 AccTime:2.305229
#IT Ite:63 KerTime:0.036504 AccTime:2.341733
#IT Ite:64 KerTime:0.036691 AccTime:2.378424
#IT Ite:65 KerTime:0.036452 AccTime:2.414876
#IT Ite:66 KerTime:0.036645 AccTime:2.451521
#IT Ite:67 KerTime:0.036307 AccTime:2.487828
#IT Ite:68 KerTime:0.036440 AccTime:2.524268
#IT Ite:69 KerTime:0.036563 AccTime:2.560831
#IT Ite:70 KerTime:0.036604 AccTime:2.597435
#IT Ite:71 KerTime:0.036570 AccTime:2.634005
#IT Ite:72 KerTime:0.036522 AccTime:2.670527
#IT Ite:73 KerTime:0.036603 AccTime:2.707130
#IT Ite:74 KerTime:0.036433 AccTime:2.743563
#IT Ite:75 KerTime:0.036663 AccTime:2.780226
#IT Ite:76 KerTime:0.036578 AccTime:2.816804
#IT Ite:77 KerTime:0.036529 AccTime:2.853333
#IT Ite:78 KerTime:0.036627 AccTime:2.889960
#IT Ite:79 KerTime:0.036605 AccTime:2.926565
#IT Ite:80 KerTime:0.036521 AccTime:2.963086
#IT Ite:81 KerTime:0.036522 AccTime:2.999608
#IT Ite:82 KerTime:0.036573 AccTime:3.036181
#IT Ite:83 KerTime:0.036613 AccTime:3.072794
#IT Ite:84 KerTime:0.036590 AccTime:3.109384
#IT Ite:85 KerTime:0.036513 AccTime:3.145897
#IT Ite:86 KerTime:0.036545 AccTime:3.182442
#IT Ite:87 KerTime:0.036568 AccTime:3.219010
#IT Ite:88 KerTime:0.036445 AccTime:3.255455
#IT Ite:89 KerTime:0.036530 AccTime:3.291985
#IT Ite:90 KerTime:0.036328 AccTime:3.328313
#IT Ite:91 KerTime:0.036664 AccTime:3.364977
#IT Ite:92 KerTime:0.036575 AccTime:3.401552
#IT Ite:93 KerTime:0.036558 AccTime:3.438110
#IT Ite:94 KerTime:0.036598 AccTime:3.474708
#IT Ite:95 KerTime:0.036385 AccTime:3.511093
#IT Ite:96 KerTime:0.036473 AccTime:3.547566
#IT Ite:97 KerTime:0.036339 AccTime:3.583905
#IT Ite:98 KerTime:0.036651 AccTime:3.620556
#IT Ite:99 KerTime:0.036515 AccTime:3.657071
#IT Ite:100 KerTime:0.036578 AccTime:3.693649
#IT Ite:101 KerTime:0.036554 AccTime:3.730203
#IT Ite:102 KerTime:0.036620 AccTime:3.766823
#IT Ite:103 KerTime:0.036500 AccTime:3.803323
#IT Ite:104 KerTime:0.036486 AccTime:3.839809
#IT Ite:105 KerTime:0.036667 AccTime:3.876476
#IT Ite:106 KerTime:0.036784 AccTime:3.913260
#IT Ite:107 KerTime:0.036630 AccTime:3.949890
#IT Ite:108 KerTime:0.036659 AccTime:3.986549
#IT Ite:109 KerTime:0.036575 AccTime:4.023124
#IT Ite:110 KerTime:0.036588 AccTime:4.059712
#IT Ite:111 KerTime:0.036481 AccTime:4.096193
#IT Ite:112 KerTime:0.036652 AccTime:4.132845
#IT Ite:113 KerTime:0.036303 AccTime:4.169148
#IT Ite:114 KerTime:0.036433 AccTime:4.205581
#IT Ite:115 KerTime:0.036552 AccTime:4.242133
#IT Ite:116 KerTime:0.036559 AccTime:4.278692
#IT Ite:117 KerTime:0.036584 AccTime:4.315276
#IT Ite:118 KerTime:0.036485 AccTime:4.351761
#IT Ite:119 KerTime:0.036590 AccTime:4.388351
#IT Ite:120 KerTime:0.036336 AccTime:4.424687
#IT Ite:121 KerTime:0.036444 AccTime:4.461131
#IT Ite:122 KerTime:0.036560 AccTime:4.497691
#IT Ite:123 KerTime:0.036631 AccTime:4.534322
#IT Ite:124 KerTime:0.036573 AccTime:4.570895
#IT Ite:125 KerTime:0.036577 AccTime:4.607472
#IT Ite:126 KerTime:0.036657 AccTime:4.644129
#IT Ite:127 KerTime:0.036386 AccTime:4.680515
#IT Ite:128 KerTime:0.036590 AccTime:4.717105
#IT Ite:129 KerTime:0.036703 AccTime:4.753808
#IT Ite:130 KerTime:0.036568 AccTime:4.790376
#IT Ite:131 KerTime:0.036640 AccTime:4.827016
#IT Ite:132 KerTime:0.036618 AccTime:4.863634
#IT Ite:133 KerTime:0.036660 AccTime:4.900294
#IT Ite:134 KerTime:0.036541 AccTime:4.936835
#IT Ite:135 KerTime:0.036600 AccTime:4.973435
#IT Ite:136 KerTime:0.036595 AccTime:5.010030
#IT Ite:137 KerTime:0.036577 AccTime:5.046607
#IT Ite:138 KerTime:0.036594 AccTime:5.083201
#IT Ite:139 KerTime:0.036431 AccTime:5.119632
#IT Ite:140 KerTime:0.036560 AccTime:5.156192
#IT Ite:141 KerTime:0.036515 AccTime:5.192707
#IT Ite:142 KerTime:0.036617 AccTime:5.229324
#IT Ite:143 KerTime:0.036317 AccTime:5.265641
#IT Ite:144 KerTime:0.036625 AccTime:5.302266
#IT Ite:145 KerTime:0.036656 AccTime:5.338922
#IT Ite:146 KerTime:0.036606 AccTime:5.375528
#IT Ite:147 KerTime:0.036557 AccTime:5.412085
#IT Ite:148 KerTime:0.036506 AccTime:5.448591
#IT Ite:149 KerTime:0.036566 AccTime:5.485157
#IT Ite:150 KerTime:0.036341 AccTime:5.521498
#IT Ite:151 KerTime:0.036681 AccTime:5.558179
#IT Ite:152 KerTime:0.036573 AccTime:5.594752
#IT Ite:153 KerTime:0.036577 AccTime:5.631329
#IT Ite:154 KerTime:0.036551 AccTime:5.667880
#IT Ite:155 KerTime:0.036485 AccTime:5.704365
#IT Ite:156 KerTime:0.036633 AccTime:5.740998
#IT Ite:157 KerTime:0.036644 AccTime:5.777642
#IT Ite:158 KerTime:0.036665 AccTime:5.814307
#IT Ite:159 KerTime:0.036602 AccTime:5.850909
#IT Ite:160 KerTime:0.036486 AccTime:5.887395
#IT Ite:161 KerTime:0.036587 AccTime:5.923982
#IT Ite:162 KerTime:0.036493 AccTime:5.960475
#IT Ite:163 KerTime:0.036483 AccTime:5.996958
#IT Ite:164 KerTime:0.036526 AccTime:6.033484
#ERR ./hog_hardened_ecc_off/opencv_src/hog.cu:785: error: (-217) an illegal memory access was encountered in function classify_hists_ext

#END