#HEADER execution_type:yolo execution_model:valid img_list_path:/home/carol/radiation-benchmarks/data/networks_img_list/voc.2012.1K.txt weights:/home/carol/radiation-benchmarks/data/darknet/yolo.weights config_file:/home/carol/radiation-benchmarks/data/darknet/yolo.cfg iterations:10000 abft: dumb_abft
#BEGIN Y:2016 M:12 D:12 Time:20:45:34
#IT Ite:0 KerTime:0.547816 AccTime:0.547816
#IT Ite:1 KerTime:0.362228 AccTime:0.910044
#IT Ite:2 KerTime:0.356785 AccTime:1.266829
#IT Ite:3 KerTime:0.357386 AccTime:1.624215
#IT Ite:4 KerTime:0.357075 AccTime:1.981290
#IT Ite:5 KerTime:0.357439 AccTime:2.338729
#IT Ite:6 KerTime:0.357208 AccTime:2.695937
#IT Ite:7 KerTime:0.356920 AccTime:3.052857
#IT Ite:8 KerTime:0.357265 AccTime:3.410122
#IT Ite:9 KerTime:0.357364 AccTime:3.767486
#IT Ite:10 KerTime:0.357020 AccTime:4.124506
#IT Ite:11 KerTime:0.357440 AccTime:4.481946
#IT Ite:12 KerTime:0.357479 AccTime:4.839425
#IT Ite:13 KerTime:0.357165 AccTime:5.196590
#IT Ite:14 KerTime:0.357230 AccTime:5.553820
#IT Ite:15 KerTime:0.357255 AccTime:5.911075
#IT Ite:16 KerTime:0.357382 AccTime:6.268457
#IT Ite:17 KerTime:0.357249 AccTime:6.625706
#IT Ite:18 KerTime:0.357585 AccTime:6.983291
#IT Ite:19 KerTime:0.356841 AccTime:7.340132
#IT Ite:20 KerTime:0.356952 AccTime:7.697084
#IT Ite:21 KerTime:0.356935 AccTime:8.054019
#IT Ite:22 KerTime:0.357254 AccTime:8.411273
#IT Ite:23 KerTime:0.357469 AccTime:8.768742
#IT Ite:24 KerTime:0.357488 AccTime:9.126230
#IT Ite:25 KerTime:0.357377 AccTime:9.483607
#IT Ite:26 KerTime:0.357626 AccTime:9.841233
#IT Ite:27 KerTime:0.357548 AccTime:10.198781
#IT Ite:28 KerTime:0.357671 AccTime:10.556452
#IT Ite:29 KerTime:0.357171 AccTime:10.913623
#IT Ite:30 KerTime:0.356754 AccTime:11.270377
#IT Ite:31 KerTime:0.356787 AccTime:11.627164
#IT Ite:32 KerTime:0.356734 AccTime:11.983898
#IT Ite:33 KerTime:0.356770 AccTime:12.340668
#IT Ite:34 KerTime:0.357048 AccTime:12.697716
#ERR image_list_position: [34] boxes: [0]  x_r: 9.4036283493041992e+00 x_e: 9.4002256393432617e+00 x_diff: 3.4027099609375000e-03 y_r: 7.7138705253601074e+00 y_e: 7.7138714790344238e+00 y_diff: 9.5367431640625000e-07 w_r: 2.7148728370666504e+00 w_e: 2.7150616645812988e+00 w_diff: 1.8882751464843750e-04 h_r: 9.1767311096191406e+00 h_e: 9.1825962066650391e+00 h_diff: 5.8650970458984375e-03
#ERR image_list_position: [34] boxes: [1]  x_r: 1.4780002593994141e+01 x_e: 1.4776901245117188e+01 x_diff: 3.1013488769531250e-03 y_r: 3.3519271850585938e+01 y_e: 3.3516666412353516e+01 y_diff: 2.6054382324218750e-03 w_r: 1.4152219772338867e+01 w_e: 1.4146622657775879e+01 w_diff: 5.5971145629882812e-03 h_r: 5.6655227661132812e+01 h_e: 5.6658252716064453e+01 h_diff: 3.0250549316406250e-03
#ERR image_list_position: [34] boxes: [2]  x_r: 4.9923625946044922e+01 x_e: 4.9924282073974609e+01 x_diff: 6.5612792968750000e-04 y_r: 3.1906423568725586e+01 y_e: 3.1904691696166992e+01 y_diff: 1.7318725585937500e-03 w_r: 7.0651191711425781e+01 w_e: 7.0664161682128906e+01 w_diff: 1.2969970703125000e-02 h_r: 5.2493587493896484e+01 h_e: 5.2492156982421875e+01 h_diff: 1.4305114746093750e-03
#ERR image_list_position: [34] boxes: [3]  x_r: 1.0747964477539062e+02 x_e: 1.0747898864746094e+02 x_diff: 6.5612792968750000e-04 y_r: 2.9932518005371094e+01 y_e: 2.9929931640625000e+01 y_diff: 2.5863647460937500e-03 w_r: 7.8206993103027344e+01 w_e: 7.8212745666503906e+01 w_diff: 5.7525634765625000e-03 h_r: 5.3632827758789062e+01 h_e: 5.3623252868652344e+01 h_diff: 9.5748901367187500e-03
#ERR image_list_position: [34] boxes: [4]  x_r: 9.3754058837890625e+01 x_e: 9.3751350402832031e+01 x_diff: 2.7084350585937500e-03 y_r: 1.9687282562255859e+01 y_e: 1.9685459136962891e+01 y_diff: 1.8234252929687500e-03 w_r: 3.5212932586669922e+01 w_e: 3.5201789855957031e+01 w_diff: 1.1142730712890625e-02 h_r: 2.7957736968994141e+01 h_e: 2.7956699371337891e+01 h_diff: 1.0375976562500000e-03
#ERR image_list_position: [34] probs: [4,14]  prob_r: 2.7855150401592255e-03 prob_e: 2.7829480823129416e-03
#ERR image_list_position: [34] boxes: [6]  x_r: 1.6414137268066406e+02 x_e: 1.6414233398437500e+02 x_diff: 9.6130371093750000e-04 y_r: 1.8802543640136719e+01 y_e: 1.8796234130859375e+01 y_diff: 6.3095092773437500e-03 w_r: 4.2865837097167969e+01 w_e: 4.2859169006347656e+01 w_diff: 6.6680908203125000e-03 h_r: 2.7562070846557617e+01 h_e: 2.7553363800048828e+01 h_diff: 8.7070465087890625e-03
#ERR image_list_position: [34] boxes: [7]  x_r: 1.8220619201660156e+02 x_e: 1.8221247863769531e+02 x_diff: 6.2866210937500000e-03 y_r: 2.7794446945190430e+01 y_e: 2.7792633056640625e+01 y_diff: 1.8138885498046875e-03 w_r: 8.3260528564453125e+01 w_e: 8.3252716064453125e+01 w_diff: 7.8125000000000000e-03 h_r: 4.0476882934570312e+01 h_e: 4.0488059997558594e+01 h_diff: 1.1177062988281250e-02
#ERR image_list_position: [34] probs: [7,11]  prob_r: 1.1454154737293720e-03 prob_e: 1.1473285267129540e-03
#ERR image_list_position: [34] probs: [7,14]  prob_r: 4.8624142073094845e-03 prob_e: 4.8720231279730797e-03
#ERR image_list_position: [34] boxes: [10]  x_r: 2.5644757080078125e+02 x_e: 2.5645004272460938e+02 x_diff: 2.4719238281250000e-03 y_r: 2.8619949340820312e+01 y_e: 2.8616453170776367e+01 y_diff: 3.4961700439453125e-03 w_r: 1.2322526550292969e+02 w_e: 1.2316375732421875e+02 w_diff: 6.1508178710937500e-02 h_r: 4.9497802734375000e+01 h_e: 4.9494228363037109e+01 h_diff: 3.5743713378906250e-03
#ERR image_list_position: [34] boxes: [13]  x_r: 3.2522241210937500e+02 x_e: 3.2521777343750000e+02 x_diff: 4.6386718750000000e-03 y_r: 2.6341878890991211e+01 y_e: 2.6331842422485352e+01 y_diff: 1.0036468505859375e-02 w_r: 1.0869032287597656e+02 w_e: 1.0864951324462891e+02 w_diff: 4.0809631347656250e-02 h_r: 3.6205615997314453e+01 h_e: 3.6196155548095703e+01 h_diff: 9.4604492187500000e-03
#ERR image_list_position: [34] probs: [13,14]  prob_r: 1.0273607913404703e-03 prob_e: 1.0357508435845375e-03
#ERR image_list_position: [34] boxes: [14]  x_r: 3.0882186889648438e+02 x_e: 3.0882119750976562e+02 x_diff: 6.7138671875000000e-04 y_r: 1.9386539459228516e+01 y_e: 1.9386400222778320e+01 y_diff: 1.3923645019531250e-04 w_r: 4.4789161682128906e+01 w_e: 4.4779369354248047e+01 w_diff: 9.7923278808593750e-03 h_r: 2.5903547286987305e+01 h_e: 2.5910520553588867e+01 h_diff: 6.9732666015625000e-03
#ERR image_list_position: [34] probs: [14,11]  prob_r: 1.1982246069237590e-03 prob_e: 1.2058436404913664e-03
#ERR image_list_position: [34] probs: [14,14]  prob_r: 3.4073372371494770e-03 prob_e: 3.4311716444790363e-03
#ERR image_list_position: [34] boxes: [16]  x_r: 3.7328808593750000e+02 x_e: 3.7328912353515625e+02 x_diff: 1.0375976562500000e-03 y_r: 1.9444385528564453e+01 y_e: 1.9445289611816406e+01 y_diff: 9.0408325195312500e-04 w_r: 4.4725193023681641e+01 w_e: 4.4715114593505859e+01 w_diff: 1.0078430175781250e-02 h_r: 2.7281761169433594e+01 h_e: 2.7282255172729492e+01 h_diff: 4.9400329589843750e-04
#ERR image_list_position: [34] boxes: [17]  x_r: 3.9083200073242188e+02 x_e: 3.9083694458007812e+02 x_diff: 4.9438476562500000e-03 y_r: 3.0956121444702148e+01 y_e: 3.0945438385009766e+01 y_diff: 1.0683059692382812e-02 w_r: 9.3999443054199219e+01 w_e: 9.4010063171386719e+01 w_diff: 1.0620117187500000e-02 h_r: 3.9684230804443359e+01 h_e: 3.9687515258789062e+01 h_diff: 3.2844543457031250e-03
#ERR image_list_position: [34] probs: [17,11]  prob_r: 1.6492521390318871e-03 prob_e: 1.6737359110265970e-03
#ERR image_list_position: [34] probs: [17,14]  prob_r: 5.6309155188500881e-03 prob_e: 5.7181753218173981e-03
#ERR image_list_position: [34] probs: [17,15]  prob_r: 1.8194605363532901e-03 prob_e: 1.8434886587783694e-03
#ERR image_list_position: [34] boxes: [19]  x_r: 4.5995620727539062e+02 x_e: 4.5995227050781250e+02 x_diff: 3.9367675781250000e-03 y_r: 2.9608465194702148e+01 y_e: 2.9595926284790039e+01 y_diff: 1.2538909912109375e-02 w_r: 5.9901363372802734e+01 w_e: 5.9897556304931641e+01 w_diff: 3.8070678710937500e-03 h_r: 4.7387798309326172e+01 h_e: 4.7374538421630859e+01 h_diff: 1.3259887695312500e-02
#ERR image_list_position: [34] probs: [19,14]  prob_r: 1.2091733515262604e-03 prob_e: 1.2080563465133309e-03
#ERR image_list_position: [34] boxes: [22]  x_r: 5.3184963226318359e+01 x_e: 5.3186046600341797e+01 x_diff: 1.0833740234375000e-03 y_r: 8.4069442749023438e+01 y_e: 8.4072792053222656e+01 y_diff: 3.3493041992187500e-03 w_r: 7.9001007080078125e+01 w_e: 7.9011054992675781e+01 w_diff: 1.0047912597656250e-02 h_r: 1.5155213928222656e+02 h_e: 1.5157162475585938e+02 h_diff: 1.9485473632812500e-02
#ERR image_list_position: [34] probs: [22,14]  prob_r: 4.7288541682064533e-03 prob_e: 4.7362418845295906e-03
#ERR image_list_position: [34] boxes: [23]  x_r: 6.7891130447387695e+00 x_e: 6.7855219841003418e+00 x_diff: 3.5910606384277344e-03 y_r: 7.3807266235351562e+01 y_e: 7.3805580139160156e+01 y_diff: 1.6860961914062500e-03 w_r: 1.4626300811767578e+01 w_e: 1.4628336906433105e+01 w_diff: 2.0360946655273438e-03 h_r: 6.8148742675781250e+01 h_e: 6.8142341613769531e+01 h_diff: 6.4010620117187500e-03
#ERR image_list_position: [34] boxes: [25]  x_r: 8.4221771240234375e+01 x_e: 8.4222724914550781e+01 x_diff: 9.5367431640625000e-04 y_r: 7.8692062377929688e+01 y_e: 7.8690551757812500e+01 y_diff: 1.5106201171875000e-03 w_r: 1.5564379692077637e+01 w_e: 1.5564934730529785e+01 w_diff: 5.5503845214843750e-04 h_r: 4.5118946075439453e+01 h_e: 4.5111423492431641e+01 h_diff: 7.5225830078125000e-03
#ERR image_list_position: [34] probs: [25,14]  prob_r: 2.5277214590460062e-03 prob_e: 2.5165646802634001e-03
#ERR image_list_position: [34] boxes: [26]  x_r: 9.9153282165527344e+01 x_e: 9.9157737731933594e+01 x_diff: 4.4555664062500000e-03 y_r: 9.0599929809570312e+01 y_e: 9.0601928710937500e+01 y_diff: 1.9989013671875000e-03 w_r: 1.2497145080566406e+02 w_e: 1.2498211669921875e+02 w_diff: 1.0665893554687500e-02 h_r: 1.6322756958007812e+02 h_e: 1.6323876953125000e+02 h_diff: 1.1199951171875000e-02
#ERR image_list_position: [34] probs: [26,8]  prob_r: 1.2751818867400289e-03 prob_e: 1.2740301899611950e-03
#ERR image_list_position: [34] probs: [26,11]  prob_r: 1.4622661983594298e-03 prob_e: 1.4614420942962170e-03
#ERR image_list_position: [34] probs: [26,14]  prob_r: 1.6836117953062057e-02 prob_e: 1.6827905550599098e-02
#ERR image_list_position: [34] boxes: [27]  x_r: 1.5920634460449219e+02 x_e: 1.5920663452148438e+02 x_diff: 2.8991699218750000e-04 y_r: 7.9514579772949219e+01 y_e: 7.9514259338378906e+01 y_diff: 3.2043457031250000e-04 w_r: 3.3882034301757812e+01 w_e: 3.3867202758789062e+01 w_diff: 1.4831542968750000e-02 h_r: 5.4190196990966797e+01 h_e: 5.4178550720214844e+01 h_diff: 1.1646270751953125e-02
#ERR image_list_position: [34] boxes: [29]  x_r: 1.8231231689453125e+02 x_e: 1.8232064819335938e+02 x_diff: 8.3312988281250000e-03 y_r: 8.0859214782714844e+01 y_e: 8.0861747741699219e+01 y_diff: 2.5329589843750000e-03 w_r: 1.0737847137451172e+02 w_e: 1.0735518646240234e+02 w_diff: 2.3284912109375000e-02 h_r: 1.1677111816406250e+02 h_e: 1.1677640533447266e+02 h_diff: 5.2871704101562500e-03
#ERR image_list_position: [34] boxes: [30]  x_r: 2.4443798828125000e+02 x_e: 2.4442857360839844e+02 x_diff: 9.4146728515625000e-03 y_r: 8.1615615844726562e+01 y_e: 8.1607971191406250e+01 y_diff: 7.6446533203125000e-03 w_r: 4.0326190948486328e+01 w_e: 4.0316905975341797e+01 w_diff: 9.2849731445312500e-03 h_r: 6.9736984252929688e+01 h_e: 6.9731681823730469e+01 h_diff: 5.3024291992187500e-03
#ERR image_list_position: [34] probs: [30,9]  prob_r: 1.1744744842872024e-03 prob_e: 1.1754460865631700e-03
#ERR image_list_position: [34] probs: [30,10]  prob_r: 1.1241574538871646e-03 prob_e: 1.1258906451985240e-03
#ERR image_list_position: [34] probs: [30,11]  prob_r: 9.0325726196169853e-03 prob_e: 9.0371351689100266e-03
#ERR image_list_position: [34] probs: [30,14]  prob_r: 4.1744895279407501e-02 prob_e: 4.1770059615373611e-02
#ERR image_list_position: [34] boxes: [31]  x_r: 2.6337298583984375e+02 x_e: 2.6337506103515625e+02 x_diff: 2.0751953125000000e-03 y_r: 9.0771690368652344e+01 y_e: 9.0768211364746094e+01 y_diff: 3.4790039062500000e-03 w_r: 1.4997102355957031e+02 w_e: 1.4990557861328125e+02 w_diff: 6.5444946289062500e-02 h_r: 1.7604589843750000e+02 h_e: 1.7602056884765625e+02 h_diff: 2.5329589843750000e-02
#ERR image_list_position: [34] probs: [31,2]  prob_r: 1.2190042762085795e-03 prob_e: 1.2499324511736631e-03
#ERR image_list_position: [34] probs: [31,8]  prob_r: 6.9064125418663025e-03 prob_e: 6.9070574827492237e-03
#ERR image_list_position: [34] probs: [31,9]  prob_r: 1.2977717444300652e-02 prob_e: 1.2976332567632198e-02
#ERR image_list_position: [34] probs: [31,10]  prob_r: 1.2421725317835808e-02 prob_e: 1.2429266236722469e-02
#ERR image_list_position: [34] probs: [31,11]  prob_r: 9.9808193743228912e-02 prob_e: 9.9765427410602570e-02
#ERR image_list_position: [34] probs: [31,14]  prob_r: 4.6127307415008545e-01 prob_e: 4.6112039685249329e-01
#ERR image_list_position: [34] boxes: [33]  x_r: 3.0029571533203125e+02 x_e: 3.0029467773437500e+02 x_diff: 1.0375976562500000e-03 y_r: 7.8743591308593750e+01 y_e: 7.8743682861328125e+01 y_diff: 9.1552734375000000e-05 w_r: 4.2409790039062500e+01 w_e: 4.2393516540527344e+01 w_diff: 1.6273498535156250e-02 h_r: 6.0331478118896484e+01 h_e: 6.0339214324951172e+01 h_diff: 7.7362060546875000e-03
#ERR image_list_position: [34] probs: [33,11]  prob_r: 3.7340987473726273e-03 prob_e: 3.7534702569246292e-03
#ERR image_list_position: [34] probs: [33,14]  prob_r: 5.7194340042769909e-03 prob_e: 5.7517685927450657e-03
#ERR image_list_position: [34] boxes: [35]  x_r: 3.1577880859375000e+02 x_e: 3.1577651977539062e+02 x_diff: 2.2888183593750000e-03 y_r: 9.8194854736328125e+01 y_e: 9.8202949523925781e+01 y_diff: 8.0947875976562500e-03 w_r: 1.3279507446289062e+02 w_e: 1.3271556091308594e+02 w_diff: 7.9513549804687500e-02 h_r: 1.2546029663085938e+02 h_e: 1.2546605682373047e+02 h_diff: 5.7601928710937500e-03
#ERR image_list_position: [34] boxes: [37]  x_r: 3.7059881591796875e+02 x_e: 3.7060061645507812e+02 x_diff: 1.8005371093750000e-03 y_r: 7.5097923278808594e+01 y_e: 7.5102325439453125e+01 y_diff: 4.4021606445312500e-03 w_r: 2.1602018356323242e+01 w_e: 2.1602489471435547e+01 w_diff: 4.7111511230468750e-04 h_r: 2.9518159866333008e+01 h_e: 2.9526763916015625e+01 h_diff: 8.6040496826171875e-03
#ERR image_list_position: [34] boxes: [38]  x_r: 3.8815579223632812e+02 x_e: 3.8816482543945312e+02 x_diff: 9.0332031250000000e-03 y_r: 8.4044197082519531e+01 y_e: 8.4051925659179688e+01 y_diff: 7.7285766601562500e-03 w_r: 8.4847938537597656e+01 w_e: 8.4859817504882812e+01 w_diff: 1.1878967285156250e-02 h_r: 8.9999252319335938e+01 h_e: 9.0025642395019531e+01 h_diff: 2.6390075683593750e-02
#ERR image_list_position: [34] probs: [38,11]  prob_r: 1.4687533257529140e-03 prob_e: 1.4849882572889328e-03
#ERR image_list_position: [34] probs: [38,14]  prob_r: 1.1355107417330146e-03 prob_e: 1.1494635837152600e-03
#ERR image_list_position: [34] boxes: [41]  x_r: 4.6190423583984375e+02 x_e: 4.6190402221679688e+02 x_diff: 2.1362304687500000e-04 y_r: 8.3558166503906250e+01 y_e: 8.3567947387695312e+01 y_diff: 9.7808837890625000e-03 w_r: 5.1993915557861328e+01 w_e: 5.2009887695312500e+01 w_diff: 1.5972137451171875e-02 h_r: 9.0521896362304688e+01 h_e: 9.0564529418945312e+01 h_diff: 4.2633056640625000e-02
#ERR image_list_position: [34] probs: [41,8]  prob_r: 1.2520870659500360e-03 prob_e: 1.2522035976871848e-03
#ERR image_list_position: [34] probs: [41,11]  prob_r: 2.6985299773514271e-03 prob_e: 2.6988207828253508e-03
#ERR image_list_position: [34] probs: [41,14]  prob_r: 5.2294274792075157e-03 prob_e: 5.2329818718135357e-03
#ERR image_list_position: [34] boxes: [42]  x_r: 1.1936141967773438e+01 x_e: 1.1936671257019043e+01 x_diff: 5.2928924560546875e-04 y_r: 1.3755319213867188e+02 y_e: 1.3755894470214844e+02 y_diff: 5.7525634765625000e-03 w_r: 2.8684083938598633e+01 w_e: 2.8695684432983398e+01 w_diff: 1.1600494384765625e-02 h_r: 1.6848469543457031e+02 h_e: 1.6848466491699219e+02 h_diff: 3.0517578125000000e-05
#ERR image_list_position: [34] boxes: [44]  x_r: 6.3477218627929688e+01 x_e: 6.3479118347167969e+01 x_diff: 1.8997192382812500e-03 y_r: 1.4472283935546875e+02 y_e: 1.4472557067871094e+02 y_diff: 2.7313232421875000e-03 w_r: 1.0496102142333984e+02 w_e: 1.0497988891601562e+02 w_diff: 1.8867492675781250e-02 h_r: 2.5684100341796875e+02 h_e: 2.5683352661132812e+02 h_diff: 7.4768066406250000e-03
#ERR image_list_position: [34] boxes: [45]  x_r: 9.5753791809082031e+01 x_e: 9.5756752014160156e+01 x_diff: 2.9602050781250000e-03 y_r: 1.3991288757324219e+02 y_e: 1.3991180419921875e+02 y_diff: 1.0833740234375000e-03 w_r: 8.7331527709960938e+01 w_e: 8.7337615966796875e+01 w_diff: 6.0882568359375000e-03 h_r: 1.1157893371582031e+02 h_e: 1.1157674407958984e+02 h_diff: 2.1896362304687500e-03
#ERR image_list_position: [34] probs: [45,0]  prob_r: 1.4406422851607203e-03 prob_e: 1.4412994496524334e-03
#ERR image_list_position: [34] probs: [45,9]  prob_r: 3.0320296064019203e-03 prob_e: 3.0318903736770153e-03
#ERR image_list_position: [34] probs: [45,11]  prob_r: 5.1667219959199429e-03 prob_e: 5.1657874137163162e-03
#ERR image_list_position: [34] probs: [45,14]  prob_r: 3.2294895499944687e-02 prob_e: 3.2296743243932724e-02
#ERR image_list_position: [34] boxes: [46]  x_r: 9.7386070251464844e+01 x_e: 9.7381057739257812e+01 x_diff: 5.0125122070312500e-03 y_r: 1.5377638244628906e+02 y_e: 1.5377561950683594e+02 y_diff: 7.6293945312500000e-04 w_r: 1.7779278564453125e+02 w_e: 1.7782286071777344e+02 w_diff: 3.0075073242187500e-02 h_r: 2.7926315307617188e+02 h_e: 2.7928671264648438e+02 h_diff: 2.3559570312500000e-02
#ERR image_list_position: [34] probs: [46,0]  prob_r: 2.6397958397865295e-02 prob_e: 2.6409309357404709e-02
#ERR image_list_position: [34] probs: [46,1]  prob_r: 1.4250025153160095e-02 prob_e: 1.4212920330464840e-02
#ERR image_list_position: [34] probs: [46,5]  prob_r: 2.6149144396185875e-03 prob_e: 2.6511824689805508e-03
#ERR image_list_position: [34] probs: [46,9]  prob_r: 5.5558130145072937e-02 prob_e: 5.5554125458002090e-02
#ERR image_list_position: [34] probs: [46,11]  prob_r: 9.4673685729503632e-02 prob_e: 9.4654083251953125e-02
#ERR image_list_position: [34] probs: [46,14]  prob_r: 5.9176331758499146e-01 prob_e: 5.9178167581558228e-01
#ERR image_list_position: [34] probs: [46,17]  prob_r: 1.6547225415706635e-02 prob_e: 1.6531964763998985e-02
#ERR image_list_position: [34] probs: [46,18]  prob_r: 3.2077792566269636e-03 prob_e: 3.1861020252108574e-03
#ERR image_list_position: [34] boxes: [49]  x_r: 1.6287039184570312e+02 x_e: 1.6287197875976562e+02 x_diff: 1.5869140625000000e-03 y_r: 1.4274700927734375e+02 y_e: 1.4274069213867188e+02 y_diff: 6.3171386718750000e-03 w_r: 5.2459712982177734e+01 w_e: 5.2473411560058594e+01 w_diff: 1.3698577880859375e-02 h_r: 9.2043601989746094e+01 h_e: 9.2042449951171875e+01 h_diff: 1.1520385742187500e-03
#ERR image_list_position: [34] probs: [49,4]  prob_r: 1.1234018020331860e-03 prob_e: 1.1237121652811766e-03
#ERR image_list_position: [34] probs: [49,9]  prob_r: 1.5258258208632469e-03 prob_e: 1.5285389963537455e-03
#ERR image_list_position: [34] probs: [49,11]  prob_r: 3.9949021302163601e-03 prob_e: 4.0012635290622711e-03
#ERR image_list_position: [34] probs: [49,14]  prob_r: 8.2315085455775261e-03 prob_e: 8.2490406930446625e-03
#ERR image_list_position: [34] boxes: [50]  x_r: 1.6328202819824219e+02 x_e: 1.6329554748535156e+02 x_diff: 1.3519287109375000e-02 y_r: 1.4232200622558594e+02 y_e: 1.4232060241699219e+02 y_diff: 1.4038085937500000e-03 w_r: 1.7896166992187500e+02 w_e: 1.7896588134765625e+02 w_diff: 4.2114257812500000e-03 h_r: 1.7670742797851562e+02 h_e: 1.7672044372558594e+02 h_diff: 1.3015747070312500e-02
#ERR image_list_position: [34] boxes: [51]  x_r: 2.6073135375976562e+02 x_e: 2.6072619628906250e+02 x_diff: 5.1574707031250000e-03 y_r: 1.2625022888183594e+02 y_e: 1.2625945281982422e+02 y_diff: 9.2239379882812500e-03 w_r: 9.0962158203125000e+01 w_e: 9.0986282348632812e+01 w_diff: 2.4124145507812500e-02 h_r: 1.3521842956542969e+02 h_e: 1.3525596618652344e+02 h_diff: 3.7536621093750000e-02
#ERR image_list_position: [34] probs: [51,0]  prob_r: 1.3640770921483636e-03 prob_e: 1.3632193440571427e-03
#ERR image_list_position: [34] probs: [51,9]  prob_r: 3.6261028144508600e-03 prob_e: 3.6293910816311836e-03
#ERR image_list_position: [34] probs: [51,11]  prob_r: 3.4567456692457199e-02 prob_e: 3.4568794071674347e-02
#ERR image_list_position: [34] probs: [51,14]  prob_r: 4.6132929623126984e-02 prob_e: 4.6148467808961868e-02
#ERR image_list_position: [34] probs: [51,17]  prob_r: 1.7441991949453950e-03 prob_e: 1.7336958553642035e-03
#ERR image_list_position: [34] boxes: [53]  x_r: 2.5842800903320312e+02 x_e: 2.5842913818359375e+02 x_diff: 1.1291503906250000e-03 y_r: 1.2629013061523438e+02 y_e: 1.2631185150146484e+02 y_diff: 2.1720886230468750e-02 w_r: 1.7850923156738281e+02 w_e: 1.7847187805175781e+02 w_diff: 3.7353515625000000e-02 h_r: 2.0732640075683594e+02 h_e: 2.0732334899902344e+02 h_diff: 3.0517578125000000e-03
#ERR image_list_position: [34] probs: [53,0]  prob_r: 3.8687135092914104e-03 prob_e: 3.8715053815394640e-03
#ERR image_list_position: [34] probs: [53,12]  prob_r: 1.7118050018325448e-03 prob_e: 1.7252912512049079e-03
#ERR image_list_position: [34] probs: [53,13]  prob_r: 1.0794056579470634e-03 prob_e: 1.0810774983838201e-03
#ERR image_list_position: [34] probs: [53,15]  prob_r: 1.0189234744757414e-03 prob_e: 1.0171473259106278e-03
#ERR image_list_position: [34] probs: [53,16]  prob_r: 2.1257766056805849e-03 prob_e: 2.1333210170269012e-03
#ERR image_list_position: [34] probs: [53,17]  prob_r: 4.9467929638922215e-03 prob_e: 4.9236482009291649e-03
#ERR image_list_position: [34] boxes: [54]  x_r: 3.4549871826171875e+02 x_e: 3.4549459838867188e+02 x_diff: 4.1198730468750000e-03 y_r: 1.3348332214355469e+02 y_e: 1.3348387145996094e+02 y_diff: 5.4931640625000000e-04 w_r: 1.3032141113281250e+02 w_e: 1.3029362487792969e+02 w_diff: 2.7786254882812500e-02 h_r: 1.3616145324707031e+02 h_e: 1.3612959289550781e+02 h_diff: 3.1860351562500000e-02
#ERR image_list_position: [34] probs: [54,0]  prob_r: 1.2346190400421619e-02 prob_e: 1.2315710075199604e-02
#ERR image_list_position: [34] probs: [54,1]  prob_r: 1.9255107268691063e-02 prob_e: 1.9188405945897102e-02
#ERR image_list_position: [34] probs: [54,2]  prob_r: 1.6705995425581932e-02 prob_e: 1.6742600128054619e-02
#ERR image_list_position: [34] probs: [54,4]  prob_r: 1.3198361732065678e-02 prob_e: 1.3178216293454170e-02
#ERR image_list_position: [34] probs: [54,5]  prob_r: 4.2756902985274792e-03 prob_e: 4.2590354569256306e-03
#ERR image_list_position: [34] probs: [54,9]  prob_r: 5.7439848780632019e-02 prob_e: 5.7457815855741501e-02
#ERR image_list_position: [34] probs: [54,10]  prob_r: 3.0359677039086819e-03 prob_e: 3.0526374466717243e-03
#ERR image_list_position: [34] probs: [54,11]  prob_r: 5.7915931940078735e-01 prob_e: 5.7903343439102173e-01
#ERR image_list_position: [34] probs: [54,12]  prob_r: 1.5130086103454232e-03 prob_e: 1.5285345725715160e-03
#ERR image_list_position: [34] probs: [54,13]  prob_r: 2.6708517223596573e-02 prob_e: 2.6657866314053535e-02
#ERR image_list_position: [34] probs: [54,14]  prob_r: 1.2911324203014374e-01 prob_e: 1.2927301228046417e-01
#ERR image_list_position: [34] probs: [54,15]  prob_r: 2.0211366936564445e-02 prob_e: 2.0119892433285713e-02
#ERR image_list_position: [34] probs: [54,19]  prob_r: 3.2041168306022882e-03 prob_e: 3.2156987581402063e-03
#ERR image_list_position: [34] boxes: [55]  x_r: 3.3499234008789062e+02 x_e: 3.3498431396484375e+02 x_diff: 8.0261230468750000e-03 y_r: 1.3102247619628906e+02 y_e: 1.3102449035644531e+02 y_diff: 2.0141601562500000e-03 w_r: 1.0762985229492188e+02 w_e: 1.0761143493652344e+02 w_diff: 1.8417358398437500e-02 h_r: 1.2579808044433594e+02 h_e: 1.2579759216308594e+02 h_diff: 4.8828125000000000e-04
#ERR image_list_position: [34] boxes: [58]  x_r: 3.6202593994140625e+02 x_e: 3.6203237915039062e+02 x_diff: 6.4392089843750000e-03 y_r: 1.3958081054687500e+02 y_e: 1.3958551025390625e+02 y_diff: 4.6997070312500000e-03 w_r: 1.1451869201660156e+02 w_e: 1.1450149536132812e+02 w_diff: 1.7196655273437500e-02 h_r: 1.0377808380126953e+02 h_e: 1.0376084899902344e+02 h_diff: 1.7234802246093750e-02
#ERR image_list_position: [34] probs: [58,6]  prob_r: 1.3335760449990630e-03 prob_e: 1.3363573234528303e-03
#ERR image_list_position: [34] boxes: [60]  x_r: 4.5994906616210938e+02 x_e: 4.5994577026367188e+02 x_diff: 3.2958984375000000e-03 y_r: 1.3452655029296875e+02 y_e: 1.3453334045410156e+02 y_diff: 6.7901611328125000e-03 w_r: 5.6826473236083984e+01 w_e: 5.6829910278320312e+01 w_diff: 3.4370422363281250e-03 h_r: 1.1638699340820312e+02 h_e: 1.1639994812011719e+02 h_diff: 1.2954711914062500e-02
#ERR image_list_position: [34] probs: [60,11]  prob_r: 3.7918118759989738e-03 prob_e: 3.7768506444990635e-03
#ERR image_list_position: [34] probs: [60,14]  prob_r: 1.8677796470001340e-03 prob_e: 1.8619768088683486e-03
#ERR image_list_position: [34] boxes: [61]  x_r: 4.8592156982421875e+02 x_e: 4.8592550659179688e+02 x_diff: 3.9367675781250000e-03 y_r: 1.3123454284667969e+02 y_e: 1.3124533081054688e+02 y_diff: 1.0787963867187500e-02 w_r: 1.7002206802368164e+01 w_e: 1.7000080108642578e+01 w_diff: 2.1266937255859375e-03 h_r: 1.3103836059570312e+02 h_e: 1.3105197143554688e+02 h_diff: 1.3610839843750000e-02
#ERR image_list_position: [34] boxes: [62]  x_r: 4.3214898681640625e+02 x_e: 4.3215191650390625e+02 x_diff: 2.9296875000000000e-03 y_r: 1.2309865570068359e+02 y_e: 1.2309901428222656e+02 y_diff: 3.5858154296875000e-04 w_r: 1.2691601753234863e+01 w_e: 1.2696616172790527e+01 w_diff: 5.0144195556640625e-03 h_r: 2.5396539688110352e+01 h_e: 2.5396091461181641e+01 h_diff: 4.4822692871093750e-04
#ERR image_list_position: [34] boxes: [63]  x_r: 5.3787979125976562e+01 x_e: 5.3788291931152344e+01 x_diff: 3.1280517578125000e-04 y_r: 1.7332183837890625e+02 y_e: 1.7332392883300781e+02 y_diff: 2.0904541015625000e-03 w_r: 9.5156394958496094e+01 w_e: 9.5149505615234375e+01 w_diff: 6.8893432617187500e-03 h_r: 2.2779989624023438e+02 h_e: 2.2780206298828125e+02 h_diff: 2.1667480468750000e-03
#ERR image_list_position: [34] boxes: [64]  x_r: 8.1722316741943359e+00 x_e: 8.1695871353149414e+00 x_diff: 2.6445388793945312e-03 y_r: 1.7900335693359375e+02 y_e: 1.7900430297851562e+02 y_diff: 9.4604492187500000e-04 w_r: 9.3575105667114258e+00 w_e: 9.3568210601806641e+00 w_diff: 6.8950653076171875e-04 h_r: 1.3246276855468750e+02 h_e: 1.3246925354003906e+02 h_diff: 6.4849853515625000e-03
#ERR image_list_position: [34] probs: [64,11]  prob_r: 1.2438194826245308e-03 prob_e: 1.2445027241483331e-03
#ERR image_list_position: [34] probs: [64,14]  prob_r: 2.8681554831564426e-03 prob_e: 2.8707657475024462e-03
#ERR image_list_position: [34] boxes: [65]  x_r: 2.3819131851196289e+01 x_e: 2.3821266174316406e+01 x_diff: 2.1343231201171875e-03 y_r: 1.8195677185058594e+02 y_e: 1.8195761108398438e+02 y_diff: 8.3923339843750000e-04 w_r: 3.4894687652587891e+01 w_e: 3.4885349273681641e+01 w_diff: 9.3383789062500000e-03 h_r: 1.5859385681152344e+02 h_e: 1.5859652709960938e+02 h_diff: 2.6702880859375000e-03
#ERR image_list_position: [34] boxes: [66]  x_r: 1.0591963958740234e+02 x_e: 1.0591248321533203e+02 x_diff: 7.1563720703125000e-03 y_r: 1.7327403259277344e+02 y_e: 1.7327690124511719e+02 y_diff: 2.8686523437500000e-03 w_r: 8.1874778747558594e+01 w_e: 8.1857536315917969e+01 w_diff: 1.7242431640625000e-02 h_r: 1.3748754882812500e+02 h_e: 1.3749079895019531e+02 h_diff: 3.2501220703125000e-03
#ERR image_list_position: [34] boxes: [68]  x_r: 1.0597609710693359e+02 x_e: 1.0596796417236328e+02 x_diff: 8.1329345703125000e-03 y_r: 1.6583663940429688e+02 y_e: 1.6584127807617188e+02 y_diff: 4.6386718750000000e-03 w_r: 2.0220018005371094e+02 w_e: 2.0222949218750000e+02 w_diff: 2.9312133789062500e-02 h_r: 2.7259127807617188e+02 h_e: 2.7260507202148438e+02 h_diff: 1.3793945312500000e-02
#ERR image_list_position: [34] probs: [68,3]  prob_r: 9.2874197289347649e-03 prob_e: 9.2920279130339622e-03
#ERR image_list_position: [34] probs: [68,4]  prob_r: 2.3566405288875103e-03 prob_e: 2.3593320511281490e-03
#ERR image_list_position: [34] probs: [68,6]  prob_r: 2.7321977540850639e-03 prob_e: 2.7380383107811213e-03
#ERR image_list_position: [34] probs: [68,10]  prob_r: 6.4461831934750080e-03 prob_e: 6.4416863024234772e-03
#ERR image_list_position: [34] probs: [68,12]  prob_r: 1.1062100529670715e-02 prob_e: 1.1060830205678940e-02
#ERR image_list_position: [34] probs: [68,13]  prob_r: 9.4012254849076271e-03 prob_e: 9.4071216881275177e-03
#ERR image_list_position: [34] probs: [68,15]  prob_r: 1.5385678038001060e-02 prob_e: 1.5386159531772137e-02
#ERR image_list_position: [34] probs: [68,16]  prob_r: 1.1079627089202404e-02 prob_e: 1.1082034558057785e-02
#ERR image_list_position: [34] boxes: [69]  x_r: 1.6912414550781250e+02 x_e: 1.6912934875488281e+02 x_diff: 5.2032470703125000e-03 y_r: 1.8459953308105469e+02 y_e: 1.8460957336425781e+02 y_diff: 1.0040283203125000e-02 w_r: 7.8370628356933594e+01 w_e: 7.8355926513671875e+01 w_diff: 1.4701843261718750e-02 h_r: 9.6868888854980469e+01 h_e: 9.6876403808593750e+01 h_diff: 7.5149536132812500e-03
#ERR image_list_position: [34] probs: [69,8]  prob_r: 1.0885011870414019e-03 prob_e: 1.0860870825126767e-03
#ERR image_list_position: [34] probs: [69,9]  prob_r: 1.0433358838781714e-03 prob_e: 1.0410188697278500e-03
#ERR image_list_position: [34] probs: [69,11]  prob_r: 6.1927349306643009e-03 prob_e: 6.1762630939483643e-03
#ERR image_list_position: [34] probs: [69,14]  prob_r: 1.2423520674929023e-03 prob_e: 1.2399542611092329e-03
#ERR image_list_position: [34] boxes: [70]  x_r: 1.6599591064453125e+02 x_e: 1.6600102233886719e+02 x_diff: 5.1116943359375000e-03 y_r: 1.8692198181152344e+02 y_e: 1.8692887878417969e+02 y_diff: 6.8969726562500000e-03 w_r: 2.2993363952636719e+02 w_e: 2.2993606567382812e+02 w_diff: 2.4261474609375000e-03 h_r: 2.0536022949218750e+02 h_e: 2.0533610534667969e+02 h_diff: 2.4124145507812500e-02
#ERR image_list_position: [34] probs: [70,7]  prob_r: 1.1312392307445407e-03 prob_e: 1.1301143094897270e-03
#ERR image_list_position: [34] boxes: [73]  x_r: 2.7057086181640625e+02 x_e: 2.7057476806640625e+02 x_diff: 3.9062500000000000e-03 y_r: 2.0733151245117188e+02 y_e: 2.0733589172363281e+02 y_diff: 4.3792724609375000e-03 w_r: 2.9371261596679688e+02 w_e: 2.9361846923828125e+02 w_diff: 9.4146728515625000e-02 h_r: 2.1461347961425781e+02 h_e: 2.1455010986328125e+02 h_diff: 6.3369750976562500e-02
#ERR image_list_position: [34] probs: [73,4]  prob_r: 3.5380867775529623e-03 prob_e: 3.5370704717934132e-03
#ERR image_list_position: [34] probs: [73,12]  prob_r: 7.5156325474381447e-03 prob_e: 7.5124511495232582e-03
#ERR image_list_position: [34] probs: [73,14]  prob_r: 2.0875802263617516e-02 prob_e: 2.0890405401587486e-02
#ERR image_list_position: [34] probs: [73,17]  prob_r: 1.5865925699472427e-02 prob_e: 1.5836123377084732e-02
#ERR image_list_position: [34] boxes: [74]  x_r: 2.7414053344726562e+02 x_e: 2.7414306640625000e+02 x_diff: 2.5329589843750000e-03 y_r: 2.0655537414550781e+02 y_e: 2.0655574035644531e+02 y_diff: 3.6621093750000000e-04 w_r: 1.5012905883789062e+02 w_e: 1.5017968750000000e+02 w_diff: 5.0628662109375000e-02 h_r: 1.5675616455078125e+02 h_e: 1.5680020141601562e+02 h_diff: 4.4036865234375000e-02
#ERR image_list_position: [34] probs: [74,14]  prob_r: 2.5184685364365578e-03 prob_e: 2.5236674118787050e-03
#ERR image_list_position: [34] boxes: [75]  x_r: 3.2082128906250000e+02 x_e: 3.2081918334960938e+02 x_diff: 2.1057128906250000e-03 y_r: 1.8779554748535156e+02 y_e: 1.8780567932128906e+02 y_diff: 1.0131835937500000e-02 w_r: 1.2546305084228516e+02 w_e: 1.2546250915527344e+02 w_diff: 5.4168701171875000e-04 h_r: 1.0500302124023438e+02 h_e: 1.0500521850585938e+02 h_diff: 2.1972656250000000e-03
#ERR image_list_position: [34] probs: [75,9]  prob_r: 1.4932547928765416e-03 prob_e: 1.4934685314074159e-03
#ERR image_list_position: [34] probs: [75,11]  prob_r: 3.3457450568675995e-02 prob_e: 3.3431556075811386e-02
#ERR image_list_position: [34] probs: [75,13]  prob_r: 1.5434612287208438e-03 prob_e: 1.5416304813697934e-03
#ERR image_list_position: [34] boxes: [76]  x_r: 2.9075711059570312e+02 x_e: 2.9075552368164062e+02 x_diff: 1.5869140625000000e-03 y_r: 1.8375619506835938e+02 y_e: 1.8376026916503906e+02 y_diff: 4.0740966796875000e-03 w_r: 3.4002670288085938e+01 w_e: 3.4009586334228516e+01 w_diff: 6.9160461425781250e-03 h_r: 4.1535545349121094e+01 h_e: 4.1540924072265625e+01 h_diff: 5.3787231445312500e-03
#ERR image_list_position: [34] boxes: [77]  x_r: 3.0880676269531250e+02 x_e: 3.0879998779296875e+02 x_diff: 6.7749023437500000e-03 y_r: 1.9853327941894531e+02 y_e: 1.9854843139648438e+02 y_diff: 1.5151977539062500e-02 w_r: 2.2975372314453125e+02 w_e: 2.2975502014160156e+02 w_diff: 1.2969970703125000e-03 h_r: 1.7669230651855469e+02 h_e: 1.7663882446289062e+02 h_diff: 5.3482055664062500e-02
#ERR image_list_position: [34] boxes: [78]  x_r: 3.8002960205078125e+02 x_e: 3.8003479003906250e+02 x_diff: 5.1879882812500000e-03 y_r: 1.8392829895019531e+02 y_e: 1.8393644714355469e+02 y_diff: 8.1481933593750000e-03 w_r: 1.3380511474609375e+02 w_e: 1.3380593872070312e+02 w_diff: 8.2397460937500000e-04 h_r: 1.3562745666503906e+02 h_e: 1.3560627746582031e+02 h_diff: 2.1179199218750000e-02
#ERR image_list_position: [34] probs: [78,11]  prob_r: 2.6200818829238415e-03 prob_e: 2.6132839266210794e-03
#ERR image_list_position: [34] boxes: [79]  x_r: 3.7328628540039062e+02 x_e: 3.7328808593750000e+02 x_diff: 1.8005371093750000e-03 y_r: 1.7832569885253906e+02 y_e: 1.7833120727539062e+02 y_diff: 5.5084228515625000e-03 w_r: 6.0488033294677734e+01 w_e: 6.0500026702880859e+01 w_diff: 1.1993408203125000e-02 h_r: 5.5966556549072266e+01 h_e: 5.5970710754394531e+01 h_diff: 4.1542053222656250e-03
#ERR image_list_position: [34] boxes: [81]  x_r: 4.3876019287109375e+02 x_e: 4.3875781250000000e+02 x_diff: 2.3803710937500000e-03 y_r: 1.7966496276855469e+02 y_e: 1.7966706848144531e+02 y_diff: 2.1057128906250000e-03 w_r: 3.0449134826660156e+01 w_e: 3.0431390762329102e+01 w_diff: 1.7744064331054688e-02 h_r: 3.7492549896240234e+01 h_e: 3.7488246917724609e+01 h_diff: 4.3029785156250000e-03
#ERR image_list_position: [34] boxes: [82]  x_r: 4.5881884765625000e+02 x_e: 4.5882052612304688e+02 x_diff: 1.6784667968750000e-03 y_r: 1.8594537353515625e+02 y_e: 1.8594987487792969e+02 y_diff: 4.5013427734375000e-03 w_r: 5.9338226318359375e+01 w_e: 5.9349243164062500e+01 w_diff: 1.1016845703125000e-02 h_r: 1.2846571350097656e+02 h_e: 1.2845819091796875e+02 h_diff: 7.5225830078125000e-03
#ERR image_list_position: [34] probs: [82,9]  prob_r: 2.3352066054940224e-03 prob_e: 2.3338499013334513e-03
#ERR image_list_position: [34] probs: [82,10]  prob_r: 1.6105286777019501e-03 prob_e: 1.6101301880553365e-03
#ERR image_list_position: [34] probs: [82,11]  prob_r: 1.5573536977171898e-02 prob_e: 1.5563481487333775e-02
#ERR image_list_position: [34] probs: [82,14]  prob_r: 8.5509717464447021e-03 prob_e: 8.5469288751482964e-03
#ERR image_list_position: [34] probs: [82,15]  prob_r: 1.9814290571957827e-03 prob_e: 1.9797543063759804e-03
#ERR image_list_position: [34] boxes: [85]  x_r: 1.5841711997985840e+01 x_e: 1.5843317031860352e+01 x_diff: 1.6050338745117188e-03 y_r: 2.3042491149902344e+02 y_e: 2.3042686462402344e+02 y_diff: 1.9531250000000000e-03 w_r: 2.8071180343627930e+01 w_e: 2.8073917388916016e+01 w_diff: 2.7370452880859375e-03 h_r: 1.3524382019042969e+02 h_e: 1.3526187133789062e+02 h_diff: 1.8051147460937500e-02
#ERR image_list_position: [34] probs: [85,11]  prob_r: 2.2289268672466278e-03 prob_e: 2.2284497972577810e-03
#ERR image_list_position: [34] probs: [85,14]  prob_r: 2.8840750455856323e-03 prob_e: 2.8842936735600233e-03
#ERR image_list_position: [34] boxes: [86]  x_r: 4.5518341064453125e+01 x_e: 4.5520149230957031e+01 x_diff: 1.8081665039062500e-03 y_r: 2.3771070861816406e+02 y_e: 2.3770985412597656e+02 y_diff: 8.5449218750000000e-04 w_r: 6.7639976501464844e+01 w_e: 6.7661987304687500e+01 w_diff: 2.2010803222656250e-02 h_r: 1.4657949829101562e+02 h_e: 1.4660127258300781e+02 h_diff: 2.1774291992187500e-02
#ERR image_list_position: [34] boxes: [88]  x_r: 9.4303619384765625e+01 x_e: 9.4305465698242188e+01 x_diff: 1.8463134765625000e-03 y_r: 2.3178494262695312e+02 y_e: 2.3178817749023438e+02 y_diff: 3.2348632812500000e-03 w_r: 4.1052764892578125e+01 w_e: 4.1057102203369141e+01 w_diff: 4.3373107910156250e-03 h_r: 5.2887447357177734e+01 h_e: 5.2880439758300781e+01 h_diff: 7.0075988769531250e-03
#ERR image_list_position: [34] boxes: [89]  x_r: 1.0945018005371094e+02 x_e: 1.0945204925537109e+02 x_diff: 1.8692016601562500e-03 y_r: 2.3376916503906250e+02 y_e: 2.3377337646484375e+02 y_diff: 4.2114257812500000e-03 w_r: 1.4341807556152344e+02 w_e: 1.4343222045898438e+02 w_diff: 1.4144897460937500e-02 h_r: 1.4989672851562500e+02 h_e: 1.4989678955078125e+02 h_diff: 6.1035156250000000e-05
#ERR image_list_position: [34] probs: [89,1]  prob_r: 1.8154911231249571e-03 prob_e: 1.8172193085774779e-03
#ERR image_list_position: [34] probs: [89,8]  prob_r: 1.9708841573446989e-03 prob_e: 1.9705840386450291e-03
#ERR image_list_position: [34] probs: [89,9]  prob_r: 2.2647972218692303e-03 prob_e: 2.2663394920527935e-03
#ERR image_list_position: [34] probs: [89,11]  prob_r: 9.2062279582023621e-03 prob_e: 9.2093385756015778e-03
#ERR image_list_position: [34] probs: [89,14]  prob_r: 7.7948877587914467e-03 prob_e: 7.7997283078730106e-03
#ERR image_list_position: [34] boxes: [91]  x_r: 1.7372303771972656e+02 x_e: 1.7372541809082031e+02 x_diff: 2.3803710937500000e-03 y_r: 2.3318901062011719e+02 y_e: 2.3318716430664062e+02 y_diff: 1.8463134765625000e-03 w_r: 8.0292411804199219e+01 w_e: 8.0284202575683594e+01 w_diff: 8.2092285156250000e-03 h_r: 7.0341606140136719e+01 h_e: 7.0331733703613281e+01 h_diff: 9.8724365234375000e-03
#ERR image_list_position: [34] probs: [91,11]  prob_r: 5.6534102186560631e-03 prob_e: 5.6594824418425560e-03
#ERR image_list_position: [34] boxes: [92]  x_r: 1.7787309265136719e+02 x_e: 1.7787733459472656e+02 x_diff: 4.2419433593750000e-03 y_r: 2.3081765747070312e+02 y_e: 2.3082228088378906e+02 y_diff: 4.6234130859375000e-03 w_r: 2.0656767272949219e+02 w_e: 2.0658866882324219e+02 w_diff: 2.0996093750000000e-02 h_r: 1.4764385986328125e+02 h_e: 1.4765737915039062e+02 h_diff: 1.3519287109375000e-02
#ERR image_list_position: [34] boxes: [93]  x_r: 2.8371508789062500e+02 x_e: 2.8372091674804688e+02 x_diff: 5.8288574218750000e-03 y_r: 2.1892062377929688e+02 y_e: 2.1892234802246094e+02 y_diff: 1.7242431640625000e-03 w_r: 2.1590623474121094e+02 w_e: 2.1593870544433594e+02 w_diff: 3.2470703125000000e-02 h_r: 1.4565251159667969e+02 h_e: 1.4568519592285156e+02 h_diff: 3.2684326171875000e-02
#ERR image_list_position: [34] probs: [93,17]  prob_r: 5.0452034920454025e-03 prob_e: 5.0438321195542812e-03
#ERR image_list_position: [34] boxes: [94]  x_r: 2.2780966186523438e+02 x_e: 2.2781184387207031e+02 x_diff: 2.1820068359375000e-03 y_r: 2.1977638244628906e+02 y_e: 2.1977500915527344e+02 y_diff: 1.3732910156250000e-03 w_r: 3.1274391174316406e+01 w_e: 3.1287174224853516e+01 w_diff: 1.2783050537109375e-02 h_r: 2.9799715042114258e+01 h_e: 2.9804485321044922e+01 h_diff: 4.7702789306640625e-03
#ERR image_list_position: [34] boxes: [95]  x_r: 2.8184161376953125e+02 x_e: 2.8184326171875000e+02 x_diff: 1.6479492187500000e-03 y_r: 2.1757180786132812e+02 y_e: 2.1757559204101562e+02 y_diff: 3.7841796875000000e-03 w_r: 2.8574655151367188e+02 w_e: 2.8571792602539062e+02 w_diff: 2.8625488281250000e-02 h_r: 1.7024502563476562e+02 h_e: 1.7024090576171875e+02 h_diff: 4.1198730468750000e-03
#ERR image_list_position: [34] probs: [95,0]  prob_r: 9.1630183160305023e-03 prob_e: 9.1687114909291267e-03
#ERR image_list_position: [34] probs: [95,5]  prob_r: 7.6453704386949539e-03 prob_e: 7.6224519871175289e-03
#ERR image_list_position: [34] probs: [95,9]  prob_r: 2.4164674803614616e-02 prob_e: 2.4150669574737549e-02
#ERR image_list_position: [34] probs: [95,10]  prob_r: 2.4747580289840698e-02 prob_e: 2.4745531380176544e-02
#ERR image_list_position: [34] probs: [95,11]  prob_r: 4.1157567501068115e-01 prob_e: 4.1152769327163696e-01
#ERR image_list_position: [34] probs: [95,13]  prob_r: 1.1852547526359558e-02 prob_e: 1.1850403621792793e-02
#ERR image_list_position: [34] boxes: [96]  x_r: 2.9560385131835938e+02 x_e: 2.9560437011718750e+02 x_diff: 5.1879882812500000e-04 y_r: 2.1765118408203125e+02 y_e: 2.1765063476562500e+02 y_diff: 5.4931640625000000e-04 w_r: 1.4872698974609375e+02 w_e: 1.4870803833007812e+02 w_diff: 1.8951416015625000e-02 h_r: 1.0342959594726562e+02 h_e: 1.0341793060302734e+02 h_diff: 1.1665344238281250e-02
#ERR image_list_position: [34] probs: [96,8]  prob_r: 1.8736985512077808e-03 prob_e: 1.8750437302514911e-03
#ERR image_list_position: [34] probs: [96,9]  prob_r: 3.0092257075011730e-03 prob_e: 3.0094329267740250e-03
#ERR image_list_position: [34] probs: [96,10]  prob_r: 3.5804505459964275e-03 prob_e: 3.5788780078291893e-03
#ERR image_list_position: [34] probs: [96,11]  prob_r: 4.4662911444902420e-02 prob_e: 4.4654138386249542e-02
#ERR image_list_position: [34] probs: [96,16]  prob_r: 1.2052607489749789e-03 prob_e: 1.2063283938914537e-03
#ERR image_list_position: [34] probs: [96,17]  prob_r: 1.0539420181885362e-03 prob_e: 1.0559516958892345e-03
#ERR image_list_position: [34] boxes: [97]  x_r: 2.8700421142578125e+02 x_e: 2.8700256347656250e+02 x_diff: 1.6479492187500000e-03 y_r: 2.1628971862792969e+02 y_e: 2.1629096984863281e+02 y_diff: 1.2512207031250000e-03 w_r: 6.5601730346679688e+00 w_e: 6.5605521202087402e+00 w_diff: 3.7908554077148438e-04 h_r: 1.1100154876708984e+01 h_e: 1.1105246543884277e+01 h_diff: 5.0916671752929688e-03
#ERR image_list_position: [34] boxes: [98]  x_r: 2.8969973754882812e+02 x_e: 2.8969998168945312e+02 x_diff: 2.4414062500000000e-04 y_r: 2.1969482421875000e+02 y_e: 2.1969895935058594e+02 y_diff: 4.1351318359375000e-03 w_r: 2.7166278076171875e+02 w_e: 2.7168508911132812e+02 w_diff: 2.2308349609375000e-02 h_r: 1.5734303283691406e+02 h_e: 1.5733135986328125e+02 h_diff: 1.1672973632812500e-02
#ERR image_list_position: [34] probs: [98,2]  prob_r: 3.5434602759778500e-03 prob_e: 3.5518354270607233e-03
#ERR image_list_position: [34] probs: [98,3]  prob_r: 3.4200530499219894e-03 prob_e: 3.4170781727880239e-03
#ERR image_list_position: [34] probs: [98,8]  prob_r: 9.7920838743448257e-03 prob_e: 9.7998492419719696e-03
#ERR image_list_position: [34] probs: [98,16]  prob_r: 6.2987799756228924e-03 prob_e: 6.3048321753740311e-03
#ERR image_list_position: [34] boxes: [99]  x_r: 3.8197738647460938e+02 x_e: 3.8197964477539062e+02 x_diff: 2.2583007812500000e-03 y_r: 2.2930290222167969e+02 y_e: 2.2930197143554688e+02 y_diff: 9.3078613281250000e-04 w_r: 4.7840843200683594e+01 w_e: 4.7829181671142578e+01 w_diff: 1.1661529541015625e-02 h_r: 4.9086395263671875e+01 h_e: 4.9093479156494141e+01 h_diff: 7.0838928222656250e-03
#ERR image_list_position: [34] boxes: [101]  x_r: 3.8511175537109375e+02 x_e: 3.8510946655273438e+02 x_diff: 2.2888183593750000e-03 y_r: 2.3531086730957031e+02 y_e: 2.3531333923339844e+02 y_diff: 2.4719238281250000e-03 w_r: 1.2688909912109375e+02 w_e: 1.2691973114013672e+02 w_diff: 3.0632019042968750e-02 h_r: 1.2203620147705078e+02 h_e: 1.2203082275390625e+02 h_diff: 5.3787231445312500e-03
#ERR image_list_position: [34] probs: [101,11]  prob_r: 6.5806047059595585e-03 prob_e: 6.5764891915023327e-03
#ERR image_list_position: [34] probs: [101,14]  prob_r: 1.1745690135285258e-03 prob_e: 1.1741244234144688e-03
#ERR image_list_position: [34] boxes: [102]  x_r: 4.5809127807617188e+02 x_e: 4.5808810424804688e+02 x_diff: 3.1738281250000000e-03 y_r: 2.3611616516113281e+02 y_e: 2.3611967468261719e+02 y_diff: 3.5095214843750000e-03 w_r: 5.8730041503906250e+01 w_e: 5.8741195678710938e+01 w_diff: 1.1154174804687500e-02 h_r: 1.2183818817138672e+02 h_e: 1.2183267974853516e+02 h_diff: 5.5084228515625000e-03
#ERR image_list_position: [34] boxes: [104]  x_r: 4.7930371093750000e+02 x_e: 4.7930541992187500e+02 x_diff: 1.7089843750000000e-03 y_r: 2.3499745178222656e+02 y_e: 2.3500144958496094e+02 y_diff: 3.9978027343750000e-03 w_r: 1.4393476486206055e+01 w_e: 1.4401977539062500e+01 w_diff: 8.5010528564453125e-03 h_r: 1.1131240081787109e+02 h_e: 1.1132408905029297e+02 h_diff: 1.1688232421875000e-02
#ERR image_list_position: [34] boxes: [105]  x_r: 3.8990018367767334e+00 x_e: 3.8966717720031738e+00 x_diff: 2.3300647735595703e-03 y_r: 2.8086407470703125e+02 y_e: 2.8086215209960938e+02 y_diff: 1.9226074218750000e-03 w_r: 7.2960720062255859e+00 w_e: 7.3020873069763184e+00 w_diff: 6.0153007507324219e-03 h_r: 2.3398775100708008e+01 h_e: 2.3404211044311523e+01 h_diff: 5.4359436035156250e-03
#ERR image_list_position: [34] probs: [105,11]  prob_r: 1.1122564319521189e-03 prob_e: 1.1118430411443114e-03
#ERR image_list_position: [34] probs: [105,14]  prob_r: 1.0231108171865344e-03 prob_e: 1.0229861363768578e-03
#ERR image_list_position: [34] boxes: [106]  x_r: 4.5057880401611328e+01 x_e: 4.5061012268066406e+01 x_diff: 3.1318664550781250e-03 y_r: 2.8254391479492188e+02 y_e: 2.8255191040039062e+02 y_diff: 7.9956054687500000e-03 w_r: 7.2722679138183594e+01 w_e: 7.2726470947265625e+01 w_diff: 3.7918090820312500e-03 h_r: 9.3262603759765625e+01 h_e: 9.3276611328125000e+01 h_diff: 1.4007568359375000e-02
#ERR image_list_position: [34] boxes: [107]  x_r: 1.1222277641296387e+01 x_e: 1.1224323272705078e+01 x_diff: 2.0456314086914062e-03 y_r: 2.8735742187500000e+02 y_e: 2.8735775756835938e+02 y_diff: 3.3569335937500000e-04 w_r: 1.8156726837158203e+01 w_e: 1.8162302017211914e+01 w_diff: 5.5751800537109375e-03 h_r: 8.1145439147949219e+01 h_e: 8.1160285949707031e+01 h_diff: 1.4846801757812500e-02
#ERR image_list_position: [34] boxes: [110]  x_r: 1.0271237182617188e+02 x_e: 1.0271067047119141e+02 x_diff: 1.7013549804687500e-03 y_r: 2.8473959350585938e+02 y_e: 2.8473681640625000e+02 y_diff: 2.7770996093750000e-03 w_r: 1.3129800415039062e+02 w_e: 1.3131098937988281e+02 w_diff: 1.2985229492187500e-02 h_r: 9.5463890075683594e+01 h_e: 9.5484146118164062e+01 h_diff: 2.0256042480468750e-02
#ERR image_list_position: [34] boxes: [113]  x_r: 1.8074862670898438e+02 x_e: 1.8075057983398438e+02 x_diff: 1.9531250000000000e-03 y_r: 2.9229162597656250e+02 y_e: 2.9229302978515625e+02 y_diff: 1.4038085937500000e-03 w_r: 1.6932635498046875e+02 w_e: 1.6934188842773438e+02 w_diff: 1.5533447265625000e-02 h_r: 8.9945922851562500e+01 h_e: 8.9956146240234375e+01 h_diff: 1.0223388671875000e-02
#ERR image_list_position: [34] probs: [113,11]  prob_r: 3.9351042360067368e-03 prob_e: 3.9367820136249065e-03
#ERR image_list_position: [34] boxes: [114]  x_r: 2.5673928833007812e+02 x_e: 2.5673739624023438e+02 x_diff: 1.8920898437500000e-03 y_r: 2.9003298950195312e+02 y_e: 2.9003271484375000e+02 y_diff: 2.7465820312500000e-04 w_r: 2.3992199707031250e+02 w_e: 2.3994763183593750e+02 w_diff: 2.5634765625000000e-02 h_r: 1.0550482940673828e+02 h_e: 1.0552970123291016e+02 h_diff: 2.4871826171875000e-02
#ERR image_list_position: [34] probs: [114,4]  prob_r: 1.4790081186220050e-03 prob_e: 1.4789351262152195e-03
#ERR image_list_position: [34] probs: [114,8]  prob_r: 1.3824244961142540e-03 prob_e: 1.3853019336238503e-03
#ERR image_list_position: [34] probs: [114,10]  prob_r: 4.8560113646090031e-03 prob_e: 4.8590577207505703e-03
#ERR image_list_position: [34] probs: [114,11]  prob_r: 1.3975160196423531e-02 prob_e: 1.3984023593366146e-02
#ERR image_list_position: [34] probs: [114,15]  prob_r: 1.6387362265959382e-03 prob_e: 1.6392176039516926e-03
#ERR image_list_position: [34] boxes: [116]  x_r: 2.4324598693847656e+02 x_e: 2.4325007629394531e+02 x_diff: 4.0893554687500000e-03 y_r: 2.8825079345703125e+02 y_e: 2.8824966430664062e+02 y_diff: 1.1291503906250000e-03 w_r: 4.6932151794433594e+01 w_e: 4.6940910339355469e+01 w_diff: 8.7585449218750000e-03 h_r: 5.1773654937744141e+01 h_e: 5.1774394989013672e+01 h_diff: 7.4005126953125000e-04
#ERR image_list_position: [34] probs: [116,11]  prob_r: 1.2173337163403630e-03 prob_e: 1.2219682103022933e-03
#ERR image_list_position: [34] boxes: [118]  x_r: 3.0266830444335938e+02 x_e: 3.0266717529296875e+02 x_diff: 1.1291503906250000e-03 y_r: 2.8499124145507812e+02 y_e: 2.8499163818359375e+02 y_diff: 3.9672851562500000e-04 w_r: 3.1584167480468750e+01 w_e: 3.1589487075805664e+01 w_diff: 5.3195953369140625e-03 h_r: 2.9205440521240234e+01 h_e: 2.9209957122802734e+01 h_diff: 4.5166015625000000e-03
#ERR image_list_position: [34] boxes: [119]  x_r: 3.1113800048828125e+02 x_e: 3.1113723754882812e+02 x_diff: 7.6293945312500000e-04 y_r: 2.8740484619140625e+02 y_e: 2.8740829467773438e+02 y_diff: 3.4484863281250000e-03 w_r: 2.1079039001464844e+02 w_e: 2.1080406188964844e+02 w_diff: 1.3671875000000000e-02 h_r: 1.0170846557617188e+02 h_e: 1.0170232391357422e+02 h_diff: 6.1416625976562500e-03
#ERR image_list_position: [34] boxes: [120]  x_r: 3.8998440551757812e+02 x_e: 3.8998355102539062e+02 x_diff: 8.5449218750000000e-04 y_r: 2.8820495605468750e+02 y_e: 2.8820648193359375e+02 y_diff: 1.5258789062500000e-03 w_r: 1.3242439270019531e+02 w_e: 1.3242930603027344e+02 w_diff: 4.9133300781250000e-03 h_r: 8.7388435363769531e+01 h_e: 8.7393997192382812e+01 h_diff: 5.5618286132812500e-03
#ERR image_list_position: [34] boxes: [124]  x_r: 4.5467102050781250e+02 x_e: 4.5467105102539062e+02 x_diff: 3.0517578125000000e-05 y_r: 2.7708908081054688e+02 y_e: 2.7708908081054688e+02 y_diff: 0.0000000000000000e+00 w_r: 2.4111621379852295e+00 w_e: 2.4137716293334961e+00 w_diff: 2.6094913482666016e-03 h_r: 1.9495176315307617e+01 h_e: 1.9489171981811523e+01 h_diff: 6.0043334960937500e-03
#ERR image_list_position: [34] boxes: [127]  x_r: 3.8593906402587891e+01 x_e: 3.8596172332763672e+01 x_diff: 2.2659301757812500e-03 y_r: 3.4388516235351562e+02 y_e: 3.4388696289062500e+02 y_diff: 1.8005371093750000e-03 w_r: 6.2665630340576172e+01 w_e: 6.2670272827148438e+01 w_diff: 4.6424865722656250e-03 h_r: 3.3036708831787109e+01 h_e: 3.3030677795410156e+01 h_diff: 6.0310363769531250e-03
#ERR image_list_position: [34] boxes: [128]  x_r: 8.8367500305175781e+00 x_e: 8.8376464843750000e+00 x_diff: 8.9645385742187500e-04 y_r: 3.3623236083984375e+02 y_e: 3.3623168945312500e+02 y_diff: 6.7138671875000000e-04 w_r: 7.5503621101379395e+00 w_e: 7.5489449501037598e+00 w_diff: 1.4171600341796875e-03 h_r: 2.2492403030395508e+01 h_e: 2.2497608184814453e+01 h_diff: 5.2051544189453125e-03
#ERR image_list_position: [34] boxes: [129]  x_r: 1.0257133483886719e+02 x_e: 1.0257821655273438e+02 x_diff: 6.8817138671875000e-03 y_r: 3.4350051879882812e+02 y_e: 3.4349728393554688e+02 y_diff: 3.2348632812500000e-03 w_r: 9.3164093017578125e+01 w_e: 9.3180381774902344e+01 w_diff: 1.6288757324218750e-02 h_r: 3.5245300292968750e+01 h_e: 3.5243625640869141e+01 h_diff: 1.6746520996093750e-03
#ERR image_list_position: [34] boxes: [130]  x_r: 7.5356986999511719e+01 x_e: 7.5362251281738281e+01 x_diff: 5.2642822265625000e-03 y_r: 3.2745257568359375e+02 y_e: 3.2745117187500000e+02 y_diff: 1.4038085937500000e-03 w_r: 6.7839431762695312e-01 w_e: 6.7784243822097778e-01 w_diff: 5.5187940597534180e-04 h_r: 4.8335485458374023e+00 h_e: 4.8351244926452637e+00 h_diff: 1.5759468078613281e-03
#ERR image_list_position: [34] boxes: [132]  x_r: 1.7044154357910156e+02 x_e: 1.7044721984863281e+02 x_diff: 5.6762695312500000e-03 y_r: 3.4305697631835938e+02 y_e: 3.4305505371093750e+02 y_diff: 1.9226074218750000e-03 w_r: 1.4345114135742188e+02 w_e: 1.4347953796386719e+02 w_diff: 2.8396606445312500e-02 h_r: 3.8323303222656250e+01 h_e: 3.8331779479980469e+01 h_diff: 8.4762573242187500e-03
#ERR image_list_position: [34] probs: [132,2]  prob_r: 1.5457905828952789e-03 prob_e: 1.5463778981938958e-03
#ERR image_list_position: [34] probs: [132,4]  prob_r: 1.7945424187928438e-03 prob_e: 1.7950830515474081e-03
#ERR image_list_position: [34] probs: [132,11]  prob_r: 4.1144038550555706e-03 prob_e: 4.1157132945954800e-03
#ERR image_list_position: [34] boxes: [135]  x_r: 2.4428393554687500e+02 x_e: 2.4428388977050781e+02 x_diff: 4.5776367187500000e-05 y_r: 3.4136965942382812e+02 y_e: 3.4137149047851562e+02 y_diff: 1.8310546875000000e-03 w_r: 1.7450755310058594e+02 w_e: 1.7452922058105469e+02 w_diff: 2.1667480468750000e-02 h_r: 4.8322456359863281e+01 h_e: 4.8330158233642578e+01 h_diff: 7.7018737792968750e-03
#ERR image_list_position: [34] probs: [135,11]  prob_r: 4.7046239487826824e-03 prob_e: 4.7047012485563755e-03
#ERR image_list_position: [34] boxes: [137]  x_r: 2.2809883117675781e+02 x_e: 2.2809848022460938e+02 x_diff: 3.5095214843750000e-04 y_r: 3.3507299804687500e+02 y_e: 3.3507214355468750e+02 y_diff: 8.5449218750000000e-04 w_r: 1.4316380500793457e+01 w_e: 1.4328839302062988e+01 w_diff: 1.2458801269531250e-02 h_r: 9.8675594329833984e+00 h_e: 9.8667688369750977e+00 h_diff: 7.9059600830078125e-04
#ERR image_list_position: [34] boxes: [140]  x_r: 3.1669067382812500e+02 x_e: 3.1669500732421875e+02 x_diff: 4.3334960937500000e-03 y_r: 3.4221014404296875e+02 y_e: 3.4221139526367188e+02 y_diff: 1.2512207031250000e-03 w_r: 1.5431057739257812e+02 w_e: 1.5431358337402344e+02 w_diff: 3.0059814453125000e-03 h_r: 3.7207630157470703e+01 h_e: 3.7227512359619141e+01 h_diff: 1.9882202148437500e-02
#ERR image_list_position: [34] boxes: [142]  x_r: 3.8766442871093750e+02 x_e: 3.8766793823242188e+02 x_diff: 3.5095214843750000e-03 y_r: 3.4323101806640625e+02 y_e: 3.4323101806640625e+02 y_diff: 0.0000000000000000e+00 w_r: 1.1456475067138672e+02 w_e: 1.1458718109130859e+02 w_diff: 2.2430419921875000e-02 h_r: 3.0834955215454102e+01 h_e: 3.0838788986206055e+01 h_diff: 3.8337707519531250e-03
#ERR image_list_position: [34] boxes: [144]  x_r: 4.5635092163085938e+02 x_e: 4.5635281372070312e+02 x_diff: 1.8920898437500000e-03 y_r: 3.4205432128906250e+02 y_e: 3.4205612182617188e+02 y_diff: 1.8005371093750000e-03 w_r: 5.9253658294677734e+01 w_e: 5.9274108886718750e+01 w_diff: 2.0450592041015625e-02 h_r: 3.6786186218261719e+01 h_e: 3.6788028717041016e+01 h_diff: 1.8424987792968750e-03
#SDC Ite:34 KerTime:0.357048 AccTime:12.697716 KerErr:93 AccErr:93
#IT Ite:35 KerTime:0.356821 AccTime:13.054537
#IT Ite:36 KerTime:0.357390 AccTime:13.411927
#IT Ite:37 KerTime:0.356945 AccTime:13.768872
#IT Ite:38 KerTime:0.357261 AccTime:14.126133
#IT Ite:39 KerTime:0.356992 AccTime:14.483125
#IT Ite:40 KerTime:0.356935 AccTime:14.840060
#IT Ite:41 KerTime:0.357348 AccTime:15.197408
#IT Ite:42 KerTime:0.357014 AccTime:15.554422
#IT Ite:43 KerTime:0.357303 AccTime:15.911725
#IT Ite:44 KerTime:0.357374 AccTime:16.269099
#IT Ite:45 KerTime:0.357370 AccTime:16.626469
#IT Ite:46 KerTime:0.357008 AccTime:16.983477
#IT Ite:47 KerTime:0.357290 AccTime:17.340767
#IT Ite:48 KerTime:0.357083 AccTime:17.697850
#IT Ite:49 KerTime:0.356687 AccTime:18.054537
#IT Ite:50 KerTime:0.357518 AccTime:18.412055
#IT Ite:51 KerTime:0.357489 AccTime:18.769544
#IT Ite:52 KerTime:0.357550 AccTime:19.127094
#IT Ite:53 KerTime:0.357402 AccTime:19.484496
#IT Ite:54 KerTime:0.356980 AccTime:19.841476
#IT Ite:55 KerTime:0.357404 AccTime:20.198880
#IT Ite:56 KerTime:0.357483 AccTime:20.556363
#IT Ite:57 KerTime:0.357015 AccTime:20.913378
#IT Ite:58 KerTime:0.357198 AccTime:21.270576
#IT Ite:59 KerTime:0.356976 AccTime:21.627552
#IT Ite:60 KerTime:0.357092 AccTime:21.984644
#IT Ite:61 KerTime:0.356787 AccTime:22.341431
#IT Ite:62 KerTime:0.357440 AccTime:22.698871
#IT Ite:63 KerTime:0.357144 AccTime:23.056015
#IT Ite:64 KerTime:0.357139 AccTime:23.413154
#IT Ite:65 KerTime:0.357496 AccTime:23.770650
#IT Ite:66 KerTime:0.356645 AccTime:24.127295
#IT Ite:67 KerTime:0.357574 AccTime:24.484869
#IT Ite:68 KerTime:0.357447 AccTime:24.842316
#IT Ite:69 KerTime:0.356989 AccTime:25.199305
#IT Ite:70 KerTime:0.357172 AccTime:25.556477
#IT Ite:71 KerTime:0.357054 AccTime:25.913531
#IT Ite:72 KerTime:0.357338 AccTime:26.270869
#IT Ite:73 KerTime:0.356664 AccTime:26.627533
#IT Ite:74 KerTime:0.357520 AccTime:26.985053
#IT Ite:75 KerTime:0.357410 AccTime:27.342463
#IT Ite:76 KerTime:0.357226 AccTime:27.699689
#IT Ite:77 KerTime:0.356969 AccTime:28.056658
#IT Ite:78 KerTime:0.357021 AccTime:28.413679
#IT Ite:79 KerTime:0.357099 AccTime:28.770778
#IT Ite:80 KerTime:0.357355 AccTime:29.128133
#IT Ite:81 KerTime:0.357083 AccTime:29.485216
#IT Ite:82 KerTime:0.357061 AccTime:29.842277
#IT Ite:83 KerTime:0.356916 AccTime:30.199193
#IT Ite:84 KerTime:0.357298 AccTime:30.556491
#IT Ite:85 KerTime:0.357402 AccTime:30.913893
#IT Ite:86 KerTime:0.357340 AccTime:31.271233
#IT Ite:87 KerTime:0.357565 AccTime:31.628798
#IT Ite:88 KerTime:0.357023 AccTime:31.985821
#IT Ite:89 KerTime:0.357520 AccTime:32.343341
#IT Ite:90 KerTime:0.357491 AccTime:32.700832
#IT Ite:91 KerTime:0.357218 AccTime:33.058050
#IT Ite:92 KerTime:0.357423 AccTime:33.415473
#IT Ite:93 KerTime:0.357414 AccTime:33.772887
#IT Ite:94 KerTime:0.357511 AccTime:34.130398
#IT Ite:95 KerTime:0.356698 AccTime:34.487096
#IT Ite:96 KerTime:0.357098 AccTime:34.844194
#IT Ite:97 KerTime:0.357525 AccTime:35.201719
#IT Ite:98 KerTime:0.357201 AccTime:35.558920
#IT Ite:99 KerTime:0.356952 AccTime:35.915872
#IT Ite:100 KerTime:0.356672 AccTime:36.272544
#IT Ite:101 KerTime:0.357204 AccTime:36.629748
#IT Ite:102 KerTime:0.357435 AccTime:36.987183
#IT Ite:103 KerTime:0.357103 AccTime:37.344286
#IT Ite:104 KerTime:0.357373 AccTime:37.701659
#IT Ite:105 KerTime:0.356707 AccTime:38.058366
#IT Ite:106 KerTime:0.357523 AccTime:38.415889
#IT Ite:107 KerTime:0.357315 AccTime:38.773204
#IT Ite:108 KerTime:0.357491 AccTime:39.130695
#IT Ite:109 KerTime:0.357481 AccTime:39.488176
#IT Ite:110 KerTime:0.357275 AccTime:39.845451
#IT Ite:111 KerTime:0.357257 AccTime:40.202708
#IT Ite:112 KerTime:0.357278 AccTime:40.559986
#IT Ite:113 KerTime:0.357286 AccTime:40.917272
#IT Ite:114 KerTime:0.357280 AccTime:41.274552
#IT Ite:115 KerTime:0.357273 AccTime:41.631825
#IT Ite:116 KerTime:0.357600 AccTime:41.989425
#IT Ite:117 KerTime:0.356629 AccTime:42.346054
#IT Ite:118 KerTime:0.357236 AccTime:42.703290
#IT Ite:119 KerTime:0.356735 AccTime:43.060025
#IT Ite:120 KerTime:0.357448 AccTime:43.417473
#IT Ite:121 KerTime:0.357192 AccTime:43.774665
#IT Ite:122 KerTime:0.357582 AccTime:44.132247
#IT Ite:123 KerTime:0.357629 AccTime:44.489876
#IT Ite:124 KerTime:0.357021 AccTime:44.846897
#IT Ite:125 KerTime:0.356936 AccTime:45.203833
#IT Ite:126 KerTime:0.357433 AccTime:45.561266
#IT Ite:127 KerTime:0.357617 AccTime:45.918883
#IT Ite:128 KerTime:0.357023 AccTime:46.275906
#IT Ite:129 KerTime:0.357639 AccTime:46.633545
#IT Ite:130 KerTime:0.357171 AccTime:46.990716
#IT Ite:131 KerTime:0.357504 AccTime:47.348220
#IT Ite:132 KerTime:0.357287 AccTime:47.705507
#IT Ite:133 KerTime:0.357111 AccTime:48.062618
#IT Ite:134 KerTime:0.357174 AccTime:48.419792
#IT Ite:135 KerTime:0.357496 AccTime:48.777288
#IT Ite:136 KerTime:0.357267 AccTime:49.134555
#IT Ite:137 KerTime:0.356980 AccTime:49.491535
#IT Ite:138 KerTime:0.357577 AccTime:49.849112
#IT Ite:139 KerTime:0.357515 AccTime:50.206627
#IT Ite:140 KerTime:0.356601 AccTime:50.563228
#IT Ite:141 KerTime:0.357374 AccTime:50.920602
#IT Ite:142 KerTime:0.357319 AccTime:51.277921
#IT Ite:143 KerTime:0.356627 AccTime:51.634548
#IT Ite:144 KerTime:0.357439 AccTime:51.991987
#IT Ite:145 KerTime:0.356999 AccTime:52.348986
#IT Ite:146 KerTime:0.357231 AccTime:52.706217
#IT Ite:147 KerTime:0.357159 AccTime:53.063376
#IT Ite:148 KerTime:0.357089 AccTime:53.420465
#IT Ite:149 KerTime:0.357227 AccTime:53.777692
#IT Ite:150 KerTime:0.357446 AccTime:54.135138
#IT Ite:151 KerTime:0.356987 AccTime:54.492125
#IT Ite:152 KerTime:0.357591 AccTime:54.849716
#IT Ite:153 KerTime:0.357511 AccTime:55.207227
#IT Ite:154 KerTime:0.357256 AccTime:55.564483
#IT Ite:155 KerTime:0.357199 AccTime:55.921682
#IT Ite:156 KerTime:0.357361 AccTime:56.279043
#IT Ite:157 KerTime:0.357493 AccTime:56.636536
#IT Ite:158 KerTime:0.356913 AccTime:56.993449
#IT Ite:159 KerTime:0.357333 AccTime:57.350782
#IT Ite:160 KerTime:0.356625 AccTime:57.707407
#IT Ite:161 KerTime:0.357434 AccTime:58.064841
#IT Ite:162 KerTime:0.357366 AccTime:58.422207
#IT Ite:163 KerTime:0.357075 AccTime:58.779282
#IT Ite:164 KerTime:0.357161 AccTime:59.136443
