#HEADER size:1024
#BEGIN Y:2016 M:12 D:13 Time:15:05:35
#IT Ite:0 KerTime:0.268552 AccTime:0.268552
#IT Ite:1 KerTime:0.258351 AccTime:0.526903
#IT Ite:2 KerTime:0.258324 AccTime:0.785227
#IT Ite:3 KerTime:0.258262 AccTime:1.043489
#IT Ite:4 KerTime:0.258224 AccTime:1.301713
#IT Ite:5 KerTime:0.258329 AccTime:1.560042
#IT Ite:6 KerTime:0.258217 AccTime:1.818259
#IT Ite:7 KerTime:0.258261 AccTime:2.076520
#IT Ite:8 KerTime:0.258261 AccTime:2.334781
#IT Ite:9 KerTime:0.258349 AccTime:2.593130
#IT Ite:10 KerTime:0.258309 AccTime:2.851439
#IT Ite:11 KerTime:0.258221 AccTime:3.109660
#IT Ite:12 KerTime:0.258257 AccTime:3.367917
#IT Ite:13 KerTime:0.258282 AccTime:3.626199
#IT Ite:14 KerTime:0.258237 AccTime:3.884436
#IT Ite:15 KerTime:0.258245 AccTime:4.142681
#IT Ite:16 KerTime:0.258280 AccTime:4.400961
#IT Ite:17 KerTime:0.258287 AccTime:4.659248
#IT Ite:18 KerTime:0.258387 AccTime:4.917635
#IT Ite:19 KerTime:0.259822 AccTime:5.177457
#IT Ite:20 KerTime:0.258233 AccTime:5.435690
#IT Ite:21 KerTime:0.258352 AccTime:5.694042
#IT Ite:22 KerTime:0.258281 AccTime:5.952323
#IT Ite:23 KerTime:0.258265 AccTime:6.210588
#IT Ite:24 KerTime:0.258286 AccTime:6.468874
#IT Ite:25 KerTime:0.258278 AccTime:6.727152
#IT Ite:26 KerTime:0.258284 AccTime:6.985436
#IT Ite:27 KerTime:0.258237 AccTime:7.243673
#IT Ite:28 KerTime:0.258293 AccTime:7.501966
#IT Ite:29 KerTime:0.258255 AccTime:7.760221
#IT Ite:30 KerTime:0.258287 AccTime:8.018508
#IT Ite:31 KerTime:0.258236 AccTime:8.276744
#IT Ite:32 KerTime:0.258263 AccTime:8.535007
#IT Ite:33 KerTime:0.258578 AccTime:8.793585
#IT Ite:34 KerTime:0.258302 AccTime:9.051887
#IT Ite:35 KerTime:0.258307 AccTime:9.310194
#IT Ite:36 KerTime:0.258270 AccTime:9.568464
#IT Ite:37 KerTime:0.258242 AccTime:9.826706
#IT Ite:38 KerTime:0.258347 AccTime:10.085053
#IT Ite:39 KerTime:0.258293 AccTime:10.343346
#IT Ite:40 KerTime:0.258236 AccTime:10.601582
#IT Ite:41 KerTime:0.258363 AccTime:10.859945
#IT Ite:42 KerTime:0.258304 AccTime:11.118249
#IT Ite:43 KerTime:0.258349 AccTime:11.376598
#IT Ite:44 KerTime:0.258212 AccTime:11.634810
#IT Ite:45 KerTime:0.258342 AccTime:11.893152
#IT Ite:46 KerTime:0.258356 AccTime:12.151508
#IT Ite:47 KerTime:0.258269 AccTime:12.409777
#IT Ite:48 KerTime:0.258295 AccTime:12.668072
#IT Ite:49 KerTime:0.258244 AccTime:12.926316
#IT Ite:50 KerTime:0.258294 AccTime:13.184610
#IT Ite:51 KerTime:0.258319 AccTime:13.442929
#IT Ite:52 KerTime:0.258258 AccTime:13.701187
#IT Ite:53 KerTime:0.258281 AccTime:13.959468
#IT Ite:54 KerTime:0.258375 AccTime:14.217843
#IT Ite:55 KerTime:0.258269 AccTime:14.476112
#IT Ite:56 KerTime:0.258274 AccTime:14.734386
#IT Ite:57 KerTime:0.258376 AccTime:14.992762
#IT Ite:58 KerTime:0.258236 AccTime:15.250998
#IT Ite:59 KerTime:0.258335 AccTime:15.509333
#IT Ite:60 KerTime:0.258232 AccTime:15.767565
#IT Ite:61 KerTime:0.258307 AccTime:16.025872
#IT Ite:62 KerTime:0.258257 AccTime:16.284129
#IT Ite:63 KerTime:0.258311 AccTime:16.542440
#IT Ite:64 KerTime:0.258255 AccTime:16.800695
#IT Ite:65 KerTime:0.258298 AccTime:17.058993
#IT Ite:66 KerTime:0.258263 AccTime:17.317256
#IT Ite:67 KerTime:0.258677 AccTime:17.575933
#IT Ite:68 KerTime:0.258119 AccTime:17.834052
#IT Ite:69 KerTime:0.258128 AccTime:18.092180
#IT Ite:70 KerTime:0.258132 AccTime:18.350312
#IT Ite:71 KerTime:0.258186 AccTime:18.608498
#IT Ite:72 KerTime:0.258120 AccTime:18.866618
#IT Ite:73 KerTime:0.258159 AccTime:19.124777
#IT Ite:74 KerTime:0.258107 AccTime:19.382884
#IT Ite:75 KerTime:0.258134 AccTime:19.641018
#IT Ite:76 KerTime:0.258022 AccTime:19.899040
#IT Ite:77 KerTime:0.258110 AccTime:20.157150
#IT Ite:78 KerTime:0.258212 AccTime:20.415362
#IT Ite:79 KerTime:0.258088 AccTime:20.673450
#IT Ite:80 KerTime:0.258069 AccTime:20.931519
#IT Ite:81 KerTime:0.258129 AccTime:21.189648
#IT Ite:82 KerTime:0.258187 AccTime:21.447835
#IT Ite:83 KerTime:0.258116 AccTime:21.705951
#IT Ite:84 KerTime:0.258075 AccTime:21.964026
#IT Ite:85 KerTime:0.258109 AccTime:22.222135
#IT Ite:86 KerTime:0.258142 AccTime:22.480277
#IT Ite:87 KerTime:0.258119 AccTime:22.738396
#IT Ite:88 KerTime:0.258101 AccTime:22.996497
#IT Ite:89 KerTime:0.258175 AccTime:23.254672
#IT Ite:90 KerTime:0.258178 AccTime:23.512850
#IT Ite:91 KerTime:0.258168 AccTime:23.771018
#IT Ite:92 KerTime:0.258082 AccTime:24.029100
#IT Ite:93 KerTime:0.259198 AccTime:24.288298
#IT Ite:94 KerTime:0.259115 AccTime:24.547413
#IT Ite:95 KerTime:0.258187 AccTime:24.805600
#IT Ite:96 KerTime:0.258202 AccTime:25.063802
#IT Ite:97 KerTime:0.258164 AccTime:25.321966
#IT Ite:98 KerTime:0.258107 AccTime:25.580073
#IT Ite:99 KerTime:0.258104 AccTime:25.838177
#IT Ite:100 KerTime:0.258100 AccTime:26.096277
#IT Ite:101 KerTime:0.258204 AccTime:26.354481
#IT Ite:102 KerTime:0.258168 AccTime:26.612649
#IT Ite:103 KerTime:0.258192 AccTime:26.870841
#IT Ite:104 KerTime:0.258090 AccTime:27.128931
#IT Ite:105 KerTime:0.258269 AccTime:27.387200
#IT Ite:106 KerTime:0.258150 AccTime:27.645350
#IT Ite:107 KerTime:0.258155 AccTime:27.903505
#IT Ite:108 KerTime:0.258229 AccTime:28.161734
#IT Ite:109 KerTime:0.258165 AccTime:28.419899
#IT Ite:110 KerTime:0.258151 AccTime:28.678050
#IT Ite:111 KerTime:0.258122 AccTime:28.936172
#IT Ite:112 KerTime:0.258203 AccTime:29.194375
#IT Ite:113 KerTime:0.258232 AccTime:29.452607
#IT Ite:114 KerTime:0.258124 AccTime:29.710731
#IT Ite:115 KerTime:0.258180 AccTime:29.968911
#IT Ite:116 KerTime:0.258101 AccTime:30.227012
#IT Ite:117 KerTime:0.258176 AccTime:30.485188
#IT Ite:118 KerTime:0.258210 AccTime:30.743398
#IT Ite:119 KerTime:0.258124 AccTime:31.001522
#IT Ite:120 KerTime:0.258160 AccTime:31.259682
#IT Ite:121 KerTime:0.258211 AccTime:31.517893
#IT Ite:122 KerTime:0.258094 AccTime:31.775987
#IT Ite:123 KerTime:0.258207 AccTime:32.034194
#IT Ite:124 KerTime:0.258113 AccTime:32.292307
#IT Ite:125 KerTime:0.258177 AccTime:32.550484
#IT Ite:126 KerTime:0.258210 AccTime:32.808694
#IT Ite:127 KerTime:0.258111 AccTime:33.066805
#IT Ite:128 KerTime:0.258159 AccTime:33.324964
#IT Ite:129 KerTime:0.258143 AccTime:33.583107
#IT Ite:130 KerTime:0.258177 AccTime:33.841284
#IT Ite:131 KerTime:0.258122 AccTime:34.099406
#IT Ite:132 KerTime:0.258158 AccTime:34.357564
#IT Ite:133 KerTime:0.258172 AccTime:34.615736
#IT Ite:134 KerTime:0.258201 AccTime:34.873937
#IT Ite:135 KerTime:0.258137 AccTime:35.132074
#IT Ite:136 KerTime:0.258136 AccTime:35.390210
#IT Ite:137 KerTime:0.258214 AccTime:35.648424
#IT Ite:138 KerTime:0.258103 AccTime:35.906527
#IT Ite:139 KerTime:0.258053 AccTime:36.164580
#IT Ite:140 KerTime:0.258218 AccTime:36.422798
#IT Ite:141 KerTime:0.258223 AccTime:36.681021
#IT Ite:142 KerTime:0.258245 AccTime:36.939266
#IT Ite:143 KerTime:0.258123 AccTime:37.197389
#IT Ite:144 KerTime:0.258206 AccTime:37.455595
#IT Ite:145 KerTime:0.258141 AccTime:37.713736
#IT Ite:146 KerTime:0.258202 AccTime:37.971938
#IT Ite:147 KerTime:0.258144 AccTime:38.230082
#IT Ite:148 KerTime:0.258113 AccTime:38.488195
#IT Ite:149 KerTime:0.258119 AccTime:38.746314
#IT Ite:150 KerTime:0.258147 AccTime:39.004461
#IT Ite:151 KerTime:0.258106 AccTime:39.262567
#IT Ite:152 KerTime:0.258130 AccTime:39.520697
#IT Ite:153 KerTime:0.258150 AccTime:39.778847
#IT Ite:154 KerTime:0.258107 AccTime:40.036954
#IT Ite:155 KerTime:0.258169 AccTime:40.295123
#IT Ite:156 KerTime:0.258172 AccTime:40.553295
#IT Ite:157 KerTime:0.258167 AccTime:40.811462
#IT Ite:158 KerTime:0.258101 AccTime:41.069563
#IT Ite:159 KerTime:0.258140 AccTime:41.327703
#IT Ite:160 KerTime:0.258108 AccTime:41.585811
#IT Ite:161 KerTime:0.258123 AccTime:41.843934
#IT Ite:162 KerTime:0.258182 AccTime:42.102116
#IT Ite:163 KerTime:0.258163 AccTime:42.360279
#IT Ite:164 KerTime:0.258139 AccTime:42.618418
#IT Ite:165 KerTime:0.258136 AccTime:42.876554
#IT Ite:166 KerTime:0.258221 AccTime:43.134775
#IT Ite:167 KerTime:0.258130 AccTime:43.392905
#IT Ite:168 KerTime:0.258134 AccTime:43.651039
#IT Ite:169 KerTime:0.258169 AccTime:43.909208
#IT Ite:170 KerTime:0.258199 AccTime:44.167407
#IT Ite:171 KerTime:0.258106 AccTime:44.425513
#IT Ite:172 KerTime:0.258110 AccTime:44.683623
#IT Ite:173 KerTime:0.258159 AccTime:44.941782
#IT Ite:174 KerTime:0.258114 AccTime:45.199896
#IT Ite:175 KerTime:0.258089 AccTime:45.457985
#IT Ite:176 KerTime:0.258134 AccTime:45.716119
#IT Ite:177 KerTime:0.258178 AccTime:45.974297
#IT Ite:178 KerTime:0.258146 AccTime:46.232443
#IT Ite:179 KerTime:0.258134 AccTime:46.490577
#IT Ite:180 KerTime:0.258128 AccTime:46.748705
#IT Ite:181 KerTime:0.258215 AccTime:47.006920
#IT Ite:182 KerTime:0.258126 AccTime:47.265046
#IT Ite:183 KerTime:0.258069 AccTime:47.523115
#IT Ite:184 KerTime:0.258150 AccTime:47.781265
#IT Ite:185 KerTime:0.258162 AccTime:48.039427
#IT Ite:186 KerTime:0.258150 AccTime:48.297577
#IT Ite:187 KerTime:0.258122 AccTime:48.555699
#IT Ite:188 KerTime:0.258104 AccTime:48.813803
#IT Ite:189 KerTime:0.258142 AccTime:49.071945
#IT Ite:190 KerTime:0.258109 AccTime:49.330054
#IT Ite:191 KerTime:0.258123 AccTime:49.588177
#IT Ite:192 KerTime:0.258177 AccTime:49.846354
#IT Ite:193 KerTime:0.258171 AccTime:50.104525
#IT Ite:194 KerTime:0.258125 AccTime:50.362650
#IT Ite:195 KerTime:0.258129 AccTime:50.620779
#IT Ite:196 KerTime:0.258075 AccTime:50.878854
#IT Ite:197 KerTime:0.258337 AccTime:51.137191
#IT Ite:198 KerTime:0.261766 AccTime:51.398957
#IT Ite:199 KerTime:0.258084 AccTime:51.657041
#IT Ite:200 KerTime:0.258072 AccTime:51.915113
#IT Ite:201 KerTime:0.258238 AccTime:52.173351
#IT Ite:202 KerTime:0.258236 AccTime:52.431587
#IT Ite:203 KerTime:0.258226 AccTime:52.689813
#IT Ite:204 KerTime:0.258140 AccTime:52.947953
#ERR m: [686, 685], r: 3.3791713714599609e+01, e: 3.8672996520996094e+01
#ERR m: [687, 685], r: -1.2508902549743652e+01, e: -1.3989272117614746e+01
#ERR m: [687, 686], r: -3.8102900981903076e-01, e: -3.7142688035964966e-01
#ERR m: [688, 685], r: -1.2328465461730957e+01, e: -1.4147055625915527e+01
#ERR m: [688, 686], r: -3.7111198902130127e-01, e: -3.7129095196723938e-01
#ERR m: [688, 687], r: 1.8151800334453583e-01, e: 1.8351642787456512e-01
#ERR m: [689, 685], r: -1.4711235046386719e+01, e: -1.6453941345214844e+01
#ERR m: [689, 686], r: -4.4354400038719177e-01, e: -4.3285819888114929e-01
#ERR m: [689, 687], r: 3.2856199145317078e-01, e: 3.2073789834976196e-01
#ERR m: [689, 688], r: 2.0191599428653717e-01, e: 1.9327208399772644e-01
#ERR m: [690, 685], r: -9.7939758300781250e+00, e: -1.0921988487243652e+01
#ERR m: [690, 686], r: -2.7012699842453003e-01, e: -2.6530623435974121e-01
#ERR m: [690, 687], r: 5.1480901241302490e-01, e: 5.1493585109710693e-01
#ERR m: [690, 688], r: 2.2780500352382660e-01, e: 2.2746072709560394e-01
#ERR m: [691, 685], r: 2.3182279586791992e+01, e: 2.6523344039916992e+01
#ERR m: [691, 686], r: 6.5446501970291138e-01, e: 6.5816986560821533e-01
#ERR m: [691, 687], r: -8.3435997366905212e-02, e: -8.8118582963943481e-02
#ERR m: [691, 688], r: -1.5965400636196136e-01, e: -1.6424039006233215e-01
#ERR m: [691, 690], r: 3.6738610267639160e+00, e: 3.7196519374847412e+00
#ERR m: [692, 685], r: 2.3643300533294678e+00, e: 2.8644118309020996e+00
#ERR m: [692, 686], r: 8.0273002386093140e-02, e: 8.3011366426944733e-02
#ERR m: [692, 687], r: 1.5603500604629517e-01, e: 1.5474608540534973e-01
#ERR m: [692, 688], r: 5.5790698528289795e-01, e: 5.5537992715835571e-01
#ERR m: [692, 690], r: 2.1035499572753906e+00, e: 2.1286902427673340e+00
#ERR m: [693, 685], r: 1.4360563278198242e+01, e: 1.6144250869750977e+01
#ERR m: [693, 686], r: 4.2641198635101318e-01, e: 4.1887885332107544e-01
#ERR m: [693, 687], r: -3.7474700808525085e-01, e: -3.7065872550010681e-01
#ERR m: [693, 688], r: -1.2871730327606201e+00, e: -1.2801752090454102e+00
#ERR m: [693, 690], r: -1.4074889421463013e+00, e: -1.4266444444656372e+00
#ERR m: [693, 691], r: -4.5774701237678528e-01, e: -4.5693838596343994e-01
#ERR m: [693, 692], r: -9.2236500978469849e-01, e: -9.2533862590789795e-01
#ERR m: [694, 685], r: -2.4885614395141602e+01, e: -2.9032293319702148e+01
#ERR m: [694, 686], r: -7.3886799812316895e-01, e: -7.5253105163574219e-01
#ERR m: [694, 687], r: -2.4148499965667725e-01, e: -2.2969624400138855e-01
#ERR m: [694, 688], r: 9.9716699123382568e-01, e: 1.0074596405029297e+00
#ERR m: [694, 690], r: -3.6135029792785645e+00, e: -3.6412963867187500e+00
#ERR m: [694, 691], r: -6.0196298360824585e-01, e: -6.0206556320190430e-01
#ERR m: [694, 692], r: 2.5817699432373047e+00, e: 2.5824902057647705e+00
#ERR m: [694, 693], r: -3.6799099445343018e+00, e: -3.6671252250671387e+00
#ERR m: [695, 685], r: -5.2562778472900391e+01, e: -6.0285438537597656e+01
#ERR m: [695, 686], r: -1.6262730360031128e+00, e: -1.6208170652389526e+00
#ERR m: [695, 687], r: -9.6983000636100769e-02, e: -1.0361961275339127e-01
#ERR m: [695, 688], r: -1.5522619485855103e+00, e: -1.5559726953506470e+00
#ERR m: [695, 690], r: 2.7921578884124756e+00, e: 2.8236503601074219e+00
#ERR m: [695, 691], r: 7.1805202960968018e-01, e: 7.1743845939636230e-01
#ERR m: [695, 692], r: -4.6401438713073730e+00, e: -4.6386146545410156e+00
#ERR m: [695, 693], r: 3.5220038890838623e+00, e: 3.5070021152496338e+00
#ERR m: [695, 694], r: -2.2709589004516602e+00, e: -2.2578895092010498e+00
#ERR m: [696, 685], r: 1.0116724967956543e+01, e: 1.1263079643249512e+01
#ERR m: [696, 686], r: 3.3323401212692261e-01, e: 3.2108405232429504e-01
#ERR m: [696, 687], r: -1.5032899379730225e-01, e: -1.3920402526855469e-01
#ERR m: [696, 688], r: 1.7840479612350464e+00, e: 1.7919881343841553e+00
#ERR m: [696, 690], r: -4.9188798666000366e-01, e: -4.9088048934936523e-01
#ERR m: [696, 691], r: 1.3002599775791168e-01, e: 1.2781153619289398e-01
#ERR m: [696, 692], r: 3.0739529132843018e+00, e: 3.0821843147277832e+00
#ERR m: [696, 693], r: -2.7269279956817627e+00, e: -2.7270770072937012e+00
#ERR m: [696, 694], r: -5.5661702156066895e-01, e: -5.5013215541839600e-01
#ERR m: [696, 695], r: -7.2324000298976898e-02, e: -6.9532297551631927e-02
#ERR m: [697, 685], r: 1.3023452758789062e+01, e: 1.4873118400573730e+01
#ERR m: [697, 686], r: 4.1650599241256714e-01, e: 4.1186577081680298e-01
#ERR m: [697, 687], r: -1.3317400217056274e-01, e: -1.2968111038208008e-01
#ERR m: [697, 688], r: -1.7161299288272858e-01, e: -1.6758394241333008e-01
#ERR m: [697, 690], r: -1.7641299962997437e-01, e: -1.8588793277740479e-01
#ERR m: [697, 691], r: -2.2478599846363068e-01, e: -2.2442056238651276e-01
#ERR m: [697, 692], r: -1.3261699676513672e-01, e: -1.3392530381679535e-01
#ERR m: [697, 693], r: 2.7265501022338867e-01, e: 2.7327504754066467e-01
#ERR m: [697, 694], r: -3.4769299626350403e-01, e: -3.4298044443130493e-01
#ERR m: [697, 695], r: -1.2448699772357941e-01, e: -1.2210552394390106e-01
#ERR m: [697, 696], r: 4.5752099156379700e-01, e: 4.5195850729942322e-01
#ERR m: [698, 685], r: 2.1449420928955078e+01, e: 2.5013099670410156e+01
#ERR m: [698, 686], r: 6.4434498548507690e-01, e: 6.5493160486221313e-01
#ERR m: [698, 687], r: 7.4146002531051636e-02, e: 6.3885591924190521e-02
#ERR m: [698, 688], r: -2.2901721000671387e+00, e: -2.2961430549621582e+00
#ERR m: [698, 690], r: 1.2332750558853149e+00, e: 1.2220077514648438e+00
#ERR m: [698, 693], r: -3.0367499589920044e-01, e: -3.0245774984359741e-01
#ERR m: [698, 694], r: 1.7506910562515259e+00, e: 1.7310039997100830e+00
#ERR m: [698, 695], r: -1.0661959648132324e+00, e: -1.0683611631393433e+00
#ERR m: [698, 696], r: 3.8125500082969666e-01, e: 3.9751085638999939e-01
#ERR m: [698, 697], r: 4.8126199841499329e-01, e: 5.0041788816452026e-01
#ERR m: [699, 685], r: 2.7316639423370361e+00, e: 3.2290453910827637e+00
#ERR m: [699, 686], r: 9.3284003436565399e-02, e: 9.4347737729549408e-02
#ERR m: [699, 687], r: -7.7978998422622681e-02, e: -7.9862013459205627e-02
#ERR m: [699, 688], r: -4.5451000332832336e-01, e: -4.5553451776504517e-01
#ERR m: [699, 690], r: -2.7157969474792480e+00, e: -2.7379775047302246e+00
#ERR m: [699, 691], r: -6.1368399858474731e-01, e: -6.1103731393814087e-01
#ERR m: [699, 692], r: 1.7966769933700562e+00, e: 1.7875945568084717e+00
#ERR m: [699, 693], r: -2.7774980068206787e+00, e: -2.7558176517486572e+00
#ERR m: [699, 694], r: 9.3551802635192871e-01, e: 9.4455832242965698e-01
#ERR m: [699, 695], r: -7.0830601453781128e-01, e: -7.0143187046051025e-01
#ERR m: [699, 696], r: 8.7774598598480225e-01, e: 8.5546463727951050e-01
#ERR m: [699, 697], r: 5.6299000978469849e-01, e: 5.4360502958297729e-01
#ERR m: [699, 698], r: 4.9696499109268188e-01, e: 4.8977428674697876e-01
#ERR m: [700, 685], r: 2.9853818893432617e+01, e: 3.3812377929687500e+01
#ERR m: [700, 686], r: 9.1310197114944458e-01, e: 9.0048855543136597e-01
#ERR m: [700, 687], r: -2.1467900276184082e-01, e: -2.0371608436107635e-01
#ERR m: [700, 688], r: 7.4699699878692627e-01, e: 7.5694328546524048e-01
#ERR m: [700, 690], r: -6.6720628738403320e+00, e: -6.7315106391906738e+00
#ERR m: [700, 691], r: -1.2088819742202759e+00, e: -1.2107168436050415e+00
#ERR m: [700, 692], r: 5.4858231544494629e+00, e: 5.4930505752563477e+00
#ERR m: [700, 693], r: -5.2339081764221191e+00, e: -5.2234816551208496e+00
#ERR m: [700, 694], r: 3.0172820091247559e+00, e: 2.9910857677459717e+00
#ERR m: [700, 695], r: -6.9469302892684937e-01, e: -7.0112591981887817e-01
#ERR m: [700, 696], r: -6.6647899150848389e-01, e: -6.4345532655715942e-01
#ERR m: [700, 697], r: -2.9274349212646484e+00, e: -2.9206185340881348e+00
#ERR m: [700, 698], r: -1.7968200147151947e-01, e: -1.7712721228599548e-01
#ERR m: [700, 699], r: -4.4938621520996094e+00, e: -4.5664224624633789e+00
#ERR m: [701, 685], r: -1.0060496330261230e+01, e: -1.1679120063781738e+01
#ERR m: [701, 686], r: -3.5084900259971619e-01, e: -3.4847149252891541e-01
#ERR m: [701, 687], r: -1.2914200127124786e-01, e: -1.3290058076381683e-01
#ERR m: [701, 688], r: 1.0791900157928467e+00, e: 1.0729740858078003e+00
#ERR m: [701, 690], r: 4.2097859382629395e+00, e: 4.2723836898803711e+00
#ERR m: [701, 691], r: 1.4003980159759521e+00, e: 1.3997156620025635e+00
#ERR m: [701, 692], r: -1.9456779956817627e+00, e: -1.9435443878173828e+00
#ERR m: [701, 693], r: 2.5467770099639893e+00, e: 2.5346419811248779e+00
#ERR m: [701, 694], r: -1.3580759763717651e+00, e: -1.3532122373580933e+00
#ERR m: [701, 695], r: 1.1604319810867310e+00, e: 1.1565638780593872e+00
#ERR m: [701, 696], r: -1.3770899772644043e+00, e: -1.3769636154174805e+00
#ERR m: [701, 697], r: 2.7965900301933289e-01, e: 2.8136399388313293e-01
#ERR m: [701, 698], r: -1.0308699607849121e+00, e: -1.0255318880081177e+00
#ERR m: [701, 699], r: -9.2053401470184326e-01, e: -9.2364907264709473e-01
#ERR m: [701, 700], r: -3.9560001343488693e-02, e: -4.0452737361192703e-02
#ERR m: [702, 685], r: 2.4945840835571289e+01, e: 2.8627754211425781e+01
#ERR m: [702, 686], r: 7.6138502359390259e-01, e: 7.6050859689712524e-01
#ERR m: [702, 687], r: -4.2330399155616760e-01, e: -4.2661818861961365e-01
#ERR m: [702, 688], r: -7.1384000778198242e-01, e: -7.1582430601119995e-01
#ERR m: [702, 690], r: -1.8913630247116089e+00, e: -1.9226917028427124e+00
#ERR m: [702, 691], r: -4.4381698966026306e-01, e: -4.4873926043510437e-01
#ERR m: [702, 692], r: 3.3917601108551025e+00, e: 3.4095854759216309e+00
#ERR m: [702, 693], r: -4.7055211067199707e+00, e: -4.7103080749511719e+00
#ERR m: [702, 694], r: 5.4953551292419434e+00, e: 5.4255475997924805e+00
#ERR m: [702, 695], r: -7.0542997121810913e-01, e: -7.2820180654525757e-01
#ERR m: [702, 696], r: -2.8509941101074219e+00, e: -2.7764108180999756e+00
#ERR m: [702, 697], r: -4.4663410186767578e+00, e: -4.4160170555114746e+00
#ERR m: [702, 698], r: 2.0556899905204773e-01, e: 2.1711643040180206e-01
#ERR m: [702, 699], r: -3.4504070281982422e+00, e: -3.4827556610107422e+00
#ERR m: [702, 700], r: 3.0143600702285767e-01, e: 2.9988226294517517e-01
#ERR m: [702, 701], r: 5.9780198335647583e-01, e: 6.0047459602355957e-01
#ERR m: [703, 685], r: -1.1935289382934570e+01, e: -1.3674445152282715e+01
#ERR m: [703, 686], r: -3.3028900623321533e-01, e: -3.3349990844726562e-01
#ERR m: [703, 687], r: 4.7723901271820068e-01, e: 4.8533695936203003e-01
#ERR m: [703, 688], r: 7.9100698232650757e-01, e: 7.9785346984863281e-01
#ERR m: [703, 690], r: -3.9335899353027344e+00, e: -3.9698090553283691e+00
#ERR m: [703, 691], r: -8.8509798049926758e-01, e: -8.8317239284515381e-01
#ERR m: [703, 692], r: 3.0842010974884033e+00, e: 3.0778391361236572e+00
#ERR m: [703, 693], r: -3.5502378940582275e+00, e: -3.5290846824645996e+00
#ERR m: [703, 694], r: 1.7326200008392334e+00, e: 1.7316833734512329e+00
#ERR m: [703, 695], r: -4.0738898515701294e-01, e: -4.0574002265930176e-01
#ERR m: [703, 696], r: 4.2257499694824219e-01, e: 4.2021188139915466e-01
#ERR m: [703, 697], r: -3.4539899230003357e-01, e: -3.4973564743995667e-01
#ERR m: [703, 698], r: 2.2262899577617645e-01, e: 2.2048950195312500e-01
#ERR m: [703, 699], r: -3.0123651027679443e+00, e: -3.0703954696655273e+00
#ERR m: [703, 700], r: 1.2564990520477295e+00, e: 1.2614175081253052e+00
#ERR m: [703, 701], r: -1.1930229663848877e+00, e: -1.2031221389770508e+00
#ERR m: [703, 702], r: -2.7232758998870850e+00, e: -2.7338209152221680e+00
#ERR m: [704, 685], r: -1.1966940164566040e+00, e: -1.4230561256408691e+00
#ERR m: [704, 686], r: -5.7401999831199646e-02, e: -5.6040156632661819e-02
#ERR m: [704, 687], r: -4.1084599494934082e-01, e: -4.1636008024215698e-01
#ERR m: [704, 688], r: -2.5030529499053955e+00, e: -2.5035872459411621e+00
#ERR m: [704, 690], r: -7.4914401769638062e-01, e: -7.6783156394958496e-01
#ERR m: [704, 691], r: -3.9225599169731140e-01, e: -3.9257645606994629e-01
#ERR m: [704, 692], r: -2.6860210895538330e+00, e: -2.6852576732635498e+00
#ERR m: [704, 693], r: 2.2572340965270996e+00, e: 2.2478861808776855e+00
#ERR m: [704, 694], r: -9.9184997379779816e-02, e: -1.0668767988681793e-01
#ERR m: [704, 695], r: 4.4883999973535538e-02, e: 4.1840955615043640e-02
#ERR m: [704, 696], r: -4.4815200567245483e-01, e: -4.3913713097572327e-01
#ERR m: [704, 697], r: -2.0423889160156250e+00, e: -2.0447642803192139e+00
#ERR m: [704, 698], r: 3.8540801405906677e-01, e: 3.8298115134239197e-01
#ERR m: [704, 699], r: -5.2388197183609009e-01, e: -5.3898626565933228e-01
#ERR m: [704, 700], r: -3.8563299179077148e-01, e: -3.9202803373336792e-01
#ERR m: [704, 701], r: -3.7156200408935547e-01, e: -3.5394978523254395e-01
#ERR m: [704, 702], r: 2.1124570369720459e+00, e: 2.1574864387512207e+00
#ERR m: [704, 703], r: -7.6636499166488647e-01, e: -7.7699559926986694e-01
#ERR m: [705, 685], r: -1.5576258659362793e+01, e: -1.8157066345214844e+01
#ERR m: [705, 686], r: -4.5253100991249084e-01, e: -4.6193963289260864e-01
#ERR m: [705, 687], r: -1.6124999523162842e-01, e: -1.5308322012424469e-01
#ERR m: [705, 688], r: 2.6446061134338379e+00, e: 2.6476323604583740e+00
#ERR m: [705, 690], r: 9.2377102375030518e-01, e: 9.4794291257858276e-01
#ERR m: [705, 691], r: 3.9741399884223938e-01, e: 4.0008309483528137e-01
#ERR m: [705, 692], r: 1.0239709615707397e+00, e: 1.0146951675415039e+00
#ERR m: [705, 693], r: -4.5527699589729309e-01, e: -4.4198882579803467e-01
#ERR m: [705, 694], r: -3.5031380653381348e+00, e: -3.4491176605224609e+00
#ERR m: [705, 695], r: 1.7494800686836243e-01, e: 1.9439196586608887e-01
#ERR m: [705, 696], r: 3.0560081005096436e+00, e: 3.0010650157928467e+00
#ERR m: [705, 697], r: 2.7804839611053467e+00, e: 2.7405428886413574e+00
#ERR m: [705, 698], r: 1.8627999722957611e-01, e: 1.7544963955879211e-01
#ERR m: [705, 699], r: 2.9473929405212402e+00, e: 2.9726595878601074e+00
#ERR m: [705, 700], r: -3.9050001651048660e-02, e: -3.5716433078050613e-02
#ERR m: [705, 701], r: -6.0705602169036865e-01, e: -6.1435931921005249e-01
#ERR m: [705, 702], r: -2.2399640083312988e+00, e: -2.2448835372924805e+00
#ERR m: [705, 703], r: 6.8587797880172729e-01, e: 6.8521291017532349e-01
#ERR m: [705, 704], r: -2.5766500830650330e-01, e: -2.5631284713745117e-01
#ERR m: [706, 685], r: -3.8411926269531250e+01, e: -4.4081844329833984e+01
#ERR m: [706, 686], r: -1.1026300191879272e+00, e: -1.1099077463150024e+00
#ERR m: [706, 687], r: 6.9118702411651611e-01, e: 7.0564675331115723e-01
#ERR m: [706, 688], r: 1.7902339696884155e+00, e: 1.8016697168350220e+00
#ERR m: [706, 690], r: -2.5263590812683105e+00, e: -2.5468266010284424e+00
#ERR m: [706, 691], r: -5.3643298149108887e-01, e: -5.3460246324539185e-01
#ERR m: [706, 692], r: 2.7042789459228516e+00, e: 2.6982054710388184e+00
#ERR m: [706, 693], r: -3.9849860668182373e+00, e: -3.9625735282897949e+00
#ERR m: [706, 694], r: -2.1375699341297150e-01, e: -1.9035784900188446e-01
#ERR m: [706, 695], r: -8.6639001965522766e-02, e: -7.7421329915523529e-02
#ERR m: [706, 696], r: 1.7061480283737183e+00, e: 1.6837168931961060e+00
#ERR m: [706, 697], r: 4.2042401432991028e-01, e: 4.0009504556655884e-01
#ERR m: [706, 698], r: 2.1245899796485901e-01, e: 2.0638573169708252e-01
#ERR m: [706, 699], r: -4.8314318656921387e+00, e: -4.9309539794921875e+00
#ERR m: [706, 700], r: 1.9263650178909302e+00, e: 1.9323455095291138e+00
#ERR m: [706, 701], r: -1.2823200225830078e+00, e: -1.2949825525283813e+00
#ERR m: [706, 702], r: -5.5536022186279297e+00, e: -5.5452299118041992e+00
#ERR m: [706, 703], r: 2.3742110729217529e+00, e: 2.3645958900451660e+00
#ERR m: [706, 704], r: -5.6622999906539917e-01, e: -5.6002378463745117e-01
#ERR m: [706, 705], r: 9.8368299007415771e-01, e: 9.7749882936477661e-01
#ERR m: [707, 685], r: -2.8831198811531067e-01, e: 1.8966475501656532e-02
#ERR m: [707, 686], r: -1.6654999926686287e-02, e: -6.8244361318647861e-03
#ERR m: [707, 687], r: -6.0766000300645828e-02, e: -7.1587510406970978e-02
#ERR m: [707, 688], r: -1.6987899541854858e+00, e: -1.7065902948379517e+00
#ERR m: [707, 690], r: 6.4125198125839233e-01, e: 6.2990450859069824e-01
#ERR m: [707, 691], r: -3.0061599612236023e-01, e: -2.9953277111053467e-01
#ERR m: [707, 692], r: -1.1575950384140015e+00, e: -1.1615717411041260e+00
#ERR m: [707, 693], r: 1.3014599680900574e-01, e: 1.3463246822357178e-01
#ERR m: [707, 694], r: 6.0636401176452637e-01, e: 6.0333245992660522e-01
#ERR m: [707, 695], r: -1.1236139535903931e+00, e: -1.1192393302917480e+00
#ERR m: [707, 696], r: 1.1383099555969238e+00, e: 1.1322720050811768e+00
#ERR m: [707, 697], r: 1.5283299684524536e+00, e: 1.5308191776275635e+00
#ERR m: [707, 698], r: 1.3218339681625366e+00, e: 1.3161523342132568e+00
#ERR m: [707, 699], r: 4.3438839912414551e+00, e: 4.4061903953552246e+00
#ERR m: [707, 700], r: -1.0481909513473511e+00, e: -1.0502318143844604e+00
#ERR m: [707, 701], r: -3.7448998540639877e-02, e: -3.2016463577747345e-02
#ERR m: [707, 702], r: 1.2940390110015869e+00, e: 1.3014345169067383e+00
#ERR m: [707, 703], r: -3.1491801142692566e-01, e: -3.1609275937080383e-01
#ERR m: [707, 704], r: 8.1909698247909546e-01, e: 8.1609731912612915e-01
#ERR m: [707, 705], r: -1.1429499834775925e-01, e: -1.1068755388259888e-01
#ERR m: [707, 706], r: -1.9004599750041962e-01, e: -1.8936988711357117e-01
#ERR m: [708, 685], r: 1.4451143264770508e+01, e: 1.6078924179077148e+01
#ERR m: [708, 686], r: 3.9399400353431702e-01, e: 3.8652011752128601e-01
#ERR m: [708, 687], r: -1.0872230529785156e+00, e: -1.0903047323226929e+00
#ERR m: [708, 688], r: -1.0044209957122803e+00, e: -1.0055496692657471e+00
#ERR m: [708, 690], r: -2.1030400693416595e-01, e: -2.0860794186592102e-01
#ERR m: [708, 691], r: 2.3774899542331696e-01, e: 2.3364230990409851e-01
#ERR m: [708, 692], r: -1.0424079895019531e+00, e: -1.0280725955963135e+00
#ERR m: [708, 693], r: 1.3711210489273071e+00, e: 1.3481038808822632e+00
#ERR m: [708, 694], r: 1.2269190549850464e+00, e: 1.1909258365631104e+00
#ERR m: [708, 695], r: 7.5388497114181519e-01, e: 7.3665547370910645e-01
#ERR m: [708, 696], r: -2.8395049571990967e+00, e: -2.7926654815673828e+00
#ERR m: [708, 697], r: -4.5831189155578613e+00, e: -4.5615196228027344e+00
#ERR m: [708, 698], r: -6.7635798454284668e-01, e: -6.6775655746459961e-01
#ERR m: [708, 699], r: -1.5731619596481323e+00, e: -1.5797711610794067e+00
#ERR m: [708, 700], r: -6.8674600124359131e-01, e: -6.9512552022933960e-01
#ERR m: [708, 701], r: 4.7858399152755737e-01, e: 4.9940505623817444e-01
#ERR m: [708, 702], r: 4.2752032279968262e+00, e: 4.3104968070983887e+00
#ERR m: [708, 703], r: -1.3393950462341309e+00, e: -1.3454856872558594e+00
#ERR m: [708, 704], r: 8.8060998916625977e-01, e: 8.7931048870086670e-01
#ERR m: [708, 705], r: -8.3668500185012817e-01, e: -8.3647060394287109e-01
#ERR m: [708, 706], r: -3.4634399414062500e-01, e: -3.4688284993171692e-01
#ERR m: [708, 707], r: 9.8980002105236053e-02, e: 9.6539616584777832e-02
#ERR m: [709, 685], r: -8.5006065368652344e+00, e: -9.3392572402954102e+00
#ERR m: [709, 686], r: -2.3935300111770630e-01, e: -2.3101165890693665e-01
#ERR m: [709, 687], r: 5.7990902662277222e-01, e: 5.7702815532684326e-01
#ERR m: [709, 688], r: 1.7960700392723083e-01, e: 1.7620225250720978e-01
#ERR m: [709, 690], r: 7.6530301570892334e-01, e: 7.7452522516250610e-01
#ERR m: [709, 691], r: 1.3016599416732788e-01, e: 1.3162450492382050e-01
#ERR m: [709, 692], r: -7.7295100688934326e-01, e: -7.7819997072219849e-01
#ERR m: [709, 693], r: 8.0805599689483643e-01, e: 8.1161266565322876e-01
#ERR m: [709, 694], r: -7.1096897125244141e-01, e: -6.9921070337295532e-01
#ERR m: [709, 695], r: 2.0244599878787994e-01, e: 2.0587222278118134e-01
#ERR m: [709, 696], r: 4.2774200439453125e-01, e: 4.1650682687759399e-01
#ERR m: [709, 697], r: 1.1292530298233032e+00, e: 1.1242432594299316e+00
#ERR m: [709, 698], r: -3.2797399163246155e-01, e: -3.2765868306159973e-01
#ERR m: [709, 699], r: -2.3979771137237549e+00, e: -2.4392516613006592e+00
#ERR m: [709, 700], r: 1.3120989799499512e+00, e: 1.3201049566268921e+00
#ERR m: [709, 701], r: 3.1220799684524536e-01, e: 2.9051697254180908e-01
#ERR m: [709, 702], r: -5.0832710266113281e+00, e: -5.1136612892150879e+00
#ERR m: [709, 703], r: 1.8710500001907349e+00, e: 1.8741160631179810e+00
#ERR m: [709, 704], r: -1.4279270172119141e+00, e: -1.4231120347976685e+00
#ERR m: [709, 705], r: 6.2959301471710205e-01, e: 6.2456566095352173e-01
#ERR m: [709, 706], r: -3.2493600249290466e-01, e: -3.2689428329467773e-01
#ERR m: [709, 707], r: -1.1720420122146606e+00, e: -1.1767596006393433e+00
#ERR m: [709, 708], r: -7.7434811592102051e+00, e: -7.7206397056579590e+00
#ERR m: [710, 685], r: 1.2054048538208008e+01, e: 1.3938059806823730e+01
#ERR m: [710, 686], r: 3.2844001054763794e-01, e: 3.3554425835609436e-01
#ERR m: [710, 687], r: -6.3494801521301270e-01, e: -6.4866501092910767e-01
#ERR m: [710, 688], r: -3.3049669265747070e+00, e: -3.3124351501464844e+00
#ERR m: [710, 690], r: 2.5591790676116943e+00, e: 2.5746881961822510e+00
#ERR m: [710, 691], r: 4.5241200923919678e-01, e: 4.5008924603462219e-01
#ERR m: [710, 692], r: -5.3268151283264160e+00, e: -5.3193564414978027e+00
#ERR m: [710, 693], r: 5.4838690757751465e+00, e: 5.4541554450988770e+00
#ERR m: [710, 694], r: 2.4503030776977539e+00, e: 2.3935225009918213e+00
#ERR m: [710, 695], r: 7.0513898134231567e-01, e: 6.8033879995346069e-01
#ERR m: [710, 696], r: -4.7459530830383301e+00, e: -4.6877880096435547e+00
#ERR m: [710, 697], r: -3.9601480960845947e+00, e: -3.9235839843750000e+00
#ERR m: [710, 698], r: -1.0924259424209595e+00, e: -1.0781165361404419e+00
#ERR m: [710, 699], r: -5.4834361076354980e+00, e: -5.5446629524230957e+00
#ERR m: [710, 700], r: 4.8374599218368530e-01, e: 4.7985360026359558e-01
#ERR m: [710, 701], r: 1.8551889657974243e+00, e: 1.8610295057296753e+00
#ERR m: [710, 702], r: 2.0208400487899780e-01, e: 2.2208216786384583e-01
#ERR m: [710, 703], r: -2.2360900044441223e-01, e: -2.2868363559246063e-01
#ERR m: [710, 704], r: -7.7770900726318359e-01, e: -7.7239739894866943e-01
#ERR m: [710, 705], r: 1.6107800006866455e+00, e: 1.6068034172058105e+00
#ERR m: [710, 706], r: -6.1607497930526733e-01, e: -6.1823570728302002e-01
#ERR m: [710, 707], r: -4.0400848388671875e+00, e: -4.0378174781799316e+00
#ERR m: [710, 708], r: -1.1916788101196289e+01, e: -1.1890848159790039e+01
#ERR m: [710, 709], r: 1.3909770250320435e+00, e: 1.3908474445343018e+00
#ERR m: [711, 685], r: 3.1286430358886719e+00, e: 3.6418657302856445e+00
#ERR m: [711, 686], r: 1.1896999925374985e-01, e: 1.1726260930299759e-01
#ERR m: [711, 687], r: -3.8926398754119873e-01, e: -3.9137342572212219e-01
#ERR m: [711, 688], r: -2.9132398962974548e-01, e: -2.9292812943458557e-01
#ERR m: [711, 690], r: -4.6366599202156067e-01, e: -4.7538152337074280e-01
#ERR m: [711, 691], r: -5.5718302726745605e-01, e: -5.5101269483566284e-01
#ERR m: [711, 692], r: -8.2520997524261475e-01, e: -8.4708112478256226e-01
#ERR m: [711, 693], r: 5.2170097827911377e-01, e: 5.4709875583648682e-01
#ERR m: [711, 694], r: -2.1101639270782471e+00, e: -2.0614485740661621e+00
#ERR m: [711, 695], r: -4.4898301362991333e-01, e: -4.2846962809562683e-01
#ERR m: [711, 696], r: 2.8353300094604492e+00, e: 2.7718963623046875e+00
#ERR m: [711, 697], r: 2.7299270629882812e+00, e: 2.6811037063598633e+00
#ERR m: [711, 698], r: 8.6702400445938110e-01, e: 8.5074049234390259e-01
#ERR m: [711, 699], r: 1.1825899779796600e-01, e: 8.0623388290405273e-02
#ERR m: [711, 700], r: 5.4363298416137695e-01, e: 5.4390764236450195e-01
#ERR m: [711, 701], r: -1.9177750349044800e+00, e: -1.9140107631683350e+00
#ERR m: [711, 702], r: -1.1892780065536499e+00, e: -1.1631058454513550e+00
#ERR m: [711, 703], r: 5.8970701694488525e-01, e: 5.8038622140884399e-01
#ERR m: [711, 704], r: 1.0179469585418701e+00, e: 1.0173439979553223e+00
#ERR m: [711, 705], r: 9.5811897516250610e-01, e: 9.6053630113601685e-01
#ERR m: [711, 706], r: 8.0900102853775024e-01, e: 8.1106561422348022e-01
#ERR m: [711, 707], r: -6.6891098022460938e-01, e: -6.5878707170486450e-01
#ERR m: [711, 708], r: 1.0897400379180908e+00, e: 1.0772862434387207e+00
#ERR m: [711, 709], r: -9.1389998793601990e-02, e: -9.1604314744472504e-02
#ERR m: [711, 710], r: -2.7776399254798889e-01, e: -2.7580195665359497e-01
#ERR m: [712, 685], r: -2.6582870483398438e+01, e: -3.1017021179199219e+01
#ERR m: [712, 686], r: -7.4465602636337280e-01, e: -7.6487708091735840e-01
#ERR m: [712, 687], r: -5.1619000732898712e-02, e: -3.1122792512178421e-02
#ERR m: [712, 688], r: 2.1622030735015869e+00, e: 2.1791958808898926e+00
#ERR m: [712, 690], r: -6.4179430007934570e+00, e: -6.4763698577880859e+00
#ERR m: [712, 691], r: -1.3594019412994385e+00, e: -1.3576947450637817e+00
#ERR m: [712, 692], r: 4.6862950325012207e+00, e: 4.6809229850769043e+00
#ERR m: [712, 693], r: -4.5463747978210449e+00, e: -4.5227532386779785e+00
#ERR m: [712, 694], r: -1.1594020128250122e+00, e: -1.1236295700073242e+00
#ERR m: [712, 695], r: -2.9313701391220093e-01, e: -2.7825599908828735e-01
#ERR m: [712, 696], r: 2.8765239715576172e+00, e: 2.8420255184173584e+00
#ERR m: [712, 697], r: 1.7834199666976929e+00, e: 1.7585459947586060e+00
#ERR m: [712, 698], r: 3.3660998940467834e-01, e: 3.2881742715835571e-01
#ERR m: [712, 699], r: -4.8825898766517639e-01, e: -5.1582193374633789e-01
#ERR m: [712, 700], r: 6.4520102739334106e-01, e: 6.4805907011032104e-01
#ERR m: [712, 701], r: -1.3200329542160034e+00, e: -1.3244386911392212e+00
#ERR m: [712, 702], r: -1.5211000442504883e+00, e: -1.5223411321640015e+00
#ERR m: [712, 703], r: 6.2639701366424561e-01, e: 6.2485218048095703e-01
#ERR m: [712, 704], r: 6.5580600500106812e-01, e: 6.5364629030227661e-01
#ERR m: [712, 705], r: 7.8675001859664917e-02, e: 8.1560134887695312e-02
#ERR m: [712, 706], r: -3.2124999910593033e-02, e: -3.1374573707580566e-02
#ERR m: [712, 707], r: 1.0647020339965820e+00, e: 1.0648036003112793e+00
#ERR m: [712, 708], r: 1.6214629411697388e+00, e: 1.6175625324249268e+00
#ERR m: [712, 710], r: -5.4439999163150787e-02, e: -5.4263353347778320e-02
#ERR m: [712, 711], r: 1.5828099846839905e-01, e: 1.5882769227027893e-01
#ERR m: [713, 685], r: 3.8302093505859375e+01, e: 4.3535427093505859e+01
#ERR m: [713, 686], r: 1.1317529678344727e+00, e: 1.1243884563446045e+00
#ERR m: [713, 687], r: -8.9121800661087036e-01, e: -8.9246028661727905e-01
#ERR m: [713, 688], r: -1.4996520280838013e+00, e: -1.4978111982345581e+00
#ERR m: [713, 690], r: -9.2853099107742310e-01, e: -9.5286762714385986e-01
#ERR m: [713, 691], r: -4.3334800004959106e-01, e: -4.3535664677619934e-01
#ERR m: [713, 692], r: 6.8398201465606689e-01, e: 6.9116234779357910e-01
#ERR m: [713, 693], r: -1.6455479860305786e+00, e: -1.6484060287475586e+00
#ERR m: [713, 694], r: 3.9592120647430420e+00, e: 3.9094748497009277e+00
#ERR m: [713, 695], r: -7.8928202390670776e-01, e: -8.0410343408584595e-01
#ERR m: [713, 696], r: -1.9371160268783569e+00, e: -1.8897320032119751e+00
#ERR m: [713, 697], r: -2.4765288829803467e+00, e: -2.4425289630889893e+00
#ERR m: [713, 698], r: 3.1604099273681641e-01, e: 3.2300168275833130e-01
#ERR m: [713, 699], r: -2.7704069614410400e+00, e: -2.8019983768463135e+00
#ERR m: [713, 700], r: 5.6595999747514725e-02, e: 5.2506621927022934e-02
#ERR m: [713, 701], r: 2.4893499910831451e-01, e: 2.5904384255409241e-01
#ERR m: [713, 702], r: 1.6075149774551392e+00, e: 1.6293975114822388e+00
#ERR m: [713, 703], r: -5.0045901536941528e-01, e: -5.0523656606674194e-01
#ERR m: [713, 704], r: 4.2421600222587585e-01, e: 4.2432332038879395e-01
#ERR m: [713, 705], r: -9.0864300727844238e-01, e: -9.1035246849060059e-01
#ERR m: [713, 706], r: -2.8773999214172363e-01, e: -2.8871402144432068e-01
#ERR m: [713, 707], r: 4.3369099497795105e-01, e: 4.2862105369567871e-01
#ERR m: [713, 708], r: 3.1187599897384644e-01, e: 3.1608226895332336e-01
#ERR m: [713, 710], r: 3.0534699559211731e-01, e: 3.0444556474685669e-01
#ERR m: [713, 711], r: -3.1899198889732361e-01, e: -3.1785649061203003e-01
#ERR m: [713, 712], r: 1.2605390548706055e+00, e: 1.2619397640228271e+00
#ERR m: [714, 685], r: 1.2644557952880859e+01, e: 1.4071125984191895e+01
#ERR m: [714, 686], r: 3.5375499725341797e-01, e: 3.4615966677665710e-01
#ERR m: [714, 687], r: -2.1559299528598785e-01, e: -2.0985195040702820e-01
#ERR m: [714, 688], r: 3.3491700887680054e-01, e: 3.4024491906166077e-01
#ERR m: [714, 690], r: -1.9010670185089111e+00, e: -1.9102156162261963e+00
#ERR m: [714, 691], r: -8.8409995660185814e-03, e: -1.2751688249409199e-02
#ERR m: [714, 692], r: 7.8249400854110718e-01, e: 7.9638814926147461e-01
#ERR m: [714, 693], r: -2.9004698991775513e-01, e: -3.0633649230003357e-01
#ERR m: [714, 694], r: 1.4261510372161865e+00, e: 1.3940364122390747e+00
#ERR m: [714, 695], r: 5.8793199062347412e-01, e: 5.7297652959823608e-01
#ERR m: [714, 696], r: -2.4127099514007568e+00, e: -2.3713185787200928e+00
#ERR m: [714, 697], r: -3.5055470466613770e+00, e: -3.4833941459655762e+00
#ERR m: [714, 698], r: -7.6422697305679321e-01, e: -7.5506943464279175e-01
#ERR m: [714, 699], r: 5.3900998830795288e-01, e: 5.7078707218170166e-01
#ERR m: [714, 700], r: -7.0569497346878052e-01, e: -7.0858103036880493e-01
#ERR m: [714, 701], r: 6.3767898082733154e-01, e: 6.4374220371246338e-01
#ERR m: [714, 702], r: 3.7965369224548340e+00, e: 3.7810566425323486e+00
#ERR m: [714, 703], r: -1.2748110294342041e+00, e: -1.2664893865585327e+00
#ERR m: [714, 704], r: 7.6943002641201019e-02, e: 7.3312394320964813e-02
#ERR m: [714, 705], r: -1.2764999866485596e+00, e: -1.2740777730941772e+00
#ERR m: [714, 706], r: -5.7440400123596191e-01, e: -5.7471984624862671e-01
#ERR m: [714, 707], r: 2.7548998594284058e-01, e: 2.7345350384712219e-01
#ERR m: [714, 708], r: 3.6290121078491211e+00, e: 3.6224100589752197e+00
#ERR m: [714, 710], r: -9.5213097333908081e-01, e: -9.5110338926315308e-01
#ERR m: [714, 711], r: 4.1200798749923706e-01, e: 4.1112574934959412e-01
#ERR m: [714, 712], r: -2.8287699818611145e-01, e: -2.8510129451751709e-01
#ERR m: [714, 713], r: -1.9270930290222168e+00, e: -1.9267829656600952e+00
#ERR m: [715, 685], r: -2.8837806701660156e+01, e: -3.2634033203125000e+01
#ERR m: [715, 686], r: -8.2173401117324829e-01, e: -8.1629711389541626e-01
#ERR m: [715, 687], r: 4.6810999512672424e-01, e: 4.6713215112686157e-01
#ERR m: [715, 688], r: -3.0159598588943481e-01, e: -3.0198794603347778e-01
#ERR m: [715, 690], r: -3.7832839488983154e+00, e: -3.8281452655792236e+00
#ERR m: [715, 691], r: -1.0555919408798218e+00, e: -1.0540379285812378e+00
#ERR m: [715, 692], r: 1.9879590272903442e+00, e: 1.9827572107315063e+00
#ERR m: [715, 693], r: -2.3152680397033691e+00, e: -2.3001570701599121e+00
#ERR m: [715, 694], r: 1.4139699935913086e+00, e: 1.4112130403518677e+00
#ERR m: [715, 695], r: -6.4100599288940430e-01, e: -6.3889700174331665e-01
#ERR m: [715, 696], r: 4.2864200472831726e-01, e: 4.2403826117515564e-01
#ERR m: [715, 697], r: -5.9728002548217773e-01, e: -6.0530382394790649e-01
#ERR m: [715, 698], r: 6.8949699401855469e-01, e: 6.8421477079391479e-01
#ERR m: [715, 699], r: 7.2266900539398193e-01, e: 7.2246402502059937e-01
#ERR m: [715, 700], r: -3.1858798861503601e-01, e: -3.2205113768577576e-01
#ERR m: [715, 701], r: -3.3172601461410522e-01, e: -3.2188457250595093e-01
#ERR m: [715, 702], r: 3.8067299127578735e-01, e: 4.1391450166702271e-01
#ERR m: [715, 703], r: -1.4926800131797791e-01, e: -1.5837860107421875e-01
#ERR m: [715, 704], r: 6.0562098026275635e-01, e: 6.0668337345123291e-01
#ERR m: [715, 705], r: 4.9803998321294785e-02, e: 4.8528969287872314e-02
#ERR m: [715, 706], r: -8.0693997442722321e-02, e: -8.1190057098865509e-02
#ERR m: [715, 707], r: 1.3627909421920776e+00, e: 1.3571223020553589e+00
#ERR m: [715, 708], r: 4.9981701374053955e-01, e: 5.0417327880859375e-01
#ERR m: [715, 709], r: -1.6150000691413879e-01, e: -1.6132883727550507e-01
#ERR m: [715, 710], r: 3.5175600647926331e-01, e: 3.5009351372718811e-01
#ERR m: [715, 711], r: -5.5423098802566528e-01, e: -5.5185103416442871e-01
#ERR m: [715, 712], r: 1.0205730199813843e+00, e: 1.0261930227279663e+00
#ERR m: [716, 685], r: -3.2655170440673828e+01, e: -3.6647804260253906e+01
#ERR m: [716, 686], r: -9.2492902278900146e-01, e: -9.1171771287918091e-01
#ERR m: [716, 687], r: 1.7583990097045898e+00, e: 1.7622156143188477e+00
#ERR m: [716, 688], r: 2.5622429847717285e+00, e: 2.5608718395233154e+00
#ERR m: [716, 690], r: 3.2600501179695129e-01, e: 3.2771316170692444e-01
#ERR m: [716, 691], r: 1.2469999492168427e-03, e: 1.9806169439107180e-03
#ERR m: [716, 692], r: 2.7326140403747559e+00, e: 2.7304010391235352e+00
#ERR m: [716, 693], r: -2.0967009067535400e+00, e: -2.0861382484436035e+00
#ERR m: [716, 694], r: -2.4401299953460693e+00, e: -2.4012815952301025e+00
#ERR m: [716, 695], r: -3.8497200608253479e-01, e: -3.6848330497741699e-01
#ERR m: [716, 696], r: 3.4885339736938477e+00, e: 3.4545459747314453e+00
#ERR m: [716, 697], r: 2.8619740009307861e+00, e: 2.8436958789825439e+00
#ERR m: [716, 698], r: 7.4142098426818848e-01, e: 7.3333352804183960e-01
#ERR m: [716, 699], r: 3.2987709045410156e+00, e: 3.3368716239929199e+00
#ERR m: [716, 700], r: 9.9889002740383148e-02, e: 1.0663189738988876e-01
#ERR m: [716, 701], r: -1.1407370567321777e+00, e: -1.1557109355926514e+00
#ERR m: [716, 702], r: -2.8337049484252930e+00, e: -2.8615422248840332e+00
#ERR m: [716, 703], r: 1.2118639945983887e+00, e: 1.2161945104598999e+00
#ERR m: [716, 705], r: -1.0407170057296753e+00, e: -1.0426325798034668e+00
#ERR m: [716, 706], r: 2.4503000080585480e-01, e: 2.4491237103939056e-01
#ERR m: [716, 707], r: 2.2077860832214355e+00, e: 2.2013163566589355e+00
#ERR m: [716, 708], r: 3.6590940952301025e+00, e: 3.6567108631134033e+00
#ERR m: [716, 709], r: -3.2537600398063660e-01, e: -3.2526376843452454e-01
#ERR m: [716, 710], r: -1.0662230253219604e+00, e: -1.0660287141799927e+00
#ERR m: [716, 711], r: -9.1545000672340393e-02, e: -9.3104124069213867e-02
#ERR m: [716, 712], r: -1.1842960119247437e+00, e: -1.1871230602264404e+00
#ERR m: [716, 713], r: -4.5172700285911560e-01, e: -4.5284408330917358e-01
#ERR m: [716, 714], r: 4.0498098731040955e-01, e: 4.0474081039428711e-01
#ERR m: [716, 715], r: 6.2804001569747925e-01, e: 6.2773078680038452e-01
#ERR m: [717, 685], r: -2.2422153472900391e+01, e: -2.5821834564208984e+01
#ERR m: [717, 686], r: -6.5849697589874268e-01, e: -6.6318702697753906e-01
#ERR m: [717, 687], r: 4.3946200609207153e-01, e: 4.4872006773948669e-01
#ERR m: [717, 688], r: 2.4195139408111572e+00, e: 2.4241590499877930e+00
#ERR m: [717, 690], r: 1.0707210302352905e+00, e: 1.0974638462066650e+00
#ERR m: [717, 691], r: 4.8576501011848450e-01, e: 4.8777538537979126e-01
#ERR m: [717, 692], r: 1.8400139808654785e+00, e: 1.8331801891326904e+00
#ERR m: [717, 693], r: -2.3484909534454346e+00, e: -2.3312141895294189e+00
#ERR m: [717, 694], r: -2.6998140811920166e+00, e: -2.6516315937042236e+00
#ERR m: [717, 695], r: 1.1607799679040909e-01, e: 1.3361585140228271e-01
#ERR m: [717, 696], r: 3.0428199768066406e+00, e: 2.9972870349884033e+00
#ERR m: [717, 697], r: 3.2328469753265381e+00, e: 3.2049708366394043e+00
#ERR m: [717, 698], r: 3.1883400678634644e-01, e: 3.1037479639053345e-01
#ERR m: [717, 699], r: 2.2767310142517090e+00, e: 2.2960183620452881e+00
#ERR m: [717, 700], r: 2.7217000722885132e-02, e: 3.0378488823771477e-02
#ERR m: [717, 701], r: -9.7750997543334961e-01, e: -9.8349636793136597e-01
#ERR m: [717, 702], r: -2.1899209022521973e+00, e: -2.1903812885284424e+00
#ERR m: [717, 703], r: 8.3380401134490967e-01, e: 8.3140653371810913e-01
#ERR m: [717, 704], r: -1.9118000566959381e-01, e: -1.8942317366600037e-01
#ERR m: [717, 705], r: 4.0619799494743347e-01, e: 4.0466260910034180e-01
#ERR m: [717, 706], r: 1.1003320217132568e+00, e: 1.1017963886260986e+00
#ERR m: [717, 707], r: 1.2618099451065063e+00, e: 1.2643123865127563e+00
#ERR m: [717, 708], r: 7.4156389236450195e+00, e: 7.3957242965698242e+00
#ERR m: [717, 710], r: -3.1262698769569397e-01, e: -3.1301513314247131e-01
#ERR m: [717, 711], r: -1.1084999889135361e-01, e: -1.1013041436672211e-01
#ERR m: [717, 712], r: -2.2498788833618164e+00, e: -2.2439346313476562e+00
#ERR m: [717, 713], r: -1.3879300653934479e-01, e: -1.3571716845035553e-01
#ERR m: [717, 714], r: -3.9080199599266052e-01, e: -3.9013084769248962e-01
#ERR m: [717, 715], r: 8.5628700256347656e-01, e: 8.5695582628250122e-01
#ERR m: [717, 716], r: -2.0783400535583496e+00, e: -2.0780909061431885e+00
#ERR m: [718, 685], r: -3.6087930202484131e+00, e: -4.3175182342529297e+00
#ERR m: [718, 686], r: -1.2401100248098373e-01, e: -1.2662653625011444e-01
#ERR m: [718, 687], r: 5.8341000229120255e-02, e: 6.1640843749046326e-02
#ERR m: [718, 688], r: 6.2787902355194092e-01, e: 6.3002753257751465e-01
#ERR m: [718, 690], r: 3.0940639972686768e+00, e: 3.1323096752166748e+00
#ERR m: [718, 691], r: 6.7830801010131836e-01, e: 6.8152165412902832e-01
#ERR m: [718, 692], r: -2.7674989700317383e+00, e: -2.7792131900787354e+00
#ERR m: [718, 693], r: 2.9690101146697998e+00, e: 2.9726150035858154e+00
#ERR m: [718, 694], r: -3.6208219528198242e+00, e: -3.5744123458862305e+00
#ERR m: [718, 695], r: 6.1998599767684937e-01, e: 6.3438558578491211e-01
#SDC Ite:204 KerTime:0.258140 AccTime:52.947953 KerErr:83701 AccErr:83701
#ABORT too many errors per iteration
#END