#HEADER type: ecc_off dataset: /home/carol/radiation-benchmarks/data/networks_img_list/caltech.pedestrians.critical.1K.txt
#BEGIN Y:2016 M:12 D:12 Time:13:04:55
#IT Ite:0 KerTime:0.039420 AccTime:0.039420
#IT Ite:1 KerTime:0.036633 AccTime:0.076053
#IT Ite:2 KerTime:0.037341 AccTime:0.113394
#IT Ite:3 KerTime:0.036487 AccTime:0.149881
#IT Ite:4 KerTime:0.036689 AccTime:0.186570
#IT Ite:5 KerTime:0.036363 AccTime:0.222933
#IT Ite:6 KerTime:0.036503 AccTime:0.259436
#IT Ite:7 KerTime:0.036425 AccTime:0.295861
#IT Ite:8 KerTime:0.036596 AccTime:0.332457
#IT Ite:9 KerTime:0.036516 AccTime:0.368973
#IT Ite:10 KerTime:0.036453 AccTime:0.405426
#IT Ite:11 KerTime:0.036448 AccTime:0.441874
#IT Ite:12 KerTime:0.036499 AccTime:0.478373
#IT Ite:13 KerTime:0.036800 AccTime:0.515173
#IT Ite:14 KerTime:0.036395 AccTime:0.551568
#IT Ite:15 KerTime:0.036467 AccTime:0.588035
#IT Ite:16 KerTime:0.036659 AccTime:0.624694
#IT Ite:17 KerTime:0.036532 AccTime:0.661226
#IT Ite:18 KerTime:0.036567 AccTime:0.697793
#IT Ite:19 KerTime:0.036459 AccTime:0.734252
#IT Ite:20 KerTime:0.036539 AccTime:0.770791
#IT Ite:21 KerTime:0.036442 AccTime:0.807233
#IT Ite:22 KerTime:0.036523 AccTime:0.843756
#IT Ite:23 KerTime:0.036541 AccTime:0.880297
#IT Ite:24 KerTime:0.036611 AccTime:0.916908
#IT Ite:25 KerTime:0.036336 AccTime:0.953244
#IT Ite:26 KerTime:0.036262 AccTime:0.989506
#IT Ite:27 KerTime:0.036528 AccTime:1.026034
#IT Ite:28 KerTime:0.036377 AccTime:1.062411
#IT Ite:29 KerTime:0.036578 AccTime:1.098989
#IT Ite:30 KerTime:0.036656 AccTime:1.135645
#IT Ite:31 KerTime:0.036477 AccTime:1.172122
#IT Ite:32 KerTime:0.036645 AccTime:1.208767
#IT Ite:33 KerTime:0.036442 AccTime:1.245209
#IT Ite:34 KerTime:0.036478 AccTime:1.281687
#IT Ite:35 KerTime:0.036397 AccTime:1.318084
#IT Ite:36 KerTime:0.036567 AccTime:1.354651
#IT Ite:37 KerTime:0.036635 AccTime:1.391286
#IT Ite:38 KerTime:0.036571 AccTime:1.427857
#IT Ite:39 KerTime:0.036736 AccTime:1.464593
#IT Ite:40 KerTime:0.036504 AccTime:1.501097
#IT Ite:41 KerTime:0.036606 AccTime:1.537703
#IT Ite:42 KerTime:0.036500 AccTime:1.574203
#IT Ite:43 KerTime:0.036700 AccTime:1.610903
#IT Ite:44 KerTime:0.036445 AccTime:1.647348
#IT Ite:45 KerTime:0.036651 AccTime:1.683999
#IT Ite:46 KerTime:0.036685 AccTime:1.720684
#IT Ite:47 KerTime:0.036620 AccTime:1.757304
#IT Ite:48 KerTime:0.036591 AccTime:1.793895
#IT Ite:49 KerTime:0.036496 AccTime:1.830391
#IT Ite:50 KerTime:0.036520 AccTime:1.866911
#IT Ite:51 KerTime:0.036485 AccTime:1.903396
#IT Ite:52 KerTime:0.036608 AccTime:1.940004
#IT Ite:53 KerTime:0.036608 AccTime:1.976612
#IT Ite:54 KerTime:0.036642 AccTime:2.013254
#IT Ite:55 KerTime:0.036711 AccTime:2.049965
#IT Ite:56 KerTime:0.036507 AccTime:2.086472
#IT Ite:57 KerTime:0.036577 AccTime:2.123049
#IT Ite:58 KerTime:0.036522 AccTime:2.159571
#IT Ite:59 KerTime:0.036949 AccTime:2.196520
#IT Ite:60 KerTime:0.036374 AccTime:2.232894
#IT Ite:61 KerTime:0.036513 AccTime:2.269407
#IT Ite:62 KerTime:0.036634 AccTime:2.306041
#IT Ite:63 KerTime:0.036419 AccTime:2.342460
#IT Ite:64 KerTime:0.036940 AccTime:2.379400
#IT Ite:65 KerTime:0.036512 AccTime:2.415912
#IT Ite:66 KerTime:0.036690 AccTime:2.452602
#IT Ite:67 KerTime:0.036488 AccTime:2.489090
#IT Ite:68 KerTime:0.036552 AccTime:2.525642
#IT Ite:69 KerTime:0.036633 AccTime:2.562275
#IT Ite:70 KerTime:0.036629 AccTime:2.598904
#IT Ite:71 KerTime:0.036604 AccTime:2.635508
#IT Ite:72 KerTime:0.036594 AccTime:2.672102
#IT Ite:73 KerTime:0.036954 AccTime:2.709056
#IT Ite:74 KerTime:0.036486 AccTime:2.745542
#IT Ite:75 KerTime:0.036583 AccTime:2.782125
#IT Ite:76 KerTime:0.036396 AccTime:2.818521
#IT Ite:77 KerTime:0.036544 AccTime:2.855065
#IT Ite:78 KerTime:0.036573 AccTime:2.891638
#IT Ite:79 KerTime:0.036560 AccTime:2.928198
#IT Ite:80 KerTime:0.036596 AccTime:2.964794
#IT Ite:81 KerTime:0.036431 AccTime:3.001225
#IT Ite:82 KerTime:0.036613 AccTime:3.037838
#IT Ite:83 KerTime:0.036376 AccTime:3.074214
#IT Ite:84 KerTime:0.036385 AccTime:3.110599
#IT Ite:85 KerTime:0.036507 AccTime:3.147106
#IT Ite:86 KerTime:0.036519 AccTime:3.183625
#IT Ite:87 KerTime:0.036980 AccTime:3.220605
#IT Ite:88 KerTime:0.036537 AccTime:3.257142
#IT Ite:89 KerTime:0.036674 AccTime:3.293816
#IT Ite:90 KerTime:0.036429 AccTime:3.330245
#IT Ite:91 KerTime:0.036566 AccTime:3.366811
#IT Ite:92 KerTime:0.036533 AccTime:3.403344
#IT Ite:93 KerTime:0.036622 AccTime:3.439966
#IT Ite:94 KerTime:0.036422 AccTime:3.476388
#IT Ite:95 KerTime:0.036579 AccTime:3.512967
#IT Ite:96 KerTime:0.036445 AccTime:3.549412
#IT Ite:97 KerTime:0.036283 AccTime:3.585695
#IT Ite:98 KerTime:0.036627 AccTime:3.622322
#IT Ite:99 KerTime:0.036380 AccTime:3.658702
#IT Ite:100 KerTime:0.036539 AccTime:3.695241
#IT Ite:101 KerTime:0.036607 AccTime:3.731848
#IT Ite:102 KerTime:0.036492 AccTime:3.768340
#IT Ite:103 KerTime:0.036536 AccTime:3.804876
#IT Ite:104 KerTime:0.036366 AccTime:3.841242
#IT Ite:105 KerTime:0.036618 AccTime:3.877860
#IT Ite:106 KerTime:0.036415 AccTime:3.914275
#IT Ite:107 KerTime:0.036546 AccTime:3.950821
#IT Ite:108 KerTime:0.036600 AccTime:3.987421
#IT Ite:109 KerTime:0.036374 AccTime:4.023795
#IT Ite:110 KerTime:0.036684 AccTime:4.060479
#IT Ite:111 KerTime:0.036593 AccTime:4.097072
#IT Ite:112 KerTime:0.036554 AccTime:4.133626
#IT Ite:113 KerTime:0.036374 AccTime:4.170000
#IT Ite:114 KerTime:0.036618 AccTime:4.206618
#IT Ite:115 KerTime:0.036572 AccTime:4.243190
#IT Ite:116 KerTime:0.036616 AccTime:4.279806
#IT Ite:117 KerTime:0.036557 AccTime:4.316363
#IT Ite:118 KerTime:0.036471 AccTime:4.352834
#IT Ite:119 KerTime:0.036499 AccTime:4.389333
#IT Ite:120 KerTime:0.036472 AccTime:4.425805
#IT Ite:121 KerTime:0.036451 AccTime:4.462256
#IT Ite:122 KerTime:0.036476 AccTime:4.498732
#IT Ite:123 KerTime:0.036539 AccTime:4.535271
#IT Ite:124 KerTime:0.036502 AccTime:4.571773
#IT Ite:125 KerTime:0.036462 AccTime:4.608235
#IT Ite:126 KerTime:0.036587 AccTime:4.644822
#IT Ite:127 KerTime:0.036381 AccTime:4.681203
#IT Ite:128 KerTime:0.036741 AccTime:4.717944
#IT Ite:129 KerTime:0.036300 AccTime:4.754244
#IT Ite:130 KerTime:0.036687 AccTime:4.790931
#IT Ite:131 KerTime:0.036565 AccTime:4.827496
#IT Ite:132 KerTime:0.036528 AccTime:4.864024
#IT Ite:133 KerTime:0.036669 AccTime:4.900693
#IT Ite:134 KerTime:0.036441 AccTime:4.937134
#IT Ite:135 KerTime:0.036517 AccTime:4.973651
#IT Ite:136 KerTime:0.036430 AccTime:5.010081
#IT Ite:137 KerTime:0.036540 AccTime:5.046621
#IT Ite:138 KerTime:0.036499 AccTime:5.083120
#IT Ite:139 KerTime:0.036451 AccTime:5.119571
#IT Ite:140 KerTime:0.036437 AccTime:5.156008
#IT Ite:141 KerTime:0.036549 AccTime:5.192557
#IT Ite:142 KerTime:0.036677 AccTime:5.229234
#IT Ite:143 KerTime:0.036435 AccTime:5.265669
#IT Ite:144 KerTime:0.036535 AccTime:5.302204
#IT Ite:145 KerTime:0.036531 AccTime:5.338735
#IT Ite:146 KerTime:0.036561 AccTime:5.375296
#IT Ite:147 KerTime:0.036620 AccTime:5.411916
#IT Ite:148 KerTime:0.036534 AccTime:5.448450
#IT Ite:149 KerTime:0.036533 AccTime:5.484983
#IT Ite:150 KerTime:0.036577 AccTime:5.521560
#IT Ite:151 KerTime:0.036518 AccTime:5.558078
#IT Ite:152 KerTime:0.036371 AccTime:5.594449
#IT Ite:153 KerTime:0.036541 AccTime:5.630990
#IT Ite:154 KerTime:0.037718 AccTime:5.668708
#IT Ite:155 KerTime:0.038614 AccTime:5.707322
#IT Ite:156 KerTime:0.037952 AccTime:5.745274
#IT Ite:157 KerTime:0.037797 AccTime:5.783071
#IT Ite:158 KerTime:0.037150 AccTime:5.820221
#IT Ite:159 KerTime:0.036524 AccTime:5.856745
#IT Ite:160 KerTime:0.036680 AccTime:5.893425
#IT Ite:161 KerTime:0.036456 AccTime:5.929881
#IT Ite:162 KerTime:0.036530 AccTime:5.966411
#IT Ite:163 KerTime:0.036449 AccTime:6.002860
#IT Ite:164 KerTime:0.036433 AccTime:6.039293
#IT Ite:165 KerTime:0.036480 AccTime:6.075773
#IT Ite:166 KerTime:0.036466 AccTime:6.112239
#IT Ite:167 KerTime:0.036631 AccTime:6.148870
#IT Ite:168 KerTime:0.036413 AccTime:6.185283
#IT Ite:169 KerTime:0.036398 AccTime:6.221681
#IT Ite:170 KerTime:0.036411 AccTime:6.258092
#IT Ite:171 KerTime:0.036403 AccTime:6.294495
#IT Ite:172 KerTime:0.036399 AccTime:6.330894
#IT Ite:173 KerTime:0.036402 AccTime:6.367296
#IT Ite:174 KerTime:0.036544 AccTime:6.403840
#IT Ite:175 KerTime:0.036488 AccTime:6.440328
#IT Ite:176 KerTime:0.036716 AccTime:6.477044
#IT Ite:177 KerTime:0.036580 AccTime:6.513624
#IT Ite:178 KerTime:0.036671 AccTime:6.550295
#IT Ite:179 KerTime:0.036506 AccTime:6.586801
#IT Ite:180 KerTime:0.036624 AccTime:6.623425
#IT Ite:181 KerTime:0.036496 AccTime:6.659921
#IT Ite:182 KerTime:0.036437 AccTime:6.696358
#IT Ite:183 KerTime:0.036730 AccTime:6.733088
#IT Ite:184 KerTime:0.036509 AccTime:6.769597
#IT Ite:185 KerTime:0.036615 AccTime:6.806212
#IT Ite:186 KerTime:0.036409 AccTime:6.842621
#IT Ite:187 KerTime:0.036498 AccTime:6.879119
#IT Ite:188 KerTime:0.036628 AccTime:6.915747
#IT Ite:189 KerTime:0.036722 AccTime:6.952469
#IT Ite:190 KerTime:0.036533 AccTime:6.989002
#IT Ite:191 KerTime:0.036306 AccTime:7.025308
#IT Ite:192 KerTime:0.036457 AccTime:7.061765
#IT Ite:193 KerTime:0.036485 AccTime:7.098250
#IT Ite:194 KerTime:0.036412 AccTime:7.134662
#IT Ite:195 KerTime:0.036449 AccTime:7.171111
#IT Ite:196 KerTime:0.036550 AccTime:7.207661
#IT Ite:197 KerTime:0.036593 AccTime:7.244254
#IT Ite:198 KerTime:0.036411 AccTime:7.280665
#IT Ite:199 KerTime:0.036544 AccTime:7.317209
#IT Ite:200 KerTime:0.036680 AccTime:7.353889
#IT Ite:201 KerTime:0.036623 AccTime:7.390512
#IT Ite:202 KerTime:0.036620 AccTime:7.427132
#IT Ite:203 KerTime:0.036600 AccTime:7.463732
#IT Ite:204 KerTime:0.036625 AccTime:7.500357
#IT Ite:205 KerTime:0.036418 AccTime:7.536775
#IT Ite:206 KerTime:0.036634 AccTime:7.573409
#IT Ite:207 KerTime:0.036527 AccTime:7.609936
#IT Ite:208 KerTime:0.036650 AccTime:7.646586
#IT Ite:209 KerTime:0.036496 AccTime:7.683082
#IT Ite:210 KerTime:0.036415 AccTime:7.719497
#IT Ite:211 KerTime:0.036504 AccTime:7.756001
#IT Ite:212 KerTime:0.036840 AccTime:7.792841
#IT Ite:213 KerTime:0.036597 AccTime:7.829438
#IT Ite:214 KerTime:0.036367 AccTime:7.865805
#IT Ite:215 KerTime:0.036524 AccTime:7.902329
#IT Ite:216 KerTime:0.036528 AccTime:7.938857
#IT Ite:217 KerTime:0.036445 AccTime:7.975302
#IT Ite:218 KerTime:0.036544 AccTime:8.011846
#IT Ite:219 KerTime:0.036459 AccTime:8.048305
#IT Ite:220 KerTime:0.036921 AccTime:8.085226
#IT Ite:221 KerTime:0.036357 AccTime:8.121583
#IT Ite:222 KerTime:0.036472 AccTime:8.158055
#IT Ite:223 KerTime:0.036589 AccTime:8.194644
#IT Ite:224 KerTime:0.036452 AccTime:8.231096
#IT Ite:225 KerTime:0.036617 AccTime:8.267713
#IT Ite:226 KerTime:0.036644 AccTime:8.304357
#IT Ite:227 KerTime:0.036536 AccTime:8.340893
#IT Ite:228 KerTime:0.036652 AccTime:8.377545
#IT Ite:229 KerTime:0.036582 AccTime:8.414127
#IT Ite:230 KerTime:0.036701 AccTime:8.450828
#IT Ite:231 KerTime:0.036551 AccTime:8.487379
#IT Ite:232 KerTime:0.036608 AccTime:8.523987
#IT Ite:233 KerTime:0.036377 AccTime:8.560364
#IT Ite:234 KerTime:0.036626 AccTime:8.596990
#IT Ite:235 KerTime:0.036587 AccTime:8.633577
#IT Ite:236 KerTime:0.036490 AccTime:8.670067
#IT Ite:237 KerTime:0.036459 AccTime:8.706526
#IT Ite:238 KerTime:0.036569 AccTime:8.743095
#IT Ite:239 KerTime:0.036739 AccTime:8.779834
#IT Ite:240 KerTime:0.036447 AccTime:8.816281
#IT Ite:241 KerTime:0.036404 AccTime:8.852685
#IT Ite:242 KerTime:0.036275 AccTime:8.888960
#IT Ite:243 KerTime:0.036754 AccTime:8.925714
#IT Ite:244 KerTime:0.036355 AccTime:8.962069
#IT Ite:245 KerTime:0.036539 AccTime:8.998608
#IT Ite:246 KerTime:0.036475 AccTime:9.035083
#IT Ite:247 KerTime:0.036694 AccTime:9.071777
#IT Ite:248 KerTime:0.036619 AccTime:9.108396
#IT Ite:249 KerTime:0.036462 AccTime:9.144858
#IT Ite:250 KerTime:0.036569 AccTime:9.181427
#IT Ite:251 KerTime:0.036393 AccTime:9.217820
#IT Ite:252 KerTime:0.036488 AccTime:9.254308
#IT Ite:253 KerTime:0.036488 AccTime:9.290796
#IT Ite:254 KerTime:0.036833 AccTime:9.327629
#IT Ite:255 KerTime:0.036649 AccTime:9.364278
#IT Ite:256 KerTime:0.036435 AccTime:9.400713
#IT Ite:257 KerTime:0.036511 AccTime:9.437224
#IT Ite:258 KerTime:0.036419 AccTime:9.473643
#IT Ite:259 KerTime:0.036485 AccTime:9.510128
#IT Ite:260 KerTime:0.036337 AccTime:9.546465
#IT Ite:261 KerTime:0.036534 AccTime:9.582999
#IT Ite:262 KerTime:0.036398 AccTime:9.619397
#IT Ite:263 KerTime:0.036437 AccTime:9.655834
#IT Ite:264 KerTime:0.036657 AccTime:9.692491
#IT Ite:265 KerTime:0.036405 AccTime:9.728896
#IT Ite:266 KerTime:0.036509 AccTime:9.765405
#IT Ite:267 KerTime:0.036350 AccTime:9.801755
#IT Ite:268 KerTime:0.036509 AccTime:9.838264
#IT Ite:269 KerTime:0.036552 AccTime:9.874816
#IT Ite:270 KerTime:0.036596 AccTime:9.911412
#IT Ite:271 KerTime:0.036597 AccTime:9.948009
#IT Ite:272 KerTime:0.036503 AccTime:9.984512
#IT Ite:273 KerTime:0.036597 AccTime:10.021109
#IT Ite:274 KerTime:0.036368 AccTime:10.057477
#IT Ite:275 KerTime:0.036534 AccTime:10.094011
#IT Ite:276 KerTime:0.036580 AccTime:10.130591
#IT Ite:277 KerTime:0.036414 AccTime:10.167005
#IT Ite:278 KerTime:0.036501 AccTime:10.203506
#IT Ite:279 KerTime:0.036711 AccTime:10.240217
#IT Ite:280 KerTime:0.036588 AccTime:10.276805
#IT Ite:281 KerTime:0.036425 AccTime:10.313230
#IT Ite:282 KerTime:0.036612 AccTime:10.349842
#IT Ite:283 KerTime:0.036640 AccTime:10.386482
#IT Ite:284 KerTime:0.036549 AccTime:10.423031
#IT Ite:285 KerTime:0.036708 AccTime:10.459739
#IT Ite:286 KerTime:0.036415 AccTime:10.496154
#IT Ite:287 KerTime:0.036402 AccTime:10.532556
#IT Ite:288 KerTime:0.036388 AccTime:10.568944
#IT Ite:289 KerTime:0.036643 AccTime:10.605587
#IT Ite:290 KerTime:0.036288 AccTime:10.641875
#IT Ite:291 KerTime:0.036415 AccTime:10.678290
#IT Ite:292 KerTime:0.036443 AccTime:10.714733
#IT Ite:293 KerTime:0.036624 AccTime:10.751357
#IT Ite:294 KerTime:0.036569 AccTime:10.787926
#IT Ite:295 KerTime:0.036345 AccTime:10.824271
#IT Ite:296 KerTime:0.036443 AccTime:10.860714
#IT Ite:297 KerTime:0.036262 AccTime:10.896976
#IT Ite:298 KerTime:0.036659 AccTime:10.933635
#IT Ite:299 KerTime:0.036629 AccTime:10.970264
#IT Ite:300 KerTime:0.036491 AccTime:11.006755
#IT Ite:301 KerTime:0.036479 AccTime:11.043234
#IT Ite:302 KerTime:0.036445 AccTime:11.079679
#IT Ite:303 KerTime:0.036579 AccTime:11.116258
#IT Ite:304 KerTime:0.036664 AccTime:11.152922
#IT Ite:305 KerTime:0.036641 AccTime:11.189563
#IT Ite:306 KerTime:0.036489 AccTime:11.226052
#IT Ite:307 KerTime:0.036658 AccTime:11.262710
#IT Ite:308 KerTime:0.036508 AccTime:11.299218
#IT Ite:309 KerTime:0.036493 AccTime:11.335711
#IT Ite:310 KerTime:0.036670 AccTime:11.372381
#IT Ite:311 KerTime:0.036349 AccTime:11.408730
#IT Ite:312 KerTime:0.036608 AccTime:11.445338
#IT Ite:313 KerTime:0.036569 AccTime:11.481907
#IT Ite:314 KerTime:0.036617 AccTime:11.518524
#IT Ite:315 KerTime:0.036483 AccTime:11.555007
#IT Ite:316 KerTime:0.036557 AccTime:11.591564
#IT Ite:317 KerTime:0.036714 AccTime:11.628278
#IT Ite:318 KerTime:0.036509 AccTime:11.664787
#IT Ite:319 KerTime:0.036555 AccTime:11.701342
#IT Ite:320 KerTime:0.036471 AccTime:11.737813
#IT Ite:321 KerTime:0.036585 AccTime:11.774398
#IT Ite:322 KerTime:0.036616 AccTime:11.811014
#IT Ite:323 KerTime:0.036549 AccTime:11.847563
#IT Ite:324 KerTime:0.036555 AccTime:11.884118
#IT Ite:325 KerTime:0.036494 AccTime:11.920612
#IT Ite:326 KerTime:0.036604 AccTime:11.957216
#IT Ite:327 KerTime:0.036385 AccTime:11.993601
#IT Ite:328 KerTime:0.036622 AccTime:12.030223
#IT Ite:329 KerTime:0.036616 AccTime:12.066839
#IT Ite:330 KerTime:0.036553 AccTime:12.103392
#IT Ite:331 KerTime:0.036577 AccTime:12.139969
#IT Ite:332 KerTime:0.036624 AccTime:12.176593
#IT Ite:333 KerTime:0.036502 AccTime:12.213095
#IT Ite:334 KerTime:0.036400 AccTime:12.249495
#IT Ite:335 KerTime:0.036580 AccTime:12.286075
#IT Ite:336 KerTime:0.036634 AccTime:12.322709
#IT Ite:337 KerTime:0.036463 AccTime:12.359172
#IT Ite:338 KerTime:0.036612 AccTime:12.395784
#IT Ite:339 KerTime:0.036561 AccTime:12.432345
#IT Ite:340 KerTime:0.036564 AccTime:12.468909
#IT Ite:341 KerTime:0.036389 AccTime:12.505298
#IT Ite:342 KerTime:0.036578 AccTime:12.541876
#IT Ite:343 KerTime:0.036257 AccTime:12.578133
#IT Ite:344 KerTime:0.036636 AccTime:12.614769
#IT Ite:345 KerTime:0.036572 AccTime:12.651341
#IT Ite:346 KerTime:0.036450 AccTime:12.687791
#IT Ite:347 KerTime:0.036441 AccTime:12.724232
#IT Ite:348 KerTime:0.036367 AccTime:12.760599
#IT Ite:349 KerTime:0.036521 AccTime:12.797120
#IT Ite:350 KerTime:0.036402 AccTime:12.833522
#IT Ite:351 KerTime:0.036423 AccTime:12.869945
#IT Ite:352 KerTime:0.036524 AccTime:12.906469
#IT Ite:353 KerTime:0.036585 AccTime:12.943054
#IT Ite:354 KerTime:0.036561 AccTime:12.979615
#IT Ite:355 KerTime:0.036670 AccTime:13.016285
#IT Ite:356 KerTime:0.036475 AccTime:13.052760
#IT Ite:357 KerTime:0.036570 AccTime:13.089330
#IT Ite:358 KerTime:0.036660 AccTime:13.125990
#IT Ite:359 KerTime:0.038321 AccTime:13.164311
#IT Ite:360 KerTime:0.036733 AccTime:13.201044
#IT Ite:361 KerTime:0.036553 AccTime:13.237597
#IT Ite:362 KerTime:0.036414 AccTime:13.274011
#IT Ite:363 KerTime:0.036571 AccTime:13.310582
#IT Ite:364 KerTime:0.036812 AccTime:13.347394
#IT Ite:365 KerTime:0.036645 AccTime:13.384039
#IT Ite:366 KerTime:0.036229 AccTime:13.420268
#IT Ite:367 KerTime:0.036369 AccTime:13.456637
#IT Ite:368 KerTime:0.036459 AccTime:13.493096
#IT Ite:369 KerTime:0.036504 AccTime:13.529600
#IT Ite:370 KerTime:0.036638 AccTime:13.566238
#IT Ite:371 KerTime:0.036570 AccTime:13.602808
#IT Ite:372 KerTime:0.036502 AccTime:13.639310
#IT Ite:373 KerTime:0.036363 AccTime:13.675673
#IT Ite:374 KerTime:0.036616 AccTime:13.712289
#IT Ite:375 KerTime:0.036516 AccTime:13.748805
#IT Ite:376 KerTime:0.036666 AccTime:13.785471
#IT Ite:377 KerTime:0.036694 AccTime:13.822165
#IT Ite:378 KerTime:0.036538 AccTime:13.858703
#IT Ite:379 KerTime:0.036514 AccTime:13.895217
#IT Ite:380 KerTime:0.036392 AccTime:13.931609
#IT Ite:381 KerTime:0.036468 AccTime:13.968077
#IT Ite:382 KerTime:0.036569 AccTime:14.004646
#IT Ite:383 KerTime:0.036571 AccTime:14.041217
#IT Ite:384 KerTime:0.036600 AccTime:14.077817
#IT Ite:385 KerTime:0.036640 AccTime:14.114457
#IT Ite:386 KerTime:0.036502 AccTime:14.150959
#IT Ite:387 KerTime:0.036452 AccTime:14.187411
#IT Ite:388 KerTime:0.036546 AccTime:14.223957
#IT Ite:389 KerTime:0.036488 AccTime:14.260445
#IT Ite:390 KerTime:0.036467 AccTime:14.296912
#IT Ite:391 KerTime:0.036545 AccTime:14.333457
#IT Ite:392 KerTime:0.036483 AccTime:14.369940
#IT Ite:393 KerTime:0.036546 AccTime:14.406486
#IT Ite:394 KerTime:0.037394 AccTime:14.443880
#IT Ite:395 KerTime:0.036463 AccTime:14.480343
#IT Ite:396 KerTime:0.036225 AccTime:14.516568
#IT Ite:397 KerTime:0.036493 AccTime:14.553061
#IT Ite:398 KerTime:0.036398 AccTime:14.589459
#IT Ite:399 KerTime:0.036477 AccTime:14.625936
#IT Ite:400 KerTime:0.036435 AccTime:14.662371
#IT Ite:401 KerTime:0.036343 AccTime:14.698714
#IT Ite:402 KerTime:0.036480 AccTime:14.735194
#IT Ite:403 KerTime:0.036237 AccTime:14.771431
#IT Ite:404 KerTime:0.036659 AccTime:14.808090
#IT Ite:405 KerTime:0.036506 AccTime:14.844596
#ERR ./hog_hardened_ecc_off/opencv_src/hog.cu:785: error: (-217) an illegal memory access was encountered in function classify_hists_ext

#END