#HEADER size:1024
#BEGIN Y:2016 M:12 D:13 Time:15:15:26
#IT Ite:0 KerTime:0.258263 AccTime:0.258263
#IT Ite:1 KerTime:0.258346 AccTime:0.516609
#IT Ite:2 KerTime:0.258272 AccTime:0.774881
#IT Ite:3 KerTime:0.258178 AccTime:1.033059
#IT Ite:4 KerTime:0.258268 AccTime:1.291327
#IT Ite:5 KerTime:0.258297 AccTime:1.549624
#IT Ite:6 KerTime:0.258337 AccTime:1.807961
#IT Ite:7 KerTime:0.258260 AccTime:2.066221
#IT Ite:8 KerTime:0.258185 AccTime:2.324406
#IT Ite:9 KerTime:0.258318 AccTime:2.582724
#IT Ite:10 KerTime:0.258244 AccTime:2.840968
#IT Ite:11 KerTime:0.258289 AccTime:3.099257
#IT Ite:12 KerTime:0.258282 AccTime:3.357539
#IT Ite:13 KerTime:0.258362 AccTime:3.615901
#IT Ite:14 KerTime:0.258349 AccTime:3.874250
#IT Ite:15 KerTime:0.258329 AccTime:4.132579
#ERR m: [891, 890], r: -4.4834399223327637e-01, e: -2.3126883506774902e+00
#ERR m: [892, 890], r: 5.5597597360610962e-01, e: 3.5259115695953369e-01
#ERR m: [892, 891], r: 1.1916200071573257e-01, e: 1.2172623723745346e-01
#ERR m: [893, 890], r: 4.4362598657608032e-01, e: -7.7261634171009064e-02
#ERR m: [893, 891], r: 8.3440996706485748e-02, e: 3.3550076186656952e-02
#ERR m: [893, 892], r: 4.4361299276351929e-01, e: 1.3982778787612915e-01
#ERR m: [894, 890], r: -1.9622219800949097e+00, e: -5.1844078302383423e-01
#ERR m: [894, 891], r: 3.2252750396728516e+00, e: 4.2436127662658691e+00
#ERR m: [894, 892], r: -3.2954001426696777e-01, e: 5.7379713058471680e+00
#ERR m: [894, 893], r: -7.8182878494262695e+00, e: 3.4862606811523438e+02
#ERR m: [895, 890], r: 6.7834198474884033e-01, e: -8.0570232868194580e-01
#ERR m: [895, 891], r: -4.4668599963188171e-01, e: -7.6308304071426392e-01
#ERR m: [895, 892], r: 7.6384998857975006e-02, e: -1.8083878755569458e+00
#ERR m: [895, 893], r: 1.5355720520019531e+00, e: -1.3537727355957031e+02
#ERR m: [895, 894], r: -3.5856801271438599e-01, e: -3.8547411561012268e-01
#ERR m: [896, 890], r: -1.6052000224590302e-02, e: 8.1414574384689331e-01
#ERR m: [896, 891], r: -1.1758680343627930e+00, e: -1.3618730306625366e+00
#ERR m: [896, 892], r: -4.1484299302101135e-01, e: -1.5158547163009644e+00
#ERR m: [896, 893], r: 7.9840002581477165e-03, e: -1.0604283142089844e+02
#ERR m: [896, 894], r: -2.6008099317550659e-01, e: -2.9952818155288696e-01
#ERR m: [896, 895], r: 6.1182708740234375e+00, e: -3.3929645538330078e+01
#ERR m: [897, 890], r: -1.0547670125961304e+00, e: 1.8151590824127197e+00
#ERR m: [897, 891], r: 2.6064739227294922e+00, e: 3.6620244979858398e+00
#ERR m: [897, 892], r: 8.8735997676849365e-02, e: 6.3713989257812500e+00
#ERR m: [897, 893], r: -5.9879999160766602e+00, e: 4.2490005493164062e+02
#ERR m: [897, 894], r: 9.5729297399520874e-01, e: 1.2223145961761475e+00
#ERR m: [897, 895], r: 9.4983673095703125e+00, e: -1.5705789184570312e+02
#ERR m: [897, 896], r: 1.9379910230636597e+00, e: 4.5460286140441895e+00
#ERR m: [898, 890], r: -2.1748900413513184e+00, e: -1.5048358440399170e+00
#ERR m: [898, 891], r: 1.2992030382156372e+00, e: 1.7214915752410889e+00
#ERR m: [898, 892], r: -1.1127760410308838e+00, e: 1.4182225465774536e+00
#ERR m: [898, 893], r: -3.7171421051025391e+00, e: 1.3160252380371094e+02
#ERR m: [898, 894], r: 3.1923100352287292e-01, e: 3.8287061452865601e-01
#ERR m: [898, 895], r: 4.2829232215881348e+00, e: -5.2946491241455078e+01
#ERR m: [898, 896], r: 5.1446497440338135e-01, e: 1.5884293317794800e+00
#ERR m: [898, 897], r: 5.9978000819683075e-02, e: 2.0990587770938873e-01
#ERR m: [899, 890], r: -1.4886000156402588e+00, e: -3.2329831123352051e+00
#ERR m: [899, 891], r: 8.2814998924732208e-02, e: -1.3432221114635468e-01
#ERR m: [899, 892], r: -3.6260500550270081e-01, e: -1.6497526168823242e+00
#ERR m: [899, 893], r: 2.9373499751091003e-01, e: -1.1534558868408203e+02
#ERR m: [899, 894], r: -1.4923800528049469e-01, e: -3.3380088210105896e-01
#ERR m: [899, 895], r: -3.3654479980468750e+00, e: 8.4654258728027344e+01
#ERR m: [899, 896], r: -9.6529698371887207e-01, e: -2.4126932621002197e+00
#ERR m: [899, 897], r: -4.5175701379776001e-01, e: -4.9574407935142517e-01
#ERR m: [899, 898], r: 3.7011799216270447e-01, e: 2.4551343917846680e-01
#ERR m: [900, 890], r: -1.5712339878082275e+00, e: -1.9685766696929932e+00
#ERR m: [900, 891], r: -8.2148000597953796e-02, e: -1.5732604265213013e-01
#ERR m: [900, 892], r: -1.0046470165252686e+00, e: -1.4368716478347778e+00
#ERR m: [900, 893], r: -1.8391000106930733e-02, e: -4.2282001495361328e+01
#ERR m: [900, 894], r: -1.3679499924182892e-01, e: -1.1759457737207413e-01
#ERR m: [900, 895], r: -2.3982379436492920e+00, e: 1.2103446006774902e+01
#ERR m: [900, 896], r: -5.1964801549911499e-01, e: -3.3464950323104858e-01
#ERR m: [900, 897], r: -7.6410002075135708e-03, e: 2.5844417512416840e-02
#ERR m: [900, 898], r: -1.5548700094223022e-01, e: -8.4350042045116425e-02
#ERR m: [900, 899], r: -1.4490770101547241e+00, e: 5.3870549201965332e+00
#ERR m: [901, 890], r: -8.6480997502803802e-02, e: 1.1026183366775513e+00
#ERR m: [901, 891], r: -8.0562400817871094e-01, e: -8.4835010766983032e-01
#ERR m: [901, 892], r: 4.2688500881195068e-01, e: 1.6600850224494934e-01
#ERR m: [901, 893], r: 1.1841620206832886e+00, e: 1.0727007865905762e+01
#ERR m: [901, 894], r: -2.1562999486923218e-01, e: 3.9746090769767761e-02
#ERR m: [901, 895], r: 6.9079570770263672e+00, e: -1.3426290893554688e+02
#ERR m: [901, 896], r: 1.0752719640731812e+00, e: 3.9520404338836670e+00
#ERR m: [901, 897], r: -1.4516699314117432e-01, e: 3.8676771521568298e-01
#ERR m: [901, 898], r: 9.7794300317764282e-01, e: 1.4605515003204346e+00
#ERR m: [901, 899], r: -5.7498140335083008e+00, e: 8.8579902648925781e+00
#ERR m: [901, 900], r: 3.7374201416969299e-01, e: -1.6795819997787476e+00
#ERR m: [902, 890], r: 5.9843701124191284e-01, e: -1.6906145811080933e+00
#ERR m: [902, 891], r: -1.8148980140686035e+00, e: -2.5895833969116211e+00
#ERR m: [902, 892], r: -1.8747399747371674e-01, e: -4.7965512275695801e+00
#ERR m: [902, 893], r: 3.4423210620880127e+00, e: -3.4054153442382812e+02
#ERR m: [902, 894], r: -5.3492999076843262e-01, e: -9.8806250095367432e-01
#ERR m: [902, 895], r: -1.3266386985778809e+01, e: 2.4590928649902344e+02
#ERR m: [902, 896], r: -2.6582479476928711e+00, e: -7.1363067626953125e+00
#ERR m: [902, 897], r: -7.6044201850891113e-01, e: -1.1680959463119507e+00
#ERR m: [902, 898], r: 2.4742899835109711e-01, e: -3.0965167284011841e-01
#ERR m: [902, 899], r: -2.7156190872192383e+00, e: 5.3230491638183594e+01
#ERR m: [902, 900], r: 9.1247898340225220e-01, e: -7.5552558898925781e+00
#ERR m: [902, 901], r: 1.1463300138711929e-01, e: 4.5678229331970215e+00
#ERR m: [903, 890], r: -1.0638999938964844e+00, e: 6.2623524665832520e-01
#ERR m: [903, 891], r: -3.7525200843811035e-01, e: -2.3997959494590759e-01
#ERR m: [903, 892], r: -5.5726200342178345e-01, e: 2.5656354427337646e-01
#ERR m: [903, 893], r: -2.0376520156860352e+00, e: 1.6768671035766602e+01
#ERR m: [903, 894], r: 9.7900003194808960e-02, e: 5.0344962626695633e-02
#ERR m: [903, 895], r: 5.5027251243591309e+00, e: -2.6651613235473633e+01
#ERR m: [903, 896], r: 1.0141979455947876e+00, e: 7.6606732606887817e-01
#ERR m: [903, 897], r: 4.3735599517822266e-01, e: 2.1042779088020325e-01
#ERR m: [903, 898], r: -1.0571700334548950e-01, e: -3.7008884549140930e-01
#ERR m: [903, 899], r: -1.5172510147094727e+00, e: 2.6812931060791016e+01
#ERR m: [903, 900], r: 4.5562401413917542e-01, e: -3.8397901058197021e+00
#ERR m: [903, 901], r: 5.3674001246690750e-02, e: 2.3176107406616211e+00
#ERR m: [903, 902], r: -1.7656869888305664e+00, e: 5.3703153133392334e-01
#ERR m: [904, 890], r: -1.3070699572563171e-01, e: -9.8074835538864136e-01
#ERR m: [904, 891], r: 1.5867309570312500e+00, e: 1.8746331930160522e+00
#ERR m: [904, 892], r: 7.3427599668502808e-01, e: 2.4370388984680176e+00
#ERR m: [904, 893], r: -1.3018499314785004e-01, e: 1.6042631530761719e+02
#ERR m: [904, 894], r: 7.8418999910354614e-02, e: 4.7035026550292969e-01
#ERR m: [904, 895], r: 5.8496799468994141e+00, e: -1.6990005493164062e+02
#ERR m: [904, 896], r: 1.0910090208053589e+00, e: 4.9632306098937988e+00
#ERR m: [904, 897], r: 2.3176500201225281e-01, e: 7.6572561264038086e-01
#ERR m: [904, 898], r: -6.2384599447250366e-01, e: 1.6210570931434631e-01
#ERR m: [904, 899], r: 6.6985239982604980e+00, e: -9.4555282592773438e+01
#ERR m: [904, 900], r: -3.0554598569869995e-01, e: 1.6587141036987305e+01
#ERR m: [904, 901], r: -1.3669339418411255e+00, e: -8.9865732192993164e+00
#ERR m: [904, 902], r: 1.9760042190551758e+01, e: -1.9815278053283691e+00
#ERR m: [904, 903], r: -1.0321886062622070e+01, e: -2.7696993350982666e+00
#ERR m: [905, 890], r: -6.8764001131057739e-01, e: 2.1430294215679169e-01
#ERR m: [905, 891], r: 4.8448199033737183e-01, e: 7.3100650310516357e-01
#ERR m: [905, 892], r: -3.9456200599670410e-01, e: 1.0790990591049194e+00
#ERR m: [905, 893], r: -1.7219890356063843e+00, e: 9.0037864685058594e+01
#ERR m: [905, 894], r: 8.4316000342369080e-02, e: 2.6669642329216003e-01
#ERR m: [905, 895], r: 3.3686299324035645e+00, e: -8.3979881286621094e+01
#ERR m: [905, 896], r: 3.7975499033927917e-01, e: 2.4950711727142334e+00
#ERR m: [905, 897], r: -1.5802800655364990e-01, e: 2.5496414303779602e-01
#ERR m: [905, 898], r: 8.3931201696395874e-01, e: 1.1989783048629761e+00
#ERR m: [905, 899], r: -3.3636000752449036e-01, e: -2.0190086364746094e+01
#ERR m: [905, 900], r: -5.6268799304962158e-01, e: 2.1640529632568359e+00
#ERR m: [905, 901], r: 4.5671400427818298e-01, e: -1.5255575180053711e+00
#ERR m: [905, 902], r: -4.5281271934509277e+00, e: -3.9369958639144897e-01
#ERR m: [905, 903], r: 2.2085399627685547e+00, e: -1.3358891010284424e+00
#ERR m: [905, 904], r: -2.6557499170303345e-01, e: 2.5374647974967957e-01
#ERR m: [906, 890], r: -3.7786099314689636e-01, e: -1.2950335741043091e+00
#ERR m: [906, 891], r: 2.8364999219775200e-02, e: -8.9666500687599182e-02
#ERR m: [906, 892], r: -1.2764000333845615e-02, e: -7.1524828672409058e-01
#ERR m: [906, 893], r: -9.8590898513793945e-01, e: -9.7711784362792969e+01
#ERR m: [906, 894], r: -2.5879999622702599e-02, e: -2.8450182080268860e-01
#ERR m: [906, 895], r: -5.1889901161193848e+00, e: 1.2222250366210938e+02
#ERR m: [906, 896], r: -5.9905099868774414e-01, e: -3.6315879821777344e+00
#ERR m: [906, 897], r: 2.7613899111747742e-01, e: -3.3706355094909668e-01
#ERR m: [906, 898], r: -2.1638960838317871e+00, e: -2.5255827903747559e+00
#ERR m: [906, 899], r: -5.9189357757568359e+00, e: 6.2758197784423828e+01
#ERR m: [906, 900], r: 1.2608699798583984e+00, e: -8.9699029922485352e+00
#ERR m: [906, 901], r: 1.9420750141143799e+00, e: 5.3192539215087891e+00
#ERR m: [906, 902], r: -3.4403663635253906e+01, e: 1.2013154029846191e+00
#ERR m: [906, 903], r: 1.6441795349121094e+01, e: 8.0363082885742188e+00
#ERR m: [906, 904], r: -1.9010299444198608e+00, e: -3.9095461368560791e+00
#ERR m: [906, 905], r: -1.8953081130981445e+01, e: -5.5590772628784180e+00
#ERR m: [907, 890], r: -1.5955359935760498e+00, e: -6.5577995777130127e-01
#ERR m: [907, 891], r: 3.1843330860137939e+00, e: 4.1234154701232910e+00
#ERR m: [907, 892], r: -5.3587698936462402e-01, e: 5.0629487037658691e+00
#ERR m: [907, 893], r: -4.5357508659362793e+00, e: 4.0292681884765625e+02
#ERR m: [907, 894], r: 5.7414102554321289e-01, e: 1.1735841035842896e+00
#ERR m: [907, 895], r: 1.6130731582641602e+01, e: -3.1451193237304688e+02
#ERR m: [907, 896], r: 2.8382589817047119e+00, e: 9.2005100250244141e+00
#ERR m: [907, 897], r: 6.2191200256347656e-01, e: 1.3964830636978149e+00
#ERR m: [907, 898], r: 8.9353901147842407e-01, e: 1.6959283351898193e+00
#ERR m: [907, 899], r: -8.5597699880599976e-01, e: -4.4326465606689453e+01
#ERR m: [907, 900], r: -9.0546000003814697e-01, e: 5.4450912475585938e+00
#ERR m: [907, 901], r: 1.4542889595031738e+00, e: -3.5962517261505127e+00
#ERR m: [907, 902], r: -2.8171470642089844e+01, e: -7.9353308677673340e-01
#ERR m: [907, 903], r: 1.3493355751037598e+01, e: -2.6921945810317993e-01
#ERR m: [907, 904], r: -1.2790859937667847e+00, e: 1.0557983070611954e-01
#ERR m: [907, 905], r: -1.4712919235229492e+01, e: 7.1770769357681274e-01
#ERR m: [907, 906], r: 1.2489010095596313e+00, e: 1.4046210050582886e+00
#ERR m: [908, 890], r: -1.8965179920196533e+00, e: 7.7800875902175903e-01
#ERR m: [908, 891], r: 1.6161140203475952e+00, e: 2.3928296566009521e+00
#ERR m: [908, 892], r: -1.6041299700737000e-01, e: 4.4660649299621582e+00
#ERR m: [908, 893], r: -4.2873978614807129e+00, e: 3.1659381103515625e+02
#ERR m: [908, 894], r: 5.8167302608489990e-01, e: 9.1727763414382935e-01
#ERR m: [908, 895], r: 1.1038516998291016e+01, e: -1.9135748291015625e+02
#ERR m: [908, 896], r: 1.8923280239105225e+00, e: 5.6048927307128906e+00
#ERR m: [908, 897], r: 2.5690799951553345e-01, e: 7.5406587123870850e-01
#ERR m: [908, 898], r: 8.4944397211074829e-01, e: 1.3126298189163208e+00
#ERR m: [908, 899], r: -5.2308349609375000e+00, e: 6.5500168800354004e+00
#ERR m: [908, 900], r: 1.5568399429321289e-01, e: -1.6699768304824829e+00
#ERR m: [908, 901], r: 1.2088630199432373e+00, e: 8.5374081134796143e-01
#ERR m: [908, 902], r: 9.6757298707962036e-01, e: -9.2938855290412903e-02
#ERR m: [908, 903], r: -1.0797909498214722e+00, e: 4.2335271835327148e+00
#ERR m: [908, 904], r: -2.0304399728775024e-01, e: -2.5137243270874023e+00
#ERR m: [908, 905], r: 6.5067499876022339e-01, e: -3.8776612281799316e+00
#ERR m: [908, 906], r: -5.5108398199081421e-01, e: -8.9357244968414307e-01
#ERR m: [908, 907], r: -1.3725349903106689e+00, e: -1.3159902095794678e+00
#ERR m: [909, 890], r: -1.0786620378494263e+00, e: 1.5775406360626221e+00
#ERR m: [909, 891], r: 1.1360640525817871e+00, e: 1.7880553007125854e+00
#ERR m: [909, 892], r: -7.5697797536849976e-01, e: 3.1360797882080078e+00
#ERR m: [909, 893], r: -3.1088860034942627e+00, e: 2.8153308105468750e+02
#ERR m: [909, 894], r: 1.8441900610923767e-01, e: 8.3142906427383423e-01
#ERR m: [909, 895], r: 1.8972749710083008e+01, e: -3.5135382080078125e+02
#ERR m: [909, 896], r: 3.5198500156402588e+00, e: 1.0245333671569824e+01
#ERR m: [909, 897], r: 1.2410919666290283e+00, e: 1.8111491203308105e+00
#ERR m: [909, 898], r: -2.9748401045799255e-01, e: 4.7239759564399719e-01
#ERR m: [909, 899], r: 1.2695481300354004e+01, e: -1.3423840332031250e+02
#ERR m: [909, 900], r: -1.7487020492553711e+00, e: 2.1244989395141602e+01
#ERR m: [909, 901], r: -2.3750989437103271e+00, e: -1.2175232887268066e+01
#ERR m: [909, 902], r: 1.7622533798217773e+01, e: -2.4504139423370361e+00
#ERR m: [909, 903], r: -8.8200416564941406e+00, e: -7.9366621971130371e+00
#ERR m: [909, 904], r: 1.0278249979019165e+00, e: 3.3493578433990479e+00
#ERR m: [909, 905], r: 1.5221828460693359e+01, e: 5.6759281158447266e+00
#ERR m: [909, 906], r: -8.3857399225234985e-01, e: -1.0409569740295410e+00
#ERR m: [909, 907], r: -1.8878799676895142e-01, e: -1.1278877407312393e-01
#ERR m: [909, 908], r: -8.2390099763870239e-01, e: -4.0892000198364258e+00
#ERR m: [910, 890], r: 2.9383530616760254e+00, e: 3.0350153446197510e+00
#ERR m: [910, 891], r: -3.9663198590278625e-01, e: -4.8441499471664429e-01
#ERR m: [910, 892], r: 9.9946898221969604e-01, e: 4.6161115169525146e-01
#ERR m: [910, 893], r: 2.0589709281921387e+00, e: 1.0518074989318848e+01
#ERR m: [910, 894], r: 9.3111000955104828e-02, e: 2.0018605515360832e-02
#ERR m: [910, 895], r: 5.3420200347900391e+00, e: -1.7258514404296875e+01
#ERR m: [910, 896], r: 1.6625410318374634e+00, e: 3.7292253971099854e-01
#ERR m: [910, 897], r: 1.0413060188293457e+00, e: 3.8681656122207642e-01
#ERR m: [910, 898], r: -1.9674470424652100e+00, e: -2.4177236557006836e+00
#ERR m: [910, 899], r: 4.4934611320495605e+00, e: -2.3524410724639893e+00
#ERR m: [910, 900], r: 7.3887996375560760e-02, e: 1.3262339830398560e+00
#ERR m: [910, 901], r: -9.1007500886917114e-01, e: -5.7667905092239380e-01
#ERR m: [910, 902], r: 6.7752838134765625e+00, e: -9.5437821000814438e-03
#ERR m: [910, 903], r: -3.9399240016937256e+00, e: 4.5845055580139160e+00
#ERR m: [910, 904], r: 3.3672198653221130e-01, e: -1.6819540262222290e+00
#ERR m: [910, 905], r: -1.2256900221109390e-01, e: -3.4650728702545166e+00
#ERR m: [910, 906], r: 1.0335200279951096e-01, e: 6.7075854539871216e-01
#ERR m: [910, 907], r: 3.3965900540351868e-01, e: 1.1362493783235550e-01
#ERR m: [910, 908], r: -2.2650051116943359e+00, e: 3.4334340691566467e-01
#ERR m: [910, 909], r: -1.1844259500503540e+00, e: -6.0305780172348022e-01
#ERR m: [911, 890], r: 5.6094199419021606e-01, e: 1.3567428588867188e+00
#ERR m: [911, 891], r: -7.4510001577436924e-03, e: 9.9329926073551178e-02
#ERR m: [911, 892], r: -6.2326502799987793e-01, e: 2.1951079368591309e-02
#ERR m: [911, 893], r: -8.0496102571487427e-01, e: 3.7874298095703125e+01
#ERR m: [911, 894], r: 7.2894997894763947e-02, e: 1.1042051762342453e-01
#ERR m: [911, 895], r: 6.2203612327575684e+00, e: -5.9332088470458984e+01
#ERR m: [911, 896], r: 1.2241950035095215e+00, e: 1.7087756395339966e+00
#ERR m: [911, 897], r: 4.4004899263381958e-01, e: 3.3169955015182495e-01
#ERR m: [911, 898], r: 4.1929700970649719e-01, e: 2.0485568046569824e-01
#ERR m: [911, 899], r: -8.4716186523437500e+00, e: 7.0877601623535156e+01
#ERR m: [911, 900], r: 2.5382599234580994e-01, e: -1.2967723846435547e+01
#ERR m: [911, 901], r: 2.0723700523376465e+00, e: 6.9226303100585938e+00
#ERR m: [911, 902], r: -1.9162675857543945e+01, e: 1.3442804813385010e+00
#ERR m: [911, 903], r: 8.9131546020507812e+00, e: 8.8479938507080078e+00
#ERR m: [911, 904], r: -1.2086379528045654e+00, e: -4.2671666145324707e+00
#ERR m: [911, 905], r: -9.4666070938110352e+00, e: -6.2906494140625000e+00
#ERR m: [911, 906], r: 3.2763600349426270e-01, e: 4.7320172190666199e-01
#ERR m: [911, 907], r: -6.4864397048950195e-01, e: -7.5693035125732422e-01
#ERR m: [911, 908], r: -9.1378402709960938e-01, e: 5.9438395500183105e-01
#ERR m: [911, 909], r: -1.2110090255737305e+00, e: -8.1157244741916656e-02
#ERR m: [911, 910], r: 1.6949089765548706e+00, e: 1.6681163311004639e+00
#ERR m: [912, 890], r: -2.0160999894142151e-01, e: -4.5078155398368835e-01
#ERR m: [912, 891], r: 1.9080199301242828e-01, e: 2.0535266399383545e-01
#ERR m: [912, 892], r: 3.9138998836278915e-02, e: 1.2516710162162781e-01
#ERR m: [912, 893], r: 1.6609719991683960e+00, e: 5.8674625396728516e+01
#ERR m: [912, 894], r: -3.1436601281166077e-01, e: 1.8533729016780853e-01
#ERR m: [912, 895], r: 7.2935500144958496e+00, e: -2.1536672973632812e+02
#ERR m: [912, 896], r: 1.0266829729080200e+00, e: 6.3499689102172852e+00
#ERR m: [912, 897], r: -3.2423000782728195e-02, e: 8.5123002529144287e-01
#ERR m: [912, 898], r: 6.0264897346496582e-01, e: 1.5962690114974976e+00
#ERR m: [912, 899], r: 4.7260890007019043e+00, e: -9.4148498535156250e+01
#ERR m: [912, 900], r: -1.0548620223999023e+00, e: 1.4559859275817871e+01
#ERR m: [912, 901], r: -4.8135098814964294e-01, e: -8.3933124542236328e+00
#ERR m: [912, 902], r: -8.0277137756347656e+00, e: -1.6979396343231201e+00
#ERR m: [912, 903], r: 4.5242028236389160e+00, e: -1.0709311485290527e+01
#ERR m: [912, 904], r: 2.4015000090003014e-02, e: 5.2263817787170410e+00
#ERR m: [912, 905], r: -4.8774662017822266e+00, e: 8.3476495742797852e+00
#ERR m: [912, 906], r: 5.6543099880218506e-01, e: -1.1298024654388428e-01
#ERR m: [912, 907], r: 7.0824599266052246e-01, e: 1.0547528266906738e+00
#ERR m: [912, 908], r: 1.2400519847869873e+00, e: -6.1208143234252930e+00
#ERR m: [912, 909], r: 3.2905800342559814e+00, e: 1.7275800704956055e+00
#ERR m: [912, 910], r: -1.6783399879932404e-01, e: 1.0294894129037857e-01
#ERR m: [912, 911], r: 2.6282310485839844e+00, e: 8.7122875452041626e-01
#ERR m: [913, 890], r: -2.2698249816894531e+00, e: 1.2623913288116455e+00
#ERR m: [913, 891], r: -4.2561200261116028e-01, e: -5.1597528159618378e-02
#ERR m: [913, 892], r: -1.6689529418945312e+00, e: 5.8314615488052368e-01
#ERR m: [913, 893], r: -3.7166700363159180e+00, e: 1.0469354248046875e+02
#ERR m: [913, 894], r: 3.2751199603080750e-01, e: 3.0289271473884583e-01
#ERR m: [913, 895], r: 6.4123139381408691e+00, e: -4.0909839630126953e+01
#ERR m: [913, 896], r: 1.1416280269622803e+00, e: 1.1886121034622192e+00
#ERR m: [913, 897], r: 4.2877998948097229e-01, e: 2.5372901558876038e-01
#ERR m: [913, 898], r: 1.5307749509811401e+00, e: 1.0240659713745117e+00
#ERR m: [913, 899], r: -7.0034818649291992e+00, e: 7.9177261352539062e+01
#ERR m: [913, 900], r: 3.7225300073623657e-01, e: -1.3875086784362793e+01
#ERR m: [913, 901], r: 5.8690899610519409e-01, e: 7.6419329643249512e+00
#ERR m: [913, 902], r: 2.1321866989135742e+01, e: 1.3356186151504517e+00
#ERR m: [913, 903], r: -1.1086227416992188e+01, e: 9.5651311874389648e+00
#ERR m: [913, 904], r: 6.2718498706817627e-01, e: -4.7438740730285645e+00
#ERR m: [913, 905], r: 1.9906013488769531e+01, e: -6.9510278701782227e+00
#ERR m: [913, 906], r: -1.7497980594635010e+00, e: -1.3391888141632080e+00
#ERR m: [913, 907], r: -2.0758678913116455e+00, e: -2.3981895446777344e+00
#ERR m: [913, 908], r: -2.1708381175994873e+00, e: 3.1450409889221191e+00
#ERR m: [913, 909], r: -4.7824901342391968e-01, e: -2.2137100696563721e+00
#ERR m: [913, 910], r: 3.2879400253295898e-01, e: 6.8497920036315918e-01
#ERR m: [913, 911], r: 8.1767499446868896e-01, e: -1.1298276185989380e+00
#ERR m: [913, 912], r: -8.8776531219482422e+00, e: -1.2804259300231934e+01
#ERR m: [914, 890], r: 1.6703339815139771e+00, e: 1.7148317098617554e+00
#ERR m: [914, 891], r: -1.1282520294189453e+00, e: -1.4094330072402954e+00
#ERR m: [914, 892], r: 2.7237701416015625e-01, e: -1.4057364463806152e+00
#ERR m: [914, 893], r: 3.0545051097869873e+00, e: -6.9365104675292969e+01
#ERR m: [914, 894], r: -2.4676899611949921e-01, e: -2.0083889365196228e-01
#ERR m: [914, 895], r: -8.6399936676025391e+00, e: 5.1040733337402344e+01
#ERR m: [914, 896], r: -1.2674850225448608e+00, e: -1.5290577411651611e+00
#ERR m: [914, 897], r: -1.2760700285434723e-01, e: -1.1596756428480148e-01
#ERR m: [914, 898], r: -1.2536259889602661e+00, e: -1.0036385059356689e+00
#ERR m: [914, 899], r: 5.3340849876403809e+00, e: -5.1810440063476562e+01
#ERR m: [914, 900], r: 2.9371801018714905e-01, e: 1.0370339393615723e+01
#ERR m: [914, 901], r: -1.8926689624786377e+00, e: -5.2413167953491211e+00
#ERR m: [914, 902], r: 2.3095190048217773e+01, e: -1.0523741245269775e+00
#ERR m: [914, 903], r: -1.1184453010559082e+01, e: -5.1962499618530273e+00
#ERR m: [914, 904], r: 1.2617399692535400e+00, e: 2.4566428661346436e+00
#ERR m: [914, 905], r: 3.8887920379638672e+00, e: 2.4790079593658447e+00
#ERR m: [914, 906], r: -4.1060900688171387e-01, e: -9.0158343315124512e-01
#ERR m: [914, 907], r: -6.3628900051116943e-01, e: -4.6414095163345337e-01
#ERR m: [914, 908], r: 2.6515440940856934e+00, e: 2.0599744319915771e+00
#ERR m: [914, 909], r: 3.6628398895263672e+00, e: -1.5897501707077026e+00
#ERR m: [914, 910], r: -5.1248699426651001e-01, e: 4.0319338440895081e-01
#ERR m: [914, 911], r: 3.2868680953979492e+00, e: -1.8829804658889771e+00
#ERR m: [914, 912], r: -5.1110798120498657e-01, e: -1.8704706430435181e+00
#ERR m: [914, 913], r: 1.0029199719429016e-01, e: -1.2612068653106689e+00
#ERR m: [915, 890], r: 1.0673550367355347e+00, e: 3.1190499663352966e-01
#ERR m: [915, 891], r: -8.3900302648544312e-01, e: -1.1557843685150146e+00
#ERR m: [915, 892], r: 1.2454400211572647e-01, e: -1.7632555961608887e+00
#ERR m: [915, 893], r: 7.9589301347732544e-01, e: -1.5810061645507812e+02
#ERR m: [915, 894], r: -1.3701000250875950e-02, e: -4.6890777349472046e-01
#ERR m: [915, 895], r: -1.1069600105285645e+01, e: 2.2985940551757812e+02
#ERR m: [915, 896], r: -1.7102539539337158e+00, e: -6.7665052413940430e+00
#ERR m: [915, 897], r: -7.8395999968051910e-02, e: -8.7118953466415405e-01
#ERR m: [915, 898], r: -9.8530101776123047e-01, e: -1.7932626008987427e+00
#ERR m: [915, 899], r: -2.3007099628448486e+00, e: 6.6092514038085938e+01
#ERR m: [915, 900], r: 4.9380201101303101e-01, e: -1.0581784248352051e+01
#ERR m: [915, 901], r: 5.3389799594879150e-01, e: 5.9321236610412598e+00
#ERR m: [915, 902], r: -8.9259891510009766e+00, e: 1.3399232625961304e+00
#ERR m: [915, 903], r: 4.3534569740295410e+00, e: 5.2520713806152344e+00
#ERR m: [915, 904], r: -5.8008801937103271e-01, e: -2.3618760108947754e+00
#ERR m: [915, 905], r: -2.2060561180114746e+00, e: -3.2937057018280029e+00
#ERR m: [915, 906], r: 2.5277799367904663e-01, e: 7.8977662324905396e-01
#ERR m: [915, 907], r: 3.3019900321960449e-01, e: 1.1689206212759018e-01
#ERR m: [915, 908], r: -4.5656400918960571e-01, e: 4.5373253822326660e+00
#ERR m: [915, 909], r: -5.1755998283624649e-02, e: -2.2813177108764648e+00
#ERR m: [915, 910], r: -4.2122098803520203e-01, e: -5.4384708404541016e-02
#ERR m: [915, 911], r: -8.1622302532196045e-01, e: -2.5934720039367676e+00
#ERR m: [915, 912], r: 1.3646969795227051e+00, e: 1.5026167631149292e+00
#ERR m: [915, 913], r: -2.6055699586868286e-01, e: -1.5093783140182495e+00
#ERR m: [915, 914], r: 1.2293870449066162e+00, e: 9.7531932592391968e-01
#ERR m: [916, 890], r: -1.3421080112457275e+00, e: -8.4776061773300171e-01
#ERR m: [916, 891], r: -3.2615900039672852e-01, e: -3.4169012308120728e-01
#ERR m: [916, 892], r: -1.1164389848709106e+00, e: -1.1918580532073975e+00
#ERR m: [916, 893], r: 2.7252000570297241e-01, e: 9.8384219408035278e-01
#ERR m: [916, 894], r: -1.3609799742698669e-01, e: 9.3866139650344849e-03
#ERR m: [916, 895], r: 4.8299651145935059e+00, e: -8.3294349670410156e+01
#ERR m: [916, 896], r: 4.7276198863983154e-01, e: 2.5016086101531982e+00
#ERR m: [916, 897], r: 7.0000002160668373e-03, e: 3.3553472161293030e-01
#ERR m: [916, 898], r: 1.2160840034484863e+00, e: 1.3992131948471069e+00
#ERR m: [916, 899], r: 6.3115592002868652e+00, e: -5.4265430450439453e+01
#ERR m: [916, 900], r: -8.5060501098632812e-01, e: 8.4780921936035156e+00
#ERR m: [916, 901], r: -1.4561380147933960e+00, e: -4.8850660324096680e+00
#ERR m: [916, 902], r: 1.6987506866455078e+01, e: -9.9368536472320557e-01
#ERR m: [916, 903], r: -8.0959224700927734e+00, e: -5.6314234733581543e+00
#ERR m: [916, 904], r: 9.2317897081375122e-01, e: 2.4443969726562500e+00
#ERR m: [916, 905], r: 1.4571983337402344e+01, e: 4.2347264289855957e+00
#ERR m: [916, 906], r: -6.1744898557662964e-01, e: -3.6929473280906677e-01
#ERR m: [916, 907], r: 2.5742799043655396e-01, e: 1.6603809595108032e-01
#ERR m: [916, 908], r: -2.4476680755615234e+00, e: -3.7005677223205566e+00
#ERR m: [916, 909], r: -1.2652699649333954e-01, e: 6.4293432235717773e-01
#ERR m: [916, 910], r: 5.7606399059295654e-01, e: 4.9583134055137634e-01
#ERR m: [916, 911], r: -1.2195689678192139e+00, e: -6.3776665925979614e-01
#ERR m: [916, 912], r: 3.5785479545593262e+00, e: 5.1159100532531738e+00
#ERR m: [916, 913], r: -7.0497602224349976e-01, e: -2.4436752796173096e+00
#ERR m: [916, 914], r: 3.2763950824737549e+00, e: 1.6489329338073730e+00
#ERR m: [916, 915], r: 6.4647521972656250e+00, e: 6.1249742507934570e+00
#ERR m: [917, 890], r: -3.8146000355482101e-02, e: -1.9475506246089935e-01
#ERR m: [917, 891], r: 1.3217560052871704e+00, e: 1.6368935108184814e+00
#ERR m: [917, 892], r: 2.0882399380207062e-01, e: 2.0817456245422363e+00
#ERR m: [917, 893], r: -1.6180529594421387e+00, e: 1.3173193359375000e+02
#ERR m: [917, 894], r: 3.8537999987602234e-01, e: 3.7350851297378540e-01
#ERR m: [917, 895], r: 4.5495190620422363e+00, e: -3.0815553665161133e+01
#ERR m: [917, 896], r: 8.6389398574829102e-01, e: 8.8641113042831421e-01
#ERR m: [917, 897], r: 1.6466900706291199e-01, e: 9.8173186182975769e-02
#ERR m: [917, 898], r: 3.3751699328422546e-01, e: 1.9085332751274109e-01
#ERR m: [917, 899], r: 5.3396201133728027e-01, e: 5.5410432815551758e+00
#ERR m: [917, 900], r: -8.7343502044677734e-01, e: -2.7435228824615479e+00
#ERR m: [917, 901], r: 5.3402602672576904e-01, e: 9.5249634981155396e-01
#ERR m: [917, 902], r: -8.2265920639038086e+00, e: 1.9878582656383514e-01
#ERR m: [917, 903], r: 3.8527629375457764e+00, e: 2.1892385482788086e+00
#ERR m: [917, 904], r: -3.0855900049209595e-01, e: -5.3357303142547607e-01
#ERR m: [917, 905], r: -2.1011660099029541e+00, e: -6.2033092975616455e-01
#ERR m: [917, 906], r: 1.6800700128078461e-01, e: 2.6034703850746155e-01
#ERR m: [917, 907], r: 1.0649199783802032e-01, e: 7.3181942105293274e-02
#ERR m: [917, 908], r: 9.2982101440429688e-01, e: 3.2172012329101562e+00
#ERR m: [917, 909], r: 3.0161800980567932e-01, e: -1.2102332115173340e+00
#ERR m: [917, 910], r: -1.1804999783635139e-02, e: 2.6631689071655273e-01
#ERR m: [917, 911], r: 1.9216320514678955e+00, e: 2.2401063144207001e-01
#ERR m: [917, 912], r: -4.4381961822509766e+00, e: -6.5635442733764648e+00
#ERR m: [917, 913], r: 7.0962399244308472e-01, e: 1.6440171003341675e+00
#ERR m: [917, 914], r: -1.9757900238037109e+00, e: -9.2616832256317139e-01
#ERR m: [917, 915], r: -2.8793289661407471e+00, e: -9.7516365051269531e+00
#ERR m: [917, 916], r: 9.5842498540878296e-01, e: 2.3379359245300293e+00
#ERR m: [918, 890], r: -4.4382700324058533e-01, e: 4.6881774067878723e-01
#ERR m: [918, 891], r: -1.4564319849014282e+00, e: -1.7026098966598511e+00
#ERR m: [918, 892], r: -9.7336399555206299e-01, e: -2.4240815639495850e+00
#ERR m: [918, 893], r: 1.3921299576759338e-01, e: -1.3582160949707031e+02
#ERR m: [918, 894], r: -3.0061399936676025e-01, e: -3.8576200604438782e-01
#ERR m: [918, 895], r: -2.0172299444675446e-01, e: 2.8776271820068359e+01
#ERR m: [918, 896], r: -7.8483000397682190e-02, e: -8.3602291345596313e-01
#ERR m: [918, 897], r: 2.4635000154376030e-02, e: -1.0964727401733398e-01
#ERR m: [918, 898], r: 6.8177902698516846e-01, e: 3.8555416464805603e-01
#ERR m: [918, 899], r: -4.4347162246704102e+00, e: 4.8596977233886719e+01
#ERR m: [918, 900], r: 2.9719299077987671e-01, e: -8.3906402587890625e+00
#ERR m: [918, 901], r: 3.9193000644445419e-02, e: 4.6952152252197266e+00
#ERR m: [918, 902], r: 1.4861903190612793e+01, e: 8.7149858474731445e-01
#ERR m: [918, 903], r: -7.2140498161315918e+00, e: 2.5542590618133545e+00
#ERR m: [918, 904], r: 5.7185000181198120e-01, e: -1.2673491239547729e+00
#ERR m: [918, 905], r: 1.2441415786743164e+01, e: -1.7495065927505493e+00
#ERR m: [918, 906], r: -1.0514279603958130e+00, e: -1.0384274721145630e+00
#ERR m: [918, 907], r: -1.2373889684677124e+00, e: -1.3277056217193604e+00
#ERR m: [918, 908], r: 1.3397200405597687e-01, e: 2.7417883872985840e+00
#ERR m: [918, 909], r: -7.6526802778244019e-01, e: -8.1590902805328369e-01
#ERR m: [918, 910], r: 6.7567996680736542e-02, e: 8.4246098995208740e-02
#ERR m: [918, 911], r: 4.0798300504684448e-01, e: 2.6586386561393738e-01
#ERR m: [918, 912], r: -5.9319691658020020e+00, e: -8.2957963943481445e+00
#ERR m: [918, 913], r: 8.4083998203277588e-01, e: 2.1648039817810059e+00
#ERR m: [918, 914], r: -2.3291220664978027e+00, e: -1.2247840166091919e+00
#ERR m: [918, 915], r: -4.2762799263000488e+00, e: -4.6517052650451660e+00
#ERR m: [918, 916], r: -9.0823101997375488e-01, e: -7.6412469148635864e-01
#ERR m: [918, 917], r: -8.4472998976707458e-02, e: 3.1590599566698074e-02
#ERR m: [919, 890], r: 2.1827599406242371e-01, e: -8.6790466308593750e-01
#ERR m: [919, 891], r: -1.0205940008163452e+00, e: -1.4287757873535156e+00
#ERR m: [919, 892], r: -5.4639601707458496e-01, e: -2.9680869579315186e+00
#ERR m: [919, 893], r: 9.5711302757263184e-01, e: -2.0475016784667969e+02
#ERR m: [919, 894], r: -1.6939200460910797e-01, e: -5.9893077611923218e-01
#ERR m: [919, 895], r: -4.0236887931823730e+00, e: 1.6803981018066406e+02
#ERR m: [919, 896], r: -6.8814498186111450e-01, e: -4.9253597259521484e+00
#ERR m: [919, 897], r: -1.8843699991703033e-01, e: -8.0050289630889893e-01
#ERR m: [919, 898], r: 1.5287899971008301e-01, e: -6.4245212078094482e-01
#ERR m: [919, 899], r: -5.6328167915344238e+00, e: 8.7910247802734375e+01
#ERR m: [919, 900], r: -2.5847899913787842e-01, e: -1.6494459152221680e+01
#ERR m: [919, 901], r: 1.6860829591751099e+00, e: 8.5960178375244141e+00
#ERR m: [919, 902], r: -1.9788354873657227e+01, e: 1.8205064535140991e+00
#ERR m: [919, 903], r: 9.4374608993530273e+00, e: 8.9795179367065430e+00
#ERR m: [919, 904], r: -1.2837729454040527e+00, e: -4.4012584686279297e+00
#ERR m: [919, 905], r: -3.0175609588623047e+00, e: -5.6683516502380371e+00
#ERR m: [919, 906], r: -2.6638200879096985e-01, e: -3.7646409869194031e-01
#ERR m: [919, 907], r: -1.1303789615631104e+00, e: -1.1593227386474609e+00
#ERR m: [919, 908], r: 3.0462101101875305e-01, e: 1.5348402261734009e+00
#ERR m: [919, 909], r: -1.4010280370712280e+00, e: 1.4418368041515350e-01
#ERR m: [919, 910], r: 1.2087939977645874e+00, e: 1.0530087947845459e+00
#ERR m: [919, 911], r: 2.2300699353218079e-01, e: 9.9458938837051392e-01
#ERR m: [919, 912], r: 1.3032150268554688e+00, e: 1.9886330366134644e+00
#ERR m: [919, 913], r: -9.4448000192642212e-02, e: 3.4942534565925598e-01
#ERR m: [919, 914], r: -8.4928500652313232e-01, e: -4.2336207628250122e-01
#ERR m: [919, 915], r: -9.2869800329208374e-01, e: -5.0334205627441406e+00
#ERR m: [919, 916], r: 1.1081149578094482e+00, e: 1.8939225673675537e+00
#ERR m: [919, 917], r: 8.8559901714324951e-01, e: 6.9146770238876343e-01
#ERR m: [919, 918], r: 1.4538810253143311e+00, e: 1.5743641853332520e+00
#ERR m: [920, 890], r: 1.9372999668121338e-01, e: -5.2726417779922485e-02
#ERR m: [920, 891], r: -1.3987510204315186e+00, e: -1.7885359525680542e+00
#ERR m: [920, 892], r: 3.2273799180984497e-01, e: -2.0026988983154297e+00
#ERR m: [920, 893], r: 3.2961909770965576e+00, e: -1.2452445983886719e+02
#ERR m: [920, 894], r: -5.6795501708984375e-01, e: -3.4739410877227783e-01
#ERR m: [920, 895], r: 5.8492201566696167e-01, e: -7.5016693115234375e+01
#ERR m: [920, 896], r: -1.6673900187015533e-01, e: 2.2458775043487549e+00
#ERR m: [920, 897], r: -3.7914800643920898e-01, e: 1.7665642499923706e-01
#ERR m: [920, 898], r: 1.3725399971008301e-01, e: 8.0762428045272827e-01
#ERR m: [920, 899], r: 5.9100332260131836e+00, e: -8.1984405517578125e+01
#ERR m: [920, 900], r: -1.1142700165510178e-01, e: 1.4731558799743652e+01
#ERR m: [920, 901], r: -1.8504179716110229e+00, e: -7.8243088722229004e+00
#ERR m: [920, 902], r: 2.5607791900634766e+01, e: -1.6809688806533813e+00
#ERR m: [920, 903], r: -1.2139450073242188e+01, e: -9.6618642807006836e+00
#ERR m: [920, 904], r: 1.4915230274200439e+00, e: 4.4569048881530762e+00
#ERR m: [920, 905], r: 1.1756005287170410e+01, e: 6.3880839347839355e+00
#ERR m: [920, 906], r: -1.9600999355316162e-01, e: 1.3322408497333527e-01
#ERR m: [920, 907], r: 1.0640510320663452e+00, e: 9.9221622943878174e-01
#ERR m: [920, 908], r: -2.3044939041137695e+00, e: -3.8625681400299072e+00
#ERR m: [920, 909], r: 5.5359697341918945e-01, e: 4.3808355927467346e-01
#ERR m: [920, 910], r: 2.1180000156164169e-02, e: 4.4889409095048904e-02
#ERR m: [920, 911], r: -9.1794800758361816e-01, e: -9.1320079565048218e-01
#ERR m: [920, 912], r: 2.9269080162048340e+00, e: 4.0787534713745117e+00
#ERR m: [920, 913], r: -5.6798601150512695e-01, e: -2.0912117958068848e+00
#ERR m: [920, 914], r: 2.7948501110076904e+00, e: 1.4305508136749268e+00
#ERR m: [920, 915], r: 4.9951610565185547e+00, e: 7.0423250198364258e+00
#ERR m: [920, 916], r: 6.0176998376846313e-02, e: -3.7559270858764648e-01
#ERR m: [920, 917], r: -4.7295498847961426e-01, e: -3.7645614147186279e-01
#ERR m: [920, 918], r: -4.6227300167083740e-01, e: -5.1211631298065186e-01
#ERR m: [920, 919], r: -4.8919299244880676e-01, e: -4.7616222500801086e-01
#ERR m: [921, 890], r: -3.6815199255943298e-01, e: 4.9974036216735840e-01
#ERR m: [921, 891], r: -7.7061998844146729e-01, e: -8.4829878807067871e-01
#ERR m: [921, 892], r: 9.7664201259613037e-01, e: 4.9928623437881470e-01
#ERR m: [921, 893], r: 1.7138270139694214e+00, e: 5.8918018341064453e+00
#ERR m: [921, 894], r: -4.0503099560737610e-01, e: 3.4026499837636948e-02
#ERR m: [921, 895], r: 8.8120400905609131e-01, e: -1.4717640686035156e+02
#ERR m: [921, 896], r: -1.6293700039386749e-01, e: 4.3697934150695801e+00
#ERR m: [921, 897], r: -5.1927602291107178e-01, e: 4.4267624616622925e-01
#ERR m: [921, 898], r: 5.4398298263549805e-01, e: 1.6466794013977051e+00
#ERR m: [921, 899], r: 6.2537178993225098e+00, e: -1.1132887268066406e+02
#ERR m: [921, 900], r: -8.2710802555084229e-01, e: 1.8239723205566406e+01
#ERR m: [921, 901], r: -1.2278790473937988e+00, e: -1.0178062438964844e+01
#ERR m: [921, 902], r: 9.0465803146362305e+00, e: -2.1491088867187500e+00
#ERR m: [921, 903], r: -3.8899729251861572e+00, e: -1.2230042457580566e+01
#ERR m: [921, 904], r: 7.2379797697067261e-01, e: 5.3832726478576660e+00
#ERR m: [921, 905], r: 1.0669522285461426e+01, e: 9.1626482009887695e+00
#ERR m: [921, 906], r: 5.9730000793933868e-02, e: 3.3661925792694092e-01
#ERR m: [921, 907], r: 1.7567830085754395e+00, e: 1.7552686929702759e+00
#ERR m: [921, 908], r: -1.7584229707717896e+00, e: -4.3675217628479004e+00
#ERR m: [921, 909], r: -6.8900299072265625e-01, e: 1.5561640262603760e+00
#ERR m: [921, 910], r: -1.2756400108337402e+00, e: -1.8275210857391357e+00
#ERR m: [921, 911], r: -3.2904319763183594e+00, e: 6.2425895594060421e-03
#ERR m: [921, 912], r: 9.5063298940658569e-01, e: 2.0628705024719238e+00
#ERR m: [921, 913], r: -2.3896999657154083e-01, e: 5.4905614815652370e-03
#ERR m: [921, 914], r: 3.6882498860359192e-01, e: -7.7544756233692169e-02
#ERR m: [921, 915], r: 1.3248519897460938e+00, e: 3.6951563358306885e+00
#ERR m: [921, 916], r: -8.9258497953414917e-01, e: -1.3283705711364746e+00
#ERR m: [921, 917], r: -7.2318500280380249e-01, e: -4.7295677661895752e-01
#ERR m: [921, 918], r: -5.8925598859786987e-01, e: -6.9501161575317383e-01
#ERR m: [921, 919], r: -1.9738499820232391e-01, e: -3.1488364934921265e-01
#ERR m: [921, 920], r: -9.3325996398925781e+00, e: -9.5109615325927734e+00
#ERR m: [922, 890], r: 3.6543700098991394e-01, e: 2.3239710330963135e+00
#ERR m: [922, 891], r: -1.1004730463027954e+00, e: -1.1131901741027832e+00
#ERR m: [922, 892], r: 3.5222598910331726e-01, e: 2.7113825082778931e-01
#ERR m: [922, 893], r: 4.0804699063301086e-01, e: 4.5465049743652344e+00
#SDC Ite:15 KerTime:0.258329 AccTime:4.132579 KerErr:13608 AccErr:13608
#ABORT too many errors per iteration
#END