#HEADER size:1024
#BEGIN Y:2016 M:12 D:13 Time:15:52:06
#IT Ite:0 KerTime:0.270360 AccTime:0.270360
#IT Ite:1 KerTime:0.258660 AccTime:0.529020
#IT Ite:2 KerTime:0.258561 AccTime:0.787581
#IT Ite:3 KerTime:0.258534 AccTime:1.046115
#IT Ite:4 KerTime:0.258511 AccTime:1.304626
#IT Ite:5 KerTime:0.258484 AccTime:1.563110
#IT Ite:6 KerTime:0.258579 AccTime:1.821689
#IT Ite:7 KerTime:0.258442 AccTime:2.080131
#IT Ite:8 KerTime:0.258452 AccTime:2.338583
#IT Ite:9 KerTime:0.258583 AccTime:2.597166
#IT Ite:10 KerTime:0.258536 AccTime:2.855702
#IT Ite:11 KerTime:0.258508 AccTime:3.114210
#IT Ite:12 KerTime:0.258541 AccTime:3.372751
#IT Ite:13 KerTime:0.258505 AccTime:3.631256
#IT Ite:14 KerTime:0.258526 AccTime:3.889782
#IT Ite:15 KerTime:0.258476 AccTime:4.148258
#IT Ite:16 KerTime:0.258491 AccTime:4.406749
#IT Ite:17 KerTime:0.258549 AccTime:4.665298
#IT Ite:18 KerTime:0.258531 AccTime:4.923829
#IT Ite:19 KerTime:0.258579 AccTime:5.182408
#IT Ite:20 KerTime:0.258510 AccTime:5.440918
#IT Ite:21 KerTime:0.258562 AccTime:5.699480
#IT Ite:22 KerTime:0.258502 AccTime:5.957982
#IT Ite:23 KerTime:0.258585 AccTime:6.216567
#IT Ite:24 KerTime:0.258484 AccTime:6.475051
#IT Ite:25 KerTime:0.258545 AccTime:6.733596
#IT Ite:26 KerTime:0.258573 AccTime:6.992169
#IT Ite:27 KerTime:0.258506 AccTime:7.250675
#IT Ite:28 KerTime:0.258613 AccTime:7.509288
#IT Ite:29 KerTime:0.258563 AccTime:7.767851
#IT Ite:30 KerTime:0.258474 AccTime:8.026325
#IT Ite:31 KerTime:0.258482 AccTime:8.284807
#IT Ite:32 KerTime:0.258511 AccTime:8.543318
#IT Ite:33 KerTime:0.258480 AccTime:8.801798
#IT Ite:34 KerTime:0.258535 AccTime:9.060333
#IT Ite:35 KerTime:0.258445 AccTime:9.318778
#IT Ite:36 KerTime:0.258402 AccTime:9.577180
#IT Ite:37 KerTime:0.258496 AccTime:9.835676
#IT Ite:38 KerTime:0.258404 AccTime:10.094080
#IT Ite:39 KerTime:0.258389 AccTime:10.352469
#IT Ite:40 KerTime:0.258378 AccTime:10.610847
#IT Ite:41 KerTime:0.258504 AccTime:10.869351
#IT Ite:42 KerTime:0.258431 AccTime:11.127782
#IT Ite:43 KerTime:0.258381 AccTime:11.386163
#IT Ite:44 KerTime:0.258392 AccTime:11.644555
#IT Ite:45 KerTime:0.258472 AccTime:11.903027
#IT Ite:46 KerTime:0.260282 AccTime:12.163309
#IT Ite:47 KerTime:0.258427 AccTime:12.421736
#IT Ite:48 KerTime:0.258446 AccTime:12.680182
#IT Ite:49 KerTime:0.258384 AccTime:12.938566
#IT Ite:50 KerTime:0.258466 AccTime:13.197032
#IT Ite:51 KerTime:0.258426 AccTime:13.455458
#IT Ite:52 KerTime:0.258407 AccTime:13.713865
#IT Ite:53 KerTime:0.258453 AccTime:13.972318
#IT Ite:54 KerTime:0.258439 AccTime:14.230757
#IT Ite:55 KerTime:0.258406 AccTime:14.489163
#IT Ite:56 KerTime:0.258419 AccTime:14.747582
#IT Ite:57 KerTime:0.258470 AccTime:15.006052
#IT Ite:58 KerTime:0.258502 AccTime:15.264554
#IT Ite:59 KerTime:0.258470 AccTime:15.523024
#IT Ite:60 KerTime:0.258437 AccTime:15.781461
#IT Ite:61 KerTime:0.258497 AccTime:16.039958
#IT Ite:62 KerTime:0.258464 AccTime:16.298422
#IT Ite:63 KerTime:0.258418 AccTime:16.556840
#IT Ite:64 KerTime:0.258445 AccTime:16.815285
#IT Ite:65 KerTime:0.258401 AccTime:17.073686
#IT Ite:66 KerTime:0.258445 AccTime:17.332131
#IT Ite:67 KerTime:0.258424 AccTime:17.590555
#IT Ite:68 KerTime:0.258408 AccTime:17.848963
#IT Ite:69 KerTime:0.258435 AccTime:18.107398
#IT Ite:70 KerTime:0.258464 AccTime:18.365862
#IT Ite:71 KerTime:0.258518 AccTime:18.624380
#IT Ite:72 KerTime:0.258480 AccTime:18.882860
#IT Ite:73 KerTime:0.258394 AccTime:19.141254
#IT Ite:74 KerTime:0.258429 AccTime:19.399683
#IT Ite:75 KerTime:0.258476 AccTime:19.658159
#IT Ite:76 KerTime:0.258437 AccTime:19.916596
#IT Ite:77 KerTime:0.258505 AccTime:20.175101
#IT Ite:78 KerTime:0.258469 AccTime:20.433570
#IT Ite:79 KerTime:0.258522 AccTime:20.692092
#IT Ite:80 KerTime:0.258486 AccTime:20.950578
#ERR m: [784, 646], r: 2.9905501008033752e-01, e: 2.9893404245376587e-01
#ERR m: [784, 647], r: -1.7030949592590332e+00, e: -1.7020577192306519e+00
#ERR m: [784, 648], r: 8.8816899061203003e-01, e: 8.8741552829742432e-01
#ERR m: [784, 649], r: -6.3434629440307617e+00, e: -6.3412737846374512e+00
#ERR m: [784, 650], r: -1.2468229532241821e+00, e: -1.2464821338653564e+00
#ERR m: [784, 651], r: 2.6540899276733398e-01, e: 2.6522642374038696e-01
#ERR m: [784, 652], r: -1.4061690568923950e+00, e: -1.4052346944808960e+00
#ERR m: [784, 653], r: 2.8744900226593018e-01, e: 2.8715357184410095e-01
#ERR m: [784, 654], r: 1.0728699713945389e-01, e: 1.0751020163297653e-01
#ERR m: [784, 655], r: 4.4209999032318592e-03, e: 4.6186889521777630e-03
#ERR m: [784, 656], r: -1.9990860223770142e+00, e: -1.9970904588699341e+00
#ERR m: [784, 657], r: -2.0994000136852264e-01, e: -2.0966558158397675e-01
#ERR m: [784, 658], r: 1.1205329895019531e+00, e: 1.1212196350097656e+00
#ERR m: [784, 660], r: -5.4335802793502808e-01, e: -5.4308974742889404e-01
#ERR m: [784, 661], r: -1.6415099799633026e-01, e: -1.6388832032680511e-01
#ERR m: [784, 662], r: -2.3772999644279480e-01, e: -2.3797163367271423e-01
#ERR m: [784, 663], r: -2.7057600021362305e-01, e: -2.7204614877700806e-01
#ERR m: [784, 664], r: 8.2472801208496094e-01, e: 8.2345652580261230e-01
#ERR m: [784, 665], r: -3.8911509513854980e+00, e: -3.8871412277221680e+00
#ERR m: [784, 666], r: -4.1372001171112061e-01, e: -4.1296175122261047e-01
#ERR m: [784, 667], r: -3.8109999150037766e-02, e: -3.7897795438766479e-02
#ERR m: [784, 668], r: -3.6367580890655518e+00, e: -3.6345033645629883e+00
#ERR m: [784, 669], r: 2.1571528911590576e+00, e: 2.1561419963836670e+00
#ERR m: [784, 670], r: 1.6603430509567261e+00, e: 1.6596171855926514e+00
#ERR m: [784, 672], r: -1.0080490112304688e+00, e: -1.0078792572021484e+00
#ERR m: [784, 674], r: -3.3079800009727478e-01, e: -3.3059558272361755e-01
#ERR m: [784, 675], r: -7.1228301525115967e-01, e: -7.1198254823684692e-01
#ERR m: [784, 677], r: 1.5810300409793854e-01, e: 1.5725415945053101e-01
#ERR m: [784, 678], r: 6.1760497093200684e-01, e: 6.1705112457275391e-01
#ERR m: [784, 679], r: 1.4654790163040161e+00, e: 1.4636346101760864e+00
#ERR m: [784, 680], r: 3.7978500127792358e-01, e: 3.7957492470741272e-01
#ERR m: [784, 681], r: -2.3634319305419922e+00, e: -2.3664007186889648e+00
#ERR m: [784, 682], r: 1.0584379434585571e+00, e: 1.0600950717926025e+00
#ERR m: [784, 683], r: 3.4986400604248047e-01, e: 3.5011324286460876e-01
#ERR m: [784, 684], r: -2.1128000691533089e-02, e: -2.0975692197680473e-02
#ERR m: [784, 685], r: -4.1726589202880859e+01, e: -4.1723937988281250e+01
#ERR m: [784, 688], r: 2.4572629928588867e+00, e: 2.4576656818389893e+00
#ERR m: [784, 690], r: -1.3553609848022461e+00, e: -1.3566404581069946e+00
#ERR m: [784, 691], r: -7.0677202939987183e-01, e: -7.0706886053085327e-01
#ERR m: [784, 692], r: 2.8750960826873779e+00, e: 2.8758213520050049e+00
#ERR m: [784, 694], r: -5.9279761314392090e+00, e: -5.9273738861083984e+00
#ERR m: [784, 696], r: 8.6560993194580078e+00, e: 8.6554279327392578e+00
#ERR m: [784, 697], r: 8.3819608688354492e+00, e: 8.3806571960449219e+00
#ERR m: [784, 698], r: 1.7873870134353638e+00, e: 1.7872576713562012e+00
#ERR m: [784, 699], r: 3.3764169216156006e+00, e: 3.3762273788452148e+00
#ERR m: [784, 700], r: 1.1812289953231812e+00, e: 1.1810321807861328e+00
#ERR m: [784, 702], r: -7.5701670646667480e+00, e: -7.5690498352050781e+00
#ERR m: [784, 703], r: 2.4359490871429443e+00, e: 2.4356560707092285e+00
#ERR m: [784, 704], r: -6.1988198757171631e-01, e: -6.1953729391098022e-01
#ERR m: [784, 705], r: 1.7579690217971802e+00, e: 1.7573448419570923e+00
#ERR m: [784, 706], r: 9.3962597846984863e-01, e: 9.3945729732513428e-01
#ERR m: [784, 707], r: 3.0618599057197571e-01, e: 3.0663359165191650e-01
#ERR m: [784, 708], r: -2.4425800144672394e-01, e: -2.4347402155399323e-01
#ERR m: [784, 710], r: -1.7484100162982941e-01, e: -1.7509718239307404e-01
#ERR m: [784, 712], r: -1.6728069782257080e+00, e: -1.6729651689529419e+00
#ERR m: [784, 713], r: -1.7700049877166748e+00, e: -1.7705019712448120e+00
#ERR m: [784, 714], r: 1.7236900329589844e-01, e: 1.7264471948146820e-01
#ERR m: [784, 719], r: -1.9829269647598267e+00, e: -1.9837642908096313e+00
#ERR m: [784, 720], r: -1.3298549652099609e+00, e: -1.3303695917129517e+00
#ERR m: [784, 721], r: -5.0800502300262451e-01, e: -5.0815474987030029e-01
#ERR m: [784, 722], r: 1.5050899982452393e-01, e: 1.5093217790126801e-01
#ERR m: [784, 723], r: 1.6181880235671997e+00, e: 1.6176550388336182e+00
#ERR m: [784, 725], r: 2.5006300210952759e-01, e: 2.4995589256286621e-01
#ERR m: [784, 726], r: 2.3165600001811981e-01, e: 2.3052684962749481e-01
#ERR m: [784, 727], r: -4.6758300065994263e-01, e: -4.6695718169212341e-01
#ERR m: [784, 728], r: 2.7970200777053833e-01, e: 2.8002372384071350e-01
#ERR m: [784, 729], r: -1.6352998733520508e+01, e: -1.6352809906005859e+01
#ERR m: [784, 731], r: 3.0435390472412109e+00, e: 3.0437595844268799e+00
#ERR m: [784, 732], r: 1.7838879823684692e+00, e: 1.7841591835021973e+00
#ERR m: [784, 733], r: 2.4681879043579102e+01, e: 2.4679862976074219e+01
#ERR m: [784, 734], r: -2.2033218383789062e+01, e: -2.2031431198120117e+01
#ERR m: [784, 735], r: 3.6689100265502930e+00, e: 3.6685936450958252e+00
#ERR m: [784, 738], r: 7.5018399953842163e-01, e: 7.5007277727127075e-01
#ERR m: [784, 740], r: 5.3390002250671387e-01, e: 5.3353184461593628e-01
#ERR m: [784, 743], r: 1.9464679956436157e+00, e: 1.9442591667175293e+00
#ERR m: [784, 744], r: -2.7625880241394043e+00, e: -2.7608864307403564e+00
#ERR m: [784, 745], r: 3.6041399836540222e-01, e: 3.6014145612716675e-01
#ERR m: [784, 746], r: 4.5152699947357178e-01, e: 4.5212861895561218e-01
#ERR m: [784, 747], r: 4.2197099328041077e-01, e: 4.2173746228218079e-01
#ERR m: [784, 748], r: -1.2293219566345215e+00, e: -1.2285733222961426e+00
#ERR m: [784, 749], r: -1.7878399789333344e-01, e: -1.7863267660140991e-01
#ERR m: [784, 751], r: -1.9819940328598022e+00, e: -1.9816784858703613e+00
#ERR m: [784, 756], r: 2.3515450954437256e+00, e: 2.3523032665252686e+00
#ERR m: [784, 757], r: -1.9972809553146362e+00, e: -1.9980856180191040e+00
#ERR m: [784, 758], r: -3.4217000007629395e-01, e: -3.4259119629859924e-01
#ERR m: [784, 759], r: -1.8318000435829163e-01, e: -1.8334406614303589e-01
#ERR m: [784, 760], r: 2.4718900024890900e-01, e: 2.4707148969173431e-01
#ERR m: [784, 761], r: 2.6370799541473389e-01, e: 2.6395928859710693e-01
#ERR m: [784, 762], r: 6.2005501985549927e-01, e: 6.1989510059356689e-01
#ERR m: [784, 765], r: -1.7735600471496582e+00, e: -1.7737090587615967e+00
#ERR m: [784, 769], r: 1.0090579986572266e+00, e: 1.0095175504684448e+00
#ERR m: [784, 772], r: -1.5078929662704468e+00, e: -1.5087809562683105e+00
#ERR m: [784, 773], r: -1.6923399269580841e-01, e: -1.6943389177322388e-01
#ERR m: [784, 774], r: 3.2456080913543701e+00, e: 3.2442185878753662e+00
#ERR m: [784, 775], r: -2.3194849491119385e+00, e: -2.3189985752105713e+00
#ERR m: [784, 776], r: -1.2899000197649002e-02, e: -1.3447405770421028e-02
#ERR m: [784, 777], r: -1.0710120201110840e+00, e: -1.0705440044403076e+00
#ERR m: [784, 778], r: -1.9547499716281891e-01, e: -1.9525068998336792e-01
#ERR m: [784, 780], r: -1.5937699377536774e-01, e: -1.5831360220909119e-01
#ERR m: [784, 781], r: 5.4561000317335129e-02, e: 5.5093705654144287e-02
#ERR m: [784, 782], r: -8.2289995625615120e-03, e: -8.5086151957511902e-03
#ERR m: [785, 784], r: -2.5233399868011475e+00, e: -2.5261702537536621e+00
#ERR m: [786, 784], r: 6.9294028282165527e+00, e: 6.9371771812438965e+00
#ERR m: [786, 785], r: -2.8987700939178467e+00, e: -2.8985836505889893e+00
#ERR m: [787, 784], r: -7.4847400188446045e-01, e: -7.4931359291076660e-01
#ERR m: [787, 785], r: 8.2630598545074463e-01, e: 8.2565873861312866e-01
#ERR m: [787, 786], r: -7.3817902803421021e-01, e: -7.3631739616394043e-01
#ERR m: [788, 784], r: -1.7369300127029419e+00, e: -1.7388781309127808e+00
#ERR m: [788, 785], r: 5.5240100622177124e-01, e: 5.5256730318069458e-01
#ERR m: [788, 786], r: 6.9169259071350098e+00, e: 6.9209961891174316e+00
#ERR m: [788, 787], r: -9.8125009536743164e+00, e: -9.8389825820922852e+00
#ERR m: [789, 784], r: 2.9327459335327148e+00, e: 2.9360365867614746e+00
#ERR m: [789, 785], r: -1.8653789758682251e+00, e: -1.8645199537277222e+00
#ERR m: [789, 786], r: 1.1592587471008301e+01, e: 1.1597290039062500e+01
#ERR m: [789, 787], r: -1.5264719963073730e+01, e: -1.5303985595703125e+01
#ERR m: [789, 788], r: 1.4255559444427490e+00, e: 1.4257234334945679e+00
#ERR m: [790, 784], r: 2.0325410366058350e+00, e: 2.0348212718963623e+00
#ERR m: [790, 785], r: -5.8746600151062012e-01, e: -5.8773273229598999e-01
#ERR m: [790, 786], r: 5.2980101108551025e-01, e: 5.3113192319869995e-01
#ERR m: [790, 787], r: -5.1477700471878052e-01, e: -5.1749050617218018e-01
#ERR m: [790, 788], r: 5.1274198293685913e-01, e: 5.1152855157852173e-01
#ERR m: [790, 789], r: -2.7615060806274414e+00, e: -2.7603523731231689e+00
#ERR m: [791, 784], r: 5.9038000106811523e+00, e: 5.9104232788085938e+00
#ERR m: [791, 785], r: -2.7023251056671143e+00, e: -2.7018818855285645e+00
#ERR m: [791, 786], r: 4.2919998168945312e+00, e: 4.2932887077331543e+00
#ERR m: [791, 787], r: -4.9575948715209961e+00, e: -4.9700651168823242e+00
#ERR m: [791, 788], r: 1.4463709592819214e+00, e: 1.4434854984283447e+00
#ERR m: [791, 789], r: -8.1575975418090820e+00, e: -8.1552696228027344e+00
#ERR m: [791, 790], r: 5.8882808685302734e+00, e: 5.8889312744140625e+00
#ERR m: [792, 784], r: -7.2683482170104980e+00, e: -7.2765021324157715e+00
#ERR m: [792, 785], r: 3.3917939662933350e+00, e: 3.3911688327789307e+00
#ERR m: [792, 786], r: -9.5039291381835938e+00, e: -9.5080718994140625e+00
#ERR m: [792, 787], r: 1.1705606460571289e+01, e: 1.1736350059509277e+01
#ERR m: [792, 788], r: -1.7576780319213867e+00, e: -1.7559118270874023e+00
#ERR m: [792, 789], r: 2.6712150573730469e+00, e: 2.6691904067993164e+00
#ERR m: [792, 791], r: -9.6193897724151611e-01, e: -9.6835398674011230e-01
#ERR m: [793, 784], r: 3.8195860385894775e+00, e: 3.8238711357116699e+00
#ERR m: [793, 785], r: -1.7240680456161499e+00, e: -1.7238110303878784e+00
#ERR m: [793, 786], r: 7.2179770469665527e+00, e: 7.2219200134277344e+00
#ERR m: [793, 787], r: -9.1609201431274414e+00, e: -9.1858129501342773e+00
#ERR m: [793, 788], r: 2.3072741031646729e+00, e: 2.3032290935516357e+00
#ERR m: [793, 789], r: -4.6167278289794922e+00, e: -4.6117005348205566e+00
#ERR m: [793, 790], r: 1.0006740093231201e+00, e: 1.0000760555267334e+00
#ERR m: [793, 791], r: -1.3139150142669678e+00, e: -1.3173805475234985e+00
#ERR m: [793, 792], r: 1.2183289527893066e+00, e: 1.2122377157211304e+00
#ERR m: [794, 784], r: 4.1305751800537109e+00, e: 4.1352086067199707e+00
#ERR m: [794, 785], r: -1.3120000362396240e+00, e: -1.3123975992202759e+00
#ERR m: [794, 786], r: -2.9900300502777100e+00, e: -2.9906010627746582e+00
#ERR m: [794, 787], r: 5.0530037879943848e+00, e: 5.0648331642150879e+00
#ERR m: [794, 788], r: -5.6902098655700684e-01, e: -5.6865882873535156e-01
#ERR m: [794, 789], r: -1.9154449701309204e+00, e: -1.9164948463439941e+00
#ERR m: [794, 790], r: 2.0972630977630615e+00, e: 2.0977818965911865e+00
#ERR m: [794, 791], r: 9.8365801572799683e-01, e: 9.8525601625442505e-01
#ERR m: [794, 792], r: -5.6393498182296753e-01, e: -5.6110769510269165e-01
#ERR m: [794, 793], r: -1.8805480003356934e+00, e: -1.8790019750595093e+00
#ERR m: [795, 784], r: -4.8426952362060547e+00, e: -4.8481273651123047e+00
#ERR m: [795, 785], r: 2.0897769927978516e+00, e: 2.0895678997039795e+00
#ERR m: [795, 786], r: 1.9038100540637970e-01, e: 1.9126924872398376e-01
#ERR m: [795, 787], r: -1.1544270515441895e+00, e: -1.1580282449722290e+00
#ERR m: [795, 788], r: 8.9109996333718300e-03, e: 9.2873126268386841e-03
#ERR m: [795, 789], r: 1.4239579439163208e+00, e: 1.4237461090087891e+00
#ERR m: [795, 790], r: -1.1868610382080078e+00, e: -1.1870315074920654e+00
#ERR m: [795, 791], r: 3.4922200441360474e-01, e: 3.5393235087394714e-01
#ERR m: [795, 792], r: -8.1338399648666382e-01, e: -8.1267333030700684e-01
#ERR m: [795, 793], r: 1.0318939685821533e+00, e: 1.0306395292282104e+00
#ERR m: [796, 784], r: 1.1214115142822266e+01, e: 1.1226695060729980e+01
#ERR m: [796, 785], r: -5.5349988937377930e+00, e: -5.5336656570434570e+00
#ERR m: [796, 786], r: 1.2428213119506836e+01, e: 1.2431758880615234e+01
#ERR m: [796, 787], r: -1.4896970748901367e+01, e: -1.4934052467346191e+01
#ERR m: [796, 788], r: 3.8567340373992920e+00, e: 3.8494656085968018e+00
#ERR m: [796, 789], r: -9.8753719329833984e+00, e: -9.8667421340942383e+00
#ERR m: [796, 790], r: 9.9172002077102661e-01, e: 9.9058216810226440e-01
#ERR m: [796, 791], r: -4.8474359512329102e+00, e: -4.8719954490661621e+00
#ERR m: [796, 792], r: 5.4935388565063477e+00, e: 5.4785861968994141e+00
#ERR m: [796, 793], r: 1.4335739612579346e+00, e: 1.4346797466278076e+00
#ERR m: [796, 795], r: -2.0806579589843750e+00, e: -2.0825989246368408e+00
#ERR m: [797, 784], r: -4.6510047912597656e+00, e: -4.6562228202819824e+00
#ERR m: [797, 785], r: 1.6271560192108154e+00, e: 1.6274204254150391e+00
#ERR m: [797, 786], r: -4.4654831886291504e+00, e: -4.4694628715515137e+00
#ERR m: [797, 787], r: 5.1392707824707031e+00, e: 5.1553316116333008e+00
#ERR m: [797, 788], r: -8.6782801151275635e-01, e: -8.6705565452575684e-01
#ERR m: [797, 789], r: 2.6846020221710205e+00, e: 2.6841106414794922e+00
#ERR m: [797, 790], r: -2.4994060993194580e+00, e: -2.4997506141662598e+00
#ERR m: [797, 791], r: -2.6064829826354980e+00, e: -2.6225013732910156e+00
#ERR m: [797, 792], r: 3.1152379512786865e+00, e: 3.1096920967102051e+00
#ERR m: [797, 793], r: 1.1697059869766235e+00, e: 1.1694163084030151e+00
#ERR m: [797, 795], r: -7.8795099258422852e-01, e: -7.8712755441665649e-01
#ERR m: [797, 796], r: 2.9511830806732178e+00, e: 2.8541169166564941e+00
#ERR m: [798, 784], r: -1.2281780242919922e+00, e: -1.2295562028884888e+00
#ERR m: [798, 785], r: 1.0006409883499146e+00, e: 1.0000123977661133e+00
#ERR m: [798, 786], r: -3.2002770900726318e+00, e: -3.2001502513885498e+00
#ERR m: [798, 787], r: 4.3242440223693848e+00, e: 4.3336377143859863e+00
#ERR m: [798, 788], r: -3.9100000262260437e-01, e: -3.9089286327362061e-01
#ERR m: [798, 789], r: -1.0585799813270569e-01, e: -1.0604995489120483e-01
#ERR m: [798, 790], r: -1.8122780323028564e+00, e: -1.8125437498092651e+00
#ERR m: [798, 791], r: -2.1700069904327393e+00, e: -2.1834998130798340e+00
#ERR m: [798, 792], r: 2.4300529956817627e+00, e: 2.4271223545074463e+00
#ERR m: [798, 793], r: -2.2157199680805206e-01, e: -2.2080911695957184e-01
#ERR m: [798, 795], r: 6.6913801431655884e-01, e: 6.6672492027282715e-01
#ERR m: [798, 796], r: -2.2931026458740234e+01, e: -2.2234437942504883e+01
#ERR m: [798, 797], r: -7.5156559944152832e+00, e: -7.5266304016113281e+00
#ERR m: [799, 784], r: -1.0812419652938843e+00, e: -1.0824551582336426e+00
#ERR m: [799, 786], r: -1.1970889568328857e+00, e: -1.1976702213287354e+00
#ERR m: [799, 787], r: 1.4722330570220947e+00, e: 1.4761707782745361e+00
#ERR m: [799, 788], r: -4.2535200715065002e-01, e: -4.2453330755233765e-01
#ERR m: [799, 789], r: 2.2949799895286560e-01, e: 2.2829884290695190e-01
#ERR m: [799, 790], r: 1.0686260461807251e+00, e: 1.0689862966537476e+00
#ERR m: [799, 791], r: 1.8020200729370117e-01, e: 1.7737978696823120e-01
#ERR m: [799, 792], r: 3.1360200047492981e-01, e: 3.1473472714424133e-01
#ERR m: [799, 793], r: -9.2728400230407715e-01, e: -9.2647087574005127e-01
#ERR m: [799, 795], r: 1.4903260469436646e+00, e: 1.4878797531127930e+00
#ERR m: [799, 796], r: -2.1993156433105469e+01, e: -2.1323205947875977e+01
#ERR m: [799, 797], r: -7.0802650451660156e+00, e: -7.0860261917114258e+00
#ERR m: [799, 798], r: 9.8010098934173584e-01, e: 9.7940957546234131e-01
#ERR m: [800, 784], r: 8.5248651504516602e+00, e: 8.5344285964965820e+00
#ERR m: [800, 785], r: -3.6760449409484863e+00, e: -3.6756813526153564e+00
#ERR m: [800, 786], r: 5.5202431678771973e+00, e: 5.5226502418518066e+00
#ERR m: [800, 787], r: -5.9482178688049316e+00, e: -5.9641990661621094e+00
#ERR m: [800, 788], r: 8.2841598987579346e-01, e: 8.2775014638900757e-01
#ERR m: [800, 789], r: -3.3820710182189941e+00, e: -3.3819217681884766e+00
#ERR m: [800, 790], r: 4.2723870277404785e+00, e: 4.2730813026428223e+00
#ERR m: [800, 791], r: 2.8372991085052490e+00, e: 2.8509600162506104e+00
#ERR m: [800, 792], r: -2.7611720561981201e+00, e: -2.7555053234100342e+00
#ERR m: [800, 793], r: -1.2067979574203491e+00, e: -1.2064882516860962e+00
#ERR m: [800, 794], r: -2.1198999881744385e-01, e: -2.1216197311878204e-01
#ERR m: [800, 795], r: 3.1726291179656982e+00, e: 3.1679127216339111e+00
#ERR m: [800, 796], r: -2.7442146301269531e+01, e: -2.6581727981567383e+01
#ERR m: [800, 797], r: -8.6830444335937500e+00, e: -8.6771612167358398e+00
#ERR m: [800, 798], r: 1.0943870544433594e+00, e: 1.0919110774993896e+00
#ERR m: [800, 799], r: -5.6301999837160110e-02, e: -5.5208075791597366e-02
#ERR m: [801, 784], r: -3.2639060020446777e+00, e: -3.2675671577453613e+00
#ERR m: [801, 785], r: 1.6928399801254272e+00, e: 1.6923522949218750e+00
#ERR m: [801, 786], r: -7.6149039268493652e+00, e: -7.6182713508605957e+00
#ERR m: [801, 787], r: 9.8594655990600586e+00, e: 9.8852167129516602e+00
#ERR m: [801, 788], r: -2.2595551013946533e+00, e: -2.2557480335235596e+00
#ERR m: [801, 789], r: 2.7222230434417725e+00, e: 2.7170741558074951e+00
#ERR m: [801, 790], r: 2.0582380294799805e+00, e: 2.0593621730804443e+00
#ERR m: [801, 791], r: 4.8371300697326660e+00, e: 4.8615159988403320e+00
#ERR m: [801, 792], r: -5.1771330833435059e+00, e: -5.1647810935974121e+00
#ERR m: [801, 793], r: -7.7083402872085571e-01, e: -7.7220392227172852e-01
#ERR m: [801, 795], r: 1.7424540519714355e+00, e: 1.7433320283889771e+00
#ERR m: [801, 796], r: 5.8353009223937988e+00, e: 5.6541299819946289e+00
#ERR m: [801, 797], r: 2.0356540679931641e+00, e: 2.0411305427551270e+00
#ERR m: [801, 798], r: -3.0295699834823608e-01, e: -3.0325445532798767e-01
#ERR m: [802, 784], r: 3.5942399501800537e-01, e: 3.5982728004455566e-01
#ERR m: [802, 785], r: 5.0124299526214600e-01, e: 5.0045627355575562e-01
#ERR m: [802, 786], r: -5.8428988456726074e+00, e: -5.8439817428588867e+00
#ERR m: [802, 787], r: 8.1966609954833984e+00, e: 8.2160339355468750e+00
#ERR m: [802, 788], r: -1.6028269529342651e+00, e: -1.6002488136291504e+00
#ERR m: [802, 789], r: 6.7870301008224487e-01, e: 6.7491477727890015e-01
#ERR m: [802, 790], r: 1.9902750253677368e+00, e: 1.9911797046661377e+00
#ERR m: [802, 791], r: 3.2625510692596436e+00, e: 3.2772419452667236e+00
#ERR m: [802, 792], r: -3.3330988883972168e+00, e: -3.3237371444702148e+00
#ERR m: [802, 793], r: -1.8154180049896240e+00, e: -1.8151090145111084e+00
#ERR m: [802, 795], r: 2.6147348880767822e+00, e: 2.6136736869812012e+00
#ERR m: [802, 796], r: -1.4264781951904297e+01, e: -1.3838115692138672e+01
#ERR m: [802, 797], r: -4.5109667778015137e+00, e: -4.5146951675415039e+00
#ERR m: [802, 798], r: 6.0919201374053955e-01, e: 6.0878264904022217e-01
#ERR m: [802, 799], r: 1.4642699956893921e+00, e: 1.4640202522277832e+00
#ERR m: [803, 784], r: 2.9862299561500549e-01, e: 2.9895845055580139e-01
#ERR m: [803, 785], r: -5.4314398765563965e-01, e: -5.4262459278106689e-01
#ERR m: [803, 786], r: 1.7824159860610962e+00, e: 1.7817282676696777e+00
#ERR m: [803, 787], r: -2.9474189281463623e+00, e: -2.9531083106994629e+00
#ERR m: [803, 788], r: 1.6165199875831604e-01, e: 1.6181024909019470e-01
#ERR m: [803, 789], r: 2.6427791118621826e+00, e: 2.6432173252105713e+00
#ERR m: [803, 790], r: -1.8401390314102173e+00, e: -1.8405237197875977e+00
#ERR m: [803, 791], r: -1.5134090185165405e+00, e: -1.5206776857376099e+00
#ERR m: [803, 792], r: 1.5078819990158081e+00, e: 1.5045135021209717e+00
#ERR m: [803, 793], r: 4.2293399572372437e-01, e: 4.2308056354522705e-01
#ERR m: [803, 795], r: -6.8239003419876099e-02, e: -6.9541886448860168e-02
#ERR m: [803, 796], r: -5.9368200302124023e+00, e: -5.7465000152587891e+00
#ERR m: [803, 797], r: -1.9292529821395874e+00, e: -1.9282310009002686e+00
#ERR m: [803, 798], r: 2.9136198759078979e-01, e: 2.9077914357185364e-01
#ERR m: [804, 784], r: 3.1676440238952637e+00, e: 3.1711978912353516e+00
#ERR m: [804, 785], r: -1.5434639453887939e+00, e: -1.5431122779846191e+00
#ERR m: [804, 786], r: 5.4779071807861328e+00, e: 5.4803252220153809e+00
#ERR m: [804, 787], r: -7.3812022209167480e+00, e: -7.4003586769104004e+00
#ERR m: [804, 788], r: 8.7845999002456665e-01, e: 8.7799972295761108e-01
#ERR m: [804, 789], r: -3.1484971046447754e+00, e: -3.1486027240753174e+00
#ERR m: [804, 790], r: 4.0773577690124512e+00, e: 4.0780634880065918e+00
#ERR m: [804, 791], r: 1.9518810510635376e+00, e: 1.9586406946182251e+00
#ERR m: [804, 792], r: -1.4611380100250244e+00, e: -1.4574806690216064e+00
#ERR m: [804, 793], r: 5.4723900556564331e-01, e: 5.4598802328109741e-01
#ERR m: [804, 794], r: -1.1770349740982056e+00, e: -1.1771910190582275e+00
#ERR m: [804, 795], r: 5.3877139091491699e+00, e: 5.3837389945983887e+00
#ERR m: [804, 796], r: -4.5227729797363281e+01, e: -4.3865531921386719e+01
#ERR m: [804, 797], r: -1.4503702163696289e+01, e: -1.4518899917602539e+01
#ERR m: [804, 798], r: 2.0338599681854248e+00, e: 2.0328745841979980e+00
#ERR m: [804, 799], r: 2.1068298816680908e+00, e: 2.1066303253173828e+00
#ERR m: [804, 803], r: -4.7612571716308594e+00, e: -4.7602233886718750e+00
#ERR m: [805, 784], r: 1.4621299505233765e-01, e: 1.4637747406959534e-01
#ERR m: [805, 785], r: 7.6006501913070679e-01, e: 7.5906509160995483e-01
#ERR m: [805, 786], r: -4.9490442276000977e+00, e: -4.9487452507019043e+00
#ERR m: [805, 787], r: 6.8303332328796387e+00, e: 6.8450536727905273e+00
#ERR m: [805, 788], r: -2.1490690708160400e+00, e: -2.1443576812744141e+00
#ERR m: [805, 789], r: 3.3425130844116211e+00, e: 3.3361306190490723e+00
#ERR m: [805, 790], r: 3.9692170619964600e+00, e: 3.9708511829376221e+00
#ERR m: [805, 791], r: 7.2523121833801270e+00, e: 7.2894310951232910e+00
#ERR m: [805, 792], r: -7.7920851707458496e+00, e: -7.7740745544433594e+00
#ERR m: [805, 793], r: -2.4911150932312012e+00, e: -2.4916133880615234e+00
#ERR m: [805, 795], r: 2.8090670108795166e+00, e: 2.8109254837036133e+00
#ERR m: [805, 796], r: 1.2758259773254395e+00, e: 1.2114704847335815e+00
#ERR m: [805, 798], r: -9.1238997876644135e-02, e: -9.1096140444278717e-02
#ERR m: [805, 799], r: 2.1004259586334229e+00, e: 2.0997502803802490e+00
#ERR m: [805, 801], r: 1.3191390037536621e+00, e: 1.3190323114395142e+00
#ERR m: [805, 802], r: 1.5000239610671997e+00, e: 1.5001410245895386e+00
#ERR m: [805, 803], r: -1.4374999701976776e-01, e: -1.4418044686317444e-01
#ERR m: [806, 784], r: 3.0210530757904053e+00, e: 3.0244424343109131e+00
#ERR m: [806, 785], r: -1.7257430553436279e+00, e: -1.7250970602035522e+00
#ERR m: [806, 786], r: 7.0170040130615234e+00, e: 7.0193934440612793e+00
#ERR m: [806, 787], r: -9.3726119995117188e+00, e: -9.3961305618286133e+00
#ERR m: [806, 788], r: 2.1032319068908691e+00, e: 2.0996375083923340e+00
#ERR m: [806, 789], r: -2.6823968887329102e+00, e: -2.6775619983673096e+00
#ERR m: [806, 790], r: -6.4632099866867065e-01, e: -6.4716756343841553e-01
#ERR m: [806, 791], r: -1.9475519657135010e+00, e: -1.9529552459716797e+00
#ERR m: [806, 792], r: 1.7382149696350098e+00, e: 1.7301704883575439e+00
#ERR m: [806, 794], r: 6.0676801204681396e-01, e: 6.0702991485595703e-01
#ERR m: [806, 795], r: -6.4003190994262695e+00, e: -6.3933324813842773e+00
#ERR m: [806, 796], r: 6.7763046264648438e+01, e: 6.5706947326660156e+01
#ERR m: [806, 797], r: 2.1682956695556641e+01, e: 2.1699131011962891e+01
#ERR m: [806, 798], r: -2.8937830924987793e+00, e: -2.8916275501251221e+00
#ERR m: [806, 799], r: -3.8787201046943665e-01, e: -3.8870292901992798e-01
#ERR m: [806, 803], r: 2.1977341175079346e+00, e: 2.1971042156219482e+00
#ERR m: [807, 784], r: -8.6786403656005859e+00, e: -8.6883764266967773e+00
#ERR m: [807, 785], r: 3.8018898963928223e+00, e: 3.8014466762542725e+00
#ERR m: [807, 786], r: -1.1215003967285156e+01, e: -1.1220972061157227e+01
#ERR m: [807, 787], r: 1.3452080726623535e+01, e: 1.3488843917846680e+01
#ERR m: [807, 788], r: -3.8945310115814209e+00, e: -3.8871152400970459e+00
#ERR m: [807, 789], r: 1.2218395233154297e+01, e: 1.2210146903991699e+01
#ERR m: [807, 790], r: -3.0028450489044189e+00, e: -3.0021283626556396e+00
#ERR m: [807, 791], r: 3.0794990062713623e+00, e: 3.0950345993041992e+00
#ERR m: [807, 792], r: -3.5567820072174072e+00, e: -3.5465946197509766e+00
#ERR m: [807, 793], r: -2.0688529014587402e+00, e: -2.0684070587158203e+00
#ERR m: [807, 794], r: 9.4392001628875732e-01, e: 9.4420230388641357e-01
#ERR m: [807, 795], r: -3.9737789630889893e+00, e: -3.9660973548889160e+00
#ERR m: [807, 796], r: 5.7832836151123047e+01, e: 5.6052486419677734e+01
#ERR m: [807, 797], r: 1.8857849121093750e+01, e: 1.8874538421630859e+01
#ERR m: [807, 798], r: -2.4619441032409668e+00, e: -2.4605145454406738e+00
#ERR m: [807, 799], r: 4.6682599186897278e-01, e: 4.6605712175369263e-01
#ERR m: [807, 802], r: -1.2766599655151367e-01, e: -1.2778280675411224e-01
#ERR m: [807, 803], r: 3.7388739585876465e+00, e: 3.7383284568786621e+00
#ERR m: [808, 784], r: -2.2539010047912598e+00, e: -2.2564296722412109e+00
#ERR m: [808, 785], r: 1.5495879650115967e+00, e: 1.5487860441207886e+00
#ERR m: [808, 786], r: -9.1012029647827148e+00, e: -9.1044301986694336e+00
#ERR m: [808, 787], r: 1.2195169448852539e+01, e: 1.2225910186767578e+01
#ERR m: [808, 788], r: -2.2269980907440186e+00, e: -2.2238450050354004e+00
#ERR m: [808, 789], r: 4.2173709869384766e+00, e: 4.2136144638061523e+00
#ERR m: [808, 790], r: 4.2704901099205017e-01, e: 4.2768123745918274e-01
#ERR m: [808, 791], r: 3.4913430213928223e+00, e: 3.5109891891479492e+00
#ERR m: [808, 792], r: -3.8663949966430664e+00, e: -3.8591744899749756e+00
#ERR m: [808, 793], r: -1.3018620014190674e+00, e: -1.3017374277114868e+00
#ERR m: [808, 794], r: 1.2890280485153198e+00, e: 1.2895424365997314e+00
#ERR m: [808, 795], r: -7.6213021278381348e+00, e: -7.6072845458984375e+00
#ERR m: [808, 796], r: 1.0362875366210938e+02, e: 1.0043502044677734e+02
#ERR m: [808, 797], r: 3.3518795013427734e+01, e: 3.3538692474365234e+01
#ERR m: [808, 798], r: -4.4523119926452637e+00, e: -4.4483056068420410e+00
#ERR m: [808, 799], r: -1.0522929430007935e+00, e: -1.0537114143371582e+00
#ERR m: [808, 803], r: -3.4900501370429993e-01, e: -3.4878361225128174e-01
#ERR m: [808, 806], r: 2.7942941188812256e+00, e: 2.7941625118255615e+00
#ERR m: [808, 807], r: 2.3641259670257568e+00, e: 2.3622965812683105e+00
#ERR m: [809, 784], r: -4.7875270843505859e+00, e: -4.7928977012634277e+00
#ERR m: [809, 785], r: 1.6515680551528931e+00, e: 1.6518684625625610e+00
#ERR m: [809, 786], r: 9.1388002038002014e-02, e: 9.0354993939399719e-02
#ERR m: [809, 787], r: -1.2507469654083252e+00, e: -1.2522827386856079e+00
#ERR m: [809, 788], r: 1.0273700207471848e-01, e: 1.0260483622550964e-01
#ERR m: [809, 789], r: 2.2634789943695068e+00, e: 2.2642679214477539e+00
#ERR m: [809, 790], r: -3.1795470714569092e+00, e: -3.1802034378051758e+00
#ERR m: [809, 791], r: -2.4824728965759277e+00, e: -2.4939539432525635e+00
#ERR m: [809, 792], r: 2.4319589138031006e+00, e: 2.4261941909790039e+00
#ERR m: [809, 794], r: 4.0719100832939148e-01, e: 4.0733522176742554e-01
#ERR m: [809, 795], r: -4.5854949951171875e+00, e: -4.5816974639892578e+00
#ERR m: [809, 796], r: 3.4455646514892578e+01, e: 3.3406635284423828e+01
#ERR m: [809, 797], r: 1.0898941040039062e+01, e: 1.0901893615722656e+01
#ERR m: [809, 798], r: -1.4929009675979614e+00, e: -1.4910422563552856e+00
#ERR m: [809, 799], r: -1.2928639650344849e+00, e: -1.2932898998260498e+00
#ERR m: [809, 801], r: -1.4458429813385010e+00, e: -1.4457159042358398e+00
#ERR m: [809, 802], r: -7.5175899267196655e-01, e: -7.5193887948989868e-01
#ERR m: [809, 803], r: 3.0909280776977539e+00, e: 3.0908055305480957e+00
#ERR m: [809, 808], r: -1.3773700594902039e-01, e: -1.3753417134284973e-01
#ERR m: [810, 784], r: 6.4235597848892212e-01, e: 6.4307683706283569e-01
#ERR m: [810, 785], r: -8.5257999598979950e-02, e: -8.5464939475059509e-02
#ERR m: [810, 786], r: 2.1332020759582520e+00, e: 2.1353988647460938e+00
#ERR m: [810, 787], r: -2.5741140842437744e+00, e: -2.5823988914489746e+00
#ERR m: [810, 788], r: 1.2405179738998413e+00, e: 1.2377740144729614e+00
#ERR m: [810, 789], r: -4.1182670593261719e+00, e: -4.1151118278503418e+00
#ERR m: [810, 790], r: 9.5629501342773438e-01, e: 9.5598512887954712e-01
#ERR m: [810, 791], r: -1.0854649543762207e+00, e: -1.0903059244155884e+00
#ERR m: [810, 792], r: 1.1875180006027222e+00, e: 1.1836321353912354e+00
#ERR m: [810, 793], r: 4.3893501162528992e-01, e: 4.3914988636970520e-01
#ERR m: [810, 795], r: 1.5100359916687012e+00, e: 1.5077472925186157e+00
#ERR m: [810, 796], r: -1.1983313560485840e+01, e: -1.1604090690612793e+01
#ERR m: [810, 797], r: -3.8494100570678711e+00, e: -3.8475430011749268e+00
#ERR m: [810, 798], r: 5.7537800073623657e-01, e: 5.7424557209014893e-01
#ERR m: [810, 801], r: 8.8763898611068726e-01, e: 8.8752663135528564e-01
#ERR m: [810, 802], r: 1.4344229698181152e+00, e: 1.4345796108245850e+00
#ERR m: [810, 807], r: -2.0912480354309082e+00, e: -2.0898373126983643e+00
#ERR m: [810, 808], r: 4.8640599846839905e-01, e: 4.8363992571830750e-01
#ERR m: [810, 809], r: -1.1501000976562500e+02, e: -1.1881944274902344e+02
#ERR m: [811, 784], r: -1.7829500138759613e-01, e: -1.7849528789520264e-01
#ERR m: [811, 785], r: -4.5324900746345520e-01, e: -4.5260906219482422e-01
#ERR m: [811, 786], r: 2.1821749210357666e+00, e: 2.1813147068023682e+00
#ERR m: [811, 787], r: -3.1580629348754883e+00, e: -3.1640133857727051e+00
#ERR m: [811, 788], r: 8.6754001677036285e-02, e: 8.7161980569362640e-02
#ERR m: [811, 789], r: 1.7894600331783295e-01, e: 1.7836539447307587e-01
#ERR m: [811, 790], r: 9.7165298461914062e-01, e: 9.7190356254577637e-01
#ERR m: [811, 791], r: 5.8171998709440231e-02, e: 5.5672205984592438e-02
#ERR m: [811, 792], r: 3.2198598980903625e-01, e: 3.2259204983711243e-01
#ERR m: [811, 794], r: -6.2058800458908081e-01, e: -6.2085974216461182e-01
#ERR m: [811, 795], r: 3.6879870891571045e+00, e: 3.6805317401885986e+00
#ERR m: [811, 796], r: -5.3082523345947266e+01, e: -5.1442569732666016e+01
#ERR m: [811, 797], r: -1.7058437347412109e+01, e: -1.7063695907592773e+01
#ERR m: [811, 798], r: 2.2112538814544678e+00, e: 2.2086250782012939e+00
#ERR m: [811, 799], r: -3.3661198616027832e-01, e: -3.3536589145660400e-01
#ERR m: [811, 803], r: 7.7595299482345581e-01, e: 7.7560305595397949e-01
#ERR m: [811, 807], r: -1.6156179904937744e+00, e: -1.6148222684860229e+00
#ERR m: [811, 808], r: -1.0502599924802780e-01, e: -1.0563341528177261e-01
#ERR m: [811, 809], r: -3.2097335815429688e+01, e: -3.3181636810302734e+01
#ERR m: [811, 810], r: 2.9161500930786133e-01, e: 2.9138988256454468e-01
#ERR m: [812, 784], r: -3.6746001243591309e-01, e: -3.6787232756614685e-01
#ERR m: [812, 785], r: 3.5952201485633850e-01, e: 3.5926035046577454e-01
#ERR m: [812, 786], r: -4.2199420928955078e+00, e: -4.2218418121337891e+00
#ERR m: [812, 787], r: 6.0803790092468262e+00, e: 6.0960521697998047e+00
#ERR m: [812, 788], r: -1.4161380529403687e+00, e: -1.4136997461318970e+00
#ERR m: [812, 789], r: 2.1706779003143311e+00, e: 2.1674909591674805e+00
#ERR m: [812, 790], r: 9.3021899461746216e-01, e: 9.3085730075836182e-01
#ERR m: [812, 791], r: 2.3434679508209229e+00, e: 2.3542163372039795e+00
#ERR m: [812, 792], r: -2.4412710666656494e+00, e: -2.4343953132629395e+00
#ERR m: [812, 794], r: -2.5152200460433960e-01, e: -2.5165006518363953e-01
#ERR m: [812, 795], r: 3.8564329147338867e+00, e: 3.8530454635620117e+00
#ERR m: [812, 796], r: -3.8969409942626953e+01, e: -3.7796367645263672e+01
#ERR m: [812, 797], r: -1.2500927925109863e+01, e: -1.2514377593994141e+01
#ERR m: [812, 798], r: 1.6438469886779785e+00, e: 1.6432112455368042e+00
#ERR m: [812, 799], r: -5.2701199054718018e-01, e: -5.2658987045288086e-01
#ERR m: [812, 801], r: 5.9996098279953003e-01, e: 5.9978860616683960e-01
#ERR m: [812, 802], r: 5.1070000976324081e-02, e: 5.1351174712181091e-02
#ERR m: [812, 803], r: -2.9918088912963867e+00, e: -2.9921276569366455e+00
#ERR m: [812, 806], r: 1.9875220060348511e+00, e: 1.9873760938644409e+00
#ERR m: [812, 807], r: 2.9554300308227539e+00, e: 2.9522578716278076e+00
#ERR m: [812, 808], r: -9.7430300712585449e-01, e: -9.6808034181594849e-01
#ERR m: [812, 809], r: 2.5741940307617188e+02, e: 2.6594973754882812e+02
#ERR m: [812, 810], r: -2.2625439167022705e+00, e: -2.2617926597595215e+00
#ERR m: [813, 784], r: 7.0366400480270386e-01, e: 7.0445376634597778e-01
#ERR m: [813, 785], r: -6.0704302787780762e-01, e: -6.0664182901382446e-01
#ERR m: [813, 786], r: -9.1804099082946777e-01, e: -9.2012315988540649e-01
#ERR m: [813, 787], r: 1.2980040311813354e+00, e: 1.3033370971679688e+00
#ERR m: [813, 788], r: -3.5300099849700928e-01, e: -3.5255253314971924e-01
#ERR m: [813, 789], r: -7.1364301443099976e-01, e: -7.1451658010482788e-01
#ERR m: [813, 790], r: 1.5535180568695068e+00, e: 1.5539126396179199e+00
#ERR m: [813, 791], r: 7.1819400787353516e-01, e: 7.1912926435470581e-01
#ERR m: [813, 792], r: -3.1995400786399841e-01, e: -3.1838992238044739e-01
#ERR m: [813, 793], r: 1.0080569982528687e+00, e: 1.0066767930984497e+00
#ERR m: [813, 795], r: 1.9022879600524902e+00, e: 1.9033238887786865e+00
#ERR m: [813, 796], r: -1.1928050041198730e+01, e: -1.1599590301513672e+01
#ERR m: [813, 797], r: -3.6975820064544678e+00, e: -3.7077338695526123e+00
#ERR m: [813, 798], r: 5.9492397308349609e-01, e: 5.9542429447174072e-01
#ERR m: [813, 803], r: -3.5877959728240967e+00, e: -3.5869152545928955e+00
#ERR m: [813, 807], r: 1.7826370000839233e+00, e: 1.7814689874649048e+00
#ERR m: [813, 808], r: -2.4844000115990639e-02, e: -2.3370696231722832e-02
#ERR m: [813, 809], r: 6.4546035766601562e+01, e: 6.6697937011718750e+01
#ERR m: [813, 812], r: 4.1064558029174805e+00, e: 4.1031641960144043e+00
#ERR m: [814, 784], r: 4.0167298913002014e-01, e: 4.0212339162826538e-01
#ERR m: [814, 785], r: 1.5230399370193481e-01, e: 1.5192316472530365e-01
#ERR m: [814, 786], r: -9.6015900373458862e-01, e: -9.5942044258117676e-01
#ERR m: [814, 787], r: 1.7833900451660156e+00, e: 1.7864501476287842e+00
#ERR m: [814, 788], r: -6.8048101663589478e-01, e: -6.7880976200103760e-01
#ERR m: [814, 789], r: 3.9227101206779480e-01, e: 3.8980165123939514e-01
#ERR m: [814, 790], r: 2.9295370578765869e+00, e: 2.9303998947143555e+00
#ERR m: [814, 791], r: 3.3238298892974854e+00, e: 3.3394064903259277e+00
#ERR m: [814, 792], r: -3.3101809024810791e+00, e: -3.3022646903991699e+00
#ERR m: [814, 793], r: -1.0767949819564819e+00, e: -1.0770301818847656e+00
#ERR m: [814, 795], r: 3.9230179786682129e+00, e: 3.9211146831512451e+00
#ERR m: [814, 796], r: -2.4597244262695312e+01, e: -2.3860374450683594e+01
#ERR m: [814, 797], r: -7.7309408187866211e+00, e: -7.7354464530944824e+00
#ERR m: [814, 798], r: 1.1144640445709229e+00, e: 1.1133947372436523e+00
#ERR m: [814, 799], r: 2.1100730895996094e+00, e: 2.1099095344543457e+00
#ERR m: [814, 801], r: 1.8323860168457031e+00, e: 1.8322296142578125e+00
#ERR m: [814, 802], r: 1.4620729684829712e+00, e: 1.4622820615768433e+00
#ERR m: [814, 807], r: -3.0308899283409119e-01, e: -3.0320614576339722e-01
#ERR m: [814, 808], r: -1.1028599739074707e-01, e: -1.0982541739940643e-01
#ERR m: [814, 809], r: 2.4391492843627930e+01, e: 2.5222328186035156e+01
#ERR m: [814, 812], r: 1.8114320039749146e+00, e: 1.8100322484970093e+00
#ERR m: [814, 813], r: 2.2451800107955933e-01, e: 2.2433595359325409e-01
#ERR m: [815, 784], r: 6.4740037918090820e+00, e: 6.4812664985656738e+00
#ERR m: [815, 786], r: 3.5432369709014893e+00, e: 3.5459759235382080e+00
#ERR m: [815, 787], r: -3.8240919113159180e+00, e: -3.8357782363891602e+00
#ERR m: [815, 788], r: 6.8173497915267944e-01, e: 6.8102252483367920e-01
#ERR m: [815, 790], r: 4.7713270187377930e+00, e: 4.7721295356750488e+00
#ERR m: [815, 791], r: 4.2497119903564453e+00, e: 4.2730956077575684e+00
#ERR m: [815, 792], r: -4.4274988174438477e+00, e: -4.4204726219177246e+00
#ERR m: [815, 793], r: -4.2228600382804871e-01, e: -4.2308670282363892e-01
#ERR m: [815, 794], r: 1.4168900251388550e-01, e: 1.4197194576263428e-01
#ERR m: [815, 795], r: -3.4806039333343506e+00, e: -3.4729104042053223e+00
#ERR m: [815, 796], r: 6.2414783477783203e+01, e: 6.0502307891845703e+01
#ERR m: [815, 797], r: 2.0130777359008789e+01, e: 2.0144603729248047e+01
#ERR m: [815, 798], r: -2.6834108829498291e+00, e: -2.6812493801116943e+00
#ERR m: [815, 799], r: 1.2118250131607056e+00, e: 1.2105306386947632e+00
#ERR m: [815, 807], r: -1.3950740098953247e+00, e: -1.3940368890762329e+00
#ERR m: [815, 808], r: 5.9240800142288208e-01, e: 5.8979797363281250e-01
#ERR m: [815, 809], r: -1.1297557067871094e+02, e: -1.1673809814453125e+02
#ERR m: [815, 810], r: 9.9207997322082520e-01, e: 9.9193751811981201e-01
#SDC Ite:80 KerTime:0.258486 AccTime:20.950578 KerErr:39745 AccErr:39745
#ABORT too many errors per iteration
#END