#HEADER iterations: 1000 img_list: /home/carol/radiation-benchmarks/data/networks_img_list/voc.2012.1K.txt board: K40
#BEGIN Y:2016 M:12 D:11 Time:14:08:58
#IT Ite:0 KerTime:0.265256 AccTime:0.265256
#IT Ite:1 KerTime:0.256329 AccTime:0.521585
#IT Ite:2 KerTime:0.288185 AccTime:0.809770
#IT Ite:3 KerTime:0.262311 AccTime:1.072081
#IT Ite:4 KerTime:0.262835 AccTime:1.334916
#IT Ite:5 KerTime:0.263264 AccTime:1.598180
#IT Ite:6 KerTime:0.263339 AccTime:1.861519
#IT Ite:7 KerTime:0.263774 AccTime:2.125293
#IT Ite:8 KerTime:0.268940 AccTime:2.394233
#IT Ite:9 KerTime:0.288331 AccTime:2.682564
#IT Ite:10 KerTime:0.266608 AccTime:2.949172
#IT Ite:11 KerTime:0.262429 AccTime:3.211601
#IT Ite:12 KerTime:0.291579 AccTime:3.503180
#IT Ite:13 KerTime:0.262261 AccTime:3.765441
#IT Ite:14 KerTime:0.262018 AccTime:4.027459
#IT Ite:15 KerTime:0.254904 AccTime:4.282363
#IT Ite:16 KerTime:0.279246 AccTime:4.561609
#IT Ite:17 KerTime:0.267345 AccTime:4.828954
#IT Ite:18 KerTime:0.311756 AccTime:5.140710
#IT Ite:19 KerTime:0.263535 AccTime:5.404245
#IT Ite:20 KerTime:0.263888 AccTime:5.668133
#IT Ite:21 KerTime:0.290086 AccTime:5.958219
#IT Ite:22 KerTime:0.286478 AccTime:6.244697
#IT Ite:23 KerTime:0.253941 AccTime:6.498638
#IT Ite:24 KerTime:0.250346 AccTime:6.748984
#IT Ite:25 KerTime:0.262374 AccTime:7.011358
#IT Ite:26 KerTime:0.267104 AccTime:7.278462
#IT Ite:27 KerTime:0.289996 AccTime:7.568458
#IT Ite:28 KerTime:0.263321 AccTime:7.831779
#IT Ite:29 KerTime:0.292466 AccTime:8.124245
#IT Ite:30 KerTime:0.284592 AccTime:8.408837
#IT Ite:31 KerTime:0.253335 AccTime:8.662172
#IT Ite:32 KerTime:0.279772 AccTime:8.941944
#IT Ite:33 KerTime:0.264493 AccTime:9.206437
#IT Ite:34 KerTime:0.267759 AccTime:9.474196
#IT Ite:35 KerTime:0.262124 AccTime:9.736320
#IT Ite:36 KerTime:0.268102 AccTime:10.004422
#IT Ite:37 KerTime:0.289904 AccTime:10.294326
#IT Ite:38 KerTime:0.243335 AccTime:10.537661
#IT Ite:39 KerTime:0.263319 AccTime:10.800980
#IT Ite:40 KerTime:0.266806 AccTime:11.067786
#IT Ite:41 KerTime:0.266615 AccTime:11.334401
#IT Ite:42 KerTime:0.255454 AccTime:11.589855
#IT Ite:43 KerTime:0.267888 AccTime:11.857743
#IT Ite:44 KerTime:0.279176 AccTime:12.136919
#IT Ite:45 KerTime:0.286252 AccTime:12.423171
#IT Ite:46 KerTime:0.257995 AccTime:12.681166
#IT Ite:47 KerTime:0.279514 AccTime:12.960680
#IT Ite:48 KerTime:0.254319 AccTime:13.214999
#IT Ite:49 KerTime:0.267756 AccTime:13.482755
#IT Ite:50 KerTime:0.266548 AccTime:13.749303
#IT Ite:51 KerTime:0.263747 AccTime:14.013050
#IT Ite:52 KerTime:0.265086 AccTime:14.278136
#IT Ite:53 KerTime:0.267471 AccTime:14.545607
#IT Ite:54 KerTime:0.267961 AccTime:14.813568
#IT Ite:55 KerTime:0.270163 AccTime:15.083731
#IT Ite:56 KerTime:0.266323 AccTime:15.350054
#IT Ite:57 KerTime:0.263130 AccTime:15.613184
#IT Ite:58 KerTime:0.266543 AccTime:15.879727
#IT Ite:59 KerTime:0.263436 AccTime:16.143163
#IT Ite:60 KerTime:0.263950 AccTime:16.407113
#IT Ite:61 KerTime:0.262877 AccTime:16.669990
#IT Ite:62 KerTime:0.273549 AccTime:16.943539
#IT Ite:63 KerTime:0.291450 AccTime:17.234989
#IT Ite:64 KerTime:0.262193 AccTime:17.497182
#IT Ite:65 KerTime:0.289347 AccTime:17.786529
#IT Ite:66 KerTime:0.281177 AccTime:18.067706
#IT Ite:67 KerTime:0.263850 AccTime:18.331556
#IT Ite:68 KerTime:0.270452 AccTime:18.602008
#IT Ite:69 KerTime:0.265726 AccTime:18.867734
#IT Ite:70 KerTime:0.255007 AccTime:19.122741
#IT Ite:71 KerTime:0.263172 AccTime:19.385913
#IT Ite:72 KerTime:0.266523 AccTime:19.652436
#IT Ite:73 KerTime:0.306976 AccTime:19.959412
#IT Ite:74 KerTime:0.290860 AccTime:20.250272
#IT Ite:75 KerTime:0.266365 AccTime:20.516637
#IT Ite:76 KerTime:0.263219 AccTime:20.779856
#IT Ite:77 KerTime:0.264610 AccTime:21.044466
#IT Ite:78 KerTime:0.287328 AccTime:21.331794
#IT Ite:79 KerTime:0.261423 AccTime:21.593217
#IT Ite:80 KerTime:0.253532 AccTime:21.846749
#IT Ite:81 KerTime:0.287638 AccTime:22.134387
#IT Ite:82 KerTime:0.268852 AccTime:22.403239
#IT Ite:83 KerTime:0.291529 AccTime:22.694768
#IT Ite:84 KerTime:0.266342 AccTime:22.961110
#IT Ite:85 KerTime:0.266390 AccTime:23.227500
#IT Ite:86 KerTime:0.255924 AccTime:23.483424
#IT Ite:87 KerTime:0.290608 AccTime:23.774032
#IT Ite:88 KerTime:0.263388 AccTime:24.037420
#IT Ite:89 KerTime:0.287749 AccTime:24.325169
#IT Ite:90 KerTime:0.298090 AccTime:24.623259
#IT Ite:91 KerTime:0.292250 AccTime:24.915509
#IT Ite:92 KerTime:0.262323 AccTime:25.177832
#IT Ite:93 KerTime:0.290196 AccTime:25.468028
#IT Ite:94 KerTime:0.254673 AccTime:25.722701
#IT Ite:95 KerTime:0.262524 AccTime:25.985225
#IT Ite:96 KerTime:0.265293 AccTime:26.250518
#IT Ite:97 KerTime:0.290812 AccTime:26.541330
#IT Ite:98 KerTime:0.285356 AccTime:26.826686
#IT Ite:99 KerTime:0.263468 AccTime:27.090154
#IT Ite:100 KerTime:0.290421 AccTime:27.380575
#IT Ite:101 KerTime:0.276828 AccTime:27.657403
#IT Ite:102 KerTime:0.257687 AccTime:27.915090
#IT Ite:103 KerTime:0.265833 AccTime:28.180923
#IT Ite:104 KerTime:0.281440 AccTime:28.462363
#IT Ite:105 KerTime:0.263615 AccTime:28.725978
#IT Ite:106 KerTime:0.263929 AccTime:28.989907
#IT Ite:107 KerTime:0.286027 AccTime:29.275934
#IT Ite:108 KerTime:0.265978 AccTime:29.541912
#IT Ite:109 KerTime:0.291015 AccTime:29.832927
#IT Ite:110 KerTime:0.289456 AccTime:30.122383
#IT Ite:111 KerTime:0.255895 AccTime:30.378278
#IT Ite:112 KerTime:0.263181 AccTime:30.641459
#IT Ite:113 KerTime:0.264448 AccTime:30.905907
#IT Ite:114 KerTime:0.277547 AccTime:31.183454
#IT Ite:115 KerTime:0.258240 AccTime:31.441694
#IT Ite:116 KerTime:0.265059 AccTime:31.706753
#IT Ite:117 KerTime:0.279232 AccTime:31.985985
#IT Ite:118 KerTime:0.269881 AccTime:32.255866
#IT Ite:119 KerTime:0.268176 AccTime:32.524042
#IT Ite:120 KerTime:0.286029 AccTime:32.810071
#IT Ite:121 KerTime:0.263132 AccTime:33.073203
#IT Ite:122 KerTime:0.265135 AccTime:33.338338
#IT Ite:123 KerTime:0.265880 AccTime:33.604218
#IT Ite:124 KerTime:0.255173 AccTime:33.859391
#IT Ite:125 KerTime:0.264050 AccTime:34.123441
#IT Ite:126 KerTime:0.262965 AccTime:34.386406
#IT Ite:127 KerTime:0.291980 AccTime:34.678386
#IT Ite:128 KerTime:0.290742 AccTime:34.969128
#IT Ite:129 KerTime:0.262732 AccTime:35.231860
#IT Ite:130 KerTime:0.230429 AccTime:35.462289
#IT Ite:131 KerTime:0.279169 AccTime:35.741458
#IT Ite:132 KerTime:0.266230 AccTime:36.007688
#IT Ite:133 KerTime:0.266168 AccTime:36.273856
#IT Ite:134 KerTime:0.292439 AccTime:36.566295
#IT Ite:135 KerTime:0.267172 AccTime:36.833467
#IT Ite:136 KerTime:0.268673 AccTime:37.102140
#IT Ite:137 KerTime:0.271703 AccTime:37.373843
#IT Ite:138 KerTime:0.287975 AccTime:37.661818
#IT Ite:139 KerTime:0.255264 AccTime:37.917082
#IT Ite:140 KerTime:0.292163 AccTime:38.209245
#IT Ite:141 KerTime:0.288375 AccTime:38.497620
#IT Ite:142 KerTime:0.267631 AccTime:38.765251
#IT Ite:143 KerTime:0.286938 AccTime:39.052189
#IT Ite:144 KerTime:0.262970 AccTime:39.315159
#IT Ite:145 KerTime:0.253835 AccTime:39.568994
#IT Ite:146 KerTime:0.254722 AccTime:39.823716
#IT Ite:147 KerTime:0.264021 AccTime:40.087737
#IT Ite:148 KerTime:0.292222 AccTime:40.379959
#IT Ite:149 KerTime:0.268519 AccTime:40.648478
#IT Ite:150 KerTime:0.258522 AccTime:40.907000
#IT Ite:151 KerTime:0.254522 AccTime:41.161522
#IT Ite:152 KerTime:0.265123 AccTime:41.426645
#IT Ite:153 KerTime:0.267966 AccTime:41.694611
#IT Ite:154 KerTime:0.247804 AccTime:41.942415
#IT Ite:155 KerTime:0.290088 AccTime:42.232503
#IT Ite:156 KerTime:0.268359 AccTime:42.500862
#IT Ite:157 KerTime:0.265355 AccTime:42.766217
#IT Ite:158 KerTime:0.287940 AccTime:43.054157
#IT Ite:159 KerTime:0.290097 AccTime:43.344254
#IT Ite:160 KerTime:0.263035 AccTime:43.607289
#IT Ite:161 KerTime:0.279977 AccTime:43.887266
#IT Ite:162 KerTime:0.238839 AccTime:44.126105
#IT Ite:163 KerTime:0.254072 AccTime:44.380177
#IT Ite:164 KerTime:0.256128 AccTime:44.636305
#IT Ite:165 KerTime:0.279772 AccTime:44.916077
#IT Ite:166 KerTime:0.245071 AccTime:45.161148
#IT Ite:167 KerTime:0.288056 AccTime:45.449204
#IT Ite:168 KerTime:0.250897 AccTime:45.700101
#IT Ite:169 KerTime:0.270035 AccTime:45.970136
#IT Ite:170 KerTime:0.262775 AccTime:46.232911
#IT Ite:171 KerTime:0.279526 AccTime:46.512437
#IT Ite:172 KerTime:0.263905 AccTime:46.776342
#IT Ite:173 KerTime:0.264691 AccTime:47.041033
#IT Ite:174 KerTime:0.256636 AccTime:47.297669
#IT Ite:175 KerTime:0.271628 AccTime:47.569297
#IT Ite:176 KerTime:0.263840 AccTime:47.833137
#IT Ite:177 KerTime:0.288335 AccTime:48.121472
#IT Ite:178 KerTime:0.267737 AccTime:48.389209
#IT Ite:179 KerTime:0.267511 AccTime:48.656720
#IT Ite:180 KerTime:0.289790 AccTime:48.946510
#IT Ite:181 KerTime:0.267007 AccTime:49.213517
#IT Ite:182 KerTime:0.292400 AccTime:49.505917
#IT Ite:183 KerTime:0.266887 AccTime:49.772804
#IT Ite:184 KerTime:0.263600 AccTime:50.036404
#IT Ite:185 KerTime:0.292903 AccTime:50.329307
#IT Ite:186 KerTime:0.288496 AccTime:50.617803
#IT Ite:187 KerTime:0.268511 AccTime:50.886314
#IT Ite:188 KerTime:0.261819 AccTime:51.148133
#IT Ite:189 KerTime:0.292269 AccTime:51.440402
#IT Ite:190 KerTime:0.254476 AccTime:51.694878
#IT Ite:191 KerTime:0.254480 AccTime:51.949358
#IT Ite:192 KerTime:0.267672 AccTime:52.217030
#IT Ite:193 KerTime:0.291379 AccTime:52.508409
#IT Ite:194 KerTime:0.269376 AccTime:52.777785
#IT Ite:195 KerTime:0.297476 AccTime:53.075261
#IT Ite:196 KerTime:0.263426 AccTime:53.338687
#IT Ite:197 KerTime:0.264783 AccTime:53.603470
#IT Ite:198 KerTime:0.289681 AccTime:53.893151
#IT Ite:199 KerTime:0.266902 AccTime:54.160053
#IT Ite:200 KerTime:0.289448 AccTime:54.449501
#IT Ite:201 KerTime:0.292444 AccTime:54.741945
#IT Ite:202 KerTime:0.265524 AccTime:55.007469
#IT Ite:203 KerTime:0.265492 AccTime:55.272961
#IT Ite:204 KerTime:0.263956 AccTime:55.536917
#IT Ite:205 KerTime:0.281222 AccTime:55.818139
#IT Ite:206 KerTime:0.266545 AccTime:56.084684
#IT Ite:207 KerTime:0.264390 AccTime:56.349074
#IT Ite:208 KerTime:0.288061 AccTime:56.637135
#IT Ite:209 KerTime:0.276345 AccTime:56.913480
#IT Ite:210 KerTime:0.252664 AccTime:57.166144
#IT Ite:211 KerTime:0.247953 AccTime:57.414097
#IT Ite:212 KerTime:0.262942 AccTime:57.677039
#IT Ite:213 KerTime:0.265602 AccTime:57.942641
#IT Ite:214 KerTime:0.267390 AccTime:58.210031
#IT Ite:215 KerTime:0.255338 AccTime:58.465369
#IT Ite:216 KerTime:0.265068 AccTime:58.730437
#IT Ite:217 KerTime:0.263957 AccTime:58.994394
#IT Ite:218 KerTime:0.289024 AccTime:59.283418
#IT Ite:219 KerTime:0.262800 AccTime:59.546218
#IT Ite:220 KerTime:0.293595 AccTime:59.839813
#IT Ite:221 KerTime:0.268390 AccTime:60.108203
#IT Ite:222 KerTime:0.265133 AccTime:60.373336
#IT Ite:223 KerTime:0.263539 AccTime:60.636875
#IT Ite:224 KerTime:0.263675 AccTime:60.900550
#IT Ite:225 KerTime:0.287756 AccTime:61.188306
#IT Ite:226 KerTime:0.266943 AccTime:61.455249
#IT Ite:227 KerTime:0.280051 AccTime:61.735300
#IT Ite:228 KerTime:0.291919 AccTime:62.027219
#IT Ite:229 KerTime:0.248089 AccTime:62.275308
#IT Ite:230 KerTime:0.268182 AccTime:62.543490
#IT Ite:231 KerTime:0.264544 AccTime:62.808034
#IT Ite:232 KerTime:0.264397 AccTime:63.072431
#IT Ite:233 KerTime:0.290909 AccTime:63.363340
#IT Ite:234 KerTime:0.263382 AccTime:63.626722
#IT Ite:235 KerTime:0.292226 AccTime:63.918948
#IT Ite:236 KerTime:0.262399 AccTime:64.181347
#IT Ite:237 KerTime:0.262993 AccTime:64.444340
#IT Ite:238 KerTime:0.267031 AccTime:64.711371
#IT Ite:239 KerTime:0.260920 AccTime:64.972291
#IT Ite:240 KerTime:0.263745 AccTime:65.236036
#IT Ite:241 KerTime:0.293157 AccTime:65.529193
#IT Ite:242 KerTime:0.265014 AccTime:65.794207
#IT Ite:243 KerTime:0.262396 AccTime:66.056603
#IT Ite:244 KerTime:0.267107 AccTime:66.323710
#IT Ite:245 KerTime:0.266923 AccTime:66.590633
#IT Ite:246 KerTime:0.266627 AccTime:66.857260
#IT Ite:247 KerTime:0.268030 AccTime:67.125290
#IT Ite:248 KerTime:0.262272 AccTime:67.387562
#IT Ite:249 KerTime:0.266806 AccTime:67.654368
#IT Ite:250 KerTime:0.267720 AccTime:67.922088
#IT Ite:251 KerTime:0.263059 AccTime:68.185147
#IT Ite:252 KerTime:0.267558 AccTime:68.452705
#IT Ite:253 KerTime:0.262112 AccTime:68.714817
#IT Ite:254 KerTime:0.256892 AccTime:68.971709
#IT Ite:255 KerTime:0.265930 AccTime:69.237639
#IT Ite:256 KerTime:0.266475 AccTime:69.504114
#IT Ite:257 KerTime:0.284137 AccTime:69.788251
#IT Ite:258 KerTime:0.265484 AccTime:70.053735
#IT Ite:259 KerTime:0.248792 AccTime:70.302527
#IT Ite:260 KerTime:0.290146 AccTime:70.592673
#IT Ite:261 KerTime:0.260129 AccTime:70.852802
#IT Ite:262 KerTime:0.285985 AccTime:71.138787
#IT Ite:263 KerTime:0.264524 AccTime:71.403311
#IT Ite:264 KerTime:0.262359 AccTime:71.665670
#IT Ite:265 KerTime:0.257463 AccTime:71.923133
#IT Ite:266 KerTime:0.286346 AccTime:72.209479
#IT Ite:267 KerTime:0.266427 AccTime:72.475906
#IT Ite:268 KerTime:0.262563 AccTime:72.738469
#IT Ite:269 KerTime:0.266121 AccTime:73.004590
#IT Ite:270 KerTime:0.288510 AccTime:73.293100
#IT Ite:271 KerTime:0.255649 AccTime:73.548749
#IT Ite:272 KerTime:0.262936 AccTime:73.811685
#IT Ite:273 KerTime:0.266195 AccTime:74.077880
#IT Ite:274 KerTime:0.264171 AccTime:74.342051
#IT Ite:275 KerTime:0.255834 AccTime:74.597885
#IT Ite:276 KerTime:0.247706 AccTime:74.845591
#IT Ite:277 KerTime:0.256407 AccTime:75.101998
#IT Ite:278 KerTime:0.265010 AccTime:75.367008
#IT Ite:279 KerTime:0.265530 AccTime:75.632538
#IT Ite:280 KerTime:0.292438 AccTime:75.924976
#IT Ite:281 KerTime:0.267496 AccTime:76.192472
#IT Ite:282 KerTime:0.263329 AccTime:76.455801
#IT Ite:283 KerTime:0.268496 AccTime:76.724297
#IT Ite:284 KerTime:0.289946 AccTime:77.014243
#IT Ite:285 KerTime:0.276458 AccTime:77.290701
#IT Ite:286 KerTime:0.267088 AccTime:77.557789
#IT Ite:287 KerTime:0.268899 AccTime:77.826688
#IT Ite:288 KerTime:0.267567 AccTime:78.094255
#IT Ite:289 KerTime:0.267849 AccTime:78.362104
#IT Ite:290 KerTime:0.264935 AccTime:78.627039
#IT Ite:291 KerTime:0.255769 AccTime:78.882808
#IT Ite:292 KerTime:0.265992 AccTime:79.148800
#IT Ite:293 KerTime:0.243101 AccTime:79.391901
#IT Ite:294 KerTime:0.293751 AccTime:79.685652
#IT Ite:295 KerTime:0.262955 AccTime:79.948607
#IT Ite:296 KerTime:0.284098 AccTime:80.232705
#IT Ite:297 KerTime:0.266905 AccTime:80.499610
#IT Ite:298 KerTime:0.266974 AccTime:80.766584
#IT Ite:299 KerTime:0.263976 AccTime:81.030560
#IT Ite:300 KerTime:0.305526 AccTime:81.336086
#IT Ite:301 KerTime:0.263884 AccTime:81.599970
#IT Ite:302 KerTime:0.289870 AccTime:81.889840
#IT Ite:303 KerTime:0.254063 AccTime:82.143903
#IT Ite:304 KerTime:0.263027 AccTime:82.406930
#IT Ite:305 KerTime:0.262213 AccTime:82.669143
#IT Ite:306 KerTime:0.292691 AccTime:82.961834
#IT Ite:307 KerTime:0.263266 AccTime:83.225100
#IT Ite:308 KerTime:0.257900 AccTime:83.483000
#IT Ite:309 KerTime:0.268450 AccTime:83.751450
#IT Ite:310 KerTime:0.247660 AccTime:83.999110
#IT Ite:311 KerTime:0.267095 AccTime:84.266205
#IT Ite:312 KerTime:0.280459 AccTime:84.546664
#IT Ite:313 KerTime:0.266257 AccTime:84.812921
#IT Ite:314 KerTime:0.279797 AccTime:85.092718
#IT Ite:315 KerTime:0.261481 AccTime:85.354199
#IT Ite:316 KerTime:0.264670 AccTime:85.618869
#IT Ite:317 KerTime:0.241576 AccTime:85.860445
#IT Ite:318 KerTime:0.255911 AccTime:86.116356
#IT Ite:319 KerTime:0.262162 AccTime:86.378518
#IT Ite:320 KerTime:0.267304 AccTime:86.645822
#IT Ite:321 KerTime:0.263785 AccTime:86.909607
#IT Ite:322 KerTime:0.266804 AccTime:87.176411
#IT Ite:323 KerTime:0.287205 AccTime:87.463616
#IT Ite:324 KerTime:0.292018 AccTime:87.755634
#IT Ite:325 KerTime:0.264918 AccTime:88.020552
#IT Ite:326 KerTime:0.266905 AccTime:88.287457
#IT Ite:327 KerTime:0.267991 AccTime:88.555448
#IT Ite:328 KerTime:0.300789 AccTime:88.856237
#IT Ite:329 KerTime:0.267676 AccTime:89.123913
#IT Ite:330 KerTime:0.264507 AccTime:89.388420
#IT Ite:331 KerTime:0.265771 AccTime:89.654191
#IT Ite:332 KerTime:0.308656 AccTime:89.962847
#IT Ite:333 KerTime:0.243202 AccTime:90.206049
#IT Ite:334 KerTime:0.297405 AccTime:90.503454
#IT Ite:335 KerTime:0.263986 AccTime:90.767440
#IT Ite:336 KerTime:0.271222 AccTime:91.038662
#IT Ite:337 KerTime:0.267498 AccTime:91.306160
#IT Ite:338 KerTime:0.291384 AccTime:91.597544
#IT Ite:339 KerTime:0.292928 AccTime:91.890472
#IT Ite:340 KerTime:0.259405 AccTime:92.149877
#IT Ite:341 KerTime:0.266428 AccTime:92.416305
#IT Ite:342 KerTime:0.289237 AccTime:92.705542
#IT Ite:343 KerTime:0.264885 AccTime:92.970427
#IT Ite:344 KerTime:0.292598 AccTime:93.263025
#IT Ite:345 KerTime:0.253666 AccTime:93.516691
#IT Ite:346 KerTime:0.267598 AccTime:93.784289
#IT Ite:347 KerTime:0.273731 AccTime:94.058020
#IT Ite:348 KerTime:0.287864 AccTime:94.345884
#ERR img_name: /home/carol/radiation-benchmarks/data/VOC2012/2011_001564.jpg class: sheepwrong_score_size: -25
#ERR img_name: /home/carol/radiation-benchmarks/data/VOC2012/2011_001564.jpg class: sheep score: [0] e: 0.0203000754118 r: 0.00274379458278
#ERR img_name: /home/carol/radiation-benchmarks/data/VOC2012/2011_001564.jpg class: sheepwrong_boxes_size: -25
#ERR img_name: /home/carol/radiation-benchmarks/data/VOC2012/2011_001564.jpg class: sheep box: [0] x1_e: 66.1511383057 x1_r: 67.3445510864 y1_e: 41.4030456543 y1_r: 61.6795806885 x2_e: 244.039321899 x2_r: 253.65612793 y2_e: 332.0 y2_r: 332.0 
#ERR img_name: /home/carol/radiation-benchmarks/data/VOC2012/2011_001564.jpg class: sheep box: [1] x1_e: 146.783584595 x1_r: 468.221252441 y1_e: 37.7805480957 y1_r: 0.623239517212 x2_e: 406.244384766 x2_r: 497.37286377 y2_e: 315.652801514 y2_r: 28.0534858704 
#ERR img_name: /home/carol/radiation-benchmarks/data/VOC2012/2011_001564.jpg class: sheep box: [2] x1_e: 249.828735352 x1_r: 160.815551758 y1_e: 156.46194458 y1_r: 19.4781188965 x2_e: 499.0 x2_r: 473.020690918 y2_e: 323.999847412 y2_r: 281.021087646 
#ERR img_name: /home/carol/radiation-benchmarks/data/VOC2012/2011_001564.jpg class: sheep box: [3] x1_e: 361.940155029 x1_r: 451.027801514 y1_e: 26.5763397217 y1_r: 16.5508422852 x2_e: 499.0 x2_r: 499.0 y2_e: 237.003372192 y2_r: 224.983856201 
#ERR img_name: /home/carol/radiation-benchmarks/data/VOC2012/2011_001564.jpg class: sheep box: [4] x1_e: 214.587158203 x1_r: 309.375366211 y1_e: 0.0 y1_r: 0.0 x2_e: 466.731689453 x2_r: 421.130859375 y2_e: 149.81729126 y2_r: 137.434494019 
#ERR img_name: /home/carol/radiation-benchmarks/data/VOC2012/2011_001564.jpg class: sheep box: [5] x1_e: 0.0 x1_r: 4.0933380127 y1_e: 1.96385955811 y1_r: 0.0 x2_e: 108.585601807 x2_r: 118.330993652 y2_e: 250.307281494 y2_r: 161.669784546 
#ERR img_name: /home/carol/radiation-benchmarks/data/VOC2012/2011_001564.jpg class: sheep box: [6] x1_e: 34.568862915 x1_r: 0.0 y1_e: 1.31935882568 y1_r: 283.036407471 x2_e: 316.491638184 x2_r: 19.5644378662 y2_e: 154.910858154 y2_r: 326.695220947 
#ERR img_name: /home/carol/radiation-benchmarks/data/VOC2012/2011_001564.jpg class: horsewrong_score_size: -26
#ERR img_name: /home/carol/radiation-benchmarks/data/VOC2012/2011_001564.jpg class: horsewrong_boxes_size: -26
#ERR img_name: /home/carol/radiation-benchmarks/data/VOC2012/2011_001564.jpg class: horse box: [0] x1_e: 30.1474761963 x1_r: 71.7363891602 y1_e: 39.3154907227 y1_r: 58.1736602783 x2_e: 304.776367188 x2_r: 253.638916016 y2_e: 321.698608398 y2_r: 326.494567871 
#ERR img_name: /home/carol/radiation-benchmarks/data/VOC2012/2011_001564.jpg class: horse box: [1] x1_e: 174.015670776 x1_r: 466.630340576 y1_e: 63.2611999512 y1_r: 0.0 x2_e: 490.390808105 x2_r: 499.0 y2_e: 306.019226074 y2_r: 28.035358429 
#ERR img_name: /home/carol/radiation-benchmarks/data/VOC2012/2011_001564.jpg class: horse box: [2] x1_e: 328.223632812 x1_r: 413.472961426 y1_e: 163.959655762 y1_r: 32.8692016602 x2_e: 499.0 x2_r: 499.0 y2_e: 316.047821045 y2_r: 202.554962158 
#ERR img_name: /home/carol/radiation-benchmarks/data/VOC2012/2011_001564.jpg class: horse box: [3] x1_e: 353.249298096 x1_r: 137.906524658 y1_e: 24.1216430664 y1_r: 19.4131317139 x2_e: 499.0 x2_r: 491.006500244 y2_e: 234.708190918 y2_r: 282.112670898 
#ERR img_name: /home/carol/radiation-benchmarks/data/VOC2012/2011_001564.jpg class: horse box: [4] x1_e: 198.933685303 x1_r: 304.730529785 y1_e: 0.0 y1_r: 0.0 x2_e: 481.718841553 x2_r: 426.973022461 y2_e: 151.97869873 y2_r: 138.70489502 
#ERR img_name: /home/carol/radiation-benchmarks/data/VOC2012/2011_001564.jpg class: horse box: [5] x1_e: 0.0 x1_r: 0.0 y1_e: 1.39307403564 y1_r: 280.984527588 x2_e: 114.932823181 x2_r: 20.9733161926 y2_e: 253.613952637 y2_r: 326.109100342 
#ERR img_name: /home/carol/radiation-benchmarks/data/VOC2012/2011_001564.jpg class: bicyclewrong_score_size: -29
#ERR img_name: /home/carol/radiation-benchmarks/data/VOC2012/2011_001564.jpg class: bicyclewrong_boxes_size: -29
#ERR img_name: /home/carol/radiation-benchmarks/data/VOC2012/2011_001564.jpg class: bicycle box: [0] x1_e: 30.1671905518 x1_r: 65.4097213745 y1_e: 70.3345870972 y1_r: 75.1159439087 x2_e: 311.249816895 x2_r: 257.132476807 y2_e: 324.08291626 y2_r: 312.310272217 
#ERR img_name: /home/carol/radiation-benchmarks/data/VOC2012/2011_001564.jpg class: bicycle box: [1] x1_e: 190.287353516 x1_r: 450.840179443 y1_e: 94.2692184448 y1_r: 28.2391357422 x2_e: 483.591796875 x2_r: 499.0 y2_e: 303.343414307 y2_r: 218.886566162 
#ERR img_name: /home/carol/radiation-benchmarks/data/VOC2012/2011_001564.jpg class: bicycle box: [2] x1_e: 336.170166016 x1_r: 210.872009277 y1_e: 185.221740723 y1_r: 21.4893112183 x2_e: 499.0 x2_r: 437.399597168 y2_e: 315.651367188 y2_r: 214.648376465 
#ERR img_name: /home/carol/radiation-benchmarks/data/VOC2012/2011_001564.jpg class: bicycle box: [3] x1_e: 360.614501953 x1_r: 468.659332275 y1_e: 40.2344589233 y1_r: 1.77491283417 x2_e: 499.0 x2_r: 497.805755615 y2_e: 227.68862915 y2_r: 27.0289154053 
#ERR img_name: /home/carol/radiation-benchmarks/data/VOC2012/2011_001564.jpg class: bicycle box: [4] x1_e: 0.0 x1_r: 308.380157471 y1_e: 18.1883468628 y1_r: 4.84525299072 x2_e: 112.283935547 x2_r: 424.916412354 y2_e: 241.532562256 y2_r: 131.685028076 
#ERR img_name: /home/carol/radiation-benchmarks/data/VOC2012/2011_001564.jpg class: bicycle box: [5] x1_e: 210.871292114 x1_r: 378.208129883 y1_e: 5.17278289795 y1_r: 7.80971908569 x2_e: 474.121032715 x2_r: 497.273193359 y2_e: 144.287414551 y2_r: 133.195205688 
#ERR img_name: /home/carol/radiation-benchmarks/data/VOC2012/2011_001564.jpg class: bicycle box: [6] x1_e: 36.7469024658 x1_r: 4.68434906006 y1_e: 4.50428771973 y1_r: 0.168815612793 x2_e: 330.694091797 x2_r: 122.418907166 y2_e: 149.282989502 y2_r: 157.831329346 
#ERR img_name: /home/carol/radiation-benchmarks/data/VOC2012/2011_001564.jpg class: motorbikewrong_score_size: -29
#ERR img_name: /home/carol/radiation-benchmarks/data/VOC2012/2011_001564.jpg class: motorbikewrong_boxes_size: -29
#ERR img_name: /home/carol/radiation-benchmarks/data/VOC2012/2011_001564.jpg class: motorbike box: [0] x1_e: 26.6608428955 x1_r: 67.1923370361 y1_e: 68.7039718628 y1_r: 75.9476165771 x2_e: 309.63079834 x2_r: 251.299545288 y2_e: 323.376464844 y2_r: 326.998657227 
#ERR img_name: /home/carol/radiation-benchmarks/data/VOC2012/2011_001564.jpg class: motorbike box: [1] x1_e: 184.796813965 x1_r: 449.89175415 y1_e: 92.7151641846 y1_r: 31.5850219727 x2_e: 482.539367676 x2_r: 499.0 y2_e: 306.814147949 y2_r: 227.128051758 
#ERR img_name: /home/carol/radiation-benchmarks/data/VOC2012/2011_001564.jpg class: motorbike box: [2] x1_e: 330.861694336 x1_r: 467.927429199 y1_e: 182.443145752 y1_r: 1.61818122864 x2_e: 499.0 x2_r: 497.895935059 y2_e: 318.791259766 y2_r: 27.9786891937 
#ERR img_name: /home/carol/radiation-benchmarks/data/VOC2012/2011_001564.jpg class: motorbike box: [3] x1_e: 359.020721436 x1_r: 209.638305664 y1_e: 43.2509841919 y1_r: 27.3614578247 x2_e: 499.0 x2_r: 434.49230957 y2_e: 234.533081055 y2_r: 226.120941162 
#ERR img_name: /home/carol/radiation-benchmarks/data/VOC2012/2011_001564.jpg class: motorbike box: [4] x1_e: 208.126495361 x1_r: 307.084442139 y1_e: 7.85738372803 y1_r: 5.77127838135 x2_e: 472.370391846 x2_r: 423.741424561 y2_e: 154.776947021 y2_r: 139.901855469 
#ERR img_name: /home/carol/radiation-benchmarks/data/VOC2012/2011_001564.jpg class: motorbike box: [5] x1_e: 0.0 x1_r: 376.288787842 y1_e: 24.0052719116 y1_r: 8.61924743652 x2_e: 111.680709839 x2_r: 496.508758545 y2_e: 257.000640869 y2_r: 141.53956604 
#ERR img_name: /home/carol/radiation-benchmarks/data/VOC2012/2011_001564.jpg class: motorbike box: [6] x1_e: 31.0890655518 x1_r: 0.0 y1_e: 7.96089935303 y1_r: 284.725097656 x2_e: 329.561218262 x2_r: 20.0241928101 y2_e: 164.673278809 y2_r: 327.541748047 
#ERR img_name: /home/carol/radiation-benchmarks/data/VOC2012/2011_001564.jpg class: cowwrong_score_size: -27
#ERR img_name: /home/carol/radiation-benchmarks/data/VOC2012/2011_001564.jpg class: cowwrong_boxes_size: -27
#ERR img_name: /home/carol/radiation-benchmarks/data/VOC2012/2011_001564.jpg class: cow box: [0] x1_e: 20.3362579346 x1_r: 60.8344573975 y1_e: 43.0910339355 y1_r: 59.134185791 x2_e: 315.044799805 x2_r: 259.711242676 y2_e: 332.0 y2_r: 332.0 
#ERR img_name: /home/carol/radiation-benchmarks/data/VOC2012/2011_001564.jpg class: cow box: [1] x1_e: 190.334213257 x1_r: 468.157592773 y1_e: 71.291015625 y1_r: 0.644989967346 x2_e: 485.178405762 x2_r: 497.549377441 y2_e: 308.605804443 y2_r: 28.2897262573 
#ERR img_name: /home/carol/radiation-benchmarks/data/VOC2012/2011_001564.jpg class: cow box: [2] x1_e: 336.64276123 x1_r: 451.209442139 y1_e: 171.677429199 y1_r: 18.5040359497 x2_e: 499.0 x2_r: 499.0 y2_e: 319.556396484 y2_r: 226.86315918 
#ERR img_name: /home/carol/radiation-benchmarks/data/VOC2012/2011_001564.jpg class: cow box: [3] x1_e: 361.995513916 x1_r: 156.230895996 y1_e: 29.294670105 y1_r: 23.1110992432 x2_e: 499.0 x2_r: 479.191833496 y2_e: 235.685302734 y2_r: 284.53302002 
#ERR img_name: /home/carol/radiation-benchmarks/data/VOC2012/2011_001564.jpg class: cow box: [4] x1_e: 214.559692383 x1_r: 309.774383545 y1_e: 0.569793701172 y1_r: 0.0 x2_e: 468.46697998 x2_r: 421.764190674 y2_e: 153.794754028 y2_r: 140.824249268 
#ERR img_name: /home/carol/radiation-benchmarks/data/VOC2012/2011_001564.jpg class: cow box: [5] x1_e: 0.0 x1_r: 367.290710449 y1_e: 4.5735168457 y1_r: 32.6023635864 x2_e: 110.339279175 x2_r: 499.0 y2_e: 257.360076904 y2_r: 149.239044189 
#ERR img_name: /home/carol/radiation-benchmarks/data/VOC2012/2011_001564.jpg class: sofawrong_score_size: -21
#ERR img_name: /home/carol/radiation-benchmarks/data/VOC2012/2011_001564.jpg class: sofawrong_boxes_size: -21
#ERR img_name: /home/carol/radiation-benchmarks/data/VOC2012/2011_001564.jpg class: sofa box: [0] x1_e: 7.27760314941 x1_r: 57.8463439941 y1_e: 39.283493042 y1_r: 60.1575775146 x2_e: 330.802368164 x2_r: 266.570068359 y2_e: 332.0 y2_r: 332.0 
#ERR img_name: /home/carol/radiation-benchmarks/data/VOC2012/2011_001564.jpg class: sofa box: [1] x1_e: 172.947998047 x1_r: 443.414276123 y1_e: 194.124816895 y1_r: 20.3635177612 x2_e: 499.0 x2_r: 499.0 y2_e: 332.0 y2_r: 236.722442627 
#ERR img_name: /home/carol/radiation-benchmarks/data/VOC2012/2011_001564.jpg class: sofa box: [2] x1_e: 377.368988037 x1_r: 463.536743164 y1_e: 81.4773864746 y1_r: 0.0478258132935 x2_e: 499.0 x2_r: 499.0 y2_e: 315.474884033 y2_r: 29.700969696 
#ERR img_name: /home/carol/radiation-benchmarks/data/VOC2012/2011_001564.jpg class: sofa box: [3] x1_e: 183.996429443 x1_r: 109.511901855 y1_e: 15.3532943726 y1_r: 24.7621459961 x2_e: 458.820281982 x2_r: 499.0 y2_e: 240.224853516 y2_r: 298.734283447 
#ERR img_name: /home/carol/radiation-benchmarks/data/VOC2012/2011_001564.jpg class: sofa box: [4] x1_e: 0.0 x1_r: 295.025146484 y1_e: 6.55151367188 y1_r: 0.0 x2_e: 125.069976807 x2_r: 435.962768555 y2_e: 271.331268311 y2_r: 147.738754272 
#ERR img_name: /home/carol/radiation-benchmarks/data/VOC2012/2011_001564.jpg class: aeroplanewrong_score_size: -27
#ERR img_name: /home/carol/radiation-benchmarks/data/VOC2012/2011_001564.jpg class: aeroplanewrong_boxes_size: -27
#ERR img_name: /home/carol/radiation-benchmarks/data/VOC2012/2011_001564.jpg class: aeroplane box: [0] x1_e: 27.6598205566 x1_r: 61.3853683472 y1_e: 60.0911407471 y1_r: 76.2942199707 x2_e: 313.598175049 x2_r: 262.970214844 y2_e: 317.850341797 y2_r: 313.458587646 
#ERR img_name: /home/carol/radiation-benchmarks/data/VOC2012/2011_001564.jpg class: aeroplane box: [1] x1_e: 172.919036865 x1_r: 412.199829102 y1_e: 88.7887496948 y1_r: 48.4287109375 x2_e: 495.20980835 x2_r: 499.0 y2_e: 295.420898438 y2_r: 197.177963257 
#ERR img_name: /home/carol/radiation-benchmarks/data/VOC2012/2011_001564.jpg class: aeroplane box: [2] x1_e: 324.434387207 x1_r: 138.425308228 y1_e: 180.236206055 y1_r: 44.8839263916 x2_e: 499.0 x2_r: 485.013977051 y2_e: 313.349121094 y2_r: 268.988037109 
#ERR img_name: /home/carol/radiation-benchmarks/data/VOC2012/2011_001564.jpg class: aeroplane box: [3] x1_e: 352.364471436 x1_r: 305.26940918 y1_e: 45.3178710938 y1_r: 6.94567108154 x2_e: 499.0 x2_r: 427.979431152 y2_e: 224.414611816 y2_r: 133.219970703 
#ERR img_name: /home/carol/radiation-benchmarks/data/VOC2012/2011_001564.jpg class: aeroplane box: [4] x1_e: 201.045944214 x1_r: 466.58770752 y1_e: 10.0072555542 y1_r: 1.21885299683 x2_e: 475.941772461 x2_r: 499.0 y2_e: 145.585693359 y2_r: 26.7243881226 
#ERR img_name: /home/carol/radiation-benchmarks/data/VOC2012/2011_001564.jpg class: aeroplane box: [5] x1_e: 0.0 x1_r: 0.0 y1_e: 23.8566665649 y1_r: 284.272888184 x2_e: 121.187744141 x2_r: 21.6270675659 y2_e: 246.400177002 y2_r: 325.501220703 
#ERR img_name: /home/carol/radiation-benchmarks/data/VOC2012/2011_001564.jpg class: aeroplane box: [6] x1_e: 21.6784210205 x1_r: 25.6962509155 y1_e: 13.7158813477 y1_r: 4.68162155151 x2_e: 337.826843262 x2_r: 185.200744629 y2_e: 153.505813599 y2_r: 91.677520752 
#ERR img_name: /home/carol/radiation-benchmarks/data/VOC2012/2011_001564.jpg class: dogwrong_score_size: -29
#ERR img_name: /home/carol/radiation-benchmarks/data/VOC2012/2011_001564.jpg class: dogwrong_boxes_size: -29
#ERR img_name: /home/carol/radiation-benchmarks/data/VOC2012/2011_001564.jpg class: dog box: [0] x1_e: 29.3074645996 x1_r: 70.4496231079 y1_e: 53.7651519775 y1_r: 57.3723907471 x2_e: 353.795623779 x2_r: 251.784332275 y2_e: 332.0 y2_r: 332.0 
#ERR img_name: /home/carol/radiation-benchmarks/data/VOC2012/2011_001564.jpg class: dog box: [1] x1_e: 199.538818359 x1_r: 468.429992676 y1_e: 37.3960952759 y1_r: 1.7273683548 x2_e: 466.397094727 x2_r: 497.16809082 y2_e: 286.634796143 y2_r: 28.2414855957 
#ERR img_name: /home/carol/radiation-benchmarks/data/VOC2012/2011_001564.jpg class: dog box: [2] x1_e: 360.772979736 x1_r: 451.599578857 y1_e: 40.6009979248 y1_r: 30.0994949341 x2_e: 499.0 x2_r: 499.0 y2_e: 231.361343384 y2_r: 224.738250732 
#ERR img_name: /home/carol/radiation-benchmarks/data/VOC2012/2011_001564.jpg class: dog box: [3] x1_e: 339.235870361 x1_r: 156.773330688 y1_e: 176.975341797 y1_r: 30.5385131836 x2_e: 491.776885986 x2_r: 465.096435547 y2_e: 311.497467041 y2_r: 290.111572266 
#ERR img_name: /home/carol/radiation-benchmarks/data/VOC2012/2011_001564.jpg class: dog box: [4] x1_e: 0.360977172852 x1_r: 375.286315918 y1_e: 16.1255187988 y1_r: 96.4073791504 x2_e: 108.254051208 x2_r: 495.026916504 y2_e: 255.541503906 y2_r: 218.415740967 
#ERR img_name: /home/carol/radiation-benchmarks/data/VOC2012/2011_001564.jpg class: dog box: [5] x1_e: 47.9494934082 x1_r: 311.550720215 y1_e: 7.9962387085 y1_r: 0.10538482666 x2_e: 311.783233643 x2_r: 419.355712891 y2_e: 166.063781738 y2_r: 142.168151855 
#ERR img_name: /home/carol/radiation-benchmarks/data/VOC2012/2011_001564.jpg class: catwrong_score_size: -31
#ERR img_name: /home/carol/radiation-benchmarks/data/VOC2012/2011_001564.jpg class: cat score: [0] e: 0.0634854584932 r: 0.00052865530597
#ERR img_name: /home/carol/radiation-benchmarks/data/VOC2012/2011_001564.jpg class: catwrong_boxes_size: -31
#ERR img_name: /home/carol/radiation-benchmarks/data/VOC2012/2011_001564.jpg class: cat box: [0] x1_e: 71.4416732788 x1_r: 70.4539031982 y1_e: 25.2784576416 y1_r: 59.4089355469 x2_e: 239.522857666 x2_r: 253.617874146 y2_e: 332.0 y2_r: 332.0 
#ERR img_name: /home/carol/radiation-benchmarks/data/VOC2012/2011_001564.jpg class: cat box: [1] x1_e: 143.104766846 x1_r: 220.226531982 y1_e: 40.6518783569 y1_r: 17.7009963989 x2_e: 405.097808838 x2_r: 426.554412842 y2_e: 288.281219482 y2_r: 218.496856689 
#ERR img_name: /home/carol/radiation-benchmarks/data/VOC2012/2011_001564.jpg class: cat box: [2] x1_e: 259.600646973 x1_r: 451.720581055 y1_e: 156.617477417 y1_r: 25.5161972046 x2_e: 488.027099609 x2_r: 499.0 y2_e: 307.964355469 y2_r: 216.86517334 
#ERR img_name: /home/carol/radiation-benchmarks/data/VOC2012/2011_001564.jpg class: cat box: [3] x1_e: 362.381011963 x1_r: 468.475402832 y1_e: 34.3443145752 y1_r: 1.31669521332 x2_e: 499.0 x2_r: 497.313232422 y2_e: 224.706375122 y2_r: 27.4540100098 
#ERR img_name: /home/carol/radiation-benchmarks/data/VOC2012/2011_001564.jpg class: cat box: [4] x1_e: 3.00973510742 x1_r: 376.284851074 y1_e: 14.7830123901 y1_r: 93.2668609619 x2_e: 107.997879028 x2_r: 496.053649902 y2_e: 240.222961426 y2_r: 214.849563599 
#ERR img_name: /home/carol/radiation-benchmarks/data/VOC2012/2011_001564.jpg class: cat box: [5] x1_e: 221.82699585 x1_r: 313.662109375 y1_e: 1.26259613037 y1_r: 0.0 x2_e: 459.528167725 x2_r: 418.823730469 y2_e: 150.151397705 y2_r: 135.346420288 
#ERR img_name: /home/carol/radiation-benchmarks/data/VOC2012/2011_001564.jpg class: personwrong_score_size: -29
#ERR img_name: /home/carol/radiation-benchmarks/data/VOC2012/2011_001564.jpg class: personwrong_boxes_size: -29
#ERR img_name: /home/carol/radiation-benchmarks/data/VOC2012/2011_001564.jpg class: person box: [0] x1_e: 9.7971496582 x1_r: 65.2052764893 y1_e: 49.1703186035 y1_r: 46.6759185791 x2_e: 394.846710205 x2_r: 258.552856445 y2_e: 332.0 y2_r: 332.0 
#ERR img_name: /home/carol/radiation-benchmarks/data/VOC2012/2011_001564.jpg class: person box: [1] x1_e: 247.041442871 x1_r: 452.348846436 y1_e: 45.633605957 y1_r: 14.3384475708 x2_e: 494.268554688 x2_r: 498.617706299 y2_e: 320.27432251 y2_r: 238.424621582 
#ERR img_name: /home/carol/radiation-benchmarks/data/VOC2012/2011_001564.jpg class: person box: [2] x1_e: 398.997924805 x1_r: 469.429290771 y1_e: 135.432006836 y1_r: 0.0 x2_e: 495.776550293 x2_r: 496.437591553 y2_e: 320.151702881 y2_r: 28.6658630371 
#ERR img_name: /home/carol/radiation-benchmarks/data/VOC2012/2011_001564.jpg class: person box: [4] x1_e: 400.078308105 x1_r: 376.039154053 y1_e: 19.8299560547 y1_r: 83.8953094482 x2_e: 499.0 x2_r: 493.79800415 y2_e: 216.476776123 y2_r: 231.24446106 
#ERR img_name: /home/carol/radiation-benchmarks/data/VOC2012/2011_001564.jpg class: person box: [5] x1_e: 120.530029297 x1_r: 218.521362305 y1_e: 0.0 y1_r: 10.7029800415 x2_e: 463.060119629 x2_r: 425.987792969 y2_e: 158.060821533 y2_r: 243.70892334 
#ERR img_name: /home/carol/radiation-benchmarks/data/VOC2012/2011_001564.jpg class: trainwrong_score_size: -26
#ERR img_name: /home/carol/radiation-benchmarks/data/VOC2012/2011_001564.jpg class: trainwrong_boxes_size: -26
#ERR img_name: /home/carol/radiation-benchmarks/data/VOC2012/2011_001564.jpg class: train box: [0] x1_e: 25.1753845215 x1_r: 69.4406509399 y1_e: 69.7479782104 y1_r: 82.6520004272 x2_e: 311.398803711 x2_r: 256.055999756 y2_e: 320.502105713 y2_r: 313.000457764 
#ERR img_name: /home/carol/radiation-benchmarks/data/VOC2012/2011_001564.jpg class: train box: [1] x1_e: 169.670455933 x1_r: 447.08291626 y1_e: 86.7324371338 y1_r: 22.7391433716 x2_e: 499.0 x2_r: 499.0 y2_e: 302.76550293 y2_r: 223.152679443 
#ERR img_name: /home/carol/radiation-benchmarks/data/VOC2012/2011_001564.jpg class: train box: [2] x1_e: 350.373535156 x1_r: 138.687011719 y1_e: 39.1423492432 y1_r: 42.7532653809 x2_e: 499.0 x2_r: 492.427978516 y2_e: 230.47026062 y2_r: 275.156036377 
#ERR img_name: /home/carol/radiation-benchmarks/data/VOC2012/2011_001564.jpg class: train box: [3] x1_e: 384.515472412 x1_r: 466.242401123 y1_e: 150.706787109 y1_r: 0.445296287537 x2_e: 499.0 x2_r: 499.0 y2_e: 310.543945312 y2_r: 27.637550354 
#ERR img_name: /home/carol/radiation-benchmarks/data/VOC2012/2011_001564.jpg class: train box: [4] x1_e: 198.11390686 x1_r: 303.41619873 y1_e: 8.32232666016 y1_r: 4.91310882568 x2_e: 485.075500488 x2_r: 430.248840332 y2_e: 148.647094727 y2_r: 135.410552979 
#ERR img_name: /home/carol/radiation-benchmarks/data/VOC2012/2011_001564.jpg class: train box: [5] x1_e: 0.0 x1_r: 0.0 y1_e: 6.12551879883 y1_r: 0.0 x2_e: 120.757919312 x2_r: 129.707275391 y2_e: 254.838653564 y2_r: 167.484130859 
#ERR img_name: /home/carol/radiation-benchmarks/data/VOC2012/2011_001564.jpg class: diningtablewrong_score_size: -20
#ERR img_name: /home/carol/radiation-benchmarks/data/VOC2012/2011_001564.jpg class: diningtablewrong_boxes_size: -20
#ERR img_name: /home/carol/radiation-benchmarks/data/VOC2012/2011_001564.jpg class: diningtable box: [0] x1_e: 0.0 x1_r: 51.0798034668 y1_e: 47.7373962402 y1_r: 57.5328674316 x2_e: 353.904968262 x2_r: 260.089752197 y2_e: 332.0 y2_r: 315.750305176 
#ERR img_name: /home/carol/radiation-benchmarks/data/VOC2012/2011_001564.jpg class: diningtable box: [1] x1_e: 162.170639038 x1_r: 401.528869629 y1_e: 199.726776123 y1_r: 42.7600860596 x2_e: 499.0 x2_r: 499.0 y2_e: 332.0 y2_r: 218.352035522 
#ERR img_name: /home/carol/radiation-benchmarks/data/VOC2012/2011_001564.jpg class: diningtable box: [2] x1_e: 370.646209717 x1_r: 462.414581299 y1_e: 88.7394561768 y1_r: 0.236968994141 x2_e: 499.0 x2_r: 499.0 y2_e: 329.178161621 y2_r: 29.3323860168 
#ERR img_name: /home/carol/radiation-benchmarks/data/VOC2012/2011_001564.jpg class: diningtable box: [4] x1_e: 0.0 x1_r: 0.0 y1_e: 1.30227661133 y1_r: 282.927764893 x2_e: 129.259796143 x2_r: 23.5791015625 y2_e: 262.768432617 y2_r: 331.46786499 
#ERR img_name: /home/carol/radiation-benchmarks/data/VOC2012/2011_001564.jpg class: bottlewrong_score_size: -33
#ERR img_name: /home/carol/radiation-benchmarks/data/VOC2012/2011_001564.jpg class: bottlewrong_boxes_size: -33
#ERR img_name: /home/carol/radiation-benchmarks/data/VOC2012/2011_001564.jpg class: bottle box: [0] x1_e: 77.3423690796 x1_r: 75.0456542969 y1_e: 48.0203399658 y1_r: 65.8589019775 x2_e: 226.57598877 x2_r: 241.439331055 y2_e: 332.0 y2_r: 330.86517334 
#ERR img_name: /home/carol/radiation-benchmarks/data/VOC2012/2011_001564.jpg class: bottle box: [1] x1_e: 168.527618408 x1_r: 456.189086914 y1_e: 32.6342926025 y1_r: 12.9583358765 x2_e: 387.369293213 x2_r: 496.093017578 y2_e: 314.878723145 y2_r: 225.26461792 
#ERR img_name: /home/carol/radiation-benchmarks/data/VOC2012/2011_001564.jpg class: bottle box: [2] x1_e: 6.31740570068 x1_r: 11.2961006165 y1_e: 17.2551269531 y1_r: 0.0 x2_e: 138.567230225 x2_r: 105.87336731 y2_e: 322.375 y2_r: 166.225646973 
#ERR img_name: /home/carol/radiation-benchmarks/data/VOC2012/2011_001564.jpg class: bottle box: [3] x1_e: 278.781585693 x1_r: 232.975250244 y1_e: 152.934387207 y1_r: 9.44731903076 x2_e: 471.8777771 x2_r: 413.630828857 y2_e: 322.208282471 y2_r: 232.133270264 
#ERR img_name: /home/carol/radiation-benchmarks/data/VOC2012/2011_001564.jpg class: bottle box: [5] x1_e: 406.332702637 x1_r: 470.914733887 y1_e: 141.554473877 y1_r: 0.0 x2_e: 491.005554199 x2_r: 494.864562988 y2_e: 315.559295654 y2_r: 28.2235031128 
#ERR img_name: /home/carol/radiation-benchmarks/data/VOC2012/2011_001564.jpg class: bottle box: [6] x1_e: 238.270736694 x1_r: 5.1332359314 y1_e: 0.0 y1_r: 164.143493652 x2_e: 450.797180176 x2_r: 57.8520431519 y2_e: 154.872070312 y2_r: 332.0 
#ERR img_name: /home/carol/radiation-benchmarks/data/VOC2012/2011_001564.jpg class: bottle box: [7] x1_e: 54.3632583618 x1_r: 1.70075798035 y1_e: 0.0272979736328 y1_r: 281.354553223 x2_e: 294.415710449 x2_r: 16.9021377563 y2_e: 159.181442261 y2_r: 325.099853516 
#ERR img_name: /home/carol/radiation-benchmarks/data/VOC2012/2011_001564.jpg class: buswrong_score_size: -25
#ERR img_name: /home/carol/radiation-benchmarks/data/VOC2012/2011_001564.jpg class: buswrong_boxes_size: -25
#ERR img_name: /home/carol/radiation-benchmarks/data/VOC2012/2011_001564.jpg class: bus box: [0] x1_e: 18.6344146729 x1_r: 64.6684875488 y1_e: 74.1954574585 y1_r: 88.9911804199 x2_e: 320.996337891 x2_r: 259.056304932 y2_e: 328.376647949 y2_r: 310.264465332 
#ERR img_name: /home/carol/radiation-benchmarks/data/VOC2012/2011_001564.jpg class: bus box: [1] x1_e: 173.235733032 x1_r: 446.860595703 y1_e: 81.2287597656 y1_r: 16.1415481567 x2_e: 493.879882812 x2_r: 499.0 y2_e: 305.721740723 y2_r: 218.361846924 
#ERR img_name: /home/carol/radiation-benchmarks/data/VOC2012/2011_001564.jpg class: bus box: [2] x1_e: 323.598358154 x1_r: 466.063842773 y1_e: 175.045013428 y1_r: 0.206488609314 x2_e: 499.0 x2_r: 499.0 y2_e: 317.514678955 y2_r: 26.9737281799 
#ERR img_name: /home/carol/radiation-benchmarks/data/VOC2012/2011_001564.jpg class: bus box: [3] x1_e: 351.367858887 x1_r: 140.95324707 y1_e: 31.7250289917 y1_r: 33.3210754395 x2_e: 499.0 x2_r: 490.503540039 y2_e: 226.531555176 y2_r: 270.104553223 
#ERR img_name: /home/carol/radiation-benchmarks/data/VOC2012/2011_001564.jpg class: bus box: [4] x1_e: 195.508422852 x1_r: 302.106658936 y1_e: 4.29080200195 y1_r: 2.15824890137 x2_e: 482.479309082 x2_r: 428.554901123 y2_e: 146.215942383 y2_r: 133.806655884 
#ERR img_name: /home/carol/radiation-benchmarks/data/VOC2012/2011_001564.jpg class: bus box: [5] x1_e: 0.0 x1_r: 0.0 y1_e: 6.10472869873 y1_r: 0.0 x2_e: 117.968856812 x2_r: 127.912094116 y2_e: 249.869018555 y2_r: 164.15083313 
#ERR img_name: /home/carol/radiation-benchmarks/data/VOC2012/2011_001564.jpg class: pottedplantwrong_score_size: -25
#ERR img_name: /home/carol/radiation-benchmarks/data/VOC2012/2011_001564.jpg class: pottedplantwrong_boxes_size: -25
#ERR img_name: /home/carol/radiation-benchmarks/data/VOC2012/2011_001564.jpg class: pottedplant box: [0] x1_e: 20.934387207 x1_r: 66.5135345459 y1_e: 25.5699005127 y1_r: 49.9489898682 x2_e: 315.506500244 x2_r: 255.503921509 y2_e: 332.0 y2_r: 332.0 
#ERR img_name: /home/carol/radiation-benchmarks/data/VOC2012/2011_001564.jpg class: pottedplant box: [1] x1_e: 192.541305542 x1_r: 453.346313477 y1_e: 62.1277313232 y1_r: 14.9314804077 x2_e: 481.213256836 x2_r: 499.0 y2_e: 332.0 y2_r: 235.220489502 
#ERR img_name: /home/carol/radiation-benchmarks/data/VOC2012/2011_001564.jpg class: pottedplant box: [2] x1_e: 340.007080078 x1_r: 215.357849121 y1_e: 163.832366943 y1_r: 7.05852508545 x2_e: 497.245178223 x2_r: 432.973937988 y2_e: 325.821228027 y2_r: 253.390289307 
#ERR img_name: /home/carol/radiation-benchmarks/data/VOC2012/2011_001564.jpg class: pottedplant box: [3] x1_e: 364.879150391 x1_r: 9.45112991333 y1_e: 24.8698272705 y1_r: 0.0 x2_e: 499.0 x2_r: 112.992599487 y2_e: 250.522689819 y2_r: 175.792602539 
#ERR img_name: /home/carol/radiation-benchmarks/data/VOC2012/2011_001564.jpg class: pottedplant box: [4] x1_e: 1.27251052856 x1_r: 469.49810791 y1_e: 0.341247558594 y1_r: 0.0 x2_e: 105.86177063 x2_r: 496.74407959 y2_e: 274.716247559 y2_r: 29.33436203 
#ERR img_name: /home/carol/radiation-benchmarks/data/VOC2012/2011_001564.jpg class: pottedplant box: [5] x1_e: 220.970108032 x1_r: 312.183197021 y1_e: 0.0 y1_r: 0.0 x2_e: 465.144104004 x2_r: 420.298614502 y2_e: 169.594696045 y2_r: 152.820465088 
#ERR img_name: /home/carol/radiation-benchmarks/data/VOC2012/2011_001564.jpg class: tvmonitorwrong_score_size: -24
#ERR img_name: /home/carol/radiation-benchmarks/data/VOC2012/2011_001564.jpg class: tvmonitorwrong_boxes_size: -24
#ERR img_name: /home/carol/radiation-benchmarks/data/VOC2012/2011_001564.jpg class: tvmonitor box: [0] x1_e: 14.37449646 x1_r: 61.0503997803 y1_e: 46.3291778564 y1_r: 62.5950012207 x2_e: 326.356872559 x2_r: 266.523254395 y2_e: 332.0 y2_r: 319.961334229 
#ERR img_name: /home/carol/radiation-benchmarks/data/VOC2012/2011_001564.jpg class: tvmonitor box: [1] x1_e: 173.199050903 x1_r: 0.445129394531 y1_e: 67.8724822998 y1_r: 0.0 x2_e: 498.848449707 x2_r: 123.909667969 y2_e: 323.093017578 y2_r: 170.187042236 
#ERR img_name: /home/carol/radiation-benchmarks/data/VOC2012/2011_001564.jpg class: tvmonitor box: [2] x1_e: 0.0 x1_r: 200.507019043 y1_e: 0.0 y1_r: 4.4938583374 x2_e: 117.076080322 x2_r: 445.634521484 y2_e: 263.581359863 y2_r: 236.175964355 
#ERR img_name: /home/carol/radiation-benchmarks/data/VOC2012/2011_001564.jpg class: tvmonitor box: [3] x1_e: 388.391052246 x1_r: 448.991363525 y1_e: 142.940093994 y1_r: 10.3632354736 x2_e: 499.0 x2_r: 499.0 y2_e: 318.028320312 y2_r: 224.220169067 
#ERR img_name: /home/carol/radiation-benchmarks/data/VOC2012/2011_001564.jpg class: tvmonitor box: [4] x1_e: 353.151916504 x1_r: 467.068817139 y1_e: 20.4695739746 y1_r: 0.0 x2_e: 499.0 x2_r: 498.566741943 y2_e: 236.781066895 y2_r: 28.3522186279 
#ERR img_name: /home/carol/radiation-benchmarks/data/VOC2012/2011_001564.jpg class: tvmonitor box: [5] x1_e: 200.308959961 x1_r: 0.0 y1_e: 0.0 y1_r: 157.161376953 x2_e: 478.042602539 x2_r: 70.0458679199 y2_e: 157.09979248 y2_r: 332.0 
#ERR img_name: /home/carol/radiation-benchmarks/data/VOC2012/2011_001564.jpg class: chairwrong_score_size: -23
#ERR img_name: /home/carol/radiation-benchmarks/data/VOC2012/2011_001564.jpg class: chairwrong_boxes_size: -23
#ERR img_name: /home/carol/radiation-benchmarks/data/VOC2012/2011_001564.jpg class: chair box: [0] x1_e: 57.2476119995 x1_r: 61.6427230835 y1_e: 21.1831207275 y1_r: 62.1924743652 x2_e: 246.268859863 x2_r: 254.777618408 y2_e: 332.0 y2_r: 332.0 
#ERR img_name: /home/carol/radiation-benchmarks/data/VOC2012/2011_001564.jpg class: chair box: [1] x1_e: 182.905441284 x1_r: 467.114807129 y1_e: 72.047744751 y1_r: 0.0 x2_e: 490.016235352 x2_r: 499.0 y2_e: 329.543457031 y2_r: 30.1983528137 
#ERR img_name: /home/carol/radiation-benchmarks/data/VOC2012/2011_001564.jpg class: chair box: [2] x1_e: 390.939300537 x1_r: 449.753448486 y1_e: 149.944091797 y1_r: 20.5369567871 x2_e: 499.0 x2_r: 499.0 y2_e: 329.141479492 y2_r: 246.769683838 
#ERR img_name: /home/carol/radiation-benchmarks/data/VOC2012/2011_001564.jpg class: chair box: [3] x1_e: 355.31237793 x1_r: 0.0 y1_e: 30.4653167725 y1_r: 283.004486084 x2_e: 499.0 x2_r: 20.027671814 y2_e: 255.317245483 y2_r: 330.879302979 
#ERR img_name: /home/carol/radiation-benchmarks/data/VOC2012/2011_001564.jpg class: chair box: [4] x1_e: 210.827880859 x1_r: 350.048309326 y1_e: 0.0 y1_r: 1.61556816101 x2_e: 479.293029785 x2_r: 388.963165283 y2_e: 172.773681641 y2_r: 33.963508606 
#ERR img_name: /home/carol/radiation-benchmarks/data/VOC2012/2011_001564.jpg class: chair box: [5] x1_e: 0.0 x1_r: 307.644042969 y1_e: 2.55606079102 y1_r: 0.0 x2_e: 116.117233276 x2_r: 425.651733398 y2_e: 289.174957275 y2_r: 156.546890259 
#ERR img_name: /home/carol/radiation-benchmarks/data/VOC2012/2011_001564.jpg class: birdwrong_score_size: -31
#ERR img_name: /home/carol/radiation-benchmarks/data/VOC2012/2011_001564.jpg class: bird score: [0] e: 0.992686390877 r: 0.425887435675
#ERR img_name: /home/carol/radiation-benchmarks/data/VOC2012/2011_001564.jpg class: birdwrong_boxes_size: -31
#ERR img_name: /home/carol/radiation-benchmarks/data/VOC2012/2011_001564.jpg class: bird box: [0] x1_e: 78.0381011963 x1_r: 75.382774353 y1_e: 76.5677337646 y1_r: 72.8052368164 x2_e: 260.895568848 x2_r: 253.998718262 y2_e: 332.0 y2_r: 332.0 
#ERR img_name: /home/carol/radiation-benchmarks/data/VOC2012/2011_001564.jpg class: bird box: [1] x1_e: 150.807785034 x1_r: 173.686767578 y1_e: 65.0238265991 y1_r: 43.4984130859 x2_e: 404.694519043 x2_r: 466.648864746 y2_e: 293.547973633 y2_r: 273.803100586 
#ERR img_name: /home/carol/radiation-benchmarks/data/VOC2012/2011_001564.jpg class: bird box: [2] x1_e: 263.425598145 x1_r: 315.546936035 y1_e: 161.352401733 y1_r: 5.20150375366 x2_e: 490.549133301 x2_r: 419.898681641 y2_e: 308.840820312 y2_r: 132.975616455 
#ERR img_name: /home/carol/radiation-benchmarks/data/VOC2012/2011_001564.jpg class: bird box: [3] x1_e: 367.259124756 x1_r: 379.448425293 y1_e: 44.0953292847 y1_r: 98.9917297363 x2_e: 499.0 x2_r: 495.829711914 y2_e: 224.72869873 y2_r: 213.630828857 
#ERR img_name: /home/carol/radiation-benchmarks/data/VOC2012/2011_001564.jpg class: bird box: [4] x1_e: 231.227890015 x1_r: 453.537628174 y1_e: 8.37855529785 y1_r: 30.8137664795 x2_e: 462.043640137 x2_r: 499.0 y2_e: 146.618484497 y2_r: 216.043930054 
#ERR img_name: /home/carol/radiation-benchmarks/data/VOC2012/2011_001564.jpg class: bird box: [5] x1_e: 4.94917678833 x1_r: 374.522277832 y1_e: 24.5179824829 y1_r: 42.4091644287 x2_e: 107.840072632 x2_r: 495.303161621 y2_e: 245.817932129 y2_r: 142.685668945 
#ERR img_name: /home/carol/radiation-benchmarks/data/VOC2012/2011_001564.jpg class: bird box: [6] x1_e: 57.1608123779 x1_r: 469.188720703 y1_e: 14.1724853516 y1_r: 1.45033931732 x2_e: 318.221801758 x2_r: 497.25958252 y2_e: 155.769622803 y2_r: 27.424571991 
#ERR img_name: /home/carol/radiation-benchmarks/data/VOC2012/2011_001564.jpg class: boatwrong_score_size: -29
#ERR img_name: /home/carol/radiation-benchmarks/data/VOC2012/2011_001564.jpg class: boatwrong_boxes_size: -29
#ERR img_name: /home/carol/radiation-benchmarks/data/VOC2012/2011_001564.jpg class: boat box: [0] x1_e: 38.2377166748 x1_r: 72.0321731567 y1_e: 50.6754150391 y1_r: 76.6569824219 x2_e: 292.640808105 x2_r: 248.451416016 y2_e: 332.0 y2_r: 332.0 
#ERR img_name: /home/carol/radiation-benchmarks/data/VOC2012/2011_001564.jpg class: boat box: [1] x1_e: 193.5181427 x1_r: 450.470458984 y1_e: 81.6614074707 y1_r: 25.3375396729 x2_e: 478.459899902 x2_r: 499.0 y2_e: 315.140838623 y2_r: 237.116470337 
#ERR img_name: /home/carol/radiation-benchmarks/data/VOC2012/2011_001564.jpg class: boat box: [2] x1_e: 333.75177002 x1_r: 218.175292969 y1_e: 173.127349854 y1_r: 30.0147476196 x2_e: 499.0 x2_r: 431.480651855 y2_e: 324.933990479 y2_r: 237.833099365 
#ERR img_name: /home/carol/radiation-benchmarks/data/VOC2012/2011_001564.jpg class: boat box: [3] x1_e: 359.8699646 x1_r: 311.661834717 y1_e: 42.6543502808 y1_r: 5.16119384766 x2_e: 499.0 x2_r: 421.866790771 y2_e: 243.145996094 y2_r: 146.505249023 
#ERR img_name: /home/carol/radiation-benchmarks/data/VOC2012/2011_001564.jpg class: boat box: [4] x1_e: 221.587387085 x1_r: 468.168670654 y1_e: 7.73633575439 y1_r: 0.63090801239 x2_e: 463.067810059 x2_r: 498.259307861 y2_e: 163.468444824 y2_r: 29.2170639038 
#ERR img_name: /home/carol/radiation-benchmarks/data/VOC2012/2011_001564.jpg class: boat box: [5] x1_e: 0.0 x1_r: 5.68732833862 y1_e: 9.74960327148 y1_r: 0.0 x2_e: 113.859352112 x2_r: 122.800720215 y2_e: 271.839263916 y2_r: 181.492889404 
#ERR img_name: /home/carol/radiation-benchmarks/data/VOC2012/2011_001564.jpg class: carwrong_score_size: -26
#ERR img_name: /home/carol/radiation-benchmarks/data/VOC2012/2011_001564.jpg class: carwrong_boxes_size: -26
#ERR img_name: /home/carol/radiation-benchmarks/data/VOC2012/2011_001564.jpg class: car box: [0] x1_e: 17.20652771 x1_r: 61.4388885498 y1_e: 55.4297637939 y1_r: 69.0509414673 x2_e: 310.07635498 x2_r: 256.369628906 y2_e: 324.092590332 y2_r: 317.49597168 
#ERR img_name: /home/carol/radiation-benchmarks/data/VOC2012/2011_001564.jpg class: car box: [1] x1_e: 172.972824097 x1_r: 447.482421875 y1_e: 85.4420471191 y1_r: 28.5902404785 x2_e: 488.572021484 x2_r: 499.0 y2_e: 301.604644775 y2_r: 216.579162598 
#ERR img_name: /home/carol/radiation-benchmarks/data/VOC2012/2011_001564.jpg class: car box: [2] x1_e: 325.475494385 x1_r: 466.826263428 y1_e: 176.660705566 y1_r: 1.14190196991 x2_e: 499.0 x2_r: 498.659393311 y2_e: 312.52142334 y2_r: 26.4563331604 
#ERR img_name: /home/carol/radiation-benchmarks/data/VOC2012/2011_001564.jpg class: car box: [3] x1_e: 352.360809326 x1_r: 140.000137329 y1_e: 40.1988449097 y1_r: 40.0711288452 x2_e: 499.0 x2_r: 481.457458496 y2_e: 224.470703125 y2_r: 271.295013428 
#ERR img_name: /home/carol/radiation-benchmarks/data/VOC2012/2011_001564.jpg class: car box: [4] x1_e: 198.306289673 x1_r: 303.290008545 y1_e: 7.72686767578 y1_r: 4.19448852539 x2_e: 475.246643066 x2_r: 426.021820068 y2_e: 146.12512207 y2_r: 132.754989624 
#ERR img_name: /home/carol/radiation-benchmarks/data/VOC2012/2011_001564.jpg class: car box: [5] x1_e: 0.0 x1_r: 350.207641602 y1_e: 16.3692169189 y1_r: 2.97091293335 x2_e: 115.841133118 x2_r: 388.473022461 y2_e: 246.577804565 y2_r: 29.3911018372 
#ERR img_name: /home/carol/radiation-benchmarks/data/VOC2012/2011_001564.jpg class: car box: [6] x1_e: 19.4537658691 x1_r: 371.909851074 y1_e: 5.49361419678 y1_r: 7.60764694214 x2_e: 330.13873291 x2_r: 499.0 y2_e: 153.097442627 y2_r: 133.265625 
#SDC Ite:348 KerTime:0.287864 AccTime:94.345884 KerErr:1196 AccErr:1196
#ABORT too many errors per iteration
#END