#HEADER execution_type:yolo execution_model:valid img_list_path:/home/carol/radiation-benchmarks/data/networks_img_list/caltech.pedestrians.critical.1K.txt weights:/home/carol/radiation-benchmarks/data/darknet/yolo.weights config_file:/home/carol/radiation-benchmarks/data/darknet/yolo.cfg iterations:10000 abft: no_abft
#BEGIN Y:2016 M:12 D:13 Time:12:16:01
#IT Ite:0 KerTime:0.445789 AccTime:0.445789
#IT Ite:1 KerTime:0.362068 AccTime:0.807857
#IT Ite:2 KerTime:0.357464 AccTime:1.165321
#IT Ite:3 KerTime:0.357562 AccTime:1.522883
#IT Ite:4 KerTime:0.357157 AccTime:1.880040
#IT Ite:5 KerTime:0.357132 AccTime:2.237172
#IT Ite:6 KerTime:0.357069 AccTime:2.594241
#IT Ite:7 KerTime:0.357108 AccTime:2.951349
#IT Ite:8 KerTime:0.357580 AccTime:3.308929
#IT Ite:9 KerTime:0.357548 AccTime:3.666477
#IT Ite:10 KerTime:0.357173 AccTime:4.023650
#IT Ite:11 KerTime:0.357366 AccTime:4.381016
#IT Ite:12 KerTime:0.357280 AccTime:4.738296
#IT Ite:13 KerTime:0.357471 AccTime:5.095767
#IT Ite:14 KerTime:0.357556 AccTime:5.453323
#IT Ite:15 KerTime:0.357433 AccTime:5.810756
#IT Ite:16 KerTime:0.357313 AccTime:6.168069
#IT Ite:17 KerTime:0.357437 AccTime:6.525506
#IT Ite:18 KerTime:0.357546 AccTime:6.883052
#IT Ite:19 KerTime:0.357122 AccTime:7.240174
#IT Ite:20 KerTime:0.357529 AccTime:7.597703
#IT Ite:21 KerTime:0.357579 AccTime:7.955282
#IT Ite:22 KerTime:0.356887 AccTime:8.312169
#IT Ite:23 KerTime:0.357231 AccTime:8.669400
#IT Ite:24 KerTime:0.357527 AccTime:9.026927
#IT Ite:25 KerTime:0.357426 AccTime:9.384353
#IT Ite:26 KerTime:0.357533 AccTime:9.741886
#IT Ite:27 KerTime:0.357630 AccTime:10.099516
#IT Ite:28 KerTime:0.357763 AccTime:10.457279
#IT Ite:29 KerTime:0.357496 AccTime:10.814775
#IT Ite:30 KerTime:0.357283 AccTime:11.172058
#IT Ite:31 KerTime:0.357356 AccTime:11.529414
#IT Ite:32 KerTime:0.357257 AccTime:11.886671
#IT Ite:33 KerTime:0.357069 AccTime:12.243740
#IT Ite:34 KerTime:0.357758 AccTime:12.601498
#IT Ite:35 KerTime:0.357202 AccTime:12.958700
#IT Ite:36 KerTime:0.357138 AccTime:13.315838
#IT Ite:37 KerTime:0.357578 AccTime:13.673416
#IT Ite:38 KerTime:0.357564 AccTime:14.030980
#IT Ite:39 KerTime:0.357320 AccTime:14.388300
#IT Ite:40 KerTime:0.357680 AccTime:14.745980
#IT Ite:41 KerTime:0.357288 AccTime:15.103268
#IT Ite:42 KerTime:0.357271 AccTime:15.460539
#IT Ite:43 KerTime:0.356755 AccTime:15.817294
#IT Ite:44 KerTime:0.356721 AccTime:16.174015
#IT Ite:45 KerTime:0.357561 AccTime:16.531576
#IT Ite:46 KerTime:0.356802 AccTime:16.888378
#IT Ite:47 KerTime:0.357604 AccTime:17.245982
#IT Ite:48 KerTime:0.356872 AccTime:17.602854
#IT Ite:49 KerTime:0.357621 AccTime:17.960475
#IT Ite:50 KerTime:0.357659 AccTime:18.318134
#IT Ite:51 KerTime:0.357227 AccTime:18.675361
#IT Ite:52 KerTime:0.357533 AccTime:19.032894
#IT Ite:53 KerTime:0.356805 AccTime:19.389699
#IT Ite:54 KerTime:0.357226 AccTime:19.746925
#IT Ite:55 KerTime:0.357419 AccTime:20.104344
#IT Ite:56 KerTime:0.357480 AccTime:20.461824
#IT Ite:57 KerTime:0.357586 AccTime:20.819410
#IT Ite:58 KerTime:0.357666 AccTime:21.177076
#IT Ite:59 KerTime:0.357621 AccTime:21.534697
#IT Ite:60 KerTime:0.357180 AccTime:21.891877
#IT Ite:61 KerTime:0.357474 AccTime:22.249351
#IT Ite:62 KerTime:0.357180 AccTime:22.606531
#IT Ite:63 KerTime:0.357279 AccTime:22.963810
#IT Ite:64 KerTime:0.357312 AccTime:23.321122
#IT Ite:65 KerTime:0.357116 AccTime:23.678238
#IT Ite:66 KerTime:0.357642 AccTime:24.035880
#IT Ite:67 KerTime:0.357245 AccTime:24.393125
#IT Ite:68 KerTime:0.357063 AccTime:24.750188
#IT Ite:69 KerTime:0.357314 AccTime:25.107502
#IT Ite:70 KerTime:0.357734 AccTime:25.465236
#IT Ite:71 KerTime:0.357772 AccTime:25.823008
#IT Ite:72 KerTime:0.357576 AccTime:26.180584
#IT Ite:73 KerTime:0.357708 AccTime:26.538292
#IT Ite:74 KerTime:0.356940 AccTime:26.895232
#IT Ite:75 KerTime:0.357009 AccTime:27.252241
#IT Ite:76 KerTime:0.357819 AccTime:27.610060
#IT Ite:77 KerTime:0.357621 AccTime:27.967681
#IT Ite:78 KerTime:0.357330 AccTime:28.325011
#IT Ite:79 KerTime:0.357198 AccTime:28.682209
#IT Ite:80 KerTime:0.357049 AccTime:29.039258
#IT Ite:81 KerTime:0.357296 AccTime:29.396554
#IT Ite:82 KerTime:0.357662 AccTime:29.754216
#IT Ite:83 KerTime:0.357022 AccTime:30.111238
#IT Ite:84 KerTime:0.357516 AccTime:30.468754
#IT Ite:85 KerTime:0.356851 AccTime:30.825605
#IT Ite:86 KerTime:0.357824 AccTime:31.183429
#IT Ite:87 KerTime:0.357683 AccTime:31.541112
#IT Ite:88 KerTime:0.357308 AccTime:31.898420
#IT Ite:89 KerTime:0.357333 AccTime:32.255753
#IT Ite:90 KerTime:0.357334 AccTime:32.613087
#IT Ite:91 KerTime:0.357427 AccTime:32.970514
#IT Ite:92 KerTime:0.357634 AccTime:33.328148
#IT Ite:93 KerTime:0.357444 AccTime:33.685592
#IT Ite:94 KerTime:0.356983 AccTime:34.042575
#IT Ite:95 KerTime:0.357541 AccTime:34.400116
#IT Ite:96 KerTime:0.356902 AccTime:34.757018
#IT Ite:97 KerTime:0.357080 AccTime:35.114098
#IT Ite:98 KerTime:0.357350 AccTime:35.471448
#IT Ite:99 KerTime:0.357445 AccTime:35.828893
#IT Ite:100 KerTime:0.357387 AccTime:36.186280
#IT Ite:101 KerTime:0.357160 AccTime:36.543440
#IT Ite:102 KerTime:0.357101 AccTime:36.900541
#IT Ite:103 KerTime:0.357138 AccTime:37.257679
#IT Ite:104 KerTime:0.357626 AccTime:37.615305
#IT Ite:105 KerTime:0.357761 AccTime:37.973066
#IT Ite:106 KerTime:0.357114 AccTime:38.330180
#IT Ite:107 KerTime:0.356759 AccTime:38.686939
#IT Ite:108 KerTime:0.357025 AccTime:39.043964
#IT Ite:109 KerTime:0.357506 AccTime:39.401470
#IT Ite:110 KerTime:0.357705 AccTime:39.759175
#IT Ite:111 KerTime:0.356752 AccTime:40.115927
#IT Ite:112 KerTime:0.357663 AccTime:40.473590
#IT Ite:113 KerTime:0.357609 AccTime:40.831199
#IT Ite:114 KerTime:0.357200 AccTime:41.188399
#IT Ite:115 KerTime:0.357588 AccTime:41.545987
#IT Ite:116 KerTime:0.357188 AccTime:41.903175
#IT Ite:117 KerTime:0.357043 AccTime:42.260218
#IT Ite:118 KerTime:0.357612 AccTime:42.617830
#IT Ite:119 KerTime:0.357313 AccTime:42.975143
#IT Ite:120 KerTime:0.357467 AccTime:43.332610
#IT Ite:121 KerTime:0.357753 AccTime:43.690363
#IT Ite:122 KerTime:0.357261 AccTime:44.047624
#IT Ite:123 KerTime:0.357681 AccTime:44.405305
#IT Ite:124 KerTime:0.357680 AccTime:44.762985
#IT Ite:125 KerTime:0.357733 AccTime:45.120718
#IT Ite:126 KerTime:0.357141 AccTime:45.477859
#IT Ite:127 KerTime:0.357431 AccTime:45.835290
#IT Ite:128 KerTime:0.357108 AccTime:46.192398
#IT Ite:129 KerTime:0.356943 AccTime:46.549341
#IT Ite:130 KerTime:0.357434 AccTime:46.906775
#IT Ite:131 KerTime:0.357277 AccTime:47.264052
#IT Ite:132 KerTime:0.357523 AccTime:47.621575
#IT Ite:133 KerTime:0.357211 AccTime:47.978786
#IT Ite:134 KerTime:0.356982 AccTime:48.335768
#IT Ite:135 KerTime:0.357717 AccTime:48.693485
#IT Ite:136 KerTime:0.357181 AccTime:49.050666
#IT Ite:137 KerTime:0.357415 AccTime:49.408081
#IT Ite:138 KerTime:0.357683 AccTime:49.765764
#IT Ite:139 KerTime:0.357131 AccTime:50.122895
#IT Ite:140 KerTime:0.357285 AccTime:50.480180
#IT Ite:141 KerTime:0.357523 AccTime:50.837703
#IT Ite:142 KerTime:0.357253 AccTime:51.194956
#IT Ite:143 KerTime:0.357666 AccTime:51.552622
#IT Ite:144 KerTime:0.357524 AccTime:51.910146
#IT Ite:145 KerTime:0.357514 AccTime:52.267660
#IT Ite:146 KerTime:0.357146 AccTime:52.624806
#IT Ite:147 KerTime:0.357261 AccTime:52.982067
#IT Ite:148 KerTime:0.357638 AccTime:53.339705
#IT Ite:149 KerTime:0.357598 AccTime:53.697303
#IT Ite:150 KerTime:0.357154 AccTime:54.054457
#IT Ite:151 KerTime:0.357710 AccTime:54.412167
#IT Ite:152 KerTime:0.357300 AccTime:54.769467
#IT Ite:153 KerTime:0.357667 AccTime:55.127134
#IT Ite:154 KerTime:0.357579 AccTime:55.484713
#IT Ite:155 KerTime:0.356929 AccTime:55.841642
#IT Ite:156 KerTime:0.357456 AccTime:56.199098
#IT Ite:157 KerTime:0.357448 AccTime:56.556546
#IT Ite:158 KerTime:0.357574 AccTime:56.914120
#IT Ite:159 KerTime:0.357388 AccTime:57.271508
#IT Ite:160 KerTime:0.357369 AccTime:57.628877
#IT Ite:161 KerTime:0.357726 AccTime:57.986603
#IT Ite:162 KerTime:0.357205 AccTime:58.343808
#IT Ite:163 KerTime:0.357262 AccTime:58.701070
#IT Ite:164 KerTime:0.357357 AccTime:59.058427
#IT Ite:165 KerTime:0.356806 AccTime:59.415233
#IT Ite:166 KerTime:0.357770 AccTime:59.773003
#IT Ite:167 KerTime:0.357634 AccTime:60.130637
#IT Ite:168 KerTime:0.357370 AccTime:60.488007
#IT Ite:169 KerTime:0.356771 AccTime:60.844778
#IT Ite:170 KerTime:0.357239 AccTime:61.202017
#IT Ite:171 KerTime:0.357188 AccTime:61.559205
#IT Ite:172 KerTime:0.357187 AccTime:61.916392
#IT Ite:173 KerTime:0.357329 AccTime:62.273721
#IT Ite:174 KerTime:0.357272 AccTime:62.630993
#IT Ite:175 KerTime:0.357226 AccTime:62.988219
#IT Ite:176 KerTime:0.357861 AccTime:63.346080
#IT Ite:177 KerTime:0.357601 AccTime:63.703681
#IT Ite:178 KerTime:0.357530 AccTime:64.061211
#IT Ite:179 KerTime:0.356946 AccTime:64.418157
#IT Ite:180 KerTime:0.357443 AccTime:64.775600
#IT Ite:181 KerTime:0.357410 AccTime:65.133010
#IT Ite:182 KerTime:0.357503 AccTime:65.490513
#IT Ite:183 KerTime:0.357415 AccTime:65.847928
#IT Ite:184 KerTime:0.357638 AccTime:66.205566
#IT Ite:185 KerTime:0.357572 AccTime:66.563138
#IT Ite:186 KerTime:0.357253 AccTime:66.920391
#IT Ite:187 KerTime:0.357297 AccTime:67.277688
#IT Ite:188 KerTime:0.357588 AccTime:67.635276
#IT Ite:189 KerTime:0.357291 AccTime:67.992567
#IT Ite:190 KerTime:0.357314 AccTime:68.349881
#IT Ite:191 KerTime:0.357556 AccTime:68.707437
#IT Ite:192 KerTime:0.357476 AccTime:69.064913
#IT Ite:193 KerTime:0.357728 AccTime:69.422641
#IT Ite:194 KerTime:0.357516 AccTime:69.780157
#IT Ite:195 KerTime:0.357533 AccTime:70.137690
#IT Ite:196 KerTime:0.357188 AccTime:70.494878
#IT Ite:197 KerTime:0.357500 AccTime:70.852378
#IT Ite:198 KerTime:0.357204 AccTime:71.209582
#IT Ite:199 KerTime:0.357602 AccTime:71.567184
#IT Ite:200 KerTime:0.357683 AccTime:71.924867
#IT Ite:201 KerTime:0.357539 AccTime:72.282406
#IT Ite:202 KerTime:0.357289 AccTime:72.639695
#IT Ite:203 KerTime:0.356511 AccTime:72.996206
#IT Ite:204 KerTime:0.357768 AccTime:73.353974
#IT Ite:205 KerTime:0.357419 AccTime:73.711393
#IT Ite:206 KerTime:0.356774 AccTime:74.068167
#IT Ite:207 KerTime:0.357545 AccTime:74.425712
#IT Ite:208 KerTime:0.357197 AccTime:74.782909
#IT Ite:209 KerTime:0.357411 AccTime:75.140320
#IT Ite:210 KerTime:0.357262 AccTime:75.497582
#IT Ite:211 KerTime:0.357158 AccTime:75.854740
#IT Ite:212 KerTime:0.357273 AccTime:76.212013
#IT Ite:213 KerTime:0.357350 AccTime:76.569363
#IT Ite:214 KerTime:0.356791 AccTime:76.926154
#IT Ite:215 KerTime:0.357432 AccTime:77.283586
#IT Ite:216 KerTime:0.357173 AccTime:77.640759
#IT Ite:217 KerTime:0.357414 AccTime:77.998173
#IT Ite:218 KerTime:0.356985 AccTime:78.355158
#IT Ite:219 KerTime:0.357419 AccTime:78.712577
#IT Ite:220 KerTime:0.357179 AccTime:79.069756
#IT Ite:221 KerTime:0.357597 AccTime:79.427353
#IT Ite:222 KerTime:0.357050 AccTime:79.784403
#IT Ite:223 KerTime:0.357689 AccTime:80.142092
#IT Ite:224 KerTime:0.357566 AccTime:80.499658
#IT Ite:225 KerTime:0.357073 AccTime:80.856731
#IT Ite:226 KerTime:0.357441 AccTime:81.214172
#IT Ite:227 KerTime:0.357660 AccTime:81.571832
#IT Ite:228 KerTime:0.357682 AccTime:81.929514
#IT Ite:229 KerTime:0.357221 AccTime:82.286735
#IT Ite:230 KerTime:0.357645 AccTime:82.644380
#IT Ite:231 KerTime:0.356957 AccTime:83.001337
#IT Ite:232 KerTime:0.357107 AccTime:83.358444
#IT Ite:233 KerTime:0.357320 AccTime:83.715764
#IT Ite:234 KerTime:0.356723 AccTime:84.072487
#IT Ite:235 KerTime:0.357654 AccTime:84.430141
#IT Ite:236 KerTime:0.357679 AccTime:84.787820
#IT Ite:237 KerTime:0.357622 AccTime:85.145442
#IT Ite:238 KerTime:0.357522 AccTime:85.502964
#IT Ite:239 KerTime:0.357534 AccTime:85.860498
#IT Ite:240 KerTime:0.357506 AccTime:86.218004
#IT Ite:241 KerTime:0.357471 AccTime:86.575475
#IT Ite:242 KerTime:0.357781 AccTime:86.933256
#IT Ite:243 KerTime:0.357710 AccTime:87.290966
#IT Ite:244 KerTime:0.357626 AccTime:87.648592
#IT Ite:245 KerTime:0.357685 AccTime:88.006277
#IT Ite:246 KerTime:0.357551 AccTime:88.363828
#IT Ite:247 KerTime:0.357422 AccTime:88.721250
#IT Ite:248 KerTime:0.357541 AccTime:89.078791
#IT Ite:249 KerTime:0.357069 AccTime:89.435860
#IT Ite:250 KerTime:0.357234 AccTime:89.793094
#IT Ite:251 KerTime:0.356952 AccTime:90.150046
#IT Ite:252 KerTime:0.357449 AccTime:90.507495
#IT Ite:253 KerTime:0.357027 AccTime:90.864522
#IT Ite:254 KerTime:0.357147 AccTime:91.221669
#IT Ite:255 KerTime:0.357309 AccTime:91.578978
#IT Ite:256 KerTime:0.357103 AccTime:91.936081
#IT Ite:257 KerTime:0.357399 AccTime:92.293480
#IT Ite:258 KerTime:0.357693 AccTime:92.651173
#IT Ite:259 KerTime:0.357237 AccTime:93.008410
#IT Ite:260 KerTime:0.357502 AccTime:93.365912
#IT Ite:261 KerTime:0.357490 AccTime:93.723402
#IT Ite:262 KerTime:0.357570 AccTime:94.080972
#IT Ite:263 KerTime:0.357181 AccTime:94.438153
#IT Ite:264 KerTime:0.356761 AccTime:94.794914
#IT Ite:265 KerTime:0.357691 AccTime:95.152605
#IT Ite:266 KerTime:0.357143 AccTime:95.509748
#IT Ite:267 KerTime:0.357683 AccTime:95.867431
#IT Ite:268 KerTime:0.357687 AccTime:96.225118
#IT Ite:269 KerTime:0.357528 AccTime:96.582646
#IT Ite:270 KerTime:0.357676 AccTime:96.940322
#IT Ite:271 KerTime:0.357681 AccTime:97.298003
#IT Ite:272 KerTime:0.357336 AccTime:97.655339
#IT Ite:273 KerTime:0.357738 AccTime:98.013077
#IT Ite:274 KerTime:0.357546 AccTime:98.370623
#IT Ite:275 KerTime:0.357118 AccTime:98.727741
#IT Ite:276 KerTime:0.357172 AccTime:99.084913
#IT Ite:277 KerTime:0.357011 AccTime:99.441924
#IT Ite:278 KerTime:0.357258 AccTime:99.799182
#IT Ite:279 KerTime:0.357566 AccTime:100.156748
#IT Ite:280 KerTime:0.357158 AccTime:100.513906
#IT Ite:281 KerTime:0.357564 AccTime:100.871470
#IT Ite:282 KerTime:0.357503 AccTime:101.228973
#IT Ite:283 KerTime:0.357385 AccTime:101.586358
#IT Ite:284 KerTime:0.357173 AccTime:101.943531
#IT Ite:285 KerTime:0.357287 AccTime:102.300818
#IT Ite:286 KerTime:0.357237 AccTime:102.658055
#IT Ite:287 KerTime:0.357607 AccTime:103.015662
#IT Ite:288 KerTime:0.357413 AccTime:103.373075
#IT Ite:289 KerTime:0.357695 AccTime:103.730770
#IT Ite:290 KerTime:0.357016 AccTime:104.087786
#IT Ite:291 KerTime:0.357664 AccTime:104.445450
#IT Ite:292 KerTime:0.357530 AccTime:104.802980
#IT Ite:293 KerTime:0.357853 AccTime:105.160833
#IT Ite:294 KerTime:0.357150 AccTime:105.517983
#IT Ite:295 KerTime:0.357840 AccTime:105.875823
#IT Ite:296 KerTime:0.357287 AccTime:106.233110
#IT Ite:297 KerTime:0.356862 AccTime:106.589972
#IT Ite:298 KerTime:0.357110 AccTime:106.947082
#IT Ite:299 KerTime:0.357514 AccTime:107.304596
#IT Ite:300 KerTime:0.357389 AccTime:107.661985
#IT Ite:301 KerTime:0.357182 AccTime:108.019167
#IT Ite:302 KerTime:0.357559 AccTime:108.376726
#IT Ite:303 KerTime:0.357715 AccTime:108.734441
#IT Ite:304 KerTime:0.357248 AccTime:109.091689
#IT Ite:305 KerTime:0.357550 AccTime:109.449239
#IT Ite:306 KerTime:0.356756 AccTime:109.805995
#IT Ite:307 KerTime:0.357860 AccTime:110.163855
#IT Ite:308 KerTime:0.357398 AccTime:110.521253
#IT Ite:309 KerTime:0.357208 AccTime:110.878461
#IT Ite:310 KerTime:0.357319 AccTime:111.235780
#IT Ite:311 KerTime:0.357587 AccTime:111.593367
#IT Ite:312 KerTime:0.357549 AccTime:111.950916
#IT Ite:313 KerTime:0.357670 AccTime:112.308586
#IT Ite:314 KerTime:0.357093 AccTime:112.665679
#IT Ite:315 KerTime:0.357437 AccTime:113.023116
#IT Ite:316 KerTime:0.357532 AccTime:113.380648
#IT Ite:317 KerTime:0.357492 AccTime:113.738140
#IT Ite:318 KerTime:0.356959 AccTime:114.095099
#IT Ite:319 KerTime:0.357565 AccTime:114.452664
#IT Ite:320 KerTime:0.357420 AccTime:114.810084
#IT Ite:321 KerTime:0.357424 AccTime:115.167508
#IT Ite:322 KerTime:0.357517 AccTime:115.525025
#IT Ite:323 KerTime:0.357543 AccTime:115.882568
#IT Ite:324 KerTime:0.357296 AccTime:116.239864
#IT Ite:325 KerTime:0.357397 AccTime:116.597261
#IT Ite:326 KerTime:0.357919 AccTime:116.955180
#IT Ite:327 KerTime:0.357355 AccTime:117.312535
#IT Ite:328 KerTime:0.357602 AccTime:117.670137
#IT Ite:329 KerTime:0.357187 AccTime:118.027324
#IT Ite:330 KerTime:0.357696 AccTime:118.385020
#IT Ite:331 KerTime:0.357287 AccTime:118.742307
#IT Ite:332 KerTime:0.357566 AccTime:119.099873
#IT Ite:333 KerTime:0.357799 AccTime:119.457672
#IT Ite:334 KerTime:0.357600 AccTime:119.815272
#IT Ite:335 KerTime:0.357149 AccTime:120.172421
#IT Ite:336 KerTime:0.357302 AccTime:120.529723
#IT Ite:337 KerTime:0.357225 AccTime:120.886948
#IT Ite:338 KerTime:0.357231 AccTime:121.244179
#IT Ite:339 KerTime:0.357448 AccTime:121.601627
#IT Ite:340 KerTime:0.357824 AccTime:121.959451
#IT Ite:341 KerTime:0.357262 AccTime:122.316713
#IT Ite:342 KerTime:0.357105 AccTime:122.673818
#IT Ite:343 KerTime:0.357566 AccTime:123.031384
#IT Ite:344 KerTime:0.357031 AccTime:123.388415
#IT Ite:345 KerTime:0.357320 AccTime:123.745735
#IT Ite:346 KerTime:0.357267 AccTime:124.103002
#IT Ite:347 KerTime:0.357090 AccTime:124.460092
#IT Ite:348 KerTime:0.357176 AccTime:124.817268
#IT Ite:349 KerTime:0.357254 AccTime:125.174522
#IT Ite:350 KerTime:0.357391 AccTime:125.531913
#IT Ite:351 KerTime:0.356647 AccTime:125.888560
#IT Ite:352 KerTime:0.357299 AccTime:126.245859
#IT Ite:353 KerTime:0.357505 AccTime:126.603364
#IT Ite:354 KerTime:0.357619 AccTime:126.960983
#IT Ite:355 KerTime:0.356721 AccTime:127.317704
#IT Ite:356 KerTime:0.357719 AccTime:127.675423
#IT Ite:357 KerTime:0.357535 AccTime:128.032958
#IT Ite:358 KerTime:0.357380 AccTime:128.390338
#IT Ite:359 KerTime:0.357144 AccTime:128.747482
#IT Ite:360 KerTime:0.357324 AccTime:129.104806
#IT Ite:361 KerTime:0.357408 AccTime:129.462214
#IT Ite:362 KerTime:0.357083 AccTime:129.819297
#IT Ite:363 KerTime:0.357514 AccTime:130.176811
#IT Ite:364 KerTime:0.357154 AccTime:130.533965
#IT Ite:365 KerTime:0.357461 AccTime:130.891426
#IT Ite:366 KerTime:0.357093 AccTime:131.248519
#IT Ite:367 KerTime:0.357046 AccTime:131.605565
#IT Ite:368 KerTime:0.357135 AccTime:131.962700
#IT Ite:369 KerTime:0.357748 AccTime:132.320448
#IT Ite:370 KerTime:0.357394 AccTime:132.677842
#IT Ite:371 KerTime:0.357112 AccTime:133.034954
#IT Ite:372 KerTime:0.357414 AccTime:133.392368
#IT Ite:373 KerTime:0.357092 AccTime:133.749460
#IT Ite:374 KerTime:0.357592 AccTime:134.107052
#IT Ite:375 KerTime:0.356793 AccTime:134.463845
#IT Ite:376 KerTime:0.357369 AccTime:134.821214
#IT Ite:377 KerTime:0.357566 AccTime:135.178780
#IT Ite:378 KerTime:0.357222 AccTime:135.536002
#IT Ite:379 KerTime:0.357226 AccTime:135.893228
#IT Ite:380 KerTime:0.356853 AccTime:136.250081
#IT Ite:381 KerTime:0.357589 AccTime:136.607670
#IT Ite:382 KerTime:0.357661 AccTime:136.965331
#IT Ite:383 KerTime:0.357522 AccTime:137.322853
#IT Ite:384 KerTime:0.356854 AccTime:137.679707
#IT Ite:385 KerTime:0.357596 AccTime:138.037303
#IT Ite:386 KerTime:0.357469 AccTime:138.394772
#IT Ite:387 KerTime:0.357510 AccTime:138.752282
#IT Ite:388 KerTime:0.357421 AccTime:139.109703
#IT Ite:389 KerTime:0.357489 AccTime:139.467192
#IT Ite:390 KerTime:0.357184 AccTime:139.824376
#IT Ite:391 KerTime:0.357065 AccTime:140.181441
#IT Ite:392 KerTime:0.357631 AccTime:140.539072
#IT Ite:393 KerTime:0.357646 AccTime:140.896718
#IT Ite:394 KerTime:0.357155 AccTime:141.253873
#IT Ite:395 KerTime:0.357529 AccTime:141.611402
#IT Ite:396 KerTime:0.357112 AccTime:141.968514
#IT Ite:397 KerTime:0.357339 AccTime:142.325853
#IT Ite:398 KerTime:0.357615 AccTime:142.683468
#IT Ite:399 KerTime:0.357448 AccTime:143.040916
#IT Ite:400 KerTime:0.357581 AccTime:143.398497
#IT Ite:401 KerTime:0.357261 AccTime:143.755758
#IT Ite:402 KerTime:0.357514 AccTime:144.113272
#IT Ite:403 KerTime:0.357051 AccTime:144.470323
#IT Ite:404 KerTime:0.357779 AccTime:144.828102
#IT Ite:405 KerTime:0.357235 AccTime:145.185337
#IT Ite:406 KerTime:0.357052 AccTime:145.542389
#IT Ite:407 KerTime:0.357719 AccTime:145.900108
#IT Ite:408 KerTime:0.357266 AccTime:146.257374
#IT Ite:409 KerTime:0.357138 AccTime:146.614512
#IT Ite:410 KerTime:0.356721 AccTime:146.971233
#IT Ite:411 KerTime:0.357228 AccTime:147.328461
#IT Ite:412 KerTime:0.357557 AccTime:147.686018
#IT Ite:413 KerTime:0.357246 AccTime:148.043264
#IT Ite:414 KerTime:0.357107 AccTime:148.400371
#IT Ite:415 KerTime:0.357265 AccTime:148.757636
#IT Ite:416 KerTime:0.356864 AccTime:149.114500
#IT Ite:417 KerTime:0.356914 AccTime:149.471414
#IT Ite:418 KerTime:0.357584 AccTime:149.828998
#IT Ite:419 KerTime:0.357595 AccTime:150.186593
#IT Ite:420 KerTime:0.357370 AccTime:150.543963
#IT Ite:421 KerTime:0.357412 AccTime:150.901375
#IT Ite:422 KerTime:0.357519 AccTime:151.258894
#IT Ite:423 KerTime:0.357507 AccTime:151.616401
#IT Ite:424 KerTime:0.357294 AccTime:151.973695
#IT Ite:425 KerTime:0.357300 AccTime:152.330995
#IT Ite:426 KerTime:0.357531 AccTime:152.688526
#IT Ite:427 KerTime:0.357465 AccTime:153.045991
#IT Ite:428 KerTime:0.357713 AccTime:153.403704
#IT Ite:429 KerTime:0.357389 AccTime:153.761093
#IT Ite:430 KerTime:0.356859 AccTime:154.117952
#IT Ite:431 KerTime:0.356776 AccTime:154.474728
#IT Ite:432 KerTime:0.356817 AccTime:154.831545
#IT Ite:433 KerTime:0.357238 AccTime:155.188783
#IT Ite:434 KerTime:0.356886 AccTime:155.545669
#IT Ite:435 KerTime:0.356994 AccTime:155.902663
#IT Ite:436 KerTime:0.357247 AccTime:156.259910
#IT Ite:437 KerTime:0.357665 AccTime:156.617575
#IT Ite:438 KerTime:0.357315 AccTime:156.974890
#IT Ite:439 KerTime:0.357604 AccTime:157.332494
#IT Ite:440 KerTime:0.357290 AccTime:157.689784
#IT Ite:441 KerTime:0.357554 AccTime:158.047338
#IT Ite:442 KerTime:0.357254 AccTime:158.404592
#IT Ite:443 KerTime:0.357148 AccTime:158.761740
#IT Ite:444 KerTime:0.357012 AccTime:159.118752
#IT Ite:445 KerTime:0.357641 AccTime:159.476393
#IT Ite:446 KerTime:0.357126 AccTime:159.833519
#IT Ite:447 KerTime:0.357545 AccTime:160.191064
#IT Ite:448 KerTime:0.357189 AccTime:160.548253
#IT Ite:449 KerTime:0.357590 AccTime:160.905843
#IT Ite:450 KerTime:0.356853 AccTime:161.262696
#IT Ite:451 KerTime:0.357579 AccTime:161.620275
#IT Ite:452 KerTime:0.357152 AccTime:161.977427
#IT Ite:453 KerTime:0.357438 AccTime:162.334865
#IT Ite:454 KerTime:0.356853 AccTime:162.691718
#IT Ite:455 KerTime:0.356690 AccTime:163.048408
#IT Ite:456 KerTime:0.357581 AccTime:163.405989
#IT Ite:457 KerTime:0.357047 AccTime:163.763036
#IT Ite:458 KerTime:0.357726 AccTime:164.120762
#IT Ite:459 KerTime:0.357294 AccTime:164.478056
#IT Ite:460 KerTime:0.357496 AccTime:164.835552
#IT Ite:461 KerTime:0.357551 AccTime:165.193103
#IT Ite:462 KerTime:0.357647 AccTime:165.550750
#IT Ite:463 KerTime:0.357227 AccTime:165.907977
#IT Ite:464 KerTime:0.357703 AccTime:166.265680
#IT Ite:465 KerTime:0.357040 AccTime:166.622720
#IT Ite:466 KerTime:0.357209 AccTime:166.979929
#IT Ite:467 KerTime:0.357695 AccTime:167.337624
#IT Ite:468 KerTime:0.357727 AccTime:167.695351
#IT Ite:469 KerTime:0.357463 AccTime:168.052814
#IT Ite:470 KerTime:0.356981 AccTime:168.409795
#IT Ite:471 KerTime:0.357467 AccTime:168.767262
#IT Ite:472 KerTime:0.357224 AccTime:169.124486
#IT Ite:473 KerTime:0.357289 AccTime:169.481775
#IT Ite:474 KerTime:0.357453 AccTime:169.839228
#IT Ite:475 KerTime:0.357451 AccTime:170.196679
#IT Ite:476 KerTime:0.357383 AccTime:170.554062
#IT Ite:477 KerTime:0.357550 AccTime:170.911612
#IT Ite:478 KerTime:0.357623 AccTime:171.269235
#IT Ite:479 KerTime:0.357471 AccTime:171.626706
#IT Ite:480 KerTime:0.357706 AccTime:171.984412
#IT Ite:481 KerTime:0.357517 AccTime:172.341929
#IT Ite:482 KerTime:0.357499 AccTime:172.699428
#IT Ite:483 KerTime:0.357163 AccTime:173.056591
#IT Ite:484 KerTime:0.357678 AccTime:173.414269
#IT Ite:485 KerTime:0.357145 AccTime:173.771414
#IT Ite:486 KerTime:0.357159 AccTime:174.128573
#IT Ite:487 KerTime:0.356747 AccTime:174.485320
#IT Ite:488 KerTime:0.357159 AccTime:174.842479
#IT Ite:489 KerTime:0.357741 AccTime:175.200220
#ERR image_list_position: [489] boxes: [77]  x_r: 3.9735214233398438e+02 x_e: 3.9735186767578125e+02 x_diff: 2.7465820312500000e-04 y_r: 2.4437118530273438e+02 y_e: 2.4437028503417969e+02 y_diff: 9.0026855468750000e-04 w_r: 1.3520100402832031e+02 w_e: 1.3520219421386719e+02 w_diff: 1.1901855468750000e-03 h_r: 1.5691423034667969e+02 h_e: 1.5690827941894531e+02 h_diff: 5.9509277343750000e-03
#ERR image_list_position: [489] boxes: [95]  x_r: 3.4471386718750000e+02 x_e: 3.4471212768554688e+02 x_diff: 1.7395019531250000e-03 y_r: 2.7362579345703125e+02 y_e: 2.7362649536132812e+02 y_diff: 7.0190429687500000e-04 w_r: 2.7361389160156250e+02 w_e: 2.7362545776367188e+02 w_diff: 1.1566162109375000e-02 h_r: 2.1820115661621094e+02 h_e: 2.1820343017578125e+02 h_diff: 2.2735595703125000e-03
#ERR image_list_position: [489] probs: [95,1]  prob_r: 1.2629278004169464e-02 prob_e: 1.2629006989300251e-02
#ERR image_list_position: [489] probs: [95,2]  prob_r: 2.7500430587679148e-03 prob_e: 2.7488842606544495e-03
#ERR image_list_position: [489] probs: [95,13]  prob_r: 1.2840134091675282e-02 prob_e: 1.2838809750974178e-02
#ERR image_list_position: [489] probs: [95,15]  prob_r: 4.5285280793905258e-03 prob_e: 4.5283669605851173e-03
#ERR image_list_position: [489] boxes: [98]  x_r: 3.8657336425781250e+02 x_e: 3.8657217407226562e+02 x_diff: 1.1901855468750000e-03 y_r: 2.8741778564453125e+02 y_e: 2.8741821289062500e+02 y_diff: 4.2724609375000000e-04 w_r: 2.2030889892578125e+02 w_e: 2.2031480407714844e+02 w_diff: 5.9051513671875000e-03 h_r: 1.7813473510742188e+02 h_e: 1.7813117980957031e+02 h_diff: 3.5552978515625000e-03
#ERR image_list_position: [489] boxes: [113]  x_r: 2.3403517150878906e+02 x_e: 2.3403507995605469e+02 x_diff: 9.1552734375000000e-05 y_r: 3.6952490234375000e+02 y_e: 3.6952478027343750e+02 y_diff: 1.2207031250000000e-04 w_r: 1.4744136047363281e+02 w_e: 1.4744763183593750e+02 w_diff: 6.2713623046875000e-03 h_r: 1.2822001647949219e+02 h_e: 1.2822093200683594e+02 h_diff: 9.1552734375000000e-04
#ERR image_list_position: [489] probs: [113,6]  prob_r: 2.7195727452635765e-03 prob_e: 2.7219264302402735e-03
#ERR image_list_position: [489] boxes: [119]  x_r: 4.0504125976562500e+02 x_e: 4.0503973388671875e+02 x_diff: 1.5258789062500000e-03 y_r: 3.6881985473632812e+02 y_e: 3.6881927490234375e+02 y_diff: 5.7983398437500000e-04 w_r: 1.8327403259277344e+02 w_e: 1.8328063964843750e+02 w_diff: 6.6070556640625000e-03 h_r: 1.3494577026367188e+02 h_e: 1.3494142150878906e+02 h_diff: 4.3487548828125000e-03
#ERR image_list_position: [489] probs: [119,1]  prob_r: 1.2352721532806754e-03 prob_e: 1.2356854276731610e-03
#ERR image_list_position: [489] probs: [119,6]  prob_r: 5.2475719712674618e-03 prob_e: 5.2495487034320831e-03
#ERR image_list_position: [489] probs: [119,8]  prob_r: 1.7527535092085600e-03 prob_e: 1.7531671328470111e-03
#ERR image_list_position: [489] probs: [119,10]  prob_r: 1.0078671621158719e-03 prob_e: 1.0083565721288323e-03
#ERR image_list_position: [489] probs: [119,14]  prob_r: 1.3326316839084029e-03 prob_e: 1.3329297071322799e-03
#ERR image_list_position: [489] boxes: [120]  x_r: 5.0252328491210938e+02 x_e: 5.0252297973632812e+02 x_diff: 3.0517578125000000e-04 y_r: 3.6629824829101562e+02 y_e: 3.6629879760742188e+02 y_diff: 5.4931640625000000e-04 w_r: 1.1943934631347656e+02 w_e: 1.1944602203369141e+02 w_diff: 6.6757202148437500e-03 h_r: 1.4263906860351562e+02 h_e: 1.4263435363769531e+02 h_diff: 4.7149658203125000e-03
#ERR image_list_position: [489] boxes: [132]  x_r: 2.3242247009277344e+02 x_e: 2.3242202758789062e+02 x_diff: 4.4250488281250000e-04 y_r: 4.3850088500976562e+02 y_e: 4.3850039672851562e+02 y_diff: 4.8828125000000000e-04 w_r: 1.5974302673339844e+02 w_e: 1.5974981689453125e+02 w_diff: 6.7901611328125000e-03 h_r: 5.6695552825927734e+01 h_e: 5.6695590972900391e+01 h_diff: 3.8146972656250000e-05
#ERR image_list_position: [489] probs: [132,6]  prob_r: 2.3052734322845936e-03 prob_e: 2.3038913495838642e-03
#ERR image_list_position: [489] probs: [132,13]  prob_r: 1.0325487237423658e-03 prob_e: 1.0319550056010485e-03
#ERR image_list_position: [489] boxes: [140]  x_r: 4.0244100952148438e+02 x_e: 4.0243978881835938e+02 x_diff: 1.2207031250000000e-03 y_r: 4.3698590087890625e+02 y_e: 4.3698651123046875e+02 y_diff: 6.1035156250000000e-04 w_r: 1.4808370971679688e+02 w_e: 1.4809173583984375e+02 w_diff: 8.0261230468750000e-03 h_r: 6.3706108093261719e+01 h_e: 6.3704063415527344e+01 h_diff: 2.0446777343750000e-03
#ERR image_list_position: [489] probs: [140,6]  prob_r: 1.6080421628430486e-03 prob_e: 1.6072305152192712e-03
#SDC Ite:489 KerTime:0.357741 AccTime:175.200220 KerErr:8 AccErr:8
#IT Ite:490 KerTime:0.357455 AccTime:175.557675
#IT Ite:491 KerTime:0.357415 AccTime:175.915090
#IT Ite:492 KerTime:0.357345 AccTime:176.272435
#IT Ite:493 KerTime:0.357532 AccTime:176.629967
#IT Ite:494 KerTime:0.357101 AccTime:176.987068
#IT Ite:495 KerTime:0.357196 AccTime:177.344264
#IT Ite:496 KerTime:0.357121 AccTime:177.701385
#IT Ite:497 KerTime:0.357201 AccTime:178.058586
#IT Ite:498 KerTime:0.357500 AccTime:178.416086
#IT Ite:499 KerTime:0.357289 AccTime:178.773375
#IT Ite:500 KerTime:0.357586 AccTime:179.130961
#IT Ite:501 KerTime:0.357483 AccTime:179.488444
#IT Ite:502 KerTime:0.356830 AccTime:179.845274
#IT Ite:503 KerTime:0.357474 AccTime:180.202748
#IT Ite:504 KerTime:0.357364 AccTime:180.560112
#IT Ite:505 KerTime:0.357535 AccTime:180.917647
#IT Ite:506 KerTime:0.356963 AccTime:181.274610
#IT Ite:507 KerTime:0.357324 AccTime:181.631934
#IT Ite:508 KerTime:0.357051 AccTime:181.988985
#IT Ite:509 KerTime:0.357236 AccTime:182.346221
#IT Ite:510 KerTime:0.357165 AccTime:182.703386
#IT Ite:511 KerTime:0.356657 AccTime:183.060043
#IT Ite:512 KerTime:0.357386 AccTime:183.417429
#IT Ite:513 KerTime:0.356753 AccTime:183.774182
#IT Ite:514 KerTime:0.357445 AccTime:184.131627
#IT Ite:515 KerTime:0.356974 AccTime:184.488601
#IT Ite:516 KerTime:0.357711 AccTime:184.846312
#IT Ite:517 KerTime:0.357276 AccTime:185.203588
#IT Ite:518 KerTime:0.357633 AccTime:185.561221
#IT Ite:519 KerTime:0.357338 AccTime:185.918559
#IT Ite:520 KerTime:0.357305 AccTime:186.275864
#IT Ite:521 KerTime:0.357152 AccTime:186.633016
#IT Ite:522 KerTime:0.357407 AccTime:186.990423
#IT Ite:523 KerTime:0.357154 AccTime:187.347577
#IT Ite:524 KerTime:0.357589 AccTime:187.705166
#IT Ite:525 KerTime:0.357329 AccTime:188.062495
#IT Ite:526 KerTime:0.357247 AccTime:188.419742
#IT Ite:527 KerTime:0.357834 AccTime:188.777576
#IT Ite:528 KerTime:0.357152 AccTime:189.134728
#IT Ite:529 KerTime:0.357503 AccTime:189.492231
#IT Ite:530 KerTime:0.357727 AccTime:189.849958
#IT Ite:531 KerTime:0.357537 AccTime:190.207495
#IT Ite:532 KerTime:0.357513 AccTime:190.565008
#IT Ite:533 KerTime:0.357487 AccTime:190.922495
#IT Ite:534 KerTime:0.357520 AccTime:191.280015
#IT Ite:535 KerTime:0.357657 AccTime:191.637672
#IT Ite:536 KerTime:0.357687 AccTime:191.995359
#ERR image_list_position: [536] boxes: [7]  x_r: 2.2796644592285156e+02 x_e: 2.2796020507812500e+02 x_diff: 6.2408447265625000e-03 y_r: 3.1537296295166016e+01 y_e: 3.1541687011718750e+01 y_diff: 4.3907165527343750e-03 w_r: 4.5762977600097656e+01 w_e: 4.5764987945556641e+01 w_diff: 2.0103454589843750e-03 h_r: 3.1168838500976562e+01 h_e: 3.1170085906982422e+01 h_diff: 1.2474060058593750e-03
#ERR image_list_position: [536] boxes: [10]  x_r: 3.2398245239257812e+02 x_e: 3.2398397827148438e+02 x_diff: 1.5258789062500000e-03 y_r: 2.9923250198364258e+01 y_e: 2.9925045013427734e+01 y_diff: 1.7948150634765625e-03 w_r: 7.2285049438476562e+01 w_e: 7.2271217346191406e+01 w_diff: 1.3832092285156250e-02 h_r: 3.9809391021728516e+01 h_e: 3.9807910919189453e+01 h_diff: 1.4801025390625000e-03
#ERR image_list_position: [536] boxes: [13]  x_r: 4.1572662353515625e+02 x_e: 4.1573095703125000e+02 x_diff: 4.3334960937500000e-03 y_r: 3.3496490478515625e+01 y_e: 3.3498771667480469e+01 y_diff: 2.2811889648437500e-03 w_r: 5.9104923248291016e+01 w_e: 5.9098640441894531e+01 w_diff: 6.2828063964843750e-03 h_r: 4.0490444183349609e+01 h_e: 4.0491958618164062e+01 h_diff: 1.5144348144531250e-03
#ERR image_list_position: [536] boxes: [26]  x_r: 1.3648294067382812e+02 x_e: 1.3648808288574219e+02 x_diff: 5.1422119140625000e-03 y_r: 1.0708893585205078e+02 y_e: 1.0708797454833984e+02 y_diff: 9.6130371093750000e-04 w_r: 5.8969390869140625e+01 w_e: 5.8970180511474609e+01 w_diff: 7.8964233398437500e-04 h_r: 7.2748245239257812e+01 h_e: 7.2739654541015625e+01 h_diff: 8.5906982421875000e-03
#ERR image_list_position: [536] boxes: [29]  x_r: 2.3237846374511719e+02 x_e: 2.3237850952148438e+02 x_diff: 4.5776367187500000e-05 y_r: 1.0978103637695312e+02 y_e: 1.0977881622314453e+02 y_diff: 2.2201538085937500e-03 w_r: 7.1367668151855469e+01 w_e: 7.1372817993164062e+01 w_diff: 5.1498413085937500e-03 h_r: 6.6509857177734375e+01 h_e: 6.6497962951660156e+01 h_diff: 1.1894226074218750e-02
#ERR image_list_position: [536] probs: [29,3]  prob_r: 1.8372521735727787e-03 prob_e: 1.8360146787017584e-03
#ERR image_list_position: [536] probs: [29,6]  prob_r: 5.5985529907047749e-03 prob_e: 5.5982950143516064e-03
#ERR image_list_position: [536] probs: [29,14]  prob_r: 5.6500853970646858e-03 prob_e: 5.6444066576659679e-03
#ERR image_list_position: [536] probs: [29,15]  prob_r: 2.0919833332300186e-03 prob_e: 2.0893870387226343e-03
#ERR image_list_position: [536] boxes: [30]  x_r: 2.9732397460937500e+02 x_e: 2.9732458496093750e+02 x_diff: 6.1035156250000000e-04 y_r: 1.0163670349121094e+02 y_e: 1.0163852691650391e+02 y_diff: 1.8234252929687500e-03 w_r: 2.0853879928588867e+01 w_e: 2.0856351852416992e+01 w_diff: 2.4719238281250000e-03 h_r: 2.8837841033935547e+01 h_e: 2.8832809448242188e+01 h_diff: 5.0315856933593750e-03
#ERR image_list_position: [536] boxes: [31]  x_r: 3.2972286987304688e+02 x_e: 3.2971777343750000e+02 x_diff: 5.0964355468750000e-03 y_r: 1.1168254089355469e+02 y_e: 1.1168400573730469e+02 y_diff: 1.4648437500000000e-03 w_r: 8.5860877990722656e+01 w_e: 8.5846878051757812e+01 w_diff: 1.3999938964843750e-02 h_r: 7.1727996826171875e+01 h_e: 7.1707618713378906e+01 h_diff: 2.0378112792968750e-02
#ERR image_list_position: [536] boxes: [35]  x_r: 4.2323678588867188e+02 x_e: 4.2324377441406250e+02 x_diff: 6.9885253906250000e-03 y_r: 1.0355082702636719e+02 y_e: 1.0355367279052734e+02 y_diff: 2.8457641601562500e-03 w_r: 6.3442768096923828e+01 w_e: 6.3421833038330078e+01 w_diff: 2.0935058593750000e-02 h_r: 7.3481796264648438e+01 h_e: 7.3466659545898438e+01 h_diff: 1.5136718750000000e-02
#ERR image_list_position: [536] boxes: [49]  x_r: 2.0588560485839844e+02 x_e: 2.0588702392578125e+02 x_diff: 1.4190673828125000e-03 y_r: 1.8927911376953125e+02 y_e: 1.8928108215332031e+02 y_diff: 1.9683837890625000e-03 w_r: 2.8314104080200195e+01 w_e: 2.8323360443115234e+01 w_diff: 9.2563629150390625e-03 h_r: 2.4185468673706055e+01 h_e: 2.4184139251708984e+01 h_diff: 1.3294219970703125e-03
#ERR image_list_position: [536] probs: [49,6]  prob_r: 1.5670714201405644e-03 prob_e: 1.5723806573078036e-03
#ERR image_list_position: [536] boxes: [50]  x_r: 2.3297932434082031e+02 x_e: 2.3298231506347656e+02 x_diff: 2.9907226562500000e-03 y_r: 1.8784777832031250e+02 y_e: 1.8785160827636719e+02 y_diff: 3.8299560546875000e-03 w_r: 7.8519775390625000e+01 w_e: 7.8544166564941406e+01 w_diff: 2.4391174316406250e-02 h_r: 5.6687507629394531e+01 h_e: 5.6680252075195312e+01 h_diff: 7.2555541992187500e-03
#ERR image_list_position: [536] probs: [50,6]  prob_r: 2.1339468657970428e-03 prob_e: 2.1645978558808565e-03
#ERR image_list_position: [536] boxes: [51]  x_r: 3.2497109985351562e+02 x_e: 3.2496826171875000e+02 x_diff: 2.8381347656250000e-03 y_r: 1.8246804809570312e+02 y_e: 1.8246784973144531e+02 y_diff: 1.9836425781250000e-04 w_r: 3.4268295288085938e+01 w_e: 3.4273010253906250e+01 w_diff: 4.7149658203125000e-03 h_r: 3.0998239517211914e+01 h_e: 3.0990926742553711e+01 h_diff: 7.3127746582031250e-03
#ERR image_list_position: [536] boxes: [53]  x_r: 3.3320016479492188e+02 x_e: 3.3319284057617188e+02 x_diff: 7.3242187500000000e-03 y_r: 1.8518840026855469e+02 y_e: 1.8519015502929688e+02 y_diff: 1.7547607421875000e-03 w_r: 9.8863731384277344e+01 w_e: 9.8862174987792969e+01 w_diff: 1.5563964843750000e-03 h_r: 8.3273368835449219e+01 h_e: 8.3244743347167969e+01 h_diff: 2.8625488281250000e-02
#ERR image_list_position: [536] probs: [53,5]  prob_r: 1.5522914472967386e-03 prob_e: 1.5521188033744693e-03
#ERR image_list_position: [536] probs: [53,6]  prob_r: 7.0364386774599552e-03 prob_e: 7.0385159924626350e-03
#ERR image_list_position: [536] probs: [53,14]  prob_r: 5.5340561084449291e-03 prob_e: 5.5302814580500126e-03
#ERR image_list_position: [536] boxes: [54]  x_r: 4.4161260986328125e+02 x_e: 4.4161444091796875e+02 x_diff: 1.8310546875000000e-03 y_r: 1.8971905517578125e+02 y_e: 1.8971707153320312e+02 y_diff: 1.9836425781250000e-03 w_r: 3.0086116790771484e+01 w_e: 3.0082361221313477e+01 w_diff: 3.7555694580078125e-03 h_r: 5.6826915740966797e+01 h_e: 5.6815231323242188e+01 h_diff: 1.1684417724609375e-02
#ERR image_list_position: [536] probs: [54,5]  prob_r: 1.8178496975451708e-03 prob_e: 1.8191298004239798e-03
#ERR image_list_position: [536] probs: [54,6]  prob_r: 7.2918948717415333e-03 prob_e: 7.2985608130693436e-03
#ERR image_list_position: [536] probs: [54,14]  prob_r: 3.5787452012300491e-02 prob_e: 3.5803135484457016e-02
#ERR image_list_position: [536] boxes: [59]  x_r: 4.7972042846679688e+02 x_e: 4.7972329711914062e+02 x_diff: 2.8686523437500000e-03 y_r: 1.9673864746093750e+02 y_e: 1.9673707580566406e+02 y_diff: 1.5716552734375000e-03 w_r: 2.8421100616455078e+01 w_e: 2.8425994873046875e+01 w_diff: 4.8942565917968750e-03 h_r: 6.9083053588867188e+01 h_e: 6.9088447570800781e+01 h_diff: 5.3939819335937500e-03
#ERR image_list_position: [536] probs: [59,5]  prob_r: 1.7399637727066875e-03 prob_e: 1.7407867126166821e-03
#ERR image_list_position: [536] probs: [59,6]  prob_r: 4.4364002533257008e-03 prob_e: 4.4389883987605572e-03
#ERR image_list_position: [536] probs: [59,14]  prob_r: 1.0121731460094452e-01 prob_e: 1.0121500492095947e-01
#ERR image_list_position: [536] boxes: [62]  x_r: 5.6025000000000000e+02 x_e: 5.6025048828125000e+02 x_diff: 4.8828125000000000e-04 y_r: 1.7636042785644531e+02 y_e: 1.7636062622070312e+02 y_diff: 1.9836425781250000e-04 w_r: 2.1403848648071289e+01 w_e: 2.1402498245239258e+01 w_diff: 1.3504028320312500e-03 h_r: 4.7037967681884766e+01 h_e: 4.7043308258056641e+01 h_diff: 5.3405761718750000e-03
#ERR image_list_position: [536] probs: [62,6]  prob_r: 1.8920588772743940e-03 prob_e: 1.8922979943454266e-03
#ERR image_list_position: [536] probs: [62,14]  prob_r: 9.5065673813223839e-03 prob_e: 9.5058772712945938e-03
#ERR image_list_position: [536] boxes: [64]  x_r: 1.6686637878417969e+01 x_e: 1.6686244964599609e+01 x_diff: 3.9291381835937500e-04 y_r: 2.3095643615722656e+02 y_e: 2.3095396423339844e+02 y_diff: 2.4719238281250000e-03 w_r: 2.5801273345947266e+01 w_e: 2.5799571990966797e+01 w_diff: 1.7013549804687500e-03 h_r: 5.1271343231201172e+01 h_e: 5.1279262542724609e+01 h_diff: 7.9193115234375000e-03
#ERR image_list_position: [536] probs: [64,6]  prob_r: 3.2843288034200668e-02 prob_e: 3.2840050756931305e-02
#ERR image_list_position: [536] probs: [64,13]  prob_r: 1.2254568282514811e-03 prob_e: 1.2254619505256414e-03
#ERR image_list_position: [536] probs: [64,14]  prob_r: 2.4025049060583115e-03 prob_e: 2.4018934927880764e-03
#ERR image_list_position: [536] boxes: [65]  x_r: 6.0301853179931641e+01 x_e: 6.0300834655761719e+01 x_diff: 1.0185241699218750e-03 y_r: 2.3416558837890625e+02 y_e: 2.3416497802734375e+02 y_diff: 6.1035156250000000e-04 w_r: 5.6333625793457031e+01 w_e: 5.6337799072265625e+01 w_diff: 4.1732788085937500e-03 h_r: 6.3383872985839844e+01 h_e: 6.3393096923828125e+01 h_diff: 9.2239379882812500e-03
#ERR image_list_position: [536] probs: [65,6]  prob_r: 1.5558047592639923e-01 prob_e: 1.5558783710002899e-01
#ERR image_list_position: [536] probs: [65,9]  prob_r: 1.0383288608863950e-03 prob_e: 1.0379886953160167e-03
#ERR image_list_position: [536] probs: [65,10]  prob_r: 2.4707051925361156e-03 prob_e: 2.4718507193028927e-03
#ERR image_list_position: [536] probs: [65,11]  prob_r: 2.3677891585975885e-03 prob_e: 2.3688194341957569e-03
#ERR image_list_position: [536] probs: [65,13]  prob_r: 5.8050570078194141e-03 prob_e: 5.8059282600879669e-03
#ERR image_list_position: [536] probs: [65,14]  prob_r: 1.1380799114704132e-02 prob_e: 1.1379563249647617e-02
#ERR image_list_position: [536] probs: [65,15]  prob_r: 1.2205637758597732e-03 prob_e: 1.2209900887683034e-03
#ERR image_list_position: [536] probs: [65,16]  prob_r: 2.9654216486960649e-03 prob_e: 2.9672635719180107e-03
#ERR image_list_position: [536] probs: [65,19]  prob_r: 1.0812495602294803e-03 prob_e: 1.0780706070363522e-03
#ERR image_list_position: [536] boxes: [69]  x_r: 2.1794914245605469e+02 x_e: 2.1794859313964844e+02 x_diff: 5.4931640625000000e-04 y_r: 2.2427931213378906e+02 y_e: 2.2427603149414062e+02 y_diff: 3.2806396484375000e-03 w_r: 2.9598114013671875e+01 w_e: 2.9605657577514648e+01 w_diff: 7.5435638427734375e-03 h_r: 2.6143510818481445e+01 h_e: 2.6144372940063477e+01 h_diff: 8.6212158203125000e-04
#ERR image_list_position: [536] probs: [69,6]  prob_r: 3.5236719995737076e-02 prob_e: 3.5239089280366898e-02
#ERR image_list_position: [536] probs: [69,8]  prob_r: 1.0487302206456661e-03 prob_e: 1.0482702637091279e-03
#ERR image_list_position: [536] probs: [69,14]  prob_r: 1.0463604703545570e-03 prob_e: 1.0440489277243614e-03
#ERR image_list_position: [536] boxes: [70]  x_r: 2.3323449707031250e+02 x_e: 2.3323556518554688e+02 x_diff: 1.0681152343750000e-03 y_r: 2.3449200439453125e+02 y_e: 2.3448852539062500e+02 y_diff: 3.4790039062500000e-03 w_r: 9.2990341186523438e+01 w_e: 9.3013710021972656e+01 w_diff: 2.3368835449218750e-02 h_r: 8.4903045654296875e+01 h_e: 8.4905235290527344e+01 h_diff: 2.1896362304687500e-03
#ERR image_list_position: [536] probs: [70,6]  prob_r: 6.2447544187307358e-02 prob_e: 6.2461737543344498e-02
#ERR image_list_position: [536] probs: [70,8]  prob_r: 1.8585902871564031e-03 prob_e: 1.8580723553895950e-03
#ERR image_list_position: [536] probs: [70,10]  prob_r: 1.3300214195623994e-03 prob_e: 1.3313123490661383e-03
#ERR image_list_position: [536] probs: [70,14]  prob_r: 1.8543907208368182e-03 prob_e: 1.8505899934098125e-03
#ERR image_list_position: [536] probs: [70,16]  prob_r: 1.4351145364344120e-03 prob_e: 1.4357512118294835e-03
#ERR image_list_position: [536] boxes: [72]  x_r: 3.0608029174804688e+02 x_e: 3.0608123779296875e+02 x_diff: 9.4604492187500000e-04 y_r: 2.3429167175292969e+02 y_e: 2.3428985595703125e+02 y_diff: 1.8157958984375000e-03 w_r: 5.2178581237792969e+01 w_e: 5.2183307647705078e+01 w_diff: 4.7264099121093750e-03 h_r: 4.8481689453125000e+01 h_e: 4.8488208770751953e+01 h_diff: 6.5193176269531250e-03
#ERR image_list_position: [536] probs: [72,6]  prob_r: 1.3874438591301441e-02 prob_e: 1.3875293545424938e-02
#ERR image_list_position: [536] boxes: [73]  x_r: 3.4582418823242188e+02 x_e: 3.4582202148437500e+02 x_diff: 2.1667480468750000e-03 y_r: 2.7093063354492188e+02 y_e: 2.7093130493164062e+02 y_diff: 6.7138671875000000e-04 w_r: 2.3772985839843750e+02 w_e: 2.3773738098144531e+02 w_diff: 7.5225830078125000e-03 h_r: 1.8814697265625000e+02 h_e: 1.8812823486328125e+02 h_diff: 1.8737792968750000e-02
#ERR image_list_position: [536] probs: [73,0]  prob_r: 8.2740243524312973e-03 prob_e: 8.2773473113775253e-03
#ERR image_list_position: [536] probs: [73,3]  prob_r: 4.7091692686080933e-03 prob_e: 4.7030369751155376e-03
#ERR image_list_position: [536] probs: [73,5]  prob_r: 3.9157427847385406e-02 prob_e: 3.9150889962911606e-02
#ERR image_list_position: [536] probs: [73,6]  prob_r: 5.9385079145431519e-01 prob_e: 5.9390044212341309e-01
#ERR image_list_position: [536] probs: [73,7]  prob_r: 9.1407168656587601e-03 prob_e: 9.1331452131271362e-03
#ERR image_list_position: [536] probs: [73,8]  prob_r: 2.8413722757250071e-03 prob_e: 2.8463101480156183e-03
#ERR image_list_position: [536] probs: [73,9]  prob_r: 6.5369927324354649e-03 prob_e: 6.5429955720901489e-03
#ERR image_list_position: [536] probs: [73,11]  prob_r: 9.6753230318427086e-03 prob_e: 9.6721816807985306e-03
#ERR image_list_position: [536] probs: [73,12]  prob_r: 1.0756503790616989e-02 prob_e: 1.0745168663561344e-02
#ERR image_list_position: [536] probs: [73,16]  prob_r: 6.1964001506567001e-03 prob_e: 6.1991657130420208e-03
#ERR image_list_position: [536] probs: [73,18]  prob_r: 1.4737828634679317e-02 prob_e: 1.4735607430338860e-02
#ERR image_list_position: [536] probs: [73,19]  prob_r: 3.6539793945848942e-03 prob_e: 3.6657231394201517e-03
#ERR image_list_position: [536] boxes: [74]  x_r: 3.4892379760742188e+02 x_e: 3.4892211914062500e+02 x_diff: 1.6784667968750000e-03 y_r: 2.5832965087890625e+02 y_e: 2.5833096313476562e+02 y_diff: 1.3122558593750000e-03 w_r: 1.5162802124023438e+02 w_e: 1.5163412475585938e+02 w_diff: 6.1035156250000000e-03 h_r: 1.2220954895019531e+02 h_e: 1.2219903564453125e+02 h_diff: 1.0513305664062500e-02
#ERR image_list_position: [536] probs: [74,0]  prob_r: 1.3030450791120529e-03 prob_e: 1.3040032936260104e-03
#ERR image_list_position: [536] probs: [74,5]  prob_r: 6.1667566187679768e-03 prob_e: 6.1677834019064903e-03
#ERR image_list_position: [536] probs: [74,6]  prob_r: 9.3523338437080383e-02 prob_e: 9.3562349677085876e-02
#ERR image_list_position: [536] probs: [74,7]  prob_r: 1.4395372709259391e-03 prob_e: 1.4388244599103928e-03
#ERR image_list_position: [536] probs: [74,9]  prob_r: 1.0294865351170301e-03 prob_e: 1.0307754855602980e-03
#ERR image_list_position: [536] probs: [74,11]  prob_r: 1.5237303450703621e-03 prob_e: 1.5237437328323722e-03
#ERR image_list_position: [536] probs: [74,12]  prob_r: 1.6940014902502298e-03 prob_e: 1.6927807591855526e-03
#ERR image_list_position: [536] probs: [74,18]  prob_r: 2.3210053332149982e-03 prob_e: 2.3214295506477356e-03
#ERR image_list_position: [536] boxes: [75]  x_r: 4.2802691650390625e+02 x_e: 4.2802426147460938e+02 x_diff: 2.6550292968750000e-03 y_r: 2.2560751342773438e+02 y_e: 2.2560746765136719e+02 y_diff: 4.5776367187500000e-05 w_r: 2.6889911651611328e+01 w_e: 2.6895746231079102e+01 w_diff: 5.8345794677734375e-03 h_r: 4.1686786651611328e+01 h_e: 4.1696872711181641e+01 h_diff: 1.0086059570312500e-02
#ERR image_list_position: [536] boxes: [77]  x_r: 3.9735494995117188e+02 x_e: 3.9735186767578125e+02 x_diff: 3.0822753906250000e-03 y_r: 2.4437002563476562e+02 y_e: 2.4437028503417969e+02 y_diff: 2.5939941406250000e-04 w_r: 1.3520246887207031e+02 w_e: 1.3520219421386719e+02 w_diff: 2.7465820312500000e-04 h_r: 1.5691760253906250e+02 h_e: 1.5690827941894531e+02 h_diff: 9.3231201171875000e-03
#ERR image_list_position: [536] boxes: [79]  x_r: 4.8365310668945312e+02 x_e: 4.8365615844726562e+02 x_diff: 3.0517578125000000e-03 y_r: 2.0848092651367188e+02 y_e: 2.0848057556152344e+02 y_diff: 3.5095214843750000e-04 w_r: 2.3009786605834961e+01 w_e: 2.3012754440307617e+01 w_diff: 2.9678344726562500e-03 h_r: 4.8581092834472656e+01 h_e: 4.8588977813720703e+01 h_diff: 7.8849792480468750e-03
#ERR image_list_position: [536] probs: [79,1]  prob_r: 2.2848146036267281e-03 prob_e: 2.2848469670861959e-03
#ERR image_list_position: [536] probs: [79,6]  prob_r: 8.8397581130266190e-03 prob_e: 8.8393483310937881e-03
#ERR image_list_position: [536] probs: [79,13]  prob_r: 1.7193813109770417e-03 prob_e: 1.7194787506014109e-03
#ERR image_list_position: [536] probs: [79,14]  prob_r: 2.5137696415185928e-02 prob_e: 2.5138461962342262e-02
#ERR image_list_position: [536] boxes: [83]  x_r: 6.2920672607421875e+02 x_e: 6.2920635986328125e+02 x_diff: 3.6621093750000000e-04 y_r: 2.3108992004394531e+02 y_e: 2.3108776855468750e+02 y_diff: 2.1514892578125000e-03 w_r: 1.6411104202270508e+01 w_e: 1.6413740158081055e+01 w_diff: 2.6359558105468750e-03 h_r: 8.2876632690429688e+01 h_e: 8.2884407043457031e+01 h_diff: 7.7743530273437500e-03
#ERR image_list_position: [536] probs: [83,1]  prob_r: 2.5029543321579695e-03 prob_e: 2.5024891365319490e-03
#ERR image_list_position: [536] probs: [83,6]  prob_r: 6.2889335677027702e-03 prob_e: 6.2876017764210701e-03
#ERR image_list_position: [536] probs: [83,13]  prob_r: 1.5491691883653402e-03 prob_e: 1.5495092375203967e-03
#ERR image_list_position: [536] probs: [83,14]  prob_r: 1.6599744558334351e-02 prob_e: 1.6596816480159760e-02
#ERR image_list_position: [536] boxes: [85]  x_r: 2.0774078369140625e+01 x_e: 2.0773836135864258e+01 x_diff: 2.4223327636718750e-04 y_r: 2.9516964721679688e+02 y_e: 2.9517178344726562e+02 y_diff: 2.1362304687500000e-03 w_r: 3.4156978607177734e+01 w_e: 3.4156219482421875e+01 w_diff: 7.5912475585937500e-04 h_r: 1.4165974426269531e+02 h_e: 1.4166780090332031e+02 h_diff: 8.0566406250000000e-03
#ERR image_list_position: [536] probs: [85,6]  prob_r: 1.8935052677989006e-02 prob_e: 1.8930798396468163e-02
#ERR image_list_position: [536] probs: [85,13]  prob_r: 1.6907543176785111e-03 prob_e: 1.6909773694351315e-03
#ERR image_list_position: [536] probs: [85,14]  prob_r: 2.1971787791699171e-03 prob_e: 2.1965270861983299e-03
#ERR image_list_position: [536] probs: [85,15]  prob_r: 1.0367779759690166e-03 prob_e: 1.0365099878981709e-03
#ERR image_list_position: [536] boxes: [89]  x_r: 1.4138638305664062e+02 x_e: 1.4138650512695312e+02 x_diff: 1.2207031250000000e-04 y_r: 2.9668457031250000e+02 y_e: 2.9668563842773438e+02 y_diff: 1.0681152343750000e-03 w_r: 8.6329887390136719e+01 w_e: 8.6337112426757812e+01 w_diff: 7.2250366210937500e-03 h_r: 1.2436001586914062e+02 h_e: 1.2435815429687500e+02 h_diff: 1.8615722656250000e-03
#ERR image_list_position: [536] boxes: [91]  x_r: 2.1545494079589844e+02 x_e: 2.1545733642578125e+02 x_diff: 2.3956298828125000e-03 y_r: 2.9617312622070312e+02 y_e: 2.9617337036132812e+02 y_diff: 2.4414062500000000e-04 w_r: 4.5866031646728516e+01 w_e: 4.5876754760742188e+01 w_diff: 1.0723114013671875e-02 h_r: 7.4911521911621094e+01 h_e: 7.4920181274414062e+01 h_diff: 8.6593627929687500e-03
#ERR image_list_position: [536] probs: [91,6]  prob_r: 9.5998495817184448e-03 prob_e: 9.6014523878693581e-03
#ERR image_list_position: [536] boxes: [92]  x_r: 2.3887837219238281e+02 x_e: 2.3887800598144531e+02 x_diff: 3.6621093750000000e-04 y_r: 2.9753292846679688e+02 y_e: 2.9753192138671875e+02 y_diff: 1.0070800781250000e-03 w_r: 1.5023530578613281e+02 w_e: 1.5024325561523438e+02 w_diff: 7.9498291015625000e-03 h_r: 1.4921565246582031e+02 h_e: 1.4922126770019531e+02 h_diff: 5.6152343750000000e-03
#ERR image_list_position: [536] probs: [92,4]  prob_r: 1.3846203219145536e-03 prob_e: 1.3851752737537026e-03
#ERR image_list_position: [536] probs: [92,6]  prob_r: 1.8601277843117714e-02 prob_e: 1.8610185012221336e-02
#ERR image_list_position: [536] probs: [92,10]  prob_r: 1.3168033910915256e-03 prob_e: 1.3174548512324691e-03
#ERR image_list_position: [536] probs: [92,14]  prob_r: 1.3958417112007737e-03 prob_e: 1.3964022509753704e-03
#ERR image_list_position: [536] boxes: [96]  x_r: 4.0016036987304688e+02 x_e: 4.0015847778320312e+02 x_diff: 1.8920898437500000e-03 y_r: 2.9367306518554688e+02 y_e: 2.9367117309570312e+02 y_diff: 1.8920898437500000e-03 w_r: 5.8506782531738281e+01 w_e: 5.8508697509765625e+01 w_diff: 1.9149780273437500e-03 h_r: 8.2855751037597656e+01 h_e: 8.2863388061523438e+01 h_diff: 7.6370239257812500e-03
#ERR image_list_position: [536] boxes: [98]  x_r: 3.8657171630859375e+02 x_e: 3.8657217407226562e+02 x_diff: 4.5776367187500000e-04 y_r: 2.8741864013671875e+02 y_e: 2.8741821289062500e+02 y_diff: 4.2724609375000000e-04 w_r: 2.2032022094726562e+02 w_e: 2.2031480407714844e+02 w_diff: 5.4168701171875000e-03 h_r: 1.7812692260742188e+02 h_e: 1.7813117980957031e+02 h_diff: 4.2572021484375000e-03
#ERR image_list_position: [536] boxes: [113]  x_r: 2.3403564453125000e+02 x_e: 2.3403507995605469e+02 x_diff: 5.6457519531250000e-04 y_r: 3.6952444458007812e+02 y_e: 3.6952478027343750e+02 y_diff: 3.3569335937500000e-04 w_r: 1.4745268249511719e+02 w_e: 1.4744763183593750e+02 w_diff: 5.0506591796875000e-03 h_r: 1.2823016357421875e+02 h_e: 1.2822093200683594e+02 h_diff: 9.2315673828125000e-03
#ERR image_list_position: [536] probs: [113,6]  prob_r: 2.7225024532526731e-03 prob_e: 2.7219264302402735e-03
#ERR image_list_position: [536] boxes: [135]  x_r: 3.1606600952148438e+02 x_e: 3.1606451416015625e+02 x_diff: 1.4953613281250000e-03 y_r: 4.3708657836914062e+02 y_e: 4.3708770751953125e+02 y_diff: 1.1291503906250000e-03 w_r: 2.0684680175781250e+02 w_e: 2.0684002685546875e+02 w_diff: 6.7749023437500000e-03 h_r: 6.6105674743652344e+01 h_e: 6.6104225158691406e+01 h_diff: 1.4495849609375000e-03
#ERR image_list_position: [536] probs: [135,6]  prob_r: 1.0512858862057328e-03 prob_e: 1.0507327970117331e-03
#ERR image_list_position: [536] boxes: [140]  x_r: 4.0243872070312500e+02 x_e: 4.0243978881835938e+02 x_diff: 1.0681152343750000e-03 y_r: 4.3698687744140625e+02 y_e: 4.3698651123046875e+02 y_diff: 3.6621093750000000e-04 w_r: 1.4809924316406250e+02 w_e: 1.4809173583984375e+02 w_diff: 7.5073242187500000e-03 h_r: 6.3708106994628906e+01 h_e: 6.3704063415527344e+01 h_diff: 4.0435791015625000e-03
#ERR image_list_position: [536] probs: [140,6]  prob_r: 1.6073014121502638e-03 prob_e: 1.6072305152192712e-03
#SDC Ite:536 KerTime:0.357687 AccTime:191.995359 KerErr:35 AccErr:43
#IT Ite:537 KerTime:0.357709 AccTime:192.353068
#IT Ite:538 KerTime:0.356819 AccTime:192.709887
#IT Ite:539 KerTime:0.357205 AccTime:193.067092
#IT Ite:540 KerTime:0.357241 AccTime:193.424333
#IT Ite:541 KerTime:0.357760 AccTime:193.782093
#IT Ite:542 KerTime:0.357542 AccTime:194.139635
#IT Ite:543 KerTime:0.357523 AccTime:194.497158
#IT Ite:544 KerTime:0.357566 AccTime:194.854724
#IT Ite:545 KerTime:0.357485 AccTime:195.212209
#IT Ite:546 KerTime:0.357420 AccTime:195.569629
#IT Ite:547 KerTime:0.357299 AccTime:195.926928
#IT Ite:548 KerTime:0.357494 AccTime:196.284422
#IT Ite:549 KerTime:0.357566 AccTime:196.641988
#IT Ite:550 KerTime:0.357037 AccTime:196.999025
#IT Ite:551 KerTime:0.357147 AccTime:197.356172
#IT Ite:552 KerTime:0.357542 AccTime:197.713714
#IT Ite:553 KerTime:0.357614 AccTime:198.071328
#IT Ite:554 KerTime:0.357280 AccTime:198.428608
#IT Ite:555 KerTime:0.357207 AccTime:198.785815
#IT Ite:556 KerTime:0.356709 AccTime:199.142524
#IT Ite:557 KerTime:0.357858 AccTime:199.500382
#IT Ite:558 KerTime:0.357671 AccTime:199.858053
#IT Ite:559 KerTime:0.357688 AccTime:200.215741
#IT Ite:560 KerTime:0.356883 AccTime:200.572624
#IT Ite:561 KerTime:0.357094 AccTime:200.929718
#IT Ite:562 KerTime:0.356786 AccTime:201.286504
#IT Ite:563 KerTime:0.356917 AccTime:201.643421
#IT Ite:564 KerTime:0.357020 AccTime:202.000441
#IT Ite:565 KerTime:0.357295 AccTime:202.357736
#IT Ite:566 KerTime:0.357367 AccTime:202.715103
#IT Ite:567 KerTime:0.357224 AccTime:203.072327
#IT Ite:568 KerTime:0.357670 AccTime:203.429997
#IT Ite:569 KerTime:0.357462 AccTime:203.787459
#IT Ite:570 KerTime:0.357441 AccTime:204.144900
#IT Ite:571 KerTime:0.357370 AccTime:204.502270
#IT Ite:572 KerTime:0.357155 AccTime:204.859425
#IT Ite:573 KerTime:0.357620 AccTime:205.217045
#IT Ite:574 KerTime:0.357363 AccTime:205.574408
#IT Ite:575 KerTime:0.357672 AccTime:205.932080
#IT Ite:576 KerTime:0.358281 AccTime:206.290361
