#HEADER type: unhardened_hog dataset: /home/carol/radiation-benchmarks/data/networks_img_list/caltech.pedestrians.critical.1K.txt
#BEGIN Y:2016 M:12 D:11 Time:09:09:09
#IT Ite:0 KerTime:0.020382 AccTime:0.020382
#IT Ite:1 KerTime:0.018146 AccTime:0.038528
#IT Ite:2 KerTime:0.018320 AccTime:0.056848
#IT Ite:3 KerTime:0.018328 AccTime:0.075176
#IT Ite:4 KerTime:0.018257 AccTime:0.093433
#IT Ite:5 KerTime:0.018675 AccTime:0.112108
#IT Ite:6 KerTime:0.019427 AccTime:0.131535
#IT Ite:7 KerTime:0.018315 AccTime:0.149850
#IT Ite:8 KerTime:0.018607 AccTime:0.168457
#IT Ite:9 KerTime:0.018275 AccTime:0.186732
#IT Ite:10 KerTime:0.018247 AccTime:0.204979
#IT Ite:11 KerTime:0.018332 AccTime:0.223311
#IT Ite:12 KerTime:0.021151 AccTime:0.244462
#IT Ite:13 KerTime:0.018267 AccTime:0.262729
#IT Ite:14 KerTime:0.018371 AccTime:0.281100
#IT Ite:15 KerTime:0.018357 AccTime:0.299457
#IT Ite:16 KerTime:0.018250 AccTime:0.317707
#IT Ite:17 KerTime:0.018239 AccTime:0.335946
#IT Ite:18 KerTime:0.018334 AccTime:0.354280
#IT Ite:19 KerTime:0.018263 AccTime:0.372543
#IT Ite:20 KerTime:0.018272 AccTime:0.390815
#IT Ite:21 KerTime:0.018234 AccTime:0.409049
#IT Ite:22 KerTime:0.018282 AccTime:0.427331
#IT Ite:23 KerTime:0.018388 AccTime:0.445719
#IT Ite:24 KerTime:0.018375 AccTime:0.464094
#IT Ite:25 KerTime:0.018174 AccTime:0.482268
#IT Ite:26 KerTime:0.018382 AccTime:0.500650
#IT Ite:27 KerTime:0.018295 AccTime:0.518945
#IT Ite:28 KerTime:0.018252 AccTime:0.537197
#IT Ite:29 KerTime:0.018268 AccTime:0.555465
#IT Ite:30 KerTime:0.018281 AccTime:0.573746
#IT Ite:31 KerTime:0.018352 AccTime:0.592098
#IT Ite:32 KerTime:0.018417 AccTime:0.610515
#IT Ite:33 KerTime:0.018229 AccTime:0.628744
#IT Ite:34 KerTime:0.018253 AccTime:0.646997
#IT Ite:35 KerTime:0.018278 AccTime:0.665275
#IT Ite:36 KerTime:0.018253 AccTime:0.683528
#IT Ite:37 KerTime:0.018233 AccTime:0.701761
#IT Ite:38 KerTime:0.018275 AccTime:0.720036
#IT Ite:39 KerTime:0.018362 AccTime:0.738398
#IT Ite:40 KerTime:0.018281 AccTime:0.756679
#IT Ite:41 KerTime:0.018209 AccTime:0.774888
#IT Ite:42 KerTime:0.018234 AccTime:0.793122
#IT Ite:43 KerTime:0.018251 AccTime:0.811373
#IT Ite:44 KerTime:0.018300 AccTime:0.829673
#IT Ite:45 KerTime:0.018327 AccTime:0.848000
#IT Ite:46 KerTime:0.018276 AccTime:0.866276
#IT Ite:47 KerTime:0.018243 AccTime:0.884519
#IT Ite:48 KerTime:0.018318 AccTime:0.902837
#IT Ite:49 KerTime:0.018239 AccTime:0.921076
#IT Ite:50 KerTime:0.018259 AccTime:0.939335
#IT Ite:51 KerTime:0.018279 AccTime:0.957614
#IT Ite:52 KerTime:0.018261 AccTime:0.975875
#IT Ite:53 KerTime:0.018269 AccTime:0.994144
#IT Ite:54 KerTime:0.018282 AccTime:1.012426
#IT Ite:55 KerTime:0.018242 AccTime:1.030668
#IT Ite:56 KerTime:0.018238 AccTime:1.048906
#IT Ite:57 KerTime:0.018494 AccTime:1.067400
#IT Ite:58 KerTime:0.018315 AccTime:1.085715
#IT Ite:59 KerTime:0.018275 AccTime:1.103990
#IT Ite:60 KerTime:0.018212 AccTime:1.122202
#IT Ite:61 KerTime:0.018319 AccTime:1.140521
#IT Ite:62 KerTime:0.018293 AccTime:1.158814
#IT Ite:63 KerTime:0.018276 AccTime:1.177090
#IT Ite:64 KerTime:0.018247 AccTime:1.195337
#IT Ite:65 KerTime:0.018260 AccTime:1.213597
#IT Ite:66 KerTime:0.018360 AccTime:1.231957
#IT Ite:67 KerTime:0.018280 AccTime:1.250237
#IT Ite:68 KerTime:0.018080 AccTime:1.268317
#IT Ite:69 KerTime:0.018289 AccTime:1.286606
#IT Ite:70 KerTime:0.018219 AccTime:1.304825
#IT Ite:71 KerTime:0.018264 AccTime:1.323089
#IT Ite:72 KerTime:0.018090 AccTime:1.341179
#IT Ite:73 KerTime:0.018256 AccTime:1.359435
#IT Ite:74 KerTime:0.018234 AccTime:1.377669
#IT Ite:75 KerTime:0.018280 AccTime:1.395949
#IT Ite:76 KerTime:0.018103 AccTime:1.414052
#IT Ite:77 KerTime:0.018286 AccTime:1.432338
#IT Ite:78 KerTime:0.018246 AccTime:1.450584
#IT Ite:79 KerTime:0.018379 AccTime:1.468963
#IT Ite:80 KerTime:0.018073 AccTime:1.487036
#IT Ite:81 KerTime:0.018283 AccTime:1.505319
#IT Ite:82 KerTime:0.018288 AccTime:1.523607
#IT Ite:83 KerTime:0.018251 AccTime:1.541858
#IT Ite:84 KerTime:0.017999 AccTime:1.559857
#IT Ite:85 KerTime:0.018196 AccTime:1.578053
#IT Ite:86 KerTime:0.018246 AccTime:1.596299
#IT Ite:87 KerTime:0.018264 AccTime:1.614563
#IT Ite:88 KerTime:0.018118 AccTime:1.632681
#IT Ite:89 KerTime:0.018350 AccTime:1.651031
#IT Ite:90 KerTime:0.018284 AccTime:1.669315
#IT Ite:91 KerTime:0.018270 AccTime:1.687585
#IT Ite:92 KerTime:0.018053 AccTime:1.705638
#IT Ite:93 KerTime:0.018271 AccTime:1.723909
#IT Ite:94 KerTime:0.018270 AccTime:1.742179
#IT Ite:95 KerTime:0.018243 AccTime:1.760422
#IT Ite:96 KerTime:0.017950 AccTime:1.778372
#IT Ite:97 KerTime:0.018315 AccTime:1.796687
#IT Ite:98 KerTime:0.018259 AccTime:1.814946
#IT Ite:99 KerTime:0.018300 AccTime:1.833246
#IT Ite:100 KerTime:0.018077 AccTime:1.851323
#IT Ite:101 KerTime:0.018251 AccTime:1.869574
#IT Ite:102 KerTime:0.018228 AccTime:1.887802
#IT Ite:103 KerTime:0.018246 AccTime:1.906048
#IT Ite:104 KerTime:0.018121 AccTime:1.924169
#IT Ite:105 KerTime:0.018290 AccTime:1.942459
#IT Ite:106 KerTime:0.018287 AccTime:1.960746
#IT Ite:107 KerTime:0.018273 AccTime:1.979019
#IT Ite:108 KerTime:0.018209 AccTime:1.997228
#IT Ite:109 KerTime:0.018317 AccTime:2.015545
#IT Ite:110 KerTime:0.018299 AccTime:2.033844
#IT Ite:111 KerTime:0.018308 AccTime:2.052152
#IT Ite:112 KerTime:0.018171 AccTime:2.070323
#IT Ite:113 KerTime:0.018247 AccTime:2.088570
#IT Ite:114 KerTime:0.018340 AccTime:2.106910
#IT Ite:115 KerTime:0.018282 AccTime:2.125192
#IT Ite:116 KerTime:0.018165 AccTime:2.143357
#IT Ite:117 KerTime:0.018210 AccTime:2.161567
#IT Ite:118 KerTime:0.018261 AccTime:2.179828
#IT Ite:119 KerTime:0.018258 AccTime:2.198086
#IT Ite:120 KerTime:0.018160 AccTime:2.216246
#IT Ite:121 KerTime:0.018289 AccTime:2.234535
#IT Ite:122 KerTime:0.018348 AccTime:2.252883
#IT Ite:123 KerTime:0.018268 AccTime:2.271151
#IT Ite:124 KerTime:0.018206 AccTime:2.289357
#IT Ite:125 KerTime:0.018305 AccTime:2.307662
#IT Ite:126 KerTime:0.018247 AccTime:2.325909
#IT Ite:127 KerTime:0.018244 AccTime:2.344153
#IT Ite:128 KerTime:0.018232 AccTime:2.362385
#IT Ite:129 KerTime:0.018272 AccTime:2.380657
#IT Ite:130 KerTime:0.018353 AccTime:2.399010
#IT Ite:131 KerTime:0.018256 AccTime:2.417266
#IT Ite:132 KerTime:0.018225 AccTime:2.435491
#IT Ite:133 KerTime:0.018180 AccTime:2.453671
#IT Ite:134 KerTime:0.018227 AccTime:2.471898
#IT Ite:135 KerTime:0.018301 AccTime:2.490199
#IT Ite:136 KerTime:0.018171 AccTime:2.508370
#IT Ite:137 KerTime:0.018251 AccTime:2.526621
#IT Ite:138 KerTime:0.018221 AccTime:2.544842
#IT Ite:139 KerTime:0.018270 AccTime:2.563112
#IT Ite:140 KerTime:0.018266 AccTime:2.581378
#IT Ite:141 KerTime:0.018343 AccTime:2.599721
#IT Ite:142 KerTime:0.018314 AccTime:2.618035
#IT Ite:143 KerTime:0.018310 AccTime:2.636345
#IT Ite:144 KerTime:0.018289 AccTime:2.654634
#IT Ite:145 KerTime:0.018299 AccTime:2.672933
#IT Ite:146 KerTime:0.018312 AccTime:2.691245
#IT Ite:147 KerTime:0.018307 AccTime:2.709552
#IT Ite:148 KerTime:0.018144 AccTime:2.727696
#IT Ite:149 KerTime:0.018302 AccTime:2.745998
#IT Ite:150 KerTime:0.018311 AccTime:2.764309
#IT Ite:151 KerTime:0.018238 AccTime:2.782547
#IT Ite:152 KerTime:0.018165 AccTime:2.800712
#IT Ite:153 KerTime:0.018244 AccTime:2.818956
#IT Ite:154 KerTime:0.018313 AccTime:2.837269
#IT Ite:155 KerTime:0.018386 AccTime:2.855655
#IT Ite:156 KerTime:0.018215 AccTime:2.873870
#IT Ite:157 KerTime:0.018258 AccTime:2.892128
#IT Ite:158 KerTime:0.018258 AccTime:2.910386
#IT Ite:159 KerTime:0.018328 AccTime:2.928714
#IT Ite:160 KerTime:0.018295 AccTime:2.947009
#IT Ite:161 KerTime:0.018231 AccTime:2.965240
#IT Ite:162 KerTime:0.018266 AccTime:2.983506
#IT Ite:163 KerTime:0.018256 AccTime:3.001762
#IT Ite:164 KerTime:0.018266 AccTime:3.020028
#IT Ite:165 KerTime:0.018210 AccTime:3.038238
#IT Ite:166 KerTime:0.018224 AccTime:3.056462
#IT Ite:167 KerTime:0.018241 AccTime:3.074703
#IT Ite:168 KerTime:0.018319 AccTime:3.093022
#IT Ite:169 KerTime:0.018260 AccTime:3.111282
#IT Ite:170 KerTime:0.018309 AccTime:3.129591
#IT Ite:171 KerTime:0.018223 AccTime:3.147814
#IT Ite:172 KerTime:0.018315 AccTime:3.166129
#IT Ite:173 KerTime:0.018270 AccTime:3.184399
#IT Ite:174 KerTime:0.018236 AccTime:3.202635
#IT Ite:175 KerTime:0.018262 AccTime:3.220897
#IT Ite:176 KerTime:0.018342 AccTime:3.239239
#IT Ite:177 KerTime:0.018216 AccTime:3.257455
#IT Ite:178 KerTime:0.018249 AccTime:3.275704
#IT Ite:179 KerTime:0.018277 AccTime:3.293981
#IT Ite:180 KerTime:0.018338 AccTime:3.312319
#IT Ite:181 KerTime:0.018240 AccTime:3.330559
#IT Ite:182 KerTime:0.018241 AccTime:3.348800
#IT Ite:183 KerTime:0.018363 AccTime:3.367163
#IT Ite:184 KerTime:0.018218 AccTime:3.385381
#IT Ite:185 KerTime:0.018252 AccTime:3.403633
#IT Ite:186 KerTime:0.018301 AccTime:3.421934
#IT Ite:187 KerTime:0.018228 AccTime:3.440162
#IT Ite:188 KerTime:0.018332 AccTime:3.458494
#IT Ite:189 KerTime:0.018310 AccTime:3.476804
#IT Ite:190 KerTime:0.018322 AccTime:3.495126
#IT Ite:191 KerTime:0.018210 AccTime:3.513336
#IT Ite:192 KerTime:0.018253 AccTime:3.531589
#IT Ite:193 KerTime:0.018299 AccTime:3.549888
#IT Ite:194 KerTime:0.018215 AccTime:3.568103
#IT Ite:195 KerTime:0.018268 AccTime:3.586371
#IT Ite:196 KerTime:0.018430 AccTime:3.604801
#IT Ite:197 KerTime:0.018247 AccTime:3.623048
#IT Ite:198 KerTime:0.018365 AccTime:3.641413
#IT Ite:199 KerTime:0.018298 AccTime:3.659711
#IT Ite:200 KerTime:0.018408 AccTime:3.678119
#IT Ite:201 KerTime:0.018285 AccTime:3.696404
#IT Ite:202 KerTime:0.018286 AccTime:3.714690
#IT Ite:203 KerTime:0.018345 AccTime:3.733035
#IT Ite:204 KerTime:0.018217 AccTime:3.751252
#IT Ite:205 KerTime:0.018212 AccTime:3.769464
#IT Ite:206 KerTime:0.018346 AccTime:3.787810
#IT Ite:207 KerTime:0.018237 AccTime:3.806047
#IT Ite:208 KerTime:0.018341 AccTime:3.824388
#IT Ite:209 KerTime:0.018248 AccTime:3.842636
#IT Ite:210 KerTime:0.018206 AccTime:3.860842
#IT Ite:211 KerTime:0.018334 AccTime:3.879176
#IT Ite:212 KerTime:0.018357 AccTime:3.897533
#IT Ite:213 KerTime:0.018292 AccTime:3.915825
#IT Ite:214 KerTime:0.018258 AccTime:3.934083
#IT Ite:215 KerTime:0.018272 AccTime:3.952355
#IT Ite:216 KerTime:0.018293 AccTime:3.970648
#IT Ite:217 KerTime:0.018237 AccTime:3.988885
#IT Ite:218 KerTime:0.018303 AccTime:4.007188
#IT Ite:219 KerTime:0.018075 AccTime:4.025263
#IT Ite:220 KerTime:0.018288 AccTime:4.043551
#IT Ite:221 KerTime:0.018321 AccTime:4.061872
#IT Ite:222 KerTime:0.018376 AccTime:4.080248
#IT Ite:223 KerTime:0.018066 AccTime:4.098314
#IT Ite:224 KerTime:0.018296 AccTime:4.116610
#IT Ite:225 KerTime:0.018266 AccTime:4.134876
#IT Ite:226 KerTime:0.018309 AccTime:4.153185
#IT Ite:227 KerTime:0.018016 AccTime:4.171201
#IT Ite:228 KerTime:0.018298 AccTime:4.189499
#IT Ite:229 KerTime:0.018398 AccTime:4.207897
#IT Ite:230 KerTime:0.018345 AccTime:4.226242
#IT Ite:231 KerTime:0.018037 AccTime:4.244279
#IT Ite:232 KerTime:0.018277 AccTime:4.262556
#IT Ite:233 KerTime:0.018223 AccTime:4.280779
#IT Ite:234 KerTime:0.018274 AccTime:4.299053
#IT Ite:235 KerTime:0.018033 AccTime:4.317086
#IT Ite:236 KerTime:0.018263 AccTime:4.335349
#IT Ite:237 KerTime:0.018268 AccTime:4.353617
#IT Ite:238 KerTime:0.018270 AccTime:4.371887
#IT Ite:239 KerTime:0.018005 AccTime:4.389892
#IT Ite:240 KerTime:0.018298 AccTime:4.408190
#IT Ite:241 KerTime:0.018287 AccTime:4.426477
#IT Ite:242 KerTime:0.018260 AccTime:4.444737
#IT Ite:243 KerTime:0.017965 AccTime:4.462702
#IT Ite:244 KerTime:0.018207 AccTime:4.480909
#IT Ite:245 KerTime:0.018247 AccTime:4.499156
#IT Ite:246 KerTime:0.018253 AccTime:4.517409
#IT Ite:247 KerTime:0.017943 AccTime:4.535352
#IT Ite:248 KerTime:0.018277 AccTime:4.553629
#IT Ite:249 KerTime:0.018294 AccTime:4.571923
#IT Ite:250 KerTime:0.018236 AccTime:4.590159
#IT Ite:251 KerTime:0.018042 AccTime:4.608201
#IT Ite:252 KerTime:0.018286 AccTime:4.626487
#IT Ite:253 KerTime:0.018251 AccTime:4.644738
#IT Ite:254 KerTime:0.018238 AccTime:4.662976
#IT Ite:255 KerTime:0.018001 AccTime:4.680977
#IT Ite:256 KerTime:0.018236 AccTime:4.699213
#IT Ite:257 KerTime:0.018247 AccTime:4.717460
#IT Ite:258 KerTime:0.018252 AccTime:4.735712
#IT Ite:259 KerTime:0.018133 AccTime:4.753845
#IT Ite:260 KerTime:0.018300 AccTime:4.772145
#IT Ite:261 KerTime:0.018286 AccTime:4.790431
#IT Ite:262 KerTime:0.018328 AccTime:4.808759
#IT Ite:263 KerTime:0.018097 AccTime:4.826856
#IT Ite:264 KerTime:0.018318 AccTime:4.845174
#IT Ite:265 KerTime:0.018233 AccTime:4.863407
#IT Ite:266 KerTime:0.018263 AccTime:4.881670
#IT Ite:267 KerTime:0.018119 AccTime:4.899789
#IT Ite:268 KerTime:0.018281 AccTime:4.918070
#IT Ite:269 KerTime:0.018284 AccTime:4.936354
#IT Ite:270 KerTime:0.018288 AccTime:4.954642
#IT Ite:271 KerTime:0.018181 AccTime:4.972823
#IT Ite:272 KerTime:0.018245 AccTime:4.991068
#IT Ite:273 KerTime:0.018219 AccTime:5.009287
#IT Ite:274 KerTime:0.018287 AccTime:5.027574
#IT Ite:275 KerTime:0.018130 AccTime:5.045704
#IT Ite:276 KerTime:0.018305 AccTime:5.064009
#IT Ite:277 KerTime:0.018288 AccTime:5.082297
#IT Ite:278 KerTime:0.018301 AccTime:5.100598
#IT Ite:279 KerTime:0.018134 AccTime:5.118732
#IT Ite:280 KerTime:0.018329 AccTime:5.137061
#IT Ite:281 KerTime:0.018283 AccTime:5.155344
#IT Ite:282 KerTime:0.018225 AccTime:5.173569
#IT Ite:283 KerTime:0.019028 AccTime:5.192597
#IT Ite:284 KerTime:0.018239 AccTime:5.210836
#IT Ite:285 KerTime:0.018182 AccTime:5.229018
#IT Ite:286 KerTime:0.018132 AccTime:5.247150
#IT Ite:287 KerTime:0.018027 AccTime:5.265177
#IT Ite:288 KerTime:0.018145 AccTime:5.283322
#IT Ite:289 KerTime:0.018194 AccTime:5.301516
#IT Ite:290 KerTime:0.018190 AccTime:5.319706
#IT Ite:291 KerTime:0.017984 AccTime:5.337690
#IT Ite:292 KerTime:0.018154 AccTime:5.355844
#IT Ite:293 KerTime:0.018198 AccTime:5.374042
#IT Ite:294 KerTime:0.018239 AccTime:5.392281
#IT Ite:295 KerTime:0.018027 AccTime:5.410308
#IT Ite:296 KerTime:0.018117 AccTime:5.428425
#IT Ite:297 KerTime:0.018107 AccTime:5.446532
#IT Ite:298 KerTime:0.018189 AccTime:5.464721
#IT Ite:299 KerTime:0.018001 AccTime:5.482722
#IT Ite:300 KerTime:0.018200 AccTime:5.500922
#IT Ite:301 KerTime:0.018174 AccTime:5.519096
#IT Ite:302 KerTime:0.018232 AccTime:5.537328
#IT Ite:303 KerTime:0.017960 AccTime:5.555288
#IT Ite:304 KerTime:0.018369 AccTime:5.573657
#IT Ite:305 KerTime:0.018171 AccTime:5.591828
#IT Ite:306 KerTime:0.018107 AccTime:5.609935
#IT Ite:307 KerTime:0.017887 AccTime:5.627822
#IT Ite:308 KerTime:0.018197 AccTime:5.646019
#IT Ite:309 KerTime:0.018192 AccTime:5.664211
#IT Ite:310 KerTime:0.018204 AccTime:5.682415
#IT Ite:311 KerTime:0.017802 AccTime:5.700217
#IT Ite:312 KerTime:0.018139 AccTime:5.718356
#IT Ite:313 KerTime:0.018280 AccTime:5.736636
#IT Ite:314 KerTime:0.018132 AccTime:5.754768
#IT Ite:315 KerTime:0.017930 AccTime:5.772698
#IT Ite:316 KerTime:0.018184 AccTime:5.790882
#IT Ite:317 KerTime:0.018181 AccTime:5.809063
#IT Ite:318 KerTime:0.018181 AccTime:5.827244
#IT Ite:319 KerTime:0.018037 AccTime:5.845281
#IT Ite:320 KerTime:0.018156 AccTime:5.863437
#IT Ite:321 KerTime:0.018229 AccTime:5.881666
#IT Ite:322 KerTime:0.018266 AccTime:5.899932
#IT Ite:323 KerTime:0.018086 AccTime:5.918018
#IT Ite:324 KerTime:0.018197 AccTime:5.936215
#IT Ite:325 KerTime:0.018209 AccTime:5.954424
#IT Ite:326 KerTime:0.018741 AccTime:5.973165
#IT Ite:327 KerTime:0.018180 AccTime:5.991345
#IT Ite:328 KerTime:0.018317 AccTime:6.009662
#IT Ite:329 KerTime:0.018111 AccTime:6.027773
#IT Ite:330 KerTime:0.018155 AccTime:6.045928
#IT Ite:331 KerTime:0.018178 AccTime:6.064106
#IT Ite:332 KerTime:0.018214 AccTime:6.082320
#IT Ite:333 KerTime:0.018187 AccTime:6.100507
#IT Ite:334 KerTime:0.018192 AccTime:6.118699
#IT Ite:335 KerTime:0.018160 AccTime:6.136859
#IT Ite:336 KerTime:0.018148 AccTime:6.155007
#IT Ite:337 KerTime:0.018081 AccTime:6.173088
#IT Ite:338 KerTime:0.018241 AccTime:6.191329
#IT Ite:339 KerTime:0.018211 AccTime:6.209540
#IT Ite:340 KerTime:0.018153 AccTime:6.227693
#IT Ite:341 KerTime:0.018173 AccTime:6.245866
#IT Ite:342 KerTime:0.018189 AccTime:6.264055
#IT Ite:343 KerTime:0.018105 AccTime:6.282160
#IT Ite:344 KerTime:0.018207 AccTime:6.300367
#IT Ite:345 KerTime:0.018155 AccTime:6.318522
#IT Ite:346 KerTime:0.018198 AccTime:6.336720
#IT Ite:347 KerTime:0.018209 AccTime:6.354929
#IT Ite:348 KerTime:0.018083 AccTime:6.373012
#IT Ite:349 KerTime:0.018238 AccTime:6.391250
#IT Ite:350 KerTime:0.018218 AccTime:6.409468
#IT Ite:351 KerTime:0.018192 AccTime:6.427660
#IT Ite:352 KerTime:0.018166 AccTime:6.445826
#IT Ite:353 KerTime:0.018181 AccTime:6.464007
#IT Ite:354 KerTime:0.018295 AccTime:6.482302
#IT Ite:355 KerTime:0.018227 AccTime:6.500529
#IT Ite:356 KerTime:0.018140 AccTime:6.518669
#IT Ite:357 KerTime:0.018252 AccTime:6.536921
#IT Ite:358 KerTime:0.018181 AccTime:6.555102
#IT Ite:359 KerTime:0.018155 AccTime:6.573257
#IT Ite:360 KerTime:0.018176 AccTime:6.591433
#IT Ite:361 KerTime:0.018161 AccTime:6.609594
#IT Ite:362 KerTime:0.018126 AccTime:6.627720
#IT Ite:363 KerTime:0.018193 AccTime:6.645913
#IT Ite:364 KerTime:0.018251 AccTime:6.664164
#IT Ite:365 KerTime:0.018290 AccTime:6.682454
#IT Ite:366 KerTime:0.018187 AccTime:6.700641
#IT Ite:367 KerTime:0.018109 AccTime:6.718750
#IT Ite:368 KerTime:0.018082 AccTime:6.736832
#IT Ite:369 KerTime:0.018175 AccTime:6.755007
#IT Ite:370 KerTime:0.018181 AccTime:6.773188
#IT Ite:371 KerTime:0.018188 AccTime:6.791376
#IT Ite:372 KerTime:0.018166 AccTime:6.809542
#IT Ite:373 KerTime:0.018250 AccTime:6.827792
#IT Ite:374 KerTime:0.018206 AccTime:6.845998
#IT Ite:375 KerTime:0.018219 AccTime:6.864217
#IT Ite:376 KerTime:0.018093 AccTime:6.882310
#IT Ite:377 KerTime:0.018189 AccTime:6.900499
#IT Ite:378 KerTime:0.018180 AccTime:6.918679
#IT Ite:379 KerTime:0.018156 AccTime:6.936835
#IT Ite:380 KerTime:0.018140 AccTime:6.954975
#IT Ite:381 KerTime:0.018216 AccTime:6.973191
#IT Ite:382 KerTime:0.018127 AccTime:6.991318
#IT Ite:383 KerTime:0.018125 AccTime:7.009443
#IT Ite:384 KerTime:0.018103 AccTime:7.027546
#IT Ite:385 KerTime:0.018270 AccTime:7.045816
#IT Ite:386 KerTime:0.018132 AccTime:7.063948
#IT Ite:387 KerTime:0.018175 AccTime:7.082123
#IT Ite:388 KerTime:0.018012 AccTime:7.100135
#IT Ite:389 KerTime:0.018226 AccTime:7.118361
#IT Ite:390 KerTime:0.018106 AccTime:7.136467
#IT Ite:391 KerTime:0.018151 AccTime:7.154618
#IT Ite:392 KerTime:0.018041 AccTime:7.172659
#IT Ite:393 KerTime:0.018169 AccTime:7.190828
#IT Ite:394 KerTime:0.018241 AccTime:7.209069
#IT Ite:395 KerTime:0.018181 AccTime:7.227250
#IT Ite:396 KerTime:0.018034 AccTime:7.245284
#IT Ite:397 KerTime:0.018186 AccTime:7.263470
#IT Ite:398 KerTime:0.018129 AccTime:7.281599
#IT Ite:399 KerTime:0.018126 AccTime:7.299725
#IT Ite:400 KerTime:0.017994 AccTime:7.317719
#IT Ite:401 KerTime:0.018200 AccTime:7.335919
#IT Ite:402 KerTime:0.018184 AccTime:7.354103
#IT Ite:403 KerTime:0.018157 AccTime:7.372260
#IT Ite:404 KerTime:0.017960 AccTime:7.390220
#IT Ite:405 KerTime:0.018178 AccTime:7.408398
#IT Ite:406 KerTime:0.018267 AccTime:7.426665
#IT Ite:407 KerTime:0.018122 AccTime:7.444787
#IT Ite:408 KerTime:0.017880 AccTime:7.462667
#IT Ite:409 KerTime:0.018146 AccTime:7.480813
#IT Ite:410 KerTime:0.018139 AccTime:7.498952
#IT Ite:411 KerTime:0.018202 AccTime:7.517154
#IT Ite:412 KerTime:0.017855 AccTime:7.535009
#IT Ite:413 KerTime:0.018188 AccTime:7.553197
#IT Ite:414 KerTime:0.018148 AccTime:7.571345
#IT Ite:415 KerTime:0.018184 AccTime:7.589529
#IT Ite:416 KerTime:0.018052 AccTime:7.607581
#IT Ite:417 KerTime:0.018199 AccTime:7.625780
#IT Ite:418 KerTime:0.018179 AccTime:7.643959
#IT Ite:419 KerTime:0.018063 AccTime:7.662022
#IT Ite:420 KerTime:0.018090 AccTime:7.680112
#IT Ite:421 KerTime:0.018136 AccTime:7.698248
#IT Ite:422 KerTime:0.018184 AccTime:7.716432
#IT Ite:423 KerTime:0.018192 AccTime:7.734624
#IT Ite:424 KerTime:0.018105 AccTime:7.752729
#IT Ite:425 KerTime:0.018124 AccTime:7.770853
#IT Ite:426 KerTime:0.018150 AccTime:7.789003
#IT Ite:427 KerTime:0.018201 AccTime:7.807204
#IT Ite:428 KerTime:0.018227 AccTime:7.825431
#IT Ite:429 KerTime:0.018199 AccTime:7.843630
#IT Ite:430 KerTime:0.018276 AccTime:7.861906
#IT Ite:431 KerTime:0.018234 AccTime:7.880140
#IT Ite:432 KerTime:0.018202 AccTime:7.898342
#IT Ite:433 KerTime:0.018123 AccTime:7.916465
#IT Ite:434 KerTime:0.018205 AccTime:7.934670
#IT Ite:435 KerTime:0.018111 AccTime:7.952781
#IT Ite:436 KerTime:0.018169 AccTime:7.970950
#IT Ite:437 KerTime:0.018230 AccTime:7.989180
#IT Ite:438 KerTime:0.018151 AccTime:8.007331
#IT Ite:439 KerTime:0.018120 AccTime:8.025451
#IT Ite:440 KerTime:0.018243 AccTime:8.043694
#IT Ite:441 KerTime:0.018320 AccTime:8.062014
#IT Ite:442 KerTime:0.018245 AccTime:8.080259
#IT Ite:443 KerTime:0.018120 AccTime:8.098379
#IT Ite:444 KerTime:0.018210 AccTime:8.116589
#IT Ite:445 KerTime:0.018159 AccTime:8.134748
#IT Ite:446 KerTime:0.018232 AccTime:8.152980
#IT Ite:447 KerTime:0.018222 AccTime:8.171202
#IT Ite:448 KerTime:0.018130 AccTime:8.189332
#IT Ite:449 KerTime:0.018090 AccTime:8.207422
#IT Ite:450 KerTime:0.018210 AccTime:8.225632
#IT Ite:451 KerTime:0.018219 AccTime:8.243851
#IT Ite:452 KerTime:0.018160 AccTime:8.262011
#IT Ite:453 KerTime:0.018120 AccTime:8.280131
#IT Ite:454 KerTime:0.018225 AccTime:8.298356
#IT Ite:455 KerTime:0.018195 AccTime:8.316551
#IT Ite:456 KerTime:0.018224 AccTime:8.334775
#IT Ite:457 KerTime:0.018090 AccTime:8.352865
#IT Ite:458 KerTime:0.018135 AccTime:8.371000
#IT Ite:459 KerTime:0.018201 AccTime:8.389201
#IT Ite:460 KerTime:0.018202 AccTime:8.407403
#IT Ite:461 KerTime:0.018285 AccTime:8.425688
#IT Ite:462 KerTime:0.018135 AccTime:8.443823
#IT Ite:463 KerTime:0.018248 AccTime:8.462071
#IT Ite:464 KerTime:0.018245 AccTime:8.480316
#IT Ite:465 KerTime:0.018175 AccTime:8.498491
#IT Ite:466 KerTime:0.018092 AccTime:8.516583
#IT Ite:467 KerTime:0.018147 AccTime:8.534730
#IT Ite:468 KerTime:0.018126 AccTime:8.552856
#IT Ite:469 KerTime:0.018104 AccTime:8.570960
#IT Ite:470 KerTime:0.018182 AccTime:8.589142
#IT Ite:471 KerTime:0.018289 AccTime:8.607431
#IT Ite:472 KerTime:0.018149 AccTime:8.625580
#IT Ite:473 KerTime:0.018066 AccTime:8.643646
#IT Ite:474 KerTime:0.018229 AccTime:8.661875
#IT Ite:475 KerTime:0.018243 AccTime:8.680118
#IT Ite:476 KerTime:0.018294 AccTime:8.698412
#IT Ite:477 KerTime:0.018074 AccTime:8.716486
#IT Ite:478 KerTime:0.018190 AccTime:8.734676
#IT Ite:479 KerTime:0.018197 AccTime:8.752873
#IT Ite:480 KerTime:0.018199 AccTime:8.771072
#IT Ite:481 KerTime:0.018162 AccTime:8.789234
#IT Ite:482 KerTime:0.018142 AccTime:8.807376
#IT Ite:483 KerTime:0.018127 AccTime:8.825503
#IT Ite:484 KerTime:0.018132 AccTime:8.843635
#IT Ite:485 KerTime:0.018034 AccTime:8.861669
#IT Ite:486 KerTime:0.018203 AccTime:8.879872
#IT Ite:487 KerTime:0.018174 AccTime:8.898046
#IT Ite:488 KerTime:0.018173 AccTime:8.916219
#IT Ite:489 KerTime:0.018032 AccTime:8.934251
#IT Ite:490 KerTime:0.018199 AccTime:8.952450
#IT Ite:491 KerTime:0.018234 AccTime:8.970684
#IT Ite:492 KerTime:0.018181 AccTime:8.988865
#IT Ite:493 KerTime:0.017909 AccTime:9.006774
#IT Ite:494 KerTime:0.018141 AccTime:9.024915
#IT Ite:495 KerTime:0.018202 AccTime:9.043117
#IT Ite:496 KerTime:0.018174 AccTime:9.061291
#IT Ite:497 KerTime:0.017963 AccTime:9.079254
#IT Ite:498 KerTime:0.018128 AccTime:9.097382
#IT Ite:499 KerTime:0.018161 AccTime:9.115543
#IT Ite:500 KerTime:0.018184 AccTime:9.133727
#IT Ite:501 KerTime:0.017910 AccTime:9.151637
#IT Ite:502 KerTime:0.018161 AccTime:9.169798
#IT Ite:503 KerTime:0.018131 AccTime:9.187929
#IT Ite:504 KerTime:0.018194 AccTime:9.206123
#IT Ite:505 KerTime:0.017882 AccTime:9.224005
#IT Ite:506 KerTime:0.018169 AccTime:9.242174
#IT Ite:507 KerTime:0.018142 AccTime:9.260316
#IT Ite:508 KerTime:0.018114 AccTime:9.278430
#IT Ite:509 KerTime:0.017975 AccTime:9.296405
#IT Ite:510 KerTime:0.018193 AccTime:9.314598
#IT Ite:511 KerTime:0.018275 AccTime:9.332873
#IT Ite:512 KerTime:0.018201 AccTime:9.351074
#IT Ite:513 KerTime:0.018024 AccTime:9.369098
#IT Ite:514 KerTime:0.018291 AccTime:9.387389
#IT Ite:515 KerTime:0.018204 AccTime:9.405593
#IT Ite:516 KerTime:0.018214 AccTime:9.423807
#IT Ite:517 KerTime:0.018129 AccTime:9.441936
#IT Ite:518 KerTime:0.018121 AccTime:9.460057
#IT Ite:519 KerTime:0.018240 AccTime:9.478297
#IT Ite:520 KerTime:0.018168 AccTime:9.496465
#IT Ite:521 KerTime:0.018209 AccTime:9.514674
#IT Ite:522 KerTime:0.018207 AccTime:9.532881
#IT Ite:523 KerTime:0.018123 AccTime:9.551004
#IT Ite:524 KerTime:0.018203 AccTime:9.569207
#IT Ite:525 KerTime:0.018254 AccTime:9.587461
#IT Ite:526 KerTime:0.018206 AccTime:9.605667
#IT Ite:527 KerTime:0.018244 AccTime:9.623911
#IT Ite:528 KerTime:0.018139 AccTime:9.642050
#IT Ite:529 KerTime:0.018218 AccTime:9.660268
#IT Ite:530 KerTime:0.018228 AccTime:9.678496
#IT Ite:531 KerTime:0.018224 AccTime:9.696720
#IT Ite:532 KerTime:0.018272 AccTime:9.714992
#IT Ite:533 KerTime:0.018149 AccTime:9.733141
#IT Ite:534 KerTime:0.018168 AccTime:9.751309
#IT Ite:535 KerTime:0.018136 AccTime:9.769445
#IT Ite:536 KerTime:0.018183 AccTime:9.787628
#IT Ite:537 KerTime:0.018226 AccTime:9.805854
#IT Ite:538 KerTime:0.018293 AccTime:9.824147
#IT Ite:539 KerTime:0.018207 AccTime:9.842354
#IT Ite:540 KerTime:0.018151 AccTime:9.860505
#IT Ite:541 KerTime:0.018122 AccTime:9.878627
#IT Ite:542 KerTime:0.018154 AccTime:9.896781
#IT Ite:543 KerTime:0.018223 AccTime:9.915004
#IT Ite:544 KerTime:0.018291 AccTime:9.933295
#IT Ite:545 KerTime:0.018313 AccTime:9.951608
#IT Ite:546 KerTime:0.018159 AccTime:9.969767
#IT Ite:547 KerTime:0.018165 AccTime:9.987932
#IT Ite:548 KerTime:0.018175 AccTime:10.006107
#IT Ite:549 KerTime:0.018223 AccTime:10.024330
#IT Ite:550 KerTime:0.018168 AccTime:10.042498
#IT Ite:551 KerTime:0.018131 AccTime:10.060629
#IT Ite:552 KerTime:0.018236 AccTime:10.078865
#IT Ite:553 KerTime:0.018177 AccTime:10.097042
#IT Ite:554 KerTime:0.018144 AccTime:10.115186
#IT Ite:555 KerTime:0.018098 AccTime:10.133284
#IT Ite:556 KerTime:0.018182 AccTime:10.151466
#IT Ite:557 KerTime:0.018228 AccTime:10.169694
#IT Ite:558 KerTime:0.018200 AccTime:10.187894
#IT Ite:559 KerTime:0.018278 AccTime:10.206172
#IT Ite:560 KerTime:0.018201 AccTime:10.224373
#IT Ite:561 KerTime:0.018164 AccTime:10.242537
#IT Ite:562 KerTime:0.018126 AccTime:10.260663
#IT Ite:563 KerTime:0.018138 AccTime:10.278801
#IT Ite:564 KerTime:0.018154 AccTime:10.296955
#IT Ite:565 KerTime:0.018146 AccTime:10.315101
#IT Ite:566 KerTime:0.018085 AccTime:10.333186
#IT Ite:567 KerTime:0.018174 AccTime:10.351360
#IT Ite:568 KerTime:0.018139 AccTime:10.369499
#IT Ite:569 KerTime:0.018169 AccTime:10.387668
#IT Ite:570 KerTime:0.018080 AccTime:10.405748
#IT Ite:571 KerTime:0.018123 AccTime:10.423871
#IT Ite:572 KerTime:0.018149 AccTime:10.442020
#IT Ite:573 KerTime:0.018148 AccTime:10.460168
#IT Ite:574 KerTime:0.017997 AccTime:10.478165
#IT Ite:575 KerTime:0.018217 AccTime:10.496382
#IT Ite:576 KerTime:0.018206 AccTime:10.514588
#IT Ite:577 KerTime:0.018186 AccTime:10.532774
#IT Ite:578 KerTime:0.017987 AccTime:10.550761
#IT Ite:579 KerTime:0.018219 AccTime:10.568980
#IT Ite:580 KerTime:0.018249 AccTime:10.587229
#IT Ite:581 KerTime:0.018260 AccTime:10.605489
#IT Ite:582 KerTime:0.018019 AccTime:10.623508
#IT Ite:583 KerTime:0.018212 AccTime:10.641720
#IT Ite:584 KerTime:0.018257 AccTime:10.659977
#IT Ite:585 KerTime:0.018246 AccTime:10.678223
#IT Ite:586 KerTime:0.017937 AccTime:10.696160
#IT Ite:587 KerTime:0.018144 AccTime:10.714304
#IT Ite:588 KerTime:0.018222 AccTime:10.732526
#IT Ite:589 KerTime:0.018222 AccTime:10.750748
#IT Ite:590 KerTime:0.017971 AccTime:10.768719
#IT Ite:591 KerTime:0.018223 AccTime:10.786942
#IT Ite:592 KerTime:0.018272 AccTime:10.805214
#IT Ite:593 KerTime:0.018129 AccTime:10.823343
#IT Ite:594 KerTime:0.017809 AccTime:10.841152
#IT Ite:595 KerTime:0.018163 AccTime:10.859315
#IT Ite:596 KerTime:0.018233 AccTime:10.877548
#IT Ite:597 KerTime:0.018183 AccTime:10.895731
#IT Ite:598 KerTime:0.017955 AccTime:10.913686
#IT Ite:599 KerTime:0.018180 AccTime:10.931866
#IT Ite:600 KerTime:0.018269 AccTime:10.950135
#IT Ite:601 KerTime:0.018214 AccTime:10.968349
#IT Ite:602 KerTime:0.017955 AccTime:10.986304
#IT Ite:603 KerTime:0.018136 AccTime:11.004440
#IT Ite:604 KerTime:0.018113 AccTime:11.022553
#IT Ite:605 KerTime:0.018065 AccTime:11.040618
#IT Ite:606 KerTime:0.018117 AccTime:11.058735
#IT Ite:607 KerTime:0.018214 AccTime:11.076949
#IT Ite:608 KerTime:0.018121 AccTime:11.095070
#IT Ite:609 KerTime:0.018178 AccTime:11.113248
#IT Ite:610 KerTime:0.018239 AccTime:11.131487
#IT Ite:611 KerTime:0.018154 AccTime:11.149641
#IT Ite:612 KerTime:0.018154 AccTime:11.167795
#IT Ite:613 KerTime:0.018171 AccTime:11.185966
#IT Ite:614 KerTime:0.018127 AccTime:11.204093
#IT Ite:615 KerTime:0.018171 AccTime:11.222264
#IT Ite:616 KerTime:0.018131 AccTime:11.240395
#IT Ite:617 KerTime:0.018181 AccTime:11.258576
#IT Ite:618 KerTime:0.018198 AccTime:11.276774
#IT Ite:619 KerTime:0.018125 AccTime:11.294899
#IT Ite:620 KerTime:0.018161 AccTime:11.313060
#IT Ite:621 KerTime:0.018155 AccTime:11.331215
#IT Ite:622 KerTime:0.018174 AccTime:11.349389
#IT Ite:623 KerTime:0.018181 AccTime:11.367570
#IT Ite:624 KerTime:0.018146 AccTime:11.385716
#IT Ite:625 KerTime:0.018198 AccTime:11.403914
#IT Ite:626 KerTime:0.018243 AccTime:11.422157
#IT Ite:627 KerTime:0.018213 AccTime:11.440370
#IT Ite:628 KerTime:0.018210 AccTime:11.458580
#IT Ite:629 KerTime:0.018142 AccTime:11.476722
#IT Ite:630 KerTime:0.018235 AccTime:11.494957
#IT Ite:631 KerTime:0.018125 AccTime:11.513082
#IT Ite:632 KerTime:0.018251 AccTime:11.531333
#IT Ite:633 KerTime:0.018208 AccTime:11.549541
#IT Ite:634 KerTime:0.018161 AccTime:11.567702
#IT Ite:635 KerTime:0.018208 AccTime:11.585910
#IT Ite:636 KerTime:0.018163 AccTime:11.604073
#IT Ite:637 KerTime:0.018166 AccTime:11.622239
#IT Ite:638 KerTime:0.018147 AccTime:11.640386
#IT Ite:639 KerTime:0.018117 AccTime:11.658503
#IT Ite:640 KerTime:0.018243 AccTime:11.676746
#IT Ite:641 KerTime:0.018174 AccTime:11.694920
#IT Ite:642 KerTime:0.018120 AccTime:11.713040
#IT Ite:643 KerTime:0.018061 AccTime:11.731101
#IT Ite:644 KerTime:0.018206 AccTime:11.749307
#IT Ite:645 KerTime:0.018227 AccTime:11.767534
#IT Ite:646 KerTime:0.018083 AccTime:11.785617
#IT Ite:647 KerTime:0.018083 AccTime:11.803700
#IT Ite:648 KerTime:0.018129 AccTime:11.821829
#IT Ite:649 KerTime:0.018243 AccTime:11.840072
#IT Ite:650 KerTime:0.018151 AccTime:11.858223
#IT Ite:651 KerTime:0.018054 AccTime:11.876277
#IT Ite:652 KerTime:0.018221 AccTime:11.894498
#IT Ite:653 KerTime:0.018194 AccTime:11.912692
#IT Ite:654 KerTime:0.018178 AccTime:11.930870
#IT Ite:655 KerTime:0.018031 AccTime:11.948901
#IT Ite:656 KerTime:0.018108 AccTime:11.967009
#IT Ite:657 KerTime:0.018238 AccTime:11.985247
#IT Ite:658 KerTime:0.018163 AccTime:12.003410
#IT Ite:659 KerTime:0.018011 AccTime:12.021421
#IT Ite:660 KerTime:0.018196 AccTime:12.039617
#IT Ite:661 KerTime:0.018170 AccTime:12.057787
#IT Ite:662 KerTime:0.018272 AccTime:12.076059
#IT Ite:663 KerTime:0.018079 AccTime:12.094138
#IT Ite:664 KerTime:0.018173 AccTime:12.112311
#IT Ite:665 KerTime:0.018206 AccTime:12.130517
#IT Ite:666 KerTime:0.018227 AccTime:12.148744
#IT Ite:667 KerTime:0.018100 AccTime:12.166844
#IT Ite:668 KerTime:0.018202 AccTime:12.185046
#IT Ite:669 KerTime:0.018177 AccTime:12.203223
#IT Ite:670 KerTime:0.018173 AccTime:12.221396
#IT Ite:671 KerTime:0.018040 AccTime:12.239436
#IT Ite:672 KerTime:0.018309 AccTime:12.257745
#IT Ite:673 KerTime:0.018208 AccTime:12.275953
#IT Ite:674 KerTime:0.018143 AccTime:12.294096
#IT Ite:675 KerTime:0.017847 AccTime:12.311943
#IT Ite:676 KerTime:0.018170 AccTime:12.330113
#IT Ite:677 KerTime:0.018195 AccTime:12.348308
#IT Ite:678 KerTime:0.018157 AccTime:12.366465
#IT Ite:679 KerTime:0.017865 AccTime:12.384330
#IT Ite:680 KerTime:0.018144 AccTime:12.402474
#IT Ite:681 KerTime:0.018221 AccTime:12.420695
#IT Ite:682 KerTime:0.018185 AccTime:12.438880
#IT Ite:683 KerTime:0.017922 AccTime:12.456802
#IT Ite:684 KerTime:0.018150 AccTime:12.474952
#IT Ite:685 KerTime:0.018156 AccTime:12.493108
#IT Ite:686 KerTime:0.018146 AccTime:12.511254
#IT Ite:687 KerTime:0.017919 AccTime:12.529173
#IT Ite:688 KerTime:0.018111 AccTime:12.547284
#IT Ite:689 KerTime:0.018143 AccTime:12.565427
#IT Ite:690 KerTime:0.018141 AccTime:12.583568
#IT Ite:691 KerTime:0.018020 AccTime:12.601588
#IT Ite:692 KerTime:0.018046 AccTime:12.619634
#IT Ite:693 KerTime:0.018146 AccTime:12.637780
#IT Ite:694 KerTime:0.018177 AccTime:12.655957
#IT Ite:695 KerTime:0.018156 AccTime:12.674113
#IT Ite:696 KerTime:0.018208 AccTime:12.692321
#IT Ite:697 KerTime:0.018112 AccTime:12.710433
#IT Ite:698 KerTime:0.018195 AccTime:12.728628
#IT Ite:699 KerTime:0.018154 AccTime:12.746782
#IT Ite:700 KerTime:0.018214 AccTime:12.764996
#IT Ite:701 KerTime:0.018133 AccTime:12.783129
#IT Ite:702 KerTime:0.018096 AccTime:12.801225
#IT Ite:703 KerTime:0.018157 AccTime:12.819382
#IT Ite:704 KerTime:0.018180 AccTime:12.837562
#IT Ite:705 KerTime:0.018144 AccTime:12.855706
#IT Ite:706 KerTime:0.018157 AccTime:12.873863
#IT Ite:707 KerTime:0.018110 AccTime:12.891973
#IT Ite:708 KerTime:0.018142 AccTime:12.910115
#IT Ite:709 KerTime:0.018151 AccTime:12.928266
#IT Ite:710 KerTime:0.018204 AccTime:12.946470
#IT Ite:711 KerTime:0.018148 AccTime:12.964618
#IT Ite:712 KerTime:0.018248 AccTime:12.982866
#IT Ite:713 KerTime:0.018124 AccTime:13.000990
#IT Ite:714 KerTime:0.018236 AccTime:13.019226
#IT Ite:715 KerTime:0.018086 AccTime:13.037312
#IT Ite:716 KerTime:0.018085 AccTime:13.055397
#IT Ite:717 KerTime:0.018085 AccTime:13.073482
#IT Ite:718 KerTime:0.018152 AccTime:13.091634
#IT Ite:719 KerTime:0.018148 AccTime:13.109782
#IT Ite:720 KerTime:0.018166 AccTime:13.127948
#IT Ite:721 KerTime:0.018070 AccTime:13.146018
#IT Ite:722 KerTime:0.018129 AccTime:13.164147
#IT Ite:723 KerTime:0.018193 AccTime:13.182340
#IT Ite:724 KerTime:0.018139 AccTime:13.200479
#IT Ite:725 KerTime:0.018155 AccTime:13.218634
#IT Ite:726 KerTime:0.018090 AccTime:13.236724
#IT Ite:727 KerTime:0.018221 AccTime:13.254945
#IT Ite:728 KerTime:0.018085 AccTime:13.273030
#IT Ite:729 KerTime:0.018196 AccTime:13.291226
#IT Ite:730 KerTime:0.018160 AccTime:13.309386
#IT Ite:731 KerTime:0.018100 AccTime:13.327486
#IT Ite:732 KerTime:0.018227 AccTime:13.345713
#IT Ite:733 KerTime:0.018155 AccTime:13.363868
#IT Ite:734 KerTime:0.018201 AccTime:13.382069
#IT Ite:735 KerTime:0.018255 AccTime:13.400324
#IT Ite:736 KerTime:0.018187 AccTime:13.418511
#IT Ite:737 KerTime:0.018202 AccTime:13.436713
#IT Ite:738 KerTime:0.018136 AccTime:13.454849
#IT Ite:739 KerTime:0.018192 AccTime:13.473041
#IT Ite:740 KerTime:0.018115 AccTime:13.491156
#IT Ite:741 KerTime:0.018198 AccTime:13.509354
#IT Ite:742 KerTime:0.018183 AccTime:13.527537
#IT Ite:743 KerTime:0.018264 AccTime:13.545801
#IT Ite:744 KerTime:0.018151 AccTime:13.563952
#IT Ite:745 KerTime:0.018204 AccTime:13.582156
#IT Ite:746 KerTime:0.018227 AccTime:13.600383
#IT Ite:747 KerTime:0.018139 AccTime:13.618522
#IT Ite:748 KerTime:0.018147 AccTime:13.636669
#IT Ite:749 KerTime:0.018140 AccTime:13.654809
#IT Ite:750 KerTime:0.018225 AccTime:13.673034
#IT Ite:751 KerTime:0.018240 AccTime:13.691274
#IT Ite:752 KerTime:0.018266 AccTime:13.709540
#IT Ite:753 KerTime:0.018249 AccTime:13.727789
#IT Ite:754 KerTime:0.018261 AccTime:13.746050
#IT Ite:755 KerTime:0.018171 AccTime:13.764221
#IT Ite:756 KerTime:0.018154 AccTime:13.782375
#IT Ite:757 KerTime:0.018117 AccTime:13.800492
#IT Ite:758 KerTime:0.018094 AccTime:13.818586
#IT Ite:759 KerTime:0.018174 AccTime:13.836760
#IT Ite:760 KerTime:0.018152 AccTime:13.854912
#IT Ite:761 KerTime:0.018178 AccTime:13.873090
#IT Ite:762 KerTime:0.018104 AccTime:13.891194
#IT Ite:763 KerTime:0.018174 AccTime:13.909368
#IT Ite:764 KerTime:0.018074 AccTime:13.927442
#ERR ./hog_extracted/opencv_src/hog.cu:483: error: (-217) an illegal memory access was encountered in function classify_hists_ext

#END