#HEADER type: ecc_off dataset: /home/carol/radiation-benchmarks/data/networks_img_list/caltech.pedestrians.critical.1K.txt
#BEGIN Y:2016 M:12 D:11 Time:06:33:09
#IT Ite:0 KerTime:0.039129 AccTime:0.039129
#IT Ite:1 KerTime:0.036500 AccTime:0.075629
#IT Ite:2 KerTime:0.036543 AccTime:0.112172
#IT Ite:3 KerTime:0.036420 AccTime:0.148592
#IT Ite:4 KerTime:0.036551 AccTime:0.185143
#IT Ite:5 KerTime:0.036476 AccTime:0.221619
#IT Ite:6 KerTime:0.036500 AccTime:0.258119
#IT Ite:7 KerTime:0.036571 AccTime:0.294690
#IT Ite:8 KerTime:0.036441 AccTime:0.331131
#IT Ite:9 KerTime:0.036571 AccTime:0.367702
#IT Ite:10 KerTime:0.036659 AccTime:0.404361
#IT Ite:11 KerTime:0.036570 AccTime:0.440931
#IT Ite:12 KerTime:0.036476 AccTime:0.477407
#IT Ite:13 KerTime:0.036587 AccTime:0.513994
#IT Ite:14 KerTime:0.036548 AccTime:0.550542
#IT Ite:15 KerTime:0.036504 AccTime:0.587046
#IT Ite:16 KerTime:0.036477 AccTime:0.623523
#IT Ite:17 KerTime:0.036519 AccTime:0.660042
#IT Ite:18 KerTime:0.036629 AccTime:0.696671
#IT Ite:19 KerTime:0.036426 AccTime:0.733097
#IT Ite:20 KerTime:0.036578 AccTime:0.769675
#IT Ite:21 KerTime:0.036254 AccTime:0.805929
#IT Ite:22 KerTime:0.036481 AccTime:0.842410
#IT Ite:23 KerTime:0.036533 AccTime:0.878943
#IT Ite:24 KerTime:0.036579 AccTime:0.915522
#IT Ite:25 KerTime:0.036495 AccTime:0.952017
#IT Ite:26 KerTime:0.036489 AccTime:0.988506
#IT Ite:27 KerTime:0.036456 AccTime:1.024962
#IT Ite:28 KerTime:0.036741 AccTime:1.061703
#IT Ite:29 KerTime:0.036520 AccTime:1.098223
#IT Ite:30 KerTime:0.036598 AccTime:1.134821
#IT Ite:31 KerTime:0.036579 AccTime:1.171400
#IT Ite:32 KerTime:0.036545 AccTime:1.207945
#IT Ite:33 KerTime:0.036538 AccTime:1.244483
#IT Ite:34 KerTime:0.036584 AccTime:1.281067
#IT Ite:35 KerTime:0.036394 AccTime:1.317461
#IT Ite:36 KerTime:0.036618 AccTime:1.354079
#IT Ite:37 KerTime:0.036491 AccTime:1.390570
#IT Ite:38 KerTime:0.036463 AccTime:1.427033
#IT Ite:39 KerTime:0.036638 AccTime:1.463671
#IT Ite:40 KerTime:0.036566 AccTime:1.500237
#IT Ite:41 KerTime:0.036646 AccTime:1.536883
#IT Ite:42 KerTime:0.036448 AccTime:1.573331
#IT Ite:43 KerTime:0.036628 AccTime:1.609959
#IT Ite:44 KerTime:0.036360 AccTime:1.646319
#IT Ite:45 KerTime:0.036741 AccTime:1.683060
#IT Ite:46 KerTime:0.036491 AccTime:1.719551
#IT Ite:47 KerTime:0.036582 AccTime:1.756133
#IT Ite:48 KerTime:0.036540 AccTime:1.792673
#IT Ite:49 KerTime:0.036339 AccTime:1.829012
#IT Ite:50 KerTime:0.036579 AccTime:1.865591
#IT Ite:51 KerTime:0.036357 AccTime:1.901948
#IT Ite:52 KerTime:0.036458 AccTime:1.938406
#IT Ite:53 KerTime:0.036525 AccTime:1.974931
#IT Ite:54 KerTime:0.036403 AccTime:2.011334
#IT Ite:55 KerTime:0.036375 AccTime:2.047709
#IT Ite:56 KerTime:0.036356 AccTime:2.084065
#IT Ite:57 KerTime:0.036520 AccTime:2.120585
#IT Ite:58 KerTime:0.036547 AccTime:2.157132
#IT Ite:59 KerTime:0.036526 AccTime:2.193658
#IT Ite:60 KerTime:0.036509 AccTime:2.230167
#IT Ite:61 KerTime:0.036544 AccTime:2.266711
#IT Ite:62 KerTime:0.036634 AccTime:2.303345
#IT Ite:63 KerTime:0.036480 AccTime:2.339825
#IT Ite:64 KerTime:0.036646 AccTime:2.376471
#IT Ite:65 KerTime:0.036443 AccTime:2.412914
#IT Ite:66 KerTime:0.036584 AccTime:2.449498
#IT Ite:67 KerTime:0.036305 AccTime:2.485803
#IT Ite:68 KerTime:0.036496 AccTime:2.522299
#IT Ite:69 KerTime:0.036604 AccTime:2.558903
#IT Ite:70 KerTime:0.036402 AccTime:2.595305
#IT Ite:71 KerTime:0.036357 AccTime:2.631662
#IT Ite:72 KerTime:0.036505 AccTime:2.668167
#IT Ite:73 KerTime:0.036600 AccTime:2.704767
#IT Ite:74 KerTime:0.036403 AccTime:2.741170
#IT Ite:75 KerTime:0.036545 AccTime:2.777715
#IT Ite:76 KerTime:0.036604 AccTime:2.814319
#IT Ite:77 KerTime:0.036561 AccTime:2.850880
#IT Ite:78 KerTime:0.036540 AccTime:2.887420
#IT Ite:79 KerTime:0.036598 AccTime:2.924018
#IT Ite:80 KerTime:0.036522 AccTime:2.960540
#IT Ite:81 KerTime:0.036375 AccTime:2.996915
#IT Ite:82 KerTime:0.036515 AccTime:3.033430
#IT Ite:83 KerTime:0.036631 AccTime:3.070061
#IT Ite:84 KerTime:0.036544 AccTime:3.106605
#IT Ite:85 KerTime:0.036547 AccTime:3.143152
#IT Ite:86 KerTime:0.036531 AccTime:3.179683
#IT Ite:87 KerTime:0.036618 AccTime:3.216301
#IT Ite:88 KerTime:0.036572 AccTime:3.252873
#IT Ite:89 KerTime:0.036584 AccTime:3.289457
#IT Ite:90 KerTime:0.036221 AccTime:3.325678
#IT Ite:91 KerTime:0.036500 AccTime:3.362178
#IT Ite:92 KerTime:0.036647 AccTime:3.398825
#IT Ite:93 KerTime:0.036565 AccTime:3.435390
#IT Ite:94 KerTime:0.036617 AccTime:3.472007
#IT Ite:95 KerTime:0.036410 AccTime:3.508417
#IT Ite:96 KerTime:0.036489 AccTime:3.544906
#IT Ite:97 KerTime:0.036473 AccTime:3.581379
#IT Ite:98 KerTime:0.036619 AccTime:3.617998
#IT Ite:99 KerTime:0.036623 AccTime:3.654621
#IT Ite:100 KerTime:0.036541 AccTime:3.691162
#IT Ite:101 KerTime:0.036500 AccTime:3.727662
#IT Ite:102 KerTime:0.036607 AccTime:3.764269
#IT Ite:103 KerTime:0.036573 AccTime:3.800842
#IT Ite:104 KerTime:0.036482 AccTime:3.837324
#IT Ite:105 KerTime:0.036641 AccTime:3.873965
#IT Ite:106 KerTime:0.036575 AccTime:3.910540
#IT Ite:107 KerTime:0.036618 AccTime:3.947158
#IT Ite:108 KerTime:0.036553 AccTime:3.983711
#IT Ite:109 KerTime:0.036579 AccTime:4.020290
#IT Ite:110 KerTime:0.036759 AccTime:4.057049
#IT Ite:111 KerTime:0.036525 AccTime:4.093574
#IT Ite:112 KerTime:0.036626 AccTime:4.130200
#IT Ite:113 KerTime:0.036436 AccTime:4.166636
#IT Ite:114 KerTime:0.036593 AccTime:4.203229
#IT Ite:115 KerTime:0.036602 AccTime:4.239831
#IT Ite:116 KerTime:0.036567 AccTime:4.276398
#IT Ite:117 KerTime:0.036604 AccTime:4.313002
#IT Ite:118 KerTime:0.036483 AccTime:4.349485
#IT Ite:119 KerTime:0.036555 AccTime:4.386040
#IT Ite:120 KerTime:0.036597 AccTime:4.422637
#IT Ite:121 KerTime:0.036536 AccTime:4.459173
#IT Ite:122 KerTime:0.036608 AccTime:4.495781
#IT Ite:123 KerTime:0.036627 AccTime:4.532408
#IT Ite:124 KerTime:0.036534 AccTime:4.568942
#IT Ite:125 KerTime:0.036504 AccTime:4.605446
#IT Ite:126 KerTime:0.036527 AccTime:4.641973
#IT Ite:127 KerTime:0.036462 AccTime:4.678435
#IT Ite:128 KerTime:0.036638 AccTime:4.715073
#IT Ite:129 KerTime:0.036553 AccTime:4.751626
#IT Ite:130 KerTime:0.036734 AccTime:4.788360
#IT Ite:131 KerTime:0.036635 AccTime:4.824995
#IT Ite:132 KerTime:0.036568 AccTime:4.861563
#IT Ite:133 KerTime:0.036686 AccTime:4.898249
#IT Ite:134 KerTime:0.036517 AccTime:4.934766
#IT Ite:135 KerTime:0.036733 AccTime:4.971499
#IT Ite:136 KerTime:0.036323 AccTime:5.007822
#IT Ite:137 KerTime:0.036681 AccTime:5.044503
#IT Ite:138 KerTime:0.036465 AccTime:5.080968
#IT Ite:139 KerTime:0.036499 AccTime:5.117467
#IT Ite:140 KerTime:0.036658 AccTime:5.154125
#IT Ite:141 KerTime:0.036644 AccTime:5.190769
#IT Ite:142 KerTime:0.036715 AccTime:5.227484
#IT Ite:143 KerTime:0.036567 AccTime:5.264051
#IT Ite:144 KerTime:0.036674 AccTime:5.300725
#IT Ite:145 KerTime:0.036647 AccTime:5.337372
#IT Ite:146 KerTime:0.036613 AccTime:5.373985
#IT Ite:147 KerTime:0.036479 AccTime:5.410464
#IT Ite:148 KerTime:0.036583 AccTime:5.447047
#IT Ite:149 KerTime:0.036569 AccTime:5.483616
#IT Ite:150 KerTime:0.036407 AccTime:5.520023
#IT Ite:151 KerTime:0.036618 AccTime:5.556641
#IT Ite:152 KerTime:0.036407 AccTime:5.593048
#IT Ite:153 KerTime:0.036455 AccTime:5.629503
#IT Ite:154 KerTime:0.036653 AccTime:5.666156
#IT Ite:155 KerTime:0.036656 AccTime:5.702812
#IT Ite:156 KerTime:0.036864 AccTime:5.739676
#IT Ite:157 KerTime:0.036527 AccTime:5.776203
#IT Ite:158 KerTime:0.036579 AccTime:5.812782
#IT Ite:159 KerTime:0.036525 AccTime:5.849307
#IT Ite:160 KerTime:0.036518 AccTime:5.885825
#IT Ite:161 KerTime:0.036692 AccTime:5.922517
#IT Ite:162 KerTime:0.036578 AccTime:5.959095
#IT Ite:163 KerTime:0.036571 AccTime:5.995666
#IT Ite:164 KerTime:0.036562 AccTime:6.032228
#IT Ite:165 KerTime:0.036581 AccTime:6.068809
#IT Ite:166 KerTime:0.036504 AccTime:6.105313
#IT Ite:167 KerTime:0.036623 AccTime:6.141936
#IT Ite:168 KerTime:0.036548 AccTime:6.178484
#IT Ite:169 KerTime:0.036707 AccTime:6.215191
#IT Ite:170 KerTime:0.036483 AccTime:6.251674
#IT Ite:171 KerTime:0.036566 AccTime:6.288240
#IT Ite:172 KerTime:0.036567 AccTime:6.324807
#IT Ite:173 KerTime:0.036515 AccTime:6.361322
#IT Ite:174 KerTime:0.036577 AccTime:6.397899
#IT Ite:175 KerTime:0.036400 AccTime:6.434299
#IT Ite:176 KerTime:0.036495 AccTime:6.470794
#IT Ite:177 KerTime:0.036369 AccTime:6.507163
#IT Ite:178 KerTime:0.036521 AccTime:6.543684
#IT Ite:179 KerTime:0.036641 AccTime:6.580325
#IT Ite:180 KerTime:0.036483 AccTime:6.616808
#IT Ite:181 KerTime:0.036529 AccTime:6.653337
#IT Ite:182 KerTime:0.036329 AccTime:6.689666
#IT Ite:183 KerTime:0.036723 AccTime:6.726389
#IT Ite:184 KerTime:0.036487 AccTime:6.762876
#IT Ite:185 KerTime:0.036479 AccTime:6.799355
#IT Ite:186 KerTime:0.036526 AccTime:6.835881
#IT Ite:187 KerTime:0.036417 AccTime:6.872298
#IT Ite:188 KerTime:0.036523 AccTime:6.908821
#IT Ite:189 KerTime:0.036376 AccTime:6.945197
#IT Ite:190 KerTime:0.036491 AccTime:6.981688
#IT Ite:191 KerTime:0.036524 AccTime:7.018212
#IT Ite:192 KerTime:0.036482 AccTime:7.054694
#IT Ite:193 KerTime:0.036642 AccTime:7.091336
#IT Ite:194 KerTime:0.036430 AccTime:7.127766
#IT Ite:195 KerTime:0.037381 AccTime:7.165147
#IT Ite:196 KerTime:0.036595 AccTime:7.201742
#IT Ite:197 KerTime:0.036549 AccTime:7.238291
#IT Ite:198 KerTime:0.036449 AccTime:7.274740
#IT Ite:199 KerTime:0.036546 AccTime:7.311286
#IT Ite:200 KerTime:0.036755 AccTime:7.348041
#IT Ite:201 KerTime:0.036520 AccTime:7.384561
#IT Ite:202 KerTime:0.036611 AccTime:7.421172
#IT Ite:203 KerTime:0.036731 AccTime:7.457903
#IT Ite:204 KerTime:0.036514 AccTime:7.494417
#IT Ite:205 KerTime:0.036326 AccTime:7.530743
#IT Ite:206 KerTime:0.036584 AccTime:7.567327
#IT Ite:207 KerTime:0.036564 AccTime:7.603891
#IT Ite:208 KerTime:0.036549 AccTime:7.640440
#IT Ite:209 KerTime:0.036528 AccTime:7.676968
#IT Ite:210 KerTime:0.036428 AccTime:7.713396
#IT Ite:211 KerTime:0.036418 AccTime:7.749814
#IT Ite:212 KerTime:0.036522 AccTime:7.786336
#IT Ite:213 KerTime:0.036553 AccTime:7.822889
#IT Ite:214 KerTime:0.036500 AccTime:7.859389
#IT Ite:215 KerTime:0.036661 AccTime:7.896050
#IT Ite:216 KerTime:0.036575 AccTime:7.932625
#IT Ite:217 KerTime:0.036515 AccTime:7.969140
#IT Ite:218 KerTime:0.036529 AccTime:8.005669
#IT Ite:219 KerTime:0.036393 AccTime:8.042062
#IT Ite:220 KerTime:0.036434 AccTime:8.078496
#IT Ite:221 KerTime:0.036341 AccTime:8.114837
#IT Ite:222 KerTime:0.036600 AccTime:8.151437
#IT Ite:223 KerTime:0.036481 AccTime:8.187918
#IT Ite:224 KerTime:0.036597 AccTime:8.224515
#IT Ite:225 KerTime:0.036473 AccTime:8.260988
#IT Ite:226 KerTime:0.036548 AccTime:8.297536
#IT Ite:227 KerTime:0.036515 AccTime:8.334051
#IT Ite:228 KerTime:0.036337 AccTime:8.370388
#IT Ite:229 KerTime:0.036680 AccTime:8.407068
#IT Ite:230 KerTime:0.036521 AccTime:8.443589
#IT Ite:231 KerTime:0.036504 AccTime:8.480093
#IT Ite:232 KerTime:0.036462 AccTime:8.516555
#IT Ite:233 KerTime:0.036270 AccTime:8.552825
#IT Ite:234 KerTime:0.036555 AccTime:8.589380
#IT Ite:235 KerTime:0.036308 AccTime:8.625688
#IT Ite:236 KerTime:0.036583 AccTime:8.662271
#IT Ite:237 KerTime:0.036537 AccTime:8.698808
#IT Ite:238 KerTime:0.036626 AccTime:8.735434
#IT Ite:239 KerTime:0.036525 AccTime:8.771959
#IT Ite:240 KerTime:0.036416 AccTime:8.808375
#IT Ite:241 KerTime:0.036563 AccTime:8.844938
#IT Ite:242 KerTime:0.036392 AccTime:8.881330
#IT Ite:243 KerTime:0.036512 AccTime:8.917842
#IT Ite:244 KerTime:0.036641 AccTime:8.954483
#IT Ite:245 KerTime:0.036439 AccTime:8.990922
#IT Ite:246 KerTime:0.036562 AccTime:9.027484
#IT Ite:247 KerTime:0.036371 AccTime:9.063855
#IT Ite:248 KerTime:0.036554 AccTime:9.100409
#IT Ite:249 KerTime:0.036457 AccTime:9.136866
#IT Ite:250 KerTime:0.036503 AccTime:9.173369
#IT Ite:251 KerTime:0.036337 AccTime:9.209706
#IT Ite:252 KerTime:0.036629 AccTime:9.246335
#IT Ite:253 KerTime:0.036444 AccTime:9.282779
#IT Ite:254 KerTime:0.036489 AccTime:9.319268
#IT Ite:255 KerTime:0.036592 AccTime:9.355860
#IT Ite:256 KerTime:0.036434 AccTime:9.392294
#IT Ite:257 KerTime:0.036590 AccTime:9.428884
#IT Ite:258 KerTime:0.036354 AccTime:9.465238
#IT Ite:259 KerTime:0.036538 AccTime:9.501776
#IT Ite:260 KerTime:0.036476 AccTime:9.538252
#IT Ite:261 KerTime:0.036532 AccTime:9.574784
#IT Ite:262 KerTime:0.036588 AccTime:9.611372
#IT Ite:263 KerTime:0.036495 AccTime:9.647867
#IT Ite:264 KerTime:0.036660 AccTime:9.684527
#IT Ite:265 KerTime:0.036434 AccTime:9.720961
#IT Ite:266 KerTime:0.036582 AccTime:9.757543
#IT Ite:267 KerTime:0.036425 AccTime:9.793968
#IT Ite:268 KerTime:0.036624 AccTime:9.830592
#IT Ite:269 KerTime:0.036532 AccTime:9.867124
#IT Ite:270 KerTime:0.036398 AccTime:9.903522
#IT Ite:271 KerTime:0.036615 AccTime:9.940137
#IT Ite:272 KerTime:0.036494 AccTime:9.976631
#IT Ite:273 KerTime:0.036593 AccTime:10.013224
#IT Ite:274 KerTime:0.036530 AccTime:10.049754
#IT Ite:275 KerTime:0.036543 AccTime:10.086297
#IT Ite:276 KerTime:0.036583 AccTime:10.122880
#IT Ite:277 KerTime:0.036407 AccTime:10.159287
#IT Ite:278 KerTime:0.036497 AccTime:10.195784
#IT Ite:279 KerTime:0.036411 AccTime:10.232195
#IT Ite:280 KerTime:0.036509 AccTime:10.268704
#IT Ite:281 KerTime:0.036361 AccTime:10.305065
#IT Ite:282 KerTime:0.036526 AccTime:10.341591
#IT Ite:283 KerTime:0.036477 AccTime:10.378068
#IT Ite:284 KerTime:0.036486 AccTime:10.414554
#IT Ite:285 KerTime:0.036545 AccTime:10.451099
#IT Ite:286 KerTime:0.036414 AccTime:10.487513
#IT Ite:287 KerTime:0.036439 AccTime:10.523952
#IT Ite:288 KerTime:0.036425 AccTime:10.560377
#IT Ite:289 KerTime:0.036464 AccTime:10.596841
#IT Ite:290 KerTime:0.036575 AccTime:10.633416
#IT Ite:291 KerTime:0.036453 AccTime:10.669869
#IT Ite:292 KerTime:0.036438 AccTime:10.706307
#IT Ite:293 KerTime:0.036347 AccTime:10.742654
#IT Ite:294 KerTime:0.036545 AccTime:10.779199
#IT Ite:295 KerTime:0.036420 AccTime:10.815619
#IT Ite:296 KerTime:0.036475 AccTime:10.852094
#IT Ite:297 KerTime:0.036586 AccTime:10.888680
#IT Ite:298 KerTime:0.036591 AccTime:10.925271
#IT Ite:299 KerTime:0.036626 AccTime:10.961897
#IT Ite:300 KerTime:0.036501 AccTime:10.998398
#IT Ite:301 KerTime:0.036547 AccTime:11.034945
#IT Ite:302 KerTime:0.036380 AccTime:11.071325
#IT Ite:303 KerTime:0.036582 AccTime:11.107907
#IT Ite:304 KerTime:0.036609 AccTime:11.144516
#IT Ite:305 KerTime:0.036564 AccTime:11.181080
#IT Ite:306 KerTime:0.036571 AccTime:11.217651
#IT Ite:307 KerTime:0.036577 AccTime:11.254228
#IT Ite:308 KerTime:0.036546 AccTime:11.290774
#IT Ite:309 KerTime:0.036337 AccTime:11.327111
#IT Ite:310 KerTime:0.036571 AccTime:11.363682
#IT Ite:311 KerTime:0.036241 AccTime:11.399923
#IT Ite:312 KerTime:0.036518 AccTime:11.436441
#IT Ite:313 KerTime:0.036686 AccTime:11.473127
#IT Ite:314 KerTime:0.036498 AccTime:11.509625
#IT Ite:315 KerTime:0.036511 AccTime:11.546136
#IT Ite:316 KerTime:0.036594 AccTime:11.582730
#IT Ite:317 KerTime:0.036533 AccTime:11.619263
#IT Ite:318 KerTime:0.036411 AccTime:11.655674
#IT Ite:319 KerTime:0.036500 AccTime:11.692174
#IT Ite:320 KerTime:0.036531 AccTime:11.728705
#IT Ite:321 KerTime:0.036648 AccTime:11.765353
#IT Ite:322 KerTime:0.036541 AccTime:11.801894
#IT Ite:323 KerTime:0.036521 AccTime:11.838415
#IT Ite:324 KerTime:0.036602 AccTime:11.875017
#IT Ite:325 KerTime:0.036420 AccTime:11.911437
#IT Ite:326 KerTime:0.036604 AccTime:11.948041
#IT Ite:327 KerTime:0.036474 AccTime:11.984515
#IT Ite:328 KerTime:0.036596 AccTime:12.021111
#IT Ite:329 KerTime:0.036561 AccTime:12.057672
#IT Ite:330 KerTime:0.036492 AccTime:12.094164
#IT Ite:331 KerTime:0.036530 AccTime:12.130694
#IT Ite:332 KerTime:0.036395 AccTime:12.167089
#IT Ite:333 KerTime:0.036546 AccTime:12.203635
#IT Ite:334 KerTime:0.036359 AccTime:12.239994
#IT Ite:335 KerTime:0.036596 AccTime:12.276590
#IT Ite:336 KerTime:0.036559 AccTime:12.313149
#IT Ite:337 KerTime:0.036565 AccTime:12.349714
#IT Ite:338 KerTime:0.036637 AccTime:12.386351
#IT Ite:339 KerTime:0.036433 AccTime:12.422784
#IT Ite:340 KerTime:0.036505 AccTime:12.459289
#IT Ite:341 KerTime:0.036425 AccTime:12.495714
#IT Ite:342 KerTime:0.036494 AccTime:12.532208
#IT Ite:343 KerTime:0.036476 AccTime:12.568684
#IT Ite:344 KerTime:0.036604 AccTime:12.605288
#IT Ite:345 KerTime:0.036455 AccTime:12.641743
#IT Ite:346 KerTime:0.036511 AccTime:12.678254
#IT Ite:347 KerTime:0.036627 AccTime:12.714881
#IT Ite:348 KerTime:0.036421 AccTime:12.751302
#IT Ite:349 KerTime:0.036496 AccTime:12.787798
#IT Ite:350 KerTime:0.036562 AccTime:12.824360
#IT Ite:351 KerTime:0.036549 AccTime:12.860909
#IT Ite:352 KerTime:0.036507 AccTime:12.897416
#IT Ite:353 KerTime:0.036402 AccTime:12.933818
#IT Ite:354 KerTime:0.036521 AccTime:12.970339
#IT Ite:355 KerTime:0.036458 AccTime:13.006797
#IT Ite:356 KerTime:0.036488 AccTime:13.043285
#IT Ite:357 KerTime:0.036553 AccTime:13.079838
#IT Ite:358 KerTime:0.036609 AccTime:13.116447
#IT Ite:359 KerTime:0.036527 AccTime:13.152974
#IT Ite:360 KerTime:0.036467 AccTime:13.189441
#IT Ite:361 KerTime:0.036483 AccTime:13.225924
#IT Ite:362 KerTime:0.036451 AccTime:13.262375
#IT Ite:363 KerTime:0.036566 AccTime:13.298941
#IT Ite:364 KerTime:0.036400 AccTime:13.335341
#IT Ite:365 KerTime:0.036682 AccTime:13.372023
#IT Ite:366 KerTime:0.036551 AccTime:13.408574
#IT Ite:367 KerTime:0.036480 AccTime:13.445054
#IT Ite:368 KerTime:0.036523 AccTime:13.481577
#IT Ite:369 KerTime:0.036422 AccTime:13.517999
#IT Ite:370 KerTime:0.036607 AccTime:13.554606
#IT Ite:371 KerTime:0.036407 AccTime:13.591013
#IT Ite:372 KerTime:0.036645 AccTime:13.627658
#IT Ite:373 KerTime:0.036474 AccTime:13.664132
#IT Ite:374 KerTime:0.036616 AccTime:13.700748
#IT Ite:375 KerTime:0.036625 AccTime:13.737373
#IT Ite:376 KerTime:0.036590 AccTime:13.773963
#IT Ite:377 KerTime:0.036642 AccTime:13.810605
#IT Ite:378 KerTime:0.036298 AccTime:13.846903
#IT Ite:379 KerTime:0.036411 AccTime:13.883314
#IT Ite:380 KerTime:0.036477 AccTime:13.919791
#IT Ite:381 KerTime:0.036657 AccTime:13.956448
#IT Ite:382 KerTime:0.036662 AccTime:13.993110
#IT Ite:383 KerTime:0.036408 AccTime:14.029518
#IT Ite:384 KerTime:0.036441 AccTime:14.065959
#IT Ite:385 KerTime:0.036328 AccTime:14.102287
#IT Ite:386 KerTime:0.036531 AccTime:14.138818
#IT Ite:387 KerTime:0.036393 AccTime:14.175211
#IT Ite:388 KerTime:0.036381 AccTime:14.211592
#IT Ite:389 KerTime:0.036560 AccTime:14.248152
#IT Ite:390 KerTime:0.036306 AccTime:14.284458
#IT Ite:391 KerTime:0.036426 AccTime:14.320884
#IT Ite:392 KerTime:0.036553 AccTime:14.357437
#IT Ite:393 KerTime:0.036569 AccTime:14.394006
#IT Ite:394 KerTime:0.036379 AccTime:14.430385
#IT Ite:395 KerTime:0.036490 AccTime:14.466875
#IT Ite:396 KerTime:0.036716 AccTime:14.503591
#IT Ite:397 KerTime:0.036586 AccTime:14.540177
#IT Ite:398 KerTime:0.036517 AccTime:14.576694
#IT Ite:399 KerTime:0.036419 AccTime:14.613113
#IT Ite:400 KerTime:0.036543 AccTime:14.649656
#IT Ite:401 KerTime:0.036334 AccTime:14.685990
#IT Ite:402 KerTime:0.036568 AccTime:14.722558
#IT Ite:403 KerTime:0.036455 AccTime:14.759013
#IT Ite:404 KerTime:0.036492 AccTime:14.795505
#IT Ite:405 KerTime:0.036559 AccTime:14.832064
#IT Ite:406 KerTime:0.036564 AccTime:14.868628
#IT Ite:407 KerTime:0.036438 AccTime:14.905066
#IT Ite:408 KerTime:0.036488 AccTime:14.941554
#IT Ite:409 KerTime:0.036542 AccTime:14.978096
#IT Ite:410 KerTime:0.036522 AccTime:15.014618
#IT Ite:411 KerTime:0.036564 AccTime:15.051182
#IT Ite:412 KerTime:0.036398 AccTime:15.087580
#IT Ite:413 KerTime:0.036580 AccTime:15.124160
#IT Ite:414 KerTime:0.036578 AccTime:15.160738
#IT Ite:415 KerTime:0.036397 AccTime:15.197135
#IT Ite:416 KerTime:0.036580 AccTime:15.233715
#IT Ite:417 KerTime:0.036463 AccTime:15.270178
#IT Ite:418 KerTime:0.036569 AccTime:15.306747
#IT Ite:419 KerTime:0.036337 AccTime:15.343084
#IT Ite:420 KerTime:0.036506 AccTime:15.379590
#IT Ite:421 KerTime:0.036561 AccTime:15.416151
#IT Ite:422 KerTime:0.036431 AccTime:15.452582
#IT Ite:423 KerTime:0.036564 AccTime:15.489146
#IT Ite:424 KerTime:0.036385 AccTime:15.525531
#IT Ite:425 KerTime:0.036572 AccTime:15.562103
#IT Ite:426 KerTime:0.036527 AccTime:15.598630
#IT Ite:427 KerTime:0.036621 AccTime:15.635251
#IT Ite:428 KerTime:0.036738 AccTime:15.671989
#IT Ite:429 KerTime:0.036456 AccTime:15.708445
#IT Ite:430 KerTime:0.036719 AccTime:15.745164
#IT Ite:431 KerTime:0.036398 AccTime:15.781562
#IT Ite:432 KerTime:0.036656 AccTime:15.818218
#IT Ite:433 KerTime:0.036569 AccTime:15.854787
#IT Ite:434 KerTime:0.036539 AccTime:15.891326
#IT Ite:435 KerTime:0.036531 AccTime:15.927857
#IT Ite:436 KerTime:0.036582 AccTime:15.964439
#IT Ite:437 KerTime:0.036656 AccTime:16.001095
#IT Ite:438 KerTime:0.036345 AccTime:16.037440
#IT Ite:439 KerTime:0.036489 AccTime:16.073929
#IT Ite:440 KerTime:0.036592 AccTime:16.110521
#IT Ite:441 KerTime:0.036606 AccTime:16.147127
#IT Ite:442 KerTime:0.036653 AccTime:16.183780
#IT Ite:443 KerTime:0.036576 AccTime:16.220356
#IT Ite:444 KerTime:0.036637 AccTime:16.256993
#IT Ite:445 KerTime:0.036591 AccTime:16.293584
#IT Ite:446 KerTime:0.036661 AccTime:16.330245
#IT Ite:447 KerTime:0.036574 AccTime:16.366819
#IT Ite:448 KerTime:0.036657 AccTime:16.403476
#IT Ite:449 KerTime:0.036418 AccTime:16.439894
#IT Ite:450 KerTime:0.036360 AccTime:16.476254
#IT Ite:451 KerTime:0.036669 AccTime:16.512923
#IT Ite:452 KerTime:0.036424 AccTime:16.549347
#IT Ite:453 KerTime:0.036586 AccTime:16.585933
#IT Ite:454 KerTime:0.036262 AccTime:16.622195
#IT Ite:455 KerTime:0.036523 AccTime:16.658718
#IT Ite:456 KerTime:0.036549 AccTime:16.695267
#IT Ite:457 KerTime:0.036508 AccTime:16.731775
#IT Ite:458 KerTime:0.036540 AccTime:16.768315
#IT Ite:459 KerTime:0.036866 AccTime:16.805181
#IT Ite:460 KerTime:0.036562 AccTime:16.841743
#IT Ite:461 KerTime:0.036567 AccTime:16.878310
#IT Ite:462 KerTime:0.036523 AccTime:16.914833
#IT Ite:463 KerTime:0.036762 AccTime:16.951595
#IT Ite:464 KerTime:0.036510 AccTime:16.988105
#IT Ite:465 KerTime:0.036692 AccTime:17.024797
#IT Ite:466 KerTime:0.036472 AccTime:17.061269
#IT Ite:467 KerTime:0.036521 AccTime:17.097790
#IT Ite:468 KerTime:0.036313 AccTime:17.134103
#IT Ite:469 KerTime:0.036482 AccTime:17.170585
#IT Ite:470 KerTime:0.036532 AccTime:17.207117
#IT Ite:471 KerTime:0.036511 AccTime:17.243628
#IT Ite:472 KerTime:0.036573 AccTime:17.280201
#IT Ite:473 KerTime:0.036525 AccTime:17.316726
#IT Ite:474 KerTime:0.036642 AccTime:17.353368
#IT Ite:475 KerTime:0.036511 AccTime:17.389879
#IT Ite:476 KerTime:0.036630 AccTime:17.426509
#IT Ite:477 KerTime:0.036530 AccTime:17.463039
#IT Ite:478 KerTime:0.036571 AccTime:17.499610
#IT Ite:479 KerTime:0.036444 AccTime:17.536054
#IT Ite:480 KerTime:0.036502 AccTime:17.572556
#IT Ite:481 KerTime:0.036547 AccTime:17.609103
#IT Ite:482 KerTime:0.036474 AccTime:17.645577
#IT Ite:483 KerTime:0.036522 AccTime:17.682099
#IT Ite:484 KerTime:0.036318 AccTime:17.718417
#IT Ite:485 KerTime:0.036564 AccTime:17.754981
#IT Ite:486 KerTime:0.036661 AccTime:17.791642
#IT Ite:487 KerTime:0.036520 AccTime:17.828162
#IT Ite:488 KerTime:0.036690 AccTime:17.864852
#IT Ite:489 KerTime:0.036525 AccTime:17.901377
#IT Ite:490 KerTime:0.036587 AccTime:17.937964
#IT Ite:491 KerTime:0.036660 AccTime:17.974624
#IT Ite:492 KerTime:0.036592 AccTime:18.011216
#IT Ite:493 KerTime:0.036488 AccTime:18.047704
#IT Ite:494 KerTime:0.036513 AccTime:18.084217
#IT Ite:495 KerTime:0.036517 AccTime:18.120734
#IT Ite:496 KerTime:0.036389 AccTime:18.157123
#IT Ite:497 KerTime:0.036645 AccTime:18.193768
#IT Ite:498 KerTime:0.036453 AccTime:18.230221
#IT Ite:499 KerTime:0.036610 AccTime:18.266831
#IT Ite:500 KerTime:0.036481 AccTime:18.303312
#IT Ite:501 KerTime:0.036513 AccTime:18.339825
#IT Ite:502 KerTime:0.036539 AccTime:18.376364
#IT Ite:503 KerTime:0.036651 AccTime:18.413015
#IT Ite:504 KerTime:0.036581 AccTime:18.449596
#IT Ite:505 KerTime:0.036652 AccTime:18.486248
#IT Ite:506 KerTime:0.036578 AccTime:18.522826
#IT Ite:507 KerTime:0.036392 AccTime:18.559218
#IT Ite:508 KerTime:0.036565 AccTime:18.595783
#IT Ite:509 KerTime:0.036519 AccTime:18.632302
#IT Ite:510 KerTime:0.036650 AccTime:18.668952
#IT Ite:511 KerTime:0.036639 AccTime:18.705591
#IT Ite:512 KerTime:0.036473 AccTime:18.742064
#IT Ite:513 KerTime:0.036417 AccTime:18.778481
#IT Ite:514 KerTime:0.036290 AccTime:18.814771
#IT Ite:515 KerTime:0.036572 AccTime:18.851343
#IT Ite:516 KerTime:0.036493 AccTime:18.887836
#IT Ite:517 KerTime:0.036545 AccTime:18.924381
#IT Ite:518 KerTime:0.036514 AccTime:18.960895
#IT Ite:519 KerTime:0.036467 AccTime:18.997362
#IT Ite:520 KerTime:0.036581 AccTime:19.033943
#IT Ite:521 KerTime:0.036421 AccTime:19.070364
#IT Ite:522 KerTime:0.036590 AccTime:19.106954
#IT Ite:523 KerTime:0.036632 AccTime:19.143586
#IT Ite:524 KerTime:0.036550 AccTime:19.180136
#IT Ite:525 KerTime:0.036592 AccTime:19.216728
#IT Ite:526 KerTime:0.036570 AccTime:19.253298
#IT Ite:527 KerTime:0.036681 AccTime:19.289979
#IT Ite:528 KerTime:0.036646 AccTime:19.326625
#IT Ite:529 KerTime:0.036611 AccTime:19.363236
#IT Ite:530 KerTime:0.036453 AccTime:19.399689
#IT Ite:531 KerTime:0.036585 AccTime:19.436274
#IT Ite:532 KerTime:0.036654 AccTime:19.472928
#IT Ite:533 KerTime:0.036556 AccTime:19.509484
#IT Ite:534 KerTime:0.036551 AccTime:19.546035
#IT Ite:535 KerTime:0.036372 AccTime:19.582407
#IT Ite:536 KerTime:0.036530 AccTime:19.618937
#IT Ite:537 KerTime:0.036427 AccTime:19.655364
#IT Ite:538 KerTime:0.036543 AccTime:19.691907
#IT Ite:539 KerTime:0.036537 AccTime:19.728444
#IT Ite:540 KerTime:0.036521 AccTime:19.764965
#IT Ite:541 KerTime:0.036395 AccTime:19.801360
#IT Ite:542 KerTime:0.036394 AccTime:19.837754
#IT Ite:543 KerTime:0.036712 AccTime:19.874466
#IT Ite:544 KerTime:0.036402 AccTime:19.910868
#IT Ite:545 KerTime:0.036603 AccTime:19.947471
#IT Ite:546 KerTime:0.036683 AccTime:19.984154
#IT Ite:547 KerTime:0.036629 AccTime:20.020783
#IT Ite:548 KerTime:0.036504 AccTime:20.057287
#IT Ite:549 KerTime:0.036669 AccTime:20.093956
#IT Ite:550 KerTime:0.036516 AccTime:20.130472
#IT Ite:551 KerTime:0.036480 AccTime:20.166952
#IT Ite:552 KerTime:0.036650 AccTime:20.203602
#IT Ite:553 KerTime:0.036540 AccTime:20.240142
#IT Ite:554 KerTime:0.036511 AccTime:20.276653
#IT Ite:555 KerTime:0.036513 AccTime:20.313166
#IT Ite:556 KerTime:0.036461 AccTime:20.349627
#IT Ite:557 KerTime:0.036461 AccTime:20.386088
#IT Ite:558 KerTime:0.036496 AccTime:20.422584
#IT Ite:559 KerTime:0.036654 AccTime:20.459238
#IT Ite:560 KerTime:0.036526 AccTime:20.495764
#IT Ite:561 KerTime:0.036438 AccTime:20.532202
#IT Ite:562 KerTime:0.036498 AccTime:20.568700
#IT Ite:563 KerTime:0.036499 AccTime:20.605199
#IT Ite:564 KerTime:0.036575 AccTime:20.641774
#IT Ite:565 KerTime:0.036414 AccTime:20.678188
#IT Ite:566 KerTime:0.036619 AccTime:20.714807
#IT Ite:567 KerTime:0.036454 AccTime:20.751261
#IT Ite:568 KerTime:0.036547 AccTime:20.787808
#IT Ite:569 KerTime:0.036534 AccTime:20.824342
#IT Ite:570 KerTime:0.036464 AccTime:20.860806
#IT Ite:571 KerTime:0.036461 AccTime:20.897267
#IT Ite:572 KerTime:0.036425 AccTime:20.933692
#IT Ite:573 KerTime:0.036548 AccTime:20.970240
#IT Ite:574 KerTime:0.036323 AccTime:21.006563
#IT Ite:575 KerTime:0.036611 AccTime:21.043174
#IT Ite:576 KerTime:0.036611 AccTime:21.079785
#IT Ite:577 KerTime:0.036501 AccTime:21.116286
#IT Ite:578 KerTime:0.036515 AccTime:21.152801
#IT Ite:579 KerTime:0.036401 AccTime:21.189202
#IT Ite:580 KerTime:0.036506 AccTime:21.225708
#IT Ite:581 KerTime:0.036494 AccTime:21.262202
#IT Ite:582 KerTime:0.036517 AccTime:21.298719
#IT Ite:583 KerTime:0.036640 AccTime:21.335359
#IT Ite:584 KerTime:0.036536 AccTime:21.371895
#IT Ite:585 KerTime:0.036587 AccTime:21.408482
#IT Ite:586 KerTime:0.036417 AccTime:21.444899
#IT Ite:587 KerTime:0.036590 AccTime:21.481489
#IT Ite:588 KerTime:0.036419 AccTime:21.517908
#IT Ite:589 KerTime:0.036528 AccTime:21.554436
#IT Ite:590 KerTime:0.036535 AccTime:21.590971
#IT Ite:591 KerTime:0.036510 AccTime:21.627481
#IT Ite:592 KerTime:0.036522 AccTime:21.664003
#IT Ite:593 KerTime:0.036437 AccTime:21.700440
#IT Ite:594 KerTime:0.036456 AccTime:21.736896
#IT Ite:595 KerTime:0.036428 AccTime:21.773324
#IT Ite:596 KerTime:0.036517 AccTime:21.809841
#IT Ite:597 KerTime:0.036367 AccTime:21.846208
#IT Ite:598 KerTime:0.036494 AccTime:21.882702
#IT Ite:599 KerTime:0.036588 AccTime:21.919290
#IT Ite:600 KerTime:0.036578 AccTime:21.955868
#IT Ite:601 KerTime:0.036475 AccTime:21.992343
#IT Ite:602 KerTime:0.036458 AccTime:22.028801
#IT Ite:603 KerTime:0.036574 AccTime:22.065375
#IT Ite:604 KerTime:0.036441 AccTime:22.101816
#IT Ite:605 KerTime:0.036578 AccTime:22.138394
#IT Ite:606 KerTime:0.036549 AccTime:22.174943
#IT Ite:607 KerTime:0.038329 AccTime:22.213272
#IT Ite:608 KerTime:0.036189 AccTime:22.249461
#IT Ite:609 KerTime:0.036078 AccTime:22.285539
#IT Ite:610 KerTime:0.036333 AccTime:22.321872
#IT Ite:611 KerTime:0.036077 AccTime:22.357949
#IT Ite:612 KerTime:0.036247 AccTime:22.394196
#IT Ite:613 KerTime:0.036274 AccTime:22.430470
#IT Ite:614 KerTime:0.036246 AccTime:22.466716
#IT Ite:615 KerTime:0.036126 AccTime:22.502842
#IT Ite:616 KerTime:0.036128 AccTime:22.538970
#IT Ite:617 KerTime:0.036199 AccTime:22.575169
#IT Ite:618 KerTime:0.036002 AccTime:22.611171
#IT Ite:619 KerTime:0.036157 AccTime:22.647328
#IT Ite:620 KerTime:0.036258 AccTime:22.683586
#IT Ite:621 KerTime:0.036335 AccTime:22.719921
#IT Ite:622 KerTime:0.036353 AccTime:22.756274
#IT Ite:623 KerTime:0.036142 AccTime:22.792416
#IT Ite:624 KerTime:0.036123 AccTime:22.828539
#IT Ite:625 KerTime:0.036182 AccTime:22.864721
#IT Ite:626 KerTime:0.036290 AccTime:22.901011
#IT Ite:627 KerTime:0.036390 AccTime:22.937401
#IT Ite:628 KerTime:0.036410 AccTime:22.973811
#IT Ite:629 KerTime:0.036222 AccTime:23.010033
#IT Ite:630 KerTime:0.036132 AccTime:23.046165
#IT Ite:631 KerTime:0.036146 AccTime:23.082311
#IT Ite:632 KerTime:0.036138 AccTime:23.118449
#IT Ite:633 KerTime:0.036315 AccTime:23.154764
#IT Ite:634 KerTime:0.036412 AccTime:23.191176
#IT Ite:635 KerTime:0.036302 AccTime:23.227478
#IT Ite:636 KerTime:0.036278 AccTime:23.263756
#IT Ite:637 KerTime:0.036159 AccTime:23.299915
#IT Ite:638 KerTime:0.036247 AccTime:23.336162
#IT Ite:639 KerTime:0.036092 AccTime:23.372254
#IT Ite:640 KerTime:0.036939 AccTime:23.409193
#IT Ite:641 KerTime:0.036323 AccTime:23.445516
#IT Ite:642 KerTime:0.036278 AccTime:23.481794
#IT Ite:643 KerTime:0.036332 AccTime:23.518126
#IT Ite:644 KerTime:0.036299 AccTime:23.554425
#IT Ite:645 KerTime:0.036344 AccTime:23.590769
#IT Ite:646 KerTime:0.036044 AccTime:23.626813
#IT Ite:647 KerTime:0.036227 AccTime:23.663040
#IT Ite:648 KerTime:0.036246 AccTime:23.699286
#IT Ite:649 KerTime:0.036190 AccTime:23.735476
#IT Ite:650 KerTime:0.036186 AccTime:23.771662
#IT Ite:651 KerTime:0.036169 AccTime:23.807831
#IT Ite:652 KerTime:0.036255 AccTime:23.844086
#IT Ite:653 KerTime:0.036022 AccTime:23.880108
#IT Ite:654 KerTime:0.036243 AccTime:23.916351
#IT Ite:655 KerTime:0.036154 AccTime:23.952505
#IT Ite:656 KerTime:0.036091 AccTime:23.988596
#IT Ite:657 KerTime:0.036293 AccTime:24.024889
#IT Ite:658 KerTime:0.036185 AccTime:24.061074
#IT Ite:659 KerTime:0.036187 AccTime:24.097261
#IT Ite:660 KerTime:0.036199 AccTime:24.133460
#IT Ite:661 KerTime:0.036320 AccTime:24.169780
#IT Ite:662 KerTime:0.036438 AccTime:24.206218
#IT Ite:663 KerTime:0.036333 AccTime:24.242551
#IT Ite:664 KerTime:0.036307 AccTime:24.278858
#IT Ite:665 KerTime:0.036200 AccTime:24.315058
#IT Ite:666 KerTime:0.036303 AccTime:24.351361
#IT Ite:667 KerTime:0.036099 AccTime:24.387460
#IT Ite:668 KerTime:0.036368 AccTime:24.423828
#IT Ite:669 KerTime:0.036317 AccTime:24.460145
#IT Ite:670 KerTime:0.036228 AccTime:24.496373
#IT Ite:671 KerTime:0.036264 AccTime:24.532637
#IT Ite:672 KerTime:0.036191 AccTime:24.568828
#IT Ite:673 KerTime:0.036271 AccTime:24.605099
#IT Ite:674 KerTime:0.036267 AccTime:24.641366
#IT Ite:675 KerTime:0.036226 AccTime:24.677592
#IT Ite:676 KerTime:0.036270 AccTime:24.713862
#IT Ite:677 KerTime:0.036163 AccTime:24.750025
#IT Ite:678 KerTime:0.036166 AccTime:24.786191
#IT Ite:679 KerTime:0.036006 AccTime:24.822197
#IT Ite:680 KerTime:0.036266 AccTime:24.858463
#IT Ite:681 KerTime:0.036246 AccTime:24.894709
#IT Ite:682 KerTime:0.036337 AccTime:24.931046
#IT Ite:683 KerTime:0.036261 AccTime:24.967307
#IT Ite:684 KerTime:0.036188 AccTime:25.003495
#IT Ite:685 KerTime:0.036208 AccTime:25.039703
#IT Ite:686 KerTime:0.036106 AccTime:25.075809
#IT Ite:687 KerTime:0.036203 AccTime:25.112012
#IT Ite:688 KerTime:0.036114 AccTime:25.148126
#IT Ite:689 KerTime:0.036311 AccTime:25.184437
#IT Ite:690 KerTime:0.036226 AccTime:25.220663
#IT Ite:691 KerTime:0.036208 AccTime:25.256871
#IT Ite:692 KerTime:0.036214 AccTime:25.293085
#IT Ite:693 KerTime:0.036066 AccTime:25.329151
#IT Ite:694 KerTime:0.036380 AccTime:25.365531
#IT Ite:695 KerTime:0.036445 AccTime:25.401976
#IT Ite:696 KerTime:0.036312 AccTime:25.438288
#IT Ite:697 KerTime:0.036112 AccTime:25.474400
#IT Ite:698 KerTime:0.036238 AccTime:25.510638
#IT Ite:699 KerTime:0.036232 AccTime:25.546870
#IT Ite:700 KerTime:0.036120 AccTime:25.582990
#IT Ite:701 KerTime:0.036269 AccTime:25.619259
#IT Ite:702 KerTime:0.036229 AccTime:25.655488
#IT Ite:703 KerTime:0.036228 AccTime:25.691716
#IT Ite:704 KerTime:0.036220 AccTime:25.727936
#IT Ite:705 KerTime:0.036227 AccTime:25.764163
#IT Ite:706 KerTime:0.036253 AccTime:25.800416
#IT Ite:707 KerTime:0.036095 AccTime:25.836511
#IT Ite:708 KerTime:0.036193 AccTime:25.872704
#IT Ite:709 KerTime:0.036317 AccTime:25.909021
#IT Ite:710 KerTime:0.036207 AccTime:25.945228
#IT Ite:711 KerTime:0.036353 AccTime:25.981581
#IT Ite:712 KerTime:0.036065 AccTime:26.017646
#IT Ite:713 KerTime:0.036306 AccTime:26.053952
#IT Ite:714 KerTime:0.036178 AccTime:26.090130
#IT Ite:715 KerTime:0.036231 AccTime:26.126361
#IT Ite:716 KerTime:0.036263 AccTime:26.162624
#IT Ite:717 KerTime:0.036177 AccTime:26.198801
#IT Ite:718 KerTime:0.036278 AccTime:26.235079
#IT Ite:719 KerTime:0.036320 AccTime:26.271399
#IT Ite:720 KerTime:0.036306 AccTime:26.307705
#IT Ite:721 KerTime:0.036005 AccTime:26.343710
#IT Ite:722 KerTime:0.036199 AccTime:26.379909
#IT Ite:723 KerTime:0.036358 AccTime:26.416267
#IT Ite:724 KerTime:0.036155 AccTime:26.452422
#IT Ite:725 KerTime:0.036237 AccTime:26.488659
#IT Ite:726 KerTime:0.036128 AccTime:26.524787
#IT Ite:727 KerTime:0.036307 AccTime:26.561094
#IT Ite:728 KerTime:0.036455 AccTime:26.597549
#IT Ite:729 KerTime:0.036240 AccTime:26.633789
#IT Ite:730 KerTime:0.036188 AccTime:26.669977
#IT Ite:731 KerTime:0.036256 AccTime:26.706233
#IT Ite:732 KerTime:0.036426 AccTime:26.742659
#IT Ite:733 KerTime:0.036142 AccTime:26.778801
#IT Ite:734 KerTime:0.036320 AccTime:26.815121
#IT Ite:735 KerTime:0.036318 AccTime:26.851439
#IT Ite:736 KerTime:0.036378 AccTime:26.887817
#IT Ite:737 KerTime:0.036478 AccTime:26.924295
#IT Ite:738 KerTime:0.036209 AccTime:26.960504
#IT Ite:739 KerTime:0.036260 AccTime:26.996764
#IT Ite:740 KerTime:0.036184 AccTime:27.032948
#IT Ite:741 KerTime:0.036261 AccTime:27.069209
#IT Ite:742 KerTime:0.036296 AccTime:27.105505
#IT Ite:743 KerTime:0.036296 AccTime:27.141801
#IT Ite:744 KerTime:0.036319 AccTime:27.178120
#IT Ite:745 KerTime:0.036204 AccTime:27.214324
#IT Ite:746 KerTime:0.036289 AccTime:27.250613
#IT Ite:747 KerTime:0.036103 AccTime:27.286716
#IT Ite:748 KerTime:0.036215 AccTime:27.322931
#IT Ite:749 KerTime:0.036185 AccTime:27.359116
#IT Ite:750 KerTime:0.036103 AccTime:27.395219
#IT Ite:751 KerTime:0.036289 AccTime:27.431508
#IT Ite:752 KerTime:0.036303 AccTime:27.467811
#IT Ite:753 KerTime:0.036300 AccTime:27.504111
#IT Ite:754 KerTime:0.036103 AccTime:27.540214
#IT Ite:755 KerTime:0.036193 AccTime:27.576407
#IT Ite:756 KerTime:0.036309 AccTime:27.612716
#IT Ite:757 KerTime:0.036204 AccTime:27.648920
#IT Ite:758 KerTime:0.036134 AccTime:27.685054
#IT Ite:759 KerTime:0.036245 AccTime:27.721299
#IT Ite:760 KerTime:0.036399 AccTime:27.757698
#IT Ite:761 KerTime:0.036208 AccTime:27.793906
#IT Ite:762 KerTime:0.036205 AccTime:27.830111
#IT Ite:763 KerTime:0.036198 AccTime:27.866309
#IT Ite:764 KerTime:0.036268 AccTime:27.902577
#IT Ite:765 KerTime:0.036274 AccTime:27.938851
#IT Ite:766 KerTime:0.036164 AccTime:27.975015
#IT Ite:767 KerTime:0.036274 AccTime:28.011289
#IT Ite:768 KerTime:0.036221 AccTime:28.047510
#IT Ite:769 KerTime:0.036311 AccTime:28.083821
#IT Ite:770 KerTime:0.036296 AccTime:28.120117
#IT Ite:771 KerTime:0.036099 AccTime:28.156216
#IT Ite:772 KerTime:0.036186 AccTime:28.192402
#IT Ite:773 KerTime:0.036161 AccTime:28.228563
#IT Ite:774 KerTime:0.036186 AccTime:28.264749
#IT Ite:775 KerTime:0.036112 AccTime:28.300861
#IT Ite:776 KerTime:0.036337 AccTime:28.337198
#IT Ite:777 KerTime:0.036354 AccTime:28.373552
#IT Ite:778 KerTime:0.036315 AccTime:28.409867
#IT Ite:779 KerTime:0.036361 AccTime:28.446228
#IT Ite:780 KerTime:0.036245 AccTime:28.482473
#IT Ite:781 KerTime:0.036286 AccTime:28.518759
#IT Ite:782 KerTime:0.036232 AccTime:28.554991
#IT Ite:783 KerTime:0.036245 AccTime:28.591236
#IT Ite:784 KerTime:0.036265 AccTime:28.627501
#IT Ite:785 KerTime:0.036345 AccTime:28.663846
#IT Ite:786 KerTime:0.036352 AccTime:28.700198
#IT Ite:787 KerTime:0.036138 AccTime:28.736336
#IT Ite:788 KerTime:0.036388 AccTime:28.772724
#IT Ite:789 KerTime:0.036192 AccTime:28.808916
#IT Ite:790 KerTime:0.036249 AccTime:28.845165
#IT Ite:791 KerTime:0.036330 AccTime:28.881495
#IT Ite:792 KerTime:0.036234 AccTime:28.917729
#IT Ite:793 KerTime:0.036629 AccTime:28.954358
#IT Ite:794 KerTime:0.036247 AccTime:28.990605
#IT Ite:795 KerTime:0.036280 AccTime:29.026885
#IT Ite:796 KerTime:0.036019 AccTime:29.062904
#IT Ite:797 KerTime:0.036215 AccTime:29.099119
#IT Ite:798 KerTime:0.036263 AccTime:29.135382
#ERR ./hog_hardened_ecc_off/opencv_src/hog.cu:785: error: (-217) an illegal memory access was encountered in function classify_hists_ext

#END