#HEADER execution_type:yolo execution_model:valid img_list_path:/home/carol/radiation-benchmarks/data/networks_img_list/caltech.pedestrians.1K.txt weights:/home/carol/radiation-benchmarks/data/darknet/yolo.weights config_file:/home/carol/radiation-benchmarks/data/darknet/yolo.cfg iterations:10000 abft: no_abft
#BEGIN Y:2016 M:12 D:12 Time:00:15:04
#IT Ite:0 KerTime:0.286612 AccTime:0.286612
#IT Ite:1 KerTime:0.099664 AccTime:0.386276
#IT Ite:2 KerTime:0.095646 AccTime:0.481922
#IT Ite:3 KerTime:0.095486 AccTime:0.577408
#IT Ite:4 KerTime:0.095265 AccTime:0.672673
#IT Ite:5 KerTime:0.095366 AccTime:0.768039
#IT Ite:6 KerTime:0.095288 AccTime:0.863327
#IT Ite:7 KerTime:0.095256 AccTime:0.958583
#IT Ite:8 KerTime:0.095707 AccTime:1.054290
#IT Ite:9 KerTime:0.095180 AccTime:1.149470
#IT Ite:10 KerTime:0.095128 AccTime:1.244598
#IT Ite:11 KerTime:0.095561 AccTime:1.340159
#IT Ite:12 KerTime:0.095407 AccTime:1.435566
#IT Ite:13 KerTime:0.095258 AccTime:1.530824
#IT Ite:14 KerTime:0.095673 AccTime:1.626497
#IT Ite:15 KerTime:0.095293 AccTime:1.721790
#IT Ite:16 KerTime:0.095370 AccTime:1.817160
#IT Ite:17 KerTime:0.095154 AccTime:1.912314
#IT Ite:18 KerTime:0.095805 AccTime:2.008119
#IT Ite:19 KerTime:0.095350 AccTime:2.103469
#IT Ite:20 KerTime:0.095344 AccTime:2.198813
#IT Ite:21 KerTime:0.095798 AccTime:2.294611
#IT Ite:22 KerTime:0.095549 AccTime:2.390160
#IT Ite:23 KerTime:0.095535 AccTime:2.485695
#IT Ite:24 KerTime:0.095868 AccTime:2.581563
#IT Ite:25 KerTime:0.095054 AccTime:2.676617
#IT Ite:26 KerTime:0.095816 AccTime:2.772433
#IT Ite:27 KerTime:0.095868 AccTime:2.868301
#IT Ite:28 KerTime:0.095305 AccTime:2.963606
#IT Ite:29 KerTime:0.095672 AccTime:3.059278
#IT Ite:30 KerTime:0.095544 AccTime:3.154822
#IT Ite:31 KerTime:0.095303 AccTime:3.250125
#IT Ite:32 KerTime:0.095215 AccTime:3.345340
#IT Ite:33 KerTime:0.095820 AccTime:3.441160
#IT Ite:34 KerTime:0.095328 AccTime:3.536488
#IT Ite:35 KerTime:0.095849 AccTime:3.632337
#IT Ite:36 KerTime:0.095554 AccTime:3.727891
#IT Ite:37 KerTime:0.095786 AccTime:3.823677
#IT Ite:38 KerTime:0.095782 AccTime:3.919459
#IT Ite:39 KerTime:0.095695 AccTime:4.015154
#IT Ite:40 KerTime:0.095772 AccTime:4.110926
#IT Ite:41 KerTime:0.095677 AccTime:4.206603
#IT Ite:42 KerTime:0.095552 AccTime:4.302155
#IT Ite:43 KerTime:0.095459 AccTime:4.397614
#IT Ite:44 KerTime:0.095400 AccTime:4.493014
#IT Ite:45 KerTime:0.095189 AccTime:4.588203
#IT Ite:46 KerTime:0.095287 AccTime:4.683490
#IT Ite:47 KerTime:0.095725 AccTime:4.779215
#IT Ite:48 KerTime:0.095313 AccTime:4.874528
#IT Ite:49 KerTime:0.095437 AccTime:4.969965
#IT Ite:50 KerTime:0.095321 AccTime:5.065286
#IT Ite:51 KerTime:0.095419 AccTime:5.160705
#IT Ite:52 KerTime:0.095380 AccTime:5.256085
#IT Ite:53 KerTime:0.095304 AccTime:5.351389
#IT Ite:54 KerTime:0.095678 AccTime:5.447067
#IT Ite:55 KerTime:0.095284 AccTime:5.542351
#IT Ite:56 KerTime:0.095301 AccTime:5.637652
#IT Ite:57 KerTime:0.095319 AccTime:5.732971
#IT Ite:58 KerTime:0.095214 AccTime:5.828185
#IT Ite:59 KerTime:0.095451 AccTime:5.923636
#IT Ite:60 KerTime:0.095436 AccTime:6.019072
#IT Ite:61 KerTime:0.095227 AccTime:6.114299
#IT Ite:62 KerTime:0.095404 AccTime:6.209703
#IT Ite:63 KerTime:0.095554 AccTime:6.305257
#IT Ite:64 KerTime:0.095785 AccTime:6.401042
#IT Ite:65 KerTime:0.095354 AccTime:6.496396
#IT Ite:66 KerTime:0.095249 AccTime:6.591645
#IT Ite:67 KerTime:0.095819 AccTime:6.687464
#IT Ite:68 KerTime:0.095342 AccTime:6.782806
#IT Ite:69 KerTime:0.095682 AccTime:6.878488
#IT Ite:70 KerTime:0.095269 AccTime:6.973757
#IT Ite:71 KerTime:0.095789 AccTime:7.069546
#IT Ite:72 KerTime:0.095378 AccTime:7.164924
#IT Ite:73 KerTime:0.095350 AccTime:7.260274
#IT Ite:74 KerTime:0.095741 AccTime:7.356015
#IT Ite:75 KerTime:0.095751 AccTime:7.451766
#IT Ite:76 KerTime:0.095290 AccTime:7.547056
#IT Ite:77 KerTime:0.095773 AccTime:7.642829
#IT Ite:78 KerTime:0.095423 AccTime:7.738252
#IT Ite:79 KerTime:0.095851 AccTime:7.834103
#IT Ite:80 KerTime:0.095777 AccTime:7.929880
#IT Ite:81 KerTime:0.095659 AccTime:8.025539
#IT Ite:82 KerTime:0.095381 AccTime:8.120920
#IT Ite:83 KerTime:0.095422 AccTime:8.216342
#IT Ite:84 KerTime:0.095213 AccTime:8.311555
#IT Ite:85 KerTime:0.095782 AccTime:8.407337
#IT Ite:86 KerTime:0.095292 AccTime:8.502629
#IT Ite:87 KerTime:0.095199 AccTime:8.597828
#IT Ite:88 KerTime:0.095762 AccTime:8.693590
#IT Ite:89 KerTime:0.095767 AccTime:8.789357
#IT Ite:90 KerTime:0.095726 AccTime:8.885083
#IT Ite:91 KerTime:0.095322 AccTime:8.980405
#IT Ite:92 KerTime:0.095545 AccTime:9.075950
#IT Ite:93 KerTime:0.095545 AccTime:9.171495
#IT Ite:94 KerTime:0.095462 AccTime:9.266957
#IT Ite:95 KerTime:0.095383 AccTime:9.362340
#IT Ite:96 KerTime:0.095858 AccTime:9.458198
#IT Ite:97 KerTime:0.095225 AccTime:9.553423
#IT Ite:98 KerTime:0.095535 AccTime:9.648958
#IT Ite:99 KerTime:0.095413 AccTime:9.744371
#IT Ite:100 KerTime:0.095408 AccTime:9.839779
#IT Ite:101 KerTime:0.095199 AccTime:9.934978
#IT Ite:102 KerTime:0.095732 AccTime:10.030710
#IT Ite:103 KerTime:0.095758 AccTime:10.126468
#IT Ite:104 KerTime:0.095225 AccTime:10.221693
#IT Ite:105 KerTime:0.095383 AccTime:10.317076
#IT Ite:106 KerTime:0.095242 AccTime:10.412318
#IT Ite:107 KerTime:0.095117 AccTime:10.507435
#IT Ite:108 KerTime:0.095224 AccTime:10.602659
#IT Ite:109 KerTime:0.095220 AccTime:10.697879
#IT Ite:110 KerTime:0.095749 AccTime:10.793628
#IT Ite:111 KerTime:0.095034 AccTime:10.888662
#IT Ite:112 KerTime:0.095160 AccTime:10.983822
#IT Ite:113 KerTime:0.095241 AccTime:11.079063
#IT Ite:114 KerTime:0.095571 AccTime:11.174634
#IT Ite:115 KerTime:0.095083 AccTime:11.269717
#IT Ite:116 KerTime:0.095152 AccTime:11.364869
#IT Ite:117 KerTime:0.095266 AccTime:11.460135
#IT Ite:118 KerTime:0.095312 AccTime:11.555447
#IT Ite:119 KerTime:0.095099 AccTime:11.650546
#IT Ite:120 KerTime:0.095075 AccTime:11.745621
#IT Ite:121 KerTime:0.095059 AccTime:11.840680
#IT Ite:122 KerTime:0.095509 AccTime:11.936189
#IT Ite:123 KerTime:0.095101 AccTime:12.031290
#IT Ite:124 KerTime:0.095093 AccTime:12.126383
#IT Ite:125 KerTime:0.095496 AccTime:12.221879
#IT Ite:126 KerTime:0.095122 AccTime:12.317001
#IT Ite:127 KerTime:0.095224 AccTime:12.412225
#IT Ite:128 KerTime:0.095039 AccTime:12.507264
#IT Ite:129 KerTime:0.095180 AccTime:12.602444
#IT Ite:130 KerTime:0.095209 AccTime:12.697653
#IT Ite:131 KerTime:0.095187 AccTime:12.792840
#IT Ite:132 KerTime:0.095275 AccTime:12.888115
#IT Ite:133 KerTime:0.095193 AccTime:12.983308
#IT Ite:134 KerTime:0.095166 AccTime:13.078474
#IT Ite:135 KerTime:0.095326 AccTime:13.173800
#IT Ite:136 KerTime:0.095479 AccTime:13.269279
#IT Ite:137 KerTime:0.095264 AccTime:13.364543
#IT Ite:138 KerTime:0.095193 AccTime:13.459736
#IT Ite:139 KerTime:0.095470 AccTime:13.555206
#IT Ite:140 KerTime:0.095549 AccTime:13.650755
#IT Ite:141 KerTime:0.095701 AccTime:13.746456
#IT Ite:142 KerTime:0.095426 AccTime:13.841882
#IT Ite:143 KerTime:0.095207 AccTime:13.937089
#IT Ite:144 KerTime:0.095373 AccTime:14.032462
#IT Ite:145 KerTime:0.095721 AccTime:14.128183
#IT Ite:146 KerTime:0.095122 AccTime:14.223305
#IT Ite:147 KerTime:0.095531 AccTime:14.318836
#IT Ite:148 KerTime:0.095653 AccTime:14.414489
#IT Ite:149 KerTime:0.095688 AccTime:14.510177
#IT Ite:150 KerTime:0.095187 AccTime:14.605364
#IT Ite:151 KerTime:0.095589 AccTime:14.700953
#IT Ite:152 KerTime:0.095088 AccTime:14.796041
#IT Ite:153 KerTime:0.095591 AccTime:14.891632
#IT Ite:154 KerTime:0.095592 AccTime:14.987224
#IT Ite:155 KerTime:0.095615 AccTime:15.082839
#IT Ite:156 KerTime:0.095080 AccTime:15.177919
#IT Ite:157 KerTime:0.094946 AccTime:15.272865
#IT Ite:158 KerTime:0.095160 AccTime:15.368025
#IT Ite:159 KerTime:0.095542 AccTime:15.463567
#IT Ite:160 KerTime:0.095711 AccTime:15.559278
#IT Ite:161 KerTime:0.095697 AccTime:15.654975
#IT Ite:162 KerTime:0.095329 AccTime:15.750304
#IT Ite:163 KerTime:0.095122 AccTime:15.845426
#IT Ite:164 KerTime:0.095154 AccTime:15.940580
#IT Ite:165 KerTime:0.095097 AccTime:16.035677
#IT Ite:166 KerTime:0.095740 AccTime:16.131417
#IT Ite:167 KerTime:0.095279 AccTime:16.226696
#IT Ite:168 KerTime:0.095153 AccTime:16.321849
#IT Ite:169 KerTime:0.095029 AccTime:16.416878
#IT Ite:170 KerTime:0.095177 AccTime:16.512055
#IT Ite:171 KerTime:0.095862 AccTime:16.607917
#IT Ite:172 KerTime:0.095174 AccTime:16.703091
#IT Ite:173 KerTime:0.095262 AccTime:16.798353
#IT Ite:174 KerTime:0.095136 AccTime:16.893489
#IT Ite:175 KerTime:0.095329 AccTime:16.988818
#IT Ite:176 KerTime:0.095203 AccTime:17.084021
#IT Ite:177 KerTime:0.094973 AccTime:17.178994
#IT Ite:178 KerTime:0.094917 AccTime:17.273911
#IT Ite:179 KerTime:0.095140 AccTime:17.369051
#IT Ite:180 KerTime:0.095263 AccTime:17.464314
#IT Ite:181 KerTime:0.095247 AccTime:17.559561
#IT Ite:182 KerTime:0.095308 AccTime:17.654869
#IT Ite:183 KerTime:0.095426 AccTime:17.750295
#IT Ite:184 KerTime:0.095400 AccTime:17.845695
#IT Ite:185 KerTime:0.095050 AccTime:17.940745
#IT Ite:186 KerTime:0.095117 AccTime:18.035862
#IT Ite:187 KerTime:0.095231 AccTime:18.131093
#IT Ite:188 KerTime:0.095719 AccTime:18.226812
#IT Ite:189 KerTime:0.095028 AccTime:18.321840
#IT Ite:190 KerTime:0.095079 AccTime:18.416919
#IT Ite:191 KerTime:0.095577 AccTime:18.512496
#IT Ite:192 KerTime:0.095137 AccTime:18.607633
#IT Ite:193 KerTime:0.095969 AccTime:18.703602
#IT Ite:194 KerTime:0.095571 AccTime:18.799173
#IT Ite:195 KerTime:0.095225 AccTime:18.894398
#IT Ite:196 KerTime:0.095261 AccTime:18.989659
#IT Ite:197 KerTime:0.095101 AccTime:19.084760
#IT Ite:198 KerTime:0.095526 AccTime:19.180286
#IT Ite:199 KerTime:0.095183 AccTime:19.275469
#IT Ite:200 KerTime:0.095181 AccTime:19.370650
#IT Ite:201 KerTime:0.095319 AccTime:19.465969
#IT Ite:202 KerTime:0.095729 AccTime:19.561698
#IT Ite:203 KerTime:0.095249 AccTime:19.656947
#IT Ite:204 KerTime:0.095176 AccTime:19.752123
#IT Ite:205 KerTime:0.095217 AccTime:19.847340
#IT Ite:206 KerTime:0.095266 AccTime:19.942606
#IT Ite:207 KerTime:0.095244 AccTime:20.037850
#IT Ite:208 KerTime:0.095169 AccTime:20.133019
#IT Ite:209 KerTime:0.095010 AccTime:20.228029
#IT Ite:210 KerTime:0.096598 AccTime:20.324627
#IT Ite:211 KerTime:0.095647 AccTime:20.420274
#IT Ite:212 KerTime:0.095049 AccTime:20.515323
#IT Ite:213 KerTime:0.095127 AccTime:20.610450
#IT Ite:214 KerTime:0.095156 AccTime:20.705606
#IT Ite:215 KerTime:0.095031 AccTime:20.800637
#IT Ite:216 KerTime:0.095174 AccTime:20.895811
#IT Ite:217 KerTime:0.095527 AccTime:20.991338
#IT Ite:218 KerTime:0.095498 AccTime:21.086836
#IT Ite:219 KerTime:0.095470 AccTime:21.182306
#IT Ite:220 KerTime:0.095234 AccTime:21.277540
#IT Ite:221 KerTime:0.095941 AccTime:21.373481
#IT Ite:222 KerTime:0.095076 AccTime:21.468557
#IT Ite:223 KerTime:0.095089 AccTime:21.563646
#IT Ite:224 KerTime:0.095153 AccTime:21.658799
#IT Ite:225 KerTime:0.095376 AccTime:21.754175
#IT Ite:226 KerTime:0.095529 AccTime:21.849704
#IT Ite:227 KerTime:0.095382 AccTime:21.945086
#IT Ite:228 KerTime:0.095015 AccTime:22.040101
#IT Ite:229 KerTime:0.095024 AccTime:22.135125
#IT Ite:230 KerTime:0.095512 AccTime:22.230637
#IT Ite:231 KerTime:0.095513 AccTime:22.326150
#IT Ite:232 KerTime:0.095167 AccTime:22.421317
#IT Ite:233 KerTime:0.095215 AccTime:22.516532
#IT Ite:234 KerTime:0.095260 AccTime:22.611792
#IT Ite:235 KerTime:0.095429 AccTime:22.707221
#IT Ite:236 KerTime:0.095008 AccTime:22.802229
#IT Ite:237 KerTime:0.094986 AccTime:22.897215
#IT Ite:238 KerTime:0.095181 AccTime:22.992396
#IT Ite:239 KerTime:0.095004 AccTime:23.087400
#IT Ite:240 KerTime:0.095014 AccTime:23.182414
#IT Ite:241 KerTime:0.095500 AccTime:23.277914
#IT Ite:242 KerTime:0.095254 AccTime:23.373168
#IT Ite:243 KerTime:0.094941 AccTime:23.468109
#IT Ite:244 KerTime:0.095058 AccTime:23.563167
#IT Ite:245 KerTime:0.095052 AccTime:23.658219
#IT Ite:246 KerTime:0.095591 AccTime:23.753810
#IT Ite:247 KerTime:0.095635 AccTime:23.849445
#IT Ite:248 KerTime:0.095418 AccTime:23.944863
#IT Ite:249 KerTime:0.095352 AccTime:24.040215
#IT Ite:250 KerTime:0.095459 AccTime:24.135674
#IT Ite:251 KerTime:0.096134 AccTime:24.231808
#IT Ite:252 KerTime:0.094887 AccTime:24.326695
#IT Ite:253 KerTime:0.095555 AccTime:24.422250
#IT Ite:254 KerTime:0.095081 AccTime:24.517331
#IT Ite:255 KerTime:0.095332 AccTime:24.612663
#IT Ite:256 KerTime:0.095410 AccTime:24.708073
#IT Ite:257 KerTime:0.094977 AccTime:24.803050
#IT Ite:258 KerTime:0.094945 AccTime:24.897995
#IT Ite:259 KerTime:0.095172 AccTime:24.993167
#IT Ite:260 KerTime:0.095224 AccTime:25.088391
#IT Ite:261 KerTime:0.095627 AccTime:25.184018
#IT Ite:262 KerTime:0.094989 AccTime:25.279007
#IT Ite:263 KerTime:0.094896 AccTime:25.373903
#IT Ite:264 KerTime:0.095133 AccTime:25.469036
#IT Ite:265 KerTime:0.095842 AccTime:25.564878
#IT Ite:266 KerTime:0.095190 AccTime:25.660068
#IT Ite:267 KerTime:0.094981 AccTime:25.755049
#IT Ite:268 KerTime:0.094932 AccTime:25.849981
#IT Ite:269 KerTime:0.095283 AccTime:25.945264
#IT Ite:270 KerTime:0.095616 AccTime:26.040880
#IT Ite:271 KerTime:0.095168 AccTime:26.136048
#IT Ite:272 KerTime:0.095197 AccTime:26.231245
#IT Ite:273 KerTime:0.095721 AccTime:26.326966
#IT Ite:274 KerTime:0.095115 AccTime:26.422081
#IT Ite:275 KerTime:0.095274 AccTime:26.517355
#IT Ite:276 KerTime:0.094907 AccTime:26.612262
#IT Ite:277 KerTime:0.095169 AccTime:26.707431
#IT Ite:278 KerTime:0.095371 AccTime:26.802802
#IT Ite:279 KerTime:0.095126 AccTime:26.897928
#IT Ite:280 KerTime:0.095226 AccTime:26.993154
#IT Ite:281 KerTime:0.095069 AccTime:27.088223
#IT Ite:282 KerTime:0.095064 AccTime:27.183287
#IT Ite:283 KerTime:0.095334 AccTime:27.278621
#IT Ite:284 KerTime:0.095744 AccTime:27.374365
#IT Ite:285 KerTime:0.095541 AccTime:27.469906
#IT Ite:286 KerTime:0.095575 AccTime:27.565481
#IT Ite:287 KerTime:0.095335 AccTime:27.660816
#IT Ite:288 KerTime:0.095643 AccTime:27.756459
#IT Ite:289 KerTime:0.095587 AccTime:27.852046
#IT Ite:290 KerTime:0.095005 AccTime:27.947051
#IT Ite:291 KerTime:0.095070 AccTime:28.042121
#IT Ite:292 KerTime:0.095522 AccTime:28.137643
#IT Ite:293 KerTime:0.095591 AccTime:28.233234
#IT Ite:294 KerTime:0.095440 AccTime:28.328674
#IT Ite:295 KerTime:0.095562 AccTime:28.424236
#IT Ite:296 KerTime:0.095237 AccTime:28.519473
#IT Ite:297 KerTime:0.095450 AccTime:28.614923
#IT Ite:298 KerTime:0.095599 AccTime:28.710522
#IT Ite:299 KerTime:0.095384 AccTime:28.805906
#IT Ite:300 KerTime:0.094934 AccTime:28.900840
#IT Ite:301 KerTime:0.095445 AccTime:28.996285
#IT Ite:302 KerTime:0.095309 AccTime:29.091594
#IT Ite:303 KerTime:0.095627 AccTime:29.187221
#IT Ite:304 KerTime:0.094924 AccTime:29.282145
#IT Ite:305 KerTime:0.095447 AccTime:29.377592
#IT Ite:306 KerTime:0.095113 AccTime:29.472705
#IT Ite:307 KerTime:0.095089 AccTime:29.567794
#IT Ite:308 KerTime:0.095103 AccTime:29.662897
#IT Ite:309 KerTime:0.096238 AccTime:29.759135
#IT Ite:310 KerTime:0.095157 AccTime:29.854292
#IT Ite:311 KerTime:0.095242 AccTime:29.949534
#IT Ite:312 KerTime:0.095123 AccTime:30.044657
#IT Ite:313 KerTime:0.095111 AccTime:30.139768
#IT Ite:314 KerTime:0.094917 AccTime:30.234685
#IT Ite:315 KerTime:0.095031 AccTime:30.329716
#IT Ite:316 KerTime:0.095064 AccTime:30.424780
#IT Ite:317 KerTime:0.095194 AccTime:30.519974
#IT Ite:318 KerTime:0.095309 AccTime:30.615283
#IT Ite:319 KerTime:0.095171 AccTime:30.710454
#IT Ite:320 KerTime:0.095161 AccTime:30.805615
#IT Ite:321 KerTime:0.094843 AccTime:30.900458
#IT Ite:322 KerTime:0.094855 AccTime:30.995313
#IT Ite:323 KerTime:0.095294 AccTime:31.090607
#IT Ite:324 KerTime:0.095117 AccTime:31.185724
#IT Ite:325 KerTime:0.095021 AccTime:31.280745
#IT Ite:326 KerTime:0.095092 AccTime:31.375837
#IT Ite:327 KerTime:0.095583 AccTime:31.471420
#IT Ite:328 KerTime:0.095110 AccTime:31.566530
#IT Ite:329 KerTime:0.095113 AccTime:31.661643
#IT Ite:330 KerTime:0.095157 AccTime:31.756800
#IT Ite:331 KerTime:0.095090 AccTime:31.851890
#IT Ite:332 KerTime:0.094998 AccTime:31.946888
#IT Ite:333 KerTime:0.095619 AccTime:32.042507
#IT Ite:334 KerTime:0.095098 AccTime:32.137605
#IT Ite:335 KerTime:0.094958 AccTime:32.232563
#IT Ite:336 KerTime:0.095110 AccTime:32.327673
#IT Ite:337 KerTime:0.094970 AccTime:32.422643
#IT Ite:338 KerTime:0.095470 AccTime:32.518113
#IT Ite:339 KerTime:0.095210 AccTime:32.613323
#IT Ite:340 KerTime:0.095525 AccTime:32.708848
#IT Ite:341 KerTime:0.095172 AccTime:32.804020
#IT Ite:342 KerTime:0.095130 AccTime:32.899150
#IT Ite:343 KerTime:0.095422 AccTime:32.994572
#IT Ite:344 KerTime:0.095487 AccTime:33.090059
#IT Ite:345 KerTime:0.095550 AccTime:33.185609
#IT Ite:346 KerTime:0.095152 AccTime:33.280761
#IT Ite:347 KerTime:0.095151 AccTime:33.375912
#IT Ite:348 KerTime:0.095073 AccTime:33.470985
#IT Ite:349 KerTime:0.095535 AccTime:33.566520
#IT Ite:350 KerTime:0.095503 AccTime:33.662023
#IT Ite:351 KerTime:0.095102 AccTime:33.757125
#IT Ite:352 KerTime:0.095524 AccTime:33.852649
#IT Ite:353 KerTime:0.094871 AccTime:33.947520
#IT Ite:354 KerTime:0.094906 AccTime:34.042426
#IT Ite:355 KerTime:0.094887 AccTime:34.137313
#IT Ite:356 KerTime:0.095118 AccTime:34.232431
#IT Ite:357 KerTime:0.095091 AccTime:34.327522
#ERR image_list_position: [357] boxes: [0]  x_r: 6.7340741157531738e+00 x_e: 6.7152066230773926e+00 x_diff: 1.8867492675781250e-02 y_r: 4.8453807830810547e+00 y_e: 4.9818339347839355e+00 y_diff: 1.3645315170288086e-01 w_r: 2.1324827671051025e+00 w_e: 2.1666510105133057e+00 w_diff: 3.4168243408203125e-02 h_r: 3.4895431995391846e+00 h_e: 3.4377186298370361e+00 h_diff: 5.1824569702148438e-02
#ERR image_list_position: [357] probs: [0,6]  prob_r: 1.0536643676459789e-03 prob_e: 1.1622238671407104e-03
#ERR image_list_position: [357] boxes: [1]  x_r: 1.3960325241088867e+01 x_e: 1.4378087997436523e+01 x_diff: 4.1776275634765625e-01 y_r: 2.9886232376098633e+01 y_e: 3.0373983383178711e+01 y_diff: 4.8775100708007812e-01 w_r: 1.7345726013183594e+01 w_e: 1.7649427413940430e+01 w_diff: 3.0370140075683594e-01 h_r: 2.7334760665893555e+01 h_e: 2.7715122222900391e+01 h_diff: 3.8036155700683594e-01
#ERR image_list_position: [357] boxes: [2]  x_r: 4.8008293151855469e+01 x_e: 4.8073413848876953e+01 x_diff: 6.5120697021484375e-02 y_r: 2.4146144866943359e+01 y_e: 2.4122732162475586e+01 y_diff: 2.3412704467773438e-02 w_r: 3.0537418365478516e+01 w_e: 3.1145891189575195e+01 w_diff: 6.0847282409667969e-01 h_r: 2.1188241958618164e+01 h_e: 2.1730648040771484e+01 h_diff: 5.4240608215332031e-01
#ERR image_list_position: [357] boxes: [3]  x_r: 1.3614730834960938e+02 x_e: 1.3637792968750000e+02 x_diff: 2.3062133789062500e-01 y_r: 2.9640089035034180e+01 y_e: 2.9825012207031250e+01 y_diff: 1.8492317199707031e-01 w_r: 7.5576622009277344e+01 w_e: 7.7294670104980469e+01 w_diff: 1.7180480957031250e+00 h_r: 2.1484815597534180e+01 h_e: 2.1398117065429688e+01 h_diff: 8.6698532104492188e-02
#ERR image_list_position: [357] boxes: [4]  x_r: 1.1435996246337891e+02 x_e: 1.1441494750976562e+02 x_diff: 5.4985046386718750e-02 y_r: 1.2913105964660645e+01 y_e: 1.3102327346801758e+01 y_diff: 1.8922138214111328e-01 w_r: 3.2169269561767578e+01 w_e: 3.1883808135986328e+01 w_diff: 2.8546142578125000e-01 h_r: 1.1284682273864746e+01 h_e: 1.1423478126525879e+01 h_diff: 1.3879585266113281e-01
#ERR image_list_position: [357] boxes: [5]  x_r: 1.0095689392089844e+02 x_e: 1.0094212341308594e+02 x_diff: 1.4770507812500000e-02 y_r: 4.8419079780578613e+00 y_e: 4.8634591102600098e+00 y_diff: 2.1551132202148438e-02 w_r: 7.3587036132812500e+00 w_e: 7.3580551147460938e+00 w_diff: 6.4849853515625000e-04 h_r: 1.6097965240478516e+00 h_e: 1.5392717123031616e+00 h_diff: 7.0524811744689941e-02
#ERR image_list_position: [357] boxes: [6]  x_r: 2.0530744934082031e+02 x_e: 2.0542912292480469e+02 x_diff: 1.2167358398437500e-01 y_r: 1.2318806648254395e+01 y_e: 1.2341601371765137e+01 y_diff: 2.2794723510742188e-02 w_r: 3.1401996612548828e+01 w_e: 3.1309658050537109e+01 w_diff: 9.2338562011718750e-02 h_r: 1.1190002441406250e+01 h_e: 1.1300416946411133e+01 h_diff: 1.1041450500488281e-01
#ERR image_list_position: [357] boxes: [7]  x_r: 2.2196696472167969e+02 x_e: 2.2223962402343750e+02 x_diff: 2.7265930175781250e-01 y_r: 2.8811733245849609e+01 y_e: 2.8933008193969727e+01 y_diff: 1.2127494812011719e-01 w_r: 7.1953285217285156e+01 w_e: 7.1646316528320312e+01 w_diff: 3.0696868896484375e-01 h_r: 2.3462345123291016e+01 h_e: 2.3018808364868164e+01 h_diff: 4.4353675842285156e-01
#ERR image_list_position: [357] boxes: [8]  x_r: 1.8492820739746094e+02 x_e: 1.8491099548339844e+02 x_diff: 1.7211914062500000e-02 y_r: 4.2199641466140747e-01 y_e: 4.4081223011016846e-01 y_diff: 1.8815815448760986e-02 w_r: 5.4419237375259399e-01 w_e: 4.7180783748626709e-01 w_diff: 7.2384536266326904e-02 h_r: 8.4932875633239746e-01 h_e: 8.4637379646301270e-01 h_diff: 2.9549598693847656e-03
#ERR image_list_position: [357] boxes: [9]  x_r: 2.7937255859375000e+02 x_e: 2.7939474487304688e+02 x_diff: 2.2186279296875000e-02 y_r: 1.6397840976715088e+00 y_e: 1.4703348875045776e+00 y_diff: 1.6944921016693115e-01 w_r: 7.5316095352172852e+00 w_e: 7.5670557022094727e+00 w_diff: 3.5446166992187500e-02 h_r: 1.6956414282321930e-01 h_e: 1.9320443272590637e-01 h_diff: 2.3640289902687073e-02
#ERR image_list_position: [357] boxes: [10]  x_r: 3.1452658081054688e+02 x_e: 3.1475408935546875e+02 x_diff: 2.2750854492187500e-01 y_r: 2.3846982955932617e+01 y_e: 2.4000829696655273e+01 y_diff: 1.5384674072265625e-01 w_r: 1.0664868927001953e+02 w_e: 1.0681317901611328e+02 w_diff: 1.6448974609375000e-01 h_r: 3.2154163360595703e+01 h_e: 3.2550254821777344e+01 h_diff: 3.9609146118164062e-01
#ERR image_list_position: [357] boxes: [11]  x_r: 3.0315206909179688e+02 x_e: 3.0324362182617188e+02 x_diff: 9.1552734375000000e-02 y_r: 1.0613249778747559e+01 y_e: 1.0670193672180176e+01 y_diff: 5.6943893432617188e-02 w_r: 3.2689495086669922e+01 w_e: 3.2954677581787109e+01 w_diff: 2.6518249511718750e-01 h_r: 1.2077093124389648e+01 h_e: 1.2705711364746094e+01 h_diff: 6.2861824035644531e-01
#ERR image_list_position: [357] boxes: [12]  x_r: 3.7728475952148438e+02 x_e: 3.7709866333007812e+02 x_diff: 1.8609619140625000e-01 y_r: 1.8218125104904175e+00 y_e: 1.8139703273773193e+00 y_diff: 7.8421831130981445e-03 w_r: 3.9831979274749756e+00 w_e: 3.7878775596618652e+00 w_diff: 1.9532036781311035e-01 h_r: 3.0222722887992859e-01 h_e: 3.4121015667915344e-01 h_diff: 3.8982927799224854e-02
#ERR image_list_position: [357] boxes: [13]  x_r: 4.0621893310546875e+02 x_e: 4.0638449096679688e+02 x_diff: 1.6555786132812500e-01 y_r: 2.9884485244750977e+01 y_e: 2.9922628402709961e+01 y_diff: 3.8143157958984375e-02 w_r: 9.0596466064453125e+01 w_e: 9.1586776733398438e+01 w_diff: 9.9031066894531250e-01 h_r: 3.4079425811767578e+01 h_e: 3.4825824737548828e+01 h_diff: 7.4639892578125000e-01
#ERR image_list_position: [357] boxes: [14]  x_r: 3.8709011840820312e+02 x_e: 3.8710632324218750e+02 x_diff: 1.6204833984375000e-02 y_r: 6.1846933364868164e+00 y_e: 6.1834869384765625e+00 y_diff: 1.2063980102539062e-03 w_r: 2.9610895156860352e+01 w_e: 2.9955156326293945e+01 w_diff: 3.4426116943359375e-01 h_r: 8.8916854858398438e+00 h_e: 9.0873785018920898e+00 h_diff: 1.9569301605224609e-01
#ERR image_list_position: [357] boxes: [15]  x_r: 4.6239398193359375e+02 x_e: 4.6240057373046875e+02 x_diff: 6.5917968750000000e-03 y_r: 9.5442754030227661e-01 y_e: 1.1188536882400513e+00 y_diff: 1.6442614793777466e-01 w_r: 9.1548614203929901e-02 w_e: 1.3757608830928802e-01 w_diff: 4.6027474105358124e-02 h_r: 2.5366660952568054e-01 h_e: 2.0379714667797089e-01 h_diff: 4.9869462847709656e-02
#ERR image_list_position: [357] boxes: [16]  x_r: 4.7813201904296875e+02 x_e: 4.7821456909179688e+02 x_diff: 8.2550048828125000e-02 y_r: 1.2301765441894531e+01 y_e: 1.2397771835327148e+01 y_diff: 9.6006393432617188e-02 w_r: 2.9393413543701172e+01 w_e: 3.0094743728637695e+01 w_diff: 7.0133018493652344e-01 h_r: 1.5628080368041992e+01 h_e: 1.5656878471374512e+01 h_diff: 2.8798103332519531e-02
#ERR image_list_position: [357] boxes: [17]  x_r: 5.0100143432617188e+02 x_e: 5.0096887207031250e+02 x_diff: 3.2562255859375000e-02 y_r: 2.8082223892211914e+01 y_e: 2.8013557434082031e+01 y_diff: 6.8666458129882812e-02 w_r: 8.8445144653320312e+01 w_e: 8.9944419860839844e+01 w_diff: 1.4992752075195312e+00 h_r: 3.2527030944824219e+01 h_e: 3.2215347290039062e+01 h_diff: 3.1168365478515625e-01
#ERR image_list_position: [357] boxes: [18]  x_r: 5.5445275878906250e+02 x_e: 5.5459149169921875e+02 x_diff: 1.3873291015625000e-01 y_r: 2.1539409160614014e+00 y_e: 2.1795744895935059e+00 y_diff: 2.5633573532104492e-02 w_r: 4.1921815872192383e+00 w_e: 4.3717007637023926e+00 w_diff: 1.7951917648315430e-01 h_r: 2.7037554979324341e-01 h_e: 2.5102084875106812e-01 h_diff: 1.9354701042175293e-02
#ERR image_list_position: [357] boxes: [19]  x_r: 5.9342846679687500e+02 x_e: 5.9372448730468750e+02 x_diff: 2.9602050781250000e-01 y_r: 2.6844257354736328e+01 y_e: 2.6628547668457031e+01 y_diff: 2.1570968627929688e-01 w_r: 4.9486385345458984e+01 w_e: 4.9651885986328125e+01 w_diff: 1.6550064086914062e-01 h_r: 2.2614500045776367e+01 h_e: 2.2491783142089844e+01 h_diff: 1.2271690368652344e-01
#ERR image_list_position: [357] boxes: [20]  x_r: 5.7185906982421875e+02 x_e: 5.7222619628906250e+02 x_diff: 3.6712646484375000e-01 y_r: 1.1292290687561035e+01 y_e: 1.1294428825378418e+01 y_diff: 2.1381378173828125e-03 w_r: 1.4738474845886230e+01 w_e: 1.5029405593872070e+01 w_diff: 2.9093074798583984e-01 h_r: 1.3664489746093750e+01 h_e: 1.3736280441284180e+01 h_diff: 7.1790695190429688e-02
#ERR image_list_position: [357] boxes: [21]  x_r: 1.1823119163513184e+01 x_e: 1.1712740898132324e+01 x_diff: 1.1037826538085938e-01 y_r: 1.0389859771728516e+02 y_e: 1.0418634796142578e+02 y_diff: 2.8775024414062500e-01 w_r: 1.7741973876953125e+01 w_e: 1.8668111801147461e+01 w_diff: 9.2613792419433594e-01 h_r: 3.6037277221679688e+01 h_e: 3.5745815277099609e+01 h_diff: 2.9146194458007812e-01
#ERR image_list_position: [357] boxes: [22]  x_r: 5.4130527496337891e+01 x_e: 5.4378952026367188e+01 x_diff: 2.4842453002929688e-01 y_r: 1.0409535980224609e+02 y_e: 1.0442602539062500e+02 y_diff: 3.3066558837890625e-01 w_r: 4.3651969909667969e+01 w_e: 4.3826950073242188e+01 w_diff: 1.7498016357421875e-01 h_r: 3.9977008819580078e+01 h_e: 3.9628711700439453e+01 h_diff: 3.4829711914062500e-01
#ERR image_list_position: [357] boxes: [23]  x_r: 1.0064885139465332e+01 x_e: 9.9710388183593750e+00 x_diff: 9.3846321105957031e-02 y_r: 9.2324409484863281e+01 y_e: 9.2402198791503906e+01 y_diff: 7.7789306640625000e-02 w_r: 8.3193759918212891e+00 w_e: 8.4831390380859375e+00 w_diff: 1.6376304626464844e-01 h_r: 1.5681825637817383e+01 h_e: 1.5723572731018066e+01 h_diff: 4.1747093200683594e-02
#ERR image_list_position: [357] boxes: [24]  x_r: 9.3327323913574219e+01 x_e: 9.3217430114746094e+01 x_diff: 1.0989379882812500e-01 y_r: 6.7462799072265625e+01 y_e: 6.7363006591796875e+01 y_diff: 9.9792480468750000e-02 w_r: 1.9238576292991638e-01 w_e: 1.3321766257286072e-01 w_diff: 5.9168100357055664e-02 h_r: 8.6179032921791077e-02 h_e: 8.2299835979938507e-02 h_diff: 3.8791969418525696e-03
#ERR image_list_position: [357] boxes: [25]  x_r: 1.0268259429931641e+02 x_e: 1.0249727630615234e+02 x_diff: 1.8531799316406250e-01 y_r: 9.2553459167480469e+01 y_e: 9.2712745666503906e+01 y_diff: 1.5928649902343750e-01 w_r: 2.0337068557739258e+01 w_e: 2.1135440826416016e+01 w_diff: 7.9837226867675781e-01 h_r: 1.3475469589233398e+01 h_e: 1.3893854141235352e+01 h_diff: 4.1838455200195312e-01
#ERR image_list_position: [357] boxes: [26]  x_r: 1.3601458740234375e+02 x_e: 1.3613220214843750e+02 x_diff: 1.1761474609375000e-01 y_r: 1.0156772613525391e+02 y_e: 1.0137258911132812e+02 y_diff: 1.9513702392578125e-01 w_r: 6.7005767822265625e+01 w_e: 6.7158119201660156e+01 w_diff: 1.5235137939453125e-01 h_r: 5.2502864837646484e+01 h_e: 5.1483135223388672e+01 h_diff: 1.0197296142578125e+00
#ERR image_list_position: [357] probs: [26,5]  prob_r: 2.1210182458162308e-03 prob_e: 1.8424721201881766e-03
#ERR image_list_position: [357] probs: [26,6]  prob_r: 3.5350592806935310e-03 prob_e: 3.1242037657648325e-03
#ERR image_list_position: [357] probs: [26,14]  prob_r: 2.3493401240557432e-03 prob_e: 2.0823441445827484e-03
#ERR image_list_position: [357] boxes: [27]  x_r: 1.9932611083984375e+02 x_e: 1.9946690368652344e+02 x_diff: 1.4079284667968750e-01 y_r: 9.5685478210449219e+01 y_e: 9.5791358947753906e+01 y_diff: 1.0588073730468750e-01 w_r: 1.5094931602478027e+01 w_e: 1.5531424522399902e+01 w_diff: 4.3649291992187500e-01 h_r: 1.2730543136596680e+01 h_e: 1.3254342079162598e+01 h_diff: 5.2379894256591797e-01
#ERR image_list_position: [357] boxes: [28]  x_r: 1.8506446838378906e+02 x_e: 1.8511671447753906e+02 x_diff: 5.2246093750000000e-02 y_r: 6.8189308166503906e+01 y_e: 6.8307479858398438e+01 y_diff: 1.1817169189453125e-01 w_r: 1.0961998999118805e-01 w_e: 1.3500773906707764e-01 w_diff: 2.5387749075889587e-02 h_r: 2.7880007401108742e-02 h_e: 1.7403215169906616e-02 h_diff: 1.0476792231202126e-02
#ERR image_list_position: [357] boxes: [29]  x_r: 2.2414172363281250e+02 x_e: 2.2453160095214844e+02 x_diff: 3.8987731933593750e-01 y_r: 1.0562243652343750e+02 y_e: 1.0577873229980469e+02 y_diff: 1.5629577636718750e-01 w_r: 8.7214935302734375e+01 w_e: 8.5891464233398438e+01 w_diff: 1.3234710693359375e+00 h_r: 6.3058368682861328e+01 h_e: 6.3088195800781250e+01 h_diff: 2.9827117919921875e-02
#ERR image_list_position: [357] boxes: [30]  x_r: 2.9724429321289062e+02 x_e: 2.9746655273437500e+02 x_diff: 2.2225952148437500e-01 y_r: 9.7620193481445312e+01 y_e: 9.7812782287597656e+01 y_diff: 1.9258880615234375e-01 w_r: 2.9804052352905273e+01 w_e: 3.0392635345458984e+01 w_diff: 5.8858299255371094e-01 h_r: 2.2127059936523438e+01 h_e: 2.2052125930786133e+01 h_diff: 7.4934005737304688e-02
#ERR image_list_position: [357] boxes: [31]  x_r: 3.2188650512695312e+02 x_e: 3.2248022460937500e+02 x_diff: 5.9371948242187500e-01 y_r: 1.0900350952148438e+02 y_e: 1.0906478118896484e+02 y_diff: 6.1271667480468750e-02 w_r: 1.1982089233398438e+02 w_e: 1.2014313507080078e+02 w_diff: 3.2224273681640625e-01 h_r: 7.5906944274902344e+01 h_e: 7.5772682189941406e+01 h_diff: 1.3426208496093750e-01
#ERR image_list_position: [357] boxes: [32]  x_r: 2.7404736328125000e+02 x_e: 2.7415573120117188e+02 x_diff: 1.0836791992187500e-01 y_r: 6.6605232238769531e+01 y_e: 6.6416030883789062e+01 y_diff: 1.8920135498046875e-01 w_r: 1.4201987069100142e-03 w_e: 5.2057980792596936e-04 w_diff: 8.9961889898404479e-04 h_r: 2.6707272976636887e-02 h_e: 1.7228491604328156e-02 h_diff: 9.4787813723087311e-03
#ERR image_list_position: [357] boxes: [33]  x_r: 3.7615417480468750e+02 x_e: 3.7589071655273438e+02 x_diff: 2.6345825195312500e-01 y_r: 9.4805419921875000e+01 y_e: 9.4927574157714844e+01 y_diff: 1.2215423583984375e-01 w_r: 1.6330606460571289e+01 w_e: 1.6898845672607422e+01 w_diff: 5.6823921203613281e-01 h_r: 1.3914647102355957e+01 h_e: 1.3925848007202148e+01 h_diff: 1.1200904846191406e-02
#ERR image_list_position: [357] boxes: [34]  x_r: 3.6586279296875000e+02 x_e: 3.6584204101562500e+02 x_diff: 2.0751953125000000e-02 y_r: 6.8193595886230469e+01 y_e: 6.8309989929199219e+01 y_diff: 1.1639404296875000e-01 w_r: 8.6479233577847481e-03 w_e: 2.7317032217979431e-03 w_diff: 5.9162201359868050e-03 h_r: 1.6187399625778198e-01 h_e: 2.0634149014949799e-01 h_diff: 4.4467493891716003e-02
#ERR image_list_position: [357] boxes: [35]  x_r: 4.1520452880859375e+02 x_e: 4.1560836791992188e+02 x_diff: 4.0383911132812500e-01 y_r: 1.0708005523681641e+02 y_e: 1.0734464263916016e+02 y_diff: 2.6458740234375000e-01 w_r: 1.4069821166992188e+02 w_e: 1.4348220825195312e+02 w_diff: 2.7839965820312500e+00 h_r: 8.4174079895019531e+01 h_e: 8.5911857604980469e+01 h_diff: 1.7377777099609375e+00
#ERR image_list_position: [357] boxes: [36]  x_r: 4.5921777343750000e+02 x_e: 4.5929519653320312e+02 x_diff: 7.7423095703125000e-02 y_r: 6.7103378295898438e+01 y_e: 6.7109252929687500e+01 y_diff: 5.8746337890625000e-03 w_r: 1.4584496617317200e-02 w_e: 3.8067784160375595e-02 w_diff: 2.3483287543058395e-02 h_r: 2.9765522480010986e-01 h_e: 2.8461673855781555e-01 h_diff: 1.3038486242294312e-02
#ERR image_list_position: [357] boxes: [37]  x_r: 4.7084887695312500e+02 x_e: 4.7104409790039062e+02 x_diff: 1.9522094726562500e-01 y_r: 9.1045967102050781e+01 y_e: 9.1306488037109375e+01 y_diff: 2.6052093505859375e-01 w_r: 1.4887537956237793e+01 w_e: 1.4351675987243652e+01 w_diff: 5.3586196899414062e-01 h_r: 1.2081748008728027e+01 h_e: 1.2636286735534668e+01 h_diff: 5.5453872680664062e-01
#ERR image_list_position: [357] boxes: [38]  x_r: 4.9802728271484375e+02 x_e: 4.9757495117187500e+02 x_diff: 4.5233154296875000e-01 y_r: 1.0843498229980469e+02 y_e: 1.0876568603515625e+02 y_diff: 3.3070373535156250e-01 w_r: 1.0584283447265625e+02 w_e: 1.0654635620117188e+02 w_diff: 7.0352172851562500e-01 h_r: 6.7825088500976562e+01 h_e: 6.7869918823242188e+01 h_diff: 4.4830322265625000e-02
#ERR image_list_position: [357] boxes: [39]  x_r: 5.5180468750000000e+02 x_e: 5.5208459472656250e+02 x_diff: 2.7990722656250000e-01 y_r: 7.0289604187011719e+01 y_e: 7.0141426086425781e+01 y_diff: 1.4817810058593750e-01 w_r: 5.8815795183181763e-01 w_e: 4.3116241693496704e-01 w_diff: 1.5699553489685059e-01 h_r: 1.5905392169952393e+00 h_e: 1.5700094699859619e+00 h_diff: 2.0529747009277344e-02
#ERR image_list_position: [357] boxes: [40]  x_r: 5.9687518310546875e+02 x_e: 5.9691406250000000e+02 x_diff: 3.8879394531250000e-02 y_r: 9.6464820861816406e+01 y_e: 9.6436866760253906e+01 y_diff: 2.7954101562500000e-02 w_r: 8.0483093261718750e+00 w_e: 8.0150804519653320e+00 w_diff: 3.3228874206542969e-02 h_r: 1.4665065765380859e+01 h_e: 1.5009433746337891e+01 h_diff: 3.4436798095703125e-01
#ERR image_list_position: [357] boxes: [41]  x_r: 5.9037921142578125e+02 x_e: 5.9023107910156250e+02 x_diff: 1.4813232421875000e-01 y_r: 1.0845198822021484e+02 y_e: 1.0868256378173828e+02 y_diff: 2.3057556152343750e-01 w_r: 4.7182712554931641e+01 w_e: 4.8055023193359375e+01 w_diff: 8.7231063842773438e-01 h_r: 7.0440925598144531e+01 h_e: 7.0929794311523438e+01 h_diff: 4.8886871337890625e-01
#ERR image_list_position: [357] boxes: [42]  x_r: 1.7240362167358398e+01 x_e: 1.7477008819580078e+01 x_diff: 2.3664665222167969e-01 y_r: 1.9039218139648438e+02 y_e: 1.9085597229003906e+02 y_diff: 4.6379089355468750e-01 w_r: 2.4257179260253906e+01 w_e: 2.3920972824096680e+01 w_diff: 3.3620643615722656e-01 h_r: 3.5416374206542969e+01 h_e: 3.5254013061523438e+01 h_diff: 1.6236114501953125e-01
#ERR image_list_position: [357] probs: [42,5]  prob_r: 4.8826592974364758e-03 prob_e: 5.1664672791957855e-03
#ERR image_list_position: [357] probs: [42,6]  prob_r: 1.0703763924539089e-02 prob_e: 1.1464914306998253e-02
#ERR image_list_position: [357] probs: [42,14]  prob_r: 1.1577387340366840e-03 prob_e: 1.1560538550838828e-03
#ERR image_list_position: [357] boxes: [43]  x_r: 3.0560803413391113e+00 x_e: 3.1176128387451172e+00 x_diff: 6.1532497406005859e-02 y_r: 1.4271058654785156e+02 y_e: 1.4253648376464844e+02 y_diff: 1.7410278320312500e-01 w_r: 5.5708658695220947e-01 w_e: 5.3155070543289185e-01 w_diff: 2.5535881519317627e-02 h_r: 9.0623359680175781e+00 h_e: 8.9950084686279297e+00 h_diff: 6.7327499389648438e-02
#ERR image_list_position: [357] boxes: [44]  x_r: 5.0430980682373047e+01 x_e: 5.0656497955322266e+01 x_diff: 2.2551727294921875e-01 y_r: 1.9621478271484375e+02 y_e: 1.9697523498535156e+02 y_diff: 7.6045227050781250e-01 w_r: 4.3204982757568359e+01 w_e: 4.3411884307861328e+01 w_diff: 2.0690155029296875e-01 h_r: 4.4589622497558594e+01 h_e: 4.4470420837402344e+01 h_diff: 1.1920166015625000e-01
#ERR image_list_position: [357] probs: [44,5]  prob_r: 3.2083461992442608e-03 prob_e: 3.0367353465408087e-03
#ERR image_list_position: [357] probs: [44,6]  prob_r: 7.0333355106413364e-03 prob_e: 6.7388238385319710e-03
#ERR image_list_position: [357] boxes: [45]  x_r: 1.1265253448486328e+02 x_e: 1.1269918060302734e+02 x_diff: 4.6646118164062500e-02 y_r: 1.9049559020996094e+02 y_e: 1.9089276123046875e+02 y_diff: 3.9717102050781250e-01 w_r: 2.6405668258666992e+01 w_e: 2.7153047561645508e+01 w_diff: 7.4737930297851562e-01 h_r: 1.6764326095581055e+01 h_e: 1.6858610153198242e+01 h_diff: 9.4284057617187500e-02
#ERR image_list_position: [357] probs: [45,5]  prob_r: 4.9603166989982128e-03 prob_e: 5.2938368171453476e-03
#ERR image_list_position: [357] probs: [45,6]  prob_r: 9.9462103098630905e-03 prob_e: 1.0643681511282921e-02
#ERR image_list_position: [357] probs: [45,14]  prob_r: 3.3749390859156847e-03 prob_e: 3.5472488962113857e-03
#ERR image_list_position: [357] boxes: [46]  x_r: 1.4320899963378906e+02 x_e: 1.4339070129394531e+02 x_diff: 1.8170166015625000e-01 y_r: 1.9129791259765625e+02 y_e: 1.9166442871093750e+02 y_diff: 3.6651611328125000e-01 w_r: 5.8573444366455078e+01 w_e: 5.9772132873535156e+01 w_diff: 1.1986885070800781e+00 h_r: 5.2175868988037109e+01 h_e: 5.2329620361328125e+01 h_diff: 1.5375137329101562e-01
#ERR image_list_position: [357] boxes: [47]  x_r: 9.5759849548339844e+01 x_e: 9.5957633972167969e+01 x_diff: 1.9778442382812500e-01 y_r: 1.3847206115722656e+02 y_e: 1.3848841857910156e+02 y_diff: 1.6357421875000000e-02 w_r: 5.0937163829803467e-01 w_e: 3.7397852540016174e-01 w_diff: 1.3539311289787292e-01 h_r: 3.4413132071495056e-01 h_e: 3.6028733849525452e-01 h_diff: 1.6156017780303955e-02
#ERR image_list_position: [357] probs: [47,6]  prob_r: 1.1503312271088362e-03 prob_e: 0.0000000000000000e+00
#ERR image_list_position: [357] boxes: [48]  x_r: 1.8359973144531250e+02 x_e: 1.8343338012695312e+02 x_diff: 1.6635131835937500e-01 y_r: 1.3841453552246094e+02 y_e: 1.3824090576171875e+02 y_diff: 1.7362976074218750e-01 w_r: 9.4851899147033691e-01 w_e: 9.5639210939407349e-01 w_diff: 7.8731179237365723e-03 h_r: 4.9158722162246704e-01 h_e: 5.2884685993194580e-01 h_diff: 3.7259638309478760e-02
#ERR image_list_position: [357] boxes: [49]  x_r: 2.0300170898437500e+02 x_e: 2.0322647094726562e+02 x_diff: 2.2476196289062500e-01 y_r: 1.8559519958496094e+02 y_e: 1.8581794738769531e+02 y_diff: 2.2274780273437500e-01 w_r: 3.9151626586914062e+01 w_e: 4.0070671081542969e+01 w_diff: 9.1904449462890625e-01 h_r: 3.1517509460449219e+01 h_e: 3.1300806045532227e+01 h_diff: 2.1670341491699219e-01
#ERR image_list_position: [357] probs: [49,5]  prob_r: 2.0292892586439848e-03 prob_e: 1.3057776959612966e-03
#ERR image_list_position: [357] probs: [49,6]  prob_r: 1.9794872496277094e-03 prob_e: 1.2862524017691612e-03
#ERR image_list_position: [357] probs: [49,14]  prob_r: 2.1366858854889870e-03 prob_e: 1.3893627328798175e-03
#ERR image_list_position: [357] boxes: [50]  x_r: 2.4045617675781250e+02 x_e: 2.4059817504882812e+02 x_diff: 1.4199829101562500e-01 y_r: 1.7991101074218750e+02 y_e: 1.8018135070800781e+02 y_diff: 2.7033996582031250e-01 w_r: 8.1259338378906250e+01 w_e: 8.0495018005371094e+01 w_diff: 7.6432037353515625e-01 h_r: 7.2884552001953125e+01 h_e: 7.0420883178710938e+01 h_diff: 2.4636688232421875e+00
#ERR image_list_position: [357] boxes: [51]  x_r: 3.1454922485351562e+02 x_e: 3.1486813354492188e+02 x_diff: 3.1890869140625000e-01 y_r: 1.7882751464843750e+02 y_e: 1.7926356506347656e+02 y_diff: 4.3605041503906250e-01 w_r: 4.2262702941894531e+01 w_e: 4.2160228729248047e+01 w_diff: 1.0247421264648438e-01 h_r: 4.8807907104492188e+01 h_e: 4.7804550170898438e+01 h_diff: 1.0033569335937500e+00
#ERR image_list_position: [357] boxes: [52]  x_r: 2.8350311279296875e+02 x_e: 2.8396188354492188e+02 x_diff: 4.5877075195312500e-01 y_r: 1.5010711669921875e+02 y_e: 1.5031547546386719e+02 y_diff: 2.0835876464843750e-01 w_r: 1.0915072441101074e+01 w_e: 1.0987350463867188e+01 w_diff: 7.2278022766113281e-02 h_r: 1.2866054534912109e+01 h_e: 1.3345796585083008e+01 h_diff: 4.7974205017089844e-01
#ERR image_list_position: [357] boxes: [53]  x_r: 3.1981823730468750e+02 x_e: 3.1966064453125000e+02 x_diff: 1.5759277343750000e-01 y_r: 1.8622988891601562e+02 y_e: 1.8666296386718750e+02 y_diff: 4.3307495117187500e-01 w_r: 2.2146748352050781e+02 w_e: 2.2425920104980469e+02 w_diff: 2.7917175292968750e+00 h_r: 1.7597122192382812e+02 h_e: 1.7641676330566406e+02 h_diff: 4.4554138183593750e-01
#ERR image_list_position: [357] probs: [53,2]  prob_r: 1.2545296922326088e-03 prob_e: 1.1884899577125907e-03
#ERR image_list_position: [357] probs: [53,5]  prob_r: 1.5027442947030067e-02 prob_e: 1.3089707121253014e-02
#ERR image_list_position: [357] probs: [53,6]  prob_r: 2.7047938201576471e-03 prob_e: 2.4209290277212858e-03
#ERR image_list_position: [357] probs: [53,14]  prob_r: 4.7513949684798717e-03 prob_e: 4.3624383397400379e-03
#ERR image_list_position: [357] probs: [53,18]  prob_r: 1.5548531664535403e-03 prob_e: 1.3004698557779193e-03
#ERR image_list_position: [357] boxes: [54]  x_r: 4.2224731445312500e+02 x_e: 4.2267596435546875e+02 x_diff: 4.2864990234375000e-01 y_r: 1.9283639526367188e+02 y_e: 1.9306457519531250e+02 y_diff: 2.2817993164062500e-01 w_r: 2.8065270996093750e+02 w_e: 2.8292687988281250e+02 w_diff: 2.2741699218750000e+00 h_r: 2.1133938598632812e+02 h_e: 2.1258886718750000e+02 h_diff: 1.2494812011718750e+00
#ERR image_list_position: [357] boxes: [55]  x_r: 4.0721029663085938e+02 x_e: 4.0725094604492188e+02 x_diff: 4.0649414062500000e-02 y_r: 1.7561900329589844e+02 y_e: 1.7600123596191406e+02 y_diff: 3.8223266601562500e-01 w_r: 4.8971633911132812e+01 w_e: 4.8004203796386719e+01 w_diff: 9.6743011474609375e-01 h_r: 3.9820648193359375e+01 h_e: 4.0074066162109375e+01 h_diff: 2.5341796875000000e-01
#ERR image_list_position: [357] boxes: [56]  x_r: 3.6948504638671875e+02 x_e: 3.6962448120117188e+02 x_diff: 1.3943481445312500e-01 y_r: 1.4266435241699219e+02 y_e: 1.4277375793457031e+02 y_diff: 1.0940551757812500e-01 w_r: 1.5230731666088104e-01 w_e: 1.7779405415058136e-01 w_diff: 2.5486737489700317e-02 h_r: 9.0022063255310059e-01 h_e: 8.0435007810592651e-01 h_diff: 9.5870554447174072e-02
#ERR image_list_position: [357] probs: [56,5]  prob_r: 3.6142575554549694e-03 prob_e: 3.3673578873276711e-03
#ERR image_list_position: [357] boxes: [57]  x_r: 4.6163049316406250e+02 x_e: 4.6167648315429688e+02 x_diff: 4.5989990234375000e-02 y_r: 1.3975244140625000e+02 y_e: 1.3988192749023438e+02 y_diff: 1.2948608398437500e-01 w_r: 4.8816409707069397e-01 w_e: 4.5369330048561096e-01 w_diff: 3.4470796585083008e-02 h_r: 8.6936324834823608e-01 h_e: 9.3081009387969971e-01 h_diff: 6.1446845531463623e-02
#ERR image_list_position: [357] boxes: [58]  x_r: 4.9014343261718750e+02 x_e: 4.8991595458984375e+02 x_diff: 2.2747802734375000e-01 y_r: 1.8178855895996094e+02 y_e: 1.8158021545410156e+02 y_diff: 2.0834350585937500e-01 w_r: 1.5309614562988281e+02 w_e: 1.5477125549316406e+02 w_diff: 1.6751098632812500e+00 h_r: 1.2904672241210938e+02 h_e: 1.3123446655273438e+02 h_diff: 2.1877441406250000e+00
#ERR image_list_position: [357] boxes: [59]  x_r: 4.7802090454101562e+02 x_e: 4.7811700439453125e+02 x_diff: 9.6099853515625000e-02 y_r: 1.7822885131835938e+02 y_e: 1.7827940368652344e+02 y_diff: 5.0552368164062500e-02 w_r: 3.8170326232910156e+01 w_e: 3.7999668121337891e+01 w_diff: 1.7065811157226562e-01 h_r: 2.7615112304687500e+01 h_e: 2.7440961837768555e+01 h_diff: 1.7415046691894531e-01
#ERR image_list_position: [357] boxes: [60]  x_r: 5.8675701904296875e+02 x_e: 5.8708752441406250e+02 x_diff: 3.3050537109375000e-01 y_r: 1.7884922790527344e+02 y_e: 1.7895027160644531e+02 y_diff: 1.0104370117187500e-01 w_r: 5.2311058044433594e+01 w_e: 5.2975875854492188e+01 w_diff: 6.6481781005859375e-01 h_r: 1.0371640014648438e+02 h_e: 1.0367233276367188e+02 h_diff: 4.4067382812500000e-02
#ERR image_list_position: [357] boxes: [61]  x_r: 6.2003002929687500e+02 x_e: 6.1994525146484375e+02 x_diff: 8.4777832031250000e-02 y_r: 1.8332225036621094e+02 y_e: 1.8335510253906250e+02 y_diff: 3.2852172851562500e-02 w_r: 1.6258666992187500e+01 w_e: 1.6118251800537109e+01 w_diff: 1.4041519165039062e-01 h_r: 6.4064720153808594e+01 h_e: 6.2789001464843750e+01 h_diff: 1.2757186889648438e+00
#ERR image_list_position: [357] boxes: [62]  x_r: 5.5890289306640625e+02 x_e: 5.5926165771484375e+02 x_diff: 3.5876464843750000e-01 y_r: 1.6418840026855469e+02 y_e: 1.6443159484863281e+02 y_diff: 2.4319458007812500e-01 w_r: 1.7283357620239258e+01 w_e: 1.7779027938842773e+01 w_diff: 4.9567031860351562e-01 h_r: 1.6315017700195312e+01 h_e: 1.6766920089721680e+01 h_diff: 4.5190238952636719e-01
#ERR image_list_position: [357] boxes: [63]  x_r: 5.0977119445800781e+01 x_e: 5.1099113464355469e+01 x_diff: 1.2199401855468750e-01 y_r: 2.2266908264160156e+02 y_e: 2.2266448974609375e+02 y_diff: 4.5928955078125000e-03 w_r: 4.8860877990722656e+01 w_e: 4.8872421264648438e+01 w_diff: 1.1543273925781250e-02 h_r: 4.4106334686279297e+01 h_e: 4.3379627227783203e+01 h_diff: 7.2670745849609375e-01
#ERR image_list_position: [357] probs: [63,2]  prob_r: 2.9686517082154751e-03 prob_e: 3.1014643609523773e-03
#ERR image_list_position: [357] probs: [63,5]  prob_r: 1.0630422271788120e-02 prob_e: 1.0634989477694035e-02
#ERR image_list_position: [357] probs: [63,6]  prob_r: 9.7407974302768707e-02 prob_e: 9.9484167993068695e-02
#ERR image_list_position: [357] probs: [63,7]  prob_r: 1.4351401478052139e-03 prob_e: 1.6268460312858224e-03
#ERR image_list_position: [357] probs: [63,10]  prob_r: 0.0000000000000000e+00 prob_e: 1.2418401893228292e-03
#ERR image_list_position: [357] probs: [63,18]  prob_r: 3.4614584874361753e-03 prob_e: 3.2182938884943724e-03
#ERR image_list_position: [357] boxes: [64]  x_r: 1.6793205261230469e+01 x_e: 1.6954372406005859e+01 x_diff: 1.6116714477539062e-01 y_r: 2.3160833740234375e+02 y_e: 2.3150433349609375e+02 y_diff: 1.0400390625000000e-01 w_r: 2.8536621093750000e+01 w_e: 2.7952465057373047e+01 w_diff: 5.8415603637695312e-01 h_r: 4.2697799682617188e+01 h_e: 4.2869998931884766e+01 h_diff: 1.7219924926757812e-01
#ERR image_list_position: [357] probs: [64,2]  prob_r: 1.7824318492785096e-03 prob_e: 1.8371687037870288e-03
#ERR image_list_position: [357] probs: [64,5]  prob_r: 6.3826967962086201e-03 prob_e: 6.2996917404234409e-03
#ERR image_list_position: [357] probs: [64,6]  prob_r: 5.8485500514507294e-02 prob_e: 5.8929968625307083e-02
#ERR image_list_position: [357] probs: [64,18]  prob_r: 2.0783219952136278e-03 prob_e: 1.9063731888309121e-03
#ERR image_list_position: [357] boxes: [65]  x_r: 3.5873600006103516e+01 x_e: 3.6154430389404297e+01 x_diff: 2.8083038330078125e-01 y_r: 2.2373030090332031e+02 y_e: 2.2350135803222656e+02 y_diff: 2.2894287109375000e-01 w_r: 3.5643306732177734e+01 w_e: 3.6461498260498047e+01 w_diff: 8.1819152832031250e-01 h_r: 3.0572448730468750e+01 h_e: 2.9723838806152344e+01 h_diff: 8.4860992431640625e-01
#ERR image_list_position: [357] probs: [65,2]  prob_r: 3.7742638960480690e-03 prob_e: 4.0190746076405048e-03
#ERR image_list_position: [357] probs: [65,5]  prob_r: 1.3515232130885124e-02 prob_e: 1.3781495392322540e-02
#ERR image_list_position: [357] probs: [65,6]  prob_r: 1.2384187430143356e-01 prob_e: 1.2891790270805359e-01
#ERR image_list_position: [357] probs: [65,7]  prob_r: 1.8245985265821218e-03 prob_e: 2.1081704180687666e-03
#ERR image_list_position: [357] probs: [65,10]  prob_r: 1.1798667255789042e-03 prob_e: 1.6092553269118071e-03
#ERR image_list_position: [357] probs: [65,18]  prob_r: 4.4008051045238972e-03 prob_e: 4.1704694740474224e-03
#ERR image_list_position: [357] boxes: [66]  x_r: 1.3456982421875000e+02 x_e: 1.3484640502929688e+02 x_diff: 2.7658081054687500e-01 y_r: 2.2693724060058594e+02 y_e: 2.2708052062988281e+02 y_diff: 1.4328002929687500e-01 w_r: 5.1584186553955078e+01 w_e: 5.3307918548583984e+01 w_diff: 1.7237319946289062e+00 h_r: 3.0148885726928711e+01 h_e: 3.0434780120849609e+01 h_diff: 2.8589439392089844e-01
#ERR image_list_position: [357] probs: [66,2]  prob_r: 2.7894184459000826e-03 prob_e: 2.9567740857601166e-03
#ERR image_list_position: [357] probs: [66,5]  prob_r: 1.1154574342072010e-02 prob_e: 1.1095047928392887e-02
#ERR image_list_position: [357] probs: [66,6]  prob_r: 8.4534704685211182e-02 prob_e: 8.6245618760585785e-02
#ERR image_list_position: [357] probs: [66,7]  prob_r: 1.1036655632779002e-03 prob_e: 1.2986276997253299e-03
#ERR image_list_position: [357] probs: [66,10]  prob_r: 1.5001654392108321e-03 prob_e: 1.5718820504844189e-03
#ERR image_list_position: [357] probs: [66,14]  prob_r: 1.8613616004586220e-02 prob_e: 1.8768262118101120e-02
#ERR image_list_position: [357] boxes: [67]  x_r: 9.7113914489746094e+01 x_e: 9.6905845642089844e+01 x_diff: 2.0806884765625000e-01 y_r: 2.1072050476074219e+02 y_e: 2.1059097290039062e+02 y_diff: 1.2953186035156250e-01 w_r: 1.6067422628402710e+00 w_e: 1.6044971942901611e+00 w_diff: 2.2450685501098633e-03 h_r: 6.1280069351196289e+00 h_e: 6.4801573753356934e+00 h_diff: 3.5215044021606445e-01
#ERR image_list_position: [357] boxes: [68]  x_r: 1.5306448364257812e+02 x_e: 1.5340408325195312e+02 x_diff: 3.3959960937500000e-01 y_r: 2.3554002380371094e+02 y_e: 2.3524714660644531e+02 y_diff: 2.9287719726562500e-01 w_r: 6.4773262023925781e+01 w_e: 6.6399108886718750e+01 w_diff: 1.6258468627929688e+00 h_r: 5.8126571655273438e+01 h_e: 5.7290599822998047e+01 h_diff: 8.3597183227539062e-01
#ERR image_list_position: [357] probs: [68,2]  prob_r: 1.0695707052946091e-02 prob_e: 1.1428670957684517e-02
#ERR image_list_position: [357] probs: [68,5]  prob_r: 4.2770940810441971e-02 prob_e: 4.2885132133960724e-02
#ERR image_list_position: [357] probs: [68,6]  prob_r: 3.2413867115974426e-01 prob_e: 3.3336085081100464e-01
#ERR image_list_position: [357] probs: [68,7]  prob_r: 4.2318794876337051e-03 prob_e: 5.0195204094052315e-03
#ERR image_list_position: [357] probs: [68,9]  prob_r: 3.0595420394092798e-03 prob_e: 2.3816113825887442e-03
#ERR image_list_position: [357] probs: [68,10]  prob_r: 5.7522128336131573e-03 prob_e: 6.0757170431315899e-03
#ERR image_list_position: [357] probs: [68,14]  prob_r: 7.1371786296367645e-02 prob_e: 7.2544023394584656e-02
#ERR image_list_position: [357] probs: [68,18]  prob_r: 1.3028003741055727e-03 prob_e: 0.0000000000000000e+00
#ERR image_list_position: [357] boxes: [69]  x_r: 2.2514739990234375e+02 x_e: 2.2548126220703125e+02 x_diff: 3.3386230468750000e-01 y_r: 2.4569998168945312e+02 y_e: 2.4603816223144531e+02 y_diff: 3.3818054199218750e-01 w_r: 2.6759653091430664e+01 w_e: 2.7171419143676758e+01 w_diff: 4.1176605224609375e-01 h_r: 5.3327957153320312e+01 h_e: 5.2717781066894531e+01 h_diff: 6.1017608642578125e-01
#ERR image_list_position: [357] probs: [69,5]  prob_r: 1.3072978472337127e-03 prob_e: 1.1774522718042135e-03
#ERR image_list_position: [357] probs: [69,6]  prob_r: 1.7353689763695002e-03 prob_e: 1.6201355028897524e-03
#ERR image_list_position: [357] probs: [69,14]  prob_r: 3.5700679291039705e-03 prob_e: 3.2886418048292398e-03
#ERR image_list_position: [357] boxes: [70]  x_r: 2.4022560119628906e+02 x_e: 2.4003295898437500e+02 x_diff: 1.9264221191406250e-01 y_r: 2.4788575744628906e+02 y_e: 2.4803871154785156e+02 y_diff: 1.5295410156250000e-01 w_r: 7.9201683044433594e+01 w_e: 7.7907585144042969e+01 w_diff: 1.2940979003906250e+00 h_r: 1.0853878021240234e+02 h_e: 1.0625360107421875e+02 h_diff: 2.2851791381835938e+00
#ERR image_list_position: [357] boxes: [71]  x_r: 1.9589157104492188e+02 x_e: 1.9605438232421875e+02 x_diff: 1.6281127929687500e-01 y_r: 2.4056613159179688e+02 y_e: 2.4067031860351562e+02 y_diff: 1.0418701171875000e-01 w_r: 2.6535675048828125e+01 w_e: 2.7170309066772461e+01 w_diff: 6.3463401794433594e-01 h_r: 3.5147991180419922e+01 h_e: 3.5588424682617188e+01 h_diff: 4.4043350219726562e-01
#ERR image_list_position: [357] probs: [71,5]  prob_r: 7.1075237356126308e-03 prob_e: 7.0323986001312733e-03
#ERR image_list_position: [357] probs: [71,6]  prob_r: 9.4348639249801636e-03 prob_e: 9.6763474866747856e-03
#ERR image_list_position: [357] probs: [71,14]  prob_r: 1.9409764558076859e-02 prob_e: 1.9641593098640442e-02
#ERR image_list_position: [357] boxes: [72]  x_r: 2.9023992919921875e+02 x_e: 2.9013781738281250e+02 x_diff: 1.0211181640625000e-01 y_r: 2.4468911743164062e+02 y_e: 2.4482229614257812e+02 y_diff: 1.3317871093750000e-01 w_r: 3.8673503875732422e+01 w_e: 3.9241020202636719e+01 w_diff: 5.6751632690429688e-01 h_r: 5.2799686431884766e+01 h_e: 5.3574440002441406e+01 h_diff: 7.7475357055664062e-01
#ERR image_list_position: [357] probs: [72,2]  prob_r: 1.1588834458962083e-03 prob_e: 1.2388353934511542e-03
#ERR image_list_position: [357] probs: [72,5]  prob_r: 1.4022873714566231e-02 prob_e: 1.4577855356037617e-02
#ERR image_list_position: [357] probs: [72,6]  prob_r: 1.3833845732733607e-03 prob_e: 1.4223705511540174e-03
#ERR image_list_position: [357] probs: [72,14]  prob_r: 8.6707882583141327e-03 prob_e: 9.0967165306210518e-03
#ERR image_list_position: [357] probs: [72,18]  prob_r: 1.1780183995142579e-03 prob_e: 1.2523771729320288e-03
#ERR image_list_position: [357] boxes: [73]  x_r: 3.3346829223632812e+02 x_e: 3.3379580688476562e+02 x_diff: 3.2751464843750000e-01 y_r: 2.3711990356445312e+02 y_e: 2.3704623413085938e+02 y_diff: 7.3669433593750000e-02 w_r: 2.9729974365234375e+02 w_e: 3.0077136230468750e+02 w_diff: 3.4716186523437500e+00 h_r: 2.1607870483398438e+02 h_e: 2.1800663757324219e+02 h_diff: 1.9279327392578125e+00
#ERR image_list_position: [357] probs: [73,5]  prob_r: 1.2049642391502857e-02 prob_e: 9.5953848212957382e-03
#ERR image_list_position: [357] probs: [73,6]  prob_r: 1.1887213913723826e-03 prob_e: 0.0000000000000000e+00
#ERR image_list_position: [357] probs: [73,14]  prob_r: 7.4506769888103008e-03 prob_e: 5.9876088052988052e-03
#ERR image_list_position: [357] probs: [73,18]  prob_r: 1.0122533421963453e-03 prob_e: 0.0000000000000000e+00
#ERR image_list_position: [357] boxes: [74]  x_r: 3.1609643554687500e+02 x_e: 3.1574417114257812e+02 x_diff: 3.5226440429687500e-01 y_r: 2.4532096862792969e+02 y_e: 2.4531547546386719e+02 y_diff: 5.4931640625000000e-03 w_r: 6.6573616027832031e+01 w_e: 6.7455429077148438e+01 w_diff: 8.8181304931640625e-01 h_r: 8.6558372497558594e+01 h_e: 8.6712043762207031e+01 h_diff: 1.5367126464843750e-01
#ERR image_list_position: [357] boxes: [75]  x_r: 4.2979681396484375e+02 x_e: 4.3000442504882812e+02 x_diff: 2.0761108398437500e-01 y_r: 2.3967532348632812e+02 y_e: 2.3967889404296875e+02 y_diff: 3.5705566406250000e-03 w_r: 1.3939456176757812e+02 w_e: 1.4131463623046875e+02 w_diff: 1.9200744628906250e+00 h_r: 1.2287897491455078e+02 h_e: 1.2458029937744141e+02 h_diff: 1.7013244628906250e+00
#ERR image_list_position: [357] boxes: [76]  x_r: 3.8467468261718750e+02 x_e: 3.8455868530273438e+02 x_diff: 1.1599731445312500e-01 y_r: 2.3301396179199219e+02 y_e: 2.3303805541992188e+02 y_diff: 2.4093627929687500e-02 w_r: 3.6217506408691406e+01 w_e: 3.6695720672607422e+01 w_diff: 4.7821426391601562e-01 h_r: 3.4205516815185547e+01 h_e: 3.3754798889160156e+01 h_diff: 4.5071792602539062e-01
#ERR image_list_position: [357] boxes: [77]  x_r: 4.3048278808593750e+02 x_e: 4.3066824340820312e+02 x_diff: 1.8545532226562500e-01 y_r: 2.3441845703125000e+02 y_e: 2.3425654602050781e+02 y_diff: 1.6191101074218750e-01 w_r: 3.6422579956054688e+02 w_e: 3.7021966552734375e+02 w_diff: 5.9938659667968750e+00 h_r: 2.6257241821289062e+02 h_e: 2.6620443725585938e+02 h_diff: 3.6320190429687500e+00
#ERR image_list_position: [357] probs: [77,2]  prob_r: 4.5408051460981369e-02 prob_e: 4.7702610492706299e-02
#ERR image_list_position: [357] probs: [77,3]  prob_r: 8.4631359204649925e-03 prob_e: 9.4538768753409386e-03
#ERR image_list_position: [357] probs: [77,4]  prob_r: 1.0182383703067899e-03 prob_e: 0.0000000000000000e+00
#ERR image_list_position: [357] probs: [77,5]  prob_r: 4.7753235697746277e-01 prob_e: 4.8621588945388794e-01
#ERR image_list_position: [357] probs: [77,6]  prob_r: 6.4962007105350494e-02 prob_e: 6.5427109599113464e-02
#ERR image_list_position: [357] probs: [77,7]  prob_r: 7.4786376208066940e-03 prob_e: 7.6619395986199379e-03
#ERR image_list_position: [357] probs: [77,8]  prob_r: 4.7507206909358501e-03 prob_e: 2.8692716732621193e-03
#ERR image_list_position: [357] probs: [77,11]  prob_r: 2.4623516947031021e-02 prob_e: 2.3084307089447975e-02
#ERR image_list_position: [357] probs: [77,12]  prob_r: 2.8148744255304337e-02 prob_e: 2.6279035955667496e-02
#ERR image_list_position: [357] probs: [77,13]  prob_r: 1.1553538031876087e-02 prob_e: 1.1392710730433464e-02
#ERR image_list_position: [357] probs: [77,14]  prob_r: 2.8330564498901367e-02 prob_e: 3.0184740200638771e-02
#ERR image_list_position: [357] probs: [77,17]  prob_r: 6.1167366802692413e-03 prob_e: 4.7617647796869278e-03
#ERR image_list_position: [357] probs: [77,18]  prob_r: 7.1263462305068970e-02 prob_e: 7.3974423110485077e-02
#ERR image_list_position: [357] boxes: [78]  x_r: 4.7526119995117188e+02 x_e: 4.7464599609375000e+02 x_diff: 6.1520385742187500e-01 y_r: 2.3736904907226562e+02 y_e: 2.3752980041503906e+02 y_diff: 1.6075134277343750e-01 w_r: 2.2577365112304688e+02 w_e: 2.2661293029785156e+02 w_diff: 8.3927917480468750e-01 h_r: 2.1637039184570312e+02 h_e: 2.1813113403320312e+02 h_diff: 1.7607421875000000e+00
#ERR image_list_position: [357] boxes: [79]  x_r: 4.8683050537109375e+02 x_e: 4.8693469238281250e+02 x_diff: 1.0418701171875000e-01 y_r: 2.3338581848144531e+02 y_e: 2.3338867187500000e+02 y_diff: 2.8533935546875000e-03 w_r: 5.0864471435546875e+01 w_e: 5.0363342285156250e+01 w_diff: 5.0112915039062500e-01 h_r: 5.5566696166992188e+01 h_e: 5.4953216552734375e+01 h_diff: 6.1347961425781250e-01
#ERR image_list_position: [357] boxes: [80]  x_r: 4.6362960815429688e+02 x_e: 4.6404861450195312e+02 x_diff: 4.1900634765625000e-01 y_r: 2.1484159851074219e+02 y_e: 2.1488262939453125e+02 y_diff: 4.1030883789062500e-02 w_r: 9.9614505767822266e+00 w_e: 1.0269033432006836e+01 w_diff: 3.0758285522460938e-01 h_r: 6.4824156761169434e+00 h_e: 6.3124799728393555e+00 h_diff: 1.6993570327758789e-01
#ERR image_list_position: [357] boxes: [81]  x_r: 5.6566455078125000e+02 x_e: 5.6588952636718750e+02 x_diff: 2.2497558593750000e-01 y_r: 2.2849235534667969e+02 y_e: 2.2845564270019531e+02 y_diff: 3.6712646484375000e-02 w_r: 2.2584156036376953e+01 w_e: 2.3060562133789062e+01 w_diff: 4.7640609741210938e-01 h_r: 3.0631809234619141e+01 h_e: 3.0345794677734375e+01 h_diff: 2.8601455688476562e-01
#ERR image_list_position: [357] boxes: [82]  x_r: 5.9146966552734375e+02 x_e: 5.9185955810546875e+02 x_diff: 3.8989257812500000e-01 y_r: 2.3907469177246094e+02 y_e: 2.3906782531738281e+02 y_diff: 6.8664550781250000e-03 w_r: 5.8414028167724609e+01 w_e: 5.8679733276367188e+01 w_diff: 2.6570510864257812e-01 h_r: 1.4991125488281250e+02 h_e: 1.5112091064453125e+02 h_diff: 1.2096557617187500e+00
#ERR image_list_position: [357] probs: [82,5]  prob_r: 1.5415101079270244e-03 prob_e: 1.2052875244989991e-03
#ERR image_list_position: [357] probs: [82,6]  prob_r: 1.8058870919048786e-03 prob_e: 1.4213537797331810e-03
#ERR image_list_position: [357] probs: [82,14]  prob_r: 2.0416947081685066e-03 prob_e: 1.5983111225068569e-03
#ERR image_list_position: [357] boxes: [83]  x_r: 6.3246203613281250e+02 x_e: 6.3269604492187500e+02 x_diff: 2.3400878906250000e-01 y_r: 2.3864613342285156e+02 y_e: 2.3869918823242188e+02 y_diff: 5.3054809570312500e-02 w_r: 1.0659829139709473e+01 w_e: 1.0698758125305176e+01 w_diff: 3.8928985595703125e-02 h_r: 8.1964927673339844e+01 h_e: 8.2599327087402344e+01 h_diff: 6.3439941406250000e-01
#ERR image_list_position: [357] probs: [83,5]  prob_r: 0.0000000000000000e+00 prob_e: 1.1119181290268898e-03
#ERR image_list_position: [357] probs: [83,6]  prob_r: 0.0000000000000000e+00 prob_e: 1.3112465385347605e-03
#ERR image_list_position: [357] probs: [83,14]  prob_r: 1.1211130768060684e-03 prob_e: 1.4744956279173493e-03
#ERR image_list_position: [357] boxes: [84]  x_r: 6.8421149253845215e+00 x_e: 7.0473933219909668e+00 x_diff: 2.0527839660644531e-01 y_r: 3.0166619873046875e+02 y_e: 3.0191107177734375e+02 y_diff: 2.4487304687500000e-01 w_r: 1.1786472320556641e+01 w_e: 1.2481348037719727e+01 w_diff: 6.9487571716308594e-01 h_r: 6.8793098449707031e+01 h_e: 6.9972206115722656e+01 h_diff: 1.1791076660156250e+00
#ERR image_list_position: [357] probs: [84,6]  prob_r: 3.5478749778121710e-03 prob_e: 3.2330946996808052e-03
#ERR image_list_position: [357] probs: [84,14]  prob_r: 1.0261874413117766e-03 prob_e: 0.0000000000000000e+00
#ERR image_list_position: [357] boxes: [85]  x_r: 1.9741788864135742e+01 x_e: 1.9788389205932617e+01 x_diff: 4.6600341796875000e-02 y_r: 3.0235543823242188e+02 y_e: 3.0303546142578125e+02 y_diff: 6.8002319335937500e-01 w_r: 2.4858165740966797e+01 w_e: 2.5252300262451172e+01 w_diff: 3.9413452148437500e-01 h_r: 8.6321243286132812e+01 h_e: 8.7017875671386719e+01 h_diff: 6.9663238525390625e-01
#ERR image_list_position: [357] probs: [85,6]  prob_r: 7.2907865978777409e-03 prob_e: 6.9894208572804928e-03
#ERR image_list_position: [357] probs: [85,14]  prob_r: 2.1087871864438057e-03 prob_e: 1.9838884472846985e-03
#ERR image_list_position: [357] boxes: [86]  x_r: 4.5633411407470703e+01 x_e: 4.5741687774658203e+01 x_diff: 1.0827636718750000e-01 y_r: 3.0582501220703125e+02 y_e: 3.0606872558593750e+02 y_diff: 2.4371337890625000e-01 w_r: 5.3347988128662109e+01 w_e: 5.4277374267578125e+01 w_diff: 9.2938613891601562e-01 h_r: 1.0190273284912109e+02 h_e: 1.0330514526367188e+02 h_diff: 1.4024124145507812e+00
#ERR image_list_position: [357] boxes: [87]  x_r: 1.1100689697265625e+02 x_e: 1.1095438385009766e+02 x_diff: 5.2513122558593750e-02 y_r: 2.8044897460937500e+02 y_e: 2.8035186767578125e+02 y_diff: 9.7106933593750000e-02 w_r: 1.4261692762374878e+00 w_e: 1.5363502502441406e+00 w_diff: 1.1018097400665283e-01 h_r: 5.3795061111450195e+00 h_e: 5.5639367103576660e+00 h_diff: 1.8443059921264648e-01
#ERR image_list_position: [357] boxes: [88]  x_r: 1.1974738311767578e+02 x_e: 1.2001728820800781e+02 x_diff: 2.6990509033203125e-01 y_r: 2.9735363769531250e+02 y_e: 2.9759423828125000e+02 y_diff: 2.4060058593750000e-01 w_r: 3.2629219055175781e+01 w_e: 3.3580123901367188e+01 w_diff: 9.5090484619140625e-01 h_r: 4.2222949981689453e+01 h_e: 4.2792465209960938e+01 h_diff: 5.6951522827148438e-01
#ERR image_list_position: [357] boxes: [89]  x_r: 1.4678501892089844e+02 x_e: 1.4722508239746094e+02 x_diff: 4.4006347656250000e-01 y_r: 2.9478363037109375e+02 y_e: 2.9468350219726562e+02 y_diff: 1.0012817382812500e-01 w_r: 8.7070472717285156e+01 w_e: 8.7139518737792969e+01 w_diff: 6.9046020507812500e-02 h_r: 1.1754346466064453e+02 h_e: 1.1769023132324219e+02 h_diff: 1.4676666259765625e-01
#ERR image_list_position: [357] probs: [89,6]  prob_r: 5.8080460876226425e-03 prob_e: 4.5506292954087257e-03
#ERR image_list_position: [357] probs: [89,14]  prob_r: 3.6078814882785082e-03 prob_e: 2.8058271855115891e-03
#ERR image_list_position: [357] boxes: [90]  x_r: 1.9512837219238281e+02 x_e: 1.9530578613281250e+02 x_diff: 1.7741394042968750e-01 y_r: 2.8884277343750000e+02 y_e: 2.8888595581054688e+02 y_diff: 4.3182373046875000e-02 w_r: 1.3056171417236328e+01 w_e: 1.2724456787109375e+01 w_diff: 3.3171463012695312e-01 h_r: 1.7286447525024414e+01 h_e: 1.7604129791259766e+01 h_diff: 3.1768226623535156e-01
#ERR image_list_position: [357] boxes: [91]  x_r: 2.2720182800292969e+02 x_e: 2.2739677429199219e+02 x_diff: 1.9494628906250000e-01 y_r: 2.8881466674804688e+02 y_e: 2.8872946166992188e+02 y_diff: 8.5205078125000000e-02 w_r: 2.6804151535034180e+01 w_e: 2.7003421783447266e+01 w_diff: 1.9927024841308594e-01 h_r: 5.6148086547851562e+01 h_e: 5.5329360961914062e+01 h_diff: 8.1872558593750000e-01
#ERR image_list_position: [357] probs: [91,6]  prob_r: 2.8058954048901796e-03 prob_e: 3.2053082250058651e-03
#ERR image_list_position: [357] probs: [91,14]  prob_r: 1.0903894901275635e-02 prob_e: 1.1671109125018120e-02
#ERR image_list_position: [357] boxes: [92]  x_r: 2.4610130310058594e+02 x_e: 2.4619729614257812e+02 x_diff: 9.5993041992187500e-02 y_r: 2.9377487182617188e+02 y_e: 2.9398291015625000e+02 y_diff: 2.0803833007812500e-01 w_r: 7.9929611206054688e+01 w_e: 7.9344543457031250e+01 w_diff: 5.8506774902343750e-01 h_r: 1.1462916564941406e+02 h_e: 1.1433626556396484e+02 h_diff: 2.9290008544921875e-01
#ERR image_list_position: [357] boxes: [93]  x_r: 3.1757510375976562e+02 x_e: 3.1727310180664062e+02 x_diff: 3.0200195312500000e-01 y_r: 2.9265582275390625e+02 y_e: 2.9243972778320312e+02 y_diff: 2.1609497070312500e-01 w_r: 5.0029541015625000e+01 w_e: 4.8904335021972656e+01 w_diff: 1.1252059936523438e+00 h_r: 7.2333305358886719e+01 h_e: 7.3705398559570312e+01 h_diff: 1.3720932006835938e+00
#ERR image_list_position: [357] probs: [93,5]  prob_r: 2.2414817940443754e-03 prob_e: 2.3519510868936777e-03
#ERR image_list_position: [357] probs: [93,6]  prob_r: 1.3112199958413839e-03 prob_e: 1.3949509011581540e-03
#ERR image_list_position: [357] probs: [93,14]  prob_r: 7.2724199853837490e-03 prob_e: 7.4122138321399689e-03
#ERR image_list_position: [357] boxes: [94]  x_r: 2.8481680297851562e+02 x_e: 2.8485214233398438e+02 x_diff: 3.5339355468750000e-02 y_r: 2.9221539306640625e+02 y_e: 2.9247238159179688e+02 y_diff: 2.5698852539062500e-01 w_r: 2.4857147216796875e+01 w_e: 2.5354768753051758e+01 w_diff: 4.9762153625488281e-01 h_r: 3.3794445037841797e+01 h_e: 3.4028591156005859e+01 h_diff: 2.3414611816406250e-01
#ERR image_list_position: [357] probs: [94,5]  prob_r: 1.9960524514317513e-03 prob_e: 2.0859211217612028e-03
#ERR image_list_position: [357] probs: [94,6]  prob_r: 1.1676489375531673e-03 prob_e: 1.2371675111353397e-03
#ERR image_list_position: [357] probs: [94,14]  prob_r: 6.4761317335069180e-03 prob_e: 6.5738153643906116e-03
#ERR image_list_position: [357] boxes: [95]  x_r: 3.2273648071289062e+02 x_e: 3.2281991577148438e+02 x_diff: 8.3435058593750000e-02 y_r: 3.0265985107421875e+02 y_e: 3.0279278564453125e+02 y_diff: 1.3293457031250000e-01 w_r: 1.8718853759765625e+02 w_e: 1.8797195434570312e+02 w_diff: 7.8341674804687500e-01 h_r: 1.5175674438476562e+02 h_e: 1.5229180908203125e+02 h_diff: 5.3506469726562500e-01
#ERR image_list_position: [357] probs: [95,5]  prob_r: 2.3356471210718155e-03 prob_e: 2.3039900697767735e-03
#ERR image_list_position: [357] probs: [95,6]  prob_r: 1.3663046993315220e-03 prob_e: 1.3665049336850643e-03
#ERR image_list_position: [357] probs: [95,14]  prob_r: 7.5779361650347710e-03 prob_e: 7.2610629722476006e-03
#ERR image_list_position: [357] boxes: [96]  x_r: 4.1298391723632812e+02 x_e: 4.1338989257812500e+02 x_diff: 4.0597534179687500e-01 y_r: 3.0319036865234375e+02 y_e: 3.0328173828125000e+02 y_diff: 9.1369628906250000e-02 w_r: 6.8231620788574219e+01 w_e: 6.9853668212890625e+01 w_diff: 1.6220474243164062e+00 h_r: 7.0195922851562500e+01 h_e: 7.1151489257812500e+01 h_diff: 9.5556640625000000e-01
#ERR image_list_position: [357] boxes: [97]  x_r: 3.7419662475585938e+02 x_e: 3.7439483642578125e+02 x_diff: 1.9821166992187500e-01 y_r: 2.9184683227539062e+02 y_e: 2.9206726074218750e+02 y_diff: 2.2042846679687500e-01 w_r: 1.5955354690551758e+01 w_e: 1.5597760200500488e+01 w_diff: 3.5759449005126953e-01 h_r: 2.9803827285766602e+01 h_e: 2.9832443237304688e+01 h_diff: 2.8615951538085938e-02
#ERR image_list_position: [357] probs: [97,5]  prob_r: 2.0682751201093197e-03 prob_e: 1.5702517703175545e-03
#ERR image_list_position: [357] probs: [97,6]  prob_r: 1.3470437843352556e-03 prob_e: 1.0191721376031637e-03
#ERR image_list_position: [357] probs: [97,14]  prob_r: 1.6509067500010133e-03 prob_e: 1.2228873092681170e-03
#ERR image_list_position: [357] boxes: [98]  x_r: 4.2285400390625000e+02 x_e: 4.2294992065429688e+02 x_diff: 9.5916748046875000e-02 y_r: 2.9230178833007812e+02 y_e: 2.9199603271484375e+02 y_diff: 3.0575561523437500e-01 w_r: 2.6886791992187500e+02 w_e: 2.6897311401367188e+02 w_diff: 1.0519409179687500e-01 h_r: 1.9075143432617188e+02 h_e: 1.9063638305664062e+02 h_diff: 1.1505126953125000e-01
#ERR image_list_position: [357] boxes: [99]  x_r: 4.8107296752929688e+02 x_e: 4.8105609130859375e+02 x_diff: 1.6876220703125000e-02 y_r: 3.0056011962890625e+02 y_e: 3.0077685546875000e+02 y_diff: 2.1673583984375000e-01 w_r: 4.0704753875732422e+01 w_e: 4.1968585968017578e+01 w_diff: 1.2638320922851562e+00 h_r: 4.9367630004882812e+01 h_e: 4.9808071136474609e+01 h_diff: 4.4044113159179688e-01
#ERR image_list_position: [357] boxes: [100]  x_r: 4.5970416259765625e+02 x_e: 4.6004086303710938e+02 x_diff: 3.3670043945312500e-01 y_r: 2.7792559814453125e+02 y_e: 2.7774063110351562e+02 y_diff: 1.8496704101562500e-01 w_r: 9.3178994953632355e-02 w_e: 4.1938595473766327e-02 w_diff: 5.1240399479866028e-02 h_r: 1.2429506778717041e+00 h_e: 1.1119027137756348e+00 h_diff: 1.3104796409606934e-01
#ERR image_list_position: [357] boxes: [101]  x_r: 4.9686071777343750e+02 x_e: 4.9620407104492188e+02 x_diff: 6.5664672851562500e-01 y_r: 3.0343670654296875e+02 y_e: 3.0352041625976562e+02 y_diff: 8.3709716796875000e-02 w_r: 1.5856230163574219e+02 w_e: 1.6018998718261719e+02 w_diff: 1.6276855468750000e+00 h_r: 1.5346817016601562e+02 h_e: 1.5430065917968750e+02 h_diff: 8.3248901367187500e-01
#ERR image_list_position: [357] probs: [101,5]  prob_r: 3.5100844688713551e-03 prob_e: 3.5085310228168964e-03
#ERR image_list_position: [357] probs: [101,6]  prob_r: 6.7772502079606056e-03 prob_e: 6.7687607370316982e-03
#ERR image_list_position: [357] probs: [101,14]  prob_r: 5.1599247381091118e-03 prob_e: 5.1504513248801231e-03
#ERR image_list_position: [357] boxes: [102]  x_r: 5.9011096191406250e+02 x_e: 5.9026440429687500e+02 x_diff: 1.5344238281250000e-01 y_r: 3.0361010742187500e+02 y_e: 3.0379141235351562e+02 y_diff: 1.8130493164062500e-01 w_r: 6.0927501678466797e+01 w_e: 6.2235088348388672e+01 w_diff: 1.3075866699218750e+00 h_r: 1.3345625305175781e+02 h_e: 1.3618765258789062e+02 h_diff: 2.7313995361328125e+00
#ERR image_list_position: [357] boxes: [103]  x_r: 5.6179669189453125e+02 x_e: 5.6220977783203125e+02 x_diff: 4.1308593750000000e-01 y_r: 2.8970138549804688e+02 y_e: 2.8988436889648438e+02 y_diff: 1.8298339843750000e-01 w_r: 1.6716892242431641e+01 w_e: 1.7311143875122070e+01 w_diff: 5.9425163269042969e-01 h_r: 2.8799350738525391e+01 h_e: 2.8799547195434570e+01 h_diff: 1.9645690917968750e-04
#ERR image_list_position: [357] boxes: [104]  x_r: 6.2794781494140625e+02 x_e: 6.2859588623046875e+02 x_diff: 6.4807128906250000e-01 y_r: 3.0290167236328125e+02 y_e: 3.0307119750976562e+02 y_diff: 1.6952514648437500e-01 w_r: 1.0872604370117188e+01 w_e: 1.1378684043884277e+01 w_diff: 5.0607967376708984e-01 h_r: 1.0377091979980469e+02 h_e: 1.0520280456542969e+02 h_diff: 1.4318847656250000e+00
#ERR image_list_position: [357] boxes: [105]  x_r: 4.7562527656555176e+00 x_e: 5.0204315185546875e+00 x_diff: 2.6417875289916992e-01 y_r: 3.5789843750000000e+02 y_e: 3.5813693237304688e+02 y_diff: 2.3849487304687500e-01 w_r: 9.6921167373657227e+00 w_e: 1.0196593284606934e+01 w_diff: 5.0447654724121094e-01 h_r: 4.7295139312744141e+01 h_e: 4.8528682708740234e+01 h_diff: 1.2335433959960938e+00
#ERR image_list_position: [357] boxes: [106]  x_r: 5.3986316680908203e+01 x_e: 5.4041213989257812e+01 x_diff: 5.4897308349609375e-02 y_r: 3.6857571411132812e+02 y_e: 3.6847158813476562e+02 y_diff: 1.0412597656250000e-01 w_r: 5.4007484436035156e+01 w_e: 5.3943683624267578e+01 w_diff: 6.3800811767578125e-02 h_r: 9.7288322448730469e+01 h_e: 9.7926887512207031e+01 h_diff: 6.3856506347656250e-01
#ERR image_list_position: [357] boxes: [107]  x_r: 1.6722425460815430e+01 x_e: 1.6807523727416992e+01 x_diff: 8.5098266601562500e-02 y_r: 3.6814700317382812e+02 y_e: 3.6811810302734375e+02 y_diff: 2.8900146484375000e-02 w_r: 2.6900665283203125e+01 w_e: 2.6807466506958008e+01 w_diff: 9.3198776245117188e-02 h_r: 7.9524597167968750e+01 h_e: 8.0877143859863281e+01 h_diff: 1.3525466918945312e+00
#ERR image_list_position: [357] probs: [107,6]  prob_r: 3.3033012878149748e-03 prob_e: 2.6805491652339697e-03
#ERR image_list_position: [357] probs: [107,14]  prob_r: 1.6673997743055224e-03 prob_e: 1.3817002763971686e-03
#ERR image_list_position: [357] boxes: [108]  x_r: 1.0474828338623047e+02 x_e: 1.0459255218505859e+02 x_diff: 1.5573120117187500e-01 y_r: 3.6168908691406250e+02 y_e: 3.6179260253906250e+02 y_diff: 1.0351562500000000e-01 w_r: 1.9648658752441406e+01 w_e: 1.9610160827636719e+01 w_diff: 3.8497924804687500e-02 h_r: 3.4419128417968750e+01 h_e: 3.5122688293457031e+01 h_diff: 7.0355987548828125e-01
#ERR image_list_position: [357] boxes: [109]  x_r: 9.4309272766113281e+01 x_e: 9.4127883911132812e+01 x_diff: 1.8138885498046875e-01 y_r: 3.4326977539062500e+02 y_e: 3.4337322998046875e+02 y_diff: 1.0345458984375000e-01 w_r: 4.8782077431678772e-01 w_e: 3.7250182032585144e-01 w_diff: 1.1531895399093628e-01 h_r: 2.4246451854705811e+00 h_e: 2.4289135932922363e+00 h_diff: 4.2684078216552734e-03
#ERR image_list_position: [357] boxes: [110]  x_r: 1.3538145446777344e+02 x_e: 1.3566993713378906e+02 x_diff: 2.8848266601562500e-01 y_r: 3.7010794067382812e+02 y_e: 3.7000570678710938e+02 y_diff: 1.0223388671875000e-01 w_r: 1.0445849609375000e+02 w_e: 1.0450114440917969e+02 w_diff: 4.2648315429687500e-02 h_r: 1.0838001251220703e+02 h_e: 1.0825595855712891e+02 h_diff: 1.2405395507812500e-01
#ERR image_list_position: [357] boxes: [111]  x_r: 2.0274165344238281e+02 x_e: 2.0283197021484375e+02 x_diff: 9.0316772460937500e-02 y_r: 3.6261535644531250e+02 y_e: 3.6278936767578125e+02 y_diff: 1.7401123046875000e-01 w_r: 2.3174066543579102e+01 w_e: 2.3065391540527344e+01 w_diff: 1.0867500305175781e-01 h_r: 4.7367004394531250e+01 h_e: 4.7929927825927734e+01 h_diff: 5.6292343139648438e-01
#ERR image_list_position: [357] boxes: [112]  x_r: 1.8472236633300781e+02 x_e: 1.8453063964843750e+02 x_diff: 1.9172668457031250e-01 y_r: 3.4489904785156250e+02 y_e: 3.4503622436523438e+02 y_diff: 1.3717651367187500e-01 w_r: 2.8489804267883301e+00 w_e: 2.7452089786529541e+00 w_diff: 1.0377144813537598e-01 h_r: 3.6363244056701660e-01 h_e: 2.6900601387023926e-01 h_diff: 9.4626426696777344e-02
#ERR image_list_position: [357] boxes: [113]  x_r: 2.3274597167968750e+02 x_e: 2.3305738830566406e+02 x_diff: 3.1141662597656250e-01 y_r: 3.6716488647460938e+02 y_e: 3.6730822753906250e+02 y_diff: 1.4334106445312500e-01 w_r: 1.4571090698242188e+02 w_e: 1.4786425781250000e+02 w_diff: 2.1533508300781250e+00 h_r: 1.1866062164306641e+02 h_e: 1.1799787902832031e+02 h_diff: 6.6274261474609375e-01
#ERR image_list_position: [357] boxes: [114]  x_r: 3.1989788818359375e+02 x_e: 3.1962484741210938e+02 x_diff: 2.7304077148437500e-01 y_r: 3.6714514160156250e+02 y_e: 3.6697857666015625e+02 y_diff: 1.6656494140625000e-01 w_r: 2.2403291320800781e+02 w_e: 2.2698121643066406e+02 w_diff: 2.9483032226562500e+00 h_r: 1.2258959960937500e+02 h_e: 1.2385816955566406e+02 h_diff: 1.2685699462890625e+00
#ERR image_list_position: [357] boxes: [115]  x_r: 2.7832495117187500e+02 x_e: 2.7870016479492188e+02 x_diff: 3.7521362304687500e-01 y_r: 3.4579162597656250e+02 y_e: 3.4598846435546875e+02 y_diff: 1.9683837890625000e-01 w_r: 9.5054894685745239e-01 w_e: 1.1177787780761719e+00 w_diff: 1.6722983121871948e-01 h_r: 1.5208487510681152e+00 h_e: 1.6090377569198608e+00 h_diff: 8.8189005851745605e-02
#ERR image_list_position: [357] boxes: [116]  x_r: 3.0919525146484375e+02 x_e: 3.0934896850585938e+02 x_diff: 1.5371704101562500e-01 y_r: 3.5882391357421875e+02 y_e: 3.5899719238281250e+02 y_diff: 1.7327880859375000e-01 w_r: 3.4639717102050781e+01 w_e: 3.5297931671142578e+01 w_diff: 6.5821456909179688e-01 h_r: 6.1395988464355469e+01 h_e: 6.3346523284912109e+01 h_diff: 1.9505348205566406e+00
#ERR image_list_position: [357] boxes: [117]  x_r: 3.6384185791015625e+02 x_e: 3.6375152587890625e+02 x_diff: 9.0332031250000000e-02 y_r: 3.4357101440429688e+02 y_e: 3.4345361328125000e+02 y_diff: 1.1740112304687500e-01 w_r: 2.0379352569580078e-01 w_e: 2.2390365600585938e-01 w_diff: 2.0110130310058594e-02 h_r: 1.3897968456149101e-02 h_e: 3.9474433287978172e-03 h_diff: 9.9505251273512840e-03
#ERR image_list_position: [357] boxes: [118]  x_r: 3.8579238891601562e+02 x_e: 3.8600906372070312e+02 x_diff: 2.1667480468750000e-01 y_r: 3.5937527465820312e+02 y_e: 3.5937283325195312e+02 y_diff: 2.4414062500000000e-03 w_r: 2.7134653091430664e+01 w_e: 2.6348655700683594e+01 w_diff: 7.8599739074707031e-01 h_r: 3.8041091918945312e+01 h_e: 3.8930591583251953e+01 h_diff: 8.8949966430664062e-01
#ERR image_list_position: [357] boxes: [119]  x_r: 4.0732482910156250e+02 x_e: 4.0730722045898438e+02 x_diff: 1.7608642578125000e-02 y_r: 3.6542153930664062e+02 y_e: 3.6509222412109375e+02 y_diff: 3.2931518554687500e-01 w_r: 1.9329502868652344e+02 w_e: 1.9477540588378906e+02 w_diff: 1.4803771972656250e+00 h_r: 1.1113705444335938e+02 h_e: 1.1306358337402344e+02 h_diff: 1.9265289306640625e+00
#ERR image_list_position: [357] boxes: [120]  x_r: 5.0205206298828125e+02 x_e: 5.0243026733398438e+02 x_diff: 3.7820434570312500e-01 y_r: 3.6588900756835938e+02 y_e: 3.6590048217773438e+02 y_diff: 1.1474609375000000e-02 w_r: 1.3917729187011719e+02 w_e: 1.4113404846191406e+02 w_diff: 1.9567565917968750e+00 h_r: 1.1296615600585938e+02 h_e: 1.1287779998779297e+02 h_diff: 8.8356018066406250e-02
#ERR image_list_position: [357] boxes: [121]  x_r: 4.7303137207031250e+02 x_e: 4.7339309692382812e+02 x_diff: 3.6172485351562500e-01 y_r: 3.5757812500000000e+02 y_e: 3.5760772705078125e+02 y_diff: 2.9602050781250000e-02 w_r: 1.3776586532592773e+01 w_e: 1.4165722846984863e+01 w_diff: 3.8913631439208984e-01 h_r: 1.9140102386474609e+01 h_e: 1.8843944549560547e+01 h_diff: 2.9615783691406250e-01
#ERR image_list_position: [357] boxes: [122]  x_r: 4.5815417480468750e+02 x_e: 4.5769708251953125e+02 x_diff: 4.5709228515625000e-01 y_r: 3.4654385375976562e+02 y_e: 3.4663735961914062e+02 y_diff: 9.3505859375000000e-02 w_r: 9.9524843692779541e-01 w_e: 9.5922809839248657e-01 w_diff: 3.6020338535308838e-02 h_r: 4.4583675265312195e-01 h_e: 4.1919392347335815e-01 h_diff: 2.6642829179763794e-02
#ERR image_list_position: [357] boxes: [123]  x_r: 5.5810333251953125e+02 x_e: 5.5818511962890625e+02 x_diff: 8.1787109375000000e-02 y_r: 3.6216290283203125e+02 y_e: 3.6212182617187500e+02 y_diff: 4.1076660156250000e-02 w_r: 2.0159238815307617e+01 w_e: 1.9823740005493164e+01 w_diff: 3.3549880981445312e-01 h_r: 2.6118385314941406e+01 h_e: 2.6499135971069336e+01 h_diff: 3.8075065612792969e-01
#ERR image_list_position: [357] boxes: [124]  x_r: 5.9848272705078125e+02 x_e: 5.9855706787109375e+02 x_diff: 7.4340820312500000e-02 y_r: 3.5815649414062500e+02 y_e: 3.5825274658203125e+02 y_diff: 9.6252441406250000e-02 w_r: 1.0906627655029297e+01 w_e: 1.1004976272583008e+01 w_diff: 9.8348617553710938e-02 h_r: 2.8014703750610352e+01 h_e: 2.7737758636474609e+01 h_diff: 2.7694511413574219e-01
#ERR image_list_position: [357] boxes: [125]  x_r: 5.9545397949218750e+02 x_e: 5.9610626220703125e+02 x_diff: 6.5228271484375000e-01 y_r: 3.6532553100585938e+02 y_e: 3.6539123535156250e+02 y_diff: 6.5704345703125000e-02 w_r: 5.3108142852783203e+01 w_e: 5.2102863311767578e+01 w_diff: 1.0052795410156250e+00 h_r: 1.2107987976074219e+02 h_e: 1.2134643554687500e+02 h_diff: 2.6655578613281250e-01
#ERR image_list_position: [357] boxes: [126]  x_r: 2.8097853660583496e+00 x_e: 2.6405954360961914e+00 x_diff: 1.6918992996215820e-01 y_r: 4.1673434448242188e+02 y_e: 4.1668286132812500e+02 y_diff: 5.1483154296875000e-02 w_r: 7.2379678487777710e-01 w_e: 7.5183218717575073e-01 w_diff: 2.8035402297973633e-02 h_r: 4.4760217666625977e+00 h_e: 4.5196232795715332e+00 h_diff: 4.3601512908935547e-02
#ERR image_list_position: [357] boxes: [127]  x_r: 4.5356262207031250e+01 x_e: 4.5610847473144531e+01 x_diff: 2.5458526611328125e-01 y_r: 4.3650979614257812e+02 y_e: 4.3631393432617188e+02 y_diff: 1.9586181640625000e-01 w_r: 5.6978275299072266e+01 w_e: 5.6154396057128906e+01 w_diff: 8.2387924194335938e-01 h_r: 5.0665134429931641e+01 h_e: 5.1115875244140625e+01 h_diff: 4.5074081420898438e-01
#ERR image_list_position: [357] boxes: [128]  x_r: 8.7820682525634766e+00 x_e: 8.6686916351318359e+00 x_diff: 1.1337661743164062e-01 y_r: 4.2563983154296875e+02 y_e: 4.2566186523437500e+02 y_diff: 2.2033691406250000e-02 w_r: 1.0343878746032715e+01 w_e: 1.0670567512512207e+01 w_diff: 3.2668876647949219e-01 h_r: 4.0849277496337891e+01 h_e: 4.0688472747802734e+01 h_diff: 1.6080474853515625e-01
#ERR image_list_position: [357] boxes: [129]  x_r: 1.2431078338623047e+02 x_e: 1.2460872650146484e+02 x_diff: 2.9794311523437500e-01 y_r: 4.3855947875976562e+02 y_e: 4.3880184936523438e+02 y_diff: 2.4237060546875000e-01 w_r: 1.0084614562988281e+02 w_e: 1.0122333526611328e+02 w_diff: 3.7718963623046875e-01 h_r: 4.8239517211914062e+01 h_e: 4.8940757751464844e+01 h_diff: 7.0124053955078125e-01
#ERR image_list_position: [357] boxes: [130]  x_r: 9.4744316101074219e+01 x_e: 9.4684867858886719e+01 x_diff: 5.9448242187500000e-02 y_r: 4.2364318847656250e+02 y_e: 4.2357272338867188e+02 y_diff: 7.0465087890625000e-02 w_r: 6.8875699043273926e+00 w_e: 7.1092042922973633e+00 w_diff: 2.2163438796997070e-01 h_r: 6.8772349357604980e+00 h_e: 7.1210951805114746e+00 h_diff: 2.4386024475097656e-01
#ERR image_list_position: [357] boxes: [131]  x_r: 9.3133644104003906e+01 x_e: 9.3245254516601562e+01 x_diff: 1.1161041259765625e-01 y_r: 4.1151211547851562e+02 y_e: 4.1156155395507812e+02 y_diff: 4.9438476562500000e-02 w_r: 1.0180962085723877e-01 w_e: 1.1941448599100113e-01 w_diff: 1.7604865133762360e-02 h_r: 3.6587581038475037e-01 h_e: 4.2791545391082764e-01 h_diff: 6.2039643526077271e-02
#ERR image_list_position: [357] boxes: [132]  x_r: 2.3208270263671875e+02 x_e: 2.3224139404296875e+02 x_diff: 1.5869140625000000e-01 y_r: 4.3741912841796875e+02 y_e: 4.3763748168945312e+02 y_diff: 2.1835327148437500e-01 w_r: 1.4589108276367188e+02 w_e: 1.4619149780273438e+02 w_diff: 3.0041503906250000e-01 h_r: 5.1430152893066406e+01 h_e: 5.0602077484130859e+01 h_diff: 8.2807540893554688e-01
#ERR image_list_position: [357] boxes: [133]  x_r: 1.9312698364257812e+02 x_e: 1.9320925903320312e+02 x_diff: 8.2275390625000000e-02 y_r: 4.2812127685546875e+02 y_e: 4.2824871826171875e+02 y_diff: 1.2744140625000000e-01 w_r: 1.0574412345886230e+01 w_e: 1.1164458274841309e+01 w_diff: 5.9004592895507812e-01 h_r: 1.3346481323242188e+01 h_e: 1.3440136909484863e+01 h_diff: 9.3655586242675781e-02
#ERR image_list_position: [357] boxes: [134]  x_r: 1.8327970886230469e+02 x_e: 1.8345912170410156e+02 x_diff: 1.7941284179687500e-01 y_r: 4.1011102294921875e+02 y_e: 4.1007736206054688e+02 y_diff: 3.3660888671875000e-02 w_r: 4.1693428158760071e-01 w_e: 4.0297999978065491e-01 w_diff: 1.3954281806945801e-02 h_r: 3.7238785624504089e-01 h_e: 4.0158632397651672e-01 h_diff: 2.9198467731475830e-02
#ERR image_list_position: [357] boxes: [135]  x_r: 3.1171185302734375e+02 x_e: 3.1211059570312500e+02 x_diff: 3.9874267578125000e-01 y_r: 4.3865676879882812e+02 y_e: 4.3883209228515625e+02 y_diff: 1.7532348632812500e-01 w_r: 2.1279908752441406e+02 w_e: 2.1569779968261719e+02 w_diff: 2.8987121582031250e+00 h_r: 5.1209777832031250e+01 h_e: 5.1211235046386719e+01 h_diff: 1.4572143554687500e-03
#ERR image_list_position: [357] boxes: [136]  x_r: 2.7572814941406250e+02 x_e: 2.7595053100585938e+02 x_diff: 2.2238159179687500e-01 y_r: 4.1343237304687500e+02 y_e: 4.1332577514648438e+02 y_diff: 1.0659790039062500e-01 w_r: 3.2187078148126602e-02 w_e: 6.1862111091613770e-02 w_diff: 2.9675032943487167e-02 h_r: 1.1222366243600845e-01 h_e: 1.1769137531518936e-01 h_diff: 5.4677128791809082e-03
#ERR image_list_position: [357] boxes: [137]  x_r: 2.8908932495117188e+02 x_e: 2.8958184814453125e+02 x_diff: 4.9252319335937500e-01 y_r: 4.3043060302734375e+02 y_e: 4.3051922607421875e+02 y_diff: 8.8623046875000000e-02 w_r: 1.2059727668762207e+01 w_e: 1.2109498977661133e+01 w_diff: 4.9771308898925781e-02 h_r: 1.0271048545837402e+01 h_e: 1.0646492958068848e+01 h_diff: 3.7544441223144531e-01
#ERR image_list_position: [357] boxes: [138]  x_r: 3.6543222045898438e+02 x_e: 3.6540069580078125e+02 x_diff: 3.1524658203125000e-02 y_r: 4.1413568115234375e+02 y_e: 4.1433758544921875e+02 y_diff: 2.0190429687500000e-01 w_r: 3.2400479912757874e-01 w_e: 3.2570454478263855e-01 w_diff: 1.6997456550598145e-03 h_r: 1.3584578409790993e-02 h_e: 1.5337228775024414e-02 h_diff: 1.7526503652334213e-03
#ERR image_list_position: [357] boxes: [139]  x_r: 3.7816558837890625e+02 x_e: 3.7812887573242188e+02 x_diff: 3.6712646484375000e-02 y_r: 4.2796798706054688e+02 y_e: 4.2812145996093750e+02 y_diff: 1.5347290039062500e-01 w_r: 1.1588395118713379e+01 w_e: 1.1552045822143555e+01 w_diff: 3.6349296569824219e-02 h_r: 9.0250062942504883e+00 h_e: 8.7478094100952148e+00 h_diff: 2.7719688415527344e-01
#ERR image_list_position: [357] boxes: [140]  x_r: 3.9951034545898438e+02 x_e: 3.9943002319335938e+02 x_diff: 8.0322265625000000e-02 y_r: 4.3738043212890625e+02 y_e: 4.3752301025390625e+02 y_diff: 1.4257812500000000e-01 w_r: 1.6822799682617188e+02 w_e: 1.6875842285156250e+02 w_diff: 5.3042602539062500e-01 h_r: 4.7341796875000000e+01 h_e: 4.7343990325927734e+01 h_diff: 2.1934509277343750e-03
#ERR image_list_position: [357] boxes: [141]  x_r: 4.6158792114257812e+02 x_e: 4.6157952880859375e+02 x_diff: 8.3923339843750000e-03 y_r: 4.2228009033203125e+02 y_e: 4.2229626464843750e+02 y_diff: 1.6174316406250000e-02 w_r: 5.3228721618652344e+00 w_e: 4.8546228408813477e+00 w_diff: 4.6824932098388672e-01 h_r: 8.6875028610229492e+00 h_e: 8.7508220672607422e+00 h_diff: 6.3319206237792969e-02
#ERR image_list_position: [357] boxes: [142]  x_r: 4.9807443237304688e+02 x_e: 4.9795693969726562e+02 x_diff: 1.1749267578125000e-01 y_r: 4.3581033325195312e+02 y_e: 4.3572216796875000e+02 y_diff: 8.8165283203125000e-02 w_r: 9.4603164672851562e+01 w_e: 9.6252929687500000e+01 w_diff: 1.6497650146484375e+00 h_r: 4.6459442138671875e+01 h_e: 4.6783233642578125e+01 h_diff: 3.2379150390625000e-01
#ERR image_list_position: [357] boxes: [143]  x_r: 4.5901129150390625e+02 x_e: 4.5902282714843750e+02 x_diff: 1.1535644531250000e-02 y_r: 4.1361746215820312e+02 y_e: 4.1367343139648438e+02 y_diff: 5.5969238281250000e-02 w_r: 1.5020350217819214e+00 w_e: 1.5752176046371460e+00 w_diff: 7.3182582855224609e-02 h_r: 3.4059330821037292e-01 h_e: 3.2674044370651245e-01 h_diff: 1.3852864503860474e-02
#ERR image_list_position: [357] boxes: [144]  x_r: 5.9824230957031250e+02 x_e: 5.9837097167968750e+02 x_diff: 1.2866210937500000e-01 y_r: 4.3540652465820312e+02 y_e: 4.3539175415039062e+02 y_diff: 1.4770507812500000e-02 w_r: 3.6954654693603516e+01 w_e: 3.7334877014160156e+01 w_diff: 3.8022232055664062e-01 h_r: 5.9415702819824219e+01 h_e: 5.9938259124755859e+01 h_diff: 5.2255630493164062e-01
#ERR image_list_position: [357] boxes: [145]  x_r: 5.4920562744140625e+02 x_e: 5.4924804687500000e+02 x_diff: 4.2419433593750000e-02 y_r: 4.1484100341796875e+02 y_e: 4.1505667114257812e+02 y_diff: 2.1566772460937500e-01 w_r: 1.6383661329746246e-01 w_e: 1.3565225899219513e-01 w_diff: 2.8184354305267334e-02 h_r: 1.2472094297409058e+00 h_e: 1.3306150436401367e+00 h_diff: 8.3405613899230957e-02
#ERR image_list_position: [357] boxes: [146]  x_r: 5.7110699462890625e+02 x_e: 5.7125329589843750e+02 x_diff: 1.4630126953125000e-01 y_r: 4.2890158081054688e+02 y_e: 4.2898242187500000e+02 y_diff: 8.0841064453125000e-02 w_r: 5.7134718894958496e+00 w_e: 5.7737793922424316e+00 w_diff: 6.0307502746582031e-02 h_r: 5.0786228179931641e+00 h_e: 5.3667287826538086e+00 h_diff: 2.8810596466064453e-01
#ERR image_list_position: [357] probs: [65,6]  prob_r: 1.2384187430143356e-01 prob_e: 1.2891790270805359e-01
#ERR image_list_position: [357] boxes: [65]  x_r: 3.5873600006103516e+01 x_e: 3.6154430389404297e+01 y_r: 2.2373030090332031e+02 y_e: 2.2350135803222656e+02 w_r: 3.5643306732177734e+01 w_e: 3.6461498260498047e+01 h_r: 3.0572448730468750e+01 h_e: 2.9723838806152344e+01
#ERR image_list_position: [357] probs: [68,6]  prob_r: 3.2413867115974426e-01 prob_e: 3.3336085081100464e-01
#ERR image_list_position: [357] boxes: [68]  x_r: 1.5306448364257812e+02 x_e: 1.5340408325195312e+02 y_r: 2.3554002380371094e+02 y_e: 2.3524714660644531e+02 w_r: 6.4773262023925781e+01 w_e: 6.6399108886718750e+01 h_r: 5.8126571655273438e+01 h_e: 5.7290599822998047e+01
#ERR image_list_position: [357] probs: [77,5]  prob_r: 4.7753235697746277e-01 prob_e: 4.8621588945388794e-01
#ERR image_list_position: [357] boxes: [77]  x_r: 4.3048278808593750e+02 x_e: 4.3066824340820312e+02 y_r: 2.3441845703125000e+02 y_e: 2.3425654602050781e+02 w_r: 3.6422579956054688e+02 w_e: 3.7021966552734375e+02 h_r: 2.6257241821289062e+02 h_e: 2.6620443725585938e+02
#SDC Ite:357 KerTime:0.095091 AccTime:34.327522 KerErr:150 AccErr:150
