#HEADER execution_type:yolo execution_model:valid img_list_path:/home/carol/radiation-benchmarks/data/networks_img_list/voc.2012.1K.txt weights:/home/carol/radiation-benchmarks/data/darknet/yolo.weights config_file:/home/carol/radiation-benchmarks/data/darknet/yolo.cfg iterations:10000 abft: dumb_abft
#BEGIN Y:2016 M:12 D:11 Time:15:42:39
#IT Ite:0 KerTime:0.564064 AccTime:0.564064
#IT Ite:1 KerTime:0.378193 AccTime:0.942257
#IT Ite:2 KerTime:0.375645 AccTime:1.317902
#IT Ite:3 KerTime:0.375081 AccTime:1.692983
#IT Ite:4 KerTime:0.375180 AccTime:2.068163
#IT Ite:5 KerTime:0.375598 AccTime:2.443761
#IT Ite:6 KerTime:0.375326 AccTime:2.819087
#IT Ite:7 KerTime:0.375040 AccTime:3.194127
#IT Ite:8 KerTime:0.376015 AccTime:3.570142
#IT Ite:9 KerTime:0.374993 AccTime:3.945135
#IT Ite:10 KerTime:0.375658 AccTime:4.320793
#IT Ite:11 KerTime:0.375015 AccTime:4.695808
#IT Ite:12 KerTime:0.375996 AccTime:5.071804
#IT Ite:13 KerTime:0.375525 AccTime:5.447329
#IT Ite:14 KerTime:0.374963 AccTime:5.822292
#IT Ite:15 KerTime:0.375854 AccTime:6.198146
#IT Ite:16 KerTime:0.375607 AccTime:6.573753
#IT Ite:17 KerTime:0.375023 AccTime:6.948776
#IT Ite:18 KerTime:0.375677 AccTime:7.324453
#IT Ite:19 KerTime:0.375799 AccTime:7.700252
#IT Ite:20 KerTime:0.375043 AccTime:8.075295
#IT Ite:21 KerTime:0.375596 AccTime:8.450891
#IT Ite:22 KerTime:0.375454 AccTime:8.826345
#IT Ite:23 KerTime:0.375485 AccTime:9.201830
#IT Ite:24 KerTime:0.375594 AccTime:9.577424
#IT Ite:25 KerTime:0.375505 AccTime:9.952929
#IT Ite:26 KerTime:0.375273 AccTime:10.328202
#IT Ite:27 KerTime:0.375487 AccTime:10.703689
#IT Ite:28 KerTime:0.375264 AccTime:11.078953
#IT Ite:29 KerTime:0.375408 AccTime:11.454361
#IT Ite:30 KerTime:0.375735 AccTime:11.830096
#IT Ite:31 KerTime:0.375815 AccTime:12.205911
#IT Ite:32 KerTime:0.375078 AccTime:12.580989
#IT Ite:33 KerTime:0.374738 AccTime:12.955727
#IT Ite:34 KerTime:0.374647 AccTime:13.330374
#IT Ite:35 KerTime:0.375278 AccTime:13.705652
#IT Ite:36 KerTime:0.375320 AccTime:14.080972
#IT Ite:37 KerTime:0.375127 AccTime:14.456099
#IT Ite:38 KerTime:0.374584 AccTime:14.830683
#IT Ite:39 KerTime:0.375339 AccTime:15.206022
#IT Ite:40 KerTime:0.374517 AccTime:15.580539
#IT Ite:41 KerTime:0.375202 AccTime:15.955741
#IT Ite:42 KerTime:0.374877 AccTime:16.330618
#IT Ite:43 KerTime:0.375028 AccTime:16.705646
#IT Ite:44 KerTime:0.374816 AccTime:17.080462
#IT Ite:45 KerTime:0.375488 AccTime:17.455950
#IT Ite:46 KerTime:0.375425 AccTime:17.831375
#IT Ite:47 KerTime:0.375553 AccTime:18.206928
#IT Ite:48 KerTime:0.375555 AccTime:18.582483
#IT Ite:49 KerTime:0.375198 AccTime:18.957681
#IT Ite:50 KerTime:0.375828 AccTime:19.333509
#IT Ite:51 KerTime:0.374975 AccTime:19.708484
#IT Ite:52 KerTime:0.375331 AccTime:20.083815
#IT Ite:53 KerTime:0.374950 AccTime:20.458765
#IT Ite:54 KerTime:0.374923 AccTime:20.833688
#IT Ite:55 KerTime:0.375627 AccTime:21.209315
#IT Ite:56 KerTime:0.375700 AccTime:21.585015
#IT Ite:57 KerTime:0.375329 AccTime:21.960344
#IT Ite:58 KerTime:0.375375 AccTime:22.335719
#IT Ite:59 KerTime:0.375362 AccTime:22.711081
#IT Ite:60 KerTime:0.375877 AccTime:23.086958
#IT Ite:61 KerTime:0.375078 AccTime:23.462036
#IT Ite:62 KerTime:0.375138 AccTime:23.837174
#IT Ite:63 KerTime:0.375578 AccTime:24.212752
#IT Ite:64 KerTime:0.375548 AccTime:24.588300
#IT Ite:65 KerTime:0.375438 AccTime:24.963738
#IT Ite:66 KerTime:0.375317 AccTime:25.339055
#IT Ite:67 KerTime:0.375737 AccTime:25.714792
#IT Ite:68 KerTime:0.375237 AccTime:26.090029
#IT Ite:69 KerTime:0.375729 AccTime:26.465758
#IT Ite:70 KerTime:0.375316 AccTime:26.841074
#IT Ite:71 KerTime:0.375684 AccTime:27.216758
#IT Ite:72 KerTime:0.374976 AccTime:27.591734
#IT Ite:73 KerTime:0.374878 AccTime:27.966612
#IT Ite:74 KerTime:0.375720 AccTime:28.342332
#IT Ite:75 KerTime:0.375557 AccTime:28.717889
#IT Ite:76 KerTime:0.375040 AccTime:29.092929
#IT Ite:77 KerTime:0.375431 AccTime:29.468360
#IT Ite:78 KerTime:0.375031 AccTime:29.843391
#IT Ite:79 KerTime:0.375425 AccTime:30.218816
#IT Ite:80 KerTime:0.374911 AccTime:30.593727
#IT Ite:81 KerTime:0.374984 AccTime:30.968711
#IT Ite:82 KerTime:0.375007 AccTime:31.343718
#IT Ite:83 KerTime:0.374906 AccTime:31.718624
#IT Ite:84 KerTime:0.375470 AccTime:32.094094
#IT Ite:85 KerTime:0.375681 AccTime:32.469775
#IT Ite:86 KerTime:0.374845 AccTime:32.844620
#IT Ite:87 KerTime:0.375615 AccTime:33.220235
#IT Ite:88 KerTime:0.374997 AccTime:33.595232
#IT Ite:89 KerTime:0.375645 AccTime:33.970877
#IT Ite:90 KerTime:0.375261 AccTime:34.346138
#IT Ite:91 KerTime:0.374672 AccTime:34.720810
#IT Ite:92 KerTime:0.375176 AccTime:35.095986
#IT Ite:93 KerTime:0.375528 AccTime:35.471514
#IT Ite:94 KerTime:0.375365 AccTime:35.846879
#IT Ite:95 KerTime:0.375721 AccTime:36.222600
#IT Ite:96 KerTime:0.375829 AccTime:36.598429
#IT Ite:97 KerTime:0.374958 AccTime:36.973387
#IT Ite:98 KerTime:0.375056 AccTime:37.348443
#IT Ite:99 KerTime:0.375237 AccTime:37.723680
#IT Ite:100 KerTime:0.375408 AccTime:38.099088
#IT Ite:101 KerTime:0.375132 AccTime:38.474220
#IT Ite:102 KerTime:0.374562 AccTime:38.848782
#IT Ite:103 KerTime:0.375362 AccTime:39.224144
#IT Ite:104 KerTime:0.374912 AccTime:39.599056
#IT Ite:105 KerTime:0.375052 AccTime:39.974108
#IT Ite:106 KerTime:0.375142 AccTime:40.349250
#IT Ite:107 KerTime:0.374788 AccTime:40.724038
#IT Ite:108 KerTime:0.375548 AccTime:41.099586
#IT Ite:109 KerTime:0.375528 AccTime:41.475114
#IT Ite:110 KerTime:0.375174 AccTime:41.850288
#IT Ite:111 KerTime:0.375203 AccTime:42.225491
#IT Ite:112 KerTime:0.375553 AccTime:42.601044
#IT Ite:113 KerTime:0.375472 AccTime:42.976516
#IT Ite:114 KerTime:0.375040 AccTime:43.351556
#IT Ite:115 KerTime:0.375285 AccTime:43.726841
#IT Ite:116 KerTime:0.375184 AccTime:44.102025
#IT Ite:117 KerTime:0.375285 AccTime:44.477310
#IT Ite:118 KerTime:0.374692 AccTime:44.852002
#IT Ite:119 KerTime:0.375007 AccTime:45.227009
#IT Ite:120 KerTime:0.375476 AccTime:45.602485
#IT Ite:121 KerTime:0.375355 AccTime:45.977840
#IT Ite:122 KerTime:0.375595 AccTime:46.353435
#IT Ite:123 KerTime:0.374862 AccTime:46.728297
#IT Ite:124 KerTime:0.374766 AccTime:47.103063
#IT Ite:125 KerTime:0.374847 AccTime:47.477910
#IT Ite:126 KerTime:0.375014 AccTime:47.852924
#IT Ite:127 KerTime:0.374810 AccTime:48.227734
#IT Ite:128 KerTime:0.375133 AccTime:48.602867
#IT Ite:129 KerTime:0.375083 AccTime:48.977950
#IT Ite:130 KerTime:0.375325 AccTime:49.353275
#IT Ite:131 KerTime:0.374682 AccTime:49.727957
#IT Ite:132 KerTime:0.374697 AccTime:50.102654
#IT Ite:133 KerTime:0.375325 AccTime:50.477979
#IT Ite:134 KerTime:0.374941 AccTime:50.852920
#IT Ite:135 KerTime:0.375373 AccTime:51.228293
#IT Ite:136 KerTime:0.375448 AccTime:51.603741
#IT Ite:137 KerTime:0.374582 AccTime:51.978323
#IT Ite:138 KerTime:0.375370 AccTime:52.353693
#IT Ite:139 KerTime:0.375508 AccTime:52.729201
#IT Ite:140 KerTime:0.375345 AccTime:53.104546
#IT Ite:141 KerTime:0.375186 AccTime:53.479732
#IT Ite:142 KerTime:0.375514 AccTime:53.855246
#IT Ite:143 KerTime:0.374966 AccTime:54.230212
#IT Ite:144 KerTime:0.375021 AccTime:54.605233
#IT Ite:145 KerTime:0.375271 AccTime:54.980504
#IT Ite:146 KerTime:0.375355 AccTime:55.355859
#IT Ite:147 KerTime:0.374722 AccTime:55.730581
#IT Ite:148 KerTime:0.375068 AccTime:56.105649
#IT Ite:149 KerTime:0.374580 AccTime:56.480229
#IT Ite:150 KerTime:0.375265 AccTime:56.855494
#IT Ite:151 KerTime:0.374691 AccTime:57.230185
#IT Ite:152 KerTime:0.375036 AccTime:57.605221
#IT Ite:153 KerTime:0.374428 AccTime:57.979649
#IT Ite:154 KerTime:0.375011 AccTime:58.354660
#IT Ite:155 KerTime:0.377196 AccTime:58.731856
#IT Ite:156 KerTime:0.375038 AccTime:59.106894
#IT Ite:157 KerTime:0.375632 AccTime:59.482526
#IT Ite:158 KerTime:0.375603 AccTime:59.858129
#IT Ite:159 KerTime:0.375404 AccTime:60.233533
#IT Ite:160 KerTime:0.374831 AccTime:60.608364
#IT Ite:161 KerTime:0.375169 AccTime:60.983533
#IT Ite:162 KerTime:0.375511 AccTime:61.359044
#IT Ite:163 KerTime:0.374756 AccTime:61.733800
#IT Ite:164 KerTime:0.374992 AccTime:62.108792
#IT Ite:165 KerTime:0.374858 AccTime:62.483650
#IT Ite:166 KerTime:0.375506 AccTime:62.859156
#IT Ite:167 KerTime:0.374865 AccTime:63.234021
#IT Ite:168 KerTime:0.374780 AccTime:63.608801
#IT Ite:169 KerTime:0.374925 AccTime:63.983726
#IT Ite:170 KerTime:0.376128 AccTime:64.359854
#IT Ite:171 KerTime:0.375340 AccTime:64.735194
#IT Ite:172 KerTime:0.374887 AccTime:65.110081
#IT Ite:173 KerTime:0.375456 AccTime:65.485537
#IT Ite:174 KerTime:0.374809 AccTime:65.860346
#IT Ite:175 KerTime:0.374729 AccTime:66.235075
#IT Ite:176 KerTime:0.375100 AccTime:66.610175
#IT Ite:177 KerTime:0.374616 AccTime:66.984791
#IT Ite:178 KerTime:0.375215 AccTime:67.360006
#IT Ite:179 KerTime:0.374887 AccTime:67.734893
#IT Ite:180 KerTime:0.375653 AccTime:68.110546
#IT Ite:181 KerTime:0.374651 AccTime:68.485197
#IT Ite:182 KerTime:0.374964 AccTime:68.860161
#IT Ite:183 KerTime:0.374674 AccTime:69.234835
#IT Ite:184 KerTime:0.375250 AccTime:69.610085
#IT Ite:185 KerTime:0.375236 AccTime:69.985321
#IT Ite:186 KerTime:0.375467 AccTime:70.360788
#IT Ite:187 KerTime:0.374906 AccTime:70.735694
#IT Ite:188 KerTime:0.375011 AccTime:71.110705
#IT Ite:189 KerTime:0.375228 AccTime:71.485933
#IT Ite:190 KerTime:0.374882 AccTime:71.860815
#IT Ite:191 KerTime:0.374384 AccTime:72.235199
#IT Ite:192 KerTime:0.374909 AccTime:72.610108
#IT Ite:193 KerTime:0.374766 AccTime:72.984874
#IT Ite:194 KerTime:0.375000 AccTime:73.359874
#IT Ite:195 KerTime:0.375115 AccTime:73.734989
#IT Ite:196 KerTime:0.374807 AccTime:74.109796
#IT Ite:197 KerTime:0.375229 AccTime:74.485025
#IT Ite:198 KerTime:0.374717 AccTime:74.859742
#IT Ite:199 KerTime:0.374682 AccTime:75.234424
#IT Ite:200 KerTime:0.374417 AccTime:75.608841
#IT Ite:201 KerTime:0.375154 AccTime:75.983995
#IT Ite:202 KerTime:0.375222 AccTime:76.359217
#IT Ite:203 KerTime:0.374642 AccTime:76.733859
#IT Ite:204 KerTime:0.375252 AccTime:77.109111
#IT Ite:205 KerTime:0.374876 AccTime:77.483987
#IT Ite:206 KerTime:0.374853 AccTime:77.858840
#IT Ite:207 KerTime:0.375072 AccTime:78.233912
#IT Ite:208 KerTime:0.374745 AccTime:78.608657
#IT Ite:209 KerTime:0.374805 AccTime:78.983462
#IT Ite:210 KerTime:0.375191 AccTime:79.358653
#IT Ite:211 KerTime:0.375121 AccTime:79.733774
#IT Ite:212 KerTime:0.374208 AccTime:80.107982
#IT Ite:213 KerTime:0.375196 AccTime:80.483178
#IT Ite:214 KerTime:0.375141 AccTime:80.858319
#IT Ite:215 KerTime:0.374410 AccTime:81.232729
#IT Ite:216 KerTime:0.374667 AccTime:81.607396
#IT Ite:217 KerTime:0.374725 AccTime:81.982121
#IT Ite:218 KerTime:0.374480 AccTime:82.356601
#IT Ite:219 KerTime:0.374122 AccTime:82.730723
#IT Ite:220 KerTime:0.374469 AccTime:83.105192
#IT Ite:221 KerTime:0.374843 AccTime:83.480035
#IT Ite:222 KerTime:0.375343 AccTime:83.855378
#IT Ite:223 KerTime:0.374338 AccTime:84.229716
#IT Ite:224 KerTime:0.374657 AccTime:84.604373
#IT Ite:225 KerTime:0.374766 AccTime:84.979139
#IT Ite:226 KerTime:0.374714 AccTime:85.353853
#IT Ite:227 KerTime:0.374811 AccTime:85.728664
#IT Ite:228 KerTime:0.374923 AccTime:86.103587
#IT Ite:229 KerTime:0.374979 AccTime:86.478566
#IT Ite:230 KerTime:0.375182 AccTime:86.853748
#IT Ite:231 KerTime:0.374713 AccTime:87.228461
#IT Ite:232 KerTime:0.374319 AccTime:87.602780
#IT Ite:233 KerTime:0.374607 AccTime:87.977387
#IT Ite:234 KerTime:0.375369 AccTime:88.352756
#IT Ite:235 KerTime:0.374644 AccTime:88.727400
#IT Ite:236 KerTime:0.374990 AccTime:89.102390
#IT Ite:237 KerTime:0.374362 AccTime:89.476752
#IT Ite:238 KerTime:0.374546 AccTime:89.851298
#IT Ite:239 KerTime:0.374440 AccTime:90.225738
#IT Ite:240 KerTime:0.374691 AccTime:90.600429
#IT Ite:241 KerTime:0.374840 AccTime:90.975269
#IT Ite:242 KerTime:0.375446 AccTime:91.350715
#IT Ite:243 KerTime:0.375365 AccTime:91.726080
#IT Ite:244 KerTime:0.375149 AccTime:92.101229
#IT Ite:245 KerTime:0.374351 AccTime:92.475580
#IT Ite:246 KerTime:0.375452 AccTime:92.851032
#IT Ite:247 KerTime:0.375076 AccTime:93.226108
#IT Ite:248 KerTime:0.374736 AccTime:93.600844
#IT Ite:249 KerTime:0.375359 AccTime:93.976203
#IT Ite:250 KerTime:0.374813 AccTime:94.351016
#IT Ite:251 KerTime:0.374453 AccTime:94.725469
#IT Ite:252 KerTime:0.374699 AccTime:95.100168
#IT Ite:253 KerTime:0.375491 AccTime:95.475659
#IT Ite:254 KerTime:0.374914 AccTime:95.850573
#IT Ite:255 KerTime:0.375556 AccTime:96.226129
#IT Ite:256 KerTime:0.374774 AccTime:96.600903
#IT Ite:257 KerTime:0.375294 AccTime:96.976197
#IT Ite:258 KerTime:0.375166 AccTime:97.351363
#IT Ite:259 KerTime:0.375298 AccTime:97.726661
#IT Ite:260 KerTime:0.375297 AccTime:98.101958
#IT Ite:261 KerTime:0.375530 AccTime:98.477488
#IT Ite:262 KerTime:0.374761 AccTime:98.852249
#IT Ite:263 KerTime:0.374882 AccTime:99.227131
#IT Ite:264 KerTime:0.374765 AccTime:99.601896
#IT Ite:265 KerTime:0.374693 AccTime:99.976589
#IT Ite:266 KerTime:0.375019 AccTime:100.351608
#IT Ite:267 KerTime:0.374968 AccTime:100.726576
#IT Ite:268 KerTime:0.374543 AccTime:101.101119
#IT Ite:269 KerTime:0.374842 AccTime:101.475961
#IT Ite:270 KerTime:0.374641 AccTime:101.850602
#IT Ite:271 KerTime:0.374999 AccTime:102.225601
#IT Ite:272 KerTime:0.374561 AccTime:102.600162
#IT Ite:273 KerTime:0.374848 AccTime:102.975010
#IT Ite:274 KerTime:0.375240 AccTime:103.350250
#IT Ite:275 KerTime:0.374541 AccTime:103.724791
#IT Ite:276 KerTime:0.375237 AccTime:104.100028
#IT Ite:277 KerTime:0.374503 AccTime:104.474531
#IT Ite:278 KerTime:0.374832 AccTime:104.849363
#IT Ite:279 KerTime:0.374773 AccTime:105.224136
#IT Ite:280 KerTime:0.375746 AccTime:105.599882
#IT Ite:281 KerTime:0.375081 AccTime:105.974963
#IT Ite:282 KerTime:0.375232 AccTime:106.350195
#IT Ite:283 KerTime:0.375555 AccTime:106.725750
#IT Ite:284 KerTime:0.375066 AccTime:107.100816
#IT Ite:285 KerTime:0.374799 AccTime:107.475615
#IT Ite:286 KerTime:0.374884 AccTime:107.850499
#IT Ite:287 KerTime:0.374737 AccTime:108.225236
#IT Ite:288 KerTime:0.375064 AccTime:108.600300
#IT Ite:289 KerTime:0.374255 AccTime:108.974555
#IT Ite:290 KerTime:0.374799 AccTime:109.349354
#IT Ite:291 KerTime:0.373963 AccTime:109.723317
#IT Ite:292 KerTime:0.373563 AccTime:110.096880
#IT Ite:293 KerTime:0.373965 AccTime:110.470845
#IT Ite:294 KerTime:0.374262 AccTime:110.845107
#IT Ite:295 KerTime:0.374019 AccTime:111.219126
#IT Ite:296 KerTime:0.374413 AccTime:111.593539
#IT Ite:297 KerTime:0.374234 AccTime:111.967773
#IT Ite:298 KerTime:0.373937 AccTime:112.341710
#IT Ite:299 KerTime:0.374275 AccTime:112.715985
#IT Ite:300 KerTime:0.374766 AccTime:113.090751
#IT Ite:301 KerTime:0.374415 AccTime:113.465166
#IT Ite:302 KerTime:0.373852 AccTime:113.839018
#IT Ite:303 KerTime:0.374391 AccTime:114.213409
#IT Ite:304 KerTime:0.374305 AccTime:114.587714
#IT Ite:305 KerTime:0.374617 AccTime:114.962331
#IT Ite:306 KerTime:0.374630 AccTime:115.336961
#IT Ite:307 KerTime:0.373332 AccTime:115.710293
#IT Ite:308 KerTime:0.374583 AccTime:116.084876
#IT Ite:309 KerTime:0.374597 AccTime:116.459473
#IT Ite:310 KerTime:0.374120 AccTime:116.833593
#IT Ite:311 KerTime:0.373960 AccTime:117.207553
#IT Ite:312 KerTime:0.373548 AccTime:117.581101
#IT Ite:313 KerTime:0.373872 AccTime:117.954973
#IT Ite:314 KerTime:0.374700 AccTime:118.329673
#IT Ite:315 KerTime:0.374367 AccTime:118.704040
#IT Ite:316 KerTime:0.373439 AccTime:119.077479
#IT Ite:317 KerTime:0.373979 AccTime:119.451458
#IT Ite:318 KerTime:0.373552 AccTime:119.825010
#IT Ite:319 KerTime:0.373748 AccTime:120.198758
#IT Ite:320 KerTime:0.374130 AccTime:120.572888
#IT Ite:321 KerTime:0.374118 AccTime:120.947006
#IT Ite:322 KerTime:0.373674 AccTime:121.320680
#IT Ite:323 KerTime:0.374180 AccTime:121.694860
#IT Ite:324 KerTime:0.374738 AccTime:122.069598
#IT Ite:325 KerTime:0.373477 AccTime:122.443075
#IT Ite:326 KerTime:0.374476 AccTime:122.817551
#IT Ite:327 KerTime:0.373382 AccTime:123.190933
#IT Ite:328 KerTime:0.374360 AccTime:123.565293
#IT Ite:329 KerTime:0.374105 AccTime:123.939398
#IT Ite:330 KerTime:0.373802 AccTime:124.313200
#IT Ite:331 KerTime:0.373774 AccTime:124.686974
#IT Ite:332 KerTime:0.373692 AccTime:125.060666
#IT Ite:333 KerTime:0.374020 AccTime:125.434686
#IT Ite:334 KerTime:0.373464 AccTime:125.808150
#IT Ite:335 KerTime:0.373956 AccTime:126.182106
#IT Ite:336 KerTime:0.373157 AccTime:126.555263
#IT Ite:337 KerTime:0.373814 AccTime:126.929077
#IT Ite:338 KerTime:0.374249 AccTime:127.303326
#IT Ite:339 KerTime:0.373413 AccTime:127.676739
#IT Ite:340 KerTime:0.374425 AccTime:128.051164
#IT Ite:341 KerTime:0.373513 AccTime:128.424677
#IT Ite:342 KerTime:0.374194 AccTime:128.798871
#IT Ite:343 KerTime:0.373581 AccTime:129.172452
#IT Ite:344 KerTime:0.374084 AccTime:129.546536
#IT Ite:345 KerTime:0.374003 AccTime:129.920539
#IT Ite:346 KerTime:0.374168 AccTime:130.294707
#IT Ite:347 KerTime:0.374031 AccTime:130.668738
#IT Ite:348 KerTime:0.374037 AccTime:131.042775
#IT Ite:349 KerTime:0.374195 AccTime:131.416970
#IT Ite:350 KerTime:0.374059 AccTime:131.791029
#IT Ite:351 KerTime:0.374214 AccTime:132.165243
#IT Ite:352 KerTime:0.374590 AccTime:132.539833
#IT Ite:353 KerTime:0.374478 AccTime:132.914311
#IT Ite:354 KerTime:0.374282 AccTime:133.288593
#IT Ite:355 KerTime:0.373494 AccTime:133.662087
#IT Ite:356 KerTime:0.374166 AccTime:134.036253
#IT Ite:357 KerTime:0.374358 AccTime:134.410611
#IT Ite:358 KerTime:0.373868 AccTime:134.784479
#IT Ite:359 KerTime:0.373701 AccTime:135.158180
#IT Ite:360 KerTime:0.373614 AccTime:135.531794
#IT Ite:361 KerTime:0.374509 AccTime:135.906303
#IT Ite:362 KerTime:0.373994 AccTime:136.280297
#IT Ite:363 KerTime:0.373793 AccTime:136.654090
#IT Ite:364 KerTime:0.374357 AccTime:137.028447
#IT Ite:365 KerTime:0.373796 AccTime:137.402243
#IT Ite:366 KerTime:0.374249 AccTime:137.776492
#IT Ite:367 KerTime:0.374039 AccTime:138.150531
#IT Ite:368 KerTime:0.373784 AccTime:138.524315
#IT Ite:369 KerTime:0.373844 AccTime:138.898159
#IT Ite:370 KerTime:0.374101 AccTime:139.272260
#IT Ite:371 KerTime:0.374529 AccTime:139.646789
#IT Ite:372 KerTime:0.373902 AccTime:140.020691
#IT Ite:373 KerTime:0.373627 AccTime:140.394318
#IT Ite:374 KerTime:0.374094 AccTime:140.768412
#IT Ite:375 KerTime:0.373703 AccTime:141.142115
#IT Ite:376 KerTime:0.374491 AccTime:141.516606
#IT Ite:377 KerTime:0.373990 AccTime:141.890596
#IT Ite:378 KerTime:0.374158 AccTime:142.264754
#IT Ite:379 KerTime:0.373410 AccTime:142.638164
#IT Ite:380 KerTime:0.374192 AccTime:143.012356
#IT Ite:381 KerTime:0.373919 AccTime:143.386275
#IT Ite:382 KerTime:0.373689 AccTime:143.759964
#IT Ite:383 KerTime:0.373782 AccTime:144.133746
#IT Ite:384 KerTime:0.373552 AccTime:144.507298
#IT Ite:385 KerTime:0.374299 AccTime:144.881597
#IT Ite:386 KerTime:0.374717 AccTime:145.256314
#IT Ite:387 KerTime:0.374105 AccTime:145.630419
#IT Ite:388 KerTime:0.373921 AccTime:146.004340
#IT Ite:389 KerTime:0.374029 AccTime:146.378369
#IT Ite:390 KerTime:0.374048 AccTime:146.752417
#IT Ite:391 KerTime:0.373232 AccTime:147.125649
#IT Ite:392 KerTime:0.373547 AccTime:147.499196
#IT Ite:393 KerTime:0.374065 AccTime:147.873261
#IT Ite:394 KerTime:0.374221 AccTime:148.247482
#IT Ite:395 KerTime:0.373862 AccTime:148.621344
#IT Ite:396 KerTime:0.374622 AccTime:148.995966
#IT Ite:397 KerTime:0.374187 AccTime:149.370153
#IT Ite:398 KerTime:0.374076 AccTime:149.744229
#IT Ite:399 KerTime:0.373984 AccTime:150.118213
#IT Ite:400 KerTime:0.374348 AccTime:150.492561
#IT Ite:401 KerTime:0.374254 AccTime:150.866815
#IT Ite:402 KerTime:0.374178 AccTime:151.240993
#IT Ite:403 KerTime:0.373750 AccTime:151.614743
#IT Ite:404 KerTime:0.373928 AccTime:151.988671
#IT Ite:405 KerTime:0.374291 AccTime:152.362962
#IT Ite:406 KerTime:0.373968 AccTime:152.736930
#IT Ite:407 KerTime:0.373854 AccTime:153.110784
#IT Ite:408 KerTime:0.373808 AccTime:153.484592
#IT Ite:409 KerTime:0.373635 AccTime:153.858227
#IT Ite:410 KerTime:0.373895 AccTime:154.232122
#IT Ite:411 KerTime:0.373954 AccTime:154.606076
#IT Ite:412 KerTime:0.374038 AccTime:154.980114
#IT Ite:413 KerTime:0.373455 AccTime:155.353569
#IT Ite:414 KerTime:0.373364 AccTime:155.726933
#IT Ite:415 KerTime:0.373761 AccTime:156.100694
#IT Ite:416 KerTime:0.374192 AccTime:156.474886
#IT Ite:417 KerTime:0.374204 AccTime:156.849090
#IT Ite:418 KerTime:0.374164 AccTime:157.223254
#IT Ite:419 KerTime:0.373369 AccTime:157.596623
#IT Ite:420 KerTime:0.374326 AccTime:157.970949
#IT Ite:421 KerTime:0.374290 AccTime:158.345239
#IT Ite:422 KerTime:0.373682 AccTime:158.718921
#IT Ite:423 KerTime:0.374107 AccTime:159.093028
#IT Ite:424 KerTime:0.375011 AccTime:159.468039
#IT Ite:425 KerTime:0.373968 AccTime:159.842007
#IT Ite:426 KerTime:0.374463 AccTime:160.216470
#IT Ite:427 KerTime:0.374170 AccTime:160.590640
#IT Ite:428 KerTime:0.373726 AccTime:160.964366
#IT Ite:429 KerTime:0.374522 AccTime:161.338888
#IT Ite:430 KerTime:0.373489 AccTime:161.712377
#IT Ite:431 KerTime:0.374698 AccTime:162.087075
#IT Ite:432 KerTime:0.373689 AccTime:162.460764
#IT Ite:433 KerTime:0.373861 AccTime:162.834625
#IT Ite:434 KerTime:0.374248 AccTime:163.208873
#IT Ite:435 KerTime:0.373906 AccTime:163.582779
#IT Ite:436 KerTime:0.374202 AccTime:163.956981
#IT Ite:437 KerTime:0.374101 AccTime:164.331082
#IT Ite:438 KerTime:0.373748 AccTime:164.704830
#IT Ite:439 KerTime:0.373731 AccTime:165.078561
#IT Ite:440 KerTime:0.374362 AccTime:165.452923
#IT Ite:441 KerTime:0.373796 AccTime:165.826719
#IT Ite:442 KerTime:0.374581 AccTime:166.201300
#IT Ite:443 KerTime:0.374253 AccTime:166.575553
#IT Ite:444 KerTime:0.373383 AccTime:166.948936
#IT Ite:445 KerTime:0.374032 AccTime:167.322968
#IT Ite:446 KerTime:0.374350 AccTime:167.697318
#IT Ite:447 KerTime:0.374203 AccTime:168.071521
#IT Ite:448 KerTime:0.373969 AccTime:168.445490
#IT Ite:449 KerTime:0.374158 AccTime:168.819648
#IT Ite:450 KerTime:0.373900 AccTime:169.193548
#IT Ite:451 KerTime:0.373476 AccTime:169.567024
#IT Ite:452 KerTime:0.373247 AccTime:169.940271
#IT Ite:453 KerTime:0.374319 AccTime:170.314590
#IT Ite:454 KerTime:0.373486 AccTime:170.688076
#IT Ite:455 KerTime:0.373436 AccTime:171.061512
#IT Ite:456 KerTime:0.373691 AccTime:171.435203
#IT Ite:457 KerTime:0.374024 AccTime:171.809227
#IT Ite:458 KerTime:0.374009 AccTime:172.183236
#IT Ite:459 KerTime:0.374231 AccTime:172.557467
#IT Ite:460 KerTime:0.373783 AccTime:172.931250
#IT Ite:461 KerTime:0.373779 AccTime:173.305029
#IT Ite:462 KerTime:0.374291 AccTime:173.679320
#IT Ite:463 KerTime:0.374173 AccTime:174.053493
#IT Ite:464 KerTime:0.374024 AccTime:174.427517
#IT Ite:465 KerTime:0.374184 AccTime:174.801701
#IT Ite:466 KerTime:0.373869 AccTime:175.175570
#IT Ite:467 KerTime:0.373758 AccTime:175.549328
#IT Ite:468 KerTime:0.373665 AccTime:175.922993
#IT Ite:469 KerTime:0.373795 AccTime:176.296788
#IT Ite:470 KerTime:0.373886 AccTime:176.670674
#IT Ite:471 KerTime:0.374219 AccTime:177.044893
#IT Ite:472 KerTime:0.373752 AccTime:177.418645
#IT Ite:473 KerTime:0.373606 AccTime:177.792251
#IT Ite:474 KerTime:0.374116 AccTime:178.166367
#IT Ite:475 KerTime:0.373961 AccTime:178.540328
#IT Ite:476 KerTime:0.374216 AccTime:178.914544
#IT Ite:477 KerTime:0.373733 AccTime:179.288277
#IT Ite:478 KerTime:0.373534 AccTime:179.661811
#IT Ite:479 KerTime:0.374338 AccTime:180.036149
#IT Ite:480 KerTime:0.374036 AccTime:180.410185
#IT Ite:481 KerTime:0.374755 AccTime:180.784940
#IT Ite:482 KerTime:0.374311 AccTime:181.159251
#IT Ite:483 KerTime:0.374016 AccTime:181.533267
#IT Ite:484 KerTime:0.373572 AccTime:181.906839
#IT Ite:485 KerTime:0.373852 AccTime:182.280691
#IT Ite:486 KerTime:0.373741 AccTime:182.654432
#IT Ite:487 KerTime:0.373585 AccTime:183.028017
#IT Ite:488 KerTime:0.373595 AccTime:183.401612
#IT Ite:489 KerTime:0.374677 AccTime:183.776289
#IT Ite:490 KerTime:0.373551 AccTime:184.149840
#IT Ite:491 KerTime:0.374036 AccTime:184.523876
#IT Ite:492 KerTime:0.373821 AccTime:184.897697
#IT Ite:493 KerTime:0.374096 AccTime:185.271793
#IT Ite:494 KerTime:0.374011 AccTime:185.645804
#IT Ite:495 KerTime:0.373650 AccTime:186.019454
#IT Ite:496 KerTime:0.374057 AccTime:186.393511
#IT Ite:497 KerTime:0.373631 AccTime:186.767142
#IT Ite:498 KerTime:0.374236 AccTime:187.141378
#IT Ite:499 KerTime:0.373311 AccTime:187.514689
#IT Ite:500 KerTime:0.374279 AccTime:187.888968
#IT Ite:501 KerTime:0.374071 AccTime:188.263039
#IT Ite:502 KerTime:0.374202 AccTime:188.637241
#IT Ite:503 KerTime:0.373939 AccTime:189.011180
#IT Ite:504 KerTime:0.373839 AccTime:189.385019
#IT Ite:505 KerTime:0.373727 AccTime:189.758746
#IT Ite:506 KerTime:0.374057 AccTime:190.132803
#IT Ite:507 KerTime:0.373820 AccTime:190.506623
#IT Ite:508 KerTime:0.374413 AccTime:190.881036
#IT Ite:509 KerTime:0.374070 AccTime:191.255106
#IT Ite:510 KerTime:0.374936 AccTime:191.630042
#IT Ite:511 KerTime:0.374554 AccTime:192.004596
#IT Ite:512 KerTime:0.373985 AccTime:192.378581
#IT Ite:513 KerTime:0.373701 AccTime:192.752282
#IT Ite:514 KerTime:0.374136 AccTime:193.126418
#IT Ite:515 KerTime:0.373510 AccTime:193.499928
#IT Ite:516 KerTime:0.373584 AccTime:193.873512
#IT Ite:517 KerTime:0.373503 AccTime:194.247015
#IT Ite:518 KerTime:0.373418 AccTime:194.620433
#IT Ite:519 KerTime:0.373597 AccTime:194.994030
#IT Ite:520 KerTime:0.373732 AccTime:195.367762
#IT Ite:521 KerTime:0.373945 AccTime:195.741707
#IT Ite:522 KerTime:0.374328 AccTime:196.116035
#IT Ite:523 KerTime:0.373774 AccTime:196.489809
#IT Ite:524 KerTime:0.373694 AccTime:196.863503
#IT Ite:525 KerTime:0.373920 AccTime:197.237423
#IT Ite:526 KerTime:0.373799 AccTime:197.611222
#IT Ite:527 KerTime:0.373921 AccTime:197.985143
#IT Ite:528 KerTime:0.373661 AccTime:198.358804
#IT Ite:529 KerTime:0.373491 AccTime:198.732295
#IT Ite:530 KerTime:0.374106 AccTime:199.106401
#IT Ite:531 KerTime:0.374028 AccTime:199.480429
#IT Ite:532 KerTime:0.373477 AccTime:199.853906
#IT Ite:533 KerTime:0.373775 AccTime:200.227681
#IT Ite:534 KerTime:0.373698 AccTime:200.601379
#IT Ite:535 KerTime:0.373727 AccTime:200.975106
#IT Ite:536 KerTime:0.374018 AccTime:201.349124
#IT Ite:537 KerTime:0.374215 AccTime:201.723339
#IT Ite:538 KerTime:0.373634 AccTime:202.096973
#IT Ite:539 KerTime:0.374019 AccTime:202.470992
#IT Ite:540 KerTime:0.374133 AccTime:202.845125
#IT Ite:541 KerTime:0.374638 AccTime:203.219763
#IT Ite:542 KerTime:0.374104 AccTime:203.593867
#IT Ite:543 KerTime:0.373190 AccTime:203.967057
#IT Ite:544 KerTime:0.374522 AccTime:204.341579
#IT Ite:545 KerTime:0.374009 AccTime:204.715588
#IT Ite:546 KerTime:0.374229 AccTime:205.089817
#IT Ite:547 KerTime:0.374318 AccTime:205.464135
#IT Ite:548 KerTime:0.374010 AccTime:205.838145
#IT Ite:549 KerTime:0.374228 AccTime:206.212373
#IT Ite:550 KerTime:0.374508 AccTime:206.586881
#IT Ite:551 KerTime:0.374241 AccTime:206.961122
#IT Ite:552 KerTime:0.374196 AccTime:207.335318
#IT Ite:553 KerTime:0.373671 AccTime:207.708989
#IT Ite:554 KerTime:0.373760 AccTime:208.082749
#IT Ite:555 KerTime:0.374203 AccTime:208.456952
#IT Ite:556 KerTime:0.373794 AccTime:208.830746
#IT Ite:557 KerTime:0.374506 AccTime:209.205252
#IT Ite:558 KerTime:0.374229 AccTime:209.579481
#IT Ite:559 KerTime:0.374269 AccTime:209.953750
#IT Ite:560 KerTime:0.373698 AccTime:210.327448
#IT Ite:561 KerTime:0.374328 AccTime:210.701776
#IT Ite:562 KerTime:0.373874 AccTime:211.075650
#IT Ite:563 KerTime:0.373884 AccTime:211.449534
#IT Ite:564 KerTime:0.374328 AccTime:211.823862
#IT Ite:565 KerTime:0.373905 AccTime:212.197767
#IT Ite:566 KerTime:0.374318 AccTime:212.572085
#IT Ite:567 KerTime:0.374101 AccTime:212.946186
#IT Ite:568 KerTime:0.374555 AccTime:213.320741
#IT Ite:569 KerTime:0.374741 AccTime:213.695482
#IT Ite:570 KerTime:0.373806 AccTime:214.069288
#IT Ite:571 KerTime:0.374293 AccTime:214.443581
#IT Ite:572 KerTime:0.374164 AccTime:214.817745
#IT Ite:573 KerTime:0.374449 AccTime:215.192194
#IT Ite:574 KerTime:0.374419 AccTime:215.566613
#IT Ite:575 KerTime:0.373658 AccTime:215.940271
#IT Ite:576 KerTime:0.373762 AccTime:216.314033
#IT Ite:577 KerTime:0.374413 AccTime:216.688446
#IT Ite:578 KerTime:0.373229 AccTime:217.061675
#IT Ite:579 KerTime:0.374193 AccTime:217.435868
#IT Ite:580 KerTime:0.373886 AccTime:217.809754
#IT Ite:581 KerTime:0.374110 AccTime:218.183864
#IT Ite:582 KerTime:0.373801 AccTime:218.557665
#IT Ite:583 KerTime:0.373643 AccTime:218.931308
#IT Ite:584 KerTime:0.373722 AccTime:219.305030
#IT Ite:585 KerTime:0.374148 AccTime:219.679178
#IT Ite:586 KerTime:0.374399 AccTime:220.053577
#IT Ite:587 KerTime:0.374374 AccTime:220.427951
#IT Ite:588 KerTime:0.373869 AccTime:220.801820
#IT Ite:589 KerTime:0.374565 AccTime:221.176385
#IT Ite:590 KerTime:0.374117 AccTime:221.550502
#IT Ite:591 KerTime:0.373763 AccTime:221.924265
#IT Ite:592 KerTime:0.374325 AccTime:222.298590
#IT Ite:593 KerTime:0.373944 AccTime:222.672534
#IT Ite:594 KerTime:0.373394 AccTime:223.045928
#IT Ite:595 KerTime:0.374591 AccTime:223.420519
#IT Ite:596 KerTime:0.374400 AccTime:223.794919
#ERR image_list_position: [596] boxes: [31]  x_r: 2.6337115478515625e+02 x_e: 2.6337506103515625e+02 x_diff: 3.9062500000000000e-03 y_r: 9.0763435363769531e+01 y_e: 9.0768211364746094e+01 y_diff: 4.7760009765625000e-03 w_r: 1.4991279602050781e+02 w_e: 1.4990557861328125e+02 w_diff: 7.2174072265625000e-03 h_r: 1.7600996398925781e+02 h_e: 1.7602056884765625e+02 h_diff: 1.0604858398437500e-02
#ERR image_list_position: [596] probs: [31,2]  prob_r: 1.2527764774858952e-03 prob_e: 1.2499324511736631e-03
#ERR image_list_position: [596] probs: [31,8]  prob_r: 6.9074206985533237e-03 prob_e: 6.9070574827492237e-03
#ERR image_list_position: [596] probs: [31,9]  prob_r: 1.2966145761311054e-02 prob_e: 1.2976332567632198e-02
#ERR image_list_position: [596] probs: [31,10]  prob_r: 1.2427566573023796e-02 prob_e: 1.2429266236722469e-02
#ERR image_list_position: [596] probs: [31,11]  prob_r: 9.9756911396980286e-02 prob_e: 9.9765427410602570e-02
#ERR image_list_position: [596] probs: [31,14]  prob_r: 4.6103051304817200e-01 prob_e: 4.6112039685249329e-01
#ERR image_list_position: [596] boxes: [33]  x_r: 3.0029574584960938e+02 x_e: 3.0029467773437500e+02 x_diff: 1.0681152343750000e-03 y_r: 7.8740043640136719e+01 y_e: 7.8743682861328125e+01 y_diff: 3.6392211914062500e-03 w_r: 4.2389644622802734e+01 w_e: 4.2393516540527344e+01 w_diff: 3.8719177246093750e-03 h_r: 6.0334121704101562e+01 h_e: 6.0339214324951172e+01 h_diff: 5.0926208496093750e-03
#ERR image_list_position: [596] probs: [33,11]  prob_r: 3.7519237957894802e-03 prob_e: 3.7534702569246292e-03
#ERR image_list_position: [596] probs: [33,14]  prob_r: 5.7487641461193562e-03 prob_e: 5.7517685927450657e-03
#ERR image_list_position: [596] boxes: [35]  x_r: 3.1578140258789062e+02 x_e: 3.1577651977539062e+02 x_diff: 4.8828125000000000e-03 y_r: 9.8199165344238281e+01 y_e: 9.8202949523925781e+01 y_diff: 3.7841796875000000e-03 w_r: 1.3270843505859375e+02 w_e: 1.3271556091308594e+02 w_diff: 7.1258544921875000e-03 h_r: 1.2545540618896484e+02 h_e: 1.2546605682373047e+02 h_diff: 1.0650634765625000e-02
#ERR image_list_position: [596] boxes: [50]  x_r: 1.6329821777343750e+02 x_e: 1.6329554748535156e+02 x_diff: 2.6702880859375000e-03 y_r: 1.4232231140136719e+02 y_e: 1.4232060241699219e+02 y_diff: 1.7089843750000000e-03 w_r: 1.7897230529785156e+02 w_e: 1.7896588134765625e+02 w_diff: 6.4239501953125000e-03 h_r: 1.7673008728027344e+02 h_e: 1.7672044372558594e+02 h_diff: 9.6435546875000000e-03
#ERR image_list_position: [596] boxes: [51]  x_r: 2.6072332763671875e+02 x_e: 2.6072619628906250e+02 x_diff: 2.8686523437500000e-03 y_r: 1.2626292419433594e+02 y_e: 1.2625945281982422e+02 y_diff: 3.4713745117187500e-03 w_r: 9.0993797302246094e+01 w_e: 9.0986282348632812e+01 w_diff: 7.5149536132812500e-03 h_r: 1.3526562500000000e+02 h_e: 1.3525596618652344e+02 h_diff: 9.6588134765625000e-03
#ERR image_list_position: [596] probs: [51,0]  prob_r: 1.3629749882966280e-03 prob_e: 1.3632193440571427e-03
#ERR image_list_position: [596] probs: [51,9]  prob_r: 3.6280674394220114e-03 prob_e: 3.6293910816311836e-03
#ERR image_list_position: [596] probs: [51,11]  prob_r: 3.4574281424283981e-02 prob_e: 3.4568794071674347e-02
#ERR image_list_position: [596] probs: [51,14]  prob_r: 4.6152710914611816e-02 prob_e: 4.6148467808961868e-02
#ERR image_list_position: [596] probs: [51,17]  prob_r: 1.7338481266051531e-03 prob_e: 1.7336958553642035e-03
#ERR image_list_position: [596] boxes: [53]  x_r: 2.5842489624023438e+02 x_e: 2.5842913818359375e+02 x_diff: 4.2419433593750000e-03 y_r: 1.2631616210937500e+02 y_e: 1.2631185150146484e+02 y_diff: 4.3106079101562500e-03 w_r: 1.7847973632812500e+02 w_e: 1.7847187805175781e+02 w_diff: 7.8582763671875000e-03 h_r: 2.0733392333984375e+02 h_e: 2.0732334899902344e+02 h_diff: 1.0574340820312500e-02
#ERR image_list_position: [596] probs: [53,0]  prob_r: 3.8718883879482746e-03 prob_e: 3.8715053815394640e-03
#ERR image_list_position: [596] probs: [53,12]  prob_r: 1.7253714613616467e-03 prob_e: 1.7252912512049079e-03
#ERR image_list_position: [596] probs: [53,13]  prob_r: 1.0806571226567030e-03 prob_e: 1.0810774983838201e-03
#ERR image_list_position: [596] probs: [53,15]  prob_r: 1.0181351099163294e-03 prob_e: 1.0171473259106278e-03
#ERR image_list_position: [596] probs: [53,16]  prob_r: 2.1339729428291321e-03 prob_e: 2.1333210170269012e-03
#ERR image_list_position: [596] probs: [53,17]  prob_r: 4.9254507757723331e-03 prob_e: 4.9236482009291649e-03
#ERR image_list_position: [596] boxes: [54]  x_r: 3.4549771118164062e+02 x_e: 3.4549459838867188e+02 x_diff: 3.1127929687500000e-03 y_r: 1.3348468017578125e+02 y_e: 1.3348387145996094e+02 y_diff: 8.0871582031250000e-04 w_r: 1.3028848266601562e+02 w_e: 1.3029362487792969e+02 w_diff: 5.1422119140625000e-03 h_r: 1.3612759399414062e+02 h_e: 1.3612959289550781e+02 h_diff: 1.9989013671875000e-03
#ERR image_list_position: [596] probs: [54,0]  prob_r: 1.2311718426644802e-02 prob_e: 1.2315710075199604e-02
#ERR image_list_position: [596] probs: [54,1]  prob_r: 1.9179102033376694e-02 prob_e: 1.9188405945897102e-02
#ERR image_list_position: [596] probs: [54,2]  prob_r: 1.6743674874305725e-02 prob_e: 1.6742600128054619e-02
#ERR image_list_position: [596] probs: [54,4]  prob_r: 1.3184077106416225e-02 prob_e: 1.3178216293454170e-02
#ERR image_list_position: [596] probs: [54,5]  prob_r: 4.2589209042489529e-03 prob_e: 4.2590354569256306e-03
#ERR image_list_position: [596] probs: [54,9]  prob_r: 5.7434454560279846e-02 prob_e: 5.7457815855741501e-02
#ERR image_list_position: [596] probs: [54,10]  prob_r: 3.0550665687769651e-03 prob_e: 3.0526374466717243e-03
#ERR image_list_position: [596] probs: [54,11]  prob_r: 5.7901632785797119e-01 prob_e: 5.7903343439102173e-01
#ERR image_list_position: [596] probs: [54,12]  prob_r: 1.5255252365022898e-03 prob_e: 1.5285345725715160e-03
#ERR image_list_position: [596] probs: [54,13]  prob_r: 2.6654981076717377e-02 prob_e: 2.6657866314053535e-02
#ERR image_list_position: [596] probs: [54,14]  prob_r: 1.2923663854598999e-01 prob_e: 1.2927301228046417e-01
#ERR image_list_position: [596] probs: [54,15]  prob_r: 2.0123369991779327e-02 prob_e: 2.0119892433285713e-02
#ERR image_list_position: [596] probs: [54,19]  prob_r: 3.2140514813363552e-03 prob_e: 3.2156987581402063e-03
#ERR image_list_position: [596] boxes: [55]  x_r: 3.3498608398437500e+02 x_e: 3.3498431396484375e+02 x_diff: 1.7700195312500000e-03 y_r: 1.3102595520019531e+02 y_e: 1.3102449035644531e+02 y_diff: 1.4648437500000000e-03 w_r: 1.0760466003417969e+02 w_e: 1.0761143493652344e+02 w_diff: 6.7749023437500000e-03 h_r: 1.2578910064697266e+02 h_e: 1.2579759216308594e+02 h_diff: 8.4915161132812500e-03
#ERR image_list_position: [596] boxes: [73]  x_r: 2.7057489013671875e+02 x_e: 2.7057476806640625e+02 x_diff: 1.2207031250000000e-04 y_r: 2.0733305358886719e+02 y_e: 2.0733589172363281e+02 y_diff: 2.8381347656250000e-03 w_r: 2.9361837768554688e+02 w_e: 2.9361846923828125e+02 w_diff: 9.1552734375000000e-05 h_r: 2.1456198120117188e+02 h_e: 2.1455010986328125e+02 h_diff: 1.1871337890625000e-02
#ERR image_list_position: [596] probs: [73,4]  prob_r: 3.5375228617340326e-03 prob_e: 3.5370704717934132e-03
#ERR image_list_position: [596] probs: [73,12]  prob_r: 7.5116241350769997e-03 prob_e: 7.5124511495232582e-03
#ERR image_list_position: [596] probs: [73,14]  prob_r: 2.0895034074783325e-02 prob_e: 2.0890405401587486e-02
#ERR image_list_position: [596] probs: [73,17]  prob_r: 1.5837188810110092e-02 prob_e: 1.5836123377084732e-02
#ERR image_list_position: [596] boxes: [74]  x_r: 2.7414254760742188e+02 x_e: 2.7414306640625000e+02 x_diff: 5.1879882812500000e-04 y_r: 2.0655250549316406e+02 y_e: 2.0655574035644531e+02 y_diff: 3.2348632812500000e-03 w_r: 1.5019020080566406e+02 w_e: 1.5017968750000000e+02 w_diff: 1.0513305664062500e-02 h_r: 1.5681260681152344e+02 h_e: 1.5680020141601562e+02 h_diff: 1.2405395507812500e-02
#ERR image_list_position: [596] probs: [74,14]  prob_r: 2.5259437970817089e-03 prob_e: 2.5236674118787050e-03
#ERR image_list_position: [596] boxes: [93]  x_r: 2.8371929931640625e+02 x_e: 2.8372091674804688e+02 x_diff: 1.6174316406250000e-03 y_r: 2.1892297363281250e+02 y_e: 2.1892234802246094e+02 y_diff: 6.2561035156250000e-04 w_r: 2.1593290710449219e+02 w_e: 2.1593870544433594e+02 w_diff: 5.7983398437500000e-03 h_r: 1.4568382263183594e+02 h_e: 1.4568519592285156e+02 h_diff: 1.3732910156250000e-03
#ERR image_list_position: [596] probs: [93,17]  prob_r: 5.0437590107321739e-03 prob_e: 5.0438321195542812e-03
#ERR image_list_position: [596] boxes: [95]  x_r: 2.8184271240234375e+02 x_e: 2.8184326171875000e+02 x_diff: 5.4931640625000000e-04 y_r: 2.1757635498046875e+02 y_e: 2.1757559204101562e+02 y_diff: 7.6293945312500000e-04 w_r: 2.8572293090820312e+02 w_e: 2.8571792602539062e+02 w_diff: 5.0048828125000000e-03 h_r: 1.7024493408203125e+02 h_e: 1.7024090576171875e+02 h_diff: 4.0283203125000000e-03
#ERR image_list_position: [596] probs: [95,0]  prob_r: 9.1682123020291328e-03 prob_e: 9.1687114909291267e-03
#ERR image_list_position: [596] probs: [95,5]  prob_r: 7.6214014552533627e-03 prob_e: 7.6224519871175289e-03
#ERR image_list_position: [596] probs: [95,9]  prob_r: 2.4134902283549309e-02 prob_e: 2.4150669574737549e-02
#ERR image_list_position: [596] probs: [95,10]  prob_r: 2.4738678708672523e-02 prob_e: 2.4745531380176544e-02
#ERR image_list_position: [596] probs: [95,11]  prob_r: 4.1146820783615112e-01 prob_e: 4.1152769327163696e-01
#ERR image_list_position: [596] probs: [95,13]  prob_r: 1.1851064860820770e-02 prob_e: 1.1850403621792793e-02
#SDC Ite:596 KerTime:0.374400 AccTime:223.794919 KerErr:12 AccErr:12
#IT Ite:597 KerTime:0.374400 AccTime:224.169319
#IT Ite:598 KerTime:0.373941 AccTime:224.543260
#IT Ite:599 KerTime:0.374131 AccTime:224.917391
#IT Ite:600 KerTime:0.374339 AccTime:225.291730
#IT Ite:601 KerTime:0.373697 AccTime:225.665427
#IT Ite:602 KerTime:0.373373 AccTime:226.038800
#IT Ite:603 KerTime:0.374079 AccTime:226.412879
#IT Ite:604 KerTime:0.373996 AccTime:226.786875
#IT Ite:605 KerTime:0.374162 AccTime:227.161037
#IT Ite:606 KerTime:0.374349 AccTime:227.535386
#IT Ite:607 KerTime:0.374073 AccTime:227.909459
#IT Ite:608 KerTime:0.374181 AccTime:228.283640
#IT Ite:609 KerTime:0.373938 AccTime:228.657578
#IT Ite:610 KerTime:0.373118 AccTime:229.030696
#IT Ite:611 KerTime:0.373838 AccTime:229.404534
#IT Ite:612 KerTime:0.374273 AccTime:229.778807
#IT Ite:613 KerTime:0.374281 AccTime:230.153088
#IT Ite:614 KerTime:0.374204 AccTime:230.527292
#IT Ite:615 KerTime:0.373743 AccTime:230.901035
#IT Ite:616 KerTime:0.374042 AccTime:231.275077
#IT Ite:617 KerTime:0.374121 AccTime:231.649198
#IT Ite:618 KerTime:0.374165 AccTime:232.023363
#IT Ite:619 KerTime:0.373781 AccTime:232.397144
#IT Ite:620 KerTime:0.374192 AccTime:232.771336
#IT Ite:621 KerTime:0.373766 AccTime:233.145102
#IT Ite:622 KerTime:0.373685 AccTime:233.518787
#IT Ite:623 KerTime:0.373673 AccTime:233.892460
#IT Ite:624 KerTime:0.374082 AccTime:234.266542
#IT Ite:625 KerTime:0.373988 AccTime:234.640530
#IT Ite:626 KerTime:0.374662 AccTime:235.015192
#IT Ite:627 KerTime:0.374147 AccTime:235.389339
#IT Ite:628 KerTime:0.373644 AccTime:235.762983
#IT Ite:629 KerTime:0.373506 AccTime:236.136489
#IT Ite:630 KerTime:0.373998 AccTime:236.510487
#IT Ite:631 KerTime:0.374263 AccTime:236.884750
#IT Ite:632 KerTime:0.374184 AccTime:237.258934
#IT Ite:633 KerTime:0.373850 AccTime:237.632784
#IT Ite:634 KerTime:0.374438 AccTime:238.007222
#IT Ite:635 KerTime:0.374191 AccTime:238.381413
#IT Ite:636 KerTime:0.373778 AccTime:238.755191
#IT Ite:637 KerTime:0.374116 AccTime:239.129307
#IT Ite:638 KerTime:0.373870 AccTime:239.503177
#IT Ite:639 KerTime:0.374221 AccTime:239.877398
#IT Ite:640 KerTime:0.373947 AccTime:240.251345
#IT Ite:641 KerTime:0.373769 AccTime:240.625114
#IT Ite:642 KerTime:0.374221 AccTime:240.999335
#IT Ite:643 KerTime:0.373913 AccTime:241.373248
#IT Ite:644 KerTime:0.373826 AccTime:241.747074
#IT Ite:645 KerTime:0.374276 AccTime:242.121350
#IT Ite:646 KerTime:0.373990 AccTime:242.495340
#IT Ite:647 KerTime:0.373560 AccTime:242.868900
#IT Ite:648 KerTime:0.373578 AccTime:243.242478
#IT Ite:649 KerTime:0.374314 AccTime:243.616792
#IT Ite:650 KerTime:0.373569 AccTime:243.990361
#IT Ite:651 KerTime:0.373679 AccTime:244.364040
#IT Ite:652 KerTime:0.373473 AccTime:244.737513
#IT Ite:653 KerTime:0.373652 AccTime:245.111165
#IT Ite:654 KerTime:0.373748 AccTime:245.484913
#IT Ite:655 KerTime:0.374231 AccTime:245.859144
#IT Ite:656 KerTime:0.374181 AccTime:246.233325
#IT Ite:657 KerTime:0.374250 AccTime:246.607575
#IT Ite:658 KerTime:0.374269 AccTime:246.981844
