#HEADER execution_type:yolo execution_model:valid img_list_path:/home/carol/radiation-benchmarks/data/networks_img_list/caltech.pedestrians.1K.txt weights:/home/carol/radiation-benchmarks/data/darknet/yolo.weights config_file:/home/carol/radiation-benchmarks/data/darknet/yolo.cfg iterations:10000 abft: dumb_abft
#BEGIN Y:2016 M:12 D:11 Time:18:22:54
#IT Ite:0 KerTime:0.459797 AccTime:0.459797
#IT Ite:1 KerTime:0.378274 AccTime:0.838071
#IT Ite:2 KerTime:0.375217 AccTime:1.213288
#IT Ite:3 KerTime:0.375288 AccTime:1.588576
#IT Ite:4 KerTime:0.375135 AccTime:1.963711
#IT Ite:5 KerTime:0.375408 AccTime:2.339119
#IT Ite:6 KerTime:0.374892 AccTime:2.714011
#IT Ite:7 KerTime:0.375308 AccTime:3.089319
#IT Ite:8 KerTime:0.374739 AccTime:3.464058
#IT Ite:9 KerTime:0.375041 AccTime:3.839099
#IT Ite:10 KerTime:0.374679 AccTime:4.213778
#IT Ite:11 KerTime:0.374628 AccTime:4.588406
#IT Ite:12 KerTime:0.374963 AccTime:4.963369
#IT Ite:13 KerTime:0.374563 AccTime:5.337932
#IT Ite:14 KerTime:0.374652 AccTime:5.712584
#IT Ite:15 KerTime:0.374884 AccTime:6.087468
#IT Ite:16 KerTime:0.375079 AccTime:6.462547
#IT Ite:17 KerTime:0.374914 AccTime:6.837461
#IT Ite:18 KerTime:0.375577 AccTime:7.213038
#IT Ite:19 KerTime:0.374620 AccTime:7.587658
#IT Ite:20 KerTime:0.375295 AccTime:7.962953
#IT Ite:21 KerTime:0.375326 AccTime:8.338279
#IT Ite:22 KerTime:0.375162 AccTime:8.713441
#IT Ite:23 KerTime:0.375377 AccTime:9.088818
#IT Ite:24 KerTime:0.375063 AccTime:9.463881
#IT Ite:25 KerTime:0.374470 AccTime:9.838351
#IT Ite:26 KerTime:0.375317 AccTime:10.213668
#IT Ite:27 KerTime:0.375258 AccTime:10.588926
#IT Ite:28 KerTime:0.374579 AccTime:10.963505
#IT Ite:29 KerTime:0.375319 AccTime:11.338824
#IT Ite:30 KerTime:0.375272 AccTime:11.714096
#IT Ite:31 KerTime:0.375137 AccTime:12.089233
#IT Ite:32 KerTime:0.375233 AccTime:12.464466
#IT Ite:33 KerTime:0.375240 AccTime:12.839706
#IT Ite:34 KerTime:0.374685 AccTime:13.214391
#IT Ite:35 KerTime:0.375279 AccTime:13.589670
#IT Ite:36 KerTime:0.374901 AccTime:13.964571
#IT Ite:37 KerTime:0.375055 AccTime:14.339626
#IT Ite:38 KerTime:0.374642 AccTime:14.714268
#IT Ite:39 KerTime:0.375535 AccTime:15.089803
#IT Ite:40 KerTime:0.374462 AccTime:15.464265
#IT Ite:41 KerTime:0.374777 AccTime:15.839042
#IT Ite:42 KerTime:0.375213 AccTime:16.214255
#IT Ite:43 KerTime:0.375039 AccTime:16.589294
#IT Ite:44 KerTime:0.374688 AccTime:16.963982
#IT Ite:45 KerTime:0.374906 AccTime:17.338888
#IT Ite:46 KerTime:0.375339 AccTime:17.714227
#IT Ite:47 KerTime:0.374567 AccTime:18.088794
#IT Ite:48 KerTime:0.375399 AccTime:18.464193
#IT Ite:49 KerTime:0.375311 AccTime:18.839504
#IT Ite:50 KerTime:0.374804 AccTime:19.214308
#IT Ite:51 KerTime:0.375142 AccTime:19.589450
#IT Ite:52 KerTime:0.374945 AccTime:19.964395
#IT Ite:53 KerTime:0.375430 AccTime:20.339825
#IT Ite:54 KerTime:0.375257 AccTime:20.715082
#IT Ite:55 KerTime:0.374899 AccTime:21.089981
#IT Ite:56 KerTime:0.374362 AccTime:21.464343
#IT Ite:57 KerTime:0.375230 AccTime:21.839573
#IT Ite:58 KerTime:0.374880 AccTime:22.214453
#IT Ite:59 KerTime:0.375050 AccTime:22.589503
#IT Ite:60 KerTime:0.374760 AccTime:22.964263
#IT Ite:61 KerTime:0.374469 AccTime:23.338732
#IT Ite:62 KerTime:0.375017 AccTime:23.713749
#IT Ite:63 KerTime:0.375011 AccTime:24.088760
#IT Ite:64 KerTime:0.374886 AccTime:24.463646
#IT Ite:65 KerTime:0.374520 AccTime:24.838166
#IT Ite:66 KerTime:0.374850 AccTime:25.213016
#IT Ite:67 KerTime:0.375149 AccTime:25.588165
#IT Ite:68 KerTime:0.374985 AccTime:25.963150
#IT Ite:69 KerTime:0.374592 AccTime:26.337742
#IT Ite:70 KerTime:0.374516 AccTime:26.712258
#IT Ite:71 KerTime:0.375011 AccTime:27.087269
#IT Ite:72 KerTime:0.374860 AccTime:27.462129
#IT Ite:73 KerTime:0.375339 AccTime:27.837468
#IT Ite:74 KerTime:0.375240 AccTime:28.212708
#IT Ite:75 KerTime:0.374465 AccTime:28.587173
#IT Ite:76 KerTime:0.375352 AccTime:28.962525
#IT Ite:77 KerTime:0.374846 AccTime:29.337371
#IT Ite:78 KerTime:0.374726 AccTime:29.712097
#IT Ite:79 KerTime:0.375048 AccTime:30.087145
#IT Ite:80 KerTime:0.374865 AccTime:30.462010
#IT Ite:81 KerTime:0.375058 AccTime:30.837068
#IT Ite:82 KerTime:0.374490 AccTime:31.211558
#IT Ite:83 KerTime:0.374691 AccTime:31.586249
#IT Ite:84 KerTime:0.374686 AccTime:31.960935
#IT Ite:85 KerTime:0.374922 AccTime:32.335857
#IT Ite:86 KerTime:0.375065 AccTime:32.710922
#IT Ite:87 KerTime:0.374704 AccTime:33.085626
#IT Ite:88 KerTime:0.375133 AccTime:33.460759
#IT Ite:89 KerTime:0.375018 AccTime:33.835777
#IT Ite:90 KerTime:0.374759 AccTime:34.210536
#IT Ite:91 KerTime:0.375015 AccTime:34.585551
#IT Ite:92 KerTime:0.375203 AccTime:34.960754
#IT Ite:93 KerTime:0.375231 AccTime:35.335985
#IT Ite:94 KerTime:0.375111 AccTime:35.711096
#IT Ite:95 KerTime:0.375206 AccTime:36.086302
#IT Ite:96 KerTime:0.374828 AccTime:36.461130
#IT Ite:97 KerTime:0.374638 AccTime:36.835768
#IT Ite:98 KerTime:0.375101 AccTime:37.210869
#IT Ite:99 KerTime:0.375204 AccTime:37.586073
#IT Ite:100 KerTime:0.375030 AccTime:37.961103
#IT Ite:101 KerTime:0.375018 AccTime:38.336121
#IT Ite:102 KerTime:0.375039 AccTime:38.711160
#IT Ite:103 KerTime:0.374518 AccTime:39.085678
#IT Ite:104 KerTime:0.374800 AccTime:39.460478
#IT Ite:105 KerTime:0.374547 AccTime:39.835025
#IT Ite:106 KerTime:0.375094 AccTime:40.210119
#IT Ite:107 KerTime:0.375019 AccTime:40.585138
#IT Ite:108 KerTime:0.375240 AccTime:40.960378
#IT Ite:109 KerTime:0.374581 AccTime:41.334959
#IT Ite:110 KerTime:0.374622 AccTime:41.709581
#IT Ite:111 KerTime:0.374328 AccTime:42.083909
#IT Ite:112 KerTime:0.374556 AccTime:42.458465
#IT Ite:113 KerTime:0.374842 AccTime:42.833307
#IT Ite:114 KerTime:0.375013 AccTime:43.208320
#IT Ite:115 KerTime:0.374789 AccTime:43.583109
#IT Ite:116 KerTime:0.374648 AccTime:43.957757
#IT Ite:117 KerTime:0.374759 AccTime:44.332516
#IT Ite:118 KerTime:0.374372 AccTime:44.706888
#IT Ite:119 KerTime:0.374337 AccTime:45.081225
#IT Ite:120 KerTime:0.374705 AccTime:45.455930
#IT Ite:121 KerTime:0.375118 AccTime:45.831048
#IT Ite:122 KerTime:0.374320 AccTime:46.205368
#IT Ite:123 KerTime:0.375024 AccTime:46.580392
#IT Ite:124 KerTime:0.374872 AccTime:46.955264
#IT Ite:125 KerTime:0.374325 AccTime:47.329589
#IT Ite:126 KerTime:0.375025 AccTime:47.704614
#IT Ite:127 KerTime:0.375301 AccTime:48.079915
#IT Ite:128 KerTime:0.374939 AccTime:48.454854
#IT Ite:129 KerTime:0.374667 AccTime:48.829521
#IT Ite:130 KerTime:0.374571 AccTime:49.204092
#IT Ite:131 KerTime:0.375288 AccTime:49.579380
#IT Ite:132 KerTime:0.374542 AccTime:49.953922
#IT Ite:133 KerTime:0.375001 AccTime:50.328923
#IT Ite:134 KerTime:0.374948 AccTime:50.703871
#IT Ite:135 KerTime:0.374910 AccTime:51.078781
#IT Ite:136 KerTime:0.374623 AccTime:51.453404
#IT Ite:137 KerTime:0.375102 AccTime:51.828506
#IT Ite:138 KerTime:0.374110 AccTime:52.202616
#IT Ite:139 KerTime:0.374597 AccTime:52.577213
#IT Ite:140 KerTime:0.374553 AccTime:52.951766
#IT Ite:141 KerTime:0.374623 AccTime:53.326389
#IT Ite:142 KerTime:0.375153 AccTime:53.701542
#IT Ite:143 KerTime:0.375098 AccTime:54.076640
#IT Ite:144 KerTime:0.374702 AccTime:54.451342
#IT Ite:145 KerTime:0.374767 AccTime:54.826109
#IT Ite:146 KerTime:0.374530 AccTime:55.200639
#IT Ite:147 KerTime:0.374917 AccTime:55.575556
#IT Ite:148 KerTime:0.374326 AccTime:55.949882
#IT Ite:149 KerTime:0.374375 AccTime:56.324257
#IT Ite:150 KerTime:0.375164 AccTime:56.699421
#IT Ite:151 KerTime:0.375140 AccTime:57.074561
#IT Ite:152 KerTime:0.374678 AccTime:57.449239
#IT Ite:153 KerTime:0.374422 AccTime:57.823661
#IT Ite:154 KerTime:0.374453 AccTime:58.198114
#IT Ite:155 KerTime:0.374706 AccTime:58.572820
#IT Ite:156 KerTime:0.374915 AccTime:58.947735
#IT Ite:157 KerTime:0.374810 AccTime:59.322545
#IT Ite:158 KerTime:0.374382 AccTime:59.696927
#IT Ite:159 KerTime:0.374472 AccTime:60.071399
#IT Ite:160 KerTime:0.374768 AccTime:60.446167
#IT Ite:161 KerTime:0.374949 AccTime:60.821116
#IT Ite:162 KerTime:0.374887 AccTime:61.196003
#IT Ite:163 KerTime:0.374582 AccTime:61.570585
#IT Ite:164 KerTime:0.374804 AccTime:61.945389
#IT Ite:165 KerTime:0.374008 AccTime:62.319397
#IT Ite:166 KerTime:0.374354 AccTime:62.693751
#IT Ite:167 KerTime:0.374114 AccTime:63.067865
#IT Ite:168 KerTime:0.374559 AccTime:63.442424
#IT Ite:169 KerTime:0.374859 AccTime:63.817283
#IT Ite:170 KerTime:0.375001 AccTime:64.192284
#IT Ite:171 KerTime:0.374405 AccTime:64.566689
#IT Ite:172 KerTime:0.374616 AccTime:64.941305
#IT Ite:173 KerTime:0.374830 AccTime:65.316135
#IT Ite:174 KerTime:0.374951 AccTime:65.691086
#IT Ite:175 KerTime:0.374785 AccTime:66.065871
#IT Ite:176 KerTime:0.374633 AccTime:66.440504
#IT Ite:177 KerTime:0.374187 AccTime:66.814691
#IT Ite:178 KerTime:0.374848 AccTime:67.189539
#IT Ite:179 KerTime:0.374261 AccTime:67.563800
#IT Ite:180 KerTime:0.374661 AccTime:67.938461
#IT Ite:181 KerTime:0.374607 AccTime:68.313068
#IT Ite:182 KerTime:0.374613 AccTime:68.687681
#IT Ite:183 KerTime:0.374420 AccTime:69.062101
#IT Ite:184 KerTime:0.374741 AccTime:69.436842
#IT Ite:185 KerTime:0.373982 AccTime:69.810824
#IT Ite:186 KerTime:0.374032 AccTime:70.184856
#IT Ite:187 KerTime:0.374627 AccTime:70.559483
#IT Ite:188 KerTime:0.374472 AccTime:70.933955
#IT Ite:189 KerTime:0.374554 AccTime:71.308509
#IT Ite:190 KerTime:0.374647 AccTime:71.683156
#IT Ite:191 KerTime:0.374393 AccTime:72.057549
#IT Ite:192 KerTime:0.374313 AccTime:72.431862
#IT Ite:193 KerTime:0.374618 AccTime:72.806480
#IT Ite:194 KerTime:0.375071 AccTime:73.181551
#IT Ite:195 KerTime:0.374569 AccTime:73.556120
#IT Ite:196 KerTime:0.374493 AccTime:73.930613
#IT Ite:197 KerTime:0.374560 AccTime:74.305173
#IT Ite:198 KerTime:0.374623 AccTime:74.679796
#IT Ite:199 KerTime:0.374597 AccTime:75.054393
#IT Ite:200 KerTime:0.374640 AccTime:75.429033
#IT Ite:201 KerTime:0.374549 AccTime:75.803582
#IT Ite:202 KerTime:0.374460 AccTime:76.178042
#IT Ite:203 KerTime:0.374302 AccTime:76.552344
#IT Ite:204 KerTime:0.374140 AccTime:76.926484
#IT Ite:205 KerTime:0.374178 AccTime:77.300662
#IT Ite:206 KerTime:0.374521 AccTime:77.675183
#IT Ite:207 KerTime:0.374000 AccTime:78.049183
#IT Ite:208 KerTime:0.374396 AccTime:78.423579
#IT Ite:209 KerTime:0.374535 AccTime:78.798114
#IT Ite:210 KerTime:0.374714 AccTime:79.172828
#IT Ite:211 KerTime:0.373994 AccTime:79.546822
#IT Ite:212 KerTime:0.374442 AccTime:79.921264
#IT Ite:213 KerTime:0.374472 AccTime:80.295736
#IT Ite:214 KerTime:0.374791 AccTime:80.670527
#IT Ite:215 KerTime:0.374655 AccTime:81.045182
#IT Ite:216 KerTime:0.374333 AccTime:81.419515
#IT Ite:217 KerTime:0.374805 AccTime:81.794320
#IT Ite:218 KerTime:0.374488 AccTime:82.168808
#IT Ite:219 KerTime:0.374949 AccTime:82.543757
#IT Ite:220 KerTime:0.374220 AccTime:82.917977
#IT Ite:221 KerTime:0.374224 AccTime:83.292201
#IT Ite:222 KerTime:0.374608 AccTime:83.666809
#IT Ite:223 KerTime:0.374599 AccTime:84.041408
#IT Ite:224 KerTime:0.374457 AccTime:84.415865
#IT Ite:225 KerTime:0.374264 AccTime:84.790129
#IT Ite:226 KerTime:0.374741 AccTime:85.164870
#IT Ite:227 KerTime:0.374932 AccTime:85.539802
#IT Ite:228 KerTime:0.375079 AccTime:85.914881
#IT Ite:229 KerTime:0.374615 AccTime:86.289496
#IT Ite:230 KerTime:0.374777 AccTime:86.664273
#IT Ite:231 KerTime:0.374830 AccTime:87.039103
#IT Ite:232 KerTime:0.374991 AccTime:87.414094
#IT Ite:233 KerTime:0.374467 AccTime:87.788561
#IT Ite:234 KerTime:0.374713 AccTime:88.163274
#IT Ite:235 KerTime:0.375041 AccTime:88.538315
#IT Ite:236 KerTime:0.374342 AccTime:88.912657
#IT Ite:237 KerTime:0.374502 AccTime:89.287159
#IT Ite:238 KerTime:0.374798 AccTime:89.661957
#IT Ite:239 KerTime:0.374824 AccTime:90.036781
#IT Ite:240 KerTime:0.374920 AccTime:90.411701
#IT Ite:241 KerTime:0.374557 AccTime:90.786258
#IT Ite:242 KerTime:0.374920 AccTime:91.161178
#IT Ite:243 KerTime:0.374392 AccTime:91.535570
#IT Ite:244 KerTime:0.374250 AccTime:91.909820
#IT Ite:245 KerTime:0.374473 AccTime:92.284293
#IT Ite:246 KerTime:0.374953 AccTime:92.659246
#IT Ite:247 KerTime:0.374474 AccTime:93.033720
#IT Ite:248 KerTime:0.375003 AccTime:93.408723
#IT Ite:249 KerTime:0.374747 AccTime:93.783470
#IT Ite:250 KerTime:0.374992 AccTime:94.158462
#IT Ite:251 KerTime:0.374125 AccTime:94.532587
#IT Ite:252 KerTime:0.374515 AccTime:94.907102
#IT Ite:253 KerTime:0.374728 AccTime:95.281830
#IT Ite:254 KerTime:0.374888 AccTime:95.656718
#IT Ite:255 KerTime:0.374377 AccTime:96.031095
#IT Ite:256 KerTime:0.374974 AccTime:96.406069
#IT Ite:257 KerTime:0.374478 AccTime:96.780547
#IT Ite:258 KerTime:0.374529 AccTime:97.155076
#IT Ite:259 KerTime:0.374188 AccTime:97.529264
#IT Ite:260 KerTime:0.374359 AccTime:97.903623
#IT Ite:261 KerTime:0.374386 AccTime:98.278009
#IT Ite:262 KerTime:0.374427 AccTime:98.652436
#IT Ite:263 KerTime:0.374313 AccTime:99.026749
#IT Ite:264 KerTime:0.374634 AccTime:99.401383
#IT Ite:265 KerTime:0.374701 AccTime:99.776084
#IT Ite:266 KerTime:0.374417 AccTime:100.150501
#IT Ite:267 KerTime:0.374491 AccTime:100.524992
#IT Ite:268 KerTime:0.374168 AccTime:100.899160
#IT Ite:269 KerTime:0.374598 AccTime:101.273758
#IT Ite:270 KerTime:0.374494 AccTime:101.648252
#IT Ite:271 KerTime:0.374624 AccTime:102.022876
#IT Ite:272 KerTime:0.373999 AccTime:102.396875
#IT Ite:273 KerTime:0.374376 AccTime:102.771251
#IT Ite:274 KerTime:0.374311 AccTime:103.145562
#IT Ite:275 KerTime:0.374749 AccTime:103.520311
#IT Ite:276 KerTime:0.373901 AccTime:103.894212
#IT Ite:277 KerTime:0.374913 AccTime:104.269125
#IT Ite:278 KerTime:0.374495 AccTime:104.643620
#IT Ite:279 KerTime:0.374017 AccTime:105.017637
#IT Ite:280 KerTime:0.374219 AccTime:105.391856
#IT Ite:281 KerTime:0.374685 AccTime:105.766541
#IT Ite:282 KerTime:0.374277 AccTime:106.140818
#IT Ite:283 KerTime:0.374441 AccTime:106.515259
#IT Ite:284 KerTime:0.374549 AccTime:106.889808
#IT Ite:285 KerTime:0.374901 AccTime:107.264709
#IT Ite:286 KerTime:0.374292 AccTime:107.639001
#IT Ite:287 KerTime:0.374581 AccTime:108.013582
#IT Ite:288 KerTime:0.374477 AccTime:108.388059
#IT Ite:289 KerTime:0.374118 AccTime:108.762177
#IT Ite:290 KerTime:0.374104 AccTime:109.136281
#IT Ite:291 KerTime:0.374086 AccTime:109.510367
#IT Ite:292 KerTime:0.374833 AccTime:109.885200
#IT Ite:293 KerTime:0.374222 AccTime:110.259422
#IT Ite:294 KerTime:0.374358 AccTime:110.633780
#IT Ite:295 KerTime:0.374447 AccTime:111.008227
#IT Ite:296 KerTime:0.374407 AccTime:111.382634
#IT Ite:297 KerTime:0.374159 AccTime:111.756793
#IT Ite:298 KerTime:0.374757 AccTime:112.131550
#IT Ite:299 KerTime:0.374570 AccTime:112.506120
#IT Ite:300 KerTime:0.374061 AccTime:112.880181
#IT Ite:301 KerTime:0.374321 AccTime:113.254502
#IT Ite:302 KerTime:0.374411 AccTime:113.628913
#IT Ite:303 KerTime:0.374562 AccTime:114.003475
#IT Ite:304 KerTime:0.373861 AccTime:114.377336
#IT Ite:305 KerTime:0.374616 AccTime:114.751952
#IT Ite:306 KerTime:0.374534 AccTime:115.126486
#IT Ite:307 KerTime:0.373945 AccTime:115.500431
#IT Ite:308 KerTime:0.374117 AccTime:115.874548
#IT Ite:309 KerTime:0.374501 AccTime:116.249049
#IT Ite:310 KerTime:0.374148 AccTime:116.623197
#IT Ite:311 KerTime:0.373880 AccTime:116.997077
#IT Ite:312 KerTime:0.373489 AccTime:117.370566
#IT Ite:313 KerTime:0.374136 AccTime:117.744702
#IT Ite:314 KerTime:0.374424 AccTime:118.119126
#IT Ite:315 KerTime:0.374190 AccTime:118.493316
#IT Ite:316 KerTime:0.374335 AccTime:118.867651
#IT Ite:317 KerTime:0.373851 AccTime:119.241502
#IT Ite:318 KerTime:0.373930 AccTime:119.615432
#IT Ite:319 KerTime:0.374406 AccTime:119.989838
#IT Ite:320 KerTime:0.374374 AccTime:120.364212
#IT Ite:321 KerTime:0.373851 AccTime:120.738063
#IT Ite:322 KerTime:0.374304 AccTime:121.112367
#IT Ite:323 KerTime:0.373958 AccTime:121.486325
#IT Ite:324 KerTime:0.374507 AccTime:121.860832
#IT Ite:325 KerTime:0.373734 AccTime:122.234566
#IT Ite:326 KerTime:0.374361 AccTime:122.608927
#IT Ite:327 KerTime:0.373858 AccTime:122.982785
#IT Ite:328 KerTime:0.374159 AccTime:123.356944
#IT Ite:329 KerTime:0.373932 AccTime:123.730876
#IT Ite:330 KerTime:0.374000 AccTime:124.104876
#IT Ite:331 KerTime:0.374203 AccTime:124.479079
#IT Ite:332 KerTime:0.373370 AccTime:124.852449
#IT Ite:333 KerTime:0.373848 AccTime:125.226297
#IT Ite:334 KerTime:0.373990 AccTime:125.600287
#IT Ite:335 KerTime:0.373580 AccTime:125.973867
#IT Ite:336 KerTime:0.373062 AccTime:126.346929
#IT Ite:337 KerTime:0.373805 AccTime:126.720734
#IT Ite:338 KerTime:0.373518 AccTime:127.094252
#IT Ite:339 KerTime:0.373568 AccTime:127.467820
#IT Ite:340 KerTime:0.373899 AccTime:127.841719
#IT Ite:341 KerTime:0.373613 AccTime:128.215332
#IT Ite:342 KerTime:0.373889 AccTime:128.589221
#IT Ite:343 KerTime:0.373883 AccTime:128.963104
#IT Ite:344 KerTime:0.373729 AccTime:129.336833
#IT Ite:345 KerTime:0.373024 AccTime:129.709857
#IT Ite:346 KerTime:0.373491 AccTime:130.083348
#IT Ite:347 KerTime:0.373999 AccTime:130.457347
#IT Ite:348 KerTime:0.373164 AccTime:130.830511
#IT Ite:349 KerTime:0.374138 AccTime:131.204649
#IT Ite:350 KerTime:0.373686 AccTime:131.578335
#IT Ite:351 KerTime:0.373873 AccTime:131.952208
#IT Ite:352 KerTime:0.374098 AccTime:132.326306
#IT Ite:353 KerTime:0.373526 AccTime:132.699832
#IT Ite:354 KerTime:0.373430 AccTime:133.073262
#IT Ite:355 KerTime:0.373713 AccTime:133.446975
#IT Ite:356 KerTime:0.373674 AccTime:133.820649
#IT Ite:357 KerTime:0.373265 AccTime:134.193914
#IT Ite:358 KerTime:0.373091 AccTime:134.567005
#IT Ite:359 KerTime:0.373601 AccTime:134.940606
#IT Ite:360 KerTime:0.373152 AccTime:135.313758
#IT Ite:361 KerTime:0.373134 AccTime:135.686892
#IT Ite:362 KerTime:0.373568 AccTime:136.060460
#IT Ite:363 KerTime:0.373581 AccTime:136.434041
#IT Ite:364 KerTime:0.372792 AccTime:136.806833
#IT Ite:365 KerTime:0.373835 AccTime:137.180668
#IT Ite:366 KerTime:0.373586 AccTime:137.554254
#IT Ite:367 KerTime:0.373630 AccTime:137.927884
#IT Ite:368 KerTime:0.373259 AccTime:138.301143
#IT Ite:369 KerTime:0.373495 AccTime:138.674638
#IT Ite:370 KerTime:0.373170 AccTime:139.047808
#IT Ite:371 KerTime:0.373183 AccTime:139.420991
#IT Ite:372 KerTime:0.373667 AccTime:139.794658
#IT Ite:373 KerTime:0.373251 AccTime:140.167909
#IT Ite:374 KerTime:0.373036 AccTime:140.540945
#IT Ite:375 KerTime:0.373220 AccTime:140.914165
#IT Ite:376 KerTime:0.373329 AccTime:141.287494
#IT Ite:377 KerTime:0.373518 AccTime:141.661012
#IT Ite:378 KerTime:0.373121 AccTime:142.034133
#IT Ite:379 KerTime:0.373754 AccTime:142.407887
#IT Ite:380 KerTime:0.373148 AccTime:142.781035
#IT Ite:381 KerTime:0.373226 AccTime:143.154261
#IT Ite:382 KerTime:0.373166 AccTime:143.527427
#IT Ite:383 KerTime:0.373089 AccTime:143.900516
#IT Ite:384 KerTime:0.372986 AccTime:144.273502
#IT Ite:385 KerTime:0.373051 AccTime:144.646553
#IT Ite:386 KerTime:0.373422 AccTime:145.019975
#IT Ite:387 KerTime:0.373741 AccTime:145.393716
#IT Ite:388 KerTime:0.372999 AccTime:145.766715
#IT Ite:389 KerTime:0.373703 AccTime:146.140418
#IT Ite:390 KerTime:0.372695 AccTime:146.513113
#IT Ite:391 KerTime:0.373749 AccTime:146.886862
#IT Ite:392 KerTime:0.373069 AccTime:147.259931
#IT Ite:393 KerTime:0.372814 AccTime:147.632745
#IT Ite:394 KerTime:0.372735 AccTime:148.005480
#IT Ite:395 KerTime:0.372909 AccTime:148.378389
#IT Ite:396 KerTime:0.373064 AccTime:148.751453
#IT Ite:397 KerTime:0.373671 AccTime:149.125124
#IT Ite:398 KerTime:0.372976 AccTime:149.498100
#IT Ite:399 KerTime:0.373812 AccTime:149.871912
#IT Ite:400 KerTime:0.373232 AccTime:150.245144
#IT Ite:401 KerTime:0.373628 AccTime:150.618772
#IT Ite:402 KerTime:0.373690 AccTime:150.992462
#IT Ite:403 KerTime:0.373375 AccTime:151.365837
#IT Ite:404 KerTime:0.372641 AccTime:151.738478
#IT Ite:405 KerTime:0.373183 AccTime:152.111661
#IT Ite:406 KerTime:0.373477 AccTime:152.485138
#IT Ite:407 KerTime:0.373484 AccTime:152.858622
#IT Ite:408 KerTime:0.373137 AccTime:153.231759
#IT Ite:409 KerTime:0.373314 AccTime:153.605073
#IT Ite:410 KerTime:0.372780 AccTime:153.977853
#IT Ite:411 KerTime:0.373027 AccTime:154.350880
#IT Ite:412 KerTime:0.373559 AccTime:154.724439
#IT Ite:413 KerTime:0.373569 AccTime:155.098008
#IT Ite:414 KerTime:0.373505 AccTime:155.471513
#IT Ite:415 KerTime:0.373341 AccTime:155.844854
#IT Ite:416 KerTime:0.373422 AccTime:156.218276
#IT Ite:417 KerTime:0.372965 AccTime:156.591241
#IT Ite:418 KerTime:0.373385 AccTime:156.964626
#IT Ite:419 KerTime:0.372850 AccTime:157.337476
#IT Ite:420 KerTime:0.372928 AccTime:157.710404
#IT Ite:421 KerTime:0.373744 AccTime:158.084148
#IT Ite:422 KerTime:0.373581 AccTime:158.457729
#IT Ite:423 KerTime:0.373206 AccTime:158.830935
#IT Ite:424 KerTime:0.373388 AccTime:159.204323
#IT Ite:425 KerTime:0.373131 AccTime:159.577454
#IT Ite:426 KerTime:0.373024 AccTime:159.950478
#IT Ite:427 KerTime:0.373521 AccTime:160.323999
#IT Ite:428 KerTime:0.372907 AccTime:160.696906
#IT Ite:429 KerTime:0.373243 AccTime:161.070149
#IT Ite:430 KerTime:0.373010 AccTime:161.443159
#IT Ite:431 KerTime:0.373394 AccTime:161.816553
#IT Ite:432 KerTime:0.373157 AccTime:162.189710
#IT Ite:433 KerTime:0.373615 AccTime:162.563325
#IT Ite:434 KerTime:0.373539 AccTime:162.936864
#IT Ite:435 KerTime:0.373193 AccTime:163.310057
#IT Ite:436 KerTime:0.373276 AccTime:163.683333
#IT Ite:437 KerTime:0.373251 AccTime:164.056584
#IT Ite:438 KerTime:0.373517 AccTime:164.430101
#IT Ite:439 KerTime:0.373208 AccTime:164.803309
#IT Ite:440 KerTime:0.373564 AccTime:165.176873
#IT Ite:441 KerTime:0.373480 AccTime:165.550353
#IT Ite:442 KerTime:0.372779 AccTime:165.923132
#IT Ite:443 KerTime:0.373081 AccTime:166.296213
#IT Ite:444 KerTime:0.373492 AccTime:166.669705
#IT Ite:445 KerTime:0.373354 AccTime:167.043059
#IT Ite:446 KerTime:0.373635 AccTime:167.416694
#IT Ite:447 KerTime:0.373294 AccTime:167.789988
#IT Ite:448 KerTime:0.372964 AccTime:168.162952
#IT Ite:449 KerTime:0.373301 AccTime:168.536253
#IT Ite:450 KerTime:0.372793 AccTime:168.909046
#IT Ite:451 KerTime:0.372924 AccTime:169.281970
#IT Ite:452 KerTime:0.373203 AccTime:169.655173
#IT Ite:453 KerTime:0.372960 AccTime:170.028133
#IT Ite:454 KerTime:0.373154 AccTime:170.401287
#IT Ite:455 KerTime:0.372898 AccTime:170.774185
#IT Ite:456 KerTime:0.373087 AccTime:171.147272
#IT Ite:457 KerTime:0.373664 AccTime:171.520936
#IT Ite:458 KerTime:0.372799 AccTime:171.893735
#IT Ite:459 KerTime:0.373309 AccTime:172.267044
#IT Ite:460 KerTime:0.373220 AccTime:172.640264
#IT Ite:461 KerTime:0.373281 AccTime:173.013545
#IT Ite:462 KerTime:0.373518 AccTime:173.387063
#IT Ite:463 KerTime:0.373570 AccTime:173.760633
#IT Ite:464 KerTime:0.373325 AccTime:174.133958
#IT Ite:465 KerTime:0.373743 AccTime:174.507701
#IT Ite:466 KerTime:0.373350 AccTime:174.881051
#IT Ite:467 KerTime:0.373470 AccTime:175.254521
#IT Ite:468 KerTime:0.373522 AccTime:175.628043
#IT Ite:469 KerTime:0.373559 AccTime:176.001602
#IT Ite:470 KerTime:0.373282 AccTime:176.374884
#IT Ite:471 KerTime:0.373591 AccTime:176.748475
#IT Ite:472 KerTime:0.373286 AccTime:177.121761
#IT Ite:473 KerTime:0.373328 AccTime:177.495089
#IT Ite:474 KerTime:0.373610 AccTime:177.868699
#IT Ite:475 KerTime:0.373501 AccTime:178.242200
#IT Ite:476 KerTime:0.373494 AccTime:178.615694
#IT Ite:477 KerTime:0.372934 AccTime:178.988628
#IT Ite:478 KerTime:0.373529 AccTime:179.362157
#IT Ite:479 KerTime:0.373626 AccTime:179.735783
#IT Ite:480 KerTime:0.373269 AccTime:180.109052
#IT Ite:481 KerTime:0.373158 AccTime:180.482210
#IT Ite:482 KerTime:0.373261 AccTime:180.855471
#IT Ite:483 KerTime:0.373365 AccTime:181.228836
#IT Ite:484 KerTime:0.373724 AccTime:181.602560
#IT Ite:485 KerTime:0.372909 AccTime:181.975469
#IT Ite:486 KerTime:0.373639 AccTime:182.349108
#IT Ite:487 KerTime:0.373420 AccTime:182.722528
#IT Ite:488 KerTime:0.373539 AccTime:183.096067
#IT Ite:489 KerTime:0.372906 AccTime:183.468973
#IT Ite:490 KerTime:0.373056 AccTime:183.842029
#IT Ite:491 KerTime:0.373368 AccTime:184.215397
#IT Ite:492 KerTime:0.372920 AccTime:184.588317
#IT Ite:493 KerTime:0.373096 AccTime:184.961413
#IT Ite:494 KerTime:0.373720 AccTime:185.335133
#IT Ite:495 KerTime:0.373211 AccTime:185.708344
#IT Ite:496 KerTime:0.373468 AccTime:186.081812
#IT Ite:497 KerTime:0.373328 AccTime:186.455140
#IT Ite:498 KerTime:0.373640 AccTime:186.828780
#IT Ite:499 KerTime:0.373360 AccTime:187.202140
#IT Ite:500 KerTime:0.373353 AccTime:187.575493
#IT Ite:501 KerTime:0.373068 AccTime:187.948561
#IT Ite:502 KerTime:0.373879 AccTime:188.322440
#IT Ite:503 KerTime:0.373414 AccTime:188.695854
#IT Ite:504 KerTime:0.373271 AccTime:189.069125
#IT Ite:505 KerTime:0.373730 AccTime:189.442855
#IT Ite:506 KerTime:0.373163 AccTime:189.816018
#IT Ite:507 KerTime:0.373932 AccTime:190.189950
#IT Ite:508 KerTime:0.373727 AccTime:190.563677
#IT Ite:509 KerTime:0.373762 AccTime:190.937439
#IT Ite:510 KerTime:0.373736 AccTime:191.311175
#IT Ite:511 KerTime:0.373401 AccTime:191.684576
#IT Ite:512 KerTime:0.373909 AccTime:192.058485
#IT Ite:513 KerTime:0.372769 AccTime:192.431254
#IT Ite:514 KerTime:0.373277 AccTime:192.804531
#IT Ite:515 KerTime:0.373339 AccTime:193.177870
#IT Ite:516 KerTime:0.373712 AccTime:193.551582
#IT Ite:517 KerTime:0.373783 AccTime:193.925365
#IT Ite:518 KerTime:0.373115 AccTime:194.298480
#IT Ite:519 KerTime:0.373155 AccTime:194.671635
#IT Ite:520 KerTime:0.373434 AccTime:195.045069
#IT Ite:521 KerTime:0.372824 AccTime:195.417893
#IT Ite:522 KerTime:0.373583 AccTime:195.791476
#IT Ite:523 KerTime:0.373410 AccTime:196.164886
#IT Ite:524 KerTime:0.373426 AccTime:196.538312
#IT Ite:525 KerTime:0.373302 AccTime:196.911614
#IT Ite:526 KerTime:0.373863 AccTime:197.285477
#IT Ite:527 KerTime:0.373312 AccTime:197.658789
#IT Ite:528 KerTime:0.373359 AccTime:198.032148
#IT Ite:529 KerTime:0.373681 AccTime:198.405829
#IT Ite:530 KerTime:0.373463 AccTime:198.779292
#IT Ite:531 KerTime:0.373939 AccTime:199.153231
#IT Ite:532 KerTime:0.373685 AccTime:199.526916
#IT Ite:533 KerTime:0.373552 AccTime:199.900468
#IT Ite:534 KerTime:0.373881 AccTime:200.274349
#IT Ite:535 KerTime:0.373515 AccTime:200.647864
#ERR image_list_position: [535] boxes: [54]  x_r: 4.2659201049804688e+02 x_e: 4.2659225463867188e+02 x_diff: 2.4414062500000000e-04 y_r: 1.9666009521484375e+02 y_e: 1.9665806579589844e+02 y_diff: 2.0294189453125000e-03 w_r: 3.1030474853515625e+02 w_e: 3.1029293823242188e+02 w_diff: 1.1810302734375000e-02 h_r: 2.3354750061035156e+02 h_e: 2.3353991699218750e+02 h_diff: 7.5836181640625000e-03
#SDC Ite:535 KerTime:0.373515 AccTime:200.647864 KerErr:1 AccErr:1
#IT Ite:536 KerTime:0.372852 AccTime:201.020716
#IT Ite:537 KerTime:0.373038 AccTime:201.393754
#IT Ite:538 KerTime:0.373344 AccTime:201.767098
#IT Ite:539 KerTime:0.373031 AccTime:202.140129
#IT Ite:540 KerTime:0.373569 AccTime:202.513698
#IT Ite:541 KerTime:0.372895 AccTime:202.886593
#IT Ite:542 KerTime:0.373289 AccTime:203.259882
#IT Ite:543 KerTime:0.373210 AccTime:203.633092
#IT Ite:544 KerTime:0.373221 AccTime:204.006313
#IT Ite:545 KerTime:0.373505 AccTime:204.379818
#IT Ite:546 KerTime:0.373611 AccTime:204.753429
#IT Ite:547 KerTime:0.373469 AccTime:205.126898
#IT Ite:548 KerTime:0.372914 AccTime:205.499812
#IT Ite:549 KerTime:0.373733 AccTime:205.873545
#IT Ite:550 KerTime:0.373345 AccTime:206.246890
#IT Ite:551 KerTime:0.373221 AccTime:206.620111
#IT Ite:552 KerTime:0.373161 AccTime:206.993272
#IT Ite:553 KerTime:0.373695 AccTime:207.366967
#IT Ite:554 KerTime:0.373794 AccTime:207.740761
#IT Ite:555 KerTime:0.373083 AccTime:208.113844
#IT Ite:556 KerTime:0.373491 AccTime:208.487335
#IT Ite:557 KerTime:0.373415 AccTime:208.860750
#IT Ite:558 KerTime:0.373167 AccTime:209.233917
#IT Ite:559 KerTime:0.373567 AccTime:209.607484
#IT Ite:560 KerTime:0.373501 AccTime:209.980985
#IT Ite:561 KerTime:0.373865 AccTime:210.354850
#IT Ite:562 KerTime:0.373491 AccTime:210.728341
#IT Ite:563 KerTime:0.373612 AccTime:211.101953
#IT Ite:564 KerTime:0.373168 AccTime:211.475121
#IT Ite:565 KerTime:0.373172 AccTime:211.848293
#IT Ite:566 KerTime:0.372938 AccTime:212.221231
#IT Ite:567 KerTime:0.373830 AccTime:212.595061
#IT Ite:568 KerTime:0.373786 AccTime:212.968847
#IT Ite:569 KerTime:0.373245 AccTime:213.342092
#IT Ite:570 KerTime:0.373476 AccTime:213.715568
#IT Ite:571 KerTime:0.372903 AccTime:214.088471
#IT Ite:572 KerTime:0.373670 AccTime:214.462141
#IT Ite:573 KerTime:0.373047 AccTime:214.835188
#IT Ite:574 KerTime:0.373448 AccTime:215.208636
#IT Ite:575 KerTime:0.373690 AccTime:215.582326
#IT Ite:576 KerTime:0.373229 AccTime:215.955555
#IT Ite:577 KerTime:0.373467 AccTime:216.329022
#IT Ite:578 KerTime:0.372753 AccTime:216.701775
#IT Ite:579 KerTime:0.373518 AccTime:217.075293
#IT Ite:580 KerTime:0.373584 AccTime:217.448877
#IT Ite:581 KerTime:0.372873 AccTime:217.821750
#IT Ite:582 KerTime:0.373609 AccTime:218.195359
#IT Ite:583 KerTime:0.373514 AccTime:218.568873
#IT Ite:584 KerTime:0.373619 AccTime:218.942492
#IT Ite:585 KerTime:0.373685 AccTime:219.316177
#IT Ite:586 KerTime:0.373264 AccTime:219.689441
#IT Ite:587 KerTime:0.373503 AccTime:220.062944
#IT Ite:588 KerTime:0.372736 AccTime:220.435680
#IT Ite:589 KerTime:0.373491 AccTime:220.809171
#IT Ite:590 KerTime:0.373210 AccTime:221.182381
#IT Ite:591 KerTime:0.372881 AccTime:221.555262
#IT Ite:592 KerTime:0.373647 AccTime:221.928909
#IT Ite:593 KerTime:0.373527 AccTime:222.302436
#IT Ite:594 KerTime:0.373533 AccTime:222.675969
#IT Ite:595 KerTime:0.373218 AccTime:223.049187
#IT Ite:596 KerTime:0.373692 AccTime:223.422879
#IT Ite:597 KerTime:0.373199 AccTime:223.796078
#IT Ite:598 KerTime:0.373188 AccTime:224.169266
#IT Ite:599 KerTime:0.373380 AccTime:224.542646
#IT Ite:600 KerTime:0.373175 AccTime:224.915821
#IT Ite:601 KerTime:0.372727 AccTime:225.288548
#IT Ite:602 KerTime:0.373470 AccTime:225.662018
#IT Ite:603 KerTime:0.373292 AccTime:226.035310
#IT Ite:604 KerTime:0.373604 AccTime:226.408914
#IT Ite:605 KerTime:0.373434 AccTime:226.782348
#IT Ite:606 KerTime:0.373244 AccTime:227.155592
#IT Ite:607 KerTime:0.373181 AccTime:227.528773
#IT Ite:608 KerTime:0.373186 AccTime:227.901959
#IT Ite:609 KerTime:0.373741 AccTime:228.275700
#IT Ite:610 KerTime:0.373104 AccTime:228.648804
#IT Ite:611 KerTime:0.373838 AccTime:229.022642
#IT Ite:612 KerTime:0.373805 AccTime:229.396447
#IT Ite:613 KerTime:0.372989 AccTime:229.769436
#IT Ite:614 KerTime:0.373497 AccTime:230.142933
#IT Ite:615 KerTime:0.373325 AccTime:230.516258
#IT Ite:616 KerTime:0.373611 AccTime:230.889869
#IT Ite:617 KerTime:0.373502 AccTime:231.263371
#IT Ite:618 KerTime:0.373709 AccTime:231.637080
#IT Ite:619 KerTime:0.373497 AccTime:232.010577
#IT Ite:620 KerTime:0.373706 AccTime:232.384283
#IT Ite:621 KerTime:0.373472 AccTime:232.757755
#IT Ite:622 KerTime:0.373160 AccTime:233.130915
#IT Ite:623 KerTime:0.373300 AccTime:233.504215
#IT Ite:624 KerTime:0.373644 AccTime:233.877859
#IT Ite:625 KerTime:0.373568 AccTime:234.251427
#IT Ite:626 KerTime:0.373067 AccTime:234.624494
#IT Ite:627 KerTime:0.373694 AccTime:234.998188
#IT Ite:628 KerTime:0.373017 AccTime:235.371205
#IT Ite:629 KerTime:0.373379 AccTime:235.744584
#IT Ite:630 KerTime:0.373471 AccTime:236.118055
#IT Ite:631 KerTime:0.372722 AccTime:236.490777
#IT Ite:632 KerTime:0.372998 AccTime:236.863775
#IT Ite:633 KerTime:0.373334 AccTime:237.237109
#IT Ite:634 KerTime:0.373502 AccTime:237.610611
#IT Ite:635 KerTime:0.373651 AccTime:237.984262
#IT Ite:636 KerTime:0.373431 AccTime:238.357693
#IT Ite:637 KerTime:0.373553 AccTime:238.731246
#IT Ite:638 KerTime:0.373809 AccTime:239.105055
#IT Ite:639 KerTime:0.373060 AccTime:239.478115
#IT Ite:640 KerTime:0.373764 AccTime:239.851879
#IT Ite:641 KerTime:0.373842 AccTime:240.225721
#IT Ite:642 KerTime:0.373794 AccTime:240.599515
#IT Ite:643 KerTime:0.373821 AccTime:240.973336
#IT Ite:644 KerTime:0.373493 AccTime:241.346829
#IT Ite:645 KerTime:0.373617 AccTime:241.720446
#IT Ite:646 KerTime:0.373433 AccTime:242.093879
#IT Ite:647 KerTime:0.373891 AccTime:242.467770
#IT Ite:648 KerTime:0.373868 AccTime:242.841638
#IT Ite:649 KerTime:0.373703 AccTime:243.215341
#IT Ite:650 KerTime:0.373723 AccTime:243.589064
#IT Ite:651 KerTime:0.373856 AccTime:243.962920
#IT Ite:652 KerTime:0.373367 AccTime:244.336287
#IT Ite:653 KerTime:0.373378 AccTime:244.709665
#IT Ite:654 KerTime:0.373193 AccTime:245.082858
#IT Ite:655 KerTime:0.373225 AccTime:245.456083
#IT Ite:656 KerTime:0.373223 AccTime:245.829306
#IT Ite:657 KerTime:0.373214 AccTime:246.202520
#IT Ite:658 KerTime:0.373213 AccTime:246.575733
#IT Ite:659 KerTime:0.373392 AccTime:246.949125
#IT Ite:660 KerTime:0.373423 AccTime:247.322548
#IT Ite:661 KerTime:0.373786 AccTime:247.696334
#IT Ite:662 KerTime:0.373103 AccTime:248.069437
#IT Ite:663 KerTime:0.372954 AccTime:248.442391
#IT Ite:664 KerTime:0.372928 AccTime:248.815319
#IT Ite:665 KerTime:0.373290 AccTime:249.188609
#IT Ite:666 KerTime:0.373397 AccTime:249.562006
#IT Ite:667 KerTime:0.373521 AccTime:249.935527
#IT Ite:668 KerTime:0.373412 AccTime:250.308939
#IT Ite:669 KerTime:0.373859 AccTime:250.682798
#IT Ite:670 KerTime:0.372949 AccTime:251.055747
#IT Ite:671 KerTime:0.373210 AccTime:251.428957
#IT Ite:672 KerTime:0.373339 AccTime:251.802296
#IT Ite:673 KerTime:0.373508 AccTime:252.175804
#IT Ite:674 KerTime:0.373461 AccTime:252.549265
#IT Ite:675 KerTime:0.373496 AccTime:252.922761
#IT Ite:676 KerTime:0.373799 AccTime:253.296560
#IT Ite:677 KerTime:0.373566 AccTime:253.670126
#IT Ite:678 KerTime:0.373509 AccTime:254.043635
#IT Ite:679 KerTime:0.373680 AccTime:254.417315
#IT Ite:680 KerTime:0.373627 AccTime:254.790942
#IT Ite:681 KerTime:0.373703 AccTime:255.164645
#IT Ite:682 KerTime:0.373913 AccTime:255.538558
#IT Ite:683 KerTime:0.373565 AccTime:255.912123
#IT Ite:684 KerTime:0.373742 AccTime:256.285865
#IT Ite:685 KerTime:0.372896 AccTime:256.658761
#IT Ite:686 KerTime:0.373425 AccTime:257.032186
#IT Ite:687 KerTime:0.373531 AccTime:257.405717
#IT Ite:688 KerTime:0.373674 AccTime:257.779391
#IT Ite:689 KerTime:0.373536 AccTime:258.152927
#IT Ite:690 KerTime:0.373325 AccTime:258.526252
#IT Ite:691 KerTime:0.373657 AccTime:258.899909
#IT Ite:692 KerTime:0.373572 AccTime:259.273481
#IT Ite:693 KerTime:0.373394 AccTime:259.646875
#IT Ite:694 KerTime:0.373833 AccTime:260.020708
#IT Ite:695 KerTime:0.373323 AccTime:260.394031
#IT Ite:696 KerTime:0.373577 AccTime:260.767608
#IT Ite:697 KerTime:0.373224 AccTime:261.140832
#IT Ite:698 KerTime:0.373433 AccTime:261.514265
#IT Ite:699 KerTime:0.373342 AccTime:261.887607
#IT Ite:700 KerTime:0.373888 AccTime:262.261495
#IT Ite:701 KerTime:0.373460 AccTime:262.634955
#IT Ite:702 KerTime:0.373207 AccTime:263.008162
#IT Ite:703 KerTime:0.373453 AccTime:263.381615
#IT Ite:704 KerTime:0.373038 AccTime:263.754653
#IT Ite:705 KerTime:0.373548 AccTime:264.128201
#IT Ite:706 KerTime:0.373613 AccTime:264.501814
#IT Ite:707 KerTime:0.373338 AccTime:264.875152
#IT Ite:708 KerTime:0.373725 AccTime:265.248877
#IT Ite:709 KerTime:0.373013 AccTime:265.621890
#IT Ite:710 KerTime:0.373527 AccTime:265.995417
#IT Ite:711 KerTime:0.373256 AccTime:266.368673
#IT Ite:712 KerTime:0.373336 AccTime:266.742009
#IT Ite:713 KerTime:0.373484 AccTime:267.115493
#IT Ite:714 KerTime:0.372972 AccTime:267.488465
#IT Ite:715 KerTime:0.373140 AccTime:267.861605
#IT Ite:716 KerTime:0.373190 AccTime:268.234795
#IT Ite:717 KerTime:0.373742 AccTime:268.608537
#IT Ite:718 KerTime:0.373612 AccTime:268.982149
#IT Ite:719 KerTime:0.373608 AccTime:269.355757
#IT Ite:720 KerTime:0.373040 AccTime:269.728797
#IT Ite:721 KerTime:0.373568 AccTime:270.102365
#IT Ite:722 KerTime:0.373300 AccTime:270.475665
#IT Ite:723 KerTime:0.373182 AccTime:270.848847
#IT Ite:724 KerTime:0.373527 AccTime:271.222374
#IT Ite:725 KerTime:0.373587 AccTime:271.595961
#IT Ite:726 KerTime:0.373848 AccTime:271.969809
#IT Ite:727 KerTime:0.372986 AccTime:272.342795
#IT Ite:728 KerTime:0.373411 AccTime:272.716206
#IT Ite:729 KerTime:0.372936 AccTime:273.089142
#IT Ite:730 KerTime:0.373540 AccTime:273.462682
#IT Ite:731 KerTime:0.373407 AccTime:273.836089
#IT Ite:732 KerTime:0.373087 AccTime:274.209176
#IT Ite:733 KerTime:0.373142 AccTime:274.582318
#IT Ite:734 KerTime:0.373244 AccTime:274.955562
#IT Ite:735 KerTime:0.373343 AccTime:275.328905
#IT Ite:736 KerTime:0.373220 AccTime:275.702125
#IT Ite:737 KerTime:0.373538 AccTime:276.075663
#IT Ite:738 KerTime:0.373237 AccTime:276.448900
#IT Ite:739 KerTime:0.373666 AccTime:276.822566
#IT Ite:740 KerTime:0.373095 AccTime:277.195661
#IT Ite:741 KerTime:0.373455 AccTime:277.569116
#IT Ite:742 KerTime:0.373984 AccTime:277.943100
#IT Ite:743 KerTime:0.373610 AccTime:278.316710
#IT Ite:744 KerTime:0.373422 AccTime:278.690132
#IT Ite:745 KerTime:0.373365 AccTime:279.063497
#IT Ite:746 KerTime:0.373224 AccTime:279.436721
#IT Ite:747 KerTime:0.373382 AccTime:279.810103
#IT Ite:748 KerTime:0.373356 AccTime:280.183459
#IT Ite:749 KerTime:0.373138 AccTime:280.556597
#IT Ite:750 KerTime:0.373373 AccTime:280.929970
#IT Ite:751 KerTime:0.373548 AccTime:281.303518
#IT Ite:752 KerTime:0.373852 AccTime:281.677370
#IT Ite:753 KerTime:0.373250 AccTime:282.050620
#IT Ite:754 KerTime:0.373377 AccTime:282.423997
#IT Ite:755 KerTime:0.373325 AccTime:282.797322
#IT Ite:756 KerTime:0.373471 AccTime:283.170793
#IT Ite:757 KerTime:0.373452 AccTime:283.544245
#IT Ite:758 KerTime:0.373103 AccTime:283.917348
#IT Ite:759 KerTime:0.373156 AccTime:284.290504
#IT Ite:760 KerTime:0.373713 AccTime:284.664217
#IT Ite:761 KerTime:0.373652 AccTime:285.037869
#IT Ite:762 KerTime:0.373861 AccTime:285.411730
#IT Ite:763 KerTime:0.373333 AccTime:285.785063
#IT Ite:764 KerTime:0.372884 AccTime:286.157947
#IT Ite:765 KerTime:0.373204 AccTime:286.531151
#IT Ite:766 KerTime:0.373941 AccTime:286.905092
#IT Ite:767 KerTime:0.373733 AccTime:287.278825
#IT Ite:768 KerTime:0.373538 AccTime:287.652363
#IT Ite:769 KerTime:0.373832 AccTime:288.026195
#IT Ite:770 KerTime:0.374079 AccTime:288.400274
#IT Ite:771 KerTime:0.373712 AccTime:288.773986
#IT Ite:772 KerTime:0.373393 AccTime:289.147379
#IT Ite:773 KerTime:0.373712 AccTime:289.521091
#IT Ite:774 KerTime:0.373823 AccTime:289.894914
#IT Ite:775 KerTime:0.373955 AccTime:290.268869
#IT Ite:776 KerTime:0.373483 AccTime:290.642352
#IT Ite:777 KerTime:0.373246 AccTime:291.015598
#IT Ite:778 KerTime:0.373826 AccTime:291.389424
#IT Ite:779 KerTime:0.373172 AccTime:291.762596
#IT Ite:780 KerTime:0.373690 AccTime:292.136286
#IT Ite:781 KerTime:0.373571 AccTime:292.509857
#IT Ite:782 KerTime:0.373662 AccTime:292.883519
#IT Ite:783 KerTime:0.373508 AccTime:293.257027
#IT Ite:784 KerTime:0.373262 AccTime:293.630289
#IT Ite:785 KerTime:0.373611 AccTime:294.003900
#IT Ite:786 KerTime:0.373829 AccTime:294.377729
#IT Ite:787 KerTime:0.373637 AccTime:294.751366
#IT Ite:788 KerTime:0.373734 AccTime:295.125100
#IT Ite:789 KerTime:0.373559 AccTime:295.498659
#IT Ite:790 KerTime:0.373472 AccTime:295.872131
#IT Ite:791 KerTime:0.373666 AccTime:296.245797
#IT Ite:792 KerTime:0.372943 AccTime:296.618740
#IT Ite:793 KerTime:0.373491 AccTime:296.992231
#IT Ite:794 KerTime:0.373743 AccTime:297.365974
#IT Ite:795 KerTime:0.373638 AccTime:297.739612
#IT Ite:796 KerTime:0.373463 AccTime:298.113075
#IT Ite:797 KerTime:0.373754 AccTime:298.486829
#IT Ite:798 KerTime:0.373079 AccTime:298.859908
#IT Ite:799 KerTime:0.373598 AccTime:299.233506
#IT Ite:800 KerTime:0.373687 AccTime:299.607193
#IT Ite:801 KerTime:0.372588 AccTime:299.979781
#IT Ite:802 KerTime:0.373368 AccTime:300.353149
#IT Ite:803 KerTime:0.373601 AccTime:300.726750
#IT Ite:804 KerTime:0.373847 AccTime:301.100597
#IT Ite:805 KerTime:0.372981 AccTime:301.473578
#IT Ite:806 KerTime:0.373622 AccTime:301.847200
#IT Ite:807 KerTime:0.373740 AccTime:302.220940
#IT Ite:808 KerTime:0.373543 AccTime:302.594483
#IT Ite:809 KerTime:0.373668 AccTime:302.968151
#IT Ite:810 KerTime:0.373042 AccTime:303.341193
#IT Ite:811 KerTime:0.373327 AccTime:303.714520
#IT Ite:812 KerTime:0.373534 AccTime:304.088054
#IT Ite:813 KerTime:0.373326 AccTime:304.461380
#IT Ite:814 KerTime:0.373329 AccTime:304.834709
#IT Ite:815 KerTime:0.373753 AccTime:305.208462
#IT Ite:816 KerTime:0.373425 AccTime:305.581887
#IT Ite:817 KerTime:0.372858 AccTime:305.954745
#IT Ite:818 KerTime:0.373686 AccTime:306.328431
#IT Ite:819 KerTime:0.373780 AccTime:306.702211
#IT Ite:820 KerTime:0.373441 AccTime:307.075652
#IT Ite:821 KerTime:0.373644 AccTime:307.449296
#IT Ite:822 KerTime:0.373755 AccTime:307.823051
#IT Ite:823 KerTime:0.373949 AccTime:308.197000
#IT Ite:824 KerTime:0.373797 AccTime:308.570797
#IT Ite:825 KerTime:0.373391 AccTime:308.944188
#IT Ite:826 KerTime:0.373787 AccTime:309.317975
#IT Ite:827 KerTime:0.373464 AccTime:309.691439
#IT Ite:828 KerTime:0.373568 AccTime:310.065007
#IT Ite:829 KerTime:0.373209 AccTime:310.438216
#IT Ite:830 KerTime:0.373439 AccTime:310.811655
#IT Ite:831 KerTime:0.373618 AccTime:311.185273
#IT Ite:832 KerTime:0.373881 AccTime:311.559154
#IT Ite:833 KerTime:0.373278 AccTime:311.932432
#IT Ite:834 KerTime:0.373926 AccTime:312.306358
#IT Ite:835 KerTime:0.373194 AccTime:312.679552
#IT Ite:836 KerTime:0.373914 AccTime:313.053466
#IT Ite:837 KerTime:0.373193 AccTime:313.426659
#IT Ite:838 KerTime:0.373895 AccTime:313.800554
#IT Ite:839 KerTime:0.373856 AccTime:314.174410
#IT Ite:840 KerTime:0.373876 AccTime:314.548286
#IT Ite:841 KerTime:0.373154 AccTime:314.921440
#IT Ite:842 KerTime:0.373547 AccTime:315.294987
#IT Ite:843 KerTime:0.373103 AccTime:315.668090
#IT Ite:844 KerTime:0.375101 AccTime:316.043191
#IT Ite:845 KerTime:0.373377 AccTime:316.416568
#IT Ite:846 KerTime:0.374270 AccTime:316.790838
#IT Ite:847 KerTime:0.373844 AccTime:317.164682
#IT Ite:848 KerTime:0.373043 AccTime:317.537725
#IT Ite:849 KerTime:0.373176 AccTime:317.910901
#IT Ite:850 KerTime:0.372770 AccTime:318.283671
#IT Ite:851 KerTime:0.373952 AccTime:318.657623
#IT Ite:852 KerTime:0.373566 AccTime:319.031189
#IT Ite:853 KerTime:0.373496 AccTime:319.404685
#IT Ite:854 KerTime:0.373428 AccTime:319.778113
#IT Ite:855 KerTime:0.373637 AccTime:320.151750
#IT Ite:856 KerTime:0.373509 AccTime:320.525259
#IT Ite:857 KerTime:0.373233 AccTime:320.898492
#IT Ite:858 KerTime:0.373757 AccTime:321.272249
#IT Ite:859 KerTime:0.374119 AccTime:321.646368
#IT Ite:860 KerTime:0.374258 AccTime:322.020626
#IT Ite:861 KerTime:0.373328 AccTime:322.393954
#IT Ite:862 KerTime:0.373859 AccTime:322.767813
#IT Ite:863 KerTime:0.373803 AccTime:323.141616
#IT Ite:864 KerTime:0.373253 AccTime:323.514869
#IT Ite:865 KerTime:0.373320 AccTime:323.888189
#IT Ite:866 KerTime:0.372789 AccTime:324.260978
#IT Ite:867 KerTime:0.373102 AccTime:324.634080
#IT Ite:868 KerTime:0.373810 AccTime:325.007890
#IT Ite:869 KerTime:0.373378 AccTime:325.381268
#IT Ite:870 KerTime:0.373459 AccTime:325.754727
#IT Ite:871 KerTime:0.373713 AccTime:326.128440
#IT Ite:872 KerTime:0.373698 AccTime:326.502138
#IT Ite:873 KerTime:0.373731 AccTime:326.875869
#IT Ite:874 KerTime:0.373747 AccTime:327.249616
#IT Ite:875 KerTime:0.373794 AccTime:327.623410
#IT Ite:876 KerTime:0.373504 AccTime:327.996914
#IT Ite:877 KerTime:0.373315 AccTime:328.370229
#IT Ite:878 KerTime:0.373370 AccTime:328.743599
#IT Ite:879 KerTime:0.373264 AccTime:329.116863
#IT Ite:880 KerTime:0.373560 AccTime:329.490423
#IT Ite:881 KerTime:0.373827 AccTime:329.864250
#IT Ite:882 KerTime:0.373588 AccTime:330.237838
#IT Ite:883 KerTime:0.373428 AccTime:330.611266
#IT Ite:884 KerTime:0.373356 AccTime:330.984622
#IT Ite:885 KerTime:0.373806 AccTime:331.358428
#IT Ite:886 KerTime:0.373149 AccTime:331.731577
#IT Ite:887 KerTime:0.373788 AccTime:332.105365
#IT Ite:888 KerTime:0.373736 AccTime:332.479101
#IT Ite:889 KerTime:0.373764 AccTime:332.852865
#IT Ite:890 KerTime:0.373996 AccTime:333.226861
#IT Ite:891 KerTime:0.372942 AccTime:333.599803
#IT Ite:892 KerTime:0.373086 AccTime:333.972889
#IT Ite:893 KerTime:0.373131 AccTime:334.346020
#IT Ite:894 KerTime:0.373892 AccTime:334.719912
#IT Ite:895 KerTime:0.373659 AccTime:335.093571
#IT Ite:896 KerTime:0.373601 AccTime:335.467172
#IT Ite:897 KerTime:0.373532 AccTime:335.840704
#IT Ite:898 KerTime:0.373299 AccTime:336.214003
#IT Ite:899 KerTime:0.373635 AccTime:336.587638
#IT Ite:900 KerTime:0.373662 AccTime:336.961300
#IT Ite:901 KerTime:0.374084 AccTime:337.335384
#IT Ite:902 KerTime:0.372801 AccTime:337.708185
#IT Ite:903 KerTime:0.373909 AccTime:338.082094
#IT Ite:904 KerTime:0.373944 AccTime:338.456038
#IT Ite:905 KerTime:0.373439 AccTime:338.829477
#IT Ite:906 KerTime:0.373710 AccTime:339.203187
#IT Ite:907 KerTime:0.373461 AccTime:339.576648
#IT Ite:908 KerTime:0.373448 AccTime:339.950096
#IT Ite:909 KerTime:0.373295 AccTime:340.323391
#IT Ite:910 KerTime:0.373772 AccTime:340.697163
#IT Ite:911 KerTime:0.372865 AccTime:341.070028
#IT Ite:912 KerTime:0.373184 AccTime:341.443212
#IT Ite:913 KerTime:0.373810 AccTime:341.817022
#IT Ite:914 KerTime:0.373437 AccTime:342.190459
#IT Ite:915 KerTime:0.373252 AccTime:342.563711
#IT Ite:916 KerTime:0.373948 AccTime:342.937659
#IT Ite:917 KerTime:0.373095 AccTime:343.310754
#IT Ite:918 KerTime:0.373607 AccTime:343.684361
#IT Ite:919 KerTime:0.373724 AccTime:344.058085
#IT Ite:920 KerTime:0.373442 AccTime:344.431527
#IT Ite:921 KerTime:0.373327 AccTime:344.804854
#IT Ite:922 KerTime:0.373630 AccTime:345.178484
#IT Ite:923 KerTime:0.373837 AccTime:345.552321
#IT Ite:924 KerTime:0.374025 AccTime:345.926346
#IT Ite:925 KerTime:0.373611 AccTime:346.299957
#IT Ite:926 KerTime:0.373842 AccTime:346.673799
#IT Ite:927 KerTime:0.373709 AccTime:347.047508
#IT Ite:928 KerTime:0.373875 AccTime:347.421383
#IT Ite:929 KerTime:0.373756 AccTime:347.795139
#IT Ite:930 KerTime:0.373589 AccTime:348.168728
#IT Ite:931 KerTime:0.373298 AccTime:348.542026
#IT Ite:932 KerTime:0.373885 AccTime:348.915911
#IT Ite:933 KerTime:0.373669 AccTime:349.289580
#IT Ite:934 KerTime:0.373259 AccTime:349.662839
#IT Ite:935 KerTime:0.373167 AccTime:350.036006
#IT Ite:936 KerTime:0.373016 AccTime:350.409022
#IT Ite:937 KerTime:0.373449 AccTime:350.782471
#IT Ite:938 KerTime:0.373235 AccTime:351.155706
#IT Ite:939 KerTime:0.373797 AccTime:351.529503
#IT Ite:940 KerTime:0.373364 AccTime:351.902867
#IT Ite:941 KerTime:0.373262 AccTime:352.276129
#IT Ite:942 KerTime:0.372963 AccTime:352.649092
#IT Ite:943 KerTime:0.373736 AccTime:353.022828
#IT Ite:944 KerTime:0.373805 AccTime:353.396633
#IT Ite:945 KerTime:0.373272 AccTime:353.769905
#IT Ite:946 KerTime:0.373104 AccTime:354.143009
#IT Ite:947 KerTime:0.373431 AccTime:354.516440
#IT Ite:948 KerTime:0.373412 AccTime:354.889852
#IT Ite:949 KerTime:0.373345 AccTime:355.263197
#IT Ite:950 KerTime:0.373434 AccTime:355.636631
#IT Ite:951 KerTime:0.373620 AccTime:356.010251
#IT Ite:952 KerTime:0.373285 AccTime:356.383536
#IT Ite:953 KerTime:0.374034 AccTime:356.757570
#IT Ite:954 KerTime:0.373270 AccTime:357.130840
#IT Ite:955 KerTime:0.373146 AccTime:357.503986
#IT Ite:956 KerTime:0.373626 AccTime:357.877612
#IT Ite:957 KerTime:0.373413 AccTime:358.251025
#IT Ite:958 KerTime:0.373641 AccTime:358.624666
#IT Ite:959 KerTime:0.373077 AccTime:358.997743
#IT Ite:960 KerTime:0.373473 AccTime:359.371216
#IT Ite:961 KerTime:0.373650 AccTime:359.744866
#IT Ite:962 KerTime:0.373396 AccTime:360.118262
#IT Ite:963 KerTime:0.373112 AccTime:360.491374
#IT Ite:964 KerTime:0.373388 AccTime:360.864762
#IT Ite:965 KerTime:0.374354 AccTime:361.239116
#IT Ite:966 KerTime:0.373488 AccTime:361.612604
#IT Ite:967 KerTime:0.373465 AccTime:361.986069
#IT Ite:968 KerTime:0.373929 AccTime:362.359998
#IT Ite:969 KerTime:0.373136 AccTime:362.733134
#IT Ite:970 KerTime:0.373303 AccTime:363.106437
#IT Ite:971 KerTime:0.373452 AccTime:363.479889
#IT Ite:972 KerTime:0.373660 AccTime:363.853549
#IT Ite:973 KerTime:0.373652 AccTime:364.227201
#IT Ite:974 KerTime:0.373914 AccTime:364.601115
#IT Ite:975 KerTime:0.373183 AccTime:364.974298
#IT Ite:976 KerTime:0.373848 AccTime:365.348146
#IT Ite:977 KerTime:0.373721 AccTime:365.721867
#IT Ite:978 KerTime:0.373439 AccTime:366.095306
#IT Ite:979 KerTime:0.373417 AccTime:366.468723
#IT Ite:980 KerTime:0.373998 AccTime:366.842721
#IT Ite:981 KerTime:0.373775 AccTime:367.216496
#IT Ite:982 KerTime:0.373205 AccTime:367.589701
#IT Ite:983 KerTime:0.373310 AccTime:367.963011
#IT Ite:984 KerTime:0.373353 AccTime:368.336364
#IT Ite:985 KerTime:0.373475 AccTime:368.709839
#IT Ite:986 KerTime:0.373785 AccTime:369.083624
#IT Ite:987 KerTime:0.373820 AccTime:369.457444
#IT Ite:988 KerTime:0.373244 AccTime:369.830688
#IT Ite:989 KerTime:0.373204 AccTime:370.203892
#IT Ite:990 KerTime:0.373332 AccTime:370.577224
#IT Ite:991 KerTime:0.373398 AccTime:370.950622
#IT Ite:992 KerTime:0.373623 AccTime:371.324245
#IT Ite:993 KerTime:0.373743 AccTime:371.697988
#IT Ite:994 KerTime:0.373664 AccTime:372.071652
#IT Ite:995 KerTime:0.373074 AccTime:372.444726
