#HEADER execution_type:yolo execution_model:valid img_list_path:/home/carol/radiation-benchmarks/data/networks_img_list/caltech.pedestrians.critical.1K.txt weights:/home/carol/radiation-benchmarks/data/darknet/yolo.weights config_file:/home/carol/radiation-benchmarks/data/darknet/yolo.cfg iterations:10000 abft: no_abft
#BEGIN Y:2016 M:12 D:11 Time:19:56:06
#IT Ite:0 KerTime:0.550528 AccTime:0.550528
#IT Ite:1 KerTime:0.361346 AccTime:0.911874
#IT Ite:2 KerTime:0.357725 AccTime:1.269599
#IT Ite:3 KerTime:0.357251 AccTime:1.626850
#IT Ite:4 KerTime:0.357634 AccTime:1.984484
#IT Ite:5 KerTime:0.357336 AccTime:2.341820
#IT Ite:6 KerTime:0.357263 AccTime:2.699083
#IT Ite:7 KerTime:0.357043 AccTime:3.056126
#IT Ite:8 KerTime:0.357536 AccTime:3.413662
#IT Ite:9 KerTime:0.356947 AccTime:3.770609
#IT Ite:10 KerTime:0.357547 AccTime:4.128156
#IT Ite:11 KerTime:0.357790 AccTime:4.485946
#IT Ite:12 KerTime:0.357299 AccTime:4.843245
#IT Ite:13 KerTime:0.357853 AccTime:5.201098
#IT Ite:14 KerTime:0.357762 AccTime:5.558860
#IT Ite:15 KerTime:0.357292 AccTime:5.916152
#IT Ite:16 KerTime:0.357394 AccTime:6.273546
#IT Ite:17 KerTime:0.357393 AccTime:6.630939
#IT Ite:18 KerTime:0.357675 AccTime:6.988614
#IT Ite:19 KerTime:0.357624 AccTime:7.346238
#IT Ite:20 KerTime:0.357823 AccTime:7.704061
#IT Ite:21 KerTime:0.356918 AccTime:8.060979
#IT Ite:22 KerTime:0.357870 AccTime:8.418849
#IT Ite:23 KerTime:0.357711 AccTime:8.776560
#IT Ite:24 KerTime:0.357270 AccTime:9.133830
#IT Ite:25 KerTime:0.357750 AccTime:9.491580
#IT Ite:26 KerTime:0.357258 AccTime:9.848838
#IT Ite:27 KerTime:0.357663 AccTime:10.206501
#IT Ite:28 KerTime:0.359222 AccTime:10.565723
#IT Ite:29 KerTime:0.357264 AccTime:10.922987
#IT Ite:30 KerTime:0.357294 AccTime:11.280281
#IT Ite:31 KerTime:0.357567 AccTime:11.637848
#IT Ite:32 KerTime:0.357435 AccTime:11.995283
#IT Ite:33 KerTime:0.357354 AccTime:12.352637
#IT Ite:34 KerTime:0.357583 AccTime:12.710220
#IT Ite:35 KerTime:0.357698 AccTime:13.067918
#IT Ite:36 KerTime:0.357550 AccTime:13.425468
#IT Ite:37 KerTime:0.357613 AccTime:13.783081
#IT Ite:38 KerTime:0.357553 AccTime:14.140634
#IT Ite:39 KerTime:0.357319 AccTime:14.497953
#IT Ite:40 KerTime:0.357783 AccTime:14.855736
#IT Ite:41 KerTime:0.357411 AccTime:15.213147
#IT Ite:42 KerTime:0.356847 AccTime:15.569994
#IT Ite:43 KerTime:0.357245 AccTime:15.927239
#IT Ite:44 KerTime:0.357699 AccTime:16.284938
#IT Ite:45 KerTime:0.357368 AccTime:16.642306
#IT Ite:46 KerTime:0.356962 AccTime:16.999268
#IT Ite:47 KerTime:0.357667 AccTime:17.356935
#IT Ite:48 KerTime:0.357256 AccTime:17.714191
#IT Ite:49 KerTime:0.357729 AccTime:18.071920
#IT Ite:50 KerTime:0.357804 AccTime:18.429724
#IT Ite:51 KerTime:0.357811 AccTime:18.787535
#IT Ite:52 KerTime:0.357608 AccTime:19.145143
#IT Ite:53 KerTime:0.357262 AccTime:19.502405
#IT Ite:54 KerTime:0.357331 AccTime:19.859736
#IT Ite:55 KerTime:0.357245 AccTime:20.216981
#IT Ite:56 KerTime:0.357830 AccTime:20.574811
#IT Ite:57 KerTime:0.357061 AccTime:20.931872
#IT Ite:58 KerTime:0.357891 AccTime:21.289763
#IT Ite:59 KerTime:0.357737 AccTime:21.647500
#IT Ite:60 KerTime:0.357199 AccTime:22.004699
#IT Ite:61 KerTime:0.357563 AccTime:22.362262
#IT Ite:62 KerTime:0.357804 AccTime:22.720066
#IT Ite:63 KerTime:0.357781 AccTime:23.077847
#IT Ite:64 KerTime:0.357342 AccTime:23.435189
#IT Ite:65 KerTime:0.357333 AccTime:23.792522
#IT Ite:66 KerTime:0.357177 AccTime:24.149699
#IT Ite:67 KerTime:0.357350 AccTime:24.507049
#IT Ite:68 KerTime:0.357617 AccTime:24.864666
#IT Ite:69 KerTime:0.357641 AccTime:25.222307
#IT Ite:70 KerTime:0.357588 AccTime:25.579895
#IT Ite:71 KerTime:0.357664 AccTime:25.937559
#IT Ite:72 KerTime:0.357443 AccTime:26.295002
#IT Ite:73 KerTime:0.357462 AccTime:26.652464
#IT Ite:74 KerTime:0.357695 AccTime:27.010159
#IT Ite:75 KerTime:0.357265 AccTime:27.367424
#IT Ite:76 KerTime:0.357572 AccTime:27.724996
#IT Ite:77 KerTime:0.357426 AccTime:28.082422
#IT Ite:78 KerTime:0.357428 AccTime:28.439850
#IT Ite:79 KerTime:0.356912 AccTime:28.796762
#IT Ite:80 KerTime:0.357596 AccTime:29.154358
#IT Ite:81 KerTime:0.357209 AccTime:29.511567
#IT Ite:82 KerTime:0.357616 AccTime:29.869183
#IT Ite:83 KerTime:0.357677 AccTime:30.226860
#IT Ite:84 KerTime:0.357681 AccTime:30.584541
#IT Ite:85 KerTime:0.357775 AccTime:30.942316
#IT Ite:86 KerTime:0.357526 AccTime:31.299842
#IT Ite:87 KerTime:0.357336 AccTime:31.657178
#IT Ite:88 KerTime:0.356912 AccTime:32.014090
#IT Ite:89 KerTime:0.357405 AccTime:32.371495
#IT Ite:90 KerTime:0.357160 AccTime:32.728655
#IT Ite:91 KerTime:0.357141 AccTime:33.085796
#IT Ite:92 KerTime:0.357293 AccTime:33.443089
#IT Ite:93 KerTime:0.357361 AccTime:33.800450
#IT Ite:94 KerTime:0.357330 AccTime:34.157780
#IT Ite:95 KerTime:0.357208 AccTime:34.514988
#IT Ite:96 KerTime:0.357310 AccTime:34.872298
#IT Ite:97 KerTime:0.357695 AccTime:35.229993
#IT Ite:98 KerTime:0.357310 AccTime:35.587303
#IT Ite:99 KerTime:0.357452 AccTime:35.944755
#IT Ite:100 KerTime:0.356967 AccTime:36.301722
#IT Ite:101 KerTime:0.357741 AccTime:36.659463
#IT Ite:102 KerTime:0.357376 AccTime:37.016839
#IT Ite:103 KerTime:0.357261 AccTime:37.374100
#IT Ite:104 KerTime:0.357348 AccTime:37.731448
#IT Ite:105 KerTime:0.357609 AccTime:38.089057
#IT Ite:106 KerTime:0.357303 AccTime:38.446360
#IT Ite:107 KerTime:0.357498 AccTime:38.803858
#IT Ite:108 KerTime:0.357696 AccTime:39.161554
#IT Ite:109 KerTime:0.357537 AccTime:39.519091
#IT Ite:110 KerTime:0.356993 AccTime:39.876084
#IT Ite:111 KerTime:0.357315 AccTime:40.233399
#IT Ite:112 KerTime:0.357318 AccTime:40.590717
#IT Ite:113 KerTime:0.357434 AccTime:40.948151
#IT Ite:114 KerTime:0.357307 AccTime:41.305458
#IT Ite:115 KerTime:0.357703 AccTime:41.663161
#IT Ite:116 KerTime:0.357432 AccTime:42.020593
#IT Ite:117 KerTime:0.357572 AccTime:42.378165
#IT Ite:118 KerTime:0.357417 AccTime:42.735582
#IT Ite:119 KerTime:0.357570 AccTime:43.093152
#IT Ite:120 KerTime:0.357884 AccTime:43.451036
#IT Ite:121 KerTime:0.357495 AccTime:43.808531
#IT Ite:122 KerTime:0.357491 AccTime:44.166022
#IT Ite:123 KerTime:0.357627 AccTime:44.523649
#IT Ite:124 KerTime:0.357657 AccTime:44.881306
#IT Ite:125 KerTime:0.357684 AccTime:45.238990
#IT Ite:126 KerTime:0.357674 AccTime:45.596664
#IT Ite:127 KerTime:0.357634 AccTime:45.954298
#IT Ite:128 KerTime:0.357444 AccTime:46.311742
#IT Ite:129 KerTime:0.357093 AccTime:46.668835
#IT Ite:130 KerTime:0.357309 AccTime:47.026144
#IT Ite:131 KerTime:0.357284 AccTime:47.383428
#IT Ite:132 KerTime:0.357725 AccTime:47.741153
#IT Ite:133 KerTime:0.357617 AccTime:48.098770
#IT Ite:134 KerTime:0.357493 AccTime:48.456263
#IT Ite:135 KerTime:0.357049 AccTime:48.813312
#IT Ite:136 KerTime:0.357158 AccTime:49.170470
#IT Ite:137 KerTime:0.357829 AccTime:49.528299
#IT Ite:138 KerTime:0.356888 AccTime:49.885187
#IT Ite:139 KerTime:0.357272 AccTime:50.242459
#IT Ite:140 KerTime:0.357165 AccTime:50.599624
#IT Ite:141 KerTime:0.357348 AccTime:50.956972
#IT Ite:142 KerTime:0.357670 AccTime:51.314642
#IT Ite:143 KerTime:0.357904 AccTime:51.672546
#IT Ite:144 KerTime:0.357698 AccTime:52.030244
#IT Ite:145 KerTime:0.357332 AccTime:52.387576
#IT Ite:146 KerTime:0.357477 AccTime:52.745053
#IT Ite:147 KerTime:0.357378 AccTime:53.102431
#IT Ite:148 KerTime:0.356865 AccTime:53.459296
#IT Ite:149 KerTime:0.357075 AccTime:53.816371
#IT Ite:150 KerTime:0.357237 AccTime:54.173608
#IT Ite:151 KerTime:0.357698 AccTime:54.531306
#IT Ite:152 KerTime:0.357209 AccTime:54.888515
#IT Ite:153 KerTime:0.357583 AccTime:55.246098
#IT Ite:154 KerTime:0.357253 AccTime:55.603351
#IT Ite:155 KerTime:0.357320 AccTime:55.960671
#IT Ite:156 KerTime:0.357480 AccTime:56.318151
#IT Ite:157 KerTime:0.357634 AccTime:56.675785
#IT Ite:158 KerTime:0.357166 AccTime:57.032951
#IT Ite:159 KerTime:0.357537 AccTime:57.390488
#IT Ite:160 KerTime:0.357625 AccTime:57.748113
#IT Ite:161 KerTime:0.357607 AccTime:58.105720
#IT Ite:162 KerTime:0.356903 AccTime:58.462623
#IT Ite:163 KerTime:0.357188 AccTime:58.819811
#IT Ite:164 KerTime:0.357528 AccTime:59.177339
#IT Ite:165 KerTime:0.357591 AccTime:59.534930
#IT Ite:166 KerTime:0.357474 AccTime:59.892404
#IT Ite:167 KerTime:0.357310 AccTime:60.249714
#IT Ite:168 KerTime:0.357398 AccTime:60.607112
#IT Ite:169 KerTime:0.357467 AccTime:60.964579
#IT Ite:170 KerTime:0.357196 AccTime:61.321775
#IT Ite:171 KerTime:0.357185 AccTime:61.678960
#IT Ite:172 KerTime:0.357713 AccTime:62.036673
#IT Ite:173 KerTime:0.357138 AccTime:62.393811
#IT Ite:174 KerTime:0.357269 AccTime:62.751080
#IT Ite:175 KerTime:0.356730 AccTime:63.107810
#IT Ite:176 KerTime:0.357531 AccTime:63.465341
#IT Ite:177 KerTime:0.357469 AccTime:63.822810
#IT Ite:178 KerTime:0.356913 AccTime:64.179723
#IT Ite:179 KerTime:0.357434 AccTime:64.537157
#IT Ite:180 KerTime:0.357077 AccTime:64.894234
#IT Ite:181 KerTime:0.356927 AccTime:65.251161
#IT Ite:182 KerTime:0.357803 AccTime:65.608964
#IT Ite:183 KerTime:0.357557 AccTime:65.966521
#IT Ite:184 KerTime:0.357688 AccTime:66.324209
#IT Ite:185 KerTime:0.357257 AccTime:66.681466
#IT Ite:186 KerTime:0.357599 AccTime:67.039065
#IT Ite:187 KerTime:0.357072 AccTime:67.396137
#IT Ite:188 KerTime:0.357809 AccTime:67.753946
#IT Ite:189 KerTime:0.357422 AccTime:68.111368
#IT Ite:190 KerTime:0.357638 AccTime:68.469006
#IT Ite:191 KerTime:0.357738 AccTime:68.826744
#IT Ite:192 KerTime:0.357253 AccTime:69.183997
#IT Ite:193 KerTime:0.357537 AccTime:69.541534
#IT Ite:194 KerTime:0.357624 AccTime:69.899158
#IT Ite:195 KerTime:0.357770 AccTime:70.256928
#IT Ite:196 KerTime:0.357798 AccTime:70.614726
#IT Ite:197 KerTime:0.357460 AccTime:70.972186
#IT Ite:198 KerTime:0.357610 AccTime:71.329796
#IT Ite:199 KerTime:0.357753 AccTime:71.687549
#IT Ite:200 KerTime:0.357344 AccTime:72.044893
#IT Ite:201 KerTime:0.357232 AccTime:72.402125
#IT Ite:202 KerTime:0.357655 AccTime:72.759780
#IT Ite:203 KerTime:0.357324 AccTime:73.117104
#IT Ite:204 KerTime:0.357774 AccTime:73.474878
#IT Ite:205 KerTime:0.357596 AccTime:73.832474
#IT Ite:206 KerTime:0.357752 AccTime:74.190226
#IT Ite:207 KerTime:0.357311 AccTime:74.547537
#IT Ite:208 KerTime:0.357657 AccTime:74.905194
#IT Ite:209 KerTime:0.357866 AccTime:75.263060
#IT Ite:210 KerTime:0.357130 AccTime:75.620190
#IT Ite:211 KerTime:0.357407 AccTime:75.977597
#IT Ite:212 KerTime:0.357240 AccTime:76.334837
#IT Ite:213 KerTime:0.357742 AccTime:76.692579
#IT Ite:214 KerTime:0.357332 AccTime:77.049911
#IT Ite:215 KerTime:0.357635 AccTime:77.407546
#IT Ite:216 KerTime:0.357680 AccTime:77.765226
#IT Ite:217 KerTime:0.357648 AccTime:78.122874
#IT Ite:218 KerTime:0.357538 AccTime:78.480412
#IT Ite:219 KerTime:0.357365 AccTime:78.837777
#IT Ite:220 KerTime:0.357219 AccTime:79.194996
#IT Ite:221 KerTime:0.356875 AccTime:79.551871
#IT Ite:222 KerTime:0.357671 AccTime:79.909542
#IT Ite:223 KerTime:0.357981 AccTime:80.267523
#IT Ite:224 KerTime:0.357803 AccTime:80.625326
#IT Ite:225 KerTime:0.357236 AccTime:80.982562
#IT Ite:226 KerTime:0.357399 AccTime:81.339961
#IT Ite:227 KerTime:0.357186 AccTime:81.697147
#IT Ite:228 KerTime:0.357199 AccTime:82.054346
#IT Ite:229 KerTime:0.357625 AccTime:82.411971
#IT Ite:230 KerTime:0.357224 AccTime:82.769195
#IT Ite:231 KerTime:0.357238 AccTime:83.126433
#IT Ite:232 KerTime:0.357679 AccTime:83.484112
#IT Ite:233 KerTime:0.357451 AccTime:83.841563
#IT Ite:234 KerTime:0.357797 AccTime:84.199360
#IT Ite:235 KerTime:0.357536 AccTime:84.556896
#IT Ite:236 KerTime:0.357400 AccTime:84.914296
#IT Ite:237 KerTime:0.357670 AccTime:85.271966
#IT Ite:238 KerTime:0.357760 AccTime:85.629726
#IT Ite:239 KerTime:0.356813 AccTime:85.986539
#IT Ite:240 KerTime:0.357260 AccTime:86.343799
#IT Ite:241 KerTime:0.357457 AccTime:86.701256
#IT Ite:242 KerTime:0.357571 AccTime:87.058827
#IT Ite:243 KerTime:0.357276 AccTime:87.416103
#IT Ite:244 KerTime:0.356821 AccTime:87.772924
#IT Ite:245 KerTime:0.357379 AccTime:88.130303
#IT Ite:246 KerTime:0.357486 AccTime:88.487789
#IT Ite:247 KerTime:0.357573 AccTime:88.845362
#IT Ite:248 KerTime:0.357300 AccTime:89.202662
#IT Ite:249 KerTime:0.357763 AccTime:89.560425
#IT Ite:250 KerTime:0.357545 AccTime:89.917970
#IT Ite:251 KerTime:0.357706 AccTime:90.275676
#IT Ite:252 KerTime:0.357477 AccTime:90.633153
#IT Ite:253 KerTime:0.356779 AccTime:90.989932
#IT Ite:254 KerTime:0.357454 AccTime:91.347386
#IT Ite:255 KerTime:0.357662 AccTime:91.705048
#IT Ite:256 KerTime:0.357335 AccTime:92.062383
#IT Ite:257 KerTime:0.357806 AccTime:92.420189
#IT Ite:258 KerTime:0.357587 AccTime:92.777776
#IT Ite:259 KerTime:0.357768 AccTime:93.135544
#IT Ite:260 KerTime:0.357762 AccTime:93.493306
#IT Ite:261 KerTime:0.357329 AccTime:93.850635
#IT Ite:262 KerTime:0.357633 AccTime:94.208268
#IT Ite:263 KerTime:0.357725 AccTime:94.565993
#IT Ite:264 KerTime:0.357132 AccTime:94.923125
#IT Ite:265 KerTime:0.357545 AccTime:95.280670
#IT Ite:266 KerTime:0.357012 AccTime:95.637682
#IT Ite:267 KerTime:0.357540 AccTime:95.995222
#IT Ite:268 KerTime:0.357708 AccTime:96.352930
#IT Ite:269 KerTime:0.356892 AccTime:96.709822
#IT Ite:270 KerTime:0.357331 AccTime:97.067153
#IT Ite:271 KerTime:0.357688 AccTime:97.424841
#IT Ite:272 KerTime:0.357422 AccTime:97.782263
#IT Ite:273 KerTime:0.357693 AccTime:98.139956
#IT Ite:274 KerTime:0.357380 AccTime:98.497336
#IT Ite:275 KerTime:0.357341 AccTime:98.854677
#IT Ite:276 KerTime:0.357650 AccTime:99.212327
#IT Ite:277 KerTime:0.357209 AccTime:99.569536
#IT Ite:278 KerTime:0.357192 AccTime:99.926728
#IT Ite:279 KerTime:0.357362 AccTime:100.284090
#IT Ite:280 KerTime:0.357776 AccTime:100.641866
#IT Ite:281 KerTime:0.357470 AccTime:100.999336
#IT Ite:282 KerTime:0.357804 AccTime:101.357140
#IT Ite:283 KerTime:0.357704 AccTime:101.714844
#IT Ite:284 KerTime:0.357737 AccTime:102.072581
#IT Ite:285 KerTime:0.357537 AccTime:102.430118
#IT Ite:286 KerTime:0.357716 AccTime:102.787834
#IT Ite:287 KerTime:0.357738 AccTime:103.145572
#IT Ite:288 KerTime:0.357662 AccTime:103.503234
#IT Ite:289 KerTime:0.357800 AccTime:103.861034
#IT Ite:290 KerTime:0.357867 AccTime:104.218901
#IT Ite:291 KerTime:0.357492 AccTime:104.576393
#IT Ite:292 KerTime:0.357588 AccTime:104.933981
#IT Ite:293 KerTime:0.357559 AccTime:105.291540
#IT Ite:294 KerTime:0.357668 AccTime:105.649208
#IT Ite:295 KerTime:0.357306 AccTime:106.006514
#IT Ite:296 KerTime:0.357616 AccTime:106.364130
#IT Ite:297 KerTime:0.357338 AccTime:106.721468
#IT Ite:298 KerTime:0.357265 AccTime:107.078733
#IT Ite:299 KerTime:0.357373 AccTime:107.436106
#IT Ite:300 KerTime:0.357603 AccTime:107.793709
#IT Ite:301 KerTime:0.357572 AccTime:108.151281
#IT Ite:302 KerTime:0.358060 AccTime:108.509341
#IT Ite:303 KerTime:0.357384 AccTime:108.866725
#IT Ite:304 KerTime:0.356996 AccTime:109.223721
#IT Ite:305 KerTime:0.357658 AccTime:109.581379
#IT Ite:306 KerTime:0.357547 AccTime:109.938926
#IT Ite:307 KerTime:0.357498 AccTime:110.296424
#IT Ite:308 KerTime:0.357742 AccTime:110.654166
#IT Ite:309 KerTime:0.357346 AccTime:111.011512
#IT Ite:310 KerTime:0.357617 AccTime:111.369129
#IT Ite:311 KerTime:0.356872 AccTime:111.726001
#IT Ite:312 KerTime:0.357479 AccTime:112.083480
#IT Ite:313 KerTime:0.356786 AccTime:112.440266
#IT Ite:314 KerTime:0.357750 AccTime:112.798016
#IT Ite:315 KerTime:0.357288 AccTime:113.155304
#IT Ite:316 KerTime:0.357503 AccTime:113.512807
#IT Ite:317 KerTime:0.357937 AccTime:113.870744
#IT Ite:318 KerTime:0.357237 AccTime:114.227981
#IT Ite:319 KerTime:0.357763 AccTime:114.585744
#IT Ite:320 KerTime:0.357716 AccTime:114.943460
#IT Ite:321 KerTime:0.357177 AccTime:115.300637
#IT Ite:322 KerTime:0.357338 AccTime:115.657975
#IT Ite:323 KerTime:0.357681 AccTime:116.015656
#IT Ite:324 KerTime:0.357792 AccTime:116.373448
#IT Ite:325 KerTime:0.357459 AccTime:116.730907
#IT Ite:326 KerTime:0.357703 AccTime:117.088610
#IT Ite:327 KerTime:0.357670 AccTime:117.446280
#IT Ite:328 KerTime:0.356827 AccTime:117.803107
#IT Ite:329 KerTime:0.357654 AccTime:118.160761
#IT Ite:330 KerTime:0.357181 AccTime:118.517942
#IT Ite:331 KerTime:0.356895 AccTime:118.874837
#IT Ite:332 KerTime:0.357165 AccTime:119.232002
#IT Ite:333 KerTime:0.357291 AccTime:119.589293
#IT Ite:334 KerTime:0.357604 AccTime:119.946897
#IT Ite:335 KerTime:0.357993 AccTime:120.304890
#IT Ite:336 KerTime:0.357758 AccTime:120.662648
#IT Ite:337 KerTime:0.357759 AccTime:121.020407
#IT Ite:338 KerTime:0.357730 AccTime:121.378137
#IT Ite:339 KerTime:0.357646 AccTime:121.735783
#IT Ite:340 KerTime:0.357506 AccTime:122.093289
#IT Ite:341 KerTime:0.357246 AccTime:122.450535
#IT Ite:342 KerTime:0.357723 AccTime:122.808258
#IT Ite:343 KerTime:0.357132 AccTime:123.165390
#IT Ite:344 KerTime:0.357406 AccTime:123.522796
#IT Ite:345 KerTime:0.357742 AccTime:123.880538
#IT Ite:346 KerTime:0.357203 AccTime:124.237741
#IT Ite:347 KerTime:0.357203 AccTime:124.594944
#IT Ite:348 KerTime:0.357490 AccTime:124.952434
#IT Ite:349 KerTime:0.357698 AccTime:125.310132
#IT Ite:350 KerTime:0.357523 AccTime:125.667655
#IT Ite:351 KerTime:0.356893 AccTime:126.024548
#IT Ite:352 KerTime:0.357207 AccTime:126.381755
#IT Ite:353 KerTime:0.357175 AccTime:126.738930
#IT Ite:354 KerTime:0.357235 AccTime:127.096165
#IT Ite:355 KerTime:0.357781 AccTime:127.453946
#IT Ite:356 KerTime:0.357670 AccTime:127.811616
#IT Ite:357 KerTime:0.356797 AccTime:128.168413
#IT Ite:358 KerTime:0.357747 AccTime:128.526160
#IT Ite:359 KerTime:0.357262 AccTime:128.883422
#IT Ite:360 KerTime:0.357273 AccTime:129.240695
#IT Ite:361 KerTime:0.357540 AccTime:129.598235
#IT Ite:362 KerTime:0.356971 AccTime:129.955206
#IT Ite:363 KerTime:0.357073 AccTime:130.312279
#IT Ite:364 KerTime:0.357090 AccTime:130.669369
#IT Ite:365 KerTime:0.357495 AccTime:131.026864
#IT Ite:366 KerTime:0.356984 AccTime:131.383848
#IT Ite:367 KerTime:0.357330 AccTime:131.741178
#IT Ite:368 KerTime:0.357679 AccTime:132.098857
#IT Ite:369 KerTime:0.357180 AccTime:132.456037
#IT Ite:370 KerTime:0.357865 AccTime:132.813902
#IT Ite:371 KerTime:0.357891 AccTime:133.171793
#IT Ite:372 KerTime:0.357814 AccTime:133.529607
#IT Ite:373 KerTime:0.357880 AccTime:133.887487
#IT Ite:374 KerTime:0.357377 AccTime:134.244864
#IT Ite:375 KerTime:0.357907 AccTime:134.602771
#IT Ite:376 KerTime:0.357811 AccTime:134.960582
#IT Ite:377 KerTime:0.357458 AccTime:135.318040
#IT Ite:378 KerTime:0.357563 AccTime:135.675603
#IT Ite:379 KerTime:0.357628 AccTime:136.033231
#IT Ite:380 KerTime:0.357769 AccTime:136.391000
#IT Ite:381 KerTime:0.357526 AccTime:136.748526
#IT Ite:382 KerTime:0.357385 AccTime:137.105911
#IT Ite:383 KerTime:0.357375 AccTime:137.463286
#IT Ite:384 KerTime:0.357612 AccTime:137.820898
#IT Ite:385 KerTime:0.357540 AccTime:138.178438
#IT Ite:386 KerTime:0.357698 AccTime:138.536136
#IT Ite:387 KerTime:0.357504 AccTime:138.893640
#IT Ite:388 KerTime:0.357690 AccTime:139.251330
#IT Ite:389 KerTime:0.357415 AccTime:139.608745
#IT Ite:390 KerTime:0.357793 AccTime:139.966538
#IT Ite:391 KerTime:0.357185 AccTime:140.323723
#IT Ite:392 KerTime:0.357558 AccTime:140.681281
#IT Ite:393 KerTime:0.356881 AccTime:141.038162
#IT Ite:394 KerTime:0.357806 AccTime:141.395968
#IT Ite:395 KerTime:0.357380 AccTime:141.753348
#IT Ite:396 KerTime:0.357246 AccTime:142.110594
#IT Ite:397 KerTime:0.357798 AccTime:142.468392
#IT Ite:398 KerTime:0.357351 AccTime:142.825743
#IT Ite:399 KerTime:0.357457 AccTime:143.183200
#IT Ite:400 KerTime:0.357640 AccTime:143.540840
#IT Ite:401 KerTime:0.357570 AccTime:143.898410
#IT Ite:402 KerTime:0.357289 AccTime:144.255699
#IT Ite:403 KerTime:0.357572 AccTime:144.613271
#IT Ite:404 KerTime:0.357293 AccTime:144.970564
#IT Ite:405 KerTime:0.357558 AccTime:145.328122
#IT Ite:406 KerTime:0.357229 AccTime:145.685351
#IT Ite:407 KerTime:0.357377 AccTime:146.042728
#IT Ite:408 KerTime:0.357393 AccTime:146.400121
#IT Ite:409 KerTime:0.357481 AccTime:146.757602
#IT Ite:410 KerTime:0.357642 AccTime:147.115244
#IT Ite:411 KerTime:0.357803 AccTime:147.473047
#IT Ite:412 KerTime:0.357472 AccTime:147.830519
#IT Ite:413 KerTime:0.357386 AccTime:148.187905
#IT Ite:414 KerTime:0.357582 AccTime:148.545487
#IT Ite:415 KerTime:0.357422 AccTime:148.902909
#IT Ite:416 KerTime:0.357373 AccTime:149.260282
#IT Ite:417 KerTime:0.357259 AccTime:149.617541
#IT Ite:418 KerTime:0.357731 AccTime:149.975272
#IT Ite:419 KerTime:0.357742 AccTime:150.333014
#IT Ite:420 KerTime:0.357174 AccTime:150.690188
#IT Ite:421 KerTime:0.357156 AccTime:151.047344
#IT Ite:422 KerTime:0.357105 AccTime:151.404449
#IT Ite:423 KerTime:0.357347 AccTime:151.761796
#IT Ite:424 KerTime:0.357626 AccTime:152.119422
#IT Ite:425 KerTime:0.357303 AccTime:152.476725
#IT Ite:426 KerTime:0.356992 AccTime:152.833717
#IT Ite:427 KerTime:0.357948 AccTime:153.191665
#IT Ite:428 KerTime:0.357267 AccTime:153.548932
#IT Ite:429 KerTime:0.357465 AccTime:153.906397
#IT Ite:430 KerTime:0.357805 AccTime:154.264202
#IT Ite:431 KerTime:0.357338 AccTime:154.621540
#IT Ite:432 KerTime:0.357856 AccTime:154.979396
#IT Ite:433 KerTime:0.357677 AccTime:155.337073
#IT Ite:434 KerTime:0.357920 AccTime:155.694993
#IT Ite:435 KerTime:0.357789 AccTime:156.052782
#IT Ite:436 KerTime:0.356930 AccTime:156.409712
#IT Ite:437 KerTime:0.357087 AccTime:156.766799
#IT Ite:438 KerTime:0.357754 AccTime:157.124553
#IT Ite:439 KerTime:0.357561 AccTime:157.482114
#IT Ite:440 KerTime:0.357713 AccTime:157.839827
#IT Ite:441 KerTime:0.357843 AccTime:158.197670
#IT Ite:442 KerTime:0.357534 AccTime:158.555204
#IT Ite:443 KerTime:0.357381 AccTime:158.912585
#IT Ite:444 KerTime:0.357252 AccTime:159.269837
#IT Ite:445 KerTime:0.357816 AccTime:159.627653
#IT Ite:446 KerTime:0.357777 AccTime:159.985430
#IT Ite:447 KerTime:0.357835 AccTime:160.343265
#IT Ite:448 KerTime:0.357240 AccTime:160.700505
#IT Ite:449 KerTime:0.357617 AccTime:161.058122
#IT Ite:450 KerTime:0.357391 AccTime:161.415513
#IT Ite:451 KerTime:0.357594 AccTime:161.773107
#IT Ite:452 KerTime:0.357618 AccTime:162.130725
#IT Ite:453 KerTime:0.357641 AccTime:162.488366
#IT Ite:454 KerTime:0.357837 AccTime:162.846203
#IT Ite:455 KerTime:0.357695 AccTime:163.203898
#IT Ite:456 KerTime:0.357650 AccTime:163.561548
#IT Ite:457 KerTime:0.358040 AccTime:163.919588
#IT Ite:458 KerTime:0.357338 AccTime:164.276926
#IT Ite:459 KerTime:0.357749 AccTime:164.634675
#IT Ite:460 KerTime:0.357599 AccTime:164.992274
#IT Ite:461 KerTime:0.357848 AccTime:165.350122
#IT Ite:462 KerTime:0.357074 AccTime:165.707196
#IT Ite:463 KerTime:0.357505 AccTime:166.064701
#ERR image_list_position: [463] boxes: [22]  x_r: 6.0730789184570312e+01 x_e: 6.0729980468750000e+01 x_diff: 8.0871582031250000e-04 y_r: 1.0789335632324219e+02 y_e: 1.0789557647705078e+02 y_diff: 2.2201538085937500e-03 w_r: 3.8767303466796875e+01 w_e: 3.8766551971435547e+01 w_diff: 7.5149536132812500e-04 h_r: 6.4428787231445312e+01 h_e: 6.4435165405273438e+01 h_diff: 6.3781738281250000e-03
#ERR image_list_position: [463] probs: [22,6]  prob_r: 2.3867939598858356e-03 prob_e: 2.3810917045921087e-03
#ERR image_list_position: [463] probs: [22,14]  prob_r: 2.3138478863984346e-03 prob_e: 2.3085025604814291e-03
#ERR image_list_position: [463] boxes: [29]  x_r: 2.3237767028808594e+02 x_e: 2.3237850952148438e+02 x_diff: 8.3923339843750000e-04 y_r: 1.0978005981445312e+02 y_e: 1.0977881622314453e+02 y_diff: 1.2435913085937500e-03 w_r: 7.1379402160644531e+01 w_e: 7.1372817993164062e+01 w_diff: 6.5841674804687500e-03 h_r: 6.6501770019531250e+01 h_e: 6.6497962951660156e+01 h_diff: 3.8070678710937500e-03
#ERR image_list_position: [463] probs: [29,3]  prob_r: 1.8357922090217471e-03 prob_e: 1.8360146787017584e-03
#ERR image_list_position: [463] probs: [29,6]  prob_r: 5.5975951254367828e-03 prob_e: 5.5982950143516064e-03
#ERR image_list_position: [463] probs: [29,14]  prob_r: 5.6437314487993717e-03 prob_e: 5.6444066576659679e-03
#ERR image_list_position: [463] probs: [29,15]  prob_r: 2.0891989115625620e-03 prob_e: 2.0893870387226343e-03
#ERR image_list_position: [463] boxes: [31]  x_r: 3.2971817016601562e+02 x_e: 3.2971777343750000e+02 x_diff: 3.9672851562500000e-04 y_r: 1.1168360137939453e+02 y_e: 1.1168400573730469e+02 y_diff: 4.0435791015625000e-04 w_r: 8.5840591430664062e+01 w_e: 8.5846878051757812e+01 w_diff: 6.2866210937500000e-03 h_r: 7.1702499389648438e+01 h_e: 7.1707618713378906e+01 h_diff: 5.1193237304687500e-03
#ERR image_list_position: [463] boxes: [44]  x_r: 6.7606422424316406e+01 x_e: 6.7601066589355469e+01 x_diff: 5.3558349609375000e-03 y_r: 1.9618193054199219e+02 y_e: 1.9618019104003906e+02 y_diff: 1.7395019531250000e-03 w_r: 4.1163864135742188e+01 w_e: 4.1165122985839844e+01 w_diff: 1.2588500976562500e-03 h_r: 5.2673236846923828e+01 h_e: 5.2680591583251953e+01 h_diff: 7.3547363281250000e-03
#ERR image_list_position: [463] boxes: [46]  x_r: 1.4726071166992188e+02 x_e: 1.4727882385253906e+02 x_diff: 1.8112182617187500e-02 y_r: 1.9560429382324219e+02 y_e: 1.9560554504394531e+02 y_diff: 1.2512207031250000e-03 w_r: 4.3323219299316406e+01 w_e: 4.3314315795898438e+01 w_diff: 8.9035034179687500e-03 h_r: 4.0206600189208984e+01 h_e: 4.0204223632812500e+01 h_diff: 2.3765563964843750e-03
#ERR image_list_position: [463] boxes: [49]  x_r: 2.0589129638671875e+02 x_e: 2.0588702392578125e+02 x_diff: 4.2724609375000000e-03 y_r: 1.8927241516113281e+02 y_e: 1.8928108215332031e+02 y_diff: 8.6669921875000000e-03 w_r: 2.8321434020996094e+01 w_e: 2.8323360443115234e+01 w_diff: 1.9264221191406250e-03 h_r: 2.4181442260742188e+01 h_e: 2.4184139251708984e+01 h_diff: 2.6969909667968750e-03
#ERR image_list_position: [463] probs: [49,6]  prob_r: 1.5641179634258151e-03 prob_e: 1.5723806573078036e-03
#ERR image_list_position: [463] boxes: [50]  x_r: 2.3298287963867188e+02 x_e: 2.3298231506347656e+02 x_diff: 5.6457519531250000e-04 y_r: 1.8784257507324219e+02 y_e: 1.8785160827636719e+02 y_diff: 9.0332031250000000e-03 w_r: 7.8562690734863281e+01 w_e: 7.8544166564941406e+01 w_diff: 1.8524169921875000e-02 h_r: 5.6688964843750000e+01 h_e: 5.6680252075195312e+01 h_diff: 8.7127685546875000e-03
#ERR image_list_position: [463] probs: [50,6]  prob_r: 2.1608248353004456e-03 prob_e: 2.1645978558808565e-03
#ERR image_list_position: [463] boxes: [51]  x_r: 3.2497302246093750e+02 x_e: 3.2496826171875000e+02 x_diff: 4.7607421875000000e-03 y_r: 1.8246470642089844e+02 y_e: 1.8246784973144531e+02 y_diff: 3.1433105468750000e-03 w_r: 3.4279232025146484e+01 w_e: 3.4273010253906250e+01 w_diff: 6.2217712402343750e-03 h_r: 3.0994386672973633e+01 h_e: 3.0990926742553711e+01 h_diff: 3.4599304199218750e-03
#ERR image_list_position: [463] boxes: [61]  x_r: 6.1944470214843750e+02 x_e: 6.1944384765625000e+02 x_diff: 8.5449218750000000e-04 y_r: 1.9114419555664062e+02 y_e: 1.9114453125000000e+02 y_diff: 3.3569335937500000e-04 w_r: 2.5241405487060547e+01 w_e: 2.5242876052856445e+01 w_diff: 1.4705657958984375e-03 h_r: 6.8482147216796875e+01 h_e: 6.8474235534667969e+01 h_diff: 7.9116821289062500e-03
#ERR image_list_position: [463] probs: [61,6]  prob_r: 4.2246836237609386e-03 prob_e: 4.2252689599990845e-03
#ERR image_list_position: [463] probs: [61,14]  prob_r: 2.1223405376076698e-02 prob_e: 2.1225456148386002e-02
#ERR image_list_position: [463] boxes: [63]  x_r: 7.6056800842285156e+01 x_e: 7.6049415588378906e+01 x_diff: 7.3852539062500000e-03 y_r: 2.2856632995605469e+02 y_e: 2.2856903076171875e+02 y_diff: 2.7008056640625000e-03 w_r: 5.6818477630615234e+01 w_e: 5.6813228607177734e+01 w_diff: 5.2490234375000000e-03 h_r: 5.5311618804931641e+01 h_e: 5.5318103790283203e+01 h_diff: 6.4849853515625000e-03
#ERR image_list_position: [463] probs: [63,6]  prob_r: 3.2151418924331665e-01 prob_e: 3.2150998711585999e-01
#ERR image_list_position: [463] probs: [63,9]  prob_r: 2.1440042182803154e-03 prob_e: 2.1449218038469553e-03
#ERR image_list_position: [463] probs: [63,10]  prob_r: 5.1076831296086311e-03 prob_e: 5.1078842952847481e-03
#ERR image_list_position: [463] probs: [63,11]  prob_r: 4.8969951458275318e-03 prob_e: 4.8949783667922020e-03
#ERR image_list_position: [463] probs: [63,13]  prob_r: 1.1992438696324825e-02 prob_e: 1.1997492052614689e-02
#ERR image_list_position: [463] probs: [63,14]  prob_r: 2.3505778983235359e-02 prob_e: 2.3514967411756516e-02
#ERR image_list_position: [463] probs: [63,15]  prob_r: 2.5191181339323521e-03 prob_e: 2.5230795145034790e-03
#ERR image_list_position: [463] probs: [63,16]  prob_r: 6.1291144229471684e-03 prob_e: 6.1316154897212982e-03
#ERR image_list_position: [463] probs: [63,19]  prob_r: 2.2236735094338655e-03 prob_e: 2.2277478128671646e-03
#ERR image_list_position: [463] boxes: [65]  x_r: 6.0305625915527344e+01 x_e: 6.0300834655761719e+01 x_diff: 4.7912597656250000e-03 y_r: 2.3416258239746094e+02 y_e: 2.3416497802734375e+02 y_diff: 2.3956298828125000e-03 w_r: 5.6340278625488281e+01 w_e: 5.6337799072265625e+01 w_diff: 2.4795532226562500e-03 h_r: 6.3387035369873047e+01 h_e: 6.3393096923828125e+01 h_diff: 6.0615539550781250e-03
#ERR image_list_position: [463] probs: [65,6]  prob_r: 1.5557630360126495e-01 prob_e: 1.5558783710002899e-01
#ERR image_list_position: [463] probs: [65,9]  prob_r: 1.0374542325735092e-03 prob_e: 1.0379886953160167e-03
#ERR image_list_position: [463] probs: [65,10]  prob_r: 2.4715377949178219e-03 prob_e: 2.4718507193028927e-03
#ERR image_list_position: [463] probs: [65,11]  prob_r: 2.3695887066423893e-03 prob_e: 2.3688194341957569e-03
#ERR image_list_position: [463] probs: [65,13]  prob_r: 5.8029764331877232e-03 prob_e: 5.8059282600879669e-03
#ERR image_list_position: [463] probs: [65,14]  prob_r: 1.1374123394489288e-02 prob_e: 1.1379563249647617e-02
#ERR image_list_position: [463] probs: [65,15]  prob_r: 1.2189667904749513e-03 prob_e: 1.2209900887683034e-03
#ERR image_list_position: [463] probs: [65,16]  prob_r: 2.9657944105565548e-03 prob_e: 2.9672635719180107e-03
#ERR image_list_position: [463] probs: [65,19]  prob_r: 1.0760051663964987e-03 prob_e: 1.0780706070363522e-03
#ERR image_list_position: [463] boxes: [66]  x_r: 1.1067362213134766e+02 x_e: 1.1069719696044922e+02 x_diff: 2.3574829101562500e-02 y_r: 2.2465512084960938e+02 y_e: 2.2465777587890625e+02 y_diff: 2.6550292968750000e-03 w_r: 4.5988079071044922e+01 w_e: 4.5980571746826172e+01 w_diff: 7.5073242187500000e-03 h_r: 4.4161056518554688e+01 h_e: 4.4157821655273438e+01 h_diff: 3.2348632812500000e-03
#ERR image_list_position: [463] probs: [66,4]  prob_r: 3.5158328246325254e-03 prob_e: 3.5174379590898752e-03
#ERR image_list_position: [463] probs: [66,6]  prob_r: 1.7777025699615479e-01 prob_e: 1.7774441838264465e-01
#ERR image_list_position: [463] probs: [66,9]  prob_r: 2.5807616766542196e-03 prob_e: 2.5810664519667625e-03
#ERR image_list_position: [463] probs: [66,11]  prob_r: 1.7499236855655909e-03 prob_e: 1.7498040106147528e-03
#ERR image_list_position: [463] probs: [66,14]  prob_r: 1.2227648403495550e-03 prob_e: 1.2261710362508893e-03
#ERR image_list_position: [463] probs: [66,15]  prob_r: 1.8370732432231307e-03 prob_e: 1.8364650895819068e-03
#ERR image_list_position: [463] probs: [66,16]  prob_r: 6.1185876838862896e-03 prob_e: 6.1186803504824638e-03
#ERR image_list_position: [463] probs: [66,19]  prob_r: 4.3893367983400822e-03 prob_e: 4.3933605775237083e-03
#ERR image_list_position: [463] boxes: [68]  x_r: 1.4290007019042969e+02 x_e: 1.4294255065917969e+02 x_diff: 4.2480468750000000e-02 y_r: 2.2202932739257812e+02 y_e: 2.2202925109863281e+02 y_diff: 7.6293945312500000e-05 w_r: 3.9114669799804688e+01 w_e: 3.9102626800537109e+01 w_diff: 1.2042999267578125e-02 h_r: 3.3269893646240234e+01 h_e: 3.3259620666503906e+01 h_diff: 1.0272979736328125e-02
#ERR image_list_position: [463] probs: [68,4]  prob_r: 3.2159585971385241e-03 prob_e: 3.2189292833209038e-03
#ERR image_list_position: [463] probs: [68,6]  prob_r: 1.6260777413845062e-01 prob_e: 1.6266007721424103e-01
#ERR image_list_position: [463] probs: [68,9]  prob_r: 2.3606419563293457e-03 prob_e: 2.3620233405381441e-03
#ERR image_list_position: [463] probs: [68,11]  prob_r: 1.6006682999432087e-03 prob_e: 1.6013062559068203e-03
#ERR image_list_position: [463] probs: [68,14]  prob_r: 1.1184720788151026e-03 prob_e: 1.1221115710213780e-03
#ERR image_list_position: [463] probs: [68,15]  prob_r: 1.6803846228867769e-03 prob_e: 1.6806127969175577e-03
#ERR image_list_position: [463] probs: [68,16]  prob_r: 5.5967178195714951e-03 prob_e: 5.5994163267314434e-03
#ERR image_list_position: [463] probs: [68,19]  prob_r: 4.0149590931832790e-03 prob_e: 4.0205162949860096e-03
#ERR image_list_position: [463] boxes: [69]  x_r: 2.1796461486816406e+02 x_e: 2.1794859313964844e+02 x_diff: 1.6021728515625000e-02 y_r: 2.2428930664062500e+02 y_e: 2.2427603149414062e+02 y_diff: 1.3275146484375000e-02 w_r: 2.9609807968139648e+01 w_e: 2.9605657577514648e+01 w_diff: 4.1503906250000000e-03 h_r: 2.6155805587768555e+01 h_e: 2.6144372940063477e+01 h_diff: 1.1432647705078125e-02
#ERR image_list_position: [463] probs: [69,6]  prob_r: 3.5188015550374985e-02 prob_e: 3.5239089280366898e-02
#ERR image_list_position: [463] probs: [69,8]  prob_r: 1.0472048306837678e-03 prob_e: 1.0482702637091279e-03
#ERR image_list_position: [463] probs: [69,14]  prob_r: 1.0440186597406864e-03 prob_e: 1.0440489277243614e-03
#ERR image_list_position: [463] boxes: [70]  x_r: 2.3324664306640625e+02 x_e: 2.3323556518554688e+02 x_diff: 1.1077880859375000e-02 y_r: 2.3450573730468750e+02 y_e: 2.3448852539062500e+02 y_diff: 1.7211914062500000e-02 w_r: 9.3054519653320312e+01 w_e: 9.3013710021972656e+01 w_diff: 4.0809631347656250e-02 h_r: 8.4950637817382812e+01 h_e: 8.4905235290527344e+01 h_diff: 4.5402526855468750e-02
#ERR image_list_position: [463] probs: [70,6]  prob_r: 6.2432676553726196e-02 prob_e: 6.2461737543344498e-02
#ERR image_list_position: [463] probs: [70,8]  prob_r: 1.8580130999907851e-03 prob_e: 1.8580723553895950e-03
#ERR image_list_position: [463] probs: [70,10]  prob_r: 1.3310645008459687e-03 prob_e: 1.3313123490661383e-03
#ERR image_list_position: [463] probs: [70,14]  prob_r: 1.8523602047935128e-03 prob_e: 1.8505899934098125e-03
#ERR image_list_position: [463] probs: [70,16]  prob_r: 1.4349539997056127e-03 prob_e: 1.4357512118294835e-03
#ERR image_list_position: [463] boxes: [71]  x_r: 1.9667243957519531e+02 x_e: 1.9666966247558594e+02 x_diff: 2.7770996093750000e-03 y_r: 2.1757922363281250e+02 y_e: 2.1757685852050781e+02 y_diff: 2.3651123046875000e-03 w_r: 3.7001762390136719e+01 w_e: 3.7007743835449219e+01 w_diff: 5.9814453125000000e-03 h_r: 3.1415842056274414e+01 h_e: 3.1422861099243164e+01 h_diff: 7.0190429687500000e-03
#ERR image_list_position: [463] probs: [71,6]  prob_r: 5.1810517907142639e-02 prob_e: 5.1850810647010803e-02
#ERR image_list_position: [463] probs: [71,8]  prob_r: 1.5418948605656624e-03 prob_e: 1.5424252487719059e-03
#ERR image_list_position: [463] probs: [71,10]  prob_r: 1.1046001454815269e-03 prob_e: 1.1051505571231246e-03
#ERR image_list_position: [463] probs: [71,14]  prob_r: 1.5372036723420024e-03 prob_e: 1.5362139092758298e-03
#ERR image_list_position: [463] probs: [71,16]  prob_r: 1.1908140731975436e-03 prob_e: 1.1918474920094013e-03
#ERR image_list_position: [463] boxes: [72]  x_r: 3.0608337402343750e+02 x_e: 3.0608123779296875e+02 x_diff: 2.1362304687500000e-03 y_r: 2.3429534912109375e+02 y_e: 2.3428985595703125e+02 y_diff: 5.4931640625000000e-03 w_r: 5.2189384460449219e+01 w_e: 5.2183307647705078e+01 w_diff: 6.0768127441406250e-03 h_r: 4.8492881774902344e+01 h_e: 4.8488208770751953e+01 h_diff: 4.6730041503906250e-03
#ERR image_list_position: [463] probs: [72,6]  prob_r: 1.3867349363863468e-02 prob_e: 1.3875293545424938e-02
#ERR image_list_position: [463] boxes: [73]  x_r: 3.4581790161132812e+02 x_e: 3.4582202148437500e+02 x_diff: 4.1198730468750000e-03 y_r: 2.7093371582031250e+02 y_e: 2.7093130493164062e+02 y_diff: 2.4108886718750000e-03 w_r: 2.3775729370117188e+02 w_e: 2.3773738098144531e+02 w_diff: 1.9912719726562500e-02 h_r: 1.8814363098144531e+02 h_e: 1.8812823486328125e+02 h_diff: 1.5396118164062500e-02
#ERR image_list_position: [463] probs: [73,0]  prob_r: 8.2783289253711700e-03 prob_e: 8.2773473113775253e-03
#ERR image_list_position: [463] probs: [73,3]  prob_r: 4.7082859091460705e-03 prob_e: 4.7030369751155376e-03
#ERR image_list_position: [463] probs: [73,5]  prob_r: 3.9139170199632645e-02 prob_e: 3.9150889962911606e-02
#ERR image_list_position: [463] probs: [73,6]  prob_r: 5.9390795230865479e-01 prob_e: 5.9390044212341309e-01
#ERR image_list_position: [463] probs: [73,7]  prob_r: 9.1336192563176155e-03 prob_e: 9.1331452131271362e-03
#ERR image_list_position: [463] probs: [73,8]  prob_r: 2.8457706794142723e-03 prob_e: 2.8463101480156183e-03
#ERR image_list_position: [463] probs: [73,9]  prob_r: 6.5438481979072094e-03 prob_e: 6.5429955720901489e-03
#ERR image_list_position: [463] probs: [73,11]  prob_r: 9.6723260357975960e-03 prob_e: 9.6721816807985306e-03
#ERR image_list_position: [463] probs: [73,12]  prob_r: 1.0739581659436226e-02 prob_e: 1.0745168663561344e-02
#ERR image_list_position: [463] probs: [73,16]  prob_r: 6.2004644423723221e-03 prob_e: 6.1991657130420208e-03
#ERR image_list_position: [463] probs: [73,18]  prob_r: 1.4737402088940144e-02 prob_e: 1.4735607430338860e-02
#ERR image_list_position: [463] probs: [73,19]  prob_r: 3.6631885450333357e-03 prob_e: 3.6657231394201517e-03
#ERR image_list_position: [463] boxes: [74]  x_r: 3.4892169189453125e+02 x_e: 3.4892211914062500e+02 x_diff: 4.2724609375000000e-04 y_r: 2.5833270263671875e+02 y_e: 2.5833096313476562e+02 y_diff: 1.7395019531250000e-03 w_r: 1.5165396118164062e+02 w_e: 1.5163412475585938e+02 w_diff: 1.9836425781250000e-02 h_r: 1.2222257232666016e+02 h_e: 1.2219903564453125e+02 h_diff: 2.3536682128906250e-02
#ERR image_list_position: [463] probs: [74,0]  prob_r: 1.3042067876085639e-03 prob_e: 1.3040032936260104e-03
#ERR image_list_position: [463] probs: [74,5]  prob_r: 6.1661684885621071e-03 prob_e: 6.1677834019064903e-03
#ERR image_list_position: [463] probs: [74,6]  prob_r: 9.3567043542861938e-02 prob_e: 9.3562349677085876e-02
#ERR image_list_position: [463] probs: [74,7]  prob_r: 1.4389532152563334e-03 prob_e: 1.4388244599103928e-03
#ERR image_list_position: [463] probs: [74,9]  prob_r: 1.0309485951438546e-03 prob_e: 1.0307754855602980e-03
#ERR image_list_position: [463] probs: [74,11]  prob_r: 1.5238235937431455e-03 prob_e: 1.5237437328323722e-03
#ERR image_list_position: [463] probs: [74,12]  prob_r: 1.6919641057029366e-03 prob_e: 1.6927807591855526e-03
#ERR image_list_position: [463] probs: [74,18]  prob_r: 2.3217995185405016e-03 prob_e: 2.3214295506477356e-03
#ERR image_list_position: [463] boxes: [77]  x_r: 3.9735217285156250e+02 x_e: 3.9735186767578125e+02 x_diff: 3.0517578125000000e-04 y_r: 2.4436990356445312e+02 y_e: 2.4437028503417969e+02 y_diff: 3.8146972656250000e-04 w_r: 1.3520646667480469e+02 w_e: 1.3520219421386719e+02 w_diff: 4.2724609375000000e-03 h_r: 1.5691505432128906e+02 h_e: 1.5690827941894531e+02 h_diff: 6.7749023437500000e-03
#ERR image_list_position: [463] boxes: [83]  x_r: 6.2920648193359375e+02 x_e: 6.2920635986328125e+02 x_diff: 1.2207031250000000e-04 y_r: 2.3108775329589844e+02 y_e: 2.3108776855468750e+02 y_diff: 1.5258789062500000e-05 w_r: 1.6412424087524414e+01 w_e: 1.6413740158081055e+01 w_diff: 1.3160705566406250e-03 h_r: 8.2890068054199219e+01 h_e: 8.2884407043457031e+01 h_diff: 5.6610107421875000e-03
#ERR image_list_position: [463] probs: [83,1]  prob_r: 2.5022923946380615e-03 prob_e: 2.5024891365319490e-03
#ERR image_list_position: [463] probs: [83,6]  prob_r: 6.2869582325220108e-03 prob_e: 6.2876017764210701e-03
#ERR image_list_position: [463] probs: [83,13]  prob_r: 1.5493801329284906e-03 prob_e: 1.5495092375203967e-03
#ERR image_list_position: [463] probs: [83,14]  prob_r: 1.6595443710684776e-02 prob_e: 1.6596816480159760e-02
#ERR image_list_position: [463] boxes: [85]  x_r: 2.0775112152099609e+01 x_e: 2.0773836135864258e+01 x_diff: 1.2760162353515625e-03 y_r: 2.9517156982421875e+02 y_e: 2.9517178344726562e+02 y_diff: 2.1362304687500000e-04 w_r: 3.4158546447753906e+01 w_e: 3.4156219482421875e+01 w_diff: 2.3269653320312500e-03 h_r: 1.4166046142578125e+02 h_e: 1.4166780090332031e+02 h_diff: 7.3394775390625000e-03
#ERR image_list_position: [463] probs: [85,6]  prob_r: 1.8945610150694847e-02 prob_e: 1.8930798396468163e-02
#ERR image_list_position: [463] probs: [85,13]  prob_r: 1.6918246401473880e-03 prob_e: 1.6909773694351315e-03
#ERR image_list_position: [463] probs: [85,14]  prob_r: 2.1972202230244875e-03 prob_e: 2.1965270861983299e-03
#ERR image_list_position: [463] probs: [85,15]  prob_r: 1.0369836818426847e-03 prob_e: 1.0365099878981709e-03
#ERR image_list_position: [463] boxes: [86]  x_r: 5.7514400482177734e+01 x_e: 5.7512306213378906e+01 x_diff: 2.0942687988281250e-03 y_r: 2.9341516113281250e+02 y_e: 2.9341571044921875e+02 y_diff: 5.4931640625000000e-04 w_r: 5.4109371185302734e+01 w_e: 5.4109191894531250e+01 w_diff: 1.7929077148437500e-04 h_r: 1.4120437622070312e+02 h_e: 1.4121080017089844e+02 h_diff: 6.4239501953125000e-03
#ERR image_list_position: [463] probs: [86,1]  prob_r: 1.0363055625930429e-03 prob_e: 1.0359057923778892e-03
#ERR image_list_position: [463] probs: [86,6]  prob_r: 5.3624376654624939e-02 prob_e: 5.3628139197826385e-02
#ERR image_list_position: [463] probs: [86,9]  prob_r: 1.8595891306176782e-03 prob_e: 1.8611061386764050e-03
#ERR image_list_position: [463] probs: [86,13]  prob_r: 4.7886050306260586e-03 prob_e: 4.7902874648571014e-03
#ERR image_list_position: [463] probs: [86,14]  prob_r: 6.2190960161387920e-03 prob_e: 6.2224352732300758e-03
#ERR image_list_position: [463] probs: [86,15]  prob_r: 2.9351180419325829e-03 prob_e: 2.9362789355218410e-03
#ERR image_list_position: [463] boxes: [89]  x_r: 1.4137286376953125e+02 x_e: 1.4138650512695312e+02 x_diff: 1.3641357421875000e-02 y_r: 2.9668664550781250e+02 y_e: 2.9668563842773438e+02 y_diff: 1.0070800781250000e-03 w_r: 8.6345855712890625e+01 w_e: 8.6337112426757812e+01 w_diff: 8.7432861328125000e-03 h_r: 1.2436648559570312e+02 h_e: 1.2435815429687500e+02 h_diff: 8.3312988281250000e-03
#ERR image_list_position: [463] boxes: [91]  x_r: 2.1546562194824219e+02 x_e: 2.1545733642578125e+02 x_diff: 8.2855224609375000e-03 y_r: 2.9616961669921875e+02 y_e: 2.9617337036132812e+02 y_diff: 3.7536621093750000e-03 w_r: 4.5880126953125000e+01 w_e: 4.5876754760742188e+01 w_diff: 3.3721923828125000e-03 h_r: 7.4932647705078125e+01 h_e: 7.4920181274414062e+01 h_diff: 1.2466430664062500e-02
#ERR image_list_position: [463] probs: [91,6]  prob_r: 9.6315443515777588e-03 prob_e: 9.6014523878693581e-03
#ERR image_list_position: [463] boxes: [92]  x_r: 2.3888415527343750e+02 x_e: 2.3887800598144531e+02 x_diff: 6.1492919921875000e-03 y_r: 2.9752420043945312e+02 y_e: 2.9753192138671875e+02 y_diff: 7.7209472656250000e-03 w_r: 1.5025570678710938e+02 w_e: 1.5024325561523438e+02 w_diff: 1.2451171875000000e-02 h_r: 1.4923785400390625e+02 h_e: 1.4922126770019531e+02 h_diff: 1.6586303710937500e-02
#ERR image_list_position: [463] probs: [92,4]  prob_r: 1.3879009056836367e-03 prob_e: 1.3851752737537026e-03
#ERR image_list_position: [463] probs: [92,6]  prob_r: 1.8642369657754898e-02 prob_e: 1.8610185012221336e-02
#ERR image_list_position: [463] probs: [92,10]  prob_r: 1.3192958431318402e-03 prob_e: 1.3174548512324691e-03
#ERR image_list_position: [463] probs: [92,14]  prob_r: 1.3996610650792718e-03 prob_e: 1.3964022509753704e-03
#ERR image_list_position: [463] boxes: [93]  x_r: 3.4156625366210938e+02 x_e: 3.4157223510742188e+02 x_diff: 5.9814453125000000e-03 y_r: 2.7696429443359375e+02 y_e: 2.7696426391601562e+02 y_diff: 3.0517578125000000e-05 w_r: 1.7247151184082031e+02 w_e: 1.7246916198730469e+02 w_diff: 2.3498535156250000e-03 h_r: 1.5026475524902344e+02 h_e: 1.5026026916503906e+02 h_diff: 4.4860839843750000e-03
#ERR image_list_position: [463] probs: [93,1]  prob_r: 3.0413719359785318e-03 prob_e: 3.0430755577981472e-03
#ERR image_list_position: [463] probs: [93,13]  prob_r: 3.0917800031602383e-03 prob_e: 3.0936298426240683e-03
#ERR image_list_position: [463] probs: [93,15]  prob_r: 1.0908207623288035e-03 prob_e: 1.0911517310887575e-03
#ERR image_list_position: [463] boxes: [95]  x_r: 3.4470657348632812e+02 x_e: 3.4471212768554688e+02 x_diff: 5.5541992187500000e-03 y_r: 2.7362591552734375e+02 y_e: 2.7362649536132812e+02 y_diff: 5.7983398437500000e-04 w_r: 2.7364758300781250e+02 w_e: 2.7362545776367188e+02 w_diff: 2.2125244140625000e-02 h_r: 2.1820594787597656e+02 h_e: 2.1820343017578125e+02 h_diff: 2.5177001953125000e-03
#ERR image_list_position: [463] probs: [95,1]  prob_r: 1.2624789029359818e-02 prob_e: 1.2629006989300251e-02
#ERR image_list_position: [463] probs: [95,2]  prob_r: 2.7479811105877161e-03 prob_e: 2.7488842606544495e-03
#ERR image_list_position: [463] probs: [95,13]  prob_r: 1.2834033928811550e-02 prob_e: 1.2838809750974178e-02
#ERR image_list_position: [463] probs: [95,15]  prob_r: 4.5280163176357746e-03 prob_e: 4.5283669605851173e-03
#ERR image_list_position: [463] boxes: [96]  x_r: 4.0015808105468750e+02 x_e: 4.0015847778320312e+02 x_diff: 3.9672851562500000e-04 y_r: 2.9367138671875000e+02 y_e: 2.9367117309570312e+02 y_diff: 2.1362304687500000e-04 w_r: 5.8511650085449219e+01 w_e: 5.8508697509765625e+01 w_diff: 2.9525756835937500e-03 h_r: 8.2869796752929688e+01 h_e: 8.2863388061523438e+01 h_diff: 6.4086914062500000e-03
#ERR image_list_position: [463] boxes: [113]  x_r: 2.3403678894042969e+02 x_e: 2.3403507995605469e+02 x_diff: 1.7089843750000000e-03 y_r: 3.6952459716796875e+02 y_e: 3.6952478027343750e+02 y_diff: 1.8310546875000000e-04 w_r: 1.4744612121582031e+02 w_e: 1.4744763183593750e+02 w_diff: 1.5106201171875000e-03 h_r: 1.2822634887695312e+02 h_e: 1.2822093200683594e+02 h_diff: 5.4168701171875000e-03
#ERR image_list_position: [463] probs: [113,6]  prob_r: 2.7203802019357681e-03 prob_e: 2.7219264302402735e-03
#ERR image_list_position: [463] boxes: [114]  x_r: 3.2710989379882812e+02 x_e: 3.2711047363281250e+02 x_diff: 5.7983398437500000e-04 y_r: 3.6508752441406250e+02 y_e: 3.6508767700195312e+02 y_diff: 1.5258789062500000e-04 w_r: 2.4455096435546875e+02 w_e: 2.4454823303222656e+02 w_diff: 2.7313232421875000e-03 h_r: 1.5856555175781250e+02 h_e: 1.5856045532226562e+02 h_diff: 5.0964355468750000e-03
#ERR image_list_position: [463] probs: [114,6]  prob_r: 5.2499240264296532e-03 prob_e: 5.2519221790134907e-03
#ERR image_list_position: [463] probs: [114,10]  prob_r: 1.3120569055899978e-03 prob_e: 1.3126635458320379e-03
#ERR image_list_position: [463] boxes: [125]  x_r: 5.9182049560546875e+02 x_e: 5.9182128906250000e+02 x_diff: 7.9345703125000000e-04 y_r: 3.6795223999023438e+02 y_e: 3.6795214843750000e+02 y_diff: 9.1552734375000000e-05 w_r: 5.1403190612792969e+01 w_e: 5.1402065277099609e+01 w_diff: 1.1253356933593750e-03 h_r: 1.4058119201660156e+02 h_e: 1.4057556152343750e+02 h_diff: 5.6304931640625000e-03
#ERR image_list_position: [463] probs: [125,6]  prob_r: 3.4025893546640873e-03 prob_e: 3.4017662983387709e-03
#ERR image_list_position: [463] probs: [125,8]  prob_r: 1.8754313932731748e-03 prob_e: 1.8749632872641087e-03
#ERR image_list_position: [463] probs: [125,14]  prob_r: 1.5286982525140047e-03 prob_e: 1.5283125685527921e-03
#ERR image_list_position: [463] boxes: [132]  x_r: 2.3242214965820312e+02 x_e: 2.3242202758789062e+02 x_diff: 1.2207031250000000e-04 y_r: 4.3850183105468750e+02 y_e: 4.3850039672851562e+02 y_diff: 1.4343261718750000e-03 w_r: 1.5975564575195312e+02 w_e: 1.5974981689453125e+02 w_diff: 5.8288574218750000e-03 h_r: 5.6692630767822266e+01 h_e: 5.6695590972900391e+01 h_diff: 2.9602050781250000e-03
#ERR image_list_position: [463] probs: [132,6]  prob_r: 2.3056983482092619e-03 prob_e: 2.3038913495838642e-03
#ERR image_list_position: [463] probs: [132,13]  prob_r: 1.0327274212613702e-03 prob_e: 1.0319550056010485e-03
#SDC Ite:463 KerTime:0.357505 AccTime:166.064701 KerErr:33 AccErr:33
#IT Ite:464 KerTime:0.357672 AccTime:166.422373
#IT Ite:465 KerTime:0.357738 AccTime:166.780111
#IT Ite:466 KerTime:0.357447 AccTime:167.137558
#IT Ite:467 KerTime:0.356890 AccTime:167.494448
#IT Ite:468 KerTime:0.357731 AccTime:167.852179
#IT Ite:469 KerTime:0.357251 AccTime:168.209430
#IT Ite:470 KerTime:0.357604 AccTime:168.567034
#IT Ite:471 KerTime:0.357594 AccTime:168.924628
#IT Ite:472 KerTime:0.357381 AccTime:169.282009
#IT Ite:473 KerTime:0.357551 AccTime:169.639560
#IT Ite:474 KerTime:0.357414 AccTime:169.996974
#IT Ite:475 KerTime:0.357181 AccTime:170.354155
#IT Ite:476 KerTime:0.357289 AccTime:170.711444
#IT Ite:477 KerTime:0.357431 AccTime:171.068875
#IT Ite:478 KerTime:0.357276 AccTime:171.426151
#IT Ite:479 KerTime:0.357375 AccTime:171.783526
#IT Ite:480 KerTime:0.357137 AccTime:172.140663
#IT Ite:481 KerTime:0.357381 AccTime:172.498044
#IT Ite:482 KerTime:0.357923 AccTime:172.855967
