#HEADER type: ecc_off dataset: /home/carol/radiation-benchmarks/data/networks_img_list/caltech.pedestrians.critical.1K.txt
#BEGIN Y:2016 M:12 D:12 Time:09:52:28
#IT Ite:0 KerTime:0.039041 AccTime:0.039041
#IT Ite:1 KerTime:0.036730 AccTime:0.075771
#IT Ite:2 KerTime:0.036644 AccTime:0.112415
#IT Ite:3 KerTime:0.036577 AccTime:0.148992
#IT Ite:4 KerTime:0.036601 AccTime:0.185593
#IT Ite:5 KerTime:0.036723 AccTime:0.222316
#IT Ite:6 KerTime:0.036663 AccTime:0.258979
#IT Ite:7 KerTime:0.036718 AccTime:0.295697
#IT Ite:8 KerTime:0.036667 AccTime:0.332364
#IT Ite:9 KerTime:0.036752 AccTime:0.369116
#IT Ite:10 KerTime:0.036598 AccTime:0.405714
#IT Ite:11 KerTime:0.036705 AccTime:0.442419
#IT Ite:12 KerTime:0.036582 AccTime:0.479001
#IT Ite:13 KerTime:0.036733 AccTime:0.515734
#IT Ite:14 KerTime:0.036668 AccTime:0.552402
#IT Ite:15 KerTime:0.036507 AccTime:0.588909
#IT Ite:16 KerTime:0.036504 AccTime:0.625413
#IT Ite:17 KerTime:0.036594 AccTime:0.662007
#IT Ite:18 KerTime:0.036596 AccTime:0.698603
#IT Ite:19 KerTime:0.036675 AccTime:0.735278
#IT Ite:20 KerTime:0.036701 AccTime:0.771979
#IT Ite:21 KerTime:0.036920 AccTime:0.808899
#IT Ite:22 KerTime:0.036677 AccTime:0.845576
#IT Ite:23 KerTime:0.036944 AccTime:0.882520
#IT Ite:24 KerTime:0.036672 AccTime:0.919192
#IT Ite:25 KerTime:0.036399 AccTime:0.955591
#IT Ite:26 KerTime:0.036235 AccTime:0.991826
#IT Ite:27 KerTime:0.036496 AccTime:1.028322
#IT Ite:28 KerTime:0.036494 AccTime:1.064816
#IT Ite:29 KerTime:0.036447 AccTime:1.101263
#IT Ite:30 KerTime:0.036524 AccTime:1.137787
#IT Ite:31 KerTime:0.036504 AccTime:1.174291
#IT Ite:32 KerTime:0.036491 AccTime:1.210782
#IT Ite:33 KerTime:0.036223 AccTime:1.247005
#IT Ite:34 KerTime:0.036352 AccTime:1.283357
#IT Ite:35 KerTime:0.036523 AccTime:1.319880
#IT Ite:36 KerTime:0.036288 AccTime:1.356168
#IT Ite:37 KerTime:0.036374 AccTime:1.392542
#IT Ite:38 KerTime:0.036445 AccTime:1.428987
#IT Ite:39 KerTime:0.036305 AccTime:1.465292
#IT Ite:40 KerTime:0.036415 AccTime:1.501707
#IT Ite:41 KerTime:0.036359 AccTime:1.538066
#IT Ite:42 KerTime:0.036729 AccTime:1.574795
#IT Ite:43 KerTime:0.036464 AccTime:1.611259
#IT Ite:44 KerTime:0.036481 AccTime:1.647740
#IT Ite:45 KerTime:0.036381 AccTime:1.684121
#IT Ite:46 KerTime:0.036425 AccTime:1.720546
#IT Ite:47 KerTime:0.036482 AccTime:1.757028
#IT Ite:48 KerTime:0.036545 AccTime:1.793573
#IT Ite:49 KerTime:0.036333 AccTime:1.829906
#IT Ite:50 KerTime:0.036494 AccTime:1.866400
#IT Ite:51 KerTime:0.036538 AccTime:1.902938
#IT Ite:52 KerTime:0.036390 AccTime:1.939328
#IT Ite:53 KerTime:0.036509 AccTime:1.975837
#IT Ite:54 KerTime:0.036520 AccTime:2.012357
#IT Ite:55 KerTime:0.036467 AccTime:2.048824
#IT Ite:56 KerTime:0.036493 AccTime:2.085317
#IT Ite:57 KerTime:0.036385 AccTime:2.121702
#IT Ite:58 KerTime:0.036377 AccTime:2.158079
#IT Ite:59 KerTime:0.036274 AccTime:2.194353
#IT Ite:60 KerTime:0.036329 AccTime:2.230682
#IT Ite:61 KerTime:0.036468 AccTime:2.267150
#IT Ite:62 KerTime:0.036687 AccTime:2.303837
#IT Ite:63 KerTime:0.036317 AccTime:2.340154
#IT Ite:64 KerTime:0.036464 AccTime:2.376618
#IT Ite:65 KerTime:0.036484 AccTime:2.413102
#IT Ite:66 KerTime:0.036420 AccTime:2.449522
#IT Ite:67 KerTime:0.036451 AccTime:2.485973
#IT Ite:68 KerTime:0.036454 AccTime:2.522427
#IT Ite:69 KerTime:0.036371 AccTime:2.558798
#IT Ite:70 KerTime:0.036491 AccTime:2.595289
#IT Ite:71 KerTime:0.036382 AccTime:2.631671
#IT Ite:72 KerTime:0.036530 AccTime:2.668201
#IT Ite:73 KerTime:0.036297 AccTime:2.704498
#IT Ite:74 KerTime:0.036490 AccTime:2.740988
#IT Ite:75 KerTime:0.036472 AccTime:2.777460
#IT Ite:76 KerTime:0.036419 AccTime:2.813879
#IT Ite:77 KerTime:0.036482 AccTime:2.850361
#IT Ite:78 KerTime:0.036385 AccTime:2.886746
#IT Ite:79 KerTime:0.036752 AccTime:2.923498
#IT Ite:80 KerTime:0.036332 AccTime:2.959830
#IT Ite:81 KerTime:0.036415 AccTime:2.996245
#IT Ite:82 KerTime:0.036316 AccTime:3.032561
#IT Ite:83 KerTime:0.036384 AccTime:3.068945
#IT Ite:84 KerTime:0.036327 AccTime:3.105272
#IT Ite:85 KerTime:0.036221 AccTime:3.141493
#IT Ite:86 KerTime:0.036580 AccTime:3.178073
#IT Ite:87 KerTime:0.036347 AccTime:3.214420
#IT Ite:88 KerTime:0.036460 AccTime:3.250880
#IT Ite:89 KerTime:0.036461 AccTime:3.287341
#IT Ite:90 KerTime:0.036472 AccTime:3.323813
#IT Ite:91 KerTime:0.036473 AccTime:3.360286
#IT Ite:92 KerTime:0.036381 AccTime:3.396667
#IT Ite:93 KerTime:0.036539 AccTime:3.433206
#IT Ite:94 KerTime:0.036426 AccTime:3.469632
#IT Ite:95 KerTime:0.036323 AccTime:3.505955
#IT Ite:96 KerTime:0.036455 AccTime:3.542410
#IT Ite:97 KerTime:0.036462 AccTime:3.578872
#IT Ite:98 KerTime:0.036378 AccTime:3.615250
#IT Ite:99 KerTime:0.036512 AccTime:3.651762
#IT Ite:100 KerTime:0.036582 AccTime:3.688344
#IT Ite:101 KerTime:0.036449 AccTime:3.724793
#IT Ite:102 KerTime:0.036371 AccTime:3.761164
#IT Ite:103 KerTime:0.036490 AccTime:3.797654
#IT Ite:104 KerTime:0.036423 AccTime:3.834077
#IT Ite:105 KerTime:0.036419 AccTime:3.870496
#IT Ite:106 KerTime:0.036412 AccTime:3.906908
#IT Ite:107 KerTime:0.036527 AccTime:3.943435
#IT Ite:108 KerTime:0.036292 AccTime:3.979727
#IT Ite:109 KerTime:0.036334 AccTime:4.016061
#IT Ite:110 KerTime:0.036576 AccTime:4.052637
#IT Ite:111 KerTime:0.036335 AccTime:4.088972
#IT Ite:112 KerTime:0.036816 AccTime:4.125788
#IT Ite:113 KerTime:0.036420 AccTime:4.162208
#IT Ite:114 KerTime:0.036493 AccTime:4.198701
#IT Ite:115 KerTime:0.036349 AccTime:4.235050
#IT Ite:116 KerTime:0.036399 AccTime:4.271449
#IT Ite:117 KerTime:0.036519 AccTime:4.307968
#IT Ite:118 KerTime:0.036456 AccTime:4.344424
#IT Ite:119 KerTime:0.036362 AccTime:4.380786
#IT Ite:120 KerTime:0.036243 AccTime:4.417029
#IT Ite:121 KerTime:0.036655 AccTime:4.453684
#IT Ite:122 KerTime:0.036394 AccTime:4.490078
#IT Ite:123 KerTime:0.036439 AccTime:4.526517
#IT Ite:124 KerTime:0.036486 AccTime:4.563003
#IT Ite:125 KerTime:0.036498 AccTime:4.599501
#IT Ite:126 KerTime:0.036377 AccTime:4.635878
#IT Ite:127 KerTime:0.036189 AccTime:4.672067
#IT Ite:128 KerTime:0.036453 AccTime:4.708520
#IT Ite:129 KerTime:0.036250 AccTime:4.744770
#IT Ite:130 KerTime:0.036559 AccTime:4.781329
#IT Ite:131 KerTime:0.036507 AccTime:4.817836
#IT Ite:132 KerTime:0.036538 AccTime:4.854374
#IT Ite:133 KerTime:0.036295 AccTime:4.890669
#IT Ite:134 KerTime:0.036417 AccTime:4.927086
#IT Ite:135 KerTime:0.036408 AccTime:4.963494
#IT Ite:136 KerTime:0.036225 AccTime:4.999719
#IT Ite:137 KerTime:0.036481 AccTime:5.036200
#IT Ite:138 KerTime:0.036452 AccTime:5.072652
#IT Ite:139 KerTime:0.036473 AccTime:5.109125
#IT Ite:140 KerTime:0.036539 AccTime:5.145664
#IT Ite:141 KerTime:0.036553 AccTime:5.182217
#IT Ite:142 KerTime:0.036563 AccTime:5.218780
#IT Ite:143 KerTime:0.036228 AccTime:5.255008
#IT Ite:144 KerTime:0.036588 AccTime:5.291596
#IT Ite:145 KerTime:0.036456 AccTime:5.328052
#IT Ite:146 KerTime:0.036501 AccTime:5.364553
#IT Ite:147 KerTime:0.036517 AccTime:5.401070
#IT Ite:148 KerTime:0.036442 AccTime:5.437512
#IT Ite:149 KerTime:0.036331 AccTime:5.473843
#IT Ite:150 KerTime:0.036391 AccTime:5.510234
#IT Ite:151 KerTime:0.036524 AccTime:5.546758
#IT Ite:152 KerTime:0.036437 AccTime:5.583195
#IT Ite:153 KerTime:0.036334 AccTime:5.619529
#IT Ite:154 KerTime:0.036384 AccTime:5.655913
#IT Ite:155 KerTime:0.036466 AccTime:5.692379
#IT Ite:156 KerTime:0.036447 AccTime:5.728826
#IT Ite:157 KerTime:0.036466 AccTime:5.765292
#IT Ite:158 KerTime:0.036501 AccTime:5.801793
#IT Ite:159 KerTime:0.036492 AccTime:5.838285
#IT Ite:160 KerTime:0.036446 AccTime:5.874731
#IT Ite:161 KerTime:0.036625 AccTime:5.911356
#IT Ite:162 KerTime:0.036328 AccTime:5.947684
#IT Ite:163 KerTime:0.036612 AccTime:5.984296
#IT Ite:164 KerTime:0.036329 AccTime:6.020625
#IT Ite:165 KerTime:0.036480 AccTime:6.057105
#IT Ite:166 KerTime:0.036387 AccTime:6.093492
#IT Ite:167 KerTime:0.036356 AccTime:6.129848
#IT Ite:168 KerTime:0.036545 AccTime:6.166393
#IT Ite:169 KerTime:0.036347 AccTime:6.202740
#IT Ite:170 KerTime:0.036434 AccTime:6.239174
#IT Ite:171 KerTime:0.036588 AccTime:6.275762
#IT Ite:172 KerTime:0.036578 AccTime:6.312340
#IT Ite:173 KerTime:0.036513 AccTime:6.348853
#IT Ite:174 KerTime:0.036454 AccTime:6.385307
#IT Ite:175 KerTime:0.036466 AccTime:6.421773
#IT Ite:176 KerTime:0.036416 AccTime:6.458189
#IT Ite:177 KerTime:0.036455 AccTime:6.494644
#IT Ite:178 KerTime:0.036431 AccTime:6.531075
#IT Ite:179 KerTime:0.036475 AccTime:6.567550
#IT Ite:180 KerTime:0.036597 AccTime:6.604147
#IT Ite:181 KerTime:0.036414 AccTime:6.640561
#IT Ite:182 KerTime:0.036619 AccTime:6.677180
#IT Ite:183 KerTime:0.036355 AccTime:6.713535
#IT Ite:184 KerTime:0.036823 AccTime:6.750358
#IT Ite:185 KerTime:0.036427 AccTime:6.786785
#IT Ite:186 KerTime:0.036399 AccTime:6.823184
#IT Ite:187 KerTime:0.036361 AccTime:6.859545
#IT Ite:188 KerTime:0.036448 AccTime:6.895993
#IT Ite:189 KerTime:0.036496 AccTime:6.932489
#IT Ite:190 KerTime:0.036357 AccTime:6.968846
#IT Ite:191 KerTime:0.036666 AccTime:7.005512
#IT Ite:192 KerTime:0.036404 AccTime:7.041916
#IT Ite:193 KerTime:0.036498 AccTime:7.078414
#IT Ite:194 KerTime:0.036435 AccTime:7.114849
#IT Ite:195 KerTime:0.036430 AccTime:7.151279
#IT Ite:196 KerTime:0.036635 AccTime:7.187914
#IT Ite:197 KerTime:0.036458 AccTime:7.224372
#IT Ite:198 KerTime:0.036341 AccTime:7.260713
#IT Ite:199 KerTime:0.036454 AccTime:7.297167
#IT Ite:200 KerTime:0.036621 AccTime:7.333788
#IT Ite:201 KerTime:0.036336 AccTime:7.370124
#IT Ite:202 KerTime:0.036341 AccTime:7.406465
#IT Ite:203 KerTime:0.036578 AccTime:7.443043
#IT Ite:204 KerTime:0.036352 AccTime:7.479395
#IT Ite:205 KerTime:0.036483 AccTime:7.515878
#IT Ite:206 KerTime:0.036603 AccTime:7.552481
#IT Ite:207 KerTime:0.036523 AccTime:7.589004
#IT Ite:208 KerTime:0.036750 AccTime:7.625754
#IT Ite:209 KerTime:0.036430 AccTime:7.662184
#IT Ite:210 KerTime:0.036364 AccTime:7.698548
#IT Ite:211 KerTime:0.036312 AccTime:7.734860
#IT Ite:212 KerTime:0.036539 AccTime:7.771399
#IT Ite:213 KerTime:0.036463 AccTime:7.807862
#IT Ite:214 KerTime:0.036479 AccTime:7.844341
#IT Ite:215 KerTime:0.036408 AccTime:7.880749
#IT Ite:216 KerTime:0.036335 AccTime:7.917084
#IT Ite:217 KerTime:0.036447 AccTime:7.953531
#IT Ite:218 KerTime:0.036308 AccTime:7.989839
#IT Ite:219 KerTime:0.036446 AccTime:8.026285
#IT Ite:220 KerTime:0.036453 AccTime:8.062738
#IT Ite:221 KerTime:0.036423 AccTime:8.099161
#IT Ite:222 KerTime:0.036485 AccTime:8.135646
#IT Ite:223 KerTime:0.036257 AccTime:8.171903
#IT Ite:224 KerTime:0.036506 AccTime:8.208409
#IT Ite:225 KerTime:0.036183 AccTime:8.244592
#IT Ite:226 KerTime:0.036476 AccTime:8.281068
#IT Ite:227 KerTime:0.036495 AccTime:8.317563
#IT Ite:228 KerTime:0.036473 AccTime:8.354036
#IT Ite:229 KerTime:0.036838 AccTime:8.390874
#IT Ite:230 KerTime:0.036517 AccTime:8.427391
#IT Ite:231 KerTime:0.036515 AccTime:8.463906
#IT Ite:232 KerTime:0.036249 AccTime:8.500155
#IT Ite:233 KerTime:0.036302 AccTime:8.536457
#IT Ite:234 KerTime:0.036445 AccTime:8.572902
#IT Ite:235 KerTime:0.036281 AccTime:8.609183
#IT Ite:236 KerTime:0.036458 AccTime:8.645641
#IT Ite:237 KerTime:0.036389 AccTime:8.682030
#IT Ite:238 KerTime:0.036690 AccTime:8.718720
#IT Ite:239 KerTime:0.036162 AccTime:8.754882
#IT Ite:240 KerTime:0.036511 AccTime:8.791393
#IT Ite:241 KerTime:0.036488 AccTime:8.827881
#IT Ite:242 KerTime:0.036387 AccTime:8.864268
#IT Ite:243 KerTime:0.036385 AccTime:8.900653
#IT Ite:244 KerTime:0.036270 AccTime:8.936923
#IT Ite:245 KerTime:0.036404 AccTime:8.973327
#IT Ite:246 KerTime:0.036228 AccTime:9.009555
#IT Ite:247 KerTime:0.036646 AccTime:9.046201
#IT Ite:248 KerTime:0.036554 AccTime:9.082755
#IT Ite:249 KerTime:0.036416 AccTime:9.119171
#IT Ite:250 KerTime:0.036411 AccTime:9.155582
#IT Ite:251 KerTime:0.036308 AccTime:9.191890
#IT Ite:252 KerTime:0.036720 AccTime:9.228610
#IT Ite:253 KerTime:0.036330 AccTime:9.264940
#IT Ite:254 KerTime:0.036820 AccTime:9.301760
#IT Ite:255 KerTime:0.036522 AccTime:9.338282
#IT Ite:256 KerTime:0.036397 AccTime:9.374679
#IT Ite:257 KerTime:0.036478 AccTime:9.411157
#IT Ite:258 KerTime:0.036347 AccTime:9.447504
#IT Ite:259 KerTime:0.036569 AccTime:9.484073
#IT Ite:260 KerTime:0.036368 AccTime:9.520441
#IT Ite:261 KerTime:0.036352 AccTime:9.556793
#IT Ite:262 KerTime:0.036434 AccTime:9.593227
#IT Ite:263 KerTime:0.036412 AccTime:9.629639
#IT Ite:264 KerTime:0.036447 AccTime:9.666086
#IT Ite:265 KerTime:0.036390 AccTime:9.702476
#IT Ite:266 KerTime:0.036517 AccTime:9.738993
#IT Ite:267 KerTime:0.036346 AccTime:9.775339
#IT Ite:268 KerTime:0.036503 AccTime:9.811842
#IT Ite:269 KerTime:0.036366 AccTime:9.848208
#IT Ite:270 KerTime:0.036492 AccTime:9.884700
#IT Ite:271 KerTime:0.036401 AccTime:9.921101
#IT Ite:272 KerTime:0.036304 AccTime:9.957405
#IT Ite:273 KerTime:0.036406 AccTime:9.993811
#IT Ite:274 KerTime:0.036459 AccTime:10.030270
#IT Ite:275 KerTime:0.036583 AccTime:10.066853
#IT Ite:276 KerTime:0.036508 AccTime:10.103361
#IT Ite:277 KerTime:0.036315 AccTime:10.139676
#IT Ite:278 KerTime:0.036413 AccTime:10.176089
#IT Ite:279 KerTime:0.036293 AccTime:10.212382
#IT Ite:280 KerTime:0.036530 AccTime:10.248912
#IT Ite:281 KerTime:0.036505 AccTime:10.285417
#IT Ite:282 KerTime:0.036462 AccTime:10.321879
#IT Ite:283 KerTime:0.036350 AccTime:10.358229
#IT Ite:284 KerTime:0.036295 AccTime:10.394524
#IT Ite:285 KerTime:0.036503 AccTime:10.431027
#IT Ite:286 KerTime:0.036386 AccTime:10.467413
#IT Ite:287 KerTime:0.036548 AccTime:10.503961
#IT Ite:288 KerTime:0.036554 AccTime:10.540515
#IT Ite:289 KerTime:0.036366 AccTime:10.576881
#IT Ite:290 KerTime:0.036506 AccTime:10.613387
#IT Ite:291 KerTime:0.036372 AccTime:10.649759
#IT Ite:292 KerTime:0.036484 AccTime:10.686243
#IT Ite:293 KerTime:0.036326 AccTime:10.722569
#IT Ite:294 KerTime:0.036475 AccTime:10.759044
#IT Ite:295 KerTime:0.036475 AccTime:10.795519
#IT Ite:296 KerTime:0.036407 AccTime:10.831926
#IT Ite:297 KerTime:0.036442 AccTime:10.868368
#IT Ite:298 KerTime:0.036426 AccTime:10.904794
#IT Ite:299 KerTime:0.036346 AccTime:10.941140
#IT Ite:300 KerTime:0.036331 AccTime:10.977471
#IT Ite:301 KerTime:0.036492 AccTime:11.013963
#IT Ite:302 KerTime:0.036462 AccTime:11.050425
#IT Ite:303 KerTime:0.036604 AccTime:11.087029
#IT Ite:304 KerTime:0.036584 AccTime:11.123613
#IT Ite:305 KerTime:0.036324 AccTime:11.159937
#IT Ite:306 KerTime:0.036286 AccTime:11.196223
#IT Ite:307 KerTime:0.036253 AccTime:11.232476
#IT Ite:308 KerTime:0.036481 AccTime:11.268957
#IT Ite:309 KerTime:0.036417 AccTime:11.305374
#IT Ite:310 KerTime:0.036488 AccTime:11.341862
#IT Ite:311 KerTime:0.036624 AccTime:11.378486
#IT Ite:312 KerTime:0.036502 AccTime:11.414988
#IT Ite:313 KerTime:0.036429 AccTime:11.451417
#IT Ite:314 KerTime:0.036416 AccTime:11.487833
#IT Ite:315 KerTime:0.036544 AccTime:11.524377
#IT Ite:316 KerTime:0.036476 AccTime:11.560853
#IT Ite:317 KerTime:0.036506 AccTime:11.597359
#IT Ite:318 KerTime:0.036438 AccTime:11.633797
#IT Ite:319 KerTime:0.036395 AccTime:11.670192
#IT Ite:320 KerTime:0.036631 AccTime:11.706823
#IT Ite:321 KerTime:0.036245 AccTime:11.743068
#IT Ite:322 KerTime:0.036782 AccTime:11.779850
#IT Ite:323 KerTime:0.036439 AccTime:11.816289
#IT Ite:324 KerTime:0.036506 AccTime:11.852795
#IT Ite:325 KerTime:0.036400 AccTime:11.889195
#IT Ite:326 KerTime:0.036450 AccTime:11.925645
#IT Ite:327 KerTime:0.036487 AccTime:11.962132
#IT Ite:328 KerTime:0.036438 AccTime:11.998570
#IT Ite:329 KerTime:0.036445 AccTime:12.035015
#IT Ite:330 KerTime:0.036447 AccTime:12.071462
#IT Ite:331 KerTime:0.036447 AccTime:12.107909
#IT Ite:332 KerTime:0.036367 AccTime:12.144276
#IT Ite:333 KerTime:0.036379 AccTime:12.180655
#IT Ite:334 KerTime:0.036529 AccTime:12.217184
#IT Ite:335 KerTime:0.036386 AccTime:12.253570
#IT Ite:336 KerTime:0.036432 AccTime:12.290002
#IT Ite:337 KerTime:0.036377 AccTime:12.326379
#IT Ite:338 KerTime:0.036333 AccTime:12.362712
#IT Ite:339 KerTime:0.036308 AccTime:12.399020
#IT Ite:340 KerTime:0.036417 AccTime:12.435437
#IT Ite:341 KerTime:0.036380 AccTime:12.471817
#IT Ite:342 KerTime:0.036345 AccTime:12.508162
#IT Ite:343 KerTime:0.036476 AccTime:12.544638
#IT Ite:344 KerTime:0.036463 AccTime:12.581101
#IT Ite:345 KerTime:0.036482 AccTime:12.617583
#IT Ite:346 KerTime:0.036461 AccTime:12.654044
#IT Ite:347 KerTime:0.036469 AccTime:12.690513
#IT Ite:348 KerTime:0.036431 AccTime:12.726944
#IT Ite:349 KerTime:0.036220 AccTime:12.763164
#IT Ite:350 KerTime:0.036516 AccTime:12.799680
#IT Ite:351 KerTime:0.036402 AccTime:12.836082
#IT Ite:352 KerTime:0.036386 AccTime:12.872468
#IT Ite:353 KerTime:0.036519 AccTime:12.908987
#IT Ite:354 KerTime:0.036374 AccTime:12.945361
#IT Ite:355 KerTime:0.036501 AccTime:12.981862
#IT Ite:356 KerTime:0.036296 AccTime:13.018158
#IT Ite:357 KerTime:0.036374 AccTime:13.054532
#IT Ite:358 KerTime:0.036533 AccTime:13.091065
#IT Ite:359 KerTime:0.036595 AccTime:13.127660
#IT Ite:360 KerTime:0.036480 AccTime:13.164140
#IT Ite:361 KerTime:0.036323 AccTime:13.200463
#IT Ite:362 KerTime:0.036357 AccTime:13.236820
#IT Ite:363 KerTime:0.036362 AccTime:13.273182
#IT Ite:364 KerTime:0.036403 AccTime:13.309585
#IT Ite:365 KerTime:0.036461 AccTime:13.346046
#IT Ite:366 KerTime:0.036344 AccTime:13.382390
#IT Ite:367 KerTime:0.036544 AccTime:13.418934
#IT Ite:368 KerTime:0.036304 AccTime:13.455238
#IT Ite:369 KerTime:0.036595 AccTime:13.491833
#IT Ite:370 KerTime:0.036443 AccTime:13.528276
#IT Ite:371 KerTime:0.036446 AccTime:13.564722
#IT Ite:372 KerTime:0.036568 AccTime:13.601290
#IT Ite:373 KerTime:0.036308 AccTime:13.637598
#IT Ite:374 KerTime:0.036367 AccTime:13.673965
#IT Ite:375 KerTime:0.036460 AccTime:13.710425
#IT Ite:376 KerTime:0.036452 AccTime:13.746877
#IT Ite:377 KerTime:0.036389 AccTime:13.783266
#IT Ite:378 KerTime:0.036500 AccTime:13.819766
#IT Ite:379 KerTime:0.036435 AccTime:13.856201
#IT Ite:380 KerTime:0.036411 AccTime:13.892612
#IT Ite:381 KerTime:0.036550 AccTime:13.929162
#IT Ite:382 KerTime:0.036409 AccTime:13.965571
#IT Ite:383 KerTime:0.036541 AccTime:14.002112
#IT Ite:384 KerTime:0.036480 AccTime:14.038592
#IT Ite:385 KerTime:0.036534 AccTime:14.075126
#IT Ite:386 KerTime:0.036424 AccTime:14.111550
#IT Ite:387 KerTime:0.036646 AccTime:14.148196
#IT Ite:388 KerTime:0.036296 AccTime:14.184492
#IT Ite:389 KerTime:0.036380 AccTime:14.220872
#IT Ite:390 KerTime:0.036370 AccTime:14.257242
#IT Ite:391 KerTime:0.036338 AccTime:14.293580
#IT Ite:392 KerTime:0.036578 AccTime:14.330158
#IT Ite:393 KerTime:0.036498 AccTime:14.366656
#IT Ite:394 KerTime:0.036366 AccTime:14.403022
#IT Ite:395 KerTime:0.036476 AccTime:14.439498
#IT Ite:396 KerTime:0.036361 AccTime:14.475859
#IT Ite:397 KerTime:0.036598 AccTime:14.512457
#IT Ite:398 KerTime:0.036315 AccTime:14.548772
#IT Ite:399 KerTime:0.036565 AccTime:14.585337
#IT Ite:400 KerTime:0.036523 AccTime:14.621860
#IT Ite:401 KerTime:0.036364 AccTime:14.658224
#IT Ite:402 KerTime:0.036509 AccTime:14.694733
#IT Ite:403 KerTime:0.036285 AccTime:14.731018
#IT Ite:404 KerTime:0.036543 AccTime:14.767561
#IT Ite:405 KerTime:0.036484 AccTime:14.804045
#IT Ite:406 KerTime:0.036445 AccTime:14.840490
#IT Ite:407 KerTime:0.036324 AccTime:14.876814
#IT Ite:408 KerTime:0.036496 AccTime:14.913310
#IT Ite:409 KerTime:0.036418 AccTime:14.949728
#IT Ite:410 KerTime:0.036274 AccTime:14.986002
#IT Ite:411 KerTime:0.036333 AccTime:15.022335
#IT Ite:412 KerTime:0.036434 AccTime:15.058769
#IT Ite:413 KerTime:0.036513 AccTime:15.095282
#IT Ite:414 KerTime:0.036535 AccTime:15.131817
#IT Ite:415 KerTime:0.036336 AccTime:15.168153
#IT Ite:416 KerTime:0.036447 AccTime:15.204600
#IT Ite:417 KerTime:0.036358 AccTime:15.240958
#IT Ite:418 KerTime:0.036460 AccTime:15.277418
#IT Ite:419 KerTime:0.036392 AccTime:15.313810
#IT Ite:420 KerTime:0.036344 AccTime:15.350154
#IT Ite:421 KerTime:0.036474 AccTime:15.386628
#IT Ite:422 KerTime:0.036463 AccTime:15.423091
#IT Ite:423 KerTime:0.036442 AccTime:15.459533
#IT Ite:424 KerTime:0.036230 AccTime:15.495763
#IT Ite:425 KerTime:0.036338 AccTime:15.532101
#IT Ite:426 KerTime:0.036346 AccTime:15.568447
#IT Ite:427 KerTime:0.036453 AccTime:15.604900
#IT Ite:428 KerTime:0.036595 AccTime:15.641495
#IT Ite:429 KerTime:0.036457 AccTime:15.677952
#IT Ite:430 KerTime:0.036630 AccTime:15.714582
#IT Ite:431 KerTime:0.036366 AccTime:15.750948
#IT Ite:432 KerTime:0.036433 AccTime:15.787381
#IT Ite:433 KerTime:0.036563 AccTime:15.823944
#IT Ite:434 KerTime:0.036413 AccTime:15.860357
#IT Ite:435 KerTime:0.036373 AccTime:15.896730
#IT Ite:436 KerTime:0.036435 AccTime:15.933165
#IT Ite:437 KerTime:0.036443 AccTime:15.969608
#IT Ite:438 KerTime:0.036317 AccTime:16.005925
#IT Ite:439 KerTime:0.036673 AccTime:16.042598
#IT Ite:440 KerTime:0.036607 AccTime:16.079205
#IT Ite:441 KerTime:0.036892 AccTime:16.116097
#IT Ite:442 KerTime:0.036408 AccTime:16.152505
#IT Ite:443 KerTime:0.036187 AccTime:16.188692
#IT Ite:444 KerTime:0.036456 AccTime:16.225148
#IT Ite:445 KerTime:0.036312 AccTime:16.261460
#IT Ite:446 KerTime:0.036262 AccTime:16.297722
#IT Ite:447 KerTime:0.036437 AccTime:16.334159
#IT Ite:448 KerTime:0.036377 AccTime:16.370536
#IT Ite:449 KerTime:0.036550 AccTime:16.407086
#IT Ite:450 KerTime:0.036468 AccTime:16.443554
#IT Ite:451 KerTime:0.036451 AccTime:16.480005
#IT Ite:452 KerTime:0.036317 AccTime:16.516322
#IT Ite:453 KerTime:0.036414 AccTime:16.552736
#IT Ite:454 KerTime:0.036442 AccTime:16.589178
#IT Ite:455 KerTime:0.036271 AccTime:16.625449
#IT Ite:456 KerTime:0.036317 AccTime:16.661766
#IT Ite:457 KerTime:0.036342 AccTime:16.698108
#IT Ite:458 KerTime:0.036354 AccTime:16.734462
#IT Ite:459 KerTime:0.036180 AccTime:16.770642
#IT Ite:460 KerTime:0.036434 AccTime:16.807076
#IT Ite:461 KerTime:0.036611 AccTime:16.843687
#IT Ite:462 KerTime:0.036332 AccTime:16.880019
#IT Ite:463 KerTime:0.036586 AccTime:16.916605
#IT Ite:464 KerTime:0.036389 AccTime:16.952994
#IT Ite:465 KerTime:0.036390 AccTime:16.989384
#IT Ite:466 KerTime:0.036385 AccTime:17.025769
#IT Ite:467 KerTime:0.036715 AccTime:17.062484
#IT Ite:468 KerTime:0.036399 AccTime:17.098883
#IT Ite:469 KerTime:0.036472 AccTime:17.135355
#IT Ite:470 KerTime:0.036428 AccTime:17.171783
#IT Ite:471 KerTime:0.036349 AccTime:17.208132
#IT Ite:472 KerTime:0.036479 AccTime:17.244611
#IT Ite:473 KerTime:0.036357 AccTime:17.280968
#IT Ite:474 KerTime:0.036512 AccTime:17.317480
#IT Ite:475 KerTime:0.036498 AccTime:17.353978
#IT Ite:476 KerTime:0.036423 AccTime:17.390401
#IT Ite:477 KerTime:0.036452 AccTime:17.426853
#IT Ite:478 KerTime:0.036362 AccTime:17.463215
#IT Ite:479 KerTime:0.036444 AccTime:17.499659
#IT Ite:480 KerTime:0.036297 AccTime:17.535956
#IT Ite:481 KerTime:0.036435 AccTime:17.572391
#IT Ite:482 KerTime:0.036272 AccTime:17.608663
#ERR ./hog_hardened_ecc_off/opencv_src/hog.cu:1012: error: (-217) an illegal instruction was encountered in function compute_gradients_8UC4_ext

#END