#HEADER size:1048576
#BEGIN Y:2016 M:09 D:07 Time:03:43:19
#IT Ite:0 KerTime:2.958702 AccTime:2.958702
#ERR The histogram from element 21610 differs. srcHist=0 dstHist=1

#ERR The histogram from element 49408 differs. srcHist=0 dstHist=1

#ERR The histogram from element 201915 differs. srcHist=0 dstHist=1

#ERR The histogram from element 253906 differs. srcHist=0 dstHist=1

#ERR The histogram from element 281984 differs. srcHist=0 dstHist=1

#ERR The histogram from element 427812 differs. srcHist=0 dstHist=1

#ERR The histogram from element 525675 differs. srcHist=0 dstHist=1

#ERR The histogram from element 549329 differs. srcHist=0 dstHist=1

#ERR The histogram from element 563858 differs. srcHist=0 dstHist=1

#ERR The histogram from element 675676 differs. srcHist=0 dstHist=1

#ERR The histogram from element 759176 differs. srcHist=0 dstHist=1

#ERR The histogram from element 867008 differs. srcHist=0 dstHist=1

#ERR The histogram from element 927947 differs. srcHist=0 dstHist=1

#ERR The histogram from element 1013419 differs. srcHist=0 dstHist=1

#ERR The histogram from element 1043316 differs. srcHist=0 dstHist=1

#ERR The histogram from element 1055602107 differs. srcHist=1 dstHist=2

#ERR The histogram from element 1055654548 differs. srcHist=1 dstHist=2

#ERR The histogram from element 1055655770 differs. srcHist=1 dstHist=2

#ERR The histogram from element 1055680407 differs. srcHist=1 dstHist=2

#ERR The histogram from element 1059007942 differs. srcHist=1 dstHist=2

#ERR The histogram from element 1059024433 differs. srcHist=1 dstHist=2

#ERR The histogram from element 1059283907 differs. srcHist=1 dstHist=2

#ERR The histogram from element 1059290246 differs. srcHist=1 dstHist=2

#ERR The histogram from element 1059299087 differs. srcHist=1 dstHist=2

#ERR The histogram from element 1110377780 differs. srcHist=1 dstHist=2

#ERR The histogram from element 1110379328 differs. srcHist=1 dstHist=2

#ERR The histogram from element 1110397468 differs. srcHist=1 dstHist=2

#ERR The histogram from element 1110456755 differs. srcHist=1 dstHist=2

#ERR The histogram from element 614813210 differs. srcHist=1 dstHist=2

#ERR The histogram from element 614818926 differs. srcHist=1 dstHist=2

#ERR The histogram from element 614842355 differs. srcHist=1 dstHist=2

#ERR The histogram from element 1235992038 differs. srcHist=1 dstHist=2

#ERR The histogram from element 1236008491 differs. srcHist=1 dstHist=2

#ERR The histogram from element 1236013918 differs. srcHist=1 dstHist=2

#ERR The histogram from element 1236016551 differs. srcHist=1 dstHist=2

#ERR The histogram from element 1236020183 differs. srcHist=1 dstHist=2

#ERR The histogram from element 1236023765 differs. srcHist=1 dstHist=2

#ERR The histogram from element 1236037393 differs. srcHist=1 dstHist=2

#ERR The histogram from element 1236040766 differs. srcHist=1 dstHist=2

#ERR The histogram from element 1236041617 differs. srcHist=1 dstHist=2

#ERR The histogram from element 1236046593 differs. srcHist=1 dstHist=2

#ERR The histogram from element 1236050845 differs. srcHist=1 dstHist=2

#ERR The histogram from element 1236051247 differs. srcHist=1 dstHist=2

#ERR The histogram from element 1246621402 differs. srcHist=1 dstHist=2

#ERR The histogram from element 1246624127 differs. srcHist=1 dstHist=2

#ERR The histogram from element 1252759153 differs. srcHist=1 dstHist=0

#ERR The histogram from element 1252762566 differs. srcHist=1 dstHist=0

#ERR The histogram from element 1252769943 differs. srcHist=1 dstHist=0

#ERR The histogram from element 1252770529 differs. srcHist=1 dstHist=0

#ERR The histogram from element 1252770627 differs. srcHist=1 dstHist=0

#ERR The histogram from element 1252841212 differs. srcHist=1 dstHist=2

#ERR The histogram from element 1252851478 differs. srcHist=1 dstHist=2

#ERR The histogram from element 1252858845 differs. srcHist=1 dstHist=2

#ERR The histogram from element 1252863996 differs. srcHist=1 dstHist=2

#ERR The histogram from element 1252868611 differs. srcHist=1 dstHist=2

#ERR The histogram from element 1252886825 differs. srcHist=1 dstHist=2

#ERR The histogram from element 1253273324 differs. srcHist=1 dstHist=2

#ERR The histogram from element 1253278195 differs. srcHist=1 dstHist=2

#ERR The histogram from element 1253280001 differs. srcHist=1 dstHist=2

#ERR The histogram from element 1253292639 differs. srcHist=1 dstHist=2

#ERR The histogram from element 1253304006 differs. srcHist=1 dstHist=0

#ERR The histogram from element 1253305290 differs. srcHist=1 dstHist=2

#ERR The histogram from element 1253308084 differs. srcHist=1 dstHist=2

#ERR The histogram from element 1253309748 differs. srcHist=1 dstHist=2

#ERR The histogram from element 1253314192 differs. srcHist=1 dstHist=2

#ERR The histogram from element 1253329032 differs. srcHist=1 dstHist=2

#ERR The histogram from element 1253339786 differs. srcHist=1 dstHist=2

#ERR The histogram from element 1253355263 differs. srcHist=1 dstHist=0

#ERR The histogram from element 1253361674 differs. srcHist=1 dstHist=0

#ERR The histogram from element 1253376541 differs. srcHist=1 dstHist=0

#ERR The histogram from element 1253378007 differs. srcHist=1 dstHist=0

#ERR The histogram from element 1253384044 differs. srcHist=1 dstHist=0

#ERR The histogram from element 1253384133 differs. srcHist=1 dstHist=0

#ERR The histogram from element 1253384153 differs. srcHist=1 dstHist=0

#ERR The histogram from element 1253388991 differs. srcHist=1 dstHist=0

#ERR The histogram from element 1253392918 differs. srcHist=1 dstHist=0

#ERR The histogram from element 1253400920 differs. srcHist=1 dstHist=0

#ERR The histogram from element 1253405536 differs. srcHist=1 dstHist=0

#ERR The histogram from element 1253409447 differs. srcHist=1 dstHist=0

#ERR The histogram from element 1253412981 differs. srcHist=1 dstHist=0

#ERR The histogram from element 1253429396 differs. srcHist=1 dstHist=0

#ERR The histogram from element 1253442307 differs. srcHist=1 dstHist=0

#ERR The histogram from element 1253479829 differs. srcHist=1 dstHist=0

#ERR The histogram from element 1253518968 differs. srcHist=1 dstHist=0

#ERR The histogram from element 1253596702 differs. srcHist=1 dstHist=0

#ERR The histogram from element 1253599622 differs. srcHist=1 dstHist=0

#ERR The histogram from element 1253603632 differs. srcHist=1 dstHist=0

#ERR The histogram from element 1253632842 differs. srcHist=1 dstHist=2

#ERR The histogram from element 1253639438 differs. srcHist=1 dstHist=2

#ERR The histogram from element 1253646111 differs. srcHist=1 dstHist=0

#ERR The histogram from element 1253665022 differs. srcHist=1 dstHist=0

#ERR The histogram from element 1253674176 differs. srcHist=1 dstHist=0

#ERR The histogram from element 1253676533 differs. srcHist=1 dstHist=0

#ERR The histogram from element 1253695836 differs. srcHist=1 dstHist=2

#ERR The histogram from element 1253699321 differs. srcHist=1 dstHist=0

#ERR The histogram from element 1253713872 differs. srcHist=1 dstHist=2

#ERR The histogram from element 1253718657 differs. srcHist=1 dstHist=2

#ERR The histogram from element 1253720222 differs. srcHist=1 dstHist=2

#ERR The histogram from element 1253726994 differs. srcHist=1 dstHist=0

#ERR The histogram from element 1253731588 differs. srcHist=1 dstHist=0

#ERR The histogram from element 1253737105 differs. srcHist=1 dstHist=2

#ERR The histogram from element 1253737395 differs. srcHist=1 dstHist=2

#ERR The histogram from element 1253742859 differs. srcHist=1 dstHist=2

#ERR The histogram from element 1253743992 differs. srcHist=1 dstHist=0

#ERR The histogram from element 1253750960 differs. srcHist=1 dstHist=0

#ERR The histogram from element 1253752102 differs. srcHist=1 dstHist=2

#ERR The histogram from element 1253752488 differs. srcHist=1 dstHist=2

#ERR The histogram from element 1253753065 differs. srcHist=1 dstHist=2

#ERR The histogram from element 1253761487 differs. srcHist=1 dstHist=2

#ERR The histogram from element 1253775930 differs. srcHist=1 dstHist=2

#ERR The histogram from element 1253776486 differs. srcHist=1 dstHist=2

#ERR The histogram from element 1253783416 differs. srcHist=1 dstHist=2

#ERR The histogram from element 1253784430 differs. srcHist=1 dstHist=0

#ERR The histogram from element 1253784534 differs. srcHist=1 dstHist=0

#ERR The histogram from element 1253800720 differs. srcHist=1 dstHist=0

#ERR The histogram from element 1253801224 differs. srcHist=1 dstHist=0

#ERR The histogram from element 1253821947 differs. srcHist=1 dstHist=0

#ERR The histogram from element 1253827083 differs. srcHist=1 dstHist=0

#ERR The histogram from element 1253827108 differs. srcHist=1 dstHist=0

#ERR The histogram from element 1253843617 differs. srcHist=1 dstHist=0

#ERR The histogram from element 1253847582 differs. srcHist=1 dstHist=0

#ERR The histogram from element 1253863042 differs. srcHist=1 dstHist=2

#ERR The histogram from element 1253866782 differs. srcHist=1 dstHist=2

#ERR The histogram from element 1253870938 differs. srcHist=1 dstHist=0

#ERR The histogram from element 1253892128 differs. srcHist=1 dstHist=2

#ERR The histogram from element 1253892815 differs. srcHist=1 dstHist=0

#ERR The histogram from element 1253898192 differs. srcHist=1 dstHist=2

#ERR The histogram from element 1253899769 differs. srcHist=1 dstHist=0

#ERR The histogram from element 1253901663 differs. srcHist=1 dstHist=2

#ERR The histogram from element 1253906132 differs. srcHist=1 dstHist=0

#ERR The histogram from element 1253906927 differs. srcHist=1 dstHist=2

#ERR The histogram from element 1253911795 differs. srcHist=1 dstHist=0

#ERR The histogram from element 1253915077 differs. srcHist=1 dstHist=2

#ERR The histogram from element 1253921009 differs. srcHist=1 dstHist=2

#ERR The histogram from element 1253921102 differs. srcHist=1 dstHist=2

#ERR The histogram from element 1253925686 differs. srcHist=1 dstHist=2

#ERR The histogram from element 1253930152 differs. srcHist=1 dstHist=0

#ERR The histogram from element 1253937068 differs. srcHist=1 dstHist=0

#ERR The histogram from element 1253938180 differs. srcHist=1 dstHist=2

#ERR The histogram from element 1253943118 differs. srcHist=1 dstHist=0

#ERR The histogram from element 1253955011 differs. srcHist=1 dstHist=2

#ERR The histogram from element 1253955881 differs. srcHist=1 dstHist=0

#ERR The histogram from element 1253956040 differs. srcHist=1 dstHist=0

#ERR The histogram from element 1253961169 differs. srcHist=1 dstHist=0

#ERR The histogram from element 1253982609 differs. srcHist=1 dstHist=0

#ERR The histogram from element 1253995423 differs. srcHist=1 dstHist=2

#ERR The histogram from element 1254010272 differs. srcHist=1 dstHist=2

#ERR The histogram from element 1254019616 differs. srcHist=1 dstHist=2

#ERR The histogram from element 1254040993 differs. srcHist=1 dstHist=2

#ERR The histogram from element 1254059833 differs. srcHist=1 dstHist=0

#ERR The histogram from element 1254065572 differs. srcHist=1 dstHist=0

#ERR The histogram from element 1254072951 differs. srcHist=1 dstHist=0

#ERR The histogram from element 1254073774 differs. srcHist=1 dstHist=0

#ERR The histogram from element 1254074084 differs. srcHist=1 dstHist=0

#ERR The histogram from element 1254093471 differs. srcHist=1 dstHist=0

#ERR The histogram from element 1254094543 differs. srcHist=1 dstHist=2

#ERR The histogram from element 1254101577 differs. srcHist=1 dstHist=2

#ERR The histogram from element 1254109526 differs. srcHist=1 dstHist=2

#ERR The histogram from element 1254114461 differs. srcHist=1 dstHist=2

#ERR The histogram from element 1254165093 differs. srcHist=1 dstHist=2

#ERR The histogram from element 1254176131 differs. srcHist=1 dstHist=2

#ERR The histogram from element 1254228287 differs. srcHist=1 dstHist=0

#ERR The histogram from element 1254269051 differs. srcHist=1 dstHist=0

#ERR The histogram from element 1254286586 differs. srcHist=1 dstHist=2

#ERR The histogram from element 1254378536 differs. srcHist=1 dstHist=2

#ERR The histogram from element 1254746186 differs. srcHist=1 dstHist=2

#ERR The histogram from element 1254746234 differs. srcHist=1 dstHist=2

#ERR The histogram from element 1254753756 differs. srcHist=1 dstHist=2

#ERR The histogram from element 1254754626 differs. srcHist=1 dstHist=2

#ERR The histogram from element 1254763263 differs. srcHist=1 dstHist=0

#ERR The histogram from element 1254765697 differs. srcHist=1 dstHist=0

#ERR The histogram from element 1254769177 differs. srcHist=1 dstHist=0

#ERR The histogram from element 1254770121 differs. srcHist=1 dstHist=0

#ERR The histogram from element 1254773676 differs. srcHist=1 dstHist=0

#ERR The histogram from element 1254779628 differs. srcHist=1 dstHist=0

#ERR The histogram from element 1255086264 differs. srcHist=1 dstHist=2

#ERR The histogram from element 1255128920 differs. srcHist=1 dstHist=2

#ERR The histogram from element 1255129849 differs. srcHist=1 dstHist=2

#ERR The histogram from element 1255226057 differs. srcHist=1 dstHist=2

#ERR The histogram from element 1255290453 differs. srcHist=1 dstHist=0

#ERR The histogram from element 1255317981 differs. srcHist=1 dstHist=2

#ERR The histogram from element 1255323916 differs. srcHist=1 dstHist=2

#ERR The histogram from element 1255329470 differs. srcHist=1 dstHist=2

#ERR The histogram from element 1255330440 differs. srcHist=1 dstHist=2

#ERR The histogram from element 1255332215 differs. srcHist=1 dstHist=2

#ERR The histogram from element 1255333663 differs. srcHist=1 dstHist=2

#ERR The histogram from element 1255335728 differs. srcHist=1 dstHist=0

#ERR The histogram from element 1255344366 differs. srcHist=1 dstHist=0

#ERR The histogram from element 1255345736 differs. srcHist=1 dstHist=0

#ERR The histogram from element 1255353224 differs. srcHist=1 dstHist=0

#ERR The histogram from element 1255363414 differs. srcHist=1 dstHist=0

#ERR The histogram from element 1255366412 differs. srcHist=1 dstHist=0

#ERR The histogram from element 1255376767 differs. srcHist=1 dstHist=0

#ERR The histogram from element 1255381529 differs. srcHist=1 dstHist=0

#ERR The histogram from element 1255381939 differs. srcHist=1 dstHist=0

#ERR The histogram from element 1255382206 differs. srcHist=1 dstHist=2

#ERR The histogram from element 1255383974 differs. srcHist=1 dstHist=0

#ERR The histogram from element 1255384016 differs. srcHist=1 dstHist=2

#ERR The histogram from element 1255384424 differs. srcHist=1 dstHist=2

#ERR The histogram from element 1255384692 differs. srcHist=1 dstHist=2

#ERR The histogram from element 1255385555 differs. srcHist=1 dstHist=0

#ERR The histogram from element 1255386665 differs. srcHist=1 dstHist=2

#ERR The histogram from element 1255386956 differs. srcHist=1 dstHist=2

#ERR The histogram from element 1255390216 differs. srcHist=1 dstHist=0

#ERR The histogram from element 1255398356 differs. srcHist=1 dstHist=2

#ERR The histogram from element 1255399889 differs. srcHist=1 dstHist=2

#ERR The histogram from element 1255400171 differs. srcHist=1 dstHist=2

#ERR The histogram from element 1255405357 differs. srcHist=1 dstHist=2

#ERR The histogram from element 1255406296 differs. srcHist=1 dstHist=2

#ERR The histogram from element 1255412219 differs. srcHist=1 dstHist=0

#ERR The histogram from element 1255414336 differs. srcHist=1 dstHist=2

#ERR The histogram from element 1255415055 differs. srcHist=1 dstHist=0

#ERR The histogram from element 1255417873 differs. srcHist=1 dstHist=0

#ERR The histogram from element 1255420018 differs. srcHist=1 dstHist=2

#ERR The histogram from element 1255432252 differs. srcHist=1 dstHist=2

#ERR The histogram from element 1255432891 differs. srcHist=1 dstHist=2

#ERR The histogram from element 1255440492 differs. srcHist=1 dstHist=0

#ERR The histogram from element 1255440503 differs. srcHist=1 dstHist=2

#ERR The histogram from element 1255442061 differs. srcHist=1 dstHist=2

#ERR The histogram from element 1255449476 differs. srcHist=1 dstHist=0

#ERR The histogram from element 1255460949 differs. srcHist=1 dstHist=0

#ERR The histogram from element 1255466108 differs. srcHist=1 dstHist=0

#ERR The histogram from element 1255469520 differs. srcHist=1 dstHist=0

#ERR The histogram from element 1255471786 differs. srcHist=1 dstHist=0

#ERR The histogram from element 1255489110 differs. srcHist=1 dstHist=2

#ERR The histogram from element 1255495610 differs. srcHist=1 dstHist=2

#ERR The histogram from element 1255499498 differs. srcHist=1 dstHist=0

#ERR The histogram from element 1255511062 differs. srcHist=1 dstHist=0

#ERR The histogram from element 1255513331 differs. srcHist=1 dstHist=0

#ERR The histogram from element 1255518727 differs. srcHist=1 dstHist=0

#ERR The histogram from element 1255527096 differs. srcHist=1 dstHist=0

#ERR The histogram from element 1255528213 differs. srcHist=1 dstHist=0

#ERR The histogram from element 1255533814 differs. srcHist=1 dstHist=0

#ERR The histogram from element 1255533916 differs. srcHist=1 dstHist=0

#ERR The histogram from element 1255537924 differs. srcHist=1 dstHist=0

#ERR The histogram from element 1255549808 differs. srcHist=1 dstHist=0

#ERR The histogram from element 1255551224 differs. srcHist=1 dstHist=0

#ERR The histogram from element 1255577350 differs. srcHist=1 dstHist=0

#ERR The histogram from element 1255590612 differs. srcHist=1 dstHist=2

#ERR The histogram from element 1255596741 differs. srcHist=1 dstHist=0

#ERR The histogram from element 1255610916 differs. srcHist=1 dstHist=2

#ERR The histogram from element 1255656505 differs. srcHist=1 dstHist=0

#ERR The histogram from element 1255658252 differs. srcHist=1 dstHist=0

#ERR The histogram from element 1255696062 differs. srcHist=1 dstHist=0

#ERR The histogram from element 1255704169 differs. srcHist=1 dstHist=0

#ERR The histogram from element 1255730966 differs. srcHist=1 dstHist=0

#ERR The histogram from element 1255734934 differs. srcHist=1 dstHist=0

#ERR The histogram from element 1255788949 differs. srcHist=1 dstHist=2

#ERR The histogram from element 1255794530 differs. srcHist=1 dstHist=2

#ERR The histogram from element 1255802216 differs. srcHist=1 dstHist=2

#ERR The histogram from element 1256415052 differs. srcHist=1 dstHist=0

#ERR The histogram from element 1256419302 differs. srcHist=1 dstHist=0

#ERR The histogram from element 1256469374 differs. srcHist=1 dstHist=0

#ERR The histogram from element 1256573464 differs. srcHist=1 dstHist=2

#ERR The histogram from element 1256574855 differs. srcHist=1 dstHist=2

#ERR The histogram from element 1256594125 differs. srcHist=1 dstHist=2

#ERR The histogram from element 1256638713 differs. srcHist=1 dstHist=0

#ERR The histogram from element 1256664001 differs. srcHist=1 dstHist=2

#ERR The histogram from element 1256967902 differs. srcHist=1 dstHist=0

#ERR The histogram from element 1256978388 differs. srcHist=1 dstHist=0

#ERR The histogram from element 1256994841 differs. srcHist=1 dstHist=0

#ERR The histogram from element 1256997203 differs. srcHist=1 dstHist=0

#ERR The histogram from element 1257014100 differs. srcHist=1 dstHist=0

#ERR The histogram from element 1257039750 differs. srcHist=1 dstHist=0

#ERR The histogram from element 1257070681 differs. srcHist=1 dstHist=2

#ERR The histogram from element 1257156583 differs. srcHist=1 dstHist=2

#ERR The histogram from element 1257158518 differs. srcHist=1 dstHist=2

#ERR The histogram from element 1257188114 differs. srcHist=1 dstHist=2

#ERR The histogram from element 1257193490 differs. srcHist=1 dstHist=2

#ERR The histogram from element 1298429937 differs. srcHist=1 dstHist=0

#ERR The histogram from element 1298437324 differs. srcHist=1 dstHist=2

#ERR The histogram from element 1298467461 differs. srcHist=1 dstHist=2

#ERR The histogram from element 1298486532 differs. srcHist=1 dstHist=2

#ERR The histogram from element 1298501527 differs. srcHist=1 dstHist=2

#ERR The histogram from element 1298634648 differs. srcHist=1 dstHist=2

#ERR The histogram from element 1298638334 differs. srcHist=1 dstHist=3

#ERR The histogram from element 1298669664 differs. srcHist=1 dstHist=0

#ERR The histogram from element 1298676283 differs. srcHist=1 dstHist=2

#ERR The histogram from element 1298678972 differs. srcHist=1 dstHist=0

#ERR The histogram from element 1298697153 differs. srcHist=1 dstHist=0

#ERR The histogram from element 1298699390 differs. srcHist=1 dstHist=0

#ERR The histogram from element 1298712044 differs. srcHist=1 dstHist=0

#ERR The histogram from element 1298715441 differs. srcHist=1 dstHist=0

#ERR The histogram from element 1298720052 differs. srcHist=1 dstHist=2

#ERR The histogram from element 1298727689 differs. srcHist=1 dstHist=2

#ERR The histogram from element 1298735252 differs. srcHist=1 dstHist=2

#ERR The histogram from element 1298738539 differs. srcHist=1 dstHist=0

#ERR The histogram from element 1298747522 differs. srcHist=1 dstHist=0

#ERR The histogram from element 1298751309 differs. srcHist=1 dstHist=0

#ERR The histogram from element 1298760262 differs. srcHist=1 dstHist=0

#ERR The histogram from element 1298778283 differs. srcHist=1 dstHist=0

#ERR The histogram from element 1298782876 differs. srcHist=1 dstHist=0

#ERR The histogram from element 1298819330 differs. srcHist=1 dstHist=0

#ERR The histogram from element 1298832264 differs. srcHist=1 dstHist=2

#ERR The histogram from element 1298834878 differs. srcHist=1 dstHist=0

#ERR The histogram from element 1298840697 differs. srcHist=1 dstHist=0

#ERR The histogram from element 1298848465 differs. srcHist=1 dstHist=2

#ERR The histogram from element 1298852511 differs. srcHist=1 dstHist=0

#ERR The histogram from element 1298854185 differs. srcHist=1 dstHist=0

#ERR The histogram from element 1298858255 differs. srcHist=1 dstHist=0

#ERR The histogram from element 1298860912 differs. srcHist=1 dstHist=0

#ERR The histogram from element 1298872437 differs. srcHist=1 dstHist=0

#ERR The histogram from element 1298878044 differs. srcHist=1 dstHist=0

#ERR The histogram from element 1298881028 differs. srcHist=1 dstHist=2

#ERR The histogram from element 1298882056 differs. srcHist=1 dstHist=0

#ERR The histogram from element 1298885820 differs. srcHist=1 dstHist=0

#ERR The histogram from element 1298895036 differs. srcHist=1 dstHist=0

#ERR The histogram from element 1298967806 differs. srcHist=1 dstHist=2

#ERR The histogram from element 1299072713 differs. srcHist=1 dstHist=0

#ERR The histogram from element 1299141518 differs. srcHist=1 dstHist=0

#ERR The histogram from element 1299144947 differs. srcHist=1 dstHist=0

#ERR The histogram from element 1299145582 differs. srcHist=1 dstHist=0

#ERR The histogram from element 1299150609 differs. srcHist=1 dstHist=0

#ERR The histogram from element 1299152645 differs. srcHist=1 dstHist=0

#ERR The histogram from element 1299152734 differs. srcHist=1 dstHist=0

#ERR The histogram from element 1299154748 differs. srcHist=1 dstHist=0

#ERR The histogram from element 1299155651 differs. srcHist=1 dstHist=0

#ERR The histogram from element 1299156130 differs. srcHist=1 dstHist=0

#ERR The histogram from element 1299223118 differs. srcHist=1 dstHist=0

#ERR The histogram from element 1299225511 differs. srcHist=1 dstHist=0

#ERR The histogram from element 1299257331 differs. srcHist=1 dstHist=2

#ERR The histogram from element 1299257527 differs. srcHist=1 dstHist=2

#ERR The histogram from element 1306390949 differs. srcHist=1 dstHist=2

#ERR The histogram from element 1306491902 differs. srcHist=1 dstHist=2

#ERR The histogram from element 1306498978 differs. srcHist=1 dstHist=2

#ERR The histogram from element 1306499555 differs. srcHist=1 dstHist=2

#ERR The histogram from element 1306504452 differs. srcHist=1 dstHist=2

#ERR The histogram from element 1306519881 differs. srcHist=1 dstHist=2

#ERR The histogram from element 1306605237 differs. srcHist=1 dstHist=0

#ERR The histogram from element 1306645624 differs. srcHist=1 dstHist=2

#ERR The histogram from element 1306690863 differs. srcHist=1 dstHist=2

#ERR The histogram from element 1306698932 differs. srcHist=1 dstHist=2

#ERR The histogram from element 1306731887 differs. srcHist=1 dstHist=0

#ERR The histogram from element 1306739256 differs. srcHist=1 dstHist=0

#ERR The histogram from element 1306755225 differs. srcHist=1 dstHist=0

#ERR The histogram from element 1306761332 differs. srcHist=1 dstHist=0

#ERR The histogram from element 1306780831 differs. srcHist=1 dstHist=0

#ERR The histogram from element 1306809486 differs. srcHist=1 dstHist=2

#ERR The histogram from element 1306814498 differs. srcHist=1 dstHist=2

#ERR The histogram from element 1306828993 differs. srcHist=1 dstHist=0

#ERR The histogram from element 1306946681 differs. srcHist=1 dstHist=2

#ERR The histogram from element 1306956542 differs. srcHist=1 dstHist=0

#ERR The histogram from element 1306974008 differs. srcHist=1 dstHist=2

#ERR The histogram from element 1306979011 differs. srcHist=1 dstHist=2

#ERR The histogram from element 1306980038 differs. srcHist=1 dstHist=2

#ERR The histogram from element 1306996368 differs. srcHist=1 dstHist=2

#ERR The histogram from element 1306997835 differs. srcHist=1 dstHist=2

#ERR The histogram from element 1306999594 differs. srcHist=1 dstHist=2

#ERR The histogram from element 1307010132 differs. srcHist=1 dstHist=2

#ERR The histogram from element 1307012566 differs. srcHist=1 dstHist=2

#ERR The histogram from element 1307016017 differs. srcHist=1 dstHist=2

#ERR The histogram from element 1307019490 differs. srcHist=1 dstHist=2

#ERR The histogram from element 1307026731 differs. srcHist=1 dstHist=2

#ERR The histogram from element 1307039579 differs. srcHist=1 dstHist=2

#ERR The histogram from element 1307049937 differs. srcHist=1 dstHist=2

#ERR The histogram from element 1307058954 differs. srcHist=1 dstHist=2

#ERR The histogram from element 1307059423 differs. srcHist=1 dstHist=0

#ERR The histogram from element 1307059665 differs. srcHist=1 dstHist=0

#ERR The histogram from element 1307060184 differs. srcHist=1 dstHist=0

#ERR The histogram from element 1307072315 differs. srcHist=1 dstHist=0

#ERR The histogram from element 1307072871 differs. srcHist=1 dstHist=0

#ERR The histogram from element 1307074890 differs. srcHist=1 dstHist=0

#ERR The histogram from element 1307080911 differs. srcHist=1 dstHist=2

#ERR The histogram from element 1307088934 differs. srcHist=1 dstHist=2

#ERR The histogram from element 1307089988 differs. srcHist=1 dstHist=3

#ERR The histogram from element 1307091675 differs. srcHist=1 dstHist=3

#ERR The histogram from element 1307103765 differs. srcHist=1 dstHist=0

#ERR The histogram from element 1307122549 differs. srcHist=1 dstHist=0

#ERR The histogram from element 1307129667 differs. srcHist=1 dstHist=2

#ERR The histogram from element 1307162677 differs. srcHist=1 dstHist=0

#ERR The histogram from element 1307171345 differs. srcHist=1 dstHist=2

#ERR The histogram from element 1307214173 differs. srcHist=1 dstHist=3

#ERR The histogram from element 1307285488 differs. srcHist=1 dstHist=0

#ERR The histogram from element 1307317894 differs. srcHist=1 dstHist=0

#ERR The histogram from element 1307338198 differs. srcHist=1 dstHist=2

#ERR The histogram from element 1307343078 differs. srcHist=1 dstHist=2

#ERR The histogram from element 1307375425 differs. srcHist=1 dstHist=0

#ERR The histogram from element 1307389995 differs. srcHist=1 dstHist=0

#ERR The histogram from element 1307395724 differs. srcHist=1 dstHist=0

#ERR The histogram from element 1307414917 differs. srcHist=1 dstHist=0

#ERR The histogram from element 1307432546 differs. srcHist=1 dstHist=0

#ERR The histogram from element 1307443632 differs. srcHist=1 dstHist=0

#ERR The histogram from element 1307447928 differs. srcHist=1 dstHist=0

#ERR The histogram from element 1307461839 differs. srcHist=1 dstHist=0

#ERR The histogram from element 1307474033 differs. srcHist=1 dstHist=0

#ERR The histogram from element 1307475876 differs. srcHist=1 dstHist=0

#ERR The histogram from element 1307481735 differs. srcHist=1 dstHist=0

#ERR The histogram from element 1307492316 differs. srcHist=1 dstHist=0

#ERR The histogram from element 1307499369 differs. srcHist=1 dstHist=0

#ERR The histogram from element 1307501630 differs. srcHist=1 dstHist=0

#ERR The histogram from element 1307510866 differs. srcHist=1 dstHist=0

#ERR The histogram from element 1307516169 differs. srcHist=1 dstHist=0

#ERR The histogram from element 1307524250 differs. srcHist=1 dstHist=0

#ERR The histogram from element 1307535299 differs. srcHist=1 dstHist=0

#ERR The histogram from element 1307546503 differs. srcHist=1 dstHist=0

#ERR The histogram from element 1307547461 differs. srcHist=1 dstHist=0

#ERR The histogram from element 1307562562 differs. srcHist=1 dstHist=0

#ERR The histogram from element 1307565215 differs. srcHist=1 dstHist=0

#ERR The histogram from element 1307587179 differs. srcHist=1 dstHist=0

#ERR The histogram from element 1307598619 differs. srcHist=1 dstHist=0

#ERR The histogram from element 1307615952 differs. srcHist=1 dstHist=0

#ERR The histogram from element 1307636107 differs. srcHist=1 dstHist=0

#ERR The histogram from element 1307644935 differs. srcHist=1 dstHist=0

#ERR The histogram from element 1307718060 differs. srcHist=1 dstHist=0

#ERR The histogram from element 1307726265 differs. srcHist=1 dstHist=0

#ERR The histogram from element 1308377631 differs. srcHist=1 dstHist=2

#ERR The histogram from element 1309347601 differs. srcHist=1 dstHist=2

#ERR The histogram from element 1309795515 differs. srcHist=1 dstHist=0

#ERR The histogram from element 1310360688 differs. srcHist=1 dstHist=0

#ERR The histogram from element 1310394518 differs. srcHist=1 dstHist=2

#ERR The histogram from element 949881549 differs. srcHist=1 dstHist=2

#ERR The histogram from element 950015115 differs. srcHist=1 dstHist=2

#ERR Elements not ordered. index=612006 1252841212>1252748377
#ERR Elements not ordered. index=612010 1252863996>1252755085
#ERR Elements not ordered. index=612012 1252868611>1252757760
#ERR Elements not ordered. index=612013 1252757760>1252743087
#ERR Elements not ordered. index=612249 1253280001>1253277207
#ERR Elements not ordered. index=612252 1253292639>1253280001
#ERR Elements not ordered. index=612255 1253305290>1253282914
#ERR Elements not ordered. index=612259 1253314192>1253310314
#ERR Elements not ordered. index=612260 1253310314>1253292639
#ERR Elements not ordered. index=612262 1253293564>1055602107
#ERR Elements not ordered. index=612266 1253339786>1253305290
#ERR Elements not ordered. index=612269 1253344084>1253308084
#ERR Elements not ordered. index=612271 1253356450>1253309748
#ERR Elements not ordered. index=612273 1253366558>1055654548
#ERR Elements not ordered. index=612277 1253376831>1253318391
#ERR Elements not ordered. index=612280 1253384324>1055680407
#ERR Elements not ordered. index=612282 1253389003>1253325966
#ERR Elements not ordered. index=612284 1253399387>1253329032
#ERR Elements not ordered. index=612286 1253401851>1253339786
#ERR Elements not ordered. index=612289 1253410935>1253342536
#ERR Elements not ordered. index=612290 1253342536>1252886825
#ERR Elements not ordered. index=612343 1253639438>1253452135
#ERR Elements not ordered. index=612420 1253694571>1253568091
#ERR Elements not ordered. index=612477 1254155836>1253921102
#ERR Elements not ordered. index=612479 1253933664>1253564537
#ERR Elements not ordered. index=612484 1253622544>614813210
#ERR Elements not ordered. index=612486 1253416744>614818926
#ERR Elements not ordered. index=612492 1253656120>614842355
#ERR Elements not ordered. index=612494 1253656807>1253474417
#ERR Elements not ordered. index=612564 1254010272>1253825113
#ERR Elements not ordered. index=612567 1254019616>1253863879
#ERR Elements not ordered. index=612571 1253904965>1253890781
#ERR Elements not ordered. index=612604 1254176131>1253921102
#ERR Elements not ordered. index=612605 1253921102>759176
#ERR Elements not ordered. index=612607 1253940138>1253695836
#ERR Elements not ordered. index=612609 1253997887>1253967297
#ERR Elements not ordered. index=612610 1253967297>1253936649
#ERR Elements not ordered. index=612611 1253936649>1253713872
#ERR Elements not ordered. index=612616 1253989118>1253737105
#ERR Elements not ordered. index=612621 1253995423>1253752488
#ERR Elements not ordered. index=612627 1254010272>1253783416
#ERR Elements not ordered. index=612650 1254051557>1253863042
#ERR Elements not ordered. index=612653 1254077304>1254016671
#ERR Elements not ordered. index=612655 1254094543>1253892128
#ERR Elements not ordered. index=612657 1254101577>1254019616
#ERR Elements not ordered. index=612658 1254019616>1253898192
#ERR Elements not ordered. index=612662 1254114461>1253906927
#ERR Elements not ordered. index=612668 1254039840>1253938180
#ERR Elements not ordered. index=612673 1254049471>1253955011
#ERR Elements not ordered. index=612682 1254165093>1254088022
#ERR Elements not ordered. index=612684 1254286586>1254093954
#ERR Elements not ordered. index=612711 1254146013>1254109526
#ERR Elements not ordered. index=612757 1254263863>1254233272
#ERR Elements not ordered. index=612769 1254263402>1254040993
#ERR Elements not ordered. index=612790 1254378536>1254289388
#ERR Elements not ordered. index=613024 1254757444>1254746186
#ERR Elements not ordered. index=613027 1254764533>1254753756
#ERR Elements not ordered. index=613029 1254754626>253906
#ERR Elements not ordered. index=613031 1254761107>427812
#ERR Elements not ordered. index=613301 1255333663>1255317981
#ERR Elements not ordered. index=613303 1255323916>1110377780
#ERR Elements not ordered. index=613308 1255332215>1110397468
#ERR Elements not ordered. index=613311 1255335623>1255299030
#ERR Elements not ordered. index=613324 1255345171>1110456755
#ERR Elements not ordered. index=613341 1255495610>1255377078
#ERR Elements not ordered. index=613352 1255590612>1255391126
#ERR Elements not ordered. index=613362 1255408174>1255086264
#ERR Elements not ordered. index=613365 1255414336>1255128920
#ERR Elements not ordered. index=613374 1255447825>1255226057
#ERR Elements not ordered. index=613422 1255576812>1255545963
#ERR Elements not ordered. index=613432 1255593579>1255565380
#ERR Elements not ordered. index=613436 1255610916>1255382206
#ERR Elements not ordered. index=613443 1255580608>1255398356
#ERR Elements not ordered. index=613447 1255587925>1255405357
#ERR Elements not ordered. index=613511 1255727482>525675
#ERR Elements not ordered. index=613533 1255760809>675676
#ERR Elements not ordered. index=613537 1255802216>1255762232
#ERR Elements not ordered. index=613858 1256574855>1256451716
#ERR Elements not ordered. index=613860 1256594125>1256447244
#ERR Elements not ordered. index=613956 1256664001>1256651485
#ERR Elements not ordered. index=614124 1257158518>1257017795
#ERR Elements not ordered. index=614127 1257024506>1257014148
#ERR Elements not ordered. index=614130 1257193490>1257023907
#ERR Elements not ordered. index=614131 1257023907>927947
#ERR Elements not ordered. index=614140 1257070681>1257044955
#ERR Elements not ordered. index=634325 1298437324>1235992038
#ERR Elements not ordered. index=634330 1298467461>1236008491
#ERR Elements not ordered. index=634333 1298469922>1236013918
