#HEADER size:1048576
#BEGIN Y:2016 M:09 D:07 Time:02:45:42
#IT Ite:0 KerTime:2.962712 AccTime:2.962712
#ERR The histogram from element 158174 differs. srcHist=0 dstHist=1

#ERR The histogram from element 171340 differs. srcHist=0 dstHist=1

#ERR The histogram from element 249627 differs. srcHist=0 dstHist=1

#ERR The histogram from element 488769 differs. srcHist=0 dstHist=1

#ERR The histogram from element 512434 differs. srcHist=0 dstHist=1

#ERR The histogram from element 891094 differs. srcHist=0 dstHist=1

#ERR The histogram from element 911451 differs. srcHist=0 dstHist=1

#ERR The histogram from element 933267 differs. srcHist=0 dstHist=1

#ERR The histogram from element 40317843 differs. srcHist=1 dstHist=2

#ERR The histogram from element 40324141 differs. srcHist=1 dstHist=2

#ERR The histogram from element 95665597 differs. srcHist=1 dstHist=2

#ERR The histogram from element 95710119 differs. srcHist=1 dstHist=2

#ERR The histogram from element 95710480 differs. srcHist=1 dstHist=2

#ERR The histogram from element 95718291 differs. srcHist=1 dstHist=2

#ERR The histogram from element 95720153 differs. srcHist=1 dstHist=2

#ERR The histogram from element 95720516 differs. srcHist=1 dstHist=2

#ERR The histogram from element 95721148 differs. srcHist=1 dstHist=2

#ERR The histogram from element 95730870 differs. srcHist=1 dstHist=2

#ERR The histogram from element 95734349 differs. srcHist=1 dstHist=2

#ERR The histogram from element 95737935 differs. srcHist=1 dstHist=2

#ERR The histogram from element 95741207 differs. srcHist=1 dstHist=2

#ERR The histogram from element 95743309 differs. srcHist=1 dstHist=2

#ERR The histogram from element 97250684 differs. srcHist=1 dstHist=2

#ERR The histogram from element 97259698 differs. srcHist=1 dstHist=2

#ERR The histogram from element 131623816 differs. srcHist=1 dstHist=2

#ERR The histogram from element 131630639 differs. srcHist=1 dstHist=2

#ERR The histogram from element 131634617 differs. srcHist=1 dstHist=2

#ERR The histogram from element 131636887 differs. srcHist=1 dstHist=2

#ERR The histogram from element 131638121 differs. srcHist=1 dstHist=2

#ERR The histogram from element 131645524 differs. srcHist=1 dstHist=2

#ERR The histogram from element 131645653 differs. srcHist=1 dstHist=2

#ERR The histogram from element 131648648 differs. srcHist=1 dstHist=2

#ERR The histogram from element 141822407 differs. srcHist=1 dstHist=2

#ERR The histogram from element 173145721 differs. srcHist=1 dstHist=2

#ERR The histogram from element 173147399 differs. srcHist=1 dstHist=2

#ERR The histogram from element 173152397 differs. srcHist=1 dstHist=2

#ERR The histogram from element 207132277 differs. srcHist=1 dstHist=2

#ERR The histogram from element 207808601 differs. srcHist=1 dstHist=2

#ERR The histogram from element 207811718 differs. srcHist=1 dstHist=2

#ERR The histogram from element 207981593 differs. srcHist=1 dstHist=2

#ERR The histogram from element 207986246 differs. srcHist=1 dstHist=0

#ERR The histogram from element 208001905 differs. srcHist=1 dstHist=0

#ERR The histogram from element 208009627 differs. srcHist=1 dstHist=0

#ERR The histogram from element 208046025 differs. srcHist=1 dstHist=0

#ERR The histogram from element 208050408 differs. srcHist=1 dstHist=0

#ERR The histogram from element 208081509 differs. srcHist=1 dstHist=0

#ERR The histogram from element 208105772 differs. srcHist=1 dstHist=0

#ERR The histogram from element 208143111 differs. srcHist=1 dstHist=0

#ERR The histogram from element 208172736 differs. srcHist=1 dstHist=2

#ERR The histogram from element 208182443 differs. srcHist=1 dstHist=2

#ERR The histogram from element 208184084 differs. srcHist=1 dstHist=0

#ERR The histogram from element 208186741 differs. srcHist=1 dstHist=0

#ERR The histogram from element 208194890 differs. srcHist=1 dstHist=3

#ERR The histogram from element 208220773 differs. srcHist=1 dstHist=2

#ERR The histogram from element 208225944 differs. srcHist=1 dstHist=2

#ERR The histogram from element 208232660 differs. srcHist=1 dstHist=0

#ERR The histogram from element 208238719 differs. srcHist=1 dstHist=0

#ERR The histogram from element 208260178 differs. srcHist=1 dstHist=0

#ERR The histogram from element 208263316 differs. srcHist=1 dstHist=2

#ERR The histogram from element 208267519 differs. srcHist=1 dstHist=0

#ERR The histogram from element 208274418 differs. srcHist=1 dstHist=0

#ERR The histogram from element 208281009 differs. srcHist=1 dstHist=0

#ERR The histogram from element 208284538 differs. srcHist=1 dstHist=2

#ERR The histogram from element 208289746 differs. srcHist=1 dstHist=2

#ERR The histogram from element 208290132 differs. srcHist=1 dstHist=2

#ERR The histogram from element 208298352 differs. srcHist=1 dstHist=0

#ERR The histogram from element 208308634 differs. srcHist=1 dstHist=0

#ERR The histogram from element 208323601 differs. srcHist=1 dstHist=2

#ERR The histogram from element 208327831 differs. srcHist=1 dstHist=0

#ERR The histogram from element 208329306 differs. srcHist=1 dstHist=0

#ERR The histogram from element 208330388 differs. srcHist=1 dstHist=2

#ERR The histogram from element 208340916 differs. srcHist=1 dstHist=2

#ERR The histogram from element 208351802 differs. srcHist=1 dstHist=2

#ERR The histogram from element 208352467 differs. srcHist=1 dstHist=2

#ERR The histogram from element 208372232 differs. srcHist=1 dstHist=2

#ERR The histogram from element 208373518 differs. srcHist=1 dstHist=0

#ERR The histogram from element 208375010 differs. srcHist=1 dstHist=2

#ERR The histogram from element 208378896 differs. srcHist=1 dstHist=2

#ERR The histogram from element 208387439 differs. srcHist=1 dstHist=0

#ERR The histogram from element 208394046 differs. srcHist=1 dstHist=0

#ERR The histogram from element 208395927 differs. srcHist=1 dstHist=0

#ERR The histogram from element 208404459 differs. srcHist=1 dstHist=0

#ERR The histogram from element 208414962 differs. srcHist=1 dstHist=0

#ERR The histogram from element 208417035 differs. srcHist=1 dstHist=2

#ERR The histogram from element 208419599 differs. srcHist=1 dstHist=3

#ERR The histogram from element 208420736 differs. srcHist=1 dstHist=0

#ERR The histogram from element 208423770 differs. srcHist=1 dstHist=2

#ERR The histogram from element 208428522 differs. srcHist=1 dstHist=0

#ERR The histogram from element 208428961 differs. srcHist=1 dstHist=0

#ERR The histogram from element 208433727 differs. srcHist=1 dstHist=0

#ERR The histogram from element 208433828 differs. srcHist=1 dstHist=4

#ERR The histogram from element 208434799 differs. srcHist=1 dstHist=2

#ERR The histogram from element 208441538 differs. srcHist=1 dstHist=0

#ERR The histogram from element 208444370 differs. srcHist=1 dstHist=0

#ERR The histogram from element 208450362 differs. srcHist=1 dstHist=0

#ERR The histogram from element 208457417 differs. srcHist=1 dstHist=2

#ERR The histogram from element 208460609 differs. srcHist=1 dstHist=2

#ERR The histogram from element 208471791 differs. srcHist=1 dstHist=0

#ERR The histogram from element 208472717 differs. srcHist=1 dstHist=2

#ERR The histogram from element 208487590 differs. srcHist=1 dstHist=2

#ERR The histogram from element 208498127 differs. srcHist=1 dstHist=0

#ERR The histogram from element 208504541 differs. srcHist=1 dstHist=2

#ERR The histogram from element 208506623 differs. srcHist=1 dstHist=2

#ERR The histogram from element 208520606 differs. srcHist=1 dstHist=0

#ERR The histogram from element 208522776 differs. srcHist=1 dstHist=2

#ERR The histogram from element 208528410 differs. srcHist=1 dstHist=0

#ERR The histogram from element 208540719 differs. srcHist=1 dstHist=2

#ERR The histogram from element 208553898 differs. srcHist=1 dstHist=0

#ERR The histogram from element 208558130 differs. srcHist=1 dstHist=2

#ERR The histogram from element 208592557 differs. srcHist=1 dstHist=2

#ERR The histogram from element 208594204 differs. srcHist=1 dstHist=0

#ERR The histogram from element 208602984 differs. srcHist=1 dstHist=0

#ERR The histogram from element 208668916 differs. srcHist=1 dstHist=0

#ERR The histogram from element 208685914 differs. srcHist=1 dstHist=0

#ERR The histogram from element 208713774 differs. srcHist=1 dstHist=0

#ERR The histogram from element 208718558 differs. srcHist=1 dstHist=0

#ERR The histogram from element 208722468 differs. srcHist=1 dstHist=0

#ERR The histogram from element 208726910 differs. srcHist=1 dstHist=0

#ERR The histogram from element 208737372 differs. srcHist=1 dstHist=0

#ERR The histogram from element 208753603 differs. srcHist=1 dstHist=0

#ERR The histogram from element 208757767 differs. srcHist=1 dstHist=0

#ERR The histogram from element 208789132 differs. srcHist=1 dstHist=0

#ERR The histogram from element 208810768 differs. srcHist=1 dstHist=0

#ERR The histogram from element 208815262 differs. srcHist=1 dstHist=0

#ERR The histogram from element 208822917 differs. srcHist=1 dstHist=0

#ERR The histogram from element 208860749 differs. srcHist=1 dstHist=0

#ERR The histogram from element 208900601 differs. srcHist=1 dstHist=0

#ERR The histogram from element 208906939 differs. srcHist=1 dstHist=0

#ERR The histogram from element 208936850 differs. srcHist=1 dstHist=0

#ERR The histogram from element 209015781 differs. srcHist=1 dstHist=0

#ERR The histogram from element 209025808 differs. srcHist=1 dstHist=0

#ERR The histogram from element 209067932 differs. srcHist=1 dstHist=0

#ERR The histogram from element 209106066 differs. srcHist=1 dstHist=0

#ERR The histogram from element 209165740 differs. srcHist=1 dstHist=0

#ERR The histogram from element 209166081 differs. srcHist=1 dstHist=0

#ERR The histogram from element 209172021 differs. srcHist=1 dstHist=0

#ERR The histogram from element 210828326 differs. srcHist=1 dstHist=0

#ERR The histogram from element 210832953 differs. srcHist=1 dstHist=0

#ERR The histogram from element 210840322 differs. srcHist=1 dstHist=0

#ERR The histogram from element 210840787 differs. srcHist=1 dstHist=0

#ERR The histogram from element 210846522 differs. srcHist=1 dstHist=0

#ERR The histogram from element 210851017 differs. srcHist=1 dstHist=0

#ERR The histogram from element 210875637 differs. srcHist=1 dstHist=0

#ERR The histogram from element 210885326 differs. srcHist=1 dstHist=0

#ERR The histogram from element 210943106 differs. srcHist=1 dstHist=0

#ERR The histogram from element 211019341 differs. srcHist=1 dstHist=0

#ERR The histogram from element 211020154 differs. srcHist=1 dstHist=2

#ERR The histogram from element 211022302 differs. srcHist=1 dstHist=0

#ERR The histogram from element 211044793 differs. srcHist=1 dstHist=2

#ERR The histogram from element 211044811 differs. srcHist=1 dstHist=0

#ERR The histogram from element 211049815 differs. srcHist=1 dstHist=2

#ERR The histogram from element 211072813 differs. srcHist=1 dstHist=0

#ERR The histogram from element 211073105 differs. srcHist=1 dstHist=0

#ERR The histogram from element 211080022 differs. srcHist=1 dstHist=2

#ERR The histogram from element 211083369 differs. srcHist=1 dstHist=0

#ERR The histogram from element 211128236 differs. srcHist=1 dstHist=0

#ERR The histogram from element 211151938 differs. srcHist=1 dstHist=0

#ERR The histogram from element 211162923 differs. srcHist=1 dstHist=0

#ERR The histogram from element 211195237 differs. srcHist=1 dstHist=0

#ERR The histogram from element 211199880 differs. srcHist=1 dstHist=0

#ERR The histogram from element 211202712 differs. srcHist=1 dstHist=2

#ERR The histogram from element 211210732 differs. srcHist=1 dstHist=2

#ERR The histogram from element 211216626 differs. srcHist=1 dstHist=2

#ERR The histogram from element 211218517 differs. srcHist=1 dstHist=2

#ERR The histogram from element 211229368 differs. srcHist=1 dstHist=2

#ERR The histogram from element 211247147 differs. srcHist=1 dstHist=2

#ERR The histogram from element 211249937 differs. srcHist=1 dstHist=2

#ERR The histogram from element 211251942 differs. srcHist=1 dstHist=2

#ERR The histogram from element 211264260 differs. srcHist=1 dstHist=0

#ERR The histogram from element 211266788 differs. srcHist=1 dstHist=0

#ERR The histogram from element 211270350 differs. srcHist=1 dstHist=0

#ERR The histogram from element 211271332 differs. srcHist=1 dstHist=0

#ERR The histogram from element 211278377 differs. srcHist=1 dstHist=0

#ERR The histogram from element 211280990 differs. srcHist=1 dstHist=0

#ERR The histogram from element 211288963 differs. srcHist=1 dstHist=0

#ERR The histogram from element 211291964 differs. srcHist=1 dstHist=0

#ERR The histogram from element 211307844 differs. srcHist=1 dstHist=0

#ERR The histogram from element 211311910 differs. srcHist=1 dstHist=0

#ERR The histogram from element 211312497 differs. srcHist=1 dstHist=0

#ERR The histogram from element 211318474 differs. srcHist=1 dstHist=0

#ERR The histogram from element 211346258 differs. srcHist=1 dstHist=0

#ERR The histogram from element 211383056 differs. srcHist=1 dstHist=0

#ERR The histogram from element 211393980 differs. srcHist=1 dstHist=0

#ERR The histogram from element 211396781 differs. srcHist=1 dstHist=2

#ERR The histogram from element 211416074 differs. srcHist=1 dstHist=0

#ERR The histogram from element 211418413 differs. srcHist=1 dstHist=0

#ERR The histogram from element 211421082 differs. srcHist=1 dstHist=0

#ERR The histogram from element 211428441 differs. srcHist=1 dstHist=2

#ERR The histogram from element 211430958 differs. srcHist=1 dstHist=0

#ERR The histogram from element 211435345 differs. srcHist=1 dstHist=0

#ERR The histogram from element 211437015 differs. srcHist=1 dstHist=0

#ERR The histogram from element 211441762 differs. srcHist=1 dstHist=0

#ERR The histogram from element 211443058 differs. srcHist=1 dstHist=2

#ERR The histogram from element 211470406 differs. srcHist=1 dstHist=0

#ERR The histogram from element 211483269 differs. srcHist=1 dstHist=0

#ERR The histogram from element 211494657 differs. srcHist=1 dstHist=0

#ERR The histogram from element 211498865 differs. srcHist=1 dstHist=0

#ERR The histogram from element 211507497 differs. srcHist=1 dstHist=2

#ERR The histogram from element 211512067 differs. srcHist=1 dstHist=3

#ERR The histogram from element 211562459 differs. srcHist=1 dstHist=2

#ERR The histogram from element 211564749 differs. srcHist=1 dstHist=2

#ERR The histogram from element 211758254 differs. srcHist=1 dstHist=0

#ERR The histogram from element 216800534 differs. srcHist=1 dstHist=2

#ERR The histogram from element 217161033 differs. srcHist=1 dstHist=2

#ERR The histogram from element 217164213 differs. srcHist=1 dstHist=2

#ERR The histogram from element 217169226 differs. srcHist=1 dstHist=2

#ERR The histogram from element 217179781 differs. srcHist=1 dstHist=2

#ERR The histogram from element 217186074 differs. srcHist=1 dstHist=2

#ERR The histogram from element 217207396 differs. srcHist=1 dstHist=2

#ERR The histogram from element 217210874 differs. srcHist=1 dstHist=2

#ERR The histogram from element 217213032 differs. srcHist=1 dstHist=2

#ERR The histogram from element 217218725 differs. srcHist=1 dstHist=2

#ERR The histogram from element 217224231 differs. srcHist=1 dstHist=2

#ERR The histogram from element 217238904 differs. srcHist=1 dstHist=2

#ERR The histogram from element 217291556 differs. srcHist=1 dstHist=2

#ERR The histogram from element 217294329 differs. srcHist=1 dstHist=2

#ERR The histogram from element 217302083 differs. srcHist=1 dstHist=2

#ERR The histogram from element 217302755 differs. srcHist=1 dstHist=2

#ERR The histogram from element 217309978 differs. srcHist=1 dstHist=2

#ERR The histogram from element 217312194 differs. srcHist=1 dstHist=2

#ERR The histogram from element 217313707 differs. srcHist=1 dstHist=2

#ERR The histogram from element 217336102 differs. srcHist=1 dstHist=2

#ERR The histogram from element 217338356 differs. srcHist=1 dstHist=2

#ERR The histogram from element 217341083 differs. srcHist=1 dstHist=2

#ERR The histogram from element 217368883 differs. srcHist=1 dstHist=0

#ERR The histogram from element 217383202 differs. srcHist=1 dstHist=0

#ERR The histogram from element 217386319 differs. srcHist=1 dstHist=0

#ERR The histogram from element 217421459 differs. srcHist=1 dstHist=0

#ERR The histogram from element 217438514 differs. srcHist=1 dstHist=0

#ERR The histogram from element 217453631 differs. srcHist=1 dstHist=0

#ERR The histogram from element 217456551 differs. srcHist=1 dstHist=0

#ERR The histogram from element 217471978 differs. srcHist=1 dstHist=0

#ERR The histogram from element 217473822 differs. srcHist=1 dstHist=0

#ERR The histogram from element 217482893 differs. srcHist=1 dstHist=0

#ERR The histogram from element 217492042 differs. srcHist=1 dstHist=0

#ERR The histogram from element 217501552 differs. srcHist=1 dstHist=0

#ERR The histogram from element 217508084 differs. srcHist=1 dstHist=0

#ERR The histogram from element 217508535 differs. srcHist=1 dstHist=0

#ERR The histogram from element 217514197 differs. srcHist=1 dstHist=0

#ERR The histogram from element 217515180 differs. srcHist=1 dstHist=0

#ERR The histogram from element 217516194 differs. srcHist=1 dstHist=0

#ERR The histogram from element 217524676 differs. srcHist=1 dstHist=0

#ERR The histogram from element 217542336 differs. srcHist=1 dstHist=0

#ERR The histogram from element 217557139 differs. srcHist=1 dstHist=0

#ERR The histogram from element 217579374 differs. srcHist=1 dstHist=0

#ERR The histogram from element 217636419 differs. srcHist=1 dstHist=0

#ERR The histogram from element 217873475 differs. srcHist=1 dstHist=0

#ERR The histogram from element 217977192 differs. srcHist=1 dstHist=0

#ERR The histogram from element 217977632 differs. srcHist=1 dstHist=0

#ERR The histogram from element 217983054 differs. srcHist=1 dstHist=0

#ERR The histogram from element 218044692 differs. srcHist=1 dstHist=2

#ERR The histogram from element 218070130 differs. srcHist=1 dstHist=2

#ERR The histogram from element 218150724 differs. srcHist=1 dstHist=0

#ERR The histogram from element 218187538 differs. srcHist=1 dstHist=0

#ERR The histogram from element 218213276 differs. srcHist=1 dstHist=2

#ERR The histogram from element 218217906 differs. srcHist=1 dstHist=2

#ERR The histogram from element 218224838 differs. srcHist=1 dstHist=2

#ERR The histogram from element 218231595 differs. srcHist=1 dstHist=2

#ERR The histogram from element 218335621 differs. srcHist=1 dstHist=2

#ERR The histogram from element 218335964 differs. srcHist=1 dstHist=2

#ERR The histogram from element 218359269 differs. srcHist=1 dstHist=2

#ERR The histogram from element 218375654 differs. srcHist=1 dstHist=2

#ERR The histogram from element 218395707 differs. srcHist=1 dstHist=2

#ERR The histogram from element 218398757 differs. srcHist=1 dstHist=2

#ERR The histogram from element 218403472 differs. srcHist=1 dstHist=2

#ERR The histogram from element 218407894 differs. srcHist=1 dstHist=2

#ERR The histogram from element 218414402 differs. srcHist=1 dstHist=2

#ERR The histogram from element 218416627 differs. srcHist=1 dstHist=2

#ERR The histogram from element 218431246 differs. srcHist=1 dstHist=0

#ERR The histogram from element 218451033 differs. srcHist=1 dstHist=2

#ERR The histogram from element 218463808 differs. srcHist=1 dstHist=0

#ERR The histogram from element 218464062 differs. srcHist=1 dstHist=2

#ERR The histogram from element 218520370 differs. srcHist=1 dstHist=2

#ERR The histogram from element 218528212 differs. srcHist=1 dstHist=0

#ERR The histogram from element 218533133 differs. srcHist=1 dstHist=0

#ERR The histogram from element 218541380 differs. srcHist=1 dstHist=0

#ERR The histogram from element 218543312 differs. srcHist=1 dstHist=0

#ERR The histogram from element 218544400 differs. srcHist=1 dstHist=0

#ERR The histogram from element 218547204 differs. srcHist=1 dstHist=2

#ERR The histogram from element 218550483 differs. srcHist=1 dstHist=0

#ERR The histogram from element 218554054 differs. srcHist=1 dstHist=0

#ERR The histogram from element 218554206 differs. srcHist=1 dstHist=2

#ERR The histogram from element 218554477 differs. srcHist=1 dstHist=0

#ERR The histogram from element 218557214 differs. srcHist=1 dstHist=2

#ERR The histogram from element 218559114 differs. srcHist=1 dstHist=2

#ERR The histogram from element 218559287 differs. srcHist=1 dstHist=0

#ERR The histogram from element 218561885 differs. srcHist=1 dstHist=2

#ERR The histogram from element 218575920 differs. srcHist=1 dstHist=2

#ERR The histogram from element 218576049 differs. srcHist=1 dstHist=2

#ERR The histogram from element 218576405 differs. srcHist=1 dstHist=2

#ERR The histogram from element 218576520 differs. srcHist=1 dstHist=2

#ERR The histogram from element 218577937 differs. srcHist=1 dstHist=2

#ERR The histogram from element 218578702 differs. srcHist=1 dstHist=2

#ERR The histogram from element 218584315 differs. srcHist=1 dstHist=0

#ERR The histogram from element 218595548 differs. srcHist=1 dstHist=0

#ERR The histogram from element 218597522 differs. srcHist=1 dstHist=0

#ERR The histogram from element 218599042 differs. srcHist=1 dstHist=0

#ERR The histogram from element 218605310 differs. srcHist=1 dstHist=2

#ERR The histogram from element 218607727 differs. srcHist=1 dstHist=0

#ERR The histogram from element 218609757 differs. srcHist=1 dstHist=0

#ERR The histogram from element 218611349 differs. srcHist=1 dstHist=2

#ERR The histogram from element 218612974 differs. srcHist=1 dstHist=0

#ERR The histogram from element 218620575 differs. srcHist=1 dstHist=0

#ERR The histogram from element 218622588 differs. srcHist=1 dstHist=2

#ERR The histogram from element 218623455 differs. srcHist=1 dstHist=0

#ERR The histogram from element 218627006 differs. srcHist=1 dstHist=0

#ERR The histogram from element 218627982 differs. srcHist=1 dstHist=2

#ERR The histogram from element 218628702 differs. srcHist=1 dstHist=0

#ERR The histogram from element 218651549 differs. srcHist=1 dstHist=0

#ERR The histogram from element 218651619 differs. srcHist=1 dstHist=2

#ERR The histogram from element 218653692 differs. srcHist=1 dstHist=2

#ERR The histogram from element 218654055 differs. srcHist=1 dstHist=2

#ERR The histogram from element 218657689 differs. srcHist=1 dstHist=0

#ERR The histogram from element 218657828 differs. srcHist=1 dstHist=0

#ERR The histogram from element 218664589 differs. srcHist=1 dstHist=2

#ERR The histogram from element 218667034 differs. srcHist=1 dstHist=0

#ERR The histogram from element 218669730 differs. srcHist=1 dstHist=2

#ERR The histogram from element 218672130 differs. srcHist=1 dstHist=2

#ERR The histogram from element 218676718 differs. srcHist=1 dstHist=2

#ERR The histogram from element 218690367 differs. srcHist=1 dstHist=0

#ERR The histogram from element 218695619 differs. srcHist=1 dstHist=0

#ERR The histogram from element 218696166 differs. srcHist=1 dstHist=0

#ERR The histogram from element 218706294 differs. srcHist=1 dstHist=0

#ERR The histogram from element 218707779 differs. srcHist=1 dstHist=0

#ERR The histogram from element 218718612 differs. srcHist=1 dstHist=0

#ERR The histogram from element 218753454 differs. srcHist=1 dstHist=0

#ERR The histogram from element 218756449 differs. srcHist=1 dstHist=0

#ERR The histogram from element 218762741 differs. srcHist=1 dstHist=0

#ERR The histogram from element 218795771 differs. srcHist=1 dstHist=0

#ERR The histogram from element 218818520 differs. srcHist=1 dstHist=0

#ERR The histogram from element 218840131 differs. srcHist=1 dstHist=0

#ERR The histogram from element 218900835 differs. srcHist=1 dstHist=2

#ERR The histogram from element 219048764 differs. srcHist=1 dstHist=0

#ERR The histogram from element 219069522 differs. srcHist=1 dstHist=2

#ERR The histogram from element 230863397 differs. srcHist=1 dstHist=0

#ERR The histogram from element 230870636 differs. srcHist=1 dstHist=0

#ERR The histogram from element 231051951 differs. srcHist=1 dstHist=2

#ERR The histogram from element 231058533 differs. srcHist=1 dstHist=2

#ERR The histogram from element 231202461 differs. srcHist=1 dstHist=0

#ERR The histogram from element 231203752 differs. srcHist=1 dstHist=0

#ERR The histogram from element 231216571 differs. srcHist=1 dstHist=2

#ERR The histogram from element 231221908 differs. srcHist=1 dstHist=2

#ERR The histogram from element 231314150 differs. srcHist=1 dstHist=2

#ERR The histogram from element 231722064 differs. srcHist=1 dstHist=0

#ERR The histogram from element 1478000746 differs. srcHist=1 dstHist=2

#ERR The histogram from element 1478007193 differs. srcHist=1 dstHist=2

#ERR The histogram from element 1478007322 differs. srcHist=1 dstHist=2

#ERR The histogram from element 1478011487 differs. srcHist=1 dstHist=2

#ERR The histogram from element 1478013246 differs. srcHist=1 dstHist=2

#ERR The histogram from element 1478020554 differs. srcHist=1 dstHist=2

#ERR The histogram from element 1478027731 differs. srcHist=1 dstHist=2

#ERR The histogram from element 1478044946 differs. srcHist=1 dstHist=2

#ERR The histogram from element 1478059476 differs. srcHist=1 dstHist=2

#ERR The histogram from element 1478063943 differs. srcHist=1 dstHist=2

#ERR The histogram from element 1478065795 differs. srcHist=1 dstHist=2

#ERR The histogram from element 1478068901 differs. srcHist=1 dstHist=2

#ERR The histogram from element 1478070265 differs. srcHist=1 dstHist=2

#ERR The histogram from element 1478073569 differs. srcHist=1 dstHist=2

#ERR The histogram from element 1478078515 differs. srcHist=1 dstHist=2

#ERR The histogram from element 1478084085 differs. srcHist=1 dstHist=2

#ERR The histogram from element 1478096107 differs. srcHist=1 dstHist=2

#ERR Elements not ordered. index=101147 207999094>95665597
#ERR Elements not ordered. index=101168 208099170>95710119
#ERR Elements not ordered. index=101171 208067580>95718291
#ERR Elements not ordered. index=101173 208069755>95720153
#ERR Elements not ordered. index=101179 208076933>95737935
#ERR Elements not ordered. index=101183 208089786>207808601
#ERR Elements not ordered. index=101185 208091757>207811718
#ERR Elements not ordered. index=101209 208182443>208123648
#ERR Elements not ordered. index=101213 208194890>208144723
#ERR Elements not ordered. index=101221 208189375>208187754
#ERR Elements not ordered. index=101223 208225944>208189785
#ERR Elements not ordered. index=101237 208296274>208225944
#ERR Elements not ordered. index=101239 208299163>208227849
#ERR Elements not ordered. index=101242 208323601>208142701
#ERR Elements not ordered. index=101244 208234711>208153139
#ERR Elements not ordered. index=101247 208340916>208182443
#ERR Elements not ordered. index=101250 208375010>208194890
#ERR Elements not ordered. index=101253 208263316>208220773
#ERR Elements not ordered. index=101255 208259742>208194890
#ERR Elements not ordered. index=101257 208200201>173145721
#ERR Elements not ordered. index=101259 208267706>173147399
#ERR Elements not ordered. index=101261 208284538>208209717
#ERR Elements not ordered. index=101262 208209717>173152397
#ERR Elements not ordered. index=101264 208289746>208289058
#ERR Elements not ordered. index=101266 208290132>208220773
#ERR Elements not ordered. index=101295 208419599>208263316
#ERR Elements not ordered. index=101297 208423770>208284538
#ERR Elements not ordered. index=101302 208443330>208317802
#ERR Elements not ordered. index=101306 208457417>208417035
#ERR Elements not ordered. index=101310 208506623>208423770
#ERR Elements not ordered. index=101311 208423770>208349158
#ERR Elements not ordered. index=101313 208522776>208460609
#ERR Elements not ordered. index=101315 208540719>208465914
#ERR Elements not ordered. index=101316 208465914>208433828
#ERR Elements not ordered. index=101320 208487590>207132277
#ERR Elements not ordered. index=101324 208402631>208011296
#ERR Elements not ordered. index=101333 208558130>208087099
#ERR Elements not ordered. index=101340 208592557>208189103
#ERR Elements not ordered. index=101349 208472717>208330388
#ERR Elements not ordered. index=101354 208487590>208351802
#ERR Elements not ordered. index=101356 208352467>208339582
#ERR Elements not ordered. index=101358 208372232>208340916
#ERR Elements not ordered. index=101360 208378896>208351802
#ERR Elements not ordered. index=101371 208457066>208387504
#ERR Elements not ordered. index=101374 208460609>208433828
#ERR Elements not ordered. index=101375 208433828>208412977
#ERR Elements not ordered. index=101378 208416475>158174
#ERR Elements not ordered. index=101380 208558130>208419599
#ERR Elements not ordered. index=101385 208429550>911451
#ERR Elements not ordered. index=101387 208426635>891094
#ERR Elements not ordered. index=101388 891094>488769
#ERR Elements not ordered. index=101391 208592557>208433828
#ERR Elements not ordered. index=101480 208930307>208445183
#ERR Elements not ordered. index=101482 208937605>208454957
#ERR Elements not ordered. index=101567 208858827>208172736
#ERR Elements not ordered. index=101577 208890914>97250684
#ERR Elements not ordered. index=101579 208892451>97259698
#ERR Elements not ordered. index=101673 209089633>40317843
#ERR Elements not ordered. index=101675 209093346>209089628
#ERR Elements not ordered. index=101676 209089628>40324141
#ERR Elements not ordered. index=102651 211512067>211428441
#ERR Elements not ordered. index=102652 211428441>211229368
#ERR Elements not ordered. index=102653 211229368>211225777
#ERR Elements not ordered. index=102655 211443058>131623816
#ERR Elements not ordered. index=102658 211247147>131634617
#ERR Elements not ordered. index=102661 211249937>131638121
#ERR Elements not ordered. index=102665 211255239>211202712
#ERR Elements not ordered. index=102667 211210732>131645524
#ERR Elements not ordered. index=102688 211259136>933267
#ERR Elements not ordered. index=102705 211411125>211020154
#ERR Elements not ordered. index=102707 211415257>211044793
#ERR Elements not ordered. index=102711 211512067>211428441
#ERR Elements not ordered. index=102713 211438503>211080022
#ERR Elements not ordered. index=102715 211443058>211333614
#ERR Elements not ordered. index=102728 211396781>211365426
#ERR Elements not ordered. index=102815 1478020554>211513596
#ERR Elements not ordered. index=102819 1478027731>211522075
#ERR Elements not ordered. index=102824 1478065795>211526279
#ERR Elements not ordered. index=102827 1478070265>211532021
#ERR Elements not ordered. index=102829 1478073569>211542068
#ERR Elements not ordered. index=102832 1478084085>211548251
#ERR Elements not ordered. index=102835 1478096107>211562459
#ERR Elements not ordered. index=102932 211765385>141822407
#ERR Elements not ordered. index=105617 217164213>217161033
#ERR Elements not ordered. index=105619 217169226>217164213
#ERR Elements not ordered. index=105623 217186074>217169226
#ERR Elements not ordered. index=105627 217207396>217179781
#ERR Elements not ordered. index=105630 217213032>217186074
#ERR Elements not ordered. index=105634 217224231>217193078
#ERR Elements not ordered. index=105636 217238904>217196562
#ERR Elements not ordered. index=105645 217291556>217224231
#ERR Elements not ordered. index=105652 217313707>217237934
#ERR Elements not ordered. index=105658 217341083>217248611
#ERR Elements not ordered. index=105660 217367340>217251920
#ERR Elements not ordered. index=105663 217383265>217261792
#ERR Elements not ordered. index=105670 217415678>217273901
#ERR Elements not ordered. index=105674 217438505>217287916
#ERR Elements not ordered. index=105676 217449497>217291410
#ERR Elements not ordered. index=105679 217470651>217292779
#ERR Elements not ordered. index=105682 217477973>217302083
#ERR Elements not ordered. index=105686 217500712>217309978
#ERR Elements not ordered. index=105688 217508062>217312194
#ERR Elements not ordered. index=105691 217508683>217315153
#ERR Elements not ordered. index=105696 217520214>217336102
#ERR Elements not ordered. index=105699 217539831>217338356
#ERR Elements not ordered. index=105701 217556432>217341083
#ERR Elements not ordered. index=105707 217572218>217352876
#ERR Elements not ordered. index=105716 217633091>216800534
#ERR Elements not ordered. index=105973 218213276>217952886
#ERR Elements not ordered. index=105975 218217906>217958258
#ERR Elements not ordered. index=105978 218224838>217962658
#ERR Elements not ordered. index=105980 218231595>217944147
#ERR Elements not ordered. index=105990 217991222>217986352
#ERR Elements not ordered. index=106068 218179124>218044692
#ERR Elements not ordered. index=106073 218198189>218190416
#ERR Elements not ordered. index=106074 218190416>218070130
#ERR Elements not ordered. index=106204 218430405>171340
#ERR Elements not ordered. index=106215 218455948>249627
#ERR Elements not ordered. index=106242 218816193>218530223
#ERR Elements not ordered. index=106244 218677701>218531789
#ERR Elements not ordered. index=106265 218581144>218335621
#ERR Elements not ordered. index=106271 218597989>218527465
#ERR Elements not ordered. index=106276 218605310>218359269
#ERR Elements not ordered. index=106279 218611382>218375654
#ERR Elements not ordered. index=106286 218627982>218395707
#ERR Elements not ordered. index=106294 218651619>218577937
#ERR Elements not ordered. index=106296 218578702>218451033
#ERR Elements not ordered. index=106298 218661119>218464062
#ERR Elements not ordered. index=106306 218644042>218520370
#ERR Elements not ordered. index=106309 218649275>218611349
#ERR Elements not ordered. index=106312 218698415>218620245
#ERR Elements not ordered. index=106313 218620245>218547204
#ERR Elements not ordered. index=106315 218622588>218554206
#ERR Elements not ordered. index=106319 218665184>218559114
#ERR Elements not ordered. index=106325 218671659>218651619
#ERR Elements not ordered. index=106341 218700297>218653692
#ERR Elements not ordered. index=106344 218762033>218664589
#ERR Elements not ordered. index=106347 218732372>218705018
#ERR Elements not ordered. index=106348 218705018>218672130
