#HEADER max_rows:8192 max_cols:8192 penalty:10 omp_num_threads:228
#BEGIN Y:2016 M:12 D:14 Time:01:58:18
#IT Ite:0 KerTime:0.381060 AccTime:0.381060
#IT Ite:10 KerTime:0.115525 AccTime:1.534535
#IT Ite:20 KerTime:0.115660 AccTime:2.690065
#IT Ite:30 KerTime:0.115579 AccTime:3.844698
#IT Ite:40 KerTime:0.115729 AccTime:5.000687
#IT Ite:50 KerTime:0.115648 AccTime:6.156689
#IT Ite:60 KerTime:0.115440 AccTime:7.312140
#IT Ite:70 KerTime:0.116186 AccTime:8.475135
#IT Ite:80 KerTime:0.115627 AccTime:9.629075
#IT Ite:90 KerTime:0.115251 AccTime:10.784744
#IT Ite:100 KerTime:0.115809 AccTime:11.940940
#IT Ite:110 KerTime:0.115514 AccTime:13.095150
#IT Ite:120 KerTime:0.115734 AccTime:14.249587
#IT Ite:130 KerTime:0.115163 AccTime:15.400361
#IT Ite:140 KerTime:0.114738 AccTime:16.552479
#IT Ite:150 KerTime:0.114908 AccTime:17.703821
#IT Ite:160 KerTime:0.115359 AccTime:18.855067
#IT Ite:170 KerTime:0.115162 AccTime:20.006719
#IT Ite:180 KerTime:0.115676 AccTime:21.158857
#IT Ite:190 KerTime:0.114774 AccTime:22.310254
#IT Ite:200 KerTime:0.115287 AccTime:23.890905
#IT Ite:210 KerTime:0.115336 AccTime:25.042476
#IT Ite:220 KerTime:0.115514 AccTime:26.192965
#IT Ite:230 KerTime:0.115351 AccTime:27.345674
#IT Ite:240 KerTime:0.114063 AccTime:28.495997
#IT Ite:250 KerTime:0.114831 AccTime:29.647915
#IT Ite:260 KerTime:0.114918 AccTime:30.796423
#IT Ite:270 KerTime:0.114881 AccTime:31.944509
#IT Ite:280 KerTime:0.114785 AccTime:33.092173
#IT Ite:290 KerTime:0.114578 AccTime:34.238345
#IT Ite:300 KerTime:0.115119 AccTime:35.386451
#IT Ite:310 KerTime:0.114555 AccTime:36.532783
#IT Ite:320 KerTime:0.114562 AccTime:37.680529
#IT Ite:330 KerTime:0.114407 AccTime:38.829353
#IT Ite:340 KerTime:0.115128 AccTime:39.979588
#IT Ite:350 KerTime:0.114924 AccTime:41.125719
#IT Ite:360 KerTime:0.114732 AccTime:42.273612
#IT Ite:370 KerTime:0.115002 AccTime:43.425244
#IT Ite:380 KerTime:0.115496 AccTime:44.573499
#IT Ite:390 KerTime:0.115025 AccTime:45.721017
#IT Ite:400 KerTime:0.115071 AccTime:46.870481
#IT Ite:410 KerTime:0.114700 AccTime:48.016697
#IT Ite:420 KerTime:0.114560 AccTime:49.164792
#IT Ite:430 KerTime:0.114611 AccTime:50.314331
#IT Ite:440 KerTime:0.114499 AccTime:51.461374
#IT Ite:450 KerTime:0.115074 AccTime:52.610012
#IT Ite:460 KerTime:0.114462 AccTime:53.757425
#IT Ite:470 KerTime:0.115056 AccTime:54.912798
#IT Ite:480 KerTime:0.115166 AccTime:56.063142
#IT Ite:490 KerTime:0.114858 AccTime:57.212196
#IT Ite:500 KerTime:0.114639 AccTime:58.360512
#IT Ite:510 KerTime:0.114810 AccTime:59.509209
#IT Ite:520 KerTime:0.114666 AccTime:60.656765
#IT Ite:530 KerTime:0.115140 AccTime:61.805980
#IT Ite:540 KerTime:0.114729 AccTime:62.953984
#IT Ite:550 KerTime:0.114865 AccTime:64.102331
#IT Ite:560 KerTime:0.114778 AccTime:65.249708
#IT Ite:570 KerTime:0.114785 AccTime:66.396410
#IT Ite:580 KerTime:0.114817 AccTime:67.544983
#IT Ite:590 KerTime:0.114789 AccTime:68.692104
#IT Ite:600 KerTime:0.114558 AccTime:69.840102
#IT Ite:610 KerTime:0.114825 AccTime:70.991408
#IT Ite:620 KerTime:0.114899 AccTime:72.139855
#IT Ite:630 KerTime:0.114668 AccTime:73.287832
#IT Ite:640 KerTime:0.114793 AccTime:74.435614
#IT Ite:650 KerTime:0.114702 AccTime:75.583771
#IT Ite:660 KerTime:0.114437 AccTime:76.730560
#IT Ite:670 KerTime:0.115015 AccTime:77.878861
#IT Ite:680 KerTime:0.114755 AccTime:79.026520
#IT Ite:690 KerTime:0.114504 AccTime:80.173761
#IT Ite:700 KerTime:0.115182 AccTime:81.322134
#IT Ite:710 KerTime:0.115186 AccTime:82.469886
#IT Ite:720 KerTime:0.115462 AccTime:83.621211
#IT Ite:730 KerTime:0.114872 AccTime:84.767922
#ERR  p: [7967, 8136], r: -2336, e: -6432
#SDC Ite:732 KerTime:0.114986 AccTime:84.997761 KerErr:1 AccErr:1
#IT Ite:740 KerTime:0.114909 AccTime:85.918685
#IT Ite:750 KerTime:0.114611 AccTime:87.066930
#IT Ite:760 KerTime:0.114445 AccTime:88.214312
#IT Ite:770 KerTime:0.115394 AccTime:89.367022
#IT Ite:780 KerTime:0.114606 AccTime:90.514472
#IT Ite:790 KerTime:0.114695 AccTime:91.662537
#IT Ite:800 KerTime:0.115035 AccTime:92.810851
#IT Ite:810 KerTime:0.115044 AccTime:93.957762
#IT Ite:820 KerTime:0.114795 AccTime:95.105237
#IT Ite:830 KerTime:0.114456 AccTime:96.252740
#IT Ite:840 KerTime:0.114818 AccTime:97.401138
#IT Ite:850 KerTime:0.115003 AccTime:98.549042
#IT Ite:860 KerTime:0.115197 AccTime:99.697112
#IT Ite:870 KerTime:0.114942 AccTime:100.845487
#IT Ite:880 KerTime:0.114631 AccTime:101.997435
#IT Ite:890 KerTime:0.114842 AccTime:103.143427
#IT Ite:900 KerTime:0.114706 AccTime:104.291247
#IT Ite:910 KerTime:0.114604 AccTime:105.439183
#IT Ite:920 KerTime:0.114745 AccTime:106.587448
#IT Ite:930 KerTime:0.115718 AccTime:107.738218
#IT Ite:940 KerTime:0.114947 AccTime:108.886168
#IT Ite:950 KerTime:0.114897 AccTime:110.034052
#IT Ite:960 KerTime:0.114579 AccTime:111.181070
#IT Ite:970 KerTime:0.114686 AccTime:112.327697
#IT Ite:980 KerTime:0.114996 AccTime:113.477239
#IT Ite:990 KerTime:0.115105 AccTime:114.624828
#IT Ite:1000 KerTime:0.114858 AccTime:115.772936
#IT Ite:1010 KerTime:0.115448 AccTime:117.101465
#IT Ite:1020 KerTime:0.114656 AccTime:118.253681
