#HEADER box:19 spaceElem:685900
#BEGIN Y:2015 M:11 D:21 Time:03:44:15
#IT Ite:0 KerTime:1.194880 AccTime:1.194880
#IT Ite:10 KerTime:1.193260 AccTime:13.131076
#IT Ite:20 KerTime:1.193125 AccTime:25.064156
#IT Ite:30 KerTime:1.192982 AccTime:36.997001
#IT Ite:40 KerTime:1.193243 AccTime:48.930141
#ERR p: [297364], ea: 2, v_r: 1.4567449951171875e+03, v_e: 1.4567449951171875e+03, x_r: -4.7014495849609375e+02, x_e: -4.7014501953125000e+02, y_r: -5.1127032470703125e+02, y_e: -5.1127038574218750e+02, z_r: -2.0383398437500000e+02, z_e: -2.0383398437500000e+02

#ERR p: [297365], ea: 2, v_r: 1.3271240234375000e+03, v_e: 1.3271240234375000e+03, x_r: 8.2021591186523438e+01, x_e: 8.2021575927734375e+01, y_r: -9.7458703613281250e+02, y_e: -9.7458709716796875e+02, z_r: 3.2270196533203125e+02, z_e: 3.2270196533203125e+02

#ERR p: [297366], ea: 3, v_r: 1.6694415283203125e+03, v_e: 1.6694416503906250e+03, x_r: -5.3853125000000000e+02, x_e: -5.3853131103515625e+02, y_r: -2.6514398193359375e+02, y_e: -2.6514401245117188e+02, z_r: 4.0641845703125000e+02, z_e: 4.0641845703125000e+02

#ERR p: [297367], ea: 1, v_r: 1.5462384033203125e+03, v_e: 1.5462384033203125e+03, x_r: -1.0929354248046875e+03, x_e: -1.0929354248046875e+03, y_r: 5.1191459655761719e+01, y_e: 5.1191444396972656e+01, z_r: 3.7635870361328125e+02, z_e: 3.7635870361328125e+02

#ERR p: [297368], ea: 1, v_r: 1.5980496826171875e+03, v_e: 1.5980496826171875e+03, x_r: 7.1275714111328125e+02, x_e: 7.1275714111328125e+02, y_r: -8.6720526123046875e+02, y_e: -8.6720532226562500e+02, z_r: 3.8921072387695312e+02, z_e: 3.8921072387695312e+02

#ERR p: [297371], ea: 1, v_r: 1.3006179199218750e+03, v_e: 1.3006179199218750e+03, x_r: -6.6939270019531250e+02, x_e: -6.6939270019531250e+02, y_r: -1.2048117675781250e+03, y_e: -1.2048118896484375e+03, z_r: -1.8277259826660156e+02, z_e: -1.8277259826660156e+02

#ERR p: [297372], ea: 1, v_r: 1.1806755371093750e+03, v_e: 1.1806755371093750e+03, x_r: -3.8158709716796875e+02, x_e: -3.8158715820312500e+02, y_r: 7.1793487548828125e+02, y_e: 7.1793487548828125e+02, z_r: -6.1672259521484375e+02, z_e: -6.1672259521484375e+02

#ERR p: [297373], ea: 1, v_r: 1.9351447753906250e+03, v_e: 1.9351447753906250e+03, x_r: 1.6049849853515625e+03, x_e: 1.6049849853515625e+03, y_r: 1.1758917236328125e+03, y_e: 1.1758917236328125e+03, z_r: -1.3801416015625000e+03, z_e: -1.3801417236328125e+03

#ERR p: [297374], ea: 1, v_r: 1.4650905761718750e+03, v_e: 1.4650905761718750e+03, x_r: -7.5438488769531250e+02, x_e: -7.5438488769531250e+02, y_r: 1.1729182128906250e+03, y_e: 1.1729183349609375e+03, z_r: 3.5758724975585938e+02, z_e: 3.5758724975585938e+02

#ERR p: [297375], ea: 1, v_r: 1.3871470947265625e+03, v_e: 1.3871470947265625e+03, x_r: 8.5816307067871094e+01, x_e: 8.5816291809082031e+01, y_r: -2.2000306701660156e+02, y_e: -2.2000306701660156e+02, z_r: 8.6963348388671875e+02, z_e: 8.6963348388671875e+02

#ERR p: [297376], ea: 2, v_r: 1.6931348876953125e+03, v_e: 1.6931350097656250e+03, x_r: 4.2986541748046875e+02, x_e: 4.2986541748046875e+02, y_r: -2.6888757324218750e+02, y_e: -2.6888760375976562e+02, z_r: 7.3718023681640625e+02, z_e: 7.3718023681640625e+02

#ERR p: [297377], ea: 2, v_r: 1.7007978515625000e+03, v_e: 1.7007978515625000e+03, x_r: -5.4920922851562500e+02, x_e: -5.4920935058593750e+02, y_r: 1.3613248291015625e+03, y_e: 1.3613248291015625e+03, z_r: 8.9400184631347656e+01, z_e: 8.9400169372558594e+01

#ERR p: [297379], ea: 2, v_r: 1.5479790039062500e+03, v_e: 1.5479790039062500e+03, x_r: -1.0935180664062500e+03, x_e: -1.0935181884765625e+03, y_r: -8.3877825927734375e+02, y_e: -8.3877832031250000e+02, z_r: 1.2660323486328125e+03, z_e: 1.2660323486328125e+03

#ERR p: [297381], ea: 1, v_r: 1.6541187744140625e+03, v_e: 1.6541187744140625e+03, x_r: -1.1692404785156250e+03, x_e: -1.1692406005859375e+03, y_r: 1.0071033325195312e+03, y_e: 1.0071033325195312e+03, z_r: 7.2030969238281250e+02, z_e: 7.2030969238281250e+02

#ERR p: [297382], ea: 2, v_r: 1.4277995605468750e+03, v_e: 1.4277995605468750e+03, x_r: 1.1849700927734375e+03, x_e: 1.1849700927734375e+03, y_r: 4.6269485473632812e+01, y_e: 4.6269470214843750e+01, z_r: -1.9833895874023438e+02, z_e: -1.9833898925781250e+02

#ERR p: [297385], ea: 2, v_r: 1.8666718750000000e+03, v_e: 1.8666718750000000e+03, x_r: 1.1535330200195312e+02, x_e: 1.1535328674316406e+02, y_r: 1.1367351074218750e+03, y_e: 1.1367351074218750e+03, z_r: 1.5291549072265625e+03, z_e: 1.5291550292968750e+03

#ERR p: [297386], ea: 1, v_r: 1.7349576416015625e+03, v_e: 1.7349577636718750e+03, x_r: 1.4406756591796875e+03, x_e: 1.4406756591796875e+03, y_r: 3.9017532348632812e+02, y_e: 3.9017532348632812e+02, z_r: 1.0890411376953125e+03, z_e: 1.0890411376953125e+03

#ERR p: [297387], ea: 1, v_r: 1.6769967041015625e+03, v_e: 1.6769967041015625e+03, x_r: -1.5076520996093750e+03, x_e: -1.5076520996093750e+03, y_r: 6.9908081054687500e+02, y_e: 6.9908081054687500e+02, z_r: 4.0851751708984375e+02, z_e: 4.0851745605468750e+02

#ERR p: [297388], ea: 1, v_r: 1.4011252441406250e+03, v_e: 1.4011252441406250e+03, x_r: -1.2593896484375000e+03, x_e: -1.2593896484375000e+03, y_r: 4.6662067413330078e+01, y_e: 4.6662052154541016e+01, z_r: 6.0940368652343750e+02, z_e: 6.0940368652343750e+02

#ERR p: [297389], ea: 3, v_r: 1.3681304931640625e+03, v_e: 1.3681306152343750e+03, x_r: 8.3587623596191406e+01, x_e: 8.3587608337402344e+01, y_r: 3.0670089721679688e+02, y_e: 3.0670089721679688e+02, z_r: -7.1472253417968750e+02, z_e: -7.1472259521484375e+02

#ERR p: [297391], ea: 1, v_r: 1.3191986083984375e+03, v_e: 1.3191986083984375e+03, x_r: -1.1868098144531250e+03, x_e: -1.1868098144531250e+03, y_r: 8.0199456787109375e+02, y_e: 8.0199456787109375e+02, z_r: -1.1949528808593750e+03, z_e: -1.1949530029296875e+03

#ERR p: [297394], ea: 2, v_r: 1.4963697509765625e+03, v_e: 1.4963697509765625e+03, x_r: -1.3458359375000000e+03, x_e: -1.3458360595703125e+03, y_r: 6.2294598388671875e+02, y_e: 6.2294598388671875e+02, z_r: -7.8229656982421875e+02, z_e: -7.8229663085937500e+02

#ERR p: [297396], ea: 1, v_r: 1.1614555664062500e+03, v_e: 1.1614555664062500e+03, x_r: 2.9416912841796875e+02, x_e: 2.9416912841796875e+02, y_r: 4.8335522460937500e+02, y_e: 4.8335522460937500e+02, z_r: -3.8393630981445312e+02, z_e: -3.8393637084960938e+02

#ERR p: [297397], ea: 1, v_r: 1.7338074951171875e+03, v_e: 1.7338076171875000e+03, x_r: -5.5953564453125000e+02, x_e: -5.5953564453125000e+02, y_r: 7.2253887939453125e+02, y_e: 7.2253887939453125e+02, z_r: 4.2287277221679688e+02, z_e: 4.2287277221679688e+02

#SDC Ite:47 KerTime:1.193800 AccTime:57.283175 KerErr:24 AccErr:24
#IT Ite:50 KerTime:1.194752 AccTime:60.867723
#IT Ite:60 KerTime:1.195031 AccTime:72.815002
#IT Ite:70 KerTime:1.194910 AccTime:84.761082
#IT Ite:80 KerTime:1.194972 AccTime:96.707916
#IT Ite:90 KerTime:1.194718 AccTime:108.654817
#IT Ite:100 KerTime:1.195030 AccTime:120.604463
#IT Ite:110 KerTime:1.194675 AccTime:132.551942
#IT Ite:120 KerTime:1.195268 AccTime:144.501639
#IT Ite:130 KerTime:1.194789 AccTime:156.450457
#IT Ite:140 KerTime:1.194828 AccTime:168.399346
#ERR p: [9895], ea: 4, v_r: 7.1907690429687500e+02, v_e: 7.1905169677734375e+02, x_r: 1.7288444519042969e+02, x_e: 1.7270953369140625e+02, y_r: -1.0745668792724609e+02, y_e: -1.0745312500000000e+02, z_r: -5.2253833007812500e+02, z_e: -5.2251989746093750e+02

#SDC Ite:146 KerTime:1.194737 AccTime:175.568302 KerErr:1 AccErr:25
#IT Ite:150 KerTime:1.194672 AccTime:180.346983
#ERR p: [472400], ea: 4, v_r: 1.3802821044921875e+03, v_e: 1.3802841796875000e+03, x_r: 5.4609725952148438e+01, x_e: 5.4610565185546875e+01, y_r: -9.7399603271484375e+02, y_e: -9.7399810791015625e+02, z_r: -1.2350557861328125e+03, z_e: -1.2351417236328125e+03

#ERR p: [472401], ea: 4, v_r: 9.5840075683593750e+02, v_e: 9.5840234375000000e+02, x_r: -8.8190081787109375e+02, x_e: -8.8190167236328125e+02, y_r: -4.9394647216796875e+02, y_e: -4.9394769287109375e+02, z_r: -8.5760791015625000e+02, z_e: -8.5767065429687500e+02

#ERR p: [472402], ea: 3, v_r: 1.8332542724609375e+03, v_e: 1.8332626953125000e+03, x_r: 1.1312576904296875e+03, x_e: 1.1312661132812500e+03, y_r: 4.6458126831054688e+02, y_e: 4.6458126831054688e+02, z_r: -9.3810833740234375e+02, z_e: -9.3822686767578125e+02

#ERR p: [472403], ea: 3, v_r: 2.0251979980468750e+03, v_e: 2.0252299804687500e+03, x_r: 1.2499080810546875e+03, x_e: 1.2499400634765625e+03, y_r: 5.1196725463867188e+02, y_e: 5.1196725463867188e+02, z_r: 1.6828480224609375e+03, z_e: 1.6827435302734375e+03

#ERR p: [472404], ea: 3, v_r: 1.0948057861328125e+03, v_e: 1.0948092041015625e+03, x_r: 4.4815811157226562e+01, x_e: 4.4817192077636719e+01, y_r: 2.7666799926757812e+02, y_e: 2.7666799926757812e+02, z_r: -7.7018432617187500e+02, z_e: -7.7025628662109375e+02

#ERR p: [472405], ea: 2, v_r: 1.3145908203125000e+03, v_e: 1.3146058349609375e+03, x_r: -4.5110208129882812e+02, x_e: -4.5110208129882812e+02, y_r: 3.3097152709960938e+02, y_e: 3.3097152709960938e+02, z_r: 3.3579190063476562e+02, z_e: 3.3570785522460938e+02

#ERR p: [472406], ea: 4, v_r: 9.2243835449218750e+02, v_e: 9.2244128417968750e+02, x_r: -6.7119946289062500e+02, x_e: -6.7120068359375000e+02, y_r: -1.2158032226562500e+02, y_e: -1.2158149719238281e+02, z_r: -6.4871466064453125e+02, z_e: -6.4877667236328125e+02

#ERR p: [472407], ea: 4, v_r: 1.3388027343750000e+03, v_e: 1.3388170166015625e+03, x_r: 3.0984353637695312e+02, x_e: 3.0985211181640625e+02, y_r: -1.2017801513671875e+03, y_e: -1.2017972412109375e+03, z_r: 3.4268554687500000e+02, z_e: 3.4260559082031250e+02

#ERR p: [472408], ea: 3, v_r: 1.4971013183593750e+03, v_e: 1.4971264648437500e+03, x_r: -1.0887264404296875e+03, x_e: -1.0887365722656250e+03, y_r: 3.7582336425781250e+02, y_e: 3.7582336425781250e+02, z_r: 1.2439691162109375e+03, z_e: 1.2438868408203125e+03

#ERR p: [472409], ea: 4, v_r: 1.4877747802734375e+03, v_e: 1.4877900390625000e+03, x_r: -1.3662786865234375e+03, x_e: -1.3662878417968750e+03, y_r: 1.2292497558593750e+03, y_e: 1.2292589111328125e+03, z_r: 9.4467658996582031e+01, z_e: 9.4365371704101562e+01

#ERR p: [472410], ea: 4, v_r: 1.5043026123046875e+03, v_e: 1.5043093261718750e+03, x_r: 6.3695953369140625e+02, x_e: 6.3696496582031250e+02, y_r: -1.3493564453125000e+03, y_e: -1.3493645019531250e+03, z_r: -7.6890026855468750e+02, z_e: -7.6899444580078125e+02

#ERR p: [472411], ea: 4, v_r: 1.2367940673828125e+03, v_e: 1.2368035888671875e+03, x_r: 2.8650744628906250e+02, x_e: 2.8651312255859375e+02, y_r: -8.7289440917968750e+02, y_e: -8.7290393066406250e+02, z_r: -1.5794786071777344e+02, z_e: -1.5802598571777344e+02

#ERR p: [472412], ea: 4, v_r: 2.1275803222656250e+03, v_e: 2.1276145019531250e+03, x_r: 9.0491290283203125e+02, x_e: 9.0494012451171875e+02, y_r: 9.4525231933593750e+02, y_e: 9.4525909423828125e+02, z_r: 1.7677149658203125e+03, z_e: 1.7676033935546875e+03

#ERR p: [472413], ea: 3, v_r: 1.4381273193359375e+03, v_e: 1.4381296386718750e+03, x_r: -4.9256820678710938e+02, x_e: -4.9256820678710938e+02, y_r: 9.1418145751953125e+02, y_e: 9.1418237304687500e+02, z_r: -1.2876892089843750e+03, z_e: -1.2877846679687500e+03

#ERR p: [472414], ea: 4, v_r: 1.1939409179687500e+03, v_e: 1.1939427490234375e+03, x_r: -1.8103033447265625e+02, x_e: -1.8102996826171875e+02, y_r: -1.5625276184082031e+02, y_e: -1.5625352478027344e+02, z_r: -1.0686552734375000e+03, z_e: -1.0687319335937500e+03

#ERR p: [472415], ea: 3, v_r: 1.7876856689453125e+03, v_e: 1.7877088623046875e+03, x_r: -2.7016253662109375e+02, x_e: -2.7015789794921875e+02, y_r: 4.5041461181640625e+02, y_e: 4.5041461181640625e+02, z_r: 7.9952276611328125e+02, z_e: 7.9941406250000000e+02

#ERR p: [472416], ea: 3, v_r: 1.0878653564453125e+03, v_e: 1.0878670654296875e+03, x_r: -1.6434046936035156e+02, x_e: -1.6434013366699219e+02, y_r: 2.7470922851562500e+02, y_e: 2.7470922851562500e+02, z_r: -9.7390588378906250e+02, z_e: -9.7397668457031250e+02

#ERR p: [472417], ea: 4, v_r: 1.4753281250000000e+03, v_e: 1.4753449707031250e+03, x_r: 6.1130218505859375e+01, x_e: 6.1136924743652344e+01, y_r: 9.3793963623046875e+02, y_e: 9.3794635009765625e+02, z_r: 3.7661148071289062e+02, z_e: 3.7651766967773438e+02

#ERR p: [472418], ea: 4, v_r: 1.6630471191406250e+03, v_e: 1.6630496826171875e+03, x_r: 1.0270966796875000e+03, x_e: 1.0270992431640625e+03, y_r: 1.0594260253906250e+03, y_e: 1.0594271240234375e+03, z_r: -1.4891956787109375e+03, z_e: -1.4893011474609375e+03

#ERR p: [472419], ea: 3, v_r: 1.2782406005859375e+03, v_e: 1.2782576904296875e+03, x_r: -9.2953131103515625e+02, x_e: -9.2953802490234375e+02, y_r: 3.2104895019531250e+02, y_e: 3.2104895019531250e+02, z_r: 5.7171112060546875e+02, z_e: 5.7163140869140625e+02

#ERR p: [472420], ea: 3, v_r: 1.8289589843750000e+03, v_e: 1.8289741210937500e+03, x_r: -6.2609124755859375e+02, x_e: -6.2609124755859375e+02, y_r: 1.5127565917968750e+03, y_e: 1.5127657470703125e+03, z_r: -2.3478381347656250e+02, z_e: -2.3490884399414062e+02

#ERR p: [472421], ea: 4, v_r: 1.3571595458984375e+03, v_e: 1.3571660156250000e+03, x_r: 5.7716473388671875e+02, x_e: 5.7716986083984375e+02, y_r: 6.0375952148437500e+02, y_e: 6.0376080322265625e+02, z_r: -6.9461096191406250e+02, z_e: -6.9470007324218750e+02

#ERR p: [472422], ea: 4, v_r: 1.3454783935546875e+03, v_e: 1.3454892578125000e+03, x_r: -9.7983697509765625e+02, x_e: -9.7984136962890625e+02, y_r: -6.9349401855468750e+02, y_e: -6.9350256347656250e+02, z_r: -1.7196777343750000e+02, z_e: -1.7205722045898438e+02

#ERR p: [472423], ea: 4, v_r: 9.4256951904296875e+02, v_e: 9.4257708740234375e+02, x_r: -8.6766345214843750e+02, x_e: -8.6766796875000000e+02, y_r: -6.6676879882812500e+02, y_e: -6.6677636718750000e+02, z_r: -1.2038742065429688e+02, z_e: -1.2045013427734375e+02

#ERR p: [472424], ea: 3, v_r: 1.3186624755859375e+03, v_e: 1.3186685791015625e+03, x_r: 5.6044653320312500e+02, x_e: 5.6045141601562500e+02, y_r: 3.3382778930664062e+02, y_e: 3.3382778930664062e+02, z_r: -6.7478808593750000e+02, z_e: -6.7487414550781250e+02

#ERR p: [472425], ea: 4, v_r: 1.4600898437500000e+03, v_e: 1.4601123046875000e+03, x_r: 3.3802899169921875e+02, x_e: 3.3804241943359375e+02, y_r: -1.3110610351562500e+03, y_e: -1.3110880126953125e+03, z_r: 1.2139567871093750e+03, z_e: 1.2138831787109375e+03

#ERR p: [472426], ea: 4, v_r: 1.1770001220703125e+03, v_e: 1.1770059814453125e+03, x_r: -1.0807584228515625e+03, x_e: -1.0807619628906250e+03, y_r: 9.7270397949218750e+02, y_e: 9.7270751953125000e+02, z_r: -6.0243157958984375e+02, z_e: -6.0251470947265625e+02

#ERR p: [472427], ea: 4, v_r: 1.4667896728515625e+03, v_e: 1.4667987060546875e+03, x_r: 5.8454410552978516e+01, x_e: 5.8458042144775391e+01, y_r: -7.5429949951171875e+02, y_e: -7.5430676269531250e+02, z_r: -4.6876831054687500e+02, z_e: -4.6886334228515625e+02

#ERR p: [472428], ea: 4, v_r: 1.2261225585937500e+03, v_e: 1.2261370849609375e+03, x_r: -8.9062023925781250e+02, x_e: -8.9062597656250000e+02, y_r: 1.0133216552734375e+03, y_e: 1.0133303833007812e+03, z_r: 3.1298348999023438e+02, z_e: 3.1290231323242188e+02

#ERR p: [472429], ea: 4, v_r: 1.7814327392578125e+03, v_e: 1.7814384765625000e+03, x_r: 4.1596914672851562e+02, x_e: 4.1597250366210938e+02, y_r: 1.1337321777343750e+03, y_e: 1.1337344970703125e+03, z_r: -1.2535455322265625e+03, z_e: -1.2536630859375000e+03

#ERR p: [472430], ea: 4, v_r: 1.2343333740234375e+03, v_e: 1.2343519287109375e+03, x_r: -6.5995593261718750e+02, x_e: -6.5995971679687500e+02, y_r: 7.8359124755859375e+02, y_e: 7.8359869384765625e+02, z_r: 7.8866381835937500e+02, z_e: 7.8859069824218750e+02

#ERR p: [472431], ea: 4, v_r: 1.3822303466796875e+03, v_e: 1.3822322998046875e+03, x_r: 1.1176948242187500e+03, x_e: 1.1176972656250000e+03, y_r: -1.7902020263671875e+02, y_e: -1.7902102661132812e+02, z_r: -1.2371800537109375e+03, z_e: -1.2372647705078125e+03

#ERR p: [472432], ea: 4, v_r: 9.8141394042968750e+02, v_e: 9.8142358398437500e+02, x_r: -7.1417999267578125e+02, x_e: -7.1418389892578125e+02, y_r: -1.2965736389160156e+02, y_e: -1.2966122436523438e+02, z_r: 6.2625755310058594e+01, z_e: 6.2560859680175781e+01

#ERR p: [472433], ea: 4, v_r: 1.0999030761718750e+03, v_e: 1.0999154052734375e+03, x_r: -1.6679521179199219e+02, x_e: -1.6679275512695312e+02, y_r: -1.4451382446289062e+02, y_e: -1.4451875305175781e+02, z_r: 2.8112014770507812e+02, z_e: 2.8105133056640625e+02

#ERR p: [472434], ea: 3, v_r: 1.5841883544921875e+03, v_e: 1.5842093505859375e+03, x_r: -5.4279638671875000e+02, x_e: -5.4279638671875000e+02, y_r: 1.0062088012695312e+03, y_e: 1.0062172241210938e+03, z_r: 7.0829290771484375e+02, z_e: 7.0819458007812500e+02

#ERR p: [472435], ea: 4, v_r: 1.3020236816406250e+03, v_e: 1.3020257568359375e+03, x_r: -6.9814190673828125e+02, x_e: -6.9814233398437500e+02, y_r: -6.7029431152343750e+02, y_e: -6.7029589843750000e+02, z_r: -1.1651389160156250e+03, z_e: -1.1652227783203125e+03

#ERR p: [472436], ea: 3, v_r: 1.4025008544921875e+03, v_e: 1.4025147705078125e+03, x_r: -1.0198436279296875e+03, x_e: -1.0198492431640625e+03, y_r: 3.5245129394531250e+02, y_e: 3.5245129394531250e+02, z_r: 8.9293518066406250e+01, z_e: 8.9199569702148438e+01

#ERR p: [472437], ea: 4, v_r: 1.4564650878906250e+03, v_e: 1.4564893798828125e+03, x_r: -2.1899749755859375e+02, x_e: -2.1899264526367188e+02, y_r: 1.2045480957031250e+03, y_e: 1.2045626220703125e+03, z_r: 1.2098850097656250e+03, z_e: 1.2098055419921875e+03

#ERR p: [472438], ea: 4, v_r: 1.2641182861328125e+03, v_e: 1.2641242675781250e+03, x_r: 5.3793029785156250e+02, x_e: 5.3793505859375000e+02, y_r: 8.0473144531250000e+02, y_e: 8.0473388671875000e+02, z_r: -6.4710339355468750e+02, z_e: -6.4718688964843750e+02

#ERR p: [472439], ea: 4, v_r: 1.1922076416015625e+03, v_e: 1.1922266845703125e+03, x_r: -1.8137783813476562e+02, x_e: -1.8137403869628906e+02, y_r: -6.1402429199218750e+02, y_e: -6.1403948974609375e+02, z_r: 9.9097644042968750e+02, z_e: 9.9091430664062500e+02

#ERR p: [472440], ea: 4, v_r: 1.5072565917968750e+03, v_e: 1.5072756347656250e+03, x_r: 3.5077441406250000e+02, x_e: 3.5078588867187500e+02, y_r: 9.1568099975585938e+01, y_e: 9.1564270019531250e+01, z_r: 6.7423791503906250e+02, z_e: 6.7414849853515625e+02

#ERR p: [472441], ea: 4, v_r: 1.7568249511718750e+03, v_e: 1.7568436279296875e+03, x_r: 1.4203635253906250e+03, x_e: 1.4203859863281250e+03, y_r: -5.6537084960937500e+02, y_e: -5.6538201904296875e+02, z_r: 4.4931304931640625e+02, z_e: 4.4920886230468750e+02

#ERR p: [472442], ea: 4, v_r: 1.2332395019531250e+03, v_e: 1.2332517089843750e+03, x_r: -8.9710009765625000e+02, x_e: -8.9710498046875000e+02, y_r: 7.3489578247070312e+01, y_e: 7.3487152099609375e+01, z_r: 7.8604919433593750e+01, z_e: 7.8522827148437500e+01

#ERR p: [472443], ea: 3, v_r: 1.7792581787109375e+03, v_e: 1.7792863769531250e+03, x_r: 7.5632574462890625e+02, x_e: 7.5634838867187500e+02, y_r: 4.4935977172851562e+02, y_e: 4.4935977172851562e+02, z_r: 1.4784467773437500e+03, z_e: 1.4783540039062500e+03

#ERR p: [472444], ea: 4, v_r: 1.2341307373046875e+03, v_e: 1.2341507568359375e+03, x_r: -1.8681765747070312e+02, x_e: -1.8681362915039062e+02, y_r: 7.4155204772949219e+01, y_e: 7.4151191711425781e+01, z_r: 1.0255350341796875e+03, z_e: 1.0254693603515625e+03

#ERR p: [472445], ea: 4, v_r: 1.4257829589843750e+03, v_e: 1.4258061523437500e+03, x_r: 3.3291134643554688e+02, x_e: 3.3292526245117188e+02, y_r: 9.0648327636718750e+02, y_e: 9.0649255371093750e+02, z_r: 1.1844970703125000e+03, z_e: 1.1844211425781250e+03

#ERR p: [472446], ea: 4, v_r: 1.4491553955078125e+03, v_e: 1.4491640625000000e+03, x_r: 8.9275415039062500e+02, x_e: 8.9276287841796875e+02, y_r: -7.4408703613281250e+02, y_e: -7.4409399414062500e+02, z_r: -4.6307458496093750e+02, z_e: -4.6316589355468750e+02

#ERR p: [472447], ea: 4, v_r: 1.1667844238281250e+03, v_e: 1.1667899169921875e+03, x_r: -1.7724957275390625e+02, x_e: -1.7724847412109375e+02, y_r: -3.7656887817382812e+02, y_e: -3.7657217407226562e+02, z_r: -5.9675036621093750e+02, z_e: -5.9682708740234375e+02

#ERR p: [472448], ea: 4, v_r: 1.8726245117187500e+03, v_e: 1.8726423339843750e+03, x_r: 1.1570288085937500e+03, x_e: 1.1570466308593750e+03, y_r: 1.5511726074218750e+03, y_e: 1.5511832275390625e+03, z_r: 1.1870600128173828e+02, z_e: 1.1858597564697266e+02

#ERR p: [472449], ea: 4, v_r: 9.8140246582031250e+02, v_e: 9.8141040039062500e+02, x_r: -5.2572247314453125e+02, x_e: -5.2572406005859375e+02, y_r: -1.2931274414062500e+02, y_e: -1.2931591796875000e+02, z_r: -1.2559977722167969e+02, z_e: -1.2566535949707031e+02

#ERR p: [472450], ea: 4, v_r: 1.1825107421875000e+03, v_e: 1.1825124511718750e+03, x_r: 9.5557470703125000e+02, x_e: 9.5557678222656250e+02, y_r: -6.0649298095703125e+02, y_e: -6.0649438476562500e+02, z_r: -1.0581655273437500e+03, z_e: -1.0582369384765625e+03

#ERR p: [472451], ea: 4, v_r: 1.0568259277343750e+03, v_e: 1.0568414306640625e+03, x_r: -9.7287066650390625e+02, x_e: -9.7287994384765625e+02, y_r: -7.4791015625000000e+02, y_e: -7.4792565917968750e+02, z_r: 6.7577270507812500e+02, z_e: 6.7571203613281250e+02

#ERR p: [472452], ea: 4, v_r: 1.6806324462890625e+03, v_e: 1.6806483154296875e+03, x_r: 1.0375555419921875e+03, x_e: 1.0375712890625000e+03, y_r: 7.4765179443359375e+02, y_e: 7.4765496826171875e+02, z_r: 1.0681945800781250e+02, z_e: 1.0671299743652344e+02

#ERR p: [472453], ea: 4, v_r: 1.7291224365234375e+03, v_e: 1.7291497802734375e+03, x_r: 7.3459069824218750e+02, x_e: 7.3461254882812500e+02, y_r: 1.0519112396240234e+02, y_e: 1.0518566131591797e+02, z_r: 1.4369293212890625e+03, z_e: 1.4368398437500000e+03

#ERR p: [472454], ea: 4, v_r: 1.2650407714843750e+03, v_e: 1.2650484619140625e+03, x_r: 1.0233158569335938e+03, x_e: 1.0233250122070312e+03, y_r: 7.8275718688964844e+01, y_e: 7.8274177551269531e+01, z_r: -4.0459564208984375e+02, z_e: -4.0467620849609375e+02

#ERR p: [472455], ea: 4, v_r: 1.8184207763671875e+03, v_e: 1.8184464111328125e+03, x_r: 1.1218070068359375e+03, x_e: 1.1218325195312500e+03, y_r: 1.1122331237792969e+02, y_e: 1.1121820068359375e+02, z_r: 1.1623179931640625e+03, z_e: 1.1622178955078125e+03

#ERR p: [472456], ea: 3, v_r: 1.2966707763671875e+03, v_e: 1.2966875000000000e+03, x_r: 5.3059745788574219e+01, x_e: 5.3066429138183594e+01, y_r: 3.2703546142578125e+02, y_e: 3.2703546142578125e+02, z_r: 5.7992333984375000e+02, z_e: 5.7984521484375000e+02

#ERR p: [472457], ea: 4, v_r: 1.0095747680664062e+03, v_e: 1.0095845947265625e+03, x_r: -5.4082440185546875e+02, x_e: -5.4082635498046875e+02, y_r: -1.3310345458984375e+02, y_e: -1.3310737609863281e+02, z_r: 6.4411430358886719e+01, z_e: 6.4345230102539062e+01

#ERR p: [472458], ea: 4, v_r: 1.5313117675781250e+03, v_e: 1.5313189697265625e+03, x_r: 3.5714477539062500e+02, x_e: 3.5714913940429688e+02, y_r: 6.8082916259765625e+02, y_e: 6.8083062744140625e+02, z_r: -7.8374078369140625e+02, z_e: -7.8384240722656250e+02

#ERR p: [472459], ea: 4, v_r: 1.1824088134765625e+03, v_e: 1.1824139404296875e+03, x_r: 9.5493048095703125e+02, x_e: 9.5493670654296875e+02, y_r: -1.0599996337890625e+03, y_e: -1.0600058593750000e+03, z_r: -6.0431414794921875e+02, z_e: -6.0438677978515625e+02

#ERR p: [472460], ea: 4, v_r: 1.1391787109375000e+03, v_e: 1.1391905517578125e+03, x_r: 9.2016375732421875e+02, x_e: 9.2017791748046875e+02, y_r: -1.0217286987304688e+03, y_e: -1.0217428588867188e+03, z_r: 2.9169125366210938e+02, z_e: 2.9162515258789062e+02

#ERR p: [472461], ea: 4, v_r: 1.3247309570312500e+03, v_e: 1.3247479248046875e+03, x_r: 5.3868492126464844e+01, x_e: 5.3875282287597656e+01, y_r: 8.0141777038574219e+01, y_e: 8.0138389587402344e+01, z_r: 5.9257708740234375e+02, z_e: 5.9249786376953125e+02

#ERR p: [472462], ea: 4, v_r: 1.2297316894531250e+03, v_e: 1.2297517089843750e+03, x_r: -1.1323718261718750e+03, x_e: -1.1323837890625000e+03, y_r: -1.1061015625000000e+03, y_e: -1.1061254882812500e+03, z_r: 1.0223170776367188e+03, z_e: 1.0222517089843750e+03

#ERR p: [472463], ea: 4, v_r: 1.7837138671875000e+03, v_e: 1.7837382812500000e+03, x_r: 7.5554412841796875e+02, x_e: 7.5556365966796875e+02, y_r: -1.6010478515625000e+03, y_e: -1.6010771484375000e+03, z_r: 1.1408966064453125e+03, z_e: 1.1408009033203125e+03

#ERR p: [472464], ea: 4, v_r: 1.6817636718750000e+03, v_e: 1.6817768554687500e+03, x_r: 1.0386662597656250e+03, x_e: 1.0386794433593750e+03, y_r: 1.0707449951171875e+03, y_e: 1.0707502441406250e+03, z_r: -2.1581338500976562e+02, z_e: -2.1592260742187500e+02

#ERR p: [472465], ea: 4, v_r: 1.7283759765625000e+03, v_e: 1.7283874511718750e+03, x_r: -9.2346594238281250e+02, x_e: -9.2346820068359375e+02, y_r: 1.4292141113281250e+03, y_e: 1.4292210693359375e+03, z_r: -5.5330218505859375e+02, z_e: -5.5342236328125000e+02

#ERR p: [472466], ea: 4, v_r: 1.4151103515625000e+03, v_e: 1.4151262207031250e+03, x_r: 6.0219152832031250e+02, x_e: 6.0220416259765625e+02, y_r: 9.0037792968750000e+02, y_e: 9.0038427734375000e+02, z_r: 3.6124188232421875e+02, z_e: 3.6115356445312500e+02

#ERR p: [472467], ea: 4, v_r: 1.4998861083984375e+03, v_e: 1.4999050292968750e+03, x_r: 9.2638024902343750e+02, x_e: 9.2639916992187500e+02, y_r: 9.5457147216796875e+02, y_e: 9.5457904052734375e+02, z_r: 6.7060565185546875e+02, z_e: 6.7051666259765625e+02

#ERR p: [472468], ea: 4, v_r: 1.3758212890625000e+03, v_e: 1.3758385009765625e+03, x_r: 8.4873107910156250e+02, x_e: 8.4874822998046875e+02, y_r: 8.4272521972656250e+01, y_e: 8.4269104003906250e+01, z_r: 6.1548632812500000e+02, z_e: 6.1540625000000000e+02

#ERR p: [472469], ea: 4, v_r: 1.0717191162109375e+03, v_e: 1.0717225341796875e+03, x_r: -7.7982299804687500e+02, x_e: -7.7982446289062500e+02, y_r: -1.4125622558593750e+02, y_e: -1.4125761413574219e+02, z_r: -7.5370007324218750e+02, z_e: -7.5377209472656250e+02

#ERR p: [472470], ea: 4, v_r: 1.5296397705078125e+03, v_e: 1.5296563720703125e+03, x_r: 3.5518478393554688e+02, x_e: 3.5519479370117188e+02, y_r: -4.9341442871093750e+02, y_e: -4.9342443847656250e+02, z_r: 3.9111181640625000e+02, z_e: 3.9101843261718750e+02

#ERR p: [472471], ea: 2, v_r: 1.6179541015625000e+03, v_e: 1.6179780273437500e+03, x_r: -5.5522094726562500e+02, x_e: -5.5522094726562500e+02, y_r: 4.0711343383789062e+02, y_e: 4.0711343383789062e+02, z_r: 1.0339809570312500e+03, z_e: 1.0338870849609375e+03

#ERR p: [472472], ea: 4, v_r: 1.3638551025390625e+03, v_e: 1.3638636474609375e+03, x_r: -2.0681977844238281e+02, x_e: -2.0681803894042969e+02, y_r: -1.7885168457031250e+02, y_e: -1.7885513305664062e+02, z_r: -4.3611718750000000e+02, z_e: -4.3620758056640625e+02

#ERR p: [472473], ea: 4, v_r: 1.3938315429687500e+03, v_e: 1.3938428955078125e+03, x_r: 5.7769451141357422e+01, x_e: 5.7773952484130859e+01, y_r: 8.8633947753906250e+02, y_e: 8.8634387207031250e+02, z_r: -1.7886116027832031e+02, z_e: -1.7895425415039062e+02

#ERR p: [472474], ea: 4, v_r: 1.3969521484375000e+03, v_e: 1.3969586181640625e+03, x_r: 3.2394262695312500e+02, x_e: 3.2394644165039062e+02, y_r: -7.1787805175781250e+02, y_e: -7.1788317871093750e+02, z_r: -7.1433148193359375e+02, z_e: -7.1442108154296875e+02

#ERR p: [472475], ea: 3, v_r: 1.1994445800781250e+03, v_e: 1.1994559326171875e+03, x_r: -4.1286254882812500e+02, x_e: -4.1286254882812500e+02, y_r: -6.1766998291015625e+02, y_e: -6.1767907714843750e+02, z_r: 7.6713836669921875e+01, z_e: 7.6636901855468750e+01

#ERR p: [472476], ea: 4, v_r: 1.3309779052734375e+03, v_e: 1.3309819335937500e+03, x_r: 5.6425598144531250e+02, x_e: 5.6425915527343750e+02, y_r: -6.8348657226562500e+02, y_e: -6.8348980712890625e+02, z_r: -9.3582092285156250e+02, z_e: -9.3590460205078125e+02

#ERR p: [472477], ea: 4, v_r: 1.7281871337890625e+03, v_e: 1.7282059326171875e+03, x_r: 4.0084460449218750e+02, x_e: 4.0085583496093750e+02, y_r: -8.8874481201171875e+02, y_e: -8.8875982666015625e+02, z_r: 4.4203332519531250e+02, z_e: 4.4192852783203125e+02

#ERR p: [472478], ea: 4, v_r: 1.5631107177734375e+03, v_e: 1.5631302490234375e+03, x_r: 6.2360420227050781e+01, x_e: 6.2368263244628906e+01, y_r: -8.0439306640625000e+02, y_e: -8.0440875244140625e+02, z_r: 6.9960174560546875e+02, z_e: 6.9951007080078125e+02

#ERR p: [472479], ea: 4, v_r: 1.9401403808593750e+03, v_e: 1.9401524658203125e+03, x_r: 1.1977290039062500e+03, x_e: 1.1977410888671875e+03, y_r: 8.6343896484375000e+02, y_e: 8.6344140625000000e+02, z_r: -6.2089746093750000e+02, z_e: -6.2102386474609375e+02

#ERR p: [472480], ea: 4, v_r: 1.3285699462890625e+03, v_e: 1.3285743408203125e+03, x_r: -9.6520977783203125e+02, x_e: -9.6521148681640625e+02, y_r: 8.4369091796875000e+02, y_e: 8.4369262695312500e+02, z_r: -9.3474255371093750e+02, z_e: -9.3483410644531250e+02

#ERR p: [472481], ea: 4, v_r: 1.2926301269531250e+03, v_e: 1.2926341552734375e+03, x_r: 5.5006866455078125e+02, x_e: 5.5007196044921875e+02, y_r: 8.2299627685546875e+02, y_e: 8.2299798583984375e+02, z_r: -9.0959948730468750e+02, z_e: -9.0968395996093750e+02

#ERR p: [472482], ea: 3, v_r: 1.1341470947265625e+03, v_e: 1.1341527099609375e+03, x_r: -1.0423708496093750e+03, x_e: -1.0423741455078125e+03, y_r: 2.8494052124023438e+02, y_e: 2.8494052124023438e+02, z_r: -5.8026208496093750e+02, z_e: -5.8034075927734375e+02

#ERR p: [472483], ea: 4, v_r: 1.9826812744140625e+03, v_e: 1.9827127685546875e+03, x_r: 1.2241497802734375e+03, x_e: 1.2241811523437500e+03, y_r: 8.8135931396484375e+02, y_e: 8.8136560058593750e+02, z_r: 1.6473587646484375e+03, z_e: 1.6472557373046875e+03

#ERR p: [472484], ea: 4, v_r: 1.0573878173828125e+03, v_e: 1.0574030761718750e+03, x_r: -7.7062115478515625e+02, x_e: -7.7062725830078125e+02, y_r: -9.5072497558593750e+02, y_e: -9.5074328613281250e+02, z_r: 6.7621051025390625e+02, z_e: 6.7615069580078125e+02

#ERR p: [472485], ea: 3, v_r: 1.1181778564453125e+03, v_e: 1.1181813964843750e+03, x_r: -1.6893594360351562e+02, x_e: -1.6893524169921875e+02, y_r: 2.8226846313476562e+02, y_e: 2.8226846313476562e+02, z_r: -7.8661456298828125e+02, z_e: -7.8668878173828125e+02

#ERR p: [472486], ea: 4, v_r: 1.9997430419921875e+03, v_e: 1.9997524414062500e+03, x_r: 1.2355578613281250e+03, x_e: 1.2355671386718750e+03, y_r: 1.6569748535156250e+03, y_e: 1.6569804687500000e+03, z_r: -1.0238479003906250e+03, z_e: -1.0239795532226562e+03

#ERR p: [472487], ea: 4, v_r: 1.3387504882812500e+03, v_e: 1.3387589111328125e+03, x_r: 8.2681274414062500e+02, x_e: 8.2682116699218750e+02, y_r: 8.5247210693359375e+02, y_e: 8.5247546386718750e+02, z_r: -4.2855578613281250e+02, z_e: -4.2864352416992188e+02

#ERR p: [472488], ea: 4, v_r: 1.8558311767578125e+03, v_e: 1.8558607177734375e+03, x_r: 4.3194448852539062e+02, x_e: 4.3196224975585938e+02, y_r: 1.1244200134277344e+02, y_e: 1.1243608093261719e+02, z_r: 1.5421961669921875e+03, z_e: 1.5420989990234375e+03

#ERR p: [472489], ea: 3, v_r: 1.0724014892578125e+03, v_e: 1.0724047851562500e+03, x_r: -3.6912280273437500e+02, x_e: -3.6912280273437500e+02, y_r: -5.5187475585937500e+02, y_e: -5.5187744140625000e+02, z_r: -7.5402368164062500e+02, z_e: -7.5409362792968750e+02

#ERR p: [472490], ea: 4, v_r: 1.3496481933593750e+03, v_e: 1.3496522216796875e+03, x_r: 8.3247290039062500e+02, x_e: 8.3247705078125000e+02, y_r: 8.3425094604492188e+01, y_e: 8.3424270629882812e+01, z_r: -9.4934179687500000e+02, z_e: -9.4942749023437500e+02

#ERR p: [472491], ea: 3, v_r: 1.0050380249023438e+03, v_e: 1.0050491333007812e+03, x_r: -3.4647589111328125e+02, x_e: -3.4647589111328125e+02, y_r: -9.0296038818359375e+02, y_e: -9.0297369384765625e+02, z_r: 2.5720452880859375e+02, z_e: 2.5714288330078125e+02

#ERR p: [472492], ea: 3, v_r: 1.2076656494140625e+03, v_e: 1.2076798095703125e+03, x_r: -1.1100668945312500e+03, x_e: -1.1100753173828125e+03, y_r: 3.0307788085937500e+02, y_e: 3.0307788085937500e+02, z_r: 3.0853353881835938e+02, z_e: 3.0845437622070312e+02

#ERR p: [472493], ea: 4, v_r: 1.4533394775390625e+03, v_e: 1.4533563232421875e+03, x_r: -7.7739373779296875e+02, x_e: -7.7739709472656250e+02, y_r: 6.4415673828125000e+02, y_e: 6.4416009521484375e+02, z_r: 3.7114492797851562e+02, z_e: 3.7105062866210938e+02

#ERR p: [472494], ea: 4, v_r: 1.4410393066406250e+03, v_e: 1.4410457763671875e+03, x_r: 8.8735241699218750e+02, x_e: 8.8735882568359375e+02, y_r: -1.0160003051757812e+03, y_e: -1.0160066528320312e+03, z_r: -7.3668548583984375e+02, z_e: -7.3677545166015625e+02

#ERR p: [472495], ea: 3, v_r: 1.6247209472656250e+03, v_e: 1.6247463378906250e+03, x_r: 1.3148779296875000e+03, x_e: 1.3149084472656250e+03, y_r: 4.1111993408203125e+02, y_e: 4.1111993408203125e+02, z_r: 1.3501103515625000e+03, z_e: 1.3500272216796875e+03

#ERR p: [472496], ea: 3, v_r: 1.0268802490234375e+03, v_e: 1.0268898925781250e+03, x_r: -3.5401431274414062e+02, x_e: -3.5401431274414062e+02, y_r: -9.2249609375000000e+02, y_e: -9.2250769042968750e+02, z_r: 6.5852516174316406e+01, z_e: 6.5787620544433594e+01

#ERR p: [472497], ea: 3, v_r: 1.1244404296875000e+03, v_e: 1.1244476318359375e+03, x_r: -1.6990699768066406e+02, x_e: -1.6990553283691406e+02, y_r: 2.8366107177734375e+02, y_e: 2.8366107177734375e+02, z_r: -3.5974945068359375e+02, z_e: -3.5982495117187500e+02

#ERR p: [472498], ea: 3, v_r: 1.1991601562500000e+03, v_e: 1.1991677246093750e+03, x_r: -4.1210824584960938e+02, x_e: -4.1210824584960938e+02, y_r: -1.5758059692382812e+02, y_e: -1.5758364868164062e+02, z_r: -3.8344689941406250e+02, z_e: -3.8352706909179688e+02

#ERR p: [472499], ea: 4, v_r: 1.0950699462890625e+03, v_e: 1.0950799560546875e+03, x_r: 2.5369517517089844e+02, x_e: 2.5370118713378906e+02, y_r: -7.7297332763671875e+02, y_e: -7.7298333740234375e+02, z_r: 7.0168464660644531e+01, z_e: 7.0100585937500000e+01

#SDC Ite:154 KerTime:1.194556 AccTime:185.125423 KerErr:100 AccErr:125
#IT Ite:160 KerTime:1.195096 AccTime:192.295399
#IT Ite:170 KerTime:1.195146 AccTime:204.241559
#IT Ite:180 KerTime:1.194666 AccTime:216.189366
#IT Ite:190 KerTime:1.195329 AccTime:228.137968
#IT Ite:200 KerTime:1.194680 AccTime:240.085828
#IT Ite:210 KerTime:1.194606 AccTime:252.033716
#ERR p: [396564], ea: 4, v_r: 7.3052227783203125e+02, v_e: 7.3074328613281250e+02, x_r: -2.2505461120605469e+02, x_e: -2.2520776367187500e+02, y_r: -5.4269671630859375e+02, y_e: -5.4300610351562500e+02, z_r: 5.9597656250000000e+02, z_e: 5.9632080078125000e+02

#ERR p: [396565], ea: 3, v_r: 1.0397545166015625e+03, v_e: 1.0401622314453125e+03, x_r: -1.2161307525634766e+02, x_e: -1.2177785491943359e+02, y_r: 6.2021472167968750e+02, y_e: 6.2021472167968750e+02, z_r: -7.4581274414062500e+02, z_e: -7.4583074951171875e+02

#ERR p: [396566], ea: 4, v_r: 7.7997003173828125e+02, v_e: 7.8020550537109375e+02, x_r: -5.3973071289062500e+02, x_e: -5.3999755859375000e+02, y_r: -5.7932055664062500e+02, y_e: -5.7965026855468750e+02, z_r: 4.8675588989257812e+02, z_e: 4.8708041381835938e+02

#ERR p: [396567], ea: 4, v_r: 1.3277581787109375e+03, v_e: 1.3283101806640625e+03, x_r: 1.1191955566406250e+03, x_e: 1.1195738525390625e+03, y_r: 1.0455231933593750e+03, y_e: 1.0456335449218750e+03, z_r: -1.2065484619140625e+03, z_e: -1.2067009277343750e+03

#ERR p: [396568], ea: 4, v_r: 8.7241467285156250e+02, v_e: 8.7274560546875000e+02, x_r: 2.3317042541503906e+02, x_e: 2.3317860412597656e+02, y_r: 1.8606634521484375e+02, y_e: 1.8593405151367188e+02, z_r: -4.5867907714843750e+02, z_e: -4.5863272094726562e+02

#ERR p: [396569], ea: 4, v_r: 1.0992014160156250e+03, v_e: 1.0995944824218750e+03, x_r: -3.3938015747070312e+02, x_e: -3.3963836669921875e+02, y_r: 4.4567526245117188e+02, y_e: 4.4559664916992188e+02, z_r: 5.4328937530517578e+01, z_e: 5.4627994537353516e+01

#ERR p: [396570], ea: 4, v_r: 8.9085540771484375e+02, v_e: 8.9117248535156250e+02, x_r: -1.0383587646484375e+02, x_e: -1.0397145080566406e+02, y_r: 1.9790538787841797e+01, y_e: 1.9600303649902344e+01, z_r: -1.2694141387939453e+02, z_e: -1.2676602935791016e+02

#ERR p: [396571], ea: 4, v_r: 1.0539478759765625e+03, v_e: 1.0542551269531250e+03, x_r: -7.2920141601562500e+02, x_e: -7.2955261230468750e+02, y_r: -9.8441394042968750e+02, y_e: -9.8490539550781250e+02, z_r: 8.5975994873046875e+02, z_e: 8.6024444580078125e+02

#ERR p: [396572], ea: 4, v_r: 9.1073968505859375e+02, v_e: 9.1102032470703125e+02, x_r: -2.8055850219726562e+02, x_e: -2.8075039672851562e+02, y_r: -6.7668225097656250e+02, y_e: -6.7707519531250000e+02, z_r: 5.6833709716796875e+02, z_e: 5.6871832275390625e+02

#ERR p: [396573], ea: 4, v_r: 1.3322813720703125e+03, v_e: 1.3327369384765625e+03, x_r: -9.2311407470703125e+02, x_e: -9.2363043212890625e+02, y_r: 1.0512779541015625e+03, y_e: 1.0513690185546875e+03, z_r: 8.3255523681640625e+02, z_e: 8.3318316650390625e+02

#ERR p: [396574], ea: 3, v_r: 9.5144702148437500e+02, v_e: 9.5177014160156250e+02, x_r: -8.4180010986328125e+02, x_e: -8.4223590087890625e+02, y_r: 5.6850195312500000e+02, y_e: 5.6850195312500000e+02, z_r: 4.1199386596679688e+02, z_e: 4.1237789916992188e+02

#ERR p: [396575], ea: 4, v_r: 1.3702618408203125e+03, v_e: 1.3707493896484375e+03, x_r: 6.2924859619140625e+02, x_e: 6.2934967041015625e+02, y_r: 5.5530175781250000e+02, y_e: 5.5520428466796875e+02, z_r: 5.9322650146484375e+02, z_e: 5.9377600097656250e+02

#ERR p: [396576], ea: 4, v_r: 1.1525050048828125e+03, v_e: 1.1529072265625000e+03, x_r: -3.5605102539062500e+02, x_e: -3.5632608032226562e+02, y_r: 9.0920361328125000e+02, y_e: 9.0928405761718750e+02, z_r: 7.2021691894531250e+02, z_e: 7.2076342773437500e+02

#ERR p: [396577], ea: 4, v_r: 9.0957537841796875e+02, v_e: 9.0989654541015625e+02, x_r: 5.9253613281250000e+02, x_e: 5.9267492675781250e+02, y_r: 1.9991804122924805e+01, y_e: 1.9799104690551758e+01, z_r: 2.1917242431640625e+02, z_e: 2.1946838378906250e+02

#ERR p: [396578], ea: 4, v_r: 8.0541851806640625e+02, v_e: 8.0568554687500000e+02, x_r: -2.4798301696777344e+02, x_e: -2.4815385437011719e+02, y_r: -7.5301818847656250e+02, y_e: -7.5344531250000000e+02, z_r: -2.6958975219726562e+02, z_e: -2.6949307250976562e+02

#ERR p: [396579], ea: 4, v_r: 7.6879229736328125e+02, v_e: 7.6907623291015625e+02, x_r: -3.8474188232421875e+02, x_e: -3.8497900390625000e+02, y_r: -1.3023379516601562e+02, y_e: -1.3046096801757812e+02, z_r: -6.9915191650390625e+02, z_e: -6.9921649169921875e+02

#ERR p: [396580], ea: 3, v_r: 1.0460030517578125e+03, v_e: 1.0463808593750000e+03, x_r: 4.8024008178710938e+02, x_e: 4.8031851196289062e+02, y_r: 6.2427209472656250e+02, y_e: 6.2427209472656250e+02, z_r: 4.5296588134765625e+02, z_e: 4.5339169311523438e+02

#ERR p: [396581], ea: 4, v_r: 8.6602825927734375e+02, v_e: 8.6633697509765625e+02, x_r: 3.9778402709960938e+02, x_e: 3.9785028076171875e+02, y_r: 1.8498406982421875e+02, y_e: 1.8486058044433594e+02, z_r: 2.0877738952636719e+02, z_e: 2.0906401062011719e+02

#ERR p: [396582], ea: 4, v_r: 1.0485567626953125e+03, v_e: 1.0489423828125000e+03, x_r: 2.8061614990234375e+02, x_e: 2.8062835693359375e+02, y_r: -3.7882556152343750e+02, y_e: -3.7921124267578125e+02, z_r: -7.5259729003906250e+02, z_e: -7.5261993408203125e+02

#ERR p: [396583], ea: 4, v_r: 6.8586431884765625e+02, v_e: 6.8610357666015625e+02, x_r: -4.7462173461914062e+02, x_e: -4.7487442016601562e+02, y_r: -5.0997567749023438e+02, y_e: -5.1031069946289062e+02, z_r: -6.2393933105468750e+02, z_e: -6.2399169921875000e+02

#ERR p: [396584], ea: 3, v_r: 9.0206488037109375e+02, v_e: 9.0238934326171875e+02, x_r: -4.5178335571289062e+02, x_e: -4.5206866455078125e+02, y_r: 5.3863140869140625e+02, y_e: 5.3863140869140625e+02, z_r: 4.4665950775146484e+01, z_e: 4.4915744781494141e+01

#ERR p: [396585], ea: 4, v_r: 1.1179770507812500e+03, v_e: 1.1183521728515625e+03, x_r: 8.4596649169921875e+01, x_e: 8.4512802124023438e+01, y_r: -4.0316952514648438e+02, y_e: -4.0354470825195312e+02, z_r: 2.6913961791992188e+02, z_e: 2.6949343872070312e+02

#ERR p: [396586], ea: 4, v_r: 8.4036157226562500e+02, v_e: 8.4067687988281250e+02, x_r: -2.5965383911132812e+02, x_e: -2.5985818481445312e+02, y_r: 6.6261297607421875e+02, y_e: 6.6267608642578125e+02, z_r: -1.1941818237304688e+02, z_e: -1.1924121093750000e+02

#ERR p: [396587], ea: 4, v_r: 8.0501129150390625e+02, v_e: 8.0529534912109375e+02, x_r: 6.0814319610595703e+01, x_e: 6.0755207061767578e+01, y_r: -1.3635507202148438e+02, y_e: -1.3658239746093750e+02, z_r: -1.1478690338134766e+02, z_e: -1.1463193511962891e+02

#ERR p: [396588], ea: 4, v_r: 9.5608221435546875e+02, v_e: 9.5641717529296875e+02, x_r: -1.1132372283935547e+02, x_e: -1.1146697235107422e+02, y_r: -1.6182809448242188e+02, y_e: -1.6209609985351562e+02, z_r: -1.3633529663085938e+02, z_e: -1.3615000915527344e+02

#ERR p: [396589], ea: 4, v_r: 8.1191918945312500e+02, v_e: 8.1219006347656250e+02, x_r: -4.0606454467773438e+02, x_e: -4.0630017089843750e+02, y_r: -4.4809158325195312e+02, y_e: -4.4841665649414062e+02, z_r: -1.1595404052734375e+02, z_e: -1.1579957580566406e+02

#ERR p: [396590], ea: 4, v_r: 7.4507733154296875e+02, v_e: 7.4535369873046875e+02, x_r: 5.6177349090576172e+01, x_e: 5.6123981475830078e+01, y_r: 1.6309734344482422e+01, y_e: 1.6143894195556641e+01, z_r: -3.9182098388671875e+02, z_e: -3.9178027343750000e+02

#ERR p: [396591], ea: 4, v_r: 8.4530072021484375e+02, v_e: 8.4558673095703125e+02, x_r: 2.2635813903808594e+02, x_e: 2.2635911560058594e+02, y_r: -4.6685885620117188e+02, y_e: -4.6720211791992188e+02, z_r: 4.1337650299072266e+01, z_e: 4.1548374176025391e+01

#ERR p: [396592], ea: 4, v_r: 8.4176409912109375e+02, v_e: 8.4204559326171875e+02, x_r: -4.2077142333984375e+02, x_e: -4.2101135253906250e+02, y_r: -7.8696582031250000e+02, y_e: -7.8741625976562500e+02, z_r: -4.4312213134765625e+02, z_e: -4.4307388305664062e+02

#ERR p: [396593], ea: 3, v_r: 8.6365435791015625e+02, v_e: 8.6396240234375000e+02, x_r: -2.6673849487304688e+02, x_e: -2.6694354248046875e+02, y_r: 5.1569366455078125e+02, y_e: 5.1569366455078125e+02, z_r: 2.0837460327148438e+02, z_e: 2.0867028808593750e+02

#ERR p: [396594], ea: 4, v_r: 8.5814654541015625e+02, v_e: 8.5842749023437500e+02, x_r: 7.2421600341796875e+02, x_e: 7.2439654541015625e+02, y_r: -6.3835064697265625e+02, y_e: -6.3874395751953125e+02, z_r: 3.7089398193359375e+02, z_e: 3.7120681762695312e+02

#ERR p: [396595], ea: 4, v_r: 7.5441033935546875e+02, v_e: 7.5468041992187500e+02, x_r: 3.4694250488281250e+02, x_e: 3.4700952148437500e+02, y_r: -5.6149969482421875e+02, y_e: -5.6187792968750000e+02, z_r: -5.4161761474609375e+02, z_e: -5.4163531494140625e+02

#ERR p: [396596], ea: 4, v_r: 1.2144379882812500e+03, v_e: 1.2148626708984375e+03, x_r: 5.5769055175781250e+02, x_e: 5.5777551269531250e+02, y_r: 4.9229605102539062e+02, y_e: 4.9221109008789062e+02, z_r: 7.5864514160156250e+02, z_e: 7.5920812988281250e+02

#ERR p: [396597], ea: 4, v_r: 8.6503668212890625e+02, v_e: 8.6531964111328125e+02, x_r: 7.2991528320312500e+02, x_e: 7.3009533691406250e+02, y_r: -4.7777005004882812e+02, y_e: -4.7810952758789062e+02, z_r: 5.3983905029296875e+02, z_e: 5.4021032714843750e+02

#ERR p: [396598], ea: 4, v_r: 8.6363623046875000e+02, v_e: 8.6393347167968750e+02, x_r: 7.2897241210937500e+02, x_e: 7.2917083740234375e+02, y_r: -8.0815850830078125e+02, y_e: -8.0863421630859375e+02, z_r: -2.8905355834960938e+02, z_e: -2.8895852661132812e+02

#ERR p: [396599], ea: 3, v_r: 9.9709533691406250e+02, v_e: 9.9743798828125000e+02, x_r: 7.4901390075683594e+01, x_e: 7.4816513061523438e+01, y_r: 5.9550164794921875e+02, y_e: 5.9550164794921875e+02, z_r: 8.1422369384765625e+02, z_e: 8.1475140380859375e+02

#SDC Ite:210 KerTime:1.194606 AccTime:252.033716 KerErr:36 AccErr:161
#IT Ite:220 KerTime:1.194698 AccTime:263.981955
#IT Ite:230 KerTime:1.194435 AccTime:275.929095
#IT Ite:240 KerTime:1.194574 AccTime:287.876767
#IT Ite:250 KerTime:1.195216 AccTime:299.824795
#IT Ite:260 KerTime:1.194661 AccTime:311.771130
#IT Ite:270 KerTime:1.194421 AccTime:323.718868
#IT Ite:280 KerTime:1.194930 AccTime:335.665680
#IT Ite:290 KerTime:1.195001 AccTime:347.614952
#IT Ite:300 KerTime:1.194619 AccTime:359.563018
#IT Ite:310 KerTime:1.194686 AccTime:371.512566
#IT Ite:320 KerTime:1.194776 AccTime:383.462366
#IT Ite:330 KerTime:1.194584 AccTime:395.408450
#IT Ite:340 KerTime:1.194849 AccTime:407.357659
#IT Ite:350 KerTime:1.194883 AccTime:419.307434
#IT Ite:360 KerTime:1.195032 AccTime:431.256024
#ERR p: [489130], ea: 4, v_r: 1.1888327636718750e+03, v_e: 1.1321223144531250e+03, x_r: -8.6625292968750000e+02, x_e: -8.2536767578125000e+02, y_r: 1.1683236083984375e+03, y_e: 7.0483441162109375e+02, z_r: -6.4216717529296875e+02, z_e: -6.1218939208984375e+02

#SDC Ite:367 KerTime:1.194785 AccTime:439.619107 KerErr:1 AccErr:162
#IT Ite:370 KerTime:1.194380 AccTime:443.203561
#IT Ite:380 KerTime:1.194937 AccTime:455.151277
#IT Ite:390 KerTime:1.194325 AccTime:467.098059
#IT Ite:400 KerTime:1.194621 AccTime:479.044337
#IT Ite:410 KerTime:1.194371 AccTime:490.990848
#IT Ite:420 KerTime:1.194966 AccTime:502.937874
#IT Ite:430 KerTime:1.194113 AccTime:514.885343
#IT Ite:440 KerTime:1.194870 AccTime:526.833663
#ERR p: [666768], ea: 1, v_r: 7.3353765869140625e+02, v_e: 7.3353759765625000e+02, x_r: -9.8193222045898438e+01, x_e: -9.8193222045898438e+01, y_r: -5.3876672363281250e+02, y_e: -5.3876672363281250e+02, z_r: -2.4189465332031250e+02, z_e: -2.4189465332031250e+02

#ERR p: [666769], ea: 1, v_r: 9.1848931884765625e+02, v_e: 9.1848931884765625e+02, x_r: 4.0510723876953125e+02, x_e: 4.0510723876953125e+02, y_r: 5.6073480224609375e+02, y_e: 5.6073480224609375e+02, z_r: 2.2912094116210938e+02, z_e: 2.2912091064453125e+02

#ERR p: [666772], ea: 1, v_r: 8.4233905029296875e+02, v_e: 8.4233905029296875e+02, x_r: -7.5814044189453125e+02, x_e: -7.5814044189453125e+02, y_r: -6.1836029052734375e+02, y_e: -6.1836016845703125e+02, z_r: -2.7864620971679688e+02, z_e: -2.7864620971679688e+02

#ERR p: [666775], ea: 1, v_r: 1.2389879150390625e+03, v_e: 1.2389879150390625e+03, x_r: 3.1033175659179688e+02, x_e: 3.1033175659179688e+02, y_r: 2.8186022949218750e+02, y_e: 2.8186022949218750e+02, z_r: 1.0216271362304688e+03, z_e: 1.0216270751953125e+03

#ERR p: [666776], ea: 1, v_r: 1.0069886474609375e+03, v_e: 1.0069885864257812e+03, x_r: 8.2912860107421875e+02, x_e: 8.2912860107421875e+02, y_r: -5.4743646240234375e+02, y_e: -5.4743646240234375e+02, z_r: -7.1691247558593750e+02, z_e: -7.1691247558593750e+02

#ERR p: [666777], ea: 1, v_r: 7.2010559082031250e+02, v_e: 7.2010559082031250e+02, x_r: -5.0923013305664062e+02, x_e: -5.0923013305664062e+02, y_r: -6.6567871093750000e+02, y_e: -6.6567871093750000e+02, z_r: 4.5301483154296875e+02, z_e: 4.5301480102539062e+02

#ERR p: [666778], ea: 1, v_r: 7.9428277587890625e+02, v_e: 7.9428277587890625e+02, x_r: 4.5891311645507812e+01, x_e: 4.5891311645507812e+01, y_r: 1.7966555786132812e+02, y_e: 1.7966555786132812e+02, z_r: 4.4641017913818359e+01, z_e: 4.4641010284423828e+01

#ERR p: [666787], ea: 2, v_r: 1.0911997070312500e+03, v_e: 1.0911995849609375e+03, x_r: 2.7179559326171875e+02, x_e: 2.7179559326171875e+02, y_r: 8.7553167724609375e+02, y_e: 8.7553167724609375e+02, z_r: 6.2741870880126953e+01, z_e: 6.2741855621337891e+01

#ERR p: [666792], ea: 1, v_r: 5.8960693359375000e+02, v_e: 5.8960693359375000e+02, x_r: -3.0520852661132812e+02, x_e: -3.0520849609375000e+02, y_r: -5.4673669433593750e+02, y_e: -5.4673669433593750e+02, z_r: -5.3451477050781250e+02, z_e: -5.3451477050781250e+02

#ERR p: [666793], ea: 1, v_r: 7.0974389648437500e+02, v_e: 7.0974389648437500e+02, x_r: -5.0283547973632812e+02, x_e: -5.0283547973632812e+02, y_r: 1.6081239318847656e+02, y_e: 1.6081239318847656e+02, z_r: 3.9146022796630859e+01, z_e: 3.9146015167236328e+01

#ERR p: [666798], ea: 1, v_r: 8.1822589111328125e+02, v_e: 8.1822589111328125e+02, x_r: -5.7981884765625000e+02, x_e: -5.7981884765625000e+02, y_r: 2.7975746154785156e+01, y_e: 2.7975746154785156e+01, z_r: -1.1225321960449219e+02, z_e: -1.1225323486328125e+02

#SDC Ite:443 KerTime:1.194609 AccTime:530.418425 KerErr:11 AccErr:173
#IT Ite:450 KerTime:1.194883 AccTime:538.783411
#IT Ite:460 KerTime:1.194587 AccTime:550.730894
#IT Ite:470 KerTime:1.194818 AccTime:562.678704
#IT Ite:480 KerTime:1.194381 AccTime:574.626388
#IT Ite:490 KerTime:1.194486 AccTime:586.575013
#IT Ite:500 KerTime:1.194918 AccTime:598.524148
#IT Ite:510 KerTime:1.194831 AccTime:610.472155
#IT Ite:520 KerTime:1.195234 AccTime:622.418444
#IT Ite:530 KerTime:1.194922 AccTime:634.366183
#IT Ite:540 KerTime:1.194385 AccTime:646.313449
#IT Ite:550 KerTime:1.193881 AccTime:658.257079
#IT Ite:560 KerTime:1.194791 AccTime:670.205285
#IT Ite:570 KerTime:1.195081 AccTime:682.154232
#ERR p: [262700], ea: 3, v_r: 1.3938953857421875e+03, v_e: 1.3938952636718750e+03, x_r: -9.6261285400390625e+02, x_e: -9.6261285400390625e+02, y_r: 7.4113975524902344e+01, y_e: 7.4113945007324219e+01, z_r: -1.2673970947265625e+03, z_e: -1.2673969726562500e+03

#ERR p: [262701], ea: 4, v_r: 1.2947170410156250e+03, v_e: 1.2947169189453125e+03, x_r: 9.9635833740234375e+01, x_e: 9.9635772705078125e+01, y_r: -9.2204467773437500e+02, y_e: -9.2204455566406250e+02, z_r: 8.0882934570312500e+02, z_e: 8.0882916259765625e+02

#ERR p: [262702], ea: 4, v_r: 1.7288507080078125e+03, v_e: 1.7288504638671875e+03, x_r: -1.1912885742187500e+03, x_e: -1.1912884521484375e+03, y_r: 1.0876824951171875e+03, y_e: 1.0876823730468750e+03, z_r: 1.0804204101562500e+03, z_e: 1.0804201660156250e+03

#ERR p: [262703], ea: 4, v_r: 1.6570295410156250e+03, v_e: 1.6570294189453125e+03, x_r: -1.1439990234375000e+03, x_e: -1.1439989013671875e+03, y_r: -8.6377465820312500e+02, y_e: -8.6377453613281250e+02, z_r: 1.3525915527343750e+03, z_e: 1.3525913085937500e+03

#ERR p: [262704], ea: 4, v_r: 1.4975532226562500e+03, v_e: 1.4975529785156250e+03, x_r: -1.3202852783203125e+03, x_e: -1.3202851562500000e+03, y_r: 3.6720272827148438e+02, y_e: 3.6720266723632812e+02, z_r: 3.6109243774414062e+02, z_e: 3.6109234619140625e+02

#ERR p: [262705], ea: 4, v_r: 1.3053074951171875e+03, v_e: 1.3053073730468750e+03, x_r: -9.0130938720703125e+02, x_e: -9.0130926513671875e+02, y_r: -4.3058486938476562e+02, y_e: -4.3058480834960938e+02, z_r: 6.4256607055664062e+01, z_e: 6.4256546020507812e+01

#ERR p: [262706], ea: 4, v_r: 1.6630201416015625e+03, v_e: 1.6630198974609375e+03, x_r: -8.2812780761718750e+02, x_e: -8.2812774658203125e+02, y_r: 8.9770317077636719e+01, y_e: 8.9770271301269531e+01, z_r: 7.2011157226562500e+02, z_e: 7.2011132812500000e+02

#ERR p: [262707], ea: 4, v_r: 1.3225605468750000e+03, v_e: 1.3225604248046875e+03, x_r: 1.1175603027343750e+03, x_e: 1.1175600585937500e+03, y_r: -6.8705548095703125e+02, y_e: -6.8705541992187500e+02, z_r: 1.0805533447265625e+03, z_e: 1.0805532226562500e+03

#ERR p: [262708], ea: 4, v_r: 1.9585637207031250e+03, v_e: 1.9585634765625000e+03, x_r: 1.6543720703125000e+03, x_e: 1.6543718261718750e+03, y_r: -1.3931660156250000e+03, y_e: -1.3931658935546875e+03, z_r: 1.2243005371093750e+03, z_e: 1.2243002929687500e+03

#ERR p: [262709], ea: 3, v_r: 1.4708885498046875e+03, v_e: 1.4708884277343750e+03, x_r: -4.5004345703125000e+02, x_e: -4.5004345703125000e+02, y_r: 3.6163446044921875e+02, y_e: 3.6163436889648438e+02, z_r: 3.5513821411132812e+02, z_e: 3.5513809204101562e+02

#ERR p: [262710], ea: 4, v_r: 1.5326875000000000e+03, v_e: 1.5326872558593750e+03, x_r: 7.0776861572265625e+02, x_e: 7.0776849365234375e+02, y_r: 6.7198760986328125e+02, y_e: 6.7198748779296875e+02, z_r: 3.7098135375976562e+02, z_e: 3.7098126220703125e+02

#ERR p: [262711], ea: 4, v_r: 9.3435638427734375e+02, v_e: 9.3435626220703125e+02, x_r: -6.4525805664062500e+02, x_e: -6.4525799560546875e+02, y_r: 4.9680122375488281e+01, y_e: 4.9680099487304688e+01, z_r: -8.4956158447265625e+02, z_e: -8.4956152343750000e+02

#ERR p: [262712], ea: 4, v_r: 1.5513325195312500e+03, v_e: 1.5513322753906250e+03, x_r: -1.0693243408203125e+03, x_e: -1.0693242187500000e+03, y_r: 9.7575244140625000e+02, y_e: 9.7575219726562500e+02, z_r: 3.7447134399414062e+02, z_e: 3.7447122192382812e+02

#ERR p: [262713], ea: 3, v_r: 1.2780190429687500e+03, v_e: 1.2780189208984375e+03, x_r: -8.8235180664062500e+02, x_e: -8.8235180664062500e+02, y_r: -4.2148074340820312e+02, y_e: -4.2148068237304688e+02, z_r: 3.0798379516601562e+02, z_e: 3.0798373413085938e+02

#ERR p: [262714], ea: 4, v_r: 1.1477143554687500e+03, v_e: 1.1477142333984375e+03, x_r: -7.9259643554687500e+02, x_e: -7.9259637451171875e+02, y_r: -3.7869177246093750e+02, y_e: -3.7869171142578125e+02, z_r: -1.6357112121582031e+02, z_e: -1.6357115173339844e+02

#ERR p: [262715], ea: 3, v_r: 1.7430325927734375e+03, v_e: 1.7430323486328125e+03, x_r: 1.3496260070800781e+02, x_e: 1.3496250915527344e+02, y_r: 4.2871743774414062e+02, y_e: 4.2871737670898438e+02, z_r: -5.8135021972656250e+02, z_e: -5.8135021972656250e+02

#ERR p: [262716], ea: 3, v_r: 1.0663675537109375e+03, v_e: 1.0663674316406250e+03, x_r: 4.9061932373046875e+02, x_e: 4.9061920166015625e+02, y_r: -7.5981970214843750e+02, y_e: -7.5981970214843750e+02, z_r: -7.6489495849609375e+02, z_e: -7.6489483642578125e+02

#ERR p: [262717], ea: 4, v_r: 1.8510350341796875e+03, v_e: 1.8510347900390625e+03, x_r: 1.2078665771484375e+03, x_e: 1.2078663330078125e+03, y_r: -1.6719102783203125e+03, y_e: -1.6719101562500000e+03, z_r: 1.1566802978515625e+03, z_e: 1.1566800537109375e+03

#ERR p: [262718], ea: 3, v_r: 1.3762048339843750e+03, v_e: 1.3762045898437500e+03, x_r: 1.1627692871093750e+03, x_e: 1.1627690429687500e+03, y_r: -1.8792091369628906e+02, y_e: -1.8792091369628906e+02, z_r: 6.9087989807128906e+01, z_e: 6.9087928771972656e+01

#ERR p: [262719], ea: 4, v_r: 2.1286801757812500e+03, v_e: 2.1286799316406250e+03, x_r: 1.7996823730468750e+03, x_e: 1.7996821289062500e+03, y_r: 9.3381793212890625e+02, y_e: 9.3381781005859375e+02, z_r: 1.0768466186523438e+02, z_e: 1.0768457031250000e+02

#ERR p: [262720], ea: 4, v_r: 1.5935316162109375e+03, v_e: 1.5935314941406250e+03, x_r: 4.2860955810546875e+02, x_e: 4.2860946655273438e+02, y_r: -1.1343348388671875e+03, y_e: -1.1343347167968750e+03, z_r: 1.3012830810546875e+03, z_e: 1.3012828369140625e+03

#ERR p: [262721], ea: 4, v_r: 1.2098635253906250e+03, v_e: 1.2098634033203125e+03, x_r: 5.5807122802734375e+02, x_e: 5.5807110595703125e+02, y_r: 6.6316787719726562e+01, y_e: 6.6316757202148438e+01, z_r: 6.0578693389892578e+01, z_e: 6.0578639984130859e+01

#ERR p: [262722], ea: 2, v_r: 1.0206489868164062e+03, v_e: 1.0206488647460938e+03, x_r: -9.0085021972656250e+02, x_e: -9.0085021972656250e+02, y_r: -7.2803607177734375e+02, y_e: -7.2803607177734375e+02, z_r: 6.3721313476562500e+02, z_e: 6.3721301269531250e+02

#ERR p: [262723], ea: 3, v_r: 1.2556372070312500e+03, v_e: 1.2556370849609375e+03, x_r: 5.7822918701171875e+02, x_e: 5.7822906494140625e+02, y_r: -8.9409747314453125e+02, y_e: -8.9409747314453125e+02, z_r: 6.2292022705078125e+01, z_e: 6.2291961669921875e+01

#ERR p: [262724], ea: 4, v_r: 1.5229250488281250e+03, v_e: 1.5229249267578125e+03, x_r: 1.1867156219482422e+02, x_e: 1.1867150115966797e+02, y_r: 3.7522036743164062e+02, y_e: 3.7522030639648438e+02, z_r: 6.6009735107421875e+02, z_e: 6.6009722900390625e+02

#ERR p: [262725], ea: 3, v_r: 1.4369271240234375e+03, v_e: 1.4369270019531250e+03, x_r: 9.3823577880859375e+02, x_e: 9.3823559570312500e+02, y_r: 3.5401699829101562e+02, y_e: 3.5401693725585938e+02, z_r: -7.5416094970703125e+02, z_e: -7.5416094970703125e+02

#ERR p: [262726], ea: 3, v_r: 9.9505371093750000e+02, v_e: 9.9505358886718750e+02, x_r: -4.9576858520507812e+02, x_e: -4.9576858520507812e+02, y_r: 4.3480053710937500e+02, y_e: 4.3480047607421875e+02, z_r: -7.1368847656250000e+02, z_e: -7.1368835449218750e+02

#ERR p: [262727], ea: 4, v_r: 1.6510742187500000e+03, v_e: 1.6510739746093750e+03, x_r: -1.8779193115234375e+02, x_e: -1.8779196166992188e+02, y_r: 4.0675958251953125e+02, y_e: 4.0675952148437500e+02, z_r: 1.3487613525390625e+03, z_e: 1.3487611083984375e+03

#ERR p: [262728], ea: 4, v_r: 1.4158953857421875e+03, v_e: 1.4158951416015625e+03, x_r: -1.2483155517578125e+03, x_e: -1.2483154296875000e+03, y_r: 8.8980761718750000e+02, y_e: 8.8980749511718750e+02, z_r: -7.4430523681640625e+02, z_e: -7.4430511474609375e+02

#ERR p: [262729], ea: 4, v_r: 1.3233220214843750e+03, v_e: 1.3233218994140625e+03, x_r: -1.4996899414062500e+02, x_e: -1.4996902465820312e+02, y_r: 1.0871286621093750e+03, y_e: 1.0871285400390625e+03, z_r: 5.7381054687500000e+02, z_e: 5.7381042480468750e+02

#ERR p: [262730], ea: 3, v_r: 1.2443051757812500e+03, v_e: 1.2443049316406250e+03, x_r: -1.0972855224609375e+03, x_e: -1.0972854003906250e+03, y_r: 5.4333605957031250e+02, y_e: 5.4333599853515625e+02, z_r: -6.5420471191406250e+02, z_e: -6.5420471191406250e+02

#ERR p: [262731], ea: 3, v_r: 1.8022078857421875e+03, v_e: 1.8022077636718750e+03, x_r: -1.2424503173828125e+03, x_e: -1.2424503173828125e+03, y_r: 7.8805737304687500e+02, y_e: 7.8805725097656250e+02, z_r: 7.8048883056640625e+02, z_e: 7.8048864746093750e+02

#ERR p: [262732], ea: 3, v_r: 1.1855961914062500e+03, v_e: 1.1855960693359375e+03, x_r: 3.1857247924804688e+02, x_e: 3.1857238769531250e+02, y_r: -1.6309358215332031e+02, y_e: -1.6309358215332031e+02, z_r: -8.5013885498046875e+02, z_e: -8.5013879394531250e+02

#ERR p: [262733], ea: 3, v_r: 1.2598973388671875e+03, v_e: 1.2598970947265625e+03, x_r: -6.2784039306640625e+02, x_e: -6.2784039306640625e+02, y_r: -4.1501281738281250e+02, y_e: -4.1501275634765625e+02, z_r: 7.8697283935546875e+02, z_e: 7.8697265625000000e+02

#ERR p: [262734], ea: 3, v_r: 1.1660297851562500e+03, v_e: 1.1660296630859375e+03, x_r: -5.8051971435546875e+02, x_e: -5.8051971435546875e+02, y_r: 9.5677691650390625e+02, y_e: 9.5677679443359375e+02, z_r: -8.3609869384765625e+02, z_e: -8.3609857177734375e+02

#ERR p: [262735], ea: 4, v_r: 1.0152677001953125e+03, v_e: 1.0152675781250000e+03, x_r: 6.6178131103515625e+02, x_e: 6.6178118896484375e+02, y_r: -9.1786651611328125e+02, y_e: -9.1786639404296875e+02, z_r: -7.2825665283203125e+02, z_e: -7.2825653076171875e+02

#ERR p: [262736], ea: 3, v_r: 1.3101658935546875e+03, v_e: 1.3101656494140625e+03, x_r: 8.5558422851562500e+02, x_e: 8.5558404541015625e+02, y_r: -4.3001623535156250e+02, y_e: -4.3001623535156250e+02, z_r: 5.6790228271484375e+02, z_e: 5.6790216064453125e+02

#ERR p: [262737], ea: 4, v_r: 1.3117950439453125e+03, v_e: 1.3117947998046875e+03, x_r: -1.5045405578613281e+02, x_e: -1.5045408630371094e+02, y_r: 3.2213174438476562e+02, y_e: 3.2213165283203125e+02, z_r: -9.4066870117187500e+02, z_e: -9.4066857910156250e+02

#ERR p: [262738], ea: 3, v_r: 1.3493153076171875e+03, v_e: 1.3493150634765625e+03, x_r: -4.1342980957031250e+02, x_e: -4.1342980957031250e+02, y_r: 7.2762237548828125e+01, y_e: 7.2762191772460938e+01, z_r: -1.9179063415527344e+02, z_e: -1.9179066467285156e+02

#ERR p: [262739], ea: 3, v_r: 1.2734896240234375e+03, v_e: 1.2734895019531250e+03, x_r: 9.7749969482421875e+01, x_e: 9.7749893188476562e+01, y_r: -4.1942395019531250e+02, y_e: -4.1942388916015625e+02, z_r: -6.6930737304687500e+02, z_e: -6.6930737304687500e+02

#ERR p: [262740], ea: 3, v_r: 1.5777644042968750e+03, v_e: 1.5777641601562500e+03, x_r: -1.3916901855468750e+03, x_e: -1.3916901855468750e+03, y_r: -5.2034979248046875e+02, y_e: -5.2034973144531250e+02, z_r: 1.2878861083984375e+03, z_e: 1.2878858642578125e+03

#ERR p: [262741], ea: 4, v_r: 1.6710249023437500e+03, v_e: 1.6710246582031250e+03, x_r: 1.0911157226562500e+03, x_e: 1.0911156005859375e+03, y_r: 7.3191046142578125e+02, y_e: 7.3191033935546875e+02, z_r: -1.1971573486328125e+03, z_e: -1.1971572265625000e+03

#ERR p: [262742], ea: 4, v_r: 2.0741896972656250e+03, v_e: 2.0741894531250000e+03, x_r: 1.7526828613281250e+03, x_e: 1.7526826171875000e+03, y_r: -1.0775174560546875e+03, y_e: -1.0775173339843750e+03, z_r: 1.6946442871093750e+03, z_e: 1.6946440429687500e+03

#ERR p: [262743], ea: 4, v_r: 1.1959627685546875e+03, v_e: 1.1959626464843750e+03, x_r: -1.3733163452148438e+02, x_e: -1.3733166503906250e+02, y_r: -6.2281115722656250e+02, y_e: -6.2281109619140625e+02, z_r: 5.1777868652343750e+02, z_e: 5.1777862548828125e+02

#ERR p: [262744], ea: 4, v_r: 1.7089334716796875e+03, v_e: 1.7089333496093750e+03, x_r: 7.8947332763671875e+02, x_e: 7.8947314453125000e+02, y_r: 4.2213613891601562e+02, y_e: 4.2213604736328125e+02, z_r: 1.3966268310546875e+03, z_e: 1.3966265869140625e+03

#ERR p: [262745], ea: 4, v_r: 1.5234991455078125e+03, v_e: 1.5234990234375000e+03, x_r: -1.7523020935058594e+02, x_e: -1.7523023986816406e+02, y_r: -7.9367272949218750e+02, y_e: -7.9367266845703125e+02, z_r: 7.5288490295410156e+01, z_e: 7.5288414001464844e+01

#ERR p: [262746], ea: 4, v_r: 1.2281141357421875e+03, v_e: 1.2281140136718750e+03, x_r: 8.0135107421875000e+02, x_e: 8.0135095214843750e+02, y_r: -6.3897509765625000e+02, y_e: -6.3897503662109375e+02, z_r: -1.7427032470703125e+02, z_e: -1.7427035522460938e+02

#ERR p: [262747], ea: 4, v_r: 1.6348813476562500e+03, v_e: 1.6348811035156250e+03, x_r: 1.2719856262207031e+02, x_e: 1.2719847106933594e+02, y_r: 4.0263586425781250e+02, y_e: 4.0263577270507812e+02, z_r: 3.9511746215820312e+02, z_e: 3.9511734008789062e+02

#ERR p: [262748], ea: 4, v_r: 1.1156867675781250e+03, v_e: 1.1156866455078125e+03, x_r: -5.5641973876953125e+02, x_e: -5.5641967773437500e+02, y_r: 5.9529022216796875e+01, y_e: 5.9528999328613281e+01, z_r: -1.0143105468750000e+03, z_e: -1.0143104248046875e+03

#ERR p: [262749], ea: 4, v_r: 1.4299866943359375e+03, v_e: 1.4299864501953125e+03, x_r: 1.0909465789794922e+02, x_e: 1.0909458160400391e+02, y_r: -1.0194086914062500e+03, y_e: -1.0194085693359375e+03, z_r: -1.0260175781250000e+03, z_e: -1.0260174560546875e+03

#ERR p: [262750], ea: 3, v_r: 1.3100433349609375e+03, v_e: 1.3100430908203125e+03, x_r: 3.5184613037109375e+02, x_e: 3.5184603881835938e+02, y_r: -6.8223327636718750e+02, y_e: -6.8223321533203125e+02, z_r: -4.3735562133789062e+02, z_e: -4.3735562133789062e+02

#ERR p: [262751], ea: 4, v_r: 1.6024807128906250e+03, v_e: 1.6024805908203125e+03, x_r: 4.3009494018554688e+02, x_e: 4.3009481811523438e+02, y_r: -1.4485892333984375e+03, y_e: -1.4485891113281250e+03, z_r: 7.9166007995605469e+01, z_e: 7.9165924072265625e+01

#ERR p: [262752], ea: 4, v_r: 1.7299650878906250e+03, v_e: 1.7299648437500000e+03, x_r: 1.1303570556640625e+03, x_e: 1.1303569335937500e+03, y_r: 7.5838403320312500e+02, y_e: 7.5838391113281250e+02, z_r: -2.4441728210449219e+02, z_e: -2.4441731262207031e+02

#ERR p: [262753], ea: 3, v_r: 1.4501348876953125e+03, v_e: 1.4501347656250000e+03, x_r: 1.2237895507812500e+03, x_e: 1.2237893066406250e+03, y_r: -1.0327923583984375e+03, y_e: -1.0327922363281250e+03, z_r: -1.0398454589843750e+03, z_e: -1.0398454589843750e+03

#ERR p: [262754], ea: 2, v_r: 1.1625668945312500e+03, v_e: 1.1625667724609375e+03, x_r: -3.5603189086914062e+02, x_e: -3.5603189086914062e+02, y_r: 5.0832693481445312e+02, y_e: 5.0832687377929688e+02, z_r: -6.1080822753906250e+02, z_e: -6.1080822753906250e+02

#ERR p: [262755], ea: 4, v_r: 1.9739776611328125e+03, v_e: 1.9739774169921875e+03, x_r: -2.2387493896484375e+02, x_e: -2.2387500000000000e+02, y_r: 1.2432346191406250e+03, y_e: 1.2432343750000000e+03, z_r: 1.2343149414062500e+03, z_e: 1.2343146972656250e+03

#ERR p: [262756], ea: 4, v_r: 1.1080625000000000e+03, v_e: 1.1080623779296875e+03, x_r: -1.2763167572021484e+02, x_e: -1.2763170623779297e+02, y_r: -1.0017832031250000e+03, y_e: -1.0017831420898438e+03, z_r: 6.9202282714843750e+02, z_e: 6.9202270507812500e+02

#ERR p: [262757], ea: 4, v_r: 1.4017651367187500e+03, v_e: 1.4017650146484375e+03, x_r: -6.9952227783203125e+02, x_e: -6.9952221679687500e+02, y_r: -9.9957995605468750e+02, y_e: -9.9957983398437500e+02, z_r: 6.8894180297851562e+01, z_e: 6.8894104003906250e+01

#ERR p: [262758], ea: 4, v_r: 1.3527128906250000e+03, v_e: 1.3527127685546875e+03, x_r: 1.0282760620117188e+02, x_e: 1.0282752990722656e+02, y_r: -1.2237828369140625e+03, y_e: -1.2237827148437500e+03, z_r: -1.2300528564453125e+03, z_e: -1.2300527343750000e+03

#ERR p: [262759], ea: 4, v_r: 1.5695667724609375e+03, v_e: 1.5695666503906250e+03, x_r: -7.8176025390625000e+02, x_e: -7.8176019287109375e+02, y_r: 3.8528240966796875e+02, y_e: 3.8528231811523438e+02, z_r: -2.2312985229492188e+02, z_e: -2.2312988281250000e+02

#ERR p: [262760], ea: 3, v_r: 1.7976512451171875e+03, v_e: 1.7976510009765625e+03, x_r: -5.4971575927734375e+02, x_e: -5.4971575927734375e+02, y_r: 1.1311171875000000e+03, y_e: 1.1311170654296875e+03, z_r: -2.5500531005859375e+02, z_e: -2.5500534057617188e+02

#ERR p: [262761], ea: 4, v_r: 1.3139998779296875e+03, v_e: 1.3139997558593750e+03, x_r: -6.5451672363281250e+02, x_e: -6.5451666259765625e+02, y_r: 5.7428936767578125e+02, y_e: 5.7428924560546875e+02, z_r: -6.9053393554687500e+02, z_e: -6.9053387451171875e+02

#ERR p: [262762], ea: 3, v_r: 1.4808807373046875e+03, v_e: 1.4808804931640625e+03, x_r: 1.1493035888671875e+02, x_e: 1.1493029785156250e+02, y_r: -2.0288426208496094e+02, y_e: -2.0288426208496094e+02, z_r: 9.2557238769531250e+02, z_e: 9.2557226562500000e+02

#ERR p: [262763], ea: 3, v_r: 1.9205924072265625e+03, v_e: 1.9205921630859375e+03, x_r: -5.8655920410156250e+02, x_e: -5.8655920410156250e+02, y_r: 8.4102471923828125e+02, y_e: 8.4102459716796875e+02, z_r: 1.5688914794921875e+03, z_e: 1.5688912353515625e+03

#ERR p: [262764], ea: 4, v_r: 1.2463576660156250e+03, v_e: 1.2463575439453125e+03, x_r: 1.0531745605468750e+03, x_e: 1.0531743164062500e+03, y_r: 5.4626727294921875e+02, y_e: 5.4626721191406250e+02, z_r: -6.5379833984375000e+02, z_e: -6.5379821777343750e+02

#ERR p: [262765], ea: 4, v_r: 1.5315174560546875e+03, v_e: 1.5315173339843750e+03, x_r: -1.0563070068359375e+03, x_e: -1.0563068847656250e+03, y_r: 1.2563883056640625e+03, y_e: 1.2563880615234375e+03, z_r: -1.0983767089843750e+03, z_e: -1.0983765869140625e+03

#ERR p: [262766], ea: 3, v_r: 1.5785275878906250e+03, v_e: 1.5785273437500000e+03, x_r: 1.3343061523437500e+03, x_e: 1.3343059082031250e+03, y_r: -2.1495172119140625e+02, y_e: -2.1495172119140625e+02, z_r: 9.8732385253906250e+02, z_e: 9.8732373046875000e+02

#ERR p: [262767], ea: 2, v_r: 1.3641157226562500e+03, v_e: 1.3641156005859375e+03, x_r: -1.2036414794921875e+03, x_e: -1.2036413574218750e+03, y_r: -1.8895396423339844e+02, y_e: -1.8895396423339844e+02, z_r: -4.5598211669921875e+02, z_e: -4.5598211669921875e+02

#ERR p: [262768], ea: 4, v_r: 1.7626250000000000e+03, v_e: 1.7626247558593750e+03, x_r: 1.3892797851562500e+02, x_e: 1.3892788696289062e+02, y_r: 1.4487507324218750e+03, y_e: 1.4487504882812500e+03, z_r: 1.4406179199218750e+03, z_e: 1.4406176757812500e+03

#ERR p: [262769], ea: 4, v_r: 1.1931907958984375e+03, v_e: 1.1931906738281250e+03, x_r: 3.2081515502929688e+02, x_e: 3.2081506347656250e+02, y_r: -3.9249511718750000e+02, y_e: -3.9249505615234375e+02, z_r: -1.6944424438476562e+02, z_e: -1.6944427490234375e+02

#ERR p: [262770], ea: 3, v_r: 1.2890317382812500e+03, v_e: 1.2890316162109375e+03, x_r: -1.1377805175781250e+03, x_e: -1.1377803955078125e+03, y_r: -4.2579541015625000e+02, y_e: -4.2579541015625000e+02, z_r: -6.7813067626953125e+02, z_e: -6.7813061523437500e+02

#ERR p: [262771], ea: 3, v_r: 1.2494114990234375e+03, v_e: 1.2494112548828125e+03, x_r: -6.2284014892578125e+02, x_e: -6.2284008789062500e+02, y_r: -4.1176855468750000e+02, y_e: -4.1176855468750000e+02, z_r: 3.0120214843750000e+02, z_e: 3.0120205688476562e+02

#ERR p: [262772], ea: 3, v_r: 1.7596755371093750e+03, v_e: 1.7596752929687500e+03, x_r: -5.3787780761718750e+02, x_e: -5.3787780761718750e+02, y_r: 1.1073906250000000e+03, y_e: 1.1073903808593750e+03, z_r: 8.7774528503417969e+01, z_e: 8.7774444580078125e+01

#ERR p: [262773], ea: 4, v_r: 1.4713968505859375e+03, v_e: 1.4713967285156250e+03, x_r: 6.7845538330078125e+02, x_e: 6.7845526123046875e+02, y_r: 9.2623052978515625e+02, y_e: 9.2623034667968750e+02, z_r: -1.3362426757812500e+03, z_e: -1.3362425537109375e+03

#ERR p: [262774], ea: 3, v_r: 1.1933327636718750e+03, v_e: 1.1933326416015625e+03, x_r: -5.9541522216796875e+02, x_e: -5.9541522216796875e+02, y_r: -1.0793233642578125e+03, y_e: -1.0793232421875000e+03, z_r: 9.7398864746093750e+02, z_e: 9.7398852539062500e+02

#ERR p: [262775], ea: 2, v_r: 1.3480101318359375e+03, v_e: 1.3480100097656250e+03, x_r: 6.2087823486328125e+02, x_e: 6.2087811279296875e+02, y_r: -1.8520779418945312e+02, y_e: -1.8520779418945312e+02, z_r: -9.6643182373046875e+02, z_e: -9.6643182373046875e+02

#ERR p: [262776], ea: 3, v_r: 1.6291730957031250e+03, v_e: 1.6291728515625000e+03, x_r: -4.9906515502929688e+02, x_e: -4.9906515502929688e+02, y_r: -5.3613677978515625e+02, y_e: -5.3613671875000000e+02, z_r: 1.3302628173828125e+03, z_e: 1.3302626953125000e+03

#ERR p: [262777], ea: 3, v_r: 1.1107663574218750e+03, v_e: 1.1107662353515625e+03, x_r: 2.9893582153320312e+02, x_e: 2.9893576049804688e+02, y_r: 6.0423900604248047e+01, y_e: 6.0423877716064453e+01, z_r: -3.7045349121093750e+02, z_e: -3.7045349121093750e+02

#ERR p: [262778], ea: 3, v_r: 1.3095372314453125e+03, v_e: 1.3095369873046875e+03, x_r: 8.5546112060546875e+02, x_e: 8.5546099853515625e+02, y_r: 5.7391186523437500e+02, y_e: 5.7391174316406250e+02, z_r: -4.3607992553710938e+02, z_e: -4.3607992553710938e+02

#ERR p: [262779], ea: 4, v_r: 1.6794940185546875e+03, v_e: 1.6794937744140625e+03, x_r: -1.1572949218750000e+03, x_e: -1.1572946777343750e+03, y_r: 1.3784938964843750e+03, y_e: 1.3784936523437500e+03, z_r: 4.0554360961914062e+02, z_e: 4.0554348754882812e+02

#ERR p: [262780], ea: 3, v_r: 1.1546916503906250e+03, v_e: 1.1546915283203125e+03, x_r: 9.7432641601562500e+02, x_e: 9.7432629394531250e+02, y_r: -8.2252667236328125e+02, y_e: -8.2252667236328125e+02, z_r: -1.0493579101562500e+03, z_e: -1.0493577880859375e+03

#ERR p: [262781], ea: 4, v_r: 1.3287907714843750e+03, v_e: 1.3287906494140625e+03, x_r: 1.1220705566406250e+03, x_e: 1.1220704345703125e+03, y_r: -6.9111968994140625e+02, y_e: -6.9111962890625000e+02, z_r: -1.8840306091308594e+02, z_e: -1.8840309143066406e+02

#ERR p: [262782], ea: 3, v_r: 1.2748010253906250e+03, v_e: 1.2748007812500000e+03, x_r: 9.7998031616210938e+01, x_e: 9.7997970581054688e+01, y_r: 6.8693931579589844e+01, y_e: 6.8693901062011719e+01, z_r: -1.1585085449218750e+03, z_e: -1.1585085449218750e+03

#ERR p: [262783], ea: 4, v_r: 1.6229843750000000e+03, v_e: 1.6229841308593750e+03, x_r: 1.3704990234375000e+03, x_e: 1.3704987792968750e+03, y_r: -8.4413507080078125e+02, y_e: -8.4413500976562500e+02, z_r: -2.3011590576171875e+02, z_e: -2.3011593627929688e+02

#ERR p: [262784], ea: 4, v_r: 1.5766801757812500e+03, v_e: 1.5766800537109375e+03, x_r: 1.2197776794433594e+02, x_e: 1.2197769165039062e+02, y_r: 8.5646171569824219e+01, y_e: 8.5646141052246094e+01, z_r: -2.2374484252929688e+02, z_e: -2.2374487304687500e+02

#ERR p: [262785], ea: 4, v_r: 1.4679212646484375e+03, v_e: 1.4679210205078125e+03, x_r: -1.2935205078125000e+03, x_e: -1.2935203857421875e+03, y_r: 1.2042886962890625e+03, y_e: 1.2042884521484375e+03, z_r: -2.0865890502929688e+02, z_e: -2.0865896606445312e+02

#ERR p: [262786], ea: 4, v_r: 1.8585930175781250e+03, v_e: 1.8585928955078125e+03, x_r: 5.0137121582031250e+02, x_e: 5.0137109375000000e+02, y_r: 8.1430725097656250e+02, y_e: 8.1430712890625000e+02, z_r: 9.3244346618652344e+01, z_e: 9.3244255065917969e+01

#ERR p: [262787], ea: 4, v_r: 1.1445625000000000e+03, v_e: 1.1445623779296875e+03, x_r: 9.6642584228515625e+02, x_e: 9.6642572021484375e+02, y_r: -8.1457446289062500e+02, y_e: -8.1457434082031250e+02, z_r: 5.7024127960205078e+01, z_e: 5.7024066925048828e+01

#ERR p: [262788], ea: 4, v_r: 1.2382696533203125e+03, v_e: 1.2382694091796875e+03, x_r: -1.4116186523437500e+02, x_e: -1.4116189575195312e+02, y_r: 5.4203576660156250e+02, y_e: 5.4203564453125000e+02, z_r: 6.1802696228027344e+01, z_e: 6.1802635192871094e+01

#ERR p: [262789], ea: 3, v_r: 9.9192559814453125e+02, v_e: 9.9192547607421875e+02, x_r: -8.7610815429687500e+02, x_e: -8.7610803222656250e+02, y_r: -7.0814202880859375e+02, y_e: -7.0814190673828125e+02, z_r: -9.0233605957031250e+02, z_e: -9.0233605957031250e+02

#ERR p: [262790], ea: 4, v_r: 1.3055745849609375e+03, v_e: 1.3055744628906250e+03, x_r: 6.0145751953125000e+02, x_e: 6.0145739746093750e+02, y_r: -1.1793593750000000e+03, y_e: -1.1793592529296875e+03, z_r: 1.0661131591796875e+03, z_e: 1.0661130371093750e+03

#ERR p: [262791], ea: 3, v_r: 1.1039688720703125e+03, v_e: 1.1039687500000000e+03, x_r: -1.2655384063720703e+02, x_e: -1.2655387115478516e+02, y_r: 5.9641395568847656e+01, y_e: 5.9641365051269531e+01, z_r: -3.6845394897460938e+02, z_e: -3.6845394897460938e+02

#ERR p: [262792], ea: 4, v_r: 1.1145168457031250e+03, v_e: 1.1145167236328125e+03, x_r: -5.5475061035156250e+02, x_e: -5.5475054931640625e+02, y_r: 4.8740490722656250e+02, y_e: 4.8740484619140625e+02, z_r: 5.5355617523193359e+01, z_e: 5.5355556488037109e+01

#ERR p: [262793], ea: 4, v_r: 1.9023729248046875e+03, v_e: 1.9023728027343750e+03, x_r: 1.2445422363281250e+03, x_e: 1.2445419921875000e+03, y_r: 1.5643623046875000e+03, y_e: 1.5643620605468750e+03, z_r: 8.2597265625000000e+02, z_e: 8.2597253417968750e+02

#ERR p: [262794], ea: 4, v_r: 1.4064826660156250e+03, v_e: 1.4064824218750000e+03, x_r: 9.1832250976562500e+02, x_e: 9.1832238769531250e+02, y_r: -4.6179724121093750e+02, y_e: -4.6179721069335938e+02, z_r: 3.3994714355468750e+02, z_e: 3.3994705200195312e+02

#ERR p: [262795], ea: 4, v_r: 1.2666182861328125e+03, v_e: 1.2666181640625000e+03, x_r: -1.4504769897460938e+02, x_e: -1.4504772949218750e+02, y_r: -4.1665274047851562e+02, y_e: -4.1665270996093750e+02, z_r: 7.9140380859375000e+02, z_e: 7.9140368652343750e+02

#ERR p: [262796], ea: 3, v_r: 1.0813978271484375e+03, v_e: 1.0813977050781250e+03, x_r: -3.3122003173828125e+02, x_e: -3.3122003173828125e+02, y_r: 5.8415882110595703e+01, y_e: 5.8415859222412109e+01, z_r: 5.3637882232666016e+01, z_e: 5.3637828826904297e+01

#ERR p: [262797], ea: 3, v_r: 1.3972596435546875e+03, v_e: 1.3972593994140625e+03, x_r: 3.7635339355468750e+02, x_e: 3.7635330200195312e+02, y_r: 6.1170715332031250e+02, y_e: 6.1170703125000000e+02, z_r: -7.3356005859375000e+02, z_e: -7.3356005859375000e+02

#ERR p: [262798], ea: 4, v_r: 1.2827241210937500e+03, v_e: 1.2827238769531250e+03, x_r: 5.9057073974609375e+02, x_e: 5.9057061767578125e+02, y_r: -9.1353198242187500e+02, y_e: -9.1353192138671875e+02, z_r: -1.8231027221679688e+02, z_e: -1.8231030273437500e+02

#ERR p: [262799], ea: 3, v_r: 1.7676884765625000e+03, v_e: 1.7676882324218750e+03, x_r: 1.1547510986328125e+03, x_e: 1.1547508544921875e+03, y_r: 7.7469958496093750e+02, y_e: 7.7469946289062500e+02, z_r: -5.8864666748046875e+02, z_e: -5.8864666748046875e+02

#SDC Ite:573 KerTime:1.194632 AccTime:685.737902 KerErr:100 AccErr:273
#IT Ite:580 KerTime:1.194656 AccTime:694.102282
