#HEADER size:134217728 omp_num_threads:228
#BEGIN Y:2017 M:03 D:24 Time:11:03:47
#IT Ite:0 KerTime:107.387432 AccTime:107.387432
#ERR  p: [120678226], r: 3864684387, e: 3861659717
#ERR  p: [83591764], r: 2675563290, e: 2674850039
#ERR  p: [80059720], r: 2562284999, e: 2561795123
#ERR  p: [78882372], r: 2524576119, e: 2524161672
#ERR  p: [116557508], r: 3732550142, e: 3729778668
#ERR  p: [79471046], r: 2543441007, e: 2542990640
#ERR  p: [121266900], r: 3883536027, e: 3880481134
#ERR  p: [77705024], r: 2486824300, e: 2486478047
#ERR  p: [118912204], r: 3808005305, e: 3805101705
#ERR  p: [80648394], r: 2581165156, e: 2580653666
#ERR  p: [74172980], r: 2373631678, e: 2373505656
#ERR  p: [78293698], r: 2505719688, e: 2505338212
#ERR  p: [74761654], r: 2392517703, e: 2392355394
#ERR  p: [117734856], r: 3770265830, e: 3767422867
#ERR  p: [81825742], r: 2618904614, e: 2618304362
#ERR  p: [113025464], r: 3619291282, e: 3616748463
#ERR  p: [72406958], r: 2317000282, e: 2316982157
#ERR  p: [100074636], r: 3204066976, e: 3202324503
#ERR  p: [122444248], r: 3921250230, e: 3918131135
#ERR  p: [131863032], r: 4223374074, e: 4219643312
#ERR  p: [115968834], r: 3713673759, e: 3710942252
#ERR  p: [87712482], r: 2807757788, e: 2806787853
#ERR  p: [129508336], r: 4147841104, e: 4144247911
#ERR  p: [73584306], r: 2354777805, e: 2354684601
#ERR  p: [120089552], r: 3845770214, e: 3842778993
#ERR  p: [81237068], r: 2600026462, e: 2599458344
#ERR  p: [121855574], r: 3902378464, e: 3899284080
#ERR  p: [103018006], r: 3298444089, e: 3296502766
#ERR  p: [106550050], r: 3411641553, e: 3409493253
#ERR  p: [123621596], r: 3958969866, e: 3955778438
#ERR  p: [115380160], r: 3694839601, e: 3692127549
#ERR  p: [82414416], r: 2637761827, e: 2637122713
#ERR  p: [118323530], r: 3789137418, e: 3786261827
#ERR  p: [133629054], r: 4279977948, e: 4276135375
#ERR  p: [102429332], r: 3279571217, e: 3277681699
#ERR  p: [101840658], r: 3260719239, e: 3258862452
#ERR  p: [119500878], r: 3826875337, e: 3823936313
#ERR  p: [124210270], r: 3977853618, e: 3974613600
#ERR  p: [114202812], r: 3657047280, e: 3654431887
#ERR  p: [117146182], r: 3751412149, e: 3748612175
#ERR  p: [120678227], r: 3864684421, e: 3861659799
#ERR  p: [127742314], r: 4091210019, e: 4087732942
#ERR  p: [130097010], r: 4166710561, e: 4163095778
#ERR  p: [125976292], r: 4034502634, e: 4031130221
#ERR  p: [125387618], r: 4015601048, e: 4012289078
#ERR  p: [130685684], r: 4185592888, e: 4181935837
#ERR  p: [83591765], r: 2675563334, e: 2674850105
#ERR  p: [110670768], r: 3543852514, e: 3541450226
#ERR  p: [99485962], r: 3185181853, e: 3183472049
#ERR  p: [128919662], r: 4128938295, e: 4125393863
#ERR  p: [95953918], r: 3072029416, e: 3070557881
#ERR  p: [105372702], r: 3373908051, e: 3371825881
#ERR  p: [123032922], r: 3940120284, e: 3936959739
#ERR  p: [77116350], r: 2467963174, e: 2467651243
#ERR  p: [107138724], r: 3430552443, e: 3428367884
#ERR  p: [101251984], r: 3241820711, e: 3240002533
#ERR  p: [87123808], r: 2788906785, e: 2787978700
#ERR  p: [105961376], r: 3392794420, e: 3390687575
#ERR  p: [85946460], r: 2751128472, e: 2750271485
#ERR  p: [108904746], r: 3487239270, e: 3484956427
#ERR  p: [88301156], r: 2826590302, e: 2825590407
#ERR  p: [89478504], r: 2864342161, e: 2863261038
#ERR  p: [98308614], r: 3147466868, e: 3145824782
#ERR  p: [76527676], r: 2449106699, e: 2448837653
#ERR  p: [111848116], r: 3581577176, e: 3579110505
#ERR  p: [98897288], r: 3166321642, e: 3164661002
#ERR  p: [94187896], r: 3015423218, e: 3014050483
#ERR  p: [91244526], r: 2921012727, e: 2919819222
#ERR  p: [72995632], r: 2335909049, e: 2335852866
#ERR  p: [91833200], r: 2939851091, e: 2938621232
#ERR  p: [85357786], r: 2732235971, e: 2731411525
#ERR  p: [109493420], r: 3506118955, e: 3503774694
#ERR  p: [112436790], r: 3600383884, e: 3597888978
#ERR  p: [93599222], r: 2996566861, e: 2995228996
#ERR  p: [93010548], r: 2977659534, e: 2976361903
#ERR  p: [126564966], r: 4053390890, e: 4050001526
#ERR  p: [103606680], r: 3317296160, e: 3315339224
#ERR  p: [133040380], r: 4261090088, e: 4257295143
#ERR  p: [97719940], r: 3128608728, e: 3127020733
#ERR  p: [132451706], r: 4242251112, e: 4238495416
#ERR  p: [96542592], r: 3090887131, e: 3089379545
#ERR  p: [128330988], r: 4110084889, e: 4106578560
#ERR  p: [127153640], r: 4072310291, e: 4068862631
#ERR  p: [107727398], r: 3449473308, e: 3447240020
#ERR  p: [75350328], r: 2411389384, e: 2411190027
#ERR  p: [110082094], r: 3525000543, e: 3522643009
#ERR  p: [84769112], r: 2713344498, e: 2712559521
#ERR  p: [111259442], r: 3562750307, e: 3560299930
#ERR  p: [83003090], r: 2656702223, e: 2656019684
#ERR  p: [114791486], r: 3675916171, e: 3673266439
#ERR  p: [104195354], r: 3336152313, e: 3334158524
#ERR  p: [124798944], r: 3996720338, e: 3993434896
#ERR  p: [84180438], r: 2694448430, e: 2693700820
#ERR  p: [131274358], r: 4204471313, e: 4200764704
#ERR  p: [100663310], r: 3222946765, e: 3221166417
#ERR  p: [90067178], r: 2883266331, e: 2882137464
#ERR  p: [90655852], r: 2902157571, e: 2900995016
#ERR  p: [97131266], r: 3109745386, e: 3108199835
#ERR  p: [104784028], r: 3355034799, e: 3353009026
#ERR  p: [72114802], r: 2307620253, e: 2307620247
#ERR  p: [94776570], r: 3034286453, e: 3032873591
#ERR  p: [88889830], r: 2845498834, e: 2844450388
#ERR  p: [86535134], r: 2770013640, e: 2769115509
#ERR  p: [75939002], r: 2430265535, e: 2430026531
#ERR  p: [113614138], r: 3638194346, e: 3635613348
#ERR  p: [78882373], r: 2524576143, e: 2524161700
#ERR  p: [80059721], r: 2562285019, e: 2561795142
#ERR  p: [92421874], r: 2958752764, e: 2957485872
#ERR  p: [95365244], r: 3053151661, e: 3051712458
#ERR  p: [108316072], r: 3468354483, e: 3466101545
#ERR  p: [116557509], r: 3732550171, e: 3729778755
#ERR  p: [87712483], r: 2807757798, e: 2806787867
#ERR  p: [79471047], r: 2543441049, e: 2542990653
#ERR  p: [121266901], r: 3883536044, e: 3880481138
#ERR  p: [77705025], r: 2486824302, e: 2486478152
#ERR  p: [118912205], r: 3808005322, e: 3805101777
#ERR  p: [80648395], r: 2581165174, e: 2580653668
#ERR  p: [74172981], r: 2373631688, e: 2373505702
#ERR  p: [78293699], r: 2505719697, e: 2505338267
#ERR  p: [81825743], r: 2618904639, e: 2618304367
#ERR  p: [74761655], r: 2392517724, e: 2392355412
#ERR  p: [117734857], r: 3770265841, e: 3767422876
#ERR  p: [113025465], r: 3619291288, e: 3616748469
#ERR  p: [72406959], r: 2317000321, e: 2316982180
#ERR  p: [100074637], r: 3204066987, e: 3202324571
#ERR  p: [122444249], r: 3921250240, e: 3918131145
#ERR  p: [131863033], r: 4223374086, e: 4219643327
#ERR  p: [115968835], r: 3713673804, e: 3710942273
#ERR  p: [129508337], r: 4147841136, e: 4144247976
#ERR  p: [73584307], r: 2354777874, e: 2354684622
#ERR  p: [120089553], r: 3845770283, e: 3842779042
#ERR  p: [81237069], r: 2600026466, e: 2599458372
#ERR  p: [106550051], r: 3411641588, e: 3409493342
#ERR  p: [103018007], r: 3298444119, e: 3296502865
#ERR  p: [123621597], r: 3958969903, e: 3955778455
#ERR  p: [121855575], r: 3902378477, e: 3899284110
#ERR  p: [115380161], r: 3694839629, e: 3692127560
#ERR  p: [133629055], r: 4279977987, e: 4276135408
#ERR  p: [82414417], r: 2637761856, e: 2637122734
#ERR  p: [118323531], r: 3789137481, e: 3786261832
#ERR  p: [102429333], r: 3279571220, e: 3277681715
#ERR  p: [120678228], r: 3864684423, e: 3861659817
#ERR  p: [117146183], r: 3751412157, e: 3748612209
#ERR  p: [127742315], r: 4091210073, e: 4087732975
#ERR  p: [101840659], r: 3260719246, e: 3258862467
#ERR  p: [130685685], r: 4185592890, e: 4181935849
#ERR  p: [114202813], r: 3657047295, e: 3654431910
#ERR  p: [124210271], r: 3977853642, e: 3974613606
#ERR  p: [119500879], r: 3826875356, e: 3823936319
#ERR  p: [125387619], r: 4015601059, e: 4012289128
#ERR  p: [130097011], r: 4166710576, e: 4163095818
#ERR  p: [125976293], r: 4034502640, e: 4031130223
#ERR  p: [99485963], r: 3185181901, e: 3183472054
#ERR  p: [83591766], r: 2675563402, e: 2674850156
#ERR  p: [110670769], r: 3543852577, e: 3541450234
#ERR  p: [128919663], r: 4128938314, e: 4125393934
#ERR  p: [105372703], r: 3373908084, e: 3371825888
#ERR  p: [95953919], r: 3072029427, e: 3070557939
#ERR  p: [107138725], r: 3430552473, e: 3428367891
#ERR  p: [101251985], r: 3241820723, e: 3240002565
#ERR  p: [77116351], r: 2467963275, e: 2467651262
#ERR  p: [87123809], r: 2788906788, e: 2787978758
#ERR  p: [123032923], r: 3940120297, e: 3936959748
#ERR  p: [105961377], r: 3392794424, e: 3390687611
#ERR  p: [85946461], r: 2751128572, e: 2750271577
#ERR  p: [108904747], r: 3487239277, e: 3484956464
#ERR  p: [76527677], r: 2449106700, e: 2448837655
#ERR  p: [98308615], r: 3147466886, e: 3145824815
#ERR  p: [89478505], r: 2864342191, e: 2863261104
#ERR  p: [88301157], r: 2826590337, e: 2825590415
#ERR  p: [111848117], r: 3581577346, e: 3579110533
#ERR  p: [98897289], r: 3166321660, e: 3164661126
#ERR  p: [94187897], r: 3015423285, e: 3014050491
#ERR  p: [91244527], r: 2921012737, e: 2919819293
#ERR  p: [72995633], r: 2335909111, e: 2335852872
#ERR  p: [109493421], r: 3506119009, e: 3503774726
#ERR  p: [85357787], r: 2732235991, e: 2731411607
#ERR  p: [91833201], r: 2939851104, e: 2938621284
#ERR  p: [93599223], r: 2996566864, e: 2995229002
#ERR  p: [112436791], r: 3600383892, e: 3597888990
#ERR  p: [126564967], r: 4053390949, e: 4050001530
#ERR  p: [93010549], r: 2977659579, e: 2976361943
#ERR  p: [103606681], r: 3317296162, e: 3315339316
#ERR  p: [133040381], r: 4261090149, e: 4257295153
#ERR  p: [96542593], r: 3090887164, e: 3089379555
#ERR  p: [132451707], r: 4242251197, e: 4238495419
#ERR  p: [97719941], r: 3128608833, e: 3127020735
#ERR  p: [128330989], r: 4110084996, e: 4106578611
#ERR  p: [107727399], r: 3449473321, e: 3447240031
#ERR  p: [127153641], r: 4072310296, e: 4068862649
#ERR  p: [110082095], r: 3525000545, e: 3522643044
#ERR  p: [84769113], r: 2713344501, e: 2712559588
#ERR  p: [75350329], r: 2411389404, e: 2411190077
#ERR  p: [83003091], r: 2656702243, e: 2656019734
#ERR  p: [111259443], r: 3562750352, e: 3560299971
#ERR  p: [114791487], r: 3675916181, e: 3673266526
#ERR  p: [86535135], r: 2770013643, e: 2769115556
#ERR  p: [75939003], r: 2430265555, e: 2430026534
#ERR  p: [104195355], r: 3336152346, e: 3334158604
#ERR  p: [104784029], r: 3355034817, e: 3353009053
#ERR  p: [131274359], r: 4204471376, e: 4200764788
#ERR  p: [100663311], r: 3222946766, e: 3221166504
#ERR  p: [124798945], r: 3996720355, e: 3993434910
#ERR  p: [90067179], r: 2883266347, e: 2882137478
#ERR  p: [84180439], r: 2694448486, e: 2693700823
#ERR  p: [90655853], r: 2902157631, e: 2900995041
#ERR  p: [88889831], r: 2845498842, e: 2844450465
#ERR  p: [78882374], r: 2524576143, e: 2524161704
#ERR  p: [97131267], r: 3109745465, e: 3108199852
#ERR  p: [113614139], r: 3638194371, e: 3635613366
#ERR  p: [94776571], r: 3034286485, e: 3032873596
#ERR  p: [72114803], r: 2307620309, e: 2307620253
#ERR  p: [79471048], r: 2543441112, e: 2542990692
#ERR  p: [121266902], r: 3883536070, e: 3880481167
#ERR  p: [92421875], r: 2958752825, e: 2957485885
#ERR  p: [80059722], r: 2562285068, e: 2561795144
#ERR  p: [87712484], r: 2807757835, e: 2806787888
#ERR  p: [116557510], r: 3732550236, e: 3729778801
#ERR  p: [87712485], r: 2807757840, e: 2806787912
#ERR  p: [87712486], r: 2807757976, e: 2806787929
#ERR  p: [87712487], r: 2807757989, e: 2806787947
#ERR  p: [87712488], r: 2807758013, e: 2806787960
#ERR  p: [87712489], r: 2807758017, e: 2806788019
#ERR  p: [87712490], r: 2807758077, e: 2806788032
#ERR  p: [87712491], r: 2807758084, e: 2806788082
#ERR  p: [87712492], r: 2807758104, e: 2806788122
#ERR  p: [87712493], r: 2807758138, e: 2806788143
#ERR  p: [87712494], r: 2807758180, e: 2806788233
#ERR  p: [87712495], r: 2807758191, e: 2806788288
#ERR  p: [95365245], r: 3053151675, e: 3051712477
#ERR  p: [108316073], r: 3468354537, e: 3466101561
#ERR  p: [77705026], r: 2486824402, e: 2486478159
#ERR  p: [118912206], r: 3808005391, e: 3805101781
#ERR  p: [80648396], r: 2581165183, e: 2580653733
#ERR  p: [74172982], r: 2373631693, e: 2373505710
#ERR  p: [119500880], r: 3826875357, e: 3823936321
#ERR  p: [78293700], r: 2505719771, e: 2505338328
#ERR  p: [81825744], r: 2618904649, e: 2618304483
#ERR  p: [74761656], r: 2392517754, e: 2392355627
#ERR  p: [117734858], r: 3770265848, e: 3767422935
#ERR  p: [113025466], r: 3619291305, e: 3616748524
#ERR  p: [72406960], r: 2317000382, e: 2316982198
#ERR  p: [100074638], r: 3204067059, e: 3202324609
#ERR  p: [122444250], r: 3921250240, e: 3918131172
#ERR  p: [131863034], r: 4223374168, e: 4219643330
#ERR  p: [115968836], r: 3713673816, e: 3710942290
#ERR  p: [73584308], r: 2354777876, e: 2354684714
#ERR  p: [129508338], r: 4147841155, e: 4144248064
#ERR  p: [81237070], r: 2600026553, e: 2599458412
#ERR  p: [120089554], r: 3845770310, e: 3842779064
#ERR  p: [106550052], r: 3411641620, e: 3409493358
#ERR  p: [106550053], r: 3411641638, e: 3409493373
#ERR  p: [106550054], r: 3411641645, e: 3409493420
#ERR  p: [103018008], r: 3298444140, e: 3296502883
#ERR  p: [123621598], r: 3958969926, e: 3955778458
#ERR  p: [121855576], r: 3902378491, e: 3899284134
#ERR  p: [87712496], r: 2807758256, e: 2806788419
#ERR  p: [115380162], r: 3694839696, e: 3692127579
#ERR  p: [133629056], r: 4279977998, e: 4276135600
#ERR  p: [102429334], r: 3279571263, e: 3277681720
#ERR  p: [101840660], r: 3260719287, e: 3258862470
#ERR  p: [120678229], r: 3864684530, e: 3861659865
#ERR  p: [118323532], r: 3789137548, e: 3786261838
#ERR  p: [82414418], r: 2637761866, e: 2637122781
#ERR  p: [117146184], r: 3751412273, e: 3748612231
#ERR  p: [133040382], r: 4261090231, e: 4257295188
#ERR  p: [132451708], r: 4242251243, e: 4238495588
#ERR  p: [124210272], r: 3977853659, e: 3974613624
#ERR  p: [127742316], r: 4091210095, e: 4087732985
#ERR  p: [114202814], r: 3657047321, e: 3654431938
#ERR  p: [130685686], r: 4185592901, e: 4181935901
#ERR  p: [125387620], r: 4015601137, e: 4012289171
#ERR  p: [130097012], r: 4166710593, e: 4163095834
#ERR  p: [99485964], r: 3185181909, e: 3183472154
#ERR  p: [125976294], r: 4034502642, e: 4031130241
#ERR  p: [83591767], r: 2675563530, e: 2674850189
#ERR  p: [110670770], r: 3543852577, e: 3541450296
#ERR  p: [128919664], r: 4128938354, e: 4125393950
#ERR  p: [105372704], r: 3373908087, e: 3371825905
#ERR  p: [105961378], r: 3392794444, e: 3390687631
#ERR  p: [95953920], r: 3072029432, e: 3070557960
#ERR  p: [107138726], r: 3430552475, e: 3428367923
#ERR  p: [87123810], r: 2788906800, e: 2787978861
#ERR  p: [123032924], r: 3940120324, e: 3936959753
#ERR  p: [101251986], r: 3241820784, e: 3240002593
#ERR  p: [77116352], r: 2467963283, e: 2467651267
#ERR  p: [85946462], r: 2751128581, e: 2750271582
#ERR  p: [108904748], r: 3487239294, e: 3484956515
#ERR  p: [98308616], r: 3147466909, e: 3145824839
#ERR  p: [76527678], r: 2449106709, e: 2448837664
#ERR  p: [89478506], r: 2864342215, e: 2863261162
#ERR  p: [88301158], r: 2826590352, e: 2825590462
#ERR  p: [91244528], r: 2921012847, e: 2919819314
#ERR  p: [94187898], r: 3015423294, e: 3014050495
#ERR  p: [98897290], r: 3166321668, e: 3164661156
#ERR  p: [111848118], r: 3581577375, e: 3579110537
#ERR  p: [109493422], r: 3506119066, e: 3503774773
#ERR  p: [72995634], r: 2335909112, e: 2335852946
#ERR  p: [85357788], r: 2732236048, e: 2731411610
#ERR  p: [91833202], r: 2939851132, e: 2938621301
#ERR  p: [112436792], r: 3600383897, e: 3597889023
#ERR  p: [93599224], r: 2996566892, e: 2995229013
#ERR  p: [126564968], r: 4053390981, e: 4050001575
#ERR  p: [93010550], r: 2977659579, e: 2976361970
#ERR  p: [106550055], r: 3411641704, e: 3409493440
#ERR  p: [127153642], r: 4072310334, e: 4068862688
#ERR  p: [103606682], r: 3317296168, e: 3315339354
#ERR  p: [110082096], r: 3525000554, e: 3522643056
#ERR  p: [84769114], r: 2713344552, e: 2712559612
#ERR  p: [75350330], r: 2411389412, e: 2411190078
#ERR  p: [83003092], r: 2656702261, e: 2656019739
#ERR  p: [104195356], r: 3336152357, e: 3334158609
#ERR  p: [96542594], r: 3090887187, e: 3089379561
#ERR  p: [97719942], r: 3128608882, e: 3127020736
#ERR  p: [77705027], r: 2486824422, e: 2486478167
#ERR  p: [80648397], r: 2581165185, e: 2580653781
#ERR  p: [118912207], r: 3808005406, e: 3805101786
#ERR  p: [104784030], r: 3355034848, e: 3353009082
#ERR  p: [86535136], r: 2770013672, e: 2769115569
#ERR  p: [124798946], r: 3996720388, e: 3993434942
#ERR  p: [114791488], r: 3675916205, e: 3673266527
#ERR  p: [84180440], r: 2694448530, e: 2693700885
#ERR  p: [100663312], r: 3222946830, e: 3221166545
#ERR  p: [88889832], r: 2845498869, e: 2844450474
#ERR  p: [121266903], r: 3883536097, e: 3880481250
#ERR  p: [131274360], r: 4204471400, e: 4200764845
#ERR  p: [111259444], r: 3562750352, e: 3560299994
#ERR  p: [128330990], r: 4110085003, e: 4106578644
#ERR  p: [75939004], r: 2430265592, e: 2430026535
#ERR  p: [90655854], r: 2902157631, e: 2900995048
#ERR  p: [107727400], r: 3449473349, e: 3447240037
#ERR  p: [94776572], r: 3034286517, e: 3032873611
#ERR  p: [97131268], r: 3109745482, e: 3108199955
#ERR  p: [108316074], r: 3468354541, e: 3466101582
#ERR  p: [90067180], r: 2883266378, e: 2882137544
#ERR  p: [72114804], r: 2307620317, e: 2307620309
#ERR  p: [79471049], r: 2543441140, e: 2542990695
#ERR  p: [92421876], r: 2958752844, e: 2957485888
#ERR  p: [78882375], r: 2524576178, e: 2524161711
#ERR  p: [95365246], r: 3053151702, e: 3051712518
#ERR  p: [80059723], r: 2562285123, e: 2561795144
#ERR  p: [113614140], r: 3638194390, e: 3635613401
#ERR  p: [116557511], r: 3732550252, e: 3729778804
#ERR  p: [74172983], r: 2373631704, e: 2373505743
#ERR  p: [119500881], r: 3826875404, e: 3823936330
#ERR  p: [83591768], r: 2675563553, e: 2674850231
#ERR  p: [113025467], r: 3619291454, e: 3616748568
#ERR  p: [110670771], r: 3543852603, e: 3541450298
#ERR  p: [78293701], r: 2505719773, e: 2505338522
#ERR  p: [74761657], r: 2392517782, e: 2392355681
#ERR  p: [81825745], r: 2618904674, e: 2618304558
#ERR  p: [117734859], r: 3770265887, e: 3767422954
#ERR  p: [72406961], r: 2317000439, e: 2316982214
#ERR  p: [128919665], r: 4128938379, e: 4125393955
#ERR  p: [100074639], r: 3204067066, e: 3202324628
#ERR  p: [122444251], r: 3921250281, e: 3918131213
#ERR  p: [131863035], r: 4223374196, e: 4219643358
#ERR  p: [115968837], r: 3713673823, e: 3710942314
#ERR  p: [73584309], r: 2354777908, e: 2354684736
#ERR  p: [129508339], r: 4147841273, e: 4144248076
#ERR  p: [81237071], r: 2600026556, e: 2599458423
#ERR  p: [103018009], r: 3298444149, e: 3296502954
#ERR  p: [120089555], r: 3845770349, e: 3842779090
#ERR  p: [123621599], r: 3958969955, e: 3955778474
#ERR  p: [121855577], r: 3902378513, e: 3899284201
#ERR  p: [87712497], r: 2807758306, e: 2806788472
#ERR  p: [133629057], r: 4279978015, e: 4276135670
#ERR  p: [120678230], r: 3864684575, e: 3861659865
#ERR  p: [102429335], r: 3279571276, e: 3277681721
#ERR  p: [115380163], r: 3694839745, e: 3692127591
#ERR  p: [117146185], r: 3751412276, e: 3748612248
#ERR  p: [101840661], r: 3260719302, e: 3258862483
#ERR  p: [118323533], r: 3789137565, e: 3786261896
#ERR  p: [82414419], r: 2637761868, e: 2637122798
#ERR  p: [133040383], r: 4261090233, e: 4257295195
#ERR  p: [75939005], r: 2430265601, e: 2430026571
#ERR  p: [90655855], r: 2902157686, e: 2900995056
#ERR  p: [132451709], r: 4242251278, e: 4238495596
#ERR  p: [127742317], r: 4091210095, e: 4087733000
#ERR  p: [124210273], r: 3977853660, e: 3974613662
#ERR  p: [108316075], r: 3468354561, e: 3466101729
#ERR  p: [130097013], r: 4166710627, e: 4163095839
#ERR  p: [99485965], r: 3185181918, e: 3183472169
#ERR  p: [125976295], r: 4034502752, e: 4031130242
#ERR  p: [125387621], r: 4015601146, e: 4012289172
#ERR  p: [130685687], r: 4185592920, e: 4181935951
#ERR  p: [105372705], r: 3373908148, e: 3371825931
#ERR  p: [114202815], r: 3657047337, e: 3654431945
#ERR  p: [105961379], r: 3392794460, e: 3390687656
#ERR  p: [95953921], r: 3072029436, e: 3070557970
#ERR  p: [87123811], r: 2788906841, e: 2787978872
#ERR  p: [107138727], r: 3430552476, e: 3428367932
#ERR  p: [123032925], r: 3940120343, e: 3936959764
#ERR  p: [101251987], r: 3241820824, e: 3240002600
#ERR  p: [77116353], r: 2467963328, e: 2467651293
#ERR  p: [85946463], r: 2751128586, e: 2750271614
#ERR  p: [89478507], r: 2864342223, e: 2863261195
#ERR  p: [76527679], r: 2449106712, e: 2448837778
#ERR  p: [108904749], r: 3487239299, e: 3484956560
#ERR  p: [98308617], r: 3147467051, e: 3145824840
#ERR  p: [88301159], r: 2826590362, e: 2825590477
#ERR  p: [111848119], r: 3581577386, e: 3579110538
#ERR  p: [94187899], r: 3015423298, e: 3014050512
#ERR  p: [91244529], r: 2921012888, e: 2919819434
#ERR  p: [98897291], r: 3166321670, e: 3164661187
#ERR  p: [109493423], r: 3506119077, e: 3503774798
#ERR  p: [72995635], r: 2335909131, e: 2335852950
#ERR  p: [91833203], r: 2939851133, e: 2938621355
#ERR  p: [85357789], r: 2732236055, e: 2731411626
#ERR  p: [112436793], r: 3600383920, e: 3597889034
#ERR  p: [93599225], r: 2996566905, e: 2995229015
#ERR  p: [126564969], r: 4053390989, e: 4050001623
#ERR  p: [93010551], r: 2977659634, e: 2976361986
#ERR  p: [127153643], r: 4072310384, e: 4068862728
#ERR  p: [106550056], r: 3411641750, e: 3409493472
#ERR  p: [110082097], r: 3525000596, e: 3522643079
#ERR  p: [103606683], r: 3317296231, e: 3315339476
#ERR  p: [84769115], r: 2713344645, e: 2712559616
#ERR  p: [75350331], r: 2411389430, e: 2411190082
#ERR  p: [83003093], r: 2656702262, e: 2656019796
#ERR  p: [104195357], r: 3336152469, e: 3334158613
#ERR  p: [96542595], r: 3090887224, e: 3089379565
#ERR  p: [97719943], r: 3128608933, e: 3127020810
#ERR  p: [77705028], r: 2486824452, e: 2486478186
#ERR  p: [104784031], r: 3355034867, e: 3353009103
#ERR  p: [118912208], r: 3808005431, e: 3805101820
#ERR  p: [80648398], r: 2581165188, e: 2580653848
#ERR  p: [86535137], r: 2770013693, e: 2769115584
#ERR  p: [121266904], r: 3883536114, e: 3880481258
#ERR  p: [84180441], r: 2694448569, e: 2693700885
#ERR  p: [114791489], r: 3675916214, e: 3673266578
#ERR  p: [100663313], r: 3222946843, e: 3221166599
#ERR  p: [124798947], r: 3996720403, e: 3993434987
#ERR  p: [88889833], r: 2845498911, e: 2844450494
#ERR  p: [131274361], r: 4204471429, e: 4200764847
#ERR  p: [128330991], r: 4110085008, e: 4106578668
#ERR  p: [111259445], r: 3562750370, e: 3560300003
#ERR  p: [80059724], r: 2562285132, e: 2561795153
#ERR  p: [116557512], r: 3732550260, e: 3729778830
#ERR  p: [113614141], r: 3638194394, e: 3635613402
#ERR  p: [95365247], r: 3053151721, e: 3051712524
#ERR  p: [79471050], r: 2543441153, e: 2542990743
#ERR  p: [97131269], r: 3109745509, e: 3108199992
#ERR  p: [94776573], r: 3034286532, e: 3032873644
#ERR  p: [90067181], r: 2883266416, e: 2882137590
#ERR  p: [78882376], r: 2524576198, e: 2524161715
#ERR  p: [92421877], r: 2958752886, e: 2957485958
#ERR  p: [107727401], r: 3449473452, e: 3447240040
#ERR  p: [72114805], r: 2307620341, e: 2307620317
#ERR  p: [119500882], r: 3826875430, e: 3823936369
#ERR  p: [74172984], r: 2373631734, e: 2373505787
#ERR  p: [83591769], r: 2675563562, e: 2674850260
#ERR  p: [113025468], r: 3619291469, e: 3616748609
#ERR  p: [78293702], r: 2505719837, e: 2505338635
#ERR  p: [110670772], r: 3543852606, e: 3541450306
#ERR  p: [74761658], r: 2392517806, e: 2392355767
#ERR  p: [117734860], r: 3770265890, e: 3767423027
#ERR  p: [81825746], r: 2618904680, e: 2618304568
#ERR  p: [100074640], r: 3204067099, e: 3202324647
#ERR  p: [128919666], r: 4128938420, e: 4125394057
#ERR  p: [72406962], r: 2317000479, e: 2316982236
#ERR  p: [122444252], r: 3921250383, e: 3918131260
#ERR  p: [131863036], r: 4223374200, e: 4219643397
#ERR  p: [115968838], r: 3713673915, e: 3710942337
#ERR  p: [73584310], r: 2354777934, e: 2354684752
#ERR  p: [129508340], r: 4147841306, e: 4144248107
#ERR  p: [103018010], r: 3298444155, e: 3296503013
#ERR  p: [81237072], r: 2600026570, e: 2599458442
#ERR  p: [120089556], r: 3845770355, e: 3842779092
#ERR  p: [123621600], r: 3958970003, e: 3955778494
#ERR  p: [121855578], r: 3902378522, e: 3899284210
#ERR  p: [87712498], r: 2807758391, e: 2806788510
#ERR  p: [133629058], r: 4279978111, e: 4276135694
#ERR  p: [120678231], r: 3864684577, e: 3861659875
#ERR  p: [102429336], r: 3279571281, e: 3277681731
#ERR  p: [115380164], r: 3694839788, e: 3692127641
#ERR  p: [117146186], r: 3751412304, e: 3748612283
#ERR  p: [101840662], r: 3260719306, e: 3258862530
#ERR  p: [118323534], r: 3789137570, e: 3786261958
#ERR  p: [82414420], r: 2637761879, e: 2637122799
#ERR  p: [133040384], r: 4261090263, e: 4257295259
#ERR  p: [75939006], r: 2430265603, e: 2430026636
#ERR  p: [90655856], r: 2902157691, e: 2900995057
#ERR  p: [132451710], r: 4242251279, e: 4238495629
#ERR  p: [127742318], r: 4091210146, e: 4087733005
#ERR  p: [124210274], r: 3977853684, e: 3974613663
#ERR  p: [108316076], r: 3468354623, e: 3466101769
#ERR  p: [130097014], r: 4166710637, e: 4163095869
#ERR  p: [99485966], r: 3185181928, e: 3183472196
#ERR  p: [105372706], r: 3373908194, e: 3371825935
#ERR  p: [125387622], r: 4015601147, e: 4012289279
#ERR  p: [125976296], r: 4034502775, e: 4031130247
#ERR  p: [130685688], r: 4185592921, e: 4181936162
#ERR  p: [107138728], r: 3430552487, e: 3428367952
#ERR  p: [87123812], r: 2788906910, e: 2787978875
#ERR  p: [105961380], r: 3392794519, e: 3390687754
#ERR  p: [114202816], r: 3657047342, e: 3654431982
#ERR  p: [95953922], r: 3072029442, e: 3070558010
#ERR  p: [101251988], r: 3241820882, e: 3240002607
#ERR  p: [123032926], r: 3940120373, e: 3936959800
#SDC Ite:0 KerTime:107.387432 AccTime:107.387432 KerErr:62102801 AccErr:62102801
#ABORT too many errors per iteration
#END