#HEADER size:134217728 omp_num_threads:228
#BEGIN Y:2017 M:03 D:24 Time:12:46:28
#IT Ite:0 KerTime:97.217578 AccTime:97.217578
#ERR  p: [60383198], r: 1932117607, e: 1932117641
#ERR  p: [60383199], r: 1932117641, e: 1932117646
#ERR  p: [60383200], r: 1932117646, e: 1932117695
#ERR  p: [60383201], r: 1932117695, e: 1932117697
#ERR  p: [60383202], r: 1932117697, e: 1932117698
#ERR  p: [60383203], r: 1932117698, e: 1932117720
#ERR  p: [60383204], r: 1932117720, e: 1932117753
#ERR  p: [60383205], r: 1932117753, e: 1932117761
#ERR  p: [60383206], r: 1932117761, e: 1932117778
#ERR  p: [60383207], r: 1932117778, e: 1932117787
#ERR  p: [60383208], r: 1932117787, e: 1932117806
#ERR  p: [60383209], r: 1932117806, e: 1932117818
#ERR  p: [60383210], r: 1932117818, e: 1932117858
#ERR  p: [60383211], r: 1932117858, e: 1932117862
#ERR  p: [60383212], r: 1932117862, e: 1932117874
#ERR  p: [60383213], r: 1932117874, e: 1932118011
#ERR  p: [60383214], r: 1932118011, e: 1932118025
#ERR  p: [60383215], r: 1932118025, e: 1932118029
#ERR  p: [60383216], r: 1932118029, e: 1932118040
#ERR  p: [60383217], r: 1932118040, e: 1932118063
#ERR  p: [60383218], r: 1932118063, e: 1932118079
#ERR  p: [60383219], r: 1932118079, e: 1932118207
#ERR  p: [60383220], r: 1932118207, e: 1932118228
#ERR  p: [60383221], r: 1932118228, e: 1932118300
#ERR  p: [60383222], r: 1932118300, e: 1932118308
#ERR  p: [60383223], r: 1932118308, e: 1932118315
#ERR  p: [60383224], r: 1932118315, e: 1932118331
#ERR  p: [60383225], r: 1932118331, e: 1932118332
#ERR  p: [60383226], r: 1932118332, e: 1932118345
#ERR  p: [60383227], r: 1932118345, e: 1932118350
#ERR  p: [60383228], r: 1932118350, e: 1932118369
#ERR  p: [60383229], r: 1932118369, e: 1932118435
#ERR  p: [60383230], r: 1932118435, e: 1932118473
#ERR  p: [60383231], r: 1932118473, e: 1932118504
#ERR  p: [60383232], r: 1932118504, e: 1932118550
#ERR  p: [60383233], r: 1932118550, e: 1932118619
#ERR  p: [60383234], r: 1932118619, e: 1932118623
#ERR  p: [60383235], r: 1932118623, e: 1932118628
#ERR  p: [60383236], r: 1932118628, e: 1932118670
#ERR  p: [60383237], r: 1932118670, e: 1932118676
#ERR  p: [60383238], r: 1932118676, e: 1932118696
#ERR  p: [60383239], r: 1932118696, e: 1932118719
#ERR  p: [60383240], r: 1932118719, e: 1932118732
#ERR  p: [60383241], r: 1932118732, e: 1932118735
#ERR  p: [60383242], r: 1932118735, e: 1932118757
#ERR  p: [60383243], r: 1932118757, e: 1932118771
#ERR  p: [60383244], r: 1932118771, e: 1932118799
#ERR  p: [60383245], r: 1932118799, e: 1932118836
#ERR  p: [60383246], r: 1932118836, e: 1932118848
#ERR  p: [60383247], r: 1932118848, e: 1932118869
#ERR  p: [60383248], r: 1932118869, e: 1932118911
#ERR  p: [60383249], r: 1932118911, e: 1932118960
#ERR  p: [60383250], r: 1932118960, e: 1932118970
#ERR  p: [60383251], r: 1932118970, e: 1932118979
#ERR  p: [60383252], r: 1932118979, e: 1932118991
#ERR  p: [60383253], r: 1932118991, e: 1932119072
#ERR  p: [60383254], r: 1932119072, e: 1932119113
#ERR  p: [60383255], r: 1932119113, e: 1932119138
#ERR  p: [60383256], r: 1932119138, e: 1932119329
#ERR  p: [60383257], r: 1932119329, e: 1932119388
#ERR  p: [60383258], r: 1932119388, e: 1932119392
#ERR  p: [60383259], r: 1932119392, e: 1932119439
#ERR  p: [60383260], r: 1932119439, e: 1932119505
#ERR  p: [60383261], r: 1932119505, e: 1932119541
#ERR  p: [60383262], r: 1932119541, e: 1932119543
#ERR  p: [60383263], r: 1932119543, e: 1932119598
#ERR  p: [60383264], r: 1932119598, e: 1932119610
#ERR  p: [60383265], r: 1932119610, e: 1932119636
#ERR  p: [60383266], r: 1932119636, e: 1932119640
#ERR  p: [60383267], r: 1932119640, e: 1932119644
#ERR  p: [60383268], r: 1932119644, e: 1932119652
#ERR  p: [60383269], r: 1932119652, e: 1932119708
#ERR  p: [60383270], r: 1932119708, e: 1932119724
#ERR  p: [60383271], r: 1932119724, e: 1932119758
#ERR  p: [60383272], r: 1932119758, e: 1932119779
#ERR  p: [60383273], r: 1932119779, e: 1932119824
#ERR  p: [60383274], r: 1932119824, e: 1932119825
#ERR  p: [60383275], r: 1932119825, e: 1932119837
#ERR  p: [60383276], r: 1932119837, e: 1932119883
#ERR  p: [60383278], r: 1932119883, e: 1932119891
#ERR  p: [60383279], r: 1932119891, e: 1932119893
#ERR  p: [60383280], r: 1932119893, e: 1932119936
#ERR  p: [60383281], r: 1932119936, e: 1932119957
#ERR  p: [60383282], r: 1932119957, e: 1932119974
#ERR  p: [60383283], r: 1932119974, e: 1932119985
#ERR  p: [60383284], r: 1932119985, e: 1932120008
#ERR  p: [60383285], r: 1932120008, e: 1932120032
#ERR  p: [60383286], r: 1932120032, e: 1932120037
#ERR  p: [60383287], r: 1932120037, e: 1932120055
#ERR  p: [60383288], r: 1932120055, e: 1932120077
#ERR  p: [60383289], r: 1932120077, e: 1932120148
#ERR  p: [60383290], r: 1932120148, e: 1932120155
#ERR  p: [60383291], r: 1932120155, e: 1932120173
#ERR  p: [60383292], r: 1932120173, e: 1932120186
#ERR  p: [60383293], r: 1932120186, e: 1932120205
#ERR  p: [60383294], r: 1932120205, e: 1932120216
#ERR  p: [60383295], r: 1932120216, e: 1932120265
#ERR  p: [60383296], r: 1932120265, e: 1932120266
#ERR  p: [60383297], r: 1932120266, e: 1932120270
#ERR  p: [60383298], r: 1932120270, e: 1932120394
#ERR  p: [60383299], r: 1932120394, e: 1932120400
#ERR  p: [60383300], r: 1932120400, e: 1932120422
#ERR  p: [60383301], r: 1932120422, e: 1932120442
#ERR  p: [60383302], r: 1932120442, e: 1932120532
#ERR  p: [60383303], r: 1932120532, e: 1932120584
#ERR  p: [60383304], r: 1932120584, e: 1932120594
#ERR  p: [60383305], r: 1932120594, e: 1932120597
#ERR  p: [60383306], r: 1932120597, e: 1932120609
#ERR  p: [60383307], r: 1932120609, e: 1932120672
#ERR  p: [60383308], r: 1932120672, e: 1932120756
#ERR  p: [60383309], r: 1932120756, e: 1932120764
#ERR  p: [60383310], r: 1932120764, e: 1932120767
#ERR  p: [60383311], r: 1932120767, e: 1932120772
#ERR  p: [60383312], r: 1932120772, e: 1932120870
#ERR  p: [60383313], r: 1932120870, e: 1932120905
#ERR  p: [60383314], r: 1932120905, e: 1932120952
#ERR  p: [60383315], r: 1932120952, e: 1932121068
#ERR  p: [60383316], r: 1932121068, e: 1932121109
#ERR  p: [60383317], r: 1932121109, e: 1932121136
#ERR  p: [60383318], r: 1932121136, e: 1932121152
#ERR  p: [60383319], r: 1932121152, e: 1932121175
#ERR  p: [60383320], r: 1932121175, e: 1932121179
#ERR  p: [60383321], r: 1932121179, e: 1932121196
#ERR  p: [60383322], r: 1932121196, e: 1932121197
#ERR  p: [60383323], r: 1932121197, e: 1932121260
#ERR  p: [60383324], r: 1932121260, e: 1932121289
#ERR  p: [60383325], r: 1932121289, e: 1932121293
#ERR  p: [60383326], r: 1932121293, e: 1932121310
#ERR  p: [60383327], r: 1932121310, e: 1932121328
#ERR  p: [60383328], r: 1932121328, e: 1932121348
#ERR  p: [60383329], r: 1932121348, e: 1932121376
#ERR  p: [60383330], r: 1932121376, e: 1932121448
#ERR  p: [60383331], r: 1932121448, e: 1932121525
#ERR  p: [60383332], r: 1932121525, e: 1932121569
#ERR  p: [60383333], r: 1932121569, e: 1932121581
#ERR  p: [60383334], r: 1932121581, e: 1932121587
#ERR  p: [60383335], r: 1932121587, e: 1932121672
#ERR  p: [60383336], r: 1932121672, e: 1932121683
#ERR  p: [60383337], r: 1932121683, e: 1932121691
#ERR  p: [60383338], r: 1932121691, e: 1932121704
#ERR  p: [60383339], r: 1932121704, e: 1932121719
#ERR  p: [60383340], r: 1932121719, e: 1932121764
#ERR  p: [60383341], r: 1932121764, e: 1932121797
#ERR  p: [60383342], r: 1932121797, e: 1932121805
#ERR  p: [60383343], r: 1932121805, e: 1932121806
#ERR  p: [60383344], r: 1932121806, e: 1932121816
#ERR  p: [60383345], r: 1932121816, e: 1932121861
#ERR  p: [60383346], r: 1932121861, e: 1932121916
#ERR  p: [60383347], r: 1932121916, e: 1932121946
#ERR  p: [60383348], r: 1932121946, e: 1932121976
#ERR  p: [60383349], r: 1932121976, e: 1932121986
#ERR  p: [60383350], r: 1932121986, e: 1932122004
#ERR  p: [60383351], r: 1932122004, e: 1932122044
#ERR  p: [60383352], r: 1932122044, e: 1932122073
#ERR  p: [60383353], r: 1932122073, e: 1932122089
#ERR  p: [60383354], r: 1932122089, e: 1932122100
#ERR  p: [60383355], r: 1932122100, e: 1932122103
#ERR  p: [60383356], r: 1932122103, e: 1932122205
#ERR  p: [60383357], r: 1932122205, e: 1932122215
#ERR  p: [60383358], r: 1932122215, e: 1932122244
#ERR  p: [60383359], r: 1932122244, e: 1932122259
#ERR  p: [60383360], r: 1932122259, e: 1932122263
#ERR  p: [60383361], r: 1932122263, e: 1932122303
#ERR  p: [60383362], r: 1932122303, e: 1932122350
#ERR  p: [60383363], r: 1932122350, e: 1932122418
#ERR  p: [60383364], r: 1932122418, e: 1932122455
#ERR  p: [60383365], r: 1932122455, e: 1932122458
#ERR  p: [60383366], r: 1932122458, e: 1932122477
#ERR  p: [60383367], r: 1932122477, e: 1932122478
#ERR  p: [60383368], r: 1932122478, e: 1932122509
#ERR  p: [60383369], r: 1932122509, e: 1932122564
#ERR  p: [60383370], r: 1932122564, e: 1932122579
#ERR  p: [60383371], r: 1932122579, e: 1932122608
#ERR  p: [60383372], r: 1932122608, e: 1932122620
#ERR  p: [60383373], r: 1932122620, e: 1932122637
#ERR  p: [60383374], r: 1932122637, e: 1932122660
#ERR  p: [60383375], r: 1932122660, e: 1932122681
#ERR  p: [60383376], r: 1932122681, e: 1932122717
#ERR  p: [60383377], r: 1932122717, e: 1932122719
#ERR  p: [60383378], r: 1932122719, e: 1932122726
#ERR  p: [60383379], r: 1932122726, e: 1932122765
#ERR  p: [60383380], r: 1932122765, e: 1932122775
#ERR  p: [60383381], r: 1932122775, e: 1932122885
#ERR  p: [60383382], r: 1932122885, e: 1932122902
#ERR  p: [60383383], r: 1932122902, e: 1932122939
#ERR  p: [60383384], r: 1932122939, e: 1932122999
#ERR  p: [60383385], r: 1932122999, e: 1932123023
#ERR  p: [60383386], r: 1932123023, e: 1932123040
#ERR  p: [60383387], r: 1932123040, e: 1932123075
#ERR  p: [60383388], r: 1932123075, e: 1932123084
#ERR  p: [60383389], r: 1932123084, e: 1932123086
#ERR  p: [60383390], r: 1932123086, e: 1932123119
#ERR  p: [60383391], r: 1932123119, e: 1932123140
#ERR  p: [60383392], r: 1932123140, e: 1932123144
#ERR  p: [60383393], r: 1932123144, e: 1932123145
#ERR  p: [60383394], r: 1932123145, e: 1932123227
#ERR  p: [60383395], r: 1932123227, e: 1932123237
#ERR  p: [60383396], r: 1932123237, e: 1932123311
#ERR  p: [60383397], r: 1932123311, e: 1932123316
#ERR  p: [60383398], r: 1932123316, e: 1932123400
#ERR  p: [60383399], r: 1932123400, e: 1932123406
#ERR  p: [60383400], r: 1932123406, e: 1932123409
#ERR  p: [60383401], r: 1932123409, e: 1932123429
#ERR  p: [60383402], r: 1932123429, e: 1932123432
#ERR  p: [60383403], r: 1932123432, e: 1932123436
#ERR  p: [60383404], r: 1932123436, e: 1932123543
#ERR  p: [60383405], r: 1932123543, e: 1932123563
#ERR  p: [60383407], r: 1932123563, e: 1932123590
#ERR  p: [60383408], r: 1932123590, e: 1932123620
#ERR  p: [60383409], r: 1932123620, e: 1932123664
#ERR  p: [60383410], r: 1932123664, e: 1932123681
#ERR  p: [60383411], r: 1932123681, e: 1932123685
#ERR  p: [60383412], r: 1932123685, e: 1932123692
#ERR  p: [60383413], r: 1932123692, e: 1932123728
#ERR  p: [60383414], r: 1932123728, e: 1932123766
#ERR  p: [60383415], r: 1932123766, e: 1932123803
#ERR  p: [60383416], r: 1932123803, e: 1932123841
#ERR  p: [60383417], r: 1932123841, e: 1932123870
#ERR  p: [60383418], r: 1932123870, e: 1932123872
#ERR  p: [60383419], r: 1932123872, e: 1932123873
#ERR  p: [60383420], r: 1932123873, e: 1932123893
#ERR  p: [60383421], r: 1932123893, e: 1932123908
#ERR  p: [60383422], r: 1932123908, e: 1932124014
#ERR  p: [60383423], r: 1932124014, e: 1932124033
#ERR  p: [60383424], r: 1932124033, e: 1932124048
#ERR  p: [60383425], r: 1932124048, e: 1932124080
#ERR  p: [60383426], r: 1932124080, e: 1932124081
#ERR  p: [60383427], r: 1932124081, e: 1932124089
#ERR  p: [60383428], r: 1932124089, e: 1932124140
#ERR  p: [60383429], r: 1932124140, e: 1932124171
#ERR  p: [60383430], r: 1932124171, e: 1932124179
#ERR  p: [60383431], r: 1932124179, e: 1932124193
#ERR  p: [60383432], r: 1932124193, e: 1932124272
#ERR  p: [60383433], r: 1932124272, e: 1932124282
#ERR  p: [60383434], r: 1932124282, e: 1932124286
#ERR  p: [60383435], r: 1932124286, e: 1932124315
#ERR  p: [60383436], r: 1932124315, e: 1932124413
#ERR  p: [60383437], r: 1932124413, e: 1932124421
#ERR  p: [60383438], r: 1932124421, e: 1932124422
#ERR  p: [60383439], r: 1932124422, e: 1932124437
#ERR  p: [60383440], r: 1932124437, e: 1932124453
#ERR  p: [60383441], r: 1932124453, e: 1932124535
#ERR  p: [60383442], r: 1932124535, e: 1932124546
#ERR  p: [60383443], r: 1932124546, e: 1932124551
#ERR  p: [60383444], r: 1932124551, e: 1932124631
#ERR  p: [60383445], r: 1932124631, e: 1932124666
#ERR  p: [60383446], r: 1932124666, e: 1932124687
#ERR  p: [60383447], r: 1932124687, e: 1932124752
#ERR  p: [60383448], r: 1932124752, e: 1932124793
#ERR  p: [60383449], r: 1932124793, e: 1932124843
#ERR  p: [60383450], r: 1932124843, e: 1932124846
#ERR  p: [60383451], r: 1932124846, e: 1932124862
#ERR  p: [60383452], r: 1932124862, e: 1932124916
#ERR  p: [60383453], r: 1932124916, e: 1932124944
#ERR  p: [60383454], r: 1932124944, e: 1932125072
#ERR  p: [60383455], r: 1932125072, e: 1932125106
#ERR  p: [60383456], r: 1932125106, e: 1932125143
#ERR  p: [60383457], r: 1932125143, e: 1932125176
#ERR  p: [60383458], r: 1932125176, e: 1932125233
#ERR  p: [60383459], r: 1932125233, e: 1932125242
#ERR  p: [60383460], r: 1932125242, e: 1932125281
#ERR  p: [60383461], r: 1932125281, e: 1932125294
#ERR  p: [60383462], r: 1932125294, e: 1932125314
#ERR  p: [60383463], r: 1932125314, e: 1932125325
#ERR  p: [60383464], r: 1932125325, e: 1932125396
#ERR  p: [60383465], r: 1932125396, e: 1932125596
#ERR  p: [60383466], r: 1932125596, e: 1932125628
#ERR  p: [60383467], r: 1932125628, e: 1932125645
#ERR  p: [60383468], r: 1932125645, e: 1932125652
#ERR  p: [60383469], r: 1932125652, e: 1932125659
#ERR  p: [60383471], r: 1932125659, e: 1932125668
#ERR  p: [60383472], r: 1932125668, e: 1932125726
#ERR  p: [60383473], r: 1932125726, e: 1932125750
#ERR  p: [60383474], r: 1932125750, e: 1932125759
#ERR  p: [60383475], r: 1932125759, e: 1932125771
#ERR  p: [60383476], r: 1932125771, e: 1932125790
#ERR  p: [60383477], r: 1932125790, e: 1932125809
#ERR  p: [60383478], r: 1932125809, e: 1932125831
#ERR  p: [60383479], r: 1932125831, e: 1932125838
#ERR  p: [60383480], r: 1932125838, e: 1932125875
#ERR  p: [60383481], r: 1932125875, e: 1932125931
#ERR  p: [60383482], r: 1932125931, e: 1932125956
#ERR  p: [60383483], r: 1932125956, e: 1932125957
#ERR  p: [60383484], r: 1932125957, e: 1932125967
#ERR  p: [60383485], r: 1932125967, e: 1932126055
#ERR  p: [60383486], r: 1932126055, e: 1932126070
#ERR  p: [60383487], r: 1932126070, e: 1932126128
#ERR  p: [60383488], r: 1932126128, e: 1932126137
#ERR  p: [60383489], r: 1932126137, e: 1932126163
#ERR  p: [60383490], r: 1932126163, e: 1932126192
#ERR  p: [60383491], r: 1932126192, e: 1932126205
#ERR  p: [60383492], r: 1932126205, e: 1932126241
#ERR  p: [60383493], r: 1932126241, e: 1932126271
#ERR  p: [60383494], r: 1932126271, e: 1932126315
#ERR  p: [60383495], r: 1932126315, e: 1932126391
#ERR  p: [60383496], r: 1932126391, e: 1932126414
#ERR  p: [60383497], r: 1932126414, e: 1932126476
#ERR  p: [60383498], r: 1932126476, e: 1932126485
#ERR  p: [60383499], r: 1932126485, e: 1932126500
#ERR  p: [60383501], r: 1932126500, e: 1932126551
#ERR  p: [60383502], r: 1932126551, e: 1932126591
#ERR  p: [60383503], r: 1932126591, e: 1932126611
#ERR  p: [60383504], r: 1932126611, e: 1932126614
#ERR  p: [60383505], r: 1932126614, e: 1932126640
#ERR  p: [60383506], r: 1932126640, e: 1932126668
#ERR  p: [60383507], r: 1932126668, e: 1932126688
#ERR  p: [60383508], r: 1932126688, e: 1932126703
#ERR  p: [60383509], r: 1932126703, e: 1932126754
#ERR  p: [60383510], r: 1932126754, e: 1932126757
#ERR  p: [60383511], r: 1932126757, e: 1932126793
#ERR  p: [60383512], r: 1932126793, e: 1932126832
#ERR  p: [60383513], r: 1932126832, e: 1932126906
#ERR  p: [60383514], r: 1932126906, e: 1932126919
#ERR  p: [60383515], r: 1932126919, e: 1932126922
#ERR  p: [60383516], r: 1932126922, e: 1932126937
#ERR  p: [60383517], r: 1932126937, e: 1932126957
#ERR  p: [60383518], r: 1932126957, e: 1932126968
#ERR  p: [60383519], r: 1932126968, e: 1932127012
#ERR  p: [60383520], r: 1932127012, e: 1932127018
#ERR  p: [60383521], r: 1932127018, e: 1932127029
#ERR  p: [60383522], r: 1932127029, e: 1932127066
#ERR  p: [60383523], r: 1932127066, e: 1932127104
#ERR  p: [60383524], r: 1932127104, e: 1932127126
#ERR  p: [60383525], r: 1932127126, e: 1932127146
#ERR  p: [60383526], r: 1932127146, e: 1932127164
#ERR  p: [60383527], r: 1932127164, e: 1932127185
#ERR  p: [60383528], r: 1932127185, e: 1932127258
#ERR  p: [60383529], r: 1932127258, e: 1932127283
#ERR  p: [60383530], r: 1932127283, e: 1932127300
#ERR  p: [60383531], r: 1932127300, e: 1932127304
#ERR  p: [60383532], r: 1932127304, e: 1932127385
#ERR  p: [60383533], r: 1932127385, e: 1932127393
#ERR  p: [60383534], r: 1932127393, e: 1932127447
#ERR  p: [60383535], r: 1932127447, e: 1932127455
#ERR  p: [60383536], r: 1932127455, e: 1932127463
#ERR  p: [60383537], r: 1932127463, e: 1932127479
#ERR  p: [60383538], r: 1932127479, e: 1932127500
#ERR  p: [60383539], r: 1932127500, e: 1932127575
#ERR  p: [60383540], r: 1932127575, e: 1932127603
#ERR  p: [60383541], r: 1932127603, e: 1932127614
#ERR  p: [60383542], r: 1932127614, e: 1932127622
#ERR  p: [60383543], r: 1932127622, e: 1932127638
#ERR  p: [60383544], r: 1932127638, e: 1932127655
#ERR  p: [60383545], r: 1932127655, e: 1932127656
#ERR  p: [60383546], r: 1932127656, e: 1932127677
#ERR  p: [60383547], r: 1932127677, e: 1932127731
#ERR  p: [60383548], r: 1932127731, e: 1932127765
#ERR  p: [60383549], r: 1932127765, e: 1932127772
#ERR  p: [60383550], r: 1932127772, e: 1932127792
#ERR  p: [60383551], r: 1932127792, e: 1932127804
#ERR  p: [60383552], r: 1932127804, e: 1932127810
#ERR  p: [60383553], r: 1932127810, e: 1932127814
#ERR  p: [60383554], r: 1932127814, e: 1932127815
#ERR  p: [60383555], r: 1932127815, e: 1932127819
#ERR  p: [60383556], r: 1932127819, e: 1932127848
#ERR  p: [60383557], r: 1932127848, e: 1932127861
#ERR  p: [60383558], r: 1932127861, e: 1932127914
#ERR  p: [60383559], r: 1932127914, e: 1932127993
#ERR  p: [60383560], r: 1932127993, e: 1932128057
#ERR  p: [60383561], r: 1932128057, e: 1932128065
#ERR  p: [60383562], r: 1932128065, e: 1932128079
#ERR  p: [60383563], r: 1932128079, e: 1932128145
#ERR  p: [60383564], r: 1932128145, e: 1932128157
#ERR  p: [60383565], r: 1932128157, e: 1932128215
#ERR  p: [60383566], r: 1932128215, e: 1932128219
#ERR  p: [60383567], r: 1932128219, e: 1932128220
#ERR  p: [60383568], r: 1932128220, e: 1932128322
#ERR  p: [60383569], r: 1932128322, e: 1932128337
#ERR  p: [60383570], r: 1932128337, e: 1932128386
#ERR  p: [60383571], r: 1932128386, e: 1932128392
#ERR  p: [60383572], r: 1932128392, e: 1932128447
#ERR  p: [60383573], r: 1932128447, e: 1932128467
#ERR  p: [60383574], r: 1932128467, e: 1932128521
#ERR  p: [60383575], r: 1932128521, e: 1932128647
#ERR  p: [60383576], r: 1932128647, e: 1932128673
#ERR  p: [60383577], r: 1932128673, e: 1932128745
#ERR  p: [60383578], r: 1932128745, e: 1932128748
#ERR  p: [60383579], r: 1932128748, e: 1932128779
#ERR  p: [60383580], r: 1932128779, e: 1932128867
#ERR  p: [60383581], r: 1932128867, e: 1932128936
#ERR  p: [60383582], r: 1932128936, e: 1932128945
#ERR  p: [60383583], r: 1932128945, e: 1932128966
#ERR  p: [60383584], r: 1932128966, e: 1932129007
#ERR  p: [60383585], r: 1932129007, e: 1932129019
#ERR  p: [60383586], r: 1932129019, e: 1932129023
#ERR  p: [60383587], r: 1932129023, e: 1932129042
#ERR  p: [60383588], r: 1932129042, e: 1932129076
#ERR  p: [60383590], r: 1932129076, e: 1932129083
#ERR  p: [60383591], r: 1932129083, e: 1932129105
#ERR  p: [60383592], r: 1932129105, e: 1932129115
#ERR  p: [60383593], r: 1932129115, e: 1932129189
#ERR  p: [60383594], r: 1932129189, e: 1932129224
#ERR  p: [60383595], r: 1932129224, e: 1932129292
#ERR  p: [60383596], r: 1932129292, e: 1932129373
#ERR  p: [60383597], r: 1932129373, e: 1932129464
#ERR  p: [60383598], r: 1932129464, e: 1932129482
#ERR  p: [60383599], r: 1932129482, e: 1932129508
#ERR  p: [60383600], r: 1932129508, e: 1932129527
#ERR  p: [60383601], r: 1932129527, e: 1932129539
#ERR  p: [60383602], r: 1932129539, e: 1932129597
#ERR  p: [60383603], r: 1932129597, e: 1932129604
#ERR  p: [60383604], r: 1932129604, e: 1932129607
#ERR  p: [60383605], r: 1932129607, e: 1932129614
#ERR  p: [60383606], r: 1932129614, e: 1932129718
#ERR  p: [60383607], r: 1932129718, e: 1932129729
#ERR  p: [60383608], r: 1932129729, e: 1932129740
#ERR  p: [60383609], r: 1932129740, e: 1932129789
#ERR  p: [60383610], r: 1932129789, e: 1932129795
#ERR  p: [60383611], r: 1932129795, e: 1932129879
#ERR  p: [60383612], r: 1932129879, e: 1932129897
#ERR  p: [60383613], r: 1932129897, e: 1932129926
#ERR  p: [60383614], r: 1932129926, e: 1932129927
#ERR  p: [60383615], r: 1932129927, e: 1932129964
#ERR  p: [60383616], r: 1932129964, e: 1932130076
#ERR  p: [60383617], r: 1932130076, e: 1932130150
#ERR  p: [60383618], r: 1932130150, e: 1932130170
#ERR  p: [60383619], r: 1932130170, e: 1932130183
#ERR  p: [60383620], r: 1932130183, e: 1932130195
#ERR  p: [60383621], r: 1932130195, e: 1932130244
#ERR  p: [60383622], r: 1932130244, e: 1932130303
#ERR  p: [60383623], r: 1932130303, e: 1932130315
#ERR  p: [60383624], r: 1932130315, e: 1932130368
#ERR  p: [60383625], r: 1932130368, e: 1932130398
#ERR  p: [60383626], r: 1932130398, e: 1932130400
#ERR  p: [60383627], r: 1932130400, e: 1932130404
#ERR  p: [60383628], r: 1932130404, e: 1932130409
#ERR  p: [60383629], r: 1932130409, e: 1932130442
#ERR  p: [60383630], r: 1932130442, e: 1932130445
#ERR  p: [60383631], r: 1932130445, e: 1932130477
#ERR  p: [60383632], r: 1932130477, e: 1932130516
#ERR  p: [60383633], r: 1932130516, e: 1932130526
#ERR  p: [60383634], r: 1932130526, e: 1932130534
#ERR  p: [60383635], r: 1932130534, e: 1932130617
#ERR  p: [60383636], r: 1932130617, e: 1932130668
#ERR  p: [60383637], r: 1932130668, e: 1932130672
#ERR  p: [60383638], r: 1932130672, e: 1932130681
#ERR  p: [60383639], r: 1932130681, e: 1932130695
#ERR  p: [60383640], r: 1932130695, e: 1932130698
#ERR  p: [60383641], r: 1932130698, e: 1932130738
#ERR  p: [60383642], r: 1932130738, e: 1932130834
#ERR  p: [60383644], r: 1932130834, e: 1932130844
#ERR  p: [60383645], r: 1932130844, e: 1932130847
#ERR  p: [60383646], r: 1932130847, e: 1932130852
#ERR  p: [60383647], r: 1932130852, e: 1932130922
#ERR  p: [60383648], r: 1932130922, e: 1932130931
#ERR  p: [60383649], r: 1932130931, e: 1932130943
#ERR  p: [60383650], r: 1932130943, e: 1932130990
#ERR  p: [60383651], r: 1932130990, e: 1932131023
#ERR  p: [60383652], r: 1932131023, e: 1932131026
#ERR  p: [60383653], r: 1932131026, e: 1932131032
#ERR  p: [60383654], r: 1932131032, e: 1932131042
#ERR  p: [60383655], r: 1932131042, e: 1932131103
#ERR  p: [60383656], r: 1932131103, e: 1932131126
#ERR  p: [60383657], r: 1932131126, e: 1932131240
#ERR  p: [60383658], r: 1932131240, e: 1932131252
#ERR  p: [60383659], r: 1932131252, e: 1932131265
#ERR  p: [60383660], r: 1932131265, e: 1932131274
#ERR  p: [60383661], r: 1932131274, e: 1932131308
#ERR  p: [60383662], r: 1932131308, e: 1932131361
#ERR  p: [60383663], r: 1932131361, e: 1932131435
#ERR  p: [60383664], r: 1932131435, e: 1932131452
#ERR  p: [60383665], r: 1932131452, e: 1932131466
#ERR  p: [60383666], r: 1932131466, e: 1932131510
#ERR  p: [60383667], r: 1932131510, e: 1932131531
#ERR  p: [60383669], r: 1932131531, e: 1932131637
#ERR  p: [60383670], r: 1932131637, e: 1932131641
#ERR  p: [60383671], r: 1932131641, e: 1932131644
#ERR  p: [60383672], r: 1932131644, e: 1932131675
#ERR  p: [60383673], r: 1932131675, e: 1932131679
#ERR  p: [60383674], r: 1932131679, e: 1932131701
#ERR  p: [60383675], r: 1932131701, e: 1932131762
#ERR  p: [60383676], r: 1932131762, e: 1932131792
#ERR  p: [60383677], r: 1932131792, e: 1932131868
#ERR  p: [60383678], r: 1932131868, e: 1932131889
#ERR  p: [60383679], r: 1932131889, e: 1932131929
#ERR  p: [60383680], r: 1932131929, e: 1932131957
#ERR  p: [60383681], r: 1932131957, e: 1932131996
#ERR  p: [60383682], r: 1932131996, e: 1932132031
#ERR  p: [60383683], r: 1932132031, e: 1932132185
#ERR  p: [60383684], r: 1932132185, e: 1932132218
#ERR  p: [60383685], r: 1932132218, e: 1932132366
#ERR  p: [60383686], r: 1932132366, e: 1932132371
#ERR  p: [60383687], r: 1932132371, e: 1932132388
#ERR  p: [60383688], r: 1932132388, e: 1932132401
#ERR  p: [60383689], r: 1932132401, e: 1932132408
#ERR  p: [60383690], r: 1932132408, e: 1932132473
#ERR  p: [60383691], r: 1932132473, e: 1932132515
#ERR  p: [60383692], r: 1932132515, e: 1932132524
#ERR  p: [60383693], r: 1932132524, e: 1932132565
#ERR  p: [60383694], r: 1932132565, e: 1932132647
#ERR  p: [60383695], r: 1932132647, e: 1932132661
#ERR  p: [60383696], r: 1932132661, e: 1932132664
#ERR  p: [60383697], r: 1932132664, e: 1932132691
#ERR  p: [60383699], r: 1932132691, e: 1932132769
#ERR  p: [60383700], r: 1932132769, e: 1932132778
#ERR  p: [60383701], r: 1932132778, e: 1932132784
#ERR  p: [60383702], r: 1932132784, e: 1932132857
#ERR  p: [60383703], r: 1932132857, e: 1932132889
#ERR  p: [60383704], r: 1932132889, e: 1932132904
#ERR  p: [60383705], r: 1932132904, e: 1932132905
#SDC Ite:0 KerTime:97.217578 AccTime:97.217578 KerErr:129451 AccErr:129451
#ABORT too many errors per iteration
#END