#HEADER size:134217728 omp_num_threads:228
#BEGIN Y:2017 M:03 D:12 Time:01:34:04
#IT Ite:0 KerTime:113.557160 AccTime:113.557160
#ERR  p: [2884], r: 90904, e: 90859
#ERR  p: [2885], r: 90911, e: 90904
#ERR  p: [2886], r: 90946, e: 90911
#ERR  p: [2887], r: 91003, e: 90946
#ERR  p: [2888], r: 91028, e: 91003
#ERR  p: [2889], r: 91032, e: 91028
#ERR  p: [2890], r: 91056, e: 91032
#ERR  p: [2891], r: 91071, e: 91056
#ERR  p: [2892], r: 91073, e: 91071
#ERR  p: [2893], r: 91091, e: 91073
#ERR  p: [2894], r: 91126, e: 91091
#ERR  p: [2895], r: 91129, e: 91126
#ERR  p: [2896], r: 91165, e: 91129
#ERR  p: [2897], r: 91192, e: 91165
#ERR  p: [2898], r: 91206, e: 91192
#ERR  p: [2899], r: 91254, e: 91206
#ERR  p: [2900], r: 91256, e: 91254
#ERR  p: [2901], r: 91302, e: 91256
#ERR  p: [2902], r: 91308, e: 91302
#ERR  p: [2903], r: 91343, e: 91308
#ERR  p: [2904], r: 91349, e: 91343
#ERR  p: [2905], r: 91425, e: 91349
#ERR  p: [2906], r: 91498, e: 91425
#ERR  p: [2907], r: 91543, e: 91498
#ERR  p: [2908], r: 91549, e: 91543
#ERR  p: [2909], r: 91605, e: 91549
#ERR  p: [2910], r: 91607, e: 91605
#ERR  p: [2911], r: 91610, e: 91607
#ERR  p: [2912], r: 91699, e: 91610
#ERR  p: [2913], r: 91703, e: 91699
#ERR  p: [2914], r: 91718, e: 91703
#ERR  p: [2915], r: 91761, e: 91718
#ERR  p: [2916], r: 91770, e: 91761
#ERR  p: [2917], r: 91800, e: 91770
#ERR  p: [2918], r: 91850, e: 91800
#ERR  p: [2919], r: 91865, e: 91850
#ERR  p: [2920], r: 91906, e: 91865
#ERR  p: [2921], r: 91928, e: 91906
#ERR  p: [2922], r: 91945, e: 91928
#ERR  p: [2923], r: 91957, e: 91945
#ERR  p: [2924], r: 92012, e: 91957
#ERR  p: [2925], r: 92043, e: 92012
#ERR  p: [2926], r: 92132, e: 92043
#ERR  p: [2927], r: 92150, e: 92132
#ERR  p: [2928], r: 92253, e: 92150
#ERR  p: [2929], r: 92304, e: 92253
#ERR  p: [2930], r: 92319, e: 92304
#ERR  p: [2931], r: 92323, e: 92319
#ERR  p: [2932], r: 92324, e: 92323
#ERR  p: [2933], r: 92340, e: 92324
#ERR  p: [2934], r: 92358, e: 92340
#ERR  p: [2935], r: 92371, e: 92358
#ERR  p: [2936], r: 92435, e: 92371
#ERR  p: [2937], r: 92437, e: 92435
#ERR  p: [2938], r: 92465, e: 92437
#ERR  p: [2939], r: 92468, e: 92465
#ERR  p: [2940], r: 92571, e: 92468
#ERR  p: [2941], r: 92693, e: 92571
#ERR  p: [2942], r: 92721, e: 92693
#ERR  p: [2943], r: 92723, e: 92721
#ERR  p: [2944], r: 92724, e: 92723
#ERR  p: [2945], r: 92824, e: 92724
#ERR  p: [2946], r: 92835, e: 92824
#ERR  p: [2947], r: 92864, e: 92835
#ERR  p: [2948], r: 92866, e: 92864
#ERR  p: [2949], r: 92925, e: 92866
#ERR  p: [2950], r: 92949, e: 92925
#ERR  p: [2951], r: 92952, e: 92949
#ERR  p: [2952], r: 92960, e: 92952
#ERR  p: [2953], r: 92963, e: 92960
#ERR  p: [2954], r: 93055, e: 92963
#ERR  p: [2955], r: 93117, e: 93055
#ERR  p: [2956], r: 93145, e: 93117
#ERR  p: [2957], r: 93183, e: 93145
#ERR  p: [2958], r: 93186, e: 93183
#ERR  p: [2959], r: 93200, e: 93186
#ERR  p: [2960], r: 93265, e: 93200
#ERR  p: [2961], r: 93367, e: 93265
#ERR  p: [2962], r: 93372, e: 93367
#ERR  p: [2963], r: 93382, e: 93372
#ERR  p: [2964], r: 93432, e: 93382
#ERR  p: [2965], r: 93534, e: 93432
#ERR  p: [2966], r: 93570, e: 93534
#ERR  p: [2967], r: 93623, e: 93570
#ERR  p: [2968], r: 93629, e: 93623
#ERR  p: [2969], r: 93665, e: 93629
#ERR  p: [2970], r: 93689, e: 93665
#ERR  p: [2971], r: 93751, e: 93689
#ERR  p: [2972], r: 93762, e: 93751
#ERR  p: [2973], r: 93796, e: 93762
#ERR  p: [2974], r: 93815, e: 93796
#ERR  p: [2975], r: 93867, e: 93815
#ERR  p: [2976], r: 93881, e: 93867
#ERR  p: [2977], r: 93896, e: 93881
#ERR  p: [2978], r: 93958, e: 93896
#ERR  p: [2979], r: 94007, e: 93958
#ERR  p: [2980], r: 94096, e: 94007
#ERR  p: [2981], r: 94111, e: 94096
#ERR  p: [2982], r: 94148, e: 94111
#ERR  p: [2983], r: 94183, e: 94148
#ERR  p: [2984], r: 94185, e: 94183
#ERR  p: [2985], r: 94186, e: 94185
#ERR  p: [2986], r: 94244, e: 94186
#ERR  p: [2987], r: 94286, e: 94244
#ERR  p: [2988], r: 94291, e: 94286
#ERR  p: [2990], r: 94297, e: 94291
#ERR  p: [2991], r: 94323, e: 94297
#ERR  p: [2992], r: 94463, e: 94323
#ERR  p: [2993], r: 94540, e: 94463
#ERR  p: [2994], r: 94541, e: 94540
#ERR  p: [2995], r: 94548, e: 94541
#ERR  p: [2996], r: 94562, e: 94548
#ERR  p: [2997], r: 94568, e: 94562
#ERR  p: [2998], r: 94639, e: 94568
#ERR  p: [2999], r: 94640, e: 94639
#ERR  p: [3000], r: 94643, e: 94640
#ERR  p: [3001], r: 94659, e: 94643
#ERR  p: [3002], r: 94757, e: 94659
#ERR  p: [3003], r: 94854, e: 94757
#ERR  p: [3004], r: 94881, e: 94854
#ERR  p: [3005], r: 94888, e: 94881
#ERR  p: [3006], r: 94891, e: 94888
#ERR  p: [3007], r: 94912, e: 94891
#ERR  p: [3008], r: 94941, e: 94912
#ERR  p: [3009], r: 94943, e: 94941
#ERR  p: [3010], r: 95065, e: 94943
#ERR  p: [3011], r: 95075, e: 95065
#ERR  p: [3012], r: 95095, e: 95075
#ERR  p: [3013], r: 95096, e: 95095
#ERR  p: [3014], r: 95115, e: 95096
#ERR  p: [3015], r: 95140, e: 95115
#ERR  p: [3016], r: 95145, e: 95140
#ERR  p: [3017], r: 95154, e: 95145
#ERR  p: [3018], r: 95209, e: 95154
#ERR  p: [3019], r: 95228, e: 95209
#ERR  p: [3020], r: 95282, e: 95228
#ERR  p: [3021], r: 95321, e: 95282
#ERR  p: [3022], r: 95356, e: 95321
#ERR  p: [3023], r: 95408, e: 95356
#ERR  p: [3024], r: 95430, e: 95408
#ERR  p: [3025], r: 95478, e: 95430
#ERR  p: [3026], r: 95503, e: 95478
#ERR  p: [3027], r: 95547, e: 95503
#ERR  p: [3028], r: 95585, e: 95547
#ERR  p: [3029], r: 95625, e: 95585
#ERR  p: [3030], r: 95627, e: 95625
#ERR  p: [3031], r: 95661, e: 95627
#ERR  p: [3032], r: 95680, e: 95661
#ERR  p: [3033], r: 95695, e: 95680
#ERR  p: [3034], r: 95813, e: 95695
#ERR  p: [3035], r: 95815, e: 95813
#ERR  p: [3036], r: 95832, e: 95815
#ERR  p: [3037], r: 95915, e: 95832
#ERR  p: [3038], r: 95938, e: 95915
#ERR  p: [3039], r: 96017, e: 95938
#ERR  p: [3040], r: 96068, e: 96017
#ERR  p: [3041], r: 96261, e: 96068
#ERR  p: [3042], r: 96319, e: 96261
#ERR  p: [3043], r: 96342, e: 96319
#ERR  p: [3044], r: 96401, e: 96342
#ERR  p: [3045], r: 96427, e: 96401
#ERR  p: [3046], r: 96450, e: 96427
#ERR  p: [3047], r: 96461, e: 96450
#ERR  p: [3048], r: 96479, e: 96461
#ERR  p: [3049], r: 96505, e: 96479
#ERR  p: [3050], r: 96563, e: 96505
#ERR  p: [3051], r: 96606, e: 96563
#ERR  p: [3052], r: 96611, e: 96606
#ERR  p: [3053], r: 96639, e: 96611
#ERR  p: [3054], r: 96649, e: 96639
#ERR  p: [3055], r: 96675, e: 96649
#ERR  p: [3056], r: 96682, e: 96675
#ERR  p: [3057], r: 96694, e: 96682
#ERR  p: [3058], r: 96700, e: 96694
#ERR  p: [3059], r: 96708, e: 96700
#ERR  p: [3060], r: 96735, e: 96708
#ERR  p: [3061], r: 96742, e: 96735
#ERR  p: [3062], r: 96746, e: 96742
#ERR  p: [3063], r: 96760, e: 96746
#ERR  p: [3064], r: 96775, e: 96760
#ERR  p: [3066], r: 96800, e: 96775
#ERR  p: [3067], r: 96864, e: 96800
#ERR  p: [3068], r: 96923, e: 96864
#ERR  p: [3069], r: 96995, e: 96923
#ERR  p: [3070], r: 97038, e: 96995
#ERR  p: [3071], r: 97071, e: 97038
#ERR  p: [3072], r: 97138, e: 97071
#ERR  p: [3073], r: 97172, e: 97138
#ERR  p: [3074], r: 97216, e: 97172
#ERR  p: [3075], r: 97217, e: 97216
#ERR  p: [3076], r: 97256, e: 97217
#ERR  p: [3077], r: 97305, e: 97256
#ERR  p: [3078], r: 97321, e: 97305
#ERR  p: [3079], r: 97341, e: 97321
#ERR  p: [3080], r: 97415, e: 97341
#ERR  p: [3081], r: 97436, e: 97415
#ERR  p: [3083], r: 97467, e: 97436
#ERR  p: [3084], r: 97526, e: 97467
#ERR  p: [3085], r: 97654, e: 97526
#ERR  p: [3086], r: 97664, e: 97654
#ERR  p: [3087], r: 97670, e: 97664
#ERR  p: [3088], r: 97756, e: 97670
#ERR  p: [3089], r: 97779, e: 97756
#ERR  p: [3090], r: 97796, e: 97779
#ERR  p: [3091], r: 97821, e: 97796
#ERR  p: [3092], r: 97839, e: 97821
#ERR  p: [3093], r: 97874, e: 97839
#ERR  p: [3094], r: 97894, e: 97874
#ERR  p: [3095], r: 97906, e: 97894
#ERR  p: [3096], r: 97945, e: 97906
#ERR  p: [3097], r: 97965, e: 97945
#ERR  p: [3098], r: 97983, e: 97965
#ERR  p: [3099], r: 98034, e: 97983
#ERR  p: [3100], r: 98067, e: 98034
#ERR  p: [3101], r: 98127, e: 98067
#ERR  p: [3102], r: 98149, e: 98127
#ERR  p: [3103], r: 98186, e: 98149
#ERR  p: [3104], r: 98220, e: 98186
#ERR  p: [3105], r: 98247, e: 98220
#ERR  p: [3106], r: 98250, e: 98247
#ERR  p: [3107], r: 98260, e: 98250
#ERR  p: [3108], r: 98279, e: 98260
#ERR  p: [3109], r: 98292, e: 98279
#ERR  p: [3110], r: 98323, e: 98292
#ERR  p: [3111], r: 98349, e: 98323
#ERR  p: [3112], r: 98437, e: 98349
#ERR  p: [3113], r: 98438, e: 98437
#ERR  p: [3114], r: 98480, e: 98438
#ERR  p: [3115], r: 98516, e: 98480
#ERR  p: [3116], r: 98535, e: 98516
#ERR  p: [3117], r: 98585, e: 98535
#ERR  p: [3118], r: 98600, e: 98585
#ERR  p: [3119], r: 98650, e: 98600
#ERR  p: [3120], r: 98670, e: 98650
#ERR  p: [3121], r: 98680, e: 98670
#ERR  p: [3122], r: 98714, e: 98680
#ERR  p: [3123], r: 98726, e: 98714
#ERR  p: [3124], r: 98824, e: 98726
#ERR  p: [3125], r: 98849, e: 98824
#ERR  p: [3126], r: 98887, e: 98849
#ERR  p: [3127], r: 98953, e: 98887
#ERR  p: [3128], r: 98958, e: 98953
#ERR  p: [3129], r: 98975, e: 98958
#ERR  p: [3130], r: 99000, e: 98975
#ERR  p: [3131], r: 99006, e: 99000
#ERR  p: [3132], r: 99029, e: 99006
#ERR  p: [3133], r: 99101, e: 99029
#ERR  p: [3135], r: 99135, e: 99101
#ERR  p: [3136], r: 99160, e: 99135
#ERR  p: [3137], r: 99161, e: 99160
#ERR  p: [3138], r: 99168, e: 99161
#ERR  p: [3139], r: 99189, e: 99168
#ERR  p: [3140], r: 99201, e: 99189
#ERR  p: [3141], r: 99220, e: 99201
#ERR  p: [3142], r: 99227, e: 99220
#ERR  p: [3143], r: 99351, e: 99227
#ERR  p: [3145], r: 99354, e: 99351
#ERR  p: [3146], r: 99422, e: 99354
#ERR  p: [3147], r: 99453, e: 99422
#ERR  p: [3148], r: 99486, e: 99453
#ERR  p: [3149], r: 99512, e: 99486
#ERR  p: [3150], r: 99538, e: 99512
#ERR  p: [3151], r: 99549, e: 99538
#ERR  p: [3152], r: 99575, e: 99549
#ERR  p: [3153], r: 99597, e: 99575
#ERR  p: [3154], r: 99646, e: 99597
#ERR  p: [3155], r: 99695, e: 99646
#ERR  p: [3156], r: 99696, e: 99695
#ERR  p: [3157], r: 99723, e: 99696
#ERR  p: [3158], r: 99746, e: 99723
#ERR  p: [3159], r: 99778, e: 99746
#ERR  p: [3160], r: 99779, e: 99778
#ERR  p: [3161], r: 99813, e: 99779
#ERR  p: [3162], r: 99837, e: 99813
#ERR  p: [3163], r: 99881, e: 99837
#ERR  p: [3164], r: 99949, e: 99881
#ERR  p: [3165], r: 99958, e: 99949
#ERR  p: [3166], r: 99976, e: 99958
#ERR  p: [3167], r: 100079, e: 99976
#ERR  p: [3168], r: 100117, e: 100079
#ERR  p: [3169], r: 100122, e: 100117
#ERR  p: [3170], r: 100127, e: 100122
#ERR  p: [3171], r: 100198, e: 100127
#ERR  p: [3172], r: 100301, e: 100198
#ERR  p: [3173], r: 100312, e: 100301
#ERR  p: [3174], r: 100329, e: 100312
#ERR  p: [3175], r: 100375, e: 100329
#ERR  p: [3176], r: 100429, e: 100375
#ERR  p: [3177], r: 100432, e: 100429
#ERR  p: [3178], r: 100487, e: 100432
#ERR  p: [3179], r: 100519, e: 100487
#ERR  p: [3180], r: 100559, e: 100519
#ERR  p: [3181], r: 100594, e: 100559
#ERR  p: [3182], r: 100676, e: 100594
#ERR  p: [3183], r: 100697, e: 100676
#ERR  p: [3184], r: 100712, e: 100697
#ERR  p: [3185], r: 100777, e: 100712
#ERR  p: [3186], r: 100794, e: 100777
#ERR  p: [3187], r: 100805, e: 100794
#ERR  p: [3188], r: 100841, e: 100805
#ERR  p: [3189], r: 100862, e: 100841
#ERR  p: [3190], r: 100956, e: 100862
#ERR  p: [3191], r: 100975, e: 100956
#ERR  p: [3192], r: 100977, e: 100975
#ERR  p: [3193], r: 100985, e: 100977
#ERR  p: [3194], r: 101005, e: 100985
#ERR  p: [3195], r: 101026, e: 101005
#ERR  p: [3196], r: 101048, e: 101026
#ERR  p: [3197], r: 101064, e: 101048
#ERR  p: [3198], r: 101171, e: 101064
#ERR  p: [3199], r: 101192, e: 101171
#ERR  p: [3200], r: 101222, e: 101192
#ERR  p: [3201], r: 101261, e: 101222
#ERR  p: [3202], r: 101323, e: 101261
#ERR  p: [3203], r: 101342, e: 101323
#ERR  p: [3204], r: 101356, e: 101342
#ERR  p: [3205], r: 101366, e: 101356
#ERR  p: [3206], r: 101407, e: 101366
#ERR  p: [3207], r: 101416, e: 101407
#ERR  p: [3208], r: 101447, e: 101416
#ERR  p: [3209], r: 101462, e: 101447
#ERR  p: [3210], r: 101483, e: 101462
#ERR  p: [3211], r: 101489, e: 101483
#ERR  p: [3212], r: 101498, e: 101489
#ERR  p: [3213], r: 101564, e: 101498
#ERR  p: [3214], r: 101569, e: 101564
#ERR  p: [3215], r: 101607, e: 101569
#ERR  p: [3216], r: 101633, e: 101607
#ERR  p: [3217], r: 101692, e: 101633
#ERR  p: [3218], r: 101706, e: 101692
#ERR  p: [3220], r: 101707, e: 101706
#ERR  p: [3221], r: 101812, e: 101707
#ERR  p: [3222], r: 101881, e: 101812
#ERR  p: [3223], r: 101890, e: 101881
#ERR  p: [3224], r: 101911, e: 101890
#ERR  p: [3225], r: 101923, e: 101911
#ERR  p: [3226], r: 101970, e: 101923
#ERR  p: [3227], r: 101987, e: 101970
#ERR  p: [3228], r: 102061, e: 101987
#ERR  p: [3229], r: 102062, e: 102061
#ERR  p: [3230], r: 102125, e: 102062
#ERR  p: [3231], r: 102207, e: 102125
#ERR  p: [3232], r: 102333, e: 102207
#ERR  p: [3233], r: 102346, e: 102333
#ERR  p: [3234], r: 102352, e: 102346
#ERR  p: [3235], r: 102373, e: 102352
#ERR  p: [3236], r: 102404, e: 102373
#ERR  p: [3237], r: 102410, e: 102404
#ERR  p: [3238], r: 102437, e: 102410
#ERR  p: [3239], r: 102439, e: 102437
#ERR  p: [3240], r: 102460, e: 102439
#ERR  p: [3241], r: 102518, e: 102460
#ERR  p: [3242], r: 102533, e: 102518
#ERR  p: [3243], r: 102608, e: 102533
#ERR  p: [3244], r: 102653, e: 102608
#ERR  p: [3245], r: 102678, e: 102653
#ERR  p: [3246], r: 102716, e: 102678
#ERR  p: [3247], r: 102733, e: 102716
#ERR  p: [3248], r: 102756, e: 102733
#ERR  p: [3249], r: 102769, e: 102756
#ERR  p: [3250], r: 102798, e: 102769
#ERR  p: [3251], r: 102819, e: 102798
#ERR  p: [3252], r: 102852, e: 102819
#ERR  p: [3253], r: 102860, e: 102852
#ERR  p: [3254], r: 102893, e: 102860
#ERR  p: [3255], r: 103002, e: 102893
#ERR  p: [3256], r: 103006, e: 103002
#ERR  p: [3257], r: 103019, e: 103006
#ERR  p: [3258], r: 103027, e: 103019
#ERR  p: [3259], r: 103035, e: 103027
#ERR  p: [3260], r: 103045, e: 103035
#ERR  p: [3261], r: 103065, e: 103045
#ERR  p: [3262], r: 103075, e: 103065
#ERR  p: [3263], r: 103088, e: 103075
#ERR  p: [3264], r: 103089, e: 103088
#ERR  p: [3265], r: 103206, e: 103089
#ERR  p: [3266], r: 103260, e: 103206
#ERR  p: [3267], r: 103263, e: 103260
#ERR  p: [3268], r: 103272, e: 103263
#ERR  p: [3269], r: 103298, e: 103272
#ERR  p: [3270], r: 103299, e: 103298
#ERR  p: [3271], r: 103370, e: 103299
#ERR  p: [3272], r: 103410, e: 103370
#ERR  p: [3273], r: 103442, e: 103410
#ERR  p: [3274], r: 103516, e: 103442
#ERR  p: [3275], r: 103569, e: 103516
#ERR  p: [3276], r: 103605, e: 103569
#ERR  p: [3277], r: 103628, e: 103605
#ERR  p: [3278], r: 103656, e: 103628
#ERR  p: [3279], r: 103677, e: 103656
#ERR  p: [3280], r: 103730, e: 103677
#ERR  p: [3281], r: 103771, e: 103730
#ERR  p: [3282], r: 103851, e: 103771
#ERR  p: [3283], r: 103865, e: 103851
#ERR  p: [3284], r: 103889, e: 103865
#ERR  p: [3285], r: 103894, e: 103889
#ERR  p: [3286], r: 103905, e: 103894
#ERR  p: [3287], r: 103914, e: 103905
#ERR  p: [3288], r: 103936, e: 103914
#ERR  p: [3289], r: 103956, e: 103936
#ERR  p: [3290], r: 104086, e: 103956
#ERR  p: [3292], r: 104087, e: 104086
#ERR  p: [3293], r: 104089, e: 104087
#ERR  p: [3294], r: 104127, e: 104089
#ERR  p: [3295], r: 104132, e: 104127
#ERR  p: [3296], r: 104136, e: 104132
#ERR  p: [3297], r: 104137, e: 104136
#ERR  p: [3298], r: 104201, e: 104137
#ERR  p: [3299], r: 104222, e: 104201
#ERR  p: [3300], r: 104270, e: 104222
#ERR  p: [3301], r: 104300, e: 104270
#ERR  p: [3302], r: 104302, e: 104300
#ERR  p: [3303], r: 104322, e: 104302
#ERR  p: [3304], r: 104331, e: 104322
#ERR  p: [3305], r: 104357, e: 104331
#ERR  p: [3306], r: 104401, e: 104357
#ERR  p: [3307], r: 104408, e: 104401
#ERR  p: [3308], r: 104415, e: 104408
#ERR  p: [3309], r: 104430, e: 104415
#ERR  p: [3310], r: 104486, e: 104430
#ERR  p: [3311], r: 104500, e: 104486
#ERR  p: [3312], r: 104525, e: 104500
#ERR  p: [3313], r: 104539, e: 104525
#ERR  p: [3314], r: 104563, e: 104539
#ERR  p: [3315], r: 104680, e: 104563
#ERR  p: [3316], r: 104685, e: 104680
#ERR  p: [3317], r: 104732, e: 104685
#ERR  p: [3318], r: 104787, e: 104732
#ERR  p: [3319], r: 104817, e: 104787
#ERR  p: [3320], r: 104854, e: 104817
#ERR  p: [3321], r: 104889, e: 104854
#ERR  p: [3322], r: 104893, e: 104889
#ERR  p: [3323], r: 104904, e: 104893
#ERR  p: [3324], r: 104918, e: 104904
#ERR  p: [3325], r: 104954, e: 104918
#ERR  p: [3326], r: 104971, e: 104954
#ERR  p: [3327], r: 105011, e: 104971
#ERR  p: [3328], r: 105013, e: 105011
#ERR  p: [3329], r: 105058, e: 105013
#ERR  p: [3330], r: 105068, e: 105058
#ERR  p: [3331], r: 105087, e: 105068
#ERR  p: [3332], r: 105093, e: 105087
#ERR  p: [3333], r: 105111, e: 105093
#ERR  p: [3334], r: 105114, e: 105111
#ERR  p: [3335], r: 105129, e: 105114
#ERR  p: [3336], r: 105200, e: 105129
#ERR  p: [3337], r: 105217, e: 105200
#ERR  p: [3338], r: 105266, e: 105217
#ERR  p: [3339], r: 105312, e: 105266
#ERR  p: [3340], r: 105318, e: 105312
#ERR  p: [3341], r: 105367, e: 105318
#ERR  p: [3342], r: 105382, e: 105367
#ERR  p: [3343], r: 105385, e: 105382
#ERR  p: [3344], r: 105456, e: 105385
#ERR  p: [3345], r: 105459, e: 105456
#ERR  p: [3346], r: 105476, e: 105459
#ERR  p: [3347], r: 105532, e: 105476
#ERR  p: [3348], r: 105541, e: 105532
#ERR  p: [3349], r: 105559, e: 105541
#ERR  p: [3350], r: 105578, e: 105559
#ERR  p: [3351], r: 105579, e: 105578
#ERR  p: [3352], r: 105585, e: 105579
#ERR  p: [3353], r: 105596, e: 105585
#ERR  p: [3354], r: 105599, e: 105596
#ERR  p: [3355], r: 105640, e: 105599
#ERR  p: [3356], r: 105661, e: 105640
#ERR  p: [3357], r: 105700, e: 105661
#ERR  p: [3358], r: 105729, e: 105700
#ERR  p: [3359], r: 105741, e: 105729
#ERR  p: [3360], r: 105742, e: 105741
#ERR  p: [3361], r: 105751, e: 105742
#ERR  p: [3362], r: 105782, e: 105751
#ERR  p: [3363], r: 105788, e: 105782
#ERR  p: [3364], r: 105832, e: 105788
#ERR  p: [3365], r: 105850, e: 105832
#ERR  p: [3366], r: 105868, e: 105850
#ERR  p: [3367], r: 105916, e: 105868
#ERR  p: [3368], r: 105931, e: 105916
#ERR  p: [3369], r: 105971, e: 105931
#ERR  p: [3370], r: 105992, e: 105971
#ERR  p: [3372], r: 105993, e: 105992
#ERR  p: [3373], r: 106000, e: 105993
#ERR  p: [3374], r: 106041, e: 106000
#ERR  p: [3375], r: 106048, e: 106041
#ERR  p: [3376], r: 106140, e: 106048
#ERR  p: [3377], r: 106157, e: 106140
#ERR  p: [3378], r: 106176, e: 106157
#ERR  p: [3379], r: 106247, e: 106176
#ERR  p: [3380], r: 106283, e: 106247
#ERR  p: [3381], r: 106288, e: 106283
#ERR  p: [3382], r: 106312, e: 106288
#ERR  p: [3383], r: 106333, e: 106312
#ERR  p: [3384], r: 106334, e: 106333
#ERR  p: [3385], r: 106338, e: 106334
#ERR  p: [3386], r: 106387, e: 106338
#ERR  p: [3387], r: 106426, e: 106387
#ERR  p: [3388], r: 106427, e: 106426
#ERR  p: [3389], r: 106499, e: 106427
#ERR  p: [3390], r: 106517, e: 106499
#ERR  p: [3391], r: 106550, e: 106517
#SDC Ite:0 KerTime:113.557160 AccTime:113.557160 KerErr:166662 AccErr:166662
#ABORT too many errors per iteration
#END