#HEADER size:134217728 omp_num_threads:228
#BEGIN Y:2017 M:03 D:19 Time:21:46:34
#IT Ite:0 KerTime:100.520540 AccTime:100.520540
#ERR  p: [54158064], r: 1732900935, e: 1732900945
#ERR  p: [53569390], r: 1714053303, e: 1714053335
#ERR  p: [54746738], r: 1751732106, e: 1751732137
#ERR  p: [56512760], r: 1808295917, e: 1808295930
#ERR  p: [55335412], r: 1770602597, e: 1770602697
#ERR  p: [55924086], r: 1789465264, e: 1789465283
#ERR  p: [58867456], r: 1883641025, e: 1883641075
#ERR  p: [58278782], r: 1864789197, e: 1864789206
#ERR  p: [57101434], r: 1827114987, e: 1827115064
#ERR  p: [52392042], r: 1676346030, e: 1676346127
#ERR  p: [57690108], r: 1845957256, e: 1845957297
#ERR  p: [52980716], r: 1695205068, e: 1695205074
#ERR  p: [54158066], r: 1732900945, e: 1732901083
#ERR  p: [60044804], r: 1921289808, e: 1921289832
#ERR  p: [52128459], r: 1667876455, e: 1667876474
#ERR  p: [59456130], r: 1902480638, e: 1902480652
#ERR  p: [53569391], r: 1714053335, e: 1714053338
#ERR  p: [58867457], r: 1883641075, e: 1883641094
#ERR  p: [54746739], r: 1751732137, e: 1751732161
#ERR  p: [56512761], r: 1808295930, e: 1808295937
#ERR  p: [55335413], r: 1770602697, e: 1770602727
#ERR  p: [55924087], r: 1789465283, e: 1789465292
#ERR  p: [58278783], r: 1864789206, e: 1864789243
#ERR  p: [57101435], r: 1827115064, e: 1827115091
#ERR  p: [52392044], r: 1676346127, e: 1676346290
#ERR  p: [57690109], r: 1845957297, e: 1845957400
#ERR  p: [52980717], r: 1695205074, e: 1695205102
#ERR  p: [54158067], r: 1732901083, e: 1732901198
#ERR  p: [60044805], r: 1921289832, e: 1921289846
#ERR  p: [52128460], r: 1667876474, e: 1667876482
#ERR  p: [59456131], r: 1902480652, e: 1902480666
#ERR  p: [53569392], r: 1714053338, e: 1714053438
#ERR  p: [58867458], r: 1883641094, e: 1883641180
#ERR  p: [54746740], r: 1751732161, e: 1751732169
#ERR  p: [56512762], r: 1808295937, e: 1808295947
#ERR  p: [55335414], r: 1770602727, e: 1770602735
#ERR  p: [55924088], r: 1789465292, e: 1789465294
#ERR  p: [58278784], r: 1864789243, e: 1864789277
#ERR  p: [57101436], r: 1827115091, e: 1827115268
#ERR  p: [52392045], r: 1676346290, e: 1676346298
#ERR  p: [57690110], r: 1845957400, e: 1845957425
#ERR  p: [52980718], r: 1695205102, e: 1695205106
#ERR  p: [54158068], r: 1732901198, e: 1732901248
#ERR  p: [60044806], r: 1921289846, e: 1921289851
#ERR  p: [52128461], r: 1667876482, e: 1667876496
#ERR  p: [59456132], r: 1902480666, e: 1902480673
#ERR  p: [53569393], r: 1714053438, e: 1714053459
#ERR  p: [58867459], r: 1883641180, e: 1883641193
#ERR  p: [54746741], r: 1751732169, e: 1751732170
#ERR  p: [56512763], r: 1808295947, e: 1808295963
#ERR  p: [55335415], r: 1770602735, e: 1770602800
#ERR  p: [55924089], r: 1789465294, e: 1789465313
#ERR  p: [58278785], r: 1864789277, e: 1864789358
#ERR  p: [57101437], r: 1827115268, e: 1827115279
#ERR  p: [52392046], r: 1676346298, e: 1676346314
#ERR  p: [57690111], r: 1845957425, e: 1845957472
#ERR  p: [52980719], r: 1695205106, e: 1695205146
#ERR  p: [54158069], r: 1732901248, e: 1732901291
#ERR  p: [60044807], r: 1921289851, e: 1921289858
#ERR  p: [52128462], r: 1667876496, e: 1667876524
#ERR  p: [59456133], r: 1902480673, e: 1902480709
#ERR  p: [53569394], r: 1714053459, e: 1714053464
#ERR  p: [58867460], r: 1883641193, e: 1883641201
#ERR  p: [54746742], r: 1751732170, e: 1751732188
#ERR  p: [56512764], r: 1808295963, e: 1808295975
#ERR  p: [55335416], r: 1770602800, e: 1770602814
#ERR  p: [55924090], r: 1789465313, e: 1789465315
#ERR  p: [57101438], r: 1827115279, e: 1827115304
#ERR  p: [58278786], r: 1864789358, e: 1864789401
#ERR  p: [52392047], r: 1676346314, e: 1676346317
#ERR  p: [57690112], r: 1845957472, e: 1845957530
#ERR  p: [52980720], r: 1695205146, e: 1695205219
#ERR  p: [54158070], r: 1732901291, e: 1732901327
#ERR  p: [60044808], r: 1921289858, e: 1921289861
#ERR  p: [52128463], r: 1667876524, e: 1667876629
#ERR  p: [59456134], r: 1902480709, e: 1902480721
#ERR  p: [53569395], r: 1714053464, e: 1714053476
#ERR  p: [58867461], r: 1883641201, e: 1883641203
#ERR  p: [54746743], r: 1751732188, e: 1751732202
#ERR  p: [56512765], r: 1808295975, e: 1808295979
#ERR  p: [55335417], r: 1770602814, e: 1770602838
#ERR  p: [55924091], r: 1789465315, e: 1789465333
#ERR  p: [58278787], r: 1864789401, e: 1864789409
#ERR  p: [57101439], r: 1827115304, e: 1827115326
#ERR  p: [52392048], r: 1676346317, e: 1676346336
#ERR  p: [57690113], r: 1845957530, e: 1845957532
#ERR  p: [52980721], r: 1695205219, e: 1695205231
#ERR  p: [54158071], r: 1732901327, e: 1732901534
#ERR  p: [60044809], r: 1921289861, e: 1921289865
#ERR  p: [52128464], r: 1667876629, e: 1667876662
#ERR  p: [59456135], r: 1902480721, e: 1902480746
#ERR  p: [53569396], r: 1714053476, e: 1714053487
#ERR  p: [58867462], r: 1883641203, e: 1883641258
#ERR  p: [54746744], r: 1751732202, e: 1751732262
#ERR  p: [56512766], r: 1808295979, e: 1808296016
#ERR  p: [55335418], r: 1770602838, e: 1770602844
#ERR  p: [55924092], r: 1789465333, e: 1789465403
#ERR  p: [58278788], r: 1864789409, e: 1864789412
#ERR  p: [57101440], r: 1827115326, e: 1827115380
#ERR  p: [52392049], r: 1676346336, e: 1676346387
#ERR  p: [60044810], r: 1921289865, e: 1921289892
#ERR  p: [52980722], r: 1695205231, e: 1695205261
#ERR  p: [57690114], r: 1845957532, e: 1845957533
#ERR  p: [54158072], r: 1732901534, e: 1732901582
#ERR  p: [52128465], r: 1667876662, e: 1667876678
#ERR  p: [59456136], r: 1902480746, e: 1902480804
#ERR  p: [53569397], r: 1714053487, e: 1714053497
#ERR  p: [58867463], r: 1883641258, e: 1883641269
#ERR  p: [54746745], r: 1751732262, e: 1751732296
#ERR  p: [56512767], r: 1808296016, e: 1808296033
#ERR  p: [55335419], r: 1770602844, e: 1770602859
#ERR  p: [55924093], r: 1789465403, e: 1789465432
#ERR  p: [58278789], r: 1864789412, e: 1864789432
#ERR  p: [57101441], r: 1827115380, e: 1827115385
#ERR  p: [52392050], r: 1676346387, e: 1676346482
#ERR  p: [52980723], r: 1695205261, e: 1695205330
#ERR  p: [60044811], r: 1921289892, e: 1921289940
#ERR  p: [57690115], r: 1845957533, e: 1845957628
#ERR  p: [54158073], r: 1732901582, e: 1732901584
#ERR  p: [52128466], r: 1667876678, e: 1667876745
#ERR  p: [59456137], r: 1902480804, e: 1902480825
#ERR  p: [53569398], r: 1714053497, e: 1714053544
#ERR  p: [58867464], r: 1883641269, e: 1883641279
#ERR  p: [54746746], r: 1751732296, e: 1751732302
#ERR  p: [56512768], r: 1808296033, e: 1808296046
#ERR  p: [55335420], r: 1770602859, e: 1770602880
#ERR  p: [55924094], r: 1789465432, e: 1789465459
#ERR  p: [58278790], r: 1864789432, e: 1864789433
#ERR  p: [57101442], r: 1827115385, e: 1827115392
#ERR  p: [52392051], r: 1676346482, e: 1676346651
#ERR  p: [54158074], r: 1732901584, e: 1732901680
#ERR  p: [52980724], r: 1695205330, e: 1695205369
#ERR  p: [60044812], r: 1921289940, e: 1921289974
#ERR  p: [57690116], r: 1845957628, e: 1845957702
#ERR  p: [52128467], r: 1667876745, e: 1667876791
#ERR  p: [59456138], r: 1902480825, e: 1902480841
#ERR  p: [53569399], r: 1714053544, e: 1714053590
#ERR  p: [58867465], r: 1883641279, e: 1883641286
#ERR  p: [54746747], r: 1751732302, e: 1751732309
#ERR  p: [56512769], r: 1808296046, e: 1808296080
#ERR  p: [55335421], r: 1770602880, e: 1770602980
#ERR  p: [55924095], r: 1789465459, e: 1789465464
#ERR  p: [58278791], r: 1864789433, e: 1864789446
#ERR  p: [57101443], r: 1827115392, e: 1827115498
#ERR  p: [52392052], r: 1676346651, e: 1676346666
#ERR  p: [52980725], r: 1695205369, e: 1695205391
#ERR  p: [54158075], r: 1732901680, e: 1732901739
#ERR  p: [60044813], r: 1921289974, e: 1921290001
#ERR  p: [57690117], r: 1845957702, e: 1845957753
#ERR  p: [52128468], r: 1667876791, e: 1667876810
#ERR  p: [59456139], r: 1902480841, e: 1902480844
#ERR  p: [53569400], r: 1714053590, e: 1714053616
#ERR  p: [58867466], r: 1883641286, e: 1883641290
#ERR  p: [54746748], r: 1751732309, e: 1751732320
#ERR  p: [56512770], r: 1808296080, e: 1808296093
#ERR  p: [55335422], r: 1770602980, e: 1770603086
#ERR  p: [55924097], r: 1789465464, e: 1789465487
#ERR  p: [58278792], r: 1864789446, e: 1864789495
#ERR  p: [57101444], r: 1827115498, e: 1827115607
#ERR  p: [52392053], r: 1676346666, e: 1676346680
#ERR  p: [54158076], r: 1732901739, e: 1732901747
#ERR  p: [52980726], r: 1695205391, e: 1695205401
#ERR  p: [60044814], r: 1921290001, e: 1921290113
#ERR  p: [57690118], r: 1845957753, e: 1845957795
#ERR  p: [52128469], r: 1667876810, e: 1667876826
#ERR  p: [59456140], r: 1902480844, e: 1902480876
#ERR  p: [53569401], r: 1714053616, e: 1714053667
#ERR  p: [58867467], r: 1883641290, e: 1883641291
#ERR  p: [54746749], r: 1751732320, e: 1751732337
#ERR  p: [56512771], r: 1808296093, e: 1808296117
#ERR  p: [55335423], r: 1770603086, e: 1770603091
#ERR  p: [55924098], r: 1789465487, e: 1789465522
#ERR  p: [58278793], r: 1864789495, e: 1864789503
#ERR  p: [57101445], r: 1827115607, e: 1827115637
#ERR  p: [52392054], r: 1676346680, e: 1676346697
#ERR  p: [54158077], r: 1732901747, e: 1732901767
#ERR  p: [52980727], r: 1695205401, e: 1695205424
#ERR  p: [60044815], r: 1921290113, e: 1921290121
#ERR  p: [57690119], r: 1845957795, e: 1845957932
#ERR  p: [52128470], r: 1667876826, e: 1667876919
#ERR  p: [59456141], r: 1902480876, e: 1902480880
#ERR  p: [53569402], r: 1714053667, e: 1714053675
#ERR  p: [58867468], r: 1883641291, e: 1883641326
#ERR  p: [54746750], r: 1751732337, e: 1751732375
#ERR  p: [56512772], r: 1808296117, e: 1808296126
#ERR  p: [55335424], r: 1770603091, e: 1770603156
#ERR  p: [55924099], r: 1789465522, e: 1789465551
#ERR  p: [58278794], r: 1864789503, e: 1864789527
#ERR  p: [57101446], r: 1827115637, e: 1827115650
#ERR  p: [52392055], r: 1676346697, e: 1676346797
#ERR  p: [54158078], r: 1732901767, e: 1732901772
#ERR  p: [52980728], r: 1695205424, e: 1695205425
#ERR  p: [60044816], r: 1921290121, e: 1921290127
#ERR  p: [57690120], r: 1845957932, e: 1845957969
#ERR  p: [52128471], r: 1667876919, e: 1667876931
#ERR  p: [59456142], r: 1902480880, e: 1902480906
#ERR  p: [53569403], r: 1714053675, e: 1714053678
#ERR  p: [58867469], r: 1883641326, e: 1883641343
#ERR  p: [54746751], r: 1751732375, e: 1751732399
#ERR  p: [56512773], r: 1808296126, e: 1808296253
#ERR  p: [55335425], r: 1770603156, e: 1770603166
#ERR  p: [55924100], r: 1789465551, e: 1789465563
#ERR  p: [58278795], r: 1864789527, e: 1864789567
#ERR  p: [57101447], r: 1827115650, e: 1827115652
#ERR  p: [52392056], r: 1676346797, e: 1676346831
#ERR  p: [54158079], r: 1732901772, e: 1732901782
#ERR  p: [52980729], r: 1695205425, e: 1695205432
#ERR  p: [60044817], r: 1921290127, e: 1921290250
#ERR  p: [57690121], r: 1845957969, e: 1845958054
#ERR  p: [52128472], r: 1667876931, e: 1667876945
#ERR  p: [59456143], r: 1902480906, e: 1902480914
#ERR  p: [53569404], r: 1714053678, e: 1714053685
#ERR  p: [58867470], r: 1883641343, e: 1883641383
#ERR  p: [54746752], r: 1751732399, e: 1751732500
#ERR  p: [56512774], r: 1808296253, e: 1808296319
#ERR  p: [55335427], r: 1770603166, e: 1770603172
#ERR  p: [55924101], r: 1789465563, e: 1789465579
#ERR  p: [58278796], r: 1864789567, e: 1864789597
#ERR  p: [57101448], r: 1827115652, e: 1827115666
#ERR  p: [52392057], r: 1676346831, e: 1676346844
#ERR  p: [54158080], r: 1732901782, e: 1732901784
#ERR  p: [52980730], r: 1695205432, e: 1695205698
#ERR  p: [60044818], r: 1921290250, e: 1921290273
#ERR  p: [52128473], r: 1667876945, e: 1667876992
#ERR  p: [57690122], r: 1845958054, e: 1845958066
#ERR  p: [59456144], r: 1902480914, e: 1902480927
#ERR  p: [53569405], r: 1714053685, e: 1714053735
#ERR  p: [58867471], r: 1883641383, e: 1883641400
#ERR  p: [54746753], r: 1751732500, e: 1751732532
#ERR  p: [56512775], r: 1808296319, e: 1808296323
#ERR  p: [55335428], r: 1770603172, e: 1770603199
#ERR  p: [55924102], r: 1789465579, e: 1789465583
#ERR  p: [58278797], r: 1864789597, e: 1864789646
#ERR  p: [57101449], r: 1827115666, e: 1827115673
#ERR  p: [52392058], r: 1676346844, e: 1676346901
#ERR  p: [52980731], r: 1695205698, e: 1695205787
#ERR  p: [54158081], r: 1732901784, e: 1732901791
#ERR  p: [60044819], r: 1921290273, e: 1921290282
#ERR  p: [52128474], r: 1667876992, e: 1667877050
#ERR  p: [57690123], r: 1845958066, e: 1845958161
#ERR  p: [59456145], r: 1902480927, e: 1902480931
#ERR  p: [53569406], r: 1714053735, e: 1714053756
#ERR  p: [58867472], r: 1883641400, e: 1883641438
#ERR  p: [54746754], r: 1751732532, e: 1751732536
#ERR  p: [56512776], r: 1808296323, e: 1808296497
#ERR  p: [55335429], r: 1770603199, e: 1770603242
#ERR  p: [55924103], r: 1789465583, e: 1789465683
#ERR  p: [58278798], r: 1864789646, e: 1864789678
#ERR  p: [57101450], r: 1827115673, e: 1827115679
#ERR  p: [52392059], r: 1676346901, e: 1676346904
#ERR  p: [52980732], r: 1695205787, e: 1695205843
#ERR  p: [54158082], r: 1732901791, e: 1732901835
#ERR  p: [60044820], r: 1921290282, e: 1921290283
#ERR  p: [52128475], r: 1667877050, e: 1667877068
#ERR  p: [57690124], r: 1845958161, e: 1845958179
#ERR  p: [59456146], r: 1902480931, e: 1902480938
#ERR  p: [53569407], r: 1714053756, e: 1714053805
#ERR  p: [58867473], r: 1883641438, e: 1883641471
#ERR  p: [54746755], r: 1751732536, e: 1751732583
#ERR  p: [56512777], r: 1808296497, e: 1808296530
#ERR  p: [55335430], r: 1770603242, e: 1770603306
#ERR  p: [55924104], r: 1789465683, e: 1789465741
#ERR  p: [58278799], r: 1864789678, e: 1864789849
#ERR  p: [57101451], r: 1827115679, e: 1827115692
#ERR  p: [52392060], r: 1676346904, e: 1676346937
#ERR  p: [54158083], r: 1732901835, e: 1732901853
#ERR  p: [52980733], r: 1695205843, e: 1695205852
#ERR  p: [60044821], r: 1921290283, e: 1921290305
#ERR  p: [52128476], r: 1667877068, e: 1667877101
#ERR  p: [57690125], r: 1845958179, e: 1845958202
#ERR  p: [59456147], r: 1902480938, e: 1902480944
#ERR  p: [53569408], r: 1714053805, e: 1714053821
#ERR  p: [58867474], r: 1883641471, e: 1883641485
#ERR  p: [54746756], r: 1751732583, e: 1751732654
#ERR  p: [56512778], r: 1808296530, e: 1808296641
#ERR  p: [55335431], r: 1770603306, e: 1770603331
#ERR  p: [55924105], r: 1789465741, e: 1789465819
#ERR  p: [58278800], r: 1864789849, e: 1864789876
#ERR  p: [57101452], r: 1827115692, e: 1827115705
#ERR  p: [52392061], r: 1676346937, e: 1676347002
#ERR  p: [52980734], r: 1695205852, e: 1695205877
#ERR  p: [54158084], r: 1732901853, e: 1732901866
#ERR  p: [60044822], r: 1921290305, e: 1921290315
#ERR  p: [52128477], r: 1667877101, e: 1667877104
#ERR  p: [57690126], r: 1845958202, e: 1845958244
#ERR  p: [59456148], r: 1902480944, e: 1902480975
#ERR  p: [53569409], r: 1714053821, e: 1714053826
#ERR  p: [58867475], r: 1883641485, e: 1883641552
#ERR  p: [54746757], r: 1751732654, e: 1751732658
#ERR  p: [56512780], r: 1808296641, e: 1808296672
#ERR  p: [55335432], r: 1770603331, e: 1770603345
#ERR  p: [55924106], r: 1789465819, e: 1789465841
#ERR  p: [58278801], r: 1864789876, e: 1864789939
#ERR  p: [57101453], r: 1827115705, e: 1827115750
#ERR  p: [52392062], r: 1676347002, e: 1676347006
#ERR  p: [54158085], r: 1732901866, e: 1732901882
#ERR  p: [52980735], r: 1695205877, e: 1695205917
#ERR  p: [60044823], r: 1921290315, e: 1921290316
#ERR  p: [52128478], r: 1667877104, e: 1667877128
#ERR  p: [57690127], r: 1845958244, e: 1845958273
#ERR  p: [59456149], r: 1902480975, e: 1902480979
#ERR  p: [53569410], r: 1714053826, e: 1714053827
#ERR  p: [58867476], r: 1883641552, e: 1883641553
#ERR  p: [54746758], r: 1751732658, e: 1751732682
#ERR  p: [56512781], r: 1808296672, e: 1808296689
#ERR  p: [55335433], r: 1770603345, e: 1770603401
#ERR  p: [55924107], r: 1789465841, e: 1789465898
#ERR  p: [58278802], r: 1864789939, e: 1864789956
#ERR  p: [57101454], r: 1827115750, e: 1827115798
#ERR  p: [52392063], r: 1676347006, e: 1676347163
#ERR  p: [52980736], r: 1695205917, e: 1695205920
#ERR  p: [54158086], r: 1732901882, e: 1732901904
#ERR  p: [60044824], r: 1921290316, e: 1921290321
#ERR  p: [57690128], r: 1845958273, e: 1845958293
#ERR  p: [52128479], r: 1667877128, e: 1667877132
#ERR  p: [59456151], r: 1902480979, e: 1902481054
#ERR  p: [53569411], r: 1714053827, e: 1714053913
#ERR  p: [58867477], r: 1883641553, e: 1883641588
#ERR  p: [54746759], r: 1751732682, e: 1751732796
#ERR  p: [56512782], r: 1808296689, e: 1808296738
#ERR  p: [55335434], r: 1770603401, e: 1770603403
#ERR  p: [55924108], r: 1789465898, e: 1789465930
#ERR  p: [58278803], r: 1864789956, e: 1864790076
#ERR  p: [57101455], r: 1827115798, e: 1827115824
#ERR  p: [52392065], r: 1676347163, e: 1676347181
#ERR  p: [52980737], r: 1695205920, e: 1695205978
#ERR  p: [54158087], r: 1732901904, e: 1732901908
#ERR  p: [60044825], r: 1921290321, e: 1921290397
#ERR  p: [57690129], r: 1845958293, e: 1845958312
#ERR  p: [52128480], r: 1667877132, e: 1667877179
#ERR  p: [59456152], r: 1902481054, e: 1902481099
#ERR  p: [53569412], r: 1714053913, e: 1714053957
#ERR  p: [58867478], r: 1883641588, e: 1883641671
#ERR  p: [54746760], r: 1751732796, e: 1751732839
#ERR  p: [56512783], r: 1808296738, e: 1808296741
#ERR  p: [55335435], r: 1770603403, e: 1770603416
#ERR  p: [55924109], r: 1789465930, e: 1789465939
#ERR  p: [58278804], r: 1864790076, e: 1864790098
#ERR  p: [57101456], r: 1827115824, e: 1827115857
#ERR  p: [52392066], r: 1676347181, e: 1676347187
#ERR  p: [52980738], r: 1695205978, e: 1695206020
#ERR  p: [54158088], r: 1732901908, e: 1732901934
#ERR  p: [60044826], r: 1921290397, e: 1921290438
#ERR  p: [57690130], r: 1845958312, e: 1845958352
#ERR  p: [52128481], r: 1667877179, e: 1667877261
#ERR  p: [59456153], r: 1902481099, e: 1902481136
#ERR  p: [53569413], r: 1714053957, e: 1714053986
#ERR  p: [58867479], r: 1883641671, e: 1883641725
#ERR  p: [54746761], r: 1751732839, e: 1751732852
#ERR  p: [56512784], r: 1808296741, e: 1808296756
#ERR  p: [55335436], r: 1770603416, e: 1770603451
#ERR  p: [55924110], r: 1789465939, e: 1789465959
#ERR  p: [58278805], r: 1864790098, e: 1864790153
#ERR  p: [57101457], r: 1827115857, e: 1827115955
#ERR  p: [52392067], r: 1676347187, e: 1676347189
#ERR  p: [54158089], r: 1732901934, e: 1732901936
#ERR  p: [52980739], r: 1695206020, e: 1695206108
#ERR  p: [60044827], r: 1921290438, e: 1921290493
#ERR  p: [52128482], r: 1667877261, e: 1667877296
#ERR  p: [57690131], r: 1845958352, e: 1845958453
#ERR  p: [59456154], r: 1902481136, e: 1902481167
#ERR  p: [53569414], r: 1714053986, e: 1714053997
#ERR  p: [58867480], r: 1883641725, e: 1883641730
#ERR  p: [54746762], r: 1751732852, e: 1751732855
#ERR  p: [56512785], r: 1808296756, e: 1808296792
#ERR  p: [55335437], r: 1770603451, e: 1770603468
#ERR  p: [55924111], r: 1789465959, e: 1789465969
#ERR  p: [58278806], r: 1864790153, e: 1864790154
#ERR  p: [57101458], r: 1827115955, e: 1827115957
#ERR  p: [52392068], r: 1676347189, e: 1676347285
#ERR  p: [52980740], r: 1695206108, e: 1695206153
#ERR  p: [54158090], r: 1732901936, e: 1732902028
#ERR  p: [60044828], r: 1921290493, e: 1921290526
#ERR  p: [52128483], r: 1667877296, e: 1667877339
#ERR  p: [57690132], r: 1845958453, e: 1845958471
#ERR  p: [59456155], r: 1902481167, e: 1902481206
#ERR  p: [53569415], r: 1714053997, e: 1714054024
#ERR  p: [58867481], r: 1883641730, e: 1883641738
#ERR  p: [54746763], r: 1751732855, e: 1751732886
#ERR  p: [56512786], r: 1808296792, e: 1808296796
#ERR  p: [55335438], r: 1770603468, e: 1770603503
#ERR  p: [55924112], r: 1789465969, e: 1789465980
#ERR  p: [58278807], r: 1864790154, e: 1864790161
#ERR  p: [57101459], r: 1827115957, e: 1827115959
#ERR  p: [52392069], r: 1676347285, e: 1676347322
#ERR  p: [52980741], r: 1695206153, e: 1695206197
#ERR  p: [54158091], r: 1732902028, e: 1732902057
#ERR  p: [60044829], r: 1921290526, e: 1921290609
#ERR  p: [52128484], r: 1667877339, e: 1667877361
#ERR  p: [57690133], r: 1845958471, e: 1845958496
#ERR  p: [59456156], r: 1902481206, e: 1902481213
#ERR  p: [53569416], r: 1714054024, e: 1714054034
#ERR  p: [58867482], r: 1883641738, e: 1883641740
#ERR  p: [54746764], r: 1751732886, e: 1751732894
#ERR  p: [56512787], r: 1808296796, e: 1808296833
#ERR  p: [55335439], r: 1770603503, e: 1770603521
#ERR  p: [55924113], r: 1789465980, e: 1789466011
#ERR  p: [58278808], r: 1864790161, e: 1864790296
#ERR  p: [57101460], r: 1827115959, e: 1827116005
#ERR  p: [52392070], r: 1676347322, e: 1676347326
#ERR  p: [52980742], r: 1695206197, e: 1695206209
#ERR  p: [54158092], r: 1732902057, e: 1732902084
#ERR  p: [60044830], r: 1921290609, e: 1921290612
#ERR  p: [52128485], r: 1667877361, e: 1667877388
#ERR  p: [57690134], r: 1845958496, e: 1845958500
#ERR  p: [59456157], r: 1902481213, e: 1902481223
#ERR  p: [53569417], r: 1714054034, e: 1714054046
#ERR  p: [58867483], r: 1883641740, e: 1883641763
#ERR  p: [54746765], r: 1751732894, e: 1751732904
#ERR  p: [56512788], r: 1808296833, e: 1808296879
#ERR  p: [55335440], r: 1770603521, e: 1770603526
#ERR  p: [55924114], r: 1789466011, e: 1789466042
#ERR  p: [58278809], r: 1864790296, e: 1864790302
#ERR  p: [57101461], r: 1827116005, e: 1827116009
#ERR  p: [52392071], r: 1676347326, e: 1676347331
#ERR  p: [54158093], r: 1732902084, e: 1732902212
#ERR  p: [52980743], r: 1695206209, e: 1695206212
#ERR  p: [60044831], r: 1921290612, e: 1921290621
#ERR  p: [52128486], r: 1667877388, e: 1667877389
#ERR  p: [57690135], r: 1845958500, e: 1845958511
#ERR  p: [59456158], r: 1902481223, e: 1902481229
#ERR  p: [53569418], r: 1714054046, e: 1714054063
#ERR  p: [58867484], r: 1883641763, e: 1883641862
#ERR  p: [54746766], r: 1751732904, e: 1751732947
#ERR  p: [56512789], r: 1808296879, e: 1808296886
#ERR  p: [55335441], r: 1770603526, e: 1770603575
#ERR  p: [55924115], r: 1789466042, e: 1789466043
#ERR  p: [58278810], r: 1864790302, e: 1864790401
#ERR  p: [57101462], r: 1827116009, e: 1827116016
#ERR  p: [52392072], r: 1676347331, e: 1676347378
#ERR  p: [54158094], r: 1732902212, e: 1732902321
#ERR  p: [52980744], r: 1695206212, e: 1695206230
#ERR  p: [60044832], r: 1921290621, e: 1921290648
#ERR  p: [52128487], r: 1667877389, e: 1667877413
#ERR  p: [57690137], r: 1845958511, e: 1845958522
#ERR  p: [59456159], r: 1902481229, e: 1902481230
#ERR  p: [53569419], r: 1714054063, e: 1714054067
#ERR  p: [58867485], r: 1883641862, e: 1883642095
#ERR  p: [54746767], r: 1751732947, e: 1751732955
#ERR  p: [56512790], r: 1808296886, e: 1808296903
#ERR  p: [55335442], r: 1770603575, e: 1770603604
#ERR  p: [55924116], r: 1789466043, e: 1789466046
#ERR  p: [58278811], r: 1864790401, e: 1864790431
#ERR  p: [57101463], r: 1827116016, e: 1827116073
#ERR  p: [52392073], r: 1676347378, e: 1676347383
#ERR  p: [54158095], r: 1732902321, e: 1732902349
#ERR  p: [52980745], r: 1695206230, e: 1695206236
#ERR  p: [60044833], r: 1921290648, e: 1921290684
#ERR  p: [52128488], r: 1667877413, e: 1667877418
#ERR  p: [57690138], r: 1845958522, e: 1845958544
#ERR  p: [59456160], r: 1902481230, e: 1902481302
#ERR  p: [53569420], r: 1714054067, e: 1714054084
#ERR  p: [58867486], r: 1883642095, e: 1883642123
#ERR  p: [54746768], r: 1751732955, e: 1751732966
#ERR  p: [56512791], r: 1808296903, e: 1808296957
#ERR  p: [55335443], r: 1770603604, e: 1770603618
#ERR  p: [55924117], r: 1789466046, e: 1789466088
#ERR  p: [58278812], r: 1864790431, e: 1864790459
#ERR  p: [57101464], r: 1827116073, e: 1827116096
#ERR  p: [52392074], r: 1676347383, e: 1676347422
#ERR  p: [52980746], r: 1695206236, e: 1695206261
#ERR  p: [54158096], r: 1732902349, e: 1732902375
#ERR  p: [60044834], r: 1921290684, e: 1921290686
#ERR  p: [52128489], r: 1667877418, e: 1667877456
#ERR  p: [57690139], r: 1845958544, e: 1845958559
#ERR  p: [59456161], r: 1902481302, e: 1902481343
#ERR  p: [53569421], r: 1714054084, e: 1714054098
#ERR  p: [58867487], r: 1883642123, e: 1883642149
#ERR  p: [54746769], r: 1751732966, e: 1751732969
#ERR  p: [56512792], r: 1808296957, e: 1808296967
#ERR  p: [55335444], r: 1770603618, e: 1770603628
#ERR  p: [55924118], r: 1789466088, e: 1789466091
#ERR  p: [58278813], r: 1864790459, e: 1864790498
#ERR  p: [57101465], r: 1827116096, e: 1827116112
#ERR  p: [52392075], r: 1676347422, e: 1676347434
#ERR  p: [52980747], r: 1695206261, e: 1695206265
#ERR  p: [54158097], r: 1732902375, e: 1732902441
#ERR  p: [60044835], r: 1921290686, e: 1921290693
#ERR  p: [52128490], r: 1667877456, e: 1667877481
#ERR  p: [57690140], r: 1845958559, e: 1845958577
#ERR  p: [59456162], r: 1902481343, e: 1902481357
#ERR  p: [53569422], r: 1714054098, e: 1714054113
#ERR  p: [58867488], r: 1883642149, e: 1883642151
#ERR  p: [54746770], r: 1751732969, e: 1751733073
#ERR  p: [56512793], r: 1808296967, e: 1808296974
#ERR  p: [55335445], r: 1770603628, e: 1770603642
#ERR  p: [55924119], r: 1789466091, e: 1789466099
#ERR  p: [58278814], r: 1864790498, e: 1864790542
#ERR  p: [57101466], r: 1827116112, e: 1827116158
#ERR  p: [52392076], r: 1676347434, e: 1676347453
#ERR  p: [52980748], r: 1695206265, e: 1695206275
#ERR  p: [54158098], r: 1732902441, e: 1732902469
#ERR  p: [60044836], r: 1921290693, e: 1921290705
#ERR  p: [52128491], r: 1667877481, e: 1667877500
#ERR  p: [57690141], r: 1845958577, e: 1845958604
#ERR  p: [59456163], r: 1902481357, e: 1902481421
#ERR  p: [53569423], r: 1714054113, e: 1714054138
#ERR  p: [58867489], r: 1883642151, e: 1883642235
#ERR  p: [54746771], r: 1751733073, e: 1751733113
#ERR  p: [56512794], r: 1808296974, e: 1808296998
#SDC Ite:0 KerTime:100.520540 AccTime:100.520540 KerErr:8256747 AccErr:8256747
#ABORT too many errors per iteration
#END