#HEADER size:134217728 omp_num_threads:228
#BEGIN Y:2017 M:02 D:20 Time:01:58:02
#IT Ite:0 KerTime:75.801032 AccTime:75.801032
#ERR  p: [0], r: 103, e: 58
#ERR  p: [1], r: 125, e: 65
#ERR  p: [2], r: 176, e: 103
#ERR  p: [3], r: 192, e: 125
#ERR  p: [4], r: 210, e: 128
#ERR  p: [5], r: 226, e: 176
#ERR  p: [6], r: 281, e: 192
#ERR  p: [7], r: 431, e: 210
#ERR  p: [8], r: 479, e: 226
#ERR  p: [9], r: 494, e: 248
#ERR  p: [10], r: 504, e: 281
#ERR  p: [11], r: 571, e: 372
#ERR  p: [12], r: 622, e: 416
#ERR  p: [13], r: 737, e: 431
#ERR  p: [14], r: 796, e: 465
#ERR  p: [15], r: 821, e: 479
#ERR  p: [16], r: 847, e: 494
#ERR  p: [17], r: 861, e: 503
#ERR  p: [18], r: 878, e: 504
#ERR  p: [19], r: 1061, e: 571
#ERR  p: [20], r: 1147, e: 622
#ERR  p: [21], r: 1153, e: 638
#ERR  p: [22], r: 1176, e: 693
#ERR  p: [23], r: 1205, e: 737
#ERR  p: [24], r: 1211, e: 796
#ERR  p: [25], r: 1365, e: 804
#ERR  p: [26], r: 1469, e: 821
#ERR  p: [27], r: 1473, e: 847
#ERR  p: [28], r: 1505, e: 861
#ERR  p: [29], r: 1570, e: 867
#ERR  p: [30], r: 1724, e: 878
#ERR  p: [31], r: 1868, e: 966
#ERR  p: [32], r: 2045, e: 1023
#ERR  p: [33], r: 2057, e: 1061
#ERR  p: [34], r: 2118, e: 1115
#ERR  p: [35], r: 2366, e: 1147
#ERR  p: [36], r: 2388, e: 1153
#ERR  p: [37], r: 2437, e: 1176
#ERR  p: [38], r: 2445, e: 1176
#ERR  p: [39], r: 2635, e: 1178
#ERR  p: [40], r: 2747, e: 1187
#ERR  p: [41], r: 2917, e: 1205
#ERR  p: [42], r: 2927, e: 1206
#ERR  p: [43], r: 2938, e: 1211
#ERR  p: [44], r: 2971, e: 1328
#ERR  p: [45], r: 3291, e: 1365
#ERR  p: [46], r: 3318, e: 1370
#ERR  p: [47], r: 3337, e: 1456
#ERR  p: [48], r: 3389, e: 1469
#ERR  p: [49], r: 3473, e: 1473
#ERR  p: [50], r: 3535, e: 1505
#ERR  p: [51], r: 3538, e: 1525
#ERR  p: [52], r: 3600, e: 1570
#ERR  p: [53], r: 3659, e: 1576
#ERR  p: [54], r: 3867, e: 1606
#ERR  p: [55], r: 3875, e: 1676
#ERR  p: [56], r: 3908, e: 1681
#ERR  p: [57], r: 4172, e: 1724
#ERR  p: [58], r: 4232, e: 1828
#ERR  p: [59], r: 4260, e: 1868
#ERR  p: [60], r: 4566, e: 1944
#ERR  p: [61], r: 4853, e: 1977
#ERR  p: [62], r: 4897, e: 2004
#ERR  p: [63], r: 4931, e: 2040
#ERR  p: [64], r: 5041, e: 2045
#ERR  p: [65], r: 5054, e: 2057
#ERR  p: [66], r: 5108, e: 2079
#ERR  p: [67], r: 5206, e: 2111
#ERR  p: [68], r: 5218, e: 2118
#ERR  p: [69], r: 5229, e: 2208
#ERR  p: [70], r: 5293, e: 2230
#ERR  p: [71], r: 5325, e: 2281
#ERR  p: [72], r: 5479, e: 2324
#ERR  p: [73], r: 5497, e: 2366
#ERR  p: [74], r: 5519, e: 2388
#ERR  p: [75], r: 5522, e: 2437
#ERR  p: [76], r: 5715, e: 2445
#ERR  p: [77], r: 5740, e: 2553
#ERR  p: [78], r: 5741, e: 2588
#ERR  p: [79], r: 5746, e: 2635
#ERR  p: [80], r: 5839, e: 2747
#ERR  p: [81], r: 5885, e: 2821
#ERR  p: [82], r: 5890, e: 2917
#ERR  p: [83], r: 5906, e: 2925
#ERR  p: [84], r: 5948, e: 2927
#ERR  p: [85], r: 5961, e: 2938
#ERR  p: [86], r: 5995, e: 2971
#ERR  p: [87], r: 6107, e: 3075
#ERR  p: [88], r: 6112, e: 3122
#ERR  p: [89], r: 6147, e: 3210
#ERR  p: [90], r: 6181, e: 3233
#ERR  p: [91], r: 6225, e: 3237
#ERR  p: [92], r: 6422, e: 3253
#ERR  p: [93], r: 6449, e: 3283
#ERR  p: [94], r: 6585, e: 3291
#ERR  p: [95], r: 6786, e: 3318
#ERR  p: [96], r: 6829, e: 3337
#ERR  p: [97], r: 6846, e: 3380
#ERR  p: [98], r: 6871, e: 3389
#ERR  p: [99], r: 6881, e: 3473
#ERR  p: [100], r: 6906, e: 3480
#ERR  p: [101], r: 6939, e: 3535
#ERR  p: [102], r: 7079, e: 3538
#ERR  p: [103], r: 7109, e: 3555
#ERR  p: [104], r: 7235, e: 3557
#ERR  p: [105], r: 7239, e: 3600
#ERR  p: [106], r: 7269, e: 3649
#ERR  p: [107], r: 7295, e: 3659
#ERR  p: [108], r: 7491, e: 3673
#ERR  p: [109], r: 7545, e: 3705
#ERR  p: [110], r: 7597, e: 3847
#ERR  p: [111], r: 7714, e: 3862
#ERR  p: [112], r: 7748, e: 3867
#ERR  p: [113], r: 7856, e: 3875
#ERR  p: [114], r: 7900, e: 3880
#ERR  p: [115], r: 7933, e: 3908
#ERR  p: [116], r: 7941, e: 3952
#ERR  p: [117], r: 7970, e: 3970
#ERR  p: [118], r: 8025, e: 3989
#ERR  p: [119], r: 8076, e: 4034
#ERR  p: [120], r: 8280, e: 4172
#ERR  p: [121], r: 8304, e: 4173
#ERR  p: [122], r: 8368, e: 4193
#ERR  p: [123], r: 8460, e: 4232
#ERR  p: [124], r: 8534, e: 4260
#ERR  p: [125], r: 8652, e: 4357
#ERR  p: [126], r: 8652, e: 4523
#ERR  p: [127], r: 8741, e: 4566
#ERR  p: [128], r: 8861, e: 4686
#ERR  p: [129], r: 8972, e: 4737
#ERR  p: [130], r: 8978, e: 4767
#ERR  p: [131], r: 9069, e: 4853
#ERR  p: [132], r: 9090, e: 4897
#ERR  p: [133], r: 9103, e: 4931
#ERR  p: [134], r: 9119, e: 4973
#ERR  p: [135], r: 9121, e: 5041
#ERR  p: [136], r: 9173, e: 5054
#ERR  p: [137], r: 9294, e: 5072
#ERR  p: [138], r: 9318, e: 5108
#ERR  p: [139], r: 9367, e: 5206
#ERR  p: [140], r: 9380, e: 5218
#ERR  p: [141], r: 9453, e: 5229
#ERR  p: [142], r: 9458, e: 5266
#ERR  p: [143], r: 9476, e: 5286
#ERR  p: [144], r: 9557, e: 5293
#ERR  p: [145], r: 9646, e: 5325
#ERR  p: [146], r: 9934, e: 5388
#ERR  p: [147], r: 9958, e: 5479
#ERR  p: [148], r: 9995, e: 5497
#ERR  p: [149], r: 10017, e: 5519
#ERR  p: [150], r: 10026, e: 5522
#ERR  p: [151], r: 10215, e: 5709
#ERR  p: [152], r: 10256, e: 5710
#ERR  p: [153], r: 10295, e: 5715
#ERR  p: [154], r: 10310, e: 5740
#ERR  p: [155], r: 10369, e: 5741
#ERR  p: [156], r: 10380, e: 5746
#ERR  p: [157], r: 10456, e: 5839
#ERR  p: [158], r: 10572, e: 5844
#ERR  p: [159], r: 10662, e: 5885
#ERR  p: [160], r: 10787, e: 5890
#ERR  p: [161], r: 10791, e: 5897
#ERR  p: [162], r: 10809, e: 5906
#ERR  p: [163], r: 10844, e: 5948
#ERR  p: [164], r: 10949, e: 5961
#ERR  p: [165], r: 10988, e: 5964
#ERR  p: [166], r: 11020, e: 5969
#ERR  p: [167], r: 11117, e: 5995
#ERR  p: [168], r: 11194, e: 6031
#ERR  p: [169], r: 11209, e: 6069
#ERR  p: [170], r: 11335, e: 6088
#ERR  p: [171], r: 11349, e: 6107
#ERR  p: [172], r: 11398, e: 6112
#ERR  p: [173], r: 11433, e: 6147
#ERR  p: [174], r: 11442, e: 6155
#ERR  p: [175], r: 11445, e: 6181
#ERR  p: [176], r: 11495, e: 6225
#ERR  p: [177], r: 11500, e: 6422
#ERR  p: [178], r: 11528, e: 6449
#ERR  p: [179], r: 11537, e: 6489
#ERR  p: [180], r: 11580, e: 6501
#ERR  p: [181], r: 11580, e: 6585
#ERR  p: [182], r: 11656, e: 6593
#ERR  p: [183], r: 11661, e: 6656
#ERR  p: [184], r: 11871, e: 6660
#ERR  p: [185], r: 11936, e: 6769
#ERR  p: [186], r: 12007, e: 6786
#ERR  p: [187], r: 12020, e: 6787
#ERR  p: [188], r: 12085, e: 6789
#ERR  p: [189], r: 12096, e: 6829
#ERR  p: [190], r: 12126, e: 6846
#ERR  p: [191], r: 12139, e: 6871
#ERR  p: [192], r: 12275, e: 6881
#ERR  p: [193], r: 12322, e: 6906
#ERR  p: [194], r: 12345, e: 6939
#ERR  p: [195], r: 12429, e: 6963
#ERR  p: [196], r: 12451, e: 6963
#ERR  p: [197], r: 12476, e: 7079
#ERR  p: [198], r: 12480, e: 7079
#ERR  p: [199], r: 12600, e: 7098
#ERR  p: [200], r: 12606, e: 7104
#ERR  p: [201], r: 12620, e: 7105
#ERR  p: [202], r: 12637, e: 7109
#ERR  p: [203], r: 12755, e: 7119
#ERR  p: [204], r: 12757, e: 7205
#ERR  p: [205], r: 12801, e: 7207
#ERR  p: [206], r: 12872, e: 7235
#ERR  p: [207], r: 13030, e: 7239
#ERR  p: [208], r: 13093, e: 7262
#ERR  p: [209], r: 13120, e: 7269
#ERR  p: [210], r: 13137, e: 7295
#ERR  p: [211], r: 13231, e: 7309
#ERR  p: [212], r: 13261, e: 7333
#ERR  p: [213], r: 13275, e: 7336
#ERR  p: [214], r: 13290, e: 7405
#ERR  p: [215], r: 13305, e: 7420
#ERR  p: [216], r: 13332, e: 7420
#ERR  p: [217], r: 13388, e: 7424
#ERR  p: [218], r: 13423, e: 7438
#ERR  p: [219], r: 13432, e: 7491
#ERR  p: [220], r: 13456, e: 7503
#ERR  p: [221], r: 13468, e: 7504
#ERR  p: [222], r: 13501, e: 7532
#ERR  p: [223], r: 13682, e: 7537
#ERR  p: [224], r: 13818, e: 7545
#ERR  p: [225], r: 13885, e: 7556
#ERR  p: [226], r: 13939, e: 7594
#ERR  p: [227], r: 13968, e: 7597
#ERR  p: [228], r: 14223, e: 7614
#ERR  p: [229], r: 14224, e: 7714
#ERR  p: [230], r: 14225, e: 7748
#ERR  p: [231], r: 14226, e: 7757
#ERR  p: [232], r: 14245, e: 7849
#ERR  p: [233], r: 14251, e: 7856
#ERR  p: [234], r: 14278, e: 7900
#ERR  p: [235], r: 14320, e: 7915
#ERR  p: [236], r: 14359, e: 7933
#ERR  p: [237], r: 14404, e: 7941
#ERR  p: [238], r: 14540, e: 7948
#ERR  p: [239], r: 14563, e: 7970
#ERR  p: [240], r: 14567, e: 7986
#ERR  p: [241], r: 14569, e: 8025
#ERR  p: [242], r: 14610, e: 8037
#ERR  p: [243], r: 14688, e: 8076
#ERR  p: [244], r: 14727, e: 8082
#ERR  p: [245], r: 14836, e: 8087
#ERR  p: [246], r: 14887, e: 8102
#ERR  p: [247], r: 14996, e: 8181
#ERR  p: [248], r: 15014, e: 8231
#ERR  p: [249], r: 15049, e: 8279
#ERR  p: [250], r: 15501, e: 8280
#ERR  p: [251], r: 15524, e: 8289
#ERR  p: [252], r: 15609, e: 8303
#ERR  p: [253], r: 15615, e: 8304
#ERR  p: [254], r: 15649, e: 8304
#ERR  p: [255], r: 15749, e: 8365
#ERR  p: [256], r: 15828, e: 8368
#ERR  p: [257], r: 15861, e: 8416
#ERR  p: [258], r: 16009, e: 8460
#ERR  p: [259], r: 16060, e: 8497
#ERR  p: [260], r: 16140, e: 8534
#ERR  p: [261], r: 16154, e: 8652
#ERR  p: [262], r: 16357, e: 8652
#ERR  p: [263], r: 16472, e: 8658
#ERR  p: [264], r: 16501, e: 8679
#ERR  p: [265], r: 16510, e: 8741
#ERR  p: [266], r: 16605, e: 8749
#ERR  p: [267], r: 16642, e: 8811
#ERR  p: [268], r: 16651, e: 8861
#ERR  p: [269], r: 16673, e: 8905
#ERR  p: [270], r: 16682, e: 8915
#ERR  p: [271], r: 16716, e: 8925
#ERR  p: [272], r: 16719, e: 8972
#ERR  p: [273], r: 16826, e: 8978
#ERR  p: [274], r: 16861, e: 9043
#ERR  p: [275], r: 16903, e: 9051
#ERR  p: [276], r: 16936, e: 9065
#ERR  p: [277], r: 17036, e: 9068
#ERR  p: [278], r: 17038, e: 9069
#ERR  p: [279], r: 17154, e: 9090
#ERR  p: [280], r: 17328, e: 9101
#ERR  p: [281], r: 17398, e: 9103
#ERR  p: [282], r: 17455, e: 9119
#ERR  p: [283], r: 17483, e: 9121
#ERR  p: [284], r: 17527, e: 9157
#ERR  p: [285], r: 17608, e: 9173
#ERR  p: [286], r: 17697, e: 9241
#ERR  p: [287], r: 17774, e: 9294
#ERR  p: [288], r: 17833, e: 9318
#ERR  p: [289], r: 17849, e: 9367
#ERR  p: [290], r: 17850, e: 9380
#ERR  p: [291], r: 17944, e: 9395
#ERR  p: [292], r: 18055, e: 9453
#ERR  p: [293], r: 18113, e: 9458
#ERR  p: [294], r: 18287, e: 9463
#ERR  p: [295], r: 18417, e: 9472
#ERR  p: [296], r: 18429, e: 9476
#ERR  p: [297], r: 18503, e: 9489
#ERR  p: [298], r: 18505, e: 9500
#ERR  p: [299], r: 18762, e: 9528
#ERR  p: [300], r: 18861, e: 9557
#ERR  p: [301], r: 18953, e: 9589
#ERR  p: [302], r: 19105, e: 9610
#ERR  p: [303], r: 19153, e: 9612
#ERR  p: [304], r: 19201, e: 9646
#ERR  p: [305], r: 19202, e: 9673
#ERR  p: [306], r: 19226, e: 9755
#ERR  p: [307], r: 19289, e: 9828
#ERR  p: [308], r: 19300, e: 9832
#ERR  p: [309], r: 19481, e: 9869
#ERR  p: [310], r: 19490, e: 9910
#ERR  p: [311], r: 19510, e: 9934
#ERR  p: [312], r: 19513, e: 9958
#ERR  p: [313], r: 19513, e: 9995
#ERR  p: [314], r: 19572, e: 10017
#ERR  p: [315], r: 19673, e: 10026
#ERR  p: [316], r: 19720, e: 10050
#ERR  p: [317], r: 19721, e: 10156
#ERR  p: [318], r: 19787, e: 10215
#ERR  p: [319], r: 19825, e: 10238
#ERR  p: [320], r: 19834, e: 10254
#ERR  p: [321], r: 19877, e: 10256
#ERR  p: [322], r: 19883, e: 10260
#ERR  p: [323], r: 19935, e: 10268
#ERR  p: [324], r: 19969, e: 10295
#ERR  p: [325], r: 20064, e: 10310
#ERR  p: [326], r: 20327, e: 10353
#ERR  p: [327], r: 20353, e: 10369
#ERR  p: [328], r: 20381, e: 10380
#ERR  p: [329], r: 20576, e: 10386
#ERR  p: [330], r: 20586, e: 10387
#ERR  p: [331], r: 20902, e: 10417
#ERR  p: [332], r: 21014, e: 10456
#ERR  p: [333], r: 21144, e: 10529
#ERR  p: [334], r: 21168, e: 10572
#ERR  p: [335], r: 21266, e: 10606
#ERR  p: [336], r: 21443, e: 10615
#ERR  p: [337], r: 21472, e: 10662
#ERR  p: [338], r: 21524, e: 10671
#ERR  p: [339], r: 21579, e: 10690
#ERR  p: [340], r: 21588, e: 10787
#ERR  p: [341], r: 21658, e: 10791
#ERR  p: [342], r: 21807, e: 10809
#ERR  p: [343], r: 21837, e: 10835
#ERR  p: [344], r: 21989, e: 10844
#ERR  p: [345], r: 22035, e: 10853
#ERR  p: [346], r: 22092, e: 10910
#ERR  p: [347], r: 22104, e: 10917
#ERR  p: [348], r: 22146, e: 10949
#ERR  p: [349], r: 22166, e: 10988
#ERR  p: [350], r: 22197, e: 10988
#ERR  p: [351], r: 22263, e: 11020
#ERR  p: [352], r: 22323, e: 11052
#ERR  p: [353], r: 22369, e: 11090
#ERR  p: [354], r: 22515, e: 11117
#ERR  p: [355], r: 22652, e: 11119
#ERR  p: [356], r: 22707, e: 11194
#ERR  p: [357], r: 22747, e: 11209
#ERR  p: [358], r: 22764, e: 11248
#ERR  p: [359], r: 22819, e: 11254
#ERR  p: [360], r: 22890, e: 11280
#ERR  p: [361], r: 22959, e: 11287
#ERR  p: [362], r: 22968, e: 11302
#ERR  p: [363], r: 23038, e: 11304
#ERR  p: [364], r: 23052, e: 11335
#ERR  p: [365], r: 23089, e: 11349
#ERR  p: [366], r: 23098, e: 11352
#ERR  p: [367], r: 23102, e: 11398
#ERR  p: [368], r: 23245, e: 11433
#ERR  p: [369], r: 23294, e: 11442
#ERR  p: [370], r: 23324, e: 11445
#ERR  p: [371], r: 23360, e: 11465
#ERR  p: [372], r: 23386, e: 11472
#ERR  p: [373], r: 23614, e: 11495
#ERR  p: [374], r: 23675, e: 11500
#ERR  p: [375], r: 23701, e: 11528
#ERR  p: [376], r: 23706, e: 11537
#ERR  p: [377], r: 23742, e: 11580
#ERR  p: [378], r: 23796, e: 11580
#ERR  p: [379], r: 23814, e: 11656
#ERR  p: [380], r: 23976, e: 11661
#ERR  p: [381], r: 24000, e: 11674
#ERR  p: [382], r: 24021, e: 11819
#ERR  p: [383], r: 24059, e: 11860
#ERR  p: [384], r: 24096, e: 11871
#ERR  p: [385], r: 24116, e: 11936
#ERR  p: [386], r: 24116, e: 12007
#ERR  p: [387], r: 24124, e: 12020
#ERR  p: [388], r: 24136, e: 12085
#ERR  p: [389], r: 24282, e: 12096
#ERR  p: [390], r: 24341, e: 12126
#ERR  p: [391], r: 24410, e: 12139
#ERR  p: [392], r: 24427, e: 12275
#ERR  p: [393], r: 24574, e: 12296
#ERR  p: [394], r: 24633, e: 12309
#ERR  p: [395], r: 24754, e: 12322
#ERR  p: [396], r: 24819, e: 12345
#ERR  p: [397], r: 24819, e: 12429
#ERR  p: [398], r: 24847, e: 12451
#ERR  p: [399], r: 24861, e: 12476
#ERR  p: [400], r: 24892, e: 12480
#ERR  p: [401], r: 24901, e: 12528
#ERR  p: [402], r: 24954, e: 12600
#ERR  p: [403], r: 24961, e: 12606
#ERR  p: [404], r: 25001, e: 12606
#ERR  p: [405], r: 25088, e: 12620
#ERR  p: [406], r: 25145, e: 12637
#ERR  p: [407], r: 25239, e: 12663
#ERR  p: [408], r: 25287, e: 12701
#ERR  p: [409], r: 25303, e: 12755
#ERR  p: [410], r: 25341, e: 12757
#ERR  p: [411], r: 25369, e: 12759
#ERR  p: [412], r: 25428, e: 12801
#ERR  p: [413], r: 25435, e: 12872
#ERR  p: [414], r: 25458, e: 12880
#ERR  p: [415], r: 25555, e: 13022
#ERR  p: [416], r: 25559, e: 13030
#ERR  p: [417], r: 25638, e: 13093
#ERR  p: [418], r: 25711, e: 13120
#ERR  p: [419], r: 25788, e: 13137
#ERR  p: [420], r: 25796, e: 13187
#ERR  p: [421], r: 25812, e: 13231
#ERR  p: [422], r: 25841, e: 13261
#ERR  p: [423], r: 25860, e: 13275
#ERR  p: [424], r: 25877, e: 13290
#ERR  p: [425], r: 25884, e: 13296
#ERR  p: [426], r: 25995, e: 13305
#ERR  p: [427], r: 25998, e: 13320
#ERR  p: [428], r: 26054, e: 13332
#ERR  p: [429], r: 26064, e: 13372
#ERR  p: [430], r: 26073, e: 13388
#ERR  p: [431], r: 26132, e: 13395
#ERR  p: [432], r: 26230, e: 13423
#ERR  p: [433], r: 26353, e: 13432
#ERR  p: [434], r: 26450, e: 13456
#ERR  p: [435], r: 26479, e: 13468
#ERR  p: [436], r: 26546, e: 13501
#ERR  p: [437], r: 26610, e: 13529
#ERR  p: [438], r: 26624, e: 13548
#ERR  p: [439], r: 26643, e: 13620
#ERR  p: [440], r: 26679, e: 13646
#ERR  p: [441], r: 26724, e: 13682
#ERR  p: [442], r: 26775, e: 13712
#ERR  p: [443], r: 26838, e: 13818
#ERR  p: [444], r: 27017, e: 13873
#ERR  p: [445], r: 27019, e: 13885
#ERR  p: [446], r: 27220, e: 13939
#ERR  p: [447], r: 27346, e: 13968
#ERR  p: [448], r: 27356, e: 13976
#ERR  p: [449], r: 27563, e: 13991
#ERR  p: [450], r: 27604, e: 14011
#ERR  p: [451], r: 27652, e: 14026
#ERR  p: [452], r: 27920, e: 14131
#ERR  p: [453], r: 27973, e: 14142
#ERR  p: [454], r: 27973, e: 14210
#ERR  p: [455], r: 28079, e: 14223
#ERR  p: [456], r: 28191, e: 14224
#ERR  p: [457], r: 28251, e: 14225
#ERR  p: [458], r: 28384, e: 14226
#ERR  p: [459], r: 28432, e: 14241
#ERR  p: [460], r: 28493, e: 14245
#ERR  p: [461], r: 28506, e: 14251
#ERR  p: [462], r: 28509, e: 14278
#ERR  p: [463], r: 28524, e: 14320
#ERR  p: [464], r: 28560, e: 14359
#ERR  p: [465], r: 28647, e: 14364
#ERR  p: [466], r: 28721, e: 14404
#ERR  p: [467], r: 28782, e: 14464
#ERR  p: [468], r: 28814, e: 14482
#ERR  p: [469], r: 28844, e: 14534
#ERR  p: [470], r: 28938, e: 14540
#ERR  p: [471], r: 29053, e: 14557
#ERR  p: [472], r: 29059, e: 14563
#ERR  p: [473], r: 29111, e: 14567
#ERR  p: [474], r: 29207, e: 14569
#ERR  p: [475], r: 29299, e: 14610
#ERR  p: [476], r: 29443, e: 14666
#ERR  p: [477], r: 29460, e: 14688
#ERR  p: [478], r: 29471, e: 14689
#ERR  p: [479], r: 29494, e: 14727
#ERR  p: [480], r: 29505, e: 14738
#ERR  p: [481], r: 29560, e: 14739
#ERR  p: [482], r: 29604, e: 14798
#ERR  p: [483], r: 29639, e: 14801
#ERR  p: [484], r: 29640, e: 14809
#ERR  p: [485], r: 29841, e: 14822
#ERR  p: [486], r: 29871, e: 14836
#ERR  p: [487], r: 30011, e: 14887
#ERR  p: [488], r: 30015, e: 14923
#ERR  p: [489], r: 30136, e: 14925
#ERR  p: [490], r: 30138, e: 14985
#ERR  p: [491], r: 30150, e: 14996
#ERR  p: [492], r: 30226, e: 15014
#ERR  p: [493], r: 30296, e: 15038
#ERR  p: [494], r: 30382, e: 15042
#ERR  p: [495], r: 30458, e: 15046
#ERR  p: [496], r: 30532, e: 15049
#ERR  p: [497], r: 30535, e: 15090
#ERR  p: [498], r: 30610, e: 15098
#ERR  p: [499], r: 30626, e: 15341
#SDC Ite:0 KerTime:75.801032 AccTime:75.801032 KerErr:36944 AccErr:36944
#ABORT too many errors per iteration
#END