#HEADER size:67108864 omp_num_threads:228
#BEGIN Y:2016 M:12 D:14 Time:14:02:24
#IT Ite:0 KerTime:7.904305 AccTime:7.904305
#IT Ite:10 KerTime:7.606929 AccTime:84.292170
#IT Ite:20 KerTime:7.654596 AccTime:161.264085
#IT Ite:30 KerTime:7.600153 AccTime:237.836083
#IT Ite:40 KerTime:7.657214 AccTime:314.315865
#IT Ite:50 KerTime:7.652599 AccTime:390.907005
#IT Ite:60 KerTime:7.775339 AccTime:467.730631
#IT Ite:70 KerTime:7.538941 AccTime:544.314053
#IT Ite:80 KerTime:7.712304 AccTime:621.002238
#IT Ite:90 KerTime:7.655769 AccTime:697.238369
#IT Ite:100 KerTime:7.592714 AccTime:774.229692
#IT Ite:110 KerTime:7.662308 AccTime:850.855347
#ERR  p: [21769868], r: 1393470341, e: 0
#ERR  p: [21769869], r: 1393470394, e: 0
#ERR  p: [21769870], r: 1393470437, e: 0
#ERR  p: [21769871], r: 1393470440, e: 84246
#ERR  p: [21769872], r: 1393470467, e: 0
#ERR  p: [21769873], r: 1393470585, e: 0
#ERR  p: [21769874], r: 1393470616, e: 0
#ERR  p: [21769875], r: 1393470645, e: 0
#ERR  p: [21769876], r: 1393470697, e: 302
#ERR  p: [21769877], r: 1393470825, e: 37
#ERR  p: [21769878], r: 1393471024, e: 375
#ERR  p: [21769879], r: 1393471048, e: 0
#ERR  p: [21769880], r: 1393471051, e: 0
#ERR  p: [21769881], r: 1393471093, e: 0
#ERR  p: [21769882], r: 1393471133, e: 0
#ERR  p: [21769883], r: 1393471160, e: 0
#SDC Ite:111 KerTime:7.764795 AccTime:858.620142 KerErr:16 AccErr:16
#IT Ite:120 KerTime:7.677252 AccTime:927.563025
#IT Ite:130 KerTime:7.737382 AccTime:1004.759095
#ERR  p: [4944668], r: 2164498286, e: 316683515
#ERR  p: [4944669], r: 258, e: 316683535
#ERR  p: [4944670], r: 0, e: 316683586
#ERR  p: [4944671], r: 0, e: 316683812
#ERR  p: [4944672], r: 0, e: 316684044
#ERR  p: [4944673], r: 0, e: 316684132
#ERR  p: [4944674], r: 0, e: 316684239
#ERR  p: [4944675], r: 0, e: 316684350
#ERR  p: [4944676], r: 2616031549, e: 316684358
#ERR  p: [4944677], r: 0, e: 316684490
#ERR  p: [4944678], r: 0, e: 316684573
#ERR  p: [4944679], r: 0, e: 316684580
#ERR  p: [4944680], r: 0, e: 316684771
#ERR  p: [4944681], r: 512, e: 316684911
#ERR  p: [4944682], r: 0, e: 316684974
#ERR  p: [4944683], r: 1109, e: 316684995
#SDC Ite:133 KerTime:7.561718 AccTime:1027.701611 KerErr:16 AccErr:32
#IT Ite:140 KerTime:7.679173 AccTime:1081.466046
#ERR  p: [49120040], r: 0, e: 3143824989
#ERR  p: [49120041], r: 0, e: 3143825236
#ERR  p: [49120042], r: 0, e: 3143825251
#ERR  p: [49120043], r: 0, e: 3143825269
#ERR  p: [49120044], r: 0, e: 3143825501
#ERR  p: [49120045], r: 0, e: 3143825840
#ERR  p: [49120046], r: 0, e: 3143825885
#ERR  p: [49120047], r: 0, e: 3143825945
#ERR  p: [49120048], r: 0, e: 3143826018
#ERR  p: [49120049], r: 0, e: 3143826077
#ERR  p: [49120050], r: 0, e: 3143826244
#ERR  p: [49120051], r: 32583, e: 3143826255
#ERR  p: [49120052], r: 150883672, e: 3143826256
#ERR  p: [49120053], r: 150883673, e: 3143826339
#ERR  p: [49120054], r: 1208969472, e: 3143826343
#ERR  p: [49120055], r: 3143824989, e: 3143826364
#ERR  p: [49120056], r: 3143825236, e: 3143826405
#ERR  p: [49120057], r: 3143825251, e: 3143826425
#ERR  p: [49120058], r: 3143825269, e: 3143826560
#ERR  p: [49120059], r: 3143825501, e: 3143826634
#ERR  p: [49120060], r: 3143825840, e: 3143826655
#ERR  p: [49120061], r: 3143825885, e: 3143826695
#ERR  p: [49120062], r: 3143825945, e: 3143826726
#ERR  p: [49120063], r: 3143826018, e: 3143826752
#ERR  p: [49120064], r: 3143826077, e: 3143826757
#ERR  p: [49120065], r: 3143826244, e: 3143826788
#ERR  p: [49120066], r: 3143826255, e: 3143826817
#ERR  p: [49120067], r: 3143826256, e: 3143826880
#ERR  p: [49120068], r: 3143826339, e: 3143826884
#ERR  p: [49120069], r: 3143826343, e: 3143826914
#ERR  p: [49120070], r: 3143826364, e: 3143827015
#ERR  p: [49120071], r: 3143826405, e: 3143827059
#ERR  p: [49120072], r: 3143826425, e: 3143827081
#ERR  p: [49120073], r: 3143826560, e: 3143827148
#ERR  p: [49120074], r: 3143826634, e: 3143827162
#ERR  p: [49120075], r: 3143826655, e: 3143827205
#ERR  p: [49120076], r: 3143826695, e: 3143827238
#ERR  p: [49120077], r: 3143826726, e: 3143827343
#ERR  p: [49120078], r: 3143826752, e: 3143827355
#ERR  p: [49120079], r: 3143826757, e: 3143827422
#ERR  p: [49120080], r: 3143826788, e: 3143827447
#ERR  p: [49120081], r: 3143826817, e: 3143827449
#ERR  p: [49120082], r: 3143826880, e: 3143827626
#ERR  p: [49120083], r: 3143826884, e: 3143827755
#ERR  p: [49120084], r: 3143826914, e: 3143827766
#ERR  p: [49120085], r: 3143827015, e: 3143827804
#ERR  p: [49120086], r: 3143827059, e: 3143827851
#ERR  p: [49120087], r: 3143827081, e: 3143827934
#ERR  p: [49120088], r: 3143827148, e: 3143828120
#ERR  p: [49120089], r: 3143827162, e: 3143828130
#ERR  p: [49120090], r: 3143827205, e: 3143828140
#ERR  p: [49120091], r: 3143827238, e: 3143828142
#ERR  p: [49120092], r: 3143827343, e: 3143828181
#ERR  p: [49120093], r: 3143827355, e: 3143828201
#ERR  p: [49120094], r: 3143827422, e: 3143828245
#ERR  p: [49120095], r: 3143827447, e: 3143828278
#ERR  p: [49120096], r: 3143827449, e: 3143828363
#ERR  p: [49120097], r: 3143827626, e: 3143828386
#ERR  p: [49120098], r: 3143827755, e: 3143828537
#ERR  p: [49120099], r: 3143827766, e: 3143828564
#ERR  p: [49120100], r: 3143827804, e: 3143828604
#ERR  p: [49120101], r: 3143827851, e: 3143828645
#ERR  p: [49120102], r: 3143827934, e: 3143828660
#ERR  p: [49120103], r: 3143828120, e: 3143828735
#ERR  p: [49120104], r: 3143828130, e: 3143828766
#ERR  p: [49120105], r: 3143828140, e: 3143829151
#ERR  p: [49120106], r: 3143828142, e: 3143829168
#ERR  p: [49120107], r: 3143828181, e: 3143829237
#ERR  p: [49120108], r: 3143828201, e: 3143829281
#ERR  p: [49120109], r: 3143828245, e: 3143829306
#ERR  p: [49120110], r: 3143828278, e: 3143829615
#ERR  p: [49120111], r: 3143828363, e: 3143829775
#ERR  p: [49120112], r: 3143828386, e: 3143829785
#ERR  p: [49120113], r: 3143828537, e: 3143829801
#ERR  p: [49120114], r: 3143828564, e: 3143829826
#ERR  p: [49120115], r: 3143828604, e: 3143829854
#ERR  p: [49120116], r: 3143828645, e: 3143829883
#ERR  p: [49120117], r: 3143828735, e: 3143829885
#ERR  p: [49120118], r: 3143828766, e: 3143829946
#ERR  p: [49120119], r: 3143829151, e: 3143829979
#ERR  p: [49120120], r: 3143829168, e: 3143830066
#ERR  p: [49120121], r: 3143829281, e: 3143830116
#ERR  p: [49120122], r: 3143829306, e: 3143830378
#ERR  p: [49120123], r: 3143829615, e: 3143830540
#ERR  p: [49120124], r: 3143829775, e: 3143830542
#ERR  p: [49120125], r: 3143829785, e: 3143830625
#ERR  p: [49120126], r: 3143829801, e: 3143830657
#ERR  p: [49120127], r: 3143829826, e: 3143830798
#ERR  p: [49120128], r: 3143829854, e: 3143830813
#ERR  p: [49120129], r: 3143829883, e: 3143830875
#ERR  p: [49120130], r: 3143829885, e: 3143830925
#ERR  p: [49120131], r: 3143829946, e: 3143830936
#ERR  p: [49120132], r: 3143829979, e: 3143830992
#ERR  p: [49120133], r: 3143830066, e: 3143831015
#ERR  p: [49120134], r: 3143830116, e: 3143831033
#ERR  p: [49120135], r: 3143830378, e: 3143831071
#ERR  p: [49120136], r: 3143830540, e: 3143831096
#ERR  p: [49120137], r: 3143830542, e: 3143831209
#ERR  p: [49120138], r: 3143830625, e: 3143831218
#ERR  p: [49120139], r: 3143830657, e: 3143831371
#ERR  p: [49120140], r: 3143830798, e: 3143831531
#ERR  p: [49120141], r: 3143830813, e: 3143831556
#ERR  p: [49120142], r: 3143830875, e: 3143831613
#ERR  p: [49120143], r: 3143830925, e: 3143831848
#ERR  p: [49120144], r: 3143830936, e: 3143831867
#ERR  p: [49120145], r: 3143830992, e: 3143831934
#ERR  p: [49120146], r: 3143831015, e: 3143831960
#ERR  p: [49120147], r: 3143831033, e: 3143832131
#ERR  p: [49120148], r: 3143831071, e: 3143832344
#ERR  p: [49120149], r: 3143831096, e: 3143832345
#ERR  p: [49120150], r: 3143831209, e: 3143832384
#ERR  p: [49120151], r: 3143831218, e: 3143832406
#ERR  p: [49120152], r: 3143831371, e: 3143832438
#ERR  p: [49120153], r: 3143831531, e: 3143832456
#ERR  p: [49120154], r: 3143831556, e: 3143832461
#ERR  p: [49120155], r: 3143831613, e: 3143832461
#ERR  p: [49120156], r: 3143831848, e: 3143832578
#ERR  p: [49120157], r: 3143831867, e: 3143832588
#ERR  p: [49120158], r: 3143831934, e: 3143832588
#ERR  p: [49120159], r: 3143831960, e: 3143832649
#ERR  p: [49120160], r: 3143832131, e: 3143832651
#ERR  p: [49120161], r: 3143832344, e: 3143832696
#ERR  p: [49120162], r: 3143832345, e: 3143832949
#ERR  p: [49120163], r: 3143832384, e: 3143832995
#ERR  p: [49120164], r: 3143832406, e: 3143833089
#ERR  p: [49120165], r: 3143832438, e: 3143833094
#ERR  p: [49120166], r: 3143832456, e: 3143833104
#ERR  p: [49120167], r: 3143832461, e: 3143833127
#ERR  p: [49120168], r: 3143832461, e: 3143833172
#ERR  p: [49120169], r: 3143832578, e: 3143833299
#ERR  p: [49120170], r: 3143832588, e: 3143833314
#ERR  p: [49120171], r: 3143832588, e: 3143833396
#ERR  p: [49120172], r: 3143832649, e: 3143833513
#ERR  p: [49120173], r: 3143832651, e: 3143833618
#ERR  p: [49120174], r: 3143832696, e: 3143833636
#ERR  p: [49120175], r: 3143832949, e: 3143833637
#ERR  p: [49120176], r: 3143832995, e: 3143833783
#ERR  p: [49120177], r: 3143833089, e: 3143833783
#ERR  p: [49120178], r: 3143833094, e: 3143833889
#ERR  p: [49120179], r: 3143833104, e: 3143833950
#ERR  p: [49120180], r: 3143833127, e: 3143833954
#ERR  p: [49120181], r: 3143833172, e: 3143833996
#ERR  p: [49120182], r: 3143833299, e: 3143834023
#ERR  p: [49120183], r: 3143833314, e: 3143834221
#ERR  p: [49120184], r: 3143833396, e: 3143834291
#ERR  p: [49120185], r: 3143833513, e: 3143834338
#ERR  p: [49120186], r: 3143833618, e: 3143834383
#ERR  p: [49120187], r: 3143833636, e: 3143834440
#ERR  p: [49120188], r: 3143833637, e: 3143834646
#ERR  p: [49120189], r: 3143833783, e: 3143834786
#ERR  p: [49120190], r: 3143833783, e: 3143834810
#ERR  p: [49120191], r: 3143833889, e: 3143834841
#ERR  p: [49120192], r: 3143833950, e: 3143834871
#ERR  p: [49120193], r: 3143833954, e: 3143834932
#ERR  p: [49120194], r: 3143833996, e: 3143835029
#ERR  p: [49120195], r: 3143834023, e: 3143835048
#ERR  p: [49120196], r: 3143834221, e: 3143835050
#ERR  p: [49120197], r: 3143834291, e: 3143835053
#ERR  p: [49120198], r: 3143834338, e: 3143835137
#ERR  p: [49120199], r: 3143834383, e: 3143835331
#ERR  p: [49120200], r: 3143834440, e: 3143835361
#ERR  p: [49120201], r: 3143834786, e: 3143835558
#ERR  p: [49120202], r: 3143834810, e: 3143835578
#ERR  p: [49120203], r: 3143834841, e: 3143835603
#ERR  p: [49120204], r: 3143834871, e: 3143835648
#ERR  p: [49120205], r: 3143834932, e: 3143835697
#ERR  p: [49120206], r: 3143835029, e: 3143835730
#ERR  p: [49120207], r: 3143835048, e: 3143835762
#ERR  p: [49120208], r: 3143835050, e: 3143835992
#ERR  p: [49120209], r: 3143835053, e: 3143836024
#ERR  p: [49120210], r: 3143835331, e: 3143836029
#ERR  p: [49120211], r: 3143835361, e: 3143836250
#ERR  p: [49120212], r: 3143835558, e: 3143836293
#ERR  p: [49120213], r: 3143835578, e: 3143836368
#ERR  p: [49120214], r: 3143835603, e: 3143836383
#ERR  p: [49120215], r: 3143835648, e: 3143836424
#ERR  p: [49120216], r: 3143835697, e: 3143836459
#ERR  p: [49120217], r: 3143835730, e: 3143836525
#ERR  p: [49120218], r: 3143835762, e: 3143836625
#ERR  p: [49120219], r: 3143836024, e: 3143836636
#ERR  p: [49120220], r: 3143836029, e: 3143836678
#ERR  p: [49120221], r: 3143836250, e: 3143836686
#ERR  p: [49120222], r: 3143836293, e: 3143836768
#ERR  p: [49120223], r: 3143836368, e: 3143836816
#ERR  p: [49120224], r: 3143836383, e: 3143836821
#ERR  p: [49120225], r: 3143836424, e: 3143836856
#ERR  p: [49120226], r: 3143836459, e: 3143836933
#ERR  p: [49120227], r: 3143836525, e: 3143836939
#ERR  p: [49120228], r: 3143836625, e: 3143837182
#ERR  p: [49120229], r: 3143836636, e: 3143837264
#ERR  p: [49120230], r: 3143836678, e: 3143837296
#ERR  p: [49120231], r: 3143836686, e: 3143837304
#ERR  p: [49120232], r: 3143836768, e: 3143837305
#ERR  p: [49120233], r: 3143836816, e: 3143837360
#ERR  p: [49120234], r: 3143836821, e: 3143837434
#ERR  p: [49120235], r: 3143836856, e: 3143837580
#ERR  p: [49120236], r: 3143836933, e: 3143837602
#ERR  p: [49120237], r: 3143836939, e: 3143837647
#ERR  p: [49120238], r: 3143837182, e: 3143837734
#ERR  p: [49120239], r: 3143837264, e: 3143837746
#ERR  p: [49120240], r: 3143837296, e: 3143837798
#ERR  p: [49120241], r: 3143837304, e: 3143837814
#ERR  p: [49120242], r: 3143837360, e: 3143837866
#ERR  p: [49120243], r: 3143837434, e: 3143837971
#ERR  p: [49120244], r: 3143837580, e: 3143837988
#ERR  p: [49120245], r: 3143837602, e: 3143838014
#ERR  p: [49120246], r: 3143837647, e: 3143838019
#ERR  p: [49120247], r: 3143837734, e: 3143838124
#ERR  p: [49120248], r: 3143837746, e: 3143838200
#ERR  p: [49120249], r: 3143837798, e: 3143838256
#ERR  p: [49120250], r: 3143837814, e: 3143838445
#ERR  p: [49120251], r: 3143837866, e: 3143838468
#ERR  p: [49120252], r: 3143837971, e: 3143838472
#ERR  p: [49120253], r: 3143837988, e: 3143838489
#ERR  p: [49120254], r: 3143838014, e: 3143838604
#ERR  p: [49120255], r: 3143838019, e: 3143838607
#ERR  p: [49120256], r: 3143838124, e: 3143838629
#ERR  p: [49120257], r: 3143838200, e: 3143838741
#ERR  p: [49120258], r: 3143838256, e: 3143838766
#ERR  p: [49120259], r: 3143838445, e: 3143838973
#ERR  p: [49120260], r: 3143838468, e: 3143838977
#ERR  p: [49120261], r: 3143838472, e: 3143839177
#ERR  p: [49120262], r: 3143838489, e: 3143839204
#ERR  p: [49120263], r: 3143838604, e: 3143839206
#ERR  p: [49120264], r: 3143838607, e: 3143839432
#ERR  p: [49120265], r: 3143838629, e: 3143839480
#ERR  p: [49120266], r: 3143838741, e: 3143839677
#ERR  p: [49120267], r: 3143838766, e: 3143839773
#ERR  p: [49120268], r: 3143838973, e: 3143839827
#ERR  p: [49120269], r: 3143838977, e: 3143839830
#ERR  p: [49120270], r: 3143839177, e: 3143839945
#ERR  p: [49120271], r: 3143839204, e: 3143839961
#ERR  p: [49120272], r: 3143839206, e: 3143839994
#ERR  p: [49120273], r: 3143839432, e: 3143840004
#ERR  p: [49120274], r: 3143839480, e: 3143840216
#ERR  p: [49120275], r: 3143839677, e: 3143840300
#ERR  p: [49120276], r: 3143839773, e: 3143840402
#ERR  p: [49120277], r: 3143839827, e: 3143840475
#ERR  p: [49120278], r: 3143839830, e: 3143840548
#ERR  p: [49120279], r: 3143839945, e: 3143840632
#ERR  p: [49120280], r: 3143839961, e: 3143840637
#ERR  p: [49120281], r: 3143839994, e: 3143840675
#ERR  p: [49120282], r: 3143840004, e: 3143840773
#ERR  p: [49120283], r: 3143840216, e: 3143840917
#ERR  p: [49120284], r: 3143840300, e: 3143840950
#ERR  p: [49120285], r: 3143840402, e: 3143841009
#ERR  p: [49120286], r: 3143840475, e: 3143841089
#ERR  p: [49120287], r: 3143840548, e: 3143841108
#ERR  p: [49120288], r: 3143840632, e: 3143841174
#ERR  p: [49120289], r: 3143840637, e: 3143841236
#ERR  p: [49120290], r: 3143840675, e: 3143841244
#ERR  p: [49120291], r: 3143840773, e: 3143841279
#ERR  p: [49120292], r: 3143840917, e: 3143841300
#ERR  p: [49120293], r: 3143840950, e: 3143841313
#ERR  p: [49120294], r: 3143841089, e: 3143841442
#ERR  p: [49120295], r: 3143841108, e: 3143841480
#ERR  p: [49120296], r: 3143841174, e: 3143841601
#ERR  p: [49120297], r: 3143841236, e: 3143841603
#ERR  p: [49120298], r: 3143841244, e: 3143841748
#ERR  p: [49120299], r: 3143841279, e: 3143842096
#ERR  p: [49120300], r: 3143841300, e: 3143842264
#ERR  p: [49120301], r: 3143841313, e: 3143842282
#ERR  p: [49120302], r: 3143841442, e: 3143842307
#ERR  p: [49120303], r: 3143841480, e: 3143842313
#ERR  p: [49120304], r: 3143841601, e: 3143842385
#ERR  p: [49120305], r: 3143841603, e: 3143842465
#ERR  p: [49120306], r: 3143841748, e: 3143842467
#ERR  p: [49120307], r: 3143842096, e: 3143842519
#ERR  p: [49120308], r: 3143842264, e: 3143842571
#ERR  p: [49120309], r: 3143842282, e: 3143842590
#ERR  p: [49120310], r: 3143842307, e: 3143842737
#ERR  p: [49120311], r: 3143842313, e: 3143842787
#ERR  p: [49120312], r: 3143842385, e: 3143842790
#ERR  p: [49120313], r: 3143842465, e: 3143842873
#ERR  p: [49120314], r: 3143842467, e: 3143842885
#ERR  p: [49120315], r: 3143842519, e: 3143842895
#ERR  p: [49120316], r: 3143842571, e: 3143842934
#ERR  p: [49120317], r: 3143842590, e: 3143842939
#ERR  p: [49120318], r: 3143842737, e: 3143842952
#ERR  p: [49120319], r: 3143842787, e: 3143843106
#ERR  p: [49120320], r: 3143842790, e: 3143843140
#ERR  p: [49120321], r: 3143842873, e: 3143843155
#ERR  p: [49120322], r: 3143842885, e: 3143843213
#ERR  p: [49120323], r: 3143842895, e: 3143843225
#ERR  p: [49120324], r: 3143842934, e: 3143843253
#ERR  p: [49120325], r: 3143842939, e: 3143843268
#ERR  p: [49120326], r: 3143842952, e: 3143843304
#ERR  p: [49120327], r: 3143843106, e: 3143843457
#ERR  p: [49120328], r: 3143843140, e: 3143843562
#ERR  p: [49120329], r: 3143843155, e: 3143843599
#ERR  p: [49120330], r: 3143843213, e: 3143843691
#ERR  p: [49120331], r: 3143843225, e: 3143843855
#ERR  p: [49120332], r: 3143843253, e: 3143844121
#ERR  p: [49120333], r: 3143843268, e: 3143844139
#ERR  p: [49120334], r: 3143843304, e: 3143844156
#ERR  p: [49120335], r: 3143843457, e: 3143844175
#ERR  p: [49120336], r: 3143843562, e: 3143844247
#ERR  p: [49120337], r: 3143843599, e: 3143844403
#ERR  p: [49120338], r: 3143843691, e: 3143844422
#ERR  p: [49120339], r: 3143843855, e: 3143844464
#ERR  p: [49120340], r: 3143844121, e: 3143844469
#ERR  p: [49120341], r: 3143844139, e: 3143844537
#ERR  p: [49120342], r: 3143844156, e: 3143844544
#ERR  p: [49120343], r: 3143844175, e: 3143844654
#ERR  p: [49120344], r: 3143844247, e: 3143844667
#ERR  p: [49120345], r: 3143844403, e: 3143844680
#ERR  p: [49120346], r: 3143844422, e: 3143844794
#ERR  p: [49120347], r: 3143844464, e: 3143844802
#ERR  p: [49120348], r: 3143844469, e: 3143844978
#ERR  p: [49120349], r: 3143844537, e: 3143845036
#ERR  p: [49120350], r: 3143844544, e: 3143845145
#ERR  p: [49120351], r: 3143844654, e: 3143845277
#ERR  p: [49120352], r: 3143844667, e: 3143845346
#ERR  p: [49120353], r: 3143844680, e: 3143845790
#ERR  p: [49120354], r: 3143844794, e: 3143845793
#ERR  p: [49120355], r: 3143844802, e: 3143845800
#ERR  p: [49120356], r: 3143844978, e: 3143845840
#ERR  p: [49120357], r: 3143845036, e: 3143845897
#ERR  p: [49120358], r: 3143845145, e: 3143845915
#ERR  p: [49120359], r: 3143845277, e: 3143845919
#ERR  p: [49120360], r: 3143845346, e: 3143845957
#ERR  p: [49120361], r: 3143845790, e: 3143846060
#ERR  p: [49120362], r: 3143845793, e: 3143846259
#ERR  p: [49120363], r: 3143845800, e: 3143846314
#ERR  p: [49120364], r: 3143845840, e: 3143846324
#ERR  p: [49120365], r: 3143845897, e: 3143846459
#ERR  p: [49120366], r: 3143845915, e: 3143846789
#ERR  p: [49120367], r: 3143845919, e: 3143846814
#ERR  p: [49120368], r: 3143845957, e: 3143846815
#ERR  p: [49120369], r: 3143846060, e: 3143846834
#ERR  p: [49120370], r: 3143846259, e: 3143846842
#ERR  p: [49120371], r: 3143846314, e: 3143846915
#ERR  p: [49120372], r: 3143846324, e: 3143846935
#ERR  p: [49120373], r: 3143846459, e: 3143846946
#ERR  p: [49120374], r: 3143846789, e: 3143847033
#ERR  p: [49120375], r: 3143846814, e: 3143847042
#ERR  p: [49120376], r: 3143846815, e: 3143847122
#ERR  p: [49120377], r: 3143846834, e: 3143847241
#ERR  p: [49120378], r: 3143846842, e: 3143847254
#ERR  p: [49120379], r: 3143846915, e: 3143847264
#ERR  p: [49120380], r: 3143846935, e: 3143847295
#ERR  p: [49120381], r: 3143846946, e: 3143847343
#ERR  p: [49120382], r: 3143847033, e: 3143847556
#ERR  p: [49120383], r: 3143847042, e: 3143847564
#ERR  p: [49120384], r: 3143847122, e: 3143847593
#ERR  p: [49120385], r: 3143847241, e: 3143847600
#ERR  p: [49120386], r: 3143847254, e: 3143847761
#ERR  p: [49120387], r: 3143847264, e: 3143847790
#ERR  p: [49120388], r: 3143847295, e: 3143847822
#ERR  p: [49120389], r: 3143847343, e: 3143847833
#ERR  p: [49120390], r: 3143847556, e: 3143847924
#ERR  p: [49120391], r: 3143847564, e: 3143847954
#ERR  p: [49120392], r: 3143847593, e: 3143847966
#ERR  p: [49120393], r: 3143847600, e: 3143847967
#ERR  p: [49120394], r: 3143847761, e: 3143848038
#ERR  p: [49120395], r: 3143847790, e: 3143848172
#ERR  p: [49120396], r: 3143847822, e: 3143848312
#ERR  p: [49120397], r: 3143847833, e: 3143848339
#ERR  p: [49120398], r: 3143847924, e: 3143848341
#ERR  p: [49120399], r: 3143847954, e: 3143848350
#ERR  p: [49120400], r: 3143847966, e: 3143848415
#ERR  p: [49120401], r: 3143847967, e: 3143848422
#ERR  p: [49120402], r: 3143848038, e: 3143848537
#ERR  p: [49120403], r: 3143848172, e: 3143848615
#ERR  p: [49120404], r: 3143848312, e: 3143848658
#ERR  p: [49120405], r: 3143848339, e: 3143848665
#ERR  p: [49120406], r: 3143848341, e: 3143848707
#ERR  p: [49120407], r: 3143848350, e: 3143848746
#ERR  p: [49120408], r: 3143848415, e: 3143848753
#ERR  p: [49120409], r: 3143848422, e: 3143848889
#ERR  p: [49120410], r: 3143848537, e: 3143848912
#ERR  p: [49120411], r: 3143848615, e: 3143849071
#ERR  p: [49120412], r: 3143848658, e: 3143849153
#ERR  p: [49120413], r: 3143848665, e: 3143849257
#ERR  p: [49120414], r: 3143848707, e: 3143849310
#ERR  p: [49120415], r: 3143848746, e: 3143849310
#ERR  p: [49120416], r: 3143848753, e: 3143849327
#ERR  p: [49120417], r: 3143848889, e: 3143849389
#ERR  p: [49120418], r: 3143848912, e: 3143849471
#ERR  p: [49120419], r: 3143849071, e: 3143849656
#ERR  p: [49120420], r: 3143849153, e: 3143849663
#ERR  p: [49120421], r: 3143849257, e: 3143849664
#ERR  p: [49120422], r: 3143849310, e: 3143849664
#ERR  p: [49120423], r: 3143849310, e: 3143849687
#ERR  p: [49120424], r: 3143849327, e: 3143849688
#ERR  p: [49120425], r: 3143849389, e: 3143849693
#ERR  p: [49120426], r: 3143849471, e: 3143849711
#ERR  p: [49120427], r: 3143849656, e: 3143849743
#ERR  p: [49120428], r: 3143849663, e: 3143849822
#ERR  p: [49120429], r: 3143849664, e: 3143849853
#ERR  p: [49120430], r: 3143849664, e: 3143849885
#ERR  p: [49120431], r: 3143849687, e: 3143849935
#ERR  p: [49120432], r: 3143849688, e: 3143850051
#ERR  p: [49120433], r: 3143849693, e: 3143850147
#ERR  p: [49120434], r: 3143849711, e: 3143850204
#ERR  p: [49120435], r: 3143849743, e: 3143850218
#ERR  p: [49120436], r: 3143849822, e: 3143850318
#ERR  p: [49120437], r: 3143849853, e: 3143850352
#ERR  p: [49120438], r: 3143849885, e: 3143850680
#ERR  p: [49120439], r: 3143849935, e: 3143850724
#ERR  p: [49120440], r: 3143850051, e: 3143850763
#ERR  p: [49120441], r: 3143850147, e: 3143850784
#ERR  p: [49120442], r: 3143850204, e: 3143850878
#ERR  p: [49120443], r: 3143850218, e: 3143850920
#ERR  p: [49120444], r: 3143850318, e: 3143850932
#ERR  p: [49120445], r: 3143850352, e: 3143850958
#ERR  p: [49120446], r: 3143850680, e: 3143850973
#ERR  p: [49120447], r: 3143850724, e: 3143851098
#ERR  p: [49120448], r: 3143850763, e: 3143851121
#ERR  p: [49120449], r: 3143850878, e: 3143851132
#ERR  p: [49120450], r: 3143850920, e: 3143851134
#ERR  p: [49120451], r: 3143850932, e: 3143851145
#ERR  p: [49120452], r: 3143850958, e: 3143851257
#ERR  p: [49120453], r: 3143850973, e: 3143851266
#ERR  p: [49120454], r: 3143851098, e: 3143851342
#ERR  p: [49120455], r: 3143851121, e: 3143851408
#ERR  p: [49120456], r: 3143851132, e: 3143851409
#ERR  p: [49120457], r: 3143851134, e: 3143851445
#ERR  p: [49120458], r: 3143851145, e: 3143851511
#ERR  p: [49120459], r: 3143851257, e: 3143851816
#ERR  p: [49120460], r: 3143851266, e: 3143851991
#ERR  p: [49120461], r: 3143851342, e: 3143852039
#ERR  p: [49120462], r: 3143851408, e: 3143852352
#ERR  p: [49120463], r: 3143851445, e: 3143852402
#ERR  p: [49120464], r: 3143851511, e: 3143852423
#ERR  p: [49120465], r: 3143851816, e: 3143852450
#ERR  p: [49120466], r: 3143851991, e: 3143852499
#ERR  p: [49120467], r: 3143852039, e: 3143852507
#ERR  p: [49120468], r: 3143852352, e: 3143852556
#ERR  p: [49120469], r: 3143852402, e: 3143852610
#ERR  p: [49120470], r: 3143852423, e: 3143852640
#ERR  p: [49120471], r: 3143852499, e: 3143852687
#ERR  p: [49120472], r: 3143852507, e: 3143852719
#ERR  p: [49120473], r: 3143852556, e: 3143852780
#ERR  p: [49120474], r: 3143852610, e: 3143852796
#ERR  p: [49120475], r: 3143852640, e: 3143853008
#ERR  p: [49120476], r: 3143852687, e: 3143853077
#ERR  p: [49120477], r: 3143852719, e: 3143853164
#ERR  p: [49120478], r: 3143852780, e: 3143853186
#ERR  p: [49120479], r: 3143852796, e: 3143853284
#ERR  p: [49120480], r: 3143853008, e: 3143853328
#ERR  p: [49120481], r: 3143853077, e: 3143853419
#ERR  p: [49120482], r: 3143853164, e: 3143853562
#ERR  p: [49120483], r: 3143853186, e: 3143853571
#ERR  p: [49120484], r: 3143853284, e: 3143853580
#ERR  p: [49120485], r: 3143853328, e: 3143853582
#ERR  p: [49120486], r: 3143853419, e: 3143853585
#ERR  p: [49120487], r: 3143853562, e: 3143853635
#ERR  p: [49120488], r: 3143853571, e: 3143853750
#ERR  p: [49120489], r: 3143853580, e: 3143853791
#ERR  p: [49120490], r: 3143853582, e: 3143853889
#ERR  p: [49120491], r: 3143853585, e: 3143853942
#ERR  p: [49120492], r: 3143853635, e: 3143853952
#ERR  p: [49120493], r: 3143853750, e: 3143854082
#ERR  p: [49120494], r: 3143853791, e: 3143854138
#ERR  p: [49120495], r: 3143853889, e: 3143854192
#ERR  p: [49120496], r: 3143853942, e: 3143854334
#ERR  p: [49120497], r: 3143853952, e: 3143854377
#ERR  p: [49120498], r: 3143854082, e: 3143854427
#ERR  p: [49120499], r: 3143854138, e: 3143854428
#ERR  p: [49120500], r: 3143854192, e: 3143854673
#ERR  p: [49120501], r: 3143854334, e: 3143854695
#ERR  p: [49120502], r: 3143854377, e: 3143854733
#ERR  p: [49120503], r: 3143854427, e: 3143854748
#ERR  p: [49120504], r: 3143854428, e: 3143854938
#ERR  p: [49120505], r: 3143854673, e: 3143854975
#ERR  p: [49120506], r: 3143854695, e: 3143855026
#ERR  p: [49120507], r: 3143854733, e: 3143855073
#ERR  p: [49120508], r: 3143854748, e: 3143855178
#ERR  p: [49120509], r: 3143854938, e: 3143855263
#ERR  p: [49120510], r: 3143854975, e: 3143855313
#ERR  p: [49120511], r: 3143855026, e: 3143855334
#ERR  p: [49120512], r: 3143855073, e: 3143855387
#ERR  p: [49120513], r: 3143855178, e: 3143855511
#ERR  p: [49120514], r: 3143855263, e: 3143855542
#ERR  p: [49120515], r: 3143855313, e: 3143855642
#ERR  p: [49120516], r: 3143855334, e: 3143855665
#ERR  p: [49120517], r: 3143855387, e: 3143855738
#ERR  p: [49120518], r: 3143855511, e: 3143855749
#ERR  p: [49120519], r: 3143855542, e: 3143855775
#ERR  p: [49120520], r: 3143855642, e: 3143855821
#ERR  p: [49120521], r: 3143855665, e: 3143855835
#ERR  p: [49120522], r: 3143855738, e: 3143855882
#ERR  p: [49120523], r: 3143855749, e: 3143855895
#ERR  p: [49120524], r: 3143855775, e: 3143855920
#ERR  p: [49120525], r: 3143855821, e: 3143855989
#ERR  p: [49120526], r: 3143855835, e: 3143856030
#ERR  p: [49120527], r: 3143855882, e: 3143856036
#ERR  p: [49120528], r: 3143855895, e: 3143856071
#ERR  p: [49120529], r: 3143855920, e: 3143856085
#ERR  p: [49120530], r: 3143855989, e: 3143856296
#ERR  p: [49120531], r: 3143856030, e: 3143856418
#ERR  p: [49120532], r: 3143856036, e: 3143856657
#ERR  p: [49120533], r: 3143856071, e: 3143856750
#ERR  p: [49120534], r: 3143856085, e: 3143856953
#ERR  p: [49120535], r: 3143856296, e: 3143857020
#ERR  p: [49120536], r: 3143856418, e: 3143857037
#ERR  p: [49120537], r: 3143856657, e: 3143857069
#ERR  p: [49120538], r: 3143856750, e: 3143857086
#ERR  p: [49120539], r: 3143856953, e: 3143857133
#SDC Ite:143 KerTime:7.604044 AccTime:1104.402843 KerErr:737 AccErr:769
#ABORT too many errors per iteration
#END