#HEADER iterations: 1000 img_list: /home/carol/radiation-benchmarks/data/networks_img_list/caltech.pedestrians.1K.txt board: K40
#BEGIN Y:2016 M:12 D:14 Time:16:33:26
#IT Ite:0 KerTime:0.135235 AccTime:0.135235
#IT Ite:1 KerTime:0.126834 AccTime:0.262069
#IT Ite:2 KerTime:0.126116 AccTime:0.388185
#IT Ite:3 KerTime:0.126465 AccTime:0.514650
#IT Ite:4 KerTime:0.125077 AccTime:0.639727
#IT Ite:5 KerTime:0.127890 AccTime:0.767617
#IT Ite:6 KerTime:0.125284 AccTime:0.892901
#IT Ite:7 KerTime:0.128534 AccTime:1.021435
#IT Ite:8 KerTime:0.127043 AccTime:1.148478
#IT Ite:9 KerTime:0.127384 AccTime:1.275862
#IT Ite:10 KerTime:0.124637 AccTime:1.400499
#IT Ite:11 KerTime:0.124588 AccTime:1.525087
#IT Ite:12 KerTime:0.124935 AccTime:1.650022
#IT Ite:13 KerTime:0.127176 AccTime:1.777198
#IT Ite:14 KerTime:0.126344 AccTime:1.903542
#IT Ite:15 KerTime:0.125942 AccTime:2.029484
#IT Ite:16 KerTime:0.126296 AccTime:2.155780
#IT Ite:17 KerTime:0.125434 AccTime:2.281214
#IT Ite:18 KerTime:0.126497 AccTime:2.407711
#IT Ite:19 KerTime:0.125268 AccTime:2.532979
#IT Ite:20 KerTime:0.126043 AccTime:2.659022
#IT Ite:21 KerTime:0.128286 AccTime:2.787308
#IT Ite:22 KerTime:0.124095 AccTime:2.911403
#IT Ite:23 KerTime:0.130492 AccTime:3.041895
#IT Ite:24 KerTime:0.124196 AccTime:3.166091
#IT Ite:25 KerTime:0.126729 AccTime:3.292820
#IT Ite:26 KerTime:0.125213 AccTime:3.418033
#IT Ite:27 KerTime:0.124049 AccTime:3.542082
#IT Ite:28 KerTime:0.125576 AccTime:3.667658
#IT Ite:29 KerTime:0.124703 AccTime:3.792361
#IT Ite:30 KerTime:0.126406 AccTime:3.918767
#IT Ite:31 KerTime:0.127821 AccTime:4.046588
#IT Ite:32 KerTime:0.127243 AccTime:4.173831
#IT Ite:33 KerTime:0.127700 AccTime:4.301531
#IT Ite:34 KerTime:0.127986 AccTime:4.429517
#IT Ite:35 KerTime:0.128388 AccTime:4.557905
#IT Ite:36 KerTime:0.124793 AccTime:4.682698
#IT Ite:37 KerTime:0.128015 AccTime:4.810713
#IT Ite:38 KerTime:0.126449 AccTime:4.937162
#IT Ite:39 KerTime:0.129337 AccTime:5.066499
#IT Ite:40 KerTime:0.124445 AccTime:5.190944
#IT Ite:41 KerTime:0.126134 AccTime:5.317078
#IT Ite:42 KerTime:0.124767 AccTime:5.441845
#IT Ite:43 KerTime:0.125966 AccTime:5.567811
#IT Ite:44 KerTime:0.125126 AccTime:5.692937
#IT Ite:45 KerTime:0.125301 AccTime:5.818238
#IT Ite:46 KerTime:0.131292 AccTime:5.949530
#IT Ite:47 KerTime:0.126539 AccTime:6.076069
#IT Ite:48 KerTime:0.128935 AccTime:6.205004
#IT Ite:49 KerTime:0.125568 AccTime:6.330572
#IT Ite:50 KerTime:0.126355 AccTime:6.456927
#IT Ite:51 KerTime:0.126541 AccTime:6.583468
#IT Ite:52 KerTime:0.127860 AccTime:6.711328
#IT Ite:53 KerTime:0.125852 AccTime:6.837180
#IT Ite:54 KerTime:0.130347 AccTime:6.967527
#IT Ite:55 KerTime:0.126523 AccTime:7.094050
#IT Ite:56 KerTime:0.128901 AccTime:7.222951
#IT Ite:57 KerTime:0.127062 AccTime:7.350013
#IT Ite:58 KerTime:0.124892 AccTime:7.474905
#IT Ite:59 KerTime:0.124723 AccTime:7.599628
#IT Ite:60 KerTime:0.126057 AccTime:7.725685
#IT Ite:61 KerTime:0.125298 AccTime:7.850983
#IT Ite:62 KerTime:0.128884 AccTime:7.979867
#IT Ite:63 KerTime:0.127541 AccTime:8.107408
#IT Ite:64 KerTime:0.126123 AccTime:8.233531
#IT Ite:65 KerTime:0.126412 AccTime:8.359943
#IT Ite:66 KerTime:0.127108 AccTime:8.487051
#IT Ite:67 KerTime:0.126045 AccTime:8.613096
#IT Ite:68 KerTime:0.134019 AccTime:8.747115
#IT Ite:69 KerTime:0.130584 AccTime:8.877699
#IT Ite:70 KerTime:0.130672 AccTime:9.008371
#IT Ite:71 KerTime:0.126069 AccTime:9.134440
#IT Ite:72 KerTime:0.124744 AccTime:9.259184
#IT Ite:73 KerTime:0.125580 AccTime:9.384764
#IT Ite:74 KerTime:0.125532 AccTime:9.510296
#IT Ite:75 KerTime:0.125800 AccTime:9.636096
#IT Ite:76 KerTime:0.128149 AccTime:9.764245
#IT Ite:77 KerTime:0.127308 AccTime:9.891553
#IT Ite:78 KerTime:0.128924 AccTime:10.020477
#IT Ite:79 KerTime:0.126589 AccTime:10.147066
#IT Ite:80 KerTime:0.125847 AccTime:10.272913
#IT Ite:81 KerTime:0.125184 AccTime:10.398097
#IT Ite:82 KerTime:0.138330 AccTime:10.536427
#IT Ite:83 KerTime:0.132206 AccTime:10.668633
#IT Ite:84 KerTime:0.131040 AccTime:10.799673
#IT Ite:85 KerTime:0.128175 AccTime:10.927848
#IT Ite:86 KerTime:0.126890 AccTime:11.054738
#IT Ite:87 KerTime:0.127009 AccTime:11.181747
#IT Ite:88 KerTime:0.127418 AccTime:11.309165
#IT Ite:89 KerTime:0.127551 AccTime:11.436716
#IT Ite:90 KerTime:0.127813 AccTime:11.564529
#IT Ite:91 KerTime:0.129747 AccTime:11.694276
#IT Ite:92 KerTime:0.128001 AccTime:11.822277
#IT Ite:93 KerTime:0.129261 AccTime:11.951538
#IT Ite:94 KerTime:0.129010 AccTime:12.080548
#IT Ite:95 KerTime:0.126132 AccTime:12.206680
#IT Ite:96 KerTime:0.129660 AccTime:12.336340
#IT Ite:97 KerTime:0.125521 AccTime:12.461861
#IT Ite:98 KerTime:0.124659 AccTime:12.586520
#IT Ite:99 KerTime:0.124815 AccTime:12.711335
#IT Ite:100 KerTime:0.126139 AccTime:12.837474
#IT Ite:101 KerTime:0.127145 AccTime:12.964619
#IT Ite:102 KerTime:0.126246 AccTime:13.090865
#IT Ite:103 KerTime:0.129001 AccTime:13.219866
#IT Ite:104 KerTime:0.126934 AccTime:13.346800
#IT Ite:105 KerTime:0.126827 AccTime:13.473627
#IT Ite:106 KerTime:0.127641 AccTime:13.601268
#IT Ite:107 KerTime:0.127143 AccTime:13.728411
#IT Ite:108 KerTime:0.126909 AccTime:13.855320
#IT Ite:109 KerTime:0.125129 AccTime:13.980449
#IT Ite:110 KerTime:0.130511 AccTime:14.110960
#IT Ite:111 KerTime:0.125146 AccTime:14.236106
#IT Ite:112 KerTime:0.127476 AccTime:14.363582
#IT Ite:113 KerTime:0.125879 AccTime:14.489461
#IT Ite:114 KerTime:0.125497 AccTime:14.614958
#IT Ite:115 KerTime:0.125666 AccTime:14.740624
#IT Ite:116 KerTime:0.126678 AccTime:14.867302
#IT Ite:117 KerTime:0.128802 AccTime:14.996104
#IT Ite:118 KerTime:0.126131 AccTime:15.122235
#IT Ite:119 KerTime:0.126925 AccTime:15.249160
#IT Ite:120 KerTime:0.126504 AccTime:15.375664
#IT Ite:121 KerTime:0.124874 AccTime:15.500538
#IT Ite:122 KerTime:0.127455 AccTime:15.627993
#IT Ite:123 KerTime:0.126151 AccTime:15.754144
#IT Ite:124 KerTime:0.128728 AccTime:15.882872
#IT Ite:125 KerTime:0.125417 AccTime:16.008289
#IT Ite:126 KerTime:0.127923 AccTime:16.136212
#IT Ite:127 KerTime:0.125174 AccTime:16.261386
#IT Ite:128 KerTime:0.129966 AccTime:16.391352
#IT Ite:129 KerTime:0.127758 AccTime:16.519110
#IT Ite:130 KerTime:0.126943 AccTime:16.646053
#IT Ite:131 KerTime:0.125500 AccTime:16.771553
#IT Ite:132 KerTime:0.126665 AccTime:16.898218
#IT Ite:133 KerTime:0.128502 AccTime:17.026720
#IT Ite:134 KerTime:0.127541 AccTime:17.154261
#IT Ite:135 KerTime:0.127125 AccTime:17.281386
#IT Ite:136 KerTime:0.126266 AccTime:17.407652
#IT Ite:137 KerTime:0.126027 AccTime:17.533679
#IT Ite:138 KerTime:0.126432 AccTime:17.660111
#IT Ite:139 KerTime:0.130396 AccTime:17.790507
#IT Ite:140 KerTime:0.124974 AccTime:17.915481
#IT Ite:141 KerTime:0.131171 AccTime:18.046652
#IT Ite:142 KerTime:0.125337 AccTime:18.171989
#IT Ite:143 KerTime:0.131398 AccTime:18.303387
#IT Ite:144 KerTime:0.126282 AccTime:18.429669
#IT Ite:145 KerTime:0.126788 AccTime:18.556457
#IT Ite:146 KerTime:0.127158 AccTime:18.683615
#IT Ite:147 KerTime:0.127425 AccTime:18.811040
#IT Ite:148 KerTime:0.127216 AccTime:18.938256
#IT Ite:149 KerTime:0.128083 AccTime:19.066339
#IT Ite:150 KerTime:0.129345 AccTime:19.195684
#IT Ite:151 KerTime:0.127599 AccTime:19.323283
#IT Ite:152 KerTime:0.131885 AccTime:19.455168
#IT Ite:153 KerTime:0.129898 AccTime:19.585066
#IT Ite:154 KerTime:0.129594 AccTime:19.714660
#IT Ite:155 KerTime:0.126190 AccTime:19.840850
#IT Ite:156 KerTime:0.127811 AccTime:19.968661
#IT Ite:157 KerTime:0.125771 AccTime:20.094432
#IT Ite:158 KerTime:0.125080 AccTime:20.219512
#IT Ite:159 KerTime:0.127303 AccTime:20.346815
#IT Ite:160 KerTime:0.127630 AccTime:20.474445
#IT Ite:161 KerTime:0.127151 AccTime:20.601596
#IT Ite:162 KerTime:0.128076 AccTime:20.729672
#IT Ite:163 KerTime:0.126292 AccTime:20.855964
#IT Ite:164 KerTime:0.126357 AccTime:20.982321
#IT Ite:165 KerTime:0.125699 AccTime:21.108020
#IT Ite:166 KerTime:0.125862 AccTime:21.233882
#IT Ite:167 KerTime:0.128599 AccTime:21.362481
#IT Ite:168 KerTime:0.126279 AccTime:21.488760
#IT Ite:169 KerTime:0.129605 AccTime:21.618365
#IT Ite:170 KerTime:0.128819 AccTime:21.747184
#IT Ite:171 KerTime:0.125056 AccTime:21.872240
#IT Ite:172 KerTime:0.125800 AccTime:21.998040
#IT Ite:173 KerTime:0.126405 AccTime:22.124445
#IT Ite:174 KerTime:0.126761 AccTime:22.251206
#IT Ite:175 KerTime:0.128123 AccTime:22.379329
#IT Ite:176 KerTime:0.129433 AccTime:22.508762
#IT Ite:177 KerTime:0.128253 AccTime:22.637015
#IT Ite:178 KerTime:0.127493 AccTime:22.764508
#IT Ite:179 KerTime:0.126658 AccTime:22.891166
#IT Ite:180 KerTime:0.126846 AccTime:23.018012
#IT Ite:181 KerTime:0.126744 AccTime:23.144756
#IT Ite:182 KerTime:0.125513 AccTime:23.270269
#IT Ite:183 KerTime:0.132061 AccTime:23.402330
#IT Ite:184 KerTime:0.125212 AccTime:23.527542
#IT Ite:185 KerTime:0.129684 AccTime:23.657226
#IT Ite:186 KerTime:0.126703 AccTime:23.783929
#IT Ite:187 KerTime:0.126377 AccTime:23.910306
#IT Ite:188 KerTime:0.125941 AccTime:24.036247
#IT Ite:189 KerTime:0.127000 AccTime:24.163247
#IT Ite:190 KerTime:0.128185 AccTime:24.291432
#IT Ite:191 KerTime:0.129007 AccTime:24.420439
#IT Ite:192 KerTime:0.126698 AccTime:24.547137
#IT Ite:193 KerTime:0.126197 AccTime:24.673334
#IT Ite:194 KerTime:0.125350 AccTime:24.798684
#IT Ite:195 KerTime:0.125084 AccTime:24.923768
#IT Ite:196 KerTime:0.126212 AccTime:25.049980
#IT Ite:197 KerTime:0.127575 AccTime:25.177555
#IT Ite:198 KerTime:0.126812 AccTime:25.304367
#IT Ite:199 KerTime:0.125709 AccTime:25.430076
#IT Ite:200 KerTime:0.127574 AccTime:25.557650
#IT Ite:201 KerTime:0.125026 AccTime:25.682676
#IT Ite:202 KerTime:0.126177 AccTime:25.808853
#IT Ite:203 KerTime:0.130110 AccTime:25.938963
#IT Ite:204 KerTime:0.126783 AccTime:26.065746
#IT Ite:205 KerTime:0.126955 AccTime:26.192701
#IT Ite:206 KerTime:0.128943 AccTime:26.321644
#IT Ite:207 KerTime:0.129285 AccTime:26.450929
#IT Ite:208 KerTime:0.128715 AccTime:26.579644
#IT Ite:209 KerTime:0.127185 AccTime:26.706829
#IT Ite:210 KerTime:0.126080 AccTime:26.832909
#IT Ite:211 KerTime:0.129637 AccTime:26.962546
#IT Ite:212 KerTime:0.126641 AccTime:27.089187
#IT Ite:213 KerTime:0.126251 AccTime:27.215438
#IT Ite:214 KerTime:0.128505 AccTime:27.343943
#IT Ite:215 KerTime:0.130309 AccTime:27.474252
#IT Ite:216 KerTime:0.125602 AccTime:27.599854
#IT Ite:217 KerTime:0.126764 AccTime:27.726618
#IT Ite:218 KerTime:0.126218 AccTime:27.852836
#IT Ite:219 KerTime:0.133270 AccTime:27.986106
#IT Ite:220 KerTime:0.128088 AccTime:28.114194
#IT Ite:221 KerTime:0.126412 AccTime:28.240606
#IT Ite:222 KerTime:0.126595 AccTime:28.367201
#IT Ite:223 KerTime:0.127067 AccTime:28.494268
#IT Ite:224 KerTime:0.126212 AccTime:28.620480
#IT Ite:225 KerTime:0.132239 AccTime:28.752719
#IT Ite:226 KerTime:0.129668 AccTime:28.882387
#IT Ite:227 KerTime:0.127685 AccTime:29.010072
#IT Ite:228 KerTime:0.127494 AccTime:29.137566
#IT Ite:229 KerTime:0.128462 AccTime:29.266028
#IT Ite:230 KerTime:0.126824 AccTime:29.392852
#IT Ite:231 KerTime:0.125382 AccTime:29.518234
#IT Ite:232 KerTime:0.127243 AccTime:29.645477
#IT Ite:233 KerTime:0.131036 AccTime:29.776513
#IT Ite:234 KerTime:0.127263 AccTime:29.903776
#IT Ite:235 KerTime:0.127364 AccTime:30.031140
#IT Ite:236 KerTime:0.129614 AccTime:30.160754
#IT Ite:237 KerTime:0.128984 AccTime:30.289738
#IT Ite:238 KerTime:0.126875 AccTime:30.416613
#IT Ite:239 KerTime:0.129387 AccTime:30.546000
#IT Ite:240 KerTime:0.125331 AccTime:30.671331
#IT Ite:241 KerTime:0.129842 AccTime:30.801173
#IT Ite:242 KerTime:0.125863 AccTime:30.927036
#IT Ite:243 KerTime:0.126444 AccTime:31.053480
#IT Ite:244 KerTime:0.125942 AccTime:31.179422
#IT Ite:245 KerTime:0.128028 AccTime:31.307450
#IT Ite:246 KerTime:0.127271 AccTime:31.434721
#IT Ite:247 KerTime:0.127945 AccTime:31.562666
#IT Ite:248 KerTime:0.126732 AccTime:31.689398
#IT Ite:249 KerTime:0.128171 AccTime:31.817569
#IT Ite:250 KerTime:0.126266 AccTime:31.943835
#IT Ite:251 KerTime:0.128839 AccTime:32.072674
#IT Ite:252 KerTime:0.127456 AccTime:32.200130
#IT Ite:253 KerTime:0.129443 AccTime:32.329573
#IT Ite:254 KerTime:0.127711 AccTime:32.457284
#IT Ite:255 KerTime:0.128747 AccTime:32.586031
#IT Ite:256 KerTime:0.127580 AccTime:32.713611
#IT Ite:257 KerTime:0.128602 AccTime:32.842213
#IT Ite:258 KerTime:0.125250 AccTime:32.967463
#IT Ite:259 KerTime:0.126934 AccTime:33.094397
#IT Ite:260 KerTime:0.126443 AccTime:33.220840
#IT Ite:261 KerTime:0.127570 AccTime:33.348410
#IT Ite:262 KerTime:0.128134 AccTime:33.476544
#IT Ite:263 KerTime:0.130991 AccTime:33.607535
#IT Ite:264 KerTime:0.128108 AccTime:33.735643
#IT Ite:265 KerTime:0.128679 AccTime:33.864322
#IT Ite:266 KerTime:0.134490 AccTime:33.998812
#IT Ite:267 KerTime:0.130412 AccTime:34.129224
#IT Ite:268 KerTime:0.129197 AccTime:34.258421
#IT Ite:269 KerTime:0.127581 AccTime:34.386002
#IT Ite:270 KerTime:0.127202 AccTime:34.513204
#IT Ite:271 KerTime:0.126956 AccTime:34.640160
#IT Ite:272 KerTime:0.126790 AccTime:34.766950
#IT Ite:273 KerTime:0.127511 AccTime:34.894461
#IT Ite:274 KerTime:0.129417 AccTime:35.023878
#IT Ite:275 KerTime:0.127345 AccTime:35.151223
#IT Ite:276 KerTime:0.128388 AccTime:35.279611
#IT Ite:277 KerTime:0.127576 AccTime:35.407187
#IT Ite:278 KerTime:0.127780 AccTime:35.534967
#IT Ite:279 KerTime:0.126130 AccTime:35.661097
#ERR img_name: /home/carol/radiation-benchmarks/data/CALTECH/set10/V000/90.jpg class: pottedplant box: [2] x1_e: 143.642684937 x1_r: 139.750732422 y1_e: 185.523666382 y1_r: 187.868789673 x2_e: 168.570755005 x2_r: 170.816253662 y2_e: 234.227859497 y2_r: 239.92338562 
#SDC Ite:279 KerTime:0.126130 AccTime:35.661097 KerErr:1 AccErr:1
#IT Ite:280 KerTime:0.128168 AccTime:35.789265
#IT Ite:281 KerTime:0.126598 AccTime:35.915863
#IT Ite:282 KerTime:0.129682 AccTime:36.045545
#IT Ite:283 KerTime:0.126680 AccTime:36.172225
#IT Ite:284 KerTime:0.128111 AccTime:36.300336
#IT Ite:285 KerTime:0.125641 AccTime:36.425977
#IT Ite:286 KerTime:0.128505 AccTime:36.554482
#IT Ite:287 KerTime:0.128324 AccTime:36.682806
#IT Ite:288 KerTime:0.126929 AccTime:36.809735
#IT Ite:289 KerTime:0.127595 AccTime:36.937330
#IT Ite:290 KerTime:0.128267 AccTime:37.065597
#ERR img_name: /home/carol/radiation-benchmarks/data/CALTECH/set10/V000/835.jpg class: motorbike box: [41] x1_e: 503.572296143 x1_r: 503.571868896 y1_e: 190.633056641 y1_r: 190.629867554 x2_e: 543.204406738 x2_r: 543.204345703 y2_e: 225.36114502 y2_r: 225.355331421 
#SDC Ite:290 KerTime:0.128267 AccTime:37.065597 KerErr:1 AccErr:2
#IT Ite:291 KerTime:0.126882 AccTime:37.192479
#IT Ite:292 KerTime:0.127022 AccTime:37.319501
#IT Ite:293 KerTime:0.126414 AccTime:37.445915
#IT Ite:294 KerTime:0.129231 AccTime:37.575146
#IT Ite:295 KerTime:0.126614 AccTime:37.701760
#IT Ite:296 KerTime:0.127408 AccTime:37.829168
#IT Ite:297 KerTime:0.126601 AccTime:37.955769
#IT Ite:298 KerTime:0.130416 AccTime:38.086185
#IT Ite:299 KerTime:0.128826 AccTime:38.215011
#IT Ite:300 KerTime:0.128586 AccTime:38.343597
#ERR img_name: /home/carol/radiation-benchmarks/data/CALTECH/set10/V000/143.jpg class: tvmonitor box: [40] x1_e: 385.572692871 x1_r: 54.19140625 y1_e: 224.113388062 y1_r: 19.8124313354 x2_e: 434.920532227 x2_r: 422.962799072 y2_e: 269.797180176 y2_r: 161.620483398 
#ERR img_name: /home/carol/radiation-benchmarks/data/CALTECH/set10/V000/143.jpg class: tvmonitor box: [41] x1_e: 54.1914367676 x1_r: 385.572387695 y1_e: 19.8124084473 y1_r: 224.113372803 x2_e: 422.96270752 x2_r: 434.920410156 y2_e: 161.620544434 y2_r: 269.79800415 
#SDC Ite:300 KerTime:0.128586 AccTime:38.343597 KerErr:2 AccErr:4
#IT Ite:301 KerTime:0.126205 AccTime:38.469802
#IT Ite:302 KerTime:0.128723 AccTime:38.598525
#IT Ite:303 KerTime:0.127458 AccTime:38.725983
#ERR img_name: /home/carol/radiation-benchmarks/data/CALTECH/set10/V000/1096.jpg class: bus box: [47] x1_e: 206.490524292 x1_r: 212.239196777 y1_e: 192.627990723 y1_r: 190.499816895 x2_e: 243.824874878 x2_r: 243.78729248 y2_e: 232.071411133 y2_r: 225.461975098 
#SDC Ite:303 KerTime:0.127458 AccTime:38.725983 KerErr:1 AccErr:5
#IT Ite:304 KerTime:0.126434 AccTime:38.852417
#ERR exception: error_network_exection error_info:['Traceback (most recent call last):\n', '  File "/home/carol/radiation-benchmarks/src/cuda/py-faster-rcnn/tools/py_faster_rcnn.py", line 477, in <module>\n    error_count = compare(gold_file[im_name], ret, im_name)\n', '  File "/home/carol/radiation-benchmarks/src/cuda/py-faster-rcnn/tools/py_faster_rcnn.py", line 354, in compare\n    error_count += compare_scores(scrListGold, scrListCurr, i, tempImgName)\n', '  File "/home/carol/radiation-benchmarks/src/cuda/py-faster-rcnn/tools/py_faster_rcnn.py", line 305, in compare_scores\n    lh.log_error_detail("img_name: " + str(img_name) + " class: " + str(cls) + "wrong_score_size: " + scrDiff)\n', "TypeError: cannot concatenate 'str' and 'int' objects\n"] XX Inappropriate argument type. XX cannot concatenate 'str' and 'int' objects
#END