#HEADER streams: 1 boxes:10 block_size:192
#BEGIN Y:2016 M:12 D:12 Time:13:48:10
#IT Ite:0 KerTime:0.171644 AccTime:0.171644
#IT Ite:1 KerTime:0.154289 AccTime:0.325933
#IT Ite:2 KerTime:0.146342 AccTime:0.472275
#IT Ite:3 KerTime:0.143489 AccTime:0.615764
#IT Ite:4 KerTime:0.144627 AccTime:0.760391
#IT Ite:5 KerTime:0.142990 AccTime:0.903381
#IT Ite:6 KerTime:0.143500 AccTime:1.046881
#IT Ite:7 KerTime:0.143495 AccTime:1.190376
#IT Ite:8 KerTime:0.143881 AccTime:1.334257
#IT Ite:9 KerTime:0.144897 AccTime:1.479154
#IT Ite:10 KerTime:0.145417 AccTime:1.624571
#IT Ite:11 KerTime:0.143807 AccTime:1.768378
#IT Ite:12 KerTime:0.143144 AccTime:1.911522
#IT Ite:13 KerTime:0.143366 AccTime:2.054888
#IT Ite:14 KerTime:0.143718 AccTime:2.198606
#IT Ite:15 KerTime:0.142412 AccTime:2.341018
#IT Ite:16 KerTime:0.143099 AccTime:2.484117
#IT Ite:17 KerTime:0.143367 AccTime:2.627484
#IT Ite:18 KerTime:0.143710 AccTime:2.771194
#IT Ite:19 KerTime:0.144161 AccTime:2.915355
#IT Ite:20 KerTime:0.143676 AccTime:3.059031
#IT Ite:21 KerTime:0.143804 AccTime:3.202835
#IT Ite:22 KerTime:0.144151 AccTime:3.346986
#IT Ite:23 KerTime:0.143077 AccTime:3.490063
#IT Ite:24 KerTime:0.143806 AccTime:3.633869
#IT Ite:25 KerTime:0.143078 AccTime:3.776947
#IT Ite:26 KerTime:0.144222 AccTime:3.921169
#IT Ite:27 KerTime:0.145207 AccTime:4.066376
#IT Ite:28 KerTime:0.144199 AccTime:4.210575
#IT Ite:29 KerTime:0.143173 AccTime:4.353748
#IT Ite:30 KerTime:0.144886 AccTime:4.498634
#IT Ite:31 KerTime:0.143508 AccTime:4.642142
#IT Ite:32 KerTime:0.143820 AccTime:4.785962
#IT Ite:33 KerTime:0.143240 AccTime:4.929202
#IT Ite:34 KerTime:0.144233 AccTime:5.073435
#IT Ite:35 KerTime:0.143844 AccTime:5.217279
#IT Ite:36 KerTime:0.144076 AccTime:5.361355
#IT Ite:37 KerTime:0.143164 AccTime:5.504519
#IT Ite:38 KerTime:0.143856 AccTime:5.648375
#IT Ite:39 KerTime:0.143610 AccTime:5.791985
#IT Ite:40 KerTime:0.143833 AccTime:5.935818
#IT Ite:41 KerTime:0.142485 AccTime:6.078303
#IT Ite:42 KerTime:0.143854 AccTime:6.222157
#IT Ite:43 KerTime:0.143809 AccTime:6.365966
#IT Ite:44 KerTime:0.143666 AccTime:6.509632
#IT Ite:45 KerTime:0.143457 AccTime:6.653089
#IT Ite:46 KerTime:0.143508 AccTime:6.796597
#IT Ite:47 KerTime:0.144379 AccTime:6.940976
#IT Ite:48 KerTime:0.143155 AccTime:7.084131
#IT Ite:49 KerTime:0.143809 AccTime:7.227940
#IT Ite:50 KerTime:0.142794 AccTime:7.370734
#IT Ite:51 KerTime:0.145312 AccTime:7.516046
#IT Ite:52 KerTime:0.144030 AccTime:7.660076
#IT Ite:53 KerTime:0.143107 AccTime:7.803183
#IT Ite:54 KerTime:0.143805 AccTime:7.946988
#IT Ite:55 KerTime:0.143821 AccTime:8.090809
#IT Ite:56 KerTime:0.144206 AccTime:8.235015
#IT Ite:57 KerTime:0.144052 AccTime:8.379067
#IT Ite:58 KerTime:0.144170 AccTime:8.523237
#IT Ite:59 KerTime:0.143497 AccTime:8.666734
#IT Ite:60 KerTime:0.144595 AccTime:8.811329
#IT Ite:61 KerTime:0.144012 AccTime:8.955341
#IT Ite:62 KerTime:0.145143 AccTime:9.100484
#IT Ite:63 KerTime:0.144463 AccTime:9.244947
#IT Ite:64 KerTime:0.143029 AccTime:9.387976
#IT Ite:65 KerTime:0.144160 AccTime:9.532136
#IT Ite:66 KerTime:0.144957 AccTime:9.677093
#IT Ite:67 KerTime:0.145051 AccTime:9.822144
#IT Ite:68 KerTime:0.145526 AccTime:9.967670
#IT Ite:69 KerTime:0.144082 AccTime:10.111752
#IT Ite:70 KerTime:0.144424 AccTime:10.256176
#IT Ite:71 KerTime:0.143494 AccTime:10.399670
#IT Ite:72 KerTime:0.146064 AccTime:10.545734
#IT Ite:73 KerTime:0.143951 AccTime:10.689685
#IT Ite:74 KerTime:0.144430 AccTime:10.834115
#IT Ite:75 KerTime:0.144820 AccTime:10.978935
#IT Ite:76 KerTime:0.143043 AccTime:11.121978
#IT Ite:77 KerTime:0.145607 AccTime:11.267585
#IT Ite:78 KerTime:0.144382 AccTime:11.411967
#IT Ite:79 KerTime:0.143367 AccTime:11.555334
#IT Ite:80 KerTime:0.146076 AccTime:11.701410
#IT Ite:81 KerTime:0.144087 AccTime:11.845497
#IT Ite:82 KerTime:0.144234 AccTime:11.989731
#IT Ite:83 KerTime:0.144396 AccTime:12.134127
#IT Ite:84 KerTime:0.145575 AccTime:12.279702
#IT Ite:85 KerTime:0.143722 AccTime:12.423424
#IT Ite:86 KerTime:0.143388 AccTime:12.566812
#IT Ite:87 KerTime:0.144084 AccTime:12.710896
#IT Ite:88 KerTime:0.146289 AccTime:12.857185
#IT Ite:89 KerTime:0.144027 AccTime:13.001212
#IT Ite:90 KerTime:0.143742 AccTime:13.144954
#IT Ite:91 KerTime:0.145427 AccTime:13.290381
#IT Ite:92 KerTime:0.144141 AccTime:13.434522
#IT Ite:93 KerTime:0.145714 AccTime:13.580236
#IT Ite:94 KerTime:0.144678 AccTime:13.724914
#IT Ite:95 KerTime:0.144738 AccTime:13.869652
#IT Ite:96 KerTime:0.144568 AccTime:14.014220
#IT Ite:97 KerTime:0.144603 AccTime:14.158823
#IT Ite:98 KerTime:0.145735 AccTime:14.304558
#IT Ite:99 KerTime:0.144709 AccTime:14.449267
#IT Ite:100 KerTime:0.145083 AccTime:14.594350
#IT Ite:101 KerTime:0.144398 AccTime:14.738748
#IT Ite:102 KerTime:0.144844 AccTime:14.883592
#IT Ite:103 KerTime:0.144900 AccTime:15.028492
#IT Ite:104 KerTime:0.146205 AccTime:15.174697
#IT Ite:105 KerTime:0.143696 AccTime:15.318393
#IT Ite:106 KerTime:0.143908 AccTime:15.462301
#IT Ite:107 KerTime:0.144395 AccTime:15.606696
#IT Ite:108 KerTime:0.144978 AccTime:15.751674
#IT Ite:109 KerTime:0.143398 AccTime:15.895072
#IT Ite:110 KerTime:0.143745 AccTime:16.038817
#IT Ite:111 KerTime:0.144064 AccTime:16.182881
#IT Ite:112 KerTime:0.145130 AccTime:16.328011
#IT Ite:113 KerTime:0.144222 AccTime:16.472233
#IT Ite:114 KerTime:0.143726 AccTime:16.615959
#IT Ite:115 KerTime:0.144025 AccTime:16.759984
#IT Ite:116 KerTime:0.144437 AccTime:16.904421
#IT Ite:117 KerTime:0.145133 AccTime:17.049554
#IT Ite:118 KerTime:0.144397 AccTime:17.193951
#IT Ite:119 KerTime:0.144480 AccTime:17.338431
#IT Ite:120 KerTime:0.143395 AccTime:17.481826
#IT Ite:121 KerTime:0.144186 AccTime:17.626012
#IT Ite:122 KerTime:0.144404 AccTime:17.770416
#IT Ite:123 KerTime:0.145461 AccTime:17.915877
#IT Ite:124 KerTime:0.143875 AccTime:18.059752
#IT Ite:125 KerTime:0.144560 AccTime:18.204312
#IT Ite:126 KerTime:0.144100 AccTime:18.348412
#IT Ite:127 KerTime:0.144876 AccTime:18.493288
#IT Ite:128 KerTime:0.144807 AccTime:18.638095
#IT Ite:129 KerTime:0.144870 AccTime:18.782965
#IT Ite:130 KerTime:0.144430 AccTime:18.927395
#IT Ite:131 KerTime:0.145154 AccTime:19.072549
#IT Ite:132 KerTime:0.144931 AccTime:19.217480
#IT Ite:133 KerTime:0.145394 AccTime:19.362874
#IT Ite:134 KerTime:0.144734 AccTime:19.507608
#IT Ite:135 KerTime:0.144848 AccTime:19.652456
#IT Ite:136 KerTime:0.144421 AccTime:19.796877
#IT Ite:137 KerTime:0.144091 AccTime:19.940968
#IT Ite:138 KerTime:0.143706 AccTime:20.084674
#IT Ite:139 KerTime:0.145325 AccTime:20.229999
#IT Ite:140 KerTime:0.144462 AccTime:20.374461
#IT Ite:141 KerTime:0.144428 AccTime:20.518889
#IT Ite:142 KerTime:0.144789 AccTime:20.663678
#IT Ite:143 KerTime:0.145112 AccTime:20.808790
#IT Ite:144 KerTime:0.145072 AccTime:20.953862
#IT Ite:145 KerTime:0.145166 AccTime:21.099028
#IT Ite:146 KerTime:0.144885 AccTime:21.243913
#IT Ite:147 KerTime:0.144469 AccTime:21.388382
#IT Ite:148 KerTime:0.144791 AccTime:21.533173
#IT Ite:149 KerTime:0.144439 AccTime:21.677612
#IT Ite:150 KerTime:0.144377 AccTime:21.821989
#IT Ite:151 KerTime:0.144100 AccTime:21.966089
#IT Ite:152 KerTime:0.144726 AccTime:22.110815
#IT Ite:153 KerTime:0.144728 AccTime:22.255543
#IT Ite:154 KerTime:0.144462 AccTime:22.400005
#IT Ite:155 KerTime:0.144400 AccTime:22.544405
#IT Ite:156 KerTime:0.145159 AccTime:22.689564
#IT Ite:157 KerTime:0.144087 AccTime:22.833651
#IT Ite:158 KerTime:0.144686 AccTime:22.978337
#IT Ite:159 KerTime:0.144042 AccTime:23.122379
#IT Ite:160 KerTime:0.144534 AccTime:23.266913
#IT Ite:161 KerTime:0.144438 AccTime:23.411351
#IT Ite:162 KerTime:0.144771 AccTime:23.556122
#IT Ite:163 KerTime:0.144803 AccTime:23.700925
#IT Ite:164 KerTime:0.143727 AccTime:23.844652
#IT Ite:165 KerTime:0.144438 AccTime:23.989090
#IT Ite:166 KerTime:0.144610 AccTime:24.133700
#IT Ite:167 KerTime:0.144468 AccTime:24.278168
#IT Ite:168 KerTime:0.143415 AccTime:24.421583
#IT Ite:169 KerTime:0.144064 AccTime:24.565647
#IT Ite:170 KerTime:0.144511 AccTime:24.710158
#IT Ite:171 KerTime:0.143517 AccTime:24.853675
#IT Ite:172 KerTime:0.144960 AccTime:24.998635
#IT Ite:173 KerTime:0.145132 AccTime:25.143767
#IT Ite:174 KerTime:0.144865 AccTime:25.288632
#IT Ite:175 KerTime:0.144449 AccTime:25.433081
#IT Ite:176 KerTime:0.143672 AccTime:25.576753
#IT Ite:177 KerTime:0.144073 AccTime:25.720826
#IT Ite:178 KerTime:0.144107 AccTime:25.864933
#IT Ite:179 KerTime:0.144098 AccTime:26.009031
#IT Ite:180 KerTime:0.144747 AccTime:26.153778
#IT Ite:181 KerTime:0.145424 AccTime:26.299202
#IT Ite:182 KerTime:0.144227 AccTime:26.443429
#IT Ite:183 KerTime:0.143892 AccTime:26.587321
#IT Ite:184 KerTime:0.144767 AccTime:26.732088
#IT Ite:185 KerTime:0.144472 AccTime:26.876560
#IT Ite:186 KerTime:0.146145 AccTime:27.022705
#IT Ite:187 KerTime:0.145921 AccTime:27.168626
#IT Ite:188 KerTime:0.145592 AccTime:27.314218
#IT Ite:189 KerTime:0.146093 AccTime:27.460311
#IT Ite:190 KerTime:0.146068 AccTime:27.606379
#IT Ite:191 KerTime:0.144917 AccTime:27.751296
#IT Ite:192 KerTime:0.145300 AccTime:27.896596
#IT Ite:193 KerTime:0.145160 AccTime:28.041756
#IT Ite:194 KerTime:0.145518 AccTime:28.187274
#IT Ite:195 KerTime:0.145222 AccTime:28.332496
#IT Ite:196 KerTime:0.145324 AccTime:28.477820
#IT Ite:197 KerTime:0.146405 AccTime:28.624225
#IT Ite:198 KerTime:0.146183 AccTime:28.770408
#IT Ite:199 KerTime:0.145839 AccTime:28.916247
#IT Ite:200 KerTime:0.146153 AccTime:29.062400
#IT Ite:201 KerTime:0.145329 AccTime:29.207729
#IT Ite:202 KerTime:0.144837 AccTime:29.352566
#IT Ite:203 KerTime:0.145809 AccTime:29.498375
#IT Ite:204 KerTime:0.145435 AccTime:29.643810
#IT Ite:205 KerTime:0.144679 AccTime:29.788489
#IT Ite:206 KerTime:0.144738 AccTime:29.933227
#IT Ite:207 KerTime:0.146286 AccTime:30.079513
#IT Ite:208 KerTime:0.145123 AccTime:30.224636
#IT Ite:209 KerTime:0.145058 AccTime:30.369694
#IT Ite:210 KerTime:0.145587 AccTime:30.515281
#IT Ite:211 KerTime:0.146054 AccTime:30.661335
#IT Ite:212 KerTime:0.145163 AccTime:30.806498
#IT Ite:213 KerTime:0.146530 AccTime:30.953028
#IT Ite:214 KerTime:0.144876 AccTime:31.097904
#IT Ite:215 KerTime:0.144797 AccTime:31.242701
#IT Ite:216 KerTime:0.144504 AccTime:31.387205
#IT Ite:217 KerTime:0.145048 AccTime:31.532253
#IT Ite:218 KerTime:0.145862 AccTime:31.678115
#IT Ite:219 KerTime:0.145881 AccTime:31.823996
#IT Ite:220 KerTime:0.145400 AccTime:31.969396
#IT Ite:221 KerTime:0.146208 AccTime:32.115604
#IT Ite:222 KerTime:0.145482 AccTime:32.261086
#IT Ite:223 KerTime:0.146532 AccTime:32.407618
#IT Ite:224 KerTime:0.145866 AccTime:32.553484
#IT Ite:225 KerTime:0.145559 AccTime:32.699043
#IT Ite:226 KerTime:0.144764 AccTime:32.843807
#IT Ite:227 KerTime:0.146423 AccTime:32.990230
#IT Ite:228 KerTime:0.146896 AccTime:33.137126
#IT Ite:229 KerTime:0.145925 AccTime:33.283051
#IT Ite:230 KerTime:0.145157 AccTime:33.428208
#IT Ite:231 KerTime:0.145544 AccTime:33.573752
#IT Ite:232 KerTime:0.145250 AccTime:33.719002
#IT Ite:233 KerTime:0.145529 AccTime:33.864531
#IT Ite:234 KerTime:0.148372 AccTime:34.012903
#IT Ite:235 KerTime:0.146536 AccTime:34.159439
#IT Ite:236 KerTime:0.143698 AccTime:34.303137
#IT Ite:237 KerTime:0.145695 AccTime:34.448832
#IT Ite:238 KerTime:0.145643 AccTime:34.594475
#IT Ite:239 KerTime:0.145521 AccTime:34.739996
#IT Ite:240 KerTime:0.145722 AccTime:34.885718
#IT Ite:241 KerTime:0.145371 AccTime:35.031089
#IT Ite:242 KerTime:0.145809 AccTime:35.176898
#IT Ite:243 KerTime:0.144616 AccTime:35.321514
#IT Ite:244 KerTime:0.145091 AccTime:35.466605
#IT Ite:245 KerTime:0.146205 AccTime:35.612810
#IT Ite:246 KerTime:0.145145 AccTime:35.757955
#IT Ite:247 KerTime:0.145982 AccTime:35.903937
#IT Ite:248 KerTime:0.145485 AccTime:36.049422
#IT Ite:249 KerTime:0.145957 AccTime:36.195379
#IT Ite:250 KerTime:0.145582 AccTime:36.340961
#IT Ite:251 KerTime:0.145735 AccTime:36.486696
#IT Ite:252 KerTime:0.146262 AccTime:36.632958
#IT Ite:253 KerTime:0.145189 AccTime:36.778147
#IT Ite:254 KerTime:0.145896 AccTime:36.924043
#IT Ite:255 KerTime:0.146202 AccTime:37.070245
#IT Ite:256 KerTime:0.145156 AccTime:37.215401
#IT Ite:257 KerTime:0.147220 AccTime:37.362621
#IT Ite:258 KerTime:0.145533 AccTime:37.508154
#IT Ite:259 KerTime:0.145161 AccTime:37.653315
#IT Ite:260 KerTime:0.145224 AccTime:37.798539
#IT Ite:261 KerTime:0.145409 AccTime:37.943948
#IT Ite:262 KerTime:0.145582 AccTime:38.089530
#IT Ite:263 KerTime:0.145844 AccTime:38.235374
#IT Ite:264 KerTime:0.144881 AccTime:38.380255
#IT Ite:265 KerTime:0.145841 AccTime:38.526096
#IT Ite:266 KerTime:0.145965 AccTime:38.672061
#IT Ite:267 KerTime:0.146153 AccTime:38.818214
#IT Ite:268 KerTime:0.147204 AccTime:38.965418
#IT Ite:269 KerTime:0.145146 AccTime:39.110564
#IT Ite:270 KerTime:0.145856 AccTime:39.256420
#IT Ite:271 KerTime:0.144864 AccTime:39.401284
#IT Ite:272 KerTime:0.145442 AccTime:39.546726
#IT Ite:273 KerTime:0.144849 AccTime:39.691575
#IT Ite:274 KerTime:0.146748 AccTime:39.838323
#IT Ite:275 KerTime:0.144969 AccTime:39.983292
#IT Ite:276 KerTime:0.144858 AccTime:40.128150
#IT Ite:277 KerTime:0.145163 AccTime:40.273313
#IT Ite:278 KerTime:0.144862 AccTime:40.418175
#IT Ite:279 KerTime:0.145141 AccTime:40.563316
#IT Ite:280 KerTime:0.145587 AccTime:40.708903
#IT Ite:281 KerTime:0.146095 AccTime:40.854998
#IT Ite:282 KerTime:0.146431 AccTime:41.001429
#IT Ite:283 KerTime:0.145937 AccTime:41.147366
#IT Ite:284 KerTime:0.146897 AccTime:41.294263
#IT Ite:285 KerTime:0.145155 AccTime:41.439418
#IT Ite:286 KerTime:0.145769 AccTime:41.585187
#IT Ite:287 KerTime:0.145671 AccTime:41.730858
#IT Ite:288 KerTime:0.145953 AccTime:41.876811
#IT Ite:289 KerTime:0.147141 AccTime:42.023952
#IT Ite:290 KerTime:0.145090 AccTime:42.169042
#IT Ite:291 KerTime:0.146208 AccTime:42.315250
#IT Ite:292 KerTime:0.145815 AccTime:42.461065
#IT Ite:293 KerTime:0.144917 AccTime:42.605982
#IT Ite:294 KerTime:0.146225 AccTime:42.752207
#IT Ite:295 KerTime:0.145356 AccTime:42.897563
#IT Ite:296 KerTime:0.146435 AccTime:43.043998
#IT Ite:297 KerTime:0.146634 AccTime:43.190632
#IT Ite:298 KerTime:0.144508 AccTime:43.335140
#IT Ite:299 KerTime:0.145507 AccTime:43.480647
#IT Ite:300 KerTime:0.147064 AccTime:43.627711
#IT Ite:301 KerTime:0.145219 AccTime:43.772930
#IT Ite:302 KerTime:0.146223 AccTime:43.919153
#IT Ite:303 KerTime:0.146152 AccTime:44.065305
#IT Ite:304 KerTime:0.146687 AccTime:44.211992
#IT Ite:305 KerTime:0.145699 AccTime:44.357691
#IT Ite:306 KerTime:0.145158 AccTime:44.502849
#IT Ite:307 KerTime:0.144819 AccTime:44.647668
#IT Ite:308 KerTime:0.146525 AccTime:44.794193
#IT Ite:309 KerTime:0.144656 AccTime:44.938849
#IT Ite:310 KerTime:0.145255 AccTime:45.084104
#IT Ite:311 KerTime:0.144491 AccTime:45.228595
#IT Ite:312 KerTime:0.145684 AccTime:45.374279
#IT Ite:313 KerTime:0.144784 AccTime:45.519063
#IT Ite:314 KerTime:0.145210 AccTime:45.664273
#IT Ite:315 KerTime:0.145479 AccTime:45.809752
#IT Ite:316 KerTime:0.146412 AccTime:45.956164
#IT Ite:317 KerTime:0.144743 AccTime:46.100907
#IT Ite:318 KerTime:0.144482 AccTime:46.245389
#IT Ite:319 KerTime:0.144807 AccTime:46.390196
#IT Ite:320 KerTime:0.145942 AccTime:46.536138
#IT Ite:321 KerTime:0.145856 AccTime:46.681994
#IT Ite:322 KerTime:0.145206 AccTime:46.827200
#IT Ite:323 KerTime:0.145838 AccTime:46.973038
#IT Ite:324 KerTime:0.145256 AccTime:47.118294
#IT Ite:325 KerTime:0.145847 AccTime:47.264141
#IT Ite:326 KerTime:0.146872 AccTime:47.411013
#IT Ite:327 KerTime:0.145071 AccTime:47.556084
#IT Ite:328 KerTime:0.145161 AccTime:47.701245
#IT Ite:329 KerTime:0.145902 AccTime:47.847147
#IT Ite:330 KerTime:0.146492 AccTime:47.993639
#IT Ite:331 KerTime:0.146208 AccTime:48.139847
#IT Ite:332 KerTime:0.145404 AccTime:48.285251
#IT Ite:333 KerTime:0.145525 AccTime:48.430776
#IT Ite:334 KerTime:0.145047 AccTime:48.575823
#IT Ite:335 KerTime:0.146199 AccTime:48.722022
#IT Ite:336 KerTime:0.145857 AccTime:48.867879
#IT Ite:337 KerTime:0.144800 AccTime:49.012679
#IT Ite:338 KerTime:0.145611 AccTime:49.158290
#IT Ite:339 KerTime:0.145480 AccTime:49.303770
#IT Ite:340 KerTime:0.145183 AccTime:49.448953
#IT Ite:341 KerTime:0.145513 AccTime:49.594466
#IT Ite:342 KerTime:0.145960 AccTime:49.740426
#IT Ite:343 KerTime:0.144476 AccTime:49.884902
#IT Ite:344 KerTime:0.145893 AccTime:50.030795
#IT Ite:345 KerTime:0.145762 AccTime:50.176557
#IT Ite:346 KerTime:0.145311 AccTime:50.321868
#IT Ite:347 KerTime:0.145516 AccTime:50.467384
#IT Ite:348 KerTime:0.145491 AccTime:50.612875
#IT Ite:349 KerTime:0.145104 AccTime:50.757979
#IT Ite:350 KerTime:0.145389 AccTime:50.903368
#IT Ite:351 KerTime:0.145223 AccTime:51.048591
#IT Ite:352 KerTime:0.145464 AccTime:51.194055
#IT Ite:353 KerTime:0.144764 AccTime:51.338819
#IT Ite:354 KerTime:0.144293 AccTime:51.483112
#IT Ite:355 KerTime:0.146219 AccTime:51.629331
#IT Ite:356 KerTime:0.145594 AccTime:51.774925
#IT Ite:357 KerTime:0.145814 AccTime:51.920739
#IT Ite:358 KerTime:0.145189 AccTime:52.065928
#IT Ite:359 KerTime:0.145276 AccTime:52.211204
#IT Ite:360 KerTime:0.146961 AccTime:52.358165
#IT Ite:361 KerTime:0.146200 AccTime:52.504365
#IT Ite:362 KerTime:0.145766 AccTime:52.650131
#IT Ite:363 KerTime:0.145160 AccTime:52.795291
#ERR stream: 0, p: [125183], ea: 4, v_r: 2.5980282309296549e+03, v_e: 2.5980282309296549e+03, x_r: 1.1521914043674246e+03, x_e: 1.1521914043674246e+03, y_r: -1.8342952551654848e+03, y_e: -1.8342952551654848e+03, z_r: 6.6331802768554462e+02, z_e: 6.6331802768554462e+02

#ERR stream: 0, p: [21554], ea: 0, v_r: 3.0839888350268511e+03, v_e: 3.0839888350268511e+03, x_r: 1.8181727867958529e+02, x_e: 1.8181727867958529e+02, y_r: 2.4488269179256536e+03, y_e: 2.4488269179256536e+03, z_r: -1.6471439011744710e+03, z_e: -1.6471439011744710e+03

#ERR stream: 0, p: [164427], ea: 0, v_r: 2.2347849143081535e+03, v_e: 2.2158105648702003e+03, x_r: -1.1915379120494961e+03, x_e: -1.1806992184700273e+03, y_r: 5.3412430159375754e+02, y_e: 5.3086178744502763e+02, z_r: -2.0270488601388706e+03, z_e: -2.0095346942772680e+03

#SDC Ite:363 KerTime:0.145160 AccTime:52.795291 KerErr:3 AccErr:3
#IT Ite:364 KerTime:0.145233 AccTime:52.940524
#IT Ite:365 KerTime:0.146213 AccTime:53.086737
#IT Ite:366 KerTime:0.144756 AccTime:53.231493
#IT Ite:367 KerTime:0.145799 AccTime:53.377292
#IT Ite:368 KerTime:0.145659 AccTime:53.522951
#IT Ite:369 KerTime:0.145474 AccTime:53.668425
#IT Ite:370 KerTime:0.145204 AccTime:53.813629
#IT Ite:371 KerTime:0.146071 AccTime:53.959700
#IT Ite:372 KerTime:0.146306 AccTime:54.106006
#IT Ite:373 KerTime:0.146007 AccTime:54.252013
#IT Ite:374 KerTime:0.146225 AccTime:54.398238
#IT Ite:375 KerTime:0.145874 AccTime:54.544112
#IT Ite:376 KerTime:0.146919 AccTime:54.691031
#IT Ite:377 KerTime:0.145803 AccTime:54.836834
#IT Ite:378 KerTime:0.145880 AccTime:54.982714
#IT Ite:379 KerTime:0.146070 AccTime:55.128784
#IT Ite:380 KerTime:0.146141 AccTime:55.274925
#IT Ite:381 KerTime:0.147361 AccTime:55.422286
#IT Ite:382 KerTime:0.144758 AccTime:55.567044
#IT Ite:383 KerTime:0.144443 AccTime:55.711487
#IT Ite:384 KerTime:0.144645 AccTime:55.856132
#IT Ite:385 KerTime:0.144741 AccTime:56.000873
#IT Ite:386 KerTime:0.145454 AccTime:56.146327
#IT Ite:387 KerTime:0.145945 AccTime:56.292272
#IT Ite:388 KerTime:0.145372 AccTime:56.437644
#IT Ite:389 KerTime:0.145288 AccTime:56.582932
#IT Ite:390 KerTime:0.145521 AccTime:56.728453
#IT Ite:391 KerTime:0.145198 AccTime:56.873651
#IT Ite:392 KerTime:0.145540 AccTime:57.019191
#IT Ite:393 KerTime:0.145565 AccTime:57.164756
#IT Ite:394 KerTime:0.146388 AccTime:57.311144
#IT Ite:395 KerTime:0.147033 AccTime:57.458177
#IT Ite:396 KerTime:0.147299 AccTime:57.605476
#IT Ite:397 KerTime:0.145446 AccTime:57.750922
#IT Ite:398 KerTime:0.145086 AccTime:57.896008
#IT Ite:399 KerTime:0.145224 AccTime:58.041232
#IT Ite:400 KerTime:0.146523 AccTime:58.187755
#IT Ite:401 KerTime:0.144703 AccTime:58.332458
#IT Ite:402 KerTime:0.145720 AccTime:58.478178
#IT Ite:403 KerTime:0.146140 AccTime:58.624318
#IT Ite:404 KerTime:0.145830 AccTime:58.770148
#IT Ite:405 KerTime:0.145487 AccTime:58.915635
#IT Ite:406 KerTime:0.145439 AccTime:59.061074
#IT Ite:407 KerTime:0.145847 AccTime:59.206921
#IT Ite:408 KerTime:0.145506 AccTime:59.352427
#IT Ite:409 KerTime:0.145840 AccTime:59.498267
#IT Ite:410 KerTime:0.145220 AccTime:59.643487
#IT Ite:411 KerTime:0.147160 AccTime:59.790647
#IT Ite:412 KerTime:0.147537 AccTime:59.938184
#IT Ite:413 KerTime:0.145919 AccTime:60.084103
#IT Ite:414 KerTime:0.144488 AccTime:60.228591
#IT Ite:415 KerTime:0.144472 AccTime:60.373063
#IT Ite:416 KerTime:0.145287 AccTime:60.518350
#IT Ite:417 KerTime:0.145014 AccTime:60.663364
#IT Ite:418 KerTime:0.144400 AccTime:60.807764
#IT Ite:419 KerTime:0.145594 AccTime:60.953358
#IT Ite:420 KerTime:0.146205 AccTime:61.099563
#IT Ite:421 KerTime:0.146121 AccTime:61.245684
#IT Ite:422 KerTime:0.146302 AccTime:61.391986
#IT Ite:423 KerTime:0.145634 AccTime:61.537620
#IT Ite:424 KerTime:0.145527 AccTime:61.683147
#IT Ite:425 KerTime:0.146573 AccTime:61.829720
#IT Ite:426 KerTime:0.145874 AccTime:61.975594
#IT Ite:427 KerTime:0.145783 AccTime:62.121377
#IT Ite:428 KerTime:0.146445 AccTime:62.267822
#IT Ite:429 KerTime:0.145912 AccTime:62.413734
#IT Ite:430 KerTime:0.145154 AccTime:62.558888
#IT Ite:431 KerTime:0.144447 AccTime:62.703335
#IT Ite:432 KerTime:0.145533 AccTime:62.848868
#IT Ite:433 KerTime:0.041566 AccTime:62.890434
#ERR error logic:
#END