#HEADER iterations: 1000 img_list: /home/carol/radiation-benchmarks/data/networks_img_list/voc.2012.1K.txt board: K40
#BEGIN Y:2016 M:12 D:14 Time:14:49:16
#IT Ite:0 KerTime:0.120722 AccTime:0.120722
#IT Ite:1 KerTime:0.110254 AccTime:0.230976
#IT Ite:2 KerTime:0.118829 AccTime:0.349805
#IT Ite:3 KerTime:0.120182 AccTime:0.469987
#IT Ite:4 KerTime:0.117008 AccTime:0.586995
#IT Ite:5 KerTime:0.118996 AccTime:0.705991
#IT Ite:6 KerTime:0.118881 AccTime:0.824872
#IT Ite:7 KerTime:0.118019 AccTime:0.942891
#IT Ite:8 KerTime:0.115856 AccTime:1.058747
#IT Ite:9 KerTime:0.125986 AccTime:1.184733
#IT Ite:10 KerTime:0.116993 AccTime:1.301726
#IT Ite:11 KerTime:0.118978 AccTime:1.420704
#IT Ite:12 KerTime:0.125164 AccTime:1.545868
#IT Ite:13 KerTime:0.115369 AccTime:1.661237
#IT Ite:14 KerTime:0.115747 AccTime:1.776984
#IT Ite:15 KerTime:0.111361 AccTime:1.888345
#IT Ite:16 KerTime:0.119846 AccTime:2.008191
#IT Ite:17 KerTime:0.120940 AccTime:2.129131
#IT Ite:18 KerTime:0.134295 AccTime:2.263426
#IT Ite:19 KerTime:0.119957 AccTime:2.383383
#IT Ite:20 KerTime:0.117954 AccTime:2.501337
#IT Ite:21 KerTime:0.119821 AccTime:2.621158
#IT Ite:22 KerTime:0.124581 AccTime:2.745739
#IT Ite:23 KerTime:0.107288 AccTime:2.853027
#IT Ite:24 KerTime:0.098499 AccTime:2.951526
#IT Ite:25 KerTime:0.118217 AccTime:3.069743
#IT Ite:26 KerTime:0.118328 AccTime:3.188071
#IT Ite:27 KerTime:0.125711 AccTime:3.313782
#IT Ite:28 KerTime:0.120005 AccTime:3.433787
#IT Ite:29 KerTime:0.124886 AccTime:3.558673
#IT Ite:30 KerTime:0.123980 AccTime:3.682653
#IT Ite:31 KerTime:0.110301 AccTime:3.792954
#IT Ite:32 KerTime:0.121035 AccTime:3.913989
#IT Ite:33 KerTime:0.110392 AccTime:4.024381
#IT Ite:34 KerTime:0.119639 AccTime:4.144020
#IT Ite:35 KerTime:0.116939 AccTime:4.260959
#IT Ite:36 KerTime:0.118407 AccTime:4.379366
#IT Ite:37 KerTime:0.120856 AccTime:4.500222
#IT Ite:38 KerTime:0.104361 AccTime:4.604583
#IT Ite:39 KerTime:0.111136 AccTime:4.715719
#IT Ite:40 KerTime:0.117747 AccTime:4.833466
#IT Ite:41 KerTime:0.111277 AccTime:4.944743
#IT Ite:42 KerTime:0.108336 AccTime:5.053079
#IT Ite:43 KerTime:0.117930 AccTime:5.171009
#IT Ite:44 KerTime:0.119120 AccTime:5.290129
#IT Ite:45 KerTime:0.121028 AccTime:5.411157
#IT Ite:46 KerTime:0.113702 AccTime:5.524859
#IT Ite:47 KerTime:0.119626 AccTime:5.644485
#IT Ite:48 KerTime:0.112565 AccTime:5.757050
#IT Ite:49 KerTime:0.119040 AccTime:5.876090
#IT Ite:50 KerTime:0.116670 AccTime:5.992760
#IT Ite:51 KerTime:0.117882 AccTime:6.110642
#IT Ite:52 KerTime:0.118379 AccTime:6.229021
#IT Ite:53 KerTime:0.118462 AccTime:6.347483
#IT Ite:54 KerTime:0.116596 AccTime:6.464079
#IT Ite:55 KerTime:0.118626 AccTime:6.582705
#IT Ite:56 KerTime:0.117041 AccTime:6.699746
#IT Ite:57 KerTime:0.117518 AccTime:6.817264
#IT Ite:58 KerTime:0.118445 AccTime:6.935709
#IT Ite:59 KerTime:0.117822 AccTime:7.053531
#IT Ite:60 KerTime:0.117187 AccTime:7.170718
#IT Ite:61 KerTime:0.118349 AccTime:7.289067
#IT Ite:62 KerTime:0.125056 AccTime:7.414123
#IT Ite:63 KerTime:0.121815 AccTime:7.535938
#IT Ite:64 KerTime:0.119049 AccTime:7.654987
#IT Ite:65 KerTime:0.124650 AccTime:7.779637
#IT Ite:66 KerTime:0.123063 AccTime:7.902700
#IT Ite:67 KerTime:0.119473 AccTime:8.022173
#IT Ite:68 KerTime:0.114851 AccTime:8.137024
#IT Ite:69 KerTime:0.118346 AccTime:8.255370
#IT Ite:70 KerTime:0.112953 AccTime:8.368323
#IT Ite:71 KerTime:0.110097 AccTime:8.478420
#IT Ite:72 KerTime:0.118126 AccTime:8.596546
#IT Ite:73 KerTime:0.131407 AccTime:8.727953
#IT Ite:74 KerTime:0.120782 AccTime:8.848735
#IT Ite:75 KerTime:0.116503 AccTime:8.965238
#IT Ite:76 KerTime:0.116570 AccTime:9.081808
#IT Ite:77 KerTime:0.116541 AccTime:9.198349
#IT Ite:78 KerTime:0.124308 AccTime:9.322657
#IT Ite:79 KerTime:0.115064 AccTime:9.437721
#IT Ite:80 KerTime:0.114706 AccTime:9.552427
#IT Ite:81 KerTime:0.126232 AccTime:9.678659
#IT Ite:82 KerTime:0.119081 AccTime:9.797740
#IT Ite:83 KerTime:0.127610 AccTime:9.925350
#IT Ite:84 KerTime:0.113105 AccTime:10.038455
#IT Ite:85 KerTime:0.116333 AccTime:10.154788
#IT Ite:86 KerTime:0.111256 AccTime:10.266044
#IT Ite:87 KerTime:0.127130 AccTime:10.393174
#IT Ite:88 KerTime:0.117126 AccTime:10.510300
#IT Ite:89 KerTime:0.128925 AccTime:10.639225
#IT Ite:90 KerTime:0.128045 AccTime:10.767270
#IT Ite:91 KerTime:0.126004 AccTime:10.893274
#IT Ite:92 KerTime:0.116306 AccTime:11.009580
#IT Ite:93 KerTime:0.125886 AccTime:11.135466
#IT Ite:94 KerTime:0.112185 AccTime:11.247651
#IT Ite:95 KerTime:0.118271 AccTime:11.365922
#IT Ite:96 KerTime:0.114279 AccTime:11.480201
#IT Ite:97 KerTime:0.120997 AccTime:11.601198
#IT Ite:98 KerTime:0.113043 AccTime:11.714241
#IT Ite:99 KerTime:0.117509 AccTime:11.831750
#IT Ite:100 KerTime:0.119657 AccTime:11.951407
#IT Ite:101 KerTime:0.118753 AccTime:12.070160
#IT Ite:102 KerTime:0.111309 AccTime:12.181469
#IT Ite:103 KerTime:0.120314 AccTime:12.301783
#IT Ite:104 KerTime:0.120638 AccTime:12.422421
#IT Ite:105 KerTime:0.112526 AccTime:12.534947
#IT Ite:106 KerTime:0.120908 AccTime:12.655855
#IT Ite:107 KerTime:0.126227 AccTime:12.782082
#IT Ite:108 KerTime:0.118493 AccTime:12.900575
#IT Ite:109 KerTime:0.124568 AccTime:13.025143
#IT Ite:110 KerTime:0.120687 AccTime:13.145830
#IT Ite:111 KerTime:0.112039 AccTime:13.257869
#IT Ite:112 KerTime:0.110000 AccTime:13.367869
#IT Ite:113 KerTime:0.111016 AccTime:13.478885
#IT Ite:114 KerTime:0.119369 AccTime:13.598254
#IT Ite:115 KerTime:0.110487 AccTime:13.708741
#IT Ite:116 KerTime:0.118531 AccTime:13.827272
#IT Ite:117 KerTime:0.119217 AccTime:13.946489
#IT Ite:118 KerTime:0.119520 AccTime:14.066009
#IT Ite:119 KerTime:0.118284 AccTime:14.184293
#IT Ite:120 KerTime:0.125859 AccTime:14.310152
#IT Ite:121 KerTime:0.117502 AccTime:14.427654
#IT Ite:122 KerTime:0.118257 AccTime:14.545911
#IT Ite:123 KerTime:0.120600 AccTime:14.666511
#IT Ite:124 KerTime:0.111834 AccTime:14.778345
#IT Ite:125 KerTime:0.119826 AccTime:14.898171
#IT Ite:126 KerTime:0.119827 AccTime:15.017998
#IT Ite:127 KerTime:0.127855 AccTime:15.145853
#IT Ite:128 KerTime:0.128000 AccTime:15.273853
#IT Ite:129 KerTime:0.118796 AccTime:15.392649
#IT Ite:130 KerTime:0.098566 AccTime:15.491215
#IT Ite:131 KerTime:0.123637 AccTime:15.614852
#IT Ite:132 KerTime:0.115694 AccTime:15.730546
#IT Ite:133 KerTime:0.113332 AccTime:15.843878
#IT Ite:134 KerTime:0.126997 AccTime:15.970875
#IT Ite:135 KerTime:0.110489 AccTime:16.081364
#IT Ite:136 KerTime:0.120854 AccTime:16.202218
#IT Ite:137 KerTime:0.115948 AccTime:16.318166
#IT Ite:138 KerTime:0.126793 AccTime:16.444959
#IT Ite:139 KerTime:0.112244 AccTime:16.557203
#IT Ite:140 KerTime:0.126990 AccTime:16.684193
#IT Ite:141 KerTime:0.126830 AccTime:16.811023
#IT Ite:142 KerTime:0.120300 AccTime:16.931323
#IT Ite:143 KerTime:0.125697 AccTime:17.057020
#IT Ite:144 KerTime:0.119007 AccTime:17.176027
#IT Ite:145 KerTime:0.110918 AccTime:17.286945
#IT Ite:146 KerTime:0.109815 AccTime:17.396760
#IT Ite:147 KerTime:0.114009 AccTime:17.510769
#IT Ite:148 KerTime:0.127376 AccTime:17.638145
#IT Ite:149 KerTime:0.118562 AccTime:17.756707
#IT Ite:150 KerTime:0.106495 AccTime:17.863202
#IT Ite:151 KerTime:0.112894 AccTime:17.976096
#IT Ite:152 KerTime:0.112050 AccTime:18.088146
#IT Ite:153 KerTime:0.118131 AccTime:18.206277
#IT Ite:154 KerTime:0.097262 AccTime:18.303539
#IT Ite:155 KerTime:0.122791 AccTime:18.426330
#IT Ite:156 KerTime:0.117831 AccTime:18.544161
#IT Ite:157 KerTime:0.119405 AccTime:18.663566
#IT Ite:158 KerTime:0.126020 AccTime:18.789586
#IT Ite:159 KerTime:0.121666 AccTime:18.911252
#IT Ite:160 KerTime:0.119475 AccTime:19.030727
#IT Ite:161 KerTime:0.121474 AccTime:19.152201
#IT Ite:162 KerTime:0.105005 AccTime:19.257206
#IT Ite:163 KerTime:0.110701 AccTime:19.367907
#IT Ite:164 KerTime:0.112582 AccTime:19.480489
#IT Ite:165 KerTime:0.124161 AccTime:19.604650
#IT Ite:166 KerTime:0.105998 AccTime:19.710648
#IT Ite:167 KerTime:0.126959 AccTime:19.837607
#IT Ite:168 KerTime:0.104844 AccTime:19.942451
#IT Ite:169 KerTime:0.118920 AccTime:20.061371
#IT Ite:170 KerTime:0.121095 AccTime:20.182466
#IT Ite:171 KerTime:0.120650 AccTime:20.303116
#IT Ite:172 KerTime:0.121986 AccTime:20.425102
#IT Ite:173 KerTime:0.118153 AccTime:20.543255
#IT Ite:174 KerTime:0.108788 AccTime:20.652043
#IT Ite:175 KerTime:0.113608 AccTime:20.765651
#IT Ite:176 KerTime:0.117159 AccTime:20.882810
#IT Ite:177 KerTime:0.131238 AccTime:21.014048
#IT Ite:178 KerTime:0.121333 AccTime:21.135381
#IT Ite:179 KerTime:0.119072 AccTime:21.254453
#IT Ite:180 KerTime:0.123426 AccTime:21.377879
#IT Ite:181 KerTime:0.117820 AccTime:21.495699
#IT Ite:182 KerTime:0.128223 AccTime:21.623922
#IT Ite:183 KerTime:0.119671 AccTime:21.743593
#IT Ite:184 KerTime:0.119366 AccTime:21.862959
#IT Ite:185 KerTime:0.132034 AccTime:21.994993
#IT Ite:186 KerTime:0.126280 AccTime:22.121273
#IT Ite:187 KerTime:0.119300 AccTime:22.240573
#IT Ite:188 KerTime:0.117606 AccTime:22.358179
#IT Ite:189 KerTime:0.126446 AccTime:22.484625
#IT Ite:190 KerTime:0.111534 AccTime:22.596159
#IT Ite:191 KerTime:0.110879 AccTime:22.707038
#IT Ite:192 KerTime:0.119005 AccTime:22.826043
#IT Ite:193 KerTime:0.126363 AccTime:22.952406
#IT Ite:194 KerTime:0.119740 AccTime:23.072146
#IT Ite:195 KerTime:0.131575 AccTime:23.203721
#IT Ite:196 KerTime:0.119083 AccTime:23.322804
#IT Ite:197 KerTime:0.111629 AccTime:23.434433
#IT Ite:198 KerTime:0.128352 AccTime:23.562785
#IT Ite:199 KerTime:0.117173 AccTime:23.679958
#IT Ite:200 KerTime:0.120905 AccTime:23.800863
#IT Ite:201 KerTime:0.126252 AccTime:23.927115
#IT Ite:202 KerTime:0.110191 AccTime:24.037306
#IT Ite:203 KerTime:0.110639 AccTime:24.147945
#IT Ite:204 KerTime:0.118330 AccTime:24.266275
#IT Ite:205 KerTime:0.118296 AccTime:24.384571
#IT Ite:206 KerTime:0.119318 AccTime:24.503889
#IT Ite:207 KerTime:0.115235 AccTime:24.619124
#IT Ite:208 KerTime:0.128061 AccTime:24.747185
#IT Ite:209 KerTime:0.120090 AccTime:24.867275
#IT Ite:210 KerTime:0.110372 AccTime:24.977647
#IT Ite:211 KerTime:0.096800 AccTime:25.074447
#IT Ite:212 KerTime:0.119709 AccTime:25.194156
#IT Ite:213 KerTime:0.119979 AccTime:25.314135
#IT Ite:214 KerTime:0.114321 AccTime:25.428456
#IT Ite:215 KerTime:0.111129 AccTime:25.539585
#IT Ite:216 KerTime:0.114066 AccTime:25.653651
#IT Ite:217 KerTime:0.119857 AccTime:25.773508
#IT Ite:218 KerTime:0.128060 AccTime:25.901568
#IT Ite:219 KerTime:0.116076 AccTime:26.017644
#IT Ite:220 KerTime:0.130113 AccTime:26.147757
#IT Ite:221 KerTime:0.117532 AccTime:26.265289
#IT Ite:222 KerTime:0.110628 AccTime:26.375917
#IT Ite:223 KerTime:0.117341 AccTime:26.493258
#IT Ite:224 KerTime:0.119337 AccTime:26.612595
#IT Ite:225 KerTime:0.126634 AccTime:26.739229
#IT Ite:226 KerTime:0.117632 AccTime:26.856861
#IT Ite:227 KerTime:0.118338 AccTime:26.975199
#IT Ite:228 KerTime:0.126454 AccTime:27.101653
#IT Ite:229 KerTime:0.106427 AccTime:27.208080
#IT Ite:230 KerTime:0.121397 AccTime:27.329477
#IT Ite:231 KerTime:0.118636 AccTime:27.448113
#IT Ite:232 KerTime:0.118808 AccTime:27.566921
#IT Ite:233 KerTime:0.126592 AccTime:27.693513
#IT Ite:234 KerTime:0.119637 AccTime:27.813150
#IT Ite:235 KerTime:0.125600 AccTime:27.938750
#IT Ite:236 KerTime:0.118149 AccTime:28.056899
#IT Ite:237 KerTime:0.117777 AccTime:28.174676
#ERR img_name: /home/carol/radiation-benchmarks/data/VOC2012/2011_001997.jpg class: aeroplane box: [27] x1_e: 40.9883270264 x1_r: 40.986076355 y1_e: 226.83946228 y1_r: 226.839309692 x2_e: 98.7296905518 x2_r: 98.734703064 y2_e: 262.760925293 y2_r: 262.764892578 
#SDC Ite:237 KerTime:0.117777 AccTime:28.174676 KerErr:1 AccErr:1
#IT Ite:238 KerTime:0.118172 AccTime:28.292848
#IT Ite:239 KerTime:0.117620 AccTime:28.410468
#ERR img_name: /home/carol/radiation-benchmarks/data/VOC2012/2012_000141.jpg class: motorbike box: [36] x1_e: 41.3501434326 x1_r: 41.3495635986 y1_e: 205.950149536 y1_r: 205.956176758 x2_e: 385.700073242 x2_r: 385.698730469 y2_e: 363.245056152 y2_r: 363.24609375 
#ERR img_name: /home/carol/radiation-benchmarks/data/VOC2012/2012_000141.jpg class: sofa box: [27] x1_e: 74.6762161255 x1_r: 152.373092651 y1_e: 263.625488281 y1_r: 141.65725708 x2_e: 183.831604004 x2_r: 199.497116089 y2_e: 373.486694336 y2_r: 217.236083984 
#ERR img_name: /home/carol/radiation-benchmarks/data/VOC2012/2012_000141.jpg class: sofa box: [28] x1_e: 152.37310791 x1_r: 74.6763458252 y1_e: 141.65725708 y1_r: 263.626312256 x2_e: 199.49710083 x2_r: 183.829910278 y2_e: 217.236083984 y2_r: 373.487518311 
#ERR img_name: /home/carol/radiation-benchmarks/data/VOC2012/2012_000141.jpg class: dog box: [42] x1_e: 92.8412857056 x1_r: 92.8404006958 y1_e: 222.379104614 y1_r: 222.384552002 x2_e: 339.313873291 x2_r: 339.312438965 y2_e: 350.495910645 y2_r: 350.4972229 
#ERR img_name: /home/carol/radiation-benchmarks/data/VOC2012/2012_000141.jpg class: diningtable box: [1] x1_e: 33.5475311279 x1_r: 33.5471954346 y1_e: 225.194442749 y1_r: 225.199676514 x2_e: 418.74609375 x2_r: 418.744995117 y2_e: 372.42980957 y2_r: 372.430328369 
#ERR exception: error_network_exection error_info:['Traceback (most recent call last):\n', '  File "/home/carol/radiation-benchmarks/src/cuda/py-faster-rcnn/tools/py_faster_rcnn.py", line 477, in <module>\n    error_count = compare(gold_file[im_name], ret, im_name)\n', '  File "/home/carol/radiation-benchmarks/src/cuda/py-faster-rcnn/tools/py_faster_rcnn.py", line 354, in compare\n    error_count += compare_scores(scrListGold, scrListCurr, i, tempImgName)\n', '  File "/home/carol/radiation-benchmarks/src/cuda/py-faster-rcnn/tools/py_faster_rcnn.py", line 305, in compare_scores\n    lh.log_error_detail("img_name: " + str(img_name) + " class: " + str(cls) + "wrong_score_size: " + scrDiff)\n', "TypeError: cannot concatenate 'str' and 'int' objects\n"] XX Inappropriate argument type. XX cannot concatenate 'str' and 'int' objects
#END