#HEADER iterations: 1000 img_list: /home/carol/radiation-benchmarks/data/networks_img_list/caltech.pedestrians.1K.txt board: K40
#BEGIN Y:2016 M:12 D:14 Time:15:59:16
#IT Ite:0 KerTime:0.131640 AccTime:0.131640
#IT Ite:1 KerTime:0.124146 AccTime:0.255786
#IT Ite:2 KerTime:0.125169 AccTime:0.380955
#IT Ite:3 KerTime:0.125665 AccTime:0.506620
#IT Ite:4 KerTime:0.123855 AccTime:0.630475
#IT Ite:5 KerTime:0.126737 AccTime:0.757212
#IT Ite:6 KerTime:0.127194 AccTime:0.884406
#IT Ite:7 KerTime:0.126890 AccTime:1.011296
#IT Ite:8 KerTime:0.126118 AccTime:1.137414
#IT Ite:9 KerTime:0.125697 AccTime:1.263111
#IT Ite:10 KerTime:0.125867 AccTime:1.388978
#IT Ite:11 KerTime:0.127207 AccTime:1.516185
#IT Ite:12 KerTime:0.124569 AccTime:1.640754
#IT Ite:13 KerTime:0.129152 AccTime:1.769906
#IT Ite:14 KerTime:0.124727 AccTime:1.894633
#IT Ite:15 KerTime:0.130471 AccTime:2.025104
#IT Ite:16 KerTime:0.128696 AccTime:2.153800
#IT Ite:17 KerTime:0.125623 AccTime:2.279423
#IT Ite:18 KerTime:0.124839 AccTime:2.404262
#IT Ite:19 KerTime:0.126266 AccTime:2.530528
#IT Ite:20 KerTime:0.124755 AccTime:2.655283
#IT Ite:21 KerTime:0.126629 AccTime:2.781912
#IT Ite:22 KerTime:0.125278 AccTime:2.907190
#IT Ite:23 KerTime:0.125734 AccTime:3.032924
#IT Ite:24 KerTime:0.126658 AccTime:3.159582
#IT Ite:25 KerTime:0.125572 AccTime:3.285154
#IT Ite:26 KerTime:0.125372 AccTime:3.410526
#IT Ite:27 KerTime:0.128304 AccTime:3.538830
#IT Ite:28 KerTime:0.127571 AccTime:3.666401
#IT Ite:29 KerTime:0.128376 AccTime:3.794777
#IT Ite:30 KerTime:0.128475 AccTime:3.923252
#IT Ite:31 KerTime:0.128933 AccTime:4.052185
#IT Ite:32 KerTime:0.125255 AccTime:4.177440
#IT Ite:33 KerTime:0.125598 AccTime:4.303038
#IT Ite:34 KerTime:0.124808 AccTime:4.427846
#IT Ite:35 KerTime:0.126461 AccTime:4.554307
#IT Ite:36 KerTime:0.128004 AccTime:4.682311
#IT Ite:37 KerTime:0.127705 AccTime:4.810016
#IT Ite:38 KerTime:0.126208 AccTime:4.936224
#IT Ite:39 KerTime:0.129825 AccTime:5.066049
#IT Ite:40 KerTime:0.126243 AccTime:5.192292
#IT Ite:41 KerTime:0.125569 AccTime:5.317861
#IT Ite:42 KerTime:0.129302 AccTime:5.447163
#IT Ite:43 KerTime:0.125828 AccTime:5.572991
#IT Ite:44 KerTime:0.132560 AccTime:5.705551
#IT Ite:45 KerTime:0.130020 AccTime:5.835571
#IT Ite:46 KerTime:0.128431 AccTime:5.964002
#IT Ite:47 KerTime:0.127025 AccTime:6.091027
#IT Ite:48 KerTime:0.125346 AccTime:6.216373
#IT Ite:49 KerTime:0.125682 AccTime:6.342055
#IT Ite:50 KerTime:0.125170 AccTime:6.467225
#IT Ite:51 KerTime:0.129065 AccTime:6.596290
#IT Ite:52 KerTime:0.127525 AccTime:6.723815
#IT Ite:53 KerTime:0.127451 AccTime:6.851266
#IT Ite:54 KerTime:0.127707 AccTime:6.978973
#IT Ite:55 KerTime:0.126017 AccTime:7.104990
#IT Ite:56 KerTime:0.129943 AccTime:7.234933
#IT Ite:57 KerTime:0.124132 AccTime:7.359065
#IT Ite:58 KerTime:0.134172 AccTime:7.493237
#IT Ite:59 KerTime:0.130491 AccTime:7.623728
#IT Ite:60 KerTime:0.127729 AccTime:7.751457
#IT Ite:61 KerTime:0.126196 AccTime:7.877653
#IT Ite:62 KerTime:0.125995 AccTime:8.003648
#IT Ite:63 KerTime:0.125822 AccTime:8.129470
#IT Ite:64 KerTime:0.125470 AccTime:8.254940
#IT Ite:65 KerTime:0.127695 AccTime:8.382635
#IT Ite:66 KerTime:0.125588 AccTime:8.508223
#IT Ite:67 KerTime:0.126549 AccTime:8.634772
#IT Ite:68 KerTime:0.125441 AccTime:8.760213
#IT Ite:69 KerTime:0.125585 AccTime:8.885798
#IT Ite:70 KerTime:0.125483 AccTime:9.011281
#IT Ite:71 KerTime:0.126222 AccTime:9.137503
#IT Ite:72 KerTime:0.129352 AccTime:9.266855
#IT Ite:73 KerTime:0.128443 AccTime:9.395298
#IT Ite:74 KerTime:0.128717 AccTime:9.524015
#IT Ite:75 KerTime:0.125538 AccTime:9.649553
#IT Ite:76 KerTime:0.124457 AccTime:9.774010
#IT Ite:77 KerTime:0.124426 AccTime:9.898436
#IT Ite:78 KerTime:0.126227 AccTime:10.024663
#IT Ite:79 KerTime:0.125959 AccTime:10.150622
#IT Ite:80 KerTime:0.125568 AccTime:10.276190
#IT Ite:81 KerTime:0.128383 AccTime:10.404573
#IT Ite:82 KerTime:0.127523 AccTime:10.532096
#IT Ite:83 KerTime:0.125909 AccTime:10.658005
#IT Ite:84 KerTime:0.125704 AccTime:10.783709
#IT Ite:85 KerTime:0.126437 AccTime:10.910146
#IT Ite:86 KerTime:0.129279 AccTime:11.039425
#IT Ite:87 KerTime:0.125030 AccTime:11.164455
#IT Ite:88 KerTime:0.131016 AccTime:11.295471
#IT Ite:89 KerTime:0.125527 AccTime:11.420998
#IT Ite:90 KerTime:0.142822 AccTime:11.563820
#IT Ite:91 KerTime:0.134465 AccTime:11.698285
#IT Ite:92 KerTime:0.133230 AccTime:11.831515
#IT Ite:93 KerTime:0.133137 AccTime:11.964652
#IT Ite:94 KerTime:0.129614 AccTime:12.094266
#IT Ite:95 KerTime:0.126777 AccTime:12.221043
#IT Ite:96 KerTime:0.125718 AccTime:12.346761
#IT Ite:97 KerTime:0.132156 AccTime:12.478917
#IT Ite:98 KerTime:0.128927 AccTime:12.607844
#IT Ite:99 KerTime:0.125383 AccTime:12.733227
#IT Ite:100 KerTime:0.128562 AccTime:12.861789
#IT Ite:101 KerTime:0.125143 AccTime:12.986932
#IT Ite:102 KerTime:0.131884 AccTime:13.118816
#IT Ite:103 KerTime:0.132156 AccTime:13.250972
#IT Ite:104 KerTime:0.127008 AccTime:13.377980
#IT Ite:105 KerTime:0.134949 AccTime:13.512929
#IT Ite:106 KerTime:0.128817 AccTime:13.641746
#IT Ite:107 KerTime:0.127156 AccTime:13.768902
#IT Ite:108 KerTime:0.126103 AccTime:13.895005
#IT Ite:109 KerTime:0.125442 AccTime:14.020447
#IT Ite:110 KerTime:0.126655 AccTime:14.147102
#IT Ite:111 KerTime:0.129042 AccTime:14.276144
#IT Ite:112 KerTime:0.125844 AccTime:14.401988
#IT Ite:113 KerTime:0.128198 AccTime:14.530186
#IT Ite:114 KerTime:0.125456 AccTime:14.655642
#IT Ite:115 KerTime:0.129441 AccTime:14.785083
#IT Ite:116 KerTime:0.126300 AccTime:14.911383
#IT Ite:117 KerTime:0.124991 AccTime:15.036374
#IT Ite:118 KerTime:0.124899 AccTime:15.161273
#IT Ite:119 KerTime:0.126960 AccTime:15.288233
#IT Ite:120 KerTime:0.125869 AccTime:15.414102
#IT Ite:121 KerTime:0.128611 AccTime:15.542713
#IT Ite:122 KerTime:0.127488 AccTime:15.670201
#IT Ite:123 KerTime:0.125519 AccTime:15.795720
#IT Ite:124 KerTime:0.127242 AccTime:15.922962
#IT Ite:125 KerTime:0.127423 AccTime:16.050385
#IT Ite:126 KerTime:0.128437 AccTime:16.178822
#IT Ite:127 KerTime:0.126054 AccTime:16.304876
#IT Ite:128 KerTime:0.130072 AccTime:16.434948
#IT Ite:129 KerTime:0.125480 AccTime:16.560428
#IT Ite:130 KerTime:0.127222 AccTime:16.687650
#IT Ite:131 KerTime:0.126704 AccTime:16.814354
#IT Ite:132 KerTime:0.125974 AccTime:16.940328
#IT Ite:133 KerTime:0.126710 AccTime:17.067038
#IT Ite:134 KerTime:0.126844 AccTime:17.193882
#IT Ite:135 KerTime:0.128538 AccTime:17.322420
#IT Ite:136 KerTime:0.127930 AccTime:17.450350
#IT Ite:137 KerTime:0.126535 AccTime:17.576885
#IT Ite:138 KerTime:0.126110 AccTime:17.702995
#IT Ite:139 KerTime:0.126420 AccTime:17.829415
#IT Ite:140 KerTime:0.125634 AccTime:17.955049
#IT Ite:141 KerTime:0.127518 AccTime:18.082567
#IT Ite:142 KerTime:0.127285 AccTime:18.209852
#IT Ite:143 KerTime:0.127988 AccTime:18.337840
#IT Ite:144 KerTime:0.126297 AccTime:18.464137
#IT Ite:145 KerTime:0.132168 AccTime:18.596305
#IT Ite:146 KerTime:0.126239 AccTime:18.722544
#IT Ite:147 KerTime:0.128217 AccTime:18.850761
#IT Ite:148 KerTime:0.126657 AccTime:18.977418
#IT Ite:149 KerTime:0.130059 AccTime:19.107477
#IT Ite:150 KerTime:0.126387 AccTime:19.233864
#IT Ite:151 KerTime:0.127457 AccTime:19.361321
#IT Ite:152 KerTime:0.127872 AccTime:19.489193
#IT Ite:153 KerTime:0.126487 AccTime:19.615680
#IT Ite:154 KerTime:0.125922 AccTime:19.741602
#IT Ite:155 KerTime:0.131139 AccTime:19.872741
#IT Ite:156 KerTime:0.128491 AccTime:20.001232
#IT Ite:157 KerTime:0.128510 AccTime:20.129742
#IT Ite:158 KerTime:0.125485 AccTime:20.255227
#IT Ite:159 KerTime:0.127516 AccTime:20.382743
#IT Ite:160 KerTime:0.126334 AccTime:20.509077
#IT Ite:161 KerTime:0.125809 AccTime:20.634886
#IT Ite:162 KerTime:0.126648 AccTime:20.761534
#IT Ite:163 KerTime:0.132646 AccTime:20.894180
#IT Ite:164 KerTime:0.127571 AccTime:21.021751
#IT Ite:165 KerTime:0.127115 AccTime:21.148866
#IT Ite:166 KerTime:0.127671 AccTime:21.276537
#IT Ite:167 KerTime:0.127337 AccTime:21.403874
#IT Ite:168 KerTime:0.126834 AccTime:21.530708
#IT Ite:169 KerTime:0.131248 AccTime:21.661956
#IT Ite:170 KerTime:0.128332 AccTime:21.790288
#IT Ite:171 KerTime:0.129981 AccTime:21.920269
#IT Ite:172 KerTime:0.125467 AccTime:22.045736
#IT Ite:173 KerTime:0.125753 AccTime:22.171489
#IT Ite:174 KerTime:0.125528 AccTime:22.297017
#IT Ite:175 KerTime:0.126533 AccTime:22.423550
#IT Ite:176 KerTime:0.125851 AccTime:22.549401
#IT Ite:177 KerTime:0.125792 AccTime:22.675193
#IT Ite:178 KerTime:0.132491 AccTime:22.807684
#IT Ite:179 KerTime:0.127384 AccTime:22.935068
#IT Ite:180 KerTime:0.126218 AccTime:23.061286
#IT Ite:181 KerTime:0.125500 AccTime:23.186786
#IT Ite:182 KerTime:0.125872 AccTime:23.312658
#IT Ite:183 KerTime:0.125427 AccTime:23.438085
#IT Ite:184 KerTime:0.127977 AccTime:23.566062
#IT Ite:185 KerTime:0.125479 AccTime:23.691541
#IT Ite:186 KerTime:0.128614 AccTime:23.820155
#IT Ite:187 KerTime:0.126358 AccTime:23.946513
#IT Ite:188 KerTime:0.129496 AccTime:24.076009
#IT Ite:189 KerTime:0.128247 AccTime:24.204256
#IT Ite:190 KerTime:0.124898 AccTime:24.329154
#IT Ite:191 KerTime:0.127372 AccTime:24.456526
#IT Ite:192 KerTime:0.127669 AccTime:24.584195
#IT Ite:193 KerTime:0.127158 AccTime:24.711353
#IT Ite:194 KerTime:0.128894 AccTime:24.840247
#IT Ite:195 KerTime:0.127864 AccTime:24.968111
#IT Ite:196 KerTime:0.126294 AccTime:25.094405
#IT Ite:197 KerTime:0.125372 AccTime:25.219777
#IT Ite:198 KerTime:0.129917 AccTime:25.349694
#IT Ite:199 KerTime:0.125478 AccTime:25.475172
#IT Ite:200 KerTime:0.128213 AccTime:25.603385
#IT Ite:201 KerTime:0.126208 AccTime:25.729593
#IT Ite:202 KerTime:0.128030 AccTime:25.857623
#IT Ite:203 KerTime:0.126198 AccTime:25.983821
#IT Ite:204 KerTime:0.125655 AccTime:26.109476
#IT Ite:205 KerTime:0.125970 AccTime:26.235446
#IT Ite:206 KerTime:0.127149 AccTime:26.362595
#IT Ite:207 KerTime:0.127813 AccTime:26.490408
#IT Ite:208 KerTime:0.126995 AccTime:26.617403
#IT Ite:209 KerTime:0.126783 AccTime:26.744186
#IT Ite:210 KerTime:0.125496 AccTime:26.869682
#IT Ite:211 KerTime:0.126253 AccTime:26.995935
#IT Ite:212 KerTime:0.130491 AccTime:27.126426
#IT Ite:213 KerTime:0.128991 AccTime:27.255417
#IT Ite:214 KerTime:0.127188 AccTime:27.382605
#IT Ite:215 KerTime:0.130872 AccTime:27.513477
#IT Ite:216 KerTime:0.126503 AccTime:27.639980
#IT Ite:217 KerTime:0.133843 AccTime:27.773823
#IT Ite:218 KerTime:0.126893 AccTime:27.900716
#IT Ite:219 KerTime:0.127015 AccTime:28.027731
#IT Ite:220 KerTime:0.126023 AccTime:28.153754
#IT Ite:221 KerTime:0.128982 AccTime:28.282736
#IT Ite:222 KerTime:0.127964 AccTime:28.410700
#IT Ite:223 KerTime:0.129223 AccTime:28.539923
#IT Ite:224 KerTime:0.127807 AccTime:28.667730
#IT Ite:225 KerTime:0.128334 AccTime:28.796064
#IT Ite:226 KerTime:0.131254 AccTime:28.927318
#IT Ite:227 KerTime:0.125831 AccTime:29.053149
#IT Ite:228 KerTime:0.131352 AccTime:29.184501
#IT Ite:229 KerTime:0.126193 AccTime:29.310694
#IT Ite:230 KerTime:0.131871 AccTime:29.442565
#IT Ite:231 KerTime:0.127183 AccTime:29.569748
#IT Ite:232 KerTime:0.125988 AccTime:29.695736
#IT Ite:233 KerTime:0.127417 AccTime:29.823153
#IT Ite:234 KerTime:0.128150 AccTime:29.951303
#IT Ite:235 KerTime:0.128504 AccTime:30.079807
#IT Ite:236 KerTime:0.127337 AccTime:30.207144
#IT Ite:237 KerTime:0.127529 AccTime:30.334673
#IT Ite:238 KerTime:0.128388 AccTime:30.463061
#IT Ite:239 KerTime:0.126004 AccTime:30.589065
#IT Ite:240 KerTime:0.129834 AccTime:30.718899
#IT Ite:241 KerTime:0.126335 AccTime:30.845234
#IT Ite:242 KerTime:0.131754 AccTime:30.976988
#IT Ite:243 KerTime:0.124984 AccTime:31.101972
#IT Ite:244 KerTime:0.130995 AccTime:31.232967
#IT Ite:245 KerTime:0.129489 AccTime:31.362456
#IT Ite:246 KerTime:0.126947 AccTime:31.489403
#IT Ite:247 KerTime:0.127765 AccTime:31.617168
#IT Ite:248 KerTime:0.128487 AccTime:31.745655
#IT Ite:249 KerTime:0.126526 AccTime:31.872181
#IT Ite:250 KerTime:0.126696 AccTime:31.998877
#IT Ite:251 KerTime:0.126939 AccTime:32.125816
#IT Ite:252 KerTime:0.126181 AccTime:32.251997
#IT Ite:253 KerTime:0.126162 AccTime:32.378159
#IT Ite:254 KerTime:0.128925 AccTime:32.507084
#IT Ite:255 KerTime:0.125668 AccTime:32.632752
#IT Ite:256 KerTime:0.127963 AccTime:32.760715
#IT Ite:257 KerTime:0.125629 AccTime:32.886344
#IT Ite:258 KerTime:0.129689 AccTime:33.016033
#IT Ite:259 KerTime:0.125717 AccTime:33.141750
#IT Ite:260 KerTime:0.126842 AccTime:33.268592
#IT Ite:261 KerTime:0.126534 AccTime:33.395126
#IT Ite:262 KerTime:0.126063 AccTime:33.521189
#IT Ite:263 KerTime:0.127750 AccTime:33.648939
#IT Ite:264 KerTime:0.129080 AccTime:33.778019
#IT Ite:265 KerTime:0.127602 AccTime:33.905621
#IT Ite:266 KerTime:0.126753 AccTime:34.032374
#IT Ite:267 KerTime:0.126744 AccTime:34.159118
#IT Ite:268 KerTime:0.125666 AccTime:34.284784
#IT Ite:269 KerTime:0.130698 AccTime:34.415482
#IT Ite:270 KerTime:0.124921 AccTime:34.540403
#IT Ite:271 KerTime:0.131759 AccTime:34.672162
#IT Ite:272 KerTime:0.124881 AccTime:34.797043
#IT Ite:273 KerTime:0.125873 AccTime:34.922916
#IT Ite:274 KerTime:0.126020 AccTime:35.048936
#IT Ite:275 KerTime:0.126346 AccTime:35.175282
#IT Ite:276 KerTime:0.126033 AccTime:35.301315
#IT Ite:277 KerTime:0.125785 AccTime:35.427100
#IT Ite:278 KerTime:0.128710 AccTime:35.555810
#IT Ite:279 KerTime:0.126931 AccTime:35.682741
#IT Ite:280 KerTime:0.131226 AccTime:35.813967
#IT Ite:281 KerTime:0.128677 AccTime:35.942644
#IT Ite:282 KerTime:0.128123 AccTime:36.070767
#IT Ite:283 KerTime:0.125704 AccTime:36.196471
#IT Ite:284 KerTime:0.131737 AccTime:36.328208
#IT Ite:285 KerTime:0.125698 AccTime:36.453906
#IT Ite:286 KerTime:0.130375 AccTime:36.584281
#IT Ite:287 KerTime:0.125468 AccTime:36.709749
#IT Ite:288 KerTime:0.129604 AccTime:36.839353
#IT Ite:289 KerTime:0.126004 AccTime:36.965357
#IT Ite:290 KerTime:0.126146 AccTime:37.091503
#ERR img_name: /home/carol/radiation-benchmarks/data/CALTECH/set10/V000/835.jpg class: motorbike box: [41] x1_e: 503.572296143 x1_r: 503.571868896 y1_e: 190.633056641 y1_r: 190.629867554 x2_e: 543.204406738 x2_r: 543.204345703 y2_e: 225.36114502 y2_r: 225.355331421 
#SDC Ite:290 KerTime:0.126146 AccTime:37.091503 KerErr:1 AccErr:1
#IT Ite:291 KerTime:0.127396 AccTime:37.218899
#IT Ite:292 KerTime:0.127764 AccTime:37.346663
#IT Ite:293 KerTime:0.127919 AccTime:37.474582
#IT Ite:294 KerTime:0.127771 AccTime:37.602353
#IT Ite:295 KerTime:0.126366 AccTime:37.728719
#IT Ite:296 KerTime:0.126892 AccTime:37.855611
#IT Ite:297 KerTime:0.125077 AccTime:37.980688
#IT Ite:298 KerTime:0.131228 AccTime:38.111916
#IT Ite:299 KerTime:0.125822 AccTime:38.237738
#IT Ite:300 KerTime:0.130824 AccTime:38.368562
#ERR img_name: /home/carol/radiation-benchmarks/data/CALTECH/set10/V000/143.jpg class: tvmonitor box: [40] x1_e: 385.572692871 x1_r: 54.19140625 y1_e: 224.113388062 y1_r: 19.8124313354 x2_e: 434.920532227 x2_r: 422.962799072 y2_e: 269.797180176 y2_r: 161.620483398 
#ERR img_name: /home/carol/radiation-benchmarks/data/CALTECH/set10/V000/143.jpg class: tvmonitor box: [41] x1_e: 54.1914367676 x1_r: 385.572387695 y1_e: 19.8124084473 y1_r: 224.113372803 x2_e: 422.96270752 x2_r: 434.920410156 y2_e: 161.620544434 y2_r: 269.79800415 
#SDC Ite:300 KerTime:0.130824 AccTime:38.368562 KerErr:2 AccErr:3
#IT Ite:301 KerTime:0.127950 AccTime:38.496512
#IT Ite:302 KerTime:0.125116 AccTime:38.621628
#IT Ite:303 KerTime:0.126958 AccTime:38.748586
#ERR img_name: /home/carol/radiation-benchmarks/data/CALTECH/set10/V000/1096.jpg class: bus box: [47] x1_e: 206.490524292 x1_r: 212.239196777 y1_e: 192.627990723 y1_r: 190.499816895 x2_e: 243.824874878 x2_r: 243.78729248 y2_e: 232.071411133 y2_r: 225.461975098 
#SDC Ite:303 KerTime:0.126958 AccTime:38.748586 KerErr:1 AccErr:4
#IT Ite:304 KerTime:0.126044 AccTime:38.874630
#ERR exception: error_network_exection error_info:['Traceback (most recent call last):\n', '  File "/home/carol/radiation-benchmarks/src/cuda/py-faster-rcnn/tools/py_faster_rcnn.py", line 477, in <module>\n    error_count = compare(gold_file[im_name], ret, im_name)\n', '  File "/home/carol/radiation-benchmarks/src/cuda/py-faster-rcnn/tools/py_faster_rcnn.py", line 354, in compare\n    error_count += compare_scores(scrListGold, scrListCurr, i, tempImgName)\n', '  File "/home/carol/radiation-benchmarks/src/cuda/py-faster-rcnn/tools/py_faster_rcnn.py", line 305, in compare_scores\n    lh.log_error_detail("img_name: " + str(img_name) + " class: " + str(cls) + "wrong_score_size: " + scrDiff)\n', "TypeError: cannot concatenate 'str' and 'int' objects\n"] XX Inappropriate argument type. XX cannot concatenate 'str' and 'int' objects
#END