#HEADER iterations: 1000 img_list: /home/carol/radiation-benchmarks/data/networks_img_list/voc.2012.1K.txt board: K40
#BEGIN Y:2016 M:12 D:14 Time:14:02:26
#IT Ite:0 KerTime:0.120698 AccTime:0.120698
#IT Ite:1 KerTime:0.112049 AccTime:0.232747
#IT Ite:2 KerTime:0.119316 AccTime:0.352063
#IT Ite:3 KerTime:0.119341 AccTime:0.471404
#IT Ite:4 KerTime:0.119832 AccTime:0.591236
#IT Ite:5 KerTime:0.117233 AccTime:0.708469
#IT Ite:6 KerTime:0.116709 AccTime:0.825178
#IT Ite:7 KerTime:0.118091 AccTime:0.943269
#IT Ite:8 KerTime:0.116818 AccTime:1.060087
#IT Ite:9 KerTime:0.126344 AccTime:1.186431
#IT Ite:10 KerTime:0.118460 AccTime:1.304891
#IT Ite:11 KerTime:0.117941 AccTime:1.422832
#IT Ite:12 KerTime:0.127227 AccTime:1.550059
#IT Ite:13 KerTime:0.115425 AccTime:1.665484
#IT Ite:14 KerTime:0.120628 AccTime:1.786112
#IT Ite:15 KerTime:0.112452 AccTime:1.898564
#IT Ite:16 KerTime:0.120748 AccTime:2.019312
#IT Ite:17 KerTime:0.119012 AccTime:2.138324
#IT Ite:18 KerTime:0.133985 AccTime:2.272309
#IT Ite:19 KerTime:0.120266 AccTime:2.392575
#IT Ite:20 KerTime:0.116658 AccTime:2.509233
#IT Ite:21 KerTime:0.119815 AccTime:2.629048
#IT Ite:22 KerTime:0.124118 AccTime:2.753166
#IT Ite:23 KerTime:0.108948 AccTime:2.862114
#IT Ite:24 KerTime:0.102184 AccTime:2.964298
#IT Ite:25 KerTime:0.120319 AccTime:3.084617
#IT Ite:26 KerTime:0.117259 AccTime:3.201876
#IT Ite:27 KerTime:0.125911 AccTime:3.327787
#IT Ite:28 KerTime:0.119168 AccTime:3.446955
#IT Ite:29 KerTime:0.126924 AccTime:3.573879
#IT Ite:30 KerTime:0.125401 AccTime:3.699280
#IT Ite:31 KerTime:0.110849 AccTime:3.810129
#IT Ite:32 KerTime:0.121351 AccTime:3.931480
#IT Ite:33 KerTime:0.109637 AccTime:4.041117
#IT Ite:34 KerTime:0.117165 AccTime:4.158282
#IT Ite:35 KerTime:0.117702 AccTime:4.275984
#IT Ite:36 KerTime:0.117535 AccTime:4.393519
#IT Ite:37 KerTime:0.121614 AccTime:4.515133
#IT Ite:38 KerTime:0.105135 AccTime:4.620268
#IT Ite:39 KerTime:0.111564 AccTime:4.731832
#IT Ite:40 KerTime:0.117820 AccTime:4.849652
#IT Ite:41 KerTime:0.110236 AccTime:4.959888
#IT Ite:42 KerTime:0.108058 AccTime:5.067946
#IT Ite:43 KerTime:0.117014 AccTime:5.184960
#IT Ite:44 KerTime:0.119196 AccTime:5.304156
#IT Ite:45 KerTime:0.122357 AccTime:5.426513
#IT Ite:46 KerTime:0.113578 AccTime:5.540091
#IT Ite:47 KerTime:0.118463 AccTime:5.658554
#IT Ite:48 KerTime:0.113353 AccTime:5.771907
#IT Ite:49 KerTime:0.116717 AccTime:5.888624
#IT Ite:50 KerTime:0.116125 AccTime:6.004749
#IT Ite:51 KerTime:0.118152 AccTime:6.122901
#IT Ite:52 KerTime:0.118199 AccTime:6.241100
#IT Ite:53 KerTime:0.117644 AccTime:6.358744
#IT Ite:54 KerTime:0.117396 AccTime:6.476140
#IT Ite:55 KerTime:0.118131 AccTime:6.594271
#IT Ite:56 KerTime:0.117168 AccTime:6.711439
#IT Ite:57 KerTime:0.119717 AccTime:6.831156
#IT Ite:58 KerTime:0.118308 AccTime:6.949464
#IT Ite:59 KerTime:0.118223 AccTime:7.067687
#IT Ite:60 KerTime:0.117929 AccTime:7.185616
#IT Ite:61 KerTime:0.116620 AccTime:7.302236
#IT Ite:62 KerTime:0.124654 AccTime:7.426890
#IT Ite:63 KerTime:0.124560 AccTime:7.551450
#IT Ite:64 KerTime:0.118773 AccTime:7.670223
#IT Ite:65 KerTime:0.125637 AccTime:7.795860
#IT Ite:66 KerTime:0.122976 AccTime:7.918836
#IT Ite:67 KerTime:0.116994 AccTime:8.035830
#IT Ite:68 KerTime:0.119230 AccTime:8.155060
#IT Ite:69 KerTime:0.118793 AccTime:8.273853
#IT Ite:70 KerTime:0.114483 AccTime:8.388336
#IT Ite:71 KerTime:0.112508 AccTime:8.500844
#IT Ite:72 KerTime:0.118308 AccTime:8.619152
#IT Ite:73 KerTime:0.133170 AccTime:8.752322
#IT Ite:74 KerTime:0.120003 AccTime:8.872325
#IT Ite:75 KerTime:0.121916 AccTime:8.994241
#IT Ite:76 KerTime:0.117549 AccTime:9.111790
#IT Ite:77 KerTime:0.112635 AccTime:9.224425
#IT Ite:78 KerTime:0.123425 AccTime:9.347850
#IT Ite:79 KerTime:0.115715 AccTime:9.463565
#IT Ite:80 KerTime:0.114205 AccTime:9.577770
#IT Ite:81 KerTime:0.131653 AccTime:9.709423
#IT Ite:82 KerTime:0.120073 AccTime:9.829496
#IT Ite:83 KerTime:0.130662 AccTime:9.960158
#IT Ite:84 KerTime:0.115568 AccTime:10.075726
#IT Ite:85 KerTime:0.116996 AccTime:10.192722
#IT Ite:86 KerTime:0.112268 AccTime:10.304990
#IT Ite:87 KerTime:0.126431 AccTime:10.431421
#IT Ite:88 KerTime:0.117563 AccTime:10.548984
#IT Ite:89 KerTime:0.124896 AccTime:10.673880
#IT Ite:90 KerTime:0.122559 AccTime:10.796439
#IT Ite:91 KerTime:0.125338 AccTime:10.921777
#IT Ite:92 KerTime:0.117033 AccTime:11.038810
#IT Ite:93 KerTime:0.124830 AccTime:11.163640
#IT Ite:94 KerTime:0.110625 AccTime:11.274265
#IT Ite:95 KerTime:0.118872 AccTime:11.393137
#IT Ite:96 KerTime:0.112265 AccTime:11.505402
#IT Ite:97 KerTime:0.120268 AccTime:11.625670
#IT Ite:98 KerTime:0.113202 AccTime:11.738872
#IT Ite:99 KerTime:0.117289 AccTime:11.856161
#IT Ite:100 KerTime:0.119098 AccTime:11.975259
#IT Ite:101 KerTime:0.119994 AccTime:12.095253
#IT Ite:102 KerTime:0.110195 AccTime:12.205448
#IT Ite:103 KerTime:0.118184 AccTime:12.323632
#IT Ite:104 KerTime:0.120722 AccTime:12.444354
#IT Ite:105 KerTime:0.111249 AccTime:12.555603
#IT Ite:106 KerTime:0.119705 AccTime:12.675308
#IT Ite:107 KerTime:0.126984 AccTime:12.802292
#IT Ite:108 KerTime:0.117604 AccTime:12.919896
#IT Ite:109 KerTime:0.125206 AccTime:13.045102
#IT Ite:110 KerTime:0.119845 AccTime:13.164947
#IT Ite:111 KerTime:0.111401 AccTime:13.276348
#IT Ite:112 KerTime:0.105899 AccTime:13.382247
#IT Ite:113 KerTime:0.109432 AccTime:13.491679
#IT Ite:114 KerTime:0.119505 AccTime:13.611184
#IT Ite:115 KerTime:0.108971 AccTime:13.720155
#IT Ite:116 KerTime:0.117891 AccTime:13.838046
#IT Ite:117 KerTime:0.120727 AccTime:13.958773
#IT Ite:118 KerTime:0.119901 AccTime:14.078674
#IT Ite:119 KerTime:0.117228 AccTime:14.195902
#IT Ite:120 KerTime:0.124894 AccTime:14.320796
#IT Ite:121 KerTime:0.117162 AccTime:14.437958
#IT Ite:122 KerTime:0.116799 AccTime:14.554757
#IT Ite:123 KerTime:0.116182 AccTime:14.670939
#IT Ite:124 KerTime:0.110777 AccTime:14.781716
#IT Ite:125 KerTime:0.119725 AccTime:14.901441
#IT Ite:126 KerTime:0.118738 AccTime:15.020179
#IT Ite:127 KerTime:0.127704 AccTime:15.147883
#IT Ite:128 KerTime:0.127125 AccTime:15.275008
#IT Ite:129 KerTime:0.118515 AccTime:15.393523
#IT Ite:130 KerTime:0.099458 AccTime:15.492981
#IT Ite:131 KerTime:0.122331 AccTime:15.615312
#IT Ite:132 KerTime:0.116981 AccTime:15.732293
#IT Ite:133 KerTime:0.111438 AccTime:15.843731
#IT Ite:134 KerTime:0.130383 AccTime:15.974114
#IT Ite:135 KerTime:0.113470 AccTime:16.087584
#IT Ite:136 KerTime:0.118105 AccTime:16.205689
#IT Ite:137 KerTime:0.114222 AccTime:16.319911
#IT Ite:138 KerTime:0.127267 AccTime:16.447178
#IT Ite:139 KerTime:0.111847 AccTime:16.559025
#IT Ite:140 KerTime:0.127420 AccTime:16.686445
#IT Ite:141 KerTime:0.128164 AccTime:16.814609
#IT Ite:142 KerTime:0.118221 AccTime:16.932830
#IT Ite:143 KerTime:0.126417 AccTime:17.059247
#IT Ite:144 KerTime:0.117407 AccTime:17.176654
#IT Ite:145 KerTime:0.110674 AccTime:17.287328
#IT Ite:146 KerTime:0.115182 AccTime:17.402510
#IT Ite:147 KerTime:0.116306 AccTime:17.518816
#IT Ite:148 KerTime:0.129504 AccTime:17.648320
#IT Ite:149 KerTime:0.119826 AccTime:17.768146
#IT Ite:150 KerTime:0.105255 AccTime:17.873401
#IT Ite:151 KerTime:0.110637 AccTime:17.984038
#IT Ite:152 KerTime:0.111771 AccTime:18.095809
#IT Ite:153 KerTime:0.117432 AccTime:18.213241
#IT Ite:154 KerTime:0.097342 AccTime:18.310583
#IT Ite:155 KerTime:0.123676 AccTime:18.434259
#IT Ite:156 KerTime:0.117581 AccTime:18.551840
#IT Ite:157 KerTime:0.117899 AccTime:18.669739
#IT Ite:158 KerTime:0.128730 AccTime:18.798469
#IT Ite:159 KerTime:0.124299 AccTime:18.922768
#IT Ite:160 KerTime:0.119049 AccTime:19.041817
#IT Ite:161 KerTime:0.121649 AccTime:19.163466
#IT Ite:162 KerTime:0.104862 AccTime:19.268328
#IT Ite:163 KerTime:0.110175 AccTime:19.378503
#IT Ite:164 KerTime:0.111025 AccTime:19.489528
#IT Ite:165 KerTime:0.120641 AccTime:19.610169
#IT Ite:166 KerTime:0.104218 AccTime:19.714387
#IT Ite:167 KerTime:0.126648 AccTime:19.841035
#IT Ite:168 KerTime:0.107340 AccTime:19.948375
#IT Ite:169 KerTime:0.119821 AccTime:20.068196
#IT Ite:170 KerTime:0.124001 AccTime:20.192197
#IT Ite:171 KerTime:0.122502 AccTime:20.314699
#IT Ite:172 KerTime:0.119761 AccTime:20.434460
#IT Ite:173 KerTime:0.118203 AccTime:20.552663
#IT Ite:174 KerTime:0.110432 AccTime:20.663095
#IT Ite:175 KerTime:0.113397 AccTime:20.776492
#IT Ite:176 KerTime:0.110934 AccTime:20.887426
#IT Ite:177 KerTime:0.126903 AccTime:21.014329
#IT Ite:178 KerTime:0.119263 AccTime:21.133592
#IT Ite:179 KerTime:0.120002 AccTime:21.253594
#IT Ite:180 KerTime:0.122281 AccTime:21.375875
#IT Ite:181 KerTime:0.117271 AccTime:21.493146
#IT Ite:182 KerTime:0.126855 AccTime:21.620001
#IT Ite:183 KerTime:0.119293 AccTime:21.739294
#IT Ite:184 KerTime:0.118744 AccTime:21.858038
#IT Ite:185 KerTime:0.127968 AccTime:21.986006
#IT Ite:186 KerTime:0.126986 AccTime:22.112992
#IT Ite:187 KerTime:0.118394 AccTime:22.231386
#IT Ite:188 KerTime:0.117779 AccTime:22.349165
#IT Ite:189 KerTime:0.125318 AccTime:22.474483
#IT Ite:190 KerTime:0.111098 AccTime:22.585581
#IT Ite:191 KerTime:0.114167 AccTime:22.699748
#IT Ite:192 KerTime:0.118207 AccTime:22.817955
#IT Ite:193 KerTime:0.126776 AccTime:22.944731
#IT Ite:194 KerTime:0.119547 AccTime:23.064278
#IT Ite:195 KerTime:0.130403 AccTime:23.194681
#IT Ite:196 KerTime:0.118635 AccTime:23.313316
#IT Ite:197 KerTime:0.112490 AccTime:23.425806
#IT Ite:198 KerTime:0.126734 AccTime:23.552540
#IT Ite:199 KerTime:0.117968 AccTime:23.670508
#IT Ite:200 KerTime:0.118550 AccTime:23.789058
#IT Ite:201 KerTime:0.127216 AccTime:23.916274
#IT Ite:202 KerTime:0.111051 AccTime:24.027325
#IT Ite:203 KerTime:0.113156 AccTime:24.140481
#IT Ite:204 KerTime:0.118816 AccTime:24.259297
#IT Ite:205 KerTime:0.119340 AccTime:24.378637
#IT Ite:206 KerTime:0.120775 AccTime:24.499412
#IT Ite:207 KerTime:0.115577 AccTime:24.614989
#IT Ite:208 KerTime:0.126557 AccTime:24.741546
#IT Ite:209 KerTime:0.118126 AccTime:24.859672
#IT Ite:210 KerTime:0.110474 AccTime:24.970146
#IT Ite:211 KerTime:0.097521 AccTime:25.067667
#IT Ite:212 KerTime:0.120684 AccTime:25.188351
#IT Ite:213 KerTime:0.117214 AccTime:25.305565
#IT Ite:214 KerTime:0.115429 AccTime:25.420994
#IT Ite:215 KerTime:0.111899 AccTime:25.532893
#IT Ite:216 KerTime:0.113957 AccTime:25.646850
#IT Ite:217 KerTime:0.119698 AccTime:25.766548
#IT Ite:218 KerTime:0.126299 AccTime:25.892847
#IT Ite:219 KerTime:0.114729 AccTime:26.007576
#IT Ite:220 KerTime:0.126729 AccTime:26.134305
#IT Ite:221 KerTime:0.116932 AccTime:26.251237
#IT Ite:222 KerTime:0.111804 AccTime:26.363041
#IT Ite:223 KerTime:0.117979 AccTime:26.481020
#IT Ite:224 KerTime:0.118451 AccTime:26.599471
#IT Ite:225 KerTime:0.125890 AccTime:26.725361
#IT Ite:226 KerTime:0.118434 AccTime:26.843795
#IT Ite:227 KerTime:0.119154 AccTime:26.962949
#IT Ite:228 KerTime:0.127217 AccTime:27.090166
#IT Ite:229 KerTime:0.107301 AccTime:27.197467
#IT Ite:230 KerTime:0.119317 AccTime:27.316784
#IT Ite:231 KerTime:0.118241 AccTime:27.435025
#IT Ite:232 KerTime:0.117541 AccTime:27.552566
#IT Ite:233 KerTime:0.126521 AccTime:27.679087
#IT Ite:234 KerTime:0.118953 AccTime:27.798040
#IT Ite:235 KerTime:0.129022 AccTime:27.927062
#IT Ite:236 KerTime:0.116969 AccTime:28.044031
#IT Ite:237 KerTime:0.117361 AccTime:28.161392
#IT Ite:238 KerTime:0.118273 AccTime:28.279665
#IT Ite:239 KerTime:0.116374 AccTime:28.396039
#IT Ite:240 KerTime:0.120223 AccTime:28.516262
#ERR exception: error_network_exection error_info:['Traceback (most recent call last):\n', '  File "/home/carol/radiation-benchmarks/src/cuda/py-faster-rcnn/tools/py_faster_rcnn.py", line 477, in <module>\n    error_count = compare(gold_file[im_name], ret, im_name)\n', '  File "/home/carol/radiation-benchmarks/src/cuda/py-faster-rcnn/tools/py_faster_rcnn.py", line 354, in compare\n    error_count += compare_scores(scrListGold, scrListCurr, i, tempImgName)\n', '  File "/home/carol/radiation-benchmarks/src/cuda/py-faster-rcnn/tools/py_faster_rcnn.py", line 305, in compare_scores\n    lh.log_error_detail("img_name: " + str(img_name) + " class: " + str(cls) + "wrong_score_size: " + scrDiff)\n', "TypeError: cannot concatenate 'str' and 'int' objects\n"] XX Inappropriate argument type. XX cannot concatenate 'str' and 'int' objects
#END