#HEADER streams:1 size:1024 pyramidHeight:1 simTime:1000
#BEGIN Y:2016 M:12 D:12 Time:20:55:40
#IT Ite:0 KerTime:0.167224 AccTime:0.167224
#IT Ite:1 KerTime:0.144135 AccTime:0.311359
#IT Ite:2 KerTime:0.133861 AccTime:0.445220
#IT Ite:3 KerTime:0.128240 AccTime:0.573460
#IT Ite:4 KerTime:0.128253 AccTime:0.701713
#IT Ite:5 KerTime:0.128322 AccTime:0.830035
#IT Ite:6 KerTime:0.128273 AccTime:0.958308
#IT Ite:7 KerTime:0.128251 AccTime:1.086559
#IT Ite:8 KerTime:0.128281 AccTime:1.214840
#IT Ite:9 KerTime:0.128272 AccTime:1.343112
#IT Ite:10 KerTime:0.128229 AccTime:1.471341
#IT Ite:11 KerTime:0.128266 AccTime:1.599607
#IT Ite:12 KerTime:0.128518 AccTime:1.728125
#IT Ite:13 KerTime:0.129478 AccTime:1.857603
#IT Ite:14 KerTime:0.129426 AccTime:1.987029
#IT Ite:15 KerTime:0.129470 AccTime:2.116499
#IT Ite:16 KerTime:0.129434 AccTime:2.245933
#IT Ite:17 KerTime:0.129425 AccTime:2.375358
#IT Ite:18 KerTime:0.129461 AccTime:2.504819
#IT Ite:19 KerTime:0.129449 AccTime:2.634268
#IT Ite:20 KerTime:0.129464 AccTime:2.763732
#IT Ite:21 KerTime:0.129835 AccTime:2.893567
#IT Ite:22 KerTime:0.129442 AccTime:3.023009
#IT Ite:23 KerTime:0.129490 AccTime:3.152499
#IT Ite:24 KerTime:0.129424 AccTime:3.281923
#IT Ite:25 KerTime:0.129414 AccTime:3.411337
#IT Ite:26 KerTime:0.129407 AccTime:3.540744
#IT Ite:27 KerTime:0.129449 AccTime:3.670193
#IT Ite:28 KerTime:0.129473 AccTime:3.799666
#IT Ite:29 KerTime:0.129448 AccTime:3.929114
#IT Ite:30 KerTime:0.129481 AccTime:4.058595
#IT Ite:31 KerTime:0.129446 AccTime:4.188041
#IT Ite:32 KerTime:0.129437 AccTime:4.317478
#IT Ite:33 KerTime:0.129461 AccTime:4.446939
#IT Ite:34 KerTime:0.129485 AccTime:4.576424
#IT Ite:35 KerTime:0.129465 AccTime:4.705889
#IT Ite:36 KerTime:0.129467 AccTime:4.835356
#IT Ite:37 KerTime:0.129498 AccTime:4.964854
#IT Ite:38 KerTime:0.129492 AccTime:5.094346
#IT Ite:39 KerTime:0.129481 AccTime:5.223827
#IT Ite:40 KerTime:0.129466 AccTime:5.353293
#IT Ite:41 KerTime:0.129472 AccTime:5.482765
#IT Ite:42 KerTime:0.129487 AccTime:5.612252
#IT Ite:43 KerTime:0.129468 AccTime:5.741720
#IT Ite:44 KerTime:0.129472 AccTime:5.871192
#IT Ite:45 KerTime:0.129509 AccTime:6.000701
#IT Ite:46 KerTime:0.129455 AccTime:6.130156
#IT Ite:47 KerTime:0.129485 AccTime:6.259641
#IT Ite:48 KerTime:0.129463 AccTime:6.389104
#IT Ite:49 KerTime:0.129490 AccTime:6.518594
#IT Ite:50 KerTime:0.129475 AccTime:6.648069
#IT Ite:51 KerTime:0.129471 AccTime:6.777540
#IT Ite:52 KerTime:0.129544 AccTime:6.907084
#IT Ite:53 KerTime:0.129448 AccTime:7.036532
#IT Ite:54 KerTime:0.129433 AccTime:7.165965
#IT Ite:55 KerTime:0.129473 AccTime:7.295438
#IT Ite:56 KerTime:0.129481 AccTime:7.424919
#IT Ite:57 KerTime:0.129511 AccTime:7.554430
#IT Ite:58 KerTime:0.129720 AccTime:7.684150
#IT Ite:59 KerTime:0.129475 AccTime:7.813625
#IT Ite:60 KerTime:0.129481 AccTime:7.943106
#IT Ite:61 KerTime:0.129488 AccTime:8.072594
#IT Ite:62 KerTime:0.129693 AccTime:8.202287
#IT Ite:63 KerTime:0.130216 AccTime:8.332503
#IT Ite:64 KerTime:0.130199 AccTime:8.462702
#IT Ite:65 KerTime:0.130195 AccTime:8.592897
#IT Ite:66 KerTime:0.130192 AccTime:8.723089
#IT Ite:67 KerTime:0.130247 AccTime:8.853336
#IT Ite:68 KerTime:0.130205 AccTime:8.983541
#IT Ite:69 KerTime:0.130189 AccTime:9.113730
#IT Ite:70 KerTime:0.130177 AccTime:9.243907
#IT Ite:71 KerTime:0.130239 AccTime:9.374146
#IT Ite:72 KerTime:0.130205 AccTime:9.504351
#IT Ite:73 KerTime:0.130184 AccTime:9.634535
#IT Ite:74 KerTime:0.130253 AccTime:9.764788
#IT Ite:75 KerTime:0.130191 AccTime:9.894979
#IT Ite:76 KerTime:0.130187 AccTime:10.025166
#IT Ite:77 KerTime:0.130194 AccTime:10.155360
#IT Ite:78 KerTime:0.130233 AccTime:10.285593
#IT Ite:79 KerTime:0.130202 AccTime:10.415795
#IT Ite:80 KerTime:0.130242 AccTime:10.546037
#IT Ite:81 KerTime:0.130250 AccTime:10.676287
#IT Ite:82 KerTime:0.130217 AccTime:10.806504
#IT Ite:83 KerTime:0.130197 AccTime:10.936701
#IT Ite:84 KerTime:0.130207 AccTime:11.066908
#IT Ite:85 KerTime:0.130217 AccTime:11.197125
#IT Ite:86 KerTime:0.130212 AccTime:11.327337
#IT Ite:87 KerTime:0.130235 AccTime:11.457572
#IT Ite:88 KerTime:0.130208 AccTime:11.587780
#IT Ite:89 KerTime:0.130278 AccTime:11.718058
#IT Ite:90 KerTime:0.130202 AccTime:11.848260
#IT Ite:91 KerTime:0.130216 AccTime:11.978476
#IT Ite:92 KerTime:0.130229 AccTime:12.108705
#IT Ite:93 KerTime:0.130216 AccTime:12.238921
#IT Ite:94 KerTime:0.130242 AccTime:12.369163
#IT Ite:95 KerTime:0.130374 AccTime:12.499537
#IT Ite:96 KerTime:0.130279 AccTime:12.629816
#IT Ite:97 KerTime:0.130246 AccTime:12.760062
#IT Ite:98 KerTime:0.130234 AccTime:12.890296
#IT Ite:99 KerTime:0.130233 AccTime:13.020529
#IT Ite:100 KerTime:0.130253 AccTime:13.150782
#IT Ite:101 KerTime:0.130205 AccTime:13.280987
#IT Ite:102 KerTime:0.130254 AccTime:13.411241
#IT Ite:103 KerTime:0.130283 AccTime:13.541524
#IT Ite:104 KerTime:0.130248 AccTime:13.671772
#IT Ite:105 KerTime:0.130222 AccTime:13.801994
#IT Ite:106 KerTime:0.130241 AccTime:13.932235
#IT Ite:107 KerTime:0.130280 AccTime:14.062515
#IT Ite:108 KerTime:0.130263 AccTime:14.192778
#IT Ite:109 KerTime:0.130257 AccTime:14.323035
#IT Ite:110 KerTime:0.130268 AccTime:14.453303
#IT Ite:111 KerTime:0.130318 AccTime:14.583621
#IT Ite:112 KerTime:0.130255 AccTime:14.713876
#IT Ite:113 KerTime:0.130257 AccTime:14.844133
#IT Ite:114 KerTime:0.130305 AccTime:14.974438
#IT Ite:115 KerTime:0.130272 AccTime:15.104710
#IT Ite:116 KerTime:0.130297 AccTime:15.235007
#IT Ite:117 KerTime:0.130265 AccTime:15.365272
#IT Ite:118 KerTime:0.130318 AccTime:15.495590
#IT Ite:119 KerTime:0.130264 AccTime:15.625854
#IT Ite:120 KerTime:0.130243 AccTime:15.756097
#IT Ite:121 KerTime:0.130253 AccTime:15.886350
#IT Ite:122 KerTime:0.130295 AccTime:16.016645
#IT Ite:123 KerTime:0.130274 AccTime:16.146919
#IT Ite:124 KerTime:0.130860 AccTime:16.277779
#IT Ite:125 KerTime:0.130930 AccTime:16.408709
#IT Ite:126 KerTime:0.130881 AccTime:16.539590
#IT Ite:127 KerTime:0.130890 AccTime:16.670480
#IT Ite:128 KerTime:0.130893 AccTime:16.801373
#IT Ite:129 KerTime:0.130922 AccTime:16.932295
#IT Ite:130 KerTime:0.130910 AccTime:17.063205
#IT Ite:131 KerTime:0.130901 AccTime:17.194106
#IT Ite:132 KerTime:0.131000 AccTime:17.325106
#IT Ite:133 KerTime:0.130949 AccTime:17.456055
#IT Ite:134 KerTime:0.130900 AccTime:17.586955
#IT Ite:135 KerTime:0.130909 AccTime:17.717864
#IT Ite:136 KerTime:0.130904 AccTime:17.848768
#IT Ite:137 KerTime:0.130903 AccTime:17.979671
#IT Ite:138 KerTime:0.130881 AccTime:18.110552
#IT Ite:139 KerTime:0.130869 AccTime:18.241421
#IT Ite:140 KerTime:0.130903 AccTime:18.372324
#IT Ite:141 KerTime:0.130904 AccTime:18.503228
#IT Ite:142 KerTime:0.130897 AccTime:18.634125
#IT Ite:143 KerTime:0.130880 AccTime:18.765005
#IT Ite:144 KerTime:0.130948 AccTime:18.895953
#IT Ite:145 KerTime:0.130942 AccTime:19.026895
#IT Ite:146 KerTime:0.130888 AccTime:19.157783
#IT Ite:147 KerTime:0.130940 AccTime:19.288723
#IT Ite:148 KerTime:0.130889 AccTime:19.419612
#IT Ite:149 KerTime:0.130892 AccTime:19.550504
#IT Ite:150 KerTime:0.130910 AccTime:19.681414
#IT Ite:151 KerTime:0.130920 AccTime:19.812334
#IT Ite:152 KerTime:0.130896 AccTime:19.943230
#IT Ite:153 KerTime:0.130891 AccTime:20.074121
#IT Ite:154 KerTime:0.130943 AccTime:20.205064
#IT Ite:155 KerTime:0.130896 AccTime:20.335960
#IT Ite:156 KerTime:0.130916 AccTime:20.466876
#IT Ite:157 KerTime:0.130904 AccTime:20.597780
#IT Ite:158 KerTime:0.130927 AccTime:20.728707
#IT Ite:159 KerTime:0.130895 AccTime:20.859602
#IT Ite:160 KerTime:0.130911 AccTime:20.990513
#IT Ite:161 KerTime:0.130883 AccTime:21.121396
#IT Ite:162 KerTime:0.130939 AccTime:21.252335
#IT Ite:163 KerTime:0.130888 AccTime:21.383223
#IT Ite:164 KerTime:0.130920 AccTime:21.514143
#IT Ite:165 KerTime:0.130912 AccTime:21.645055
#IT Ite:166 KerTime:0.130908 AccTime:21.775963
#IT Ite:167 KerTime:0.130887 AccTime:21.906850
#IT Ite:168 KerTime:0.130888 AccTime:22.037738
#IT Ite:169 KerTime:0.131051 AccTime:22.168789
#IT Ite:170 KerTime:0.130907 AccTime:22.299696
#IT Ite:171 KerTime:0.130861 AccTime:22.430557
#IT Ite:172 KerTime:0.130869 AccTime:22.561426
#IT Ite:173 KerTime:0.130914 AccTime:22.692340
#IT Ite:174 KerTime:0.130936 AccTime:22.823276
#IT Ite:175 KerTime:0.130890 AccTime:22.954166
#IT Ite:176 KerTime:0.130924 AccTime:23.085090
#IT Ite:177 KerTime:0.130912 AccTime:23.216002
#IT Ite:178 KerTime:0.130935 AccTime:23.346937
#IT Ite:179 KerTime:0.130921 AccTime:23.477858
#IT Ite:180 KerTime:0.130936 AccTime:23.608794
#IT Ite:181 KerTime:0.130917 AccTime:23.739711
#IT Ite:182 KerTime:0.130917 AccTime:23.870628
#IT Ite:183 KerTime:0.130917 AccTime:24.001545
#IT Ite:184 KerTime:0.130950 AccTime:24.132495
#IT Ite:185 KerTime:0.130896 AccTime:24.263391
#IT Ite:186 KerTime:0.130888 AccTime:24.394279
#IT Ite:187 KerTime:0.130931 AccTime:24.525210
#IT Ite:188 KerTime:0.046796 AccTime:24.572006
#ERR stream: 0, p: [256, 0], r: 3.0810961914062500e+02, e: 0.0000000000000000e+00
#ERR stream: 0, p: [256, 1], r: 3.0810971069335938e+02, e: 0.0000000000000000e+00
#ERR stream: 0, p: [256, 2], r: 3.0810995483398438e+02, e: 0.0000000000000000e+00
#ERR stream: 0, p: [256, 3], r: 3.0811029052734375e+02, e: 0.0000000000000000e+00
#ERR stream: 0, p: [256, 4], r: 3.0811074829101562e+02, e: 0.0000000000000000e+00
#ERR stream: 0, p: [256, 5], r: 3.0811129760742188e+02, e: 0.0000000000000000e+00
#ERR stream: 0, p: [256, 6], r: 3.0811199951171875e+02, e: 0.0000000000000000e+00
#ERR stream: 0, p: [256, 7], r: 3.0811279296875000e+02, e: 0.0000000000000000e+00
#ERR stream: 0, p: [256, 8], r: 3.0811370849609375e+02, e: 0.0000000000000000e+00
#ERR stream: 0, p: [256, 9], r: 3.0811471557617188e+02, e: 0.0000000000000000e+00
#ERR stream: 0, p: [256, 10], r: 3.0811584472656250e+02, e: 0.0000000000000000e+00
#ERR stream: 0, p: [256, 11], r: 3.0811703491210938e+02, e: 0.0000000000000000e+00
#ERR stream: 0, p: [256, 12], r: 3.0811837768554688e+02, e: 0.0000000000000000e+00
#ERR stream: 0, p: [256, 13], r: 3.0811978149414062e+02, e: 0.0000000000000000e+00
#ERR stream: 0, p: [256, 14], r: 3.0812127685546875e+02, e: 0.0000000000000000e+00
#ERR stream: 0, p: [256, 15], r: 3.0812286376953125e+02, e: 0.0000000000000000e+00
#ERR stream: 0, p: [256, 16], r: 3.0812457275390625e+02, e: 0.0000000000000000e+00
#ERR stream: 0, p: [256, 17], r: 3.0812634277343750e+02, e: 0.0000000000000000e+00
#ERR stream: 0, p: [256, 18], r: 3.0812820434570312e+02, e: 0.0000000000000000e+00
#ERR stream: 0, p: [256, 19], r: 3.0813015747070312e+02, e: 0.0000000000000000e+00
#ERR stream: 0, p: [256, 20], r: 3.0813223266601562e+02, e: 0.0000000000000000e+00
#ERR stream: 0, p: [256, 21], r: 3.0813433837890625e+02, e: 0.0000000000000000e+00
#ERR stream: 0, p: [256, 22], r: 3.0813653564453125e+02, e: 0.0000000000000000e+00
#ERR stream: 0, p: [256, 23], r: 3.0813879394531250e+02, e: 0.0000000000000000e+00
#ERR stream: 0, p: [256, 24], r: 3.0814111328125000e+02, e: 0.0000000000000000e+00
#ERR stream: 0, p: [256, 25], r: 3.0814349365234375e+02, e: 0.0000000000000000e+00
#ERR stream: 0, p: [256, 26], r: 3.0814599609375000e+02, e: 0.0000000000000000e+00
#ERR stream: 0, p: [256, 27], r: 3.0814849853515625e+02, e: 0.0000000000000000e+00
#ERR stream: 0, p: [256, 28], r: 3.0815109252929688e+02, e: 0.0000000000000000e+00
#ERR stream: 0, p: [256, 29], r: 3.0815377807617188e+02, e: 0.0000000000000000e+00
#ERR stream: 0, p: [256, 30], r: 3.0815649414062500e+02, e: 0.0000000000000000e+00
#ERR stream: 0, p: [256, 31], r: 3.0815927124023438e+02, e: 0.0000000000000000e+00
#ERR stream: 0, p: [256, 32], r: 3.0816210937500000e+02, e: 0.0000000000000000e+00
#ERR stream: 0, p: [256, 33], r: 3.0816500854492188e+02, e: 0.0000000000000000e+00
#ERR stream: 0, p: [256, 34], r: 3.0816796875000000e+02, e: 0.0000000000000000e+00
#ERR stream: 0, p: [256, 35], r: 3.0817095947265625e+02, e: 0.0000000000000000e+00
#ERR stream: 0, p: [256, 36], r: 3.0817401123046875e+02, e: 0.0000000000000000e+00
#ERR stream: 0, p: [256, 37], r: 3.0817712402343750e+02, e: 0.0000000000000000e+00
#ERR stream: 0, p: [256, 38], r: 3.0818026733398438e+02, e: 0.0000000000000000e+00
#ERR stream: 0, p: [256, 39], r: 3.0818344116210938e+02, e: 0.0000000000000000e+00
#ERR stream: 0, p: [256, 40], r: 3.0818664550781250e+02, e: 0.0000000000000000e+00
#ERR stream: 0, p: [256, 41], r: 3.0818991088867188e+02, e: 0.0000000000000000e+00
#ERR stream: 0, p: [256, 42], r: 3.0819317626953125e+02, e: 0.0000000000000000e+00
#ERR stream: 0, p: [256, 43], r: 3.0819647216796875e+02, e: 0.0000000000000000e+00
#ERR stream: 0, p: [256, 44], r: 3.0819982910156250e+02, e: 0.0000000000000000e+00
#ERR stream: 0, p: [256, 45], r: 3.0820318603515625e+02, e: 0.0000000000000000e+00
#ERR stream: 0, p: [256, 46], r: 3.0820660400390625e+02, e: 0.0000000000000000e+00
#ERR stream: 0, p: [256, 47], r: 3.0821005249023438e+02, e: 0.0000000000000000e+00
#ERR stream: 0, p: [256, 48], r: 3.0821353149414062e+02, e: 0.0000000000000000e+00
#ERR stream: 0, p: [256, 49], r: 3.0821704101562500e+02, e: 0.0000000000000000e+00
#ERR stream: 0, p: [256, 50], r: 3.0822058105468750e+02, e: 0.0000000000000000e+00
#ERR stream: 0, p: [256, 51], r: 3.0822409057617188e+02, e: 0.0000000000000000e+00
#ERR stream: 0, p: [256, 52], r: 3.0822766113281250e+02, e: 0.0000000000000000e+00
#ERR stream: 0, p: [256, 53], r: 3.0823126220703125e+02, e: 0.0000000000000000e+00
#ERR stream: 0, p: [256, 54], r: 3.0823492431640625e+02, e: 0.0000000000000000e+00
#ERR stream: 0, p: [256, 55], r: 3.0823855590820312e+02, e: 0.0000000000000000e+00
#ERR stream: 0, p: [256, 56], r: 3.0824221801757812e+02, e: 0.0000000000000000e+00
#ERR stream: 0, p: [256, 57], r: 3.0824591064453125e+02, e: 0.0000000000000000e+00
#ERR stream: 0, p: [256, 58], r: 3.0824963378906250e+02, e: 0.0000000000000000e+00
#ERR stream: 0, p: [256, 59], r: 3.0825335693359375e+02, e: 0.0000000000000000e+00
#ERR stream: 0, p: [256, 60], r: 3.0825708007812500e+02, e: 0.0000000000000000e+00
#ERR stream: 0, p: [256, 61], r: 3.0826086425781250e+02, e: 0.0000000000000000e+00
#ERR stream: 0, p: [256, 62], r: 3.0826464843750000e+02, e: 0.0000000000000000e+00
#ERR stream: 0, p: [256, 63], r: 3.0826843261718750e+02, e: 0.0000000000000000e+00
#ERR stream: 0, p: [256, 64], r: 3.0827227783203125e+02, e: 0.0000000000000000e+00
#ERR stream: 0, p: [256, 65], r: 3.0827612304687500e+02, e: 0.0000000000000000e+00
#ERR stream: 0, p: [256, 66], r: 3.0827996826171875e+02, e: 0.0000000000000000e+00
#ERR stream: 0, p: [256, 67], r: 3.0828381347656250e+02, e: 0.0000000000000000e+00
#ERR stream: 0, p: [256, 68], r: 3.0828771972656250e+02, e: 0.0000000000000000e+00
#ERR stream: 0, p: [256, 69], r: 3.0829162597656250e+02, e: 0.0000000000000000e+00
#ERR stream: 0, p: [256, 70], r: 3.0829553222656250e+02, e: 0.0000000000000000e+00
#ERR stream: 0, p: [256, 71], r: 3.0829943847656250e+02, e: 0.0000000000000000e+00
#ERR stream: 0, p: [256, 72], r: 3.0830340576171875e+02, e: 0.0000000000000000e+00
#ERR stream: 0, p: [256, 73], r: 3.0830737304687500e+02, e: 0.0000000000000000e+00
#ERR stream: 0, p: [256, 74], r: 3.0831134033203125e+02, e: 0.0000000000000000e+00
#ERR stream: 0, p: [256, 75], r: 3.0831530761718750e+02, e: 0.0000000000000000e+00
#ERR stream: 0, p: [256, 76], r: 3.0831927490234375e+02, e: 0.0000000000000000e+00
#ERR stream: 0, p: [256, 77], r: 3.0832330322265625e+02, e: 0.0000000000000000e+00
#ERR stream: 0, p: [256, 78], r: 3.0832730102539062e+02, e: 0.0000000000000000e+00
#ERR stream: 0, p: [256, 79], r: 3.0833129882812500e+02, e: 0.0000000000000000e+00
#ERR stream: 0, p: [256, 80], r: 3.0833535766601562e+02, e: 0.0000000000000000e+00
#ERR stream: 0, p: [256, 81], r: 3.0833941650390625e+02, e: 0.0000000000000000e+00
#ERR stream: 0, p: [256, 82], r: 3.0834347534179688e+02, e: 0.0000000000000000e+00
#ERR stream: 0, p: [256, 83], r: 3.0834750366210938e+02, e: 0.0000000000000000e+00
#ERR stream: 0, p: [256, 84], r: 3.0835159301757812e+02, e: 0.0000000000000000e+00
#ERR stream: 0, p: [256, 85], r: 3.0835568237304688e+02, e: 0.0000000000000000e+00
#ERR stream: 0, p: [256, 86], r: 3.0835980224609375e+02, e: 0.0000000000000000e+00
#ERR stream: 0, p: [256, 87], r: 3.0836392211914062e+02, e: 0.0000000000000000e+00
#ERR stream: 0, p: [256, 88], r: 3.0836801147460938e+02, e: 0.0000000000000000e+00
#ERR stream: 0, p: [256, 89], r: 3.0837216186523438e+02, e: 0.0000000000000000e+00
#ERR stream: 0, p: [256, 90], r: 3.0837631225585938e+02, e: 0.0000000000000000e+00
#ERR stream: 0, p: [256, 91], r: 3.0838046264648438e+02, e: 0.0000000000000000e+00
#ERR stream: 0, p: [256, 92], r: 3.0838464355468750e+02, e: 0.0000000000000000e+00
#ERR stream: 0, p: [256, 93], r: 3.0838882446289062e+02, e: 0.0000000000000000e+00
#ERR stream: 0, p: [256, 94], r: 3.0839300537109375e+02, e: 0.0000000000000000e+00
#ERR stream: 0, p: [256, 95], r: 3.0839718627929688e+02, e: 0.0000000000000000e+00
#ERR stream: 0, p: [256, 96], r: 3.0840139770507812e+02, e: 0.0000000000000000e+00
#ERR stream: 0, p: [256, 97], r: 3.0840563964843750e+02, e: 0.0000000000000000e+00
#ERR stream: 0, p: [256, 98], r: 3.0840988159179688e+02, e: 0.0000000000000000e+00
#ERR stream: 0, p: [256, 99], r: 3.0841412353515625e+02, e: 0.0000000000000000e+00
#ERR stream: 0, p: [256, 100], r: 3.0841836547851562e+02, e: 0.0000000000000000e+00
#ERR stream: 0, p: [256, 101], r: 3.0842263793945312e+02, e: 0.0000000000000000e+00
#ERR stream: 0, p: [256, 102], r: 3.0842691040039062e+02, e: 0.0000000000000000e+00
#ERR stream: 0, p: [256, 103], r: 3.0843121337890625e+02, e: 0.0000000000000000e+00
#ERR stream: 0, p: [256, 104], r: 3.0843551635742188e+02, e: 0.0000000000000000e+00
#ERR stream: 0, p: [256, 105], r: 3.0843981933593750e+02, e: 0.0000000000000000e+00
#ERR stream: 0, p: [256, 106], r: 3.0844415283203125e+02, e: 0.0000000000000000e+00
#ERR stream: 0, p: [256, 107], r: 3.0844848632812500e+02, e: 0.0000000000000000e+00
#ERR stream: 0, p: [256, 108], r: 3.0845285034179688e+02, e: 0.0000000000000000e+00
#ERR stream: 0, p: [256, 109], r: 3.0845718383789062e+02, e: 0.0000000000000000e+00
#ERR stream: 0, p: [256, 110], r: 3.0846154785156250e+02, e: 0.0000000000000000e+00
#ERR stream: 0, p: [256, 111], r: 3.0846591186523438e+02, e: 0.0000000000000000e+00
#ERR stream: 0, p: [256, 112], r: 3.0847030639648438e+02, e: 0.0000000000000000e+00
#ERR stream: 0, p: [256, 113], r: 3.0847473144531250e+02, e: 0.0000000000000000e+00
#ERR stream: 0, p: [256, 114], r: 3.0847915649414062e+02, e: 0.0000000000000000e+00
#ERR stream: 0, p: [256, 115], r: 3.0848358154296875e+02, e: 0.0000000000000000e+00
#ERR stream: 0, p: [256, 116], r: 3.0848800659179688e+02, e: 0.0000000000000000e+00
#ERR stream: 0, p: [256, 117], r: 3.0849246215820312e+02, e: 0.0000000000000000e+00
#ERR stream: 0, p: [256, 118], r: 3.0849691772460938e+02, e: 0.0000000000000000e+00
#ERR stream: 0, p: [256, 119], r: 3.0850140380859375e+02, e: 0.0000000000000000e+00
#ERR stream: 0, p: [256, 120], r: 3.0850588989257812e+02, e: 0.0000000000000000e+00
#ERR stream: 0, p: [256, 121], r: 3.0851040649414062e+02, e: 0.0000000000000000e+00
#ERR stream: 0, p: [256, 122], r: 3.0851492309570312e+02, e: 0.0000000000000000e+00
#ERR stream: 0, p: [256, 123], r: 3.0851947021484375e+02, e: 0.0000000000000000e+00
#ERR stream: 0, p: [256, 124], r: 3.0852401733398438e+02, e: 0.0000000000000000e+00
#ERR stream: 0, p: [256, 125], r: 3.0852859497070312e+02, e: 0.0000000000000000e+00
#ERR stream: 0, p: [256, 126], r: 3.0853317260742188e+02, e: 0.0000000000000000e+00
#ERR stream: 0, p: [256, 127], r: 3.0853778076171875e+02, e: 0.0000000000000000e+00
#ERR stream: 0, p: [256, 128], r: 3.0854238891601562e+02, e: 0.0000000000000000e+00
#ERR stream: 0, p: [256, 129], r: 3.0854702758789062e+02, e: 0.0000000000000000e+00
#ERR stream: 0, p: [256, 130], r: 3.0855166625976562e+02, e: 0.0000000000000000e+00
#ERR stream: 0, p: [256, 131], r: 3.0855633544921875e+02, e: 0.0000000000000000e+00
#ERR stream: 0, p: [256, 132], r: 3.0856103515625000e+02, e: 0.0000000000000000e+00
#ERR stream: 0, p: [256, 133], r: 3.0856573486328125e+02, e: 0.0000000000000000e+00
#ERR stream: 0, p: [512, 0], r: 3.0791406250000000e+02, e: 0.0000000000000000e+00
#ERR stream: 0, p: [768, 0], r: 3.0763104248046875e+02, e: 0.0000000000000000e+00
#ERR stream: 0, p: [768, 1], r: 3.0763107299804688e+02, e: 0.0000000000000000e+00
#ERR stream: 0, p: [768, 2], r: 3.0763116455078125e+02, e: 0.0000000000000000e+00
#ERR stream: 0, p: [768, 3], r: 3.0763131713867188e+02, e: 0.0000000000000000e+00
#ERR stream: 0, p: [768, 4], r: 3.0763150024414062e+02, e: 0.0000000000000000e+00
#ERR stream: 0, p: [768, 5], r: 3.0763171386718750e+02, e: 0.0000000000000000e+00
#ERR stream: 0, p: [768, 6], r: 3.0763198852539062e+02, e: 0.0000000000000000e+00
#ERR stream: 0, p: [768, 7], r: 3.0763229370117188e+02, e: 0.0000000000000000e+00
#ERR stream: 0, p: [768, 8], r: 3.0763262939453125e+02, e: 0.0000000000000000e+00
#ERR stream: 0, p: [768, 9], r: 3.0763302612304688e+02, e: 0.0000000000000000e+00
#ERR stream: 0, p: [768, 10], r: 3.0763345336914062e+02, e: 0.0000000000000000e+00
#ERR stream: 0, p: [768, 11], r: 3.0763391113281250e+02, e: 0.0000000000000000e+00
#ERR stream: 0, p: [768, 12], r: 3.0763439941406250e+02, e: 0.0000000000000000e+00
#ERR stream: 0, p: [768, 13], r: 3.0763494873046875e+02, e: 0.0000000000000000e+00
#ERR stream: 0, p: [768, 14], r: 3.0763552856445312e+02, e: 0.0000000000000000e+00
#ERR stream: 0, p: [768, 15], r: 3.0763613891601562e+02, e: 0.0000000000000000e+00
#ERR stream: 0, p: [768, 16], r: 3.0763677978515625e+02, e: 0.0000000000000000e+00
#ERR stream: 0, p: [768, 17], r: 3.0763745117187500e+02, e: 0.0000000000000000e+00
#ERR stream: 0, p: [768, 18], r: 3.0763818359375000e+02, e: 0.0000000000000000e+00
#ERR stream: 0, p: [768, 19], r: 3.0763894653320312e+02, e: 0.0000000000000000e+00
#ERR stream: 0, p: [768, 20], r: 3.0763970947265625e+02, e: 0.0000000000000000e+00
#ERR stream: 0, p: [768, 21], r: 3.0764053344726562e+02, e: 0.0000000000000000e+00
#ERR stream: 0, p: [768, 22], r: 3.0764135742187500e+02, e: 0.0000000000000000e+00
#ERR stream: 0, p: [768, 23], r: 3.0764221191406250e+02, e: 0.0000000000000000e+00
#ERR stream: 0, p: [768, 24], r: 3.0764312744140625e+02, e: 0.0000000000000000e+00
#ERR stream: 0, p: [768, 25], r: 3.0764404296875000e+02, e: 0.0000000000000000e+00
#ERR stream: 0, p: [768, 26], r: 3.0764498901367188e+02, e: 0.0000000000000000e+00
#ERR stream: 0, p: [768, 27], r: 3.0764596557617188e+02, e: 0.0000000000000000e+00
#ERR stream: 0, p: [768, 28], r: 3.0764694213867188e+02, e: 0.0000000000000000e+00
#ERR stream: 0, p: [768, 29], r: 3.0764797973632812e+02, e: 0.0000000000000000e+00
#ERR stream: 0, p: [768, 30], r: 3.0764901733398438e+02, e: 0.0000000000000000e+00
#ERR stream: 0, p: [768, 31], r: 3.0765008544921875e+02, e: 0.0000000000000000e+00
#ERR stream: 0, p: [768, 32], r: 3.0765118408203125e+02, e: 0.0000000000000000e+00
#ERR stream: 0, p: [768, 33], r: 3.0765231323242188e+02, e: 0.0000000000000000e+00
#ERR stream: 0, p: [768, 34], r: 3.0765344238281250e+02, e: 0.0000000000000000e+00
#ERR stream: 0, p: [768, 35], r: 3.0765457153320312e+02, e: 0.0000000000000000e+00
#ERR stream: 0, p: [768, 36], r: 3.0765570068359375e+02, e: 0.0000000000000000e+00
#ERR stream: 0, p: [768, 37], r: 3.0765689086914062e+02, e: 0.0000000000000000e+00
#ERR stream: 0, p: [768, 38], r: 3.0765805053710938e+02, e: 0.0000000000000000e+00
#ERR stream: 0, p: [768, 39], r: 3.0765927124023438e+02, e: 0.0000000000000000e+00
#ERR stream: 0, p: [768, 40], r: 3.0766049194335938e+02, e: 0.0000000000000000e+00
#ERR stream: 0, p: [768, 41], r: 3.0766171264648438e+02, e: 0.0000000000000000e+00
#ERR stream: 0, p: [768, 42], r: 3.0766293334960938e+02, e: 0.0000000000000000e+00
#ERR stream: 0, p: [768, 43], r: 3.0766418457031250e+02, e: 0.0000000000000000e+00
#ERR stream: 0, p: [768, 44], r: 3.0766543579101562e+02, e: 0.0000000000000000e+00
#ERR stream: 0, p: [768, 45], r: 3.0766671752929688e+02, e: 0.0000000000000000e+00
#ERR stream: 0, p: [768, 46], r: 3.0766799926757812e+02, e: 0.0000000000000000e+00
#ERR stream: 0, p: [768, 47], r: 3.0766928100585938e+02, e: 0.0000000000000000e+00
#ERR stream: 0, p: [768, 48], r: 3.0767056274414062e+02, e: 0.0000000000000000e+00
#ERR stream: 0, p: [768, 49], r: 3.0767184448242188e+02, e: 0.0000000000000000e+00
#ERR stream: 0, p: [768, 50], r: 3.0767312622070312e+02, e: 0.0000000000000000e+00
#ERR stream: 0, p: [768, 51], r: 3.0767443847656250e+02, e: 0.0000000000000000e+00
#ERR stream: 0, p: [768, 52], r: 3.0767575073242188e+02, e: 0.0000000000000000e+00
#ERR stream: 0, p: [768, 53], r: 3.0767709350585938e+02, e: 0.0000000000000000e+00
#ERR stream: 0, p: [768, 54], r: 3.0767840576171875e+02, e: 0.0000000000000000e+00
#ERR stream: 0, p: [768, 55], r: 3.0767971801757812e+02, e: 0.0000000000000000e+00
#ERR stream: 0, p: [768, 56], r: 3.0768106079101562e+02, e: 0.0000000000000000e+00
#ERR stream: 0, p: [768, 57], r: 3.0768240356445312e+02, e: 0.0000000000000000e+00
#ERR stream: 0, p: [768, 58], r: 3.0768374633789062e+02, e: 0.0000000000000000e+00
#ERR stream: 0, p: [768, 59], r: 3.0768508911132812e+02, e: 0.0000000000000000e+00
#ERR stream: 0, p: [768, 60], r: 3.0768643188476562e+02, e: 0.0000000000000000e+00
#ERR stream: 0, p: [768, 61], r: 3.0768777465820312e+02, e: 0.0000000000000000e+00
#ERR stream: 0, p: [768, 62], r: 3.0768911743164062e+02, e: 0.0000000000000000e+00
#ERR stream: 0, p: [768, 63], r: 3.0769046020507812e+02, e: 0.0000000000000000e+00
#ERR stream: 0, p: [768, 64], r: 3.0769180297851562e+02, e: 0.0000000000000000e+00
#ERR stream: 0, p: [768, 65], r: 3.0769317626953125e+02, e: 0.0000000000000000e+00
#ERR stream: 0, p: [768, 66], r: 3.0769454956054688e+02, e: 0.0000000000000000e+00
#ERR stream: 0, p: [768, 67], r: 3.0769589233398438e+02, e: 0.0000000000000000e+00
#ERR stream: 0, p: [768, 68], r: 3.0769726562500000e+02, e: 0.0000000000000000e+00
#ERR stream: 0, p: [768, 69], r: 3.0769863891601562e+02, e: 0.0000000000000000e+00
#ERR stream: 0, p: [768, 70], r: 3.0770001220703125e+02, e: 0.0000000000000000e+00
#ERR stream: 0, p: [768, 71], r: 3.0770138549804688e+02, e: 0.0000000000000000e+00
#ERR stream: 0, p: [768, 72], r: 3.0770275878906250e+02, e: 0.0000000000000000e+00
#ERR stream: 0, p: [768, 73], r: 3.0770413208007812e+02, e: 0.0000000000000000e+00
#ERR stream: 0, p: [768, 74], r: 3.0770550537109375e+02, e: 0.0000000000000000e+00
#ERR stream: 0, p: [768, 75], r: 3.0770687866210938e+02, e: 0.0000000000000000e+00
#ERR stream: 0, p: [768, 76], r: 3.0770825195312500e+02, e: 0.0000000000000000e+00
#ERR stream: 0, p: [768, 77], r: 3.0770962524414062e+02, e: 0.0000000000000000e+00
#ERR stream: 0, p: [768, 78], r: 3.0771099853515625e+02, e: 0.0000000000000000e+00
#ERR stream: 0, p: [768, 79], r: 3.0771237182617188e+02, e: 0.0000000000000000e+00
#ERR stream: 0, p: [768, 80], r: 3.0771374511718750e+02, e: 0.0000000000000000e+00
#ERR stream: 0, p: [768, 81], r: 3.0771511840820312e+02, e: 0.0000000000000000e+00
#ERR stream: 0, p: [768, 82], r: 3.0771649169921875e+02, e: 0.0000000000000000e+00
#ERR stream: 0, p: [768, 83], r: 3.0771786499023438e+02, e: 0.0000000000000000e+00
#ERR stream: 0, p: [768, 84], r: 3.0771923828125000e+02, e: 0.0000000000000000e+00
#ERR stream: 0, p: [768, 85], r: 3.0772064208984375e+02, e: 0.0000000000000000e+00
#ERR stream: 0, p: [768, 86], r: 3.0772201538085938e+02, e: 0.0000000000000000e+00
#ERR stream: 0, p: [768, 87], r: 3.0772338867187500e+02, e: 0.0000000000000000e+00
#ERR stream: 0, p: [768, 88], r: 3.0772476196289062e+02, e: 0.0000000000000000e+00
#ERR stream: 0, p: [768, 89], r: 3.0772613525390625e+02, e: 0.0000000000000000e+00
#ERR stream: 0, p: [768, 90], r: 3.0772750854492188e+02, e: 0.0000000000000000e+00
#ERR stream: 0, p: [768, 91], r: 3.0772888183593750e+02, e: 0.0000000000000000e+00
#ERR stream: 0, p: [768, 92], r: 3.0773025512695312e+02, e: 0.0000000000000000e+00
#ERR stream: 0, p: [768, 93], r: 3.0773159790039062e+02, e: 0.0000000000000000e+00
#ERR stream: 0, p: [768, 94], r: 3.0773297119140625e+02, e: 0.0000000000000000e+00
#ERR stream: 0, p: [768, 95], r: 3.0773434448242188e+02, e: 0.0000000000000000e+00
#ERR stream: 0, p: [768, 96], r: 3.0773571777343750e+02, e: 0.0000000000000000e+00
#ERR stream: 0, p: [768, 97], r: 3.0773709106445312e+02, e: 0.0000000000000000e+00
#ERR stream: 0, p: [768, 98], r: 3.0773846435546875e+02, e: 0.0000000000000000e+00
#ERR stream: 0, p: [768, 99], r: 3.0773983764648438e+02, e: 0.0000000000000000e+00
#ERR stream: 0, p: [768, 100], r: 3.0774121093750000e+02, e: 0.0000000000000000e+00
#ERR stream: 0, p: [768, 101], r: 3.0774258422851562e+02, e: 0.0000000000000000e+00
#ERR stream: 0, p: [768, 102], r: 3.0774395751953125e+02, e: 0.0000000000000000e+00
#ERR stream: 0, p: [768, 103], r: 3.0774533081054688e+02, e: 0.0000000000000000e+00
#ERR stream: 0, p: [768, 104], r: 3.0774670410156250e+02, e: 0.0000000000000000e+00
#ERR stream: 0, p: [768, 105], r: 3.0774804687500000e+02, e: 0.0000000000000000e+00
#ERR stream: 0, p: [768, 106], r: 3.0774942016601562e+02, e: 0.0000000000000000e+00
#ERR stream: 0, p: [768, 107], r: 3.0775079345703125e+02, e: 0.0000000000000000e+00
#ERR stream: 0, p: [768, 108], r: 3.0775213623046875e+02, e: 0.0000000000000000e+00
#ERR stream: 0, p: [768, 109], r: 3.0775350952148438e+02, e: 0.0000000000000000e+00
#ERR stream: 0, p: [768, 110], r: 3.0775485229492188e+02, e: 0.0000000000000000e+00
#ERR stream: 0, p: [768, 111], r: 3.0775622558593750e+02, e: 0.0000000000000000e+00
#ERR stream: 0, p: [768, 112], r: 3.0775759887695312e+02, e: 0.0000000000000000e+00
#ERR stream: 0, p: [768, 113], r: 3.0775894165039062e+02, e: 0.0000000000000000e+00
#ERR stream: 0, p: [768, 114], r: 3.0776028442382812e+02, e: 0.0000000000000000e+00
#ERR stream: 0, p: [768, 115], r: 3.0776162719726562e+02, e: 0.0000000000000000e+00
#ERR stream: 0, p: [768, 116], r: 3.0776296997070312e+02, e: 0.0000000000000000e+00
#ERR stream: 0, p: [768, 117], r: 3.0776434326171875e+02, e: 0.0000000000000000e+00
#ERR stream: 0, p: [768, 118], r: 3.0776568603515625e+02, e: 0.0000000000000000e+00
#ERR stream: 0, p: [768, 119], r: 3.0776705932617188e+02, e: 0.0000000000000000e+00
#ERR stream: 0, p: [768, 120], r: 3.0776840209960938e+02, e: 0.0000000000000000e+00
#ERR stream: 0, p: [768, 121], r: 3.0776977539062500e+02, e: 0.0000000000000000e+00
#ERR stream: 0, p: [768, 122], r: 3.0777111816406250e+02, e: 0.0000000000000000e+00
#ERR stream: 0, p: [768, 123], r: 3.0777246093750000e+02, e: 0.0000000000000000e+00
#ERR stream: 0, p: [512, 1], r: 3.0791415405273438e+02, e: 0.0000000000000000e+00
#ERR stream: 0, p: [512, 2], r: 3.0791433715820312e+02, e: 0.0000000000000000e+00
#ERR stream: 0, p: [512, 3], r: 3.0791458129882812e+02, e: 0.0000000000000000e+00
#ERR stream: 0, p: [512, 4], r: 3.0791491699218750e+02, e: 0.0000000000000000e+00
#ERR stream: 0, p: [512, 5], r: 3.0791534423828125e+02, e: 0.0000000000000000e+00
#ERR stream: 0, p: [512, 6], r: 3.0791583251953125e+02, e: 0.0000000000000000e+00
#ERR stream: 0, p: [512, 7], r: 3.0791641235351562e+02, e: 0.0000000000000000e+00
#ERR stream: 0, p: [512, 8], r: 3.0791708374023438e+02, e: 0.0000000000000000e+00
#ERR stream: 0, p: [512, 9], r: 3.0791781616210938e+02, e: 0.0000000000000000e+00
#ERR stream: 0, p: [512, 10], r: 3.0791864013671875e+02, e: 0.0000000000000000e+00
#ERR stream: 0, p: [512, 11], r: 3.0791952514648438e+02, e: 0.0000000000000000e+00
#ERR stream: 0, p: [512, 12], r: 3.0792050170898438e+02, e: 0.0000000000000000e+00
#ERR stream: 0, p: [512, 13], r: 3.0792153930664062e+02, e: 0.0000000000000000e+00
#ERR stream: 0, p: [512, 14], r: 3.0792263793945312e+02, e: 0.0000000000000000e+00
#ERR stream: 0, p: [512, 15], r: 3.0792379760742188e+02, e: 0.0000000000000000e+00
#ERR stream: 0, p: [512, 16], r: 3.0792504882812500e+02, e: 0.0000000000000000e+00
#ERR stream: 0, p: [512, 17], r: 3.0792636108398438e+02, e: 0.0000000000000000e+00
#ERR stream: 0, p: [512, 18], r: 3.0792770385742188e+02, e: 0.0000000000000000e+00
#ERR stream: 0, p: [512, 19], r: 3.0792913818359375e+02, e: 0.0000000000000000e+00
#ERR stream: 0, p: [512, 20], r: 3.0793063354492188e+02, e: 0.0000000000000000e+00
#ERR stream: 0, p: [512, 21], r: 3.0793215942382812e+02, e: 0.0000000000000000e+00
#ERR stream: 0, p: [512, 22], r: 3.0793374633789062e+02, e: 0.0000000000000000e+00
#ERR stream: 0, p: [512, 23], r: 3.0793539428710938e+02, e: 0.0000000000000000e+00
#ERR stream: 0, p: [512, 24], r: 3.0793710327148438e+02, e: 0.0000000000000000e+00
#ERR stream: 0, p: [512, 25], r: 3.0793887329101562e+02, e: 0.0000000000000000e+00
#ERR stream: 0, p: [512, 26], r: 3.0794070434570312e+02, e: 0.0000000000000000e+00
#ERR stream: 0, p: [512, 27], r: 3.0794256591796875e+02, e: 0.0000000000000000e+00
#ERR stream: 0, p: [512, 28], r: 3.0794451904296875e+02, e: 0.0000000000000000e+00
#ERR stream: 0, p: [512, 29], r: 3.0794647216796875e+02, e: 0.0000000000000000e+00
#ERR stream: 0, p: [512, 30], r: 3.0794848632812500e+02, e: 0.0000000000000000e+00
#ERR stream: 0, p: [512, 31], r: 3.0795050048828125e+02, e: 0.0000000000000000e+00
#ERR stream: 0, p: [512, 32], r: 3.0795257568359375e+02, e: 0.0000000000000000e+00
#ERR stream: 0, p: [512, 33], r: 3.0795471191406250e+02, e: 0.0000000000000000e+00
#ERR stream: 0, p: [512, 34], r: 3.0795684814453125e+02, e: 0.0000000000000000e+00
#ERR stream: 0, p: [512, 35], r: 3.0795904541015625e+02, e: 0.0000000000000000e+00
#ERR stream: 0, p: [512, 36], r: 3.0796124267578125e+02, e: 0.0000000000000000e+00
#ERR stream: 0, p: [512, 37], r: 3.0796350097656250e+02, e: 0.0000000000000000e+00
#ERR stream: 0, p: [512, 38], r: 3.0796575927734375e+02, e: 0.0000000000000000e+00
#ERR stream: 0, p: [512, 39], r: 3.0796804809570312e+02, e: 0.0000000000000000e+00
#ERR stream: 0, p: [512, 40], r: 3.0797039794921875e+02, e: 0.0000000000000000e+00
#ERR stream: 0, p: [512, 41], r: 3.0797271728515625e+02, e: 0.0000000000000000e+00
#ERR stream: 0, p: [512, 42], r: 3.0797509765625000e+02, e: 0.0000000000000000e+00
#ERR stream: 0, p: [512, 43], r: 3.0797750854492188e+02, e: 0.0000000000000000e+00
#ERR stream: 0, p: [512, 44], r: 3.0797991943359375e+02, e: 0.0000000000000000e+00
#ERR stream: 0, p: [512, 45], r: 3.0798239135742188e+02, e: 0.0000000000000000e+00
#ERR stream: 0, p: [512, 46], r: 3.0798486328125000e+02, e: 0.0000000000000000e+00
#ERR stream: 0, p: [512, 47], r: 3.0798736572265625e+02, e: 0.0000000000000000e+00
#ERR stream: 0, p: [512, 48], r: 3.0798986816406250e+02, e: 0.0000000000000000e+00
#ERR stream: 0, p: [512, 49], r: 3.0799240112304688e+02, e: 0.0000000000000000e+00
#ERR stream: 0, p: [512, 50], r: 3.0799493408203125e+02, e: 0.0000000000000000e+00
#ERR stream: 0, p: [512, 51], r: 3.0799749755859375e+02, e: 0.0000000000000000e+00
#ERR stream: 0, p: [512, 52], r: 3.0800006103515625e+02, e: 0.0000000000000000e+00
#ERR stream: 0, p: [512, 53], r: 3.0800265502929688e+02, e: 0.0000000000000000e+00
#ERR stream: 0, p: [512, 54], r: 3.0800524902343750e+02, e: 0.0000000000000000e+00
#ERR stream: 0, p: [512, 55], r: 3.0800787353515625e+02, e: 0.0000000000000000e+00
#ERR stream: 0, p: [512, 56], r: 3.0801049804687500e+02, e: 0.0000000000000000e+00
#ERR stream: 0, p: [512, 57], r: 3.0801312255859375e+02, e: 0.0000000000000000e+00
#ERR stream: 0, p: [512, 58], r: 3.0801577758789062e+02, e: 0.0000000000000000e+00
#ERR stream: 0, p: [512, 59], r: 3.0801843261718750e+02, e: 0.0000000000000000e+00
#ERR stream: 0, p: [512, 60], r: 3.0802111816406250e+02, e: 0.0000000000000000e+00
#ERR stream: 0, p: [512, 61], r: 3.0802380371093750e+02, e: 0.0000000000000000e+00
#ERR stream: 0, p: [512, 62], r: 3.0802648925781250e+02, e: 0.0000000000000000e+00
#ERR stream: 0, p: [512, 63], r: 3.0802917480468750e+02, e: 0.0000000000000000e+00
#ERR stream: 0, p: [512, 64], r: 3.0803189086914062e+02, e: 0.0000000000000000e+00
#ERR stream: 0, p: [512, 65], r: 3.0803460693359375e+02, e: 0.0000000000000000e+00
#ERR stream: 0, p: [512, 66], r: 3.0803729248046875e+02, e: 0.0000000000000000e+00
#ERR stream: 0, p: [512, 67], r: 3.0804003906250000e+02, e: 0.0000000000000000e+00
#ERR stream: 0, p: [512, 68], r: 3.0804278564453125e+02, e: 0.0000000000000000e+00
#ERR stream: 0, p: [512, 69], r: 3.0804553222656250e+02, e: 0.0000000000000000e+00
#ERR stream: 0, p: [512, 70], r: 3.0804827880859375e+02, e: 0.0000000000000000e+00
#ERR stream: 0, p: [512, 71], r: 3.0805102539062500e+02, e: 0.0000000000000000e+00
#ERR stream: 0, p: [512, 72], r: 3.0805377197265625e+02, e: 0.0000000000000000e+00
#ERR stream: 0, p: [512, 73], r: 3.0805654907226562e+02, e: 0.0000000000000000e+00
#ERR stream: 0, p: [512, 74], r: 3.0805932617187500e+02, e: 0.0000000000000000e+00
#ERR stream: 0, p: [512, 75], r: 3.0806207275390625e+02, e: 0.0000000000000000e+00
#ERR stream: 0, p: [512, 76], r: 3.0806484985351562e+02, e: 0.0000000000000000e+00
#ERR stream: 0, p: [512, 77], r: 3.0806762695312500e+02, e: 0.0000000000000000e+00
#ERR stream: 0, p: [512, 78], r: 3.0807043457031250e+02, e: 0.0000000000000000e+00
#ERR stream: 0, p: [512, 79], r: 3.0807321166992188e+02, e: 0.0000000000000000e+00
#ERR stream: 0, p: [512, 80], r: 3.0807598876953125e+02, e: 0.0000000000000000e+00
#ERR stream: 0, p: [512, 81], r: 3.0807879638671875e+02, e: 0.0000000000000000e+00
#ERR stream: 0, p: [512, 82], r: 3.0808160400390625e+02, e: 0.0000000000000000e+00
#ERR stream: 0, p: [512, 83], r: 3.0808441162109375e+02, e: 0.0000000000000000e+00
#ERR stream: 0, p: [512, 84], r: 3.0808721923828125e+02, e: 0.0000000000000000e+00
#ERR stream: 0, p: [512, 85], r: 3.0809002685546875e+02, e: 0.0000000000000000e+00
#ERR stream: 0, p: [512, 86], r: 3.0809283447265625e+02, e: 0.0000000000000000e+00
#ERR stream: 0, p: [512, 87], r: 3.0809564208984375e+02, e: 0.0000000000000000e+00
#ERR stream: 0, p: [512, 88], r: 3.0809844970703125e+02, e: 0.0000000000000000e+00
#ERR stream: 0, p: [512, 89], r: 3.0810128784179688e+02, e: 0.0000000000000000e+00
#ERR stream: 0, p: [512, 90], r: 3.0810412597656250e+02, e: 0.0000000000000000e+00
#ERR stream: 0, p: [512, 91], r: 3.0810693359375000e+02, e: 0.0000000000000000e+00
#ERR stream: 0, p: [512, 92], r: 3.0810977172851562e+02, e: 0.0000000000000000e+00
#ERR stream: 0, p: [512, 93], r: 3.0811260986328125e+02, e: 0.0000000000000000e+00
#ERR stream: 0, p: [512, 94], r: 3.0811544799804688e+02, e: 0.0000000000000000e+00
#ERR stream: 0, p: [512, 95], r: 3.0811828613281250e+02, e: 0.0000000000000000e+00
#ERR stream: 0, p: [512, 96], r: 3.0812109375000000e+02, e: 0.0000000000000000e+00
#ERR stream: 0, p: [512, 97], r: 3.0812396240234375e+02, e: 0.0000000000000000e+00
#ERR stream: 0, p: [512, 98], r: 3.0812683105468750e+02, e: 0.0000000000000000e+00
#ERR stream: 0, p: [512, 99], r: 3.0812966918945312e+02, e: 0.0000000000000000e+00
#ERR stream: 0, p: [512, 100], r: 3.0813250732421875e+02, e: 0.0000000000000000e+00
#ERR stream: 0, p: [512, 101], r: 3.0813537597656250e+02, e: 0.0000000000000000e+00
#ERR stream: 0, p: [512, 102], r: 3.0813821411132812e+02, e: 0.0000000000000000e+00
#ERR stream: 0, p: [512, 103], r: 3.0814105224609375e+02, e: 0.0000000000000000e+00
#ERR stream: 0, p: [512, 104], r: 3.0814392089843750e+02, e: 0.0000000000000000e+00
#ERR stream: 0, p: [512, 105], r: 3.0814675903320312e+02, e: 0.0000000000000000e+00
#ERR stream: 0, p: [512, 106], r: 3.0814959716796875e+02, e: 0.0000000000000000e+00
#ERR stream: 0, p: [512, 107], r: 3.0815246582031250e+02, e: 0.0000000000000000e+00
#ERR stream: 0, p: [512, 108], r: 3.0815533447265625e+02, e: 0.0000000000000000e+00
#ERR stream: 0, p: [512, 109], r: 3.0815820312500000e+02, e: 0.0000000000000000e+00
#ERR stream: 0, p: [512, 110], r: 3.0816107177734375e+02, e: 0.0000000000000000e+00
#ERR stream: 0, p: [512, 111], r: 3.0816394042968750e+02, e: 0.0000000000000000e+00
#ERR stream: 0, p: [512, 112], r: 3.0816680908203125e+02, e: 0.0000000000000000e+00
#ERR stream: 0, p: [512, 113], r: 3.0816967773437500e+02, e: 0.0000000000000000e+00
#ERR stream: 0, p: [512, 114], r: 3.0817254638671875e+02, e: 0.0000000000000000e+00
#ERR stream: 0, p: [512, 115], r: 3.0817541503906250e+02, e: 0.0000000000000000e+00
#ERR stream: 0, p: [512, 116], r: 3.0817828369140625e+02, e: 0.0000000000000000e+00
#ERR stream: 0, p: [512, 117], r: 3.0818115234375000e+02, e: 0.0000000000000000e+00
#ERR stream: 0, p: [512, 118], r: 3.0818402099609375e+02, e: 0.0000000000000000e+00
#ERR stream: 0, p: [512, 119], r: 3.0818692016601562e+02, e: 0.0000000000000000e+00
#ERR stream: 0, p: [512, 120], r: 3.0818981933593750e+02, e: 0.0000000000000000e+00
#ERR stream: 0, p: [512, 121], r: 3.0819268798828125e+02, e: 0.0000000000000000e+00
#ERR stream: 0, p: [512, 122], r: 3.0819555664062500e+02, e: 0.0000000000000000e+00
#ERR stream: 0, p: [512, 123], r: 3.0819842529296875e+02, e: 0.0000000000000000e+00
#ERR stream: 0, p: [512, 124], r: 3.0820129394531250e+02, e: 0.0000000000000000e+00
#ERR stream: 0, p: [512, 125], r: 3.0820416259765625e+02, e: 0.0000000000000000e+00
#ERR stream: 0, p: [512, 126], r: 3.0820706176757812e+02, e: 0.0000000000000000e+00
#ERR stream: 0, p: [512, 127], r: 3.0820996093750000e+02, e: 0.0000000000000000e+00
#ERR stream: 0, p: [512, 128], r: 3.0821286010742188e+02, e: 0.0000000000000000e+00
#ERR stream: 0, p: [512, 129], r: 3.0821575927734375e+02, e: 0.0000000000000000e+00
#ERR stream: 0, p: [512, 130], r: 3.0821862792968750e+02, e: 0.0000000000000000e+00
#ERR stream: 0, p: [512, 131], r: 3.0822149658203125e+02, e: 0.0000000000000000e+00
#ERR stream: 0, p: [512, 132], r: 3.0822439575195312e+02, e: 0.0000000000000000e+00
#ERR stream: 0, p: [512, 133], r: 3.0822729492187500e+02, e: 0.0000000000000000e+00
#ERR stream: 0, p: [512, 134], r: 3.0823019409179688e+02, e: 0.0000000000000000e+00
#ERR stream: 0, p: [512, 135], r: 3.0823309326171875e+02, e: 0.0000000000000000e+00
#ERR stream: 0, p: [512, 136], r: 3.0823599243164062e+02, e: 0.0000000000000000e+00
#ERR stream: 0, p: [512, 137], r: 3.0823889160156250e+02, e: 0.0000000000000000e+00
#ERR stream: 0, p: [512, 138], r: 3.0824176025390625e+02, e: 0.0000000000000000e+00
#ERR stream: 0, p: [512, 139], r: 3.0824468994140625e+02, e: 0.0000000000000000e+00
#ERR stream: 0, p: [512, 140], r: 3.0824758911132812e+02, e: 0.0000000000000000e+00
#ERR stream: 0, p: [512, 141], r: 3.0825048828125000e+02, e: 0.0000000000000000e+00
#ERR stream: 0, p: [512, 142], r: 3.0825338745117188e+02, e: 0.0000000000000000e+00
#ERR stream: 0, p: [512, 143], r: 3.0825628662109375e+02, e: 0.0000000000000000e+00
#ERR stream: 0, p: [512, 144], r: 3.0825921630859375e+02, e: 0.0000000000000000e+00
#ERR stream: 0, p: [512, 145], r: 3.0826208496093750e+02, e: 0.0000000000000000e+00
#ERR stream: 0, p: [512, 146], r: 3.0826501464843750e+02, e: 0.0000000000000000e+00
#ERR stream: 0, p: [512, 147], r: 3.0826794433593750e+02, e: 0.0000000000000000e+00
#ERR stream: 0, p: [512, 148], r: 3.0827087402343750e+02, e: 0.0000000000000000e+00
#ERR stream: 0, p: [512, 149], r: 3.0827377319335938e+02, e: 0.0000000000000000e+00
#ERR stream: 0, p: [512, 150], r: 3.0827667236328125e+02, e: 0.0000000000000000e+00
#ERR stream: 0, p: [512, 151], r: 3.0827960205078125e+02, e: 0.0000000000000000e+00
#ERR stream: 0, p: [512, 152], r: 3.0828253173828125e+02, e: 0.0000000000000000e+00
#ERR stream: 0, p: [512, 153], r: 3.0828543090820312e+02, e: 0.0000000000000000e+00
#ERR stream: 0, p: [512, 154], r: 3.0828836059570312e+02, e: 0.0000000000000000e+00
#ERR stream: 0, p: [512, 155], r: 3.0829129028320312e+02, e: 0.0000000000000000e+00
#ERR stream: 0, p: [512, 156], r: 3.0829421997070312e+02, e: 0.0000000000000000e+00
#ERR stream: 0, p: [512, 157], r: 3.0829714965820312e+02, e: 0.0000000000000000e+00
#ERR stream: 0, p: [512, 158], r: 3.0830007934570312e+02, e: 0.0000000000000000e+00
#ERR stream: 0, p: [512, 159], r: 3.0830300903320312e+02, e: 0.0000000000000000e+00
#ERR stream: 0, p: [512, 160], r: 3.0830596923828125e+02, e: 0.0000000000000000e+00
#ERR stream: 0, p: [512, 161], r: 3.0830889892578125e+02, e: 0.0000000000000000e+00
#ERR stream: 0, p: [512, 162], r: 3.0831182861328125e+02, e: 0.0000000000000000e+00
#ERR stream: 0, p: [512, 163], r: 3.0831475830078125e+02, e: 0.0000000000000000e+00
#ERR stream: 0, p: [512, 164], r: 3.0831768798828125e+02, e: 0.0000000000000000e+00
#ERR stream: 0, p: [512, 165], r: 3.0832064819335938e+02, e: 0.0000000000000000e+00
#ERR stream: 0, p: [512, 166], r: 3.0832360839843750e+02, e: 0.0000000000000000e+00
#ERR stream: 0, p: [512, 167], r: 3.0832653808593750e+02, e: 0.0000000000000000e+00
#ERR stream: 0, p: [512, 168], r: 3.0832946777343750e+02, e: 0.0000000000000000e+00
#ERR stream: 0, p: [512, 169], r: 3.0833239746093750e+02, e: 0.0000000000000000e+00
#ERR stream: 0, p: [512, 170], r: 3.0833535766601562e+02, e: 0.0000000000000000e+00
#ERR stream: 0, p: [512, 171], r: 3.0833831787109375e+02, e: 0.0000000000000000e+00
#ERR stream: 0, p: [512, 172], r: 3.0834124755859375e+02, e: 0.0000000000000000e+00
#ERR stream: 0, p: [512, 173], r: 3.0834420776367188e+02, e: 0.0000000000000000e+00
#ERR stream: 0, p: [512, 174], r: 3.0834716796875000e+02, e: 0.0000000000000000e+00
#ERR stream: 0, p: [512, 175], r: 3.0835012817382812e+02, e: 0.0000000000000000e+00
#ERR stream: 0, p: [512, 176], r: 3.0835308837890625e+02, e: 0.0000000000000000e+00
#ERR stream: 0, p: [512, 177], r: 3.0835604858398438e+02, e: 0.0000000000000000e+00
#ERR stream: 0, p: [512, 178], r: 3.0835900878906250e+02, e: 0.0000000000000000e+00
#ERR stream: 0, p: [512, 179], r: 3.0836196899414062e+02, e: 0.0000000000000000e+00
#ERR stream: 0, p: [512, 180], r: 3.0836492919921875e+02, e: 0.0000000000000000e+00
#ERR stream: 0, p: [512, 181], r: 3.0836788940429688e+02, e: 0.0000000000000000e+00
#ERR stream: 0, p: [512, 182], r: 3.0837088012695312e+02, e: 0.0000000000000000e+00
#ERR stream: 0, p: [512, 183], r: 3.0837384033203125e+02, e: 0.0000000000000000e+00
#ERR stream: 0, p: [512, 184], r: 3.0837680053710938e+02, e: 0.0000000000000000e+00
#ERR stream: 0, p: [512, 185], r: 3.0837979125976562e+02, e: 0.0000000000000000e+00
#ERR stream: 0, p: [512, 186], r: 3.0838278198242188e+02, e: 0.0000000000000000e+00
#ERR stream: 0, p: [512, 187], r: 3.0838574218750000e+02, e: 0.0000000000000000e+00
#ERR stream: 0, p: [512, 188], r: 3.0838873291015625e+02, e: 0.0000000000000000e+00
#ERR stream: 0, p: [512, 189], r: 3.0839169311523438e+02, e: 0.0000000000000000e+00
#ERR stream: 0, p: [512, 190], r: 3.0839468383789062e+02, e: 0.0000000000000000e+00
#ERR stream: 0, p: [512, 191], r: 3.0839767456054688e+02, e: 0.0000000000000000e+00
#ERR stream: 0, p: [512, 192], r: 3.0840066528320312e+02, e: 0.0000000000000000e+00
#ERR stream: 0, p: [512, 193], r: 3.0840365600585938e+02, e: 0.0000000000000000e+00
#ERR stream: 0, p: [512, 194], r: 3.0840664672851562e+02, e: 0.0000000000000000e+00
#ERR stream: 0, p: [512, 195], r: 3.0840960693359375e+02, e: 0.0000000000000000e+00
#ERR stream: 0, p: [512, 196], r: 3.0841262817382812e+02, e: 0.0000000000000000e+00
#ERR stream: 0, p: [512, 197], r: 3.0841561889648438e+02, e: 0.0000000000000000e+00
#ERR stream: 0, p: [512, 198], r: 3.0841860961914062e+02, e: 0.0000000000000000e+00
#ERR stream: 0, p: [512, 199], r: 3.0842160034179688e+02, e: 0.0000000000000000e+00
#ERR stream: 0, p: [512, 200], r: 3.0842456054687500e+02, e: 0.0000000000000000e+00
#ERR stream: 0, p: [512, 201], r: 3.0842758178710938e+02, e: 0.0000000000000000e+00
#ERR stream: 0, p: [512, 202], r: 3.0843057250976562e+02, e: 0.0000000000000000e+00
#ERR stream: 0, p: [512, 203], r: 3.0843359375000000e+02, e: 0.0000000000000000e+00
#ERR stream: 0, p: [512, 204], r: 3.0843658447265625e+02, e: 0.0000000000000000e+00
#ERR stream: 0, p: [512, 205], r: 3.0843960571289062e+02, e: 0.0000000000000000e+00
#ERR stream: 0, p: [512, 206], r: 3.0844262695312500e+02, e: 0.0000000000000000e+00
#ERR stream: 0, p: [512, 207], r: 3.0844564819335938e+02, e: 0.0000000000000000e+00
#ERR stream: 0, p: [512, 208], r: 3.0844863891601562e+02, e: 0.0000000000000000e+00
#ERR stream: 0, p: [512, 209], r: 3.0845166015625000e+02, e: 0.0000000000000000e+00
#ERR stream: 0, p: [512, 210], r: 3.0845468139648438e+02, e: 0.0000000000000000e+00
#ERR stream: 0, p: [512, 211], r: 3.0845767211914062e+02, e: 0.0000000000000000e+00
#ERR stream: 0, p: [512, 212], r: 3.0846072387695312e+02, e: 0.0000000000000000e+00
#ERR stream: 0, p: [512, 213], r: 3.0846371459960938e+02, e: 0.0000000000000000e+00
#ERR stream: 0, p: [768, 124], r: 3.0777380371093750e+02, e: 0.0000000000000000e+00
#ERR stream: 0, p: [768, 125], r: 3.0777514648437500e+02, e: 0.0000000000000000e+00
#ERR stream: 0, p: [768, 126], r: 3.0777648925781250e+02, e: 0.0000000000000000e+00
#ERR stream: 0, p: [768, 127], r: 3.0777780151367188e+02, e: 0.0000000000000000e+00
#ERR stream: 0, p: [768, 128], r: 3.0777914428710938e+02, e: 0.0000000000000000e+00
#ERR stream: 0, p: [768, 129], r: 3.0778048706054688e+02, e: 0.0000000000000000e+00
#ERR stream: 0, p: [768, 130], r: 3.0778179931640625e+02, e: 0.0000000000000000e+00
#ERR stream: 0, p: [768, 131], r: 3.0778317260742188e+02, e: 0.0000000000000000e+00
#ERR stream: 0, p: [768, 132], r: 3.0778451538085938e+02, e: 0.0000000000000000e+00
#ERR stream: 0, p: [768, 133], r: 3.0778585815429688e+02, e: 0.0000000000000000e+00
#ERR stream: 0, p: [768, 134], r: 3.0778717041015625e+02, e: 0.0000000000000000e+00
#ERR stream: 0, p: [768, 135], r: 3.0778848266601562e+02, e: 0.0000000000000000e+00
#ERR stream: 0, p: [768, 136], r: 3.0778982543945312e+02, e: 0.0000000000000000e+00
#ERR stream: 0, p: [768, 137], r: 3.0779113769531250e+02, e: 0.0000000000000000e+00
#ERR stream: 0, p: [768, 138], r: 3.0779244995117188e+02, e: 0.0000000000000000e+00
#ERR stream: 0, p: [768, 139], r: 3.0779379272460938e+02, e: 0.0000000000000000e+00
#ERR stream: 0, p: [768, 140], r: 3.0779510498046875e+02, e: 0.0000000000000000e+00
#ERR stream: 0, p: [768, 141], r: 3.0779641723632812e+02, e: 0.0000000000000000e+00
#ERR stream: 0, p: [768, 142], r: 3.0779776000976562e+02, e: 0.0000000000000000e+00
#ERR stream: 0, p: [768, 143], r: 3.0779904174804688e+02, e: 0.0000000000000000e+00
#ERR stream: 0, p: [768, 144], r: 3.0780035400390625e+02, e: 0.0000000000000000e+00
#ERR stream: 0, p: [768, 145], r: 3.0780166625976562e+02, e: 0.0000000000000000e+00
#ERR stream: 0, p: [768, 146], r: 3.0780300903320312e+02, e: 0.0000000000000000e+00
#ERR stream: 0, p: [768, 147], r: 3.0780429077148438e+02, e: 0.0000000000000000e+00
#ERR stream: 0, p: [768, 148], r: 3.0780560302734375e+02, e: 0.0000000000000000e+00
#ERR stream: 0, p: [768, 149], r: 3.0780691528320312e+02, e: 0.0000000000000000e+00
#ERR stream: 0, p: [768, 150], r: 3.0780822753906250e+02, e: 0.0000000000000000e+00
#ERR stream: 0, p: [768, 151], r: 3.0780953979492188e+02, e: 0.0000000000000000e+00
#SDC Ite:188 KerTime:0.046796 AccTime:24.572006 KerErr:1048576 AccErr:1048576
#ABORT too many errors per iteration
#END