#HEADER iterations: 1000 img_list: /home/carol/radiation-benchmarks/data/networks_img_list/voc.2012.1K.txt board: K40
#BEGIN Y:2016 M:12 D:14 Time:14:22:05
#IT Ite:0 KerTime:0.123434 AccTime:0.123434
#IT Ite:1 KerTime:0.113410 AccTime:0.236844
#IT Ite:2 KerTime:0.122690 AccTime:0.359534
#IT Ite:3 KerTime:0.117559 AccTime:0.477093
#IT Ite:4 KerTime:0.119773 AccTime:0.596866
#IT Ite:5 KerTime:0.118783 AccTime:0.715649
#IT Ite:6 KerTime:0.119512 AccTime:0.835161
#IT Ite:7 KerTime:0.116641 AccTime:0.951802
#IT Ite:8 KerTime:0.118129 AccTime:1.069931
#IT Ite:9 KerTime:0.124734 AccTime:1.194665
#IT Ite:10 KerTime:0.116647 AccTime:1.311312
#IT Ite:11 KerTime:0.119623 AccTime:1.430935
#IT Ite:12 KerTime:0.127803 AccTime:1.558738
#IT Ite:13 KerTime:0.115170 AccTime:1.673908
#IT Ite:14 KerTime:0.116816 AccTime:1.790724
#IT Ite:15 KerTime:0.110945 AccTime:1.901669
#IT Ite:16 KerTime:0.119807 AccTime:2.021476
#IT Ite:17 KerTime:0.118870 AccTime:2.140346
#IT Ite:18 KerTime:0.134636 AccTime:2.274982
#IT Ite:19 KerTime:0.119198 AccTime:2.394180
#IT Ite:20 KerTime:0.121920 AccTime:2.516100
#IT Ite:21 KerTime:0.124263 AccTime:2.640363
#IT Ite:22 KerTime:0.123589 AccTime:2.763952
#IT Ite:23 KerTime:0.108669 AccTime:2.872621
#IT Ite:24 KerTime:0.098364 AccTime:2.970985
#IT Ite:25 KerTime:0.123519 AccTime:3.094504
#IT Ite:26 KerTime:0.119517 AccTime:3.214021
#IT Ite:27 KerTime:0.126508 AccTime:3.340529
#IT Ite:28 KerTime:0.118945 AccTime:3.459474
#IT Ite:29 KerTime:0.127914 AccTime:3.587388
#IT Ite:30 KerTime:0.126403 AccTime:3.713791
#IT Ite:31 KerTime:0.109992 AccTime:3.823783
#IT Ite:32 KerTime:0.122735 AccTime:3.946518
#IT Ite:33 KerTime:0.108900 AccTime:4.055418
#IT Ite:34 KerTime:0.120116 AccTime:4.175534
#IT Ite:35 KerTime:0.116612 AccTime:4.292146
#IT Ite:36 KerTime:0.119292 AccTime:4.411438
#IT Ite:37 KerTime:0.120037 AccTime:4.531475
#IT Ite:38 KerTime:0.105116 AccTime:4.636591
#IT Ite:39 KerTime:0.112090 AccTime:4.748681
#IT Ite:40 KerTime:0.119554 AccTime:4.868235
#IT Ite:41 KerTime:0.113210 AccTime:4.981445
#IT Ite:42 KerTime:0.108565 AccTime:5.090010
#IT Ite:43 KerTime:0.116948 AccTime:5.206958
#IT Ite:44 KerTime:0.118620 AccTime:5.325578
#IT Ite:45 KerTime:0.121457 AccTime:5.447035
#IT Ite:46 KerTime:0.112685 AccTime:5.559720
#IT Ite:47 KerTime:0.119901 AccTime:5.679621
#IT Ite:48 KerTime:0.111680 AccTime:5.791301
#IT Ite:49 KerTime:0.118739 AccTime:5.910040
#IT Ite:50 KerTime:0.116680 AccTime:6.026720
#IT Ite:51 KerTime:0.118127 AccTime:6.144847
#IT Ite:52 KerTime:0.118483 AccTime:6.263330
#IT Ite:53 KerTime:0.118410 AccTime:6.381740
#IT Ite:54 KerTime:0.120060 AccTime:6.501800
#IT Ite:55 KerTime:0.117243 AccTime:6.619043
#IT Ite:56 KerTime:0.116145 AccTime:6.735188
#IT Ite:57 KerTime:0.116479 AccTime:6.851667
#IT Ite:58 KerTime:0.118388 AccTime:6.970055
#IT Ite:59 KerTime:0.117473 AccTime:7.087528
#IT Ite:60 KerTime:0.119419 AccTime:7.206947
#IT Ite:61 KerTime:0.120456 AccTime:7.327403
#IT Ite:62 KerTime:0.124057 AccTime:7.451460
#IT Ite:63 KerTime:0.124214 AccTime:7.575674
#IT Ite:64 KerTime:0.121637 AccTime:7.697311
#IT Ite:65 KerTime:0.124839 AccTime:7.822150
#IT Ite:66 KerTime:0.122606 AccTime:7.944756
#IT Ite:67 KerTime:0.117734 AccTime:8.062490
#IT Ite:68 KerTime:0.118311 AccTime:8.180801
#IT Ite:69 KerTime:0.124593 AccTime:8.305394
#IT Ite:70 KerTime:0.116142 AccTime:8.421536
#IT Ite:71 KerTime:0.115210 AccTime:8.536746
#IT Ite:72 KerTime:0.120943 AccTime:8.657689
#IT Ite:73 KerTime:0.134212 AccTime:8.791901
#IT Ite:74 KerTime:0.121992 AccTime:8.913893
#IT Ite:75 KerTime:0.118534 AccTime:9.032427
#IT Ite:76 KerTime:0.119534 AccTime:9.151961
#IT Ite:77 KerTime:0.113350 AccTime:9.265311
#IT Ite:78 KerTime:0.122469 AccTime:9.387780
#IT Ite:79 KerTime:0.115826 AccTime:9.503606
#IT Ite:80 KerTime:0.109014 AccTime:9.612620
#IT Ite:81 KerTime:0.125785 AccTime:9.738405
#IT Ite:82 KerTime:0.117242 AccTime:9.855647
#IT Ite:83 KerTime:0.127494 AccTime:9.983141
#IT Ite:84 KerTime:0.111641 AccTime:10.094782
#IT Ite:85 KerTime:0.118362 AccTime:10.213144
#IT Ite:86 KerTime:0.111396 AccTime:10.324540
#IT Ite:87 KerTime:0.125958 AccTime:10.450498
#IT Ite:88 KerTime:0.118243 AccTime:10.568741
#IT Ite:89 KerTime:0.124735 AccTime:10.693476
#IT Ite:90 KerTime:0.121320 AccTime:10.814796
#IT Ite:91 KerTime:0.125473 AccTime:10.940269
#IT Ite:92 KerTime:0.117778 AccTime:11.058047
#IT Ite:93 KerTime:0.125739 AccTime:11.183786
#IT Ite:94 KerTime:0.114458 AccTime:11.298244
#IT Ite:95 KerTime:0.117599 AccTime:11.415843
#IT Ite:96 KerTime:0.112660 AccTime:11.528503
#IT Ite:97 KerTime:0.121250 AccTime:11.649753
#IT Ite:98 KerTime:0.112718 AccTime:11.762471
#IT Ite:99 KerTime:0.116615 AccTime:11.879086
#IT Ite:100 KerTime:0.119297 AccTime:11.998383
#IT Ite:101 KerTime:0.119104 AccTime:12.117487
#IT Ite:102 KerTime:0.111419 AccTime:12.228906
#IT Ite:103 KerTime:0.119918 AccTime:12.348824
#IT Ite:104 KerTime:0.120765 AccTime:12.469589
#IT Ite:105 KerTime:0.117478 AccTime:12.587067
#IT Ite:106 KerTime:0.120322 AccTime:12.707389
#IT Ite:107 KerTime:0.124803 AccTime:12.832192
#IT Ite:108 KerTime:0.116433 AccTime:12.948625
#IT Ite:109 KerTime:0.124282 AccTime:13.072907
#IT Ite:110 KerTime:0.119438 AccTime:13.192345
#IT Ite:111 KerTime:0.111572 AccTime:13.303917
#IT Ite:112 KerTime:0.107199 AccTime:13.411116
#IT Ite:113 KerTime:0.113290 AccTime:13.524406
#IT Ite:114 KerTime:0.120547 AccTime:13.644953
#IT Ite:115 KerTime:0.107829 AccTime:13.752782
#IT Ite:116 KerTime:0.117376 AccTime:13.870158
#IT Ite:117 KerTime:0.118894 AccTime:13.989052
#IT Ite:118 KerTime:0.118489 AccTime:14.107541
#IT Ite:119 KerTime:0.117465 AccTime:14.225006
#IT Ite:120 KerTime:0.127468 AccTime:14.352474
#IT Ite:121 KerTime:0.117831 AccTime:14.470305
#IT Ite:122 KerTime:0.119502 AccTime:14.589807
#IT Ite:123 KerTime:0.120773 AccTime:14.710580
#IT Ite:124 KerTime:0.112501 AccTime:14.823081
#IT Ite:125 KerTime:0.121732 AccTime:14.944813
#IT Ite:126 KerTime:0.119098 AccTime:15.063911
#IT Ite:127 KerTime:0.127432 AccTime:15.191343
#IT Ite:128 KerTime:0.125963 AccTime:15.317306
#IT Ite:129 KerTime:0.118487 AccTime:15.435793
#IT Ite:130 KerTime:0.096870 AccTime:15.532663
#IT Ite:131 KerTime:0.125256 AccTime:15.657919
#IT Ite:132 KerTime:0.116722 AccTime:15.774641
#IT Ite:133 KerTime:0.112334 AccTime:15.886975
#IT Ite:134 KerTime:0.127151 AccTime:16.014126
#IT Ite:135 KerTime:0.113694 AccTime:16.127820
#IT Ite:136 KerTime:0.119594 AccTime:16.247414
#IT Ite:137 KerTime:0.114045 AccTime:16.361459
#IT Ite:138 KerTime:0.127571 AccTime:16.489030
#IT Ite:139 KerTime:0.110374 AccTime:16.599404
#IT Ite:140 KerTime:0.124537 AccTime:16.723941
#IT Ite:141 KerTime:0.124318 AccTime:16.848259
#IT Ite:142 KerTime:0.117277 AccTime:16.965536
#IT Ite:143 KerTime:0.125198 AccTime:17.090734
#IT Ite:144 KerTime:0.116539 AccTime:17.207273
#IT Ite:145 KerTime:0.110521 AccTime:17.317794
#IT Ite:146 KerTime:0.112952 AccTime:17.430746
#IT Ite:147 KerTime:0.113209 AccTime:17.543955
#IT Ite:148 KerTime:0.126473 AccTime:17.670428
#IT Ite:149 KerTime:0.118132 AccTime:17.788560
#IT Ite:150 KerTime:0.105243 AccTime:17.893803
#IT Ite:151 KerTime:0.109863 AccTime:18.003666
#IT Ite:152 KerTime:0.113161 AccTime:18.116827
#IT Ite:153 KerTime:0.121532 AccTime:18.238359
#IT Ite:154 KerTime:0.097854 AccTime:18.336213
#IT Ite:155 KerTime:0.120178 AccTime:18.456391
#ERR exception: error_network_exection error_info:['Traceback (most recent call last):\n', '  File "/home/carol/radiation-benchmarks/src/cuda/py-faster-rcnn/tools/py_faster_rcnn.py", line 477, in <module>\n    error_count = compare(gold_file[im_name], ret, im_name)\n', '  File "/home/carol/radiation-benchmarks/src/cuda/py-faster-rcnn/tools/py_faster_rcnn.py", line 354, in compare\n    error_count += compare_scores(scrListGold, scrListCurr, i, tempImgName)\n', '  File "/home/carol/radiation-benchmarks/src/cuda/py-faster-rcnn/tools/py_faster_rcnn.py", line 305, in compare_scores\n    lh.log_error_detail("img_name: " + str(img_name) + " class: " + str(cls) + "wrong_score_size: " + scrDiff)\n', "TypeError: cannot concatenate 'str' and 'int' objects\n"] XX Inappropriate argument type. XX cannot concatenate 'str' and 'int' objects
#END