#HEADER iterations: 1000 img_list: /home/carol/radiation-benchmarks/data/networks_img_list/caltech.pedestrians.critical.1K.txt board: K40
#BEGIN Y:2016 M:12 D:14 Time:15:11:13
#IT Ite:0 KerTime:0.131779 AccTime:0.131779
#IT Ite:1 KerTime:0.125159 AccTime:0.256938
#IT Ite:2 KerTime:0.127510 AccTime:0.384448
#IT Ite:3 KerTime:0.126726 AccTime:0.511174
#IT Ite:4 KerTime:0.128032 AccTime:0.639206
#IT Ite:5 KerTime:0.127281 AccTime:0.766487
#IT Ite:6 KerTime:0.127117 AccTime:0.893604
#IT Ite:7 KerTime:0.128288 AccTime:1.021892
#IT Ite:8 KerTime:0.125007 AccTime:1.146899
#IT Ite:9 KerTime:0.127623 AccTime:1.274522
#IT Ite:10 KerTime:0.124986 AccTime:1.399508
#IT Ite:11 KerTime:0.127083 AccTime:1.526591
#IT Ite:12 KerTime:0.125395 AccTime:1.651986
#IT Ite:13 KerTime:0.127374 AccTime:1.779360
#IT Ite:14 KerTime:0.124718 AccTime:1.904078
#IT Ite:15 KerTime:0.127284 AccTime:2.031362
#IT Ite:16 KerTime:0.127306 AccTime:2.158668
#IT Ite:17 KerTime:0.128368 AccTime:2.287036
#IT Ite:18 KerTime:0.126205 AccTime:2.413241
#IT Ite:19 KerTime:0.126508 AccTime:2.539749
#IT Ite:20 KerTime:0.126845 AccTime:2.666594
#IT Ite:21 KerTime:0.125991 AccTime:2.792585
#IT Ite:22 KerTime:0.129054 AccTime:2.921639
#IT Ite:23 KerTime:0.125399 AccTime:3.047038
#IT Ite:24 KerTime:0.127066 AccTime:3.174104
#IT Ite:25 KerTime:0.126001 AccTime:3.300105
#IT Ite:26 KerTime:0.125086 AccTime:3.425191
#IT Ite:27 KerTime:0.124968 AccTime:3.550159
#IT Ite:28 KerTime:0.126220 AccTime:3.676379
#IT Ite:29 KerTime:0.126397 AccTime:3.802776
#IT Ite:30 KerTime:0.125879 AccTime:3.928655
#IT Ite:31 KerTime:0.128248 AccTime:4.056903
#IT Ite:32 KerTime:0.127565 AccTime:4.184468
#IT Ite:33 KerTime:0.126027 AccTime:4.310495
#IT Ite:34 KerTime:0.125446 AccTime:4.435941
#IT Ite:35 KerTime:0.127293 AccTime:4.563234
#IT Ite:36 KerTime:0.125115 AccTime:4.688349
#IT Ite:37 KerTime:0.129198 AccTime:4.817547
#IT Ite:38 KerTime:0.125199 AccTime:4.942746
#IT Ite:39 KerTime:0.132260 AccTime:5.075006
#IT Ite:40 KerTime:0.124056 AccTime:5.199062
#IT Ite:41 KerTime:0.125247 AccTime:5.324309
#IT Ite:42 KerTime:0.125306 AccTime:5.449615
#IT Ite:43 KerTime:0.126058 AccTime:5.575673
#IT Ite:44 KerTime:0.127202 AccTime:5.702875
#IT Ite:45 KerTime:0.129030 AccTime:5.831905
#IT Ite:46 KerTime:0.127018 AccTime:5.958923
#IT Ite:47 KerTime:0.127161 AccTime:6.086084
#IT Ite:48 KerTime:0.126075 AccTime:6.212159
#IT Ite:49 KerTime:0.127343 AccTime:6.339502
#IT Ite:50 KerTime:0.128520 AccTime:6.468022
#IT Ite:51 KerTime:0.126959 AccTime:6.594981
#IT Ite:52 KerTime:0.127992 AccTime:6.722973
#IT Ite:53 KerTime:0.125690 AccTime:6.848663
#IT Ite:54 KerTime:0.128372 AccTime:6.977035
#IT Ite:55 KerTime:0.125224 AccTime:7.102259
#IT Ite:56 KerTime:0.125404 AccTime:7.227663
#IT Ite:57 KerTime:0.124897 AccTime:7.352560
#IT Ite:58 KerTime:0.127337 AccTime:7.479897
#IT Ite:59 KerTime:0.128171 AccTime:7.608068
#IT Ite:60 KerTime:0.127051 AccTime:7.735119
#IT Ite:61 KerTime:0.127288 AccTime:7.862407
#IT Ite:62 KerTime:0.125608 AccTime:7.988015
#IT Ite:63 KerTime:0.125463 AccTime:8.113478
#IT Ite:64 KerTime:0.126677 AccTime:8.240155
#IT Ite:65 KerTime:0.127945 AccTime:8.368100
#IT Ite:66 KerTime:0.126734 AccTime:8.494834
#IT Ite:67 KerTime:0.128946 AccTime:8.623780
#IT Ite:68 KerTime:0.125237 AccTime:8.749017
#IT Ite:69 KerTime:0.124698 AccTime:8.873715
#IT Ite:70 KerTime:0.127613 AccTime:9.001328
#IT Ite:71 KerTime:0.124949 AccTime:9.126277
#IT Ite:72 KerTime:0.126579 AccTime:9.252856
#IT Ite:73 KerTime:0.125596 AccTime:9.378452
#IT Ite:74 KerTime:0.129156 AccTime:9.507608
#IT Ite:75 KerTime:0.127731 AccTime:9.635339
#IT Ite:76 KerTime:0.128095 AccTime:9.763434
#IT Ite:77 KerTime:0.126965 AccTime:9.890399
#IT Ite:78 KerTime:0.127011 AccTime:10.017410
#IT Ite:79 KerTime:0.128254 AccTime:10.145664
#IT Ite:80 KerTime:0.125611 AccTime:10.271275
#IT Ite:81 KerTime:0.131182 AccTime:10.402457
#IT Ite:82 KerTime:0.129781 AccTime:10.532238
#IT Ite:83 KerTime:0.125974 AccTime:10.658212
#IT Ite:84 KerTime:0.125603 AccTime:10.783815
#IT Ite:85 KerTime:0.126659 AccTime:10.910474
#IT Ite:86 KerTime:0.129451 AccTime:11.039925
#IT Ite:87 KerTime:0.127025 AccTime:11.166950
#IT Ite:88 KerTime:0.127156 AccTime:11.294106
#IT Ite:89 KerTime:0.126338 AccTime:11.420444
#IT Ite:90 KerTime:0.127692 AccTime:11.548136
#IT Ite:91 KerTime:0.126642 AccTime:11.674778
#IT Ite:92 KerTime:0.129234 AccTime:11.804012
#IT Ite:93 KerTime:0.127822 AccTime:11.931834
#IT Ite:94 KerTime:0.129945 AccTime:12.061779
#IT Ite:95 KerTime:0.126067 AccTime:12.187846
#IT Ite:96 KerTime:0.128654 AccTime:12.316500
#IT Ite:97 KerTime:0.124666 AccTime:12.441166
#IT Ite:98 KerTime:0.126357 AccTime:12.567523
#IT Ite:99 KerTime:0.127799 AccTime:12.695322
#IT Ite:100 KerTime:0.127478 AccTime:12.822800
#IT Ite:101 KerTime:0.127721 AccTime:12.950521
#IT Ite:102 KerTime:0.126427 AccTime:13.076948
#IT Ite:103 KerTime:0.124473 AccTime:13.201421
#IT Ite:104 KerTime:0.127808 AccTime:13.329229
#IT Ite:105 KerTime:0.127736 AccTime:13.456965
#IT Ite:106 KerTime:0.132527 AccTime:13.589492
#IT Ite:107 KerTime:0.124972 AccTime:13.714464
#IT Ite:108 KerTime:0.132151 AccTime:13.846615
#IT Ite:109 KerTime:0.127374 AccTime:13.973989
#IT Ite:110 KerTime:0.124923 AccTime:14.098912
#IT Ite:111 KerTime:0.125140 AccTime:14.224052
#IT Ite:112 KerTime:0.127366 AccTime:14.351418
#IT Ite:113 KerTime:0.128345 AccTime:14.479763
#IT Ite:114 KerTime:0.128362 AccTime:14.608125
#IT Ite:115 KerTime:0.126314 AccTime:14.734439
#IT Ite:116 KerTime:0.126652 AccTime:14.861091
#IT Ite:117 KerTime:0.127369 AccTime:14.988460
#IT Ite:118 KerTime:0.128249 AccTime:15.116709
#IT Ite:119 KerTime:0.129491 AccTime:15.246200
#IT Ite:120 KerTime:0.126114 AccTime:15.372314
#IT Ite:121 KerTime:0.127032 AccTime:15.499346
#IT Ite:122 KerTime:0.126448 AccTime:15.625794
#IT Ite:123 KerTime:0.125794 AccTime:15.751588
#IT Ite:124 KerTime:0.126400 AccTime:15.877988
#IT Ite:125 KerTime:0.129566 AccTime:16.007554
#IT Ite:126 KerTime:0.128248 AccTime:16.135802
#IT Ite:127 KerTime:0.127145 AccTime:16.262947
#IT Ite:128 KerTime:0.127654 AccTime:16.390601
#IT Ite:129 KerTime:0.128449 AccTime:16.519050
#IT Ite:130 KerTime:0.128221 AccTime:16.647271
#IT Ite:131 KerTime:0.125204 AccTime:16.772475
#IT Ite:132 KerTime:0.126621 AccTime:16.899096
#IT Ite:133 KerTime:0.126466 AccTime:17.025562
#IT Ite:134 KerTime:0.126449 AccTime:17.152011
#IT Ite:135 KerTime:0.128662 AccTime:17.280673
#IT Ite:136 KerTime:0.126094 AccTime:17.406767
#IT Ite:137 KerTime:0.127229 AccTime:17.533996
#IT Ite:138 KerTime:0.125997 AccTime:17.659993
#IT Ite:139 KerTime:0.125394 AccTime:17.785387
#IT Ite:140 KerTime:0.124850 AccTime:17.910237
#IT Ite:141 KerTime:0.126412 AccTime:18.036649
#IT Ite:142 KerTime:0.129664 AccTime:18.166313
#IT Ite:143 KerTime:0.127365 AccTime:18.293678
#IT Ite:144 KerTime:0.128609 AccTime:18.422287
#IT Ite:145 KerTime:0.126083 AccTime:18.548370
#IT Ite:146 KerTime:0.127359 AccTime:18.675729
#IT Ite:147 KerTime:0.130322 AccTime:18.806051
#IT Ite:148 KerTime:0.126051 AccTime:18.932102
#IT Ite:149 KerTime:0.130022 AccTime:19.062124
#IT Ite:150 KerTime:0.126999 AccTime:19.189123
#IT Ite:151 KerTime:0.125346 AccTime:19.314469
#IT Ite:152 KerTime:0.125096 AccTime:19.439565
#IT Ite:153 KerTime:0.125905 AccTime:19.565470
#IT Ite:154 KerTime:0.125775 AccTime:19.691245
#IT Ite:155 KerTime:0.126428 AccTime:19.817673
#IT Ite:156 KerTime:0.128643 AccTime:19.946316
#IT Ite:157 KerTime:0.126861 AccTime:20.073177
#IT Ite:158 KerTime:0.127683 AccTime:20.200860
#IT Ite:159 KerTime:0.126476 AccTime:20.327336
#IT Ite:160 KerTime:0.125996 AccTime:20.453332
#IT Ite:161 KerTime:0.128188 AccTime:20.581520
#IT Ite:162 KerTime:0.129509 AccTime:20.711029
#ERR img_name: /home/carol/radiation-benchmarks/data/CALTECH_CRITICAL/set08/V009/1394.jpg class: sheep box: [1] x1_e: 552.030883789 x1_r: 552.031066895 y1_e: 120.420547485 y1_r: 120.428062439 x2_e: 626.317138672 x2_r: 626.326965332 y2_e: 213.122451782 y2_r: 213.111968994 
#ERR img_name: /home/carol/radiation-benchmarks/data/CALTECH_CRITICAL/set08/V009/1394.jpg class: sheep box: [2] x1_e: 528.017883301 x1_r: 528.013183594 y1_e: 36.7692489624 y1_r: 36.775100708 x2_e: 566.622375488 x2_r: 566.612060547 y2_e: 123.20337677 y2_r: 123.174102783 
#ERR img_name: /home/carol/radiation-benchmarks/data/CALTECH_CRITICAL/set08/V009/1394.jpg class: sheep box: [14] x1_e: 490.520172119 x1_r: 490.5206604 y1_e: 63.6309890747 y1_r: 63.6347961426 x2_e: 525.277099609 x2_r: 525.273864746 y2_e: 174.082794189 y2_r: 174.071777344 
#ERR img_name: /home/carol/radiation-benchmarks/data/CALTECH_CRITICAL/set08/V009/1394.jpg class: sheep box: [19] x1_e: 509.046325684 x1_r: 509.049377441 y1_e: 39.508190155 y1_r: 39.522808075 x2_e: 536.484680176 x2_r: 536.484436035 y2_e: 162.013259888 y2_r: 161.970825195 
#ERR img_name: /home/carol/radiation-benchmarks/data/CALTECH_CRITICAL/set08/V009/1394.jpg class: sheep box: [28] x1_e: 486.953765869 x1_r: 486.947875977 y1_e: 166.372039795 y1_r: 166.37550354 x2_e: 634.260742188 x2_r: 634.26171875 y2_e: 452.589080811 y2_r: 452.589050293 
#ERR img_name: /home/carol/radiation-benchmarks/data/CALTECH_CRITICAL/set08/V009/1394.jpg class: sheep box: [30] x1_e: 513.404968262 x1_r: 513.398620605 y1_e: 72.8554000854 y1_r: 72.8705444336 x2_e: 624.901550293 x2_r: 624.901184082 y2_e: 291.929382324 y2_r: 291.928710938 
#ERR img_name: /home/carol/radiation-benchmarks/data/CALTECH_CRITICAL/set08/V009/1394.jpg class: sheep box: [31] x1_e: 540.156982422 x1_r: 540.155700684 y1_e: 103.159378052 y1_r: 103.225067139 x2_e: 569.645751953 x2_r: 569.625671387 y2_e: 156.970718384 y2_r: 156.943511963 
#ERR img_name: /home/carol/radiation-benchmarks/data/CALTECH_CRITICAL/set08/V009/1394.jpg class: sheep box: [39] x1_e: 519.389282227 x1_r: 519.375427246 y1_e: 117.81867981 y1_r: 117.846176147 x2_e: 542.038452148 x2_r: 542.026916504 y2_e: 194.71232605 y2_r: 194.718612671 
#ERR img_name: /home/carol/radiation-benchmarks/data/CALTECH_CRITICAL/set08/V009/1394.jpg class: sheep box: [43] x1_e: 371.231323242 x1_r: 371.230072021 y1_e: 42.6217956543 y1_r: 42.6241455078 x2_e: 592.815612793 x2_r: 592.812988281 y2_e: 246.19442749 y2_r: 246.203552246 
#ERR img_name: /home/carol/radiation-benchmarks/data/CALTECH_CRITICAL/set08/V009/1394.jpg class: sheep box: [46] x1_e: 325.452758789 x1_r: 325.451293945 y1_e: 134.862060547 y1_r: 134.867431641 x2_e: 540.87109375 x2_r: 540.873168945 y2_e: 352.407104492 y2_r: 352.404968262 
#ERR exception: error_network_exection error_info:['Traceback (most recent call last):\n', '  File "/home/carol/radiation-benchmarks/src/cuda/py-faster-rcnn/tools/py_faster_rcnn.py", line 477, in <module>\n    error_count = compare(gold_file[im_name], ret, im_name)\n', '  File "/home/carol/radiation-benchmarks/src/cuda/py-faster-rcnn/tools/py_faster_rcnn.py", line 354, in compare\n    error_count += compare_scores(scrListGold, scrListCurr, i, tempImgName)\n', '  File "/home/carol/radiation-benchmarks/src/cuda/py-faster-rcnn/tools/py_faster_rcnn.py", line 305, in compare_scores\n    lh.log_error_detail("img_name: " + str(img_name) + " class: " + str(cls) + "wrong_score_size: " + scrDiff)\n', "TypeError: cannot concatenate 'str' and 'int' objects\n"] XX Inappropriate argument type. XX cannot concatenate 'str' and 'int' objects
#END