#HEADER iterations: 1000 img_list: /home/carol/radiation-benchmarks/data/networks_img_list/voc.2012.1K.txt board: K40
#BEGIN Y:2016 M:12 D:14 Time:14:26:08
#IT Ite:0 KerTime:0.124203 AccTime:0.124203
#IT Ite:1 KerTime:0.109118 AccTime:0.233321
#IT Ite:2 KerTime:0.117984 AccTime:0.351305
#IT Ite:3 KerTime:0.118009 AccTime:0.469314
#IT Ite:4 KerTime:0.116622 AccTime:0.585936
#IT Ite:5 KerTime:0.117655 AccTime:0.703591
#IT Ite:6 KerTime:0.117847 AccTime:0.821438
#IT Ite:7 KerTime:0.117153 AccTime:0.938591
#IT Ite:8 KerTime:0.118203 AccTime:1.056794
#IT Ite:9 KerTime:0.127096 AccTime:1.183890
#IT Ite:10 KerTime:0.118870 AccTime:1.302760
#IT Ite:11 KerTime:0.116884 AccTime:1.419644
#IT Ite:12 KerTime:0.126110 AccTime:1.545754
#IT Ite:13 KerTime:0.113919 AccTime:1.659673
#IT Ite:14 KerTime:0.119207 AccTime:1.778880
#IT Ite:15 KerTime:0.109788 AccTime:1.888668
#IT Ite:16 KerTime:0.122835 AccTime:2.011503
#IT Ite:17 KerTime:0.117480 AccTime:2.128983
#IT Ite:18 KerTime:0.133974 AccTime:2.262957
#IT Ite:19 KerTime:0.119809 AccTime:2.382766
#IT Ite:20 KerTime:0.119945 AccTime:2.502711
#IT Ite:21 KerTime:0.121324 AccTime:2.624035
#IT Ite:22 KerTime:0.126976 AccTime:2.751011
#IT Ite:23 KerTime:0.110458 AccTime:2.861469
#IT Ite:24 KerTime:0.100662 AccTime:2.962131
#IT Ite:25 KerTime:0.116766 AccTime:3.078897
#IT Ite:26 KerTime:0.120578 AccTime:3.199475
#IT Ite:27 KerTime:0.128363 AccTime:3.327838
#IT Ite:28 KerTime:0.116755 AccTime:3.444593
#IT Ite:29 KerTime:0.126248 AccTime:3.570841
#IT Ite:30 KerTime:0.123908 AccTime:3.694749
#IT Ite:31 KerTime:0.109238 AccTime:3.803987
#IT Ite:32 KerTime:0.123214 AccTime:3.927201
#IT Ite:33 KerTime:0.114917 AccTime:4.042118
#IT Ite:34 KerTime:0.119755 AccTime:4.161873
#IT Ite:35 KerTime:0.117144 AccTime:4.279017
#IT Ite:36 KerTime:0.116475 AccTime:4.395492
#IT Ite:37 KerTime:0.117675 AccTime:4.513167
#IT Ite:38 KerTime:0.103266 AccTime:4.616433
#IT Ite:39 KerTime:0.113034 AccTime:4.729467
#IT Ite:40 KerTime:0.121147 AccTime:4.850614
#IT Ite:41 KerTime:0.112097 AccTime:4.962711
#IT Ite:42 KerTime:0.107180 AccTime:5.069891
#IT Ite:43 KerTime:0.117474 AccTime:5.187365
#IT Ite:44 KerTime:0.119084 AccTime:5.306449
#IT Ite:45 KerTime:0.121259 AccTime:5.427708
#IT Ite:46 KerTime:0.111718 AccTime:5.539426
#IT Ite:47 KerTime:0.120450 AccTime:5.659876
#IT Ite:48 KerTime:0.111324 AccTime:5.771200
#IT Ite:49 KerTime:0.118711 AccTime:5.889911
#IT Ite:50 KerTime:0.117480 AccTime:6.007391
#ERR img_name: /home/carol/radiation-benchmarks/data/VOC2012/2012_001783.jpg class: sofa box: [8] x1_e: 76.9715652466 x1_r: 76.966293335 y1_e: 163.038085938 y1_r: 163.035263062 x2_e: 127.956260681 x2_r: 127.957672119 y2_e: 207.016052246 y2_r: 207.01512146 
#ERR img_name: /home/carol/radiation-benchmarks/data/VOC2012/2012_001783.jpg class: aeroplane box: [12] x1_e: 76.1023635864 x1_r: 76.0973358154 y1_e: 162.79888916 y1_r: 162.796020508 x2_e: 129.205886841 x2_r: 129.207244873 y2_e: 206.276031494 y2_r: 206.274993896 
#ERR img_name: /home/carol/radiation-benchmarks/data/VOC2012/2012_001783.jpg class: train box: [4] x1_e: 75.5146789551 x1_r: 75.5094299316 y1_e: 161.220718384 y1_r: 161.217819214 x2_e: 129.264480591 x2_r: 129.265914917 y2_e: 205.143844604 y2_r: 205.142868042 
#ERR img_name: /home/carol/radiation-benchmarks/data/VOC2012/2012_001783.jpg class: bottle box: [42] x1_e: 79.6662521362 x1_r: 79.6655273438 y1_e: 156.74772644 y1_r: 156.741912842 x2_e: 109.088249207 x2_r: 109.087966919 y2_e: 188.855819702 y2_r: 188.854980469 
#ERR img_name: /home/carol/radiation-benchmarks/data/VOC2012/2012_001783.jpg class: chair box: [34] x1_e: 75.5855484009 x1_r: 75.5848388672 y1_e: 160.856399536 y1_r: 160.850830078 x2_e: 114.142845154 x2_r: 114.142471313 y2_e: 190.856735229 y2_r: 190.855895996 
#ERR img_name: /home/carol/radiation-benchmarks/data/VOC2012/2012_001783.jpg class: boat box: [15] x1_e: 18.8982543945 x1_r: 18.8983383179 y1_e: 42.7203445435 y1_r: 42.7243270874 x2_e: 174.331893921 x2_r: 174.33001709 y2_e: 230.301361084 y2_r: 230.296051025 
#ERR img_name: /home/carol/radiation-benchmarks/data/VOC2012/2012_001783.jpg class: boat box: [16] x1_e: 76.0931777954 x1_r: 76.0879974365 y1_e: 159.348983765 y1_r: 159.345901489 x2_e: 129.370285034 x2_r: 129.371856689 y2_e: 209.303512573 y2_r: 209.302627563 
#ERR img_name: /home/carol/radiation-benchmarks/data/VOC2012/2012_001783.jpg class: car box: [26] x1_e: 0.0 x1_r: 0.0 y1_e: 135.149002075 y1_r: 135.150970459 x2_e: 296.843048096 x2_r: 296.837646484 y2_e: 258.381103516 y2_r: 258.378265381 
#SDC Ite:50 KerTime:0.117480 AccTime:6.007391 KerErr:8 AccErr:8
#IT Ite:51 KerTime:0.119583 AccTime:6.126974
#IT Ite:52 KerTime:0.121728 AccTime:6.248702
#ERR img_name: /home/carol/radiation-benchmarks/data/VOC2012/2010_005347.jpg class: horse box: [2] x1_e: 226.562850952 x1_r: 224.554046631 y1_e: 2.97393035889 y1_r: 0.0 x2_e: 281.538757324 x2_r: 283.063690186 y2_e: 77.6834030151 y2_r: 84.3185882568 
#ERR img_name: /home/carol/radiation-benchmarks/data/VOC2012/2010_005347.jpg class: bicycle box: [6] x1_e: 226.787902832 x1_r: 224.793487549 y1_e: 8.38397598267 y1_r: 5.23213195801 x2_e: 280.339874268 x2_r: 281.787811279 y2_e: 72.7993011475 y2_r: 78.7447052002 
#ERR img_name: /home/carol/radiation-benchmarks/data/VOC2012/2010_005347.jpg class: person box: [2] x1_e: 229.436782837 x1_r: 227.612213135 y1_e: 4.25689315796 y1_r: 0.522369384766 x2_e: 278.673950195 x2_r: 280.015045166 y2_e: 76.172454834 y2_r: 82.5942077637 
#ERR img_name: /home/carol/radiation-benchmarks/data/VOC2012/2010_005347.jpg class: bus box: [2] x1_e: 224.261505127 x1_r: 222.104736328 y1_e: 1.27142333984 y1_r: 0.0 x2_e: 283.262359619 x2_r: 284.898101807 y2_e: 73.8643875122 y2_r: 79.9603118896 
#ERR img_name: /home/carol/radiation-benchmarks/data/VOC2012/2010_005347.jpg class: pottedplant box: [2] x1_e: 229.12286377 x1_r: 227.278381348 y1_e: 3.77996063232 y1_r: 0.0 x2_e: 278.893280029 x2_r: 280.248321533 y2_e: 79.2656097412 y2_r: 86.1246032715 
#ERR img_name: /home/carol/radiation-benchmarks/data/VOC2012/2010_005347.jpg class: boat box: [2] x1_e: 226.793426514 x1_r: 224.799530029 y1_e: 3.84931564331 y1_r: 0.0573883056641 x2_e: 281.080718994 x2_r: 282.576171875 y2_e: 77.9032897949 y2_r: 84.5695266724 
#ERR img_name: /home/carol/radiation-benchmarks/data/VOC2012/2010_005347.jpg class: car box: [1] x1_e: 223.869979858 x1_r: 221.687942505 y1_e: 4.60423660278 y1_r: 0.918838500977 x2_e: 282.999816895 x2_r: 284.618713379 y2_e: 74.808380127 y2_r: 81.0376968384 
#SDC Ite:52 KerTime:0.121728 AccTime:6.248702 KerErr:7 AccErr:15
#IT Ite:53 KerTime:0.119219 AccTime:6.367921
#ERR img_name: /home/carol/radiation-benchmarks/data/VOC2012/2012_001168.jpg class: dog box: [27] x1_e: 244.778884888 x1_r: 237.565338135 y1_e: 30.8618450165 y1_r: 26.6015548706 x2_e: 263.760101318 x2_r: 257.396240234 y2_e: 69.7784805298 y2_r: 67.0642471313 
#SDC Ite:53 KerTime:0.119219 AccTime:6.367921 KerErr:1 AccErr:16
#IT Ite:54 KerTime:0.117510 AccTime:6.485431
#IT Ite:55 KerTime:0.117147 AccTime:6.602578
#IT Ite:56 KerTime:0.116447 AccTime:6.719025
#IT Ite:57 KerTime:0.116819 AccTime:6.835844
#IT Ite:58 KerTime:0.117033 AccTime:6.952877
#IT Ite:59 KerTime:0.117199 AccTime:7.070076
#IT Ite:60 KerTime:0.119134 AccTime:7.189210
#ERR img_name: /home/carol/radiation-benchmarks/data/VOC2012/2011_003147.jpg class: sheep box: [32] x1_e: 344.54107666 x1_r: 344.539489746 y1_e: 38.1370506287 y1_r: 38.1361312866 x2_e: 434.079956055 x2_r: 434.082580566 y2_e: 116.14050293 y2_r: 116.1457901 
#ERR img_name: /home/carol/radiation-benchmarks/data/VOC2012/2011_003147.jpg class: motorbike box: [29] x1_e: 337.029876709 x1_r: 337.027954102 y1_e: 35.8811683655 y1_r: 35.8801269531 x2_e: 440.903900146 x2_r: 440.906860352 y2_e: 123.698410034 y2_r: 123.704498291 
#ERR exception: error_network_exection error_info:['Traceback (most recent call last):\n', '  File "/home/carol/radiation-benchmarks/src/cuda/py-faster-rcnn/tools/py_faster_rcnn.py", line 477, in <module>\n    error_count = compare(gold_file[im_name], ret, im_name)\n', '  File "/home/carol/radiation-benchmarks/src/cuda/py-faster-rcnn/tools/py_faster_rcnn.py", line 354, in compare\n    error_count += compare_scores(scrListGold, scrListCurr, i, tempImgName)\n', '  File "/home/carol/radiation-benchmarks/src/cuda/py-faster-rcnn/tools/py_faster_rcnn.py", line 305, in compare_scores\n    lh.log_error_detail("img_name: " + str(img_name) + " class: " + str(cls) + "wrong_score_size: " + scrDiff)\n', "TypeError: cannot concatenate 'str' and 'int' objects\n"] XX Inappropriate argument type. XX cannot concatenate 'str' and 'int' objects
#END