#HEADER iterations: 1000 img_list: /home/carol/radiation-benchmarks/data/networks_img_list/voc.2012.1K.txt board: K40
#BEGIN Y:2016 M:12 D:14 Time:17:16:45
#IT Ite:0 KerTime:0.119048 AccTime:0.119048
#IT Ite:1 KerTime:0.109446 AccTime:0.228494
#IT Ite:2 KerTime:0.123653 AccTime:0.352147
#IT Ite:3 KerTime:0.119643 AccTime:0.471790
#IT Ite:4 KerTime:0.118195 AccTime:0.589985
#IT Ite:5 KerTime:0.118303 AccTime:0.708288
#IT Ite:6 KerTime:0.117998 AccTime:0.826286
#IT Ite:7 KerTime:0.118004 AccTime:0.944290
#IT Ite:8 KerTime:0.117993 AccTime:1.062283
#IT Ite:9 KerTime:0.125048 AccTime:1.187331
#IT Ite:10 KerTime:0.117709 AccTime:1.305040
#IT Ite:11 KerTime:0.116306 AccTime:1.421346
#IT Ite:12 KerTime:0.130494 AccTime:1.551840
#IT Ite:13 KerTime:0.118684 AccTime:1.670524
#IT Ite:14 KerTime:0.116717 AccTime:1.787241
#IT Ite:15 KerTime:0.111130 AccTime:1.898371
#IT Ite:16 KerTime:0.117734 AccTime:2.016105
#IT Ite:17 KerTime:0.118217 AccTime:2.134322
#IT Ite:18 KerTime:0.134590 AccTime:2.268912
#IT Ite:19 KerTime:0.119146 AccTime:2.388058
#IT Ite:20 KerTime:0.119334 AccTime:2.507392
#IT Ite:21 KerTime:0.121075 AccTime:2.628467
#IT Ite:22 KerTime:0.125738 AccTime:2.754205
#IT Ite:23 KerTime:0.108851 AccTime:2.863056
#IT Ite:24 KerTime:0.099476 AccTime:2.962532
#IT Ite:25 KerTime:0.120894 AccTime:3.083426
#IT Ite:26 KerTime:0.117006 AccTime:3.200432
#IT Ite:27 KerTime:0.126510 AccTime:3.326942
#IT Ite:28 KerTime:0.117262 AccTime:3.444204
#IT Ite:29 KerTime:0.127002 AccTime:3.571206
#IT Ite:30 KerTime:0.124641 AccTime:3.695847
#IT Ite:31 KerTime:0.110637 AccTime:3.806484
#IT Ite:32 KerTime:0.121133 AccTime:3.927617
#IT Ite:33 KerTime:0.112616 AccTime:4.040233
#IT Ite:34 KerTime:0.117958 AccTime:4.158191
#IT Ite:35 KerTime:0.116508 AccTime:4.274699
#IT Ite:36 KerTime:0.118487 AccTime:4.393186
#IT Ite:37 KerTime:0.119447 AccTime:4.512633
#IT Ite:38 KerTime:0.102697 AccTime:4.615330
#IT Ite:39 KerTime:0.111871 AccTime:4.727201
#IT Ite:40 KerTime:0.122577 AccTime:4.849778
#IT Ite:41 KerTime:0.113751 AccTime:4.963529
#IT Ite:42 KerTime:0.111029 AccTime:5.074558
#IT Ite:43 KerTime:0.116970 AccTime:5.191528
#IT Ite:44 KerTime:0.119393 AccTime:5.310921
#IT Ite:45 KerTime:0.120348 AccTime:5.431269
#IT Ite:46 KerTime:0.110484 AccTime:5.541753
#IT Ite:47 KerTime:0.119211 AccTime:5.660964
#IT Ite:48 KerTime:0.112907 AccTime:5.773871
#IT Ite:49 KerTime:0.120719 AccTime:5.894590
#IT Ite:50 KerTime:0.119917 AccTime:6.014507
#IT Ite:51 KerTime:0.120214 AccTime:6.134721
#IT Ite:52 KerTime:0.119232 AccTime:6.253953
#IT Ite:53 KerTime:0.117285 AccTime:6.371238
#IT Ite:54 KerTime:0.116798 AccTime:6.488036
#IT Ite:55 KerTime:0.116849 AccTime:6.604885
#IT Ite:56 KerTime:0.116125 AccTime:6.721010
#IT Ite:57 KerTime:0.123173 AccTime:6.844183
#IT Ite:58 KerTime:0.117377 AccTime:6.961560
#IT Ite:59 KerTime:0.116823 AccTime:7.078383
#IT Ite:60 KerTime:0.118208 AccTime:7.196591
#IT Ite:61 KerTime:0.117763 AccTime:7.314354
#IT Ite:62 KerTime:0.125553 AccTime:7.439907
#IT Ite:63 KerTime:0.123760 AccTime:7.563667
#IT Ite:64 KerTime:0.119735 AccTime:7.683402
#IT Ite:65 KerTime:0.124548 AccTime:7.807950
#IT Ite:66 KerTime:0.124089 AccTime:7.932039
#IT Ite:67 KerTime:0.116811 AccTime:8.048850
#IT Ite:68 KerTime:0.111634 AccTime:8.160484
#IT Ite:69 KerTime:0.121672 AccTime:8.282156
#IT Ite:70 KerTime:0.111363 AccTime:8.393519
#IT Ite:71 KerTime:0.109017 AccTime:8.502536
#IT Ite:72 KerTime:0.120733 AccTime:8.623269
#IT Ite:73 KerTime:0.131343 AccTime:8.754612
#IT Ite:74 KerTime:0.121869 AccTime:8.876481
#IT Ite:75 KerTime:0.119475 AccTime:8.995956
#IT Ite:76 KerTime:0.118661 AccTime:9.114617
#IT Ite:77 KerTime:0.115564 AccTime:9.230181
#IT Ite:78 KerTime:0.124272 AccTime:9.354453
#IT Ite:79 KerTime:0.116563 AccTime:9.471016
#IT Ite:80 KerTime:0.110798 AccTime:9.581814
#IT Ite:81 KerTime:0.127028 AccTime:9.708842
#IT Ite:82 KerTime:0.117492 AccTime:9.826334
#IT Ite:83 KerTime:0.126538 AccTime:9.952872
#IT Ite:84 KerTime:0.111613 AccTime:10.064485
#IT Ite:85 KerTime:0.119829 AccTime:10.184314
#IT Ite:86 KerTime:0.111787 AccTime:10.296101
#IT Ite:87 KerTime:0.130380 AccTime:10.426481
#IT Ite:88 KerTime:0.119635 AccTime:10.546116
#IT Ite:89 KerTime:0.126659 AccTime:10.672775
#IT Ite:90 KerTime:0.122893 AccTime:10.795668
#IT Ite:91 KerTime:0.126616 AccTime:10.922284
#IT Ite:92 KerTime:0.117152 AccTime:11.039436
#IT Ite:93 KerTime:0.123934 AccTime:11.163370
#IT Ite:94 KerTime:0.109843 AccTime:11.273213
#IT Ite:95 KerTime:0.119335 AccTime:11.392548
#IT Ite:96 KerTime:0.111678 AccTime:11.504226
#IT Ite:97 KerTime:0.123108 AccTime:11.627334
#IT Ite:98 KerTime:0.112959 AccTime:11.740293
#IT Ite:99 KerTime:0.118429 AccTime:11.858722
#IT Ite:100 KerTime:0.119190 AccTime:11.977912
#IT Ite:101 KerTime:0.118146 AccTime:12.096058
#IT Ite:102 KerTime:0.112033 AccTime:12.208091
#IT Ite:103 KerTime:0.117561 AccTime:12.325652
#IT Ite:104 KerTime:0.120127 AccTime:12.445779
#IT Ite:105 KerTime:0.111671 AccTime:12.557450
#IT Ite:106 KerTime:0.119468 AccTime:12.676918
#IT Ite:107 KerTime:0.125454 AccTime:12.802372
#IT Ite:108 KerTime:0.119031 AccTime:12.921403
#IT Ite:109 KerTime:0.126037 AccTime:13.047440
#IT Ite:110 KerTime:0.121552 AccTime:13.168992
#IT Ite:111 KerTime:0.112614 AccTime:13.281606
#IT Ite:112 KerTime:0.105025 AccTime:13.386631
#IT Ite:113 KerTime:0.110272 AccTime:13.496903
#IT Ite:114 KerTime:0.120522 AccTime:13.617425
#IT Ite:115 KerTime:0.107390 AccTime:13.724815
#IT Ite:116 KerTime:0.118422 AccTime:13.843237
#IT Ite:117 KerTime:0.120460 AccTime:13.963697
#IT Ite:118 KerTime:0.119200 AccTime:14.082897
#IT Ite:119 KerTime:0.117344 AccTime:14.200241
#IT Ite:120 KerTime:0.124238 AccTime:14.324479
#IT Ite:121 KerTime:0.117352 AccTime:14.441831
#IT Ite:122 KerTime:0.116358 AccTime:14.558189
#IT Ite:123 KerTime:0.116535 AccTime:14.674724
#IT Ite:124 KerTime:0.111896 AccTime:14.786620
#IT Ite:125 KerTime:0.119702 AccTime:14.906322
#IT Ite:126 KerTime:0.116990 AccTime:15.023312
#ERR exception: error_network_exection error_info:['Traceback (most recent call last):\n', '  File "/home/carol/radiation-benchmarks/src/cuda/py-faster-rcnn/tools/py_faster_rcnn.py", line 477, in <module>\n    error_count = compare(gold_file[im_name], ret, im_name)\n', '  File "/home/carol/radiation-benchmarks/src/cuda/py-faster-rcnn/tools/py_faster_rcnn.py", line 354, in compare\n    error_count += compare_scores(scrListGold, scrListCurr, i, tempImgName)\n', '  File "/home/carol/radiation-benchmarks/src/cuda/py-faster-rcnn/tools/py_faster_rcnn.py", line 305, in compare_scores\n    lh.log_error_detail("img_name: " + str(img_name) + " class: " + str(cls) + "wrong_score_size: " + scrDiff)\n', "TypeError: cannot concatenate 'str' and 'int' objects\n"] XX Inappropriate argument type. XX cannot concatenate 'str' and 'int' objects
#END