#HEADER size:1024
#BEGIN Y:2016 M:12 D:13 Time:20:20:48
#IT Ite:0 KerTime:0.131868 AccTime:0.131868
#IT Ite:1 KerTime:0.125174 AccTime:0.257042
#IT Ite:2 KerTime:0.115454 AccTime:0.372496
#IT Ite:3 KerTime:0.112497 AccTime:0.484993
#IT Ite:4 KerTime:0.112165 AccTime:0.597158
#IT Ite:5 KerTime:0.112161 AccTime:0.709319
#IT Ite:6 KerTime:0.112172 AccTime:0.821491
#IT Ite:7 KerTime:0.112205 AccTime:0.933696
#IT Ite:8 KerTime:0.112139 AccTime:1.045835
#IT Ite:9 KerTime:0.112133 AccTime:1.157968
#IT Ite:10 KerTime:0.112170 AccTime:1.270138
#IT Ite:11 KerTime:0.112231 AccTime:1.382369
#IT Ite:12 KerTime:0.112153 AccTime:1.494522
#IT Ite:13 KerTime:0.112205 AccTime:1.606727
#IT Ite:14 KerTime:0.112234 AccTime:1.718961
#IT Ite:15 KerTime:0.112139 AccTime:1.831100
#IT Ite:16 KerTime:0.112157 AccTime:1.943257
#IT Ite:17 KerTime:0.112135 AccTime:2.055392
#IT Ite:18 KerTime:0.112136 AccTime:2.167528
#IT Ite:19 KerTime:0.112147 AccTime:2.279675
#IT Ite:20 KerTime:0.112132 AccTime:2.391807
#IT Ite:21 KerTime:0.112134 AccTime:2.503941
#IT Ite:22 KerTime:0.112114 AccTime:2.616055
#IT Ite:23 KerTime:0.112177 AccTime:2.728232
#IT Ite:24 KerTime:0.112237 AccTime:2.840469
#IT Ite:25 KerTime:0.112126 AccTime:2.952595
#IT Ite:26 KerTime:0.112149 AccTime:3.064744
#IT Ite:27 KerTime:0.112181 AccTime:3.176925
#IT Ite:28 KerTime:0.112180 AccTime:3.289105
#IT Ite:29 KerTime:0.112205 AccTime:3.401310
#IT Ite:30 KerTime:0.112215 AccTime:3.513525
#IT Ite:31 KerTime:0.112162 AccTime:3.625687
#IT Ite:32 KerTime:0.112198 AccTime:3.737885
#IT Ite:33 KerTime:0.112213 AccTime:3.850098
#IT Ite:34 KerTime:0.112179 AccTime:3.962277
#IT Ite:35 KerTime:0.112185 AccTime:4.074462
#IT Ite:36 KerTime:0.112088 AccTime:4.186550
#IT Ite:37 KerTime:0.112167 AccTime:4.298717
#IT Ite:38 KerTime:0.112183 AccTime:4.410900
#IT Ite:39 KerTime:0.112196 AccTime:4.523096
#IT Ite:40 KerTime:0.112189 AccTime:4.635285
#IT Ite:41 KerTime:0.112246 AccTime:4.747531
#IT Ite:42 KerTime:0.112245 AccTime:4.859776
#IT Ite:43 KerTime:0.112230 AccTime:4.972006
#IT Ite:44 KerTime:0.112233 AccTime:5.084239
#IT Ite:45 KerTime:0.112192 AccTime:5.196431
#IT Ite:46 KerTime:0.112205 AccTime:5.308636
#IT Ite:47 KerTime:0.112230 AccTime:5.420866
#IT Ite:48 KerTime:0.112175 AccTime:5.533041
#IT Ite:49 KerTime:0.112255 AccTime:5.645296
#IT Ite:50 KerTime:0.112184 AccTime:5.757480
#IT Ite:51 KerTime:0.112160 AccTime:5.869640
#IT Ite:52 KerTime:0.112189 AccTime:5.981829
#IT Ite:53 KerTime:0.112162 AccTime:6.093991
#IT Ite:54 KerTime:0.112127 AccTime:6.206118
#IT Ite:55 KerTime:0.112236 AccTime:6.318354
#IT Ite:56 KerTime:0.112201 AccTime:6.430555
#IT Ite:57 KerTime:0.112104 AccTime:6.542659
#IT Ite:58 KerTime:0.112223 AccTime:6.654882
#IT Ite:59 KerTime:0.112143 AccTime:6.767025
#IT Ite:60 KerTime:0.112068 AccTime:6.879093
#IT Ite:61 KerTime:0.112126 AccTime:6.991219
#IT Ite:62 KerTime:0.112153 AccTime:7.103372
#IT Ite:63 KerTime:0.112202 AccTime:7.215574
#IT Ite:64 KerTime:0.112186 AccTime:7.327760
#IT Ite:65 KerTime:0.112226 AccTime:7.439986
#IT Ite:66 KerTime:0.112202 AccTime:7.552188
#IT Ite:67 KerTime:0.112162 AccTime:7.664350
#IT Ite:68 KerTime:0.112198 AccTime:7.776548
#IT Ite:69 KerTime:0.112184 AccTime:7.888732
#IT Ite:70 KerTime:0.112253 AccTime:8.000985
#IT Ite:71 KerTime:0.112614 AccTime:8.113599
#IT Ite:72 KerTime:0.112211 AccTime:8.225810
#IT Ite:73 KerTime:0.112191 AccTime:8.338001
#IT Ite:74 KerTime:0.112217 AccTime:8.450218
#IT Ite:75 KerTime:0.112160 AccTime:8.562378
#IT Ite:76 KerTime:0.112131 AccTime:8.674509
#IT Ite:77 KerTime:0.112183 AccTime:8.786692
#IT Ite:78 KerTime:0.112089 AccTime:8.898781
#IT Ite:79 KerTime:0.112203 AccTime:9.010984
#IT Ite:80 KerTime:0.112185 AccTime:9.123169
#IT Ite:81 KerTime:0.112188 AccTime:9.235357
#IT Ite:82 KerTime:0.112186 AccTime:9.347543
#IT Ite:83 KerTime:0.112152 AccTime:9.459695
#IT Ite:84 KerTime:0.112147 AccTime:9.571842
#IT Ite:85 KerTime:0.112167 AccTime:9.684009
#IT Ite:86 KerTime:0.112155 AccTime:9.796164
#IT Ite:87 KerTime:0.112160 AccTime:9.908324
#IT Ite:88 KerTime:0.112203 AccTime:10.020527
#IT Ite:89 KerTime:0.112128 AccTime:10.132655
#IT Ite:90 KerTime:0.112175 AccTime:10.244830
#IT Ite:91 KerTime:0.112244 AccTime:10.357074
#IT Ite:92 KerTime:0.112140 AccTime:10.469214
#IT Ite:93 KerTime:0.112224 AccTime:10.581438
#IT Ite:94 KerTime:0.112268 AccTime:10.693706
#IT Ite:95 KerTime:0.112120 AccTime:10.805826
#IT Ite:96 KerTime:0.112167 AccTime:10.917993
#IT Ite:97 KerTime:0.112244 AccTime:11.030237
#IT Ite:98 KerTime:0.112193 AccTime:11.142430
#IT Ite:99 KerTime:0.112137 AccTime:11.254567
#IT Ite:100 KerTime:0.112138 AccTime:11.366705
#IT Ite:101 KerTime:0.112196 AccTime:11.478901
#IT Ite:102 KerTime:0.112180 AccTime:11.591081
#IT Ite:103 KerTime:0.112134 AccTime:11.703215
#IT Ite:104 KerTime:0.112189 AccTime:11.815404
#IT Ite:105 KerTime:0.112145 AccTime:11.927549
#IT Ite:106 KerTime:0.112172 AccTime:12.039721
#IT Ite:107 KerTime:0.112185 AccTime:12.151906
#IT Ite:108 KerTime:0.112171 AccTime:12.264077
#IT Ite:109 KerTime:0.112157 AccTime:12.376234
#IT Ite:110 KerTime:0.112320 AccTime:12.488554
#IT Ite:111 KerTime:0.112203 AccTime:12.600757
#IT Ite:112 KerTime:0.112163 AccTime:12.712920
#IT Ite:113 KerTime:0.112254 AccTime:12.825174
#IT Ite:114 KerTime:0.112182 AccTime:12.937356
#IT Ite:115 KerTime:0.112165 AccTime:13.049521
#IT Ite:116 KerTime:0.112136 AccTime:13.161657
#IT Ite:117 KerTime:0.112246 AccTime:13.273903
#IT Ite:118 KerTime:0.112255 AccTime:13.386158
#IT Ite:119 KerTime:0.112230 AccTime:13.498388
#IT Ite:120 KerTime:0.112128 AccTime:13.610516
#IT Ite:121 KerTime:0.112188 AccTime:13.722704
#IT Ite:122 KerTime:0.112232 AccTime:13.834936
#IT Ite:123 KerTime:0.112193 AccTime:13.947129
#IT Ite:124 KerTime:0.112201 AccTime:14.059330
#IT Ite:125 KerTime:0.112228 AccTime:14.171558
#IT Ite:126 KerTime:0.112306 AccTime:14.283864
#IT Ite:127 KerTime:0.112180 AccTime:14.396044
#IT Ite:128 KerTime:0.112242 AccTime:14.508286
#IT Ite:129 KerTime:0.112220 AccTime:14.620506
#IT Ite:130 KerTime:0.112215 AccTime:14.732721
#IT Ite:131 KerTime:0.112233 AccTime:14.844954
#IT Ite:132 KerTime:0.112234 AccTime:14.957188
#IT Ite:133 KerTime:0.112147 AccTime:15.069335
#IT Ite:134 KerTime:0.112232 AccTime:15.181567
#IT Ite:135 KerTime:0.112199 AccTime:15.293766
#IT Ite:136 KerTime:0.112157 AccTime:15.405923
#IT Ite:137 KerTime:0.112177 AccTime:15.518100
#IT Ite:138 KerTime:0.112178 AccTime:15.630278
#IT Ite:139 KerTime:0.112251 AccTime:15.742529
#IT Ite:140 KerTime:0.112117 AccTime:15.854646
#IT Ite:141 KerTime:0.112216 AccTime:15.966862
#IT Ite:142 KerTime:0.112241 AccTime:16.079103
#IT Ite:143 KerTime:0.112158 AccTime:16.191261
#IT Ite:144 KerTime:0.112185 AccTime:16.303446
#IT Ite:145 KerTime:0.112245 AccTime:16.415691
#IT Ite:146 KerTime:0.112157 AccTime:16.527848
#IT Ite:147 KerTime:0.112144 AccTime:16.639992
#IT Ite:148 KerTime:0.112123 AccTime:16.752115
#IT Ite:149 KerTime:0.112236 AccTime:16.864351
#IT Ite:150 KerTime:0.112264 AccTime:16.976615
#IT Ite:151 KerTime:0.112173 AccTime:17.088788
#IT Ite:152 KerTime:0.112237 AccTime:17.201025
#IT Ite:153 KerTime:0.112180 AccTime:17.313205
#IT Ite:154 KerTime:0.112223 AccTime:17.425428
#IT Ite:155 KerTime:0.112185 AccTime:17.537613
#IT Ite:156 KerTime:0.112162 AccTime:17.649775
#IT Ite:157 KerTime:0.112227 AccTime:17.762002
#IT Ite:158 KerTime:0.112196 AccTime:17.874198
#IT Ite:159 KerTime:0.112202 AccTime:17.986400
#IT Ite:160 KerTime:0.112659 AccTime:18.099059
#IT Ite:161 KerTime:0.112646 AccTime:18.211705
#IT Ite:162 KerTime:0.112653 AccTime:18.324358
#IT Ite:163 KerTime:0.112673 AccTime:18.437031
#IT Ite:164 KerTime:0.112607 AccTime:18.549638
#IT Ite:165 KerTime:0.112636 AccTime:18.662274
#IT Ite:166 KerTime:0.112655 AccTime:18.774929
#IT Ite:167 KerTime:0.112666 AccTime:18.887595
#IT Ite:168 KerTime:0.112624 AccTime:19.000219
#IT Ite:169 KerTime:0.112693 AccTime:19.112912
#IT Ite:170 KerTime:0.112672 AccTime:19.225584
#IT Ite:171 KerTime:0.112619 AccTime:19.338203
#IT Ite:172 KerTime:0.112661 AccTime:19.450864
#IT Ite:173 KerTime:0.112655 AccTime:19.563519
#IT Ite:174 KerTime:0.112651 AccTime:19.676170
#IT Ite:175 KerTime:0.112626 AccTime:19.788796
#IT Ite:176 KerTime:0.112678 AccTime:19.901474
#IT Ite:177 KerTime:0.112658 AccTime:20.014132
#IT Ite:178 KerTime:0.112690 AccTime:20.126822
#IT Ite:179 KerTime:0.112667 AccTime:20.239489
#IT Ite:180 KerTime:0.112714 AccTime:20.352203
#IT Ite:181 KerTime:0.112692 AccTime:20.464895
#IT Ite:182 KerTime:0.112606 AccTime:20.577501
#IT Ite:183 KerTime:0.112677 AccTime:20.690178
#IT Ite:184 KerTime:0.112675 AccTime:20.802853
#IT Ite:185 KerTime:0.112696 AccTime:20.915549
#IT Ite:186 KerTime:0.112660 AccTime:21.028209
#IT Ite:187 KerTime:0.112677 AccTime:21.140886
#IT Ite:188 KerTime:0.112655 AccTime:21.253541
#IT Ite:189 KerTime:0.112649 AccTime:21.366190
#IT Ite:190 KerTime:0.112588 AccTime:21.478778
#IT Ite:191 KerTime:0.112674 AccTime:21.591452
#IT Ite:192 KerTime:0.112620 AccTime:21.704072
#IT Ite:193 KerTime:0.112616 AccTime:21.816688
#IT Ite:194 KerTime:0.112682 AccTime:21.929370
#IT Ite:195 KerTime:0.112637 AccTime:22.042007
#IT Ite:196 KerTime:0.112692 AccTime:22.154699
#IT Ite:197 KerTime:0.112685 AccTime:22.267384
#IT Ite:198 KerTime:0.112624 AccTime:22.380008
#IT Ite:199 KerTime:0.112683 AccTime:22.492691
#IT Ite:200 KerTime:0.112658 AccTime:22.605349
#IT Ite:201 KerTime:0.112739 AccTime:22.718088
#IT Ite:202 KerTime:0.112647 AccTime:22.830735
#IT Ite:203 KerTime:0.112653 AccTime:22.943388
#IT Ite:204 KerTime:0.112668 AccTime:23.056056
#IT Ite:205 KerTime:0.112660 AccTime:23.168716
#IT Ite:206 KerTime:0.112634 AccTime:23.281350
#IT Ite:207 KerTime:0.112661 AccTime:23.394011
#IT Ite:208 KerTime:0.112713 AccTime:23.506724
#IT Ite:209 KerTime:0.112704 AccTime:23.619428
#IT Ite:210 KerTime:0.112620 AccTime:23.732048
#IT Ite:211 KerTime:0.112694 AccTime:23.844742
#IT Ite:212 KerTime:0.112682 AccTime:23.957424
#IT Ite:213 KerTime:0.112776 AccTime:24.070200
#IT Ite:214 KerTime:0.112677 AccTime:24.182877
#IT Ite:215 KerTime:0.112695 AccTime:24.295572
#IT Ite:216 KerTime:0.112705 AccTime:24.408277
#IT Ite:217 KerTime:0.112688 AccTime:24.520965
#IT Ite:218 KerTime:0.112641 AccTime:24.633606
#IT Ite:219 KerTime:0.112671 AccTime:24.746277
#IT Ite:220 KerTime:0.112670 AccTime:24.858947
#IT Ite:221 KerTime:0.112707 AccTime:24.971654
#IT Ite:222 KerTime:0.112707 AccTime:25.084361
#IT Ite:223 KerTime:0.112727 AccTime:25.197088
#IT Ite:224 KerTime:0.112760 AccTime:25.309848
#IT Ite:225 KerTime:0.112705 AccTime:25.422553
#IT Ite:226 KerTime:0.112686 AccTime:25.535239
#IT Ite:227 KerTime:0.112730 AccTime:25.647969
#IT Ite:228 KerTime:0.112650 AccTime:25.760619
#IT Ite:229 KerTime:0.112661 AccTime:25.873280
#IT Ite:230 KerTime:0.112632 AccTime:25.985912
#IT Ite:231 KerTime:0.112765 AccTime:26.098677
#IT Ite:232 KerTime:0.112722 AccTime:26.211399
#IT Ite:233 KerTime:0.112659 AccTime:26.324058
#IT Ite:234 KerTime:0.112650 AccTime:26.436708
#IT Ite:235 KerTime:0.112746 AccTime:26.549454
#IT Ite:236 KerTime:0.112725 AccTime:26.662179
#IT Ite:237 KerTime:0.112711 AccTime:26.774890
#IT Ite:238 KerTime:0.112673 AccTime:26.887563
#IT Ite:239 KerTime:0.112670 AccTime:27.000233
#IT Ite:240 KerTime:0.112662 AccTime:27.112895
#IT Ite:241 KerTime:0.112736 AccTime:27.225631
#IT Ite:242 KerTime:0.112702 AccTime:27.338333
#IT Ite:243 KerTime:0.112669 AccTime:27.451002
#IT Ite:244 KerTime:0.112690 AccTime:27.563692
#IT Ite:245 KerTime:0.112705 AccTime:27.676397
#IT Ite:246 KerTime:0.112645 AccTime:27.789042
#IT Ite:247 KerTime:0.112757 AccTime:27.901799
#IT Ite:248 KerTime:0.112662 AccTime:28.014461
#IT Ite:249 KerTime:0.112682 AccTime:28.127143
#IT Ite:250 KerTime:0.112613 AccTime:28.239756
#IT Ite:251 KerTime:0.112614 AccTime:28.352370
#IT Ite:252 KerTime:0.112665 AccTime:28.465035
#IT Ite:253 KerTime:0.112664 AccTime:28.577699
#IT Ite:254 KerTime:0.112711 AccTime:28.690410
#IT Ite:255 KerTime:0.112752 AccTime:28.803162
#IT Ite:256 KerTime:0.112678 AccTime:28.915840
#IT Ite:257 KerTime:0.112588 AccTime:29.028428
#IT Ite:258 KerTime:0.112697 AccTime:29.141125
#IT Ite:259 KerTime:0.112699 AccTime:29.253824
#IT Ite:260 KerTime:0.112718 AccTime:29.366542
#IT Ite:261 KerTime:0.112710 AccTime:29.479252
#IT Ite:262 KerTime:0.112680 AccTime:29.591932
#IT Ite:263 KerTime:0.112700 AccTime:29.704632
#IT Ite:264 KerTime:0.112756 AccTime:29.817388
#IT Ite:265 KerTime:0.112744 AccTime:29.930132
#IT Ite:266 KerTime:0.112670 AccTime:30.042802
#IT Ite:267 KerTime:0.112669 AccTime:30.155471
#IT Ite:268 KerTime:0.112713 AccTime:30.268184
#IT Ite:269 KerTime:0.112729 AccTime:30.380913
#IT Ite:270 KerTime:0.112776 AccTime:30.493689
#IT Ite:271 KerTime:0.112682 AccTime:30.606371
#IT Ite:272 KerTime:0.112742 AccTime:30.719113
#IT Ite:273 KerTime:0.112623 AccTime:30.831736
#IT Ite:274 KerTime:0.112745 AccTime:30.944481
#IT Ite:275 KerTime:0.112658 AccTime:31.057139
#IT Ite:276 KerTime:0.112646 AccTime:31.169785
#IT Ite:277 KerTime:0.112745 AccTime:31.282530
#IT Ite:278 KerTime:0.112710 AccTime:31.395240
#IT Ite:279 KerTime:0.112733 AccTime:31.507973
#IT Ite:280 KerTime:0.112681 AccTime:31.620654
#IT Ite:281 KerTime:0.112613 AccTime:31.733267
#IT Ite:282 KerTime:0.112675 AccTime:31.845942
#IT Ite:283 KerTime:0.112707 AccTime:31.958649
#IT Ite:284 KerTime:0.112681 AccTime:32.071330
#IT Ite:285 KerTime:0.112674 AccTime:32.184004
#IT Ite:286 KerTime:0.112739 AccTime:32.296743
#IT Ite:287 KerTime:0.112680 AccTime:32.409423
#IT Ite:288 KerTime:0.112786 AccTime:32.522209
#IT Ite:289 KerTime:0.112644 AccTime:32.634853
#IT Ite:290 KerTime:0.112655 AccTime:32.747508
#IT Ite:291 KerTime:0.112687 AccTime:32.860195
#IT Ite:292 KerTime:0.112676 AccTime:32.972871
#IT Ite:293 KerTime:0.112674 AccTime:33.085545
#IT Ite:294 KerTime:0.112749 AccTime:33.198294
#IT Ite:295 KerTime:0.112715 AccTime:33.311009
#IT Ite:296 KerTime:0.112748 AccTime:33.423757
#IT Ite:297 KerTime:0.112716 AccTime:33.536473
#IT Ite:298 KerTime:0.112751 AccTime:33.649224
#IT Ite:299 KerTime:0.112739 AccTime:33.761963
#IT Ite:300 KerTime:0.112710 AccTime:33.874673
#IT Ite:301 KerTime:0.112658 AccTime:33.987331
#IT Ite:302 KerTime:0.112688 AccTime:34.100019
#IT Ite:303 KerTime:0.112713 AccTime:34.212732
#IT Ite:304 KerTime:0.112743 AccTime:34.325475
#IT Ite:305 KerTime:0.112682 AccTime:34.438157
#IT Ite:306 KerTime:0.112681 AccTime:34.550838
#IT Ite:307 KerTime:0.112738 AccTime:34.663576
#IT Ite:308 KerTime:0.112700 AccTime:34.776276
#IT Ite:309 KerTime:0.112707 AccTime:34.888983
#IT Ite:310 KerTime:0.112726 AccTime:35.001709
#IT Ite:311 KerTime:0.112658 AccTime:35.114367
#IT Ite:312 KerTime:0.112657 AccTime:35.227024
#IT Ite:313 KerTime:0.112672 AccTime:35.339696
#IT Ite:314 KerTime:0.112708 AccTime:35.452404
#IT Ite:315 KerTime:0.112649 AccTime:35.565053
#IT Ite:316 KerTime:0.112640 AccTime:35.677693
#IT Ite:317 KerTime:0.112708 AccTime:35.790401
#IT Ite:318 KerTime:0.112660 AccTime:35.903061
#IT Ite:319 KerTime:0.112663 AccTime:36.015724
#IT Ite:320 KerTime:0.112695 AccTime:36.128419
#IT Ite:321 KerTime:0.112613 AccTime:36.241032
#IT Ite:322 KerTime:0.112695 AccTime:36.353727
#IT Ite:323 KerTime:0.112700 AccTime:36.466427
#IT Ite:324 KerTime:0.112633 AccTime:36.579060
#IT Ite:325 KerTime:0.112649 AccTime:36.691709
#IT Ite:326 KerTime:0.112684 AccTime:36.804393
#IT Ite:327 KerTime:0.112712 AccTime:36.917105
#IT Ite:328 KerTime:0.112728 AccTime:37.029833
#IT Ite:329 KerTime:0.112659 AccTime:37.142492
#IT Ite:330 KerTime:0.112773 AccTime:37.255265
#IT Ite:331 KerTime:0.112787 AccTime:37.368052
#IT Ite:332 KerTime:0.112670 AccTime:37.480722
#IT Ite:333 KerTime:0.112682 AccTime:37.593404
#IT Ite:334 KerTime:0.112723 AccTime:37.706127
#IT Ite:335 KerTime:0.112670 AccTime:37.818797
#IT Ite:336 KerTime:0.112761 AccTime:37.931558
#IT Ite:337 KerTime:0.112669 AccTime:38.044227
#IT Ite:338 KerTime:0.112693 AccTime:38.156920
#IT Ite:339 KerTime:0.112703 AccTime:38.269623
#IT Ite:340 KerTime:0.112654 AccTime:38.382277
#IT Ite:341 KerTime:0.112680 AccTime:38.494957
#IT Ite:342 KerTime:0.112644 AccTime:38.607601
#IT Ite:343 KerTime:0.112629 AccTime:38.720230
#IT Ite:344 KerTime:0.112668 AccTime:38.832898
#IT Ite:345 KerTime:0.112658 AccTime:38.945556
#IT Ite:346 KerTime:0.112701 AccTime:39.058257
#IT Ite:347 KerTime:0.112736 AccTime:39.170993
#IT Ite:348 KerTime:0.112719 AccTime:39.283712
#IT Ite:349 KerTime:0.112670 AccTime:39.396382
#IT Ite:350 KerTime:0.112666 AccTime:39.509048
#IT Ite:351 KerTime:0.112736 AccTime:39.621784
#IT Ite:352 KerTime:0.112766 AccTime:39.734550
#IT Ite:353 KerTime:0.112674 AccTime:39.847224
#IT Ite:354 KerTime:0.112766 AccTime:39.959990
#IT Ite:355 KerTime:0.112743 AccTime:40.072733
#IT Ite:356 KerTime:0.112742 AccTime:40.185475
#IT Ite:357 KerTime:0.112729 AccTime:40.298204
#IT Ite:358 KerTime:0.112675 AccTime:40.410879
#IT Ite:359 KerTime:0.112733 AccTime:40.523612
#IT Ite:360 KerTime:0.112656 AccTime:40.636268
#IT Ite:361 KerTime:0.112720 AccTime:40.748988
#IT Ite:362 KerTime:0.112692 AccTime:40.861680
#IT Ite:363 KerTime:0.112666 AccTime:40.974346
#IT Ite:364 KerTime:0.112669 AccTime:41.087015
#IT Ite:365 KerTime:0.112637 AccTime:41.199652
#IT Ite:366 KerTime:0.112721 AccTime:41.312373
#IT Ite:367 KerTime:0.112689 AccTime:41.425062
#IT Ite:368 KerTime:0.112647 AccTime:41.537709
#IT Ite:369 KerTime:0.112719 AccTime:41.650428
#IT Ite:370 KerTime:0.112746 AccTime:41.763174
#IT Ite:371 KerTime:0.112774 AccTime:41.875948
#IT Ite:372 KerTime:0.112715 AccTime:41.988663
#IT Ite:373 KerTime:0.112684 AccTime:42.101347
#IT Ite:374 KerTime:0.112717 AccTime:42.214064
#IT Ite:375 KerTime:0.112737 AccTime:42.326801
#IT Ite:376 KerTime:0.112770 AccTime:42.439571
#IT Ite:377 KerTime:0.112690 AccTime:42.552261
#IT Ite:378 KerTime:0.112772 AccTime:42.665033
#IT Ite:379 KerTime:0.112742 AccTime:42.777775
#IT Ite:380 KerTime:0.112788 AccTime:42.890563
#IT Ite:381 KerTime:0.112724 AccTime:43.003287
#IT Ite:382 KerTime:0.112743 AccTime:43.116030
#IT Ite:383 KerTime:0.112686 AccTime:43.228716
#IT Ite:384 KerTime:0.112696 AccTime:43.341412
#IT Ite:385 KerTime:0.112645 AccTime:43.454057
#IT Ite:386 KerTime:0.112714 AccTime:43.566771
#IT Ite:387 KerTime:0.112737 AccTime:43.679508
#IT Ite:388 KerTime:0.112771 AccTime:43.792279
#IT Ite:389 KerTime:0.112699 AccTime:43.904978
#IT Ite:390 KerTime:0.112707 AccTime:44.017685
#IT Ite:391 KerTime:0.112709 AccTime:44.130394
#IT Ite:392 KerTime:0.112639 AccTime:44.243033
#IT Ite:393 KerTime:0.112715 AccTime:44.355748
#IT Ite:394 KerTime:0.112685 AccTime:44.468433
#IT Ite:395 KerTime:0.112753 AccTime:44.581186
#IT Ite:396 KerTime:0.112674 AccTime:44.693860
#IT Ite:397 KerTime:0.112649 AccTime:44.806509
#IT Ite:398 KerTime:0.112702 AccTime:44.919211
#IT Ite:399 KerTime:0.112685 AccTime:45.031896
#IT Ite:400 KerTime:0.112678 AccTime:45.144574
#IT Ite:401 KerTime:0.112671 AccTime:45.257245
#IT Ite:402 KerTime:0.112676 AccTime:45.369921
#IT Ite:403 KerTime:0.112681 AccTime:45.482602
#IT Ite:404 KerTime:0.112731 AccTime:45.595333
#IT Ite:405 KerTime:0.112693 AccTime:45.708026
#IT Ite:406 KerTime:0.112681 AccTime:45.820707
#IT Ite:407 KerTime:0.112702 AccTime:45.933409
#IT Ite:408 KerTime:0.112762 AccTime:46.046171
#IT Ite:409 KerTime:0.112758 AccTime:46.158929
#IT Ite:410 KerTime:0.112755 AccTime:46.271684
#IT Ite:411 KerTime:0.112748 AccTime:46.384432
#IT Ite:412 KerTime:0.112732 AccTime:46.497164
#IT Ite:413 KerTime:0.112690 AccTime:46.609854
#IT Ite:414 KerTime:0.112713 AccTime:46.722567
#IT Ite:415 KerTime:0.112740 AccTime:46.835307
#IT Ite:416 KerTime:0.112687 AccTime:46.947994
#IT Ite:417 KerTime:0.112721 AccTime:47.060715
#IT Ite:418 KerTime:0.112700 AccTime:47.173415
#IT Ite:419 KerTime:0.112724 AccTime:47.286139
#IT Ite:420 KerTime:0.112620 AccTime:47.398759
#IT Ite:421 KerTime:0.112690 AccTime:47.511449
#IT Ite:422 KerTime:0.112717 AccTime:47.624166
#IT Ite:423 KerTime:0.112750 AccTime:47.736916
#IT Ite:424 KerTime:0.112711 AccTime:47.849627
#IT Ite:425 KerTime:0.112654 AccTime:47.962281
#IT Ite:426 KerTime:0.112783 AccTime:48.075064
#IT Ite:427 KerTime:0.112666 AccTime:48.187730
#IT Ite:428 KerTime:0.112709 AccTime:48.300439
#IT Ite:429 KerTime:0.112726 AccTime:48.413165
#IT Ite:430 KerTime:0.112745 AccTime:48.525910
#IT Ite:431 KerTime:0.112715 AccTime:48.638625
#IT Ite:432 KerTime:0.112677 AccTime:48.751302
#IT Ite:433 KerTime:0.112716 AccTime:48.864018
#IT Ite:434 KerTime:0.112688 AccTime:48.976706
#IT Ite:435 KerTime:0.112715 AccTime:49.089421
#IT Ite:436 KerTime:0.112675 AccTime:49.202096
#IT Ite:437 KerTime:0.112700 AccTime:49.314796
#IT Ite:438 KerTime:0.112651 AccTime:49.427447
#IT Ite:439 KerTime:0.112711 AccTime:49.540158
#IT Ite:440 KerTime:0.112709 AccTime:49.652867
#IT Ite:441 KerTime:0.112734 AccTime:49.765601
#IT Ite:442 KerTime:0.112752 AccTime:49.878353
#IT Ite:443 KerTime:0.112652 AccTime:49.991005
#IT Ite:444 KerTime:0.112735 AccTime:50.103740
#IT Ite:445 KerTime:0.112661 AccTime:50.216401
#IT Ite:446 KerTime:0.112670 AccTime:50.329071
#IT Ite:447 KerTime:0.112771 AccTime:50.441842
#IT Ite:448 KerTime:0.112665 AccTime:50.554507
#IT Ite:449 KerTime:0.112694 AccTime:50.667201
#IT Ite:450 KerTime:0.112639 AccTime:50.779840
#IT Ite:451 KerTime:0.112676 AccTime:50.892516
#IT Ite:452 KerTime:0.112680 AccTime:51.005196
#IT Ite:453 KerTime:0.112639 AccTime:51.117835
#IT Ite:454 KerTime:0.112765 AccTime:51.230600
#IT Ite:455 KerTime:0.112715 AccTime:51.343315
#IT Ite:456 KerTime:0.112664 AccTime:51.455979
#IT Ite:457 KerTime:0.112765 AccTime:51.568744
#IT Ite:458 KerTime:0.112755 AccTime:51.681499
#IT Ite:459 KerTime:0.112707 AccTime:51.794206
#IT Ite:460 KerTime:0.112680 AccTime:51.906886
#IT Ite:461 KerTime:0.112691 AccTime:52.019577
#IT Ite:462 KerTime:0.112698 AccTime:52.132275
#IT Ite:463 KerTime:0.112709 AccTime:52.244984
#IT Ite:464 KerTime:0.112708 AccTime:52.357692
#IT Ite:465 KerTime:0.112663 AccTime:52.470355
#IT Ite:466 KerTime:0.112677 AccTime:52.583032
#IT Ite:467 KerTime:0.112689 AccTime:52.695721
#IT Ite:468 KerTime:0.112709 AccTime:52.808430
#IT Ite:469 KerTime:0.112681 AccTime:52.921111
#IT Ite:470 KerTime:0.112691 AccTime:53.033802
#IT Ite:471 KerTime:0.112689 AccTime:53.146491
#IT Ite:472 KerTime:0.112625 AccTime:53.259116
#IT Ite:473 KerTime:0.112649 AccTime:53.371765
#IT Ite:474 KerTime:0.112696 AccTime:53.484461
#IT Ite:475 KerTime:0.112657 AccTime:53.597118
#IT Ite:476 KerTime:0.112720 AccTime:53.709838
#IT Ite:477 KerTime:0.112640 AccTime:53.822478
#IT Ite:478 KerTime:0.112699 AccTime:53.935177
#IT Ite:479 KerTime:0.112673 AccTime:54.047850
#IT Ite:480 KerTime:0.112696 AccTime:54.160546
#IT Ite:481 KerTime:0.112720 AccTime:54.273266
#IT Ite:482 KerTime:0.112754 AccTime:54.386020
#IT Ite:483 KerTime:0.112754 AccTime:54.498774
#IT Ite:484 KerTime:0.112723 AccTime:54.611497
#IT Ite:485 KerTime:0.112699 AccTime:54.724196
#IT Ite:486 KerTime:0.112695 AccTime:54.836891
#IT Ite:487 KerTime:0.112727 AccTime:54.949618
#IT Ite:488 KerTime:0.112755 AccTime:55.062373
#IT Ite:489 KerTime:0.112723 AccTime:55.175096
#IT Ite:490 KerTime:0.112761 AccTime:55.287857
#IT Ite:491 KerTime:0.112670 AccTime:55.400527
#IT Ite:492 KerTime:0.112664 AccTime:55.513191
#IT Ite:493 KerTime:0.112764 AccTime:55.625955
#IT Ite:494 KerTime:0.112682 AccTime:55.738637
#IT Ite:495 KerTime:0.112695 AccTime:55.851332
#IT Ite:496 KerTime:0.112729 AccTime:55.964061
#IT Ite:497 KerTime:0.112680 AccTime:56.076741
#IT Ite:498 KerTime:0.112731 AccTime:56.189472
#IT Ite:499 KerTime:0.112676 AccTime:56.302148
#IT Ite:500 KerTime:0.112752 AccTime:56.414900
#IT Ite:501 KerTime:0.112751 AccTime:56.527651
#IT Ite:502 KerTime:0.112697 AccTime:56.640348
#IT Ite:503 KerTime:0.112717 AccTime:56.753065
#IT Ite:504 KerTime:0.112668 AccTime:56.865733
#IT Ite:505 KerTime:0.112776 AccTime:56.978509
#IT Ite:506 KerTime:0.112755 AccTime:57.091264
#IT Ite:507 KerTime:0.112744 AccTime:57.204008
#IT Ite:508 KerTime:0.112677 AccTime:57.316685
#IT Ite:509 KerTime:0.112662 AccTime:57.429347
#IT Ite:510 KerTime:0.112687 AccTime:57.542034
#ERR m: [854, 782], r: 6.7960602045059204e-01, e: 6.9399023056030273e-01
#ERR m: [854, 783], r: 6.1679601669311523e-01, e: 6.2679600715637207e-01
#ERR m: [854, 784], r: 2.8784499168395996e+00, e: 2.9448850154876709e+00
#ERR m: [854, 785], r: -1.4655179977416992e+00, e: -1.4952454566955566e+00
#ERR m: [854, 786], r: -3.6368998885154724e-01, e: -3.6868974566459656e-01
#ERR m: [854, 787], r: 6.9759798049926758e-01, e: 7.1550041437149048e-01
#ERR m: [854, 788], r: 1.2489000335335732e-02, e: 1.8728746101260185e-02
#ERR m: [854, 789], r: -5.4640698432922363e-01, e: -5.9060567617416382e-01
#ERR m: [854, 790], r: 8.1000602245330811e-01, e: 8.3369189500808716e-01
#ERR m: [854, 791], r: -5.2396899461746216e-01, e: -5.2906078100204468e-01
#ERR m: [854, 792], r: 9.7279602289199829e-01, e: 9.8247724771499634e-01
#ERR m: [854, 793], r: -1.1295469999313354e+00, e: -1.1228399276733398e+00
#ERR m: [854, 794], r: 1.0378700494766235e+00, e: 1.0395153760910034e+00
#ERR m: [854, 795], r: -2.2809538841247559e+00, e: -2.2965817451477051e+00
#ERR m: [854, 796], r: 1.5529522895812988e+01, e: 1.5624312400817871e+01
#ERR m: [854, 797], r: 5.0177187919616699e+00, e: 5.0489268302917480e+00
#ERR m: [854, 798], r: -6.7355102300643921e-01, e: -6.7762333154678345e-01
#ERR m: [854, 799], r: 4.6909499168395996e-01, e: 4.4883030652999878e-01
#ERR m: [854, 800], r: 9.2582499980926514e-01, e: 9.2860835790634155e-01
#ERR m: [854, 801], r: -5.5567401647567749e-01, e: -5.5972039699554443e-01
#ERR m: [854, 802], r: -1.0569679737091064e+00, e: -1.0497766733169556e+00
#ERR m: [854, 803], r: 2.5461609363555908e+00, e: 2.5053536891937256e+00
#ERR m: [854, 804], r: -5.1844298839569092e-01, e: -5.1129275560379028e-01
#ERR m: [854, 805], r: -2.9267000034451485e-02, e: -4.5633532106876373e-02
#ERR m: [854, 806], r: 4.2345100641250610e-01, e: 4.2084485292434692e-01
#ERR m: [854, 807], r: -2.1979700028896332e-01, e: -1.6927310824394226e-01
#ERR m: [854, 808], r: 1.3731700181961060e-01, e: 1.4125782251358032e-01
#ERR m: [854, 809], r: -3.3005500793457031e+01, e: -3.1502059936523438e+01
#ERR m: [854, 810], r: 2.8318899869918823e-01, e: 2.6983171701431274e-01
#ERR m: [854, 811], r: -8.5242700576782227e-01, e: -8.5528564453125000e-01
#ERR m: [854, 812], r: -2.2381420135498047e+00, e: -2.1037085056304932e+00
#ERR m: [854, 813], r: -5.2501302957534790e-01, e: -4.9817964434623718e-01
#ERR m: [854, 814], r: -1.7108329534530640e+00, e: -1.5600724220275879e+00
#ERR m: [854, 815], r: 3.6268800497055054e-01, e: 3.3800753951072693e-01
#ERR m: [854, 816], r: -1.1610959768295288e+00, e: -1.1821674108505249e+00
#ERR m: [854, 817], r: 1.3482399284839630e-01, e: 1.4845320582389832e-01
#ERR m: [854, 818], r: 2.5831100344657898e-01, e: 2.5194665789604187e-01
#ERR m: [854, 819], r: -5.1758199930191040e-01, e: -5.5088925361633301e-01
#ERR m: [854, 820], r: 8.9703001081943512e-02, e: 7.8737661242485046e-02
#ERR m: [854, 821], r: -6.3120179176330566e+00, e: -6.2982831001281738e+00
#ERR m: [854, 822], r: 7.4429788589477539e+00, e: 7.4741582870483398e+00
#ERR m: [854, 823], r: -1.5507090091705322e+00, e: -1.5531697273254395e+00
#ERR m: [854, 824], r: 1.5874400138854980e+00, e: 1.5989801883697510e+00
#ERR m: [854, 825], r: 1.9072320461273193e+00, e: 1.9351650476455688e+00
#ERR m: [854, 826], r: 1.7690881729125977e+01, e: 1.7783460617065430e+01
#ERR m: [854, 827], r: 2.5932409763336182e+00, e: 2.6094057559967041e+00
#ERR m: [854, 828], r: -1.5983120203018188e+00, e: -1.6018421649932861e+00
#ERR m: [854, 829], r: 1.5408109426498413e+00, e: 1.5458835363388062e+00
#ERR m: [854, 830], r: -2.5489790439605713e+00, e: -2.6989223957061768e+00
#ERR m: [854, 831], r: 1.3713100552558899e-01, e: 1.5611277520656586e-01
#ERR m: [854, 832], r: -1.6215870380401611e+00, e: -1.7280378341674805e+00
#ERR m: [854, 833], r: -1.1943499743938446e-01, e: -1.3781766593456268e-01
#ERR m: [854, 834], r: 1.4327529668807983e+00, e: 1.3872835636138916e+00
#ERR m: [854, 835], r: 7.4631772041320801e+00, e: 8.1783418655395508e+00
#ERR m: [854, 836], r: 9.1138499975204468e-01, e: 9.7063809633255005e-01
#ERR m: [854, 837], r: -4.6161069869995117e+00, e: -4.5642547607421875e+00
#ERR m: [854, 838], r: -1.0092323303222656e+02, e: -9.9989639282226562e+01
#ERR m: [854, 839], r: 5.5141166687011719e+01, e: 5.4613502502441406e+01
#ERR m: [854, 840], r: 3.6355355834960938e+02, e: 3.6005395507812500e+02
#ERR m: [854, 841], r: -1.1490337371826172e+01, e: -1.1378864288330078e+01
#ERR m: [854, 842], r: -5.9230442047119141e+00, e: -5.8664960861206055e+00
#ERR m: [854, 843], r: -2.5211319923400879e+00, e: -2.4863777160644531e+00
#ERR m: [854, 844], r: -4.8705500364303589e-01, e: -4.7881746292114258e-01
#ERR m: [854, 845], r: -5.6081998348236084e-01, e: -5.5627685785293579e-01
#ERR m: [854, 846], r: 3.0851318836212158e+00, e: 3.0689437389373779e+00
#ERR m: [854, 847], r: 2.2839400172233582e-01, e: 2.4566619098186493e-01
#ERR m: [854, 848], r: 2.2661540508270264e+00, e: 2.2280628681182861e+00
#ERR m: [854, 849], r: -1.4987000226974487e+00, e: -1.4719923734664917e+00
#ERR m: [854, 850], r: -1.6545820236206055e+00, e: -1.5648704767227173e+00
#ERR m: [854, 851], r: 6.3621300458908081e-01, e: 6.5136969089508057e-01
#ERR m: [854, 852], r: -1.5457960367202759e+00, e: -1.5577337741851807e+00
#ERR m: [854, 853], r: 6.2346267700195312e+00, e: 6.2744598388671875e+00
#ERR m: [855, 854], r: -6.7325003445148468e-02, e: -6.7057959735393524e-02
#ERR m: [856, 854], r: -8.6296200752258301e-01, e: -8.5954499244689941e-01
#ERR m: [856, 855], r: 8.8307297229766846e-01, e: 8.7925761938095093e-01
#ERR m: [857, 854], r: 2.5584000349044800e-01, e: 2.5482648611068726e-01
#ERR m: [857, 855], r: -2.4308499693870544e-01, e: -2.4194841086864471e-01
#ERR m: [857, 856], r: -1.3092839717864990e+00, e: -1.3171067237854004e+00
#ERR m: [858, 854], r: 8.7653003633022308e-02, e: 8.7305396795272827e-02
#ERR m: [858, 856], r: -5.7689781188964844e+00, e: -5.8135538101196289e+00
#ERR m: [858, 857], r: 2.1541669368743896e+00, e: 2.1822819709777832e+00
#ERR m: [859, 854], r: -3.2164898514747620e-01, e: -3.2037496566772461e-01
#ERR m: [859, 855], r: -1.2480700016021729e+00, e: -1.2499966621398926e+00
#ERR m: [859, 856], r: -4.2527160644531250e+00, e: -4.2895064353942871e+00
#ERR m: [859, 857], r: 1.4095469713211060e+00, e: 1.4356741905212402e+00
#ERR m: [859, 858], r: 8.5312002897262573e-01, e: 8.5414236783981323e-01
#ERR m: [860, 854], r: 2.8523001074790955e-01, e: 2.8410017490386963e-01
#ERR m: [860, 855], r: -4.2524901032447815e-01, e: -4.2403054237365723e-01
#ERR m: [860, 856], r: 1.1894299834966660e-01, e: 1.2233375757932663e-01
#ERR m: [860, 857], r: 7.3484498262405396e-01, e: 7.2557985782623291e-01
#ERR m: [860, 858], r: -3.3950001001358032e-02, e: -3.7919316440820694e-02
#ERR m: [860, 859], r: -3.9843299984931946e-01, e: -3.9296731352806091e-01
#ERR m: [861, 854], r: -4.5077601075172424e-01, e: -4.4899055361747742e-01
#ERR m: [861, 855], r: -8.5290002822875977e-01, e: -8.5531365871429443e-01
#ERR m: [861, 856], r: -5.3716549873352051e+00, e: -5.4180865287780762e+00
#ERR m: [861, 857], r: 2.5738239288330078e+00, e: 2.6004920005798340e+00
#ERR m: [861, 858], r: 9.1274398565292358e-01, e: 9.1322463750839233e-01
#ERR m: [861, 859], r: 1.5913009643554688e+00, e: 1.5930601358413696e+00
#ERR m: [861, 860], r: -2.4568929672241211e+00, e: -2.5216746330261230e+00
#ERR m: [862, 854], r: 3.9530500769615173e-01, e: 3.9373907446861267e-01
#ERR m: [862, 855], r: -1.2518010139465332e+00, e: -1.2503249645233154e+00
#ERR m: [862, 856], r: -3.7857990264892578e+00, e: -3.8120865821838379e+00
#ERR m: [862, 857], r: 3.2024401426315308e-01, e: 3.4435686469078064e-01
#ERR m: [862, 858], r: 5.7317197322845459e-01, e: 5.7699131965637207e-01
#ERR m: [862, 859], r: -5.4091697931289673e-01, e: -5.4762572050094604e-01
#ERR m: [862, 860], r: 6.3983831405639648e+00, e: 6.5761647224426270e+00
#ERR m: [862, 861], r: -3.9492828845977783e+00, e: -3.9198157787322998e+00
#ERR m: [863, 854], r: 1.7254300415515900e-01, e: 1.7185974121093750e-01
#ERR m: [863, 855], r: 2.7092200517654419e-01, e: 2.7182817459106445e-01
#ERR m: [863, 856], r: 1.8086559772491455e+00, e: 1.8244801759719849e+00
#ERR m: [863, 857], r: -4.5207598805427551e-01, e: -4.6453505754470825e-01
#ERR m: [863, 858], r: -4.2978999018669128e-01, e: -4.2996883392333984e-01
#ERR m: [863, 859], r: -3.0348798632621765e-01, e: -3.0369031429290771e-01
#ERR m: [863, 860], r: -5.7303299903869629e+00, e: -5.8630633354187012e+00
#ERR m: [863, 861], r: 4.0575170516967773e+00, e: 4.0083985328674316e+00
#ERR m: [863, 862], r: 4.1739048957824707e+00, e: 3.6617827415466309e+00
#ERR m: [864, 854], r: 2.1958400309085846e-01, e: 2.1871486306190491e-01
#ERR m: [864, 855], r: -1.0935699939727783e+00, e: -1.0928769111633301e+00
#ERR m: [864, 856], r: -7.4358081817626953e+00, e: -7.4919071197509766e+00
#ERR m: [864, 857], r: 4.0911860466003418e+00, e: 4.1156220436096191e+00
#ERR m: [864, 858], r: 1.2683110237121582e+00, e: 1.2629517316818237e+00
#ERR m: [864, 859], r: 1.6385530233383179e+00, e: 1.6493513584136963e+00
#ERR m: [864, 860], r: -8.8947076797485352e+00, e: -9.1481351852416992e+00
#ERR m: [864, 861], r: 5.1645860671997070e+00, e: 5.1339573860168457e+00
#ERR m: [864, 862], r: -1.2231265068054199e+01, e: -1.1250010490417480e+01
#ERR m: [864, 863], r: -1.5045390129089355e+00, e: -1.4647424221038818e+00
#ERR m: [865, 854], r: 6.6357600688934326e-01, e: 6.6094797849655151e-01
#ERR m: [865, 855], r: 3.5100001841783524e-02, e: 3.8263127207756042e-02
#ERR m: [865, 856], r: -1.1095659732818604e+00, e: -1.1117317676544189e+00
#ERR m: [865, 857], r: 9.7546201944351196e-01, e: 9.6992528438568115e-01
#ERR m: [865, 858], r: -1.7715999856591225e-02, e: -2.0121620967984200e-02
#ERR m: [865, 859], r: 4.4400700926780701e-01, e: 4.4839438796043396e-01
#ERR m: [865, 860], r: -4.1354188919067383e+00, e: -4.2505383491516113e+00
#ERR m: [865, 861], r: 2.6396629810333252e+00, e: 2.6185677051544189e+00
#ERR m: [865, 862], r: -9.2926597595214844e-01, e: -9.1054552793502808e-01
#ERR m: [865, 863], r: 1.4567999541759491e-01, e: 1.6330303251743317e-01
#ERR m: [865, 864], r: 3.6773499846458435e-01, e: 3.6687880754470825e-01
#ERR m: [866, 854], r: -3.0284100770950317e-01, e: -3.0164182186126709e-01
#ERR m: [866, 855], r: -5.6349998712539673e-01, e: -5.6511682271957397e-01
#ERR m: [866, 856], r: -3.6796851158142090e+00, e: -3.7114145755767822e+00
#ERR m: [866, 857], r: 1.3998670578002930e+00, e: 1.4209417104721069e+00
#ERR m: [866, 858], r: 5.2754497528076172e-01, e: 5.3052669763565063e-01
#ERR m: [866, 859], r: 1.8714350461959839e+00, e: 1.8697909116744995e+00
#ERR m: [866, 860], r: -3.3144929409027100e+00, e: -3.3847541809082031e+00
#ERR m: [866, 861], r: 6.6368198394775391e-01, e: 6.7397421598434448e-01
#ERR m: [866, 862], r: -1.8031465530395508e+01, e: -1.6419832229614258e+01
#ERR m: [866, 863], r: -2.8717510700225830e+00, e: -2.8451352119445801e+00
#ERR m: [866, 864], r: 8.0112898349761963e-01, e: 8.0264025926589966e-01
#ERR m: [866, 865], r: 1.2737341880798340e+01, e: 1.2095632553100586e+01
#ERR m: [867, 854], r: -5.9175199270248413e-01, e: -5.8940851688385010e-01
#ERR m: [867, 855], r: 1.0828139781951904e+00, e: 1.0803493261337280e+00
#ERR m: [867, 856], r: 3.2339849472045898e+00, e: 3.2539958953857422e+00
#ERR m: [867, 857], r: -3.3443670272827148e+00, e: -3.3381364345550537e+00
#ERR m: [867, 858], r: -3.1597301363945007e-01, e: -3.0875504016876221e-01
#ERR m: [867, 859], r: -3.4162199497222900e-01, e: -3.5323375463485718e-01
#ERR m: [867, 860], r: 1.0857645988464355e+01, e: 1.1160301208496094e+01
#ERR m: [867, 861], r: -7.3158211708068848e+00, e: -7.2511668205261230e+00
#ERR m: [867, 862], r: 8.0351501703262329e-01, e: 9.2546141147613525e-01
#ERR m: [867, 863], r: -1.9327400624752045e-01, e: -1.8893718719482422e-01
#ERR m: [867, 865], r: -8.0856370925903320e+00, e: -7.7244324684143066e+00
#ERR m: [867, 866], r: -1.9116400480270386e+00, e: -2.1420128345489502e+00
#ERR m: [868, 854], r: -6.2931001186370850e-02, e: -6.2681980431079865e-02
#ERR m: [868, 855], r: -5.6773197650909424e-01, e: -5.6821256875991821e-01
#ERR m: [868, 856], r: -4.1575851440429688e+00, e: -4.1907105445861816e+00
#ERR m: [868, 857], r: 1.5469640493392944e+00, e: 1.5682836771011353e+00
#ERR m: [868, 858], r: 6.8497997522354126e-01, e: 6.8596464395523071e-01
#ERR m: [868, 859], r: 1.4788240194320679e+00, e: 1.4796329736709595e+00
#ERR m: [868, 860], r: -6.2387001514434814e-01, e: -6.4186674356460571e-01
#ERR m: [868, 861], r: -4.8927098512649536e-01, e: -4.7051230072975159e-01
#ERR m: [868, 862], r: -1.1202912330627441e+01, e: -1.0164836883544922e+01
#ERR m: [868, 863], r: -1.9647020101547241e+00, e: -1.9586760997772217e+00
#ERR m: [868, 864], r: 2.4163000285625458e-01, e: 2.4266004562377930e-01
#ERR m: [868, 865], r: 9.6568937301635742e+00, e: 9.1763916015625000e+00
#ERR m: [868, 866], r: 1.5065610408782959e+00, e: 1.6359905004501343e+00
#ERR m: [868, 867], r: -5.9765702486038208e-01, e: -5.9356397390365601e-01
#ERR m: [869, 854], r: 1.4806100726127625e-01, e: 1.4747448265552521e-01
#ERR m: [869, 855], r: -4.0232700109481812e-01, e: -4.0175250172615051e-01
#ERR m: [869, 856], r: 1.3548200130462646e+00, e: 1.3664608001708984e+00
#ERR m: [869, 857], r: 1.6974000632762909e-01, e: 1.5658964216709137e-01
#ERR m: [869, 858], r: 3.6359999794512987e-03, e: -2.6935732457786798e-03
#ERR m: [869, 859], r: -4.0742000937461853e-01, e: -3.9834359288215637e-01
#ERR m: [869, 860], r: 9.8710298538208008e-01, e: 9.7139984369277954e-01
#ERR m: [869, 861], r: 4.3219900131225586e-01, e: 4.2755845189094543e-01
#ERR m: [869, 862], r: -3.9080399274826050e-01, e: -3.7036862969398499e-01
#ERR m: [869, 863], r: -3.3335000276565552e-02, e: -3.2699175179004669e-02
#ERR m: [869, 864], r: -3.3098999410867691e-02, e: -3.3658925443887711e-02
#ERR m: [869, 865], r: -4.8613991737365723e+00, e: -4.6173334121704102e+00
#ERR m: [869, 866], r: 6.0123801231384277e-01, e: 7.6890039443969727e-01
#ERR m: [869, 867], r: -8.1964898109436035e-01, e: -8.0915838479995728e-01
#ERR m: [869, 868], r: -2.2677350044250488e+00, e: -2.4326350688934326e+00
#ERR m: [870, 854], r: -1.9370500743389130e-01, e: -1.9293813407421112e-01
#ERR m: [870, 856], r: 9.6776714324951172e+00, e: 9.7523326873779297e+00
#ERR m: [870, 857], r: -4.8592338562011719e+00, e: -4.8964004516601562e+00
#ERR m: [870, 858], r: -1.5288920402526855e+00, e: -1.5261129140853882e+00
#ERR m: [870, 859], r: -1.3528519868850708e+00, e: -1.3592393398284912e+00
#ERR m: [870, 860], r: -3.1324989795684814e+00, e: -3.1782732009887695e+00
#ERR m: [870, 861], r: 2.0678360462188721e+00, e: 2.0345451831817627e+00
#ERR m: [870, 862], r: 1.0256741523742676e+01, e: 9.2583818435668945e+00
#ERR m: [870, 863], r: 1.9549829959869385e+00, e: 1.9555170536041260e+00
#ERR m: [870, 864], r: -1.3174900412559509e-01, e: -1.3340531289577484e-01
#ERR m: [870, 865], r: -1.1843379735946655e+00, e: -1.0462576150894165e+00
#ERR m: [870, 866], r: -2.7166199684143066e-01, e: -2.8130519390106201e-01
#ERR m: [870, 867], r: 2.7277401089668274e-01, e: 2.4639667570590973e-01
#ERR m: [870, 868], r: -4.2032749176025391e+01, e: -4.3245075225830078e+01
#ERR m: [870, 869], r: -5.6759991645812988e+00, e: -6.1915521621704102e+00
#ERR m: [871, 854], r: 2.3762899637222290e-01, e: 2.3668774962425232e-01
#ERR m: [871, 855], r: -5.1454997062683105e-01, e: -5.1358717679977417e-01
#ERR m: [871, 856], r: -3.9846930503845215e+00, e: -4.0135569572448730e+00
#ERR m: [871, 857], r: 1.8349790573120117e+00, e: 1.8496918678283691e+00
#ERR m: [871, 858], r: 6.7259097099304199e-01, e: 6.7058646678924561e-01
#ERR m: [871, 859], r: 1.0489599704742432e+00, e: 1.0536844730377197e+00
#ERR m: [871, 860], r: -6.6025710105895996e+00, e: -6.7766547203063965e+00
#ERR m: [871, 861], r: 3.2791190147399902e+00, e: 3.2646474838256836e+00
#ERR m: [871, 862], r: -2.1117813110351562e+01, e: -1.9309326171875000e+01
#ERR m: [871, 863], r: -3.2054879665374756e+00, e: -3.1739728450775146e+00
#ERR m: [871, 864], r: 9.1584497690200806e-01, e: 9.1725963354110718e-01
#ERR m: [871, 865], r: 1.1587270736694336e+01, e: 1.1001495361328125e+01
#ERR m: [871, 866], r: 1.1078929901123047e+00, e: 1.1412065029144287e+00
#ERR m: [871, 867], r: 3.6749999970197678e-02, e: 1.6035085543990135e-02
#ERR m: [871, 868], r: -2.8671302795410156e+01, e: -2.9475360870361328e+01
#ERR m: [871, 869], r: -1.3550169467926025e+00, e: -1.6016162633895874e+00
#ERR m: [871, 870], r: 1.2798969745635986e+00, e: 1.2278528213500977e+00
#ERR m: [872, 854], r: 4.3969999998807907e-02, e: 4.3795973062515259e-02
#ERR m: [872, 855], r: -1.8685230016708374e+00, e: -1.8689121007919312e+00
#ERR m: [872, 856], r: -9.5191669464111328e+00, e: -9.5935688018798828e+00
#ERR m: [872, 857], r: 3.2679240703582764e+00, e: 3.3174488544464111e+00
#ERR m: [872, 858], r: 1.3014739751815796e+00, e: 1.3076506853103638e+00
#ERR m: [872, 859], r: 3.3881390094757080e+00, e: 3.3839733600616455e+00
#ERR m: [872, 860], r: -2.0210769176483154e+00, e: -2.0504267215728760e+00
#ERR m: [872, 861], r: -8.7392002344131470e-01, e: -8.4147036075592041e-01
#ERR m: [872, 862], r: -2.3102428436279297e+01, e: -2.0980268478393555e+01
#ERR m: [872, 863], r: -3.9601891040802002e+00, e: -3.9424264430999756e+00
#ERR m: [872, 864], r: 6.6161298751831055e-01, e: 6.6407018899917603e-01
#ERR m: [872, 865], r: 1.7761241912841797e+01, e: 1.6848373413085938e+01
#ERR m: [872, 866], r: 2.8274168968200684e+00, e: 3.0673737525939941e+00
#ERR m: [872, 867], r: -1.1428359746932983e+00, e: -1.1312736272811890e+00
#ERR m: [872, 868], r: -3.4509599208831787e+00, e: -3.6650869846343994e+00
#ERR m: [872, 869], r: 1.3883349895477295e+00, e: 1.3918845653533936e+00
#ERR m: [872, 870], r: 3.0187600851058960e-01, e: 2.8182956576347351e-01
#ERR m: [872, 871], r: 4.3439799547195435e-01, e: 4.3383178114891052e-01
#ERR m: [873, 854], r: 1.3240900635719299e-01, e: 1.3188512623310089e-01
#ERR m: [873, 855], r: -6.9513201713562012e-01, e: -6.9472527503967285e-01
#ERR m: [873, 856], r: 1.5811400115489960e-01, e: 1.6016148030757904e-01
#ERR m: [873, 857], r: -6.3768500089645386e-01, e: -6.3470369577407837e-01
#ERR m: [873, 858], r: -2.1998600661754608e-01, e: -2.1560795605182648e-01
#ERR m: [873, 859], r: 4.2563399672508240e-01, e: 4.1958013176918030e-01
#ERR m: [873, 860], r: 7.6197590827941895e+00, e: 7.8232231140136719e+00
#ERR m: [873, 861], r: -5.2665672302246094e+00, e: -5.2145838737487793e+00
#ERR m: [873, 862], r: -8.8256454467773438e+00, e: -7.8971185684204102e+00
#ERR m: [873, 863], r: -1.8292260169982910e+00, e: -1.8307855129241943e+00
#ERR m: [873, 864], r: 1.0961099714040756e-01, e: 1.1130865663290024e-01
#ERR m: [873, 865], r: 6.8282308578491211e+00, e: 6.4383158683776855e+00
#ERR m: [873, 866], r: 2.1103300154209137e-01, e: 1.4329098165035248e-01
#ERR m: [873, 867], r: 1.5458400547504425e-01, e: 1.7051623761653900e-01
#ERR m: [873, 868], r: 1.1958042144775391e+01, e: 1.2232506752014160e+01
#ERR m: [873, 869], r: 9.5392102003097534e-01, e: 1.0575560331344604e+00
#ERR m: [873, 870], r: -5.0325399637222290e-01, e: -4.8362931609153748e-01
#ERR m: [873, 871], r: -4.4438800215721130e-01, e: -4.4360950589179993e-01
#ERR m: [873, 872], r: -5.1902108192443848e+00, e: -5.3330698013305664e+00
#ERR m: [874, 854], r: -6.2918400764465332e-01, e: -6.2669271230697632e-01
#ERR m: [874, 855], r: -1.0251719951629639e+00, e: -1.0284885168075562e+00
#ERR m: [874, 856], r: -5.6143031120300293e+00, e: -5.6644434928894043e+00
#ERR m: [874, 857], r: 3.2821578979492188e+00, e: 3.3069679737091064e+00
#ERR m: [874, 858], r: 1.1171699762344360e+00, e: 1.1140179634094238e+00
#ERR m: [874, 859], r: 1.9907720088958740e+00, e: 1.9987369775772095e+00
#ERR m: [874, 860], r: -4.5555582046508789e+00, e: -4.6957406997680664e+00
#ERR m: [874, 861], r: 2.2779181003570557e+00, e: 2.2751321792602539e+00
#ERR m: [874, 862], r: -1.1623644828796387e+01, e: -1.0612828254699707e+01
#ERR m: [874, 863], r: -1.8861219882965088e+00, e: -1.8776440620422363e+00
#ERR m: [874, 864], r: 3.1356701254844666e-01, e: 3.1471401453018188e-01
#ERR m: [874, 865], r: 1.6234439611434937e+00, e: 1.4923576116561890e+00
#ERR m: [874, 866], r: 4.2782801389694214e-01, e: 4.6601527929306030e-01
#ERR m: [874, 867], r: -1.5929600596427917e-01, e: -1.6003489494323730e-01
#ERR m: [874, 868], r: -8.2538518905639648e+00, e: -8.5289716720581055e+00
#ERR m: [874, 869], r: 7.8155100345611572e-01, e: 7.4644762277603149e-01
#ERR m: [874, 870], r: 4.5384699106216431e-01, e: 4.2880076169967651e-01
#ERR m: [874, 871], r: 5.8838802576065063e-01, e: 5.8715212345123291e-01
#ERR m: [874, 872], r: 7.3557000160217285e+00, e: 7.5492873191833496e+00
#ERR m: [874, 873], r: -9.2423200607299805e-01, e: -9.0556466579437256e-01
#ERR m: [875, 854], r: -5.6488998234272003e-02, e: -5.6265186518430710e-02
#ERR m: [875, 855], r: -1.3547799587249756e+00, e: -1.3554816246032715e+00
#ERR m: [875, 856], r: -6.4916892051696777e+00, e: -6.5433106422424316e+00
#ERR m: [875, 857], r: 3.9448149204254150e+00, e: 3.9658737182617188e+00
#ERR m: [875, 858], r: 1.0797120332717896e+00, e: 1.0752722024917603e+00
#ERR m: [875, 859], r: 2.3584508895874023e+00, e: 2.3689656257629395e+00
#ERR m: [875, 860], r: -6.2970509529113770e+00, e: -6.4887051582336426e+00
#ERR m: [875, 861], r: 3.2389590740203857e+00, e: 3.2321000099182129e+00
#ERR m: [875, 862], r: -1.6153093338012695e+01, e: -1.4757225990295410e+01
#ERR m: [875, 863], r: -2.4836730957031250e+00, e: -2.4602711200714111e+00
#ERR m: [875, 864], r: 6.3742697238922119e-01, e: 6.3799041509628296e-01
#ERR m: [875, 865], r: 7.6686468124389648e+00, e: 7.3002047538757324e+00
#ERR m: [875, 866], r: 1.5761129856109619e+00, e: 1.7472511529922485e+00
#ERR m: [875, 867], r: -7.5237798690795898e-01, e: -7.5129294395446777e-01
#ERR m: [875, 868], r: -1.6629261016845703e+01, e: -1.7205091476440430e+01
#ERR m: [875, 869], r: -1.4997379779815674e+00, e: -1.6972689628601074e+00
#ERR m: [875, 870], r: 4.0923199057579041e-01, e: 4.0753921866416931e-01
#ERR m: [875, 871], r: 5.7844001799821854e-02, e: 5.7551756501197815e-02
#ERR m: [875, 872], r: 9.1851699352264404e-01, e: 9.3360853195190430e-01
#ERR m: [875, 873], r: -2.1188000217080116e-02, e: -1.7510944977402687e-02
#ERR m: [875, 874], r: -6.4239002764225006e-02, e: -5.4757349193096161e-02
#ERR m: [876, 854], r: -5.0173401832580566e-01, e: -4.9974668025970459e-01
#ERR m: [876, 855], r: 2.5476101040840149e-01, e: 2.5246122479438782e-01
#ERR m: [876, 856], r: 2.0796680450439453e+00, e: 2.0910933017730713e+00
#ERR m: [876, 857], r: -1.3632810115814209e+00, e: -1.3640506267547607e+00
#ERR m: [876, 858], r: -1.7869999865069985e-03, e: -2.1299722138792276e-03
#ERR m: [876, 859], r: 9.4828498363494873e-01, e: 9.5029920339584351e-01
#ERR m: [876, 860], r: 7.8800411224365234e+00, e: 8.0551671981811523e+00
#ERR m: [876, 861], r: -5.6571822166442871e+00, e: -5.5849499702453613e+00
#ERR m: [876, 862], r: -9.0367107391357422e+00, e: -8.0294275283813477e+00
#ERR m: [876, 863], r: -2.0474579334259033e+00, e: -2.0552508831024170e+00
#ERR m: [876, 864], r: -2.2330500185489655e-01, e: -2.2361844778060913e-01
#ERR m: [876, 865], r: 3.7317628860473633e+00, e: 3.5828776359558105e+00
#ERR m: [876, 866], r: -6.1401402950286865e-01, e: -7.5852799415588379e-01
#ERR m: [876, 867], r: 7.5219899415969849e-01, e: 7.3793578147888184e-01
#ERR m: [876, 868], r: -5.8428759574890137e+00, e: -5.9228811264038086e+00
#ERR m: [876, 869], r: -3.2237410545349121e+00, e: -3.3704972267150879e+00
#ERR m: [876, 870], r: -8.5317999124526978e-02, e: -6.1293158680200577e-02
#ERR m: [876, 871], r: -5.3547602891921997e-01, e: -5.3462010622024536e-01
#ERR m: [876, 872], r: 1.3344110250473022e+00, e: 1.4405165910720825e+00
#ERR m: [876, 873], r: -2.0946629047393799e+00, e: -2.1532647609710693e+00
#ERR m: [876, 874], r: -1.7644499540328979e+00, e: -1.8144317865371704e+00
#ERR m: [876, 875], r: 1.2367869615554810e+00, e: 1.2730833292007446e+00
#ERR m: [877, 854], r: 8.3625003695487976e-02, e: 8.3293877542018890e-02
#ERR m: [877, 855], r: 1.7282220125198364e+00, e: 1.7291723489761353e+00
#ERR m: [877, 856], r: 9.8224315643310547e+00, e: 9.9003162384033203e+00
#ERR m: [877, 857], r: -4.9829721450805664e+00, e: -5.0224261283874512e+00
#ERR m: [877, 858], r: -1.6626019477844238e+00, e: -1.6591205596923828e+00
#ERR m: [877, 859], r: -1.5927670001983643e+00, e: -1.6006112098693848e+00
#ERR m: [877, 860], r: 8.6383924484252930e+00, e: 8.8732433319091797e+00
#ERR m: [877, 861], r: -4.7326011657714844e+00, e: -4.7055244445800781e+00
#ERR m: [877, 862], r: 1.7271236419677734e+01, e: 1.5837512969970703e+01
#ERR m: [877, 863], r: 2.3770349025726318e+00, e: 2.3361713886260986e+00
#ERR m: [877, 864], r: -1.1187469959259033e+00, e: -1.1197977066040039e+00
#ERR m: [877, 865], r: -1.1704999953508377e-01, e: -5.7590883225202560e-02
#ERR m: [877, 866], r: 5.6334197521209717e-01, e: 6.7537975311279297e-01
#ERR m: [877, 867], r: -5.7213300466537476e-01, e: -5.6233006715774536e-01
#ERR m: [877, 868], r: 1.8004186630249023e+01, e: 1.8535961151123047e+01
#ERR m: [877, 869], r: 1.2614330053329468e+00, e: 1.4389694929122925e+00
#ERR m: [877, 870], r: -6.6008800268173218e-01, e: -6.3958811759948730e-01
#ERR m: [877, 871], r: -4.1690099239349365e-01, e: -4.1663461923599243e-01
#ERR m: [877, 872], r: -1.3087240457534790e+00, e: -1.3401557207107544e+00
#ERR m: [877, 873], r: -1.3844899833202362e-01, e: -1.5397948026657104e-01
#ERR m: [877, 874], r: -2.8176999092102051e-01, e: -3.0177599191665649e-01
#ERR m: [877, 875], r: -1.3043559789657593e+00, e: -1.2998586893081665e+00
#ERR m: [877, 876], r: -4.1083000600337982e-02, e: -3.7152934819459915e-02
#ERR m: [878, 854], r: 4.0613400936126709e-01, e: 4.0452587604522705e-01
#ERR m: [878, 855], r: -1.4755900204181671e-01, e: -1.4567734301090240e-01
#ERR m: [878, 856], r: -2.3629500865936279e+00, e: -2.3774085044860840e+00
#ERR m: [878, 857], r: 7.2134697437286377e-01, e: 7.3028814792633057e-01
#ERR m: [878, 858], r: 3.2786801457405090e-01, e: 3.2773604989051819e-01
#ERR m: [878, 859], r: -1.3607579469680786e+00, e: -1.3626898527145386e+00
#ERR m: [878, 860], r: 4.2009239196777344e+00, e: 4.3071041107177734e+00
#ERR m: [878, 861], r: -1.8805350065231323e+00, e: -1.8746305704116821e+00
#ERR m: [878, 862], r: 1.8488130569458008e+01, e: 1.6884693145751953e+01
#ERR m: [878, 863], r: 2.9056169986724854e+00, e: 2.8838231563568115e+00
#ERR m: [878, 864], r: -7.1679198741912842e-01, e: -7.1872299909591675e-01
#ERR m: [878, 865], r: -1.1100384712219238e+01, e: -1.0509433746337891e+01
#ERR m: [878, 866], r: -2.1706280708312988e+00, e: -2.3840923309326172e+00
#ERR m: [878, 867], r: 9.1221100091934204e-01, e: 9.1385656595230103e-01
#ERR m: [878, 868], r: 3.3763572692871094e+01, e: 3.4900463104248047e+01
#ERR m: [878, 869], r: 1.4455759525299072e+00, e: 1.7756265401840210e+00
#ERR m: [878, 870], r: -1.0527240037918091e+00, e: -1.0259399414062500e+00
#ERR m: [878, 871], r: -6.2382000684738159e-01, e: -6.2256115674972534e-01
#ERR m: [878, 872], r: -4.3538818359375000e+00, e: -4.4336805343627930e+00
#ERR m: [878, 873], r: -3.5238000750541687e-01, e: -3.9185678958892822e-01
#ERR m: [878, 874], r: -1.5271489620208740e+00, e: -1.5485140085220337e+00
#ERR m: [878, 875], r: -6.3447996973991394e-02, e: -5.1238749176263809e-02
#ERR m: [878, 876], r: 4.2479300498962402e-01, e: 4.2268118262290955e-01
#ERR m: [878, 877], r: 1.0287230014801025e+00, e: 1.0359185934066772e+00
#ERR m: [879, 854], r: -1.4735299348831177e-01, e: -1.4676961302757263e-01
#ERR m: [879, 855], r: 1.0930490493774414e+00, e: 1.0926992893218994e+00
#ERR m: [879, 856], r: 5.6451258659362793e+00, e: 5.6880745887756348e+00
#ERR m: [879, 857], r: -2.7383749485015869e+00, e: -2.7602050304412842e+00
#ERR m: [879, 858], r: -1.0744210481643677e+00, e: -1.0704199075698853e+00
#ERR m: [879, 859], r: -1.3940320014953613e+00, e: -1.4023630619049072e+00
#ERR m: [879, 860], r: 1.0006999596953392e-02, e: 4.5777957886457443e-02
#ERR m: [879, 861], r: 4.0853899717330933e-01, e: 3.8504388928413391e-01
#ERR m: [879, 862], r: 1.3910084724426270e+01, e: 1.2620580673217773e+01
#ERR m: [879, 863], r: 2.5041549205780029e+00, e: 2.5028188228607178e+00
#ERR m: [879, 864], r: -9.0677000582218170e-02, e: -9.1329932212829590e-02
#ERR m: [879, 865], r: -1.0071343421936035e+01, e: -9.5920696258544922e+00
#ERR m: [879, 866], r: -7.3507899045944214e-01, e: -7.3306119441986084e-01
#ERR m: [879, 867], r: -1.0736499726772308e-01, e: -9.6102058887481689e-02
#ERR m: [879, 868], r: 2.1550960540771484e+00, e: 2.1343908309936523e+00
#ERR m: [879, 869], r: -4.6313300728797913e-01, e: -4.8641762137413025e-01
#ERR m: [879, 870], r: -2.9220199584960938e-01, e: -2.7030026912689209e-01
#ERR m: [879, 871], r: -4.0266698598861694e-01, e: -4.0288063883781433e-01
#ERR m: [879, 872], r: -3.6158499717712402e+00, e: -3.7649190425872803e+00
#ERR m: [879, 873], r: 8.0705100297927856e-01, e: 7.9686158895492554e-01
#ERR m: [879, 874], r: -2.5941500067710876e-01, e: -2.6986378431320190e-01
#ERR m: [879, 875], r: -3.7946200370788574e-01, e: -3.7542876601219177e-01
#ERR m: [879, 876], r: -3.9225798845291138e-01, e: -3.8024190068244934e-01
#ERR m: [879, 877], r: -1.0156359672546387e+00, e: -1.0343921184539795e+00
#ERR m: [879, 878], r: -5.5630999803543091e-01, e: -5.3686696290969849e-01
#ERR m: [880, 854], r: -8.3456002175807953e-02, e: -8.3125650882720947e-02
#ERR m: [880, 855], r: 2.0502951145172119e+00, e: 2.0505547523498535e+00
#ERR m: [880, 856], r: 1.1531970024108887e+01, e: 1.1621675491333008e+01
#ERR m: [880, 857], r: -5.4690098762512207e+00, e: -5.5165958404541016e+00
#ERR m: [880, 858], r: -2.0217399597167969e+00, e: -2.0173192024230957e+00
#ERR m: [880, 859], r: -2.2450470924377441e+00, e: -2.2553551197052002e+00
#ERR m: [880, 860], r: 6.5678801536560059e+00, e: 6.7649712562561035e+00
#ERR m: [880, 861], r: -3.2325170040130615e+00, e: -3.2278697490692139e+00
#ERR m: [880, 862], r: 1.7044832229614258e+01, e: 1.5564208984375000e+01
#ERR m: [880, 863], r: 2.5871059894561768e+00, e: 2.5577023029327393e+00
#ERR m: [880, 865], r: -6.6963739395141602e+00, e: -6.4000630378723145e+00
#ERR m: [880, 866], r: -1.2438369989395142e+00, e: -1.3774260282516479e+00
#ERR m: [880, 867], r: 5.1021701097488403e-01, e: 5.1817572116851807e-01
#ERR m: [880, 868], r: 1.2051749229431152e+01, e: 1.2395898818969727e+01
#ERR m: [880, 869], r: 7.0867598056793213e-01, e: 8.1931757926940918e-01
#ERR m: [880, 870], r: -5.0849497318267822e-01, e: -4.8941445350646973e-01
#ERR m: [880, 872], r: -1.6577689647674561e+00, e: -1.7192831039428711e+00
#ERR m: [880, 873], r: 1.0785299539566040e+00, e: 1.1066200733184814e+00
#ERR m: [880, 874], r: 1.1182340383529663e+00, e: 1.1322759389877319e+00
#ERR m: [880, 875], r: -1.1324889659881592e+00, e: -1.1470586061477661e+00
#ERR m: [880, 876], r: -3.4075799584388733e-01, e: -3.4221550822257996e-01
#ERR m: [880, 877], r: -8.7051397562026978e-01, e: -8.7275546789169312e-01
#ERR m: [880, 878], r: 9.6753901243209839e-01, e: 9.7969627380371094e-01
#ERR m: [880, 879], r: -5.7528901100158691e-01, e: -5.6869065761566162e-01
#ERR m: [881, 854], r: 4.1871500015258789e-01, e: 4.1705670952796936e-01
#ERR m: [881, 855], r: -3.3792498707771301e-01, e: -3.3604505658149719e-01
#ERR m: [881, 856], r: -2.9240980148315430e+00, e: -2.9429032802581787e+00
#ERR m: [881, 857], r: 1.7756379842758179e+00, e: 1.7806218862533569e+00
#ERR m: [881, 858], r: 3.8129100203514099e-01, e: 3.7855148315429688e-01
#ERR m: [881, 859], r: -5.4618698358535767e-01, e: -5.4283750057220459e-01
#ERR m: [881, 860], r: -3.9036839008331299e+00, e: -4.0089788436889648e+00
#ERR m: [881, 861], r: 2.7187540531158447e+00, e: 2.6920180320739746e+00
#ERR m: [881, 862], r: 3.4575009346008301e+00, e: 3.0747754573822021e+00
#ERR m: [881, 863], r: 8.4053397178649902e-01, e: 8.4954732656478882e-01
#ERR m: [881, 864], r: 1.7979599535465240e-01, e: 1.7926363646984100e-01
#ERR m: [881, 865], r: -4.7700839042663574e+00, e: -4.5314769744873047e+00
#ERR m: [881, 866], r: 2.4071499705314636e-01, e: 3.4534862637519836e-01
#ERR m: [881, 867], r: -4.9257698655128479e-01, e: -4.8819449543952942e-01
#ERR m: [881, 868], r: -1.8321590423583984e+00, e: -1.9312485456466675e+00
#ERR m: [881, 869], r: 1.1044559478759766e+00, e: 1.1243749856948853e+00
#ERR m: [881, 870], r: 1.9474899768829346e-01, e: 1.7959401011466980e-01
#ERR m: [881, 871], r: 3.9866799116134644e-01, e: 3.9742511510848999e-01
#ERR m: [881, 872], r: 4.7168259620666504e+00, e: 4.8114504814147949e+00
#ERR m: [881, 873], r: 3.8829898834228516e-01, e: 4.3383359909057617e-01
#ERR m: [881, 874], r: 1.3623219728469849e+00, e: 1.4014742374420166e+00
#ERR m: [881, 875], r: 4.5458998531103134e-02, e: 2.2684749215841293e-02
#ERR m: [881, 876], r: -4.3442100286483765e-01, e: -4.3902936577796936e-01
#ERR m: [881, 877], r: -1.3839370012283325e+00, e: -1.3848547935485840e+00
#ERR m: [881, 878], r: 5.5452698469161987e-01, e: 5.6102794408798218e-01
#ERR m: [881, 879], r: 4.7254198789596558e-01, e: 4.7180575132369995e-01
#ERR m: [881, 880], r: 8.2249498367309570e-01, e: 8.1681001186370850e-01
#ERR m: [882, 854], r: -3.4698399901390076e-01, e: -3.4561002254486084e-01
#ERR m: [882, 855], r: -1.1334999799728394e+00, e: -1.1355104446411133e+00
#ERR m: [882, 856], r: -6.7977151870727539e+00, e: -6.8543577194213867e+00
#ERR m: [882, 857], r: 3.2932889461517334e+00, e: 3.3246045112609863e+00
#ERR m: [882, 858], r: 1.2288039922714233e+00, e: 1.2272609472274780e+00
#ERR m: [882, 859], r: 2.0359399318695068e+00, e: 2.0415036678314209e+00
#ERR m: [882, 860], r: -4.6717038154602051e+00, e: -4.8043518066406250e+00
#ERR m: [882, 861], r: 1.7907210588455200e+00, e: 1.7970035076141357e+00
#ERR m: [882, 862], r: -2.0116127014160156e+01, e: -1.8333681106567383e+01
#ERR m: [882, 863], r: -3.2920050621032715e+00, e: -3.2737741470336914e+00
#ERR m: [882, 864], r: 5.9619599580764771e-01, e: 5.9777212142944336e-01
#ERR m: [882, 865], r: 9.5841560363769531e+00, e: 9.0786247253417969e+00
#ERR m: [882, 866], r: 1.5361230373382568e+00, e: 1.6639436483383179e+00
#ERR m: [882, 867], r: -5.2531498670578003e-01, e: -5.2868771553039551e-01
#ERR m: [882, 868], r: -1.6915937423706055e+01, e: -1.7464233398437500e+01
#ERR m: [882, 869], r: -1.2335469722747803e+00, e: -1.4139504432678223e+00
#ERR m: [882, 870], r: 6.2213200330734253e-01, e: 6.0445618629455566e-01
#ERR m: [882, 872], r: -3.3613899350166321e-01, e: -3.5019949078559875e-01
#ERR m: [882, 873], r: -4.8569598793983459e-01, e: -5.1098257303237915e-01
#ERR m: [882, 874], r: -7.3354601860046387e-01, e: -7.5614637136459351e-01
#ERR m: [882, 875], r: 6.2821900844573975e-01, e: 6.4501434564590454e-01
#ERR m: [882, 876], r: 2.5928598642349243e-01, e: 2.6414462924003601e-01
#ERR m: [882, 877], r: 9.6258497238159180e-01, e: 9.6128129959106445e-01
#ERR m: [882, 878], r: -1.1735930442810059e+00, e: -1.1830158233642578e+00
#ERR m: [882, 879], r: 5.9635400772094727e-01, e: 5.9040755033493042e-01
#ERR m: [882, 881], r: 6.7819997668266296e-02, e: 6.7096941173076630e-02
#ERR m: [883, 854], r: 3.6080500483512878e-01, e: 3.5937663912773132e-01
#ERR m: [883, 855], r: -4.3729901313781738e-01, e: -4.3572571873664856e-01
#ERR m: [883, 856], r: -3.8751249313354492e+00, e: -3.9019052982330322e+00
#ERR m: [883, 857], r: 3.7982618808746338e+00, e: 3.7952926158905029e+00
#ERR m: [883, 858], r: 7.5196099281311035e-01, e: 7.4044561386108398e-01
#ERR m: [883, 859], r: 1.1887910366058350e+00, e: 1.2083332538604736e+00
#ERR m: [883, 860], r: -3.7511661052703857e+00, e: -3.9219691753387451e+00
#ERR m: [883, 861], r: 2.2408330440521240e+00, e: 2.2505135536193848e+00
#ERR m: [883, 862], r: -1.6566656112670898e+01, e: -1.5085341453552246e+01
#ERR m: [883, 863], r: -2.4864320755004883e+00, e: -2.4471614360809326e+00
#ERR m: [883, 864], r: 9.1431802511215210e-01, e: 9.1349327564239502e-01
#ERR m: [883, 865], r: -2.0596070289611816e+00, e: -1.9257900714874268e+00
#ERR m: [883, 866], r: 1.1458460092544556e+00, e: 1.3771915435791016e+00
#ERR m: [883, 867], r: -1.1179620027542114e+00, e: -1.1049728393554688e+00
#ERR m: [883, 868], r: -4.9525628089904785e+00, e: -5.2297391891479492e+00
#ERR m: [883, 869], r: -1.5125830173492432e+00, e: -1.6389288902282715e+00
#ERR m: [883, 870], r: -1.0838700085878372e-01, e: -8.5437811911106110e-02
#ERR m: [883, 871], r: -4.8936098814010620e-01, e: -4.8880422115325928e-01
#ERR m: [883, 872], r: -5.6242008209228516e+00, e: -5.7977561950683594e+00
#ERR m: [883, 873], r: -1.0188490152359009e+00, e: -1.1155567169189453e+00
#ERR m: [883, 874], r: -2.9302060604095459e+00, e: -3.0120849609375000e+00
#ERR m: [883, 875], r: 6.0638701915740967e-01, e: 6.5793156623840332e-01
#ERR m: [883, 876], r: 6.4301002025604248e-01, e: 6.6156876087188721e-01
#ERR m: [883, 877], r: 1.9020830392837524e+00, e: 1.8889709711074829e+00
#ERR m: [883, 878], r: -1.6667109727859497e+00, e: -1.6652359962463379e+00
#ERR m: [883, 879], r: 9.4870400428771973e-01, e: 9.4384759664535522e-01
#ERR m: [883, 880], r: -1.5861510038375854e+00, e: -1.5809020996093750e+00
#ERR m: [883, 881], r: 2.6441499590873718e-01, e: 2.4881593883037567e-01
#ERR m: [883, 882], r: 5.7023602724075317e-01, e: 5.9117609262466431e-01
#SDC Ite:510 KerTime:0.112687 AccTime:57.542034 KerErr:21660 AccErr:21660
#ABORT too many errors per iteration
#END