#HEADER iterations: 1000 img_list: /home/carol/radiation-benchmarks/data/networks_img_list/caltech.pedestrians.1K.txt board: K40
#BEGIN Y:2016 M:12 D:14 Time:16:18:22
#IT Ite:0 KerTime:0.126756 AccTime:0.126756
#IT Ite:1 KerTime:0.124784 AccTime:0.251540
#IT Ite:2 KerTime:0.125351 AccTime:0.376891
#IT Ite:3 KerTime:0.128088 AccTime:0.504979
#IT Ite:4 KerTime:0.124605 AccTime:0.629584
#IT Ite:5 KerTime:0.129315 AccTime:0.758899
#IT Ite:6 KerTime:0.126456 AccTime:0.885355
#IT Ite:7 KerTime:0.125579 AccTime:1.010934
#IT Ite:8 KerTime:0.124647 AccTime:1.135581
#IT Ite:9 KerTime:0.124352 AccTime:1.259933
#IT Ite:10 KerTime:0.131363 AccTime:1.391296
#IT Ite:11 KerTime:0.128667 AccTime:1.519963
#IT Ite:12 KerTime:0.127673 AccTime:1.647636
#IT Ite:13 KerTime:0.127405 AccTime:1.775041
#IT Ite:14 KerTime:0.127193 AccTime:1.902234
#IT Ite:15 KerTime:0.127134 AccTime:2.029368
#IT Ite:16 KerTime:0.130208 AccTime:2.159576
#IT Ite:17 KerTime:0.124063 AccTime:2.283639
#IT Ite:18 KerTime:0.127257 AccTime:2.410896
#IT Ite:19 KerTime:0.127837 AccTime:2.538733
#IT Ite:20 KerTime:0.128163 AccTime:2.666896
#IT Ite:21 KerTime:0.126383 AccTime:2.793279
#IT Ite:22 KerTime:0.124848 AccTime:2.918127
#IT Ite:23 KerTime:0.128579 AccTime:3.046706
#IT Ite:24 KerTime:0.126585 AccTime:3.173291
#IT Ite:25 KerTime:0.128415 AccTime:3.301706
#IT Ite:26 KerTime:0.127743 AccTime:3.429449
#IT Ite:27 KerTime:0.125055 AccTime:3.554504
#IT Ite:28 KerTime:0.125787 AccTime:3.680291
#IT Ite:29 KerTime:0.130440 AccTime:3.810731
#IT Ite:30 KerTime:0.125730 AccTime:3.936461
#IT Ite:31 KerTime:0.128524 AccTime:4.064985
#IT Ite:32 KerTime:0.125896 AccTime:4.190881
#IT Ite:33 KerTime:0.126376 AccTime:4.317257
#IT Ite:34 KerTime:0.123283 AccTime:4.440540
#IT Ite:35 KerTime:0.127358 AccTime:4.567898
#IT Ite:36 KerTime:0.125903 AccTime:4.693801
#IT Ite:37 KerTime:0.128519 AccTime:4.822320
#IT Ite:38 KerTime:0.126818 AccTime:4.949138
#IT Ite:39 KerTime:0.125439 AccTime:5.074577
#IT Ite:40 KerTime:0.125976 AccTime:5.200553
#IT Ite:41 KerTime:0.126484 AccTime:5.327037
#IT Ite:42 KerTime:0.127806 AccTime:5.454843
#IT Ite:43 KerTime:0.124720 AccTime:5.579563
#IT Ite:44 KerTime:0.128029 AccTime:5.707592
#IT Ite:45 KerTime:0.126405 AccTime:5.833997
#IT Ite:46 KerTime:0.129031 AccTime:5.963028
#IT Ite:47 KerTime:0.127920 AccTime:6.090948
#IT Ite:48 KerTime:0.125638 AccTime:6.216586
#IT Ite:49 KerTime:0.126631 AccTime:6.343217
#IT Ite:50 KerTime:0.129163 AccTime:6.472380
#IT Ite:51 KerTime:0.126688 AccTime:6.599068
#IT Ite:52 KerTime:0.128020 AccTime:6.727088
#IT Ite:53 KerTime:0.126225 AccTime:6.853313
#IT Ite:54 KerTime:0.127951 AccTime:6.981264
#IT Ite:55 KerTime:0.126808 AccTime:7.108072
#IT Ite:56 KerTime:0.128001 AccTime:7.236073
#IT Ite:57 KerTime:0.127554 AccTime:7.363627
#IT Ite:58 KerTime:0.128506 AccTime:7.492133
#IT Ite:59 KerTime:0.124815 AccTime:7.616948
#IT Ite:60 KerTime:0.124468 AccTime:7.741416
#IT Ite:61 KerTime:0.125024 AccTime:7.866440
#IT Ite:62 KerTime:0.125957 AccTime:7.992397
#IT Ite:63 KerTime:0.126386 AccTime:8.118783
#IT Ite:64 KerTime:0.127764 AccTime:8.246547
#IT Ite:65 KerTime:0.127758 AccTime:8.374305
#IT Ite:66 KerTime:0.126886 AccTime:8.501191
#IT Ite:67 KerTime:0.128543 AccTime:8.629734
#IT Ite:68 KerTime:0.129485 AccTime:8.759219
#IT Ite:69 KerTime:0.131384 AccTime:8.890603
#IT Ite:70 KerTime:0.125284 AccTime:9.015887
#IT Ite:71 KerTime:0.131678 AccTime:9.147565
#IT Ite:72 KerTime:0.130337 AccTime:9.277902
#IT Ite:73 KerTime:0.126862 AccTime:9.404764
#IT Ite:74 KerTime:0.126102 AccTime:9.530866
#IT Ite:75 KerTime:0.126367 AccTime:9.657233
#IT Ite:76 KerTime:0.126704 AccTime:9.783937
#IT Ite:77 KerTime:0.127865 AccTime:9.911802
#IT Ite:78 KerTime:0.127071 AccTime:10.038873
#IT Ite:79 KerTime:0.125938 AccTime:10.164811
#IT Ite:80 KerTime:0.126917 AccTime:10.291728
#IT Ite:81 KerTime:0.125882 AccTime:10.417610
#IT Ite:82 KerTime:0.134077 AccTime:10.551687
#IT Ite:83 KerTime:0.129923 AccTime:10.681610
#IT Ite:84 KerTime:0.128249 AccTime:10.809859
#IT Ite:85 KerTime:0.126435 AccTime:10.936294
#IT Ite:86 KerTime:0.125499 AccTime:11.061793
#IT Ite:87 KerTime:0.126765 AccTime:11.188558
#IT Ite:88 KerTime:0.126761 AccTime:11.315319
#IT Ite:89 KerTime:0.125884 AccTime:11.441203
#IT Ite:90 KerTime:0.129061 AccTime:11.570264
#IT Ite:91 KerTime:0.127378 AccTime:11.697642
#IT Ite:92 KerTime:0.126523 AccTime:11.824165
#IT Ite:93 KerTime:0.125973 AccTime:11.950138
#IT Ite:94 KerTime:0.125299 AccTime:12.075437
#IT Ite:95 KerTime:0.134779 AccTime:12.210216
#IT Ite:96 KerTime:0.130805 AccTime:12.341021
#IT Ite:97 KerTime:0.128669 AccTime:12.469690
#IT Ite:98 KerTime:0.126802 AccTime:12.596492
#IT Ite:99 KerTime:0.126037 AccTime:12.722529
#IT Ite:100 KerTime:0.127313 AccTime:12.849842
#IT Ite:101 KerTime:0.128277 AccTime:12.978119
#IT Ite:102 KerTime:0.127434 AccTime:13.105553
#IT Ite:103 KerTime:0.127952 AccTime:13.233505
#IT Ite:104 KerTime:0.126231 AccTime:13.359736
#IT Ite:105 KerTime:0.126690 AccTime:13.486426
#IT Ite:106 KerTime:0.128256 AccTime:13.614682
#IT Ite:107 KerTime:0.129778 AccTime:13.744460
#IT Ite:108 KerTime:0.124726 AccTime:13.869186
#IT Ite:109 KerTime:0.130547 AccTime:13.999733
#IT Ite:110 KerTime:0.126638 AccTime:14.126371
#IT Ite:111 KerTime:0.125921 AccTime:14.252292
#IT Ite:112 KerTime:0.126070 AccTime:14.378362
#IT Ite:113 KerTime:0.126607 AccTime:14.504969
#IT Ite:114 KerTime:0.126593 AccTime:14.631562
#IT Ite:115 KerTime:0.126623 AccTime:14.758185
#IT Ite:116 KerTime:0.127786 AccTime:14.885971
#IT Ite:117 KerTime:0.127044 AccTime:15.013015
#IT Ite:118 KerTime:0.126854 AccTime:15.139869
#IT Ite:119 KerTime:0.126276 AccTime:15.266145
#IT Ite:120 KerTime:0.136025 AccTime:15.402170
#IT Ite:121 KerTime:0.131539 AccTime:15.533709
#IT Ite:122 KerTime:0.131768 AccTime:15.665477
#IT Ite:123 KerTime:0.130152 AccTime:15.795629
#IT Ite:124 KerTime:0.129381 AccTime:15.925010
#IT Ite:125 KerTime:0.128300 AccTime:16.053310
#IT Ite:126 KerTime:0.127697 AccTime:16.181007
#IT Ite:127 KerTime:0.128449 AccTime:16.309456
#IT Ite:128 KerTime:0.127419 AccTime:16.436875
#IT Ite:129 KerTime:0.126993 AccTime:16.563868
#IT Ite:130 KerTime:0.128575 AccTime:16.692443
#IT Ite:131 KerTime:0.125765 AccTime:16.818208
#IT Ite:132 KerTime:0.128453 AccTime:16.946661
#IT Ite:133 KerTime:0.125567 AccTime:17.072228
#IT Ite:134 KerTime:0.132954 AccTime:17.205182
#IT Ite:135 KerTime:0.126042 AccTime:17.331224
#IT Ite:136 KerTime:0.125986 AccTime:17.457210
#IT Ite:137 KerTime:0.127571 AccTime:17.584781
#IT Ite:138 KerTime:0.130888 AccTime:17.715669
#IT Ite:139 KerTime:0.127130 AccTime:17.842799
#IT Ite:140 KerTime:0.125947 AccTime:17.968746
#IT Ite:141 KerTime:0.126376 AccTime:18.095122
#IT Ite:142 KerTime:0.127814 AccTime:18.222936
#IT Ite:143 KerTime:0.130256 AccTime:18.353192
#IT Ite:144 KerTime:0.128231 AccTime:18.481423
#IT Ite:145 KerTime:0.125323 AccTime:18.606746
#IT Ite:146 KerTime:0.126782 AccTime:18.733528
#IT Ite:147 KerTime:0.125710 AccTime:18.859238
#IT Ite:148 KerTime:0.127342 AccTime:18.986580
#IT Ite:149 KerTime:0.127570 AccTime:19.114150
#IT Ite:150 KerTime:0.126429 AccTime:19.240579
#IT Ite:151 KerTime:0.128216 AccTime:19.368795
#IT Ite:152 KerTime:0.128100 AccTime:19.496895
#IT Ite:153 KerTime:0.127655 AccTime:19.624550
#IT Ite:154 KerTime:0.128959 AccTime:19.753509
#IT Ite:155 KerTime:0.127935 AccTime:19.881444
#IT Ite:156 KerTime:0.127312 AccTime:20.008756
#IT Ite:157 KerTime:0.125081 AccTime:20.133837
#IT Ite:158 KerTime:0.128564 AccTime:20.262401
#IT Ite:159 KerTime:0.125472 AccTime:20.387873
#IT Ite:160 KerTime:0.125445 AccTime:20.513318
#IT Ite:161 KerTime:0.125232 AccTime:20.638550
#IT Ite:162 KerTime:0.126887 AccTime:20.765437
#IT Ite:163 KerTime:0.127966 AccTime:20.893403
#IT Ite:164 KerTime:0.126787 AccTime:21.020190
#IT Ite:165 KerTime:0.127157 AccTime:21.147347
#IT Ite:166 KerTime:0.128366 AccTime:21.275713
#IT Ite:167 KerTime:0.126454 AccTime:21.402167
#IT Ite:168 KerTime:0.126347 AccTime:21.528514
#IT Ite:169 KerTime:0.132494 AccTime:21.661008
#IT Ite:170 KerTime:0.125376 AccTime:21.786384
#IT Ite:171 KerTime:0.129657 AccTime:21.916041
#IT Ite:172 KerTime:0.124678 AccTime:22.040719
#IT Ite:173 KerTime:0.125493 AccTime:22.166212
#IT Ite:174 KerTime:0.126161 AccTime:22.292373
#IT Ite:175 KerTime:0.127912 AccTime:22.420285
#IT Ite:176 KerTime:0.127558 AccTime:22.547843
#IT Ite:177 KerTime:0.127457 AccTime:22.675300
#IT Ite:178 KerTime:0.130472 AccTime:22.805772
#IT Ite:179 KerTime:0.129897 AccTime:22.935669
#IT Ite:180 KerTime:0.128428 AccTime:23.064097
#IT Ite:181 KerTime:0.127921 AccTime:23.192018
#IT Ite:182 KerTime:0.129796 AccTime:23.321814
#IT Ite:183 KerTime:0.127003 AccTime:23.448817
#IT Ite:184 KerTime:0.127968 AccTime:23.576785
#IT Ite:185 KerTime:0.126086 AccTime:23.702871
#IT Ite:186 KerTime:0.126094 AccTime:23.828965
#IT Ite:187 KerTime:0.127702 AccTime:23.956667
#IT Ite:188 KerTime:0.127971 AccTime:24.084638
#IT Ite:189 KerTime:0.128592 AccTime:24.213230
#IT Ite:190 KerTime:0.127007 AccTime:24.340237
#IT Ite:191 KerTime:0.126911 AccTime:24.467148
#IT Ite:192 KerTime:0.127174 AccTime:24.594322
#IT Ite:193 KerTime:0.128152 AccTime:24.722474
#IT Ite:194 KerTime:0.125805 AccTime:24.848279
#IT Ite:195 KerTime:0.129585 AccTime:24.977864
#IT Ite:196 KerTime:0.125824 AccTime:25.103688
#IT Ite:197 KerTime:0.132148 AccTime:25.235836
#IT Ite:198 KerTime:0.126857 AccTime:25.362693
#IT Ite:199 KerTime:0.125241 AccTime:25.487934
#IT Ite:200 KerTime:0.125930 AccTime:25.613864
#IT Ite:201 KerTime:0.125260 AccTime:25.739124
#IT Ite:202 KerTime:0.127971 AccTime:25.867095
#IT Ite:203 KerTime:0.128088 AccTime:25.995183
#IT Ite:204 KerTime:0.126932 AccTime:26.122115
#IT Ite:205 KerTime:0.126692 AccTime:26.248807
#IT Ite:206 KerTime:0.127356 AccTime:26.376163
#IT Ite:207 KerTime:0.126156 AccTime:26.502319
#IT Ite:208 KerTime:0.128250 AccTime:26.630569
#IT Ite:209 KerTime:0.125464 AccTime:26.756033
#IT Ite:210 KerTime:0.130072 AccTime:26.886105
#IT Ite:211 KerTime:0.126007 AccTime:27.012112
#IT Ite:212 KerTime:0.127710 AccTime:27.139822
#IT Ite:213 KerTime:0.128676 AccTime:27.268498
#IT Ite:214 KerTime:0.125445 AccTime:27.393943
#IT Ite:215 KerTime:0.127706 AccTime:27.521649
#IT Ite:216 KerTime:0.129380 AccTime:27.651029
#IT Ite:217 KerTime:0.127502 AccTime:27.778531
#IT Ite:218 KerTime:0.127691 AccTime:27.906222
#IT Ite:219 KerTime:0.129478 AccTime:28.035700
#IT Ite:220 KerTime:0.125848 AccTime:28.161548
#IT Ite:221 KerTime:0.127710 AccTime:28.289258
#IT Ite:222 KerTime:0.126824 AccTime:28.416082
#IT Ite:223 KerTime:0.130829 AccTime:28.546911
#IT Ite:224 KerTime:0.129579 AccTime:28.676490
#IT Ite:225 KerTime:0.127160 AccTime:28.803650
#IT Ite:226 KerTime:0.126508 AccTime:28.930158
#IT Ite:227 KerTime:0.125539 AccTime:29.055697
#IT Ite:228 KerTime:0.126086 AccTime:29.181783
#IT Ite:229 KerTime:0.128557 AccTime:29.310340
#IT Ite:230 KerTime:0.128220 AccTime:29.438560
#IT Ite:231 KerTime:0.126051 AccTime:29.564611
#IT Ite:232 KerTime:0.128811 AccTime:29.693422
#IT Ite:233 KerTime:0.128837 AccTime:29.822259
#IT Ite:234 KerTime:0.129975 AccTime:29.952234
#IT Ite:235 KerTime:0.126283 AccTime:30.078517
#IT Ite:236 KerTime:0.128356 AccTime:30.206873
#IT Ite:237 KerTime:0.128511 AccTime:30.335384
#IT Ite:238 KerTime:0.130029 AccTime:30.465413
#IT Ite:239 KerTime:0.127045 AccTime:30.592458
#IT Ite:240 KerTime:0.125809 AccTime:30.718267
#IT Ite:241 KerTime:0.130937 AccTime:30.849204
#IT Ite:242 KerTime:0.127172 AccTime:30.976376
#IT Ite:243 KerTime:0.127312 AccTime:31.103688
#IT Ite:244 KerTime:0.126655 AccTime:31.230343
#IT Ite:245 KerTime:0.126576 AccTime:31.356919
#IT Ite:246 KerTime:0.127426 AccTime:31.484345
#IT Ite:247 KerTime:0.128909 AccTime:31.613254
#IT Ite:248 KerTime:0.125413 AccTime:31.738667
#IT Ite:249 KerTime:0.129108 AccTime:31.867775
#IT Ite:250 KerTime:0.125594 AccTime:31.993369
#IT Ite:251 KerTime:0.127080 AccTime:32.120449
#IT Ite:252 KerTime:0.127653 AccTime:32.248102
#IT Ite:253 KerTime:0.126926 AccTime:32.375028
#IT Ite:254 KerTime:0.129884 AccTime:32.504912
#IT Ite:255 KerTime:0.127720 AccTime:32.632632
#IT Ite:256 KerTime:0.127551 AccTime:32.760183
#IT Ite:257 KerTime:0.126558 AccTime:32.886741
#IT Ite:258 KerTime:0.126364 AccTime:33.013105
#IT Ite:259 KerTime:0.128634 AccTime:33.141739
#IT Ite:260 KerTime:0.129257 AccTime:33.270996
#IT Ite:261 KerTime:0.127420 AccTime:33.398416
#IT Ite:262 KerTime:0.126684 AccTime:33.525100
#IT Ite:263 KerTime:0.127784 AccTime:33.652884
#IT Ite:264 KerTime:0.129638 AccTime:33.782522
#IT Ite:265 KerTime:0.126587 AccTime:33.909109
#IT Ite:266 KerTime:0.128340 AccTime:34.037449
#IT Ite:267 KerTime:0.129046 AccTime:34.166495
#IT Ite:268 KerTime:0.127720 AccTime:34.294215
#IT Ite:269 KerTime:0.129196 AccTime:34.423411
#IT Ite:270 KerTime:0.126937 AccTime:34.550348
#IT Ite:271 KerTime:0.129321 AccTime:34.679669
#IT Ite:272 KerTime:0.125996 AccTime:34.805665
#IT Ite:273 KerTime:0.138249 AccTime:34.943914
#IT Ite:274 KerTime:0.133804 AccTime:35.077718
#IT Ite:275 KerTime:0.131158 AccTime:35.208876
#IT Ite:276 KerTime:0.128785 AccTime:35.337661
#IT Ite:277 KerTime:0.129107 AccTime:35.466768
#IT Ite:278 KerTime:0.129551 AccTime:35.596319
#IT Ite:279 KerTime:0.128529 AccTime:35.724848
#ERR img_name: /home/carol/radiation-benchmarks/data/CALTECH/set10/V000/90.jpg class: pottedplant box: [2] x1_e: 143.642684937 x1_r: 139.750732422 y1_e: 185.523666382 y1_r: 187.868789673 x2_e: 168.570755005 x2_r: 170.816253662 y2_e: 234.227859497 y2_r: 239.92338562 
#SDC Ite:279 KerTime:0.128529 AccTime:35.724848 KerErr:1 AccErr:1
#IT Ite:280 KerTime:0.126445 AccTime:35.851293
#IT Ite:281 KerTime:0.125933 AccTime:35.977226
#IT Ite:282 KerTime:0.126544 AccTime:36.103770
#IT Ite:283 KerTime:0.130509 AccTime:36.234279
#IT Ite:284 KerTime:0.128244 AccTime:36.362523
#IT Ite:285 KerTime:0.125972 AccTime:36.488495
#IT Ite:286 KerTime:0.131707 AccTime:36.620202
#IT Ite:287 KerTime:0.129390 AccTime:36.749592
#IT Ite:288 KerTime:0.127955 AccTime:36.877547
#IT Ite:289 KerTime:0.129134 AccTime:37.006681
#IT Ite:290 KerTime:0.127908 AccTime:37.134589
#ERR img_name: /home/carol/radiation-benchmarks/data/CALTECH/set10/V000/835.jpg class: motorbike box: [41] x1_e: 503.572296143 x1_r: 503.571868896 y1_e: 190.633056641 y1_r: 190.629867554 x2_e: 543.204406738 x2_r: 543.204345703 y2_e: 225.36114502 y2_r: 225.355331421 
#SDC Ite:290 KerTime:0.127908 AccTime:37.134589 KerErr:1 AccErr:2
#IT Ite:291 KerTime:0.128250 AccTime:37.262839
#IT Ite:292 KerTime:0.127252 AccTime:37.390091
#IT Ite:293 KerTime:0.129457 AccTime:37.519548
#IT Ite:294 KerTime:0.130097 AccTime:37.649645
#IT Ite:295 KerTime:0.126766 AccTime:37.776411
#IT Ite:296 KerTime:0.127674 AccTime:37.904085
#IT Ite:297 KerTime:0.126332 AccTime:38.030417
#IT Ite:298 KerTime:0.126914 AccTime:38.157331
#IT Ite:299 KerTime:0.126288 AccTime:38.283619
#IT Ite:300 KerTime:0.125520 AccTime:38.409139
#ERR img_name: /home/carol/radiation-benchmarks/data/CALTECH/set10/V000/143.jpg class: tvmonitor box: [40] x1_e: 385.572692871 x1_r: 54.19140625 y1_e: 224.113388062 y1_r: 19.8124313354 x2_e: 434.920532227 x2_r: 422.962799072 y2_e: 269.797180176 y2_r: 161.620483398 
#ERR img_name: /home/carol/radiation-benchmarks/data/CALTECH/set10/V000/143.jpg class: tvmonitor box: [41] x1_e: 54.1914367676 x1_r: 385.572387695 y1_e: 19.8124084473 y1_r: 224.113372803 x2_e: 422.96270752 x2_r: 434.920410156 y2_e: 161.620544434 y2_r: 269.79800415 
#SDC Ite:300 KerTime:0.125520 AccTime:38.409139 KerErr:2 AccErr:4
#IT Ite:301 KerTime:0.126823 AccTime:38.535962
#IT Ite:302 KerTime:0.129573 AccTime:38.665535
#IT Ite:303 KerTime:0.127574 AccTime:38.793109
#ERR img_name: /home/carol/radiation-benchmarks/data/CALTECH/set10/V000/1096.jpg class: bus box: [47] x1_e: 206.490524292 x1_r: 212.239196777 y1_e: 192.627990723 y1_r: 190.499816895 x2_e: 243.824874878 x2_r: 243.78729248 y2_e: 232.071411133 y2_r: 225.461975098 
#SDC Ite:303 KerTime:0.127574 AccTime:38.793109 KerErr:1 AccErr:5
#IT Ite:304 KerTime:0.127327 AccTime:38.920436
#ERR exception: error_network_exection error_info:['Traceback (most recent call last):\n', '  File "/home/carol/radiation-benchmarks/src/cuda/py-faster-rcnn/tools/py_faster_rcnn.py", line 477, in <module>\n    error_count = compare(gold_file[im_name], ret, im_name)\n', '  File "/home/carol/radiation-benchmarks/src/cuda/py-faster-rcnn/tools/py_faster_rcnn.py", line 354, in compare\n    error_count += compare_scores(scrListGold, scrListCurr, i, tempImgName)\n', '  File "/home/carol/radiation-benchmarks/src/cuda/py-faster-rcnn/tools/py_faster_rcnn.py", line 305, in compare_scores\n    lh.log_error_detail("img_name: " + str(img_name) + " class: " + str(cls) + "wrong_score_size: " + scrDiff)\n', "TypeError: cannot concatenate 'str' and 'int' objects\n"] XX Inappropriate argument type. XX cannot concatenate 'str' and 'int' objects
#END