#HEADER size:4096
#BEGIN Y:2016 M:12 D:12 Time:20:45:35
#IT Ite:0 KerTime:0.369195 AccTime:0.369195
#IT Ite:1 KerTime:0.369147 AccTime:0.738342
#IT Ite:2 KerTime:0.369152 AccTime:1.107494
#IT Ite:3 KerTime:0.369158 AccTime:1.476652
#IT Ite:4 KerTime:0.369197 AccTime:1.845849
#IT Ite:5 KerTime:0.369139 AccTime:2.214988
#IT Ite:6 KerTime:0.369152 AccTime:2.584140
#IT Ite:7 KerTime:0.369161 AccTime:2.953301
#IT Ite:8 KerTime:0.369205 AccTime:3.322506
#IT Ite:9 KerTime:0.369232 AccTime:3.691738
#IT Ite:10 KerTime:0.369157 AccTime:4.060895
#IT Ite:11 KerTime:0.369167 AccTime:4.430062
#IT Ite:12 KerTime:0.369223 AccTime:4.799285
#IT Ite:13 KerTime:0.370122 AccTime:5.169407
#IT Ite:14 KerTime:0.371811 AccTime:5.541218
#IT Ite:15 KerTime:0.371792 AccTime:5.913010
#IT Ite:16 KerTime:0.371747 AccTime:6.284757
#IT Ite:17 KerTime:0.371812 AccTime:6.656569
#IT Ite:18 KerTime:0.371811 AccTime:7.028380
#IT Ite:19 KerTime:0.371735 AccTime:7.400115
#IT Ite:20 KerTime:0.371753 AccTime:7.771868
#IT Ite:21 KerTime:0.371825 AccTime:8.143693
#IT Ite:22 KerTime:0.371797 AccTime:8.515490
#IT Ite:23 KerTime:0.371765 AccTime:8.887255
#IT Ite:24 KerTime:0.371771 AccTime:9.259026
#IT Ite:25 KerTime:0.371758 AccTime:9.630784
#IT Ite:26 KerTime:0.371821 AccTime:10.002605
#IT Ite:27 KerTime:0.371817 AccTime:10.374422
#IT Ite:28 KerTime:0.371763 AccTime:10.746185
#IT Ite:29 KerTime:0.371770 AccTime:11.117955
#IT Ite:30 KerTime:0.371814 AccTime:11.489769
#IT Ite:31 KerTime:0.371844 AccTime:11.861613
#IT Ite:32 KerTime:0.371767 AccTime:12.233380
#IT Ite:33 KerTime:0.371777 AccTime:12.605157
#IT Ite:34 KerTime:0.371771 AccTime:12.976928
#IT Ite:35 KerTime:0.371734 AccTime:13.348662
#IT Ite:36 KerTime:0.371836 AccTime:13.720498
#IT Ite:37 KerTime:0.371843 AccTime:14.092341
#IT Ite:38 KerTime:0.371789 AccTime:14.464130
#IT Ite:39 KerTime:0.371828 AccTime:14.835958
#IT Ite:40 KerTime:0.371833 AccTime:15.207791
#IT Ite:41 KerTime:0.371800 AccTime:15.579591
#IT Ite:42 KerTime:0.371803 AccTime:15.951394
#IT Ite:43 KerTime:0.371852 AccTime:16.323246
#IT Ite:44 KerTime:0.371794 AccTime:16.695040
#IT Ite:45 KerTime:0.371854 AccTime:17.066894
#IT Ite:46 KerTime:0.372757 AccTime:17.439651
#IT Ite:47 KerTime:0.374570 AccTime:17.814221
#IT Ite:48 KerTime:0.374650 AccTime:18.188871
#IT Ite:49 KerTime:0.374633 AccTime:18.563504
#IT Ite:50 KerTime:0.374668 AccTime:18.938172
#IT Ite:51 KerTime:0.374663 AccTime:19.312835
#IT Ite:52 KerTime:0.374858 AccTime:19.687693
#IT Ite:53 KerTime:0.374893 AccTime:20.062586
#IT Ite:54 KerTime:0.374648 AccTime:20.437234
#IT Ite:55 KerTime:0.374655 AccTime:20.811889
#IT Ite:56 KerTime:0.374956 AccTime:21.186845
#IT Ite:57 KerTime:0.374862 AccTime:21.561707
#IT Ite:58 KerTime:0.374675 AccTime:21.936382
#IT Ite:59 KerTime:0.374861 AccTime:22.311243
#IT Ite:60 KerTime:0.374706 AccTime:22.685949
#IT Ite:61 KerTime:0.374676 AccTime:23.060625
#IT Ite:62 KerTime:0.374730 AccTime:23.435355
#IT Ite:63 KerTime:0.374707 AccTime:23.810062
#IT Ite:64 KerTime:0.374734 AccTime:24.184796
#IT Ite:65 KerTime:0.374673 AccTime:24.559469
#IT Ite:66 KerTime:0.374735 AccTime:24.934204
#IT Ite:67 KerTime:0.374738 AccTime:25.308942
#IT Ite:68 KerTime:0.374806 AccTime:25.683748
#IT Ite:69 KerTime:0.374707 AccTime:26.058455
#IT Ite:70 KerTime:0.374889 AccTime:26.433344
#IT Ite:71 KerTime:0.374625 AccTime:26.807969
#IT Ite:72 KerTime:0.374694 AccTime:27.182663
#IT Ite:73 KerTime:0.374595 AccTime:27.557258
#IT Ite:74 KerTime:0.374841 AccTime:27.932099
#IT Ite:75 KerTime:0.374828 AccTime:28.306927
#IT Ite:76 KerTime:0.374641 AccTime:28.681568
#IT Ite:77 KerTime:0.374759 AccTime:29.056327
#IT Ite:78 KerTime:0.374659 AccTime:29.430986
#IT Ite:79 KerTime:0.374846 AccTime:29.805832
#IT Ite:80 KerTime:0.374831 AccTime:30.180663
#IT Ite:81 KerTime:0.374568 AccTime:30.555231
#IT Ite:82 KerTime:0.374818 AccTime:30.930049
#IT Ite:83 KerTime:0.374909 AccTime:31.304958
#IT Ite:84 KerTime:0.374869 AccTime:31.679827
#IT Ite:85 KerTime:0.374664 AccTime:32.054491
#IT Ite:86 KerTime:0.374841 AccTime:32.429332
#IT Ite:87 KerTime:0.374780 AccTime:32.804112
#IT Ite:88 KerTime:0.374825 AccTime:33.178937
#IT Ite:89 KerTime:0.374712 AccTime:33.553649
#IT Ite:90 KerTime:0.374687 AccTime:33.928336
#IT Ite:91 KerTime:0.374775 AccTime:34.303111
#IT Ite:92 KerTime:0.374730 AccTime:34.677841
#IT Ite:93 KerTime:0.374870 AccTime:35.052711
#IT Ite:94 KerTime:0.374855 AccTime:35.427566
#IT Ite:95 KerTime:0.374727 AccTime:35.802293
#IT Ite:96 KerTime:0.374724 AccTime:36.177017
#IT Ite:97 KerTime:0.374666 AccTime:36.551683
#IT Ite:98 KerTime:0.374772 AccTime:36.926455
#IT Ite:99 KerTime:0.374770 AccTime:37.301225
#IT Ite:100 KerTime:0.374896 AccTime:37.676121
#IT Ite:101 KerTime:0.374790 AccTime:38.050911
#IT Ite:102 KerTime:0.374768 AccTime:38.425679
#IT Ite:103 KerTime:0.374856 AccTime:38.800535
#IT Ite:104 KerTime:0.374784 AccTime:39.175319
#IT Ite:105 KerTime:0.374885 AccTime:39.550204
#IT Ite:106 KerTime:0.377099 AccTime:39.927303
#IT Ite:107 KerTime:0.377109 AccTime:40.304412
#IT Ite:108 KerTime:0.377118 AccTime:40.681530
#IT Ite:109 KerTime:0.377093 AccTime:41.058623
#IT Ite:110 KerTime:0.377120 AccTime:41.435743
#IT Ite:111 KerTime:0.377099 AccTime:41.812842
#IT Ite:112 KerTime:0.377104 AccTime:42.189946
#IT Ite:113 KerTime:0.377119 AccTime:42.567065
#IT Ite:114 KerTime:0.377105 AccTime:42.944170
#IT Ite:115 KerTime:0.377122 AccTime:43.321292
#IT Ite:116 KerTime:0.377128 AccTime:43.698420
#IT Ite:117 KerTime:0.377068 AccTime:44.075488
#IT Ite:118 KerTime:0.377049 AccTime:44.452537
#IT Ite:119 KerTime:0.377070 AccTime:44.829607
#IT Ite:120 KerTime:0.377693 AccTime:45.207300
#IT Ite:121 KerTime:0.378003 AccTime:45.585303
#IT Ite:122 KerTime:0.378227 AccTime:45.963530
#IT Ite:123 KerTime:0.377801 AccTime:46.341331
#IT Ite:124 KerTime:0.378938 AccTime:46.720269
#IT Ite:125 KerTime:0.377435 AccTime:47.097704
#IT Ite:126 KerTime:0.378771 AccTime:47.476475
#IT Ite:127 KerTime:0.377577 AccTime:47.854052
#IT Ite:128 KerTime:0.378456 AccTime:48.232508
#IT Ite:129 KerTime:0.377466 AccTime:48.609974
#IT Ite:130 KerTime:0.378291 AccTime:48.988265
#IT Ite:131 KerTime:0.377744 AccTime:49.366009
#IT Ite:132 KerTime:0.379223 AccTime:49.745232
#IT Ite:133 KerTime:0.382134 AccTime:50.127366
#IT Ite:134 KerTime:0.389557 AccTime:50.516923
#IT Ite:135 KerTime:0.442732 AccTime:50.959655
#IT Ite:136 KerTime:0.450516 AccTime:51.410171
#IT Ite:137 KerTime:0.428793 AccTime:51.838964
#IT Ite:138 KerTime:0.406542 AccTime:52.245506
#IT Ite:139 KerTime:0.396390 AccTime:52.641896
#IT Ite:140 KerTime:0.381779 AccTime:53.023675
#IT Ite:141 KerTime:0.380153 AccTime:53.403828
#IT Ite:142 KerTime:0.377949 AccTime:53.781777
#IT Ite:143 KerTime:0.378567 AccTime:54.160344
#IT Ite:144 KerTime:0.377395 AccTime:54.537739
#IT Ite:145 KerTime:0.378335 AccTime:54.916074
#IT Ite:146 KerTime:0.377717 AccTime:55.293791
#IT Ite:147 KerTime:0.378435 AccTime:55.672226
#IT Ite:148 KerTime:0.377879 AccTime:56.050105
#IT Ite:149 KerTime:0.378939 AccTime:56.429044
#IT Ite:150 KerTime:0.383094 AccTime:56.812138
#IT Ite:151 KerTime:0.392940 AccTime:57.205078
#IT Ite:152 KerTime:0.441303 AccTime:57.646381
#IT Ite:153 KerTime:0.456188 AccTime:58.102569
#IT Ite:154 KerTime:0.425803 AccTime:58.528372
#IT Ite:155 KerTime:0.405573 AccTime:58.933945
#IT Ite:156 KerTime:0.397003 AccTime:59.330948
#IT Ite:157 KerTime:0.384418 AccTime:59.715366
#IT Ite:158 KerTime:0.382222 AccTime:60.097588
#IT Ite:159 KerTime:0.383618 AccTime:60.481206
#IT Ite:160 KerTime:0.379300 AccTime:60.860506
#IT Ite:161 KerTime:0.381211 AccTime:61.241717
#IT Ite:162 KerTime:0.380305 AccTime:61.622022
#ERR p: [2688, 1433], r: -1.1342261249377252e+35, e: -2.0909596790648537e+34
#SDC Ite:162 KerTime:0.380305 AccTime:61.622022 KerErr:1 AccErr:1
#IT Ite:163 KerTime:0.377542 AccTime:61.999564
#IT Ite:164 KerTime:0.377069 AccTime:62.376633
#IT Ite:165 KerTime:0.439316 AccTime:62.815949
#IT Ite:166 KerTime:0.459075 AccTime:63.275024
#IT Ite:167 KerTime:0.432197 AccTime:63.707221
#IT Ite:168 KerTime:0.412328 AccTime:64.119549
#IT Ite:169 KerTime:0.401356 AccTime:64.520905
#IT Ite:170 KerTime:0.383667 AccTime:64.904572
#IT Ite:171 KerTime:0.379759 AccTime:65.284331
#IT Ite:172 KerTime:0.377458 AccTime:65.661789
#IT Ite:173 KerTime:0.378416 AccTime:66.040205
#IT Ite:174 KerTime:0.377196 AccTime:66.417401
#IT Ite:175 KerTime:0.377043 AccTime:66.794444
#IT Ite:176 KerTime:0.377628 AccTime:67.172072
#IT Ite:177 KerTime:0.378408 AccTime:67.550480
#IT Ite:178 KerTime:0.378719 AccTime:67.929199
#IT Ite:179 KerTime:0.381241 AccTime:68.310440
#IT Ite:180 KerTime:0.393792 AccTime:68.704232
#IT Ite:181 KerTime:0.391857 AccTime:69.096089
#IT Ite:182 KerTime:0.384301 AccTime:69.480390
#IT Ite:183 KerTime:0.388515 AccTime:69.868905
#IT Ite:184 KerTime:0.389727 AccTime:70.258632
#IT Ite:185 KerTime:0.381877 AccTime:70.640509
#IT Ite:186 KerTime:0.381587 AccTime:71.022096
#IT Ite:187 KerTime:0.379320 AccTime:71.401416
#IT Ite:188 KerTime:0.380785 AccTime:71.782201
#IT Ite:189 KerTime:0.377769 AccTime:72.159970
#IT Ite:190 KerTime:0.378475 AccTime:72.538445
#IT Ite:191 KerTime:0.377665 AccTime:72.916110
#IT Ite:192 KerTime:0.379059 AccTime:73.295169
#IT Ite:193 KerTime:0.379787 AccTime:73.674956
#IT Ite:194 KerTime:0.382513 AccTime:74.057469
#IT Ite:195 KerTime:0.434807 AccTime:74.492276
#IT Ite:196 KerTime:0.431717 AccTime:74.923993
#IT Ite:197 KerTime:0.409340 AccTime:75.333333
#IT Ite:198 KerTime:0.396799 AccTime:75.730132
#IT Ite:199 KerTime:0.382880 AccTime:76.113012
#IT Ite:200 KerTime:0.402540 AccTime:76.515552
#IT Ite:201 KerTime:0.395997 AccTime:76.911549
#IT Ite:202 KerTime:0.387913 AccTime:77.299462
#IT Ite:203 KerTime:0.385010 AccTime:77.684472
#IT Ite:204 KerTime:0.379474 AccTime:78.063946
#IT Ite:205 KerTime:0.380729 AccTime:78.444675
#IT Ite:206 KerTime:0.378390 AccTime:78.823065
#IT Ite:207 KerTime:0.378697 AccTime:79.201762
#IT Ite:208 KerTime:0.377473 AccTime:79.579235
#IT Ite:209 KerTime:0.378987 AccTime:79.958222
#IT Ite:210 KerTime:0.377678 AccTime:80.335900
#IT Ite:211 KerTime:0.378892 AccTime:80.714792
#IT Ite:212 KerTime:0.379766 AccTime:81.094558
#IT Ite:213 KerTime:0.382133 AccTime:81.476691
#IT Ite:214 KerTime:0.406114 AccTime:81.882805
#IT Ite:215 KerTime:0.400715 AccTime:82.283520
#IT Ite:216 KerTime:0.391166 AccTime:82.674686
#IT Ite:217 KerTime:0.379971 AccTime:83.054657
#IT Ite:218 KerTime:0.380584 AccTime:83.435241
#IT Ite:219 KerTime:0.378722 AccTime:83.813963
#IT Ite:220 KerTime:0.378578 AccTime:84.192541
#IT Ite:221 KerTime:0.377371 AccTime:84.569912
#IT Ite:222 KerTime:0.378657 AccTime:84.948569
#IT Ite:223 KerTime:0.377656 AccTime:85.326225
#IT Ite:224 KerTime:0.378528 AccTime:85.704753
#IT Ite:225 KerTime:0.377452 AccTime:86.082205
#IT Ite:226 KerTime:0.379156 AccTime:86.461361
#IT Ite:227 KerTime:0.377940 AccTime:86.839301
#IT Ite:228 KerTime:0.380423 AccTime:87.219724
#IT Ite:229 KerTime:0.406603 AccTime:87.626327
#IT Ite:230 KerTime:0.457954 AccTime:88.084281
#IT Ite:231 KerTime:0.443080 AccTime:88.527361
#IT Ite:232 KerTime:0.425720 AccTime:88.953081
#IT Ite:233 KerTime:0.413235 AccTime:89.366316
#IT Ite:234 KerTime:0.391174 AccTime:89.757490
#IT Ite:235 KerTime:0.382884 AccTime:90.140374
#IT Ite:236 KerTime:0.377559 AccTime:90.517933
#IT Ite:237 KerTime:0.378168 AccTime:90.896101
#IT Ite:238 KerTime:0.377307 AccTime:91.273408
#IT Ite:239 KerTime:0.378750 AccTime:91.652158
#IT Ite:240 KerTime:0.377428 AccTime:92.029586
#IT Ite:241 KerTime:0.379342 AccTime:92.408928
#IT Ite:242 KerTime:0.379674 AccTime:92.788602
#IT Ite:243 KerTime:0.385071 AccTime:93.173673
#IT Ite:244 KerTime:0.399116 AccTime:93.572789
#IT Ite:245 KerTime:0.451641 AccTime:94.024430
#IT Ite:246 KerTime:0.430475 AccTime:94.454905
#IT Ite:247 KerTime:0.410962 AccTime:94.865867
#IT Ite:248 KerTime:0.399685 AccTime:95.265552
#IT Ite:249 KerTime:0.393484 AccTime:95.659036
#IT Ite:250 KerTime:0.387464 AccTime:96.046500
#IT Ite:251 KerTime:0.378844 AccTime:96.425344
#IT Ite:252 KerTime:0.378859 AccTime:96.804203
#IT Ite:253 KerTime:0.377835 AccTime:97.182038
#IT Ite:254 KerTime:0.378161 AccTime:97.560199
#IT Ite:255 KerTime:0.377390 AccTime:97.937589
#IT Ite:256 KerTime:0.378111 AccTime:98.315700
#IT Ite:257 KerTime:0.377227 AccTime:98.692927
#IT Ite:258 KerTime:0.378030 AccTime:99.070957
#IT Ite:259 KerTime:0.377272 AccTime:99.448229
#IT Ite:260 KerTime:0.378839 AccTime:99.827068
#IT Ite:261 KerTime:0.377576 AccTime:100.204644
#IT Ite:262 KerTime:0.380469 AccTime:100.585113
#IT Ite:263 KerTime:0.379670 AccTime:100.964783
#IT Ite:264 KerTime:0.419690 AccTime:101.384473
#IT Ite:265 KerTime:0.462884 AccTime:101.847357
#IT Ite:266 KerTime:0.456745 AccTime:102.304102
#IT Ite:267 KerTime:0.435373 AccTime:102.739475
#IT Ite:268 KerTime:0.413204 AccTime:103.152679
#IT Ite:269 KerTime:0.390293 AccTime:103.542972
#IT Ite:270 KerTime:0.386224 AccTime:103.929196
#IT Ite:271 KerTime:0.378521 AccTime:104.307717
#IT Ite:272 KerTime:0.385387 AccTime:104.693104
#IT Ite:273 KerTime:0.393215 AccTime:105.086319
#IT Ite:274 KerTime:0.442310 AccTime:105.528629
#IT Ite:275 KerTime:0.460043 AccTime:105.988672
#IT Ite:276 KerTime:0.433645 AccTime:106.422317
#IT Ite:277 KerTime:0.412954 AccTime:106.835271
#IT Ite:278 KerTime:0.400204 AccTime:107.235475
#IT Ite:279 KerTime:0.383736 AccTime:107.619211
#IT Ite:280 KerTime:0.383905 AccTime:108.003116
#IT Ite:281 KerTime:0.378021 AccTime:108.381137
#IT Ite:282 KerTime:0.378756 AccTime:108.759893
#IT Ite:283 KerTime:0.377556 AccTime:109.137449
#IT Ite:284 KerTime:0.380543 AccTime:109.517992
#IT Ite:285 KerTime:0.379632 AccTime:109.897624
#IT Ite:286 KerTime:0.394533 AccTime:110.292157
#IT Ite:287 KerTime:0.387882 AccTime:110.680039
#IT Ite:288 KerTime:0.420499 AccTime:111.100538
#IT Ite:289 KerTime:0.444740 AccTime:111.545278
#IT Ite:290 KerTime:0.423071 AccTime:111.968349
#IT Ite:291 KerTime:0.394091 AccTime:112.362440
#IT Ite:292 KerTime:0.385941 AccTime:112.748381
#IT Ite:293 KerTime:0.385059 AccTime:113.133440
#IT Ite:294 KerTime:0.381238 AccTime:113.514678
#IT Ite:295 KerTime:0.380595 AccTime:113.895273
#IT Ite:296 KerTime:0.377948 AccTime:114.273221
#IT Ite:297 KerTime:0.379090 AccTime:114.652311
#IT Ite:298 KerTime:0.378026 AccTime:115.030337
#IT Ite:299 KerTime:0.378779 AccTime:115.409116
#IT Ite:300 KerTime:0.377709 AccTime:115.786825
#IT Ite:301 KerTime:0.378548 AccTime:116.165373
#IT Ite:302 KerTime:0.377546 AccTime:116.542919
#IT Ite:303 KerTime:0.378894 AccTime:116.921813
#IT Ite:304 KerTime:0.378386 AccTime:117.300199
#IT Ite:305 KerTime:0.380668 AccTime:117.680867
#IT Ite:306 KerTime:0.381671 AccTime:118.062538
#IT Ite:307 KerTime:0.404661 AccTime:118.467199
#IT Ite:308 KerTime:0.447477 AccTime:118.914676
#IT Ite:309 KerTime:0.458365 AccTime:119.373041
#IT Ite:310 KerTime:0.430106 AccTime:119.803147
#IT Ite:311 KerTime:0.416052 AccTime:120.219199
#IT Ite:312 KerTime:0.405557 AccTime:120.624756
#IT Ite:313 KerTime:0.390223 AccTime:121.014979
#IT Ite:314 KerTime:0.383002 AccTime:121.397981
#IT Ite:315 KerTime:0.380617 AccTime:121.778598
#IT Ite:316 KerTime:0.379709 AccTime:122.158307
#IT Ite:317 KerTime:0.393788 AccTime:122.552095
#IT Ite:318 KerTime:0.386488 AccTime:122.938583
#IT Ite:319 KerTime:0.435146 AccTime:123.373729
#IT Ite:320 KerTime:0.446370 AccTime:123.820099
#IT Ite:321 KerTime:0.426676 AccTime:124.246775
#IT Ite:322 KerTime:0.394319 AccTime:124.641094
#IT Ite:323 KerTime:0.387821 AccTime:125.028915
#IT Ite:324 KerTime:0.382887 AccTime:125.411802
#IT Ite:325 KerTime:0.380162 AccTime:125.791964
#IT Ite:326 KerTime:0.381031 AccTime:126.172995
#IT Ite:327 KerTime:0.378483 AccTime:126.551478
#IT Ite:328 KerTime:0.379080 AccTime:126.930558
#IT Ite:329 KerTime:0.377889 AccTime:127.308447
#IT Ite:330 KerTime:0.378648 AccTime:127.687095
#IT Ite:331 KerTime:0.377657 AccTime:128.064752
#IT Ite:332 KerTime:0.378787 AccTime:128.443539
#IT Ite:333 KerTime:0.377976 AccTime:128.821515
#IT Ite:334 KerTime:0.380356 AccTime:129.201871
#IT Ite:335 KerTime:0.380745 AccTime:129.582616
#IT Ite:336 KerTime:0.399140 AccTime:129.981756
#IT Ite:337 KerTime:0.448360 AccTime:130.430116
#IT Ite:338 KerTime:0.459685 AccTime:130.889801
#IT Ite:339 KerTime:0.432497 AccTime:131.322298
#IT Ite:340 KerTime:0.414366 AccTime:131.736664
#IT Ite:341 KerTime:0.401188 AccTime:132.137852
#IT Ite:342 KerTime:0.384665 AccTime:132.522517
#IT Ite:343 KerTime:0.381241 AccTime:132.903758
#IT Ite:344 KerTime:0.377435 AccTime:133.281193
#IT Ite:345 KerTime:0.378127 AccTime:133.659320
#IT Ite:346 KerTime:0.380045 AccTime:134.039365
#IT Ite:347 KerTime:0.380646 AccTime:134.420011
#IT Ite:348 KerTime:0.390621 AccTime:134.810632
#IT Ite:349 KerTime:0.449972 AccTime:135.260604
#IT Ite:350 KerTime:0.467430 AccTime:135.728034
#IT Ite:351 KerTime:0.444531 AccTime:136.172565
#IT Ite:352 KerTime:0.420761 AccTime:136.593326
#IT Ite:353 KerTime:0.404879 AccTime:136.998205
#IT Ite:354 KerTime:0.387896 AccTime:137.386101
#IT Ite:355 KerTime:0.382022 AccTime:137.768123
#IT Ite:356 KerTime:0.377923 AccTime:138.146046
#IT Ite:357 KerTime:0.377700 AccTime:138.523746
#IT Ite:358 KerTime:0.377730 AccTime:138.901476
#IT Ite:359 KerTime:0.391970 AccTime:139.293446
#IT Ite:360 KerTime:0.392002 AccTime:139.685448
#IT Ite:361 KerTime:0.380638 AccTime:140.066086
#IT Ite:362 KerTime:0.379989 AccTime:140.446075
#IT Ite:363 KerTime:0.378165 AccTime:140.824240
#IT Ite:364 KerTime:0.378604 AccTime:141.202844
#IT Ite:365 KerTime:0.377839 AccTime:141.580683
#IT Ite:366 KerTime:0.378691 AccTime:141.959374
#IT Ite:367 KerTime:0.377190 AccTime:142.336564
#IT Ite:368 KerTime:0.377188 AccTime:142.713752
#IT Ite:369 KerTime:0.377477 AccTime:143.091229
#IT Ite:370 KerTime:0.378848 AccTime:143.470077
#IT Ite:371 KerTime:0.377650 AccTime:143.847727
#IT Ite:372 KerTime:0.378760 AccTime:144.226487
#IT Ite:373 KerTime:0.377590 AccTime:144.604077
#IT Ite:374 KerTime:0.379063 AccTime:144.983140
#IT Ite:375 KerTime:0.379718 AccTime:145.362858
#IT Ite:376 KerTime:0.381785 AccTime:145.744643
#IT Ite:377 KerTime:0.378156 AccTime:146.122799
#IT Ite:378 KerTime:0.425075 AccTime:146.547874
#IT Ite:379 KerTime:0.438505 AccTime:146.986379
#IT Ite:380 KerTime:0.413986 AccTime:147.400365
#IT Ite:381 KerTime:0.395563 AccTime:147.795928
#IT Ite:382 KerTime:0.389021 AccTime:148.184949
#IT Ite:383 KerTime:0.422426 AccTime:148.607375
#IT Ite:384 KerTime:0.410947 AccTime:149.018322
#IT Ite:385 KerTime:0.399863 AccTime:149.418185
#IT Ite:386 KerTime:0.393199 AccTime:149.811384
#IT Ite:387 KerTime:0.383134 AccTime:150.194518
#IT Ite:388 KerTime:0.383067 AccTime:150.577585
#IT Ite:389 KerTime:0.390414 AccTime:150.967999
#IT Ite:390 KerTime:0.441966 AccTime:151.409965
#IT Ite:391 KerTime:0.452374 AccTime:151.862339
#IT Ite:392 KerTime:0.434307 AccTime:152.296646
#IT Ite:393 KerTime:0.400490 AccTime:152.697136
#IT Ite:394 KerTime:0.390611 AccTime:153.087747
#IT Ite:395 KerTime:0.386033 AccTime:153.473780
#IT Ite:396 KerTime:0.379741 AccTime:153.853521
#IT Ite:397 KerTime:0.379564 AccTime:154.233085
#IT Ite:398 KerTime:0.377835 AccTime:154.610920
#IT Ite:399 KerTime:0.378564 AccTime:154.989484
#IT Ite:400 KerTime:0.377856 AccTime:155.367340
#IT Ite:401 KerTime:0.378859 AccTime:155.746199
#IT Ite:402 KerTime:0.378048 AccTime:156.124247
#IT Ite:403 KerTime:0.378466 AccTime:156.502713
#IT Ite:404 KerTime:0.379140 AccTime:156.881853
#IT Ite:405 KerTime:0.381812 AccTime:157.263665
#IT Ite:406 KerTime:0.398531 AccTime:157.662196
#IT Ite:407 KerTime:0.452358 AccTime:158.114554
#IT Ite:408 KerTime:0.465803 AccTime:158.580357
#IT Ite:409 KerTime:0.441414 AccTime:159.021771
#IT Ite:410 KerTime:0.419083 AccTime:159.440854
#IT Ite:411 KerTime:0.403603 AccTime:159.844457
#IT Ite:412 KerTime:0.384436 AccTime:160.228893
#IT Ite:413 KerTime:0.381372 AccTime:160.610265
#IT Ite:414 KerTime:0.377472 AccTime:160.987737
#IT Ite:415 KerTime:0.378419 AccTime:161.366156
#IT Ite:416 KerTime:0.401713 AccTime:161.767869
#IT Ite:417 KerTime:0.397865 AccTime:162.165734
#IT Ite:418 KerTime:0.384976 AccTime:162.550710
#IT Ite:419 KerTime:0.380078 AccTime:162.930788
#IT Ite:420 KerTime:0.381223 AccTime:163.312011
#IT Ite:421 KerTime:0.379636 AccTime:163.691647
#IT Ite:422 KerTime:0.380933 AccTime:164.072580
#IT Ite:423 KerTime:0.378140 AccTime:164.450720
#IT Ite:424 KerTime:0.378758 AccTime:164.829478
#IT Ite:425 KerTime:0.378020 AccTime:165.207498
#IT Ite:426 KerTime:0.378548 AccTime:165.586046
#IT Ite:427 KerTime:0.377966 AccTime:165.964012
#IT Ite:428 KerTime:0.378879 AccTime:166.342891
#IT Ite:429 KerTime:0.379281 AccTime:166.722172
#IT Ite:430 KerTime:0.381523 AccTime:167.103695
#IT Ite:431 KerTime:0.392372 AccTime:167.496067
#IT Ite:432 KerTime:0.451318 AccTime:167.947385
#IT Ite:433 KerTime:0.468147 AccTime:168.415532
#IT Ite:434 KerTime:0.446428 AccTime:168.861960
#IT Ite:435 KerTime:0.426110 AccTime:169.288070
#IT Ite:436 KerTime:0.398098 AccTime:169.686168
#IT Ite:437 KerTime:0.385801 AccTime:170.071969
#IT Ite:438 KerTime:0.383062 AccTime:170.455031
#IT Ite:439 KerTime:0.378046 AccTime:170.833077
#IT Ite:440 KerTime:0.381910 AccTime:171.214987
#IT Ite:441 KerTime:0.443895 AccTime:171.658882
#IT Ite:442 KerTime:0.461419 AccTime:172.120301
#IT Ite:443 KerTime:0.434306 AccTime:172.554607
#IT Ite:444 KerTime:0.412715 AccTime:172.967322
#IT Ite:445 KerTime:0.399711 AccTime:173.367033
#IT Ite:446 KerTime:0.382955 AccTime:173.749988
#IT Ite:447 KerTime:0.382080 AccTime:174.132068
#IT Ite:448 KerTime:0.379207 AccTime:174.511275
#IT Ite:449 KerTime:0.378438 AccTime:174.889713
#IT Ite:450 KerTime:0.377769 AccTime:175.267482
#IT Ite:451 KerTime:0.378277 AccTime:175.645759
#IT Ite:452 KerTime:0.377097 AccTime:176.022856
#IT Ite:453 KerTime:0.378157 AccTime:176.401013
#IT Ite:454 KerTime:0.377991 AccTime:176.779004
#IT Ite:455 KerTime:0.387798 AccTime:177.166802
#IT Ite:456 KerTime:0.431386 AccTime:177.598188
#IT Ite:457 KerTime:0.444172 AccTime:178.042360
#IT Ite:458 KerTime:0.425563 AccTime:178.467923
#IT Ite:459 KerTime:0.405189 AccTime:178.873112
#IT Ite:460 KerTime:0.396039 AccTime:179.269151
#IT Ite:461 KerTime:0.380015 AccTime:179.649166
#IT Ite:462 KerTime:0.379579 AccTime:180.028745
#IT Ite:463 KerTime:0.377331 AccTime:180.406076
#IT Ite:464 KerTime:0.378401 AccTime:180.784477
#IT Ite:465 KerTime:0.377775 AccTime:181.162252
#IT Ite:466 KerTime:0.378500 AccTime:181.540752
#IT Ite:467 KerTime:0.377770 AccTime:181.918522
#IT Ite:468 KerTime:0.378610 AccTime:182.297132
#IT Ite:469 KerTime:0.377552 AccTime:182.674684
#IT Ite:470 KerTime:0.379129 AccTime:183.053813
#IT Ite:471 KerTime:0.377531 AccTime:183.431344
#IT Ite:472 KerTime:0.378936 AccTime:183.810280
#IT Ite:473 KerTime:0.377818 AccTime:184.188098
#IT Ite:474 KerTime:0.380316 AccTime:184.568414
#IT Ite:475 KerTime:0.397375 AccTime:184.965789
#IT Ite:476 KerTime:0.452605 AccTime:185.418394
#ERR p: [1278, 358], r: -2.2708050006679263e+34, e: -2.0111901577411844e+34
#SDC Ite:476 KerTime:0.452605 AccTime:185.418394 KerErr:1 AccErr:2
#IT Ite:477 KerTime:0.420694 AccTime:185.839088
#IT Ite:478 KerTime:0.410076 AccTime:186.249164
#IT Ite:479 KerTime:0.398983 AccTime:186.648147
#IT Ite:480 KerTime:0.390752 AccTime:187.038899
#IT Ite:481 KerTime:0.381058 AccTime:187.419957
#IT Ite:482 KerTime:0.380120 AccTime:187.800077
#IT Ite:483 KerTime:0.378089 AccTime:188.178166
#IT Ite:484 KerTime:0.378811 AccTime:188.556977
#IT Ite:485 KerTime:0.377570 AccTime:188.934547
#IT Ite:486 KerTime:0.378963 AccTime:189.313510
#IT Ite:487 KerTime:0.377689 AccTime:189.691199
#IT Ite:488 KerTime:0.378705 AccTime:190.069904
#IT Ite:489 KerTime:0.378075 AccTime:190.447979
#IT Ite:490 KerTime:0.378740 AccTime:190.826719
#IT Ite:491 KerTime:0.377704 AccTime:191.204423
#IT Ite:492 KerTime:0.379001 AccTime:191.583424
#IT Ite:493 KerTime:0.377970 AccTime:191.961394
#IT Ite:494 KerTime:0.380397 AccTime:192.341791
#IT Ite:495 KerTime:0.401220 AccTime:192.743011
#IT Ite:496 KerTime:0.396679 AccTime:193.139690
#IT Ite:497 KerTime:0.390173 AccTime:193.529863
#IT Ite:498 KerTime:0.380840 AccTime:193.910703
#IT Ite:499 KerTime:0.380608 AccTime:194.291311
#IT Ite:500 KerTime:0.378308 AccTime:194.669619
#IT Ite:501 KerTime:0.378886 AccTime:195.048505
#IT Ite:502 KerTime:0.377993 AccTime:195.426498
#IT Ite:503 KerTime:0.378675 AccTime:195.805173
#IT Ite:504 KerTime:0.377736 AccTime:196.182909
#IT Ite:505 KerTime:0.378501 AccTime:196.561410
#IT Ite:506 KerTime:0.377443 AccTime:196.938853
#IT Ite:507 KerTime:0.379001 AccTime:197.317854
#IT Ite:508 KerTime:0.377520 AccTime:197.695374
#IT Ite:509 KerTime:0.379169 AccTime:198.074543
#IT Ite:510 KerTime:0.379198 AccTime:198.453741
#IT Ite:511 KerTime:0.386158 AccTime:198.839899
#IT Ite:512 KerTime:0.444084 AccTime:199.283983
#IT Ite:513 KerTime:0.447128 AccTime:199.731111
#IT Ite:514 KerTime:0.428359 AccTime:200.159470
#IT Ite:515 KerTime:0.411338 AccTime:200.570808
#IT Ite:516 KerTime:0.409398 AccTime:200.980206
#IT Ite:517 KerTime:0.390894 AccTime:201.371100
#IT Ite:518 KerTime:0.384548 AccTime:201.755648
#IT Ite:519 KerTime:0.377946 AccTime:202.133594
#IT Ite:520 KerTime:0.378603 AccTime:202.512197
#IT Ite:521 KerTime:0.377905 AccTime:202.890102
#IT Ite:522 KerTime:0.378654 AccTime:203.268756
#IT Ite:523 KerTime:0.377718 AccTime:203.646474
#IT Ite:524 KerTime:0.380397 AccTime:204.026871
#IT Ite:525 KerTime:0.379910 AccTime:204.406781
#IT Ite:526 KerTime:0.419183 AccTime:204.825964
#IT Ite:527 KerTime:0.462855 AccTime:205.288819
#IT Ite:528 KerTime:0.467986 AccTime:205.756805
#IT Ite:529 KerTime:0.442458 AccTime:206.199263
#IT Ite:530 KerTime:0.422303 AccTime:206.621566
#IT Ite:531 KerTime:0.397743 AccTime:207.019309
#IT Ite:532 KerTime:0.386424 AccTime:207.405733
#IT Ite:533 KerTime:0.433100 AccTime:207.838833
#IT Ite:534 KerTime:0.457080 AccTime:208.295913
#IT Ite:535 KerTime:0.425350 AccTime:208.721263
#IT Ite:536 KerTime:0.406650 AccTime:209.127913
#IT Ite:537 KerTime:0.394578 AccTime:209.522491
#IT Ite:538 KerTime:0.383833 AccTime:209.906324
#IT Ite:539 KerTime:0.380218 AccTime:210.286542
#IT Ite:540 KerTime:0.381089 AccTime:210.667631
#IT Ite:541 KerTime:0.378762 AccTime:211.046393
#IT Ite:542 KerTime:0.379313 AccTime:211.425706
#IT Ite:543 KerTime:0.377898 AccTime:211.803604
#IT Ite:544 KerTime:0.379058 AccTime:212.182662
#IT Ite:545 KerTime:0.378064 AccTime:212.560726
#IT Ite:546 KerTime:0.378835 AccTime:212.939561
#IT Ite:547 KerTime:0.378076 AccTime:213.317637
#IT Ite:548 KerTime:0.379534 AccTime:213.697171
#IT Ite:549 KerTime:0.380311 AccTime:214.077482
#IT Ite:550 KerTime:0.388914 AccTime:214.466396
#IT Ite:551 KerTime:0.440110 AccTime:214.906506
#IT Ite:552 KerTime:0.454884 AccTime:215.361390
#IT Ite:553 KerTime:0.432150 AccTime:215.793540
#IT Ite:554 KerTime:0.408915 AccTime:216.202455
#IT Ite:555 KerTime:0.397951 AccTime:216.600406
#IT Ite:556 KerTime:0.379944 AccTime:216.980350
#IT Ite:557 KerTime:0.378611 AccTime:217.358961
#IT Ite:558 KerTime:0.377497 AccTime:217.736458
#IT Ite:559 KerTime:0.378473 AccTime:218.114931
#IT Ite:560 KerTime:0.377506 AccTime:218.492437
#IT Ite:561 KerTime:0.379081 AccTime:218.871518
#IT Ite:562 KerTime:0.377505 AccTime:219.249023
#IT Ite:563 KerTime:0.378370 AccTime:219.627393
#IT Ite:564 KerTime:0.377550 AccTime:220.004943
#IT Ite:565 KerTime:0.380451 AccTime:220.385394
#IT Ite:566 KerTime:0.380033 AccTime:220.765427
#IT Ite:567 KerTime:0.396977 AccTime:221.162404
#IT Ite:568 KerTime:0.390998 AccTime:221.553402
#IT Ite:569 KerTime:0.397923 AccTime:221.951325
#IT Ite:570 KerTime:0.396010 AccTime:222.347335
#IT Ite:571 KerTime:0.382487 AccTime:222.729822
#IT Ite:572 KerTime:0.381258 AccTime:223.111080
#IT Ite:573 KerTime:0.377664 AccTime:223.488744
#IT Ite:574 KerTime:0.378971 AccTime:223.867715
#IT Ite:575 KerTime:0.377541 AccTime:224.245256
#IT Ite:576 KerTime:0.378279 AccTime:224.623535
#IT Ite:577 KerTime:0.377430 AccTime:225.000965
#ERR p: [3976, 1565], r: -2.9553597475811492e+34, e: -2.9553597514497119e+34
#SDC Ite:577 KerTime:0.377430 AccTime:225.000965 KerErr:1 AccErr:3
#IT Ite:578 KerTime:0.450661 AccTime:225.451626
#IT Ite:579 KerTime:0.446909 AccTime:225.898535
#IT Ite:580 KerTime:0.426730 AccTime:226.325265
#IT Ite:581 KerTime:0.406612 AccTime:226.731877
#IT Ite:582 KerTime:0.397183 AccTime:227.129060
#IT Ite:583 KerTime:0.384902 AccTime:227.513962
#IT Ite:584 KerTime:0.382044 AccTime:227.896006
#IT Ite:585 KerTime:0.378868 AccTime:228.274874
#IT Ite:586 KerTime:0.378946 AccTime:228.653820
#IT Ite:587 KerTime:0.377999 AccTime:229.031819
#IT Ite:588 KerTime:0.378411 AccTime:229.410230
#IT Ite:589 KerTime:0.377657 AccTime:229.787887
#IT Ite:590 KerTime:0.378207 AccTime:230.166094
#IT Ite:591 KerTime:0.377252 AccTime:230.543346
#IT Ite:592 KerTime:0.378493 AccTime:230.921839
#IT Ite:593 KerTime:0.377332 AccTime:231.299171
#IT Ite:594 KerTime:0.378172 AccTime:231.677343
#IT Ite:595 KerTime:0.378182 AccTime:232.055525
#IT Ite:596 KerTime:0.381486 AccTime:232.437011
#IT Ite:597 KerTime:0.386519 AccTime:232.823530
#IT Ite:598 KerTime:0.409745 AccTime:233.233275
#IT Ite:599 KerTime:0.403221 AccTime:233.636496
#IT Ite:600 KerTime:0.384889 AccTime:234.021385
#IT Ite:601 KerTime:0.381121 AccTime:234.402506
#IT Ite:602 KerTime:0.377174 AccTime:234.779680
#IT Ite:603 KerTime:0.378106 AccTime:235.157786
#IT Ite:604 KerTime:0.377143 AccTime:235.534929
#IT Ite:605 KerTime:0.378417 AccTime:235.913346
#IT Ite:606 KerTime:0.377706 AccTime:236.291052
#IT Ite:607 KerTime:0.378233 AccTime:236.669285
#IT Ite:608 KerTime:0.377509 AccTime:237.046794
#IT Ite:609 KerTime:0.378766 AccTime:237.425560
#IT Ite:610 KerTime:0.378704 AccTime:237.804264
#IT Ite:611 KerTime:0.380756 AccTime:238.185020
#IT Ite:612 KerTime:0.391693 AccTime:238.576713
#IT Ite:613 KerTime:0.452238 AccTime:239.028951
#IT Ite:614 KerTime:0.450444 AccTime:239.479395
#IT Ite:615 KerTime:0.440351 AccTime:239.919746
#IT Ite:616 KerTime:0.418765 AccTime:240.338511
#IT Ite:617 KerTime:0.407280 AccTime:240.745791
#IT Ite:618 KerTime:0.386042 AccTime:241.131833
#IT Ite:619 KerTime:0.382265 AccTime:241.514098
#IT Ite:620 KerTime:0.378100 AccTime:241.892198
#IT Ite:621 KerTime:0.378826 AccTime:242.271024
#IT Ite:622 KerTime:0.379778 AccTime:242.650802
#IT Ite:623 KerTime:0.382373 AccTime:243.033175
#IT Ite:624 KerTime:0.430627 AccTime:243.463802
#IT Ite:625 KerTime:0.455858 AccTime:243.919660
#IT Ite:626 KerTime:0.430456 AccTime:244.350116
#IT Ite:627 KerTime:0.411698 AccTime:244.761814
#IT Ite:628 KerTime:0.400740 AccTime:245.162554
#IT Ite:629 KerTime:0.381952 AccTime:245.544506
#IT Ite:630 KerTime:0.380206 AccTime:245.924712
#IT Ite:631 KerTime:0.377636 AccTime:246.302348
#IT Ite:632 KerTime:0.378059 AccTime:246.680407
#IT Ite:633 KerTime:0.377253 AccTime:247.057660
#IT Ite:634 KerTime:0.378727 AccTime:247.436387
#IT Ite:635 KerTime:0.377264 AccTime:247.813651
#IT Ite:636 KerTime:0.378571 AccTime:248.192222
#IT Ite:637 KerTime:0.377483 AccTime:248.569705
#IT Ite:638 KerTime:0.378382 AccTime:248.948087
#IT Ite:639 KerTime:0.377737 AccTime:249.325824
#IT Ite:640 KerTime:0.379269 AccTime:249.705093
#IT Ite:641 KerTime:0.382124 AccTime:250.087217
#IT Ite:642 KerTime:0.392619 AccTime:250.479836
#IT Ite:643 KerTime:0.428266 AccTime:250.908102
#IT Ite:644 KerTime:0.415172 AccTime:251.323274
#IT Ite:645 KerTime:0.400690 AccTime:251.723964
#IT Ite:646 KerTime:0.394983 AccTime:252.118947
#IT Ite:647 KerTime:0.386931 AccTime:252.505878
#IT Ite:648 KerTime:0.394043 AccTime:252.899921
#IT Ite:649 KerTime:0.430099 AccTime:253.330020
#IT Ite:650 KerTime:0.415327 AccTime:253.745347
#IT Ite:651 KerTime:0.399020 AccTime:254.144367
#IT Ite:652 KerTime:0.391893 AccTime:254.536260
#IT Ite:653 KerTime:0.382285 AccTime:254.918545
#IT Ite:654 KerTime:0.384783 AccTime:255.303328
#IT Ite:655 KerTime:0.444110 AccTime:255.747438
#IT Ite:656 KerTime:0.465757 AccTime:256.213195
#IT Ite:657 KerTime:0.446810 AccTime:256.660005
#IT Ite:658 KerTime:0.422359 AccTime:257.082364
#IT Ite:659 KerTime:0.403299 AccTime:257.485663
#IT Ite:660 KerTime:0.392439 AccTime:257.878102
#IT Ite:661 KerTime:0.381114 AccTime:258.259216
#IT Ite:662 KerTime:0.379622 AccTime:258.638838
#IT Ite:663 KerTime:0.377443 AccTime:259.016281
#IT Ite:664 KerTime:0.380444 AccTime:259.396725
#IT Ite:665 KerTime:0.378077 AccTime:259.774802
#IT Ite:666 KerTime:0.393059 AccTime:260.167861
#IT Ite:667 KerTime:0.386235 AccTime:260.554096
#IT Ite:668 KerTime:0.384493 AccTime:260.938589
#IT Ite:669 KerTime:0.378692 AccTime:261.317281
#IT Ite:670 KerTime:0.378906 AccTime:261.696187
#IT Ite:671 KerTime:0.377779 AccTime:262.073966
#IT Ite:672 KerTime:0.378276 AccTime:262.452242
#IT Ite:673 KerTime:0.377282 AccTime:262.829524
#IT Ite:674 KerTime:0.378162 AccTime:263.207686
#IT Ite:675 KerTime:0.377297 AccTime:263.584983
#IT Ite:676 KerTime:0.378255 AccTime:263.963238
#IT Ite:677 KerTime:0.377365 AccTime:264.340603
#IT Ite:678 KerTime:0.378578 AccTime:264.719181
#IT Ite:679 KerTime:0.377314 AccTime:265.096495
#IT Ite:680 KerTime:0.378618 AccTime:265.475113
#IT Ite:681 KerTime:0.377306 AccTime:265.852419
#IT Ite:682 KerTime:0.380112 AccTime:266.232531
#IT Ite:683 KerTime:0.390071 AccTime:266.622602
#IT Ite:684 KerTime:0.450189 AccTime:267.072791
#IT Ite:685 KerTime:0.468239 AccTime:267.541030
#IT Ite:686 KerTime:0.452555 AccTime:267.993585
#IT Ite:687 KerTime:0.431380 AccTime:268.424965
#IT Ite:688 KerTime:0.411282 AccTime:268.836247
#IT Ite:689 KerTime:0.391803 AccTime:269.228050
#IT Ite:690 KerTime:0.384284 AccTime:269.612334
#IT Ite:691 KerTime:0.381463 AccTime:269.993797
#IT Ite:692 KerTime:0.428087 AccTime:270.421884
#IT Ite:693 KerTime:0.453866 AccTime:270.875750
#IT Ite:694 KerTime:0.431512 AccTime:271.307262
#IT Ite:695 KerTime:0.411663 AccTime:271.718925
#IT Ite:696 KerTime:0.387578 AccTime:272.106503
#IT Ite:697 KerTime:0.384872 AccTime:272.491375
#IT Ite:698 KerTime:0.384538 AccTime:272.875913
#IT Ite:699 KerTime:0.378931 AccTime:273.254844
#IT Ite:700 KerTime:0.378953 AccTime:273.633797
#IT Ite:701 KerTime:0.378270 AccTime:274.012067
#IT Ite:702 KerTime:0.378514 AccTime:274.390581
#IT Ite:703 KerTime:0.377899 AccTime:274.768480
#IT Ite:704 KerTime:0.377116 AccTime:275.145596
#IT Ite:705 KerTime:0.378671 AccTime:275.524267
#IT Ite:706 KerTime:0.381452 AccTime:275.905719
#IT Ite:707 KerTime:0.385608 AccTime:276.291327
#IT Ite:708 KerTime:0.398672 AccTime:276.689999
#IT Ite:709 KerTime:0.450631 AccTime:277.140630
#IT Ite:710 KerTime:0.457311 AccTime:277.597941
#IT Ite:711 KerTime:0.433023 AccTime:278.030964
#IT Ite:712 KerTime:0.411264 AccTime:278.442228
#IT Ite:713 KerTime:0.399580 AccTime:278.841808
#IT Ite:714 KerTime:0.382020 AccTime:279.223828
#IT Ite:715 KerTime:0.381670 AccTime:279.605498
#IT Ite:716 KerTime:0.377455 AccTime:279.982953
#IT Ite:717 KerTime:0.378130 AccTime:280.361083
#IT Ite:718 KerTime:0.377608 AccTime:280.738691
#IT Ite:719 KerTime:0.380052 AccTime:281.118743
#IT Ite:720 KerTime:0.378544 AccTime:281.497287
#IT Ite:721 KerTime:0.395945 AccTime:281.893232
#IT Ite:722 KerTime:0.396094 AccTime:282.289326
#IT Ite:723 KerTime:0.389611 AccTime:282.678937
#IT Ite:724 KerTime:0.385213 AccTime:283.064150
#IT Ite:725 KerTime:0.378362 AccTime:283.442512
#IT Ite:726 KerTime:0.378324 AccTime:283.820836
#IT Ite:727 KerTime:0.377521 AccTime:284.198357
#IT Ite:728 KerTime:0.378237 AccTime:284.576594
#IT Ite:729 KerTime:0.377443 AccTime:284.954037
#IT Ite:730 KerTime:0.378569 AccTime:285.332606
#IT Ite:731 KerTime:0.377418 AccTime:285.710024
#IT Ite:732 KerTime:0.378287 AccTime:286.088311
#IT Ite:733 KerTime:0.377265 AccTime:286.465576
#IT Ite:734 KerTime:0.378923 AccTime:286.844499
#IT Ite:735 KerTime:0.377465 AccTime:287.221964
#IT Ite:736 KerTime:0.380228 AccTime:287.602192
#IT Ite:737 KerTime:0.378552 AccTime:287.980744
#IT Ite:738 KerTime:0.392503 AccTime:288.373247
#IT Ite:739 KerTime:0.447849 AccTime:288.821096
#IT Ite:740 KerTime:0.436047 AccTime:289.257143
#IT Ite:741 KerTime:0.415355 AccTime:289.672498
#IT Ite:742 KerTime:0.401431 AccTime:290.073929
#IT Ite:743 KerTime:0.390531 AccTime:290.464460
#IT Ite:744 KerTime:0.382012 AccTime:290.846472
#IT Ite:745 KerTime:0.381195 AccTime:291.227667
#IT Ite:746 KerTime:0.378072 AccTime:291.605739
#IT Ite:747 KerTime:0.378823 AccTime:291.984562
#IT Ite:748 KerTime:0.377725 AccTime:292.362287
#IT Ite:749 KerTime:0.378499 AccTime:292.740786
#IT Ite:750 KerTime:0.377513 AccTime:293.118299
#IT Ite:751 KerTime:0.378414 AccTime:293.496713
#IT Ite:752 KerTime:0.377675 AccTime:293.874388
#IT Ite:753 KerTime:0.378418 AccTime:294.252806
#IT Ite:754 KerTime:0.377297 AccTime:294.630103
#IT Ite:755 KerTime:0.378669 AccTime:295.008772
#IT Ite:756 KerTime:0.377445 AccTime:295.386217
#IT Ite:757 KerTime:0.380232 AccTime:295.766449
#IT Ite:758 KerTime:0.379471 AccTime:296.145920
#IT Ite:759 KerTime:0.391548 AccTime:296.537468
#IT Ite:760 KerTime:0.447823 AccTime:296.985291
#IT Ite:761 KerTime:0.435195 AccTime:297.420486
#IT Ite:762 KerTime:0.420054 AccTime:297.840540
#IT Ite:763 KerTime:0.404093 AccTime:298.244633
#IT Ite:764 KerTime:0.448309 AccTime:298.692942
#IT Ite:765 KerTime:0.454886 AccTime:299.147828
#IT Ite:766 KerTime:0.429105 AccTime:299.576933
#IT Ite:767 KerTime:0.403156 AccTime:299.980089
#IT Ite:768 KerTime:0.394942 AccTime:300.375031
#IT Ite:769 KerTime:0.384513 AccTime:300.759544
#IT Ite:770 KerTime:0.379660 AccTime:301.139204
#IT Ite:771 KerTime:0.378984 AccTime:301.518188
#IT Ite:772 KerTime:0.377966 AccTime:301.896154
#IT Ite:773 KerTime:0.377444 AccTime:302.273598
#IT Ite:774 KerTime:0.378257 AccTime:302.651855
#IT Ite:775 KerTime:0.380554 AccTime:303.032409
#IT Ite:776 KerTime:0.404437 AccTime:303.436846
#IT Ite:777 KerTime:0.401732 AccTime:303.838578
#IT Ite:778 KerTime:0.385400 AccTime:304.223978
#IT Ite:779 KerTime:0.381431 AccTime:304.605409
#IT Ite:780 KerTime:0.378185 AccTime:304.983594
#IT Ite:781 KerTime:0.378398 AccTime:305.361992
#IT Ite:782 KerTime:0.377169 AccTime:305.739161
#IT Ite:783 KerTime:0.378058 AccTime:306.117219
#IT Ite:784 KerTime:0.377202 AccTime:306.494421
#IT Ite:785 KerTime:0.378096 AccTime:306.872517
#IT Ite:786 KerTime:0.377417 AccTime:307.249934
#IT Ite:787 KerTime:0.378025 AccTime:307.627959
#IT Ite:788 KerTime:0.377242 AccTime:308.005201
#IT Ite:789 KerTime:0.378110 AccTime:308.383311
#IT Ite:790 KerTime:0.377455 AccTime:308.760766
#IT Ite:791 KerTime:0.380488 AccTime:309.141254
#IT Ite:792 KerTime:0.380300 AccTime:309.521554
#IT Ite:793 KerTime:0.441715 AccTime:309.963269
#IT Ite:794 KerTime:0.449318 AccTime:310.412587
#IT Ite:795 KerTime:0.436703 AccTime:310.849290
#IT Ite:796 KerTime:0.421863 AccTime:311.271153
#IT Ite:797 KerTime:0.397142 AccTime:311.668295
#IT Ite:798 KerTime:0.386624 AccTime:312.054919
#IT Ite:799 KerTime:0.383161 AccTime:312.438080
#IT Ite:800 KerTime:0.378239 AccTime:312.816319
#IT Ite:801 KerTime:0.378381 AccTime:313.194700
#IT Ite:802 KerTime:0.377615 AccTime:313.572315
#IT Ite:803 KerTime:0.378523 AccTime:313.950838
#ERR p: [2407, 1314], r: 2.0206066329112782e+51, e: -4.9307127580977398e+34
#ERR p: [2422, 1314], r: 7.3714550357557859e+51, e: -3.8404787144485826e+34
#ERR p: [2423, 1314], r: 7.7258274187761360e+50, e: 1.3878110176568938e+34
#SDC Ite:803 KerTime:0.378523 AccTime:313.950838 KerErr:3 AccErr:6
#IT Ite:804 KerTime:0.449214 AccTime:314.400052
#IT Ite:805 KerTime:0.452958 AccTime:314.853010
#IT Ite:806 KerTime:0.433403 AccTime:315.286413
#IT Ite:807 KerTime:0.403360 AccTime:315.689773
#IT Ite:808 KerTime:0.387878 AccTime:316.077651
#IT Ite:809 KerTime:0.391722 AccTime:316.469373
#IT Ite:810 KerTime:0.384480 AccTime:316.853853
#IT Ite:811 KerTime:0.380735 AccTime:317.234588
#IT Ite:812 KerTime:0.377303 AccTime:317.611891
#IT Ite:813 KerTime:0.378249 AccTime:317.990140
#IT Ite:814 KerTime:0.377606 AccTime:318.367746
#IT Ite:815 KerTime:0.378543 AccTime:318.746289
#IT Ite:816 KerTime:0.377267 AccTime:319.123556
#IT Ite:817 KerTime:0.378292 AccTime:319.501848
#IT Ite:818 KerTime:0.377207 AccTime:319.879055
#IT Ite:819 KerTime:0.378540 AccTime:320.257595
#IT Ite:820 KerTime:0.377509 AccTime:320.635104
#IT Ite:821 KerTime:0.378684 AccTime:321.013788
#IT Ite:822 KerTime:0.379129 AccTime:321.392917
#IT Ite:823 KerTime:0.394533 AccTime:321.787450
#IT Ite:824 KerTime:0.449309 AccTime:322.236759
#IT Ite:825 KerTime:0.431713 AccTime:322.668472
#IT Ite:826 KerTime:0.412389 AccTime:323.080861
#IT Ite:827 KerTime:0.398606 AccTime:323.479467
#IT Ite:828 KerTime:0.429894 AccTime:323.909361
#IT Ite:829 KerTime:0.432678 AccTime:324.342039
#IT Ite:830 KerTime:0.414598 AccTime:324.756637
#IT Ite:831 KerTime:0.399746 AccTime:325.156383
#IT Ite:832 KerTime:0.384991 AccTime:325.541374
#IT Ite:833 KerTime:0.393653 AccTime:325.935027
#IT Ite:834 KerTime:0.390696 AccTime:326.325723
#IT Ite:835 KerTime:0.380114 AccTime:326.705837
#IT Ite:836 KerTime:0.379948 AccTime:327.085785
#IT Ite:837 KerTime:0.377464 AccTime:327.463249
#IT Ite:838 KerTime:0.378611 AccTime:327.841860
#IT Ite:839 KerTime:0.377256 AccTime:328.219116
#IT Ite:840 KerTime:0.378854 AccTime:328.597970
#IT Ite:841 KerTime:0.377331 AccTime:328.975301
#IT Ite:842 KerTime:0.378755 AccTime:329.354056
#IT Ite:843 KerTime:0.377657 AccTime:329.731713
#IT Ite:844 KerTime:0.378674 AccTime:330.110387
#IT Ite:845 KerTime:0.378031 AccTime:330.488418
#IT Ite:846 KerTime:0.378855 AccTime:330.867273
#IT Ite:847 KerTime:0.382407 AccTime:331.249680
#IT Ite:848 KerTime:0.444701 AccTime:331.694381
#IT Ite:849 KerTime:0.445797 AccTime:332.140178
#IT Ite:850 KerTime:0.423927 AccTime:332.564105
#IT Ite:851 KerTime:0.395128 AccTime:332.959233
#IT Ite:852 KerTime:0.445360 AccTime:333.404593
#IT Ite:853 KerTime:0.452895 AccTime:333.857488
#IT Ite:854 KerTime:0.433002 AccTime:334.290490
#IT Ite:855 KerTime:0.411552 AccTime:334.702042
#IT Ite:856 KerTime:0.388954 AccTime:335.090996
#IT Ite:857 KerTime:0.384462 AccTime:335.475458
#IT Ite:858 KerTime:0.382105 AccTime:335.857563
#IT Ite:859 KerTime:0.378049 AccTime:336.235612
#IT Ite:860 KerTime:0.378646 AccTime:336.614258
#IT Ite:861 KerTime:0.377857 AccTime:336.992115
#IT Ite:862 KerTime:0.377534 AccTime:337.369649
#IT Ite:863 KerTime:0.378940 AccTime:337.748589
#IT Ite:864 KerTime:0.379852 AccTime:338.128441
#IT Ite:865 KerTime:0.381858 AccTime:338.510299
#IT Ite:866 KerTime:0.444016 AccTime:338.954315
#IT Ite:867 KerTime:0.467818 AccTime:339.422133
#IT Ite:868 KerTime:0.446172 AccTime:339.868305
#IT Ite:869 KerTime:0.416565 AccTime:340.284870
#IT Ite:870 KerTime:0.391543 AccTime:340.676413
#IT Ite:871 KerTime:0.387880 AccTime:341.064293
#IT Ite:872 KerTime:0.377298 AccTime:341.441591
#IT Ite:873 KerTime:0.378207 AccTime:341.819798
#IT Ite:874 KerTime:0.377291 AccTime:342.197089
#IT Ite:875 KerTime:0.378600 AccTime:342.575689
#IT Ite:876 KerTime:0.377610 AccTime:342.953299
#IT Ite:877 KerTime:0.379248 AccTime:343.332547
#IT Ite:878 KerTime:0.381954 AccTime:343.714501
#IT Ite:879 KerTime:0.390907 AccTime:344.105408
#IT Ite:880 KerTime:0.383634 AccTime:344.489042
#IT Ite:881 KerTime:0.405343 AccTime:344.894385
#IT Ite:882 KerTime:0.401816 AccTime:345.296201
#IT Ite:883 KerTime:0.384338 AccTime:345.680539
#IT Ite:884 KerTime:0.381268 AccTime:346.061807
#IT Ite:885 KerTime:0.377285 AccTime:346.439092
#IT Ite:886 KerTime:0.378272 AccTime:346.817364
#IT Ite:887 KerTime:0.377053 AccTime:347.194417
#IT Ite:888 KerTime:0.378582 AccTime:347.572999
#IT Ite:889 KerTime:0.377189 AccTime:347.950188
#IT Ite:890 KerTime:0.378694 AccTime:348.328882
#IT Ite:891 KerTime:0.379326 AccTime:348.708208
#IT Ite:892 KerTime:0.382157 AccTime:349.090365
#IT Ite:893 KerTime:0.409428 AccTime:349.499793
#IT Ite:894 KerTime:0.402474 AccTime:349.902267
#IT Ite:895 KerTime:0.392699 AccTime:350.294966
#IT Ite:896 KerTime:0.381070 AccTime:350.676036
#IT Ite:897 KerTime:0.378532 AccTime:351.054568
#IT Ite:898 KerTime:0.377630 AccTime:351.432198
#IT Ite:899 KerTime:0.378283 AccTime:351.810481
#IT Ite:900 KerTime:0.377745 AccTime:352.188226
#IT Ite:901 KerTime:0.378259 AccTime:352.566485
#IT Ite:902 KerTime:0.377226 AccTime:352.943711
#IT Ite:903 KerTime:0.378558 AccTime:353.322269
#IT Ite:904 KerTime:0.377401 AccTime:353.699670
#IT Ite:905 KerTime:0.378884 AccTime:354.078554
#IT Ite:906 KerTime:0.377653 AccTime:354.456207
#IT Ite:907 KerTime:0.380158 AccTime:354.836365
#IT Ite:908 KerTime:0.440650 AccTime:355.277015
#IT Ite:909 KerTime:0.449999 AccTime:355.727014
#IT Ite:910 KerTime:0.435415 AccTime:356.162429
#IT Ite:911 KerTime:0.413706 AccTime:356.576135
#IT Ite:912 KerTime:0.404939 AccTime:356.981074
#IT Ite:913 KerTime:0.398069 AccTime:357.379143
#IT Ite:914 KerTime:0.384504 AccTime:357.763647
#IT Ite:915 KerTime:0.383013 AccTime:358.146660
#IT Ite:916 KerTime:0.378215 AccTime:358.524875
#IT Ite:917 KerTime:0.378723 AccTime:358.903598
#IT Ite:918 KerTime:0.378584 AccTime:359.282182
#IT Ite:919 KerTime:0.381706 AccTime:359.663888
#ERR p: [1665, 3436], r: -2.7048242463642421e+34, e: -2.7048243701582460e+34
#SDC Ite:919 KerTime:0.381706 AccTime:359.663888 KerErr:1 AccErr:7
#IT Ite:920 KerTime:0.451199 AccTime:360.115087
#IT Ite:921 KerTime:0.455273 AccTime:360.570360
#IT Ite:922 KerTime:0.433312 AccTime:361.003672
#IT Ite:923 KerTime:0.413567 AccTime:361.417239
#IT Ite:924 KerTime:0.389624 AccTime:361.806863
#IT Ite:925 KerTime:0.384593 AccTime:362.191456
#IT Ite:926 KerTime:0.377940 AccTime:362.569396
#IT Ite:927 KerTime:0.379157 AccTime:362.948553
#IT Ite:928 KerTime:0.377288 AccTime:363.325841
#IT Ite:929 KerTime:0.378418 AccTime:363.704259
#IT Ite:930 KerTime:0.377279 AccTime:364.081538
#IT Ite:931 KerTime:0.378246 AccTime:364.459784
#IT Ite:932 KerTime:0.377400 AccTime:364.837184
#IT Ite:933 KerTime:0.378900 AccTime:365.216084
#IT Ite:934 KerTime:0.380011 AccTime:365.596095
#IT Ite:935 KerTime:0.384868 AccTime:365.980963
#IT Ite:936 KerTime:0.443046 AccTime:366.424009
#IT Ite:937 KerTime:0.455413 AccTime:366.879422
#IT Ite:938 KerTime:0.427375 AccTime:367.306797
#IT Ite:939 KerTime:0.410062 AccTime:367.716859
#IT Ite:940 KerTime:0.398586 AccTime:368.115445
#IT Ite:941 KerTime:0.383217 AccTime:368.498662
#IT Ite:942 KerTime:0.382884 AccTime:368.881546
#IT Ite:943 KerTime:0.381869 AccTime:369.263415
#IT Ite:944 KerTime:0.379434 AccTime:369.642849
#IT Ite:945 KerTime:0.377537 AccTime:370.020386
#IT Ite:946 KerTime:0.378711 AccTime:370.399097
#IT Ite:947 KerTime:0.377206 AccTime:370.776303
#IT Ite:948 KerTime:0.378500 AccTime:371.154803
#IT Ite:949 KerTime:0.377586 AccTime:371.532389
#IT Ite:950 KerTime:0.379937 AccTime:371.912326
#IT Ite:951 KerTime:0.381730 AccTime:372.294056
#IT Ite:952 KerTime:0.398687 AccTime:372.692743
#IT Ite:953 KerTime:0.396301 AccTime:373.089044
#IT Ite:954 KerTime:0.385137 AccTime:373.474181
#IT Ite:955 KerTime:0.382128 AccTime:373.856309
#IT Ite:956 KerTime:0.377735 AccTime:374.234044
#IT Ite:957 KerTime:0.378465 AccTime:374.612509
#IT Ite:958 KerTime:0.377275 AccTime:374.989784
#IT Ite:959 KerTime:0.378072 AccTime:375.367856
#IT Ite:960 KerTime:0.377693 AccTime:375.745549
#IT Ite:961 KerTime:0.378382 AccTime:376.123931
#IT Ite:962 KerTime:0.377337 AccTime:376.501268
#IT Ite:963 KerTime:0.378495 AccTime:376.879763
#IT Ite:964 KerTime:0.377321 AccTime:377.257084
#IT Ite:965 KerTime:0.378440 AccTime:377.635524
#IT Ite:966 KerTime:0.377270 AccTime:378.012794
#IT Ite:967 KerTime:0.379040 AccTime:378.391834
#IT Ite:968 KerTime:0.377850 AccTime:378.769684
#IT Ite:969 KerTime:0.383032 AccTime:379.152716
#IT Ite:970 KerTime:0.383811 AccTime:379.536527
#IT Ite:971 KerTime:0.442701 AccTime:379.979228
#IT Ite:972 KerTime:0.453273 AccTime:380.432501
#IT Ite:973 KerTime:0.441686 AccTime:380.874187
#IT Ite:974 KerTime:0.420538 AccTime:381.294725
#IT Ite:975 KerTime:0.395453 AccTime:381.690178
#IT Ite:976 KerTime:0.384695 AccTime:382.074873
#IT Ite:977 KerTime:0.383354 AccTime:382.458227
#IT Ite:978 KerTime:0.378260 AccTime:382.836487
#IT Ite:979 KerTime:0.378386 AccTime:383.214873
#IT Ite:980 KerTime:0.377790 AccTime:383.592663
#IT Ite:981 KerTime:0.379266 AccTime:383.971929
#IT Ite:982 KerTime:0.385329 AccTime:384.357258
#IT Ite:983 KerTime:0.397220 AccTime:384.754478
#IT Ite:984 KerTime:0.450070 AccTime:385.204548
#IT Ite:985 KerTime:0.439210 AccTime:385.643758
#IT Ite:986 KerTime:0.419536 AccTime:386.063294
#IT Ite:987 KerTime:0.401475 AccTime:386.464769
#IT Ite:988 KerTime:0.386471 AccTime:386.851240
#IT Ite:989 KerTime:0.380879 AccTime:387.232119
#IT Ite:990 KerTime:0.380700 AccTime:387.612819
#IT Ite:991 KerTime:0.378726 AccTime:387.991545
#IT Ite:992 KerTime:0.378936 AccTime:388.370481
#IT Ite:993 KerTime:0.378059 AccTime:388.748540
#IT Ite:994 KerTime:0.378758 AccTime:389.127298
#IT Ite:995 KerTime:0.377751 AccTime:389.505049
#IT Ite:996 KerTime:0.379034 AccTime:389.884083
#IT Ite:997 KerTime:0.377817 AccTime:390.261900
#IT Ite:998 KerTime:0.378677 AccTime:390.640577
#IT Ite:999 KerTime:0.377822 AccTime:391.018399
#IT Ite:1000 KerTime:0.379277 AccTime:391.397676
#IT Ite:1001 KerTime:0.380092 AccTime:391.777768
#IT Ite:1002 KerTime:0.386359 AccTime:392.164127
#IT Ite:1003 KerTime:0.399340 AccTime:392.563467
#IT Ite:1004 KerTime:0.452764 AccTime:393.016231
#IT Ite:1005 KerTime:0.441246 AccTime:393.457477
#IT Ite:1006 KerTime:0.418839 AccTime:393.876316
#IT Ite:1007 KerTime:0.453518 AccTime:394.329834
#IT Ite:1008 KerTime:0.463779 AccTime:394.793613
#IT Ite:1009 KerTime:0.433213 AccTime:395.226826
#IT Ite:1010 KerTime:0.411993 AccTime:395.638819
#IT Ite:1011 KerTime:0.398911 AccTime:396.037730
#IT Ite:1012 KerTime:0.390550 AccTime:396.428280
#IT Ite:1013 KerTime:0.380372 AccTime:396.808652
#IT Ite:1014 KerTime:0.382658 AccTime:397.191310
#IT Ite:1015 KerTime:0.380012 AccTime:397.571322
#IT Ite:1016 KerTime:0.432770 AccTime:398.004092
#IT Ite:1017 KerTime:0.457379 AccTime:398.461471
#IT Ite:1018 KerTime:0.434508 AccTime:398.895979
#IT Ite:1019 KerTime:0.399053 AccTime:399.295032
#IT Ite:1020 KerTime:0.391006 AccTime:399.686038
#IT Ite:1021 KerTime:0.385481 AccTime:400.071519
#IT Ite:1022 KerTime:0.378380 AccTime:400.449899
#IT Ite:1023 KerTime:0.379676 AccTime:400.829575
#IT Ite:1024 KerTime:0.378190 AccTime:401.207765
#IT Ite:1025 KerTime:0.378363 AccTime:401.586128
#IT Ite:1026 KerTime:0.377651 AccTime:401.963779
#IT Ite:1027 KerTime:0.378392 AccTime:402.342171
#IT Ite:1028 KerTime:0.377250 AccTime:402.719421
#IT Ite:1029 KerTime:0.378491 AccTime:403.097912
#IT Ite:1030 KerTime:0.377375 AccTime:403.475287
#IT Ite:1031 KerTime:0.379138 AccTime:403.854425
#IT Ite:1032 KerTime:0.378187 AccTime:404.232612
#IT Ite:1033 KerTime:0.380613 AccTime:404.613225
#IT Ite:1034 KerTime:0.382237 AccTime:404.995462
#IT Ite:1035 KerTime:0.443262 AccTime:405.438724
#IT Ite:1036 KerTime:0.468295 AccTime:405.907019
#IT Ite:1037 KerTime:0.452023 AccTime:406.359042
#IT Ite:1038 KerTime:0.426743 AccTime:406.785785
#IT Ite:1039 KerTime:0.397286 AccTime:407.183071
#IT Ite:1040 KerTime:0.388826 AccTime:407.571897
#IT Ite:1041 KerTime:0.384836 AccTime:407.956733
#IT Ite:1042 KerTime:0.380751 AccTime:408.337484
#IT Ite:1043 KerTime:0.380285 AccTime:408.717769
#IT Ite:1044 KerTime:0.381298 AccTime:409.099067
#IT Ite:1045 KerTime:0.380274 AccTime:409.479341
#IT Ite:1046 KerTime:0.440016 AccTime:409.919357
#IT Ite:1047 KerTime:0.456024 AccTime:410.375381
#IT Ite:1048 KerTime:0.431403 AccTime:410.806784
#IT Ite:1049 KerTime:0.410647 AccTime:411.217431
#IT Ite:1050 KerTime:0.398313 AccTime:411.615744
#IT Ite:1051 KerTime:0.382390 AccTime:411.998134
#IT Ite:1052 KerTime:0.380975 AccTime:412.379109
#IT Ite:1053 KerTime:0.377360 AccTime:412.756469
#IT Ite:1054 KerTime:0.378300 AccTime:413.134769
#IT Ite:1055 KerTime:0.377034 AccTime:413.511803
#IT Ite:1056 KerTime:0.376906 AccTime:413.888709
#IT Ite:1057 KerTime:0.377046 AccTime:414.265755
#IT Ite:1058 KerTime:0.377801 AccTime:414.643556
#IT Ite:1059 KerTime:0.377469 AccTime:415.021025
#IT Ite:1060 KerTime:0.378803 AccTime:415.399828
#IT Ite:1061 KerTime:0.377960 AccTime:415.777788
#IT Ite:1062 KerTime:0.405670 AccTime:416.183458
#IT Ite:1063 KerTime:0.396108 AccTime:416.579566
#IT Ite:1064 KerTime:0.384256 AccTime:416.963822
#IT Ite:1065 KerTime:0.382347 AccTime:417.346169
#IT Ite:1066 KerTime:0.379284 AccTime:417.725453
#IT Ite:1067 KerTime:0.380811 AccTime:418.106264
#IT Ite:1068 KerTime:0.378464 AccTime:418.484728
#IT Ite:1069 KerTime:0.379199 AccTime:418.863927
#IT Ite:1070 KerTime:0.377921 AccTime:419.241848
#IT Ite:1071 KerTime:0.378617 AccTime:419.620465
#IT Ite:1072 KerTime:0.377634 AccTime:419.998099
#IT Ite:1073 KerTime:0.378393 AccTime:420.376492
#IT Ite:1074 KerTime:0.377474 AccTime:420.753966
#IT Ite:1075 KerTime:0.378408 AccTime:421.132374
#IT Ite:1076 KerTime:0.378033 AccTime:421.510407
#IT Ite:1077 KerTime:0.384296 AccTime:421.894703
#IT Ite:1078 KerTime:0.391199 AccTime:422.285902
#IT Ite:1079 KerTime:0.433785 AccTime:422.719687
#IT Ite:1080 KerTime:0.427675 AccTime:423.147362
#IT Ite:1081 KerTime:0.401960 AccTime:423.549322
#IT Ite:1082 KerTime:0.388428 AccTime:423.937750
#IT Ite:1083 KerTime:0.385981 AccTime:424.323731
#IT Ite:1084 KerTime:0.402915 AccTime:424.726646
#IT Ite:1085 KerTime:0.400148 AccTime:425.126794
#IT Ite:1086 KerTime:0.386154 AccTime:425.512948
#IT Ite:1087 KerTime:0.380393 AccTime:425.893341
#IT Ite:1088 KerTime:0.377972 AccTime:426.271313
#IT Ite:1089 KerTime:0.377957 AccTime:426.649270
#IT Ite:1090 KerTime:0.378840 AccTime:427.028110
#IT Ite:1091 KerTime:0.377999 AccTime:427.406109
#IT Ite:1092 KerTime:0.378563 AccTime:427.784672
#IT Ite:1093 KerTime:0.377656 AccTime:428.162328
#IT Ite:1094 KerTime:0.378433 AccTime:428.540761
#IT Ite:1095 KerTime:0.377776 AccTime:428.918537
#IT Ite:1096 KerTime:0.377676 AccTime:429.296213
#IT Ite:1097 KerTime:0.378490 AccTime:429.674703
#IT Ite:1098 KerTime:0.384163 AccTime:430.058866
#IT Ite:1099 KerTime:0.389132 AccTime:430.447998
#IT Ite:1100 KerTime:0.445651 AccTime:430.893649
#IT Ite:1101 KerTime:0.442544 AccTime:431.336193
#IT Ite:1102 KerTime:0.415228 AccTime:431.751421
#IT Ite:1103 KerTime:0.389563 AccTime:432.140984
#IT Ite:1104 KerTime:0.445462 AccTime:432.586446
#IT Ite:1105 KerTime:0.457915 AccTime:433.044361
#IT Ite:1106 KerTime:0.435999 AccTime:433.480360
#IT Ite:1107 KerTime:0.413259 AccTime:433.893619
#IT Ite:1108 KerTime:0.389212 AccTime:434.282831
#IT Ite:1109 KerTime:0.390608 AccTime:434.673439
#IT Ite:1110 KerTime:0.379061 AccTime:435.052500
#IT Ite:1111 KerTime:0.378145 AccTime:435.430645
#IT Ite:1112 KerTime:0.377301 AccTime:435.807946
#IT Ite:1113 KerTime:0.378412 AccTime:436.186358
#IT Ite:1114 KerTime:0.378110 AccTime:436.564468
#IT Ite:1115 KerTime:0.380731 AccTime:436.945199
#IT Ite:1116 KerTime:0.383542 AccTime:437.328741
#IT Ite:1117 KerTime:0.400317 AccTime:437.729058
#IT Ite:1118 KerTime:0.397390 AccTime:438.126448
#IT Ite:1119 KerTime:0.386483 AccTime:438.512931
#IT Ite:1120 KerTime:0.384728 AccTime:438.897659
#IT Ite:1121 KerTime:0.378307 AccTime:439.275966
#IT Ite:1122 KerTime:0.378389 AccTime:439.654355
#IT Ite:1123 KerTime:0.377740 AccTime:440.032095
#IT Ite:1124 KerTime:0.378491 AccTime:440.410586
#IT Ite:1125 KerTime:0.377407 AccTime:440.787993
#IT Ite:1126 KerTime:0.378226 AccTime:441.166219
#IT Ite:1127 KerTime:0.377398 AccTime:441.543617
#IT Ite:1128 KerTime:0.378281 AccTime:441.921898
#IT Ite:1129 KerTime:0.377334 AccTime:442.299232
#IT Ite:1130 KerTime:0.378929 AccTime:442.678161
#IT Ite:1131 KerTime:0.379403 AccTime:443.057564
#IT Ite:1132 KerTime:0.381458 AccTime:443.439022
#IT Ite:1133 KerTime:0.400459 AccTime:443.839481
#IT Ite:1134 KerTime:0.452830 AccTime:444.292311
#IT Ite:1135 KerTime:0.436581 AccTime:444.728892
#IT Ite:1136 KerTime:0.415042 AccTime:445.143934
#IT Ite:1137 KerTime:0.396233 AccTime:445.540167
#IT Ite:1138 KerTime:0.415737 AccTime:445.955904
#IT Ite:1139 KerTime:0.429007 AccTime:446.384911
#IT Ite:1140 KerTime:0.414336 AccTime:446.799247
#IT Ite:1141 KerTime:0.392559 AccTime:447.191806
#IT Ite:1142 KerTime:0.386909 AccTime:447.578715
#IT Ite:1143 KerTime:0.412769 AccTime:447.991484
