#HEADER streams:1 size:1024 pyramidHeight:1 simTime:1000
#BEGIN Y:2016 M:12 D:12 Time:21:19:40
#IT Ite:0 KerTime:0.171622 AccTime:0.171622
#IT Ite:1 KerTime:0.145099 AccTime:0.316721
#IT Ite:2 KerTime:0.134905 AccTime:0.451626
#IT Ite:3 KerTime:0.131006 AccTime:0.582632
#IT Ite:4 KerTime:0.131025 AccTime:0.713657
#IT Ite:5 KerTime:0.130976 AccTime:0.844633
#IT Ite:6 KerTime:0.130958 AccTime:0.975591
#IT Ite:7 KerTime:0.130977 AccTime:1.106568
#IT Ite:8 KerTime:0.130973 AccTime:1.237541
#IT Ite:9 KerTime:0.130995 AccTime:1.368536
#IT Ite:10 KerTime:0.131000 AccTime:1.499536
#IT Ite:11 KerTime:0.130974 AccTime:1.630510
#IT Ite:12 KerTime:0.131047 AccTime:1.761557
#IT Ite:13 KerTime:0.130977 AccTime:1.892534
#IT Ite:14 KerTime:0.130983 AccTime:2.023517
#IT Ite:15 KerTime:0.130983 AccTime:2.154500
#IT Ite:16 KerTime:0.130991 AccTime:2.285491
#IT Ite:17 KerTime:0.131009 AccTime:2.416500
#IT Ite:18 KerTime:0.130976 AccTime:2.547476
#IT Ite:19 KerTime:0.131028 AccTime:2.678504
#IT Ite:20 KerTime:0.130976 AccTime:2.809480
#IT Ite:21 KerTime:0.130981 AccTime:2.940461
#IT Ite:22 KerTime:0.130995 AccTime:3.071456
#IT Ite:23 KerTime:0.130965 AccTime:3.202421
#IT Ite:24 KerTime:0.130987 AccTime:3.333408
#IT Ite:25 KerTime:0.130985 AccTime:3.464393
#IT Ite:26 KerTime:0.131020 AccTime:3.595413
#IT Ite:27 KerTime:0.131746 AccTime:3.727159
#IT Ite:28 KerTime:0.131938 AccTime:3.859097
#IT Ite:29 KerTime:0.131893 AccTime:3.990990
#IT Ite:30 KerTime:0.131909 AccTime:4.122899
#IT Ite:31 KerTime:0.131897 AccTime:4.254796
#IT Ite:32 KerTime:0.131919 AccTime:4.386715
#IT Ite:33 KerTime:0.131923 AccTime:4.518638
#IT Ite:34 KerTime:0.131904 AccTime:4.650542
#IT Ite:35 KerTime:0.131892 AccTime:4.782434
#IT Ite:36 KerTime:0.131879 AccTime:4.914313
#IT Ite:37 KerTime:0.131914 AccTime:5.046227
#IT Ite:38 KerTime:0.131896 AccTime:5.178123
#IT Ite:39 KerTime:0.131926 AccTime:5.310049
#IT Ite:40 KerTime:0.131888 AccTime:5.441937
#IT Ite:41 KerTime:0.131974 AccTime:5.573911
#IT Ite:42 KerTime:0.131901 AccTime:5.705812
#IT Ite:43 KerTime:0.131885 AccTime:5.837697
#IT Ite:44 KerTime:0.131917 AccTime:5.969614
#IT Ite:45 KerTime:0.131913 AccTime:6.101527
#IT Ite:46 KerTime:0.131932 AccTime:6.233459
#IT Ite:47 KerTime:0.131932 AccTime:6.365391
#IT Ite:48 KerTime:0.131950 AccTime:6.497341
#IT Ite:49 KerTime:0.131923 AccTime:6.629264
#IT Ite:50 KerTime:0.132009 AccTime:6.761273
#IT Ite:51 KerTime:0.131883 AccTime:6.893156
#IT Ite:52 KerTime:0.131871 AccTime:7.025027
#IT Ite:53 KerTime:0.131939 AccTime:7.156966
#IT Ite:54 KerTime:0.131865 AccTime:7.288831
#IT Ite:55 KerTime:0.131926 AccTime:7.420757
#IT Ite:56 KerTime:0.131927 AccTime:7.552684
#IT Ite:57 KerTime:0.131916 AccTime:7.684600
#IT Ite:58 KerTime:0.131870 AccTime:7.816470
#IT Ite:59 KerTime:0.131888 AccTime:7.948358
#IT Ite:60 KerTime:0.131916 AccTime:8.080274
#IT Ite:61 KerTime:0.131917 AccTime:8.212191
#IT Ite:62 KerTime:0.131966 AccTime:8.344157
#IT Ite:63 KerTime:0.131903 AccTime:8.476060
#IT Ite:64 KerTime:0.131910 AccTime:8.607970
#IT Ite:65 KerTime:0.131904 AccTime:8.739874
#IT Ite:66 KerTime:0.131888 AccTime:8.871762
#IT Ite:67 KerTime:0.131896 AccTime:9.003658
#IT Ite:68 KerTime:0.131915 AccTime:9.135573
#IT Ite:69 KerTime:0.131888 AccTime:9.267461
#IT Ite:70 KerTime:0.131972 AccTime:9.399433
#IT Ite:71 KerTime:0.131889 AccTime:9.531322
#IT Ite:72 KerTime:0.131894 AccTime:9.663216
#IT Ite:73 KerTime:0.131929 AccTime:9.795145
#IT Ite:74 KerTime:0.131858 AccTime:9.927003
#IT Ite:75 KerTime:0.131905 AccTime:10.058908
#IT Ite:76 KerTime:0.131911 AccTime:10.190819
#IT Ite:77 KerTime:0.131979 AccTime:10.322798
#IT Ite:78 KerTime:0.131926 AccTime:10.454724
#IT Ite:79 KerTime:0.131915 AccTime:10.586639
#IT Ite:80 KerTime:0.131889 AccTime:10.718528
#IT Ite:81 KerTime:0.131906 AccTime:10.850434
#IT Ite:82 KerTime:0.131895 AccTime:10.982329
#IT Ite:83 KerTime:0.131884 AccTime:11.114213
#IT Ite:84 KerTime:0.131960 AccTime:11.246173
#IT Ite:85 KerTime:0.132034 AccTime:11.378207
#IT Ite:86 KerTime:0.132007 AccTime:11.510214
#IT Ite:87 KerTime:0.131887 AccTime:11.642101
#IT Ite:88 KerTime:0.131921 AccTime:11.774022
#IT Ite:89 KerTime:0.131922 AccTime:11.905944
#IT Ite:90 KerTime:0.131904 AccTime:12.037848
#IT Ite:91 KerTime:0.131958 AccTime:12.169806
#IT Ite:92 KerTime:0.131908 AccTime:12.301714
#IT Ite:93 KerTime:0.131948 AccTime:12.433662
#IT Ite:94 KerTime:0.131975 AccTime:12.565637
#IT Ite:95 KerTime:0.131871 AccTime:12.697508
#IT Ite:96 KerTime:0.131896 AccTime:12.829404
#IT Ite:97 KerTime:0.131890 AccTime:12.961294
#IT Ite:98 KerTime:0.131970 AccTime:13.093264
#IT Ite:99 KerTime:0.131935 AccTime:13.225199
#IT Ite:100 KerTime:0.131900 AccTime:13.357099
#IT Ite:101 KerTime:0.132034 AccTime:13.489133
#IT Ite:102 KerTime:0.144353 AccTime:13.633486
#IT Ite:103 KerTime:0.132044 AccTime:13.765530
#IT Ite:104 KerTime:0.131913 AccTime:13.897443
#IT Ite:105 KerTime:0.132904 AccTime:14.030347
#IT Ite:106 KerTime:0.132845 AccTime:14.163192
#IT Ite:107 KerTime:0.132863 AccTime:14.296055
#IT Ite:108 KerTime:0.132854 AccTime:14.428909
#IT Ite:109 KerTime:0.132868 AccTime:14.561777
#IT Ite:110 KerTime:0.132866 AccTime:14.694643
#IT Ite:111 KerTime:0.132847 AccTime:14.827490
#IT Ite:112 KerTime:0.132863 AccTime:14.960353
#IT Ite:113 KerTime:0.132932 AccTime:15.093285
#IT Ite:114 KerTime:0.132889 AccTime:15.226174
#IT Ite:115 KerTime:0.132924 AccTime:15.359098
#IT Ite:116 KerTime:0.132896 AccTime:15.491994
#IT Ite:117 KerTime:0.132899 AccTime:15.624893
#IT Ite:118 KerTime:0.132974 AccTime:15.757867
#IT Ite:119 KerTime:0.132925 AccTime:15.890792
#IT Ite:120 KerTime:0.132924 AccTime:16.023716
#IT Ite:121 KerTime:0.132863 AccTime:16.156579
#IT Ite:122 KerTime:0.132943 AccTime:16.289522
#IT Ite:123 KerTime:0.132816 AccTime:16.422338
#IT Ite:124 KerTime:0.132816 AccTime:16.555154
#IT Ite:125 KerTime:0.132876 AccTime:16.688030
#IT Ite:126 KerTime:0.132824 AccTime:16.820854
#IT Ite:127 KerTime:0.132907 AccTime:16.953761
#IT Ite:128 KerTime:0.132842 AccTime:17.086603
#IT Ite:129 KerTime:0.132825 AccTime:17.219428
#IT Ite:130 KerTime:0.132836 AccTime:17.352264
#IT Ite:131 KerTime:0.132862 AccTime:17.485126
#IT Ite:132 KerTime:0.132835 AccTime:17.617961
#IT Ite:133 KerTime:0.132818 AccTime:17.750779
#IT Ite:134 KerTime:0.132915 AccTime:17.883694
#IT Ite:135 KerTime:0.132827 AccTime:18.016521
#IT Ite:136 KerTime:0.132864 AccTime:18.149385
#IT Ite:137 KerTime:0.132839 AccTime:18.282224
#IT Ite:138 KerTime:0.132828 AccTime:18.415052
#IT Ite:139 KerTime:0.132878 AccTime:18.547930
#IT Ite:140 KerTime:0.132906 AccTime:18.680836
#IT Ite:141 KerTime:0.132934 AccTime:18.813770
#IT Ite:142 KerTime:0.132899 AccTime:18.946669
#IT Ite:143 KerTime:0.132867 AccTime:19.079536
#IT Ite:144 KerTime:0.132874 AccTime:19.212410
#IT Ite:145 KerTime:0.132853 AccTime:19.345263
#IT Ite:146 KerTime:0.132859 AccTime:19.478122
#IT Ite:147 KerTime:0.132861 AccTime:19.610983
#IT Ite:148 KerTime:0.132861 AccTime:19.743844
#IT Ite:149 KerTime:0.132898 AccTime:19.876742
#IT Ite:150 KerTime:0.132838 AccTime:20.009580
#IT Ite:151 KerTime:0.132850 AccTime:20.142430
#IT Ite:152 KerTime:0.132848 AccTime:20.275278
#IT Ite:153 KerTime:0.132839 AccTime:20.408117
#IT Ite:154 KerTime:0.132834 AccTime:20.540951
#IT Ite:155 KerTime:0.132830 AccTime:20.673781
#IT Ite:156 KerTime:0.132907 AccTime:20.806688
#IT Ite:157 KerTime:0.132848 AccTime:20.939536
#IT Ite:158 KerTime:0.132827 AccTime:21.072363
#IT Ite:159 KerTime:0.132831 AccTime:21.205194
#IT Ite:160 KerTime:0.132883 AccTime:21.338077
#IT Ite:161 KerTime:0.132872 AccTime:21.470949
#IT Ite:162 KerTime:0.132855 AccTime:21.603804
#IT Ite:163 KerTime:0.132885 AccTime:21.736689
#IT Ite:164 KerTime:0.132871 AccTime:21.869560
#IT Ite:165 KerTime:0.132862 AccTime:22.002422
#IT Ite:166 KerTime:0.132965 AccTime:22.135387
#IT Ite:167 KerTime:0.132863 AccTime:22.268250
#IT Ite:168 KerTime:0.132874 AccTime:22.401124
#IT Ite:169 KerTime:0.132854 AccTime:22.533978
#IT Ite:170 KerTime:0.132910 AccTime:22.666888
#IT Ite:171 KerTime:0.132885 AccTime:22.799773
#IT Ite:172 KerTime:0.132861 AccTime:22.932634
#IT Ite:173 KerTime:0.132861 AccTime:23.065495
#IT Ite:174 KerTime:0.132870 AccTime:23.198365
#IT Ite:175 KerTime:0.132854 AccTime:23.331219
#IT Ite:176 KerTime:0.132852 AccTime:23.464071
#IT Ite:177 KerTime:0.132925 AccTime:23.596996
#IT Ite:178 KerTime:0.132849 AccTime:23.729845
#IT Ite:179 KerTime:0.132847 AccTime:23.862692
#IT Ite:180 KerTime:0.132860 AccTime:23.995552
#IT Ite:181 KerTime:0.132850 AccTime:24.128402
#IT Ite:182 KerTime:0.132830 AccTime:24.261232
#IT Ite:183 KerTime:0.132853 AccTime:24.394085
#IT Ite:184 KerTime:0.132909 AccTime:24.526994
#IT Ite:185 KerTime:0.132882 AccTime:24.659876
#IT Ite:186 KerTime:0.132884 AccTime:24.792760
#IT Ite:187 KerTime:0.132829 AccTime:24.925589
#IT Ite:188 KerTime:0.132820 AccTime:25.058409
#IT Ite:189 KerTime:0.133015 AccTime:25.191424
#IT Ite:190 KerTime:0.132867 AccTime:25.324291
#IT Ite:191 KerTime:0.132856 AccTime:25.457147
#IT Ite:192 KerTime:0.132931 AccTime:25.590078
#IT Ite:193 KerTime:0.132901 AccTime:25.722979
#IT Ite:194 KerTime:0.132877 AccTime:25.855856
#IT Ite:195 KerTime:0.132882 AccTime:25.988738
#IT Ite:196 KerTime:0.132859 AccTime:26.121597
#IT Ite:197 KerTime:0.132909 AccTime:26.254506
#IT Ite:198 KerTime:0.132853 AccTime:26.387359
#IT Ite:199 KerTime:0.132924 AccTime:26.520283
#IT Ite:200 KerTime:0.132887 AccTime:26.653170
#IT Ite:201 KerTime:0.132891 AccTime:26.786061
#IT Ite:202 KerTime:0.132951 AccTime:26.919012
#IT Ite:203 KerTime:0.132855 AccTime:27.051867
#IT Ite:204 KerTime:0.132879 AccTime:27.184746
#IT Ite:205 KerTime:0.132851 AccTime:27.317597
#IT Ite:206 KerTime:0.133064 AccTime:27.450661
#IT Ite:207 KerTime:0.133668 AccTime:27.584329
#IT Ite:208 KerTime:0.133636 AccTime:27.717965
#ERR stream: 0, p: [987, 1010], r: 3.0742050170898438e+02, e: 3.0742047119140625e+02
#ERR stream: 0, p: [987, 1011], r: 3.0742044067382812e+02, e: 3.0742041015625000e+02
#ERR stream: 0, p: [987, 1012], r: 3.0742037963867188e+02, e: 3.0742034912109375e+02
#ERR stream: 0, p: [987, 1013], r: 3.0742031860351562e+02, e: 3.0742028808593750e+02
#ERR stream: 0, p: [987, 1014], r: 3.0742028808593750e+02, e: 3.0742025756835938e+02
#ERR stream: 0, p: [987, 1016], r: 3.0742019653320312e+02, e: 3.0742016601562500e+02
#ERR stream: 0, p: [987, 1017], r: 3.0742016601562500e+02, e: 3.0742013549804688e+02
#ERR stream: 0, p: [987, 1018], r: 3.0742013549804688e+02, e: 3.0742010498046875e+02
#ERR stream: 0, p: [987, 1020], r: 3.0742010498046875e+02, e: 3.0742007446289062e+02
#ERR stream: 0, p: [987, 1021], r: 3.0742007446289062e+02, e: 3.0742004394531250e+02
#ERR stream: 0, p: [987, 1023], r: 3.0742004394531250e+02, e: 3.0742001342773438e+02
#ERR stream: 0, p: [988, 1010], r: 3.0741909790039062e+02, e: 3.0741906738281250e+02
#ERR stream: 0, p: [988, 1011], r: 3.0741903686523438e+02, e: 3.0741900634765625e+02
#ERR stream: 0, p: [988, 1012], r: 3.0741897583007812e+02, e: 3.0741894531250000e+02
#ERR stream: 0, p: [988, 1013], r: 3.0741894531250000e+02, e: 3.0741888427734375e+02
#ERR stream: 0, p: [988, 1014], r: 3.0741888427734375e+02, e: 3.0741885375976562e+02
#ERR stream: 0, p: [988, 1015], r: 3.0741885375976562e+02, e: 3.0741882324218750e+02
#ERR stream: 0, p: [988, 1016], r: 3.0741882324218750e+02, e: 3.0741876220703125e+02
#ERR stream: 0, p: [988, 1017], r: 3.0741876220703125e+02, e: 3.0741873168945312e+02
#ERR stream: 0, p: [988, 1018], r: 3.0741873168945312e+02, e: 3.0741870117187500e+02
#ERR stream: 0, p: [988, 1019], r: 3.0741873168945312e+02, e: 3.0741870117187500e+02
#ERR stream: 0, p: [988, 1020], r: 3.0741870117187500e+02, e: 3.0741867065429688e+02
#ERR stream: 0, p: [988, 1021], r: 3.0741870117187500e+02, e: 3.0741864013671875e+02
#ERR stream: 0, p: [988, 1022], r: 3.0741867065429688e+02, e: 3.0741864013671875e+02
#ERR stream: 0, p: [988, 1023], r: 3.0741864013671875e+02, e: 3.0741860961914062e+02
#ERR stream: 0, p: [989, 1006], r: 3.0741802978515625e+02, e: 3.0741799926757812e+02
#ERR stream: 0, p: [989, 1012], r: 3.0741760253906250e+02, e: 3.0741757202148438e+02
#ERR stream: 0, p: [989, 1013], r: 3.0741754150390625e+02, e: 3.0741751098632812e+02
#ERR stream: 0, p: [989, 1014], r: 3.0741751098632812e+02, e: 3.0741748046875000e+02
#ERR stream: 0, p: [989, 1015], r: 3.0741748046875000e+02, e: 3.0741741943359375e+02
#ERR stream: 0, p: [989, 1016], r: 3.0741741943359375e+02, e: 3.0741738891601562e+02
#ERR stream: 0, p: [989, 1017], r: 3.0741738891601562e+02, e: 3.0741735839843750e+02
#ERR stream: 0, p: [989, 1018], r: 3.0741735839843750e+02, e: 3.0741732788085938e+02
#ERR stream: 0, p: [989, 1019], r: 3.0741735839843750e+02, e: 3.0741729736328125e+02
#ERR stream: 0, p: [989, 1020], r: 3.0741732788085938e+02, e: 3.0741729736328125e+02
#ERR stream: 0, p: [989, 1021], r: 3.0741729736328125e+02, e: 3.0741726684570312e+02
#ERR stream: 0, p: [989, 1022], r: 3.0741729736328125e+02, e: 3.0741723632812500e+02
#ERR stream: 0, p: [989, 1023], r: 3.0741726684570312e+02, e: 3.0741723632812500e+02
#ERR stream: 0, p: [990, 995], r: 3.0741775512695312e+02, e: 3.0741772460937500e+02
#ERR stream: 0, p: [990, 1003], r: 3.0741690063476562e+02, e: 3.0741687011718750e+02
#ERR stream: 0, p: [990, 1004], r: 3.0741680908203125e+02, e: 3.0741677856445312e+02
#ERR stream: 0, p: [990, 1006], r: 3.0741665649414062e+02, e: 3.0741662597656250e+02
#ERR stream: 0, p: [990, 1008], r: 3.0741650390625000e+02, e: 3.0741647338867188e+02
#ERR stream: 0, p: [990, 1009], r: 3.0741641235351562e+02, e: 3.0741638183593750e+02
#ERR stream: 0, p: [990, 1010], r: 3.0741635131835938e+02, e: 3.0741632080078125e+02
#ERR stream: 0, p: [990, 1011], r: 3.0741629028320312e+02, e: 3.0741625976562500e+02
#ERR stream: 0, p: [990, 1012], r: 3.0741622924804688e+02, e: 3.0741619873046875e+02
#ERR stream: 0, p: [990, 1013], r: 3.0741619873046875e+02, e: 3.0741613769531250e+02
#ERR stream: 0, p: [990, 1014], r: 3.0741613769531250e+02, e: 3.0741610717773438e+02
#ERR stream: 0, p: [990, 1015], r: 3.0741610717773438e+02, e: 3.0741607666015625e+02
#ERR stream: 0, p: [990, 1016], r: 3.0741607666015625e+02, e: 3.0741601562500000e+02
#ERR stream: 0, p: [990, 1017], r: 3.0741604614257812e+02, e: 3.0741598510742188e+02
#ERR stream: 0, p: [990, 1018], r: 3.0741601562500000e+02, e: 3.0741595458984375e+02
#ERR stream: 0, p: [990, 1019], r: 3.0741598510742188e+02, e: 3.0741592407226562e+02
#ERR stream: 0, p: [990, 1020], r: 3.0741595458984375e+02, e: 3.0741589355468750e+02
#ERR stream: 0, p: [990, 1021], r: 3.0741595458984375e+02, e: 3.0741589355468750e+02
#ERR stream: 0, p: [990, 1022], r: 3.0741595458984375e+02, e: 3.0741586303710938e+02
#ERR stream: 0, p: [990, 1023], r: 3.0741592407226562e+02, e: 3.0741586303710938e+02
#ERR stream: 0, p: [991, 994], r: 3.0741650390625000e+02, e: 3.0741647338867188e+02
#ERR stream: 0, p: [991, 995], r: 3.0741638183593750e+02, e: 3.0741635131835938e+02
#ERR stream: 0, p: [991, 1001], r: 3.0741574096679688e+02, e: 3.0741571044921875e+02
#ERR stream: 0, p: [991, 1002], r: 3.0741564941406250e+02, e: 3.0741561889648438e+02
#ERR stream: 0, p: [991, 1004], r: 3.0741546630859375e+02, e: 3.0741543579101562e+02
#ERR stream: 0, p: [991, 1005], r: 3.0741537475585938e+02, e: 3.0741534423828125e+02
#ERR stream: 0, p: [991, 1007], r: 3.0741522216796875e+02, e: 3.0741519165039062e+02
#ERR stream: 0, p: [991, 1008], r: 3.0741516113281250e+02, e: 3.0741510009765625e+02
#ERR stream: 0, p: [991, 1009], r: 3.0741506958007812e+02, e: 3.0741503906250000e+02
#ERR stream: 0, p: [991, 1010], r: 3.0741500854492188e+02, e: 3.0741494750976562e+02
#ERR stream: 0, p: [991, 1011], r: 3.0741494750976562e+02, e: 3.0741488647460938e+02
#ERR stream: 0, p: [991, 1012], r: 3.0741488647460938e+02, e: 3.0741482543945312e+02
#ERR stream: 0, p: [991, 1013], r: 3.0741485595703125e+02, e: 3.0741479492187500e+02
#ERR stream: 0, p: [991, 1014], r: 3.0741479492187500e+02, e: 3.0741473388671875e+02
#ERR stream: 0, p: [991, 1015], r: 3.0741476440429688e+02, e: 3.0741470336914062e+02
#ERR stream: 0, p: [991, 1016], r: 3.0741473388671875e+02, e: 3.0741467285156250e+02
#ERR stream: 0, p: [991, 1017], r: 3.0741470336914062e+02, e: 3.0741461181640625e+02
#ERR stream: 0, p: [991, 1018], r: 3.0741467285156250e+02, e: 3.0741458129882812e+02
#ERR stream: 0, p: [991, 1019], r: 3.0741464233398438e+02, e: 3.0741455078125000e+02
#ERR stream: 0, p: [991, 1020], r: 3.0741464233398438e+02, e: 3.0741455078125000e+02
#ERR stream: 0, p: [991, 1021], r: 3.0741461181640625e+02, e: 3.0741452026367188e+02
#ERR stream: 0, p: [991, 1022], r: 3.0741461181640625e+02, e: 3.0741448974609375e+02
#ERR stream: 0, p: [991, 1023], r: 3.0741458129882812e+02, e: 3.0741448974609375e+02
#ERR stream: 0, p: [992, 994], r: 3.0741516113281250e+02, e: 3.0741513061523438e+02
#ERR stream: 0, p: [992, 995], r: 3.0741503906250000e+02, e: 3.0741500854492188e+02
#ERR stream: 0, p: [992, 1002], r: 3.0741430664062500e+02, e: 3.0741427612304688e+02
#ERR stream: 0, p: [992, 1003], r: 3.0741421508789062e+02, e: 3.0741418457031250e+02
#ERR stream: 0, p: [992, 1004], r: 3.0741412353515625e+02, e: 3.0741409301757812e+02
#ERR stream: 0, p: [992, 1006], r: 3.0741397094726562e+02, e: 3.0741394042968750e+02
#ERR stream: 0, p: [992, 1007], r: 3.0741387939453125e+02, e: 3.0741384887695312e+02
#ERR stream: 0, p: [992, 1008], r: 3.0741381835937500e+02, e: 3.0741378784179688e+02
#ERR stream: 0, p: [992, 1009], r: 3.0741372680664062e+02, e: 3.0741369628906250e+02
#ERR stream: 0, p: [992, 1010], r: 3.0741366577148438e+02, e: 3.0741360473632812e+02
#ERR stream: 0, p: [992, 1011], r: 3.0741363525390625e+02, e: 3.0741354370117188e+02
#ERR stream: 0, p: [992, 1012], r: 3.0741357421875000e+02, e: 3.0741348266601562e+02
#ERR stream: 0, p: [992, 1013], r: 3.0741354370117188e+02, e: 3.0741345214843750e+02
#ERR stream: 0, p: [992, 1014], r: 3.0741348266601562e+02, e: 3.0741342163085938e+02
#ERR stream: 0, p: [992, 1015], r: 3.0741345214843750e+02, e: 3.0741336059570312e+02
#ERR stream: 0, p: [992, 1016], r: 3.0741342163085938e+02, e: 3.0741333007812500e+02
#ERR stream: 0, p: [992, 1017], r: 3.0741336059570312e+02, e: 3.0741326904296875e+02
#ERR stream: 0, p: [992, 1018], r: 3.0741336059570312e+02, e: 3.0741323852539062e+02
#ERR stream: 0, p: [992, 1019], r: 3.0741333007812500e+02, e: 3.0741320800781250e+02
#ERR stream: 0, p: [992, 1020], r: 3.0741333007812500e+02, e: 3.0741320800781250e+02
#ERR stream: 0, p: [992, 1021], r: 3.0741329956054688e+02, e: 3.0741320800781250e+02
#ERR stream: 0, p: [992, 1022], r: 3.0741329956054688e+02, e: 3.0741317749023438e+02
#ERR stream: 0, p: [992, 1023], r: 3.0741329956054688e+02, e: 3.0741314697265625e+02
#ERR stream: 0, p: [993, 1002], r: 3.0741299438476562e+02, e: 3.0741296386718750e+02
#ERR stream: 0, p: [993, 1003], r: 3.0741290283203125e+02, e: 3.0741287231445312e+02
#ERR stream: 0, p: [993, 1004], r: 3.0741281127929688e+02, e: 3.0741278076171875e+02
#ERR stream: 0, p: [993, 1006], r: 3.0741265869140625e+02, e: 3.0741262817382812e+02
#ERR stream: 0, p: [993, 1007], r: 3.0741259765625000e+02, e: 3.0741253662109375e+02
#ERR stream: 0, p: [993, 1008], r: 3.0741250610351562e+02, e: 3.0741247558593750e+02
#ERR stream: 0, p: [993, 1009], r: 3.0741244506835938e+02, e: 3.0741238403320312e+02
#ERR stream: 0, p: [993, 1010], r: 3.0741241455078125e+02, e: 3.0741229248046875e+02
#ERR stream: 0, p: [993, 1011], r: 3.0741235351562500e+02, e: 3.0741223144531250e+02
#ERR stream: 0, p: [993, 1012], r: 3.0741229248046875e+02, e: 3.0741217041015625e+02
#ERR stream: 0, p: [993, 1013], r: 3.0741226196289062e+02, e: 3.0741213989257812e+02
#ERR stream: 0, p: [993, 1014], r: 3.0741223144531250e+02, e: 3.0741210937500000e+02
#ERR stream: 0, p: [993, 1015], r: 3.0741217041015625e+02, e: 3.0741204833984375e+02
#ERR stream: 0, p: [993, 1016], r: 3.0741213989257812e+02, e: 3.0741198730468750e+02
#ERR stream: 0, p: [993, 1017], r: 3.0741210937500000e+02, e: 3.0741195678710938e+02
#ERR stream: 0, p: [993, 1018], r: 3.0741207885742188e+02, e: 3.0741192626953125e+02
#ERR stream: 0, p: [993, 1019], r: 3.0741204833984375e+02, e: 3.0741189575195312e+02
#ERR stream: 0, p: [993, 1020], r: 3.0741204833984375e+02, e: 3.0741186523437500e+02
#ERR stream: 0, p: [993, 1021], r: 3.0741204833984375e+02, e: 3.0741186523437500e+02
#ERR stream: 0, p: [993, 1022], r: 3.0741201782226562e+02, e: 3.0741183471679688e+02
#ERR stream: 0, p: [993, 1023], r: 3.0741201782226562e+02, e: 3.0741183471679688e+02
#ERR stream: 0, p: [994, 1002], r: 3.0741171264648438e+02, e: 3.0741168212890625e+02
#ERR stream: 0, p: [994, 1003], r: 3.0741162109375000e+02, e: 3.0741159057617188e+02
#ERR stream: 0, p: [994, 1004], r: 3.0741152954101562e+02, e: 3.0741149902343750e+02
#ERR stream: 0, p: [994, 1005], r: 3.0741146850585938e+02, e: 3.0741143798828125e+02
#ERR stream: 0, p: [994, 1006], r: 3.0741137695312500e+02, e: 3.0741134643554688e+02
#ERR stream: 0, p: [994, 1007], r: 3.0741131591796875e+02, e: 3.0741125488281250e+02
#ERR stream: 0, p: [994, 1008], r: 3.0741122436523438e+02, e: 3.0741119384765625e+02
#ERR stream: 0, p: [994, 1009], r: 3.0741116333007812e+02, e: 3.0741110229492188e+02
#ERR stream: 0, p: [994, 1010], r: 3.0741113281250000e+02, e: 3.0741101074218750e+02
#ERR stream: 0, p: [994, 1011], r: 3.0741107177734375e+02, e: 3.0741094970703125e+02
#ERR stream: 0, p: [994, 1012], r: 3.0741101074218750e+02, e: 3.0741088867187500e+02
#ERR stream: 0, p: [994, 1013], r: 3.0741098022460938e+02, e: 3.0741082763671875e+02
#ERR stream: 0, p: [994, 1014], r: 3.0741094970703125e+02, e: 3.0741076660156250e+02
#ERR stream: 0, p: [994, 1015], r: 3.0741088867187500e+02, e: 3.0741073608398438e+02
#ERR stream: 0, p: [994, 1016], r: 3.0741085815429688e+02, e: 3.0741067504882812e+02
#ERR stream: 0, p: [994, 1017], r: 3.0741082763671875e+02, e: 3.0741064453125000e+02
#ERR stream: 0, p: [994, 1018], r: 3.0741079711914062e+02, e: 3.0741061401367188e+02
#ERR stream: 0, p: [994, 1019], r: 3.0741076660156250e+02, e: 3.0741058349609375e+02
#ERR stream: 0, p: [994, 1020], r: 3.0741076660156250e+02, e: 3.0741055297851562e+02
#ERR stream: 0, p: [994, 1021], r: 3.0741076660156250e+02, e: 3.0741052246093750e+02
#ERR stream: 0, p: [994, 1022], r: 3.0741073608398438e+02, e: 3.0741052246093750e+02
#ERR stream: 0, p: [994, 1023], r: 3.0741073608398438e+02, e: 3.0741049194335938e+02
#ERR stream: 0, p: [995, 999], r: 3.0741073608398438e+02, e: 3.0741070556640625e+02
#ERR stream: 0, p: [995, 1000], r: 3.0741064453125000e+02, e: 3.0741061401367188e+02
#ERR stream: 0, p: [995, 1001], r: 3.0741055297851562e+02, e: 3.0741052246093750e+02
#ERR stream: 0, p: [995, 1002], r: 3.0741046142578125e+02, e: 3.0741040039062500e+02
#ERR stream: 0, p: [995, 1003], r: 3.0741036987304688e+02, e: 3.0741030883789062e+02
#ERR stream: 0, p: [995, 1004], r: 3.0741027832031250e+02, e: 3.0741021728515625e+02
#ERR stream: 0, p: [995, 1005], r: 3.0741021728515625e+02, e: 3.0741015625000000e+02
#ERR stream: 0, p: [995, 1006], r: 3.0741012573242188e+02, e: 3.0741006469726562e+02
#ERR stream: 0, p: [995, 1007], r: 3.0741003417968750e+02, e: 3.0740997314453125e+02
#ERR stream: 0, p: [995, 1008], r: 3.0740997314453125e+02, e: 3.0740991210937500e+02
#ERR stream: 0, p: [995, 1009], r: 3.0740991210937500e+02, e: 3.0740982055664062e+02
#ERR stream: 0, p: [995, 1010], r: 3.0740988159179688e+02, e: 3.0740972900390625e+02
#ERR stream: 0, p: [995, 1011], r: 3.0740982055664062e+02, e: 3.0740966796875000e+02
#ERR stream: 0, p: [995, 1012], r: 3.0740979003906250e+02, e: 3.0740960693359375e+02
#ERR stream: 0, p: [995, 1013], r: 3.0740972900390625e+02, e: 3.0740954589843750e+02
#ERR stream: 0, p: [995, 1014], r: 3.0740969848632812e+02, e: 3.0740948486328125e+02
#ERR stream: 0, p: [995, 1015], r: 3.0740966796875000e+02, e: 3.0740942382812500e+02
#ERR stream: 0, p: [995, 1016], r: 3.0740963745117188e+02, e: 3.0740939331054688e+02
#ERR stream: 0, p: [995, 1017], r: 3.0740960693359375e+02, e: 3.0740936279296875e+02
#ERR stream: 0, p: [995, 1018], r: 3.0740957641601562e+02, e: 3.0740930175781250e+02
#ERR stream: 0, p: [995, 1019], r: 3.0740954589843750e+02, e: 3.0740927124023438e+02
#ERR stream: 0, p: [995, 1020], r: 3.0740954589843750e+02, e: 3.0740924072265625e+02
#ERR stream: 0, p: [995, 1021], r: 3.0740951538085938e+02, e: 3.0740924072265625e+02
#ERR stream: 0, p: [995, 1022], r: 3.0740948486328125e+02, e: 3.0740921020507812e+02
#ERR stream: 0, p: [995, 1023], r: 3.0740948486328125e+02, e: 3.0740921020507812e+02
#ERR stream: 0, p: [996, 999], r: 3.0740948486328125e+02, e: 3.0740945434570312e+02
#ERR stream: 0, p: [996, 1000], r: 3.0740939331054688e+02, e: 3.0740936279296875e+02
#ERR stream: 0, p: [996, 1001], r: 3.0740930175781250e+02, e: 3.0740927124023438e+02
#ERR stream: 0, p: [996, 1002], r: 3.0740921020507812e+02, e: 3.0740917968750000e+02
#ERR stream: 0, p: [996, 1003], r: 3.0740911865234375e+02, e: 3.0740908813476562e+02
#ERR stream: 0, p: [996, 1004], r: 3.0740905761718750e+02, e: 3.0740899658203125e+02
#ERR stream: 0, p: [996, 1005], r: 3.0740899658203125e+02, e: 3.0740890502929688e+02
#ERR stream: 0, p: [996, 1006], r: 3.0740890502929688e+02, e: 3.0740881347656250e+02
#ERR stream: 0, p: [996, 1007], r: 3.0740881347656250e+02, e: 3.0740872192382812e+02
#ERR stream: 0, p: [996, 1008], r: 3.0740875244140625e+02, e: 3.0740863037109375e+02
#ERR stream: 0, p: [996, 1009], r: 3.0740869140625000e+02, e: 3.0740856933593750e+02
#ERR stream: 0, p: [996, 1010], r: 3.0740866088867188e+02, e: 3.0740850830078125e+02
#ERR stream: 0, p: [996, 1011], r: 3.0740859985351562e+02, e: 3.0740841674804688e+02
#ERR stream: 0, p: [996, 1012], r: 3.0740856933593750e+02, e: 3.0740835571289062e+02
#ERR stream: 0, p: [996, 1013], r: 3.0740850830078125e+02, e: 3.0740829467773438e+02
#ERR stream: 0, p: [996, 1014], r: 3.0740847778320312e+02, e: 3.0740823364257812e+02
#ERR stream: 0, p: [996, 1015], r: 3.0740844726562500e+02, e: 3.0740817260742188e+02
#ERR stream: 0, p: [996, 1016], r: 3.0740841674804688e+02, e: 3.0740811157226562e+02
#ERR stream: 0, p: [996, 1017], r: 3.0740838623046875e+02, e: 3.0740808105468750e+02
#ERR stream: 0, p: [996, 1018], r: 3.0740835571289062e+02, e: 3.0740802001953125e+02
#ERR stream: 0, p: [996, 1019], r: 3.0740832519531250e+02, e: 3.0740798950195312e+02
#ERR stream: 0, p: [996, 1020], r: 3.0740832519531250e+02, e: 3.0740795898437500e+02
#ERR stream: 0, p: [996, 1021], r: 3.0740829467773438e+02, e: 3.0740795898437500e+02
#ERR stream: 0, p: [996, 1022], r: 3.0740829467773438e+02, e: 3.0740792846679688e+02
#ERR stream: 0, p: [996, 1023], r: 3.0740829467773438e+02, e: 3.0740792846679688e+02
#ERR stream: 0, p: [997, 999], r: 3.0740826416015625e+02, e: 3.0740823364257812e+02
#ERR stream: 0, p: [997, 1000], r: 3.0740817260742188e+02, e: 3.0740814208984375e+02
#ERR stream: 0, p: [997, 1001], r: 3.0740808105468750e+02, e: 3.0740805053710938e+02
#ERR stream: 0, p: [997, 1002], r: 3.0740802001953125e+02, e: 3.0740795898437500e+02
#ERR stream: 0, p: [997, 1003], r: 3.0740792846679688e+02, e: 3.0740786743164062e+02
#ERR stream: 0, p: [997, 1004], r: 3.0740783691406250e+02, e: 3.0740777587890625e+02
#ERR stream: 0, p: [997, 1005], r: 3.0740777587890625e+02, e: 3.0740768432617188e+02
#ERR stream: 0, p: [997, 1006], r: 3.0740771484375000e+02, e: 3.0740759277343750e+02
#ERR stream: 0, p: [997, 1007], r: 3.0740762329101562e+02, e: 3.0740750122070312e+02
#ERR stream: 0, p: [997, 1008], r: 3.0740756225585938e+02, e: 3.0740740966796875e+02
#ERR stream: 0, p: [997, 1009], r: 3.0740750122070312e+02, e: 3.0740734863281250e+02
#ERR stream: 0, p: [997, 1010], r: 3.0740747070312500e+02, e: 3.0740728759765625e+02
#ERR stream: 0, p: [997, 1011], r: 3.0740740966796875e+02, e: 3.0740719604492188e+02
#ERR stream: 0, p: [997, 1012], r: 3.0740734863281250e+02, e: 3.0740713500976562e+02
#ERR stream: 0, p: [997, 1013], r: 3.0740731811523438e+02, e: 3.0740704345703125e+02
#ERR stream: 0, p: [997, 1014], r: 3.0740728759765625e+02, e: 3.0740698242187500e+02
#ERR stream: 0, p: [997, 1015], r: 3.0740725708007812e+02, e: 3.0740692138671875e+02
#ERR stream: 0, p: [997, 1016], r: 3.0740722656250000e+02, e: 3.0740686035156250e+02
#ERR stream: 0, p: [997, 1017], r: 3.0740719604492188e+02, e: 3.0740682983398438e+02
#ERR stream: 0, p: [997, 1018], r: 3.0740716552734375e+02, e: 3.0740676879882812e+02
#ERR stream: 0, p: [997, 1019], r: 3.0740713500976562e+02, e: 3.0740673828125000e+02
#ERR stream: 0, p: [997, 1020], r: 3.0740713500976562e+02, e: 3.0740670776367188e+02
#ERR stream: 0, p: [997, 1021], r: 3.0740710449218750e+02, e: 3.0740667724609375e+02
#ERR stream: 0, p: [997, 1022], r: 3.0740710449218750e+02, e: 3.0740664672851562e+02
#ERR stream: 0, p: [997, 1023], r: 3.0740710449218750e+02, e: 3.0740664672851562e+02
#ERR stream: 0, p: [998, 997], r: 3.0740728759765625e+02, e: 3.0740725708007812e+02
#ERR stream: 0, p: [998, 998], r: 3.0740719604492188e+02, e: 3.0740716552734375e+02
#ERR stream: 0, p: [998, 999], r: 3.0740710449218750e+02, e: 3.0740704345703125e+02
#ERR stream: 0, p: [998, 1000], r: 3.0740701293945312e+02, e: 3.0740695190429688e+02
#ERR stream: 0, p: [998, 1001], r: 3.0740692138671875e+02, e: 3.0740686035156250e+02
#ERR stream: 0, p: [998, 1002], r: 3.0740682983398438e+02, e: 3.0740676879882812e+02
#ERR stream: 0, p: [998, 1003], r: 3.0740673828125000e+02, e: 3.0740667724609375e+02
#ERR stream: 0, p: [998, 1004], r: 3.0740667724609375e+02, e: 3.0740658569335938e+02
#ERR stream: 0, p: [998, 1005], r: 3.0740661621093750e+02, e: 3.0740649414062500e+02
#ERR stream: 0, p: [998, 1006], r: 3.0740652465820312e+02, e: 3.0740640258789062e+02
#ERR stream: 0, p: [998, 1007], r: 3.0740646362304688e+02, e: 3.0740631103515625e+02
#ERR stream: 0, p: [998, 1008], r: 3.0740640258789062e+02, e: 3.0740621948242188e+02
#ERR stream: 0, p: [998, 1009], r: 3.0740634155273438e+02, e: 3.0740615844726562e+02
#ERR stream: 0, p: [998, 1010], r: 3.0740631103515625e+02, e: 3.0740606689453125e+02
#ERR stream: 0, p: [998, 1011], r: 3.0740625000000000e+02, e: 3.0740600585937500e+02
#ERR stream: 0, p: [998, 1012], r: 3.0740618896484375e+02, e: 3.0740594482421875e+02
#ERR stream: 0, p: [998, 1013], r: 3.0740615844726562e+02, e: 3.0740585327148438e+02
#ERR stream: 0, p: [998, 1014], r: 3.0740612792968750e+02, e: 3.0740579223632812e+02
#ERR stream: 0, p: [998, 1015], r: 3.0740609741210938e+02, e: 3.0740573120117188e+02
#ERR stream: 0, p: [998, 1016], r: 3.0740606689453125e+02, e: 3.0740567016601562e+02
#ERR stream: 0, p: [998, 1017], r: 3.0740603637695312e+02, e: 3.0740560913085938e+02
#ERR stream: 0, p: [998, 1018], r: 3.0740600585937500e+02, e: 3.0740554809570312e+02
#ERR stream: 0, p: [998, 1019], r: 3.0740597534179688e+02, e: 3.0740551757812500e+02
#ERR stream: 0, p: [998, 1020], r: 3.0740597534179688e+02, e: 3.0740548706054688e+02
#ERR stream: 0, p: [998, 1021], r: 3.0740594482421875e+02, e: 3.0740545654296875e+02
#ERR stream: 0, p: [998, 1022], r: 3.0740594482421875e+02, e: 3.0740542602539062e+02
#ERR stream: 0, p: [998, 1023], r: 3.0740594482421875e+02, e: 3.0740539550781250e+02
#ERR stream: 0, p: [999, 997], r: 3.0740612792968750e+02, e: 3.0740609741210938e+02
#ERR stream: 0, p: [999, 998], r: 3.0740603637695312e+02, e: 3.0740600585937500e+02
#ERR stream: 0, p: [999, 999], r: 3.0740594482421875e+02, e: 3.0740588378906250e+02
#ERR stream: 0, p: [999, 1000], r: 3.0740585327148438e+02, e: 3.0740579223632812e+02
#ERR stream: 0, p: [999, 1001], r: 3.0740576171875000e+02, e: 3.0740570068359375e+02
#ERR stream: 0, p: [999, 1002], r: 3.0740570068359375e+02, e: 3.0740560913085938e+02
#ERR stream: 0, p: [999, 1003], r: 3.0740560913085938e+02, e: 3.0740551757812500e+02
#ERR stream: 0, p: [999, 1004], r: 3.0740551757812500e+02, e: 3.0740542602539062e+02
#ERR stream: 0, p: [999, 1005], r: 3.0740545654296875e+02, e: 3.0740533447265625e+02
#ERR stream: 0, p: [999, 1006], r: 3.0740539550781250e+02, e: 3.0740524291992188e+02
#ERR stream: 0, p: [999, 1007], r: 3.0740530395507812e+02, e: 3.0740515136718750e+02
#ERR stream: 0, p: [999, 1008], r: 3.0740527343750000e+02, e: 3.0740505981445312e+02
#ERR stream: 0, p: [999, 1009], r: 3.0740521240234375e+02, e: 3.0740499877929688e+02
#ERR stream: 0, p: [999, 1010], r: 3.0740515136718750e+02, e: 3.0740490722656250e+02
#ERR stream: 0, p: [999, 1011], r: 3.0740512084960938e+02, e: 3.0740484619140625e+02
#ERR stream: 0, p: [999, 1012], r: 3.0740505981445312e+02, e: 3.0740475463867188e+02
#ERR stream: 0, p: [999, 1013], r: 3.0740502929687500e+02, e: 3.0740466308593750e+02
#ERR stream: 0, p: [999, 1014], r: 3.0740499877929688e+02, e: 3.0740460205078125e+02
#ERR stream: 0, p: [999, 1015], r: 3.0740496826171875e+02, e: 3.0740454101562500e+02
#ERR stream: 0, p: [999, 1016], r: 3.0740493774414062e+02, e: 3.0740447998046875e+02
#ERR stream: 0, p: [999, 1017], r: 3.0740490722656250e+02, e: 3.0740441894531250e+02
#ERR stream: 0, p: [999, 1018], r: 3.0740487670898438e+02, e: 3.0740435791015625e+02
#ERR stream: 0, p: [999, 1019], r: 3.0740484619140625e+02, e: 3.0740429687500000e+02
#ERR stream: 0, p: [999, 1020], r: 3.0740484619140625e+02, e: 3.0740426635742188e+02
#ERR stream: 0, p: [999, 1021], r: 3.0740484619140625e+02, e: 3.0740423583984375e+02
#ERR stream: 0, p: [999, 1022], r: 3.0740481567382812e+02, e: 3.0740420532226562e+02
#ERR stream: 0, p: [999, 1023], r: 3.0740481567382812e+02, e: 3.0740420532226562e+02
#ERR stream: 0, p: [1000, 999], r: 3.0740481567382812e+02, e: 3.0740478515625000e+02
#ERR stream: 0, p: [1000, 1000], r: 3.0740472412109375e+02, e: 3.0740469360351562e+02
#ERR stream: 0, p: [1000, 1001], r: 3.0740466308593750e+02, e: 3.0740460205078125e+02
#ERR stream: 0, p: [1000, 1002], r: 3.0740457153320312e+02, e: 3.0740447998046875e+02
#ERR stream: 0, p: [1000, 1003], r: 3.0740447998046875e+02, e: 3.0740438842773438e+02
#ERR stream: 0, p: [1000, 1004], r: 3.0740441894531250e+02, e: 3.0740429687500000e+02
#ERR stream: 0, p: [1000, 1005], r: 3.0740435791015625e+02, e: 3.0740420532226562e+02
#ERR stream: 0, p: [1000, 1006], r: 3.0740426635742188e+02, e: 3.0740411376953125e+02
#ERR stream: 0, p: [1000, 1007], r: 3.0740420532226562e+02, e: 3.0740405273437500e+02
#ERR stream: 0, p: [1000, 1008], r: 3.0740417480468750e+02, e: 3.0740396118164062e+02
#ERR stream: 0, p: [1000, 1009], r: 3.0740411376953125e+02, e: 3.0740386962890625e+02
#ERR stream: 0, p: [1000, 1010], r: 3.0740405273437500e+02, e: 3.0740377807617188e+02
#ERR stream: 0, p: [1000, 1011], r: 3.0740402221679688e+02, e: 3.0740371704101562e+02
#ERR stream: 0, p: [1000, 1012], r: 3.0740396118164062e+02, e: 3.0740362548828125e+02
#ERR stream: 0, p: [1000, 1013], r: 3.0740393066406250e+02, e: 3.0740353393554688e+02
#ERR stream: 0, p: [1000, 1014], r: 3.0740390014648438e+02, e: 3.0740347290039062e+02
#ERR stream: 0, p: [1000, 1015], r: 3.0740386962890625e+02, e: 3.0740338134765625e+02
#ERR stream: 0, p: [1000, 1016], r: 3.0740383911132812e+02, e: 3.0740332031250000e+02
#ERR stream: 0, p: [1000, 1017], r: 3.0740380859375000e+02, e: 3.0740325927734375e+02
#ERR stream: 0, p: [1000, 1018], r: 3.0740377807617188e+02, e: 3.0740319824218750e+02
#ERR stream: 0, p: [1000, 1019], r: 3.0740374755859375e+02, e: 3.0740313720703125e+02
#ERR stream: 0, p: [1000, 1020], r: 3.0740374755859375e+02, e: 3.0740307617187500e+02
#ERR stream: 0, p: [1000, 1021], r: 3.0740374755859375e+02, e: 3.0740304565429688e+02
#ERR stream: 0, p: [1000, 1022], r: 3.0740371704101562e+02, e: 3.0740301513671875e+02
#ERR stream: 0, p: [1000, 1023], r: 3.0740371704101562e+02, e: 3.0740301513671875e+02
#ERR stream: 0, p: [1001, 996], r: 3.0740402221679688e+02, e: 3.0740399169921875e+02
#ERR stream: 0, p: [1001, 997], r: 3.0740393066406250e+02, e: 3.0740390014648438e+02
#ERR stream: 0, p: [1001, 998], r: 3.0740383911132812e+02, e: 3.0740380859375000e+02
#ERR stream: 0, p: [1001, 999], r: 3.0740374755859375e+02, e: 3.0740368652343750e+02
#ERR stream: 0, p: [1001, 1000], r: 3.0740365600585938e+02, e: 3.0740359497070312e+02
#ERR stream: 0, p: [1001, 1001], r: 3.0740356445312500e+02, e: 3.0740350341796875e+02
#ERR stream: 0, p: [1001, 1002], r: 3.0740350341796875e+02, e: 3.0740341186523438e+02
#ERR stream: 0, p: [1001, 1003], r: 3.0740341186523438e+02, e: 3.0740332031250000e+02
#ERR stream: 0, p: [1001, 1004], r: 3.0740335083007812e+02, e: 3.0740322875976562e+02
#ERR stream: 0, p: [1001, 1005], r: 3.0740328979492188e+02, e: 3.0740313720703125e+02
#ERR stream: 0, p: [1001, 1006], r: 3.0740322875976562e+02, e: 3.0740304565429688e+02
#ERR stream: 0, p: [1001, 1007], r: 3.0740316772460938e+02, e: 3.0740295410156250e+02
#ERR stream: 0, p: [1001, 1008], r: 3.0740310668945312e+02, e: 3.0740286254882812e+02
#ERR stream: 0, p: [1001, 1009], r: 3.0740304565429688e+02, e: 3.0740277099609375e+02
#ERR stream: 0, p: [1001, 1010], r: 3.0740298461914062e+02, e: 3.0740267944335938e+02
#ERR stream: 0, p: [1001, 1011], r: 3.0740295410156250e+02, e: 3.0740261840820312e+02
#ERR stream: 0, p: [1001, 1012], r: 3.0740289306640625e+02, e: 3.0740249633789062e+02
#ERR stream: 0, p: [1001, 1013], r: 3.0740286254882812e+02, e: 3.0740243530273438e+02
#ERR stream: 0, p: [1001, 1014], r: 3.0740283203125000e+02, e: 3.0740234375000000e+02
#ERR stream: 0, p: [1001, 1015], r: 3.0740280151367188e+02, e: 3.0740228271484375e+02
#ERR stream: 0, p: [1001, 1016], r: 3.0740277099609375e+02, e: 3.0740219116210938e+02
#ERR stream: 0, p: [1001, 1017], r: 3.0740274047851562e+02, e: 3.0740213012695312e+02
#ERR stream: 0, p: [1001, 1018], r: 3.0740270996093750e+02, e: 3.0740206909179688e+02
#ERR stream: 0, p: [1001, 1019], r: 3.0740270996093750e+02, e: 3.0740200805664062e+02
#ERR stream: 0, p: [1001, 1020], r: 3.0740267944335938e+02, e: 3.0740194702148438e+02
#ERR stream: 0, p: [1001, 1021], r: 3.0740267944335938e+02, e: 3.0740191650390625e+02
#ERR stream: 0, p: [1001, 1022], r: 3.0740264892578125e+02, e: 3.0740188598632812e+02
#ERR stream: 0, p: [1001, 1023], r: 3.0740264892578125e+02, e: 3.0740188598632812e+02
#ERR stream: 0, p: [1002, 999], r: 3.0740267944335938e+02, e: 3.0740264892578125e+02
#ERR stream: 0, p: [1002, 1000], r: 3.0740258789062500e+02, e: 3.0740255737304688e+02
#ERR stream: 0, p: [1002, 1001], r: 3.0740252685546875e+02, e: 3.0740246582031250e+02
#ERR stream: 0, p: [1002, 1002], r: 3.0740246582031250e+02, e: 3.0740234375000000e+02
#ERR stream: 0, p: [1002, 1003], r: 3.0740237426757812e+02, e: 3.0740225219726562e+02
#ERR stream: 0, p: [1002, 1004], r: 3.0740231323242188e+02, e: 3.0740216064453125e+02
#ERR stream: 0, p: [1002, 1005], r: 3.0740225219726562e+02, e: 3.0740206909179688e+02
#ERR stream: 0, p: [1002, 1006], r: 3.0740219116210938e+02, e: 3.0740197753906250e+02
#ERR stream: 0, p: [1002, 1007], r: 3.0740213012695312e+02, e: 3.0740191650390625e+02
#ERR stream: 0, p: [1002, 1008], r: 3.0740206909179688e+02, e: 3.0740182495117188e+02
#ERR stream: 0, p: [1002, 1009], r: 3.0740200805664062e+02, e: 3.0740173339843750e+02
#ERR stream: 0, p: [1002, 1010], r: 3.0740194702148438e+02, e: 3.0740164184570312e+02
#ERR stream: 0, p: [1002, 1011], r: 3.0740191650390625e+02, e: 3.0740155029296875e+02
#ERR stream: 0, p: [1002, 1012], r: 3.0740185546875000e+02, e: 3.0740145874023438e+02
#ERR stream: 0, p: [1002, 1013], r: 3.0740182495117188e+02, e: 3.0740136718750000e+02
#ERR stream: 0, p: [1002, 1014], r: 3.0740179443359375e+02, e: 3.0740127563476562e+02
#ERR stream: 0, p: [1002, 1015], r: 3.0740176391601562e+02, e: 3.0740118408203125e+02
#ERR stream: 0, p: [1002, 1016], r: 3.0740173339843750e+02, e: 3.0740112304687500e+02
#ERR stream: 0, p: [1002, 1017], r: 3.0740170288085938e+02, e: 3.0740103149414062e+02
#ERR stream: 0, p: [1002, 1018], r: 3.0740167236328125e+02, e: 3.0740097045898438e+02
#ERR stream: 0, p: [1002, 1019], r: 3.0740167236328125e+02, e: 3.0740090942382812e+02
#ERR stream: 0, p: [1002, 1020], r: 3.0740167236328125e+02, e: 3.0740084838867188e+02
#ERR stream: 0, p: [1002, 1021], r: 3.0740164184570312e+02, e: 3.0740078735351562e+02
#ERR stream: 0, p: [1002, 1022], r: 3.0740164184570312e+02, e: 3.0740078735351562e+02
#ERR stream: 0, p: [1002, 1023], r: 3.0740164184570312e+02, e: 3.0740078735351562e+02
#ERR stream: 0, p: [1003, 996], r: 3.0740194702148438e+02, e: 3.0740191650390625e+02
#ERR stream: 0, p: [1003, 997], r: 3.0740185546875000e+02, e: 3.0740182495117188e+02
#ERR stream: 0, p: [1003, 998], r: 3.0740176391601562e+02, e: 3.0740173339843750e+02
#ERR stream: 0, p: [1003, 999], r: 3.0740167236328125e+02, e: 3.0740161132812500e+02
#ERR stream: 0, p: [1003, 1000], r: 3.0740158081054688e+02, e: 3.0740151977539062e+02
#ERR stream: 0, p: [1003, 1001], r: 3.0740151977539062e+02, e: 3.0740142822265625e+02
#ERR stream: 0, p: [1003, 1002], r: 3.0740145874023438e+02, e: 3.0740133666992188e+02
#ERR stream: 0, p: [1003, 1003], r: 3.0740136718750000e+02, e: 3.0740124511718750e+02
#ERR stream: 0, p: [1003, 1004], r: 3.0740130615234375e+02, e: 3.0740115356445312e+02
#ERR stream: 0, p: [1003, 1005], r: 3.0740124511718750e+02, e: 3.0740106201171875e+02
#ERR stream: 0, p: [1003, 1006], r: 3.0740115356445312e+02, e: 3.0740097045898438e+02
#ERR stream: 0, p: [1003, 1007], r: 3.0740112304687500e+02, e: 3.0740087890625000e+02
#ERR stream: 0, p: [1003, 1008], r: 3.0740106201171875e+02, e: 3.0740078735351562e+02
#ERR stream: 0, p: [1003, 1009], r: 3.0740100097656250e+02, e: 3.0740069580078125e+02
#ERR stream: 0, p: [1003, 1010], r: 3.0740093994140625e+02, e: 3.0740060424804688e+02
#ERR stream: 0, p: [1003, 1011], r: 3.0740090942382812e+02, e: 3.0740051269531250e+02
#ERR stream: 0, p: [1003, 1012], r: 3.0740087890625000e+02, e: 3.0740042114257812e+02
#ERR stream: 0, p: [1003, 1013], r: 3.0740081787109375e+02, e: 3.0740032958984375e+02
#ERR stream: 0, p: [1003, 1014], r: 3.0740078735351562e+02, e: 3.0740023803710938e+02
#ERR stream: 0, p: [1003, 1015], r: 3.0740075683593750e+02, e: 3.0740014648437500e+02
#ERR stream: 0, p: [1003, 1016], r: 3.0740075683593750e+02, e: 3.0740005493164062e+02
#ERR stream: 0, p: [1003, 1017], r: 3.0740072631835938e+02, e: 3.0739996337890625e+02
#ERR stream: 0, p: [1003, 1018], r: 3.0740069580078125e+02, e: 3.0739990234375000e+02
#ERR stream: 0, p: [1003, 1019], r: 3.0740069580078125e+02, e: 3.0739984130859375e+02
#ERR stream: 0, p: [1003, 1020], r: 3.0740066528320312e+02, e: 3.0739978027343750e+02
#ERR stream: 0, p: [1003, 1021], r: 3.0740066528320312e+02, e: 3.0739974975585938e+02
#ERR stream: 0, p: [1003, 1022], r: 3.0740063476562500e+02, e: 3.0739971923828125e+02
#ERR stream: 0, p: [1003, 1023], r: 3.0740063476562500e+02, e: 3.0739971923828125e+02
#ERR stream: 0, p: [1004, 996], r: 3.0740097045898438e+02, e: 3.0740093994140625e+02
#ERR stream: 0, p: [1004, 997], r: 3.0740087890625000e+02, e: 3.0740084838867188e+02
#ERR stream: 0, p: [1004, 998], r: 3.0740078735351562e+02, e: 3.0740075683593750e+02
#ERR stream: 0, p: [1004, 999], r: 3.0740069580078125e+02, e: 3.0740063476562500e+02
#ERR stream: 0, p: [1004, 1000], r: 3.0740063476562500e+02, e: 3.0740054321289062e+02
#ERR stream: 0, p: [1004, 1001], r: 3.0740054321289062e+02, e: 3.0740045166015625e+02
#ERR stream: 0, p: [1004, 1002], r: 3.0740048217773438e+02, e: 3.0740036010742188e+02
#ERR stream: 0, p: [1004, 1003], r: 3.0740039062500000e+02, e: 3.0740026855468750e+02
#ERR stream: 0, p: [1004, 1004], r: 3.0740032958984375e+02, e: 3.0740017700195312e+02
#ERR stream: 0, p: [1004, 1005], r: 3.0740026855468750e+02, e: 3.0740008544921875e+02
#ERR stream: 0, p: [1004, 1006], r: 3.0740020751953125e+02, e: 3.0739999389648438e+02
#ERR stream: 0, p: [1004, 1007], r: 3.0740014648437500e+02, e: 3.0739990234375000e+02
#ERR stream: 0, p: [1004, 1008], r: 3.0740008544921875e+02, e: 3.0739981079101562e+02
#ERR stream: 0, p: [1004, 1009], r: 3.0740002441406250e+02, e: 3.0739971923828125e+02
#ERR stream: 0, p: [1004, 1010], r: 3.0739999389648438e+02, e: 3.0739962768554688e+02
#ERR stream: 0, p: [1004, 1011], r: 3.0739996337890625e+02, e: 3.0739953613281250e+02
#ERR stream: 0, p: [1004, 1012], r: 3.0739990234375000e+02, e: 3.0739941406250000e+02
#ERR stream: 0, p: [1004, 1013], r: 3.0739987182617188e+02, e: 3.0739932250976562e+02
#ERR stream: 0, p: [1004, 1014], r: 3.0739984130859375e+02, e: 3.0739923095703125e+02
#ERR stream: 0, p: [1004, 1015], r: 3.0739981079101562e+02, e: 3.0739913940429688e+02
#ERR stream: 0, p: [1004, 1016], r: 3.0739978027343750e+02, e: 3.0739904785156250e+02
#ERR stream: 0, p: [1004, 1017], r: 3.0739974975585938e+02, e: 3.0739895629882812e+02
#ERR stream: 0, p: [1004, 1018], r: 3.0739974975585938e+02, e: 3.0739889526367188e+02
#ERR stream: 0, p: [1004, 1019], r: 3.0739974975585938e+02, e: 3.0739883422851562e+02
#ERR stream: 0, p: [1004, 1020], r: 3.0739971923828125e+02, e: 3.0739877319335938e+02
#ERR stream: 0, p: [1004, 1021], r: 3.0739971923828125e+02, e: 3.0739871215820312e+02
#ERR stream: 0, p: [1004, 1022], r: 3.0739968872070312e+02, e: 3.0739871215820312e+02
#ERR stream: 0, p: [1004, 1023], r: 3.0739968872070312e+02, e: 3.0739871215820312e+02
#ERR stream: 0, p: [1005, 996], r: 3.0740002441406250e+02, e: 3.0739999389648438e+02
#ERR stream: 0, p: [1005, 997], r: 3.0739993286132812e+02, e: 3.0739990234375000e+02
#ERR stream: 0, p: [1005, 998], r: 3.0739984130859375e+02, e: 3.0739981079101562e+02
#ERR stream: 0, p: [1005, 999], r: 3.0739978027343750e+02, e: 3.0739968872070312e+02
#ERR stream: 0, p: [1005, 1000], r: 3.0739968872070312e+02, e: 3.0739959716796875e+02
#ERR stream: 0, p: [1005, 1001], r: 3.0739959716796875e+02, e: 3.0739950561523438e+02
#ERR stream: 0, p: [1005, 1002], r: 3.0739953613281250e+02, e: 3.0739941406250000e+02
#ERR stream: 0, p: [1005, 1003], r: 3.0739947509765625e+02, e: 3.0739932250976562e+02
#ERR stream: 0, p: [1005, 1004], r: 3.0739941406250000e+02, e: 3.0739923095703125e+02
#ERR stream: 0, p: [1005, 1005], r: 3.0739935302734375e+02, e: 3.0739913940429688e+02
#ERR stream: 0, p: [1005, 1006], r: 3.0739926147460938e+02, e: 3.0739904785156250e+02
#ERR stream: 0, p: [1005, 1007], r: 3.0739923095703125e+02, e: 3.0739895629882812e+02
#ERR stream: 0, p: [1005, 1008], r: 3.0739916992187500e+02, e: 3.0739886474609375e+02
#ERR stream: 0, p: [1005, 1009], r: 3.0739910888671875e+02, e: 3.0739877319335938e+02
#ERR stream: 0, p: [1005, 1010], r: 3.0739907836914062e+02, e: 3.0739865112304688e+02
#ERR stream: 0, p: [1005, 1011], r: 3.0739901733398438e+02, e: 3.0739859008789062e+02
#ERR stream: 0, p: [1005, 1012], r: 3.0739898681640625e+02, e: 3.0739846801757812e+02
#ERR stream: 0, p: [1005, 1013], r: 3.0739895629882812e+02, e: 3.0739837646484375e+02
#ERR stream: 0, p: [1005, 1014], r: 3.0739889526367188e+02, e: 3.0739828491210938e+02
#ERR stream: 0, p: [1005, 1015], r: 3.0739889526367188e+02, e: 3.0739816284179688e+02
#ERR stream: 0, p: [1005, 1016], r: 3.0739886474609375e+02, e: 3.0739810180664062e+02
#ERR stream: 0, p: [1005, 1017], r: 3.0739883422851562e+02, e: 3.0739801025390625e+02
#ERR stream: 0, p: [1005, 1018], r: 3.0739883422851562e+02, e: 3.0739791870117188e+02
#ERR stream: 0, p: [1005, 1019], r: 3.0739883422851562e+02, e: 3.0739785766601562e+02
#ERR stream: 0, p: [1005, 1020], r: 3.0739880371093750e+02, e: 3.0739779663085938e+02
#ERR stream: 0, p: [1005, 1021], r: 3.0739880371093750e+02, e: 3.0739773559570312e+02
#ERR stream: 0, p: [1005, 1022], r: 3.0739877319335938e+02, e: 3.0739773559570312e+02
#ERR stream: 0, p: [1005, 1023], r: 3.0739877319335938e+02, e: 3.0739773559570312e+02
#ERR stream: 0, p: [1006, 994], r: 3.0739932250976562e+02, e: 3.0739929199218750e+02
#ERR stream: 0, p: [1006, 995], r: 3.0739923095703125e+02, e: 3.0739920043945312e+02
#ERR stream: 0, p: [1006, 996], r: 3.0739913940429688e+02, e: 3.0739910888671875e+02
#ERR stream: 0, p: [1006, 997], r: 3.0739904785156250e+02, e: 3.0739898681640625e+02
#ERR stream: 0, p: [1006, 998], r: 3.0739895629882812e+02, e: 3.0739889526367188e+02
#ERR stream: 0, p: [1006, 999], r: 3.0739886474609375e+02, e: 3.0739880371093750e+02
#ERR stream: 0, p: [1006, 1000], r: 3.0739880371093750e+02, e: 3.0739871215820312e+02
#ERR stream: 0, p: [1006, 1001], r: 3.0739871215820312e+02, e: 3.0739862060546875e+02
#ERR stream: 0, p: [1006, 1002], r: 3.0739865112304688e+02, e: 3.0739849853515625e+02
#ERR stream: 0, p: [1006, 1003], r: 3.0739859008789062e+02, e: 3.0739840698242188e+02
#ERR stream: 0, p: [1006, 1004], r: 3.0739852905273438e+02, e: 3.0739831542968750e+02
#ERR stream: 0, p: [1006, 1005], r: 3.0739846801757812e+02, e: 3.0739822387695312e+02
#ERR stream: 0, p: [1006, 1006], r: 3.0739840698242188e+02, e: 3.0739813232421875e+02
#ERR stream: 0, p: [1006, 1007], r: 3.0739834594726562e+02, e: 3.0739807128906250e+02
#ERR stream: 0, p: [1006, 1008], r: 3.0739828491210938e+02, e: 3.0739797973632812e+02
#ERR stream: 0, p: [1006, 1009], r: 3.0739822387695312e+02, e: 3.0739788818359375e+02
#ERR stream: 0, p: [1006, 1010], r: 3.0739819335937500e+02, e: 3.0739776611328125e+02
#ERR stream: 0, p: [1006, 1011], r: 3.0739813232421875e+02, e: 3.0739767456054688e+02
#ERR stream: 0, p: [1006, 1012], r: 3.0739810180664062e+02, e: 3.0739758300781250e+02
#ERR stream: 0, p: [1006, 1013], r: 3.0739807128906250e+02, e: 3.0739746093750000e+02
#ERR stream: 0, p: [1006, 1014], r: 3.0739804077148438e+02, e: 3.0739736938476562e+02
#ERR stream: 0, p: [1006, 1015], r: 3.0739801025390625e+02, e: 3.0739727783203125e+02
#ERR stream: 0, p: [1006, 1016], r: 3.0739797973632812e+02, e: 3.0739718627929688e+02
#ERR stream: 0, p: [1006, 1017], r: 3.0739794921875000e+02, e: 3.0739706420898438e+02
#ERR stream: 0, p: [1006, 1018], r: 3.0739794921875000e+02, e: 3.0739700317382812e+02
#ERR stream: 0, p: [1006, 1019], r: 3.0739794921875000e+02, e: 3.0739694213867188e+02
#ERR stream: 0, p: [1006, 1020], r: 3.0739791870117188e+02, e: 3.0739688110351562e+02
#ERR stream: 0, p: [1006, 1021], r: 3.0739791870117188e+02, e: 3.0739682006835938e+02
#ERR stream: 0, p: [1006, 1022], r: 3.0739791870117188e+02, e: 3.0739678955078125e+02
#ERR stream: 0, p: [1006, 1023], r: 3.0739791870117188e+02, e: 3.0739678955078125e+02
#ERR stream: 0, p: [1007, 996], r: 3.0739825439453125e+02, e: 3.0739822387695312e+02
#ERR stream: 0, p: [1007, 997], r: 3.0739816284179688e+02, e: 3.0739813232421875e+02
#ERR stream: 0, p: [1007, 998], r: 3.0739807128906250e+02, e: 3.0739804077148438e+02
#ERR stream: 0, p: [1007, 999], r: 3.0739801025390625e+02, e: 3.0739794921875000e+02
#ERR stream: 0, p: [1007, 1000], r: 3.0739794921875000e+02, e: 3.0739782714843750e+02
#ERR stream: 0, p: [1007, 1001], r: 3.0739785766601562e+02, e: 3.0739773559570312e+02
#ERR stream: 0, p: [1007, 1002], r: 3.0739779663085938e+02, e: 3.0739764404296875e+02
#ERR stream: 0, p: [1007, 1003], r: 3.0739773559570312e+02, e: 3.0739755249023438e+02
#ERR stream: 0, p: [1007, 1004], r: 3.0739767456054688e+02, e: 3.0739746093750000e+02
#ERR stream: 0, p: [1007, 1005], r: 3.0739761352539062e+02, e: 3.0739736938476562e+02
#ERR stream: 0, p: [1007, 1006], r: 3.0739755249023438e+02, e: 3.0739727783203125e+02
#ERR stream: 0, p: [1007, 1007], r: 3.0739749145507812e+02, e: 3.0739718627929688e+02
#ERR stream: 0, p: [1007, 1008], r: 3.0739743041992188e+02, e: 3.0739709472656250e+02
#ERR stream: 0, p: [1007, 1009], r: 3.0739739990234375e+02, e: 3.0739700317382812e+02
#ERR stream: 0, p: [1007, 1010], r: 3.0739733886718750e+02, e: 3.0739691162109375e+02
#ERR stream: 0, p: [1007, 1011], r: 3.0739727783203125e+02, e: 3.0739682006835938e+02
#ERR stream: 0, p: [1007, 1012], r: 3.0739724731445312e+02, e: 3.0739669799804688e+02
#ERR stream: 0, p: [1007, 1013], r: 3.0739721679687500e+02, e: 3.0739660644531250e+02
#ERR stream: 0, p: [1007, 1014], r: 3.0739718627929688e+02, e: 3.0739651489257812e+02
#ERR stream: 0, p: [1007, 1015], r: 3.0739715576171875e+02, e: 3.0739639282226562e+02
#ERR stream: 0, p: [1007, 1016], r: 3.0739712524414062e+02, e: 3.0739630126953125e+02
#ERR stream: 0, p: [1007, 1017], r: 3.0739709472656250e+02, e: 3.0739620971679688e+02
#ERR stream: 0, p: [1007, 1018], r: 3.0739709472656250e+02, e: 3.0739614868164062e+02
#ERR stream: 0, p: [1007, 1019], r: 3.0739709472656250e+02, e: 3.0739608764648438e+02
#ERR stream: 0, p: [1007, 1020], r: 3.0739709472656250e+02, e: 3.0739602661132812e+02
#ERR stream: 0, p: [1007, 1021], r: 3.0739706420898438e+02, e: 3.0739596557617188e+02
#ERR stream: 0, p: [1007, 1022], r: 3.0739706420898438e+02, e: 3.0739590454101562e+02
#ERR stream: 0, p: [1007, 1023], r: 3.0739706420898438e+02, e: 3.0739590454101562e+02
#ERR stream: 0, p: [1008, 996], r: 3.0739743041992188e+02, e: 3.0739739990234375e+02
#ERR stream: 0, p: [1008, 997], r: 3.0739733886718750e+02, e: 3.0739730834960938e+02
#ERR stream: 0, p: [1008, 998], r: 3.0739724731445312e+02, e: 3.0739721679687500e+02
#ERR stream: 0, p: [1008, 999], r: 3.0739718627929688e+02, e: 3.0739709472656250e+02
#SDC Ite:208 KerTime:0.133636 AccTime:27.717965 KerErr:947 AccErr:947
#ABORT too many errors per iteration
#END