#HEADER iterations: 1000 img_list: /home/carol/radiation-benchmarks/data/networks_img_list/caltech.pedestrians.critical.1K.txt board: K40
#BEGIN Y:2016 M:12 D:14 Time:15:47:34
#IT Ite:0 KerTime:0.131473 AccTime:0.131473
#IT Ite:1 KerTime:0.125067 AccTime:0.256540
#IT Ite:2 KerTime:0.125649 AccTime:0.382189
#IT Ite:3 KerTime:0.126934 AccTime:0.509123
#IT Ite:4 KerTime:0.127224 AccTime:0.636347
#IT Ite:5 KerTime:0.126680 AccTime:0.763027
#IT Ite:6 KerTime:0.125909 AccTime:0.888936
#IT Ite:7 KerTime:0.127584 AccTime:1.016520
#IT Ite:8 KerTime:0.125853 AccTime:1.142373
#IT Ite:9 KerTime:0.129850 AccTime:1.272223
#IT Ite:10 KerTime:0.124990 AccTime:1.397213
#IT Ite:11 KerTime:0.133739 AccTime:1.530952
#IT Ite:12 KerTime:0.130600 AccTime:1.661552
#IT Ite:13 KerTime:0.128163 AccTime:1.789715
#IT Ite:14 KerTime:0.126044 AccTime:1.915759
#IT Ite:15 KerTime:0.125575 AccTime:2.041334
#IT Ite:16 KerTime:0.126202 AccTime:2.167536
#IT Ite:17 KerTime:0.125890 AccTime:2.293426
#IT Ite:18 KerTime:0.127257 AccTime:2.420683
#IT Ite:19 KerTime:0.127707 AccTime:2.548390
#IT Ite:20 KerTime:0.125305 AccTime:2.673695
#IT Ite:21 KerTime:0.128610 AccTime:2.802305
#IT Ite:22 KerTime:0.126716 AccTime:2.929021
#IT Ite:23 KerTime:0.129243 AccTime:3.058264
#IT Ite:24 KerTime:0.124775 AccTime:3.183039
#IT Ite:25 KerTime:0.129191 AccTime:3.312230
#IT Ite:26 KerTime:0.124983 AccTime:3.437213
#IT Ite:27 KerTime:0.125859 AccTime:3.563072
#IT Ite:28 KerTime:0.128549 AccTime:3.691621
#IT Ite:29 KerTime:0.125925 AccTime:3.817546
#IT Ite:30 KerTime:0.126188 AccTime:3.943734
#IT Ite:31 KerTime:0.126728 AccTime:4.070462
#IT Ite:32 KerTime:0.127694 AccTime:4.198156
#IT Ite:33 KerTime:0.127447 AccTime:4.325603
#IT Ite:34 KerTime:0.125311 AccTime:4.450914
#IT Ite:35 KerTime:0.126837 AccTime:4.577751
#IT Ite:36 KerTime:0.128054 AccTime:4.705805
#IT Ite:37 KerTime:0.129018 AccTime:4.834823
#IT Ite:38 KerTime:0.128870 AccTime:4.963693
#IT Ite:39 KerTime:0.125466 AccTime:5.089159
#IT Ite:40 KerTime:0.129264 AccTime:5.218423
#IT Ite:41 KerTime:0.126484 AccTime:5.344907
#IT Ite:42 KerTime:0.129443 AccTime:5.474350
#IT Ite:43 KerTime:0.125867 AccTime:5.600217
#IT Ite:44 KerTime:0.125276 AccTime:5.725493
#IT Ite:45 KerTime:0.125632 AccTime:5.851125
#IT Ite:46 KerTime:0.127956 AccTime:5.979081
#IT Ite:47 KerTime:0.127538 AccTime:6.106619
#IT Ite:48 KerTime:0.127835 AccTime:6.234454
#IT Ite:49 KerTime:0.126203 AccTime:6.360657
#IT Ite:50 KerTime:0.126560 AccTime:6.487217
#IT Ite:51 KerTime:0.127500 AccTime:6.614717
#IT Ite:52 KerTime:0.128801 AccTime:6.743518
#IT Ite:53 KerTime:0.127303 AccTime:6.870821
#IT Ite:54 KerTime:0.129534 AccTime:7.000355
#IT Ite:55 KerTime:0.127358 AccTime:7.127713
#IT Ite:56 KerTime:0.126102 AccTime:7.253815
#IT Ite:57 KerTime:0.127417 AccTime:7.381232
#IT Ite:58 KerTime:0.125475 AccTime:7.506707
#IT Ite:59 KerTime:0.126997 AccTime:7.633704
#IT Ite:60 KerTime:0.126971 AccTime:7.760675
#IT Ite:61 KerTime:0.127205 AccTime:7.887880
#IT Ite:62 KerTime:0.125935 AccTime:8.013815
#IT Ite:63 KerTime:0.125961 AccTime:8.139776
#IT Ite:64 KerTime:0.126061 AccTime:8.265837
#IT Ite:65 KerTime:0.127580 AccTime:8.393417
#IT Ite:66 KerTime:0.129786 AccTime:8.523203
#IT Ite:67 KerTime:0.125224 AccTime:8.648427
#IT Ite:68 KerTime:0.130364 AccTime:8.778791
#IT Ite:69 KerTime:0.125419 AccTime:8.904210
#IT Ite:70 KerTime:0.126186 AccTime:9.030396
#IT Ite:71 KerTime:0.125449 AccTime:9.155845
#IT Ite:72 KerTime:0.126316 AccTime:9.282161
#IT Ite:73 KerTime:0.127265 AccTime:9.409426
#IT Ite:74 KerTime:0.127166 AccTime:9.536592
#IT Ite:75 KerTime:0.128147 AccTime:9.664739
#IT Ite:76 KerTime:0.128157 AccTime:9.792896
#IT Ite:77 KerTime:0.126993 AccTime:9.919889
#IT Ite:78 KerTime:0.127656 AccTime:10.047545
#IT Ite:79 KerTime:0.129812 AccTime:10.177357
#IT Ite:80 KerTime:0.124878 AccTime:10.302235
#ERR exception: error_network_exection error_info:['Traceback (most recent call last):\n', '  File "/home/carol/radiation-benchmarks/src/cuda/py-faster-rcnn/tools/py_faster_rcnn.py", line 477, in <module>\n    error_count = compare(gold_file[im_name], ret, im_name)\n', '  File "/home/carol/radiation-benchmarks/src/cuda/py-faster-rcnn/tools/py_faster_rcnn.py", line 354, in compare\n    error_count += compare_scores(scrListGold, scrListCurr, i, tempImgName)\n', '  File "/home/carol/radiation-benchmarks/src/cuda/py-faster-rcnn/tools/py_faster_rcnn.py", line 305, in compare_scores\n    lh.log_error_detail("img_name: " + str(img_name) + " class: " + str(cls) + "wrong_score_size: " + scrDiff)\n', "TypeError: cannot concatenate 'str' and 'int' objects\n"] XX Inappropriate argument type. XX cannot concatenate 'str' and 'int' objects
#END