#HEADER size:4096
#BEGIN Y:2016 M:12 D:13 Time:17:14:53
#IT Ite:0 KerTime:0.365368 AccTime:0.365368
#IT Ite:1 KerTime:0.364531 AccTime:0.729899
#IT Ite:2 KerTime:0.364575 AccTime:1.094474
#IT Ite:3 KerTime:0.364419 AccTime:1.458893
#IT Ite:4 KerTime:0.365100 AccTime:1.823993
#IT Ite:5 KerTime:0.366423 AccTime:2.190416
#IT Ite:6 KerTime:0.366426 AccTime:2.556842
#IT Ite:7 KerTime:0.366447 AccTime:2.923289
#IT Ite:8 KerTime:0.366439 AccTime:3.289728
#IT Ite:9 KerTime:0.366447 AccTime:3.656175
#IT Ite:10 KerTime:0.366414 AccTime:4.022589
#IT Ite:11 KerTime:0.366436 AccTime:4.389025
#IT Ite:12 KerTime:0.366438 AccTime:4.755463
#IT Ite:13 KerTime:0.366441 AccTime:5.121904
#IT Ite:14 KerTime:0.366457 AccTime:5.488361
#IT Ite:15 KerTime:0.366449 AccTime:5.854810
#IT Ite:16 KerTime:0.366453 AccTime:6.221263
#IT Ite:17 KerTime:0.366447 AccTime:6.587710
#IT Ite:18 KerTime:0.366429 AccTime:6.954139
#IT Ite:19 KerTime:0.366457 AccTime:7.320596
#IT Ite:20 KerTime:0.366429 AccTime:7.687025
#IT Ite:21 KerTime:0.366459 AccTime:8.053484
#IT Ite:22 KerTime:0.366463 AccTime:8.419947
#IT Ite:23 KerTime:0.366440 AccTime:8.786387
#IT Ite:24 KerTime:0.366467 AccTime:9.152854
#IT Ite:25 KerTime:0.366544 AccTime:9.519398
#ERR p: [403, 2095], r: 3.0108608797106073e+34, e: 3.0270868073935287e+34
#SDC Ite:25 KerTime:0.366544 AccTime:9.519398 KerErr:1 AccErr:1
#IT Ite:26 KerTime:0.367347 AccTime:9.886745
#IT Ite:27 KerTime:0.367293 AccTime:10.254038
#IT Ite:28 KerTime:0.367341 AccTime:10.621379
#IT Ite:29 KerTime:0.367422 AccTime:10.988801
#IT Ite:30 KerTime:0.367526 AccTime:11.356327
#IT Ite:31 KerTime:0.367363 AccTime:11.723690
#IT Ite:32 KerTime:0.367362 AccTime:12.091052
#IT Ite:33 KerTime:0.367422 AccTime:12.458474
#IT Ite:34 KerTime:0.367343 AccTime:12.825817
#IT Ite:35 KerTime:0.367347 AccTime:13.193164
#IT Ite:36 KerTime:0.367365 AccTime:13.560529
#IT Ite:37 KerTime:0.367430 AccTime:13.927959
#IT Ite:38 KerTime:0.367507 AccTime:14.295466
#IT Ite:39 KerTime:0.367490 AccTime:14.662956
#IT Ite:40 KerTime:0.367565 AccTime:15.030521
#IT Ite:41 KerTime:0.367479 AccTime:15.398000
#IT Ite:42 KerTime:0.367543 AccTime:15.765543
#IT Ite:43 KerTime:0.367665 AccTime:16.133208
#IT Ite:44 KerTime:0.367683 AccTime:16.500891
#IT Ite:45 KerTime:0.367673 AccTime:16.868564
#IT Ite:46 KerTime:0.367730 AccTime:17.236294
#IT Ite:47 KerTime:0.367795 AccTime:17.604089
#IT Ite:48 KerTime:0.367833 AccTime:17.971922
#IT Ite:49 KerTime:0.367791 AccTime:18.339713
#IT Ite:50 KerTime:0.367821 AccTime:18.707534
#IT Ite:51 KerTime:0.371664 AccTime:19.079198
#IT Ite:52 KerTime:0.371756 AccTime:19.450954
#IT Ite:53 KerTime:0.371758 AccTime:19.822712
#IT Ite:54 KerTime:0.371749 AccTime:20.194461
#IT Ite:55 KerTime:0.371936 AccTime:20.566397
#ERR p: [64, 1760], r: 4.6229462327269459e+33, e: 1.8491784930907784e+34
#ERR p: [64, 1761], r: -1.0024128983826715e+34, e: -4.0096515935306860e+34
#ERR p: [64, 1762], r: -5.3638424851586635e+33, e: -2.1455369940634654e+34
#ERR p: [64, 1763], r: 3.9403598066932677e+32, e: 1.5761439226773071e+33
#ERR p: [64, 1764], r: -6.7563746231545436e+33, e: -2.7025498492618174e+34
#ERR p: [64, 1765], r: 1.0390271574982228e+34, e: 4.1561086299928911e+34
#ERR p: [64, 1766], r: 3.1910580870078182e+33, e: 1.2764232348031273e+34
#ERR p: [64, 1767], r: -4.2245862279265836e+33, e: -1.6898344911706335e+34
#ERR p: [64, 1768], r: 1.2946991124932706e+34, e: 5.1787964499730825e+34
#ERR p: [64, 1769], r: -2.4543514595220991e+33, e: -9.8174058380883964e+33
#ERR p: [64, 1770], r: 5.6933376463955717e+33, e: 2.2773350585582287e+34
#ERR p: [64, 1771], r: 5.1632600631936407e+33, e: 2.0653040252774563e+34
#ERR p: [64, 1772], r: 1.7889134081831366e+33, e: 7.1556536327325465e+33
#ERR p: [64, 1773], r: -5.9323146310559088e+33, e: -2.3729258524223635e+34
#ERR p: [64, 1774], r: 1.3673679247834781e+34, e: 5.4694716991339123e+34
#ERR p: [64, 1775], r: -4.1425403928376332e+33, e: -1.6570161571350533e+34
#ERR p: [64, 1776], r: 9.4318445818815482e+33, e: 3.7727378327526193e+34
#ERR p: [64, 1777], r: 4.0631221092273335e+33, e: 1.6252488436909334e+34
#ERR p: [64, 1778], r: 6.0759946343592643e+33, e: 2.4303978537437057e+34
#ERR p: [64, 1779], r: -3.7876915139550521e+33, e: -1.5150766055820209e+34
#ERR p: [64, 1780], r: 8.5055512251776227e+33, e: 3.4022204900710491e+34
#ERR p: [64, 1781], r: 7.2888705505856866e+33, e: 2.9155482202342746e+34
#ERR p: [64, 1782], r: 2.3039362726887539e+33, e: 9.2157450907550155e+33
#ERR p: [64, 1783], r: 3.8907988758478616e+33, e: 1.5563195503391446e+34
#ERR p: [64, 1784], r: -3.2831493335262206e+33, e: -1.3132597334104882e+34
#ERR p: [64, 1785], r: -6.4482386129586681e+33, e: -2.5792954451834672e+34
#ERR p: [64, 1786], r: 8.6508381303872725e+32, e: 3.4603352521549090e+33
#ERR p: [64, 1787], r: -6.9096455961365815e+33, e: -2.7638582384546326e+34
#ERR p: [64, 1788], r: 2.2188067327916790e+33, e: 8.8752269311667160e+33
#ERR p: [64, 1789], r: -7.4103748667586661e+33, e: -2.9641499467034664e+34
#ERR p: [64, 1790], r: -1.4701336579156577e+34, e: -5.8805346316626309e+34
#ERR p: [64, 1791], r: -5.5924308461281772e+33, e: -2.2369723384512709e+34
#ERR p: [64, 2656], r: 7.1496730879145500e+33, e: 2.8598692351658200e+34
#ERR p: [64, 2657], r: 2.3750695399297910e+33, e: 9.5002781597191638e+33
#ERR p: [64, 2658], r: -2.0956712913257527e+34, e: -8.3826851653030106e+34
#ERR p: [64, 2659], r: -1.3768624305300176e+34, e: -5.5074497221200704e+34
#ERR p: [64, 2660], r: -1.1522601542550964e+34, e: -4.6090406170203857e+34
#ERR p: [64, 2661], r: 1.1356995497693060e+33, e: 4.5427981990772238e+33
#ERR p: [64, 2662], r: 5.9358903476185680e+33, e: 2.3743561390474272e+34
#ERR p: [64, 2663], r: -1.7391817366228916e+34, e: -6.9567269464915665e+34
#ERR p: [64, 2664], r: -6.7397712539426715e+32, e: -2.6959085015770686e+33
#ERR p: [64, 2665], r: 4.2017844955567550e+33, e: 1.6807137982227020e+34
#ERR p: [64, 2666], r: 6.7078254639644134e+33, e: 2.6831301855857654e+34
#ERR p: [64, 2667], r: 4.0980590935316926e+33, e: 1.6392236374126770e+34
#ERR p: [64, 2668], r: -9.2869668293253026e+33, e: -3.7147867317301211e+34
#ERR p: [64, 2669], r: 2.3674390423675443e+33, e: 9.4697561694701774e+33
#ERR p: [64, 2670], r: 3.1545173634676141e+32, e: 1.2618069453870456e+33
#ERR p: [64, 2671], r: -1.6604264382725018e+34, e: -6.6417057530900071e+34
#ERR p: [64, 2672], r: -2.7259817672122542e+33, e: -1.0903927068849017e+34
#ERR p: [64, 2673], r: -3.0868804713005448e+32, e: -1.2347521885202179e+33
#ERR p: [64, 2674], r: 1.3815646645583712e+34, e: 5.5262586582334848e+34
#ERR p: [64, 2675], r: -8.3020681543974292e+33, e: -3.3208272617589717e+34
#ERR p: [64, 2676], r: -4.0822897490725503e+33, e: -1.6329158996290201e+34
#ERR p: [64, 2677], r: -2.0982605154031623e+33, e: -8.3930420616126492e+33
#ERR p: [64, 2678], r: 1.0764148942883807e+34, e: 4.3056595771535230e+34
#ERR p: [64, 2679], r: -7.4010784114329035e+33, e: -2.9604313645731614e+34
#ERR p: [64, 2680], r: -2.6609985632722021e+33, e: -1.0643994253088808e+34
#ERR p: [64, 2681], r: -6.6545433741403844e+33, e: -2.6618173496561538e+34
#ERR p: [64, 2682], r: 1.5057858354706458e+34, e: 6.0231433418825831e+34
#ERR p: [64, 2683], r: 8.2918999871986544e+33, e: 3.3167599948794618e+34
#ERR p: [64, 2684], r: -3.4515580997146093e+32, e: -1.3806232398858437e+33
#ERR p: [64, 2685], r: -4.3578810837106196e+33, e: -1.7431524334842478e+34
#ERR p: [64, 2686], r: -1.2258832337367717e+34, e: -4.9035329349470866e+34
#ERR p: [64, 2687], r: -1.1825845770556344e+34, e: -4.7303383082225376e+34
#ERR p: [65, 1760], r: 1.3732535767589119e+34, e: 5.4930143070356478e+34
#ERR p: [65, 1761], r: -1.0195631598566506e+34, e: -4.0782526394266025e+34
#ERR p: [65, 1762], r: 1.6623462365156746e+33, e: 6.6493849460626983e+33
#ERR p: [65, 1763], r: -6.2995619212218646e+33, e: -2.5198247684887458e+34
#ERR p: [65, 1764], r: 1.1398897267474276e+34, e: 4.5595589069897103e+34
#ERR p: [65, 1765], r: 9.6562432948188524e+33, e: 3.8624973179275409e+34
#ERR p: [65, 1766], r: -4.7885227089167748e+33, e: -1.9154090835667099e+34
#ERR p: [65, 1767], r: -4.0233443423947997e+33, e: -1.6093377369579199e+34
#ERR p: [65, 1768], r: 2.4891923844429420e+33, e: 9.9567695377717678e+33
#ERR p: [65, 1769], r: -1.0023637432477088e+34, e: -4.0094549729908352e+34
#ERR p: [65, 1770], r: 9.3355253460526178e+33, e: 3.7342101384210471e+34
#ERR p: [65, 1771], r: 1.3798315794415581e+32, e: 5.5193263177662324e+32
#ERR p: [65, 1772], r: -9.3762535548437938e+33, e: -3.7505014219375175e+34
#ERR p: [65, 1773], r: -6.9465002405699037e+33, e: -2.7786000962279615e+34
#ERR p: [65, 1774], r: 9.7082991070956185e+33, e: 3.8833196428382474e+34
#ERR p: [65, 1775], r: 1.1278494282034210e+33, e: 4.5113977128136839e+33
#ERR p: [65, 1776], r: 2.4036385187755742e+33, e: 9.6145540751022968e+33
#ERR p: [65, 1777], r: -2.5587924306276070e+33, e: -1.0235169722510428e+34
#ERR p: [65, 1778], r: 4.7271892132816667e+33, e: 1.8908756853126667e+34
#ERR p: [65, 1779], r: -4.8006855845043985e+33, e: -1.9202742338017594e+34
#ERR p: [65, 1780], r: 2.8249571037225369e+34, e: 1.1299828414890148e+35
#ERR p: [65, 1781], r: -1.3071712732749353e+33, e: -5.2286850930997410e+33
#ERR p: [65, 1782], r: -3.7681900129192026e+32, e: -1.5072760051676810e+33
#ERR p: [65, 1783], r: 1.9814588718262387e+33, e: 7.9258354873049549e+33
#ERR p: [65, 1784], r: -3.5373586248493317e+33, e: -1.4149434499397327e+34
#ERR p: [65, 1785], r: -7.9002586091591787e+33, e: -3.1601034436636715e+34
#ERR p: [65, 1786], r: -4.0862733640421054e+33, e: -1.6345093456168422e+34
#ERR p: [65, 1787], r: 2.5760982874714103e+33, e: 1.0304393149885641e+34
#ERR p: [65, 1788], r: -1.8928680449836291e+34, e: -7.5714721799345166e+34
#ERR p: [65, 1789], r: -1.0929234614500019e+34, e: -4.3716938458000075e+34
#ERR p: [65, 1790], r: 1.1720595282539838e+33, e: 4.6882381130159351e+33
#ERR p: [65, 1791], r: -7.1743958827605727e+33, e: -2.8697583531042291e+34
#ERR p: [65, 2656], r: -2.4666007909626281e+33, e: -9.8664031638505125e+33
#ERR p: [65, 2657], r: 6.1529565201342862e+33, e: 2.4611826080537145e+34
#ERR p: [65, 2658], r: -1.5590169071286314e+33, e: -6.2360676285145256e+33
#ERR p: [65, 2659], r: 2.1200146877541415e+34, e: 8.4800587510165658e+34
#ERR p: [65, 2660], r: -1.1016771357936381e+34, e: -4.4067085431745524e+34
#ERR p: [65, 2661], r: 8.3752394381340777e+33, e: 3.3500957752536311e+34
#ERR p: [65, 2662], r: -3.6731056634762831e+33, e: -1.4692422653905132e+34
#ERR p: [65, 2663], r: -1.9110089408634027e+33, e: -7.6440357634536107e+33
#ERR p: [65, 2664], r: 3.6487772536049635e+33, e: 1.4595109014419854e+34
#ERR p: [65, 2665], r: -1.4067656004046342e+33, e: -5.6270624016185367e+33
#ERR p: [65, 2666], r: -1.0448766951713335e+34, e: -4.1795067806853341e+34
#ERR p: [65, 2667], r: -1.0593233440297075e+34, e: -4.2372933761188299e+34
#ERR p: [65, 2668], r: 4.4318683299965515e+33, e: 1.7727473319986206e+34
#ERR p: [65, 2669], r: 9.6449093694208918e+33, e: 3.8579637477683567e+34
#ERR p: [65, 2670], r: -1.5029072832302372e+31, e: -6.0116291329209488e+31
#ERR p: [65, 2671], r: 8.2258774244464292e+32, e: 3.2903509697785717e+33
#ERR p: [65, 2672], r: -3.9456460652202968e+33, e: -1.5782584260881187e+34
#ERR p: [65, 2673], r: 7.3345258580371426e+31, e: 2.9338103432148570e+32
#ERR p: [65, 2674], r: -3.9840626063816859e+33, e: -1.5936250425526744e+34
#ERR p: [65, 2675], r: -2.2792382335333062e+33, e: -9.1169529341332247e+33
#ERR p: [65, 2676], r: 5.2840665275168069e+33, e: 2.1136266110067227e+34
#ERR p: [65, 2677], r: -7.9895928937876655e+33, e: -3.1958371575150662e+34
#ERR p: [65, 2678], r: -1.7604737316641683e+32, e: -7.0418949266566734e+32
#ERR p: [65, 2679], r: -5.9244650705897033e+33, e: -2.3697860282358813e+34
#ERR p: [65, 2680], r: 6.1553412587394213e+33, e: 2.4621365034957685e+34
#ERR p: [65, 2681], r: -9.4902749043687635e+33, e: -3.7961099617475054e+34
#ERR p: [65, 2682], r: -4.0292882335508999e+33, e: -1.6117152934203600e+34
#ERR p: [65, 2683], r: 6.0914380693927683e+33, e: 2.4365752277571073e+34
#ERR p: [65, 2684], r: -4.4930772554069900e+33, e: -1.7972309021627960e+34
#ERR p: [65, 2685], r: -1.0964112216827078e+33, e: -4.3856448867308312e+33
#ERR p: [65, 2686], r: 4.6474307867179757e+33, e: 1.8589723146871903e+34
#ERR p: [65, 2687], r: -7.1085626144167396e+33, e: -2.8434250457666958e+34
#ERR p: [66, 1760], r: 4.9384634512626930e+33, e: 1.9753853805050772e+34
#ERR p: [66, 1761], r: 1.5344640396940937e+33, e: 6.1378561587763748e+33
#ERR p: [66, 1762], r: 8.5768473470567663e+32, e: 3.4307389388227065e+33
#ERR p: [66, 1763], r: -1.8783950888575107e+34, e: -7.5135803554300428e+34
#ERR p: [66, 1764], r: 1.7923395093951442e+34, e: 7.1693580375805767e+34
#ERR p: [66, 1765], r: 1.0758321742400678e+34, e: 4.3033286969602712e+34
#ERR p: [66, 1766], r: 2.6431016330298554e+33, e: 1.0572406532119422e+34
#ERR p: [66, 1767], r: 1.0130988355616158e+34, e: 4.0523953422464630e+34
#ERR p: [66, 1768], r: 3.6955257710576657e+33, e: 1.4782103084230663e+34
#ERR p: [66, 1769], r: 3.1413107389329273e+33, e: 1.2565242955731709e+34
#ERR p: [66, 1770], r: -3.3247253103297329e+33, e: -1.3298901241318932e+34
#ERR p: [66, 1771], r: 1.2525495263241203e+33, e: 5.0101981052964813e+33
#ERR p: [66, 1772], r: 3.4705261809304407e+32, e: 1.3882104723721763e+33
#ERR p: [66, 1773], r: 9.6511309029224458e+33, e: 3.8604523611689783e+34
#ERR p: [66, 1774], r: -1.0114489191680455e+33, e: -4.0457956766721820e+33
#ERR p: [66, 1775], r: -3.2636332348438658e+33, e: -1.3054532939375463e+34
#ERR p: [66, 1776], r: 4.6675115364272456e+33, e: 1.8670046145708983e+34
#ERR p: [66, 1777], r: -1.7929222188246988e+33, e: -7.1716888752987951e+33
#ERR p: [66, 1778], r: -5.8049250916868811e+33, e: -2.3219700366747524e+34
#ERR p: [66, 1779], r: -6.1758769567469591e+33, e: -2.4703507826987836e+34
#ERR p: [66, 1780], r: -7.2828177147042459e+33, e: -2.9131270858816983e+34
#ERR p: [66, 1781], r: 1.0775878578447158e+34, e: 4.3103514313788630e+34
#ERR p: [66, 1782], r: 1.2340048103091327e+34, e: 4.9360192412365309e+34
#ERR p: [66, 1783], r: 4.7880922441545259e+33, e: 1.9152368976618103e+34
#ERR p: [66, 1784], r: -1.1262390888446006e+34, e: -4.5049563553784024e+34
#ERR p: [66, 1785], r: -6.1781997725078290e+33, e: -2.4712799090031316e+34
#ERR p: [66, 1786], r: 7.3842910722796439e+33, e: 2.9537164289118576e+34
#ERR p: [66, 1787], r: -1.5388768881043757e+32, e: -6.1555075524175029e+32
#ERR p: [66, 1788], r: 6.0408348095530936e+33, e: 2.4163339238212374e+34
#ERR p: [66, 1789], r: 3.9216719010847819e+33, e: 1.5686687604339127e+34
#ERR p: [66, 1790], r: -1.2905695732849669e+34, e: -5.1622782931398675e+34
#ERR p: [66, 1791], r: 7.5837849396012889e+33, e: 3.0335139758405156e+34
#ERR p: [66, 2656], r: -3.0164426985210979e+33, e: -1.2065770794084392e+34
#ERR p: [66, 2657], r: -1.3769148340077675e+34, e: -5.5076593360310700e+34
#ERR p: [66, 2658], r: 3.6095702407360592e+33, e: 1.4438280962944237e+34
#ERR p: [66, 2659], r: 1.6337428782709131e+34, e: 6.5349715130836524e+34
#ERR p: [66, 2660], r: 5.2646949212079226e+33, e: 2.1058779684831690e+34
#ERR p: [66, 2661], r: -1.3765651493736742e+34, e: -5.5062605974946968e+34
#ERR p: [66, 2662], r: 1.1445899753636974e+34, e: 4.5783599014547897e+34
#ERR p: [66, 2663], r: -3.1963521964121362e+33, e: -1.2785408785648545e+34
#ERR p: [66, 2664], r: -1.3421385949189645e+34, e: -5.3685543796758581e+34
#ERR p: [66, 2665], r: 5.3749897356938079e+33, e: 2.1499958942775231e+34
#ERR p: [66, 2666], r: -1.4922623705623353e+33, e: -5.9690494822493413e+33
#ERR p: [66, 2667], r: 1.2142066007836916e+34, e: 4.8568264031347663e+34
#ERR p: [66, 2668], r: 2.2240980287791875e+34, e: 8.8963921151167498e+34
#ERR p: [66, 2669], r: -4.9048342373598663e+33, e: -1.9619336949439465e+34
#ERR p: [66, 2670], r: 2.8686806845318533e+33, e: 1.1474722738127413e+34
#ERR p: [66, 2671], r: 1.8868495973348478e+33, e: 7.5473983893393912e+33
#ERR p: [66, 2672], r: -1.8384345660071240e+33, e: -7.3537382640284961e+33
#ERR p: [66, 2673], r: -1.5031767362334430e+34, e: -6.0127069449337721e+34
#ERR p: [66, 2674], r: 6.9266702425081677e+33, e: 2.7706680970032671e+34
#ERR p: [66, 2675], r: -1.2498574325922886e+33, e: -4.9994297303691544e+33
#ERR p: [66, 2676], r: -5.8043474322263923e+33, e: -2.3217389728905569e+34
#ERR p: [66, 2677], r: -6.8244621715030039e+32, e: -2.7297848686012016e+33
#ERR p: [66, 2678], r: 1.3180610998773659e+34, e: 5.2722443995094634e+34
#ERR p: [66, 2679], r: -1.2726589944161015e+34, e: -5.0906359776644062e+34
#ERR p: [66, 2680], r: -8.5895071105597487e+33, e: -3.4358028442238995e+34
#ERR p: [66, 2681], r: -4.7030981153926382e+33, e: -1.8812392461570553e+34
#ERR p: [66, 2682], r: 5.6978172454572229e+33, e: 2.2791268981828892e+34
#ERR p: [66, 2683], r: -2.0854502417139019e+33, e: -8.3418009668556077e+33
#ERR p: [66, 2684], r: 2.5497926721492150e+33, e: 1.0199170688596860e+34
#ERR p: [66, 2685], r: -5.3473870935096537e+33, e: -2.1389548374038615e+34
#ERR p: [66, 2686], r: -1.2572660895558114e+34, e: -5.0290643582232456e+34
#ERR p: [66, 2687], r: -7.5723722541158343e+33, e: -3.0289489016463337e+34
#ERR p: [67, 1760], r: -1.8932436790747247e+33, e: -7.5729747162988986e+33
#ERR p: [67, 1761], r: -3.4798686266268125e+33, e: -1.3919474506507250e+34
#ERR p: [67, 1762], r: 3.0202871886488641e+33, e: 1.2081148754595456e+34
#ERR p: [67, 1763], r: 1.4321217445738165e+34, e: 5.7284869782952659e+34
#ERR p: [67, 1764], r: 1.9848041698091191e+33, e: 7.9392166792364765e+33
#ERR p: [67, 1765], r: -2.5357252053979486e+33, e: -1.0142900821591794e+34
#ERR p: [67, 1766], r: 1.3091089164751884e+34, e: 5.2364356659007535e+34
#ERR p: [67, 1767], r: 2.2379135342270944e+33, e: 8.9516541369083777e+33
#ERR p: [67, 1768], r: -9.8678114529417017e+33, e: -3.9471245811766807e+34
#ERR p: [67, 1769], r: -1.1531054907841950e+34, e: -4.6124219631367799e+34
#ERR p: [67, 1770], r: 8.1489738137374031e+33, e: 3.2595895254949612e+34
#ERR p: [67, 1771], r: -3.3677258843083659e+33, e: -1.3470903537233464e+34
#ERR p: [67, 1772], r: 1.3290648802987114e+34, e: 5.3162595211948454e+34
#ERR p: [67, 1773], r: -5.1653026261034473e+33, e: -2.0661210504413789e+34
#ERR p: [67, 1774], r: -6.8996513306812244e+33, e: -2.7598605322724897e+34
#ERR p: [67, 1775], r: -1.2276839904542893e+34, e: -4.9107359618171572e+34
#ERR p: [67, 1776], r: 9.4342463195417767e+33, e: 3.7736985278167107e+34
#ERR p: [67, 1777], r: -9.4883966958265431e+33, e: -3.7953586783306172e+34
#ERR p: [67, 1778], r: 6.4792276033218980e+33, e: 2.5916910413287592e+34
#ERR p: [67, 1779], r: 5.3529516023763839e+33, e: 2.1411806409505536e+34
#ERR p: [67, 1780], r: -9.5479678952006072e+33, e: -3.8191871580802429e+34
#ERR p: [67, 1781], r: 7.0672816640225504e+33, e: 2.8269126656090202e+34
#ERR p: [67, 1782], r: -4.7437480075572704e+33, e: -1.8974992030229081e+34
#ERR p: [67, 1783], r: 3.6879127570247331e+33, e: 1.4751651028098932e+34
#ERR p: [67, 1784], r: -2.0817862164000340e+33, e: -8.3271448656001360e+33
#ERR p: [67, 1785], r: -1.6988126202908074e+34, e: -6.7952504811632297e+34
#ERR p: [67, 1786], r: -1.1724704825096360e+33, e: -4.6898819300385441e+33
#ERR p: [67, 1787], r: -2.6762448591447608e+33, e: -1.0704979436579043e+34
#ERR p: [67, 1788], r: 1.1876606347144138e+34, e: 4.7506425388576550e+34
#ERR p: [67, 1789], r: -2.4092591563153699e+32, e: -9.6370366252614796e+32
#ERR p: [67, 1790], r: 3.7393035589378311e+32, e: 1.4957214235751325e+33
#ERR p: [67, 1791], r: -1.3182910472721809e+33, e: -5.2731641890887237e+33
#ERR p: [67, 2656], r: -1.2489719642687349e+34, e: -4.9958878570749398e+34
#ERR p: [67, 2657], r: 6.4993386615821533e+33, e: 2.5997354646328613e+34
#ERR p: [67, 2658], r: 1.5809621777968259e+34, e: 6.3238487111873037e+34
#ERR p: [67, 2659], r: 4.3756482424319460e+33, e: 1.7502592969727784e+34
#ERR p: [67, 2660], r: -3.3500161002422450e+33, e: -1.3400064400968980e+34
#ERR p: [67, 2661], r: -2.0098283749781477e+32, e: -8.0393134999125907e+32
#ERR p: [67, 2662], r: -5.1341974874485494e+33, e: -2.0536789949794198e+34
#ERR p: [67, 2663], r: -1.6969538481343650e+34, e: -6.7878153925374598e+34
#ERR p: [67, 2664], r: -1.4963489274614986e+34, e: -5.9853957098459943e+34
#ERR p: [67, 2665], r: -4.3364104468321284e+33, e: -1.7345641787328514e+34
#ERR p: [67, 2666], r: 3.9734712439113232e+33, e: 1.5893884975645293e+34
#ERR p: [67, 2667], r: -4.9081415915684420e+33, e: -1.9632566366273768e+34
#ERR p: [67, 2668], r: 3.2821851585975559e+33, e: 1.3128740634390223e+34
#ERR p: [67, 2669], r: -8.9021525043958296e+33, e: -3.5608610017583318e+34
#ERR p: [67, 2670], r: 1.6802127221426195e+33, e: 6.7208508885704779e+33
#ERR p: [67, 2671], r: 1.0261131881830678e+33, e: 4.1044527527322713e+33
#ERR p: [67, 2672], r: 4.7954080046644151e+33, e: 1.9181632018657661e+34
#ERR p: [67, 2673], r: -2.8319913567093019e+33, e: -1.1327965426837208e+34
#ERR p: [67, 2674], r: 5.3112833017463644e+33, e: 2.1245133206985458e+34
#ERR p: [67, 2675], r: 1.3683101044371071e+34, e: 5.4732404177484285e+34
#ERR p: [67, 2676], r: -1.1050648511722366e+34, e: -4.4202594046889462e+34
#ERR p: [67, 2677], r: -2.0272243088393030e+33, e: -8.1088972353572120e+33
#ERR p: [67, 2678], r: 3.9885982102643839e+32, e: 1.5954392841057536e+33
#ERR p: [67, 2679], r: -2.2018737055989494e+34, e: -8.8074948223957978e+34
#ERR p: [67, 2680], r: -2.4249514875244754e+33, e: -9.6998059500979018e+33
#ERR p: [67, 2681], r: 5.3075421899229150e+33, e: 2.1230168759691660e+34
#ERR p: [67, 2682], r: 1.0898203428864996e+34, e: 4.3592813715459985e+34
#ERR p: [67, 2683], r: -1.0740752679681029e+34, e: -4.2963010718724116e+34
#ERR p: [67, 2684], r: -2.7777469251346968e+33, e: -1.1110987700538787e+34
#ERR p: [67, 2685], r: -1.4151886252833550e+34, e: -5.6607545011334202e+34
#ERR p: [67, 2686], r: 5.1905437021917641e+33, e: 2.0762174808767056e+34
#ERR p: [67, 2687], r: 2.8696750205186732e+33, e: 1.1478700082074693e+34
#ERR p: [68, 1760], r: 2.6529909770727283e+33, e: 1.0611963908290913e+34
#ERR p: [68, 1761], r: -9.4843335989977536e+33, e: -3.7937334395991014e+34
#ERR p: [68, 1762], r: -1.4874875288299909e+34, e: -5.9499501153199634e+34
#ERR p: [68, 1763], r: -3.6917087860291639e+33, e: -1.4766835144116656e+34
#ERR p: [68, 1764], r: -2.9824479244361293e+33, e: -1.1929791697744517e+34
#ERR p: [68, 1765], r: 1.3088832762068928e+34, e: 5.2355331048275713e+34
#ERR p: [68, 1766], r: 1.9300779079533940e+33, e: 7.7203116318135758e+33
#ERR p: [68, 1767], r: 1.3001882804161403e+34, e: 5.2007531216645610e+34
#ERR p: [68, 1768], r: -1.9709995875930405e+34, e: -7.8839983503721618e+34
#ERR p: [68, 1769], r: -9.9628341806758976e+33, e: -3.9851336722703590e+34
#ERR p: [68, 1770], r: -2.0928522754391244e+34, e: -8.3714091017564976e+34
#ERR p: [68, 1771], r: 4.3845458439274879e+33, e: 1.7538183375709952e+34
#ERR p: [68, 1772], r: -1.2088739575093563e+34, e: -4.8354958300374253e+34
#ERR p: [68, 1773], r: -3.7748550883214725e+33, e: -1.5099420353285890e+34
#ERR p: [68, 1774], r: 1.8506541921325640e+34, e: 7.4026167685302559e+34
#ERR p: [68, 1775], r: 1.2565101863576123e+34, e: 5.0260407454304490e+34
#ERR p: [68, 1776], r: -2.0133302842091006e+33, e: -8.0533211368364026e+33
#ERR p: [68, 1777], r: 3.9068280688665631e+33, e: 1.5627312275466252e+34
#ERR p: [68, 1778], r: -1.0382439721599991e+34, e: -4.1529758886399965e+34
#ERR p: [68, 1779], r: -1.3111409685465549e+34, e: -5.2445638741862196e+34
#ERR p: [68, 1780], r: 1.3140362105551522e+34, e: 5.2561448422206088e+34
#ERR p: [68, 1781], r: -3.1964982019925855e+33, e: -1.2785992807970342e+34
#ERR p: [68, 1782], r: 7.5914157560795511e+33, e: 3.0365663024318204e+34
#ERR p: [68, 1783], r: 2.2225788842514307e+33, e: 8.8903155370057229e+33
#ERR p: [68, 1784], r: 1.0687807752912255e+33, e: 4.2751231011649020e+33
#ERR p: [68, 1785], r: -6.2382252549593320e+33, e: -2.4952901019837328e+34
#ERR p: [68, 1786], r: -5.1394854270392606e+33, e: -2.0557941708157043e+34
#ERR p: [68, 1787], r: 1.1610333149146863e+34, e: 4.6441332596587454e+34
#ERR p: [68, 1788], r: 1.4196792183125023e+34, e: 5.6787168732500093e+34
#ERR p: [68, 1789], r: -6.8891431696923244e+32, e: -2.7556572678769297e+33
#ERR p: [68, 1790], r: 1.2397201116146831e+34, e: 4.9588804464587326e+34
#ERR p: [68, 1791], r: -6.2897093504560416e+33, e: -2.5158837401824166e+34
#ERR p: [68, 2656], r: -6.7074604301417107e+33, e: -2.6829841720566843e+34
#ERR p: [68, 2657], r: 1.4352527522011397e+33, e: 5.7410110088045587e+33
#ERR p: [68, 2658], r: 1.2859593922820169e+34, e: 5.1438375691280676e+34
#ERR p: [68, 2659], r: 8.4867487465458261e+33, e: 3.3946994986183304e+34
#ERR p: [68, 2660], r: 7.5845730272965720e+33, e: 3.0338292109186288e+34
#ERR p: [68, 2661], r: -1.1248034469442694e+34, e: -4.4992137877770778e+34
#ERR p: [68, 2662], r: -1.0165219891386848e+34, e: -4.0660879565547391e+34
#ERR p: [68, 2663], r: 2.7952774353007952e+33, e: 1.1181109741203181e+34
#ERR p: [68, 2664], r: -5.1544308179656429e+33, e: -2.0617723271862571e+34
#ERR p: [68, 2665], r: -2.5658900045590744e+33, e: -1.0263560018236298e+34
#ERR p: [68, 2666], r: 2.6866658572201311e+33, e: 1.0746663428880525e+34
#ERR p: [68, 2667], r: -6.2600304527447741e+33, e: -2.5040121810979096e+34
#ERR p: [68, 2668], r: -7.9902656617976360e+33, e: -3.1961062647190544e+34
#ERR p: [68, 2669], r: 4.3458840579534601e+33, e: 1.7383536231813840e+34
#ERR p: [68, 2670], r: 2.7609974423089894e+33, e: 1.1043989769235958e+34
#ERR p: [68, 2671], r: -1.1701172527375606e+34, e: -4.6804690109502424e+34
#ERR p: [68, 2672], r: -1.9146853928169922e+33, e: -7.6587415712679687e+33
#ERR p: [68, 2673], r: -1.1718568419704435e+34, e: -4.6874273678817738e+34
#ERR p: [68, 2674], r: 2.0695623449921607e+33, e: 8.2782493799686427e+33
#ERR p: [68, 2675], r: 1.7986150412455282e+33, e: 7.1944601649821129e+33
#ERR p: [68, 2676], r: -1.1319349129388726e+34, e: -4.5277396517554904e+34
#ERR p: [68, 2677], r: 1.2985445033900870e+33, e: 5.1941780135603480e+33
#ERR p: [68, 2678], r: 1.3844806841489119e+34, e: 5.5379227365956475e+34
#ERR p: [68, 2679], r: 9.3043092715852679e+33, e: 3.7217237086341072e+34
#ERR p: [68, 2680], r: 9.2105656467997795e+33, e: 3.6842262587199118e+34
#ERR p: [68, 2681], r: -1.2377027690104677e+34, e: -4.9508110760418706e+34
#ERR p: [68, 2682], r: -6.8123130559921254e+32, e: -2.7249252223968501e+33
#ERR p: [68, 2683], r: 1.0742557491531165e+34, e: 4.2970229966124660e+34
#ERR p: [68, 2684], r: -6.4429735052777825e+33, e: -2.5771894021111130e+34
#ERR p: [68, 2685], r: 7.6518952867729610e+33, e: 3.0607581147091844e+34
#ERR p: [68, 2686], r: 8.2580306314827783e+32, e: 3.3032122525931113e+33
#ERR p: [68, 2687], r: 1.2449072575236785e+33, e: 4.9796290300947141e+33
#ERR p: [69, 1760], r: -8.6296022887852736e+33, e: -3.4518409155141094e+34
#ERR p: [69, 1761], r: -1.4935670805919091e+33, e: -5.9742683223676363e+33
#ERR p: [69, 1762], r: -3.8155104888320326e+33, e: -1.5262041955328130e+34
#ERR p: [69, 1763], r: 3.2635262566206641e+31, e: 1.3054105026482656e+32
#ERR p: [69, 1764], r: 1.1425542400750352e+34, e: 4.5702169603001408e+34
#ERR p: [69, 1765], r: 4.4545059052974181e+33, e: 1.7818023621189672e+34
#ERR p: [69, 1766], r: 1.0924225894587184e+33, e: 4.3696903578348736e+33
#ERR p: [69, 1767], r: 3.9331187292762333e+33, e: 1.5732474917104933e+34
#ERR p: [69, 1768], r: -1.9497824868299913e+34, e: -7.7991299473199652e+34
#ERR p: [69, 1769], r: 5.0391658184096719e+33, e: 2.0156663273638688e+34
#ERR p: [69, 1770], r: -6.2839815676768577e+33, e: -2.5135926270707431e+34
#ERR p: [69, 1771], r: -8.4542633232090213e+33, e: -3.3817053292836085e+34
#ERR p: [69, 1772], r: -1.8732932594389327e+34, e: -7.4931730377557307e+34
#ERR p: [69, 1773], r: -4.5562049681867086e+32, e: -1.8224819872746835e+33
#ERR p: [69, 1774], r: -2.5672651581191444e+33, e: -1.0269060632476578e+34
#ERR p: [69, 1775], r: -9.5776088612617511e+33, e: -3.8310435445047004e+34
#ERR p: [69, 1776], r: -5.7878141435223064e+33, e: -2.3151256574089226e+34
#ERR p: [69, 1777], r: -1.8284383042338704e+34, e: -7.3137532169354816e+34
#ERR p: [69, 1778], r: -7.0257639626924712e+33, e: -2.8103055850769885e+34
#ERR p: [69, 1779], r: -1.1794358233128848e+34, e: -4.7177432932515392e+34
#ERR p: [69, 1780], r: 2.6222872642433343e+33, e: 1.0489149056973337e+34
#ERR p: [69, 1781], r: 4.3987333181576211e+33, e: 1.7594933272630484e+34
#ERR p: [69, 1782], r: -1.0303729891689680e+34, e: -4.1214919566758721e+34
#ERR p: [69, 1783], r: -2.2300603695832710e+32, e: -8.9202414783330841e+32
#ERR p: [69, 1784], r: 1.4791909172565954e+34, e: 5.9167636690263816e+34
#ERR p: [69, 1785], r: 6.3536776036254416e+33, e: 2.5414710414501766e+34
#ERR p: [69, 1786], r: 2.8269123568415415e+33, e: 1.1307649427366166e+34
#ERR p: [69, 1787], r: 1.5364345291899214e+34, e: 6.1457381167596858e+34
#ERR p: [69, 1788], r: -3.9474186321965932e+32, e: -1.5789674528786373e+33
#ERR p: [69, 1789], r: 9.3465501531340097e+33, e: 3.7386200612536039e+34
#ERR p: [69, 1790], r: 8.9320545243250310e+33, e: 3.5728218097300124e+34
#ERR p: [69, 1791], r: 1.4979613534048958e+34, e: 5.9918454136195832e+34
#ERR p: [69, 2656], r: -7.3340892537511741e+33, e: -2.9336357015004697e+34
#ERR p: [69, 2657], r: 1.1991411350549908e+34, e: 4.7965645402199634e+34
#ERR p: [69, 2658], r: -1.1179582604508567e+34, e: -4.4718330418034269e+34
#ERR p: [69, 2659], r: 1.2928768867204528e+33, e: 5.1715075468818111e+33
#ERR p: [69, 2660], r: 1.7770569462383016e+33, e: 7.1082277849532063e+33
#ERR p: [69, 2661], r: -8.7322008520270715e+33, e: -3.4928803408108286e+34
#ERR p: [69, 2662], r: 1.0084058740193847e+34, e: 4.0336234960775387e+34
#ERR p: [69, 2663], r: 2.3388771077342383e+33, e: 9.3555084309369532e+33
#ERR p: [69, 2664], r: 4.1719056302567255e+33, e: 1.6687622521026902e+34
#ERR p: [69, 2665], r: -9.9254619800334335e+33, e: -3.9701847920133734e+34
#ERR p: [69, 2666], r: 6.5172358864668501e+33, e: 2.6068943545867401e+34
#ERR p: [69, 2667], r: 1.5522997058338247e+33, e: 6.2091988233352988e+33
#ERR p: [69, 2668], r: -9.0531168313878022e+33, e: -3.6212467325551209e+34
#ERR p: [69, 2669], r: -9.6333907834795258e+33, e: -3.8533563133918103e+34
#ERR p: [69, 2670], r: -2.7593940200599674e+33, e: -1.1037576080239870e+34
#ERR p: [69, 2671], r: 1.5946771330428419e+34, e: 6.3787085321713677e+34
#ERR p: [69, 2672], r: -6.5703814031860109e+33, e: -2.6281525612744043e+34
#ERR p: [69, 2673], r: -1.5273508317481660e+34, e: -6.1094033269926641e+34
#ERR p: [69, 2674], r: -1.0621704476856836e+34, e: -4.2486817907427344e+34
#ERR p: [69, 2675], r: -2.9332872897926810e+32, e: -1.1733149159170724e+33
#ERR p: [69, 2676], r: -1.8568575125552875e+34, e: -7.4274300502211499e+34
#ERR p: [69, 2677], r: 6.9462764024863109e+33, e: 2.7785105609945244e+34
#ERR p: [69, 2678], r: -8.7276749055439071e+33, e: -3.4910699622175628e+34
#ERR p: [69, 2679], r: -1.0539148269611001e+34, e: -4.2156593078444005e+34
#ERR p: [69, 2680], r: -2.6717563987269086e+33, e: -1.0687025594907634e+34
#ERR p: [69, 2681], r: -9.8257349534190355e+33, e: -3.9302939813676142e+34
#ERR p: [69, 2682], r: -1.2781668014888120e+34, e: -5.1126672059552482e+34
#ERR p: [69, 2683], r: 5.2708348880120730e+33, e: 2.1083339552048292e+34
#ERR p: [69, 2684], r: 3.5157457703054128e+33, e: 1.4062983081221651e+34
#ERR p: [69, 2685], r: 4.9556084966231190e+32, e: 1.9822433986492476e+33
#ERR p: [69, 2686], r: 1.1031835301385012e+34, e: 4.4127341205540050e+34
#ERR p: [69, 2687], r: -1.7113057686885599e+33, e: -6.8452230747542397e+33
#ERR p: [70, 1760], r: 1.4716228167948654e+34, e: 5.8864912671794614e+34
#ERR p: [70, 1761], r: -5.3971091809950779e+33, e: -2.1588436723980312e+34
#ERR p: [70, 1762], r: 1.1726589057436703e+34, e: 4.6906356229746813e+34
#ERR p: [70, 1763], r: -6.1962322840780474e+32, e: -2.4784929136312190e+33
#ERR p: [70, 1764], r: -7.2204912688208018e+32, e: -2.8881965075283207e+33
#ERR p: [70, 1765], r: 1.9936955431023048e+34, e: 7.9747821724092192e+34
#ERR p: [70, 1766], r: 2.1369324212241973e+33, e: 8.5477296848967891e+33
#ERR p: [70, 1767], r: 3.1722495917591967e+33, e: 1.2688998367036787e+34
#ERR p: [70, 1768], r: 6.2683083278043793e+33, e: 2.5073233311217517e+34
#ERR p: [70, 1769], r: 1.0873336765707950e+34, e: 4.3493347062831799e+34
#ERR p: [70, 1770], r: 5.7738673885664327e+33, e: 2.3095469554265731e+34
#ERR p: [70, 1771], r: -5.1262822303758725e+33, e: -2.0505128921503490e+34
#ERR p: [70, 1772], r: 8.1600698557543702e+33, e: 3.2640279423017481e+34
#ERR p: [70, 1773], r: 2.6085692929729639e+33, e: 1.0434277171891856e+34
#ERR p: [70, 1774], r: 9.2627536050643637e+33, e: 3.7051014420257455e+34
#ERR p: [70, 1775], r: -1.5767915996479783e+33, e: -6.3071663985919134e+33
#ERR p: [70, 1776], r: -5.1963471436842643e+33, e: -2.0785388574737057e+34
#ERR p: [70, 1777], r: 8.4603236152955743e+33, e: 3.3841294461182297e+34
#ERR p: [70, 1778], r: 2.9956597284872440e+33, e: 1.1982638913948976e+34
#ERR p: [70, 1779], r: -7.7604704741834150e+33, e: -3.1041881896733660e+34
#ERR p: [70, 1780], r: -6.6655889133420204e+33, e: -2.6662355653368082e+34
#ERR p: [70, 1781], r: 1.3223110872268372e+34, e: 5.2892443489073488e+34
#ERR p: [70, 1782], r: -3.2936143214886639e+33, e: -1.3174457285954655e+34
#ERR p: [70, 1783], r: 1.0155539858078821e+34, e: 4.0622159432315283e+34
#ERR p: [70, 1784], r: -8.4058530732476357e+32, e: -3.3623412292990543e+33
#ERR p: [70, 1785], r: 8.8986887659856625e+32, e: 3.5594755063942650e+33
#ERR p: [70, 1786], r: 2.1074337365853064e+34, e: 8.4297349463412257e+34
#ERR p: [70, 1787], r: -2.3783397973319046e+33, e: -9.5133591893276185e+33
#ERR p: [70, 1788], r: 7.4339621318318166e+33, e: 2.9735848527327266e+34
#ERR p: [70, 1789], r: -1.0692340003051969e+34, e: -4.2769360012207876e+34
#ERR p: [70, 1790], r: -1.5319817070642076e+34, e: -6.1279268282568303e+34
#ERR p: [70, 1791], r: -5.1253915332775399e+33, e: -2.0501566133110160e+34
#ERR p: [70, 2656], r: 9.1390379817291563e+31, e: 3.6556151926916625e+32
#ERR p: [70, 2657], r: -9.3839973333078223e+33, e: -3.7535989333231289e+34
#ERR p: [70, 2658], r: 1.2795465061280522e+34, e: 5.1181860245122088e+34
#ERR p: [70, 2659], r: -8.5619288399549808e+33, e: -3.4247715359819923e+34
#ERR p: [70, 2660], r: 4.6254179995229709e+32, e: 1.8501671998091884e+33
#ERR p: [70, 2661], r: 7.3868740439960836e+33, e: 2.9547496175984334e+34
#ERR p: [70, 2662], r: 5.2517037482717276e+33, e: 2.1006814993086910e+34
#ERR p: [70, 2663], r: 6.5875681429374121e+32, e: 2.6350272571749648e+33
#ERR p: [70, 2664], r: 1.7234885025608897e+34, e: 6.8939540102435589e+34
#ERR p: [70, 2665], r: 1.3136238040358183e+34, e: 5.2544952161432732e+34
#ERR p: [70, 2666], r: -4.4641115523506172e+33, e: -1.7856446209402469e+34
#ERR p: [70, 2667], r: 1.2599828298152128e+33, e: 5.0399313192608513e+33
#ERR p: [70, 2668], r: 2.7521530925254322e+33, e: 1.1008612370101729e+34
#ERR p: [70, 2669], r: -1.0022630493709611e+34, e: -4.0090521974838443e+34
#ERR p: [70, 2670], r: -9.9644778419698133e+33, e: -3.9857911367879253e+34
#ERR p: [70, 2671], r: -6.2027416434635312e+33, e: -2.4810966573854125e+34
#ERR p: [70, 2672], r: 3.5022573594522719e+33, e: 1.4009029437809088e+34
#ERR p: [70, 2673], r: -5.7399061360421706e+33, e: -2.2959624544168682e+34
#ERR p: [70, 2674], r: -1.2753393477933815e+34, e: -5.1013573911735259e+34
#ERR p: [70, 2675], r: -1.3473381752062763e+33, e: -5.3893527008251053e+33
#ERR p: [70, 2676], r: -1.5103642669147934e+33, e: -6.0414570676591737e+33
#ERR p: [70, 2677], r: 2.0293069629703406e+33, e: 8.1172278518813624e+33
#ERR p: [70, 2678], r: 2.0425997056824726e+33, e: 8.1703988227298904e+33
#ERR p: [70, 2679], r: 3.1077948712084057e+33, e: 1.2431179484833623e+34
#ERR p: [70, 2680], r: 7.6869523120772009e+33, e: 3.0747809248308804e+34
#ERR p: [70, 2681], r: 8.8180654535812557e+33, e: 3.5272261814325023e+34
#ERR p: [70, 2682], r: 4.5436538836323833e+33, e: 1.8174615534529533e+34
#ERR p: [70, 2683], r: -8.6934383837446644e+33, e: -3.4773753534978658e+34
#ERR p: [70, 2684], r: -3.5945696837430887e+33, e: -1.4378278734972355e+34
#ERR p: [70, 2685], r: -9.4002157183377729e+33, e: -3.7600862873351092e+34
#ERR p: [70, 2686], r: 5.1883584894872098e+33, e: 2.0753433957948839e+34
#ERR p: [70, 2687], r: -4.7514631237629007e+33, e: -1.9005852495051603e+34
#ERR p: [71, 1760], r: 1.8075200332360658e+34, e: 7.2300801329442633e+34
#ERR p: [71, 1761], r: -3.6142420312914614e+33, e: -1.4456968125165846e+34
#ERR p: [71, 1762], r: 6.7996456798812605e+32, e: 2.7198582719525042e+33
#ERR p: [71, 1763], r: -3.3003264386490646e+33, e: -1.3201305754596259e+34
#ERR p: [71, 1764], r: 4.8254013143320465e+32, e: 1.9301605257328186e+33
#ERR p: [71, 1765], r: 1.4960487392045210e+33, e: 5.9841949568180842e+33
#ERR p: [71, 1766], r: 6.0716209943233342e+33, e: 2.4286483977293337e+34
#ERR p: [71, 1767], r: 6.4612821856326892e+33, e: 2.5845128742530757e+34
#ERR p: [71, 1768], r: -1.2685836023026643e+33, e: -5.0743344092106571e+33
#ERR p: [71, 1769], r: -9.9400443087091009e+33, e: -3.9760177234836403e+34
#ERR p: [71, 1770], r: -2.1180692164212207e+33, e: -8.4722768656848826e+33
#ERR p: [71, 1771], r: 1.4288478952196959e+34, e: 5.7153915808787838e+34
#ERR p: [71, 1772], r: 1.8746565569533038e+34, e: 7.4986262278132152e+34
#ERR p: [71, 1773], r: 5.8308740095594499e+32, e: 2.3323496038237800e+33
#ERR p: [71, 1774], r: -8.8905014679208991e+33, e: -3.5562005871683596e+34
#ERR p: [71, 1775], r: 4.2088660564699626e+33, e: 1.6835464225879850e+34
#ERR p: [71, 1776], r: 1.7613304080189533e+33, e: 7.0453216320758130e+33
#ERR p: [71, 1777], r: 3.0439485025226251e+33, e: 1.2175794010090500e+34
#ERR p: [71, 1778], r: 1.3523734893142512e+34, e: 5.4094939572570047e+34
#ERR p: [71, 1779], r: 1.6079559982256839e+33, e: 6.4318239929027355e+33
#ERR p: [71, 1780], r: -1.3317494832469195e+34, e: -5.3269979329876780e+34
#ERR p: [71, 1781], r: 8.3612744539400355e+33, e: 3.3445097815760142e+34
#ERR p: [71, 1782], r: 9.9912646750318530e+33, e: 3.9965058700127412e+34
#ERR p: [71, 1783], r: 4.8587123667555495e+33, e: 1.9434849467022198e+34
#ERR p: [71, 1784], r: 5.5266065768353642e+33, e: 2.2106426307341457e+34
#ERR p: [71, 1785], r: 3.3492354141789890e+33, e: 1.3396941656715956e+34
#ERR p: [71, 1786], r: 7.7497320922108215e+33, e: 3.0998928368843286e+34
#ERR p: [71, 1787], r: 5.9826662052328364e+33, e: 2.3930664820931346e+34
#ERR p: [71, 1788], r: -3.1258102164482615e+33, e: -1.2503240865793046e+34
#ERR p: [71, 1789], r: -4.2704382175022694e+33, e: -1.7081752870009078e+34
#ERR p: [71, 1790], r: 8.9451243803016518e+33, e: 3.5780497521206607e+34
#ERR p: [71, 1791], r: -6.9241013746608258e+33, e: -2.7696405498643303e+34
#ERR p: [71, 2656], r: 1.0186951471875796e+33, e: 4.0747805887503185e+33
#ERR p: [71, 2657], r: 2.3041815800362041e+33, e: 9.2167263201448164e+33
#ERR p: [71, 2658], r: 1.0324518169016459e+34, e: 4.1298072676065837e+34
#ERR p: [71, 2659], r: 8.5609308692274150e+33, e: 3.4243723476909660e+34
#ERR p: [71, 2660], r: 7.9149247841369549e+33, e: 3.1659699136547820e+34
#ERR p: [71, 2661], r: 7.1570937575076858e+33, e: 2.8628375030030743e+34
#ERR p: [71, 2662], r: 5.0970799291090554e+33, e: 2.0388319716436221e+34
#ERR p: [71, 2663], r: -1.3137463143906110e+34, e: -5.2549852575624441e+34
#ERR p: [71, 2664], r: 1.9894235432137179e+34, e: 7.9576941728548716e+34
#ERR p: [71, 2665], r: -2.8590694870079369e+32, e: -1.1436277948031748e+33
#ERR p: [71, 2666], r: 8.0296617815800085e+33, e: 3.2118647126320034e+34
#ERR p: [71, 2667], r: 5.8089135064092576e+32, e: 2.3235654025637030e+33
#ERR p: [71, 2668], r: -1.0342714557041747e+34, e: -4.1370858228166988e+34
#ERR p: [71, 2669], r: 1.7381852131793630e+34, e: 6.9527408527174519e+34
#ERR p: [71, 2670], r: -1.4960693402200457e+34, e: -5.9842773608801826e+34
#ERR p: [71, 2671], r: 8.5976402736599376e+33, e: 3.4390561094639751e+34
#ERR p: [71, 2672], r: -1.0264921497191304e+34, e: -4.1059685988765217e+34
#ERR p: [71, 2673], r: 2.8173200358257086e+33, e: 1.1269280143302835e+34
#ERR p: [71, 2674], r: 5.6851027411179245e+33, e: 2.2740410964471698e+34
#ERR p: [71, 2675], r: 6.8807956856121809e+33, e: 2.7523182742448724e+34
#SDC Ite:55 KerTime:0.371936 AccTime:20.566397 KerErr:98304 AccErr:98305
#ABORT too many errors per iteration
#END