#HEADER iterations: 1000 img_list: /home/carol/radiation-benchmarks/data/networks_img_list/voc.2012.1K.txt board: K40
#BEGIN Y:2016 M:12 D:14 Time:17:30:56
#IT Ite:0 KerTime:0.123257 AccTime:0.123257
#IT Ite:1 KerTime:0.110636 AccTime:0.233893
#IT Ite:2 KerTime:0.120365 AccTime:0.354258
#IT Ite:3 KerTime:0.116440 AccTime:0.470698
#IT Ite:4 KerTime:0.116744 AccTime:0.587442
#IT Ite:5 KerTime:0.116838 AccTime:0.704280
#IT Ite:6 KerTime:0.116452 AccTime:0.820732
#IT Ite:7 KerTime:0.116299 AccTime:0.937031
#IT Ite:8 KerTime:0.118847 AccTime:1.055878
#IT Ite:9 KerTime:0.126093 AccTime:1.181971
#IT Ite:10 KerTime:0.118219 AccTime:1.300190
#IT Ite:11 KerTime:0.118642 AccTime:1.418832
#IT Ite:12 KerTime:0.125745 AccTime:1.544577
#IT Ite:13 KerTime:0.115227 AccTime:1.659804
#IT Ite:14 KerTime:0.115264 AccTime:1.775068
#IT Ite:15 KerTime:0.113998 AccTime:1.889066
#IT Ite:16 KerTime:0.121276 AccTime:2.010342
#IT Ite:17 KerTime:0.116884 AccTime:2.127226
#IT Ite:18 KerTime:0.133150 AccTime:2.260376
#IT Ite:19 KerTime:0.118799 AccTime:2.379175
#IT Ite:20 KerTime:0.117955 AccTime:2.497130
#IT Ite:21 KerTime:0.120703 AccTime:2.617833
#IT Ite:22 KerTime:0.126577 AccTime:2.744410
#IT Ite:23 KerTime:0.109109 AccTime:2.853519
#IT Ite:24 KerTime:0.097806 AccTime:2.951325
#IT Ite:25 KerTime:0.117014 AccTime:3.068339
#IT Ite:26 KerTime:0.115385 AccTime:3.183724
#IT Ite:27 KerTime:0.125091 AccTime:3.308815
#IT Ite:28 KerTime:0.119526 AccTime:3.428341
#IT Ite:29 KerTime:0.125553 AccTime:3.553894
#IT Ite:30 KerTime:0.125010 AccTime:3.678904
#IT Ite:31 KerTime:0.111851 AccTime:3.790755
#IT Ite:32 KerTime:0.120392 AccTime:3.911147
#IT Ite:33 KerTime:0.111713 AccTime:4.022860
#IT Ite:34 KerTime:0.118166 AccTime:4.141026
#IT Ite:35 KerTime:0.117448 AccTime:4.258474
#IT Ite:36 KerTime:0.116561 AccTime:4.375035
#IT Ite:37 KerTime:0.120698 AccTime:4.495733
#IT Ite:38 KerTime:0.102389 AccTime:4.598122
#IT Ite:39 KerTime:0.111302 AccTime:4.709424
#IT Ite:40 KerTime:0.118904 AccTime:4.828328
#IT Ite:41 KerTime:0.112884 AccTime:4.941212
#IT Ite:42 KerTime:0.107692 AccTime:5.048904
#IT Ite:43 KerTime:0.116803 AccTime:5.165707
#IT Ite:44 KerTime:0.118424 AccTime:5.284131
#IT Ite:45 KerTime:0.121294 AccTime:5.405425
#IT Ite:46 KerTime:0.111954 AccTime:5.517379
#IT Ite:47 KerTime:0.118139 AccTime:5.635518
#IT Ite:48 KerTime:0.111203 AccTime:5.746721
#IT Ite:49 KerTime:0.118668 AccTime:5.865389
#IT Ite:50 KerTime:0.121370 AccTime:5.986759
#IT Ite:51 KerTime:0.118060 AccTime:6.104819
#IT Ite:52 KerTime:0.118994 AccTime:6.223813
#IT Ite:53 KerTime:0.118796 AccTime:6.342609
#IT Ite:54 KerTime:0.116275 AccTime:6.458884
#IT Ite:55 KerTime:0.118620 AccTime:6.577504
#IT Ite:56 KerTime:0.117545 AccTime:6.695049
#IT Ite:57 KerTime:0.121864 AccTime:6.816913
#IT Ite:58 KerTime:0.116082 AccTime:6.932995
#IT Ite:59 KerTime:0.116345 AccTime:7.049340
#IT Ite:60 KerTime:0.120604 AccTime:7.169944
#IT Ite:61 KerTime:0.116977 AccTime:7.286921
#IT Ite:62 KerTime:0.125749 AccTime:7.412670
#IT Ite:63 KerTime:0.125866 AccTime:7.538536
#IT Ite:64 KerTime:0.120831 AccTime:7.659367
#IT Ite:65 KerTime:0.125946 AccTime:7.785313
#IT Ite:66 KerTime:0.122992 AccTime:7.908305
#IT Ite:67 KerTime:0.117626 AccTime:8.025931
#IT Ite:68 KerTime:0.114742 AccTime:8.140673
#IT Ite:69 KerTime:0.116250 AccTime:8.256923
#IT Ite:70 KerTime:0.109821 AccTime:8.366744
#IT Ite:71 KerTime:0.108637 AccTime:8.475381
#IT Ite:72 KerTime:0.121215 AccTime:8.596596
#IT Ite:73 KerTime:0.131542 AccTime:8.728138
#IT Ite:74 KerTime:0.121116 AccTime:8.849254
#IT Ite:75 KerTime:0.119322 AccTime:8.968576
#IT Ite:76 KerTime:0.119384 AccTime:9.087960
#IT Ite:77 KerTime:0.115051 AccTime:9.203011
#IT Ite:78 KerTime:0.123543 AccTime:9.326554
#IT Ite:79 KerTime:0.115634 AccTime:9.442188
#IT Ite:80 KerTime:0.109918 AccTime:9.552106
#IT Ite:81 KerTime:0.123962 AccTime:9.676068
#IT Ite:82 KerTime:0.118489 AccTime:9.794557
#IT Ite:83 KerTime:0.126064 AccTime:9.920621
#IT Ite:84 KerTime:0.110537 AccTime:10.031158
#IT Ite:85 KerTime:0.119478 AccTime:10.150636
#IT Ite:86 KerTime:0.111899 AccTime:10.262535
#IT Ite:87 KerTime:0.126567 AccTime:10.389102
#IT Ite:88 KerTime:0.118514 AccTime:10.507616
#IT Ite:89 KerTime:0.125726 AccTime:10.633342
#IT Ite:90 KerTime:0.124256 AccTime:10.757598
#IT Ite:91 KerTime:0.125052 AccTime:10.882650
#IT Ite:92 KerTime:0.117347 AccTime:10.999997
#IT Ite:93 KerTime:0.125496 AccTime:11.125493
#IT Ite:94 KerTime:0.108412 AccTime:11.233905
#IT Ite:95 KerTime:0.118760 AccTime:11.352665
#IT Ite:96 KerTime:0.111921 AccTime:11.464586
#IT Ite:97 KerTime:0.120889 AccTime:11.585475
#IT Ite:98 KerTime:0.113012 AccTime:11.698487
#IT Ite:99 KerTime:0.118249 AccTime:11.816736
#IT Ite:100 KerTime:0.121203 AccTime:11.937939
#IT Ite:101 KerTime:0.116608 AccTime:12.054547
#IT Ite:102 KerTime:0.110720 AccTime:12.165267
#IT Ite:103 KerTime:0.117707 AccTime:12.282974
#IT Ite:104 KerTime:0.121061 AccTime:12.404035
#IT Ite:105 KerTime:0.109893 AccTime:12.513928
#IT Ite:106 KerTime:0.121986 AccTime:12.635914
#IT Ite:107 KerTime:0.127364 AccTime:12.763278
#IT Ite:108 KerTime:0.117813 AccTime:12.881091
#IT Ite:109 KerTime:0.127074 AccTime:13.008165
#IT Ite:110 KerTime:0.121442 AccTime:13.129607
#IT Ite:111 KerTime:0.112104 AccTime:13.241711
#IT Ite:112 KerTime:0.108681 AccTime:13.350392
#IT Ite:113 KerTime:0.110979 AccTime:13.461371
#IT Ite:114 KerTime:0.118831 AccTime:13.580202
#IT Ite:115 KerTime:0.106021 AccTime:13.686223
#IT Ite:116 KerTime:0.117729 AccTime:13.803952
#IT Ite:117 KerTime:0.121579 AccTime:13.925531
#IT Ite:118 KerTime:0.120552 AccTime:14.046083
#IT Ite:119 KerTime:0.120599 AccTime:14.166682
#IT Ite:120 KerTime:0.127079 AccTime:14.293761
#IT Ite:121 KerTime:0.119156 AccTime:14.412917
#IT Ite:122 KerTime:0.118695 AccTime:14.531612
#IT Ite:123 KerTime:0.116030 AccTime:14.647642
#IT Ite:124 KerTime:0.114305 AccTime:14.761947
#IT Ite:125 KerTime:0.116856 AccTime:14.878803
#IT Ite:126 KerTime:0.119675 AccTime:14.998478
#IT Ite:127 KerTime:0.126425 AccTime:15.124903
#IT Ite:128 KerTime:0.126294 AccTime:15.251197
#IT Ite:129 KerTime:0.116840 AccTime:15.368037
#IT Ite:130 KerTime:0.096991 AccTime:15.465028
#IT Ite:131 KerTime:0.122790 AccTime:15.587818
#IT Ite:132 KerTime:0.120449 AccTime:15.708267
#IT Ite:133 KerTime:0.112560 AccTime:15.820827
#IT Ite:134 KerTime:0.126037 AccTime:15.946864
#IT Ite:135 KerTime:0.109142 AccTime:16.056006
#IT Ite:136 KerTime:0.117101 AccTime:16.173107
#IT Ite:137 KerTime:0.113434 AccTime:16.286541
#IT Ite:138 KerTime:0.126305 AccTime:16.412846
#IT Ite:139 KerTime:0.112831 AccTime:16.525677
#IT Ite:140 KerTime:0.127312 AccTime:16.652989
#IT Ite:141 KerTime:0.126224 AccTime:16.779213
#IT Ite:142 KerTime:0.117927 AccTime:16.897140
#IT Ite:143 KerTime:0.126656 AccTime:17.023796
#IT Ite:144 KerTime:0.120612 AccTime:17.144408
#IT Ite:145 KerTime:0.111938 AccTime:17.256346
#IT Ite:146 KerTime:0.112700 AccTime:17.369046
#IT Ite:147 KerTime:0.112999 AccTime:17.482045
#IT Ite:148 KerTime:0.123850 AccTime:17.605895
#IT Ite:149 KerTime:0.116675 AccTime:17.722570
#IT Ite:150 KerTime:0.102823 AccTime:17.825393
#IT Ite:151 KerTime:0.113464 AccTime:17.938857
#IT Ite:152 KerTime:0.111311 AccTime:18.050168
#IT Ite:153 KerTime:0.119243 AccTime:18.169411
#IT Ite:154 KerTime:0.099008 AccTime:18.268419
#IT Ite:155 KerTime:0.120294 AccTime:18.388713
#IT Ite:156 KerTime:0.117197 AccTime:18.505910
#IT Ite:157 KerTime:0.118544 AccTime:18.624454
#IT Ite:158 KerTime:0.126542 AccTime:18.750996
#IT Ite:159 KerTime:0.119398 AccTime:18.870394
#IT Ite:160 KerTime:0.118492 AccTime:18.988886
#IT Ite:161 KerTime:0.120750 AccTime:19.109636
#IT Ite:162 KerTime:0.105749 AccTime:19.215385
#IT Ite:163 KerTime:0.112478 AccTime:19.327863
#IT Ite:164 KerTime:0.111242 AccTime:19.439105
#IT Ite:165 KerTime:0.118640 AccTime:19.557745
#IT Ite:166 KerTime:0.105471 AccTime:19.663216
#IT Ite:167 KerTime:0.126929 AccTime:19.790145
#IT Ite:168 KerTime:0.103918 AccTime:19.894063
#IT Ite:169 KerTime:0.120523 AccTime:20.014586
#IT Ite:170 KerTime:0.120516 AccTime:20.135102
#IT Ite:171 KerTime:0.122273 AccTime:20.257375
#IT Ite:172 KerTime:0.118909 AccTime:20.376284
#IT Ite:173 KerTime:0.118046 AccTime:20.494330
#IT Ite:174 KerTime:0.107959 AccTime:20.602289
#IT Ite:175 KerTime:0.112944 AccTime:20.715233
#IT Ite:176 KerTime:0.111387 AccTime:20.826620
#IT Ite:177 KerTime:0.125786 AccTime:20.952406
#IT Ite:178 KerTime:0.117427 AccTime:21.069833
#IT Ite:179 KerTime:0.119409 AccTime:21.189242
#IT Ite:180 KerTime:0.121293 AccTime:21.310535
#IT Ite:181 KerTime:0.115447 AccTime:21.425982
#IT Ite:182 KerTime:0.127056 AccTime:21.553038
#IT Ite:183 KerTime:0.118545 AccTime:21.671583
#IT Ite:184 KerTime:0.116572 AccTime:21.788155
#IT Ite:185 KerTime:0.127973 AccTime:21.916128
#IT Ite:186 KerTime:0.125613 AccTime:22.041741
#IT Ite:187 KerTime:0.117816 AccTime:22.159557
#IT Ite:188 KerTime:0.115929 AccTime:22.275486
#IT Ite:189 KerTime:0.128489 AccTime:22.403975
#IT Ite:190 KerTime:0.112319 AccTime:22.516294
#IT Ite:191 KerTime:0.111829 AccTime:22.628123
#IT Ite:192 KerTime:0.119375 AccTime:22.747498
#IT Ite:193 KerTime:0.127291 AccTime:22.874789
#IT Ite:194 KerTime:0.119252 AccTime:22.994041
#IT Ite:195 KerTime:0.131175 AccTime:23.125216
#IT Ite:196 KerTime:0.122915 AccTime:23.248131
#IT Ite:197 KerTime:0.112338 AccTime:23.360469
#IT Ite:198 KerTime:0.127985 AccTime:23.488454
#IT Ite:199 KerTime:0.116730 AccTime:23.605184
#IT Ite:200 KerTime:0.119867 AccTime:23.725051
#IT Ite:201 KerTime:0.126325 AccTime:23.851376
#IT Ite:202 KerTime:0.109627 AccTime:23.961003
#IT Ite:203 KerTime:0.113825 AccTime:24.074828
#IT Ite:204 KerTime:0.118209 AccTime:24.193037
#IT Ite:205 KerTime:0.120283 AccTime:24.313320
#IT Ite:206 KerTime:0.119205 AccTime:24.432525
#IT Ite:207 KerTime:0.115678 AccTime:24.548203
#IT Ite:208 KerTime:0.127480 AccTime:24.675683
#IT Ite:209 KerTime:0.119628 AccTime:24.795311
#IT Ite:210 KerTime:0.112633 AccTime:24.907944
#IT Ite:211 KerTime:0.100839 AccTime:25.008783
#IT Ite:212 KerTime:0.121030 AccTime:25.129813
#IT Ite:213 KerTime:0.117392 AccTime:25.247205
#IT Ite:214 KerTime:0.112755 AccTime:25.359960
#IT Ite:215 KerTime:0.114376 AccTime:25.474336
#IT Ite:216 KerTime:0.112720 AccTime:25.587056
#IT Ite:217 KerTime:0.119236 AccTime:25.706292
#IT Ite:218 KerTime:0.127341 AccTime:25.833633
#IT Ite:219 KerTime:0.116782 AccTime:25.950415
#IT Ite:220 KerTime:0.125699 AccTime:26.076114
#IT Ite:221 KerTime:0.117253 AccTime:26.193367
#IT Ite:222 KerTime:0.111491 AccTime:26.304858
#IT Ite:223 KerTime:0.117187 AccTime:26.422045
#IT Ite:224 KerTime:0.117798 AccTime:26.539843
#IT Ite:225 KerTime:0.126751 AccTime:26.666594
#IT Ite:226 KerTime:0.120838 AccTime:26.787432
#IT Ite:227 KerTime:0.120432 AccTime:26.907864
#IT Ite:228 KerTime:0.126547 AccTime:27.034411
#IT Ite:229 KerTime:0.112610 AccTime:27.147021
#IT Ite:230 KerTime:0.118389 AccTime:27.265410
#IT Ite:231 KerTime:0.119741 AccTime:27.385151
#IT Ite:232 KerTime:0.117978 AccTime:27.503129
#IT Ite:233 KerTime:0.126928 AccTime:27.630057
#IT Ite:234 KerTime:0.116400 AccTime:27.746457
#IT Ite:235 KerTime:0.125921 AccTime:27.872378
#IT Ite:236 KerTime:0.116622 AccTime:27.989000
#IT Ite:237 KerTime:0.116593 AccTime:28.105593
#ERR img_name: /home/carol/radiation-benchmarks/data/VOC2012/2011_001997.jpg class: aeroplane box: [27] x1_e: 40.9883270264 x1_r: 40.986076355 y1_e: 226.83946228 y1_r: 226.839309692 x2_e: 98.7296905518 x2_r: 98.734703064 y2_e: 262.760925293 y2_r: 262.764892578 
#SDC Ite:237 KerTime:0.116593 AccTime:28.105593 KerErr:1 AccErr:1
#IT Ite:238 KerTime:0.118159 AccTime:28.223752
#IT Ite:239 KerTime:0.118463 AccTime:28.342215
#ERR img_name: /home/carol/radiation-benchmarks/data/VOC2012/2012_000141.jpg class: motorbike box: [36] x1_e: 41.3501434326 x1_r: 41.3495635986 y1_e: 205.950149536 y1_r: 205.956176758 x2_e: 385.700073242 x2_r: 385.698730469 y2_e: 363.245056152 y2_r: 363.24609375 
#ERR img_name: /home/carol/radiation-benchmarks/data/VOC2012/2012_000141.jpg class: sofa box: [27] x1_e: 74.6762161255 x1_r: 152.373092651 y1_e: 263.625488281 y1_r: 141.65725708 x2_e: 183.831604004 x2_r: 199.497116089 y2_e: 373.486694336 y2_r: 217.236083984 
#ERR img_name: /home/carol/radiation-benchmarks/data/VOC2012/2012_000141.jpg class: sofa box: [28] x1_e: 152.37310791 x1_r: 74.6763458252 y1_e: 141.65725708 y1_r: 263.626312256 x2_e: 199.49710083 x2_r: 183.829910278 y2_e: 217.236083984 y2_r: 373.487518311 
#ERR img_name: /home/carol/radiation-benchmarks/data/VOC2012/2012_000141.jpg class: dog box: [42] x1_e: 92.8412857056 x1_r: 92.8404006958 y1_e: 222.379104614 y1_r: 222.384552002 x2_e: 339.313873291 x2_r: 339.312438965 y2_e: 350.495910645 y2_r: 350.4972229 
#ERR img_name: /home/carol/radiation-benchmarks/data/VOC2012/2012_000141.jpg class: diningtable box: [1] x1_e: 33.5475311279 x1_r: 33.5471954346 y1_e: 225.194442749 y1_r: 225.199676514 x2_e: 418.74609375 x2_r: 418.744995117 y2_e: 372.42980957 y2_r: 372.430328369 
#ERR exception: error_network_exection error_info:['Traceback (most recent call last):\n', '  File "/home/carol/radiation-benchmarks/src/cuda/py-faster-rcnn/tools/py_faster_rcnn.py", line 477, in <module>\n    error_count = compare(gold_file[im_name], ret, im_name)\n', '  File "/home/carol/radiation-benchmarks/src/cuda/py-faster-rcnn/tools/py_faster_rcnn.py", line 354, in compare\n    error_count += compare_scores(scrListGold, scrListCurr, i, tempImgName)\n', '  File "/home/carol/radiation-benchmarks/src/cuda/py-faster-rcnn/tools/py_faster_rcnn.py", line 305, in compare_scores\n    lh.log_error_detail("img_name: " + str(img_name) + " class: " + str(cls) + "wrong_score_size: " + scrDiff)\n', "TypeError: cannot concatenate 'str' and 'int' objects\n"] XX Inappropriate argument type. XX cannot concatenate 'str' and 'int' objects
#END