#HEADER streams: 1 boxes:10 block_size:192
#BEGIN Y:2016 M:12 D:12 Time:13:28:11
#IT Ite:0 KerTime:0.172955 AccTime:0.172955
#IT Ite:1 KerTime:0.157078 AccTime:0.330033
#IT Ite:2 KerTime:0.145104 AccTime:0.475137
#IT Ite:3 KerTime:0.143385 AccTime:0.618522
#IT Ite:4 KerTime:0.142723 AccTime:0.761245
#IT Ite:5 KerTime:0.141946 AccTime:0.903191
#IT Ite:6 KerTime:0.143177 AccTime:1.046368
#IT Ite:7 KerTime:0.142317 AccTime:1.188685
#IT Ite:8 KerTime:0.142219 AccTime:1.330904
#IT Ite:9 KerTime:0.141805 AccTime:1.472709
#IT Ite:10 KerTime:0.142468 AccTime:1.615177
#IT Ite:11 KerTime:0.142396 AccTime:1.757573
#IT Ite:12 KerTime:0.142368 AccTime:1.899941
#IT Ite:13 KerTime:0.143411 AccTime:2.043352
#IT Ite:14 KerTime:0.142830 AccTime:2.186182
#IT Ite:15 KerTime:0.142515 AccTime:2.328697
#IT Ite:16 KerTime:0.142915 AccTime:2.471612
#IT Ite:17 KerTime:0.142609 AccTime:2.614221
#IT Ite:18 KerTime:0.142487 AccTime:2.756708
#IT Ite:19 KerTime:0.142481 AccTime:2.899189
#IT Ite:20 KerTime:0.142442 AccTime:3.041631
#IT Ite:21 KerTime:0.142889 AccTime:3.184520
#IT Ite:22 KerTime:0.143092 AccTime:3.327612
#IT Ite:23 KerTime:0.143519 AccTime:3.471131
#IT Ite:24 KerTime:0.142308 AccTime:3.613439
#IT Ite:25 KerTime:0.141438 AccTime:3.754877
#IT Ite:26 KerTime:0.142644 AccTime:3.897521
#IT Ite:27 KerTime:0.143072 AccTime:4.040593
#IT Ite:28 KerTime:0.141822 AccTime:4.182415
#IT Ite:29 KerTime:0.143485 AccTime:4.325900
#IT Ite:30 KerTime:0.142117 AccTime:4.468017
#IT Ite:31 KerTime:0.143196 AccTime:4.611213
#IT Ite:32 KerTime:0.142468 AccTime:4.753681
#IT Ite:33 KerTime:0.143533 AccTime:4.897214
#IT Ite:34 KerTime:0.141997 AccTime:5.039211
#IT Ite:35 KerTime:0.142638 AccTime:5.181849
#IT Ite:36 KerTime:0.144237 AccTime:5.326086
#IT Ite:37 KerTime:0.142867 AccTime:5.468953
#IT Ite:38 KerTime:0.143497 AccTime:5.612450
#IT Ite:39 KerTime:0.143077 AccTime:5.755527
#IT Ite:40 KerTime:0.142888 AccTime:5.898415
#IT Ite:41 KerTime:0.143782 AccTime:6.042197
#IT Ite:42 KerTime:0.142856 AccTime:6.185053
#IT Ite:43 KerTime:0.142547 AccTime:6.327600
#IT Ite:44 KerTime:0.143423 AccTime:6.471023
#IT Ite:45 KerTime:0.144143 AccTime:6.615166
#IT Ite:46 KerTime:0.143807 AccTime:6.758973
#IT Ite:47 KerTime:0.143085 AccTime:6.902058
#IT Ite:48 KerTime:0.143116 AccTime:7.045174
#IT Ite:49 KerTime:0.143594 AccTime:7.188768
#IT Ite:50 KerTime:0.143097 AccTime:7.331865
#IT Ite:51 KerTime:0.143481 AccTime:7.475346
#IT Ite:52 KerTime:0.142749 AccTime:7.618095
#IT Ite:53 KerTime:0.144730 AccTime:7.762825
#IT Ite:54 KerTime:0.143732 AccTime:7.906557
#IT Ite:55 KerTime:0.144334 AccTime:8.050891
#IT Ite:56 KerTime:0.143503 AccTime:8.194394
#IT Ite:57 KerTime:0.143388 AccTime:8.337782
#IT Ite:58 KerTime:0.144654 AccTime:8.482436
#IT Ite:59 KerTime:0.143423 AccTime:8.625859
#IT Ite:60 KerTime:0.143111 AccTime:8.768970
#IT Ite:61 KerTime:0.143098 AccTime:8.912068
#IT Ite:62 KerTime:0.144156 AccTime:9.056224
#IT Ite:63 KerTime:0.143919 AccTime:9.200143
#IT Ite:64 KerTime:0.144660 AccTime:9.344803
#IT Ite:65 KerTime:0.143121 AccTime:9.487924
#IT Ite:66 KerTime:0.144682 AccTime:9.632606
#IT Ite:67 KerTime:0.143402 AccTime:9.776008
#IT Ite:68 KerTime:0.145787 AccTime:9.921795
#IT Ite:69 KerTime:0.144830 AccTime:10.066625
#IT Ite:70 KerTime:0.142814 AccTime:10.209439
#IT Ite:71 KerTime:0.143798 AccTime:10.353237
#IT Ite:72 KerTime:0.142935 AccTime:10.496172
#IT Ite:73 KerTime:0.143802 AccTime:10.639974
#IT Ite:74 KerTime:0.143442 AccTime:10.783416
#IT Ite:75 KerTime:0.142923 AccTime:10.926339
#IT Ite:76 KerTime:0.144476 AccTime:11.070815
#IT Ite:77 KerTime:0.143829 AccTime:11.214644
#IT Ite:78 KerTime:0.143864 AccTime:11.358508
#IT Ite:79 KerTime:0.143459 AccTime:11.501967
#IT Ite:80 KerTime:0.143354 AccTime:11.645321
#IT Ite:81 KerTime:0.143083 AccTime:11.788404
#IT Ite:82 KerTime:0.142953 AccTime:11.931357
#IT Ite:83 KerTime:0.143486 AccTime:12.074843
#IT Ite:84 KerTime:0.143109 AccTime:12.217952
#IT Ite:85 KerTime:0.144137 AccTime:12.362089
#IT Ite:86 KerTime:0.142382 AccTime:12.504471
#IT Ite:87 KerTime:0.143227 AccTime:12.647698
#IT Ite:88 KerTime:0.143111 AccTime:12.790809
#IT Ite:89 KerTime:0.143128 AccTime:12.933937
#IT Ite:90 KerTime:0.143171 AccTime:13.077108
#IT Ite:91 KerTime:0.144159 AccTime:13.221267
#IT Ite:92 KerTime:0.144620 AccTime:13.365887
#IT Ite:93 KerTime:0.143682 AccTime:13.509569
#IT Ite:94 KerTime:0.142095 AccTime:13.651664
#IT Ite:95 KerTime:0.144179 AccTime:13.795843
#IT Ite:96 KerTime:0.143123 AccTime:13.938966
#IT Ite:97 KerTime:0.142424 AccTime:14.081390
#IT Ite:98 KerTime:0.144865 AccTime:14.226255
#IT Ite:99 KerTime:0.142803 AccTime:14.369058
#IT Ite:100 KerTime:0.142401 AccTime:14.511459
#IT Ite:101 KerTime:0.143446 AccTime:14.654905
#IT Ite:102 KerTime:0.143137 AccTime:14.798042
#IT Ite:103 KerTime:0.142572 AccTime:14.940614
#IT Ite:104 KerTime:0.143128 AccTime:15.083742
#IT Ite:105 KerTime:0.143535 AccTime:15.227277
#IT Ite:106 KerTime:0.143783 AccTime:15.371060
#IT Ite:107 KerTime:0.142744 AccTime:15.513804
#IT Ite:108 KerTime:0.144176 AccTime:15.657980
#IT Ite:109 KerTime:0.144164 AccTime:15.802144
#IT Ite:110 KerTime:0.142933 AccTime:15.945077
#IT Ite:111 KerTime:0.145204 AccTime:16.090281
#IT Ite:112 KerTime:0.143022 AccTime:16.233303
#IT Ite:113 KerTime:0.143947 AccTime:16.377250
#IT Ite:114 KerTime:0.142996 AccTime:16.520246
#IT Ite:115 KerTime:0.144137 AccTime:16.664383
#IT Ite:116 KerTime:0.143501 AccTime:16.807884
#IT Ite:117 KerTime:0.143813 AccTime:16.951697
#IT Ite:118 KerTime:0.144142 AccTime:17.095839
#IT Ite:119 KerTime:0.143554 AccTime:17.239393
#IT Ite:120 KerTime:0.145132 AccTime:17.384525
#IT Ite:121 KerTime:0.143107 AccTime:17.527632
#IT Ite:122 KerTime:0.143333 AccTime:17.670965
#IT Ite:123 KerTime:0.143548 AccTime:17.814513
#IT Ite:124 KerTime:0.142023 AccTime:17.956536
#IT Ite:125 KerTime:0.143460 AccTime:18.099996
#IT Ite:126 KerTime:0.143619 AccTime:18.243615
#IT Ite:127 KerTime:0.143453 AccTime:18.387068
#IT Ite:128 KerTime:0.143711 AccTime:18.530779
#IT Ite:129 KerTime:0.142800 AccTime:18.673579
#IT Ite:130 KerTime:0.144164 AccTime:18.817743
#ERR stream: 0, p: [191286], ea: 4, v_r: 1.4051301071937182e+03, v_e: 1.4051301071937182e+03, x_r: -4.5411790012102387e+02, x_e: -4.5411790012102387e+02, y_r: 8.6626647739808845e+02, y_e: 8.6626647739808845e+02, z_r: 3.4111521513577219e+02, z_e: 3.4111521513577219e+02

#ERR stream: 0, p: [93238], ea: 0, v_r: 2.4797635335953701e+03, v_e: 2.4797642434817922e+03, x_r: -3.4104239055520890e+02, x_e: -3.4104249908563565e+02, y_r: -2.2552987014515379e+03, y_e: -2.2552993436334091e+03, z_r: 1.0844203961873752e+03, z_e: 1.0844253933107680e+03

#ERR stream: 0, p: [141504], ea: 0, v_r: 2.1702970380455363e+03, v_e: 2.1702970380455363e+03, x_r: -6.6656577025257855e+02, x_e: -6.6656577025257855e+02, y_r: -1.9704361774009783e+03, y_e: -1.9704361774009783e+03, z_r: -7.0941290428685534e+02, z_e: -7.0941290428685534e+02

#SDC Ite:130 KerTime:0.144164 AccTime:18.817743 KerErr:3 AccErr:3
#IT Ite:131 KerTime:0.143464 AccTime:18.961207
#IT Ite:132 KerTime:0.144772 AccTime:19.105979
#IT Ite:133 KerTime:0.145185 AccTime:19.251164
#IT Ite:134 KerTime:0.145183 AccTime:19.396347
#IT Ite:135 KerTime:0.144774 AccTime:19.541121
#IT Ite:136 KerTime:0.145891 AccTime:19.687012
#IT Ite:137 KerTime:0.145040 AccTime:19.832052
#IT Ite:138 KerTime:0.144108 AccTime:19.976160
#IT Ite:139 KerTime:0.144103 AccTime:20.120263
#IT Ite:140 KerTime:0.144814 AccTime:20.265077
#IT Ite:141 KerTime:0.144369 AccTime:20.409446
#IT Ite:142 KerTime:0.144510 AccTime:20.553956
#IT Ite:143 KerTime:0.144413 AccTime:20.698369
#IT Ite:144 KerTime:0.144440 AccTime:20.842809
#IT Ite:145 KerTime:0.143468 AccTime:20.986277
#IT Ite:146 KerTime:0.145130 AccTime:21.131407
#IT Ite:147 KerTime:0.144905 AccTime:21.276312
#IT Ite:148 KerTime:0.145138 AccTime:21.421450
#IT Ite:149 KerTime:0.144602 AccTime:21.566052
#IT Ite:150 KerTime:0.145833 AccTime:21.711885
#IT Ite:151 KerTime:0.144756 AccTime:21.856641
#IT Ite:152 KerTime:0.145051 AccTime:22.001692
#IT Ite:153 KerTime:0.144394 AccTime:22.146086
#IT Ite:154 KerTime:0.145142 AccTime:22.291228
#IT Ite:155 KerTime:0.144503 AccTime:22.435731
#IT Ite:156 KerTime:0.144444 AccTime:22.580175
#IT Ite:157 KerTime:0.145301 AccTime:22.725476
#IT Ite:158 KerTime:0.144020 AccTime:22.869496
#IT Ite:159 KerTime:0.144095 AccTime:23.013591
#IT Ite:160 KerTime:0.143070 AccTime:23.156661
#IT Ite:161 KerTime:0.144473 AccTime:23.301134
#IT Ite:162 KerTime:0.144147 AccTime:23.445281
#IT Ite:163 KerTime:0.146475 AccTime:23.591756
#IT Ite:164 KerTime:0.143570 AccTime:23.735326
#IT Ite:165 KerTime:0.143666 AccTime:23.878992
#IT Ite:166 KerTime:0.144708 AccTime:24.023700
#IT Ite:167 KerTime:0.145116 AccTime:24.168816
#IT Ite:168 KerTime:0.144113 AccTime:24.312929
#IT Ite:169 KerTime:0.146534 AccTime:24.459463
#IT Ite:170 KerTime:0.144432 AccTime:24.603895
#IT Ite:171 KerTime:0.143445 AccTime:24.747340
#IT Ite:172 KerTime:0.145266 AccTime:24.892606
#IT Ite:173 KerTime:0.145582 AccTime:25.038188
#IT Ite:174 KerTime:0.145892 AccTime:25.184080
#IT Ite:175 KerTime:0.146528 AccTime:25.330608
#IT Ite:176 KerTime:0.144474 AccTime:25.475082
#IT Ite:177 KerTime:0.144433 AccTime:25.619515
#IT Ite:178 KerTime:0.144208 AccTime:25.763723
#IT Ite:179 KerTime:0.146144 AccTime:25.909867
#IT Ite:180 KerTime:0.144403 AccTime:26.054270
#IT Ite:181 KerTime:0.144821 AccTime:26.199091
#IT Ite:182 KerTime:0.144833 AccTime:26.343924
#IT Ite:183 KerTime:0.143271 AccTime:26.487195
#IT Ite:184 KerTime:0.144416 AccTime:26.631611
#IT Ite:185 KerTime:0.145071 AccTime:26.776682
#IT Ite:186 KerTime:0.144467 AccTime:26.921149
#IT Ite:187 KerTime:0.144495 AccTime:27.065644
#IT Ite:188 KerTime:0.144958 AccTime:27.210602
#IT Ite:189 KerTime:0.143899 AccTime:27.354501
#IT Ite:190 KerTime:0.143399 AccTime:27.497900
#IT Ite:191 KerTime:0.145816 AccTime:27.643716
#IT Ite:192 KerTime:0.145207 AccTime:27.788923
#IT Ite:193 KerTime:0.143761 AccTime:27.932684
#IT Ite:194 KerTime:0.145618 AccTime:28.078302
#IT Ite:195 KerTime:0.144674 AccTime:28.222976
#IT Ite:196 KerTime:0.144407 AccTime:28.367383
#IT Ite:197 KerTime:0.144076 AccTime:28.511459
#IT Ite:198 KerTime:0.144043 AccTime:28.655502
#IT Ite:199 KerTime:0.145269 AccTime:28.800771
#IT Ite:200 KerTime:0.145250 AccTime:28.946021
#IT Ite:201 KerTime:0.145122 AccTime:29.091143
#IT Ite:202 KerTime:0.144535 AccTime:29.235678
#IT Ite:203 KerTime:0.146703 AccTime:29.382381
#IT Ite:204 KerTime:0.143382 AccTime:29.525763
#IT Ite:205 KerTime:0.144795 AccTime:29.670558
#IT Ite:206 KerTime:0.144077 AccTime:29.814635
#IT Ite:207 KerTime:0.144469 AccTime:29.959104
#IT Ite:208 KerTime:0.144529 AccTime:30.103633
#IT Ite:209 KerTime:0.144032 AccTime:30.247665
#IT Ite:210 KerTime:0.145580 AccTime:30.393245
#IT Ite:211 KerTime:0.143922 AccTime:30.537167
#IT Ite:212 KerTime:0.143706 AccTime:30.680873
#IT Ite:213 KerTime:0.145247 AccTime:30.826120
#IT Ite:214 KerTime:0.145053 AccTime:30.971173
#IT Ite:215 KerTime:0.143500 AccTime:31.114673
#IT Ite:216 KerTime:0.143031 AccTime:31.257704
#IT Ite:217 KerTime:0.143162 AccTime:31.400866
#IT Ite:218 KerTime:0.144769 AccTime:31.545635
#IT Ite:219 KerTime:0.144198 AccTime:31.689833
#IT Ite:220 KerTime:0.143073 AccTime:31.832906
#IT Ite:221 KerTime:0.144066 AccTime:31.976972
#IT Ite:222 KerTime:0.144550 AccTime:32.121522
#IT Ite:223 KerTime:0.145077 AccTime:32.266599
#IT Ite:224 KerTime:0.145071 AccTime:32.411670
#IT Ite:225 KerTime:0.145410 AccTime:32.557080
#IT Ite:226 KerTime:0.144094 AccTime:32.701174
#IT Ite:227 KerTime:0.145439 AccTime:32.846613
#IT Ite:228 KerTime:0.144725 AccTime:32.991338
#IT Ite:229 KerTime:0.144065 AccTime:33.135403
#IT Ite:230 KerTime:0.144289 AccTime:33.279692
#IT Ite:231 KerTime:0.144083 AccTime:33.423775
#IT Ite:232 KerTime:0.145111 AccTime:33.568886
#IT Ite:233 KerTime:0.144485 AccTime:33.713371
#IT Ite:234 KerTime:0.143721 AccTime:33.857092
#IT Ite:235 KerTime:0.144293 AccTime:34.001385
#IT Ite:236 KerTime:0.144738 AccTime:34.146123
#IT Ite:237 KerTime:0.144584 AccTime:34.290707
#IT Ite:238 KerTime:0.144718 AccTime:34.435425
#IT Ite:239 KerTime:0.144658 AccTime:34.580083
#IT Ite:240 KerTime:0.146242 AccTime:34.726325
#IT Ite:241 KerTime:0.144090 AccTime:34.870415
#IT Ite:242 KerTime:0.145395 AccTime:35.015810
#IT Ite:243 KerTime:0.144101 AccTime:35.159911
#IT Ite:244 KerTime:0.145815 AccTime:35.305726
#IT Ite:245 KerTime:0.144134 AccTime:35.449860
#IT Ite:246 KerTime:0.145155 AccTime:35.595015
#IT Ite:247 KerTime:0.144731 AccTime:35.739746
#IT Ite:248 KerTime:0.144171 AccTime:35.883917
#IT Ite:249 KerTime:0.143307 AccTime:36.027224
#IT Ite:250 KerTime:0.144043 AccTime:36.171267
#IT Ite:251 KerTime:0.144429 AccTime:36.315696
#IT Ite:252 KerTime:0.144772 AccTime:36.460468
#IT Ite:253 KerTime:0.144509 AccTime:36.604977
#IT Ite:254 KerTime:0.144784 AccTime:36.749761
#IT Ite:255 KerTime:0.144375 AccTime:36.894136
#IT Ite:256 KerTime:0.144085 AccTime:37.038221
#IT Ite:257 KerTime:0.144537 AccTime:37.182758
#IT Ite:258 KerTime:0.145849 AccTime:37.328607
#IT Ite:259 KerTime:0.146151 AccTime:37.474758
#IT Ite:260 KerTime:0.144367 AccTime:37.619125
#IT Ite:261 KerTime:0.145563 AccTime:37.764688
#IT Ite:262 KerTime:0.145136 AccTime:37.909824
#IT Ite:263 KerTime:0.145249 AccTime:38.055073
#IT Ite:264 KerTime:0.145354 AccTime:38.200427
#IT Ite:265 KerTime:0.145848 AccTime:38.346275
#IT Ite:266 KerTime:0.146787 AccTime:38.493062
#IT Ite:267 KerTime:0.145131 AccTime:38.638193
#IT Ite:268 KerTime:0.146136 AccTime:38.784329
#IT Ite:269 KerTime:0.145150 AccTime:38.929479
#IT Ite:270 KerTime:0.145461 AccTime:39.074940
#IT Ite:271 KerTime:0.146125 AccTime:39.221065
#IT Ite:272 KerTime:0.146161 AccTime:39.367226
#IT Ite:273 KerTime:0.145416 AccTime:39.512642
#IT Ite:274 KerTime:0.144831 AccTime:39.657473
#IT Ite:275 KerTime:0.146468 AccTime:39.803941
#IT Ite:276 KerTime:0.145450 AccTime:39.949391
#IT Ite:277 KerTime:0.145345 AccTime:40.094736
#IT Ite:278 KerTime:0.144725 AccTime:40.239461
#IT Ite:279 KerTime:0.146161 AccTime:40.385622
#IT Ite:280 KerTime:0.146821 AccTime:40.532443
#IT Ite:281 KerTime:0.145197 AccTime:40.677640
#IT Ite:282 KerTime:0.147226 AccTime:40.824866
#IT Ite:283 KerTime:0.144931 AccTime:40.969797
#IT Ite:284 KerTime:0.145592 AccTime:41.115389
#IT Ite:285 KerTime:0.145493 AccTime:41.260882
#IT Ite:286 KerTime:0.145008 AccTime:41.405890
#IT Ite:287 KerTime:0.145369 AccTime:41.551259
#IT Ite:288 KerTime:0.145103 AccTime:41.696362
#IT Ite:289 KerTime:0.145107 AccTime:41.841469
#IT Ite:290 KerTime:0.145065 AccTime:41.986534
#IT Ite:291 KerTime:0.146408 AccTime:42.132942
#IT Ite:292 KerTime:0.146352 AccTime:42.279294
#IT Ite:293 KerTime:0.145555 AccTime:42.424849
#IT Ite:294 KerTime:0.145447 AccTime:42.570296
#IT Ite:295 KerTime:0.145189 AccTime:42.715485
#IT Ite:296 KerTime:0.145834 AccTime:42.861319
#IT Ite:297 KerTime:0.145169 AccTime:43.006488
#IT Ite:298 KerTime:0.145804 AccTime:43.152292
#IT Ite:299 KerTime:0.145501 AccTime:43.297793
#IT Ite:300 KerTime:0.144695 AccTime:43.442488
#IT Ite:301 KerTime:0.145503 AccTime:43.587991
#IT Ite:302 KerTime:0.145853 AccTime:43.733844
#IT Ite:303 KerTime:0.145889 AccTime:43.879733
#IT Ite:304 KerTime:0.145146 AccTime:44.024879
#IT Ite:305 KerTime:0.146309 AccTime:44.171188
#IT Ite:306 KerTime:0.145141 AccTime:44.316329
#IT Ite:307 KerTime:0.145417 AccTime:44.461746
#IT Ite:308 KerTime:0.146529 AccTime:44.608275
#IT Ite:309 KerTime:0.145153 AccTime:44.753428
#IT Ite:310 KerTime:0.144769 AccTime:44.898197
#IT Ite:311 KerTime:0.143722 AccTime:45.041919
#IT Ite:312 KerTime:0.144981 AccTime:45.186900
#IT Ite:313 KerTime:0.145199 AccTime:45.332099
#IT Ite:314 KerTime:0.144396 AccTime:45.476495
#IT Ite:315 KerTime:0.145233 AccTime:45.621728
#IT Ite:316 KerTime:0.146853 AccTime:45.768581
#IT Ite:317 KerTime:0.145764 AccTime:45.914345
#IT Ite:318 KerTime:0.146454 AccTime:46.060799
#IT Ite:319 KerTime:0.144853 AccTime:46.205652
#IT Ite:320 KerTime:0.145206 AccTime:46.350858
#IT Ite:321 KerTime:0.145231 AccTime:46.496089
#IT Ite:322 KerTime:0.146199 AccTime:46.642288
#IT Ite:323 KerTime:0.144598 AccTime:46.786886
#IT Ite:324 KerTime:0.147710 AccTime:46.934596
#IT Ite:325 KerTime:0.145409 AccTime:47.080005
#IT Ite:326 KerTime:0.145434 AccTime:47.225439
#IT Ite:327 KerTime:0.145141 AccTime:47.370580
#IT Ite:328 KerTime:0.147053 AccTime:47.517633
#IT Ite:329 KerTime:0.144771 AccTime:47.662404
#IT Ite:330 KerTime:0.145388 AccTime:47.807792
#IT Ite:331 KerTime:0.143733 AccTime:47.951525
#IT Ite:332 KerTime:0.144770 AccTime:48.096295
#IT Ite:333 KerTime:0.145169 AccTime:48.241464
#IT Ite:334 KerTime:0.144716 AccTime:48.386180
#IT Ite:335 KerTime:0.146228 AccTime:48.532408
#IT Ite:336 KerTime:0.145236 AccTime:48.677644
#IT Ite:337 KerTime:0.146204 AccTime:48.823848
#IT Ite:338 KerTime:0.145190 AccTime:48.969038
#IT Ite:339 KerTime:0.147626 AccTime:49.116664
#IT Ite:340 KerTime:0.146698 AccTime:49.263362
#IT Ite:341 KerTime:0.145646 AccTime:49.409008
#IT Ite:342 KerTime:0.146521 AccTime:49.555529
#IT Ite:343 KerTime:0.144435 AccTime:49.699964
#IT Ite:344 KerTime:0.145856 AccTime:49.845820
#IT Ite:345 KerTime:0.146157 AccTime:49.991977
#IT Ite:346 KerTime:0.146073 AccTime:50.138050
#IT Ite:347 KerTime:0.145086 AccTime:50.283136
#IT Ite:348 KerTime:0.145791 AccTime:50.428927
#IT Ite:349 KerTime:0.145491 AccTime:50.574418
#IT Ite:350 KerTime:0.145883 AccTime:50.720301
#IT Ite:351 KerTime:0.145506 AccTime:50.865807
#IT Ite:352 KerTime:0.144793 AccTime:51.010600
#IT Ite:353 KerTime:0.145956 AccTime:51.156556
#IT Ite:354 KerTime:0.145827 AccTime:51.302383
#IT Ite:355 KerTime:0.145470 AccTime:51.447853
#IT Ite:356 KerTime:0.145492 AccTime:51.593345
#IT Ite:357 KerTime:0.145199 AccTime:51.738544
#IT Ite:358 KerTime:0.145728 AccTime:51.884272
#IT Ite:359 KerTime:0.146592 AccTime:52.030864
#IT Ite:360 KerTime:0.145396 AccTime:52.176260
#IT Ite:361 KerTime:0.144768 AccTime:52.321028
#IT Ite:362 KerTime:0.146564 AccTime:52.467592
#IT Ite:363 KerTime:0.145563 AccTime:52.613155
#IT Ite:364 KerTime:0.146525 AccTime:52.759680
#IT Ite:365 KerTime:0.145417 AccTime:52.905097
#IT Ite:366 KerTime:0.145486 AccTime:53.050583
#IT Ite:367 KerTime:0.145626 AccTime:53.196209
#IT Ite:368 KerTime:0.145524 AccTime:53.341733
#IT Ite:369 KerTime:0.145194 AccTime:53.486927
#IT Ite:370 KerTime:0.145902 AccTime:53.632829
#IT Ite:371 KerTime:0.146902 AccTime:53.779731
#IT Ite:372 KerTime:0.145321 AccTime:53.925052
#IT Ite:373 KerTime:0.144775 AccTime:54.069827
#IT Ite:374 KerTime:0.145480 AccTime:54.215307
#IT Ite:375 KerTime:0.144934 AccTime:54.360241
#IT Ite:376 KerTime:0.145818 AccTime:54.506059
#IT Ite:377 KerTime:0.145560 AccTime:54.651619
#IT Ite:378 KerTime:0.145428 AccTime:54.797047
#IT Ite:379 KerTime:0.146760 AccTime:54.943807
#IT Ite:380 KerTime:0.145785 AccTime:55.089592
#IT Ite:381 KerTime:0.144492 AccTime:55.234084
#IT Ite:382 KerTime:0.144866 AccTime:55.378950
#IT Ite:383 KerTime:0.144796 AccTime:55.523746
#IT Ite:384 KerTime:0.144480 AccTime:55.668226
#IT Ite:385 KerTime:0.145819 AccTime:55.814045
#IT Ite:386 KerTime:0.144949 AccTime:55.958994
#IT Ite:387 KerTime:0.145227 AccTime:56.104221
#IT Ite:388 KerTime:0.145426 AccTime:56.249647
#IT Ite:389 KerTime:0.145723 AccTime:56.395370
#IT Ite:390 KerTime:0.145816 AccTime:56.541186
#IT Ite:391 KerTime:0.145733 AccTime:56.686919
#IT Ite:392 KerTime:0.145596 AccTime:56.832515
#IT Ite:393 KerTime:0.144560 AccTime:56.977075
#IT Ite:394 KerTime:0.144393 AccTime:57.121468
#IT Ite:395 KerTime:0.145403 AccTime:57.266871
#IT Ite:396 KerTime:0.145487 AccTime:57.412358
#IT Ite:397 KerTime:0.146116 AccTime:57.558474
#IT Ite:398 KerTime:0.145429 AccTime:57.703903
#IT Ite:399 KerTime:0.145432 AccTime:57.849335
#IT Ite:400 KerTime:0.147071 AccTime:57.996406
#IT Ite:401 KerTime:0.145554 AccTime:58.141960
#IT Ite:402 KerTime:0.145150 AccTime:58.287110
#IT Ite:403 KerTime:0.145492 AccTime:58.432602
#IT Ite:404 KerTime:0.145529 AccTime:58.578131
#IT Ite:405 KerTime:0.146550 AccTime:58.724681
#IT Ite:406 KerTime:0.145841 AccTime:58.870522
#IT Ite:407 KerTime:0.144839 AccTime:59.015361
#IT Ite:408 KerTime:0.144363 AccTime:59.159724
#IT Ite:409 KerTime:0.146453 AccTime:59.306177
#IT Ite:410 KerTime:0.145143 AccTime:59.451320
#IT Ite:411 KerTime:0.145519 AccTime:59.596839
#IT Ite:412 KerTime:0.145300 AccTime:59.742139
#IT Ite:413 KerTime:0.145158 AccTime:59.887297
#IT Ite:414 KerTime:0.146547 AccTime:60.033844
#IT Ite:415 KerTime:0.145434 AccTime:60.179278
#IT Ite:416 KerTime:0.144756 AccTime:60.324034
#IT Ite:417 KerTime:0.146216 AccTime:60.470250
#IT Ite:418 KerTime:0.145871 AccTime:60.616121
#IT Ite:419 KerTime:0.145894 AccTime:60.762015
#IT Ite:420 KerTime:0.145667 AccTime:60.907682
#IT Ite:421 KerTime:0.146229 AccTime:61.053911
#IT Ite:422 KerTime:0.145801 AccTime:61.199712
#IT Ite:423 KerTime:0.145422 AccTime:61.345134
#IT Ite:424 KerTime:0.146969 AccTime:61.492103
#IT Ite:425 KerTime:0.146154 AccTime:61.638257
#IT Ite:426 KerTime:0.146054 AccTime:61.784311
#IT Ite:427 KerTime:0.145845 AccTime:61.930156
#IT Ite:428 KerTime:0.146741 AccTime:62.076897
#IT Ite:429 KerTime:0.145912 AccTime:62.222809
#IT Ite:430 KerTime:0.146901 AccTime:62.369710
#IT Ite:431 KerTime:0.146712 AccTime:62.516422
#IT Ite:432 KerTime:0.146792 AccTime:62.663214
#IT Ite:433 KerTime:0.145789 AccTime:62.809003
#IT Ite:434 KerTime:0.145114 AccTime:62.954117
#IT Ite:435 KerTime:0.145029 AccTime:63.099146
#IT Ite:436 KerTime:0.145881 AccTime:63.245027
#IT Ite:437 KerTime:0.145622 AccTime:63.390649
#IT Ite:438 KerTime:0.145177 AccTime:63.535826
#IT Ite:439 KerTime:0.144473 AccTime:63.680299
#IT Ite:440 KerTime:0.145036 AccTime:63.825335
#IT Ite:441 KerTime:0.145464 AccTime:63.970799
#IT Ite:442 KerTime:0.146594 AccTime:64.117393
#IT Ite:443 KerTime:0.146177 AccTime:64.263570
#IT Ite:444 KerTime:0.146790 AccTime:64.410360
#IT Ite:445 KerTime:0.145537 AccTime:64.555897
#IT Ite:446 KerTime:0.145870 AccTime:64.701767
#IT Ite:447 KerTime:0.145173 AccTime:64.846940
#IT Ite:448 KerTime:0.144829 AccTime:64.991769
#IT Ite:449 KerTime:0.145149 AccTime:65.136918
#IT Ite:450 KerTime:0.145196 AccTime:65.282114
#IT Ite:451 KerTime:0.145982 AccTime:65.428096
#IT Ite:452 KerTime:0.145920 AccTime:65.574016
#IT Ite:453 KerTime:0.144901 AccTime:65.718917
#IT Ite:454 KerTime:0.146180 AccTime:65.865097
#IT Ite:455 KerTime:0.145035 AccTime:66.010132
#IT Ite:456 KerTime:0.145969 AccTime:66.156101
#IT Ite:457 KerTime:0.145212 AccTime:66.301313
#IT Ite:458 KerTime:0.145172 AccTime:66.446485
#IT Ite:459 KerTime:0.145929 AccTime:66.592414
#IT Ite:460 KerTime:0.147213 AccTime:66.739627
#IT Ite:461 KerTime:0.147310 AccTime:66.886937
#IT Ite:462 KerTime:0.146642 AccTime:67.033579
#IT Ite:463 KerTime:0.146012 AccTime:67.179591
#IT Ite:464 KerTime:0.145791 AccTime:67.325382
#IT Ite:465 KerTime:0.145530 AccTime:67.470912
#IT Ite:466 KerTime:0.146087 AccTime:67.616999
#IT Ite:467 KerTime:0.145103 AccTime:67.762102
#IT Ite:468 KerTime:0.145576 AccTime:67.907678
#IT Ite:469 KerTime:0.145468 AccTime:68.053146
#IT Ite:470 KerTime:0.145131 AccTime:68.198277
#IT Ite:471 KerTime:0.143801 AccTime:68.342078
#IT Ite:472 KerTime:0.145194 AccTime:68.487272
#IT Ite:473 KerTime:0.145148 AccTime:68.632420
#IT Ite:474 KerTime:0.145520 AccTime:68.777940
#IT Ite:475 KerTime:0.145089 AccTime:68.923029
#IT Ite:476 KerTime:0.145525 AccTime:69.068554
#IT Ite:477 KerTime:0.145524 AccTime:69.214078
#IT Ite:478 KerTime:0.145212 AccTime:69.359290
#IT Ite:479 KerTime:0.146968 AccTime:69.506258
#IT Ite:480 KerTime:0.145184 AccTime:69.651442
#IT Ite:481 KerTime:0.146050 AccTime:69.797492
#IT Ite:482 KerTime:0.146742 AccTime:69.944234
#IT Ite:483 KerTime:0.145524 AccTime:70.089758
#IT Ite:484 KerTime:0.144789 AccTime:70.234547
#IT Ite:485 KerTime:0.145159 AccTime:70.379706
#IT Ite:486 KerTime:0.144417 AccTime:70.524123
#IT Ite:487 KerTime:0.145266 AccTime:70.669389
#IT Ite:488 KerTime:0.144826 AccTime:70.814215
#IT Ite:489 KerTime:0.145171 AccTime:70.959386
#IT Ite:490 KerTime:0.145878 AccTime:71.105264
#IT Ite:491 KerTime:0.146244 AccTime:71.251508
#IT Ite:492 KerTime:0.145653 AccTime:71.397161
#IT Ite:493 KerTime:0.144813 AccTime:71.541974
#IT Ite:494 KerTime:0.146124 AccTime:71.688098
#IT Ite:495 KerTime:0.145637 AccTime:71.833735
#IT Ite:496 KerTime:0.146233 AccTime:71.979968
#IT Ite:497 KerTime:0.146217 AccTime:72.126185
#IT Ite:498 KerTime:0.145533 AccTime:72.271718
#IT Ite:499 KerTime:0.145433 AccTime:72.417151
#IT Ite:500 KerTime:0.147532 AccTime:72.564683
#IT Ite:501 KerTime:0.145081 AccTime:72.709764
#IT Ite:502 KerTime:0.147756 AccTime:72.857520
#IT Ite:503 KerTime:0.146925 AccTime:73.004445
#IT Ite:504 KerTime:0.147934 AccTime:73.152379
#IT Ite:505 KerTime:0.147135 AccTime:73.299514
#IT Ite:506 KerTime:0.145979 AccTime:73.445493
#IT Ite:507 KerTime:0.146474 AccTime:73.591967
#IT Ite:508 KerTime:0.146786 AccTime:73.738753
#IT Ite:509 KerTime:0.146498 AccTime:73.885251
#IT Ite:510 KerTime:0.146870 AccTime:74.032121
#IT Ite:511 KerTime:0.146250 AccTime:74.178371
#IT Ite:512 KerTime:0.146545 AccTime:74.324916
#IT Ite:513 KerTime:0.146681 AccTime:74.471597
#IT Ite:514 KerTime:0.145188 AccTime:74.616785
#IT Ite:515 KerTime:0.146966 AccTime:74.763751
#IT Ite:516 KerTime:0.147597 AccTime:74.911348
#IT Ite:517 KerTime:0.147837 AccTime:75.059185
#IT Ite:518 KerTime:0.146149 AccTime:75.205334
#IT Ite:519 KerTime:0.147115 AccTime:75.352449
#IT Ite:520 KerTime:0.147595 AccTime:75.500044
#IT Ite:521 KerTime:0.146488 AccTime:75.646532
#IT Ite:522 KerTime:0.146807 AccTime:75.793339
#IT Ite:523 KerTime:0.147172 AccTime:75.940511
#IT Ite:524 KerTime:0.146818 AccTime:76.087329
#IT Ite:525 KerTime:0.146800 AccTime:76.234129
#IT Ite:526 KerTime:0.147846 AccTime:76.381975
#IT Ite:527 KerTime:0.146838 AccTime:76.528813
#IT Ite:528 KerTime:0.146132 AccTime:76.674945
#IT Ite:529 KerTime:0.145787 AccTime:76.820732
#IT Ite:530 KerTime:0.146997 AccTime:76.967729
#IT Ite:531 KerTime:0.146602 AccTime:77.114331
#IT Ite:532 KerTime:0.147537 AccTime:77.261868
#IT Ite:533 KerTime:0.146467 AccTime:77.408335
#IT Ite:534 KerTime:0.146705 AccTime:77.555040
#IT Ite:535 KerTime:0.146847 AccTime:77.701887
#IT Ite:536 KerTime:0.145831 AccTime:77.847718
#IT Ite:537 KerTime:0.145782 AccTime:77.993500
#IT Ite:538 KerTime:0.146139 AccTime:78.139639
#IT Ite:539 KerTime:0.146570 AccTime:78.286209
#IT Ite:540 KerTime:0.147579 AccTime:78.433788
#IT Ite:541 KerTime:0.015410 AccTime:78.449198
#ERR error logic:
#END