#HEADER iterations: 1000 img_list: /home/carol/radiation-benchmarks/data/networks_img_list/voc.2012.1K.txt board: K40
#BEGIN Y:2016 M:12 D:14 Time:14:01:01
#IT Ite:0 KerTime:0.118469 AccTime:0.118469
#IT Ite:1 KerTime:0.110243 AccTime:0.228712
#IT Ite:2 KerTime:0.119427 AccTime:0.348139
#IT Ite:3 KerTime:0.118370 AccTime:0.466509
#IT Ite:4 KerTime:0.118175 AccTime:0.584684
#IT Ite:5 KerTime:0.117848 AccTime:0.702532
#IT Ite:6 KerTime:0.117129 AccTime:0.819661
#IT Ite:7 KerTime:0.115894 AccTime:0.935555
#IT Ite:8 KerTime:0.116175 AccTime:1.051730
#IT Ite:9 KerTime:0.127031 AccTime:1.178761
#IT Ite:10 KerTime:0.116785 AccTime:1.295546
#IT Ite:11 KerTime:0.114976 AccTime:1.410522
#IT Ite:12 KerTime:0.125848 AccTime:1.536370
#IT Ite:13 KerTime:0.116814 AccTime:1.653184
#IT Ite:14 KerTime:0.115516 AccTime:1.768700
#IT Ite:15 KerTime:0.111764 AccTime:1.880464
#IT Ite:16 KerTime:0.120939 AccTime:2.001403
#IT Ite:17 KerTime:0.118032 AccTime:2.119435
#IT Ite:18 KerTime:0.131847 AccTime:2.251282
#IT Ite:19 KerTime:0.120029 AccTime:2.371311
#IT Ite:20 KerTime:0.116530 AccTime:2.487841
#IT Ite:21 KerTime:0.118345 AccTime:2.606186
#IT Ite:22 KerTime:0.123488 AccTime:2.729674
#IT Ite:23 KerTime:0.108685 AccTime:2.838359
#IT Ite:24 KerTime:0.099134 AccTime:2.937493
#IT Ite:25 KerTime:0.118564 AccTime:3.056057
#IT Ite:26 KerTime:0.118080 AccTime:3.174137
#IT Ite:27 KerTime:0.126322 AccTime:3.300459
#IT Ite:28 KerTime:0.117272 AccTime:3.417731
#IT Ite:29 KerTime:0.124840 AccTime:3.542571
#IT Ite:30 KerTime:0.122803 AccTime:3.665374
#IT Ite:31 KerTime:0.109801 AccTime:3.775175
#IT Ite:32 KerTime:0.120404 AccTime:3.895579
#IT Ite:33 KerTime:0.113766 AccTime:4.009345
#IT Ite:34 KerTime:0.118465 AccTime:4.127810
#IT Ite:35 KerTime:0.120628 AccTime:4.248438
#IT Ite:36 KerTime:0.118363 AccTime:4.366801
#IT Ite:37 KerTime:0.120893 AccTime:4.487694
#IT Ite:38 KerTime:0.103796 AccTime:4.591490
#IT Ite:39 KerTime:0.110052 AccTime:4.701542
#IT Ite:40 KerTime:0.116855 AccTime:4.818397
#IT Ite:41 KerTime:0.110430 AccTime:4.928827
#IT Ite:42 KerTime:0.109236 AccTime:5.038063
#IT Ite:43 KerTime:0.117372 AccTime:5.155435
#IT Ite:44 KerTime:0.119503 AccTime:5.274938
#IT Ite:45 KerTime:0.122950 AccTime:5.397888
#IT Ite:46 KerTime:0.112957 AccTime:5.510845
#IT Ite:47 KerTime:0.119118 AccTime:5.629963
#IT Ite:48 KerTime:0.111224 AccTime:5.741187
#IT Ite:49 KerTime:0.116935 AccTime:5.858122
#IT Ite:50 KerTime:0.120380 AccTime:5.978502
#IT Ite:51 KerTime:0.116918 AccTime:6.095420
#IT Ite:52 KerTime:0.117217 AccTime:6.212637
#IT Ite:53 KerTime:0.119997 AccTime:6.332634
#IT Ite:54 KerTime:0.118547 AccTime:6.451181
#IT Ite:55 KerTime:0.119394 AccTime:6.570575
#IT Ite:56 KerTime:0.116447 AccTime:6.687022
#IT Ite:57 KerTime:0.117996 AccTime:6.805018
#IT Ite:58 KerTime:0.116399 AccTime:6.921417
#IT Ite:59 KerTime:0.116066 AccTime:7.037483
#IT Ite:60 KerTime:0.117377 AccTime:7.154860
#IT Ite:61 KerTime:0.115416 AccTime:7.270276
#IT Ite:62 KerTime:0.125344 AccTime:7.395620
#IT Ite:63 KerTime:0.123990 AccTime:7.519610
#IT Ite:64 KerTime:0.119374 AccTime:7.638984
#IT Ite:65 KerTime:0.125263 AccTime:7.764247
#IT Ite:66 KerTime:0.123292 AccTime:7.887539
#IT Ite:67 KerTime:0.117595 AccTime:8.005134
#IT Ite:68 KerTime:0.113067 AccTime:8.118201
#IT Ite:69 KerTime:0.119805 AccTime:8.238006
#IT Ite:70 KerTime:0.112328 AccTime:8.350334
#IT Ite:71 KerTime:0.111613 AccTime:8.461947
#IT Ite:72 KerTime:0.117697 AccTime:8.579644
#IT Ite:73 KerTime:0.133758 AccTime:8.713402
#IT Ite:74 KerTime:0.120610 AccTime:8.834012
#IT Ite:75 KerTime:0.117106 AccTime:8.951118
#IT Ite:76 KerTime:0.117272 AccTime:9.068390
#IT Ite:77 KerTime:0.115054 AccTime:9.183444
#IT Ite:78 KerTime:0.126733 AccTime:9.310177
#IT Ite:79 KerTime:0.116499 AccTime:9.426676
#IT Ite:80 KerTime:0.112071 AccTime:9.538747
#IT Ite:81 KerTime:0.126904 AccTime:9.665651
#IT Ite:82 KerTime:0.117977 AccTime:9.783628
#IT Ite:83 KerTime:0.125432 AccTime:9.909060
#IT Ite:84 KerTime:0.111285 AccTime:10.020345
#IT Ite:85 KerTime:0.116415 AccTime:10.136760
#IT Ite:86 KerTime:0.110565 AccTime:10.247325
#IT Ite:87 KerTime:0.125955 AccTime:10.373280
#IT Ite:88 KerTime:0.118336 AccTime:10.491616
#IT Ite:89 KerTime:0.126229 AccTime:10.617845
#IT Ite:90 KerTime:0.124146 AccTime:10.741991
#IT Ite:91 KerTime:0.127739 AccTime:10.869730
#IT Ite:92 KerTime:0.122373 AccTime:10.992103
#IT Ite:93 KerTime:0.126519 AccTime:11.118622
#IT Ite:94 KerTime:0.112671 AccTime:11.231293
#IT Ite:95 KerTime:0.116326 AccTime:11.347619
#IT Ite:96 KerTime:0.111282 AccTime:11.458901
#IT Ite:97 KerTime:0.117849 AccTime:11.576750
#IT Ite:98 KerTime:0.112857 AccTime:11.689607
#IT Ite:99 KerTime:0.117119 AccTime:11.806726
#IT Ite:100 KerTime:0.121585 AccTime:11.928311
#IT Ite:101 KerTime:0.120749 AccTime:12.049060
#IT Ite:102 KerTime:0.113454 AccTime:12.162514
#IT Ite:103 KerTime:0.119783 AccTime:12.282297
#IT Ite:104 KerTime:0.123435 AccTime:12.405732
#IT Ite:105 KerTime:0.111604 AccTime:12.517336
#IT Ite:106 KerTime:0.118105 AccTime:12.635441
#IT Ite:107 KerTime:0.126773 AccTime:12.762214
#IT Ite:108 KerTime:0.117076 AccTime:12.879290
#IT Ite:109 KerTime:0.124283 AccTime:13.003573
#IT Ite:110 KerTime:0.120165 AccTime:13.123738
#IT Ite:111 KerTime:0.112290 AccTime:13.236028
#IT Ite:112 KerTime:0.110601 AccTime:13.346629
#IT Ite:113 KerTime:0.113252 AccTime:13.459881
#IT Ite:114 KerTime:0.121654 AccTime:13.581535
#IT Ite:115 KerTime:0.106571 AccTime:13.688106
#IT Ite:116 KerTime:0.116723 AccTime:13.804829
#IT Ite:117 KerTime:0.119725 AccTime:13.924554
#IT Ite:118 KerTime:0.121510 AccTime:14.046064
#IT Ite:119 KerTime:0.119561 AccTime:14.165625
#IT Ite:120 KerTime:0.126950 AccTime:14.292575
#IT Ite:121 KerTime:0.119967 AccTime:14.412542
#IT Ite:122 KerTime:0.119776 AccTime:14.532318
#IT Ite:123 KerTime:0.119924 AccTime:14.652242
#IT Ite:124 KerTime:0.111686 AccTime:14.763928
#IT Ite:125 KerTime:0.120107 AccTime:14.884035
#IT Ite:126 KerTime:0.118483 AccTime:15.002518
#IT Ite:127 KerTime:0.126220 AccTime:15.128738
#IT Ite:128 KerTime:0.126229 AccTime:15.254967
#IT Ite:129 KerTime:0.119329 AccTime:15.374296
#IT Ite:130 KerTime:0.096878 AccTime:15.471174
#IT Ite:131 KerTime:0.127513 AccTime:15.598687
#IT Ite:132 KerTime:0.119023 AccTime:15.717710
#IT Ite:133 KerTime:0.111508 AccTime:15.829218
#IT Ite:134 KerTime:0.127714 AccTime:15.956932
#IT Ite:135 KerTime:0.113040 AccTime:16.069972
#IT Ite:136 KerTime:0.118791 AccTime:16.188763
#IT Ite:137 KerTime:0.114711 AccTime:16.303474
#IT Ite:138 KerTime:0.125495 AccTime:16.428969
#IT Ite:139 KerTime:0.110543 AccTime:16.539512
#IT Ite:140 KerTime:0.128120 AccTime:16.667632
#IT Ite:141 KerTime:0.124647 AccTime:16.792279
#IT Ite:142 KerTime:0.116233 AccTime:16.908512
#IT Ite:143 KerTime:0.125136 AccTime:17.033648
#IT Ite:144 KerTime:0.117381 AccTime:17.151029
#IT Ite:145 KerTime:0.114258 AccTime:17.265287
#IT Ite:146 KerTime:0.113506 AccTime:17.378793
#IT Ite:147 KerTime:0.115178 AccTime:17.493971
#IT Ite:148 KerTime:0.127069 AccTime:17.621040
#IT Ite:149 KerTime:0.117914 AccTime:17.738954
#IT Ite:150 KerTime:0.107534 AccTime:17.846488
#IT Ite:151 KerTime:0.111638 AccTime:17.958126
#IT Ite:152 KerTime:0.115168 AccTime:18.073294
#IT Ite:153 KerTime:0.119390 AccTime:18.192684
#IT Ite:154 KerTime:0.102452 AccTime:18.295136
#IT Ite:155 KerTime:0.120984 AccTime:18.416120
#IT Ite:156 KerTime:0.119084 AccTime:18.535204
#IT Ite:157 KerTime:0.118860 AccTime:18.654064
#IT Ite:158 KerTime:0.126851 AccTime:18.780915
#IT Ite:159 KerTime:0.122865 AccTime:18.903780
#IT Ite:160 KerTime:0.116663 AccTime:19.020443
#IT Ite:161 KerTime:0.123347 AccTime:19.143790
#IT Ite:162 KerTime:0.102878 AccTime:19.246668
#IT Ite:163 KerTime:0.114035 AccTime:19.360703
#IT Ite:164 KerTime:0.113527 AccTime:19.474230
#IT Ite:165 KerTime:0.121657 AccTime:19.595887
#IT Ite:166 KerTime:0.106583 AccTime:19.702470
#IT Ite:167 KerTime:0.126949 AccTime:19.829419
#IT Ite:168 KerTime:0.105878 AccTime:19.935297
#IT Ite:169 KerTime:0.118515 AccTime:20.053812
#IT Ite:170 KerTime:0.118498 AccTime:20.172310
#IT Ite:171 KerTime:0.118167 AccTime:20.290477
#IT Ite:172 KerTime:0.116496 AccTime:20.406973
#IT Ite:173 KerTime:0.121723 AccTime:20.528696
#IT Ite:174 KerTime:0.110997 AccTime:20.639693
#IT Ite:175 KerTime:0.113435 AccTime:20.753128
#IT Ite:176 KerTime:0.111633 AccTime:20.864761
#IT Ite:177 KerTime:0.128202 AccTime:20.992963
#IT Ite:178 KerTime:0.118271 AccTime:21.111234
#IT Ite:179 KerTime:0.118696 AccTime:21.229930
#IT Ite:180 KerTime:0.119772 AccTime:21.349702
#IT Ite:181 KerTime:0.116358 AccTime:21.466060
#IT Ite:182 KerTime:0.130051 AccTime:21.596111
#IT Ite:183 KerTime:0.118621 AccTime:21.714732
#IT Ite:184 KerTime:0.116977 AccTime:21.831709
#IT Ite:185 KerTime:0.129074 AccTime:21.960783
#IT Ite:186 KerTime:0.128300 AccTime:22.089083
#IT Ite:187 KerTime:0.119053 AccTime:22.208136
#IT Ite:188 KerTime:0.118281 AccTime:22.326417
#IT Ite:189 KerTime:0.127171 AccTime:22.453588
#IT Ite:190 KerTime:0.114808 AccTime:22.568396
#IT Ite:191 KerTime:0.111345 AccTime:22.679741
#IT Ite:192 KerTime:0.117652 AccTime:22.797393
#IT Ite:193 KerTime:0.125279 AccTime:22.922672
#IT Ite:194 KerTime:0.118085 AccTime:23.040757
#IT Ite:195 KerTime:0.128720 AccTime:23.169477
#IT Ite:196 KerTime:0.117802 AccTime:23.287279
#IT Ite:197 KerTime:0.111931 AccTime:23.399210
#IT Ite:198 KerTime:0.128982 AccTime:23.528192
#IT Ite:199 KerTime:0.118604 AccTime:23.646796
#IT Ite:200 KerTime:0.121711 AccTime:23.768507
#IT Ite:201 KerTime:0.128943 AccTime:23.897450
#IT Ite:202 KerTime:0.114844 AccTime:24.012294
#IT Ite:203 KerTime:0.112998 AccTime:24.125292
#IT Ite:204 KerTime:0.117838 AccTime:24.243130
#IT Ite:205 KerTime:0.117805 AccTime:24.360935
#IT Ite:206 KerTime:0.117755 AccTime:24.478690
#IT Ite:207 KerTime:0.114235 AccTime:24.592925
#IT Ite:208 KerTime:0.125371 AccTime:24.718296
#IT Ite:209 KerTime:0.118542 AccTime:24.836838
#IT Ite:210 KerTime:0.110642 AccTime:24.947480
#IT Ite:211 KerTime:0.104174 AccTime:25.051654
#IT Ite:212 KerTime:0.118954 AccTime:25.170608
#IT Ite:213 KerTime:0.118901 AccTime:25.289509
#IT Ite:214 KerTime:0.113845 AccTime:25.403354
#IT Ite:215 KerTime:0.108704 AccTime:25.512058
#IT Ite:216 KerTime:0.114086 AccTime:25.626144
#IT Ite:217 KerTime:0.118818 AccTime:25.744962
#IT Ite:218 KerTime:0.126975 AccTime:25.871937
#IT Ite:219 KerTime:0.114385 AccTime:25.986322
#IT Ite:220 KerTime:0.129223 AccTime:26.115545
#IT Ite:221 KerTime:0.118749 AccTime:26.234294
#IT Ite:222 KerTime:0.114848 AccTime:26.349142
#IT Ite:223 KerTime:0.119708 AccTime:26.468850
#IT Ite:224 KerTime:0.117457 AccTime:26.586307
#IT Ite:225 KerTime:0.124795 AccTime:26.711102
#IT Ite:226 KerTime:0.118153 AccTime:26.829255
#IT Ite:227 KerTime:0.118621 AccTime:26.947876
#IT Ite:228 KerTime:0.125369 AccTime:27.073245
#IT Ite:229 KerTime:0.105154 AccTime:27.178399
#IT Ite:230 KerTime:0.118106 AccTime:27.296505
#IT Ite:231 KerTime:0.119384 AccTime:27.415889
#IT Ite:232 KerTime:0.118303 AccTime:27.534192
#IT Ite:233 KerTime:0.129470 AccTime:27.663662
#IT Ite:234 KerTime:0.119226 AccTime:27.782888
#IT Ite:235 KerTime:0.127711 AccTime:27.910599
#IT Ite:236 KerTime:0.119091 AccTime:28.029690
#IT Ite:237 KerTime:0.118956 AccTime:28.148646
#IT Ite:238 KerTime:0.118691 AccTime:28.267337
#IT Ite:239 KerTime:0.117446 AccTime:28.384783
#IT Ite:240 KerTime:0.118140 AccTime:28.502923
#IT Ite:241 KerTime:0.127647 AccTime:28.630570
#IT Ite:242 KerTime:0.110760 AccTime:28.741330
#IT Ite:243 KerTime:0.118375 AccTime:28.859705
#IT Ite:244 KerTime:0.118919 AccTime:28.978624
#IT Ite:245 KerTime:0.118440 AccTime:29.097064
#IT Ite:246 KerTime:0.119232 AccTime:29.216296
#IT Ite:247 KerTime:0.119308 AccTime:29.335604
#IT Ite:248 KerTime:0.121228 AccTime:29.456832
#IT Ite:249 KerTime:0.120977 AccTime:29.577809
#IT Ite:250 KerTime:0.121995 AccTime:29.699804
#IT Ite:251 KerTime:0.118892 AccTime:29.818696
#ERR img_name: /home/carol/radiation-benchmarks/data/VOC2012/2011_001244.jpg class: horse box: [23] x1_e: 16.3894500732 x1_r: 16.3868408203 y1_e: 167.576141357 y1_r: 167.581451416 x2_e: 372.926025391 x2_r: 372.926513672 y2_e: 350.257049561 y2_r: 350.256988525 
#ERR img_name: /home/carol/radiation-benchmarks/data/VOC2012/2011_001244.jpg class: cow box: [26] x1_e: 27.6097106934 x1_r: 27.6074523926 y1_e: 168.122192383 y1_r: 168.127548218 x2_e: 361.842315674 x2_r: 361.842681885 y2_e: 361.05871582 y2_r: 361.058349609 
#ERR img_name: /home/carol/radiation-benchmarks/data/VOC2012/2011_001244.jpg class: aeroplane box: [13] x1_e: 133.743484497 x1_r: 133.753463745 y1_e: 276.759643555 y1_r: 276.761657715 x2_e: 407.727111816 x2_r: 407.726013184 y2_e: 367.579345703 y2_r: 367.579101562 
#ERR img_name: /home/carol/radiation-benchmarks/data/VOC2012/2011_001244.jpg class: cat box: [27] x1_e: 41.3605957031 x1_r: 41.3584136963 y1_e: 176.924972534 y1_r: 176.93019104 x2_e: 347.823760986 x2_r: 347.823791504 y2_e: 333.686401367 y2_r: 333.686340332 
#ERR img_name: /home/carol/radiation-benchmarks/data/VOC2012/2011_001244.jpg class: diningtable box: [0] x1_e: 22.7325134277 x1_r: 22.7319030762 y1_e: 203.207458496 y1_r: 203.210327148 x2_e: 394.14364624 x2_r: 394.150024414 y2_e: 374.0 y2_r: 374.0 
#ERR img_name: /home/carol/radiation-benchmarks/data/VOC2012/2011_001244.jpg class: pottedplant box: [24] x1_e: 68.8651733398 x1_r: 68.8629608154 y1_e: 179.545654297 y1_r: 179.550811768 x2_e: 331.813751221 x2_r: 331.813964844 y2_e: 334.852233887 y2_r: 334.852325439 
#ERR img_name: /home/carol/radiation-benchmarks/data/VOC2012/2011_001244.jpg class: boat box: [11] x1_e: 152.353942871 x1_r: 152.363189697 y1_e: 274.511016846 y1_r: 274.512908936 x2_e: 396.258850098 x2_r: 396.258575439 y2_e: 374.0 y2_r: 374.0 
#SDC Ite:251 KerTime:0.118892 AccTime:29.818696 KerErr:7 AccErr:7
#IT Ite:252 KerTime:0.117306 AccTime:29.936002
#ERR img_name: /home/carol/radiation-benchmarks/data/VOC2012/2010_000921.jpg class: motorbike box: [15] x1_e: 108.284820557 x1_r: 108.290481567 y1_e: 193.407424927 y1_r: 193.406585693 x2_e: 394.138946533 x2_r: 394.133605957 y2_e: 304.675537109 y2_r: 304.677154541 
#ERR img_name: /home/carol/radiation-benchmarks/data/VOC2012/2010_000921.jpg class: cow box: [21] x1_e: 129.785369873 x1_r: 129.789916992 y1_e: 192.587234497 y1_r: 192.585968018 x2_e: 389.021636963 x2_r: 389.016357422 y2_e: 302.805969238 y2_r: 302.80770874 
#ERR img_name: /home/carol/radiation-benchmarks/data/VOC2012/2010_000921.jpg class: aeroplane box: [5] x1_e: 59.7909698486 x1_r: 59.7953338623 y1_e: 100.480300903 y1_r: 100.481018066 x2_e: 465.148620605 x2_r: 465.14239502 y2_e: 361.436340332 y2_r: 361.43572998 
#ERR img_name: /home/carol/radiation-benchmarks/data/VOC2012/2010_000921.jpg class: diningtable box: [1] x1_e: 45.8760681152 x1_r: 45.8804779053 y1_e: 143.097473145 y1_r: 143.097930908 x2_e: 450.832366943 x2_r: 450.826904297 y2_e: 368.607696533 y2_r: 368.60760498 
#ERR img_name: /home/carol/radiation-benchmarks/data/VOC2012/2010_000921.jpg class: bus box: [12] x1_e: 98.6231384277 x1_r: 98.6287231445 y1_e: 180.391082764 y1_r: 180.389129639 x2_e: 407.705047607 x2_r: 407.699645996 y2_e: 300.474487305 y2_r: 300.476104736 
#ERR img_name: /home/carol/radiation-benchmarks/data/VOC2012/2010_000921.jpg class: tvmonitor box: [9] x1_e: 104.597106934 x1_r: 104.60055542 y1_e: 111.565078735 y1_r: 111.565391541 x2_e: 417.46472168 x2_r: 417.459259033 y2_e: 324.725280762 y2_r: 324.724822998 
#ERR img_name: /home/carol/radiation-benchmarks/data/VOC2012/2010_000921.jpg class: chair box: [19] x1_e: 123.335769653 x1_r: 123.340545654 y1_e: 198.611206055 y1_r: 198.610519409 x2_e: 395.176147461 x2_r: 395.170623779 y2_e: 309.4190979 y2_r: 309.420837402 
#ERR img_name: /home/carol/radiation-benchmarks/data/VOC2012/2010_000921.jpg class: car box: [7] x1_e: 64.8108978271 x1_r: 64.8153381348 y1_e: 93.9233093262 y1_r: 93.9237518311 x2_e: 458.655273438 x2_r: 458.648956299 y2_e: 355.062133789 y2_r: 355.061767578 
#SDC Ite:252 KerTime:0.117306 AccTime:29.936002 KerErr:8 AccErr:15
#IT Ite:253 KerTime:0.116411 AccTime:30.052413
#IT Ite:254 KerTime:0.111273 AccTime:30.163686
#IT Ite:255 KerTime:0.117801 AccTime:30.281487
#IT Ite:256 KerTime:0.118277 AccTime:30.399764
#IT Ite:257 KerTime:0.120634 AccTime:30.520398
#IT Ite:258 KerTime:0.120507 AccTime:30.640905
#ERR img_name: /home/carol/radiation-benchmarks/data/VOC2012/2010_003606.jpg class: diningtable box: [5] x1_e: 202.395568848 x1_r: 202.390319824 y1_e: 292.84173584 y1_r: 292.844024658 x2_e: 491.383056641 x2_r: 491.383422852 y2_e: 374.0 y2_r: 374.0 
#ERR img_name: /home/carol/radiation-benchmarks/data/VOC2012/2010_003606.jpg class: chair box: [4] x1_e: 194.832626343 x1_r: 194.827041626 y1_e: 287.92956543 y1_r: 287.93182373 x2_e: 499.0 x2_r: 499.0 y2_e: 374.0 y2_r: 374.0 
#SDC Ite:258 KerTime:0.120507 AccTime:30.640905 KerErr:2 AccErr:17
#IT Ite:259 KerTime:0.105490 AccTime:30.746395
#ERR img_name: /home/carol/radiation-benchmarks/data/VOC2012/2012_004211.jpg class: person box: [14] x1_e: 9.40972518921 x1_r: 0.0 y1_e: 62.0333442688 y1_r: 207.02532959 x2_e: 63.3971977234 x2_r: 165.855834961 y2_e: 185.590988159 y2_r: 268.958679199 
#ERR img_name: /home/carol/radiation-benchmarks/data/VOC2012/2012_004211.jpg class: person box: [15] x1_e: 0.0 x1_r: 9.40994644165 y1_e: 207.025482178 y1_r: 62.0321235657 x2_e: 165.856231689 x2_r: 63.397403717 y2_e: 268.958648682 y2_r: 185.590805054 
#SDC Ite:259 KerTime:0.105490 AccTime:30.746395 KerErr:2 AccErr:19
#ABORT amount of errors equals of the last iteration
#END