#HEADER iterations: 1000 img_list: /home/carol/radiation-benchmarks/data/networks_img_list/voc.2012.1K.txt board: K40
#BEGIN Y:2016 M:12 D:14 Time:17:28:12
#IT Ite:0 KerTime:0.117733 AccTime:0.117733
#IT Ite:1 KerTime:0.111680 AccTime:0.229413
#IT Ite:2 KerTime:0.118435 AccTime:0.347848
#IT Ite:3 KerTime:0.118496 AccTime:0.466344
#IT Ite:4 KerTime:0.117401 AccTime:0.583745
#IT Ite:5 KerTime:0.120259 AccTime:0.704004
#IT Ite:6 KerTime:0.117598 AccTime:0.821602
#IT Ite:7 KerTime:0.117959 AccTime:0.939561
#IT Ite:8 KerTime:0.115805 AccTime:1.055366
#IT Ite:9 KerTime:0.125528 AccTime:1.180894
#IT Ite:10 KerTime:0.116565 AccTime:1.297459
#IT Ite:11 KerTime:0.115809 AccTime:1.413268
#IT Ite:12 KerTime:0.131986 AccTime:1.545254
#IT Ite:13 KerTime:0.118755 AccTime:1.664009
#IT Ite:14 KerTime:0.117253 AccTime:1.781262
#IT Ite:15 KerTime:0.112837 AccTime:1.894099
#IT Ite:16 KerTime:0.122381 AccTime:2.016480
#IT Ite:17 KerTime:0.117309 AccTime:2.133789
#IT Ite:18 KerTime:0.133642 AccTime:2.267431
#IT Ite:19 KerTime:0.119002 AccTime:2.386433
#IT Ite:20 KerTime:0.118514 AccTime:2.504947
#IT Ite:21 KerTime:0.116965 AccTime:2.621912
#IT Ite:22 KerTime:0.124179 AccTime:2.746091
#IT Ite:23 KerTime:0.107100 AccTime:2.853191
#IT Ite:24 KerTime:0.096374 AccTime:2.949565
#IT Ite:25 KerTime:0.119663 AccTime:3.069228
#IT Ite:26 KerTime:0.115981 AccTime:3.185209
#IT Ite:27 KerTime:0.126310 AccTime:3.311519
#IT Ite:28 KerTime:0.119125 AccTime:3.430644
#IT Ite:29 KerTime:0.126522 AccTime:3.557166
#IT Ite:30 KerTime:0.124871 AccTime:3.682037
#IT Ite:31 KerTime:0.110472 AccTime:3.792509
#IT Ite:32 KerTime:0.120575 AccTime:3.913084
#IT Ite:33 KerTime:0.111176 AccTime:4.024260
#IT Ite:34 KerTime:0.121933 AccTime:4.146193
#IT Ite:35 KerTime:0.122290 AccTime:4.268483
#IT Ite:36 KerTime:0.119928 AccTime:4.388411
#IT Ite:37 KerTime:0.121806 AccTime:4.510217
#IT Ite:38 KerTime:0.104299 AccTime:4.614516
#IT Ite:39 KerTime:0.111353 AccTime:4.725869
#IT Ite:40 KerTime:0.118719 AccTime:4.844588
#IT Ite:41 KerTime:0.109079 AccTime:4.953667
#IT Ite:42 KerTime:0.105311 AccTime:5.058978
#IT Ite:43 KerTime:0.118538 AccTime:5.177516
#IT Ite:44 KerTime:0.117861 AccTime:5.295377
#IT Ite:45 KerTime:0.120423 AccTime:5.415800
#IT Ite:46 KerTime:0.113450 AccTime:5.529250
#IT Ite:47 KerTime:0.119227 AccTime:5.648477
#IT Ite:48 KerTime:0.114049 AccTime:5.762526
#IT Ite:49 KerTime:0.117883 AccTime:5.880409
#IT Ite:50 KerTime:0.116744 AccTime:5.997153
#IT Ite:51 KerTime:0.118250 AccTime:6.115403
#IT Ite:52 KerTime:0.121136 AccTime:6.236539
#IT Ite:53 KerTime:0.117140 AccTime:6.353679
#IT Ite:54 KerTime:0.119017 AccTime:6.472696
#IT Ite:55 KerTime:0.117446 AccTime:6.590142
#IT Ite:56 KerTime:0.117386 AccTime:6.707528
#IT Ite:57 KerTime:0.117806 AccTime:6.825334
#IT Ite:58 KerTime:0.118075 AccTime:6.943409
#IT Ite:59 KerTime:0.118280 AccTime:7.061689
#IT Ite:60 KerTime:0.116523 AccTime:7.178212
#IT Ite:61 KerTime:0.116473 AccTime:7.294685
#IT Ite:62 KerTime:0.123344 AccTime:7.418029
#IT Ite:63 KerTime:0.122928 AccTime:7.540957
#IT Ite:64 KerTime:0.118392 AccTime:7.659349
#IT Ite:65 KerTime:0.124328 AccTime:7.783677
#IT Ite:66 KerTime:0.122317 AccTime:7.905994
#IT Ite:67 KerTime:0.117891 AccTime:8.023885
#IT Ite:68 KerTime:0.114255 AccTime:8.138140
#IT Ite:69 KerTime:0.118639 AccTime:8.256779
#IT Ite:70 KerTime:0.110881 AccTime:8.367660
#IT Ite:71 KerTime:0.111752 AccTime:8.479412
#IT Ite:72 KerTime:0.117567 AccTime:8.596979
#IT Ite:73 KerTime:0.130730 AccTime:8.727709
#IT Ite:74 KerTime:0.119757 AccTime:8.847466
#IT Ite:75 KerTime:0.116557 AccTime:8.964023
#IT Ite:76 KerTime:0.122146 AccTime:9.086169
#IT Ite:77 KerTime:0.111853 AccTime:9.198022
#IT Ite:78 KerTime:0.124351 AccTime:9.322373
#IT Ite:79 KerTime:0.118474 AccTime:9.440847
#IT Ite:80 KerTime:0.110123 AccTime:9.550970
#IT Ite:81 KerTime:0.127177 AccTime:9.678147
#IT Ite:82 KerTime:0.118670 AccTime:9.796817
#IT Ite:83 KerTime:0.126544 AccTime:9.923361
#IT Ite:84 KerTime:0.112046 AccTime:10.035407
#IT Ite:85 KerTime:0.115131 AccTime:10.150538
#IT Ite:86 KerTime:0.110409 AccTime:10.260947
#IT Ite:87 KerTime:0.127132 AccTime:10.388079
#IT Ite:88 KerTime:0.116983 AccTime:10.505062
#IT Ite:89 KerTime:0.125046 AccTime:10.630108
#IT Ite:90 KerTime:0.124260 AccTime:10.754368
#IT Ite:91 KerTime:0.126852 AccTime:10.881220
#IT Ite:92 KerTime:0.117547 AccTime:10.998767
#IT Ite:93 KerTime:0.125916 AccTime:11.124683
#IT Ite:94 KerTime:0.111705 AccTime:11.236388
#IT Ite:95 KerTime:0.115919 AccTime:11.352307
#IT Ite:96 KerTime:0.110852 AccTime:11.463159
#IT Ite:97 KerTime:0.119434 AccTime:11.582593
#IT Ite:98 KerTime:0.111226 AccTime:11.693819
#IT Ite:99 KerTime:0.117156 AccTime:11.810975
#IT Ite:100 KerTime:0.120281 AccTime:11.931256
#IT Ite:101 KerTime:0.120007 AccTime:12.051263
#IT Ite:102 KerTime:0.109952 AccTime:12.161215
#IT Ite:103 KerTime:0.117306 AccTime:12.278521
#IT Ite:104 KerTime:0.120942 AccTime:12.399463
#IT Ite:105 KerTime:0.111242 AccTime:12.510705
#IT Ite:106 KerTime:0.117176 AccTime:12.627881
#IT Ite:107 KerTime:0.127739 AccTime:12.755620
#IT Ite:108 KerTime:0.116730 AccTime:12.872350
#IT Ite:109 KerTime:0.125146 AccTime:12.997496
#IT Ite:110 KerTime:0.120700 AccTime:13.118196
#IT Ite:111 KerTime:0.112140 AccTime:13.230336
#IT Ite:112 KerTime:0.109041 AccTime:13.339377
#IT Ite:113 KerTime:0.112193 AccTime:13.451570
#IT Ite:114 KerTime:0.117866 AccTime:13.569436
#IT Ite:115 KerTime:0.106610 AccTime:13.676046
#IT Ite:116 KerTime:0.117631 AccTime:13.793677
#IT Ite:117 KerTime:0.117948 AccTime:13.911625
#IT Ite:118 KerTime:0.116967 AccTime:14.028592
#IT Ite:119 KerTime:0.121709 AccTime:14.150301
#IT Ite:120 KerTime:0.126471 AccTime:14.276772
#IT Ite:121 KerTime:0.118412 AccTime:14.395184
#IT Ite:122 KerTime:0.118354 AccTime:14.513538
#IT Ite:123 KerTime:0.117887 AccTime:14.631425
#IT Ite:124 KerTime:0.109538 AccTime:14.740963
#IT Ite:125 KerTime:0.117668 AccTime:14.858631
#IT Ite:126 KerTime:0.116976 AccTime:14.975607
#IT Ite:127 KerTime:0.126563 AccTime:15.102170
#IT Ite:128 KerTime:0.125582 AccTime:15.227752
#IT Ite:129 KerTime:0.116707 AccTime:15.344459
#IT Ite:130 KerTime:0.095707 AccTime:15.440166
#IT Ite:131 KerTime:0.122917 AccTime:15.563083
#IT Ite:132 KerTime:0.117461 AccTime:15.680544
#IT Ite:133 KerTime:0.114541 AccTime:15.795085
#IT Ite:134 KerTime:0.126555 AccTime:15.921640
#IT Ite:135 KerTime:0.110770 AccTime:16.032410
#IT Ite:136 KerTime:0.116965 AccTime:16.149375
#IT Ite:137 KerTime:0.111697 AccTime:16.261072
#IT Ite:138 KerTime:0.126343 AccTime:16.387415
#IT Ite:139 KerTime:0.111701 AccTime:16.499116
#IT Ite:140 KerTime:0.125431 AccTime:16.624547
#IT Ite:141 KerTime:0.126495 AccTime:16.751042
#IT Ite:142 KerTime:0.118282 AccTime:16.869324
#IT Ite:143 KerTime:0.126744 AccTime:16.996068
#IT Ite:144 KerTime:0.117842 AccTime:17.113910
#IT Ite:145 KerTime:0.111754 AccTime:17.225664
#IT Ite:146 KerTime:0.115067 AccTime:17.340731
#IT Ite:147 KerTime:0.113048 AccTime:17.453779
#IT Ite:148 KerTime:0.125384 AccTime:17.579163
#IT Ite:149 KerTime:0.116141 AccTime:17.695304
#IT Ite:150 KerTime:0.103546 AccTime:17.798850
#IT Ite:151 KerTime:0.113414 AccTime:17.912264
#IT Ite:152 KerTime:0.112744 AccTime:18.025008
#IT Ite:153 KerTime:0.119338 AccTime:18.144346
#IT Ite:154 KerTime:0.098807 AccTime:18.243153
#IT Ite:155 KerTime:0.120335 AccTime:18.363488
#IT Ite:156 KerTime:0.118164 AccTime:18.481652
#IT Ite:157 KerTime:0.116902 AccTime:18.598554
#IT Ite:158 KerTime:0.125743 AccTime:18.724297
#IT Ite:159 KerTime:0.118235 AccTime:18.842532
#IT Ite:160 KerTime:0.118155 AccTime:18.960687
#IT Ite:161 KerTime:0.121217 AccTime:19.081904
#IT Ite:162 KerTime:0.105994 AccTime:19.187898
#IT Ite:163 KerTime:0.112272 AccTime:19.300170
#IT Ite:164 KerTime:0.111348 AccTime:19.411518
#IT Ite:165 KerTime:0.120426 AccTime:19.531944
#IT Ite:166 KerTime:0.104035 AccTime:19.635979
#IT Ite:167 KerTime:0.127761 AccTime:19.763740
#IT Ite:168 KerTime:0.104132 AccTime:19.867872
#IT Ite:169 KerTime:0.118835 AccTime:19.986707
#IT Ite:170 KerTime:0.120056 AccTime:20.106763
#IT Ite:171 KerTime:0.120507 AccTime:20.227270
#IT Ite:172 KerTime:0.117763 AccTime:20.345033
#IT Ite:173 KerTime:0.117838 AccTime:20.462871
#IT Ite:174 KerTime:0.111149 AccTime:20.574020
#IT Ite:175 KerTime:0.111766 AccTime:20.685786
#IT Ite:176 KerTime:0.112562 AccTime:20.798348
#IT Ite:177 KerTime:0.126905 AccTime:20.925253
#IT Ite:178 KerTime:0.120229 AccTime:21.045482
#IT Ite:179 KerTime:0.117853 AccTime:21.163335
#IT Ite:180 KerTime:0.120589 AccTime:21.283924
#IT Ite:181 KerTime:0.116308 AccTime:21.400232
#IT Ite:182 KerTime:0.126212 AccTime:21.526444
#IT Ite:183 KerTime:0.118763 AccTime:21.645207
#ERR img_name: /home/carol/radiation-benchmarks/data/VOC2012/2012_002844.jpg class: boat box: [3] x1_e: 436.642364502 x1_r: 444.511322021 y1_e: 181.439880371 y1_r: 179.362030029 x2_e: 471.188568115 x2_r: 479.165313721 y2_e: 227.968078613 y2_r: 227.415161133 
#SDC Ite:183 KerTime:0.118763 AccTime:21.645207 KerErr:1 AccErr:1
#IT Ite:184 KerTime:0.118411 AccTime:21.763618
#IT Ite:185 KerTime:0.126568 AccTime:21.890186
#IT Ite:186 KerTime:0.124283 AccTime:22.014469
#IT Ite:187 KerTime:0.116897 AccTime:22.131366
#IT Ite:188 KerTime:0.118066 AccTime:22.249432
#IT Ite:189 KerTime:0.125623 AccTime:22.375055
#IT Ite:190 KerTime:0.111392 AccTime:22.486447
#IT Ite:191 KerTime:0.114566 AccTime:22.601013
#IT Ite:192 KerTime:0.118662 AccTime:22.719675
#IT Ite:193 KerTime:0.126799 AccTime:22.846474
#ERR img_name: /home/carol/radiation-benchmarks/data/VOC2012/2010_004885.jpg class: chair box: [23] x1_e: 283.730926514 x1_r: 288.398071289 y1_e: 45.8709564209 y1_r: 41.3014907837 x2_e: 392.073760986 x2_r: 409.081176758 y2_e: 201.879043579 y2_r: 222.650268555 
#SDC Ite:193 KerTime:0.126799 AccTime:22.846474 KerErr:1 AccErr:2
#IT Ite:194 KerTime:0.118567 AccTime:22.965041
#IT Ite:195 KerTime:0.131007 AccTime:23.096048
#IT Ite:196 KerTime:0.118862 AccTime:23.214910
#IT Ite:197 KerTime:0.110835 AccTime:23.325745
#IT Ite:198 KerTime:0.125737 AccTime:23.451482
#IT Ite:199 KerTime:0.117353 AccTime:23.568835
#IT Ite:200 KerTime:0.118995 AccTime:23.687830
#IT Ite:201 KerTime:0.127546 AccTime:23.815376
#IT Ite:202 KerTime:0.112001 AccTime:23.927377
#IT Ite:203 KerTime:0.112720 AccTime:24.040097
#ERR img_name: /home/carol/radiation-benchmarks/data/VOC2012/2010_006576.jpg class: sheep box: [4] x1_e: 79.4488754272 x1_r: 79.4504470825 y1_e: 30.6831207275 y1_r: 30.6826019287 x2_e: 274.118591309 x2_r: 274.118804932 y2_e: 291.200317383 y2_r: 291.194824219 
#ERR img_name: /home/carol/radiation-benchmarks/data/VOC2012/2010_006576.jpg class: horse box: [5] x1_e: 81.2200927734 x1_r: 81.2219696045 y1_e: 25.0628814697 y1_r: 25.0629119873 x2_e: 279.692840576 x2_r: 279.692687988 y2_e: 286.407714844 y2_r: 286.402648926 
#ERR img_name: /home/carol/radiation-benchmarks/data/VOC2012/2010_006576.jpg class: bicycle box: [7] x1_e: 79.9060974121 x1_r: 79.907661438 y1_e: 25.649810791 y1_r: 25.6497192383 x2_e: 276.000183105 x2_r: 276.000427246 y2_e: 295.391021729 y2_r: 295.385467529 
#ERR img_name: /home/carol/radiation-benchmarks/data/VOC2012/2010_006576.jpg class: cow box: [4] x1_e: 86.8560638428 x1_r: 86.8574905396 y1_e: 39.1153106689 y1_r: 39.1147918701 x2_e: 272.62487793 x2_r: 272.625091553 y2_e: 298.617431641 y2_r: 298.612121582 
#ERR img_name: /home/carol/radiation-benchmarks/data/VOC2012/2010_006576.jpg class: sofa box: [1] x1_e: 79.0233764648 x1_r: 79.0249862671 y1_e: 34.1618041992 y1_r: 34.1613006592 x2_e: 281.656585693 x2_r: 281.656829834 y2_e: 305.66595459 y2_r: 305.660827637 
#ERR img_name: /home/carol/radiation-benchmarks/data/VOC2012/2010_006576.jpg class: aeroplane box: [3] x1_e: 65.5152740479 x1_r: 65.5170974731 y1_e: 40.518371582 y1_r: 40.5183563232 x2_e: 295.805541992 x2_r: 295.80557251 y2_e: 317.950439453 y2_r: 317.945251465 
#ERR img_name: /home/carol/radiation-benchmarks/data/VOC2012/2010_006576.jpg class: person box: [7] x1_e: 87.431640625 x1_r: 87.43309021 y1_e: 26.7482910156 y1_r: 26.7476806641 x2_e: 264.138885498 x2_r: 264.139953613 y2_e: 291.395446777 y2_r: 291.388885498 
#ERR img_name: /home/carol/radiation-benchmarks/data/VOC2012/2010_006576.jpg class: diningtable box: [2] x1_e: 64.6968917847 x1_r: 64.6985092163 y1_e: 48.9736480713 y1_r: 48.97265625 x2_e: 289.722747803 x2_r: 289.722198486 y2_e: 301.189941406 y2_r: 301.184143066 
#ERR img_name: /home/carol/radiation-benchmarks/data/VOC2012/2010_006576.jpg class: chair box: [3] x1_e: 84.8569564819 x1_r: 84.8581771851 y1_e: 50.6809387207 y1_r: 50.6802825928 x2_e: 275.652679443 x2_r: 275.653381348 y2_e: 319.423339844 y2_r: 319.418151855 
#ERR img_name: /home/carol/radiation-benchmarks/data/VOC2012/2010_006576.jpg class: boat box: [3] x1_e: 70.145072937 x1_r: 70.1469497681 y1_e: 11.5200805664 y1_r: 11.5207977295 x2_e: 294.941436768 x2_r: 294.941436768 y2_e: 316.626281738 y2_r: 316.620910645 
#SDC Ite:203 KerTime:0.112720 AccTime:24.040097 KerErr:10 AccErr:12
#IT Ite:204 KerTime:0.120373 AccTime:24.160470
#IT Ite:205 KerTime:0.120269 AccTime:24.280739
#IT Ite:206 KerTime:0.119777 AccTime:24.400516
#IT Ite:207 KerTime:0.114336 AccTime:24.514852
#IT Ite:208 KerTime:0.128738 AccTime:24.643590
#IT Ite:209 KerTime:0.119804 AccTime:24.763394
#IT Ite:210 KerTime:0.107989 AccTime:24.871383
#IT Ite:211 KerTime:0.097164 AccTime:24.968547
#IT Ite:212 KerTime:0.118275 AccTime:25.086822
#IT Ite:213 KerTime:0.118825 AccTime:25.205647
#IT Ite:214 KerTime:0.114085 AccTime:25.319732
#IT Ite:215 KerTime:0.111771 AccTime:25.431503
#IT Ite:216 KerTime:0.112987 AccTime:25.544490
#IT Ite:217 KerTime:0.117908 AccTime:25.662398
#IT Ite:218 KerTime:0.126364 AccTime:25.788762
#IT Ite:219 KerTime:0.113250 AccTime:25.902012
#IT Ite:220 KerTime:0.127691 AccTime:26.029703
#IT Ite:221 KerTime:0.118229 AccTime:26.147932
#IT Ite:222 KerTime:0.111504 AccTime:26.259436
#IT Ite:223 KerTime:0.120359 AccTime:26.379795
#ERR img_name: /home/carol/radiation-benchmarks/data/VOC2012/2010_004220.jpg class: bicycle box: [9] x1_e: 149.618850708 x1_r: 149.618499756 y1_e: 9.08496856689 y1_r: 9.08564758301 x2_e: 253.957839966 x2_r: 253.956970215 y2_e: 199.689239502 y2_r: 199.684234619 
#ERR img_name: /home/carol/radiation-benchmarks/data/VOC2012/2010_004220.jpg class: motorbike box: [9] x1_e: 144.132476807 x1_r: 144.132110596 y1_e: 0.0 y1_r: 0.0 x2_e: 258.994476318 x2_r: 258.993560791 y2_e: 210.645599365 y2_r: 210.639892578 
#ERR img_name: /home/carol/radiation-benchmarks/data/VOC2012/2010_004220.jpg class: sofa box: [15] x1_e: 145.302368164 x1_r: 145.301834106 y1_e: 0.0 y1_r: 0.0 x2_e: 256.995391846 x2_r: 256.994567871 y2_e: 196.277908325 y2_r: 196.272705078 
#ERR img_name: /home/carol/radiation-benchmarks/data/VOC2012/2010_004220.jpg class: train box: [0] x1_e: 22.3287353516 x1_r: 22.3283691406 y1_e: 0.0 y1_r: 0.0 x2_e: 453.782012939 x2_r: 453.781585693 y2_e: 299.370147705 y2_r: 299.362426758 
#ERR img_name: /home/carol/radiation-benchmarks/data/VOC2012/2010_004220.jpg class: chair box: [8] x1_e: 151.591308594 x1_r: 151.590911865 y1_e: 4.42204284668 y1_r: 4.42302703857 x2_e: 249.700378418 x2_r: 249.699462891 y2_e: 207.68019104 y2_r: 207.6746521 
#SDC Ite:223 KerTime:0.120359 AccTime:26.379795 KerErr:5 AccErr:17
#IT Ite:224 KerTime:0.118225 AccTime:26.498020
#IT Ite:225 KerTime:0.126606 AccTime:26.624626
#IT Ite:226 KerTime:0.118752 AccTime:26.743378
#IT Ite:227 KerTime:0.120497 AccTime:26.863875
#IT Ite:228 KerTime:0.126367 AccTime:26.990242
#IT Ite:229 KerTime:0.103870 AccTime:27.094112
#IT Ite:230 KerTime:0.116922 AccTime:27.211034
#IT Ite:231 KerTime:0.116176 AccTime:27.327210
#IT Ite:232 KerTime:0.116746 AccTime:27.443956
#IT Ite:233 KerTime:0.126376 AccTime:27.570332
#IT Ite:234 KerTime:0.119678 AccTime:27.690010
#IT Ite:235 KerTime:0.128218 AccTime:27.818228
#IT Ite:236 KerTime:0.118242 AccTime:27.936470
#IT Ite:237 KerTime:0.117841 AccTime:28.054311
#ERR img_name: /home/carol/radiation-benchmarks/data/VOC2012/2011_001997.jpg class: aeroplane box: [27] x1_e: 40.9883270264 x1_r: 40.986076355 y1_e: 226.83946228 y1_r: 226.839309692 x2_e: 98.7296905518 x2_r: 98.734703064 y2_e: 262.760925293 y2_r: 262.764892578 
#SDC Ite:237 KerTime:0.117841 AccTime:28.054311 KerErr:1 AccErr:18
#IT Ite:238 KerTime:0.121778 AccTime:28.176089
#IT Ite:239 KerTime:0.117974 AccTime:28.294063
#ERR img_name: /home/carol/radiation-benchmarks/data/VOC2012/2012_000141.jpg class: motorbike box: [36] x1_e: 41.3501434326 x1_r: 41.3495635986 y1_e: 205.950149536 y1_r: 205.956176758 x2_e: 385.700073242 x2_r: 385.698730469 y2_e: 363.245056152 y2_r: 363.24609375 
#ERR img_name: /home/carol/radiation-benchmarks/data/VOC2012/2012_000141.jpg class: sofa box: [27] x1_e: 74.6762161255 x1_r: 152.373092651 y1_e: 263.625488281 y1_r: 141.65725708 x2_e: 183.831604004 x2_r: 199.497116089 y2_e: 373.486694336 y2_r: 217.236083984 
#ERR img_name: /home/carol/radiation-benchmarks/data/VOC2012/2012_000141.jpg class: sofa box: [28] x1_e: 152.37310791 x1_r: 74.6763458252 y1_e: 141.65725708 y1_r: 263.626312256 x2_e: 199.49710083 x2_r: 183.829910278 y2_e: 217.236083984 y2_r: 373.487518311 
#ERR img_name: /home/carol/radiation-benchmarks/data/VOC2012/2012_000141.jpg class: dog box: [42] x1_e: 92.8412857056 x1_r: 92.8404006958 y1_e: 222.379104614 y1_r: 222.384552002 x2_e: 339.313873291 x2_r: 339.312438965 y2_e: 350.495910645 y2_r: 350.4972229 
#ERR img_name: /home/carol/radiation-benchmarks/data/VOC2012/2012_000141.jpg class: diningtable box: [1] x1_e: 33.5475311279 x1_r: 33.5471954346 y1_e: 225.194442749 y1_r: 225.199676514 x2_e: 418.74609375 x2_r: 418.744995117 y2_e: 372.42980957 y2_r: 372.430328369 
#ERR exception: error_network_exection error_info:['Traceback (most recent call last):\n', '  File "/home/carol/radiation-benchmarks/src/cuda/py-faster-rcnn/tools/py_faster_rcnn.py", line 477, in <module>\n    error_count = compare(gold_file[im_name], ret, im_name)\n', '  File "/home/carol/radiation-benchmarks/src/cuda/py-faster-rcnn/tools/py_faster_rcnn.py", line 354, in compare\n    error_count += compare_scores(scrListGold, scrListCurr, i, tempImgName)\n', '  File "/home/carol/radiation-benchmarks/src/cuda/py-faster-rcnn/tools/py_faster_rcnn.py", line 305, in compare_scores\n    lh.log_error_detail("img_name: " + str(img_name) + " class: " + str(cls) + "wrong_score_size: " + scrDiff)\n', "TypeError: cannot concatenate 'str' and 'int' objects\n"] XX Inappropriate argument type. XX cannot concatenate 'str' and 'int' objects
#END