#HEADER iterations: 1000 img_list: /home/carol/radiation-benchmarks/data/networks_img_list/caltech.pedestrians.1K.txt board: K40
#BEGIN Y:2016 M:12 D:14 Time:16:11:04
#IT Ite:0 KerTime:0.131888 AccTime:0.131888
#IT Ite:1 KerTime:0.127614 AccTime:0.259502
#IT Ite:2 KerTime:0.127201 AccTime:0.386703
#IT Ite:3 KerTime:0.125545 AccTime:0.512248
#IT Ite:4 KerTime:0.125629 AccTime:0.637877
#IT Ite:5 KerTime:0.127001 AccTime:0.764878
#IT Ite:6 KerTime:0.128247 AccTime:0.893125
#IT Ite:7 KerTime:0.127332 AccTime:1.020457
#IT Ite:8 KerTime:0.128592 AccTime:1.149049
#IT Ite:9 KerTime:0.125349 AccTime:1.274398
#IT Ite:10 KerTime:0.125397 AccTime:1.399795
#IT Ite:11 KerTime:0.124926 AccTime:1.524721
#IT Ite:12 KerTime:0.125518 AccTime:1.650239
#IT Ite:13 KerTime:0.130780 AccTime:1.781019
#IT Ite:14 KerTime:0.127667 AccTime:1.908686
#IT Ite:15 KerTime:0.127258 AccTime:2.035944
#IT Ite:16 KerTime:0.126569 AccTime:2.162513
#IT Ite:17 KerTime:0.128319 AccTime:2.290832
#IT Ite:18 KerTime:0.133830 AccTime:2.424662
#IT Ite:19 KerTime:0.129227 AccTime:2.553889
#IT Ite:20 KerTime:0.126402 AccTime:2.680291
#IT Ite:21 KerTime:0.129667 AccTime:2.809958
#IT Ite:22 KerTime:0.125496 AccTime:2.935454
#IT Ite:23 KerTime:0.126682 AccTime:3.062136
#IT Ite:24 KerTime:0.126023 AccTime:3.188159
#IT Ite:25 KerTime:0.125641 AccTime:3.313800
#IT Ite:26 KerTime:0.127718 AccTime:3.441518
#IT Ite:27 KerTime:0.127339 AccTime:3.568857
#IT Ite:28 KerTime:0.125578 AccTime:3.694435
#IT Ite:29 KerTime:0.126046 AccTime:3.820481
#IT Ite:30 KerTime:0.125658 AccTime:3.946139
#IT Ite:31 KerTime:0.127989 AccTime:4.074128
#IT Ite:32 KerTime:0.125946 AccTime:4.200074
#IT Ite:33 KerTime:0.127491 AccTime:4.327565
#IT Ite:34 KerTime:0.125377 AccTime:4.452942
#IT Ite:35 KerTime:0.130057 AccTime:4.582999
#IT Ite:36 KerTime:0.125632 AccTime:4.708631
#IT Ite:37 KerTime:0.126011 AccTime:4.834642
#IT Ite:38 KerTime:0.128610 AccTime:4.963252
#IT Ite:39 KerTime:0.127376 AccTime:5.090628
#IT Ite:40 KerTime:0.127243 AccTime:5.217871
#IT Ite:41 KerTime:0.125661 AccTime:5.343532
#IT Ite:42 KerTime:0.126251 AccTime:5.469783
#IT Ite:43 KerTime:0.127657 AccTime:5.597440
#IT Ite:44 KerTime:0.128245 AccTime:5.725685
#IT Ite:45 KerTime:0.125701 AccTime:5.851386
#IT Ite:46 KerTime:0.129245 AccTime:5.980631
#IT Ite:47 KerTime:0.126314 AccTime:6.106945
#IT Ite:48 KerTime:0.125142 AccTime:6.232087
#IT Ite:49 KerTime:0.125094 AccTime:6.357181
#IT Ite:50 KerTime:0.126029 AccTime:6.483210
#IT Ite:51 KerTime:0.131409 AccTime:6.614619
#IT Ite:52 KerTime:0.127780 AccTime:6.742399
#IT Ite:53 KerTime:0.126929 AccTime:6.869328
#IT Ite:54 KerTime:0.127238 AccTime:6.996566
#IT Ite:55 KerTime:0.126157 AccTime:7.122723
#IT Ite:56 KerTime:0.128130 AccTime:7.250853
#IT Ite:57 KerTime:0.125359 AccTime:7.376212
#IT Ite:58 KerTime:0.129260 AccTime:7.505472
#IT Ite:59 KerTime:0.125993 AccTime:7.631465
#IT Ite:60 KerTime:0.126675 AccTime:7.758140
#IT Ite:61 KerTime:0.125435 AccTime:7.883575
#IT Ite:62 KerTime:0.128470 AccTime:8.012045
#IT Ite:63 KerTime:0.125150 AccTime:8.137195
#IT Ite:64 KerTime:0.131270 AccTime:8.268465
#IT Ite:65 KerTime:0.126539 AccTime:8.395004
#IT Ite:66 KerTime:0.129014 AccTime:8.524018
#IT Ite:67 KerTime:0.127544 AccTime:8.651562
#IT Ite:68 KerTime:0.127032 AccTime:8.778594
#IT Ite:69 KerTime:0.128218 AccTime:8.906812
#IT Ite:70 KerTime:0.125516 AccTime:9.032328
#IT Ite:71 KerTime:0.130183 AccTime:9.162511
#IT Ite:72 KerTime:0.125940 AccTime:9.288451
#IT Ite:73 KerTime:0.128101 AccTime:9.416552
#IT Ite:74 KerTime:0.125116 AccTime:9.541668
#IT Ite:75 KerTime:0.129030 AccTime:9.670698
#IT Ite:76 KerTime:0.126171 AccTime:9.796869
#IT Ite:77 KerTime:0.128802 AccTime:9.925671
#IT Ite:78 KerTime:0.127592 AccTime:10.053263
#IT Ite:79 KerTime:0.126932 AccTime:10.180195
#IT Ite:80 KerTime:0.127534 AccTime:10.307729
#IT Ite:81 KerTime:0.137804 AccTime:10.445533
#IT Ite:82 KerTime:0.134177 AccTime:10.579710
#IT Ite:83 KerTime:0.132174 AccTime:10.711884
#IT Ite:84 KerTime:0.133851 AccTime:10.845735
#IT Ite:85 KerTime:0.128308 AccTime:10.974043
#IT Ite:86 KerTime:0.128638 AccTime:11.102681
#IT Ite:87 KerTime:0.127014 AccTime:11.229695
#IT Ite:88 KerTime:0.126683 AccTime:11.356378
#IT Ite:89 KerTime:0.127925 AccTime:11.484303
#IT Ite:90 KerTime:0.125948 AccTime:11.610251
#IT Ite:91 KerTime:0.129936 AccTime:11.740187
#IT Ite:92 KerTime:0.127308 AccTime:11.867495
#IT Ite:93 KerTime:0.126468 AccTime:11.993963
#IT Ite:94 KerTime:0.132131 AccTime:12.126094
#IT Ite:95 KerTime:0.130963 AccTime:12.257057
#IT Ite:96 KerTime:0.128734 AccTime:12.385791
#IT Ite:97 KerTime:0.127980 AccTime:12.513771
#IT Ite:98 KerTime:0.128778 AccTime:12.642549
#IT Ite:99 KerTime:0.127948 AccTime:12.770497
#IT Ite:100 KerTime:0.127493 AccTime:12.897990
#IT Ite:101 KerTime:0.126347 AccTime:13.024337
#IT Ite:102 KerTime:0.125600 AccTime:13.149937
#IT Ite:103 KerTime:0.129410 AccTime:13.279347
#IT Ite:104 KerTime:0.125395 AccTime:13.404742
#IT Ite:105 KerTime:0.129527 AccTime:13.534269
#IT Ite:106 KerTime:0.126545 AccTime:13.660814
#IT Ite:107 KerTime:0.124825 AccTime:13.785639
#IT Ite:108 KerTime:0.127165 AccTime:13.912804
#IT Ite:109 KerTime:0.126390 AccTime:14.039194
#IT Ite:110 KerTime:0.129954 AccTime:14.169148
#IT Ite:111 KerTime:0.128522 AccTime:14.297670
#IT Ite:112 KerTime:0.128512 AccTime:14.426182
#IT Ite:113 KerTime:0.127659 AccTime:14.553841
#IT Ite:114 KerTime:0.129621 AccTime:14.683462
#IT Ite:115 KerTime:0.134264 AccTime:14.817726
#IT Ite:116 KerTime:0.127939 AccTime:14.945665
#IT Ite:117 KerTime:0.129589 AccTime:15.075254
#IT Ite:118 KerTime:0.127364 AccTime:15.202618
#IT Ite:119 KerTime:0.128308 AccTime:15.330926
#IT Ite:120 KerTime:0.126416 AccTime:15.457342
#IT Ite:121 KerTime:0.126109 AccTime:15.583451
#IT Ite:122 KerTime:0.129642 AccTime:15.713093
#IT Ite:123 KerTime:0.128144 AccTime:15.841237
#IT Ite:124 KerTime:0.126440 AccTime:15.967677
#IT Ite:125 KerTime:0.127703 AccTime:16.095380
#IT Ite:126 KerTime:0.125740 AccTime:16.221120
#IT Ite:127 KerTime:0.131717 AccTime:16.352837
#IT Ite:128 KerTime:0.130997 AccTime:16.483834
#IT Ite:129 KerTime:0.128404 AccTime:16.612238
#IT Ite:130 KerTime:0.127701 AccTime:16.739939
#IT Ite:131 KerTime:0.126959 AccTime:16.866898
#IT Ite:132 KerTime:0.126393 AccTime:16.993291
#IT Ite:133 KerTime:0.129160 AccTime:17.122451
#IT Ite:134 KerTime:0.128654 AccTime:17.251105
#IT Ite:135 KerTime:0.128378 AccTime:17.379483
#IT Ite:136 KerTime:0.128524 AccTime:17.508007
#IT Ite:137 KerTime:0.127648 AccTime:17.635655
#IT Ite:138 KerTime:0.130335 AccTime:17.765990
#IT Ite:139 KerTime:0.127037 AccTime:17.893027
#IT Ite:140 KerTime:0.128151 AccTime:18.021178
#IT Ite:141 KerTime:0.127524 AccTime:18.148702
#IT Ite:142 KerTime:0.128280 AccTime:18.276982
#IT Ite:143 KerTime:0.126798 AccTime:18.403780
#IT Ite:144 KerTime:0.128118 AccTime:18.531898
#IT Ite:145 KerTime:0.128079 AccTime:18.659977
#IT Ite:146 KerTime:0.128041 AccTime:18.788018
#IT Ite:147 KerTime:0.127278 AccTime:18.915296
#IT Ite:148 KerTime:0.127995 AccTime:19.043291
#IT Ite:149 KerTime:0.126344 AccTime:19.169635
#IT Ite:150 KerTime:0.128032 AccTime:19.297667
#IT Ite:151 KerTime:0.125891 AccTime:19.423558
#IT Ite:152 KerTime:0.129898 AccTime:19.553456
#IT Ite:153 KerTime:0.127014 AccTime:19.680470
#IT Ite:154 KerTime:0.127297 AccTime:19.807767
#IT Ite:155 KerTime:0.127996 AccTime:19.935763
#IT Ite:156 KerTime:0.126128 AccTime:20.061891
#IT Ite:157 KerTime:0.130426 AccTime:20.192317
#IT Ite:158 KerTime:0.127916 AccTime:20.320233
#IT Ite:159 KerTime:0.126236 AccTime:20.446469
#IT Ite:160 KerTime:0.127361 AccTime:20.573830
#IT Ite:161 KerTime:0.131099 AccTime:20.704929
#IT Ite:162 KerTime:0.129278 AccTime:20.834207
#IT Ite:163 KerTime:0.129322 AccTime:20.963529
#IT Ite:164 KerTime:0.126397 AccTime:21.089926
#IT Ite:165 KerTime:0.125396 AccTime:21.215322
#IT Ite:166 KerTime:0.125927 AccTime:21.341249
#IT Ite:167 KerTime:0.126757 AccTime:21.468006
#IT Ite:168 KerTime:0.130023 AccTime:21.598029
#IT Ite:169 KerTime:0.127848 AccTime:21.725877
#IT Ite:170 KerTime:0.128512 AccTime:21.854389
#IT Ite:171 KerTime:0.127965 AccTime:21.982354
#IT Ite:172 KerTime:0.128317 AccTime:22.110671
#IT Ite:173 KerTime:0.133018 AccTime:22.243689
#IT Ite:174 KerTime:0.126773 AccTime:22.370462
#IT Ite:175 KerTime:0.125745 AccTime:22.496207
#IT Ite:176 KerTime:0.126544 AccTime:22.622751
#IT Ite:177 KerTime:0.126995 AccTime:22.749746
#IT Ite:178 KerTime:0.126515 AccTime:22.876261
#IT Ite:179 KerTime:0.127823 AccTime:23.004084
#IT Ite:180 KerTime:0.127110 AccTime:23.131194
#IT Ite:181 KerTime:0.128678 AccTime:23.259872
#IT Ite:182 KerTime:0.127364 AccTime:23.387236
#IT Ite:183 KerTime:0.126583 AccTime:23.513819
#IT Ite:184 KerTime:0.127214 AccTime:23.641033
#IT Ite:185 KerTime:0.129405 AccTime:23.770438
#IT Ite:186 KerTime:0.128266 AccTime:23.898704
#IT Ite:187 KerTime:0.133301 AccTime:24.032005
#IT Ite:188 KerTime:0.127534 AccTime:24.159539
#IT Ite:189 KerTime:0.126864 AccTime:24.286403
#IT Ite:190 KerTime:0.126347 AccTime:24.412750
#IT Ite:191 KerTime:0.129293 AccTime:24.542043
#IT Ite:192 KerTime:0.128769 AccTime:24.670812
#IT Ite:193 KerTime:0.128142 AccTime:24.798954
#IT Ite:194 KerTime:0.127169 AccTime:24.926123
#IT Ite:195 KerTime:0.129315 AccTime:25.055438
#IT Ite:196 KerTime:0.126969 AccTime:25.182407
#IT Ite:197 KerTime:0.135695 AccTime:25.318102
#IT Ite:198 KerTime:0.133124 AccTime:25.451226
#IT Ite:199 KerTime:0.130565 AccTime:25.581791
#IT Ite:200 KerTime:0.128515 AccTime:25.710306
#IT Ite:201 KerTime:0.126647 AccTime:25.836953
#IT Ite:202 KerTime:0.129073 AccTime:25.966026
#IT Ite:203 KerTime:0.127752 AccTime:26.093778
#IT Ite:204 KerTime:0.126158 AccTime:26.219936
#IT Ite:205 KerTime:0.128439 AccTime:26.348375
#IT Ite:206 KerTime:0.127105 AccTime:26.475480
#IT Ite:207 KerTime:0.132361 AccTime:26.607841
#IT Ite:208 KerTime:0.128841 AccTime:26.736682
#IT Ite:209 KerTime:0.129270 AccTime:26.865952
#IT Ite:210 KerTime:0.128858 AccTime:26.994810
#IT Ite:211 KerTime:0.126067 AccTime:27.120877
#IT Ite:212 KerTime:0.127514 AccTime:27.248391
#IT Ite:213 KerTime:0.129919 AccTime:27.378310
#IT Ite:214 KerTime:0.128405 AccTime:27.506715
#IT Ite:215 KerTime:0.127507 AccTime:27.634222
#IT Ite:216 KerTime:0.127752 AccTime:27.761974
#IT Ite:217 KerTime:0.127805 AccTime:27.889779
#IT Ite:218 KerTime:0.130355 AccTime:28.020134
#IT Ite:219 KerTime:0.126373 AccTime:28.146507
#IT Ite:220 KerTime:0.131013 AccTime:28.277520
#IT Ite:221 KerTime:0.126301 AccTime:28.403821
#IT Ite:222 KerTime:0.126062 AccTime:28.529883
#IT Ite:223 KerTime:0.128855 AccTime:28.658738
#IT Ite:224 KerTime:0.129645 AccTime:28.788383
#IT Ite:225 KerTime:0.130552 AccTime:28.918935
#IT Ite:226 KerTime:0.128924 AccTime:29.047859
#IT Ite:227 KerTime:0.127804 AccTime:29.175663
#IT Ite:228 KerTime:0.125871 AccTime:29.301534
#IT Ite:229 KerTime:0.130849 AccTime:29.432383
#IT Ite:230 KerTime:0.126027 AccTime:29.558410
#IT Ite:231 KerTime:0.130496 AccTime:29.688906
#IT Ite:232 KerTime:0.127630 AccTime:29.816536
#IT Ite:233 KerTime:0.127433 AccTime:29.943969
#IT Ite:234 KerTime:0.128916 AccTime:30.072885
#IT Ite:235 KerTime:0.131681 AccTime:30.204566
#IT Ite:236 KerTime:0.129901 AccTime:30.334467
#IT Ite:237 KerTime:0.128639 AccTime:30.463106
#IT Ite:238 KerTime:0.127585 AccTime:30.590691
#IT Ite:239 KerTime:0.126119 AccTime:30.716810
#IT Ite:240 KerTime:0.130599 AccTime:30.847409
#IT Ite:241 KerTime:0.126929 AccTime:30.974338
#IT Ite:242 KerTime:0.127334 AccTime:31.101672
#IT Ite:243 KerTime:0.126649 AccTime:31.228321
#IT Ite:244 KerTime:0.128404 AccTime:31.356725
#ERR exception: error_network_exection error_info:['Traceback (most recent call last):\n', '  File "/home/carol/radiation-benchmarks/src/cuda/py-faster-rcnn/tools/py_faster_rcnn.py", line 477, in <module>\n    error_count = compare(gold_file[im_name], ret, im_name)\n', '  File "/home/carol/radiation-benchmarks/src/cuda/py-faster-rcnn/tools/py_faster_rcnn.py", line 354, in compare\n    error_count += compare_scores(scrListGold, scrListCurr, i, tempImgName)\n', '  File "/home/carol/radiation-benchmarks/src/cuda/py-faster-rcnn/tools/py_faster_rcnn.py", line 305, in compare_scores\n    lh.log_error_detail("img_name: " + str(img_name) + " class: " + str(cls) + "wrong_score_size: " + scrDiff)\n', "TypeError: cannot concatenate 'str' and 'int' objects\n"] XX Inappropriate argument type. XX cannot concatenate 'str' and 'int' objects
#END