#HEADER size:134217728 omp_num_threads:228
#BEGIN Y:2017 M:01 D:15 Time:11:13:08
#IT Ite:0 KerTime:94.992576 AccTime:94.992576
#ERR  p: [4912], r: 153818, e: 153748
#ERR  p: [1177350], r: 37714116, e: 37708775
#ERR  p: [1766025], r: 56559576, e: 56551958
#ERR  p: [4913], r: 153834, e: 153818
#ERR  p: [588675], r: 18842177, e: 18839464
#ERR  p: [1177351], r: 37714149, e: 37708809
#ERR  p: [1766026], r: 56559589, e: 56551975
#ERR  p: [4914], r: 153840, e: 153834
#ERR  p: [588676], r: 18842179, e: 18839478
#ERR  p: [1177352], r: 37714197, e: 37708932
#ERR  p: [1766027], r: 56559605, e: 56552027
#ERR  p: [4915], r: 153886, e: 153840
#ERR  p: [588677], r: 18842208, e: 18839633
#ERR  p: [1177353], r: 37714256, e: 37708988
#ERR  p: [1766028], r: 56559715, e: 56552028
#ERR  p: [4916], r: 153907, e: 153886
#ERR  p: [1177354], r: 37714268, e: 37709009
#ERR  p: [588678], r: 18842224, e: 18839662
#ERR  p: [1766029], r: 56559732, e: 56552088
#ERR  p: [4917], r: 153925, e: 153907
#ERR  p: [1177355], r: 37714270, e: 37709017
#ERR  p: [588679], r: 18842248, e: 18839746
#ERR  p: [1766030], r: 56559755, e: 56552103
#ERR  p: [4918], r: 153935, e: 153925
#ERR  p: [1177356], r: 37714285, e: 37709072
#ERR  p: [588680], r: 18842278, e: 18839755
#ERR  p: [1766031], r: 56559839, e: 56552113
#ERR  p: [4919], r: 153966, e: 153935
#ERR  p: [1177357], r: 37714374, e: 37709078
#ERR  p: [588681], r: 18842298, e: 18839767
#ERR  p: [1766032], r: 56559846, e: 56552118
#ERR  p: [4920], r: 153977, e: 153966
#ERR  p: [1177358], r: 37714564, e: 37709093
#ERR  p: [588682], r: 18842405, e: 18839772
#ERR  p: [1766033], r: 56559849, e: 56552189
#ERR  p: [4921], r: 154013, e: 153977
#ERR  p: [1177359], r: 37714568, e: 37709140
#ERR  p: [588683], r: 18842568, e: 18839779
#ERR  p: [1766034], r: 56559850, e: 56552221
#ERR  p: [4922], r: 154040, e: 154013
#ERR  p: [1177360], r: 37714573, e: 37709154
#ERR  p: [588684], r: 18842588, e: 18839786
#ERR  p: [1766035], r: 56559949, e: 56552226
#ERR  p: [4923], r: 154062, e: 154040
#ERR  p: [1177361], r: 37714628, e: 37709161
#ERR  p: [588685], r: 18842606, e: 18839814
#ERR  p: [1766036], r: 56559977, e: 56552255
#ERR  p: [4924], r: 154078, e: 154062
#ERR  p: [1177362], r: 37714634, e: 37709169
#ERR  p: [588686], r: 18842633, e: 18839842
#ERR  p: [1766037], r: 56559995, e: 56552255
#ERR  p: [4925], r: 154170, e: 154078
#ERR  p: [1177363], r: 37714649, e: 37709229
#ERR  p: [588687], r: 18842849, e: 18839851
#ERR  p: [1766038], r: 56560054, e: 56552268
#ERR  p: [4926], r: 154184, e: 154170
#ERR  p: [1177364], r: 37714667, e: 37709240
#ERR  p: [588688], r: 18842875, e: 18839921
#ERR  p: [1766039], r: 56560110, e: 56552297
#ERR  p: [4927], r: 154205, e: 154184
#ERR  p: [1177365], r: 37714676, e: 37709245
#ERR  p: [588689], r: 18842877, e: 18839931
#ERR  p: [1766040], r: 56560117, e: 56552329
#ERR  p: [4928], r: 154218, e: 154205
#ERR  p: [1177366], r: 37714716, e: 37709258
#ERR  p: [588690], r: 18842915, e: 18839932
#ERR  p: [1766041], r: 56560166, e: 56552364
#ERR  p: [4929], r: 154256, e: 154218
#ERR  p: [1177367], r: 37714737, e: 37709260
#ERR  p: [588691], r: 18842983, e: 18839936
#ERR  p: [1766042], r: 56560208, e: 56552380
#ERR  p: [4930], r: 154395, e: 154256
#ERR  p: [1177368], r: 37714751, e: 37709271
#ERR  p: [588692], r: 18842997, e: 18840012
#ERR  p: [1766043], r: 56560262, e: 56552392
#ERR  p: [4931], r: 154439, e: 154395
#ERR  p: [1177369], r: 37714765, e: 37709290
#ERR  p: [588693], r: 18843006, e: 18840062
#ERR  p: [1766044], r: 56560367, e: 56552410
#ERR  p: [4932], r: 154500, e: 154439
#ERR  p: [1177370], r: 37714795, e: 37709360
#ERR  p: [588694], r: 18843053, e: 18840091
#ERR  p: [1766045], r: 56560418, e: 56552415
#ERR  p: [4933], r: 154541, e: 154500
#ERR  p: [1177371], r: 37714889, e: 37709390
#ERR  p: [588695], r: 18843101, e: 18840118
#ERR  p: [1766046], r: 56560473, e: 56552463
#ERR  p: [4934], r: 154562, e: 154541
#ERR  p: [1177372], r: 37715036, e: 37709406
#ERR  p: [588696], r: 18843107, e: 18840131
#ERR  p: [1766047], r: 56560491, e: 56552467
#ERR  p: [4935], r: 154574, e: 154562
#ERR  p: [1177373], r: 37715058, e: 37709455
#ERR  p: [588697], r: 18843144, e: 18840157
#ERR  p: [1766048], r: 56560501, e: 56552553
#ERR  p: [4936], r: 154581, e: 154574
#ERR  p: [1177374], r: 37715074, e: 37709485
#ERR  p: [588698], r: 18843277, e: 18840233
#ERR  p: [1766049], r: 56560605, e: 56552562
#ERR  p: [4937], r: 154583, e: 154581
#ERR  p: [1177375], r: 37715120, e: 37709515
#ERR  p: [588699], r: 18843283, e: 18840257
#ERR  p: [1766050], r: 56560621, e: 56552593
#ERR  p: [4938], r: 154623, e: 154583
#ERR  p: [1177376], r: 37715219, e: 37709545
#ERR  p: [588700], r: 18843330, e: 18840278
#ERR  p: [1766051], r: 56560697, e: 56552598
#ERR  p: [4939], r: 154668, e: 154623
#ERR  p: [1177377], r: 37715231, e: 37709577
#ERR  p: [588701], r: 18843332, e: 18840319
#ERR  p: [1766052], r: 56560771, e: 56552599
#ERR  p: [4940], r: 154676, e: 154668
#ERR  p: [1177378], r: 37715245, e: 37709594
#ERR  p: [588702], r: 18843393, e: 18840334
#ERR  p: [1766053], r: 56560797, e: 56552613
#ERR  p: [4941], r: 154739, e: 154676
#ERR  p: [1177379], r: 37715273, e: 37709598
#ERR  p: [588703], r: 18843402, e: 18840371
#ERR  p: [1766054], r: 56560814, e: 56552627
#ERR  p: [4942], r: 154832, e: 154739
#ERR  p: [1177380], r: 37715276, e: 37709630
#ERR  p: [588704], r: 18843431, e: 18840598
#ERR  p: [1766055], r: 56560855, e: 56552672
#ERR  p: [4943], r: 154857, e: 154832
#ERR  p: [1177381], r: 37715299, e: 37709726
#ERR  p: [588705], r: 18843449, e: 18840607
#ERR  p: [1766056], r: 56560858, e: 56552678
#ERR  p: [4944], r: 154861, e: 154857
#ERR  p: [1177382], r: 37715333, e: 37709748
#ERR  p: [588706], r: 18843488, e: 18840609
#ERR  p: [1766057], r: 56560966, e: 56552690
#ERR  p: [4945], r: 154864, e: 154861
#ERR  p: [1177383], r: 37715363, e: 37709766
#ERR  p: [588707], r: 18843500, e: 18840670
#ERR  p: [1766058], r: 56560988, e: 56552716
#ERR  p: [4946], r: 154910, e: 154864
#ERR  p: [1177384], r: 37715375, e: 37709813
#ERR  p: [588708], r: 18843515, e: 18840682
#ERR  p: [1766059], r: 56560997, e: 56552804
#ERR  p: [4947], r: 154935, e: 154910
#ERR  p: [1177385], r: 37715375, e: 37709830
#ERR  p: [588709], r: 18843520, e: 18840682
#ERR  p: [1766060], r: 56561003, e: 56552846
#ERR  p: [4948], r: 154966, e: 154935
#ERR  p: [1177386], r: 37715377, e: 37709834
#ERR  p: [588710], r: 18843528, e: 18840708
#ERR  p: [1766061], r: 56561005, e: 56552861
#ERR  p: [4949], r: 155035, e: 154966
#ERR  p: [1177387], r: 37715390, e: 37709846
#ERR  p: [588711], r: 18843533, e: 18840795
#ERR  p: [1766062], r: 56561037, e: 56552918
#ERR  p: [4950], r: 155046, e: 155035
#ERR  p: [1177388], r: 37715421, e: 37709847
#ERR  p: [588712], r: 18843535, e: 18840802
#ERR  p: [1766063], r: 56561086, e: 56552919
#ERR  p: [4951], r: 155056, e: 155046
#ERR  p: [1177389], r: 37715444, e: 37709907
#ERR  p: [588713], r: 18843546, e: 18840842
#ERR  p: [1766064], r: 56561093, e: 56553007
#ERR  p: [4952], r: 155059, e: 155056
#ERR  p: [1177390], r: 37715446, e: 37709909
#ERR  p: [588714], r: 18843552, e: 18840853
#ERR  p: [1766065], r: 56561115, e: 56553018
#ERR  p: [4953], r: 155169, e: 155059
#ERR  p: [1177391], r: 37715474, e: 37709911
#ERR  p: [588715], r: 18843573, e: 18840920
#ERR  p: [1766066], r: 56561123, e: 56553050
#ERR  p: [4954], r: 155174, e: 155169
#ERR  p: [1177392], r: 37715531, e: 37709935
#ERR  p: [588716], r: 18843613, e: 18840940
#ERR  p: [1766067], r: 56561129, e: 56553084
#ERR  p: [4955], r: 155215, e: 155174
#ERR  p: [1177393], r: 37715638, e: 37709948
#ERR  p: [588717], r: 18843620, e: 18841093
#ERR  p: [1766068], r: 56561174, e: 56553099
#ERR  p: [4956], r: 155224, e: 155215
#ERR  p: [1177394], r: 37715642, e: 37709976
#ERR  p: [588718], r: 18843672, e: 18841101
#ERR  p: [1766069], r: 56561179, e: 56553119
#ERR  p: [4957], r: 155245, e: 155224
#ERR  p: [1177395], r: 37715687, e: 37710002
#ERR  p: [588719], r: 18843704, e: 18841117
#ERR  p: [1766070], r: 56561238, e: 56553138
#ERR  p: [4958], r: 155306, e: 155245
#ERR  p: [1177396], r: 37715701, e: 37710004
#ERR  p: [588720], r: 18843746, e: 18841128
#ERR  p: [1766071], r: 56561253, e: 56553226
#ERR  p: [4959], r: 155338, e: 155306
#ERR  p: [1177397], r: 37715790, e: 37710019
#ERR  p: [588721], r: 18843756, e: 18841134
#ERR  p: [1766072], r: 56561262, e: 56553288
#ERR  p: [4960], r: 155378, e: 155338
#ERR  p: [1177398], r: 37715797, e: 37710058
#ERR  p: [588722], r: 18843833, e: 18841137
#ERR  p: [1766073], r: 56561264, e: 56553312
#ERR  p: [4961], r: 155388, e: 155378
#ERR  p: [1177399], r: 37715865, e: 37710129
#ERR  p: [588723], r: 18843906, e: 18841139
#ERR  p: [1766074], r: 56561264, e: 56553358
#ERR  p: [4962], r: 155424, e: 155388
#ERR  p: [1177400], r: 37715899, e: 37710133
#ERR  p: [588724], r: 18843906, e: 18841139
#ERR  p: [1766075], r: 56561285, e: 56553361
#ERR  p: [4963], r: 155458, e: 155424
#ERR  p: [1177401], r: 37715929, e: 37710148
#ERR  p: [588725], r: 18843947, e: 18841161
#ERR  p: [1766076], r: 56561303, e: 56553443
#ERR  p: [4964], r: 155494, e: 155458
#ERR  p: [1177402], r: 37715951, e: 37710219
#ERR  p: [588726], r: 18843964, e: 18841194
#ERR  p: [1766077], r: 56561359, e: 56553490
#ERR  p: [4965], r: 155512, e: 155494
#ERR  p: [1177403], r: 37715977, e: 37710312
#ERR  p: [588727], r: 18843989, e: 18841229
#ERR  p: [1766078], r: 56561438, e: 56553542
#ERR  p: [4966], r: 155551, e: 155512
#ERR  p: [1177404], r: 37716021, e: 37710322
#ERR  p: [588728], r: 18844038, e: 18841253
#ERR  p: [1766079], r: 56561471, e: 56553544
#ERR  p: [4967], r: 155570, e: 155551
#ERR  p: [1177405], r: 37716076, e: 37710396
#ERR  p: [588729], r: 18844040, e: 18841274
#ERR  p: [1766080], r: 56561500, e: 56553569
#ERR  p: [4968], r: 155602, e: 155570
#ERR  p: [1177406], r: 37716203, e: 37710398
#ERR  p: [588730], r: 18844047, e: 18841283
#ERR  p: [1766081], r: 56561536, e: 56553606
#ERR  p: [4969], r: 155605, e: 155602
#ERR  p: [1177407], r: 37716218, e: 37710413
#ERR  p: [588731], r: 18844048, e: 18841334
#ERR  p: [1766082], r: 56561560, e: 56553624
#ERR  p: [4970], r: 155633, e: 155605
#ERR  p: [1177408], r: 37716244, e: 37710432
#ERR  p: [588732], r: 18844070, e: 18841383
#ERR  p: [1766083], r: 56561570, e: 56553635
#ERR  p: [4971], r: 155716, e: 155633
#ERR  p: [1177409], r: 37716261, e: 37710440
#ERR  p: [588733], r: 18844143, e: 18841391
#ERR  p: [1766084], r: 56561660, e: 56553657
#ERR  p: [4972], r: 155733, e: 155716
#ERR  p: [1177410], r: 37716265, e: 37710512
#ERR  p: [588734], r: 18844152, e: 18841399
#ERR  p: [1766085], r: 56561680, e: 56553662
#ERR  p: [4973], r: 155737, e: 155733
#ERR  p: [1177411], r: 37716271, e: 37710531
#ERR  p: [588735], r: 18844167, e: 18841448
#ERR  p: [1766086], r: 56561702, e: 56553672
#ERR  p: [4974], r: 155741, e: 155737
#ERR  p: [1177412], r: 37716293, e: 37710545
#ERR  p: [588736], r: 18844170, e: 18841478
#ERR  p: [1766087], r: 56561726, e: 56553682
#ERR  p: [4975], r: 155782, e: 155741
#ERR  p: [1177413], r: 37716380, e: 37710556
#ERR  p: [588737], r: 18844174, e: 18841481
#ERR  p: [1766088], r: 56561765, e: 56553819
#ERR  p: [4976], r: 155809, e: 155782
#ERR  p: [1177414], r: 37716464, e: 37710584
#ERR  p: [588738], r: 18844198, e: 18841492
#ERR  p: [1766089], r: 56561781, e: 56553827
#ERR  p: [4977], r: 155849, e: 155809
#ERR  p: [1177415], r: 37716524, e: 37710611
#ERR  p: [588739], r: 18844224, e: 18841548
#ERR  p: [1766090], r: 56561794, e: 56553834
#ERR  p: [4978], r: 155871, e: 155849
#ERR  p: [1177416], r: 37716549, e: 37710625
#ERR  p: [588740], r: 18844243, e: 18841592
#ERR  p: [1766091], r: 56561865, e: 56553841
#ERR  p: [4979], r: 155882, e: 155871
#ERR  p: [1177417], r: 37716582, e: 37710633
#ERR  p: [588741], r: 18844282, e: 18841605
#ERR  p: [1766092], r: 56561880, e: 56553874
#ERR  p: [4980], r: 155903, e: 155882
#ERR  p: [1177418], r: 37716600, e: 37710663
#ERR  p: [588742], r: 18844333, e: 18841662
#ERR  p: [1766093], r: 56561936, e: 56553882
#ERR  p: [4981], r: 155904, e: 155903
#ERR  p: [1177419], r: 37716620, e: 37710681
#ERR  p: [588743], r: 18844337, e: 18841678
#ERR  p: [1766094], r: 56561944, e: 56553920
#ERR  p: [4982], r: 155925, e: 155904
#ERR  p: [1177420], r: 37716625, e: 37710761
#ERR  p: [588744], r: 18844399, e: 18841749
#ERR  p: [1766095], r: 56561946, e: 56553993
#ERR  p: [4983], r: 155968, e: 155925
#ERR  p: [1177421], r: 37716733, e: 37710767
#ERR  p: [588745], r: 18844475, e: 18841754
#ERR  p: [1766096], r: 56561953, e: 56554060
#ERR  p: [4984], r: 156010, e: 155968
#ERR  p: [1177422], r: 37716793, e: 37710770
#ERR  p: [588746], r: 18844502, e: 18841838
#ERR  p: [1766097], r: 56561986, e: 56554114
#ERR  p: [4985], r: 156024, e: 156010
#ERR  p: [1177423], r: 37716795, e: 37710803
#ERR  p: [588747], r: 18844525, e: 18841850
#ERR  p: [1766098], r: 56562129, e: 56554158
#ERR  p: [4986], r: 156025, e: 156024
#ERR  p: [1177424], r: 37716815, e: 37710820
#ERR  p: [588748], r: 18844551, e: 18841867
#ERR  p: [1766099], r: 56562146, e: 56554159
#ERR  p: [4987], r: 156031, e: 156025
#ERR  p: [1177425], r: 37716829, e: 37710882
#ERR  p: [588749], r: 18844569, e: 18841873
#ERR  p: [1766100], r: 56562149, e: 56554251
#ERR  p: [4988], r: 156062, e: 156031
#ERR  p: [1177426], r: 37716857, e: 37710938
#ERR  p: [588750], r: 18844608, e: 18841875
#ERR  p: [1766101], r: 56562199, e: 56554270
#ERR  p: [4989], r: 156063, e: 156062
#ERR  p: [1177427], r: 37716858, e: 37711067
#ERR  p: [588751], r: 18844638, e: 18841937
#ERR  p: [1766102], r: 56562199, e: 56554298
#ERR  p: [4990], r: 156068, e: 156063
#ERR  p: [1177428], r: 37716876, e: 37711134
#ERR  p: [588752], r: 18844722, e: 18841948
#ERR  p: [1766103], r: 56562220, e: 56554306
#ERR  p: [4991], r: 156129, e: 156068
#ERR  p: [1177429], r: 37716890, e: 37711188
#ERR  p: [588753], r: 18844726, e: 18842011
#ERR  p: [1766104], r: 56562347, e: 56554323
#ERR  p: [4992], r: 156191, e: 156129
#ERR  p: [1177430], r: 37716894, e: 37711195
#ERR  p: [588754], r: 18844727, e: 18842020
#ERR  p: [1766105], r: 56562396, e: 56554376
#ERR  p: [4993], r: 156208, e: 156191
#ERR  p: [1177431], r: 37716897, e: 37711208
#ERR  p: [588755], r: 18844757, e: 18842036
#ERR  p: [1766106], r: 56562482, e: 56554429
#ERR  p: [4994], r: 156211, e: 156208
#ERR  p: [1177432], r: 37716910, e: 37711279
#ERR  p: [588756], r: 18844761, e: 18842073
#ERR  p: [1766107], r: 56562490, e: 56554438
#ERR  p: [4995], r: 156212, e: 156211
#ERR  p: [1177433], r: 37717016, e: 37711312
#ERR  p: [588757], r: 18844762, e: 18842137
#ERR  p: [1766108], r: 56562601, e: 56554439
#ERR  p: [4996], r: 156233, e: 156212
#ERR  p: [1177434], r: 37717085, e: 37711353
#ERR  p: [588758], r: 18844776, e: 18842149
#ERR  p: [1766109], r: 56562651, e: 56554495
#ERR  p: [4997], r: 156251, e: 156233
#ERR  p: [1177435], r: 37717179, e: 37711450
#ERR  p: [588759], r: 18844930, e: 18842166
#ERR  p: [1766110], r: 56562694, e: 56554561
#ERR  p: [4998], r: 156265, e: 156251
#ERR  p: [1177436], r: 37717186, e: 37711472
#ERR  p: [588760], r: 18844957, e: 18842177
#ERR  p: [1766111], r: 56562728, e: 56554573
#ERR  p: [4999], r: 156302, e: 156265
#ERR  p: [1177437], r: 37717191, e: 37711472
#ERR  p: [588761], r: 18845047, e: 18842179
#ERR  p: [1766112], r: 56562732, e: 56554591
#ERR  p: [5000], r: 156313, e: 156302
#ERR  p: [1177438], r: 37717248, e: 37711543
#ERR  p: [588762], r: 18845050, e: 18842208
#ERR  p: [1766113], r: 56562741, e: 56554611
#ERR  p: [5001], r: 156315, e: 156313
#ERR  p: [1177439], r: 37717265, e: 37711549
#ERR  p: [588763], r: 18845099, e: 18842224
#ERR  p: [1766114], r: 56562818, e: 56554806
#ERR  p: [5002], r: 156331, e: 156315
#ERR  p: [1177440], r: 37717360, e: 37711580
#ERR  p: [588764], r: 18845108, e: 18842248
#ERR  p: [1766115], r: 56562844, e: 56554855
#ERR  p: [5003], r: 156368, e: 156331
#ERR  p: [1177441], r: 37717370, e: 37711605
#ERR  p: [588765], r: 18845162, e: 18842278
#ERR  p: [1766116], r: 56562857, e: 56554946
#ERR  p: [5004], r: 156409, e: 156368
#ERR  p: [1177442], r: 37717379, e: 37711664
#ERR  p: [588766], r: 18845169, e: 18842298
#ERR  p: [1766117], r: 56562859, e: 56555077
#ERR  p: [5005], r: 156430, e: 156409
#ERR  p: [1177443], r: 37717382, e: 37711670
#ERR  p: [588767], r: 18845169, e: 18842405
#ERR  p: [1766118], r: 56562878, e: 56555098
#ERR  p: [5006], r: 156476, e: 156430
#ERR  p: [1177444], r: 37717390, e: 37711727
#ERR  p: [588768], r: 18845211, e: 18842568
#ERR  p: [1766119], r: 56562909, e: 56555103
#ERR  p: [5007], r: 156482, e: 156476
#ERR  p: [1177445], r: 37717402, e: 37711781
#ERR  p: [588769], r: 18845211, e: 18842588
#ERR  p: [1766120], r: 56562945, e: 56555107
#ERR  p: [5008], r: 156619, e: 156482
#ERR  p: [1177446], r: 37717434, e: 37711792
#ERR  p: [588770], r: 18845268, e: 18842606
#ERR  p: [1766121], r: 56563013, e: 56555140
#ERR  p: [5009], r: 156698, e: 156619
#ERR  p: [1177447], r: 37717439, e: 37711794
#ERR  p: [588771], r: 18845268, e: 18842633
#ERR  p: [1766122], r: 56563025, e: 56555162
#ERR  p: [5010], r: 156717, e: 156698
#ERR  p: [1177448], r: 37717440, e: 37711803
#ERR  p: [588772], r: 18845324, e: 18842849
#ERR  p: [1766123], r: 56563040, e: 56555181
#ERR  p: [5011], r: 156837, e: 156717
#ERR  p: [1177449], r: 37717450, e: 37711851
#ERR  p: [588773], r: 18845492, e: 18842875
#ERR  p: [1766124], r: 56563139, e: 56555203
#ERR  p: [5012], r: 156846, e: 156837
#ERR  p: [1177450], r: 37717460, e: 37711855
#ERR  p: [588774], r: 18845543, e: 18842877
#ERR  p: [1766125], r: 56563200, e: 56555219
#ERR  p: [5013], r: 156858, e: 156846
#ERR  p: [1177451], r: 37717464, e: 37711860
#ERR  p: [588775], r: 18845602, e: 18842915
#ERR  p: [1766126], r: 56563214, e: 56555221
#ERR  p: [5014], r: 156870, e: 156858
#ERR  p: [1177452], r: 37717500, e: 37711876
#ERR  p: [588776], r: 18845738, e: 18842983
#ERR  p: [1766127], r: 56563269, e: 56555244
#ERR  p: [5015], r: 156929, e: 156870
#ERR  p: [1177453], r: 37717583, e: 37711893
#ERR  p: [588777], r: 18845739, e: 18842997
#ERR  p: [1766128], r: 56563413, e: 56555279
#ERR  p: [5016], r: 156960, e: 156929
#ERR  p: [1177454], r: 37717604, e: 37711901
#ERR  p: [588778], r: 18845775, e: 18843006
#ERR  p: [1766129], r: 56563442, e: 56555287
#ERR  p: [5017], r: 156977, e: 156960
#ERR  p: [1177455], r: 37717607, e: 37711971
#ERR  p: [588779], r: 18845783, e: 18843053
#ERR  p: [1766130], r: 56563451, e: 56555389
#ERR  p: [5018], r: 156981, e: 156977
#ERR  p: [1177456], r: 37717626, e: 37712008
#ERR  p: [588780], r: 18845821, e: 18843101
#ERR  p: [1766131], r: 56563452, e: 56555406
#ERR  p: [5019], r: 157004, e: 156981
#ERR  p: [1177457], r: 37717655, e: 37712017
#ERR  p: [588781], r: 18845821, e: 18843107
#ERR  p: [1766132], r: 56563483, e: 56555448
#ERR  p: [5020], r: 157036, e: 157004
#ERR  p: [1177458], r: 37717672, e: 37712035
#ERR  p: [588782], r: 18845843, e: 18843144
#ERR  p: [1766133], r: 56563521, e: 56555473
#ERR  p: [5021], r: 157069, e: 157036
#ERR  p: [1177459], r: 37717703, e: 37712056
#ERR  p: [588783], r: 18845849, e: 18843277
#ERR  p: [1766134], r: 56563521, e: 56555483
#ERR  p: [5022], r: 157094, e: 157069
#ERR  p: [1177460], r: 37717737, e: 37712092
#ERR  p: [588784], r: 18845861, e: 18843283
#ERR  p: [1766135], r: 56563524, e: 56555517
#ERR  p: [5023], r: 157105, e: 157094
#ERR  p: [1177461], r: 37717794, e: 37712261
#ERR  p: [588785], r: 18845892, e: 18843330
#ERR  p: [1766136], r: 56563525, e: 56555570
#ERR  p: [5024], r: 157144, e: 157105
#ERR  p: [1177462], r: 37717802, e: 37712273
#ERR  p: [588786], r: 18845902, e: 18843332
#ERR  p: [1766137], r: 56563525, e: 56555574
#ERR  p: [5025], r: 157158, e: 157144
#ERR  p: [1177463], r: 37717937, e: 37712278
#ERR  p: [588787], r: 18845947, e: 18843393
#ERR  p: [1766138], r: 56563530, e: 56555610
#ERR  p: [5026], r: 157186, e: 157158
#ERR  p: [1177464], r: 37717960, e: 37712316
#ERR  p: [588788], r: 18845950, e: 18843402
#ERR  p: [1766139], r: 56563532, e: 56555623
#ERR  p: [5027], r: 157188, e: 157186
#ERR  p: [1177465], r: 37717980, e: 37712367
#ERR  p: [588789], r: 18846016, e: 18843431
#ERR  p: [1766140], r: 56563598, e: 56555697
#ERR  p: [5028], r: 157191, e: 157188
#ERR  p: [1177466], r: 37718008, e: 37712374
#ERR  p: [588790], r: 18846019, e: 18843449
#ERR  p: [1766141], r: 56563657, e: 56555739
#ERR  p: [5029], r: 157205, e: 157191
#ERR  p: [1177467], r: 37718010, e: 37712400
#ERR  p: [588791], r: 18846083, e: 18843488
#ERR  p: [1766142], r: 56563661, e: 56555752
#ERR  p: [5030], r: 157258, e: 157205
#ERR  p: [1177468], r: 37718022, e: 37712535
#ERR  p: [588792], r: 18846093, e: 18843500
#ERR  p: [1766143], r: 56563670, e: 56555755
#ERR  p: [5031], r: 157273, e: 157258
#ERR  p: [1177469], r: 37718040, e: 37712539
#ERR  p: [588793], r: 18846183, e: 18843515
#ERR  p: [1766144], r: 56563695, e: 56555900
#ERR  p: [5032], r: 157276, e: 157273
#ERR  p: [1177470], r: 37718120, e: 37712572
#ERR  p: [588794], r: 18846205, e: 18843520
#ERR  p: [1766145], r: 56563699, e: 56555914
#ERR  p: [5033], r: 157327, e: 157276
#ERR  p: [1177471], r: 37718246, e: 37712573
#ERR  p: [588795], r: 18846223, e: 18843528
#ERR  p: [1766146], r: 56563704, e: 56555924
#ERR  p: [5034], r: 157414, e: 157327
#ERR  p: [1177472], r: 37718333, e: 37712577
#ERR  p: [588796], r: 18846223, e: 18843533
#ERR  p: [1766147], r: 56563726, e: 56555955
#ERR  p: [5035], r: 157415, e: 157414
#ERR  p: [1177473], r: 37718341, e: 37712596
#ERR  p: [588797], r: 18846223, e: 18843535
#ERR  p: [1766148], r: 56563772, e: 56556025
#ERR  p: [5036], r: 157493, e: 157415
#ERR  p: [1177474], r: 37718376, e: 37712626
#ERR  p: [588798], r: 18846270, e: 18843546
#ERR  p: [1766149], r: 56563826, e: 56556104
#ERR  p: [5037], r: 157550, e: 157493
#SDC Ite:0 KerTime:94.992576 AccTime:94.992576 KerErr:1926576 AccErr:1926576
#ABORT too many errors per iteration
#END