#HEADER size:134217728 omp_num_threads:228
#BEGIN Y:2017 M:03 D:07 Time:19:19:46
#IT Ite:0 KerTime:47.550779 AccTime:47.550779
#ERR  p: [44876734], r: 1436029545, e: 1436029541
#ERR  p: [44876735], r: 1436029548, e: 1436029545
#ERR  p: [44876736], r: 1436029565, e: 1436029548
#ERR  p: [44876738], r: 1436029592, e: 1436029565
#ERR  p: [44876739], r: 1436029604, e: 1436029592
#ERR  p: [44876740], r: 1436029631, e: 1436029604
#ERR  p: [44876741], r: 1436029650, e: 1436029631
#ERR  p: [44876742], r: 1436029701, e: 1436029650
#ERR  p: [44876743], r: 1436029728, e: 1436029701
#ERR  p: [44876744], r: 1436029762, e: 1436029728
#ERR  p: [44876745], r: 1436029789, e: 1436029762
#ERR  p: [44876746], r: 1436029882, e: 1436029789
#ERR  p: [44876747], r: 1436029901, e: 1436029882
#ERR  p: [44876748], r: 1436029913, e: 1436029901
#ERR  p: [44876749], r: 1436029929, e: 1436029913
#ERR  p: [44876750], r: 1436029930, e: 1436029929
#ERR  p: [44876751], r: 1436029991, e: 1436029930
#ERR  p: [44876752], r: 1436029997, e: 1436029991
#ERR  p: [44876753], r: 1436030020, e: 1436029997
#ERR  p: [44876754], r: 1436030126, e: 1436030020
#ERR  p: [44876755], r: 1436030162, e: 1436030126
#ERR  p: [44876756], r: 1436030322, e: 1436030162
#ERR  p: [44876757], r: 1436030328, e: 1436030322
#ERR  p: [44876758], r: 1436030358, e: 1436030328
#ERR  p: [44876759], r: 1436030372, e: 1436030358
#ERR  p: [44876760], r: 1436030408, e: 1436030372
#ERR  p: [44876761], r: 1436030611, e: 1436030408
#ERR  p: [44876762], r: 1436030634, e: 1436030611
#ERR  p: [44876763], r: 1436030642, e: 1436030634
#ERR  p: [44876764], r: 1436030645, e: 1436030642
#ERR  p: [44876765], r: 1436030751, e: 1436030645
#ERR  p: [44876766], r: 1436030787, e: 1436030751
#ERR  p: [44876767], r: 1436030802, e: 1436030787
#ERR  p: [44876768], r: 1436030831, e: 1436030802
#ERR  p: [44876769], r: 1436030849, e: 1436030831
#ERR  p: [44876770], r: 1436030935, e: 1436030849
#ERR  p: [44876771], r: 1436030961, e: 1436030935
#ERR  p: [44876772], r: 1436030972, e: 1436030961
#ERR  p: [44876773], r: 1436030973, e: 1436030972
#ERR  p: [44876774], r: 1436031019, e: 1436030973
#ERR  p: [44876775], r: 1436031067, e: 1436031019
#ERR  p: [44876776], r: 1436031312, e: 1436031067
#ERR  p: [44876777], r: 1436031318, e: 1436031312
#ERR  p: [44876778], r: 1436031351, e: 1436031318
#ERR  p: [44876779], r: 1436031400, e: 1436031351
#ERR  p: [44876780], r: 1436031422, e: 1436031400
#ERR  p: [44876781], r: 1436031521, e: 1436031422
#ERR  p: [44876782], r: 1436031602, e: 1436031521
#ERR  p: [44876783], r: 1436031629, e: 1436031602
#ERR  p: [44876784], r: 1436031663, e: 1436031629
#ERR  p: [44876785], r: 1436031715, e: 1436031663
#ERR  p: [44876786], r: 1436031748, e: 1436031715
#ERR  p: [44876787], r: 1436031758, e: 1436031748
#ERR  p: [44876788], r: 1436031765, e: 1436031758
#ERR  p: [44876790], r: 1436031798, e: 1436031765
#ERR  p: [44876791], r: 1436031820, e: 1436031798
#ERR  p: [44876792], r: 1436031827, e: 1436031820
#ERR  p: [44876793], r: 1436031833, e: 1436031827
#ERR  p: [44876794], r: 1436031836, e: 1436031833
#ERR  p: [44876795], r: 1436031878, e: 1436031836
#ERR  p: [44876796], r: 1436031946, e: 1436031878
#ERR  p: [44876797], r: 1436031947, e: 1436031946
#ERR  p: [44876798], r: 1436031956, e: 1436031947
#ERR  p: [44876799], r: 1436031973, e: 1436031956
#ERR  p: [44876800], r: 1436031980, e: 1436031973
#ERR  p: [44876801], r: 1436031986, e: 1436031980
#ERR  p: [44876802], r: 1436032109, e: 1436031986
#ERR  p: [44876803], r: 1436032130, e: 1436032109
#ERR  p: [44876804], r: 1436032147, e: 1436032130
#ERR  p: [44876805], r: 1436032162, e: 1436032147
#ERR  p: [44876806], r: 1436032247, e: 1436032162
#ERR  p: [44876807], r: 1436032248, e: 1436032247
#ERR  p: [44876808], r: 1436032250, e: 1436032248
#ERR  p: [44876809], r: 1436032286, e: 1436032250
#ERR  p: [44876810], r: 1436032300, e: 1436032286
#ERR  p: [44876811], r: 1436032304, e: 1436032300
#ERR  p: [44876812], r: 1436032372, e: 1436032304
#ERR  p: [44876813], r: 1436032380, e: 1436032372
#ERR  p: [44876814], r: 1436032381, e: 1436032380
#ERR  p: [44876815], r: 1436032432, e: 1436032381
#ERR  p: [44876816], r: 1436032487, e: 1436032432
#ERR  p: [44876817], r: 1436032521, e: 1436032487
#ERR  p: [44876818], r: 1436032563, e: 1436032521
#ERR  p: [44876819], r: 1436032574, e: 1436032563
#ERR  p: [44876820], r: 1436032603, e: 1436032574
#ERR  p: [44876821], r: 1436032725, e: 1436032603
#ERR  p: [44876822], r: 1436032754, e: 1436032725
#ERR  p: [44876823], r: 1436032801, e: 1436032754
#ERR  p: [44876824], r: 1436032989, e: 1436032801
#ERR  p: [44876825], r: 1436033011, e: 1436032989
#ERR  p: [44876827], r: 1436033019, e: 1436033011
#ERR  p: [44876828], r: 1436033122, e: 1436033019
#ERR  p: [44876829], r: 1436033148, e: 1436033122
#ERR  p: [44876830], r: 1436033305, e: 1436033148
#ERR  p: [44876831], r: 1436033379, e: 1436033305
#ERR  p: [44876832], r: 1436033391, e: 1436033379
#ERR  p: [44876833], r: 1436033396, e: 1436033391
#ERR  p: [44876834], r: 1436033399, e: 1436033396
#ERR  p: [44876835], r: 1436033415, e: 1436033399
#ERR  p: [44876836], r: 1436033416, e: 1436033415
#ERR  p: [44876837], r: 1436033428, e: 1436033416
#ERR  p: [44876838], r: 1436033438, e: 1436033428
#ERR  p: [44876839], r: 1436033473, e: 1436033438
#ERR  p: [44876840], r: 1436033490, e: 1436033473
#ERR  p: [44876841], r: 1436033540, e: 1436033490
#ERR  p: [44876842], r: 1436033605, e: 1436033540
#ERR  p: [44876843], r: 1436033651, e: 1436033605
#ERR  p: [44876844], r: 1436033675, e: 1436033651
#ERR  p: [44876845], r: 1436033689, e: 1436033675
#ERR  p: [44876846], r: 1436033704, e: 1436033689
#ERR  p: [44876847], r: 1436033714, e: 1436033704
#ERR  p: [44876848], r: 1436033749, e: 1436033714
#ERR  p: [44876849], r: 1436033766, e: 1436033749
#ERR  p: [44876850], r: 1436033775, e: 1436033766
#ERR  p: [44876851], r: 1436033876, e: 1436033775
#ERR  p: [44876852], r: 1436033899, e: 1436033876
#ERR  p: [44876853], r: 1436033942, e: 1436033899
#ERR  p: [44876854], r: 1436034143, e: 1436033942
#ERR  p: [44876855], r: 1436034150, e: 1436034143
#ERR  p: [44876856], r: 1436034158, e: 1436034150
#ERR  p: [44876857], r: 1436034189, e: 1436034158
#ERR  p: [44876858], r: 1436034198, e: 1436034189
#ERR  p: [44876859], r: 1436034223, e: 1436034198
#ERR  p: [44876860], r: 1436034255, e: 1436034223
#ERR  p: [44876861], r: 1436034284, e: 1436034255
#ERR  p: [44876862], r: 1436034294, e: 1436034284
#ERR  p: [44876863], r: 1436034347, e: 1436034294
#ERR  p: [44876864], r: 1436034367, e: 1436034347
#ERR  p: [44876865], r: 1436034382, e: 1436034367
#ERR  p: [44876867], r: 1436034394, e: 1436034382
#ERR  p: [44876868], r: 1436034406, e: 1436034394
#ERR  p: [44876869], r: 1436034416, e: 1436034406
#ERR  p: [44876870], r: 1436034443, e: 1436034416
#ERR  p: [44876871], r: 1436034470, e: 1436034443
#ERR  p: [44876872], r: 1436034497, e: 1436034470
#ERR  p: [44876873], r: 1436034499, e: 1436034497
#ERR  p: [44876874], r: 1436034508, e: 1436034499
#ERR  p: [44876875], r: 1436034536, e: 1436034508
#ERR  p: [44876876], r: 1436034547, e: 1436034536
#ERR  p: [44876877], r: 1436034569, e: 1436034547
#ERR  p: [44876878], r: 1436034603, e: 1436034569
#ERR  p: [44876879], r: 1436034621, e: 1436034603
#ERR  p: [44876880], r: 1436034727, e: 1436034621
#ERR  p: [44876881], r: 1436034728, e: 1436034727
#ERR  p: [44876882], r: 1436034734, e: 1436034728
#ERR  p: [44876883], r: 1436034774, e: 1436034734
#ERR  p: [44876884], r: 1436034798, e: 1436034774
#ERR  p: [44876885], r: 1436034818, e: 1436034798
#ERR  p: [44876886], r: 1436034870, e: 1436034818
#ERR  p: [44876887], r: 1436034876, e: 1436034870
#ERR  p: [44876888], r: 1436034890, e: 1436034876
#ERR  p: [44876889], r: 1436034904, e: 1436034890
#ERR  p: [44876890], r: 1436034949, e: 1436034904
#ERR  p: [44876891], r: 1436034980, e: 1436034949
#ERR  p: [44876892], r: 1436035035, e: 1436034980
#ERR  p: [44876893], r: 1436035057, e: 1436035035
#ERR  p: [44876894], r: 1436035063, e: 1436035057
#ERR  p: [44876895], r: 1436035081, e: 1436035063
#ERR  p: [44876896], r: 1436035105, e: 1436035081
#ERR  p: [44876897], r: 1436035112, e: 1436035105
#ERR  p: [44876898], r: 1436035137, e: 1436035112
#ERR  p: [44876899], r: 1436035193, e: 1436035137
#ERR  p: [44876900], r: 1436035244, e: 1436035193
#ERR  p: [44876901], r: 1436035292, e: 1436035244
#ERR  p: [44876902], r: 1436035313, e: 1436035292
#ERR  p: [44876903], r: 1436035371, e: 1436035313
#ERR  p: [44876904], r: 1436035424, e: 1436035371
#ERR  p: [44876905], r: 1436035488, e: 1436035424
#ERR  p: [44876906], r: 1436035492, e: 1436035488
#ERR  p: [44876907], r: 1436035532, e: 1436035492
#ERR  p: [44876908], r: 1436035559, e: 1436035532
#ERR  p: [44876909], r: 1436035576, e: 1436035559
#ERR  p: [44876910], r: 1436035577, e: 1436035576
#ERR  p: [44876911], r: 1436035636, e: 1436035577
#ERR  p: [44876912], r: 1436035657, e: 1436035636
#ERR  p: [44876913], r: 1436035665, e: 1436035657
#ERR  p: [44876914], r: 1436035682, e: 1436035665
#ERR  p: [44876915], r: 1436035697, e: 1436035682
#ERR  p: [44876916], r: 1436035712, e: 1436035697
#ERR  p: [44876917], r: 1436035774, e: 1436035712
#ERR  p: [44876918], r: 1436035775, e: 1436035774
#ERR  p: [44876919], r: 1436035792, e: 1436035775
#ERR  p: [44876920], r: 1436035801, e: 1436035792
#ERR  p: [44876921], r: 1436035822, e: 1436035801
#ERR  p: [44876922], r: 1436035846, e: 1436035822
#ERR  p: [44876923], r: 1436035864, e: 1436035846
#ERR  p: [44876924], r: 1436035879, e: 1436035864
#ERR  p: [44876925], r: 1436035905, e: 1436035879
#ERR  p: [44876926], r: 1436035907, e: 1436035905
#ERR  p: [44876927], r: 1436035935, e: 1436035907
#ERR  p: [44876928], r: 1436035947, e: 1436035935
#ERR  p: [44876929], r: 1436035983, e: 1436035947
#ERR  p: [44876930], r: 1436036005, e: 1436035983
#ERR  p: [44876931], r: 1436036011, e: 1436036005
#ERR  p: [44876932], r: 1436036020, e: 1436036011
#ERR  p: [44876933], r: 1436036071, e: 1436036020
#ERR  p: [44876934], r: 1436036077, e: 1436036071
#ERR  p: [44876935], r: 1436036210, e: 1436036077
#ERR  p: [44876936], r: 1436036213, e: 1436036210
#ERR  p: [44876937], r: 1436036235, e: 1436036213
#ERR  p: [44876938], r: 1436036260, e: 1436036235
#ERR  p: [44876939], r: 1436036278, e: 1436036260
#ERR  p: [44876940], r: 1436036366, e: 1436036278
#ERR  p: [44876941], r: 1436036391, e: 1436036366
#ERR  p: [44876942], r: 1436036499, e: 1436036391
#ERR  p: [44876943], r: 1436036530, e: 1436036499
#ERR  p: [44876944], r: 1436036531, e: 1436036530
#ERR  p: [44876945], r: 1436036539, e: 1436036531
#ERR  p: [44876946], r: 1436036610, e: 1436036539
#ERR  p: [44876947], r: 1436036660, e: 1436036610
#ERR  p: [44876948], r: 1436036685, e: 1436036660
#ERR  p: [44876949], r: 1436036731, e: 1436036685
#ERR  p: [44876950], r: 1436036787, e: 1436036731
#ERR  p: [44876951], r: 1436036796, e: 1436036787
#ERR  p: [44876952], r: 1436036853, e: 1436036796
#ERR  p: [44876953], r: 1436036932, e: 1436036853
#ERR  p: [44876954], r: 1436036934, e: 1436036932
#ERR  p: [44876955], r: 1436037046, e: 1436036934
#ERR  p: [44876956], r: 1436037131, e: 1436037046
#ERR  p: [44876957], r: 1436037153, e: 1436037131
#ERR  p: [44876958], r: 1436037157, e: 1436037153
#ERR  p: [44876959], r: 1436037308, e: 1436037157
#ERR  p: [44876960], r: 1436037348, e: 1436037308
#ERR  p: [44876961], r: 1436037357, e: 1436037348
#ERR  p: [44876962], r: 1436037412, e: 1436037357
#ERR  p: [44876963], r: 1436037419, e: 1436037412
#ERR  p: [44876964], r: 1436037433, e: 1436037419
#ERR  p: [44876965], r: 1436037484, e: 1436037433
#ERR  p: [44876966], r: 1436037531, e: 1436037484
#ERR  p: [44876967], r: 1436037559, e: 1436037531
#ERR  p: [44876968], r: 1436037594, e: 1436037559
#ERR  p: [44876969], r: 1436037597, e: 1436037594
#ERR  p: [44876970], r: 1436037619, e: 1436037597
#ERR  p: [44876971], r: 1436037658, e: 1436037619
#ERR  p: [44876972], r: 1436037662, e: 1436037658
#ERR  p: [44876973], r: 1436037666, e: 1436037662
#ERR  p: [44876974], r: 1436037675, e: 1436037666
#ERR  p: [44876975], r: 1436037725, e: 1436037675
#ERR  p: [44876976], r: 1436037727, e: 1436037725
#ERR  p: [44876977], r: 1436037758, e: 1436037727
#ERR  p: [44876978], r: 1436037806, e: 1436037758
#ERR  p: [44876979], r: 1436037818, e: 1436037806
#ERR  p: [44876980], r: 1436037823, e: 1436037818
#ERR  p: [44876981], r: 1436037832, e: 1436037823
#ERR  p: [44876982], r: 1436037883, e: 1436037832
#ERR  p: [44876983], r: 1436037899, e: 1436037883
#ERR  p: [44876984], r: 1436037906, e: 1436037899
#ERR  p: [44876985], r: 1436037917, e: 1436037906
#ERR  p: [44876986], r: 1436037948, e: 1436037917
#ERR  p: [44876987], r: 1436037950, e: 1436037948
#ERR  p: [44876988], r: 1436037973, e: 1436037950
#ERR  p: [44876989], r: 1436037983, e: 1436037973
#ERR  p: [44876990], r: 1436038125, e: 1436037983
#ERR  p: [44876991], r: 1436038136, e: 1436038125
#ERR  p: [44876992], r: 1436038141, e: 1436038136
#ERR  p: [44876993], r: 1436038146, e: 1436038141
#ERR  p: [44876994], r: 1436038156, e: 1436038146
#ERR  p: [44876995], r: 1436038162, e: 1436038156
#ERR  p: [44876996], r: 1436038170, e: 1436038162
#ERR  p: [44876997], r: 1436038173, e: 1436038170
#ERR  p: [44876998], r: 1436038205, e: 1436038173
#ERR  p: [44876999], r: 1436038213, e: 1436038205
#ERR  p: [44877000], r: 1436038239, e: 1436038213
#ERR  p: [44877001], r: 1436038246, e: 1436038239
#ERR  p: [44877002], r: 1436038294, e: 1436038246
#ERR  p: [44877003], r: 1436038393, e: 1436038294
#ERR  p: [44877004], r: 1436038409, e: 1436038393
#ERR  p: [44877005], r: 1436038435, e: 1436038409
#ERR  p: [44877006], r: 1436038447, e: 1436038435
#ERR  p: [44877007], r: 1436038486, e: 1436038447
#ERR  p: [44877008], r: 1436038511, e: 1436038486
#ERR  p: [44877009], r: 1436038530, e: 1436038511
#ERR  p: [44877010], r: 1436038550, e: 1436038530
#ERR  p: [44877011], r: 1436038568, e: 1436038550
#ERR  p: [44877012], r: 1436038611, e: 1436038568
#ERR  p: [44877013], r: 1436038686, e: 1436038611
#ERR  p: [44877014], r: 1436038691, e: 1436038686
#ERR  p: [44877015], r: 1436038705, e: 1436038691
#ERR  p: [44877016], r: 1436038745, e: 1436038705
#ERR  p: [44877017], r: 1436038754, e: 1436038745
#ERR  p: [44877018], r: 1436038796, e: 1436038754
#ERR  p: [44877019], r: 1436038806, e: 1436038796
#ERR  p: [44877020], r: 1436038837, e: 1436038806
#ERR  p: [44877021], r: 1436038890, e: 1436038837
#ERR  p: [44877022], r: 1436038893, e: 1436038890
#ERR  p: [44877023], r: 1436038912, e: 1436038893
#ERR  p: [44877024], r: 1436038916, e: 1436038912
#ERR  p: [44877025], r: 1436039000, e: 1436038916
#ERR  p: [44877026], r: 1436039021, e: 1436039000
#ERR  p: [44877027], r: 1436039034, e: 1436039021
#ERR  p: [44877028], r: 1436039105, e: 1436039034
#ERR  p: [44877029], r: 1436039124, e: 1436039105
#ERR  p: [44877030], r: 1436039163, e: 1436039124
#ERR  p: [44877031], r: 1436039190, e: 1436039163
#ERR  p: [44877032], r: 1436039234, e: 1436039190
#ERR  p: [44877033], r: 1436039258, e: 1436039234
#ERR  p: [44877034], r: 1436039273, e: 1436039258
#ERR  p: [44877035], r: 1436039277, e: 1436039273
#ERR  p: [44877036], r: 1436039344, e: 1436039277
#ERR  p: [44877037], r: 1436039363, e: 1436039344
#ERR  p: [44877038], r: 1436039417, e: 1436039363
#ERR  p: [44877039], r: 1436039431, e: 1436039417
#ERR  p: [44877040], r: 1436039443, e: 1436039431
#ERR  p: [44877041], r: 1436039477, e: 1436039443
#ERR  p: [44877042], r: 1436039534, e: 1436039477
#ERR  p: [44877043], r: 1436039576, e: 1436039534
#ERR  p: [44877044], r: 1436039616, e: 1436039576
#ERR  p: [44877045], r: 1436039647, e: 1436039616
#ERR  p: [44877047], r: 1436039648, e: 1436039647
#ERR  p: [44877048], r: 1436039653, e: 1436039648
#ERR  p: [44877049], r: 1436039737, e: 1436039653
#ERR  p: [44877050], r: 1436039748, e: 1436039737
#ERR  p: [44877051], r: 1436039781, e: 1436039748
#ERR  p: [44877052], r: 1436039787, e: 1436039781
#ERR  p: [44877053], r: 1436039828, e: 1436039787
#ERR  p: [44877054], r: 1436039849, e: 1436039828
#ERR  p: [44877055], r: 1436039852, e: 1436039849
#ERR  p: [44877056], r: 1436039903, e: 1436039852
#ERR  p: [44877057], r: 1436039932, e: 1436039903
#ERR  p: [44877058], r: 1436040011, e: 1436039932
#ERR  p: [44877059], r: 1436040079, e: 1436040011
#ERR  p: [44877060], r: 1436040080, e: 1436040079
#ERR  p: [44877061], r: 1436040082, e: 1436040080
#ERR  p: [44877062], r: 1436040097, e: 1436040082
#ERR  p: [44877063], r: 1436040115, e: 1436040097
#ERR  p: [44877064], r: 1436040136, e: 1436040115
#ERR  p: [44877065], r: 1436040162, e: 1436040136
#ERR  p: [44877066], r: 1436040239, e: 1436040162
#ERR  p: [44877067], r: 1436040254, e: 1436040239
#ERR  p: [44877068], r: 1436040255, e: 1436040254
#ERR  p: [44877069], r: 1436040371, e: 1436040255
#ERR  p: [44877070], r: 1436040404, e: 1436040371
#ERR  p: [44877071], r: 1436040405, e: 1436040404
#ERR  p: [44877072], r: 1436040458, e: 1436040405
#ERR  p: [44877073], r: 1436040468, e: 1436040458
#ERR  p: [44877074], r: 1436040553, e: 1436040468
#ERR  p: [44877075], r: 1436040560, e: 1436040553
#ERR  p: [44877076], r: 1436040583, e: 1436040560
#ERR  p: [44877077], r: 1436040614, e: 1436040583
#ERR  p: [44877078], r: 1436040658, e: 1436040614
#ERR  p: [44877079], r: 1436040745, e: 1436040658
#ERR  p: [44877080], r: 1436040759, e: 1436040745
#ERR  p: [44877081], r: 1436040801, e: 1436040759
#ERR  p: [44877082], r: 1436040812, e: 1436040801
#ERR  p: [44877083], r: 1436040818, e: 1436040812
#ERR  p: [44877084], r: 1436040843, e: 1436040818
#ERR  p: [44877085], r: 1436040888, e: 1436040843
#ERR  p: [44877086], r: 1436040980, e: 1436040888
#ERR  p: [44877087], r: 1436041008, e: 1436040980
#ERR  p: [44877088], r: 1436041026, e: 1436041008
#ERR  p: [44877089], r: 1436041027, e: 1436041026
#ERR  p: [44877090], r: 1436041053, e: 1436041027
#ERR  p: [44877091], r: 1436041175, e: 1436041053
#ERR  p: [44877092], r: 1436041188, e: 1436041175
#ERR  p: [44877093], r: 1436041220, e: 1436041188
#ERR  p: [44877094], r: 1436041227, e: 1436041220
#ERR  p: [44877095], r: 1436041289, e: 1436041227
#ERR  p: [44877096], r: 1436041312, e: 1436041289
#ERR  p: [44877097], r: 1436041335, e: 1436041312
#ERR  p: [44877098], r: 1436041358, e: 1436041335
#ERR  p: [44877099], r: 1436041456, e: 1436041358
#ERR  p: [44877100], r: 1436041515, e: 1436041456
#ERR  p: [44877101], r: 1436041529, e: 1436041515
#ERR  p: [44877102], r: 1436041530, e: 1436041529
#ERR  p: [44877103], r: 1436041537, e: 1436041530
#ERR  p: [44877104], r: 1436041548, e: 1436041537
#ERR  p: [44877105], r: 1436041620, e: 1436041548
#ERR  p: [44877106], r: 1436041636, e: 1436041620
#ERR  p: [44877107], r: 1436041683, e: 1436041636
#ERR  p: [44877108], r: 1436041707, e: 1436041683
#ERR  p: [44877109], r: 1436041724, e: 1436041707
#ERR  p: [44877110], r: 1436041812, e: 1436041724
#ERR  p: [44877111], r: 1436041828, e: 1436041812
#ERR  p: [44877112], r: 1436041840, e: 1436041828
#ERR  p: [44877113], r: 1436041892, e: 1436041840
#ERR  p: [44877114], r: 1436041919, e: 1436041892
#ERR  p: [44877115], r: 1436041950, e: 1436041919
#ERR  p: [44877116], r: 1436042071, e: 1436041950
#ERR  p: [44877117], r: 1436042146, e: 1436042071
#ERR  p: [44877118], r: 1436042165, e: 1436042146
#ERR  p: [44877119], r: 1436042178, e: 1436042165
#ERR  p: [44877121], r: 1436042195, e: 1436042178
#ERR  p: [44877122], r: 1436042226, e: 1436042195
#ERR  p: [44877123], r: 1436042272, e: 1436042226
#ERR  p: [44877124], r: 1436042319, e: 1436042272
#ERR  p: [44877125], r: 1436042320, e: 1436042319
#ERR  p: [44877126], r: 1436042324, e: 1436042320
#ERR  p: [44877127], r: 1436042332, e: 1436042324
#ERR  p: [44877128], r: 1436042361, e: 1436042332
#ERR  p: [44877129], r: 1436042375, e: 1436042361
#ERR  p: [44877130], r: 1436042396, e: 1436042375
#ERR  p: [44877131], r: 1436042397, e: 1436042396
#ERR  p: [44877132], r: 1436042489, e: 1436042397
#ERR  p: [44877133], r: 1436042496, e: 1436042489
#ERR  p: [44877134], r: 1436042513, e: 1436042496
#ERR  p: [44877135], r: 1436042554, e: 1436042513
#ERR  p: [44877136], r: 1436042594, e: 1436042554
#ERR  p: [44877137], r: 1436042620, e: 1436042594
#ERR  p: [44877138], r: 1436042701, e: 1436042620
#ERR  p: [44877139], r: 1436042703, e: 1436042701
#ERR  p: [44877140], r: 1436042802, e: 1436042703
#ERR  p: [44877142], r: 1436042803, e: 1436042802
#ERR  p: [44877143], r: 1436042873, e: 1436042803
#ERR  p: [44877144], r: 1436042957, e: 1436042873
#ERR  p: [44877145], r: 1436043036, e: 1436042957
#ERR  p: [44877146], r: 1436043037, e: 1436043036
#ERR  p: [44877147], r: 1436043041, e: 1436043037
#ERR  p: [44877148], r: 1436043044, e: 1436043041
#ERR  p: [44877149], r: 1436043164, e: 1436043044
#ERR  p: [44877150], r: 1436043180, e: 1436043164
#ERR  p: [44877151], r: 1436043181, e: 1436043180
#ERR  p: [44877152], r: 1436043240, e: 1436043181
#ERR  p: [44877153], r: 1436043287, e: 1436043240
#ERR  p: [44877154], r: 1436043468, e: 1436043287
#ERR  p: [44877155], r: 1436043481, e: 1436043468
#ERR  p: [44877156], r: 1436043570, e: 1436043481
#ERR  p: [44877157], r: 1436043577, e: 1436043570
#ERR  p: [44877158], r: 1436043690, e: 1436043577
#ERR  p: [44877159], r: 1436043740, e: 1436043690
#ERR  p: [44877160], r: 1436043764, e: 1436043740
#ERR  p: [44877161], r: 1436043767, e: 1436043764
#ERR  p: [44877162], r: 1436043770, e: 1436043767
#ERR  p: [44877164], r: 1436043818, e: 1436043770
#ERR  p: [44877165], r: 1436043895, e: 1436043818
#ERR  p: [44877166], r: 1436043896, e: 1436043895
#ERR  p: [44877167], r: 1436043934, e: 1436043896
#ERR  p: [44877168], r: 1436043982, e: 1436043934
#ERR  p: [44877169], r: 1436044041, e: 1436043982
#ERR  p: [44877170], r: 1436044141, e: 1436044041
#ERR  p: [44877171], r: 1436044142, e: 1436044141
#ERR  p: [44877172], r: 1436044177, e: 1436044142
#ERR  p: [44877173], r: 1436044198, e: 1436044177
#ERR  p: [44877174], r: 1436044202, e: 1436044198
#ERR  p: [44877175], r: 1436044233, e: 1436044202
#ERR  p: [44877176], r: 1436044273, e: 1436044233
#ERR  p: [44877177], r: 1436044301, e: 1436044273
#ERR  p: [44877178], r: 1436044308, e: 1436044301
#ERR  p: [44877179], r: 1436044372, e: 1436044308
#ERR  p: [44877180], r: 1436044483, e: 1436044372
#ERR  p: [44877181], r: 1436044499, e: 1436044483
#ERR  p: [44877182], r: 1436044508, e: 1436044499
#ERR  p: [44877183], r: 1436044537, e: 1436044508
#ERR  p: [44877184], r: 1436044581, e: 1436044537
#ERR  p: [44877185], r: 1436044598, e: 1436044581
#ERR  p: [44877186], r: 1436044656, e: 1436044598
#ERR  p: [44877187], r: 1436044663, e: 1436044656
#ERR  p: [44877188], r: 1436044686, e: 1436044663
#ERR  p: [44877189], r: 1436044695, e: 1436044686
#ERR  p: [44877190], r: 1436044711, e: 1436044695
#ERR  p: [44877191], r: 1436044727, e: 1436044711
#ERR  p: [44877192], r: 1436044842, e: 1436044727
#ERR  p: [44877193], r: 1436044875, e: 1436044842
#ERR  p: [44877194], r: 1436044889, e: 1436044875
#ERR  p: [44877195], r: 1436044936, e: 1436044889
#ERR  p: [44877196], r: 1436044958, e: 1436044936
#ERR  p: [44877197], r: 1436044969, e: 1436044958
#ERR  p: [44877198], r: 1436044996, e: 1436044969
#ERR  p: [44877199], r: 1436045011, e: 1436044996
#ERR  p: [44877200], r: 1436045032, e: 1436045011
#ERR  p: [44877201], r: 1436045114, e: 1436045032
#ERR  p: [44877202], r: 1436045188, e: 1436045114
#ERR  p: [44877203], r: 1436045208, e: 1436045188
#ERR  p: [44877204], r: 1436045231, e: 1436045208
#ERR  p: [44877205], r: 1436045288, e: 1436045231
#ERR  p: [44877206], r: 1436045313, e: 1436045288
#ERR  p: [44877207], r: 1436045332, e: 1436045313
#ERR  p: [44877208], r: 1436045369, e: 1436045332
#ERR  p: [44877209], r: 1436045386, e: 1436045369
#ERR  p: [44877210], r: 1436045397, e: 1436045386
#ERR  p: [44877211], r: 1436045398, e: 1436045397
#ERR  p: [44877212], r: 1436045407, e: 1436045398
#ERR  p: [44877213], r: 1436045417, e: 1436045407
#ERR  p: [44877214], r: 1436045422, e: 1436045417
#ERR  p: [44877215], r: 1436045486, e: 1436045422
#ERR  p: [44877216], r: 1436045497, e: 1436045486
#ERR  p: [44877217], r: 1436045536, e: 1436045497
#ERR  p: [44877218], r: 1436045551, e: 1436045536
#ERR  p: [44877219], r: 1436045555, e: 1436045551
#ERR  p: [44877220], r: 1436045614, e: 1436045555
#ERR  p: [44877221], r: 1436045659, e: 1436045614
#ERR  p: [44877222], r: 1436045663, e: 1436045659
#ERR  p: [44877223], r: 1436045685, e: 1436045663
#ERR  p: [44877224], r: 1436045704, e: 1436045685
#ERR  p: [44877225], r: 1436045708, e: 1436045704
#ERR  p: [44877226], r: 1436045777, e: 1436045708
#ERR  p: [44877227], r: 1436045790, e: 1436045777
#ERR  p: [44877228], r: 1436045895, e: 1436045790
#ERR  p: [44877229], r: 1436045915, e: 1436045895
#ERR  p: [44877230], r: 1436045955, e: 1436045915
#ERR  p: [44877231], r: 1436045975, e: 1436045955
#ERR  p: [44877232], r: 1436045998, e: 1436045975
#ERR  p: [44877233], r: 1436046028, e: 1436045998
#ERR  p: [44877234], r: 1436046035, e: 1436046028
#ERR  p: [44877235], r: 1436046049, e: 1436046035
#ERR  p: [44877236], r: 1436046088, e: 1436046049
#ERR  p: [44877237], r: 1436046109, e: 1436046088
#ERR  p: [44877238], r: 1436046115, e: 1436046109
#ERR  p: [44877239], r: 1436046145, e: 1436046115
#ERR  p: [44877240], r: 1436046149, e: 1436046145
#ERR  p: [44877241], r: 1436046163, e: 1436046149
#SDC Ite:0 KerTime:47.550779 AccTime:47.550779 KerErr:165624 AccErr:165624
#ABORT too many errors per iteration
#END