#HEADER size:134217728 omp_num_threads:228
#BEGIN Y:2017 M:03 D:11 Time:11:33:54
#IT Ite:0 KerTime:55.364454 AccTime:55.364454
#ERR  p: [11773500], r: 425292507, e: 376959552
#ERR  p: [12950850], r: 468769899, e: 414592278
#ERR  p: [12362175], r: 447030021, e: 395745758
#ERR  p: [50037346], r: 1837533971, e: 1601096542
#ERR  p: [13539525], r: 490467015, e: 433445365
#ERR  p: [14716875], r: 533943352, e: 471116697
#ERR  p: [54746738], r: 2011351213, e: 1751732137
#ERR  p: [52392042], r: 1924445070, e: 1676346127
#ERR  p: [48271324], r: 1772324743, e: 1544535669
#ERR  p: [57101434], r: 2098266095, e: 1827115064
#ERR  p: [53569390], r: 1967928283, e: 1714053335
#ERR  p: [51214694], r: 1880978494, e: 1638711320
#ERR  p: [17071575], r: 620811019, e: 546402740
#ERR  p: [14128200], r: 512199553, e: 452292510
#ERR  p: [48859998], r: 1794086667, e: 1563377710
#ERR  p: [52980716], r: 1946154855, e: 1695205074
#ERR  p: [55335412], r: 2033093481, e: 1770602697
#ERR  p: [50626020], r: 1859262432, e: 1619925194
#ERR  p: [55924086], r: 2054799362, e: 1789465283
#ERR  p: [51803368], r: 1902744253, e: 1657501913
#ERR  p: [54158064], r: 1989611944, e: 1732900945
#ERR  p: [56512760], r: 2076517791, e: 1808295930
#ERR  p: [15305550], r: 555651699, e: 489933880
#ERR  p: [4120725], r: 142752939, e: 131994585
#ERR  p: [2943375], r: 99277590, e: 94302339
#ERR  p: [3532050], r: 121012709, e: 113158968
#ERR  p: [11773501], r: 425292515, e: 376959561
#ERR  p: [14128201], r: 512199583, e: 452292533
#ERR  p: [12950851], r: 468769920, e: 414592296
#ERR  p: [52980717], r: 1946154906, e: 1695205102
#ERR  p: [55335413], r: 2033093483, e: 1770602727
#ERR  p: [13539526], r: 490467058, e: 433445415
#ERR  p: [14716876], r: 533943352, e: 471116722
#ERR  p: [51214695], r: 1880978518, e: 1638711388
#ERR  p: [12362176], r: 447030036, e: 395745759
#ERR  p: [57101435], r: 2098266130, e: 1827115091
#ERR  p: [48271325], r: 1772324775, e: 1544535695
#ERR  p: [50626021], r: 1859262465, e: 1619925219
#ERR  p: [17071576], r: 620811042, e: 546402769
#ERR  p: [52392043], r: 1924445118, e: 1676346127
#ERR  p: [53569391], r: 1967928295, e: 1714053338
#ERR  p: [54746739], r: 2011351273, e: 1751732161
#ERR  p: [50037347], r: 1837534020, e: 1601096551
#ERR  p: [48859999], r: 1794086754, e: 1563377721
#ERR  p: [15894225], r: 577352531, e: 508747161
#ERR  p: [5298075], r: 186214788, e: 169696698
#ERR  p: [55924087], r: 2054799374, e: 1789465292
#ERR  p: [51803369], r: 1902744288, e: 1657501934
#ERR  p: [54158065], r: 1989611966, e: 1732900945
#ERR  p: [56512761], r: 2076517850, e: 1808295937
#ERR  p: [8241450], r: 294940018, e: 263885255
#ERR  p: [1931667], r: 61856131, e: 61856090
#ERR  p: [4120726], r: 142752960, e: 131994585
#ERR  p: [55335414], r: 2033093541, e: 1770602735
#ERR  p: [15305551], r: 555651723, e: 489933890
#ERR  p: [7652775], r: 273183455, e: 245043708
#ERR  p: [2943376], r: 99277608, e: 94302397
#ERR  p: [47682650], r: 1750573421, e: 1525744616
#ERR  p: [14128202], r: 512199623, e: 452292561
#ERR  p: [11773502], r: 425292561, e: 376959574
#ERR  p: [3532051], r: 121012768, e: 113158971
#ERR  p: [17660250], r: 642533567, e: 565209037
#ERR  p: [47093976], r: 1728858207, e: 1506882050
#ERR  p: [12950852], r: 468769955, e: 414592314
#ERR  p: [52980718], r: 1946154906, e: 1695205106
#ERR  p: [45327954], r: 1663567526, e: 1450427815
#ERR  p: [67697566], r: 2489461406, e: 2166158917
#ERR  p: [14716877], r: 533943381, e: 471116734
#ERR  p: [13539527], r: 490467176, e: 433445549
#ERR  p: [61810826], r: 2272079558, e: 1977820815
#ERR  p: [51214696], r: 1880978585, e: 1638711395
#ERR  p: [12362177], r: 447030069, e: 395745791
#ERR  p: [70640936], r: 2598111871, e: 2260365908
#ERR  p: [57101436], r: 2098266183, e: 1827115268
#ERR  p: [72406958], r: 2663366389, e: 2316982157
#ERR  p: [48271326], r: 1772324780, e: 1544535697
#ERR  p: [17071577], r: 620811044, e: 546402798
#ERR  p: [50626022], r: 1859262469, e: 1619925230
#ERR  p: [52392044], r: 1924445233, e: 1676346290
#ERR  p: [73584306], r: 2706850376, e: 2354684601
#ERR  p: [53569392], r: 1967928344, e: 1714053438
#ERR  p: [54746740], r: 2011351314, e: 1751732169
#ERR  p: [48860000], r: 1794086817, e: 1563377755
#ERR  p: [15894226], r: 577352585, e: 508747207
#ERR  p: [50037348], r: 1837534079, e: 1601096576
#ERR  p: [5298076], r: 186214791, e: 169696729
#ERR  p: [55924088], r: 2054799379, e: 1789465294
#ERR  p: [51803370], r: 1902744304, e: 1657501945
#ERR  p: [4120727], r: 142752968, e: 131994671
#ERR  p: [56512762], r: 2076517867, e: 1808295947
#ERR  p: [8241451], r: 294940031, e: 263885274
#ERR  p: [54158066], r: 1989612035, e: 1732901083
#ERR  p: [55335415], r: 2033093556, e: 1770602800
#ERR  p: [2943377], r: 99277650, e: 94302402
#ERR  p: [47682651], r: 1750573426, e: 1525744670
#ERR  p: [7652776], r: 273183473, e: 245043711
#ERR  p: [14128203], r: 512199651, e: 452292592
#ERR  p: [1931668], r: 61856164, e: 61856131
#ERR  p: [11773503], r: 425292576, e: 376959576
#ERR  p: [12950853], r: 468769964, e: 414592353
#ERR  p: [3532052], r: 121012825, e: 113159027
#ERR  p: [17660251], r: 642533592, e: 565209051
#ERR  p: [45327955], r: 1663567577, e: 1450427838
#ERR  p: [47093977], r: 1728858221, e: 1506882083
#ERR  p: [52980719], r: 1946154918, e: 1695205146
#ERR  p: [37086518], r: 1359595137, e: 1186797253
#ERR  p: [27079050], r: 990181997, e: 866591826
#ERR  p: [67697567], r: 2489461408, e: 2166158969
#ERR  p: [14716878], r: 533943427, e: 471116777
#ERR  p: [15305552], r: 555651736, e: 489933899
#ERR  p: [13539528], r: 490467249, e: 433445559
#ERR  p: [71229610], r: 2619848864, e: 2279222533
#ERR  p: [21192300], r: 772879126, e: 678216672
#ERR  p: [61810827], r: 2272079597, e: 1977820836
#ERR  p: [51214697], r: 1880978594, e: 1638711396
#ERR  p: [12362178], r: 447030111, e: 395745816
#ERR  p: [70640937], r: 2598111879, e: 2260365910
#ERR  p: [57101437], r: 2098266267, e: 1827115279
#ERR  p: [48271327], r: 1772324803, e: 1544535788
#ERR  p: [17071578], r: 620811072, e: 546402820
#ERR  p: [72406959], r: 2663366392, e: 2316982180
#ERR  p: [50626023], r: 1859262508, e: 1619925268
#ERR  p: [52392045], r: 1924445247, e: 1676346298
#ERR  p: [73584307], r: 2706850381, e: 2354684622
#ERR  p: [53569393], r: 1967928374, e: 1714053459
#ERR  p: [50037349], r: 1837534085, e: 1601096587
#ERR  p: [48860001], r: 1794086827, e: 1563377789
#ERR  p: [54746741], r: 2011351446, e: 1751732170
#ERR  p: [15894227], r: 577352705, e: 508747302
#ERR  p: [5298077], r: 186214818, e: 169696759
#ERR  p: [55924089], r: 2054799396, e: 1789465313
#ERR  p: [4120728], r: 142752969, e: 131994713
#ERR  p: [55335416], r: 2033093577, e: 1770602814
#ERR  p: [56512763], r: 2076517875, e: 1808295963
#ERR  p: [8241452], r: 294940069, e: 263885378
#ERR  p: [51803371], r: 1902744336, e: 1657501973
#ERR  p: [54158067], r: 1989612065, e: 1732901198
#ERR  p: [37675192], r: 1381293480, e: 1205652932
#ERR  p: [47682652], r: 1750573455, e: 1525744712
#ERR  p: [14128204], r: 512199705, e: 452292603
#ERR  p: [2943378], r: 99277699, e: 94302403
#ERR  p: [7652777], r: 273183499, e: 245043732
#ERR  p: [10007475], r: 360100429, e: 320406348
#ERR  p: [1931669], r: 61856180, e: 61856164
#ERR  p: [11773504], r: 425292603, e: 376959588
#ERR  p: [12950854], r: 468770050, e: 414592364
#ERR  p: [47093978], r: 1728858289, e: 1506882085
#ERR  p: [3532053], r: 121012836, e: 113159066
#ERR  p: [17660252], r: 642533599, e: 565209082
#ERR  p: [45327956], r: 1663567672, e: 1450427869
#ERR  p: [14716879], r: 533943468, e: 471116784
#ERR  p: [37086519], r: 1359595184, e: 1186797293
#ERR  p: [27079051], r: 990182071, e: 866591828
#ERR  p: [67697568], r: 2489461493, e: 2166158990
#ERR  p: [52980720], r: 1946154921, e: 1695205219
#ERR  p: [15305553], r: 555651740, e: 489933900
#ERR  p: [71229611], r: 2619848865, e: 2279222565
#ERR  p: [21192301], r: 772879187, e: 678216736
#ERR  p: [13539529], r: 490467300, e: 433445574
#ERR  p: [61810828], r: 2272079702, e: 1977820894
#ERR  p: [65342870], r: 2402591607, e: 2090889895
#ERR  p: [51214698], r: 1880978656, e: 1638711415
#ERR  p: [31788450], r: 1163957862, e: 1017288332
#ERR  p: [12362179], r: 447030122, e: 395745892
#ERR  p: [57101438], r: 2098266366, e: 1827115304
#ERR  p: [70640938], r: 2598111910, e: 2260365922
#ERR  p: [48271328], r: 1772324812, e: 1544535790
#ERR  p: [72406960], r: 2663366592, e: 2316982198
#ERR  p: [17071579], r: 620811080, e: 546402858
#ERR  p: [50626024], r: 1859262516, e: 1619925307
#ERR  p: [52392046], r: 1924445258, e: 1676346314
#ERR  p: [73584308], r: 2706850385, e: 2354684714
#ERR  p: [28845075], r: 1055310742, e: 923073706
#ERR  p: [62399500], r: 2293863286, e: 1996669384
#ERR  p: [50037350], r: 1837534096, e: 1601096626
#ERR  p: [53569394], r: 1967928427, e: 1714053464
#ERR  p: [4120729], r: 142752980, e: 131994721
#ERR  p: [55924090], r: 2054799439, e: 1789465315
#ERR  p: [55335417], r: 2033093623, e: 1770602838
#ERR  p: [54746742], r: 2011351467, e: 1751732188
#ERR  p: [5298078], r: 186214840, e: 169696772
#ERR  p: [48860002], r: 1794086839, e: 1563377956
#ERR  p: [15894228], r: 577352721, e: 508747302
#ERR  p: [8241453], r: 294940072, e: 263885458
#ERR  p: [2943379], r: 99277771, e: 94302414
#ERR  p: [56512764], r: 2076517919, e: 1808295975
#ERR  p: [51803372], r: 1902744340, e: 1657501979
#ERR  p: [14128205], r: 512199746, e: 452292612
#ERR  p: [47682653], r: 1750573459, e: 1525744730
#ERR  p: [37675193], r: 1381293505, e: 1205652941
#ERR  p: [54158068], r: 1989612069, e: 1732901248
#ERR  p: [7652778], r: 273183503, e: 245043740
#ERR  p: [10007476], r: 360100477, e: 320406377
#ERR  p: [3532054], r: 121012843, e: 113159083
#ERR  p: [45327957], r: 1663567677, e: 1450427942
#ERR  p: [1931670], r: 61856191, e: 61856180
#ERR  p: [27079052], r: 990182096, e: 866591838
#ERR  p: [11773505], r: 425292698, e: 376959593
#ERR  p: [17660253], r: 642533605, e: 565209212
#ERR  p: [47093979], r: 1728858317, e: 1506882088
#ERR  p: [37086520], r: 1359595212, e: 1186797316
#ERR  p: [12950855], r: 468770089, e: 414592402
#ERR  p: [14716880], r: 533943474, e: 471116792
#ERR  p: [67697569], r: 2489461568, e: 2166159028
#ERR  p: [71229612], r: 2619848990, e: 2279222578
#ERR  p: [21192302], r: 772879187, e: 678216759
#ERR  p: [59456130], r: 2185084346, e: 1902480652
#ERR  p: [13539530], r: 490467370, e: 433445627
#ERR  p: [15305554], r: 555651751, e: 489933919
#ERR  p: [61810829], r: 2272079717, e: 1977820925
#ERR  p: [52980721], r: 1946155003, e: 1695205231
#ERR  p: [31788451], r: 1163957911, e: 1017288418
#ERR  p: [65342871], r: 2402591608, e: 2090889960
#ERR  p: [51214699], r: 1880978754, e: 1638711437
#ERR  p: [12362180], r: 447030123, e: 395745981
#ERR  p: [25901700], r: 946693885, e: 828885145
#ERR  p: [48271329], r: 1772324817, e: 1544535804
#ERR  p: [57101439], r: 2098266389, e: 1827115326
#ERR  p: [70640939], r: 2598111987, e: 2260365948
#ERR  p: [72406961], r: 2663366654, e: 2316982214
#ERR  p: [17071580], r: 620811082, e: 546402875
#ERR  p: [50626025], r: 1859262530, e: 1619925324
#ERR  p: [28845076], r: 1055310778, e: 923073721
#ERR  p: [62399501], r: 2293863378, e: 1996669397
#ERR  p: [52392047], r: 1924445265, e: 1676346317
#ERR  p: [53569395], r: 1967928459, e: 1714053476
#ERR  p: [51803373], r: 1902744385, e: 1657501996
#ERR  p: [73584309], r: 2706850537, e: 2354684736
#ERR  p: [21780975], r: 794637945, e: 697054558
#ERR  p: [50037351], r: 1837534104, e: 1601096650
#ERR  p: [55335418], r: 2033093665, e: 1770602844
#ERR  p: [4120730], r: 142753065, e: 131994749
#ERR  p: [54746743], r: 2011351481, e: 1751732202
#ERR  p: [55924091], r: 2054799592, e: 1789465333
#ERR  p: [56512765], r: 2076517923, e: 1808295979
#ERR  p: [48860003], r: 1794086865, e: 1563377980
#ERR  p: [40618562], r: 1489845303, e: 1299861757
#ERR  p: [8241454], r: 294940080, e: 263885475
#ERR  p: [5298079], r: 186214865, e: 169696793
#ERR  p: [15894229], r: 577352728, e: 508747364
#ERR  p: [2943380], r: 99277787, e: 94302429
#ERR  p: [14128206], r: 512199758, e: 452292679
#ERR  p: [37675194], r: 1381293589, e: 1205652953
#ERR  p: [47682654], r: 1750573549, e: 1525744769
#ERR  p: [54158069], r: 1989612092, e: 1732901291
#ERR  p: [24135675], r: 881505458, e: 772368475
#ERR  p: [57690108], r: 2119995435, e: 1845957297
#ERR  p: [45327958], r: 1663567711, e: 1450428001
#ERR  p: [3532055], r: 121012870, e: 113159092
#ERR  p: [7652779], r: 273183518, e: 245043777
#ERR  p: [10007477], r: 360100485, e: 320406378
#ERR  p: [27079053], r: 990182177, e: 866591856
#ERR  p: [17660254], r: 642533624, e: 565209224
#ERR  p: [1931671], r: 61856242, e: 61856191
#ERR  p: [11773506], r: 425292782, e: 376959646
#ERR  p: [47093980], r: 1728858333, e: 1506882200
#ERR  p: [12950856], r: 468770100, e: 414592425
#ERR  p: [14716881], r: 533943493, e: 471116803
#ERR  p: [67697570], r: 2489461604, e: 2166159048
#ERR  p: [37086521], r: 1359595288, e: 1186797405
#ERR  p: [59456131], r: 2185084348, e: 1902480666
#ERR  p: [13539531], r: 490467417, e: 433445630
#ERR  p: [71229613], r: 2619849177, e: 2279222612
#ERR  p: [21192303], r: 772879297, e: 678216783
#ERR  p: [15305555], r: 555651754, e: 489933938
#ERR  p: [61810830], r: 2272079830, e: 1977820948
#ERR  p: [64165522], r: 2359143180, e: 2053195482
#ERR  p: [57101440], r: 2098266416, e: 1827115380
#ERR  p: [48271330], r: 1772324842, e: 1544535909
#ERR  p: [25901701], r: 946693899, e: 828885146
#ERR  p: [65342872], r: 2402591739, e: 2090890050
#ERR  p: [52980722], r: 1946155011, e: 1695205261
#ERR  p: [51214700], r: 1880978759, e: 1638711453
#ERR  p: [12362181], r: 447030135, e: 395746040
#ERR  p: [31788452], r: 1163957927, e: 1017288419
#ERR  p: [24724350], r: 903252918, e: 791211198
#ERR  p: [70640940], r: 2598112012, e: 2260365950
#ERR  p: [77705024], r: 216793736, e: 2486478047
#ERR  p: [64754196], r: 2380867505, e: 2072012058
#ERR  p: [80648394], r: 923912757, e: 2580653666
#ERR  p: [41207236], r: 1511581799, e: 1318695232
#ERR  p: [20603625], r: 751199737, e: 659402013
#ERR  p: [46505302], r: 1707092005, e: 1488086785
#ERR  p: [49448672], r: 1815809402, e: 1582211469
#ERR  p: [23547000], r: 859816147, e: 753579604
#ERR  p: [58278782], r: 2141707025, e: 1864789206
#ERR  p: [77116350], r: 75134801, e: 2467651243
#ERR  p: [31199775], r: 1142181780, e: 998452954
#ERR  p: [32965800], r: 1207428977, e: 1054921231
#ERR  p: [20014950], r: 729459476, e: 640567632
#ERR  p: [83591764], r: 1630995412, e: 2674850039
#ERR  p: [6475425], r: 229693042, e: 207380118
#ERR  p: [61222152], r: 2250351017, e: 1958989486
#ERR  p: [60633478], r: 2228566472, e: 1940109424
#ERR  p: [82414416], r: 1348611029, e: 2637122713
#ERR  p: [81237068], r: 1065562589, e: 2599458344
#ERR  p: [84769112], r: 1913928043, e: 2712559521
#ERR  p: [84180438], r: 1772522971, e: 2693700820
#ERR  p: [87712482], r: 2621374855, e: 2806787853
#ERR  p: [88301156], r: 2762937357, e: 2825590407
#ERR  p: [79471046], r: 640923052, e: 2542990640
#ERR  p: [67108892], r: 2467757194, e: 2147346690
#ERR  p: [42973258], r: 1576735873, e: 1375197540
#ERR  p: [42384584], r: 1555000811, e: 1356380059
#ERR  p: [18837600], r: 685963314, e: 602872735
#ERR  p: [22369650], r: 816324641, e: 715893694
#ERR  p: [22958325], r: 838107589, e: 734773867
#ERR  p: [87123808], r: 2480230087, e: 2787978700
#ERR  p: [33554474], r: 1229136614, e: 1073745314
#ERR  p: [29433750], r: 1077027710, e: 941913633
#ERR  p: [27667725], r: 1011902969, e: 885399925
#ERR  p: [86535134], r: 2339033839, e: 2769115509
#ERR  p: [19426275], r: 707694782, e: 621730231
#ERR  p: [38852540], r: 1424699174, e: 1243321331
#ERR  p: [26490375], r: 968454773, e: 847714866
#ERR  p: [30022425], r: 1098789463, e: 960758092
#ERR  p: [60044804], r: 2206835228, e: 1921289832
#ERR  p: [78882372], r: 499576471, e: 2524161672
#ERR  p: [45916628], r: 1685339658, e: 1469244746
#ERR  p: [74761654], r: 2750351484, e: 2392355394
#ERR  p: [34143148], r: 1250902132, e: 1092599278
#ERR  p: [76527676], r: 2815544345, e: 2448837653
#ERR  p: [28256400], r: 1033622295, e: 904233922
#ERR  p: [16482900], r: 599050380, e: 527591852
#ERR  p: [9418800], r: 338410025, e: 301595999
#ERR  p: [75350328], r: 2772094033, e: 2411190027
#ERR  p: [78293698], r: 358156893, e: 2505338212
#ERR  p: [83003090], r: 1489748119, e: 2656019684
#ERR  p: [11184825], r: 403536759, e: 358101450
#ERR  p: [36497844], r: 1337846286, e: 1167984201
#ERR  p: [70052262], r: 2576388742, e: 2241478455
#ERR  p: [43561932], r: 1598487785, e: 1394002347
#ERR  p: [81825742], r: 1207195641, e: 2618304362
#ERR  p: [25313025], r: 924954546, e: 810029866
#ERR  p: [32377125], r: 1185688508, e: 1036105686
#ERR  p: [4709400], r: 164492219, e: 150875761
#ERR  p: [34731822], r: 1272673096, e: 1111470161
#ERR  p: [74172980], r: 2728600071, e: 2373505656
#ERR  p: [71818284], r: 2641576670, e: 2298101587
#ERR  p: [80059720], r: 782108077, e: 2561795123
#ERR  p: [35909170], r: 1316113853, e: 1149124557
#ERR  p: [5886750], r: 207962899, e: 188521382
#ERR  p: [72406962], r: 2663366704, e: 2316982236
#ERR  p: [17071581], r: 620811083, e: 546402888
#ERR  p: [50626026], r: 1859262542, e: 1619925360
#ERR  p: [28845077], r: 1055310778, e: 923073742
#ERR  p: [85357786], r: 2055885059, e: 2731411525
#ERR  p: [41795910], r: 1533296526, e: 1337541905
#ERR  p: [62399502], r: 2293863378, e: 1996669474
#ERR  p: [68874914], r: 2532943433, e: 2203791061
#ERR  p: [44739280], r: 1641907829, e: 1431637964
#ERR  p: [7064100], r: 251397128, e: 226242666
#ERR  p: [35320496], r: 1294383082, e: 1130290645
#ERR  p: [53569396], r: 1967928506, e: 1714053487
#ERR  p: [62988174], r: 2315634350, e: 2015516812
#ERR  p: [30611100], r: 1120497732, e: 979606836
#ERR  p: [39441214], r: 1446406706, e: 1262197947
#ERR  p: [52392048], r: 1924445296, e: 1676346336
#ERR  p: [72995632], r: 2685121122, e: 2335852866
#ERR  p: [38263866], r: 1402965920, e: 1224468888
#ERR  p: [18248925], r: 664270597, e: 584052046
#ERR  p: [58867456], r: 2163402322, e: 1883641075
#ERR  p: [73584310], r: 2706850543, e: 2354684752
#ERR  p: [8830125], r: 316661181, e: 282754037
#ERR  p: [40029888], r: 1468111100, e: 1281036490
#ERR  p: [21780976], r: 794637976, e: 697054588
#ERR  p: [69463588], r: 2554657649, e: 2222639277
#ERR  p: [65931544], r: 2424305741, e: 2109736416
#ERR  p: [51803374], r: 1902744409, e: 1657502012
#ERR  p: [68286240], r: 2511209272, e: 2184948963
#ERR  p: [10596150], r: 381851615, e: 339269132
#ERR  p: [75939002], r: 2793839226, e: 2430026531
#ERR  p: [85946460], r: 2197211631, e: 2750271485
#ERR  p: [2354700], r: 77513278, e: 75443025
#ERR  p: [44150606], r: 1620225468, e: 1412829460
#ERR  p: [50037352], r: 1837534118, e: 1601096703
#ERR  p: [4120731], r: 142753070, e: 131994762
#ERR  p: [48860004], r: 1794087041, e: 1563378002
#ERR  p: [66520218], r: 2446049534, e: 2128556560
#ERR  p: [55335419], r: 2033093696, e: 1770602859
#ERR  p: [56512766], r: 2076517930, e: 1808296016
#ERR  p: [55924092], r: 2054799598, e: 1789465403
#ERR  p: [54746744], r: 2011351502, e: 1751732262
#ERR  p: [63576848], r: 2337410643, e: 2034362296
#ERR  p: [40618563], r: 1489845308, e: 1299861820
#ERR  p: [8241455], r: 294940158, e: 263885551
#ERR  p: [5298080], r: 186214868, e: 169696793
#ERR  p: [14128207], r: 512199820, e: 452292690
#ERR  p: [2943381], r: 99277836, e: 94302471
#ERR  p: [15894230], r: 577352768, e: 508747364
#ERR  p: [37675195], r: 1381293626, e: 1205652967
#ERR  p: [54158070], r: 1989612158, e: 1732901327
#ERR  p: [47682655], r: 1750573551, e: 1525744778
#ERR  p: [45327959], r: 1663567735, e: 1450428017
#ERR  p: [57690109], r: 2119995511, e: 1845957400
#ERR  p: [24135676], r: 881505493, e: 772368485
#ERR  p: [3532056], r: 121012895, e: 113159218
#ERR  p: [7652780], r: 273183556, e: 245043799
#ERR  p: [10007478], r: 360100521, e: 320406393
#ERR  p: [27079054], r: 990182222, e: 866591867
#ERR  p: [17660255], r: 642533625, e: 565209227
#ERR  p: [1931672], r: 61856263, e: 61856242
#ERR  p: [11773507], r: 425292842, e: 376959695
#ERR  p: [47093981], r: 1728858339, e: 1506882263
#ERR  p: [12950857], r: 468770107, e: 414592464
#ERR  p: [14716882], r: 533943497, e: 471116813
#ERR  p: [37086522], r: 1359595326, e: 1186797414
#ERR  p: [67697571], r: 2489461659, e: 2166159088
#ERR  p: [59456132], r: 2185084355, e: 1902480673
#ERR  p: [13539532], r: 490467484, e: 433445640
#ERR  p: [71229614], r: 2619849197, e: 2279222663
#ERR  p: [21192304], r: 772879301, e: 678216792
#ERR  p: [15305556], r: 555651795, e: 489933976
#ERR  p: [16482901], r: 599050381, e: 527591860
#ERR  p: [61810831], r: 2272079846, e: 1977820962
#ERR  p: [64165523], r: 2359143242, e: 2053195483
#ERR  p: [65342873], r: 2402591754, e: 2090890087
#ERR  p: [57101441], r: 2098266435, e: 1827115385
#ERR  p: [48271331], r: 1772324870, e: 1544535913
#ERR  p: [25901702], r: 946693900, e: 828885147
#ERR  p: [52980723], r: 1946155041, e: 1695205330
#ERR  p: [64754197], r: 2380867568, e: 2072012060
#ERR  p: [51214701], r: 1880978775, e: 1638711455
#ERR  p: [12362182], r: 447030277, e: 395746040
#ERR  p: [31788453], r: 1163957945, e: 1017288465
#ERR  p: [24724351], r: 903252919, e: 791211212
#ERR  p: [70640941], r: 2598112024, e: 2260365959
#ERR  p: [23547001], r: 859816150, e: 753579629
#ERR  p: [20603626], r: 751199759, e: 659402057
#ERR  p: [46505303], r: 1707092027, e: 1488086841
#ERR  p: [80648395], r: 923913175, e: 2580653668
#ERR  p: [41207237], r: 1511581863, e: 1318695234
#ERR  p: [77705025], r: 216793790, e: 2486478152
#ERR  p: [49448673], r: 1815809427, e: 1582211514
#ERR  p: [58278783], r: 2141707025, e: 1864789243
#ERR  p: [31199776], r: 1142181857, e: 998452974
#ERR  p: [77116351], r: 75134860, e: 2467651262
#ERR  p: [32965801], r: 1207429010, e: 1054921464
#ERR  p: [20014951], r: 729459527, e: 640567662
#ERR  p: [83591765], r: 1630995492, e: 2674850105
#ERR  p: [61222153], r: 2250351039, e: 1958989511
#ERR  p: [6475426], r: 229693076, e: 207380194
#ERR  p: [60633479], r: 2228566667, e: 1940109465
#ERR  p: [82414417], r: 1348611911, e: 2637122734
#ERR  p: [81237069], r: 1065562698, e: 2599458372
#ERR  p: [84769113], r: 1913928059, e: 2712559588
#ERR  p: [84180439], r: 1772523113, e: 2693700823
#ERR  p: [87712483], r: 2621375464, e: 2806787867
#ERR  p: [88301157], r: 2762937408, e: 2825590415
#ERR  p: [79471047], r: 640923214, e: 2542990653
#ERR  p: [67108893], r: 2467757269, e: 2147346699
#ERR  p: [42973259], r: 1576735904, e: 1375197546
#ERR  p: [42384585], r: 1555000829, e: 1356380069
#ERR  p: [22958326], r: 838107604, e: 734773880
#ERR  p: [18837601], r: 685963376, e: 602872745
#ERR  p: [22369651], r: 816324650, e: 715893869
#ERR  p: [87123809], r: 2480230188, e: 2787978758
#ERR  p: [33554475], r: 1229136645, e: 1073745347
#ERR  p: [29433751], r: 1077027717, e: 941913650
#ERR  p: [27667726], r: 1011902984, e: 885399936
#ERR  p: [86535135], r: 2339034024, e: 2769115556
#ERR  p: [19426276], r: 707694863, e: 621730233
#ERR  p: [38852541], r: 1424699186, e: 1243321346
#ERR  p: [26490376], r: 968454773, e: 847714907
#ERR  p: [30022426], r: 1098789505, e: 960758239
#ERR  p: [74761655], r: 2750351565, e: 2392355412
#ERR  p: [45916629], r: 1685339660, e: 1469244757
#ERR  p: [78882373], r: 499576669, e: 2524161700
#ERR  p: [60044805], r: 2206835335, e: 1921289846
#ERR  p: [28256401], r: 1033622303, e: 904233967
#ERR  p: [76527677], r: 2815544422, e: 2448837655
#ERR  p: [34143149], r: 1250902157, e: 1092599290
#ERR  p: [9418801], r: 338410061, e: 301596001
#ERR  p: [75350329], r: 2772094071, e: 2411190077
#ERR  p: [78293699], r: 358157037, e: 2505338267
#ERR  p: [83003091], r: 1489748543, e: 2656019734
#ERR  p: [11184826], r: 403536804, e: 358101491
#ERR  p: [70052263], r: 2576388743, e: 2241478487
#ERR  p: [36497845], r: 1337846288, e: 1167984217
#ERR  p: [25313026], r: 924954586, e: 810029917
#ERR  p: [81825743], r: 1207195777, e: 2618304367
#ERR  p: [43561933], r: 1598487786, e: 1394002359
#ERR  p: [80059721], r: 782108162, e: 2561795142
#ERR  p: [32377126], r: 1185688516, e: 1036105716
#ERR  p: [74172981], r: 2728600150, e: 2373505702
#ERR  p: [34731823], r: 1272673146, e: 1111470282
#ERR  p: [4709401], r: 164492250, e: 150875814
#ERR  p: [71818285], r: 2641576719, e: 2298101637
#ERR  p: [35909171], r: 1316113897, e: 1149124569
#ERR  p: [5886751], r: 207962942, e: 188521389
#ERR  p: [72406963], r: 2663366752, e: 2316982292
#ERR  p: [17071582], r: 620811100, e: 546402996
#ERR  p: [50626027], r: 1859262557, e: 1619925423
#ERR  p: [28845078], r: 1055310781, e: 923073814
#ERR  p: [85357787], r: 2055885134, e: 2731411607
#ERR  p: [68874915], r: 2532943485, e: 2203791113
#ERR  p: [41795911], r: 1533296543, e: 1337542011
#ERR  p: [62399503], r: 2293863382, e: 1996669504
#ERR  p: [44739281], r: 1641907853, e: 1431638006
#ERR  p: [7064101], r: 251397153, e: 226242669
#SDC Ite:0 KerTime:55.364454 AccTime:55.364454 KerErr:86670984 AccErr:86670984
#ABORT too many errors per iteration
#END