#HEADER size:134217728 omp_num_threads:228
#BEGIN Y:2017 M:02 D:20 Time:08:33:36
#IT Ite:0 KerTime:88.293701 AccTime:88.293701
#ERR  p: [4], r: 176, e: 128
#ERR  p: [1177350], r: 38275536, e: 37708775
#ERR  p: [588675], r: 19126943, e: 18839464
#ERR  p: [5], r: 192, e: 176
#ERR  p: [1766025], r: 57404437, e: 56551958
#ERR  p: [588676], r: 19126999, e: 18839478
#ERR  p: [1177351], r: 38275605, e: 37708809
#ERR  p: [6], r: 210, e: 192
#ERR  p: [1766026], r: 57404497, e: 56551975
#ERR  p: [588677], r: 19127039, e: 18839633
#ERR  p: [1177352], r: 38275634, e: 37708932
#ERR  p: [7], r: 226, e: 210
#ERR  p: [1766027], r: 57404590, e: 56552027
#ERR  p: [588678], r: 19127051, e: 18839662
#ERR  p: [1177353], r: 38275672, e: 37708988
#ERR  p: [8], r: 248, e: 226
#ERR  p: [1766028], r: 57404618, e: 56552028
#ERR  p: [588679], r: 19127076, e: 18839746
#ERR  p: [1177354], r: 38275676, e: 37709009
#ERR  p: [9], r: 281, e: 248
#ERR  p: [1766029], r: 57404672, e: 56552088
#ERR  p: [588680], r: 19127184, e: 18839755
#ERR  p: [1177355], r: 38275684, e: 37709017
#ERR  p: [10], r: 372, e: 281
#ERR  p: [1766030], r: 57404755, e: 56552103
#ERR  p: [588681], r: 19127207, e: 18839767
#ERR  p: [1177356], r: 38275685, e: 37709072
#ERR  p: [11], r: 416, e: 372
#ERR  p: [1766031], r: 57404770, e: 56552113
#ERR  p: [588682], r: 19127241, e: 18839772
#ERR  p: [1177357], r: 38275762, e: 37709078
#ERR  p: [12], r: 431, e: 416
#ERR  p: [1766032], r: 57404771, e: 56552118
#ERR  p: [588683], r: 19127258, e: 18839779
#ERR  p: [1177358], r: 38275768, e: 37709093
#ERR  p: [13], r: 465, e: 431
#ERR  p: [1766033], r: 57404787, e: 56552189
#ERR  p: [588684], r: 19127258, e: 18839786
#ERR  p: [1177359], r: 38275785, e: 37709140
#ERR  p: [14], r: 479, e: 465
#ERR  p: [1766034], r: 57404862, e: 56552221
#ERR  p: [588685], r: 19127282, e: 18839814
#ERR  p: [1177360], r: 38275791, e: 37709154
#ERR  p: [15], r: 494, e: 479
#ERR  p: [1766035], r: 57404910, e: 56552226
#ERR  p: [588686], r: 19127295, e: 18839842
#ERR  p: [1177361], r: 38275820, e: 37709161
#ERR  p: [16], r: 503, e: 494
#ERR  p: [1766036], r: 57404918, e: 56552255
#ERR  p: [588687], r: 19127404, e: 18839851
#ERR  p: [1177362], r: 38275820, e: 37709169
#ERR  p: [17], r: 504, e: 503
#ERR  p: [1766037], r: 57404948, e: 56552255
#ERR  p: [588688], r: 19127414, e: 18839921
#ERR  p: [1177363], r: 38275824, e: 37709229
#ERR  p: [18], r: 571, e: 504
#ERR  p: [1766038], r: 57404954, e: 56552268
#ERR  p: [588689], r: 19127433, e: 18839931
#ERR  p: [1177364], r: 38275859, e: 37709240
#ERR  p: [19], r: 622, e: 571
#ERR  p: [1766039], r: 57404985, e: 56552297
#ERR  p: [588690], r: 19127529, e: 18839932
#ERR  p: [1177365], r: 38275891, e: 37709245
#ERR  p: [20], r: 638, e: 622
#ERR  p: [1766040], r: 57405012, e: 56552329
#ERR  p: [588691], r: 19127553, e: 18839936
#ERR  p: [1177366], r: 38276020, e: 37709258
#ERR  p: [21], r: 693, e: 638
#ERR  p: [1766041], r: 57405079, e: 56552364
#ERR  p: [588692], r: 19127646, e: 18840012
#ERR  p: [1177367], r: 38276021, e: 37709260
#ERR  p: [22], r: 737, e: 693
#ERR  p: [1766042], r: 57405092, e: 56552380
#ERR  p: [588693], r: 19127668, e: 18840062
#ERR  p: [1177368], r: 38276026, e: 37709271
#ERR  p: [23], r: 796, e: 737
#ERR  p: [1766043], r: 57405092, e: 56552392
#ERR  p: [588694], r: 19127711, e: 18840091
#ERR  p: [1177369], r: 38276082, e: 37709290
#ERR  p: [24], r: 804, e: 796
#ERR  p: [1766044], r: 57405095, e: 56552410
#ERR  p: [588695], r: 19127730, e: 18840118
#ERR  p: [1177370], r: 38276097, e: 37709360
#ERR  p: [25], r: 821, e: 804
#ERR  p: [1766045], r: 57405097, e: 56552415
#ERR  p: [588696], r: 19127783, e: 18840131
#ERR  p: [1177371], r: 38276175, e: 37709390
#ERR  p: [26], r: 847, e: 821
#ERR  p: [1766046], r: 57405114, e: 56552463
#ERR  p: [588697], r: 19127793, e: 18840157
#ERR  p: [1177372], r: 38276181, e: 37709406
#ERR  p: [27], r: 861, e: 847
#ERR  p: [1766047], r: 57405166, e: 56552467
#ERR  p: [588698], r: 19127901, e: 18840233
#ERR  p: [1177373], r: 38276221, e: 37709455
#ERR  p: [28], r: 867, e: 861
#ERR  p: [1766048], r: 57405174, e: 56552553
#ERR  p: [588699], r: 19127902, e: 18840257
#ERR  p: [1177374], r: 38276269, e: 37709485
#ERR  p: [29], r: 878, e: 867
#ERR  p: [1766049], r: 57405185, e: 56552562
#ERR  p: [588700], r: 19127904, e: 18840278
#ERR  p: [1177375], r: 38276314, e: 37709515
#ERR  p: [30], r: 966, e: 878
#ERR  p: [1766050], r: 57405199, e: 56552593
#ERR  p: [588701], r: 19128007, e: 18840319
#ERR  p: [1177376], r: 38276315, e: 37709545
#ERR  p: [31], r: 1023, e: 966
#ERR  p: [1766051], r: 57405266, e: 56552598
#ERR  p: [588702], r: 19128099, e: 18840334
#ERR  p: [1177377], r: 38276342, e: 37709577
#ERR  p: [32], r: 1061, e: 1023
#ERR  p: [1766052], r: 57405430, e: 56552599
#ERR  p: [588703], r: 19128119, e: 18840371
#ERR  p: [1177378], r: 38276356, e: 37709594
#ERR  p: [33], r: 1115, e: 1061
#ERR  p: [1766053], r: 57405559, e: 56552613
#ERR  p: [588704], r: 19128124, e: 18840598
#ERR  p: [1177379], r: 38276372, e: 37709598
#ERR  p: [34], r: 1147, e: 1115
#ERR  p: [1766054], r: 57405562, e: 56552627
#ERR  p: [588705], r: 19128125, e: 18840607
#ERR  p: [1177380], r: 38276397, e: 37709630
#ERR  p: [35], r: 1153, e: 1147
#ERR  p: [1766055], r: 57405667, e: 56552672
#ERR  p: [588706], r: 19128135, e: 18840609
#ERR  p: [1177381], r: 38276403, e: 37709726
#ERR  p: [36], r: 1176, e: 1153
#ERR  p: [1766056], r: 57405693, e: 56552678
#ERR  p: [588707], r: 19128137, e: 18840670
#ERR  p: [1177382], r: 38276443, e: 37709748
#ERR  p: [38], r: 1178, e: 1176
#ERR  p: [1766057], r: 57405700, e: 56552690
#ERR  p: [588708], r: 19128145, e: 18840682
#ERR  p: [1177383], r: 38276513, e: 37709766
#ERR  p: [39], r: 1187, e: 1178
#ERR  p: [1766058], r: 57405722, e: 56552716
#ERR  p: [588709], r: 19128183, e: 18840682
#ERR  p: [1177384], r: 38276585, e: 37709813
#ERR  p: [40], r: 1205, e: 1187
#ERR  p: [1766059], r: 57405744, e: 56552804
#ERR  p: [588710], r: 19128190, e: 18840708
#ERR  p: [1177385], r: 38276588, e: 37709830
#ERR  p: [41], r: 1206, e: 1205
#ERR  p: [1766060], r: 57405757, e: 56552846
#ERR  p: [588711], r: 19128240, e: 18840795
#ERR  p: [1177386], r: 38276590, e: 37709834
#ERR  p: [42], r: 1211, e: 1206
#ERR  p: [1766061], r: 57405773, e: 56552861
#ERR  p: [588712], r: 19128241, e: 18840802
#ERR  p: [1177387], r: 38276644, e: 37709846
#ERR  p: [43], r: 1328, e: 1211
#ERR  p: [1766062], r: 57405842, e: 56552918
#ERR  p: [588713], r: 19128248, e: 18840842
#ERR  p: [1177388], r: 38276673, e: 37709847
#ERR  p: [44], r: 1365, e: 1328
#ERR  p: [1766063], r: 57405849, e: 56552919
#ERR  p: [588714], r: 19128284, e: 18840853
#ERR  p: [1177389], r: 38276681, e: 37709907
#ERR  p: [45], r: 1456, e: 1365
#ERR  p: [1766064], r: 57405871, e: 56553007
#ERR  p: [588715], r: 19128295, e: 18840920
#ERR  p: [1177390], r: 38276691, e: 37709909
#ERR  p: [46], r: 1469, e: 1370
#ERR  p: [1766065], r: 57405908, e: 56553018
#ERR  p: [588716], r: 19128312, e: 18840940
#ERR  p: [1177391], r: 38276699, e: 37709911
#ERR  p: [47], r: 1473, e: 1456
#ERR  p: [1766066], r: 57405935, e: 56553050
#ERR  p: [588717], r: 19128506, e: 18841093
#ERR  p: [1177392], r: 38276709, e: 37709935
#ERR  p: [48], r: 1505, e: 1469
#ERR  p: [1766067], r: 57405941, e: 56553084
#ERR  p: [588718], r: 19128520, e: 18841101
#ERR  p: [1177393], r: 38276710, e: 37709948
#ERR  p: [49], r: 1525, e: 1473
#ERR  p: [1766068], r: 57405999, e: 56553099
#ERR  p: [588719], r: 19128525, e: 18841117
#ERR  p: [1177394], r: 38276772, e: 37709976
#ERR  p: [50], r: 1570, e: 1505
#ERR  p: [1766069], r: 57406049, e: 56553119
#ERR  p: [588720], r: 19128534, e: 18841128
#ERR  p: [1177395], r: 38276860, e: 37710002
#ERR  p: [51], r: 1576, e: 1525
#ERR  p: [1766070], r: 57406067, e: 56553138
#ERR  p: [588721], r: 19128538, e: 18841134
#ERR  p: [1177396], r: 38276905, e: 37710004
#ERR  p: [52], r: 1606, e: 1570
#ERR  p: [1766071], r: 57406105, e: 56553226
#ERR  p: [588722], r: 19128556, e: 18841137
#ERR  p: [1177397], r: 38276950, e: 37710019
#ERR  p: [53], r: 1676, e: 1576
#ERR  p: [1766072], r: 57406129, e: 56553288
#ERR  p: [588723], r: 19128564, e: 18841139
#ERR  p: [1177398], r: 38276967, e: 37710058
#ERR  p: [54], r: 1681, e: 1606
#ERR  p: [1766073], r: 57406142, e: 56553312
#ERR  p: [588724], r: 19128568, e: 18841139
#ERR  p: [1177399], r: 38277024, e: 37710129
#ERR  p: [55], r: 1724, e: 1676
#ERR  p: [1766074], r: 57406170, e: 56553358
#ERR  p: [588725], r: 19128612, e: 18841161
#ERR  p: [1177400], r: 38277038, e: 37710133
#ERR  p: [56], r: 1828, e: 1681
#ERR  p: [1766075], r: 57406183, e: 56553361
#ERR  p: [588726], r: 19128621, e: 18841194
#ERR  p: [1177401], r: 38277045, e: 37710148
#ERR  p: [57], r: 1868, e: 1724
#ERR  p: [1766076], r: 57406201, e: 56553443
#ERR  p: [588727], r: 19128637, e: 18841229
#ERR  p: [1177402], r: 38277081, e: 37710219
#ERR  p: [58], r: 1944, e: 1828
#ERR  p: [1766077], r: 57406253, e: 56553490
#ERR  p: [588728], r: 19128693, e: 18841253
#ERR  p: [1177403], r: 38277104, e: 37710312
#ERR  p: [59], r: 1977, e: 1868
#ERR  p: [1766078], r: 57406259, e: 56553542
#ERR  p: [588729], r: 19128697, e: 18841274
#ERR  p: [1177404], r: 38277118, e: 37710322
#ERR  p: [60], r: 2004, e: 1944
#ERR  p: [1766079], r: 57406262, e: 56553544
#ERR  p: [588730], r: 19128721, e: 18841283
#ERR  p: [1177405], r: 38277130, e: 37710396
#ERR  p: [61], r: 2040, e: 1977
#ERR  p: [1766080], r: 57406272, e: 56553569
#ERR  p: [588731], r: 19128751, e: 18841334
#ERR  p: [1177406], r: 38277133, e: 37710398
#ERR  p: [62], r: 2045, e: 2004
#ERR  p: [1766081], r: 57406289, e: 56553606
#ERR  p: [588732], r: 19128759, e: 18841383
#ERR  p: [1177407], r: 38277241, e: 37710413
#ERR  p: [63], r: 2057, e: 2040
#ERR  p: [1766082], r: 57406369, e: 56553624
#ERR  p: [588733], r: 19128868, e: 18841391
#ERR  p: [1177408], r: 38277245, e: 37710432
#ERR  p: [64], r: 2079, e: 2045
#ERR  p: [1766083], r: 57406375, e: 56553635
#ERR  p: [588734], r: 19128911, e: 18841399
#ERR  p: [1177409], r: 38277279, e: 37710440
#ERR  p: [65], r: 2111, e: 2057
#ERR  p: [1766084], r: 57406376, e: 56553657
#ERR  p: [588735], r: 19128936, e: 18841448
#ERR  p: [1177410], r: 38277334, e: 37710512
#ERR  p: [66], r: 2118, e: 2079
#ERR  p: [1766085], r: 57406452, e: 56553662
#ERR  p: [588736], r: 19128984, e: 18841478
#ERR  p: [1177411], r: 38277348, e: 37710531
#ERR  p: [67], r: 2208, e: 2111
#ERR  p: [1766086], r: 57406475, e: 56553672
#ERR  p: [588737], r: 19129076, e: 18841481
#ERR  p: [1177412], r: 38277361, e: 37710545
#ERR  p: [68], r: 2230, e: 2118
#ERR  p: [1766087], r: 57406513, e: 56553682
#ERR  p: [588738], r: 19129095, e: 18841492
#ERR  p: [1177413], r: 38277433, e: 37710556
#ERR  p: [69], r: 2281, e: 2208
#ERR  p: [1766088], r: 57406518, e: 56553819
#ERR  p: [588739], r: 19129121, e: 18841548
#ERR  p: [1177414], r: 38277437, e: 37710584
#ERR  p: [70], r: 2324, e: 2230
#ERR  p: [1766089], r: 57406518, e: 56553827
#ERR  p: [588740], r: 19129145, e: 18841592
#ERR  p: [1177415], r: 38277505, e: 37710611
#ERR  p: [71], r: 2366, e: 2281
#ERR  p: [1766090], r: 57406543, e: 56553834
#ERR  p: [588741], r: 19129153, e: 18841605
#ERR  p: [1177416], r: 38277537, e: 37710625
#ERR  p: [72], r: 2388, e: 2324
#ERR  p: [1766091], r: 57406549, e: 56553841
#ERR  p: [588742], r: 19129157, e: 18841662
#ERR  p: [1177417], r: 38277545, e: 37710633
#ERR  p: [73], r: 2437, e: 2366
#ERR  p: [1766092], r: 57406593, e: 56553874
#ERR  p: [588743], r: 19129161, e: 18841678
#ERR  p: [1177418], r: 38277578, e: 37710663
#ERR  p: [74], r: 2445, e: 2388
#ERR  p: [1766093], r: 57406597, e: 56553882
#ERR  p: [588744], r: 19129201, e: 18841749
#ERR  p: [1177419], r: 38277579, e: 37710681
#ERR  p: [75], r: 2553, e: 2437
#ERR  p: [1766094], r: 57406640, e: 56553920
#ERR  p: [588745], r: 19129211, e: 18841754
#ERR  p: [1177420], r: 38277587, e: 37710761
#ERR  p: [76], r: 2588, e: 2445
#ERR  p: [1766095], r: 57406647, e: 56553993
#ERR  p: [588746], r: 19129247, e: 18841838
#ERR  p: [1177421], r: 38277602, e: 37710767
#ERR  p: [77], r: 2635, e: 2553
#ERR  p: [1766096], r: 57406667, e: 56554060
#ERR  p: [588747], r: 19129299, e: 18841850
#ERR  p: [1177422], r: 38277625, e: 37710770
#ERR  p: [78], r: 2747, e: 2588
#ERR  p: [1766097], r: 57406677, e: 56554114
#ERR  p: [588748], r: 19129332, e: 18841867
#ERR  p: [1177423], r: 38277631, e: 37710803
#ERR  p: [79], r: 2821, e: 2635
#ERR  p: [1766098], r: 57406706, e: 56554158
#ERR  p: [588749], r: 19129350, e: 18841873
#ERR  p: [1177424], r: 38277644, e: 37710820
#ERR  p: [80], r: 2917, e: 2747
#ERR  p: [1766099], r: 57406740, e: 56554159
#ERR  p: [588750], r: 19129380, e: 18841875
#ERR  p: [1177425], r: 38277661, e: 37710882
#ERR  p: [81], r: 2925, e: 2821
#ERR  p: [1766100], r: 57406761, e: 56554251
#ERR  p: [588751], r: 19129402, e: 18841937
#ERR  p: [1177426], r: 38277691, e: 37710938
#ERR  p: [82], r: 2927, e: 2917
#ERR  p: [1766101], r: 57406869, e: 56554270
#ERR  p: [588752], r: 19129445, e: 18841948
#ERR  p: [1177427], r: 38277718, e: 37711067
#ERR  p: [83], r: 2938, e: 2925
#ERR  p: [1766102], r: 57406927, e: 56554298
#ERR  p: [588753], r: 19129459, e: 18842011
#ERR  p: [1177428], r: 38277798, e: 37711134
#ERR  p: [84], r: 2971, e: 2927
#ERR  p: [1766103], r: 57406953, e: 56554306
#ERR  p: [588754], r: 19129481, e: 18842020
#ERR  p: [1177429], r: 38277804, e: 37711188
#ERR  p: [85], r: 3075, e: 2938
#ERR  p: [1766104], r: 57407026, e: 56554323
#ERR  p: [588755], r: 19129491, e: 18842036
#ERR  p: [1177430], r: 38277806, e: 37711195
#ERR  p: [86], r: 3122, e: 2971
#ERR  p: [1766105], r: 57407038, e: 56554376
#ERR  p: [588756], r: 19129512, e: 18842073
#ERR  p: [1177431], r: 38277858, e: 37711208
#ERR  p: [87], r: 3210, e: 3075
#ERR  p: [1766106], r: 57407051, e: 56554429
#ERR  p: [588757], r: 19129541, e: 18842137
#ERR  p: [1177432], r: 38277934, e: 37711279
#ERR  p: [88], r: 3233, e: 3122
#ERR  p: [1766107], r: 57407073, e: 56554438
#ERR  p: [588758], r: 19129559, e: 18842149
#ERR  p: [1177433], r: 38277941, e: 37711312
#ERR  p: [89], r: 3237, e: 3210
#ERR  p: [1766108], r: 57407113, e: 56554439
#ERR  p: [588759], r: 19129565, e: 18842166
#ERR  p: [1177434], r: 38277942, e: 37711353
#ERR  p: [90], r: 3253, e: 3233
#ERR  p: [1766109], r: 57407124, e: 56554495
#ERR  p: [588760], r: 19129586, e: 18842177
#ERR  p: [1177435], r: 38277956, e: 37711450
#ERR  p: [91], r: 3283, e: 3237
#ERR  p: [1766110], r: 57407145, e: 56554561
#ERR  p: [588761], r: 19129595, e: 18842179
#ERR  p: [1177436], r: 38277985, e: 37711472
#ERR  p: [92], r: 3291, e: 3253
#ERR  p: [1766111], r: 57407174, e: 56554573
#ERR  p: [588762], r: 19129636, e: 18842208
#ERR  p: [1177437], r: 38277990, e: 37711472
#ERR  p: [93], r: 3318, e: 3283
#ERR  p: [1766112], r: 57407201, e: 56554591
#ERR  p: [588763], r: 19129654, e: 18842224
#ERR  p: [1177438], r: 38278004, e: 37711543
#ERR  p: [94], r: 3337, e: 3291
#ERR  p: [1766113], r: 57407221, e: 56554611
#ERR  p: [588764], r: 19129667, e: 18842248
#ERR  p: [1177439], r: 38278021, e: 37711549
#ERR  p: [95], r: 3380, e: 3318
#ERR  p: [1766114], r: 57407317, e: 56554806
#ERR  p: [588765], r: 19129685, e: 18842278
#ERR  p: [1177440], r: 38278048, e: 37711580
#ERR  p: [96], r: 3389, e: 3337
#ERR  p: [1766115], r: 57407334, e: 56554855
#ERR  p: [588766], r: 19129753, e: 18842298
#ERR  p: [1177441], r: 38278123, e: 37711605
#ERR  p: [97], r: 3473, e: 3380
#ERR  p: [1766116], r: 57407350, e: 56554946
#ERR  p: [588767], r: 19129762, e: 18842405
#ERR  p: [1177442], r: 38278130, e: 37711664
#ERR  p: [98], r: 3480, e: 3389
#ERR  p: [1766117], r: 57407354, e: 56555077
#ERR  p: [588768], r: 19129785, e: 18842568
#ERR  p: [1177443], r: 38278137, e: 37711670
#ERR  p: [99], r: 3535, e: 3473
#ERR  p: [1766118], r: 57407359, e: 56555098
#ERR  p: [588769], r: 19129800, e: 18842588
#ERR  p: [1177444], r: 38278158, e: 37711727
#ERR  p: [100], r: 3538, e: 3480
#ERR  p: [1766119], r: 57407497, e: 56555103
#ERR  p: [588770], r: 19129805, e: 18842606
#ERR  p: [1177445], r: 38278373, e: 37711781
#ERR  p: [101], r: 3555, e: 3535
#ERR  p: [1766120], r: 57407506, e: 56555107
#ERR  p: [588771], r: 19129895, e: 18842633
#ERR  p: [1177446], r: 38278399, e: 37711792
#ERR  p: [102], r: 3557, e: 3538
#ERR  p: [1766121], r: 57407598, e: 56555140
#ERR  p: [588772], r: 19129947, e: 18842849
#ERR  p: [1177447], r: 38278468, e: 37711794
#ERR  p: [103], r: 3600, e: 3555
#ERR  p: [1766122], r: 57407625, e: 56555162
#ERR  p: [588773], r: 19129960, e: 18842875
#ERR  p: [1177448], r: 38278597, e: 37711803
#ERR  p: [104], r: 3649, e: 3557
#ERR  p: [1766123], r: 57407655, e: 56555181
#ERR  p: [588774], r: 19130014, e: 18842877
#ERR  p: [1177449], r: 38278601, e: 37711851
#ERR  p: [105], r: 3659, e: 3600
#ERR  p: [1766124], r: 57407665, e: 56555203
#ERR  p: [588775], r: 19130070, e: 18842915
#ERR  p: [1177450], r: 38278603, e: 37711855
#ERR  p: [106], r: 3673, e: 3649
#ERR  p: [1766125], r: 57407702, e: 56555219
#ERR  p: [588776], r: 19130073, e: 18842983
#ERR  p: [1177451], r: 38278619, e: 37711860
#ERR  p: [107], r: 3705, e: 3659
#ERR  p: [1766126], r: 57407722, e: 56555221
#ERR  p: [588777], r: 19130160, e: 18842997
#ERR  p: [1177452], r: 38278665, e: 37711876
#ERR  p: [108], r: 3847, e: 3673
#ERR  p: [1766127], r: 57407739, e: 56555244
#ERR  p: [588778], r: 19130243, e: 18843006
#ERR  p: [1177453], r: 38278673, e: 37711893
#ERR  p: [109], r: 3862, e: 3705
#ERR  p: [1766128], r: 57407750, e: 56555279
#ERR  p: [588779], r: 19130287, e: 18843053
#ERR  p: [1177454], r: 38278723, e: 37711901
#ERR  p: [110], r: 3867, e: 3847
#ERR  p: [1766129], r: 57407751, e: 56555287
#ERR  p: [588780], r: 19130287, e: 18843101
#ERR  p: [1177455], r: 38278735, e: 37711971
#ERR  p: [111], r: 3875, e: 3862
#ERR  p: [1766130], r: 57407783, e: 56555389
#ERR  p: [588781], r: 19130301, e: 18843107
#ERR  p: [1177456], r: 38278737, e: 37712008
#ERR  p: [112], r: 3880, e: 3867
#ERR  p: [1766131], r: 57407833, e: 56555406
#ERR  p: [588782], r: 19130318, e: 18843144
#ERR  p: [1177457], r: 38278784, e: 37712017
#ERR  p: [113], r: 3908, e: 3875
#ERR  p: [1766132], r: 57407867, e: 56555448
#ERR  p: [588783], r: 19130380, e: 18843277
#ERR  p: [1177458], r: 38278892, e: 37712035
#ERR  p: [114], r: 3952, e: 3880
#ERR  p: [1766133], r: 57407871, e: 56555473
#ERR  p: [588784], r: 19130428, e: 18843283
#ERR  p: [1177459], r: 38278909, e: 37712056
#ERR  p: [115], r: 3970, e: 3908
#ERR  p: [1766134], r: 57407894, e: 56555483
#ERR  p: [588785], r: 19130470, e: 18843330
#ERR  p: [1177460], r: 38279018, e: 37712092
#ERR  p: [116], r: 3989, e: 3952
#ERR  p: [1766135], r: 57407905, e: 56555517
#ERR  p: [588786], r: 19130527, e: 18843332
#ERR  p: [1177461], r: 38279021, e: 37712261
#ERR  p: [117], r: 4034, e: 3970
#ERR  p: [1766136], r: 57407917, e: 56555570
#ERR  p: [588787], r: 19130540, e: 18843393
#ERR  p: [1177462], r: 38279033, e: 37712273
#ERR  p: [118], r: 4172, e: 3989
#ERR  p: [1766137], r: 57407950, e: 56555574
#ERR  p: [588788], r: 19130575, e: 18843402
#ERR  p: [1177463], r: 38279142, e: 37712278
#ERR  p: [119], r: 4173, e: 4034
#ERR  p: [1766138], r: 57407974, e: 56555610
#ERR  p: [588789], r: 19130616, e: 18843431
#ERR  p: [1177464], r: 38279183, e: 37712316
#ERR  p: [120], r: 4193, e: 4172
#ERR  p: [1766139], r: 57407998, e: 56555623
#ERR  p: [588790], r: 19130627, e: 18843449
#ERR  p: [1177465], r: 38279194, e: 37712367
#ERR  p: [121], r: 4232, e: 4173
#ERR  p: [1766140], r: 57408025, e: 56555697
#ERR  p: [588791], r: 19130633, e: 18843488
#ERR  p: [1177466], r: 38279198, e: 37712374
#ERR  p: [122], r: 4260, e: 4193
#ERR  p: [1766141], r: 57408040, e: 56555739
#ERR  p: [588792], r: 19130786, e: 18843500
#ERR  p: [1177467], r: 38279220, e: 37712400
#ERR  p: [123], r: 4357, e: 4232
#ERR  p: [1766142], r: 57408098, e: 56555752
#ERR  p: [588793], r: 19130800, e: 18843515
#ERR  p: [1177468], r: 38279244, e: 37712535
#ERR  p: [124], r: 4523, e: 4260
#ERR  p: [1766143], r: 57408101, e: 56555755
#ERR  p: [588794], r: 19130849, e: 18843520
#ERR  p: [1177469], r: 38279323, e: 37712539
#ERR  p: [125], r: 4566, e: 4357
#ERR  p: [1766144], r: 57408105, e: 56555900
#ERR  p: [588795], r: 19130875, e: 18843528
#ERR  p: [1177470], r: 38279324, e: 37712572
#ERR  p: [126], r: 4686, e: 4523
#ERR  p: [1766145], r: 57408150, e: 56555914
#ERR  p: [588796], r: 19130921, e: 18843533
#ERR  p: [1177471], r: 38279358, e: 37712573
#ERR  p: [127], r: 4737, e: 4566
#ERR  p: [1766146], r: 57408209, e: 56555924
#ERR  p: [588797], r: 19131025, e: 18843535
#ERR  p: [1177472], r: 38279366, e: 37712577
#ERR  p: [128], r: 4767, e: 4686
#ERR  p: [1766147], r: 57408266, e: 56555955
#ERR  p: [588798], r: 19131051, e: 18843546
#ERR  p: [1177473], r: 38279377, e: 37712596
#ERR  p: [129], r: 4853, e: 4737
#ERR  p: [1766148], r: 57408296, e: 56556025
#ERR  p: [588799], r: 19131090, e: 18843552
#ERR  p: [1177474], r: 38279402, e: 37712626
#ERR  p: [130], r: 4897, e: 4767
#SDC Ite:0 KerTime:88.293701 AccTime:88.293701 KerErr:1931663 AccErr:1931663
#ABORT too many errors per iteration
#END