#HEADER size:134217728 omp_num_threads:228
#BEGIN Y:2017 M:01 D:19 Time:06:50:29
#IT Ite:0 KerTime:48.864801 AccTime:48.864801
#ERR  p: [80197841], r: 2566223757, e: 2566220471
#ERR  p: [80197842], r: 2566220944, e: 2566220507
#ERR  p: [80197843], r: 2566220471, e: 2566220519
#ERR  p: [80197844], r: 2566220507, e: 2566220527
#ERR  p: [80197845], r: 2566220519, e: 2566220543
#ERR  p: [80197846], r: 2566220527, e: 2566220577
#ERR  p: [80197847], r: 2566220543, e: 2566220598
#ERR  p: [80197848], r: 2566220577, e: 2566220606
#ERR  p: [80197849], r: 2566220598, e: 2566220620
#ERR  p: [80197850], r: 2566220606, e: 2566220689
#ERR  p: [80197851], r: 2566220620, e: 2566220694
#ERR  p: [80197852], r: 2566220689, e: 2566220704
#ERR  p: [80197853], r: 2566220694, e: 2566220729
#ERR  p: [80197854], r: 2566220704, e: 2566220745
#ERR  p: [80197855], r: 2566220729, e: 2566220827
#ERR  p: [80197856], r: 2566220745, e: 2566220850
#ERR  p: [80197857], r: 2566220827, e: 2566220900
#ERR  p: [80197858], r: 2566220850, e: 2566220916
#ERR  p: [80197859], r: 2566220900, e: 2566220944
#ERR  p: [80197860], r: 2566220916, e: 2566220964
#ERR  p: [80197861], r: 2566220964, e: 2566221014
#ERR  p: [80197862], r: 2566221014, e: 2566221037
#ERR  p: [80197863], r: 2566221037, e: 2566221120
#ERR  p: [80197864], r: 2566221120, e: 2566221139
#ERR  p: [80197865], r: 2566221139, e: 2566221143
#ERR  p: [80197866], r: 2566221143, e: 2566221221
#ERR  p: [80197867], r: 2566221221, e: 2566221233
#ERR  p: [80197868], r: 2566221233, e: 2566221235
#ERR  p: [80197869], r: 2566221235, e: 2566221264
#ERR  p: [80197870], r: 2566221264, e: 2566221356
#ERR  p: [80197871], r: 2566221356, e: 2566221376
#ERR  p: [80197872], r: 2566221376, e: 2566221422
#ERR  p: [80197873], r: 2566221422, e: 2566221438
#ERR  p: [80197874], r: 2566221438, e: 2566221482
#ERR  p: [80197875], r: 2566221482, e: 2566221484
#ERR  p: [80197876], r: 2566221484, e: 2566221531
#ERR  p: [80197878], r: 2566221531, e: 2566221541
#ERR  p: [80197879], r: 2566221541, e: 2566221552
#ERR  p: [80197880], r: 2566221552, e: 2566221564
#ERR  p: [80197881], r: 2566221564, e: 2566221649
#ERR  p: [80197882], r: 2566221649, e: 2566221673
#ERR  p: [80197883], r: 2566221673, e: 2566221778
#ERR  p: [80197884], r: 2566221778, e: 2566221793
#ERR  p: [80197885], r: 2566221793, e: 2566221856
#ERR  p: [80197886], r: 2566221856, e: 2566221862
#ERR  p: [80197887], r: 2566221862, e: 2566221869
#ERR  p: [80197888], r: 2566221869, e: 2566221895
#ERR  p: [80197889], r: 2566221895, e: 2566222055
#ERR  p: [80197890], r: 2566222055, e: 2566222112
#ERR  p: [80197891], r: 2566222112, e: 2566222171
#ERR  p: [80197892], r: 2566222171, e: 2566222207
#ERR  p: [80197893], r: 2566222207, e: 2566222218
#ERR  p: [80197894], r: 2566222218, e: 2566222223
#ERR  p: [80197895], r: 2566222223, e: 2566222247
#ERR  p: [80197896], r: 2566222247, e: 2566222316
#ERR  p: [80197897], r: 2566222316, e: 2566222363
#ERR  p: [80197898], r: 2566222363, e: 2566222391
#ERR  p: [80197899], r: 2566222391, e: 2566222395
#ERR  p: [80197900], r: 2566222395, e: 2566222584
#ERR  p: [80197901], r: 2566222584, e: 2566222618
#ERR  p: [80197902], r: 2566222618, e: 2566222644
#ERR  p: [80197903], r: 2566222644, e: 2566222657
#ERR  p: [80197904], r: 2566222657, e: 2566222691
#ERR  p: [80197905], r: 2566222691, e: 2566222786
#ERR  p: [80197906], r: 2566222786, e: 2566222819
#ERR  p: [80197907], r: 2566222819, e: 2566222881
#ERR  p: [80197908], r: 2566222881, e: 2566222892
#ERR  p: [80197909], r: 2566222892, e: 2566222917
#ERR  p: [80197910], r: 2566222917, e: 2566222927
#ERR  p: [80197911], r: 2566222927, e: 2566222961
#ERR  p: [80197912], r: 2566222961, e: 2566222971
#ERR  p: [80197913], r: 2566222971, e: 2566222974
#ERR  p: [80197914], r: 2566222974, e: 2566223022
#ERR  p: [80197915], r: 2566223022, e: 2566223044
#ERR  p: [80197916], r: 2566223044, e: 2566223091
#ERR  p: [80197917], r: 2566223091, e: 2566223119
#ERR  p: [80197918], r: 2566223119, e: 2566223122
#ERR  p: [80197919], r: 2566223122, e: 2566223136
#ERR  p: [80197920], r: 2566223136, e: 2566223137
#ERR  p: [80197921], r: 2566223137, e: 2566223264
#ERR  p: [80197922], r: 2566223264, e: 2566223454
#ERR  p: [80197923], r: 2566223454, e: 2566223459
#ERR  p: [80197924], r: 2566223459, e: 2566223472
#ERR  p: [80197925], r: 2566223472, e: 2566223552
#ERR  p: [80197926], r: 2566223552, e: 2566223599
#ERR  p: [80197927], r: 2566223599, e: 2566223600
#ERR  p: [80197928], r: 2566223600, e: 2566223700
#ERR  p: [80197929], r: 2566223700, e: 2566223757
#SDC Ite:0 KerTime:48.864801 AccTime:48.864801 KerErr:88 AccErr:88
#END