#HEADER size:134217728 omp_num_threads:228
#BEGIN Y:2017 M:01 D:15 Time:07:43:16
#IT Ite:0 KerTime:48.400567 AccTime:48.400567
#ERR  p: [91236407], r: 2919557952, e: 2919557887
#ERR  p: [91236408], r: 2919557985, e: 2919557916
#ERR  p: [91236409], r: 2919558130, e: 2919557952
#ERR  p: [91236410], r: 2919558143, e: 2919557960
#ERR  p: [91236411], r: 2919558265, e: 2919557985
#ERR  p: [91236412], r: 2919558325, e: 2919558042
#ERR  p: [91236413], r: 2919558330, e: 2919558078
#ERR  p: [91236414], r: 2919558384, e: 2919558080
#ERR  p: [91236415], r: 2919558488, e: 2919558112
#ERR  p: [91236416], r: 2919558523, e: 2919558130
#ERR  p: [91236417], r: 2919558731, e: 2919558143
#ERR  p: [91236418], r: 2919558766, e: 2919558173
#ERR  p: [91236419], r: 2919558808, e: 2919558209
#ERR  p: [91236420], r: 2919558837, e: 2919558263
#ERR  p: [91236421], r: 2919558950, e: 2919558265
#ERR  p: [91236422], r: 2919558997, e: 2919558273
#ERR  p: [91236423], r: 2919559038, e: 2919558309
#ERR  p: [91236424], r: 2919559161, e: 2919558325
#ERR  p: [91236425], r: 2919559442, e: 2919558330
#ERR  p: [91236426], r: 2919559515, e: 2919558384
#ERR  p: [91236427], r: 2919559541, e: 2919558453
#ERR  p: [91236428], r: 2919559553, e: 2919558488
#ERR  p: [91236429], r: 2919559613, e: 2919558523
#ERR  p: [91236430], r: 2919559667, e: 2919558731
#ERR  p: [91236431], r: 2919559776, e: 2919558766
#ERR  p: [91236432], r: 2919559833, e: 2919558808
#ERR  p: [91236433], r: 2919559845, e: 2919558837
#ERR  p: [91236434], r: 2919559914, e: 2919558950
#ERR  p: [91236435], r: 2919559985, e: 2919558997
#ERR  p: [91236436], r: 2919560087, e: 2919559038
#ERR  p: [91236437], r: 2919560093, e: 2919559102
#ERR  p: [91236438], r: 2919560145, e: 2919559120
#ERR  p: [91236439], r: 2919560259, e: 2919559140
#ERR  p: [91236440], r: 2919560261, e: 2919559161
#ERR  p: [91236441], r: 2919560262, e: 2919559180
#ERR  p: [91236442], r: 2919560288, e: 2919559313
#ERR  p: [91236443], r: 2919560311, e: 2919559335
#ERR  p: [91236444], r: 2919560324, e: 2919559409
#ERR  p: [91236445], r: 2919560452, e: 2919559418
#ERR  p: [91236446], r: 2919560601, e: 2919559442
#ERR  p: [91236447], r: 2919560643, e: 2919559452
#ERR  p: [91236448], r: 2919560666, e: 2919559515
#ERR  p: [91236449], r: 2919560835, e: 2919559541
#ERR  p: [91236450], r: 2919560846, e: 2919559541
#ERR  p: [91236451], r: 2919560878, e: 2919559553
#ERR  p: [91236452], r: 2919560965, e: 2919559583
#ERR  p: [91236453], r: 2919560978, e: 2919559596
#ERR  p: [91236454], r: 2919560998, e: 2919559613
#ERR  p: [91236455], r: 2919561167, e: 2919559639
#ERR  p: [91236456], r: 2919561174, e: 2919559667
#ERR  p: [91236457], r: 2919561234, e: 2919559712
#ERR  p: [91236458], r: 2919561240, e: 2919559729
#ERR  p: [91236459], r: 2919561257, e: 2919559776
#ERR  p: [91236460], r: 2919561309, e: 2919559799
#ERR  p: [91236461], r: 2919561365, e: 2919559814
#ERR  p: [91236462], r: 2919561373, e: 2919559833
#ERR  p: [91236463], r: 2919561431, e: 2919559845
#ERR  p: [91236464], r: 2919561478, e: 2919559876
#ERR  p: [91236465], r: 2919561523, e: 2919559914
#ERR  p: [91236466], r: 2919561556, e: 2919559985
#ERR  p: [91236467], r: 2919561655, e: 2919559987
#ERR  p: [91236468], r: 2919561699, e: 2919560031
#ERR  p: [91236469], r: 2919561784, e: 2919560034
#ERR  p: [91236470], r: 2919561794, e: 2919560087
#ERR  p: [91236471], r: 2919562034, e: 2919560093
#ERR  p: [91236472], r: 2919562213, e: 2919560145
#ERR  p: [91236473], r: 2919562222, e: 2919560200
#ERR  p: [91236474], r: 2919562232, e: 2919560259
#ERR  p: [91236475], r: 2919562233, e: 2919560261
#ERR  p: [91236476], r: 2919562240, e: 2919560262
#ERR  p: [91236477], r: 2919562249, e: 2919560288
#ERR  p: [91236478], r: 2919562375, e: 2919560292
#ERR  p: [91236479], r: 2919562393, e: 2919560301
#ERR  p: [91236480], r: 2919562394, e: 2919560311
#ERR  p: [91236481], r: 2919562396, e: 2919560324
#ERR  p: [91236482], r: 2919562417, e: 2919560328
#ERR  p: [91236483], r: 2919562489, e: 2919560391
#ERR  p: [91236484], r: 2919562551, e: 2919560452
#ERR  p: [91236485], r: 2919562555, e: 2919560528
#ERR  p: [91236486], r: 2919562601, e: 2919560601
#ERR  p: [91236487], r: 2919562810, e: 2919560607
#ERR  p: [91236488], r: 2919562858, e: 2919560643
#ERR  p: [91236489], r: 2919562936, e: 2919560666
#ERR  p: [91236490], r: 2919562962, e: 2919560705
#ERR  p: [91236491], r: 2919562978, e: 2919560717
#ERR  p: [91236492], r: 2919563115, e: 2919560774
#ERR  p: [91236493], r: 2919563182, e: 2919560799
#ERR  p: [91236494], r: 2919563212, e: 2919560804
#ERR  p: [91236495], r: 2919563324, e: 2919560835
#ERR  p: [91236496], r: 2919563400, e: 2919560846
#ERR  p: [91236497], r: 2919563454, e: 2919560847
#ERR  p: [91236498], r: 2919563464, e: 2919560878
#ERR  p: [91236499], r: 2919563520, e: 2919560891
#ERR  p: [91236500], r: 2919563628, e: 2919560906
#ERR  p: [91236501], r: 2919563716, e: 2919560965
#ERR  p: [91236502], r: 2919563716, e: 2919560975
#ERR  p: [91236503], r: 2919563720, e: 2919560978
#ERR  p: [91236504], r: 2919563819, e: 2919560998
#ERR  p: [91236505], r: 2919563830, e: 2919561037
#ERR  p: [91236506], r: 2919564000, e: 2919561137
#ERR  p: [91236507], r: 2919564068, e: 2919561167
#ERR  p: [91236508], r: 2919564104, e: 2919561174
#ERR  p: [91236509], r: 2919564120, e: 2919561234
#ERR  p: [91236510], r: 2919564123, e: 2919561240
#ERR  p: [91236511], r: 2919564145, e: 2919561257
#ERR  p: [91236512], r: 2919564227, e: 2919561309
#ERR  p: [91236513], r: 2919564328, e: 2919561330
#ERR  p: [91236514], r: 2919564420, e: 2919561341
#ERR  p: [91236515], r: 2919564432, e: 2919561355
#ERR  p: [91236516], r: 2919564447, e: 2919561365
#ERR  p: [91236517], r: 2919564455, e: 2919561370
#ERR  p: [91236518], r: 2919564475, e: 2919561373
#ERR  p: [91236519], r: 2919564492, e: 2919561431
#ERR  p: [91236520], r: 2919564718, e: 2919561478
#ERR  p: [91236521], r: 2919564765, e: 2919561503
#ERR  p: [91236522], r: 2919564924, e: 2919561505
#ERR  p: [91236523], r: 2919565032, e: 2919561523
#ERR  p: [91236524], r: 2919565051, e: 2919561546
#ERR  p: [91236525], r: 2919565116, e: 2919561556
#ERR  p: [91236526], r: 2919565239, e: 2919561655
#ERR  p: [91236527], r: 2919565312, e: 2919561699
#ERR  p: [91236528], r: 2919565439, e: 2919561714
#ERR  p: [91236529], r: 2919565598, e: 2919561784
#ERR  p: [91236530], r: 2919565686, e: 2919561794
#ERR  p: [91236531], r: 2919565774, e: 2919561891
#ERR  p: [91236532], r: 2919565820, e: 2919561961
#ERR  p: [91236533], r: 2919565837, e: 2919562020
#ERR  p: [91236534], r: 2919566103, e: 2919562034
#ERR  p: [91236535], r: 2919566113, e: 2919562213
#ERR  p: [91236536], r: 2919566138, e: 2919562222
#ERR  p: [91236537], r: 2919566154, e: 2919562222
#ERR  p: [91236538], r: 2919566286, e: 2919562232
#ERR  p: [91236539], r: 2919566304, e: 2919562233
#ERR  p: [91236540], r: 2919566382, e: 2919562240
#ERR  p: [91236541], r: 2919566479, e: 2919562249
#ERR  p: [91236542], r: 2919566557, e: 2919562375
#ERR  p: [91236543], r: 2919566617, e: 2919562393
#ERR  p: [91236544], r: 2919566687, e: 2919562394
#ERR  p: [91236545], r: 2919566694, e: 2919562396
#ERR  p: [91236546], r: 2919566707, e: 2919562417
#ERR  p: [91236547], r: 2919566773, e: 2919562446
#ERR  p: [91236548], r: 2919566848, e: 2919562489
#ERR  p: [91236549], r: 2919566874, e: 2919562517
#ERR  p: [91236550], r: 2919566987, e: 2919562551
#ERR  p: [91236551], r: 2919567082, e: 2919562555
#ERR  p: [91236552], r: 2919567117, e: 2919562601
#ERR  p: [91236553], r: 2919567140, e: 2919562810
#ERR  p: [91236554], r: 2919567143, e: 2919562858
#ERR  p: [91236555], r: 2919567181, e: 2919562864
#ERR  p: [91236556], r: 2919567316, e: 2919562904
#ERR  p: [91236557], r: 2919567436, e: 2919562936
#ERR  p: [91236558], r: 2919567445, e: 2919562962
#ERR  p: [91236559], r: 2919567472, e: 2919562978
#ERR  p: [91236560], r: 2919567549, e: 2919562999
#ERR  p: [91236561], r: 2919567589, e: 2919563024
#ERR  p: [91236562], r: 2919567602, e: 2919563115
#ERR  p: [91236563], r: 2919567686, e: 2919563119
#ERR  p: [91236564], r: 2919567807, e: 2919563138
#ERR  p: [91236565], r: 2919567896, e: 2919563182
#ERR  p: [91236566], r: 2919567908, e: 2919563204
#ERR  p: [91236567], r: 2919567997, e: 2919563212
#ERR  p: [91236568], r: 2919568079, e: 2919563217
#ERR  p: [91236569], r: 2919568172, e: 2919563286
#ERR  p: [91236570], r: 2919568188, e: 2919563319
#ERR  p: [91236571], r: 2919568246, e: 2919563324
#ERR  p: [91236572], r: 2919568377, e: 2919563353
#ERR  p: [91236573], r: 2919568415, e: 2919563400
#ERR  p: [91236574], r: 2919568436, e: 2919563444
#ERR  p: [91236575], r: 2919568462, e: 2919563454
#ERR  p: [91236576], r: 2919568465, e: 2919563464
#ERR  p: [91236577], r: 2919568471, e: 2919563475
#ERR  p: [91236578], r: 2919568551, e: 2919563483
#ERR  p: [91236579], r: 2919568563, e: 2919563512
#ERR  p: [91236580], r: 2919568581, e: 2919563520
#ERR  p: [91236581], r: 2919568606, e: 2919563570
#ERR  p: [91236582], r: 2919568612, e: 2919563597
#ERR  p: [91236583], r: 2919568714, e: 2919563628
#ERR  p: [91236584], r: 2919568754, e: 2919563672
#ERR  p: [91236585], r: 2919568825, e: 2919563704
#ERR  p: [91236586], r: 2919568896, e: 2919563716
#ERR  p: [91236587], r: 2919568979, e: 2919563716
#ERR  p: [91236588], r: 2919569066, e: 2919563720
#ERR  p: [91236589], r: 2919569229, e: 2919563819
#ERR  p: [91236590], r: 2919569231, e: 2919563830
#ERR  p: [91236591], r: 2919569250, e: 2919563902
#ERR  p: [91236592], r: 2919569258, e: 2919564000
#ERR  p: [91236593], r: 2919569269, e: 2919564068
#ERR  p: [91236594], r: 2919569290, e: 2919564104
#ERR  p: [91236595], r: 2919569291, e: 2919564118
#ERR  p: [91236596], r: 2919569410, e: 2919564120
#ERR  p: [91236597], r: 2919569451, e: 2919564123
#ERR  p: [91236598], r: 2919569594, e: 2919564145
#ERR  p: [91236599], r: 2919569723, e: 2919564162
#ERR  p: [91236600], r: 2919569773, e: 2919564227
#ERR  p: [91236601], r: 2919569850, e: 2919564267
#ERR  p: [91236602], r: 2919570287, e: 2919564302
#ERR  p: [91236603], r: 2919570380, e: 2919564328
#ERR  p: [91236604], r: 2919570420, e: 2919564342
#ERR  p: [91236605], r: 2919570436, e: 2919564420
#ERR  p: [91236606], r: 2919570610, e: 2919564432
#ERR  p: [91236607], r: 2919570614, e: 2919564447
#ERR  p: [91236608], r: 2919570646, e: 2919564455
#ERR  p: [91236609], r: 2919570663, e: 2919564475
#ERR  p: [91236610], r: 2919570675, e: 2919564492
#ERR  p: [91236611], r: 2919570712, e: 2919564618
#ERR  p: [91236612], r: 2919570760, e: 2919564659
#ERR  p: [91236613], r: 2919570812, e: 2919564701
#ERR  p: [91236614], r: 2919570825, e: 2919564718
#ERR  p: [91236615], r: 2919570979, e: 2919564765
#ERR  p: [91236616], r: 2919571033, e: 2919564768
#ERR  p: [91236617], r: 2919571063, e: 2919564859
#ERR  p: [91236618], r: 2919571139, e: 2919564866
#ERR  p: [91236619], r: 2919571164, e: 2919564874
#ERR  p: [91236620], r: 2919571199, e: 2919564892
#ERR  p: [91236621], r: 2919571306, e: 2919564924
#ERR  p: [91236622], r: 2919571500, e: 2919564986
#ERR  p: [91236623], r: 2919571530, e: 2919564992
#ERR  p: [91236624], r: 2919571583, e: 2919565032
#ERR  p: [91236625], r: 2919571619, e: 2919565035
#ERR  p: [91236626], r: 2919571633, e: 2919565051
#ERR  p: [91236627], r: 2919571701, e: 2919565074
#ERR  p: [91236628], r: 2919571737, e: 2919565082
#ERR  p: [91236629], r: 2919571759, e: 2919565102
#ERR  p: [91236630], r: 2919571961, e: 2919565116
#ERR  p: [91236631], r: 2919572337, e: 2919565144
#ERR  p: [91236632], r: 2919572398, e: 2919565153
#ERR  p: [91236633], r: 2919572429, e: 2919565205
#ERR  p: [91236634], r: 2919572531, e: 2919565206
#ERR  p: [91236635], r: 2919572565, e: 2919565214
#ERR  p: [91236636], r: 2919572567, e: 2919565239
#ERR  p: [91236637], r: 2919572764, e: 2919565248
#ERR  p: [91236638], r: 2919572854, e: 2919565264
#ERR  p: [91236639], r: 2919572867, e: 2919565286
#ERR  p: [91236640], r: 2919572981, e: 2919565312
#ERR  p: [91236641], r: 2919573026, e: 2919565439
#ERR  p: [91236642], r: 2919573043, e: 2919565458
#ERR  p: [91236643], r: 2919573117, e: 2919565535
#ERR  p: [91236644], r: 2919573167, e: 2919565584
#ERR  p: [91236645], r: 2919573185, e: 2919565598
#ERR  p: [91236646], r: 2919573235, e: 2919565599
#ERR  p: [91236647], r: 2919573575, e: 2919565600
#ERR  p: [91236648], r: 2919573608, e: 2919565686
#ERR  p: [91236649], r: 2919573659, e: 2919565774
#ERR  p: [91236650], r: 2919573682, e: 2919565786
#ERR  p: [91236651], r: 2919573744, e: 2919565820
#ERR  p: [91236652], r: 2919573813, e: 2919565837
#ERR  p: [91236653], r: 2919573819, e: 2919565903
#ERR  p: [91236654], r: 2919573851, e: 2919566009
#ERR  p: [91236655], r: 2919573877, e: 2919566097
#ERR  p: [91236656], r: 2919573922, e: 2919566100
#ERR  p: [91236657], r: 2919573944, e: 2919566103
#ERR  p: [91236658], r: 2919573961, e: 2919566113
#ERR  p: [91236659], r: 2919574065, e: 2919566138
#ERR  p: [91236660], r: 2919574092, e: 2919566154
#ERR  p: [91236661], r: 2919574098, e: 2919566242
#ERR  p: [91236662], r: 2919574330, e: 2919566286
#ERR  p: [91236663], r: 2919574374, e: 2919566302
#ERR  p: [91236664], r: 2919574388, e: 2919566304
#ERR  p: [91236665], r: 2919574441, e: 2919566329
#ERR  p: [91236666], r: 2919574481, e: 2919566353
#ERR  p: [91236667], r: 2919574482, e: 2919566382
#ERR  p: [91236668], r: 2919574508, e: 2919566479
#ERR  p: [91236669], r: 2919574614, e: 2919566557
#ERR  p: [91236670], r: 2919574660, e: 2919566581
#ERR  p: [91236671], r: 2919574698, e: 2919566617
#ERR  p: [91236672], r: 2919574808, e: 2919566656
#ERR  p: [91236673], r: 2919574853, e: 2919566687
#ERR  p: [91236674], r: 2919574880, e: 2919566694
#ERR  p: [91236675], r: 2919574884, e: 2919566707
#ERR  p: [91236676], r: 2919574925, e: 2919566773
#ERR  p: [91236677], r: 2919574943, e: 2919566848
#ERR  p: [91236678], r: 2919575160, e: 2919566854
#ERR  p: [91236679], r: 2919575273, e: 2919566874
#ERR  p: [91236680], r: 2919575281, e: 2919566943
#ERR  p: [91236681], r: 2919575320, e: 2919566979
#ERR  p: [91236682], r: 2919575339, e: 2919566987
#ERR  p: [91236683], r: 2919575413, e: 2919567008
#ERR  p: [91236684], r: 2919575533, e: 2919567010
#ERR  p: [91236685], r: 2919575541, e: 2919567048
#ERR  p: [91236686], r: 2919575570, e: 2919567082
#ERR  p: [91236687], r: 2919575855, e: 2919567114
#ERR  p: [91236688], r: 2919576008, e: 2919567117
#ERR  p: [91236689], r: 2919576096, e: 2919567140
#ERR  p: [91236690], r: 2919576146, e: 2919567143
#ERR  p: [91236691], r: 2919576169, e: 2919567181
#ERR  p: [91236692], r: 2919576235, e: 2919567216
#ERR  p: [91236693], r: 2919576327, e: 2919567218
#ERR  p: [91236694], r: 2919576359, e: 2919567316
#ERR  p: [91236695], r: 2919576384, e: 2919567357
#ERR  p: [91236696], r: 2919576467, e: 2919567385
#ERR  p: [91236697], r: 2919576577, e: 2919567398
#ERR  p: [91236698], r: 2919576588, e: 2919567436
#ERR  p: [91236699], r: 2919576631, e: 2919567445
#ERR  p: [91236700], r: 2919576645, e: 2919567472
#ERR  p: [91236701], r: 2919576674, e: 2919567526
#ERR  p: [91236702], r: 2919576711, e: 2919567541
#ERR  p: [91236703], r: 2919576775, e: 2919567549
#ERR  p: [91236704], r: 2919576824, e: 2919567589
#ERR  p: [91236705], r: 2919576892, e: 2919567602
#ERR  p: [91236706], r: 2919576944, e: 2919567625
#ERR  p: [91236707], r: 2919576944, e: 2919567636
#ERR  p: [91236708], r: 2919577022, e: 2919567686
#ERR  p: [91236709], r: 2919577074, e: 2919567706
#ERR  p: [91236710], r: 2919577084, e: 2919567713
#ERR  p: [91236711], r: 2919577245, e: 2919567807
#ERR  p: [91236712], r: 2919577391, e: 2919567840
#ERR  p: [91236713], r: 2919577547, e: 2919567845
#ERR  p: [91236714], r: 2919577624, e: 2919567896
#ERR  p: [91236715], r: 2919577698, e: 2919567908
#ERR  p: [91236716], r: 2919577756, e: 2919567951
#ERR  p: [91236717], r: 2919577764, e: 2919567997
#ERR  p: [91236718], r: 2919577789, e: 2919568079
#ERR  p: [91236719], r: 2919577827, e: 2919568172
#ERR  p: [91236720], r: 2919577828, e: 2919568176
#ERR  p: [91236721], r: 2919577931, e: 2919568188
#ERR  p: [91236722], r: 2919578153, e: 2919568194
#ERR  p: [91236723], r: 2919578183, e: 2919568194
#ERR  p: [91236724], r: 2919578281, e: 2919568246
#ERR  p: [91236725], r: 2919578499, e: 2919568304
#ERR  p: [91236726], r: 2919578499, e: 2919568345
#ERR  p: [91236727], r: 2919578563, e: 2919568361
#ERR  p: [91236728], r: 2919578564, e: 2919568377
#ERR  p: [91236729], r: 2919578585, e: 2919568415
#ERR  p: [91236730], r: 2919578609, e: 2919568436
#ERR  p: [91236731], r: 2919578620, e: 2919568456
#ERR  p: [91236732], r: 2919578646, e: 2919568462
#ERR  p: [91236733], r: 2919578700, e: 2919568465
#ERR  p: [91236734], r: 2919578717, e: 2919568471
#ERR  p: [91236735], r: 2919578739, e: 2919568482
#ERR  p: [91236736], r: 2919578854, e: 2919568551
#ERR  p: [91236737], r: 2919578925, e: 2919568563
#ERR  p: [91236738], r: 2919579070, e: 2919568581
#ERR  p: [91236739], r: 2919579116, e: 2919568606
#ERR  p: [91236740], r: 2919579172, e: 2919568612
#ERR  p: [91236741], r: 2919579177, e: 2919568714
#ERR  p: [91236742], r: 2919579210, e: 2919568754
#ERR  p: [91236743], r: 2919579260, e: 2919568766
#ERR  p: [91236744], r: 2919579299, e: 2919568821
#ERR  p: [91236745], r: 2919579477, e: 2919568825
#ERR  p: [91236746], r: 2919579525, e: 2919568830
#ERR  p: [91236747], r: 2919579537, e: 2919568896
#ERR  p: [91236748], r: 2919579636, e: 2919568921
#ERR  p: [91236749], r: 2919579732, e: 2919568979
#ERR  p: [91236750], r: 2919579748, e: 2919569024
#ERR  p: [91236751], r: 2919579787, e: 2919569042
#ERR  p: [91236752], r: 2919579811, e: 2919569066
#ERR  p: [91236753], r: 2919579869, e: 2919569132
#ERR  p: [91236754], r: 2919579949, e: 2919569217
#ERR  p: [91236755], r: 2919580096, e: 2919569229
#ERR  p: [91236756], r: 2919580108, e: 2919569231
#ERR  p: [91236757], r: 2919580195, e: 2919569250
#ERR  p: [91236758], r: 2919580208, e: 2919569258
#ERR  p: [91236759], r: 2919580223, e: 2919569269
#ERR  p: [91236760], r: 2919580320, e: 2919569283
#ERR  p: [91236761], r: 2919580400, e: 2919569290
#ERR  p: [91236762], r: 2919580444, e: 2919569291
#ERR  p: [91236763], r: 2919580576, e: 2919569357
#ERR  p: [91236764], r: 2919580612, e: 2919569378
#ERR  p: [91236765], r: 2919580703, e: 2919569384
#ERR  p: [91236766], r: 2919580765, e: 2919569410
#ERR  p: [91236767], r: 2919580890, e: 2919569416
#ERR  p: [91236768], r: 2919580953, e: 2919569440
#ERR  p: [91236769], r: 2919581052, e: 2919569451
#ERR  p: [91236770], r: 2919581067, e: 2919569502
#ERR  p: [91236771], r: 2919581207, e: 2919569594
#ERR  p: [91236772], r: 2919581213, e: 2919569723
#ERR  p: [91236773], r: 2919581250, e: 2919569773
#ERR  p: [91236774], r: 2919581319, e: 2919569836
#ERR  p: [91236775], r: 2919581368, e: 2919569850
#ERR  p: [91236776], r: 2919581375, e: 2919569862
#ERR  p: [91236777], r: 2919581500, e: 2919570067
#ERR  p: [91236778], r: 2919581729, e: 2919570078
#ERR  p: [91236779], r: 2919581754, e: 2919570203
#ERR  p: [91236780], r: 2919581862, e: 2919570214
#ERR  p: [91236781], r: 2919581930, e: 2919570287
#ERR  p: [91236782], r: 2919581958, e: 2919570292
#ERR  p: [91236783], r: 2919582021, e: 2919570293
#ERR  p: [91236784], r: 2919582096, e: 2919570332
#ERR  p: [91236785], r: 2919582150, e: 2919570380
#ERR  p: [91236786], r: 2919582179, e: 2919570388
#ERR  p: [91236787], r: 2919582319, e: 2919570420
#ERR  p: [91236788], r: 2919582339, e: 2919570435
#ERR  p: [91236789], r: 2919582360, e: 2919570436
#ERR  p: [91236790], r: 2919582453, e: 2919570536
#ERR  p: [91236791], r: 2919582536, e: 2919570586
#ERR  p: [91236792], r: 2919582552, e: 2919570610
#ERR  p: [91236793], r: 2919582619, e: 2919570614
#ERR  p: [91236794], r: 2919582710, e: 2919570646
#ERR  p: [91236795], r: 2919582844, e: 2919570663
#ERR  p: [91236796], r: 2919582890, e: 2919570675
#ERR  p: [91236797], r: 2919582908, e: 2919570702
#ERR  p: [91236798], r: 2919582908, e: 2919570712
#ERR  p: [91236799], r: 2919582948, e: 2919570724
#ERR  p: [91236800], r: 2919583024, e: 2919570760
#ERR  p: [91236801], r: 2919583058, e: 2919570812
#ERR  p: [91236802], r: 2919583148, e: 2919570819
#ERR  p: [91236803], r: 2919583230, e: 2919570825
#ERR  p: [91236804], r: 2919583245, e: 2919570931
#ERR  p: [91236805], r: 2919583609, e: 2919570979
#ERR  p: [91236806], r: 2919583623, e: 2919571033
#ERR  p: [91236807], r: 2919583634, e: 2919571063
#ERR  p: [91236808], r: 2919583677, e: 2919571139
#ERR  p: [91236809], r: 2919583794, e: 2919571141
#ERR  p: [91236810], r: 2919583879, e: 2919571164
#ERR  p: [91236811], r: 2919584043, e: 2919571199
#ERR  p: [91236812], r: 2919584048, e: 2919571226
#ERR  p: [91236813], r: 2919584059, e: 2919571306
#ERR  p: [91236814], r: 2919584221, e: 2919571307
#ERR  p: [91236815], r: 2919584260, e: 2919571465
#ERR  p: [91236816], r: 2919584272, e: 2919571497
#ERR  p: [91236817], r: 2919584277, e: 2919571500
#ERR  p: [91236818], r: 2919584288, e: 2919571511
#ERR  p: [91236819], r: 2919584477, e: 2919571526
#ERR  p: [91236820], r: 2919557887, e: 2919571530
#ERR  p: [91236821], r: 2919557916, e: 2919571571
#ERR  p: [91236822], r: 2919557960, e: 2919571574
#ERR  p: [91236823], r: 2919558042, e: 2919571583
#ERR  p: [91236824], r: 2919558078, e: 2919571619
#ERR  p: [91236825], r: 2919558080, e: 2919571633
#ERR  p: [91236826], r: 2919558112, e: 2919571689
#ERR  p: [91236827], r: 2919558173, e: 2919571701
#ERR  p: [91236828], r: 2919558209, e: 2919571732
#ERR  p: [91236829], r: 2919558263, e: 2919571737
#ERR  p: [91236830], r: 2919558273, e: 2919571759
#ERR  p: [91236831], r: 2919558309, e: 2919571831
#ERR  p: [91236832], r: 2919558453, e: 2919571961
#ERR  p: [91236833], r: 2919559102, e: 2919571961
#ERR  p: [91236834], r: 2919559120, e: 2919572025
#ERR  p: [91236835], r: 2919559140, e: 2919572055
#ERR  p: [91236836], r: 2919559180, e: 2919572083
#ERR  p: [91236837], r: 2919559313, e: 2919572194
#ERR  p: [91236838], r: 2919559335, e: 2919572262
#ERR  p: [91236839], r: 2919559409, e: 2919572274
#ERR  p: [91236840], r: 2919559418, e: 2919572337
#ERR  p: [91236841], r: 2919559452, e: 2919572398
#ERR  p: [91236842], r: 2919559541, e: 2919572429
#ERR  p: [91236843], r: 2919559583, e: 2919572486
#ERR  p: [91236844], r: 2919559596, e: 2919572531
#ERR  p: [91236845], r: 2919559639, e: 2919572538
#ERR  p: [91236846], r: 2919559712, e: 2919572565
#ERR  p: [91236847], r: 2919559729, e: 2919572567
#ERR  p: [91236848], r: 2919559799, e: 2919572572
#ERR  p: [91236849], r: 2919559814, e: 2919572638
#ERR  p: [91236850], r: 2919559876, e: 2919572655
#ERR  p: [91236851], r: 2919559987, e: 2919572660
#ERR  p: [91236852], r: 2919560031, e: 2919572681
#ERR  p: [91236853], r: 2919560034, e: 2919572687
#ERR  p: [91236854], r: 2919560200, e: 2919572712
#ERR  p: [91236855], r: 2919560292, e: 2919572730
#ERR  p: [91236856], r: 2919560301, e: 2919572753
#ERR  p: [91236857], r: 2919560328, e: 2919572764
#ERR  p: [91236858], r: 2919560391, e: 2919572854
#ERR  p: [91236859], r: 2919560528, e: 2919572867
#ERR  p: [91236860], r: 2919560607, e: 2919572901
#ERR  p: [91236861], r: 2919560705, e: 2919572981
#ERR  p: [91236862], r: 2919560717, e: 2919573008
#ERR  p: [91236863], r: 2919560774, e: 2919573026
#ERR  p: [91236864], r: 2919560799, e: 2919573043
#ERR  p: [91236865], r: 2919560804, e: 2919573117
#ERR  p: [91236866], r: 2919560847, e: 2919573167
#ERR  p: [91236867], r: 2919560891, e: 2919573180
#ERR  p: [91236868], r: 2919560906, e: 2919573185
#ERR  p: [91236869], r: 2919560975, e: 2919573223
#ERR  p: [91236870], r: 2919561037, e: 2919573235
#ERR  p: [91236871], r: 2919561137, e: 2919573348
#ERR  p: [91236872], r: 2919561330, e: 2919573349
#ERR  p: [91236873], r: 2919561341, e: 2919573388
#ERR  p: [91236874], r: 2919561355, e: 2919573431
#ERR  p: [91236875], r: 2919561370, e: 2919573436
#ERR  p: [91236876], r: 2919561503, e: 2919573465
#ERR  p: [91236877], r: 2919561505, e: 2919573533
#ERR  p: [91236878], r: 2919561546, e: 2919573551
#ERR  p: [91236879], r: 2919561714, e: 2919573566
#ERR  p: [91236880], r: 2919561891, e: 2919573575
#ERR  p: [91236881], r: 2919561961, e: 2919573608
#ERR  p: [91236882], r: 2919562020, e: 2919573654
#ERR  p: [91236883], r: 2919562222, e: 2919573659
#ERR  p: [91236884], r: 2919562446, e: 2919573682
#ERR  p: [91236885], r: 2919562517, e: 2919573727
#ERR  p: [91236886], r: 2919562864, e: 2919573738
#ERR  p: [91236887], r: 2919562904, e: 2919573742
#ERR  p: [91236888], r: 2919562999, e: 2919573744
#ERR  p: [91236889], r: 2919563024, e: 2919573751
#ERR  p: [91236890], r: 2919563119, e: 2919573773
#ERR  p: [91236891], r: 2919563138, e: 2919573813
#ERR  p: [91236892], r: 2919563204, e: 2919573819
#ERR  p: [91236893], r: 2919563217, e: 2919573851
#ERR  p: [91236894], r: 2919563286, e: 2919573857
#ERR  p: [91236895], r: 2919563319, e: 2919573858
#ERR  p: [91236896], r: 2919563353, e: 2919573877
#ERR  p: [91236897], r: 2919563444, e: 2919573922
#ERR  p: [91236898], r: 2919563475, e: 2919573929
#ERR  p: [91236899], r: 2919563483, e: 2919573944
#ERR  p: [91236900], r: 2919563512, e: 2919573961
#ERR  p: [91236901], r: 2919563570, e: 2919573978
#ERR  p: [91236902], r: 2919563597, e: 2919574064
#ERR  p: [91236903], r: 2919563672, e: 2919574065
#ERR  p: [91236904], r: 2919563704, e: 2919574074
#ERR  p: [91236905], r: 2919563902, e: 2919574091
#ERR  p: [91236906], r: 2919564118, e: 2919574092
#SDC Ite:0 KerTime:48.400567 AccTime:48.400567 KerErr:827 AccErr:827
#ABORT too many errors per iteration
#END