#HEADER size:134217728 omp_num_threads:228
#BEGIN Y:2017 M:01 D:20 Time:00:13:25
#IT Ite:0 KerTime:52.202460 AccTime:52.202460
#ERR  p: [31], r: 1061, e: 966
#ERR  p: [1177350], r: 39029397, e: 37708775
#ERR  p: [1766025], r: 58534287, e: 56551958
#ERR  p: [1177351], r: 39029494, e: 37708809
#ERR  p: [32], r: 1115, e: 1023
#ERR  p: [588675], r: 19503647, e: 18839464
#ERR  p: [1766026], r: 58534304, e: 56551975
#ERR  p: [1177352], r: 39029510, e: 37708932
#ERR  p: [33], r: 1147, e: 1061
#ERR  p: [588676], r: 19503650, e: 18839478
#ERR  p: [1766027], r: 58534310, e: 56552027
#ERR  p: [1177353], r: 39029549, e: 37708988
#ERR  p: [34], r: 1153, e: 1115
#ERR  p: [588677], r: 19503739, e: 18839633
#ERR  p: [1766028], r: 58534336, e: 56552028
#ERR  p: [1177354], r: 39029563, e: 37709009
#ERR  p: [35], r: 1176, e: 1147
#ERR  p: [588678], r: 19503774, e: 18839662
#ERR  p: [1766029], r: 58534347, e: 56552088
#ERR  p: [1177355], r: 39029601, e: 37709017
#ERR  p: [36], r: 1176, e: 1153
#ERR  p: [588679], r: 19503797, e: 18839746
#ERR  p: [1766030], r: 58534447, e: 56552103
#ERR  p: [1177356], r: 39029707, e: 37709072
#ERR  p: [37], r: 1178, e: 1176
#ERR  p: [588680], r: 19503803, e: 18839755
#ERR  p: [1766031], r: 58534451, e: 56552113
#ERR  p: [1177357], r: 39029790, e: 37709078
#ERR  p: [38], r: 1187, e: 1176
#ERR  p: [588681], r: 19503873, e: 18839767
#ERR  p: [1766032], r: 58534462, e: 56552118
#ERR  p: [1177358], r: 39029853, e: 37709093
#ERR  p: [39], r: 1205, e: 1178
#ERR  p: [588682], r: 19503931, e: 18839772
#ERR  p: [1766033], r: 58534528, e: 56552189
#ERR  p: [1177359], r: 39029862, e: 37709140
#ERR  p: [40], r: 1206, e: 1187
#ERR  p: [588683], r: 19503963, e: 18839779
#ERR  p: [1766034], r: 58534552, e: 56552221
#ERR  p: [1177360], r: 39029897, e: 37709154
#ERR  p: [41], r: 1211, e: 1205
#ERR  p: [588684], r: 19504063, e: 18839786
#ERR  p: [1766035], r: 58534605, e: 56552226
#ERR  p: [1177361], r: 39029906, e: 37709161
#ERR  p: [42], r: 1328, e: 1206
#ERR  p: [588685], r: 19504067, e: 18839814
#ERR  p: [1766036], r: 58534623, e: 56552255
#ERR  p: [1177362], r: 39029939, e: 37709169
#ERR  p: [43], r: 1365, e: 1211
#ERR  p: [588686], r: 19504071, e: 18839842
#ERR  p: [1766037], r: 58534724, e: 56552255
#ERR  p: [1177363], r: 39029991, e: 37709229
#ERR  p: [44], r: 1370, e: 1328
#ERR  p: [588687], r: 19504083, e: 18839851
#ERR  p: [1766038], r: 58534842, e: 56552268
#ERR  p: [1177364], r: 39029998, e: 37709240
#ERR  p: [45], r: 1456, e: 1365
#ERR  p: [588688], r: 19504121, e: 18839921
#ERR  p: [1766039], r: 58534865, e: 56552297
#ERR  p: [1177365], r: 39030014, e: 37709245
#ERR  p: [46], r: 1469, e: 1370
#ERR  p: [588689], r: 19504137, e: 18839931
#ERR  p: [1766040], r: 58534865, e: 56552329
#ERR  p: [1177366], r: 39030019, e: 37709258
#ERR  p: [47], r: 1473, e: 1456
#ERR  p: [588690], r: 19504159, e: 18839932
#ERR  p: [1766041], r: 58534868, e: 56552364
#ERR  p: [1177367], r: 39030043, e: 37709260
#ERR  p: [48], r: 1505, e: 1469
#ERR  p: [588691], r: 19504185, e: 18839936
#ERR  p: [1766042], r: 58534907, e: 56552380
#ERR  p: [1177368], r: 39030112, e: 37709271
#ERR  p: [49], r: 1525, e: 1473
#ERR  p: [588692], r: 19504190, e: 18840012
#ERR  p: [1766043], r: 58534912, e: 56552392
#ERR  p: [1177369], r: 39030132, e: 37709290
#ERR  p: [50], r: 1570, e: 1505
#ERR  p: [588693], r: 19504204, e: 18840062
#ERR  p: [1766044], r: 58535168, e: 56552410
#ERR  p: [1177370], r: 39030148, e: 37709360
#ERR  p: [51], r: 1576, e: 1525
#ERR  p: [588694], r: 19504214, e: 18840091
#ERR  p: [1766045], r: 58535198, e: 56552415
#ERR  p: [1177371], r: 39030165, e: 37709390
#ERR  p: [52], r: 1606, e: 1570
#ERR  p: [588695], r: 19504217, e: 18840118
#ERR  p: [1766046], r: 58535213, e: 56552463
#ERR  p: [1177372], r: 39030168, e: 37709406
#ERR  p: [53], r: 1676, e: 1576
#ERR  p: [588696], r: 19504233, e: 18840131
#ERR  p: [1766047], r: 58535259, e: 56552467
#ERR  p: [1177373], r: 39030232, e: 37709455
#ERR  p: [54], r: 1681, e: 1606
#ERR  p: [588697], r: 19504292, e: 18840157
#ERR  p: [1766048], r: 58535272, e: 56552553
#ERR  p: [1177374], r: 39030268, e: 37709485
#ERR  p: [55], r: 1724, e: 1676
#ERR  p: [588698], r: 19504343, e: 18840233
#ERR  p: [1766049], r: 58535365, e: 56552562
#ERR  p: [1177375], r: 39030270, e: 37709515
#ERR  p: [56], r: 1828, e: 1681
#ERR  p: [588699], r: 19504374, e: 18840257
#ERR  p: [1766050], r: 58535439, e: 56552593
#ERR  p: [1177376], r: 39030380, e: 37709545
#ERR  p: [57], r: 1868, e: 1724
#ERR  p: [588700], r: 19504420, e: 18840278
#ERR  p: [1766051], r: 58535475, e: 56552598
#ERR  p: [1177377], r: 39030389, e: 37709577
#ERR  p: [58], r: 1944, e: 1828
#ERR  p: [588701], r: 19504421, e: 18840319
#ERR  p: [1766052], r: 58535495, e: 56552599
#ERR  p: [1177378], r: 39030556, e: 37709594
#ERR  p: [59], r: 1977, e: 1868
#ERR  p: [588702], r: 19504486, e: 18840334
#ERR  p: [1766053], r: 58535527, e: 56552613
#ERR  p: [1177379], r: 39030557, e: 37709598
#ERR  p: [60], r: 2040, e: 1944
#ERR  p: [588703], r: 19504598, e: 18840371
#ERR  p: [1766054], r: 58535652, e: 56552627
#ERR  p: [1177380], r: 39030630, e: 37709630
#ERR  p: [61], r: 2045, e: 1977
#ERR  p: [588704], r: 19504751, e: 18840598
#ERR  p: [1766055], r: 58535702, e: 56552672
#ERR  p: [1177381], r: 39030639, e: 37709726
#ERR  p: [62], r: 2057, e: 2004
#ERR  p: [588705], r: 19504759, e: 18840607
#ERR  p: [1766056], r: 58535752, e: 56552678
#ERR  p: [1177382], r: 39030664, e: 37709748
#ERR  p: [63], r: 2079, e: 2040
#ERR  p: [588706], r: 19504809, e: 18840609
#ERR  p: [1766057], r: 58535755, e: 56552690
#ERR  p: [1177383], r: 39030671, e: 37709766
#ERR  p: [64], r: 2111, e: 2045
#ERR  p: [588707], r: 19504831, e: 18840670
#ERR  p: [1766058], r: 58535761, e: 56552716
#ERR  p: [1177384], r: 39030690, e: 37709813
#ERR  p: [65], r: 2118, e: 2057
#ERR  p: [588708], r: 19504849, e: 18840682
#ERR  p: [1766059], r: 58535799, e: 56552804
#ERR  p: [1177385], r: 39030699, e: 37709830
#ERR  p: [66], r: 2208, e: 2079
#ERR  p: [588709], r: 19504855, e: 18840682
#ERR  p: [1766060], r: 58536007, e: 56552846
#ERR  p: [1177386], r: 39030700, e: 37709834
#ERR  p: [67], r: 2281, e: 2111
#ERR  p: [588710], r: 19504878, e: 18840708
#ERR  p: [1766061], r: 58536008, e: 56552861
#ERR  p: [1177387], r: 39030713, e: 37709846
#ERR  p: [68], r: 2324, e: 2118
#ERR  p: [588711], r: 19504883, e: 18840795
#ERR  p: [1766062], r: 58536012, e: 56552918
#ERR  p: [1177388], r: 39030725, e: 37709847
#ERR  p: [69], r: 2366, e: 2208
#ERR  p: [588712], r: 19504896, e: 18840802
#ERR  p: [1766063], r: 58536055, e: 56552919
#ERR  p: [1177389], r: 39030735, e: 37709907
#ERR  p: [70], r: 2388, e: 2230
#ERR  p: [588713], r: 19504946, e: 18840842
#ERR  p: [1766064], r: 58536092, e: 56553007
#ERR  p: [1177390], r: 39030820, e: 37709909
#ERR  p: [71], r: 2437, e: 2281
#ERR  p: [588714], r: 19505012, e: 18840853
#ERR  p: [1766065], r: 58536112, e: 56553018
#ERR  p: [1177391], r: 39030835, e: 37709911
#ERR  p: [72], r: 2445, e: 2324
#ERR  p: [588715], r: 19505120, e: 18840920
#ERR  p: [1766066], r: 58536115, e: 56553050
#ERR  p: [1177392], r: 39030865, e: 37709935
#ERR  p: [73], r: 2588, e: 2366
#ERR  p: [588716], r: 19505147, e: 18840940
#ERR  p: [1766067], r: 58536138, e: 56553084
#ERR  p: [1177393], r: 39030874, e: 37709948
#ERR  p: [74], r: 2635, e: 2388
#ERR  p: [588717], r: 19505150, e: 18841093
#ERR  p: [1766068], r: 58536203, e: 56553099
#ERR  p: [1177394], r: 39030933, e: 37709976
#ERR  p: [75], r: 2747, e: 2437
#ERR  p: [588718], r: 19505158, e: 18841101
#ERR  p: [1766069], r: 58536205, e: 56553119
#ERR  p: [1177395], r: 39030952, e: 37710002
#ERR  p: [76], r: 2821, e: 2445
#ERR  p: [588719], r: 19505255, e: 18841117
#ERR  p: [1766070], r: 58536239, e: 56553138
#ERR  p: [1177396], r: 39030995, e: 37710004
#ERR  p: [77], r: 2917, e: 2553
#ERR  p: [588720], r: 19505265, e: 18841128
#ERR  p: [1766071], r: 58536240, e: 56553226
#ERR  p: [1177397], r: 39031034, e: 37710019
#ERR  p: [78], r: 2925, e: 2588
#ERR  p: [588721], r: 19505287, e: 18841134
#ERR  p: [1766072], r: 58536252, e: 56553288
#ERR  p: [1177398], r: 39031068, e: 37710058
#ERR  p: [79], r: 2927, e: 2635
#ERR  p: [588722], r: 19505291, e: 18841137
#ERR  p: [1766073], r: 58536276, e: 56553312
#ERR  p: [1177399], r: 39031088, e: 37710129
#ERR  p: [80], r: 2938, e: 2747
#ERR  p: [588723], r: 19505309, e: 18841139
#ERR  p: [1766074], r: 58536297, e: 56553358
#ERR  p: [1177400], r: 39031170, e: 37710133
#ERR  p: [81], r: 2971, e: 2821
#ERR  p: [588724], r: 19505352, e: 18841139
#ERR  p: [1766075], r: 58536352, e: 56553361
#ERR  p: [1177401], r: 39031183, e: 37710148
#ERR  p: [82], r: 3075, e: 2917
#ERR  p: [588725], r: 19505419, e: 18841161
#ERR  p: [1766076], r: 58536401, e: 56553443
#ERR  p: [1177402], r: 39031210, e: 37710219
#ERR  p: [83], r: 3122, e: 2925
#ERR  p: [588726], r: 19505431, e: 18841194
#ERR  p: [1766077], r: 58536404, e: 56553490
#ERR  p: [1177403], r: 39031220, e: 37710312
#ERR  p: [84], r: 3210, e: 2927
#ERR  p: [588727], r: 19505442, e: 18841229
#ERR  p: [1766078], r: 58536518, e: 56553542
#ERR  p: [1177404], r: 39031239, e: 37710322
#ERR  p: [85], r: 3233, e: 2938
#ERR  p: [588728], r: 19505490, e: 18841253
#ERR  p: [1766079], r: 58536527, e: 56553544
#ERR  p: [1177405], r: 39031248, e: 37710396
#ERR  p: [86], r: 3237, e: 2971
#ERR  p: [588729], r: 19505535, e: 18841274
#ERR  p: [1766080], r: 58536529, e: 56553569
#ERR  p: [1177406], r: 39031267, e: 37710398
#ERR  p: [87], r: 3253, e: 3075
#ERR  p: [588730], r: 19505544, e: 18841283
#ERR  p: [1766081], r: 58536535, e: 56553606
#ERR  p: [1177407], r: 39031290, e: 37710413
#ERR  p: [88], r: 3283, e: 3122
#ERR  p: [588731], r: 19505607, e: 18841334
#ERR  p: [1766082], r: 58536588, e: 56553624
#ERR  p: [1177408], r: 39031312, e: 37710432
#ERR  p: [89], r: 3291, e: 3210
#ERR  p: [588732], r: 19505632, e: 18841383
#ERR  p: [1766083], r: 58536589, e: 56553635
#ERR  p: [1177409], r: 39031364, e: 37710440
#ERR  p: [90], r: 3318, e: 3233
#ERR  p: [588733], r: 19505649, e: 18841391
#ERR  p: [1766084], r: 58536624, e: 56553657
#ERR  p: [1177410], r: 39031406, e: 37710512
#ERR  p: [91], r: 3337, e: 3237
#ERR  p: [588734], r: 19505691, e: 18841399
#ERR  p: [1766085], r: 58536703, e: 56553662
#ERR  p: [1177411], r: 39031421, e: 37710531
#ERR  p: [92], r: 3380, e: 3253
#ERR  p: [588735], r: 19505797, e: 18841448
#ERR  p: [1766086], r: 58536728, e: 56553672
#ERR  p: [1177412], r: 39031435, e: 37710545
#ERR  p: [93], r: 3389, e: 3283
#ERR  p: [588736], r: 19505820, e: 18841478
#ERR  p: [1766087], r: 58536747, e: 56553682
#ERR  p: [1177413], r: 39031481, e: 37710556
#ERR  p: [94], r: 3473, e: 3291
#ERR  p: [588737], r: 19505851, e: 18841481
#ERR  p: [1766088], r: 58536869, e: 56553819
#ERR  p: [1177414], r: 39031564, e: 37710584
#ERR  p: [95], r: 3480, e: 3318
#ERR  p: [588738], r: 19505856, e: 18841492
#ERR  p: [1766089], r: 58536914, e: 56553827
#ERR  p: [1177415], r: 39031573, e: 37710611
#ERR  p: [96], r: 3535, e: 3337
#ERR  p: [588739], r: 19505873, e: 18841548
#ERR  p: [1766090], r: 58536916, e: 56553834
#ERR  p: [1177416], r: 39031603, e: 37710625
#ERR  p: [97], r: 3538, e: 3380
#ERR  p: [588740], r: 19505880, e: 18841592
#ERR  p: [1766091], r: 58536986, e: 56553841
#ERR  p: [1177417], r: 39031620, e: 37710633
#ERR  p: [98], r: 3555, e: 3389
#ERR  p: [588741], r: 19505884, e: 18841605
#ERR  p: [1766092], r: 58536987, e: 56553874
#ERR  p: [1177418], r: 39031649, e: 37710663
#ERR  p: [99], r: 3557, e: 3473
#ERR  p: [588742], r: 19505891, e: 18841662
#ERR  p: [1766093], r: 58537018, e: 56553882
#ERR  p: [1177419], r: 39031696, e: 37710681
#ERR  p: [100], r: 3600, e: 3480
#ERR  p: [588743], r: 19505916, e: 18841678
#ERR  p: [1766094], r: 58537039, e: 56553920
#ERR  p: [1177420], r: 39031745, e: 37710761
#ERR  p: [101], r: 3649, e: 3535
#ERR  p: [588744], r: 19505941, e: 18841749
#ERR  p: [1766095], r: 58537052, e: 56553993
#ERR  p: [1177421], r: 39031810, e: 37710767
#ERR  p: [102], r: 3659, e: 3538
#ERR  p: [588745], r: 19505945, e: 18841754
#ERR  p: [1766096], r: 58537058, e: 56554060
#ERR  p: [1177422], r: 39031831, e: 37710770
#ERR  p: [103], r: 3847, e: 3555
#ERR  p: [588746], r: 19505951, e: 18841838
#ERR  p: [1766097], r: 58537061, e: 56554114
#ERR  p: [1177423], r: 39031897, e: 37710803
#ERR  p: [104], r: 3862, e: 3557
#ERR  p: [588747], r: 19506005, e: 18841850
#ERR  p: [1766098], r: 58537128, e: 56554158
#ERR  p: [1177424], r: 39031906, e: 37710820
#ERR  p: [105], r: 3867, e: 3600
#ERR  p: [588748], r: 19506026, e: 18841867
#ERR  p: [1766099], r: 58537208, e: 56554159
#ERR  p: [1177425], r: 39031921, e: 37710882
#ERR  p: [106], r: 3875, e: 3649
#ERR  p: [588749], r: 19506032, e: 18841873
#ERR  p: [1766100], r: 58537225, e: 56554251
#ERR  p: [1177426], r: 39031947, e: 37710938
#ERR  p: [107], r: 3880, e: 3659
#ERR  p: [588750], r: 19506036, e: 18841875
#ERR  p: [1766101], r: 58537226, e: 56554270
#ERR  p: [1177427], r: 39031953, e: 37711067
#ERR  p: [108], r: 3908, e: 3673
#ERR  p: [588751], r: 19506042, e: 18841937
#ERR  p: [1766102], r: 58537235, e: 56554298
#ERR  p: [1177428], r: 39032059, e: 37711134
#ERR  p: [109], r: 3952, e: 3705
#ERR  p: [588752], r: 19506043, e: 18841948
#ERR  p: [1766103], r: 58537270, e: 56554306
#ERR  p: [1177429], r: 39032152, e: 37711188
#ERR  p: [110], r: 3970, e: 3847
#ERR  p: [588753], r: 19506099, e: 18842011
#ERR  p: [1766104], r: 58537323, e: 56554323
#ERR  p: [1177430], r: 39032181, e: 37711195
#ERR  p: [111], r: 3989, e: 3862
#ERR  p: [588754], r: 19506111, e: 18842020
#ERR  p: [1766105], r: 58537365, e: 56554376
#ERR  p: [1177431], r: 39032196, e: 37711208
#ERR  p: [112], r: 4034, e: 3867
#ERR  p: [588755], r: 19506120, e: 18842036
#ERR  p: [1766106], r: 58537366, e: 56554429
#ERR  p: [1177432], r: 39032205, e: 37711279
#ERR  p: [113], r: 4172, e: 3875
#ERR  p: [588756], r: 19506162, e: 18842073
#ERR  p: [1766107], r: 58537446, e: 56554438
#ERR  p: [1177433], r: 39032231, e: 37711312
#ERR  p: [114], r: 4173, e: 3880
#ERR  p: [588757], r: 19506168, e: 18842137
#ERR  p: [1766108], r: 58537458, e: 56554439
#ERR  p: [1177434], r: 39032267, e: 37711353
#ERR  p: [115], r: 4193, e: 3908
#ERR  p: [588758], r: 19506217, e: 18842149
#ERR  p: [1766109], r: 58537497, e: 56554495
#ERR  p: [1177435], r: 39032269, e: 37711450
#ERR  p: [116], r: 4232, e: 3952
#ERR  p: [588759], r: 19506254, e: 18842166
#ERR  p: [1766110], r: 58537589, e: 56554561
#ERR  p: [1177436], r: 39032280, e: 37711472
#ERR  p: [117], r: 4260, e: 3970
#ERR  p: [588760], r: 19506323, e: 18842177
#ERR  p: [1766111], r: 58537605, e: 56554573
#ERR  p: [1177437], r: 39032293, e: 37711472
#ERR  p: [118], r: 4357, e: 3989
#ERR  p: [588761], r: 19506357, e: 18842179
#ERR  p: [1766112], r: 58537649, e: 56554591
#ERR  p: [1177438], r: 39032305, e: 37711543
#ERR  p: [119], r: 4523, e: 4034
#ERR  p: [588762], r: 19506358, e: 18842208
#ERR  p: [1766113], r: 58537674, e: 56554611
#ERR  p: [1177439], r: 39032314, e: 37711549
#ERR  p: [120], r: 4566, e: 4172
#ERR  p: [588763], r: 19506368, e: 18842224
#ERR  p: [1766114], r: 58537728, e: 56554806
#ERR  p: [1177440], r: 39032323, e: 37711580
#ERR  p: [121], r: 4686, e: 4173
#ERR  p: [588764], r: 19506393, e: 18842248
#ERR  p: [1766115], r: 58537750, e: 56554855
#ERR  p: [1177441], r: 39032339, e: 37711605
#ERR  p: [122], r: 4737, e: 4193
#ERR  p: [588765], r: 19506423, e: 18842278
#ERR  p: [1766116], r: 58537756, e: 56554946
#ERR  p: [1177442], r: 39032340, e: 37711664
#ERR  p: [123], r: 4767, e: 4232
#ERR  p: [588766], r: 19506463, e: 18842298
#ERR  p: [1766117], r: 58537825, e: 56555077
#ERR  p: [1177443], r: 39032378, e: 37711670
#ERR  p: [124], r: 4853, e: 4260
#ERR  p: [588767], r: 19506464, e: 18842405
#ERR  p: [1766118], r: 58537973, e: 56555098
#ERR  p: [1177444], r: 39032384, e: 37711727
#ERR  p: [125], r: 4897, e: 4357
#ERR  p: [588768], r: 19506503, e: 18842568
#ERR  p: [1766119], r: 58538039, e: 56555103
#ERR  p: [1177445], r: 39032387, e: 37711781
#ERR  p: [126], r: 4931, e: 4523
#ERR  p: [588769], r: 19506508, e: 18842588
#ERR  p: [1766120], r: 58538055, e: 56555107
#ERR  p: [1177446], r: 39032417, e: 37711792
#ERR  p: [127], r: 4973, e: 4566
#ERR  p: [588770], r: 19506514, e: 18842606
#ERR  p: [1766121], r: 58538095, e: 56555140
#ERR  p: [1177447], r: 39032448, e: 37711794
#ERR  p: [128], r: 5041, e: 4686
#ERR  p: [588771], r: 19506527, e: 18842633
#ERR  p: [1766122], r: 58538145, e: 56555162
#ERR  p: [1177448], r: 39032496, e: 37711803
#ERR  p: [129], r: 5054, e: 4737
#ERR  p: [588772], r: 19506527, e: 18842849
#ERR  p: [1766123], r: 58538166, e: 56555181
#ERR  p: [1177449], r: 39032525, e: 37711851
#ERR  p: [130], r: 5072, e: 4767
#ERR  p: [588773], r: 19506534, e: 18842875
#ERR  p: [1766124], r: 58538234, e: 56555203
#ERR  p: [1177450], r: 39032559, e: 37711855
#ERR  p: [131], r: 5108, e: 4853
#ERR  p: [588774], r: 19506634, e: 18842877
#ERR  p: [1766125], r: 58538298, e: 56555219
#ERR  p: [1177451], r: 39032561, e: 37711860
#ERR  p: [132], r: 5206, e: 4897
#ERR  p: [588775], r: 19506684, e: 18842915
#ERR  p: [1766126], r: 58538298, e: 56555221
#ERR  p: [1177452], r: 39032593, e: 37711876
#ERR  p: [133], r: 5218, e: 4931
#ERR  p: [588776], r: 19506722, e: 18842983
#ERR  p: [1766127], r: 58538305, e: 56555244
#ERR  p: [1177453], r: 39032646, e: 37711893
#ERR  p: [134], r: 5229, e: 4973
#ERR  p: [588777], r: 19506745, e: 18842997
#ERR  p: [1766128], r: 58538311, e: 56555279
#ERR  p: [1177454], r: 39032657, e: 37711901
#ERR  p: [135], r: 5266, e: 5041
#ERR  p: [588778], r: 19506750, e: 18843006
#ERR  p: [1766129], r: 58538392, e: 56555287
#ERR  p: [1177455], r: 39032657, e: 37711971
#ERR  p: [136], r: 5286, e: 5054
#ERR  p: [588779], r: 19506786, e: 18843053
#ERR  p: [1766130], r: 58538404, e: 56555389
#ERR  p: [1177456], r: 39032679, e: 37712008
#ERR  p: [137], r: 5293, e: 5072
#ERR  p: [588780], r: 19506810, e: 18843101
#ERR  p: [1766131], r: 58538547, e: 56555406
#ERR  p: [138], r: 5325, e: 5108
#ERR  p: [1177457], r: 39032691, e: 37712017
#ERR  p: [588781], r: 19506842, e: 18843107
#ERR  p: [1766132], r: 58538567, e: 56555448
#ERR  p: [139], r: 5388, e: 5206
#ERR  p: [1177458], r: 39032696, e: 37712035
#ERR  p: [588782], r: 19506952, e: 18843144
#ERR  p: [1766133], r: 58538567, e: 56555473
#ERR  p: [140], r: 5479, e: 5218
#ERR  p: [1177459], r: 39032712, e: 37712056
#ERR  p: [588783], r: 19506982, e: 18843277
#ERR  p: [1766134], r: 58538660, e: 56555483
#ERR  p: [141], r: 5497, e: 5229
#ERR  p: [1177460], r: 39032720, e: 37712092
#ERR  p: [588784], r: 19506992, e: 18843283
#ERR  p: [1766135], r: 58538664, e: 56555517
#ERR  p: [142], r: 5519, e: 5266
#ERR  p: [1177461], r: 39032745, e: 37712261
#ERR  p: [588785], r: 19506998, e: 18843330
#ERR  p: [1766136], r: 58538674, e: 56555570
#ERR  p: [143], r: 5522, e: 5286
#ERR  p: [1177462], r: 39032747, e: 37712273
#ERR  p: [588786], r: 19507010, e: 18843332
#ERR  p: [1766137], r: 58538783, e: 56555574
#ERR  p: [144], r: 5709, e: 5293
#ERR  p: [1177463], r: 39032756, e: 37712278
#ERR  p: [588787], r: 19507018, e: 18843393
#ERR  p: [1766138], r: 58538809, e: 56555610
#ERR  p: [145], r: 5710, e: 5325
#ERR  p: [1177464], r: 39032811, e: 37712316
#ERR  p: [588788], r: 19507151, e: 18843402
#ERR  p: [1766139], r: 58538810, e: 56555623
#ERR  p: [146], r: 5715, e: 5388
#ERR  p: [1177465], r: 39032827, e: 37712367
#ERR  p: [588789], r: 19507334, e: 18843431
#ERR  p: [1766140], r: 58538875, e: 56555697
#ERR  p: [147], r: 5740, e: 5479
#ERR  p: [1177466], r: 39032842, e: 37712374
#ERR  p: [588790], r: 19507343, e: 18843449
#ERR  p: [1766141], r: 58538963, e: 56555739
#ERR  p: [148], r: 5741, e: 5497
#ERR  p: [1177467], r: 39032987, e: 37712400
#ERR  p: [588791], r: 19507384, e: 18843488
#ERR  p: [1766142], r: 58538965, e: 56555752
#ERR  p: [149], r: 5746, e: 5519
#ERR  p: [1177468], r: 39032997, e: 37712535
#ERR  p: [588792], r: 19507419, e: 18843500
#ERR  p: [1766143], r: 58538968, e: 56555755
#ERR  p: [150], r: 5839, e: 5522
#ERR  p: [1177469], r: 39033032, e: 37712539
#ERR  p: [588793], r: 19507423, e: 18843515
#ERR  p: [1766144], r: 58538973, e: 56555900
#ERR  p: [151], r: 5885, e: 5709
#ERR  p: [1177470], r: 39033036, e: 37712572
#ERR  p: [588794], r: 19507436, e: 18843520
#ERR  p: [1766145], r: 58538973, e: 56555914
#ERR  p: [152], r: 5890, e: 5710
#ERR  p: [1177471], r: 39033049, e: 37712573
#ERR  p: [588795], r: 19507454, e: 18843528
#ERR  p: [1766146], r: 58538979, e: 56555924
#ERR  p: [153], r: 5897, e: 5715
#ERR  p: [1177472], r: 39033082, e: 37712577
#ERR  p: [588796], r: 19507467, e: 18843533
#ERR  p: [1766147], r: 58538991, e: 56555955
#ERR  p: [154], r: 5906, e: 5740
#ERR  p: [1177473], r: 39033082, e: 37712596
#ERR  p: [588797], r: 19507521, e: 18843535
#ERR  p: [1766148], r: 58539028, e: 56556025
#ERR  p: [155], r: 5948, e: 5741
#ERR  p: [1177474], r: 39033118, e: 37712626
#ERR  p: [588798], r: 19507544, e: 18843546
#ERR  p: [1766149], r: 58539039, e: 56556104
#ERR  p: [156], r: 5961, e: 5746
#SDC Ite:0 KerTime:52.202460 AccTime:52.202460 KerErr:1931637 AccErr:1931637
#ABORT too many errors per iteration
#END