#HEADER size:134217728 omp_num_threads:228
#BEGIN Y:2017 M:01 D:16 Time:03:25:27
#IT Ite:0 KerTime:64.721786 AccTime:64.721786
#ERR  p: [2], r: 128, e: 103
#ERR  p: [1766025], r: 52783263, e: 56551958
#ERR  p: [1177350], r: 20505754, e: 37708775
#ERR  p: [3], r: 248, e: 125
#ERR  p: [1766026], r: 52783275, e: 56551975
#ERR  p: [1177351], r: 20505832, e: 37708809
#ERR  p: [588675], r: 45353926, e: 18839464
#ERR  p: [4], r: 372, e: 128
#ERR  p: [1766027], r: 52783290, e: 56552027
#ERR  p: [1177352], r: 20505880, e: 37708932
#ERR  p: [588676], r: 45354184, e: 18839478
#ERR  p: [5], r: 416, e: 176
#ERR  p: [1766028], r: 52783295, e: 56552028
#ERR  p: [1177353], r: 20506176, e: 37708988
#ERR  p: [588677], r: 45354189, e: 18839633
#ERR  p: [6], r: 465, e: 192
#ERR  p: [1766029], r: 52783368, e: 56552088
#ERR  p: [1177354], r: 20506229, e: 37709009
#ERR  p: [588678], r: 45354405, e: 18839662
#ERR  p: [7], r: 503, e: 210
#ERR  p: [1766030], r: 52783394, e: 56552103
#ERR  p: [1177355], r: 20506395, e: 37709017
#ERR  p: [588679], r: 45354437, e: 18839746
#ERR  p: [8], r: 638, e: 226
#ERR  p: [1766031], r: 52783410, e: 56552113
#ERR  p: [1177356], r: 20506472, e: 37709072
#ERR  p: [588680], r: 45354447, e: 18839755
#ERR  p: [9], r: 693, e: 248
#ERR  p: [1766032], r: 52783463, e: 56552118
#ERR  p: [1177357], r: 20506474, e: 37709078
#ERR  p: [588681], r: 45354481, e: 18839767
#ERR  p: [10], r: 804, e: 281
#ERR  p: [1766033], r: 52783520, e: 56552189
#ERR  p: [1177358], r: 20506489, e: 37709093
#ERR  p: [588682], r: 45354525, e: 18839772
#ERR  p: [11], r: 966, e: 372
#ERR  p: [1766034], r: 52783562, e: 56552221
#ERR  p: [1177359], r: 20506527, e: 37709140
#ERR  p: [588683], r: 45354545, e: 18839779
#ERR  p: [12], r: 1023, e: 416
#ERR  p: [1766035], r: 52783629, e: 56552226
#ERR  p: [1177360], r: 20506558, e: 37709154
#ERR  p: [588684], r: 45354617, e: 18839786
#ERR  p: [13], r: 1115, e: 431
#ERR  p: [1766036], r: 52783637, e: 56552255
#ERR  p: [1177361], r: 20506603, e: 37709161
#ERR  p: [588685], r: 45354809, e: 18839814
#ERR  p: [14], r: 1176, e: 465
#ERR  p: [1766037], r: 52783681, e: 56552255
#ERR  p: [1177362], r: 20506610, e: 37709169
#ERR  p: [588686], r: 45355074, e: 18839842
#ERR  p: [15], r: 1178, e: 479
#ERR  p: [1766038], r: 52783748, e: 56552268
#ERR  p: [1177363], r: 20506832, e: 37709229
#ERR  p: [588687], r: 45355149, e: 18839851
#ERR  p: [16], r: 1187, e: 494
#ERR  p: [1766039], r: 52783770, e: 56552297
#ERR  p: [1177364], r: 20506838, e: 37709240
#ERR  p: [588688], r: 45355339, e: 18839921
#ERR  p: [17], r: 1328, e: 503
#ERR  p: [1766040], r: 52783836, e: 56552329
#ERR  p: [1177365], r: 20506903, e: 37709245
#ERR  p: [588689], r: 45355422, e: 18839931
#ERR  p: [18], r: 1456, e: 504
#ERR  p: [1766041], r: 52783891, e: 56552364
#ERR  p: [1177366], r: 20506919, e: 37709258
#ERR  p: [588690], r: 45355446, e: 18839932
#ERR  p: [19], r: 1525, e: 571
#ERR  p: [1766042], r: 52783920, e: 56552380
#ERR  p: [1177367], r: 20506949, e: 37709260
#ERR  p: [588691], r: 45355447, e: 18839936
#ERR  p: [20], r: 1576, e: 622
#ERR  p: [1766043], r: 52783943, e: 56552392
#ERR  p: [1177368], r: 20507037, e: 37709271
#ERR  p: [588692], r: 45355469, e: 18840012
#ERR  p: [21], r: 1606, e: 638
#ERR  p: [1766044], r: 52784051, e: 56552410
#ERR  p: [1177369], r: 20507044, e: 37709290
#ERR  p: [588693], r: 45355600, e: 18840062
#ERR  p: [22], r: 1681, e: 693
#ERR  p: [1766045], r: 52784172, e: 56552415
#ERR  p: [1177370], r: 20507053, e: 37709360
#ERR  p: [23], r: 1828, e: 737
#ERR  p: [588694], r: 45355612, e: 18840091
#ERR  p: [1766046], r: 52784176, e: 56552463
#ERR  p: [1177371], r: 20507083, e: 37709390
#ERR  p: [24], r: 1944, e: 796
#ERR  p: [588695], r: 45355731, e: 18840118
#ERR  p: [1766047], r: 52784366, e: 56552467
#ERR  p: [1177372], r: 20507214, e: 37709406
#ERR  p: [25], r: 1977, e: 804
#ERR  p: [588696], r: 45355964, e: 18840131
#ERR  p: [1766048], r: 52784517, e: 56552553
#ERR  p: [1177373], r: 20507252, e: 37709455
#ERR  p: [26], r: 2004, e: 821
#ERR  p: [588697], r: 45356029, e: 18840157
#ERR  p: [1766049], r: 52784533, e: 56552562
#ERR  p: [1177374], r: 20507288, e: 37709485
#ERR  p: [27], r: 2040, e: 847
#ERR  p: [588698], r: 45356287, e: 18840233
#ERR  p: [1766050], r: 52784632, e: 56552593
#ERR  p: [1177375], r: 20507414, e: 37709515
#ERR  p: [28], r: 2208, e: 861
#ERR  p: [588699], r: 45356365, e: 18840257
#ERR  p: [1766051], r: 52784708, e: 56552598
#ERR  p: [1177376], r: 20507661, e: 37709545
#ERR  p: [29], r: 2230, e: 867
#ERR  p: [588700], r: 45356407, e: 18840278
#ERR  p: [1766052], r: 52784721, e: 56552599
#ERR  p: [1177377], r: 20507739, e: 37709577
#ERR  p: [30], r: 2281, e: 878
#ERR  p: [588701], r: 45356473, e: 18840319
#ERR  p: [1766053], r: 52784751, e: 56552613
#ERR  p: [1177378], r: 20507740, e: 37709594
#ERR  p: [31], r: 2553, e: 966
#ERR  p: [588702], r: 45356605, e: 18840334
#ERR  p: [1766054], r: 52784753, e: 56552627
#ERR  p: [1177379], r: 20507810, e: 37709598
#ERR  p: [32], r: 2588, e: 1023
#ERR  p: [588703], r: 45356674, e: 18840371
#ERR  p: [1766055], r: 52784794, e: 56552672
#ERR  p: [1177380], r: 20507870, e: 37709630
#ERR  p: [33], r: 2821, e: 1061
#ERR  p: [588704], r: 45356767, e: 18840598
#ERR  p: [1766056], r: 52784834, e: 56552678
#ERR  p: [1177381], r: 20507879, e: 37709726
#ERR  p: [34], r: 3075, e: 1115
#ERR  p: [588705], r: 45356780, e: 18840607
#ERR  p: [1766057], r: 52785136, e: 56552690
#ERR  p: [1177382], r: 20507927, e: 37709748
#ERR  p: [35], r: 3122, e: 1147
#ERR  p: [588706], r: 45356799, e: 18840609
#ERR  p: [1766058], r: 52785254, e: 56552716
#ERR  p: [1177383], r: 20508076, e: 37709766
#ERR  p: [36], r: 3210, e: 1153
#ERR  p: [588707], r: 45356860, e: 18840670
#ERR  p: [1766059], r: 52785279, e: 56552804
#ERR  p: [1177384], r: 20508076, e: 37709813
#ERR  p: [37], r: 3233, e: 1176
#ERR  p: [588708], r: 45356868, e: 18840682
#ERR  p: [1766060], r: 52785280, e: 56552846
#ERR  p: [1177385], r: 20508158, e: 37709830
#ERR  p: [38], r: 3237, e: 1176
#ERR  p: [588709], r: 45356882, e: 18840682
#ERR  p: [1766061], r: 52785386, e: 56552861
#ERR  p: [1177386], r: 20508174, e: 37709834
#ERR  p: [39], r: 3380, e: 1178
#ERR  p: [588710], r: 45356979, e: 18840708
#ERR  p: [1766062], r: 52785423, e: 56552918
#ERR  p: [1177387], r: 20508241, e: 37709846
#ERR  p: [40], r: 3480, e: 1187
#ERR  p: [588711], r: 45357177, e: 18840795
#ERR  p: [1766063], r: 52785454, e: 56552919
#ERR  p: [1177388], r: 20508258, e: 37709847
#ERR  p: [41], r: 3555, e: 1205
#ERR  p: [588712], r: 45357179, e: 18840802
#ERR  p: [1766064], r: 52785516, e: 56553007
#ERR  p: [1177389], r: 20508313, e: 37709907
#ERR  p: [42], r: 3557, e: 1206
#ERR  p: [588713], r: 45357355, e: 18840842
#ERR  p: [1766065], r: 52785657, e: 56553018
#ERR  p: [1177390], r: 20508339, e: 37709909
#ERR  p: [43], r: 3649, e: 1211
#ERR  p: [588714], r: 45357502, e: 18840853
#ERR  p: [1766066], r: 52785711, e: 56553050
#ERR  p: [1177391], r: 20508362, e: 37709911
#ERR  p: [44], r: 3673, e: 1328
#ERR  p: [588715], r: 45357619, e: 18840920
#ERR  p: [1766067], r: 52785717, e: 56553084
#ERR  p: [1177392], r: 20508364, e: 37709935
#ERR  p: [45], r: 3705, e: 1365
#ERR  p: [588716], r: 45357626, e: 18840940
#ERR  p: [1766068], r: 52785738, e: 56553099
#ERR  p: [1177393], r: 20508412, e: 37709948
#ERR  p: [46], r: 3847, e: 1370
#ERR  p: [588717], r: 45357791, e: 18841093
#ERR  p: [1766069], r: 52785849, e: 56553119
#ERR  p: [1177394], r: 20508477, e: 37709976
#ERR  p: [47], r: 3862, e: 1456
#ERR  p: [588718], r: 45357838, e: 18841101
#ERR  p: [1766070], r: 52785932, e: 56553138
#ERR  p: [1177395], r: 20508633, e: 37710002
#ERR  p: [48], r: 3880, e: 1469
#ERR  p: [588719], r: 45357876, e: 18841117
#ERR  p: [1766071], r: 52785947, e: 56553226
#ERR  p: [1177396], r: 20508685, e: 37710004
#ERR  p: [49], r: 3952, e: 1473
#ERR  p: [588720], r: 45357902, e: 18841128
#ERR  p: [1766072], r: 52785957, e: 56553288
#ERR  p: [1177397], r: 20508700, e: 37710019
#ERR  p: [50], r: 3970, e: 1505
#ERR  p: [588721], r: 45357963, e: 18841134
#ERR  p: [1766073], r: 52786047, e: 56553312
#ERR  p: [1177398], r: 20508709, e: 37710058
#ERR  p: [51], r: 3989, e: 1525
#ERR  p: [588722], r: 45358035, e: 18841137
#ERR  p: [1766074], r: 52786063, e: 56553358
#ERR  p: [1177399], r: 20508857, e: 37710129
#ERR  p: [52], r: 4034, e: 1570
#ERR  p: [588723], r: 45358102, e: 18841139
#ERR  p: [1766075], r: 52786115, e: 56553361
#ERR  p: [1177400], r: 20508965, e: 37710133
#ERR  p: [53], r: 4173, e: 1576
#ERR  p: [588724], r: 45358111, e: 18841139
#ERR  p: [1766076], r: 52786153, e: 56553443
#ERR  p: [1177401], r: 20509018, e: 37710148
#ERR  p: [54], r: 4357, e: 1606
#ERR  p: [588725], r: 45358188, e: 18841161
#ERR  p: [1766077], r: 52786266, e: 56553490
#ERR  p: [1177402], r: 20509022, e: 37710219
#ERR  p: [55], r: 4523, e: 1676
#ERR  p: [588726], r: 45358385, e: 18841194
#ERR  p: [1766078], r: 52786294, e: 56553542
#ERR  p: [1177403], r: 20509083, e: 37710312
#ERR  p: [56], r: 4686, e: 1681
#ERR  p: [588727], r: 45358574, e: 18841229
#ERR  p: [1766079], r: 52786299, e: 56553544
#ERR  p: [1177404], r: 20509117, e: 37710322
#ERR  p: [57], r: 4737, e: 1724
#ERR  p: [588728], r: 45358711, e: 18841253
#ERR  p: [1766080], r: 52786306, e: 56553569
#ERR  p: [1177405], r: 20509138, e: 37710396
#ERR  p: [58], r: 4767, e: 1828
#ERR  p: [588729], r: 45358779, e: 18841274
#ERR  p: [1766081], r: 52786336, e: 56553606
#ERR  p: [1177406], r: 20509185, e: 37710398
#ERR  p: [59], r: 5072, e: 1868
#ERR  p: [588730], r: 45358789, e: 18841283
#ERR  p: [1766082], r: 52786379, e: 56553624
#ERR  p: [1177407], r: 20509192, e: 37710413
#ERR  p: [60], r: 5266, e: 1944
#ERR  p: [588731], r: 45358823, e: 18841334
#ERR  p: [1766083], r: 52786447, e: 56553635
#ERR  p: [1177408], r: 20509434, e: 37710432
#ERR  p: [61], r: 5286, e: 1977
#ERR  p: [588732], r: 45358891, e: 18841383
#ERR  p: [1766084], r: 52786498, e: 56553657
#ERR  p: [1177409], r: 20509482, e: 37710440
#ERR  p: [62], r: 5388, e: 2004
#ERR  p: [588733], r: 45358956, e: 18841391
#ERR  p: [1766085], r: 52786675, e: 56553662
#ERR  p: [1177410], r: 20509516, e: 37710512
#ERR  p: [63], r: 5709, e: 2040
#ERR  p: [588734], r: 45359032, e: 18841399
#ERR  p: [1766086], r: 52786721, e: 56553672
#ERR  p: [1177411], r: 20509534, e: 37710531
#ERR  p: [64], r: 5710, e: 2045
#ERR  p: [588735], r: 45359037, e: 18841448
#ERR  p: [1766087], r: 52786732, e: 56553682
#ERR  p: [1177412], r: 20509554, e: 37710545
#ERR  p: [65], r: 5844, e: 2057
#ERR  p: [588736], r: 45359046, e: 18841478
#ERR  p: [1766088], r: 52786742, e: 56553819
#ERR  p: [1177413], r: 20509573, e: 37710556
#ERR  p: [66], r: 5897, e: 2079
#ERR  p: [588737], r: 45359083, e: 18841481
#ERR  p: [1766089], r: 52786782, e: 56553827
#ERR  p: [1177414], r: 20509634, e: 37710584
#ERR  p: [67], r: 5964, e: 2111
#ERR  p: [588738], r: 45359125, e: 18841492
#ERR  p: [1766090], r: 52786829, e: 56553834
#ERR  p: [1177415], r: 20509649, e: 37710611
#ERR  p: [68], r: 5969, e: 2118
#ERR  p: [588739], r: 45359254, e: 18841548
#ERR  p: [1766091], r: 52786884, e: 56553841
#ERR  p: [1177416], r: 20509686, e: 37710625
#ERR  p: [69], r: 6031, e: 2208
#ERR  p: [588740], r: 45359346, e: 18841592
#ERR  p: [1766092], r: 52786918, e: 56553874
#ERR  p: [1177417], r: 20509840, e: 37710633
#ERR  p: [70], r: 6069, e: 2230
#ERR  p: [588741], r: 45359669, e: 18841605
#ERR  p: [1766093], r: 52786949, e: 56553882
#ERR  p: [1177418], r: 20509913, e: 37710663
#ERR  p: [71], r: 6088, e: 2281
#ERR  p: [588742], r: 45359709, e: 18841662
#ERR  p: [1766094], r: 52786974, e: 56553920
#ERR  p: [1177419], r: 20509976, e: 37710681
#ERR  p: [72], r: 6155, e: 2324
#ERR  p: [588743], r: 45359781, e: 18841678
#ERR  p: [1766095], r: 52787033, e: 56553993
#ERR  p: [1177420], r: 20509995, e: 37710761
#ERR  p: [73], r: 6489, e: 2366
#ERR  p: [588744], r: 45359940, e: 18841749
#ERR  p: [1766096], r: 52787063, e: 56554060
#ERR  p: [1177421], r: 20510058, e: 37710767
#ERR  p: [74], r: 6501, e: 2388
#ERR  p: [588745], r: 45360119, e: 18841754
#ERR  p: [1766097], r: 52787078, e: 56554114
#ERR  p: [1177422], r: 20510079, e: 37710770
#ERR  p: [75], r: 6593, e: 2437
#ERR  p: [588746], r: 45360303, e: 18841838
#ERR  p: [1766098], r: 52787101, e: 56554158
#ERR  p: [1177423], r: 20510137, e: 37710803
#ERR  p: [76], r: 6656, e: 2445
#ERR  p: [588747], r: 45360330, e: 18841850
#ERR  p: [1766099], r: 52787105, e: 56554159
#ERR  p: [1177424], r: 20510142, e: 37710820
#ERR  p: [77], r: 6660, e: 2553
#ERR  p: [588748], r: 45360360, e: 18841867
#ERR  p: [1766100], r: 52787171, e: 56554251
#ERR  p: [1177425], r: 20510146, e: 37710882
#ERR  p: [78], r: 6769, e: 2588
#ERR  p: [588749], r: 45360391, e: 18841873
#ERR  p: [1766101], r: 52787193, e: 56554270
#ERR  p: [1177426], r: 20510196, e: 37710938
#ERR  p: [79], r: 6787, e: 2635
#ERR  p: [588750], r: 45360419, e: 18841875
#ERR  p: [1766102], r: 52787211, e: 56554298
#ERR  p: [1177427], r: 20510197, e: 37711067
#ERR  p: [80], r: 6789, e: 2747
#ERR  p: [588751], r: 45360541, e: 18841937
#ERR  p: [1766103], r: 52787271, e: 56554306
#ERR  p: [1177428], r: 20510199, e: 37711134
#ERR  p: [81], r: 6963, e: 2821
#ERR  p: [588752], r: 45360700, e: 18841948
#ERR  p: [1766104], r: 52787327, e: 56554323
#ERR  p: [1177429], r: 20510265, e: 37711188
#ERR  p: [82], r: 6963, e: 2917
#ERR  p: [588753], r: 45360717, e: 18842011
#ERR  p: [1766105], r: 52787372, e: 56554376
#ERR  p: [1177430], r: 20510297, e: 37711195
#ERR  p: [83], r: 7098, e: 2925
#ERR  p: [588754], r: 45360790, e: 18842020
#ERR  p: [1766106], r: 52787373, e: 56554429
#ERR  p: [1177431], r: 20510380, e: 37711208
#ERR  p: [84], r: 7104, e: 2927
#ERR  p: [588755], r: 45361056, e: 18842036
#ERR  p: [1766107], r: 52787481, e: 56554438
#ERR  p: [1177432], r: 20510412, e: 37711279
#ERR  p: [85], r: 7119, e: 2938
#ERR  p: [588756], r: 45361250, e: 18842073
#ERR  p: [1766108], r: 52787599, e: 56554439
#ERR  p: [1177433], r: 20510559, e: 37711312
#ERR  p: [86], r: 7205, e: 2971
#ERR  p: [588757], r: 45361257, e: 18842137
#ERR  p: [1766109], r: 52787714, e: 56554495
#ERR  p: [1177434], r: 20510598, e: 37711353
#ERR  p: [87], r: 7207, e: 3075
#ERR  p: [588758], r: 45361307, e: 18842149
#ERR  p: [1766110], r: 52787725, e: 56554561
#ERR  p: [1177435], r: 20510604, e: 37711450
#ERR  p: [88], r: 7262, e: 3122
#ERR  p: [588759], r: 45361350, e: 18842166
#ERR  p: [1766111], r: 52787882, e: 56554573
#ERR  p: [1177436], r: 20510607, e: 37711472
#ERR  p: [89], r: 7309, e: 3210
#ERR  p: [588760], r: 45361352, e: 18842177
#ERR  p: [1766112], r: 52787931, e: 56554591
#ERR  p: [1177437], r: 20510649, e: 37711472
#ERR  p: [90], r: 7333, e: 3233
#ERR  p: [588761], r: 45361365, e: 18842179
#ERR  p: [1766113], r: 52787939, e: 56554611
#ERR  p: [1177438], r: 20510684, e: 37711543
#ERR  p: [91], r: 7336, e: 3237
#ERR  p: [588762], r: 45361452, e: 18842208
#ERR  p: [1766114], r: 52787956, e: 56554806
#ERR  p: [1177439], r: 20510699, e: 37711549
#ERR  p: [92], r: 7405, e: 3253
#ERR  p: [588763], r: 45361490, e: 18842224
#ERR  p: [1766115], r: 52787972, e: 56554855
#ERR  p: [1177440], r: 20510798, e: 37711580
#ERR  p: [93], r: 7420, e: 3283
#ERR  p: [588764], r: 45361493, e: 18842248
#ERR  p: [1766116], r: 52788012, e: 56554946
#ERR  p: [1177441], r: 20510813, e: 37711605
#ERR  p: [94], r: 7424, e: 3291
#ERR  p: [588765], r: 45361510, e: 18842278
#ERR  p: [1766117], r: 52788078, e: 56555077
#ERR  p: [1177442], r: 20510891, e: 37711664
#ERR  p: [95], r: 7438, e: 3318
#ERR  p: [588766], r: 45361594, e: 18842298
#ERR  p: [1766118], r: 52788264, e: 56555098
#ERR  p: [1177443], r: 20510920, e: 37711670
#ERR  p: [96], r: 7503, e: 3337
#ERR  p: [588767], r: 45361770, e: 18842405
#ERR  p: [1766119], r: 52788267, e: 56555103
#ERR  p: [1177444], r: 20510947, e: 37711727
#ERR  p: [97], r: 7504, e: 3380
#ERR  p: [588768], r: 45361880, e: 18842568
#ERR  p: [1766120], r: 52788284, e: 56555107
#ERR  p: [1177445], r: 20510959, e: 37711781
#ERR  p: [98], r: 7532, e: 3389
#ERR  p: [588769], r: 45361908, e: 18842588
#ERR  p: [1766121], r: 52788290, e: 56555140
#ERR  p: [1177446], r: 20511045, e: 37711792
#ERR  p: [99], r: 7537, e: 3473
#ERR  p: [588770], r: 45362202, e: 18842606
#ERR  p: [1766122], r: 52788296, e: 56555162
#ERR  p: [1177447], r: 20511082, e: 37711794
#ERR  p: [100], r: 7556, e: 3480
#ERR  p: [588771], r: 45362327, e: 18842633
#ERR  p: [1766123], r: 52788373, e: 56555181
#ERR  p: [1177448], r: 20511105, e: 37711803
#ERR  p: [101], r: 7594, e: 3535
#ERR  p: [588772], r: 45362337, e: 18842849
#ERR  p: [1766124], r: 52788373, e: 56555203
#ERR  p: [1177449], r: 20511116, e: 37711851
#ERR  p: [102], r: 7614, e: 3538
#ERR  p: [588773], r: 45362433, e: 18842875
#ERR  p: [1766125], r: 52788407, e: 56555219
#ERR  p: [1177450], r: 20511162, e: 37711855
#ERR  p: [103], r: 7915, e: 3555
#ERR  p: [588774], r: 45362470, e: 18842877
#ERR  p: [1766126], r: 52788423, e: 56555221
#ERR  p: [1177451], r: 20511163, e: 37711860
#ERR  p: [104], r: 7948, e: 3557
#ERR  p: [588775], r: 45362492, e: 18842915
#ERR  p: [1766127], r: 52788453, e: 56555244
#ERR  p: [1177452], r: 20511168, e: 37711876
#ERR  p: [105], r: 7986, e: 3600
#ERR  p: [588776], r: 45362543, e: 18842983
#ERR  p: [1766128], r: 52788458, e: 56555279
#ERR  p: [1177453], r: 20511187, e: 37711893
#ERR  p: [106], r: 8082, e: 3649
#ERR  p: [588777], r: 45362649, e: 18842997
#ERR  p: [1766129], r: 52788519, e: 56555287
#ERR  p: [1177454], r: 20511511, e: 37711901
#ERR  p: [107], r: 8087, e: 3659
#ERR  p: [588778], r: 45362668, e: 18843006
#ERR  p: [1766130], r: 52788538, e: 56555389
#ERR  p: [1177455], r: 20511511, e: 37711971
#ERR  p: [108], r: 8102, e: 3673
#ERR  p: [588779], r: 45362773, e: 18843053
#ERR  p: [1766131], r: 52788547, e: 56555406
#ERR  p: [1177456], r: 20511568, e: 37712008
#ERR  p: [109], r: 8181, e: 3705
#ERR  p: [588780], r: 45363123, e: 18843101
#ERR  p: [1766132], r: 52788576, e: 56555448
#ERR  p: [1177457], r: 20511591, e: 37712017
#ERR  p: [110], r: 8231, e: 3847
#ERR  p: [588781], r: 45363126, e: 18843107
#ERR  p: [1766133], r: 52788647, e: 56555473
#ERR  p: [1177458], r: 20511629, e: 37712035
#ERR  p: [111], r: 8279, e: 3862
#ERR  p: [588782], r: 45363177, e: 18843144
#ERR  p: [1766134], r: 52788695, e: 56555483
#ERR  p: [1177459], r: 20511867, e: 37712056
#ERR  p: [112], r: 8289, e: 3867
#ERR  p: [588783], r: 45363199, e: 18843277
#ERR  p: [1766135], r: 52788737, e: 56555517
#ERR  p: [1177460], r: 20511885, e: 37712092
#ERR  p: [113], r: 8303, e: 3875
#ERR  p: [588784], r: 45363240, e: 18843283
#ERR  p: [1766136], r: 52788804, e: 56555570
#ERR  p: [1177461], r: 20511951, e: 37712261
#ERR  p: [114], r: 8304, e: 3880
#ERR  p: [588785], r: 45363267, e: 18843330
#ERR  p: [1766137], r: 52788867, e: 56555574
#ERR  p: [1177462], r: 20511976, e: 37712273
#ERR  p: [115], r: 8365, e: 3908
#ERR  p: [588786], r: 45363358, e: 18843332
#ERR  p: [1766138], r: 52788906, e: 56555610
#ERR  p: [1177463], r: 20511990, e: 37712278
#ERR  p: [116], r: 8416, e: 3952
#ERR  p: [588787], r: 45363420, e: 18843393
#ERR  p: [1766139], r: 52788925, e: 56555623
#ERR  p: [1177464], r: 20512048, e: 37712316
#ERR  p: [117], r: 8497, e: 3970
#ERR  p: [588788], r: 45363453, e: 18843402
#ERR  p: [1766140], r: 52788927, e: 56555697
#ERR  p: [1177465], r: 20512284, e: 37712367
#ERR  p: [118], r: 8658, e: 3989
#ERR  p: [588789], r: 45363467, e: 18843431
#ERR  p: [1766141], r: 52789005, e: 56555739
#ERR  p: [1177466], r: 20512292, e: 37712374
#ERR  p: [119], r: 8679, e: 4034
#ERR  p: [588790], r: 45363553, e: 18843449
#ERR  p: [1766142], r: 52789039, e: 56555752
#ERR  p: [1177467], r: 20512311, e: 37712400
#ERR  p: [120], r: 8749, e: 4172
#ERR  p: [588791], r: 45363666, e: 18843488
#ERR  p: [1766143], r: 52789098, e: 56555755
#ERR  p: [1177468], r: 20512418, e: 37712535
#ERR  p: [121], r: 8811, e: 4173
#ERR  p: [588792], r: 45363692, e: 18843500
#ERR  p: [1766144], r: 52789149, e: 56555900
#ERR  p: [1177469], r: 20512465, e: 37712539
#ERR  p: [122], r: 8905, e: 4193
#ERR  p: [588793], r: 45363760, e: 18843515
#ERR  p: [1766145], r: 52789261, e: 56555914
#ERR  p: [1177470], r: 20512502, e: 37712572
#ERR  p: [123], r: 8915, e: 4232
#ERR  p: [588794], r: 45363839, e: 18843520
#ERR  p: [1766146], r: 52789344, e: 56555924
#ERR  p: [1177471], r: 20512531, e: 37712573
#ERR  p: [124], r: 8925, e: 4260
#ERR  p: [588795], r: 45363856, e: 18843528
#ERR  p: [1766147], r: 52789479, e: 56555955
#ERR  p: [1177472], r: 20512603, e: 37712577
#ERR  p: [125], r: 9043, e: 4357
#ERR  p: [588796], r: 45363858, e: 18843533
#ERR  p: [1766148], r: 52789540, e: 56556025
#ERR  p: [1177473], r: 20512615, e: 37712596
#ERR  p: [126], r: 9065, e: 4523
#ERR  p: [588797], r: 45363953, e: 18843535
#ERR  p: [1766149], r: 52789673, e: 56556104
#ERR  p: [1177474], r: 20512637, e: 37712626
#ERR  p: [127], r: 9068, e: 4566
#ERR  p: [588798], r: 45363985, e: 18843546
#SDC Ite:0 KerTime:64.721786 AccTime:64.721786 KerErr:1931663 AccErr:1931663
#ABORT too many errors per iteration
#END