#HEADER size:134217728 omp_num_threads:228
#BEGIN Y:2017 M:03 D:11 Time:18:37:34
#IT Ite:0 KerTime:82.062737 AccTime:82.062737
#ERR  p: [183], r: 6660, e: 6656
#ERR  p: [1177350], r: 38384746, e: 37708775
#ERR  p: [1766025], r: 57558562, e: 56551958
#ERR  p: [184], r: 6786, e: 6660
#ERR  p: [1177351], r: 38384755, e: 37708809
#ERR  p: [1766026], r: 57558588, e: 56551975
#ERR  p: [588675], r: 19177196, e: 18839464
#ERR  p: [185], r: 6787, e: 6769
#ERR  p: [1177352], r: 38384796, e: 37708932
#ERR  p: [1766027], r: 57558660, e: 56552027
#ERR  p: [588676], r: 19177268, e: 18839478
#ERR  p: [186], r: 6789, e: 6786
#ERR  p: [1177353], r: 38384821, e: 37708988
#ERR  p: [1766028], r: 57558667, e: 56552028
#ERR  p: [588677], r: 19177284, e: 18839633
#ERR  p: [187], r: 6829, e: 6787
#ERR  p: [1177354], r: 38384824, e: 37709009
#ERR  p: [1766029], r: 57558736, e: 56552088
#ERR  p: [588678], r: 19177294, e: 18839662
#ERR  p: [188], r: 6846, e: 6789
#ERR  p: [1177355], r: 38384830, e: 37709017
#ERR  p: [1766030], r: 57558766, e: 56552103
#ERR  p: [588679], r: 19177303, e: 18839746
#ERR  p: [189], r: 6871, e: 6829
#ERR  p: [1177356], r: 38384864, e: 37709072
#ERR  p: [1766031], r: 57558889, e: 56552113
#ERR  p: [588680], r: 19177393, e: 18839755
#ERR  p: [190], r: 6881, e: 6846
#ERR  p: [1177357], r: 38384868, e: 37709078
#ERR  p: [1766032], r: 57558915, e: 56552118
#ERR  p: [588681], r: 19177412, e: 18839767
#ERR  p: [191], r: 6906, e: 6871
#ERR  p: [1177358], r: 38384888, e: 37709093
#ERR  p: [1766033], r: 57558933, e: 56552189
#ERR  p: [588682], r: 19177479, e: 18839772
#ERR  p: [192], r: 6939, e: 6881
#ERR  p: [1177359], r: 38384973, e: 37709140
#ERR  p: [1766034], r: 57558948, e: 56552221
#ERR  p: [588683], r: 19177480, e: 18839779
#ERR  p: [193], r: 6963, e: 6906
#ERR  p: [1177360], r: 38384982, e: 37709154
#ERR  p: [1766035], r: 57558958, e: 56552226
#ERR  p: [588684], r: 19177493, e: 18839786
#ERR  p: [194], r: 6963, e: 6939
#ERR  p: [1177361], r: 38385002, e: 37709161
#ERR  p: [1766036], r: 57558977, e: 56552255
#ERR  p: [588685], r: 19177497, e: 18839814
#ERR  p: [195], r: 7079, e: 6963
#ERR  p: [1177362], r: 38385006, e: 37709169
#ERR  p: [1766037], r: 57558989, e: 56552255
#ERR  p: [588686], r: 19177503, e: 18839842
#ERR  p: [196], r: 7079, e: 6963
#ERR  p: [1177363], r: 38385082, e: 37709229
#ERR  p: [1766038], r: 57559020, e: 56552268
#ERR  p: [588687], r: 19177505, e: 18839851
#ERR  p: [197], r: 7098, e: 7079
#ERR  p: [1177364], r: 38385098, e: 37709240
#ERR  p: [1766039], r: 57559034, e: 56552297
#ERR  p: [588688], r: 19177515, e: 18839921
#ERR  p: [198], r: 7104, e: 7079
#ERR  p: [1177365], r: 38385118, e: 37709245
#ERR  p: [1766040], r: 57559203, e: 56552329
#ERR  p: [588689], r: 19177515, e: 18839931
#ERR  p: [199], r: 7105, e: 7098
#ERR  p: [1177366], r: 38385186, e: 37709258
#ERR  p: [1766041], r: 57559320, e: 56552364
#ERR  p: [588690], r: 19177745, e: 18839932
#ERR  p: [200], r: 7109, e: 7104
#ERR  p: [1177367], r: 38385205, e: 37709260
#ERR  p: [1766042], r: 57559336, e: 56552380
#ERR  p: [588691], r: 19177807, e: 18839936
#ERR  p: [201], r: 7119, e: 7105
#ERR  p: [1177368], r: 38385257, e: 37709271
#ERR  p: [1766043], r: 57559340, e: 56552392
#ERR  p: [588692], r: 19177864, e: 18840012
#ERR  p: [202], r: 7205, e: 7109
#ERR  p: [1177369], r: 38385288, e: 37709290
#ERR  p: [1766044], r: 57559348, e: 56552410
#ERR  p: [588693], r: 19177892, e: 18840062
#ERR  p: [203], r: 7207, e: 7119
#ERR  p: [1177370], r: 38385308, e: 37709360
#ERR  p: [1766045], r: 57559372, e: 56552415
#ERR  p: [588694], r: 19177893, e: 18840091
#ERR  p: [204], r: 7235, e: 7205
#ERR  p: [1177371], r: 38385340, e: 37709390
#ERR  p: [1766046], r: 57559464, e: 56552463
#ERR  p: [588695], r: 19177923, e: 18840118
#ERR  p: [205], r: 7239, e: 7207
#ERR  p: [1177372], r: 38385372, e: 37709406
#ERR  p: [588696], r: 19177949, e: 18840131
#ERR  p: [1766047], r: 57559478, e: 56552467
#ERR  p: [206], r: 7262, e: 7235
#ERR  p: [1177373], r: 38385379, e: 37709455
#ERR  p: [588697], r: 19177949, e: 18840157
#ERR  p: [1766048], r: 57559493, e: 56552553
#ERR  p: [207], r: 7269, e: 7239
#ERR  p: [1177374], r: 38385390, e: 37709485
#ERR  p: [588698], r: 19177961, e: 18840233
#ERR  p: [1766049], r: 57559582, e: 56552562
#ERR  p: [208], r: 7295, e: 7262
#ERR  p: [1177375], r: 38385394, e: 37709515
#ERR  p: [588699], r: 19177972, e: 18840257
#ERR  p: [1766050], r: 57559585, e: 56552593
#ERR  p: [209], r: 7309, e: 7269
#ERR  p: [1177376], r: 38385430, e: 37709545
#ERR  p: [588700], r: 19177993, e: 18840278
#ERR  p: [1766051], r: 57559641, e: 56552598
#ERR  p: [210], r: 7333, e: 7295
#ERR  p: [1177377], r: 38385537, e: 37709577
#ERR  p: [588701], r: 19178014, e: 18840319
#ERR  p: [1766052], r: 57559677, e: 56552599
#ERR  p: [211], r: 7336, e: 7309
#ERR  p: [1177378], r: 38385556, e: 37709594
#ERR  p: [588702], r: 19178076, e: 18840334
#ERR  p: [1766053], r: 57559731, e: 56552613
#ERR  p: [212], r: 7405, e: 7333
#ERR  p: [1177379], r: 38385696, e: 37709598
#ERR  p: [588703], r: 19178090, e: 18840371
#ERR  p: [1766054], r: 57559788, e: 56552627
#ERR  p: [213], r: 7420, e: 7336
#ERR  p: [1177380], r: 38385702, e: 37709630
#ERR  p: [588704], r: 19178107, e: 18840598
#ERR  p: [1766055], r: 57559793, e: 56552672
#ERR  p: [214], r: 7420, e: 7405
#ERR  p: [1177381], r: 38385798, e: 37709726
#ERR  p: [588705], r: 19178138, e: 18840607
#ERR  p: [1766056], r: 57559795, e: 56552678
#ERR  p: [215], r: 7424, e: 7420
#ERR  p: [1177382], r: 38385855, e: 37709748
#ERR  p: [588706], r: 19178148, e: 18840609
#ERR  p: [1766057], r: 57559818, e: 56552690
#ERR  p: [216], r: 7438, e: 7420
#ERR  p: [1177383], r: 38385883, e: 37709766
#ERR  p: [588707], r: 19178157, e: 18840670
#ERR  p: [1766058], r: 57559875, e: 56552716
#ERR  p: [217], r: 7491, e: 7424
#ERR  p: [1177384], r: 38385930, e: 37709813
#ERR  p: [588708], r: 19178159, e: 18840682
#ERR  p: [1766059], r: 57559960, e: 56552804
#ERR  p: [218], r: 7503, e: 7438
#ERR  p: [1177385], r: 38385936, e: 37709830
#ERR  p: [588709], r: 19178192, e: 18840682
#ERR  p: [1766060], r: 57559995, e: 56552846
#ERR  p: [219], r: 7504, e: 7491
#ERR  p: [1177386], r: 38385952, e: 37709834
#ERR  p: [588710], r: 19178195, e: 18840708
#ERR  p: [1766061], r: 57559997, e: 56552861
#ERR  p: [220], r: 7532, e: 7503
#ERR  p: [1177387], r: 38386032, e: 37709846
#ERR  p: [588711], r: 19178209, e: 18840795
#ERR  p: [1766062], r: 57560068, e: 56552918
#ERR  p: [221], r: 7537, e: 7504
#ERR  p: [1177388], r: 38386037, e: 37709847
#ERR  p: [588712], r: 19178219, e: 18840802
#ERR  p: [1766063], r: 57560085, e: 56552919
#ERR  p: [222], r: 7545, e: 7532
#ERR  p: [1177389], r: 38386061, e: 37709907
#ERR  p: [588713], r: 19178235, e: 18840842
#ERR  p: [1766064], r: 57560092, e: 56553007
#ERR  p: [223], r: 7556, e: 7537
#ERR  p: [1177390], r: 38386065, e: 37709909
#ERR  p: [588714], r: 19178272, e: 18840853
#ERR  p: [1766065], r: 57560095, e: 56553018
#ERR  p: [224], r: 7594, e: 7545
#ERR  p: [1177391], r: 38386122, e: 37709911
#ERR  p: [588715], r: 19178330, e: 18840920
#ERR  p: [1766066], r: 57560317, e: 56553050
#ERR  p: [225], r: 7597, e: 7556
#ERR  p: [1177392], r: 38386151, e: 37709935
#ERR  p: [588716], r: 19178335, e: 18840940
#ERR  p: [1766067], r: 57560366, e: 56553084
#ERR  p: [226], r: 7614, e: 7594
#ERR  p: [1177393], r: 38386178, e: 37709948
#ERR  p: [588717], r: 19178362, e: 18841093
#ERR  p: [1766068], r: 57560440, e: 56553099
#ERR  p: [227], r: 7714, e: 7597
#ERR  p: [1177394], r: 38386205, e: 37709976
#ERR  p: [588718], r: 19178371, e: 18841101
#ERR  p: [1766069], r: 57560459, e: 56553119
#ERR  p: [228], r: 7748, e: 7614
#ERR  p: [1177395], r: 38386258, e: 37710002
#ERR  p: [588719], r: 19178397, e: 18841117
#ERR  p: [1766070], r: 57560460, e: 56553138
#ERR  p: [229], r: 7757, e: 7714
#ERR  p: [1177396], r: 38386264, e: 37710004
#ERR  p: [588720], r: 19178474, e: 18841128
#ERR  p: [1766071], r: 57560464, e: 56553226
#ERR  p: [230], r: 7849, e: 7748
#ERR  p: [1177397], r: 38386274, e: 37710019
#ERR  p: [588721], r: 19178522, e: 18841134
#ERR  p: [1766072], r: 57560468, e: 56553288
#ERR  p: [231], r: 7856, e: 7757
#ERR  p: [1177398], r: 38386290, e: 37710058
#ERR  p: [588722], r: 19178540, e: 18841137
#ERR  p: [1766073], r: 57560469, e: 56553312
#ERR  p: [232], r: 7900, e: 7849
#ERR  p: [1177399], r: 38386358, e: 37710129
#ERR  p: [588723], r: 19178559, e: 18841139
#ERR  p: [1766074], r: 57560472, e: 56553358
#ERR  p: [233], r: 7915, e: 7856
#ERR  p: [1177400], r: 38386425, e: 37710133
#ERR  p: [588724], r: 19178580, e: 18841139
#ERR  p: [1766075], r: 57560579, e: 56553361
#ERR  p: [234], r: 7933, e: 7900
#ERR  p: [1177401], r: 38386429, e: 37710148
#ERR  p: [588725], r: 19178597, e: 18841161
#ERR  p: [1766076], r: 57560601, e: 56553443
#ERR  p: [235], r: 7941, e: 7915
#ERR  p: [1177402], r: 38386463, e: 37710219
#ERR  p: [588726], r: 19178699, e: 18841194
#ERR  p: [1766077], r: 57560631, e: 56553490
#ERR  p: [236], r: 7948, e: 7933
#ERR  p: [1177403], r: 38386498, e: 37710312
#ERR  p: [588727], r: 19178763, e: 18841229
#ERR  p: [1766078], r: 57560633, e: 56553542
#ERR  p: [237], r: 7970, e: 7941
#ERR  p: [1177404], r: 38386501, e: 37710322
#ERR  p: [588728], r: 19178768, e: 18841253
#ERR  p: [1766079], r: 57560648, e: 56553544
#ERR  p: [238], r: 7986, e: 7948
#ERR  p: [1177405], r: 38386522, e: 37710396
#ERR  p: [588729], r: 19178774, e: 18841274
#ERR  p: [1766080], r: 57560663, e: 56553569
#ERR  p: [239], r: 8025, e: 7970
#ERR  p: [1177406], r: 38386621, e: 37710398
#ERR  p: [588730], r: 19178815, e: 18841283
#ERR  p: [1766081], r: 57560733, e: 56553606
#ERR  p: [240], r: 8037, e: 7986
#ERR  p: [1177407], r: 38386624, e: 37710413
#ERR  p: [588731], r: 19178822, e: 18841334
#ERR  p: [1766082], r: 57560811, e: 56553624
#ERR  p: [241], r: 8076, e: 8025
#ERR  p: [1177408], r: 38386649, e: 37710432
#ERR  p: [588732], r: 19178861, e: 18841383
#ERR  p: [1766083], r: 57560821, e: 56553635
#ERR  p: [242], r: 8082, e: 8037
#ERR  p: [1177409], r: 38386651, e: 37710440
#ERR  p: [588733], r: 19178881, e: 18841391
#ERR  p: [1766084], r: 57560916, e: 56553657
#ERR  p: [243], r: 8087, e: 8076
#ERR  p: [1177410], r: 38386716, e: 37710512
#ERR  p: [588734], r: 19178886, e: 18841399
#ERR  p: [1766085], r: 57560931, e: 56553662
#ERR  p: [244], r: 8102, e: 8082
#ERR  p: [1177411], r: 38386741, e: 37710531
#ERR  p: [588735], r: 19178899, e: 18841448
#ERR  p: [1766086], r: 57560965, e: 56553672
#ERR  p: [245], r: 8181, e: 8087
#ERR  p: [1177412], r: 38386768, e: 37710545
#ERR  p: [588736], r: 19178900, e: 18841478
#ERR  p: [1766087], r: 57560980, e: 56553682
#ERR  p: [246], r: 8231, e: 8102
#ERR  p: [1177413], r: 38386787, e: 37710556
#ERR  p: [588737], r: 19178905, e: 18841481
#ERR  p: [1766088], r: 57560983, e: 56553819
#ERR  p: [247], r: 8279, e: 8181
#ERR  p: [1177414], r: 38386813, e: 37710584
#ERR  p: [588738], r: 19178965, e: 18841492
#ERR  p: [1766089], r: 57560996, e: 56553827
#ERR  p: [248], r: 8280, e: 8231
#ERR  p: [1177415], r: 38386837, e: 37710611
#ERR  p: [588739], r: 19179100, e: 18841548
#ERR  p: [1766090], r: 57561003, e: 56553834
#ERR  p: [249], r: 8289, e: 8279
#ERR  p: [1177416], r: 38386890, e: 37710625
#ERR  p: [588740], r: 19179101, e: 18841592
#ERR  p: [1766091], r: 57561036, e: 56553841
#ERR  p: [250], r: 8303, e: 8280
#ERR  p: [1177417], r: 38386891, e: 37710633
#ERR  p: [588741], r: 19179116, e: 18841605
#ERR  p: [1766092], r: 57561053, e: 56553874
#ERR  p: [251], r: 8304, e: 8289
#ERR  p: [1177418], r: 38386994, e: 37710663
#ERR  p: [588742], r: 19179208, e: 18841662
#ERR  p: [1766093], r: 57561082, e: 56553882
#ERR  p: [252], r: 8304, e: 8303
#ERR  p: [1177419], r: 38387034, e: 37710681
#ERR  p: [588743], r: 19179234, e: 18841678
#ERR  p: [1766094], r: 57561138, e: 56553920
#ERR  p: [253], r: 8365, e: 8304
#ERR  p: [1177420], r: 38387041, e: 37710761
#ERR  p: [588744], r: 19179238, e: 18841749
#ERR  p: [1766095], r: 57561174, e: 56553993
#ERR  p: [254], r: 8368, e: 8304
#ERR  p: [1177421], r: 38387052, e: 37710767
#ERR  p: [588745], r: 19179246, e: 18841754
#ERR  p: [1766096], r: 57561174, e: 56554060
#ERR  p: [255], r: 8416, e: 8365
#ERR  p: [1177422], r: 38387097, e: 37710770
#ERR  p: [588746], r: 19179274, e: 18841838
#ERR  p: [1766097], r: 57561192, e: 56554114
#ERR  p: [256], r: 8460, e: 8368
#ERR  p: [1177423], r: 38387110, e: 37710803
#ERR  p: [588747], r: 19179281, e: 18841850
#ERR  p: [1766098], r: 57561246, e: 56554158
#ERR  p: [257], r: 8497, e: 8416
#ERR  p: [1177424], r: 38387170, e: 37710820
#ERR  p: [588748], r: 19179289, e: 18841867
#ERR  p: [1766099], r: 57561249, e: 56554159
#ERR  p: [258], r: 8534, e: 8460
#ERR  p: [1177425], r: 38387215, e: 37710882
#ERR  p: [588749], r: 19179309, e: 18841873
#ERR  p: [1766100], r: 57561315, e: 56554251
#ERR  p: [259], r: 8652, e: 8497
#ERR  p: [1177426], r: 38387222, e: 37710938
#ERR  p: [588750], r: 19179340, e: 18841875
#ERR  p: [1766101], r: 57561367, e: 56554270
#ERR  p: [260], r: 8652, e: 8534
#ERR  p: [1177427], r: 38387274, e: 37711067
#ERR  p: [588751], r: 19179366, e: 18841937
#ERR  p: [1766102], r: 57561389, e: 56554298
#ERR  p: [261], r: 8658, e: 8652
#ERR  p: [1177428], r: 38387292, e: 37711134
#ERR  p: [588752], r: 19179374, e: 18841948
#ERR  p: [1766103], r: 57561439, e: 56554306
#ERR  p: [262], r: 8679, e: 8652
#ERR  p: [1177429], r: 38387300, e: 37711188
#ERR  p: [588753], r: 19179401, e: 18842011
#ERR  p: [1766104], r: 57561451, e: 56554323
#ERR  p: [263], r: 8741, e: 8658
#ERR  p: [1177430], r: 38387307, e: 37711195
#ERR  p: [588754], r: 19179439, e: 18842020
#ERR  p: [1766105], r: 57561489, e: 56554376
#ERR  p: [264], r: 8749, e: 8679
#ERR  p: [1177431], r: 38387317, e: 37711208
#ERR  p: [588755], r: 19179443, e: 18842036
#ERR  p: [1766106], r: 57561496, e: 56554429
#ERR  p: [265], r: 8811, e: 8741
#ERR  p: [1177432], r: 38387364, e: 37711279
#ERR  p: [588756], r: 19179473, e: 18842073
#ERR  p: [1766107], r: 57561508, e: 56554438
#ERR  p: [266], r: 8861, e: 8749
#ERR  p: [1177433], r: 38387393, e: 37711312
#ERR  p: [588757], r: 19179497, e: 18842137
#ERR  p: [1766108], r: 57561566, e: 56554439
#ERR  p: [267], r: 8905, e: 8811
#ERR  p: [1177434], r: 38387457, e: 37711353
#ERR  p: [588758], r: 19179506, e: 18842149
#ERR  p: [1766109], r: 57561580, e: 56554495
#ERR  p: [268], r: 8915, e: 8861
#ERR  p: [1177435], r: 38387490, e: 37711450
#ERR  p: [588759], r: 19179513, e: 18842166
#ERR  p: [1766110], r: 57561599, e: 56554561
#ERR  p: [269], r: 8925, e: 8905
#ERR  p: [1177436], r: 38387776, e: 37711472
#ERR  p: [588760], r: 19179555, e: 18842177
#ERR  p: [1766111], r: 57561620, e: 56554573
#ERR  p: [270], r: 8972, e: 8915
#ERR  p: [1177437], r: 38387777, e: 37711472
#ERR  p: [588761], r: 19179578, e: 18842179
#ERR  p: [1766112], r: 57561670, e: 56554591
#ERR  p: [271], r: 8978, e: 8925
#ERR  p: [1177438], r: 38387826, e: 37711543
#ERR  p: [588762], r: 19179583, e: 18842208
#ERR  p: [1766113], r: 57561671, e: 56554611
#ERR  p: [272], r: 9043, e: 8972
#ERR  p: [1177439], r: 38387849, e: 37711549
#ERR  p: [588763], r: 19179587, e: 18842224
#ERR  p: [1766114], r: 57561728, e: 56554806
#ERR  p: [273], r: 9051, e: 8978
#ERR  p: [1177440], r: 38387851, e: 37711580
#ERR  p: [588764], r: 19179702, e: 18842248
#ERR  p: [1766115], r: 57561868, e: 56554855
#ERR  p: [274], r: 9065, e: 9043
#ERR  p: [1177441], r: 38387857, e: 37711605
#ERR  p: [588765], r: 19179723, e: 18842278
#ERR  p: [1766116], r: 57561884, e: 56554946
#ERR  p: [275], r: 9068, e: 9051
#ERR  p: [1177442], r: 38387946, e: 37711664
#ERR  p: [588766], r: 19179751, e: 18842298
#ERR  p: [1766117], r: 57561892, e: 56555077
#ERR  p: [276], r: 9069, e: 9065
#ERR  p: [1177443], r: 38387975, e: 37711670
#ERR  p: [588767], r: 19179773, e: 18842405
#ERR  p: [1766118], r: 57561938, e: 56555098
#ERR  p: [277], r: 9090, e: 9068
#ERR  p: [1177444], r: 38387980, e: 37711727
#ERR  p: [588768], r: 19179774, e: 18842568
#ERR  p: [1766119], r: 57561996, e: 56555103
#ERR  p: [278], r: 9101, e: 9069
#ERR  p: [1177445], r: 38388008, e: 37711781
#ERR  p: [588769], r: 19179802, e: 18842588
#ERR  p: [1766120], r: 57562127, e: 56555107
#ERR  p: [279], r: 9103, e: 9090
#ERR  p: [1177446], r: 38388083, e: 37711792
#ERR  p: [588770], r: 19179833, e: 18842606
#ERR  p: [1766121], r: 57562252, e: 56555140
#ERR  p: [280], r: 9119, e: 9101
#ERR  p: [1177447], r: 38388117, e: 37711794
#ERR  p: [588771], r: 19179845, e: 18842633
#ERR  p: [1766122], r: 57562288, e: 56555162
#ERR  p: [281], r: 9121, e: 9103
#ERR  p: [1177448], r: 38388123, e: 37711803
#ERR  p: [588772], r: 19179918, e: 18842849
#ERR  p: [1766123], r: 57562330, e: 56555181
#ERR  p: [282], r: 9157, e: 9119
#ERR  p: [1177449], r: 38388127, e: 37711851
#ERR  p: [588773], r: 19179923, e: 18842875
#ERR  p: [1766124], r: 57562334, e: 56555203
#ERR  p: [283], r: 9173, e: 9121
#ERR  p: [1177450], r: 38388165, e: 37711855
#ERR  p: [588774], r: 19179933, e: 18842877
#ERR  p: [1766125], r: 57562365, e: 56555219
#ERR  p: [284], r: 9241, e: 9157
#ERR  p: [1177451], r: 38388170, e: 37711860
#ERR  p: [588775], r: 19179971, e: 18842915
#ERR  p: [1766126], r: 57562374, e: 56555221
#ERR  p: [285], r: 9294, e: 9173
#ERR  p: [1177452], r: 38388183, e: 37711876
#ERR  p: [588776], r: 19180025, e: 18842983
#ERR  p: [1766127], r: 57562426, e: 56555244
#ERR  p: [286], r: 9318, e: 9241
#ERR  p: [1177453], r: 38388207, e: 37711893
#ERR  p: [588777], r: 19180081, e: 18842997
#ERR  p: [1766128], r: 57562428, e: 56555279
#ERR  p: [287], r: 9367, e: 9294
#ERR  p: [1177454], r: 38388237, e: 37711901
#ERR  p: [588778], r: 19180086, e: 18843006
#ERR  p: [1766129], r: 57562443, e: 56555287
#ERR  p: [288], r: 9380, e: 9318
#ERR  p: [1177455], r: 38388240, e: 37711971
#ERR  p: [588779], r: 19180086, e: 18843053
#ERR  p: [1766130], r: 57562459, e: 56555389
#ERR  p: [289], r: 9395, e: 9367
#ERR  p: [1177456], r: 38388272, e: 37712008
#ERR  p: [588780], r: 19180150, e: 18843101
#ERR  p: [1766131], r: 57562460, e: 56555406
#ERR  p: [290], r: 9453, e: 9380
#ERR  p: [1177457], r: 38388290, e: 37712017
#ERR  p: [588781], r: 19180185, e: 18843107
#ERR  p: [1766132], r: 57562462, e: 56555448
#ERR  p: [291], r: 9458, e: 9395
#ERR  p: [1177458], r: 38388328, e: 37712035
#ERR  p: [588782], r: 19180200, e: 18843144
#ERR  p: [1766133], r: 57562487, e: 56555473
#ERR  p: [292], r: 9463, e: 9453
#ERR  p: [1177459], r: 38388433, e: 37712056
#ERR  p: [588783], r: 19180219, e: 18843277
#ERR  p: [1766134], r: 57562521, e: 56555483
#ERR  p: [293], r: 9472, e: 9458
#ERR  p: [1177460], r: 38388450, e: 37712092
#ERR  p: [588784], r: 19180274, e: 18843283
#ERR  p: [1766135], r: 57562554, e: 56555517
#ERR  p: [294], r: 9476, e: 9463
#ERR  p: [1177461], r: 38388503, e: 37712261
#ERR  p: [588785], r: 19180278, e: 18843330
#ERR  p: [1766136], r: 57562567, e: 56555570
#ERR  p: [295], r: 9489, e: 9472
#ERR  p: [1177462], r: 38388544, e: 37712273
#ERR  p: [588786], r: 19180340, e: 18843332
#ERR  p: [1766137], r: 57562573, e: 56555574
#ERR  p: [296], r: 9500, e: 9476
#ERR  p: [1177463], r: 38388614, e: 37712278
#ERR  p: [588787], r: 19180368, e: 18843393
#ERR  p: [1766138], r: 57562576, e: 56555610
#ERR  p: [297], r: 9528, e: 9489
#ERR  p: [1177464], r: 38388825, e: 37712316
#ERR  p: [588788], r: 19180380, e: 18843402
#ERR  p: [1766139], r: 57562584, e: 56555623
#ERR  p: [298], r: 9557, e: 9500
#ERR  p: [1177465], r: 38388842, e: 37712367
#ERR  p: [588789], r: 19180395, e: 18843431
#ERR  p: [1766140], r: 57562633, e: 56555697
#ERR  p: [299], r: 9589, e: 9528
#ERR  p: [1177466], r: 38388855, e: 37712374
#ERR  p: [588790], r: 19180457, e: 18843449
#ERR  p: [1766141], r: 57562637, e: 56555739
#ERR  p: [300], r: 9610, e: 9557
#ERR  p: [1177467], r: 38388898, e: 37712400
#ERR  p: [588791], r: 19180495, e: 18843488
#ERR  p: [1766142], r: 57562640, e: 56555752
#ERR  p: [301], r: 9612, e: 9589
#ERR  p: [1177468], r: 38388906, e: 37712535
#ERR  p: [588792], r: 19180531, e: 18843500
#ERR  p: [1766143], r: 57562651, e: 56555755
#ERR  p: [302], r: 9646, e: 9610
#ERR  p: [1177469], r: 38388937, e: 37712539
#ERR  p: [588793], r: 19180535, e: 18843515
#ERR  p: [1766144], r: 57562653, e: 56555900
#ERR  p: [303], r: 9673, e: 9612
#ERR  p: [1177470], r: 38388973, e: 37712572
#ERR  p: [588794], r: 19180544, e: 18843520
#ERR  p: [1766145], r: 57562684, e: 56555914
#ERR  p: [304], r: 9755, e: 9646
#ERR  p: [1177471], r: 38389051, e: 37712573
#ERR  p: [588795], r: 19180544, e: 18843528
#ERR  p: [1766146], r: 57562693, e: 56555924
#ERR  p: [305], r: 9828, e: 9673
#ERR  p: [1177472], r: 38389080, e: 37712577
#ERR  p: [588796], r: 19180553, e: 18843533
#ERR  p: [1766147], r: 57562697, e: 56555955
#ERR  p: [306], r: 9832, e: 9755
#ERR  p: [1177473], r: 38389133, e: 37712596
#ERR  p: [588797], r: 19180571, e: 18843535
#ERR  p: [1766148], r: 57562697, e: 56556025
#ERR  p: [307], r: 9869, e: 9828
#ERR  p: [1177474], r: 38389136, e: 37712626
#ERR  p: [588798], r: 19180586, e: 18843546
#ERR  p: [1766149], r: 57562786, e: 56556104
#ERR  p: [308], r: 9910, e: 9832
#SDC Ite:0 KerTime:82.062737 AccTime:82.062737 KerErr:1931485 AccErr:1931485
#ABORT too many errors per iteration
#END