#HEADER size:134217728 omp_num_threads:228
#BEGIN Y:2017 M:03 D:01 Time:22:02:25
#IT Ite:0 KerTime:70.639250 AccTime:70.639250
#ERR  p: [5886750], r: 188529975, e: 188521382
#ERR  p: [6475425], r: 207391083, e: 207380118
#ERR  p: [2943375], r: 94304354, e: 94302339
#ERR  p: [3532050], r: 113163431, e: 113158968
#ERR  p: [4709400], r: 150882947, e: 150875761
#ERR  p: [5298075], r: 169703945, e: 169696698
#ERR  p: [2354700], r: 75444172, e: 75443025
#ERR  p: [7064100], r: 226254407, e: 226242666
#ERR  p: [1937232], r: 62036370, e: 62036361
#ERR  p: [5886751], r: 188529980, e: 188521389
#ERR  p: [7652775], r: 245057174, e: 245043708
#ERR  p: [6475426], r: 207391110, e: 207380194
#ERR  p: [50626020], r: 1620035033, e: 1619925194
#ERR  p: [58867456], r: 1883767549, e: 1883641075
#ERR  p: [40618562], r: 1299950602, e: 1299861757
#ERR  p: [3532051], r: 113163440, e: 113158971
#ERR  p: [41207236], r: 1318785710, e: 1318695232
#ERR  p: [50037346], r: 1601205791, e: 1601096542
#ERR  p: [58278782], r: 1864916684, e: 1864789206
#ERR  p: [54158064], r: 1733018317, e: 1732900945
#ERR  p: [18248925], r: 584089675, e: 584052046
#ERR  p: [54746738], r: 1751850198, e: 1751732137
#ERR  p: [57690108], r: 1846084670, e: 1845957297
#ERR  p: [8830125], r: 282770721, e: 282754037
#ERR  p: [15305550], r: 489962713, e: 489933880
#ERR  p: [52392042], r: 1676463589, e: 1676346127
#ERR  p: [16482900], r: 527624653, e: 527591852
#ERR  p: [2943376], r: 94304403, e: 94302397
#ERR  p: [39441214], r: 1262281869, e: 1262197947
#ERR  p: [21192300], r: 678260397, e: 678216672
#ERR  p: [52980716], r: 1695319984, e: 1695205074
#ERR  p: [37675192], r: 1205734751, e: 1205652932
#ERR  p: [4709401], r: 150882981, e: 150875814
#ERR  p: [51214694], r: 1638820745, e: 1638711320
#ERR  p: [11773500], r: 376981030, e: 376959552
#ERR  p: [47093976], r: 1506982482, e: 1506882050
#ERR  p: [55335412], r: 1770720891, e: 1770602697
#ERR  p: [38852540], r: 1243406981, e: 1243321331
#ERR  p: [43561932], r: 1394096112, e: 1394002347
#ERR  p: [41795910], r: 1337631113, e: 1337541905
#ERR  p: [53569390], r: 1714166970, e: 1714053335
#ERR  p: [22958325], r: 734823330, e: 734773867
#ERR  p: [45327954], r: 1450526493, e: 1450427815
#ERR  p: [42973258], r: 1375291204, e: 1375197540
#ERR  p: [5298076], r: 169703947, e: 169696729
#ERR  p: [55924086], r: 1789583600, e: 1789465283
#ERR  p: [21780975], r: 697101932, e: 697054558
#ERR  p: [34143148], r: 1092673875, e: 1092599278
#ERR  p: [30611100], r: 979671521, e: 979606836
#ERR  p: [14128200], r: 452322297, e: 452292510
#ERR  p: [22369650], r: 715939133, e: 715893694
#ERR  p: [17071575], r: 546438035, e: 546402740
#ERR  p: [7064101], r: 226254474, e: 226242669
#ERR  p: [17660250], r: 565244711, e: 565209037
#ERR  p: [33554474], r: 1073820716, e: 1073745314
#ERR  p: [31199775], r: 998523479, e: 998452954
#ERR  p: [44739280], r: 1431734243, e: 1431637964
#ERR  p: [1937233], r: 62036387, e: 62036370
#ERR  p: [5886752], r: 188530000, e: 188521409
#ERR  p: [24135675], r: 772418604, e: 772368475
#ERR  p: [7652776], r: 245057223, e: 245043711
#ERR  p: [40029888], r: 1281120820, e: 1281036490
#ERR  p: [2354701], r: 75444215, e: 75443059
#ERR  p: [6475427], r: 207391129, e: 207380216
#ERR  p: [48859998], r: 1563484729, e: 1563377710
#ERR  p: [32965800], r: 1054992864, e: 1054921231
#ERR  p: [27667725], r: 885456447, e: 885399925
#ERR  p: [49448672], r: 1582318562, e: 1582211469
#ERR  p: [20603625], r: 659442649, e: 659402013
#ERR  p: [36497844], r: 1168063903, e: 1167984201
#ERR  p: [32377125], r: 1036174039, e: 1036105686
#ERR  p: [23547000], r: 753626307, e: 753579604
#ERR  p: [38263866], r: 1224548608, e: 1224468888
#ERR  p: [46505302], r: 1488188113, e: 1488086785
#ERR  p: [14716875], r: 471145018, e: 471116697
#ERR  p: [42384584], r: 1356475630, e: 1356380059
#ERR  p: [13539525], r: 433472805, e: 433445365
#ERR  p: [29433750], r: 941978369, e: 941913633
#ERR  p: [25313025], r: 810082774, e: 810029866
#ERR  p: [48271324], r: 1544635080, e: 1544535669
#ERR  p: [12950850], r: 414617247, e: 414592278
#ERR  p: [26490375], r: 847771322, e: 847714866
#ERR  p: [34731822], r: 1111548179, e: 1111470161
#ERR  p: [27079050], r: 866650525, e: 866591826
#ERR  p: [10596150], r: 339289868, e: 339269132
#ERR  p: [56512760], r: 1808419036, e: 1808295930
#ERR  p: [47682650], r: 1525850330, e: 1525744616
#ERR  p: [18837600], r: 602911347, e: 602872735
#ERR  p: [44150606], r: 1412929591, e: 1412829460
#ERR  p: [51803368], r: 1657616032, e: 1657501913
#ERR  p: [35909170], r: 1149200825, e: 1149124557
#ERR  p: [45916628], r: 1469345793, e: 1469244746
#ERR  p: [24724350], r: 791263671, e: 791211198
#ERR  p: [20014950], r: 640609063, e: 640567632
#ERR  p: [57101434], r: 1827240979, e: 1827115064
#ERR  p: [11184825], r: 358122657, e: 358101450
#ERR  p: [37086518], r: 1186877182, e: 1186797253
#ERR  p: [25901700], r: 828938609, e: 828885145
#ERR  p: [9418800], r: 301612950, e: 301595999
#ERR  p: [12362175], r: 395768383, e: 395745758
#ERR  p: [35320496], r: 1130365186, e: 1130290645
#ERR  p: [15894225], r: 508778472, e: 508747161
#ERR  p: [19426275], r: 621771374, e: 621730231
#ERR  p: [30022425], r: 960822589, e: 960758092
#ERR  p: [50626021], r: 1620035063, e: 1619925219
#ERR  p: [8241450], r: 263899848, e: 263885255
#ERR  p: [10007475], r: 320424780, e: 320406348
#ERR  p: [4120725], r: 131999772, e: 131994585
#ERR  p: [28845075], r: 923133589, e: 923073706
#ERR  p: [28256400], r: 904293061, e: 904233922
#ERR  p: [31788450], r: 1017355394, e: 1017288332
#ERR  p: [58867457], r: 1883767561, e: 1883641094
#ERR  p: [40618563], r: 1299950604, e: 1299861820
#ERR  p: [3532052], r: 113163445, e: 113159027
#ERR  p: [50037347], r: 1601205793, e: 1601096551
#ERR  p: [41207237], r: 1318785799, e: 1318695234
#ERR  p: [58278783], r: 1864916708, e: 1864789243
#ERR  p: [54158065], r: 1733018321, e: 1732900945
#ERR  p: [18248926], r: 584089702, e: 584052076
#ERR  p: [54746739], r: 1751850242, e: 1751732161
#ERR  p: [57690109], r: 1846084674, e: 1845957400
#ERR  p: [8830126], r: 282770778, e: 282754043
#ERR  p: [15305551], r: 489962723, e: 489933890
#ERR  p: [52392043], r: 1676463602, e: 1676346127
#ERR  p: [16482901], r: 527624655, e: 527591860
#ERR  p: [2943377], r: 94304450, e: 94302402
#ERR  p: [39441215], r: 1262281875, e: 1262198154
#ERR  p: [21192301], r: 678260464, e: 678216736
#ERR  p: [4709402], r: 150883000, e: 150875850
#ERR  p: [51214695], r: 1638820858, e: 1638711388
#ERR  p: [37675193], r: 1205734824, e: 1205652941
#ERR  p: [52980717], r: 1695319998, e: 1695205102
#ERR  p: [11773501], r: 376981062, e: 376959561
#ERR  p: [47093977], r: 1506982499, e: 1506882083
#ERR  p: [55335413], r: 1770720908, e: 1770602727
#ERR  p: [38852541], r: 1243406997, e: 1243321346
#ERR  p: [43561933], r: 1394096114, e: 1394002359
#ERR  p: [41795911], r: 1337631119, e: 1337542011
#ERR  p: [45327955], r: 1450526559, e: 1450427838
#ERR  p: [21780976], r: 697101940, e: 697054588
#ERR  p: [5298077], r: 169703986, e: 169696759
#ERR  p: [34143149], r: 1092673929, e: 1092599290
#ERR  p: [22369651], r: 715939150, e: 715893869
#ERR  p: [14128201], r: 452322315, e: 452292533
#ERR  p: [22958326], r: 734823343, e: 734773880
#ERR  p: [55924087], r: 1789583619, e: 1789465292
#ERR  p: [30611101], r: 979671535, e: 979606849
#ERR  p: [42973259], r: 1375291229, e: 1375197546
#ERR  p: [53569391], r: 1714166978, e: 1714053338
#ERR  p: [17660251], r: 565244719, e: 565209051
#ERR  p: [7064102], r: 226254496, e: 226242700
#ERR  p: [17071576], r: 546438037, e: 546402769
#ERR  p: [31199776], r: 998523491, e: 998452974
#ERR  p: [33554475], r: 1073820745, e: 1073745347
#ERR  p: [44739281], r: 1431734249, e: 1431638006
#ERR  p: [1937234], r: 62036435, e: 62036387
#ERR  p: [5886753], r: 188530034, e: 188521427
#ERR  p: [6475428], r: 207391134, e: 207380237
#ERR  p: [24135676], r: 772418738, e: 772368485
#ERR  p: [7652777], r: 245057266, e: 245043732
#ERR  p: [40029889], r: 1281120829, e: 1281036526
#ERR  p: [2354702], r: 75444250, e: 75443104
#ERR  p: [48859999], r: 1563484764, e: 1563377721
#ERR  p: [32965801], r: 1054992900, e: 1054921464
#ERR  p: [27667726], r: 885456450, e: 885399936
#ERR  p: [49448673], r: 1582318565, e: 1582211514
#ERR  p: [36497845], r: 1168063904, e: 1167984217
#ERR  p: [23547001], r: 753626358, e: 753579629
#ERR  p: [20603626], r: 659442660, e: 659402057
#ERR  p: [32377126], r: 1036174054, e: 1036105716
#ERR  p: [38263867], r: 1224548633, e: 1224468902
#ERR  p: [42384585], r: 1356475633, e: 1356380069
#ERR  p: [46505303], r: 1488188121, e: 1488086841
#ERR  p: [29433751], r: 941978389, e: 941913650
#ERR  p: [14716876], r: 471145052, e: 471116722
#ERR  p: [48271325], r: 1544635131, e: 1544535695
#ERR  p: [13539526], r: 433472866, e: 433445415
#ERR  p: [25313026], r: 810082793, e: 810029917
#ERR  p: [12950851], r: 414617255, e: 414592296
#ERR  p: [10596151], r: 339289877, e: 339269195
#ERR  p: [47682651], r: 1525850340, e: 1525744670
#ERR  p: [34731823], r: 1111548232, e: 1111470282
#ERR  p: [56512761], r: 1808419037, e: 1808295937
#ERR  p: [27079051], r: 866650584, e: 866591828
#ERR  p: [26490376], r: 847771323, e: 847714907
#ERR  p: [44150607], r: 1412929593, e: 1412829495
#ERR  p: [51803369], r: 1657616040, e: 1657501934
#ERR  p: [18837601], r: 602911347, e: 602872745
#ERR  p: [24724351], r: 791263720, e: 791211212
#ERR  p: [35909171], r: 1149200836, e: 1149124569
#ERR  p: [45916629], r: 1469345843, e: 1469244757
#ERR  p: [9418801], r: 301612969, e: 301596001
#ERR  p: [28845076], r: 923133597, e: 923073721
#ERR  p: [28256401], r: 904293069, e: 904233967
#ERR  p: [11184826], r: 358122714, e: 358101491
#ERR  p: [37086519], r: 1186877289, e: 1186797293
#ERR  p: [20014951], r: 640609131, e: 640567662
#ERR  p: [57101435], r: 1827240994, e: 1827115091
#ERR  p: [19426276], r: 621771382, e: 621730233
#ERR  p: [12362176], r: 395768384, e: 395745759
#ERR  p: [50626022], r: 1620035065, e: 1619925230
#ERR  p: [25901701], r: 828938614, e: 828885146
#ERR  p: [15894226], r: 508778513, e: 508747207
#ERR  p: [30022426], r: 960822620, e: 960758239
#ERR  p: [58867458], r: 1883767579, e: 1883641180
#ERR  p: [4120726], r: 131999786, e: 131994585
#ERR  p: [8241451], r: 263899880, e: 263885274
#ERR  p: [31788451], r: 1017355398, e: 1017288418
#ERR  p: [10007476], r: 320424836, e: 320406377
#ERR  p: [35320497], r: 1130365231, e: 1130290657
#ERR  p: [40618564], r: 1299950642, e: 1299861837
#ERR  p: [54158066], r: 1733018341, e: 1732901083
#ERR  p: [3532053], r: 113163462, e: 113159066
#ERR  p: [41207238], r: 1318785822, e: 1318695242
#ERR  p: [50037348], r: 1601205795, e: 1601096576
#ERR  p: [58278784], r: 1864916731, e: 1864789277
#ERR  p: [18248927], r: 584089754, e: 584052091
#ERR  p: [54746740], r: 1751850441, e: 1751732169
#ERR  p: [57690110], r: 1846084678, e: 1845957425
#ERR  p: [8830127], r: 282770811, e: 282754045
#ERR  p: [15305552], r: 489962727, e: 489933899
#ERR  p: [52392044], r: 1676463670, e: 1676346290
#ERR  p: [2943378], r: 94304513, e: 94302403
#ERR  p: [16482902], r: 527624679, e: 527591864
#ERR  p: [39441216], r: 1262282055, e: 1262198191
#ERR  p: [21192302], r: 678260591, e: 678216759
#ERR  p: [4709403], r: 150883082, e: 150875884
#ERR  p: [51214696], r: 1638820871, e: 1638711395
#ERR  p: [37675194], r: 1205734847, e: 1205652953
#ERR  p: [52980718], r: 1695320013, e: 1695205106
#ERR  p: [11773502], r: 376981141, e: 376959574
#ERR  p: [47093978], r: 1506982513, e: 1506882085
#ERR  p: [55335414], r: 1770721005, e: 1770602735
#ERR  p: [38852542], r: 1243407017, e: 1243321346
#ERR  p: [41795912], r: 1337631129, e: 1337542039
#ERR  p: [43561934], r: 1394096184, e: 1394002412
#ERR  p: [45327956], r: 1450526588, e: 1450427869
#ERR  p: [50037349], r: 1601205809, e: 1601096587
#ERR  p: [21780977], r: 697101942, e: 697054589
#ERR  p: [5298078], r: 169704022, e: 169696772
#ERR  p: [22369652], r: 715939151, e: 715893871
#ERR  p: [22958327], r: 734823353, e: 734773928
#ERR  p: [34143150], r: 1092673930, e: 1092599386
#ERR  p: [55924088], r: 1789583737, e: 1789465294
#ERR  p: [14128202], r: 452322334, e: 452292561
#ERR  p: [30611102], r: 979671594, e: 979606854
#ERR  p: [1937235], r: 62036451, e: 62036435
#ERR  p: [17071577], r: 546438042, e: 546402798
#ERR  p: [33554476], r: 1073820816, e: 1073745361
#ERR  p: [31199777], r: 998523519, e: 998452993
#ERR  p: [44739282], r: 1431734308, e: 1431638020
#ERR  p: [17660252], r: 565244830, e: 565209082
#ERR  p: [53569392], r: 1714167155, e: 1714053438
#ERR  p: [7064103], r: 226254517, e: 226242703
#ERR  p: [42973260], r: 1375291262, e: 1375197562
#ERR  p: [6475429], r: 207391193, e: 207380289
#ERR  p: [2354703], r: 75444252, e: 75443135
#ERR  p: [24135677], r: 772418818, e: 772368485
#ERR  p: [7652778], r: 245057308, e: 245043740
#ERR  p: [40029890], r: 1281120858, e: 1281036532
#ERR  p: [5886754], r: 188530040, e: 188521512
#ERR  p: [48860000], r: 1563484786, e: 1563377755
#ERR  p: [32965802], r: 1054992917, e: 1054921532
#ERR  p: [27667727], r: 885456462, e: 885399963
#ERR  p: [49448674], r: 1582318601, e: 1582211536
#ERR  p: [36497846], r: 1168063932, e: 1167984277
#ERR  p: [23547002], r: 753626432, e: 753579684
#ERR  p: [32377127], r: 1036174069, e: 1036105752
#ERR  p: [20603627], r: 659442698, e: 659402106
#ERR  p: [42384586], r: 1356475738, e: 1356380104
#ERR  p: [38263868], r: 1224548682, e: 1224468914
#ERR  p: [46505304], r: 1488188209, e: 1488086845
#ERR  p: [29433752], r: 941978413, e: 941913726
#ERR  p: [14716877], r: 471145153, e: 471116734
#ERR  p: [13539527], r: 433472968, e: 433445549
#ERR  p: [25313027], r: 810082806, e: 810029962
#ERR  p: [48271326], r: 1544635152, e: 1544535697
#ERR  p: [12950852], r: 414617273, e: 414592314
#ERR  p: [10596152], r: 339289893, e: 339269213
#ERR  p: [47682652], r: 1525850417, e: 1525744712
#ERR  p: [27079052], r: 866650587, e: 866591838
#ERR  p: [34731824], r: 1111548257, e: 1111470292
#ERR  p: [44150608], r: 1412929632, e: 1412829534
#ERR  p: [56512762], r: 1808419050, e: 1808295947
#ERR  p: [51803370], r: 1657616072, e: 1657501945
#ERR  p: [26490377], r: 847771341, e: 847714916
#ERR  p: [18837602], r: 602911378, e: 602872771
#ERR  p: [28845077], r: 923133601, e: 923073742
#ERR  p: [35909172], r: 1149200857, e: 1149124581
#ERR  p: [24724352], r: 791263735, e: 791211292
#ERR  p: [20014952], r: 640609138, e: 640567716
#ERR  p: [37086520], r: 1186877311, e: 1186797316
#ERR  p: [57101436], r: 1827241079, e: 1827115268
#ERR  p: [9418802], r: 301613086, e: 301596004
#ERR  p: [28256402], r: 904293083, e: 904233992
#ERR  p: [45916630], r: 1469345881, e: 1469244759
#ERR  p: [11184827], r: 358122745, e: 358101505
#ERR  p: [4120727], r: 131999812, e: 131994671
#ERR  p: [19426277], r: 621771436, e: 621730238
#ERR  p: [58867459], r: 1883767636, e: 1883641193
#ERR  p: [30022427], r: 960822655, e: 960758326
#ERR  p: [50626023], r: 1620035072, e: 1619925268
#ERR  p: [40618565], r: 1299950669, e: 1299861855
#ERR  p: [12362177], r: 395768404, e: 395745791
#ERR  p: [31788452], r: 1017355431, e: 1017288419
#ERR  p: [15894227], r: 508778524, e: 508747302
#ERR  p: [25901702], r: 828938635, e: 828885147
#ERR  p: [10007477], r: 320424860, e: 320406378
#ERR  p: [8241452], r: 263899968, e: 263885378
#ERR  p: [3532054], r: 113163625, e: 113159083
#ERR  p: [57690111], r: 1846084804, e: 1845957472
#ERR  p: [54746741], r: 1751850513, e: 1751732170
#ERR  p: [41207239], r: 1318785849, e: 1318695257
#ERR  p: [58278785], r: 1864916778, e: 1864789358
#ERR  p: [35320498], r: 1130365390, e: 1130290670
#ERR  p: [54158067], r: 1733018363, e: 1732901198
#ERR  p: [18248928], r: 584089767, e: 584052107
#ERR  p: [8830128], r: 282770828, e: 282754081
#ERR  p: [15305553], r: 489962740, e: 489933900
#ERR  p: [52392045], r: 1676463684, e: 1676346298
#ERR  p: [16482903], r: 527624696, e: 527591874
#ERR  p: [2943379], r: 94304614, e: 94302414
#ERR  p: [39441217], r: 1262282141, e: 1262198229
#ERR  p: [21192303], r: 678260622, e: 678216783
#ERR  p: [4709404], r: 150883178, e: 150875972
#ERR  p: [51214697], r: 1638820888, e: 1638711396
#ERR  p: [37675195], r: 1205734878, e: 1205652967
#ERR  p: [11773503], r: 376981153, e: 376959576
#ERR  p: [52980719], r: 1695320028, e: 1695205146
#ERR  p: [47093979], r: 1506982540, e: 1506882088
#ERR  p: [55335415], r: 1770721074, e: 1770602800
#ERR  p: [38852543], r: 1243407024, e: 1243321349
#ERR  p: [41795913], r: 1337631150, e: 1337542101
#ERR  p: [43561935], r: 1394096187, e: 1394002417
#ERR  p: [45327957], r: 1450526601, e: 1450427942
#ERR  p: [50037350], r: 1601205868, e: 1601096626
#ERR  p: [21780978], r: 697101976, e: 697054595
#ERR  p: [5298079], r: 169704027, e: 169696793
#ERR  p: [22369653], r: 715939224, e: 715893880
#ERR  p: [22958328], r: 734823375, e: 734773938
#ERR  p: [34143151], r: 1092673967, e: 1092599403
#ERR  p: [55924089], r: 1789583769, e: 1789465313
#ERR  p: [35320499], r: 1130365390, e: 1130290689
#ERR  p: [14128203], r: 452322342, e: 452292592
#ERR  p: [30611103], r: 979671650, e: 979606867
#ERR  p: [1937236], r: 62036509, e: 62036451
#ERR  p: [17071578], r: 546438043, e: 546402820
#ERR  p: [33554477], r: 1073820914, e: 1073745422
#ERR  p: [53569393], r: 1714167223, e: 1714053459
#ERR  p: [17660253], r: 565244905, e: 565209212
#ERR  p: [31199778], r: 998523533, e: 998453056
#ERR  p: [44739283], r: 1431734341, e: 1431638094
#ERR  p: [40029891], r: 1281120871, e: 1281036557
#ERR  p: [5886755], r: 188530072, e: 188521550
#ERR  p: [7652779], r: 245057317, e: 245043777
#ERR  p: [6475430], r: 207391206, e: 207380301
#ERR  p: [24135678], r: 772418871, e: 772368498
#ERR  p: [42973261], r: 1375291273, e: 1375197564
#ERR  p: [2354704], r: 75444253, e: 75443166
#ERR  p: [7064104], r: 226254529, e: 226242713
#ERR  p: [48860001], r: 1563484837, e: 1563377789
#ERR  p: [27667728], r: 885456548, e: 885399967
#ERR  p: [32965803], r: 1054992946, e: 1054921548
#ERR  p: [49448675], r: 1582318603, e: 1582211603
#ERR  p: [36497847], r: 1168063973, e: 1167984395
#ERR  p: [23547003], r: 753626563, e: 753579686
#ERR  p: [32377128], r: 1036174073, e: 1036105755
#ERR  p: [20603628], r: 659442705, e: 659402110
#ERR  p: [38263869], r: 1224548685, e: 1224468945
#ERR  p: [42384587], r: 1356475756, e: 1356380149
#ERR  p: [14716878], r: 471145159, e: 471116777
#ERR  p: [29433753], r: 941978422, e: 941913777
#ERR  p: [46505305], r: 1488188225, e: 1488086912
#ERR  p: [13539528], r: 433473008, e: 433445559
#ERR  p: [25313028], r: 810082811, e: 810030041
#ERR  p: [48271327], r: 1544635160, e: 1544535788
#ERR  p: [12950853], r: 414617275, e: 414592353
#ERR  p: [34731825], r: 1111548275, e: 1111470350
#ERR  p: [47682653], r: 1525850425, e: 1525744730
#ERR  p: [18837603], r: 602911381, e: 602872776
#ERR  p: [44150609], r: 1412929639, e: 1412829594
#ERR  p: [10596153], r: 339289917, e: 339269250
#ERR  p: [28845078], r: 923133652, e: 923073814
#ERR  p: [27079053], r: 866650619, e: 866591856
#ERR  p: [26490378], r: 847771347, e: 847714917
#ERR  p: [35909173], r: 1149200886, e: 1149124616
#ERR  p: [56512763], r: 1808419054, e: 1808295963
#ERR  p: [51803371], r: 1657616080, e: 1657501973
#ERR  p: [24724353], r: 791263760, e: 791211378
#ERR  p: [37086521], r: 1186877354, e: 1186797405
#ERR  p: [20014953], r: 640609153, e: 640567790
#ERR  p: [57101437], r: 1827241083, e: 1827115279
#ERR  p: [28256403], r: 904293136, e: 904233996
#ERR  p: [19426278], r: 621771463, e: 621730252
#ERR  p: [11184828], r: 358122751, e: 358101514
#ERR  p: [9418803], r: 301613093, e: 301596037
#ERR  p: [50626024], r: 1620035083, e: 1619925307
#ERR  p: [30022428], r: 960822728, e: 960758354
#ERR  p: [4120728], r: 131999876, e: 131994713
#ERR  p: [58867460], r: 1883767655, e: 1883641201
#ERR  p: [45916631], r: 1469345932, e: 1469244776
#ERR  p: [40618566], r: 1299950683, e: 1299861870
#ERR  p: [12362178], r: 395768406, e: 395745816
#ERR  p: [31788453], r: 1017355442, e: 1017288465
#ERR  p: [10007478], r: 320424873, e: 320406393
#ERR  p: [3532055], r: 113163648, e: 113159092
#ERR  p: [57690112], r: 1846084846, e: 1845957530
#ERR  p: [15894228], r: 508778542, e: 508747302
#ERR  p: [54746742], r: 1751850515, e: 1751732188
#ERR  p: [25901703], r: 828938645, e: 828885176
#ERR  p: [8241453], r: 263899985, e: 263885458
#ERR  p: [41207240], r: 1318785883, e: 1318695376
#ERR  p: [18248929], r: 584089770, e: 584052111
#ERR  p: [8830129], r: 282770883, e: 282754108
#ERR  p: [16482904], r: 527624878, e: 527591886
#ERR  p: [15305554], r: 489962782, e: 489933919
#ERR  p: [58278786], r: 1864916827, e: 1864789401
#ERR  p: [54158068], r: 1733018419, e: 1732901248
#ERR  p: [52392046], r: 1676463716, e: 1676346314
#ERR  p: [2943380], r: 94304621, e: 94302429
#ERR  p: [21192304], r: 678260627, e: 678216792
#ERR  p: [39441218], r: 1262282161, e: 1262198275
#ERR  p: [4709405], r: 150883201, e: 150875973
#ERR  p: [37675196], r: 1205734910, e: 1205652995
#ERR  p: [51214698], r: 1638820908, e: 1638711415
#ERR  p: [52980720], r: 1695320035, e: 1695205219
#ERR  p: [11773504], r: 376981217, e: 376959588
#ERR  p: [47093980], r: 1506982551, e: 1506882200
#ERR  p: [55335416], r: 1770721074, e: 1770602814
#ERR  p: [38852544], r: 1243407096, e: 1243321418
#ERR  p: [41795914], r: 1337631192, e: 1337542118
#ERR  p: [43561936], r: 1394096204, e: 1394002454
#ERR  p: [45327958], r: 1450526662, e: 1450428001
#ERR  p: [21780979], r: 697102005, e: 697054597
#ERR  p: [50037351], r: 1601205879, e: 1601096650
#ERR  p: [5298080], r: 169704033, e: 169696793
#ERR  p: [22369654], r: 715939283, e: 715893883
#ERR  p: [22958329], r: 734823392, e: 734773960
#ERR  p: [55924090], r: 1789583772, e: 1789465315
#ERR  p: [34143152], r: 1092673968, e: 1092599420
#ERR  p: [35320500], r: 1130365399, e: 1130290762
#ERR  p: [14128204], r: 452322383, e: 452292603
#ERR  p: [30611104], r: 979671674, e: 979606874
#ERR  p: [17071579], r: 546438076, e: 546402858
#ERR  p: [33554478], r: 1073821004, e: 1073745423
#ERR  p: [1937237], r: 62036554, e: 62036509
#ERR  p: [53569394], r: 1714167265, e: 1714053464
#ERR  p: [17660254], r: 565244911, e: 565209224
#ERR  p: [31199779], r: 998523649, e: 998453063
#ERR  p: [44739284], r: 1431734343, e: 1431638134
#ERR  p: [6475431], r: 207391213, e: 207380372
#ERR  p: [40029892], r: 1281120916, e: 1281036702
#ERR  p: [7652780], r: 245057345, e: 245043799
#ERR  p: [5886756], r: 188530093, e: 188521562
#ERR  p: [7064105], r: 226254563, e: 226242733
#ERR  p: [24135679], r: 772418921, e: 772368502
#ERR  p: [42973262], r: 1375291276, e: 1375197651
#ERR  p: [2354705], r: 75444274, e: 75443177
#ERR  p: [48860002], r: 1563484869, e: 1563377956
#ERR  p: [27667729], r: 885456559, e: 885399991
#ERR  p: [32965804], r: 1054993037, e: 1054921617
#ERR  p: [49448676], r: 1582318690, e: 1582211612
#ERR  p: [36497848], r: 1168064014, e: 1167984421
#ERR  p: [23547004], r: 753626618, e: 753579733
#ERR  p: [32377129], r: 1036174109, e: 1036105772
#ERR  p: [20603629], r: 659442713, e: 659402115
#ERR  p: [42384588], r: 1356475801, e: 1356380167
#ERR  p: [38263870], r: 1224548696, e: 1224468991
#ERR  p: [14716879], r: 471145197, e: 471116784
#ERR  p: [29433754], r: 941978430, e: 941913883
#ERR  p: [46505306], r: 1488188234, e: 1488087004
#ERR  p: [13539529], r: 433473011, e: 433445574
#ERR  p: [25313029], r: 810082817, e: 810030049
#ERR  p: [48271328], r: 1544635257, e: 1544535790
#ERR  p: [12950854], r: 414617280, e: 414592364
#ERR  p: [34731826], r: 1111548337, e: 1111470432
#ERR  p: [47682654], r: 1525850463, e: 1525744769
#ERR  p: [18837604], r: 602911447, e: 602872812
#ERR  p: [44150610], r: 1412929661, e: 1412829686
#ERR  p: [10596154], r: 339289999, e: 339269295
#ERR  p: [4120729], r: 131999946, e: 131994721
#ERR  p: [40618567], r: 1299950734, e: 1299861887
#ERR  p: [56512764], r: 1808419096, e: 1808295975
#ERR  p: [26490379], r: 847771390, e: 847714928
#ERR  p: [27079054], r: 866650626, e: 866591867
#ERR  p: [37086522], r: 1186877370, e: 1186797414
#ERR  p: [28845079], r: 923133679, e: 923073896
#ERR  p: [35909174], r: 1149200923, e: 1149124625
#ERR  p: [20014954], r: 640609211, e: 640567886
#ERR  p: [19426279], r: 621771483, e: 621730256
#ERR  p: [11184829], r: 358122758, e: 358101534
#ERR  p: [24724354], r: 791263813, e: 791211467
#ERR  p: [28256404], r: 904293216, e: 904234032
#ERR  p: [9418804], r: 301613097, e: 301596059
#ERR  p: [50626025], r: 1620035144, e: 1619925324
#ERR  p: [58867461], r: 1883767674, e: 1883641203
#ERR  p: [30022429], r: 960822769, e: 960758378
#ERR  p: [51803372], r: 1657616175, e: 1657501979
#ERR  p: [57101438], r: 1827241115, e: 1827115304
#ERR  p: [45916632], r: 1469345938, e: 1469244776
#SDC Ite:0 KerTime:70.639250 AccTime:70.639250 KerErr:57183540 AccErr:57183540
#ABORT too many errors per iteration
#END