#HEADER size:134217728 omp_num_threads:228
#BEGIN Y:2017 M:01 D:22 Time:21:32:10
#IT Ite:0 KerTime:46.819728 AccTime:46.819728
#ERR  p: [89078062], r: 2850482302, e: 2850482292
#ERR  p: [89078063], r: 2850482366, e: 2850482302
#ERR  p: [89078064], r: 2850482417, e: 2850482366
#ERR  p: [89078065], r: 2850482535, e: 2850482417
#ERR  p: [89078066], r: 2850482538, e: 2850482435
#ERR  p: [89078067], r: 2850482796, e: 2850482492
#ERR  p: [89078068], r: 2850482835, e: 2850482511
#ERR  p: [89078069], r: 2850482853, e: 2850482535
#ERR  p: [89078070], r: 2850482983, e: 2850482538
#ERR  p: [89078071], r: 2850483196, e: 2850482541
#ERR  p: [89078072], r: 2850483211, e: 2850482701
#ERR  p: [89078073], r: 2850483241, e: 2850482796
#ERR  p: [89078074], r: 2850483264, e: 2850482801
#ERR  p: [89078075], r: 2850483349, e: 2850482835
#ERR  p: [89078076], r: 2850483504, e: 2850482853
#ERR  p: [89078077], r: 2850483570, e: 2850482883
#ERR  p: [89078078], r: 2850483601, e: 2850482983
#ERR  p: [89078079], r: 2850483698, e: 2850482993
#ERR  p: [89078080], r: 2850483951, e: 2850483004
#ERR  p: [89078081], r: 2850484009, e: 2850483010
#ERR  p: [89078082], r: 2850484035, e: 2850483017
#ERR  p: [89078083], r: 2850484098, e: 2850483033
#ERR  p: [89078084], r: 2850484199, e: 2850483035
#ERR  p: [89078085], r: 2850484301, e: 2850483096
#ERR  p: [89078086], r: 2850484461, e: 2850483170
#ERR  p: [89078087], r: 2850484628, e: 2850483196
#ERR  p: [89078088], r: 2850484697, e: 2850483197
#ERR  p: [89078089], r: 2850484860, e: 2850483211
#ERR  p: [89078090], r: 2850485196, e: 2850483241
#ERR  p: [89078091], r: 2850485315, e: 2850483264
#ERR  p: [89078092], r: 2850485448, e: 2850483349
#ERR  p: [89078093], r: 2850485544, e: 2850483355
#ERR  p: [89078094], r: 2850485551, e: 2850483454
#ERR  p: [89078095], r: 2850485577, e: 2850483470
#ERR  p: [89078096], r: 2850485665, e: 2850483504
#ERR  p: [89078097], r: 2850485679, e: 2850483533
#ERR  p: [89078098], r: 2850485756, e: 2850483544
#ERR  p: [89078099], r: 2850485861, e: 2850483570
#ERR  p: [89078100], r: 2850485882, e: 2850483599
#ERR  p: [89078101], r: 2850485970, e: 2850483601
#ERR  p: [89078102], r: 2850486124, e: 2850483642
#ERR  p: [89078103], r: 2850486128, e: 2850483646
#ERR  p: [89078104], r: 2850486259, e: 2850483698
#ERR  p: [89078105], r: 2850486281, e: 2850483707
#ERR  p: [89078106], r: 2850486311, e: 2850483709
#ERR  p: [89078107], r: 2850486353, e: 2850483732
#ERR  p: [89078108], r: 2850486386, e: 2850483764
#ERR  p: [89078109], r: 2850486469, e: 2850483930
#ERR  p: [89078110], r: 2850486505, e: 2850483951
#ERR  p: [89078111], r: 2850486526, e: 2850484009
#ERR  p: [89078112], r: 2850486541, e: 2850484035
#ERR  p: [89078113], r: 2850486613, e: 2850484058
#ERR  p: [89078114], r: 2850486676, e: 2850484098
#ERR  p: [89078115], r: 2850486741, e: 2850484099
#ERR  p: [89078116], r: 2850486937, e: 2850484102
#ERR  p: [89078117], r: 2850487038, e: 2850484102
#ERR  p: [89078118], r: 2850487173, e: 2850484145
#ERR  p: [89078119], r: 2850487244, e: 2850484151
#ERR  p: [89078120], r: 2850487279, e: 2850484182
#ERR  p: [89078121], r: 2850487415, e: 2850484184
#ERR  p: [89078122], r: 2850487513, e: 2850484187
#ERR  p: [89078123], r: 2850487609, e: 2850484199
#ERR  p: [89078124], r: 2850487938, e: 2850484213
#ERR  p: [89078125], r: 2850488147, e: 2850484301
#ERR  p: [89078126], r: 2850488196, e: 2850484315
#ERR  p: [89078127], r: 2850488234, e: 2850484326
#ERR  p: [89078128], r: 2850488246, e: 2850484461
#ERR  p: [89078129], r: 2850488296, e: 2850484503
#ERR  p: [89078130], r: 2850488588, e: 2850484613
#ERR  p: [89078131], r: 2850488727, e: 2850484625
#ERR  p: [89078132], r: 2850488865, e: 2850484628
#ERR  p: [89078133], r: 2850489005, e: 2850484697
#ERR  p: [89078134], r: 2850489039, e: 2850484748
#ERR  p: [89078135], r: 2850489051, e: 2850484749
#ERR  p: [89078136], r: 2850489129, e: 2850484778
#ERR  p: [89078137], r: 2850489144, e: 2850484786
#ERR  p: [89078138], r: 2850489231, e: 2850484836
#ERR  p: [89078139], r: 2850489257, e: 2850484860
#ERR  p: [89078140], r: 2850489387, e: 2850484920
#ERR  p: [89078141], r: 2850489396, e: 2850484931
#ERR  p: [89078142], r: 2850489400, e: 2850485050
#ERR  p: [89078143], r: 2850489459, e: 2850485082
#ERR  p: [89078144], r: 2850489575, e: 2850485108
#ERR  p: [89078145], r: 2850489631, e: 2850485163
#ERR  p: [89078146], r: 2850489680, e: 2850485184
#ERR  p: [89078147], r: 2850489744, e: 2850485186
#ERR  p: [89078148], r: 2850489790, e: 2850485196
#ERR  p: [89078149], r: 2850489802, e: 2850485262
#ERR  p: [89078150], r: 2850489846, e: 2850485315
#ERR  p: [89078151], r: 2850489863, e: 2850485436
#ERR  p: [89078152], r: 2850489928, e: 2850485448
#ERR  p: [89078153], r: 2850489993, e: 2850485452
#ERR  p: [89078154], r: 2850490257, e: 2850485481
#ERR  p: [89078155], r: 2850490313, e: 2850485544
#ERR  p: [89078156], r: 2850490560, e: 2850485551
#ERR  p: [89078157], r: 2850490606, e: 2850485577
#ERR  p: [89078158], r: 2850490707, e: 2850485665
#ERR  p: [89078159], r: 2850490856, e: 2850485679
#ERR  p: [89078160], r: 2850491139, e: 2850485681
#ERR  p: [89078161], r: 2850491151, e: 2850485756
#ERR  p: [89078162], r: 2850491212, e: 2850485774
#ERR  p: [89078163], r: 2850491250, e: 2850485821
#ERR  p: [89078164], r: 2850491329, e: 2850485832
#ERR  p: [89078165], r: 2850491333, e: 2850485844
#ERR  p: [89078166], r: 2850491440, e: 2850485861
#ERR  p: [89078167], r: 2850491599, e: 2850485874
#ERR  p: [89078168], r: 2850491630, e: 2850485882
#ERR  p: [89078169], r: 2850491677, e: 2850485916
#ERR  p: [89078170], r: 2850491825, e: 2850485967
#ERR  p: [89078171], r: 2850491826, e: 2850485970
#ERR  p: [89078172], r: 2850491883, e: 2850486028
#ERR  p: [89078173], r: 2850491913, e: 2850486036
#ERR  p: [89078174], r: 2850491961, e: 2850486066
#ERR  p: [89078175], r: 2850492072, e: 2850486094
#ERR  p: [89078176], r: 2850492197, e: 2850486109
#ERR  p: [89078177], r: 2850492379, e: 2850486110
#ERR  p: [89078178], r: 2850492396, e: 2850486124
#ERR  p: [89078179], r: 2850492464, e: 2850486128
#ERR  p: [89078180], r: 2850492506, e: 2850486182
#ERR  p: [89078181], r: 2850492585, e: 2850486259
#ERR  p: [89078182], r: 2850492632, e: 2850486281
#ERR  p: [89078183], r: 2850492634, e: 2850486311
#ERR  p: [89078184], r: 2850492662, e: 2850486317
#ERR  p: [89078185], r: 2850492698, e: 2850486322
#ERR  p: [89078186], r: 2850492739, e: 2850486329
#ERR  p: [89078187], r: 2850492761, e: 2850486353
#ERR  p: [89078188], r: 2850492803, e: 2850486381
#ERR  p: [89078189], r: 2850492877, e: 2850486386
#ERR  p: [89078190], r: 2850492931, e: 2850486396
#ERR  p: [89078191], r: 2850493059, e: 2850486469
#ERR  p: [89078192], r: 2850493219, e: 2850486475
#ERR  p: [89078193], r: 2850493228, e: 2850486491
#ERR  p: [89078194], r: 2850493239, e: 2850486495
#ERR  p: [89078195], r: 2850493447, e: 2850486505
#ERR  p: [89078196], r: 2850493658, e: 2850486526
#ERR  p: [89078197], r: 2850493695, e: 2850486541
#ERR  p: [89078198], r: 2850493826, e: 2850486555
#ERR  p: [89078199], r: 2850493872, e: 2850486555
#ERR  p: [89078200], r: 2850493983, e: 2850486613
#ERR  p: [89078201], r: 2850494023, e: 2850486615
#ERR  p: [89078202], r: 2850494106, e: 2850486622
#ERR  p: [89078203], r: 2850494112, e: 2850486668
#ERR  p: [89078204], r: 2850494116, e: 2850486676
#ERR  p: [89078205], r: 2850494124, e: 2850486741
#ERR  p: [89078206], r: 2850494170, e: 2850486779
#ERR  p: [89078207], r: 2850494259, e: 2850486787
#ERR  p: [89078208], r: 2850494300, e: 2850486841
#ERR  p: [89078209], r: 2850494408, e: 2850486935
#ERR  p: [89078210], r: 2850494427, e: 2850486937
#ERR  p: [89078211], r: 2850494509, e: 2850486954
#ERR  p: [89078212], r: 2850494530, e: 2850486984
#ERR  p: [89078213], r: 2850494612, e: 2850486987
#ERR  p: [89078214], r: 2850494897, e: 2850486996
#ERR  p: [89078215], r: 2850494951, e: 2850487014
#ERR  p: [89078216], r: 2850494976, e: 2850487038
#ERR  p: [89078217], r: 2850494981, e: 2850487051
#ERR  p: [89078218], r: 2850495029, e: 2850487086
#ERR  p: [89078219], r: 2850495067, e: 2850487158
#ERR  p: [89078220], r: 2850495172, e: 2850487173
#ERR  p: [89078221], r: 2850495271, e: 2850487222
#ERR  p: [89078222], r: 2850495402, e: 2850487236
#ERR  p: [89078223], r: 2850495433, e: 2850487244
#ERR  p: [89078224], r: 2850495451, e: 2850487266
#ERR  p: [89078225], r: 2850495474, e: 2850487279
#ERR  p: [89078226], r: 2850495484, e: 2850487313
#ERR  p: [89078227], r: 2850495679, e: 2850487341
#ERR  p: [89078228], r: 2850495694, e: 2850487414
#ERR  p: [89078229], r: 2850495727, e: 2850487415
#ERR  p: [89078230], r: 2850495735, e: 2850487473
#ERR  p: [89078231], r: 2850495740, e: 2850487505
#ERR  p: [89078232], r: 2850495818, e: 2850487513
#ERR  p: [89078233], r: 2850495869, e: 2850487609
#ERR  p: [89078234], r: 2850495874, e: 2850487650
#ERR  p: [89078235], r: 2850495933, e: 2850487657
#ERR  p: [89078236], r: 2850495949, e: 2850487675
#ERR  p: [89078237], r: 2850496004, e: 2850487706
#ERR  p: [89078238], r: 2850496051, e: 2850487799
#ERR  p: [89078239], r: 2850496176, e: 2850487802
#ERR  p: [89078240], r: 2850496281, e: 2850487938
#ERR  p: [89078241], r: 2850496342, e: 2850487973
#ERR  p: [89078242], r: 2850496464, e: 2850488008
#ERR  p: [89078243], r: 2850496501, e: 2850488010
#ERR  p: [89078244], r: 2850496502, e: 2850488029
#ERR  p: [89078245], r: 2850496639, e: 2850488147
#ERR  p: [89078246], r: 2850496774, e: 2850488167
#ERR  p: [89078247], r: 2850496907, e: 2850488196
#ERR  p: [89078248], r: 2850497017, e: 2850488234
#ERR  p: [89078249], r: 2850497116, e: 2850488237
#ERR  p: [89078250], r: 2850497244, e: 2850488246
#ERR  p: [89078251], r: 2850497345, e: 2850488296
#ERR  p: [89078252], r: 2850497524, e: 2850488350
#ERR  p: [89078253], r: 2850497565, e: 2850488372
#ERR  p: [89078254], r: 2850497628, e: 2850488410
#ERR  p: [89078255], r: 2850497667, e: 2850488422
#ERR  p: [89078256], r: 2850497736, e: 2850488477
#ERR  p: [89078257], r: 2850497790, e: 2850488539
#ERR  p: [89078258], r: 2850497854, e: 2850488588
#ERR  p: [89078259], r: 2850497869, e: 2850488727
#ERR  p: [89078260], r: 2850497877, e: 2850488816
#ERR  p: [89078261], r: 2850497910, e: 2850488825
#ERR  p: [89078262], r: 2850498094, e: 2850488865
#ERR  p: [89078263], r: 2850498243, e: 2850488947
#ERR  p: [89078264], r: 2850498288, e: 2850489005
#ERR  p: [89078265], r: 2850498316, e: 2850489039
#ERR  p: [89078266], r: 2850498346, e: 2850489051
#ERR  p: [89078267], r: 2850498422, e: 2850489129
#ERR  p: [89078268], r: 2850498467, e: 2850489129
#ERR  p: [89078269], r: 2850498484, e: 2850489144
#ERR  p: [89078270], r: 2850498505, e: 2850489184
#ERR  p: [89078271], r: 2850498567, e: 2850489203
#ERR  p: [89078272], r: 2850498593, e: 2850489204
#ERR  p: [89078273], r: 2850498769, e: 2850489231
#ERR  p: [89078274], r: 2850498875, e: 2850489257
#ERR  p: [89078275], r: 2850499116, e: 2850489334
#ERR  p: [89078276], r: 2850499191, e: 2850489387
#ERR  p: [89078277], r: 2850499437, e: 2850489396
#ERR  p: [89078278], r: 2850499517, e: 2850489399
#ERR  p: [89078279], r: 2850499548, e: 2850489400
#ERR  p: [89078280], r: 2850499554, e: 2850489459
#ERR  p: [89078281], r: 2850499591, e: 2850489575
#ERR  p: [89078282], r: 2850499667, e: 2850489631
#ERR  p: [89078283], r: 2850499693, e: 2850489680
#ERR  p: [89078284], r: 2850499722, e: 2850489687
#ERR  p: [89078285], r: 2850499776, e: 2850489744
#ERR  p: [89078286], r: 2850499782, e: 2850489749
#ERR  p: [89078287], r: 2850499821, e: 2850489790
#ERR  p: [89078288], r: 2850499895, e: 2850489802
#ERR  p: [89078289], r: 2850500011, e: 2850489846
#ERR  p: [89078290], r: 2850500085, e: 2850489863
#ERR  p: [89078291], r: 2850500139, e: 2850489871
#ERR  p: [89078292], r: 2850500224, e: 2850489928
#ERR  p: [89078293], r: 2850500351, e: 2850489954
#ERR  p: [89078294], r: 2850500393, e: 2850489993
#ERR  p: [89078295], r: 2850500489, e: 2850490069
#ERR  p: [89078296], r: 2850500491, e: 2850490081
#ERR  p: [89078297], r: 2850500830, e: 2850490152
#ERR  p: [89078298], r: 2850500880, e: 2850490257
#ERR  p: [89078299], r: 2850500897, e: 2850490285
#ERR  p: [89078300], r: 2850500987, e: 2850490291
#ERR  p: [89078301], r: 2850501032, e: 2850490313
#ERR  p: [89078302], r: 2850501049, e: 2850490384
#ERR  p: [89078303], r: 2850501068, e: 2850490397
#ERR  p: [89078304], r: 2850501072, e: 2850490518
#ERR  p: [89078305], r: 2850501158, e: 2850490560
#ERR  p: [89078306], r: 2850501224, e: 2850490606
#ERR  p: [89078307], r: 2850501225, e: 2850490687
#ERR  p: [89078308], r: 2850501287, e: 2850490705
#ERR  p: [89078309], r: 2850501306, e: 2850490707
#ERR  p: [89078310], r: 2850501323, e: 2850490707
#ERR  p: [89078311], r: 2850501348, e: 2850490765
#ERR  p: [89078312], r: 2850501370, e: 2850490802
#ERR  p: [89078313], r: 2850501402, e: 2850490814
#ERR  p: [89078314], r: 2850501449, e: 2850490856
#ERR  p: [89078315], r: 2850501574, e: 2850490898
#ERR  p: [89078316], r: 2850501662, e: 2850490906
#ERR  p: [89078317], r: 2850501683, e: 2850490918
#ERR  p: [89078318], r: 2850501700, e: 2850491024
#ERR  p: [89078319], r: 2850501810, e: 2850491100
#ERR  p: [89078320], r: 2850502065, e: 2850491116
#ERR  p: [89078321], r: 2850502082, e: 2850491139
#ERR  p: [89078322], r: 2850502230, e: 2850491151
#ERR  p: [89078323], r: 2850502432, e: 2850491212
#ERR  p: [89078324], r: 2850502562, e: 2850491250
#ERR  p: [89078325], r: 2850502570, e: 2850491284
#ERR  p: [89078326], r: 2850502655, e: 2850491305
#ERR  p: [89078327], r: 2850502748, e: 2850491329
#ERR  p: [89078328], r: 2850502759, e: 2850491333
#ERR  p: [89078329], r: 2850502763, e: 2850491397
#ERR  p: [89078330], r: 2850502915, e: 2850491440
#ERR  p: [89078331], r: 2850502964, e: 2850491516
#ERR  p: [89078332], r: 2850503267, e: 2850491519
#ERR  p: [89078333], r: 2850503316, e: 2850491529
#ERR  p: [89078334], r: 2850503442, e: 2850491534
#ERR  p: [89078335], r: 2850503780, e: 2850491588
#ERR  p: [89078336], r: 2850503799, e: 2850491593
#ERR  p: [89078337], r: 2850503821, e: 2850491598
#ERR  p: [89078338], r: 2850503835, e: 2850491599
#ERR  p: [89078339], r: 2850503847, e: 2850491630
#ERR  p: [89078340], r: 2850503880, e: 2850491665
#ERR  p: [89078341], r: 2850504164, e: 2850491677
#ERR  p: [89078342], r: 2850504381, e: 2850491685
#ERR  p: [89078343], r: 2850504514, e: 2850491699
#ERR  p: [89078344], r: 2850504810, e: 2850491721
#ERR  p: [89078345], r: 2850504940, e: 2850491804
#ERR  p: [89078346], r: 2850505043, e: 2850491825
#ERR  p: [89078347], r: 2850505045, e: 2850491826
#ERR  p: [89078348], r: 2850505055, e: 2850491838
#ERR  p: [89078349], r: 2850505178, e: 2850491863
#ERR  p: [89078350], r: 2850505438, e: 2850491883
#ERR  p: [89078351], r: 2850505465, e: 2850491913
#ERR  p: [89078352], r: 2850505580, e: 2850491961
#ERR  p: [89078353], r: 2850505845, e: 2850491964
#ERR  p: [89078354], r: 2850505857, e: 2850491983
#ERR  p: [89078355], r: 2850505867, e: 2850492045
#ERR  p: [89078356], r: 2850505990, e: 2850492072
#ERR  p: [89078357], r: 2850506069, e: 2850492139
#ERR  p: [89078358], r: 2850506142, e: 2850492197
#ERR  p: [89078359], r: 2850506175, e: 2850492335
#ERR  p: [89078360], r: 2850506223, e: 2850492379
#ERR  p: [89078361], r: 2850506272, e: 2850492396
#ERR  p: [89078362], r: 2850506281, e: 2850492425
#ERR  p: [89078363], r: 2850506517, e: 2850492426
#ERR  p: [89078364], r: 2850506612, e: 2850492464
#ERR  p: [89078365], r: 2850506628, e: 2850492506
#ERR  p: [89078366], r: 2850506785, e: 2850492565
#ERR  p: [89078367], r: 2850506882, e: 2850492585
#ERR  p: [89078368], r: 2850506898, e: 2850492605
#ERR  p: [89078369], r: 2850506954, e: 2850492622
#ERR  p: [89078370], r: 2850507209, e: 2850492632
#ERR  p: [89078371], r: 2850507231, e: 2850492634
#ERR  p: [89078372], r: 2850507369, e: 2850492647
#ERR  p: [89078373], r: 2850507392, e: 2850492658
#ERR  p: [89078374], r: 2850507396, e: 2850492662
#ERR  p: [89078375], r: 2850507468, e: 2850492698
#ERR  p: [89078376], r: 2850507541, e: 2850492739
#ERR  p: [89078377], r: 2850507567, e: 2850492761
#ERR  p: [89078378], r: 2850507603, e: 2850492783
#ERR  p: [89078379], r: 2850507644, e: 2850492803
#ERR  p: [89078380], r: 2850507784, e: 2850492834
#ERR  p: [89078381], r: 2850507787, e: 2850492849
#ERR  p: [89078382], r: 2850507922, e: 2850492870
#ERR  p: [89078383], r: 2850507986, e: 2850492873
#ERR  p: [89078384], r: 2850508025, e: 2850492877
#ERR  p: [89078385], r: 2850508035, e: 2850492902
#ERR  p: [89078386], r: 2850508347, e: 2850492916
#ERR  p: [89078387], r: 2850508353, e: 2850492931
#ERR  p: [89078388], r: 2850508394, e: 2850492931
#ERR  p: [89078389], r: 2850508407, e: 2850492936
#ERR  p: [89078390], r: 2850508463, e: 2850492948
#ERR  p: [89078391], r: 2850508523, e: 2850493027
#ERR  p: [89078392], r: 2850508536, e: 2850493059
#ERR  p: [89078393], r: 2850508560, e: 2850493060
#ERR  p: [89078394], r: 2850508722, e: 2850493111
#ERR  p: [89078395], r: 2850508753, e: 2850493158
#ERR  p: [89078396], r: 2850508857, e: 2850493219
#ERR  p: [89078397], r: 2850508886, e: 2850493228
#ERR  p: [89078398], r: 2850508904, e: 2850493239
#ERR  p: [89078399], r: 2850508944, e: 2850493447
#ERR  p: [89078400], r: 2850509285, e: 2850493536
#ERR  p: [89078401], r: 2850509437, e: 2850493658
#ERR  p: [89078402], r: 2850509474, e: 2850493695
#ERR  p: [89078403], r: 2850509514, e: 2850493826
#ERR  p: [89078404], r: 2850509680, e: 2850493872
#ERR  p: [89078405], r: 2850509771, e: 2850493879
#ERR  p: [89078406], r: 2850509786, e: 2850493983
#ERR  p: [89078407], r: 2850509984, e: 2850494012
#ERR  p: [89078408], r: 2850510048, e: 2850494023
#ERR  p: [89078409], r: 2850510061, e: 2850494029
#ERR  p: [89078410], r: 2850510112, e: 2850494052
#ERR  p: [89078411], r: 2850510157, e: 2850494089
#ERR  p: [89078412], r: 2850510158, e: 2850494106
#ERR  p: [89078413], r: 2850510162, e: 2850494112
#ERR  p: [89078414], r: 2850510215, e: 2850494116
#ERR  p: [89078415], r: 2850510405, e: 2850494121
#ERR  p: [89078416], r: 2850510512, e: 2850494124
#ERR  p: [89078417], r: 2850510573, e: 2850494170
#ERR  p: [89078418], r: 2850510585, e: 2850494230
#ERR  p: [89078419], r: 2850510635, e: 2850494259
#ERR  p: [89078420], r: 2850510657, e: 2850494300
#ERR  p: [89078421], r: 2850510977, e: 2850494354
#ERR  p: [89078422], r: 2850510978, e: 2850494408
#ERR  p: [89078423], r: 2850511011, e: 2850494427
#ERR  p: [89078424], r: 2850511026, e: 2850494447
#ERR  p: [89078425], r: 2850511094, e: 2850494447
#ERR  p: [89078426], r: 2850511358, e: 2850494509
#ERR  p: [89078427], r: 2850511395, e: 2850494530
#ERR  p: [89078428], r: 2850511415, e: 2850494612
#ERR  p: [89078429], r: 2850511569, e: 2850494661
#ERR  p: [89078430], r: 2850511605, e: 2850494685
#ERR  p: [89078431], r: 2850511716, e: 2850494768
#ERR  p: [89078432], r: 2850511781, e: 2850494804
#ERR  p: [89078433], r: 2850511803, e: 2850494897
#ERR  p: [89078434], r: 2850511930, e: 2850494924
#ERR  p: [89078435], r: 2850511931, e: 2850494951
#ERR  p: [89078436], r: 2850511941, e: 2850494974
#ERR  p: [89078437], r: 2850512009, e: 2850494976
#ERR  p: [89078438], r: 2850512023, e: 2850494981
#ERR  p: [89078439], r: 2850512221, e: 2850495004
#ERR  p: [89078440], r: 2850512263, e: 2850495029
#ERR  p: [89078441], r: 2850512470, e: 2850495067
#ERR  p: [89078442], r: 2850512490, e: 2850495068
#ERR  p: [89078443], r: 2850512505, e: 2850495074
#ERR  p: [89078444], r: 2850512539, e: 2850495160
#ERR  p: [89078445], r: 2850512577, e: 2850495172
#ERR  p: [89078446], r: 2850512734, e: 2850495266
#ERR  p: [89078447], r: 2850512973, e: 2850495271
#ERR  p: [89078448], r: 2850513115, e: 2850495271
#ERR  p: [89078449], r: 2850513124, e: 2850495317
#ERR  p: [89078450], r: 2850513349, e: 2850495335
#ERR  p: [89078451], r: 2850513436, e: 2850495400
#ERR  p: [89078452], r: 2850513474, e: 2850495402
#ERR  p: [89078453], r: 2850513516, e: 2850495423
#ERR  p: [89078454], r: 2850513600, e: 2850495433
#ERR  p: [89078455], r: 2850513915, e: 2850495451
#ERR  p: [89078456], r: 2850514060, e: 2850495474
#ERR  p: [89078457], r: 2850514120, e: 2850495484
#ERR  p: [89078458], r: 2850514123, e: 2850495521
#ERR  p: [89078459], r: 2850514213, e: 2850495564
#ERR  p: [89078460], r: 2850514332, e: 2850495599
#ERR  p: [89078461], r: 2850514336, e: 2850495633
#ERR  p: [89078462], r: 2850514377, e: 2850495665
#ERR  p: [89078463], r: 2850514404, e: 2850495679
#ERR  p: [89078464], r: 2850514412, e: 2850495694
#ERR  p: [89078465], r: 2850514616, e: 2850495727
#ERR  p: [89078466], r: 2850514692, e: 2850495735
#ERR  p: [89078467], r: 2850514804, e: 2850495740
#ERR  p: [89078468], r: 2850514921, e: 2850495818
#ERR  p: [89078469], r: 2850514970, e: 2850495864
#ERR  p: [89078470], r: 2850514992, e: 2850495869
#ERR  p: [89078471], r: 2850515108, e: 2850495874
#ERR  p: [89078472], r: 2850515116, e: 2850495879
#ERR  p: [89078473], r: 2850515154, e: 2850495895
#ERR  p: [89078474], r: 2850515734, e: 2850495933
#ERR  p: [89078475], r: 2850515813, e: 2850495949
#ERR  p: [89078476], r: 2850515822, e: 2850495963
#ERR  p: [89078477], r: 2850515865, e: 2850495988
#ERR  p: [89078478], r: 2850516106, e: 2850496004
#ERR  p: [89078479], r: 2850516219, e: 2850496051
#ERR  p: [89078480], r: 2850516298, e: 2850496064
#ERR  p: [89078481], r: 2850516391, e: 2850496115
#ERR  p: [89078482], r: 2850516427, e: 2850496176
#ERR  p: [89078483], r: 2850516468, e: 2850496219
#ERR  p: [89078484], r: 2850516479, e: 2850496230
#ERR  p: [89078485], r: 2850516492, e: 2850496240
#ERR  p: [89078486], r: 2850516583, e: 2850496281
#ERR  p: [89078487], r: 2850516591, e: 2850496288
#ERR  p: [89078488], r: 2850516662, e: 2850496290
#ERR  p: [89078489], r: 2850516710, e: 2850496342
#ERR  p: [89078490], r: 2850516722, e: 2850496378
#ERR  p: [89078491], r: 2850516813, e: 2850496464
#ERR  p: [89078492], r: 2850516940, e: 2850496501
#ERR  p: [89078493], r: 2850516968, e: 2850496502
#ERR  p: [89078494], r: 2850517215, e: 2850496584
#ERR  p: [89078495], r: 2850517249, e: 2850496639
#ERR  p: [89078496], r: 2850517379, e: 2850496662
#ERR  p: [89078497], r: 2850517416, e: 2850496714
#ERR  p: [89078498], r: 2850517467, e: 2850496736
#ERR  p: [89078499], r: 2850517575, e: 2850496768
#ERR  p: [89078500], r: 2850517605, e: 2850496774
#ERR  p: [89078501], r: 2850517705, e: 2850496854
#ERR  p: [89078502], r: 2850517757, e: 2850496907
#ERR  p: [89078503], r: 2850517798, e: 2850496912
#ERR  p: [89078504], r: 2850517908, e: 2850497017
#ERR  p: [89078505], r: 2850517960, e: 2850497099
#ERR  p: [89078506], r: 2850517984, e: 2850497116
#ERR  p: [89078507], r: 2850518009, e: 2850497158
#ERR  p: [89078508], r: 2850518046, e: 2850497189
#ERR  p: [89078509], r: 2850518058, e: 2850497198
#ERR  p: [89078510], r: 2850518115, e: 2850497233
#ERR  p: [89078511], r: 2850518146, e: 2850497244
#ERR  p: [89078512], r: 2850518208, e: 2850497245
#ERR  p: [89078513], r: 2850518270, e: 2850497324
#ERR  p: [89078514], r: 2850518340, e: 2850497325
#ERR  p: [89078515], r: 2850518405, e: 2850497345
#ERR  p: [89078516], r: 2850518416, e: 2850497524
#ERR  p: [89078517], r: 2850518436, e: 2850497527
#ERR  p: [89078518], r: 2850518616, e: 2850497544
#ERR  p: [89078519], r: 2850518702, e: 2850497565
#ERR  p: [89078520], r: 2850518723, e: 2850497580
#ERR  p: [89078521], r: 2850519219, e: 2850497624
#ERR  p: [89078522], r: 2850519258, e: 2850497628
#ERR  p: [89078523], r: 2850519464, e: 2850497667
#ERR  p: [89078524], r: 2850519470, e: 2850497679
#ERR  p: [89078525], r: 2850519520, e: 2850497736
#ERR  p: [89078526], r: 2850519525, e: 2850497790
#ERR  p: [89078527], r: 2850519564, e: 2850497819
#ERR  p: [89078528], r: 2850519574, e: 2850497830
#ERR  p: [89078529], r: 2850519601, e: 2850497832
#ERR  p: [89078530], r: 2850519667, e: 2850497854
#ERR  p: [89078531], r: 2850519736, e: 2850497869
#ERR  p: [89078532], r: 2850519895, e: 2850497872
#ERR  p: [89078533], r: 2850519985, e: 2850497877
#ERR  p: [89078534], r: 2850520066, e: 2850497899
#ERR  p: [89078535], r: 2850520117, e: 2850497904
#ERR  p: [89078536], r: 2850520202, e: 2850497910
#ERR  p: [89078537], r: 2850520286, e: 2850497960
#ERR  p: [89078538], r: 2850520414, e: 2850497989
#ERR  p: [89078539], r: 2850520499, e: 2850498083
#ERR  p: [89078540], r: 2850520554, e: 2850498088
#ERR  p: [89078541], r: 2850520592, e: 2850498094
#ERR  p: [89078542], r: 2850520638, e: 2850498164
#ERR  p: [89078543], r: 2850520730, e: 2850498196
#ERR  p: [89078544], r: 2850520807, e: 2850498243
#ERR  p: [89078545], r: 2850520808, e: 2850498288
#ERR  p: [89078546], r: 2850520825, e: 2850498301
#ERR  p: [89078547], r: 2850520838, e: 2850498316
#ERR  p: [89078548], r: 2850520839, e: 2850498346
#ERR  p: [89078549], r: 2850520844, e: 2850498393
#ERR  p: [89078550], r: 2850521040, e: 2850498403
#ERR  p: [89078551], r: 2850521324, e: 2850498422
#ERR  p: [89078552], r: 2850521414, e: 2850498440
#ERR  p: [89078553], r: 2850521428, e: 2850498467
#ERR  p: [89078554], r: 2850521539, e: 2850498484
#ERR  p: [89078555], r: 2850521692, e: 2850498505
#ERR  p: [89078556], r: 2850521756, e: 2850498521
#ERR  p: [89078557], r: 2850521920, e: 2850498531
#ERR  p: [89078558], r: 2850521992, e: 2850498532
#ERR  p: [89078559], r: 2850522219, e: 2850498567
#ERR  p: [89078560], r: 2850522255, e: 2850498593
#ERR  p: [89078561], r: 2850522293, e: 2850498657
#SDC Ite:0 KerTime:46.819728 AccTime:46.819728 KerErr:63173 AccErr:63173
#ABORT too many errors per iteration
#END