#HEADER box:15 spaceElem:337500 cores:228
#BEGIN Y:2016 M:12 D:12 Time:21:13:56
#IT Ite:0 KerTime:1.445888 AccTime:1.445888
#IT Ite:5 KerTime:1.177817 AccTime:7.333432
#IT Ite:10 KerTime:1.177058 AccTime:13.219753
#IT Ite:15 KerTime:1.177114 AccTime:19.106502
#IT Ite:20 KerTime:1.176495 AccTime:24.990714
#IT Ite:25 KerTime:1.177365 AccTime:30.878451
#IT Ite:30 KerTime:1.177207 AccTime:36.765201
#IT Ite:35 KerTime:1.177621 AccTime:42.652074
#IT Ite:40 KerTime:1.177180 AccTime:48.537657
#IT Ite:45 KerTime:1.177217 AccTime:54.423585
#IT Ite:50 KerTime:1.177996 AccTime:60.311586
#IT Ite:55 KerTime:1.177186 AccTime:66.198204
#IT Ite:60 KerTime:1.175934 AccTime:72.082824
#IT Ite:65 KerTime:1.177825 AccTime:77.968700
#IT Ite:70 KerTime:1.177493 AccTime:83.855647
#IT Ite:75 KerTime:1.177503 AccTime:89.743350
#IT Ite:80 KerTime:1.177713 AccTime:95.631374
#IT Ite:85 KerTime:1.177007 AccTime:101.515870
#IT Ite:90 KerTime:1.177205 AccTime:107.402319
#IT Ite:95 KerTime:1.177548 AccTime:113.289021
#IT Ite:100 KerTime:1.177197 AccTime:119.176249
#IT Ite:105 KerTime:1.177102 AccTime:125.061093
#ERR p: [261600], ea: 4, v_r: 1.2635672029975028e+03, v_e: 1.7837278945348346e+03, x_r: 5.3156381725183041e+02, x_e: 7.3819083233815377e+02, y_r: -9.0086132800886878e+02, y_e: -1.2803163906270079e+03, z_r: 1.0384811300835065e+03, z_e: 1.4783385138435979e+03

#ERR p: [261601], ea: 4, v_r: 1.1157876401849760e+03, v_e: 1.5766807539127690e+03, x_r: -3.8851729039155498e+02, x_e: -5.5637118764820241e+02, y_r: 9.1476800187713889e+02, y_e: 1.2826612421048219e+03, z_r: 2.7791768442804141e+02, z_e: 4.0106973129702021e+02

#ERR p: [261602], ea: 4, v_r: 7.9206914631359837e+02, v_e: 1.1181162867075309e+03, x_r: 2.9531363142550653e+01, x_e: 3.3742116238009785e+01, y_r: -5.6484611816127767e+02, y_e: -8.0323845317609164e+02, z_r: 3.4721338444585632e+02, z_e: 4.9733402425207709e+02

#ERR p: [261603], ea: 4, v_r: 1.2263190166223383e+03, v_e: 1.7325168179848256e+03, x_r: 7.5161539206941984e+02, x_e: 1.0499370318352815e+03, y_r: -6.4086542172687120e+02, y_e: -9.1280950211099946e+02, z_r: 3.0198875746297909e+02, z_e: 4.3802182959422549e+02

#ERR p: [261604], ea: 4, v_r: 1.0924625233848878e+03, v_e: 1.5435141903031288e+03, x_r: -3.8054832263130771e+02, x_e: -5.4469911358279705e+02, y_r: 8.9594287868136587e+02, y_e: 1.2559530849688581e+03, z_r: 4.8179994379554091e+02, z_e: 6.8907585776028850e+02

#ERR p: [261605], ea: 4, v_r: 9.2709747371003346e+02, v_e: 1.3102570179710863e+03, x_r: -4.9923814991287412e+02, x_e: -7.1382013539790262e+02, y_r: 2.2581071063249109e+02, y_e: 3.1142342735491235e+02, z_r: -8.3719046861266872e+02, z_e: -1.1769879509107532e+03

#ERR p: [261606], ea: 4, v_r: 1.1748139657106237e+03, v_e: 1.6613657341015121e+03, x_r: 4.9342217314049168e+02, x_e: 6.8887240952416482e+02, y_r: 7.3586887511593454e+02, y_e: 1.0328123394945578e+03, z_r: -3.8474687356153686e+02, z_e: -5.3495685595895418e+02

#ERR p: [261607], ea: 4, v_r: 9.7254850549762068e+02, v_e: 1.3729384994495458e+03, x_r: -7.1003146157491199e+02, x_e: -1.0117388872419352e+03, y_r: -3.2085935862993455e+02, y_e: -4.6170479634617175e+02, z_r: -1.3240067105349308e+02, z_e: -1.7947567477436613e+02

#ERR p: [261608], ea: 4, v_r: 1.1545333759583909e+03, v_e: 1.6309301384554694e+03, x_r: 4.2589022368806525e+01, x_e: 4.9745628482399873e+01, y_r: -1.6052666357689819e+02, y_e: -2.3533920568513940e+02, z_r: 6.4029068786537152e+01, z_e: 1.0005345405897860e+02

#ERR p: [261609], ea: 4, v_r: 8.6251612997978407e+02, v_e: 1.2176944033664558e+03, x_r: 3.1606929501699540e+01, x_e: 3.6891548990144393e+01, y_r: -2.8438028146657501e+02, y_e: -4.0816600531606338e+02, z_r: 5.4416904545102273e+02, z_e: 7.7599505073774662e+02

#ERR p: [261610], ea: 4, v_r: 1.1647199356976812e+03, v_e: 1.6466654171581315e+03, x_r: 2.6594423814933009e+02, x_e: 3.6665494764587783e+02, y_r: 5.0662044657210214e+02, y_e: 7.0809572751478663e+02, z_r: -3.8159313552226962e+02, z_e: -5.3048387568836404e+02

#ERR p: [261611], ea: 4, v_r: 7.6954232936964490e+02, v_e: 1.0868208763468551e+03, x_r: -4.1369202378140204e+02, x_e: -5.9237328802588479e+02, y_r: -4.0215259454280010e+02, y_e: -5.7415263941145577e+02, z_r: -5.4807187158161992e+02, z_e: -7.6835456539902498e+02

#ERR p: [261612], ea: 4, v_r: 9.6116982110554466e+02, v_e: 1.3571005786372325e+03, x_r: -7.0359528063670689e+02, x_e: -9.9974088975181371e+02, y_r: 6.0506492543958973e+02, y_e: 8.4453809700403269e+02, z_r: 7.9293402320922826e+02, z_e: 1.1270073199470824e+03

#ERR p: [261613], ea: 4, v_r: 9.4964885255060437e+02, v_e: 1.3432711268821322e+03, x_r: 3.4495492834567280e+01, x_e: 4.1583001254034869e+01, y_r: 7.7659254323037362e+02, y_e: 1.0915738421641445e+03, z_r: -8.5718473831751544e+02, z_e: -1.2060433121862775e+03

#ERR p: [261614], ea: 4, v_r: 1.1513241603779927e+03, v_e: 1.6267371776384950e+03, x_r: 9.2617128028017987e+02, x_e: 1.2981317621931287e+03, y_r: -3.8103324108414654e+02, y_e: -5.4507791654500386e+02, z_r: 5.0462138384072989e+02, z_e: 7.2393634392713034e+02

#ERR p: [261615], ea: 4, v_r: 1.0625875692894756e+03, v_e: 1.5018696968353752e+03, x_r: 4.4803004796967787e+02, x_e: 6.2219996464785015e+02, y_r: -5.5633609675561127e+02, y_e: -7.9265865898074912e+02, z_r: -5.5368695152562168e+02, z_e: -7.7371979656615235e+02

#ERR p: [261616], ea: 4, v_r: 1.2195076630808969e+03, v_e: 1.7247502230876889e+03, x_r: 7.4578796566412700e+02, x_e: 1.0462639240730314e+03, y_r: 9.9763669271113758e+02, y_e: 1.4031151109630232e+03, z_r: -1.6520947451487498e+02, z_e: -2.2389649398409037e+02

#ERR p: [261617], ea: 4, v_r: 1.0148290287843911e+03, v_e: 1.4333504124158480e+03, x_r: -1.5727195450698184e+02, x_e: -2.3129350556688064e+02, y_r: -1.4085360992528504e+02, y_e: -2.0693463480279451e+02, z_r: 5.6436430818998083e+01, z_e: 8.7986037853721854e+01

#ERR p: [261618], ea: 4, v_r: 9.6665867771498881e+02, v_e: 1.3641937049671624e+03, x_r: -7.0524639969910538e+02, x_e: -1.0054858848388558e+03, y_r: -6.8928408487572779e+02, y_e: -9.8125945441297574e+02, z_r: -1.3215067992704041e+02, z_e: -1.7884414082828874e+02

#ERR p: [261619], ea: 4, v_r: 8.9354343014056246e+02, v_e: 1.2629032004569669e+03, x_r: -3.1020248439230767e+02, x_e: -4.4571759450898833e+02, y_r: 3.8910574823287459e+02, y_e: 5.4260309353950311e+02, z_r: -4.6384664813671054e+02, z_e: -6.4926354967630141e+02

#ERR p: [261620], ea: 4, v_r: 7.8147501771530153e+02, v_e: 1.1044978287238291e+03, x_r: 1.7964778042513683e+02, x_e: 2.4565764861983180e+02, y_r: -4.0918630894612943e+02, y_e: -5.8322329151606357e+02, z_r: -5.5701902445282406e+02, z_e: -7.8102067836635069e+02

#ERR p: [261621], ea: 4, v_r: 9.5998774254892169e+02, v_e: 1.3546746274658772e+03, x_r: -3.3253910056387184e+02, x_e: -4.7891813539604482e+02, y_r: -6.8413812071465634e+02, y_e: -9.7340036503176577e+02, z_r: 4.2114140934924262e+02, z_e: 6.0268777251539984e+02

#ERR p: [261622], ea: 4, v_r: 1.1722959776643902e+03, v_e: 1.6564575743863254e+03, x_r: 2.6743592445630605e+02, x_e: 3.6856303629441078e+02, y_r: 2.8627254472726150e+02, y_e: 3.9594790198123513e+02, z_r: 2.9048853836823548e+02, z_e: 4.2030425182883960e+02

#ERR p: [261623], ea: 4, v_r: 1.0803344175268874e+03, v_e: 1.5256909663227721e+03, x_r: 6.6244841208919320e+02, x_e: 9.2426154365284719e+02, y_r: -9.7810030066486843e+02, y_e: -1.3877944919680065e+03, z_r: 4.7266216891661293e+02, z_e: 6.7803211141926931e+02

#ERR p: [261624], ea: 4, v_r: 6.5819785495883889e+02, v_e: 9.2925700753127023e+02, x_r: -4.7992621561523163e+02, x_e: -6.8480890467455367e+02, y_r: -4.6989199939879040e+02, y_e: -6.6893104946959079e+02, z_r: -4.6886426102636460e+02, z_e: -6.5709784762658342e+02

#ERR p: [261625], ea: 4, v_r: 1.0927171642692733e+03, v_e: 1.5446463102118962e+03, x_r: 4.5888538020928684e+02, x_e: 6.4027922746198658e+02, y_r: 4.7564466385211387e+02, y_e: 6.6491768787147839e+02, z_r: 6.1212348602679214e+01, z_e: 9.5556973012318139e+01

#ERR p: [261626], ea: 4, v_r: 9.4666179212153884e+02, v_e: 1.3353473256575953e+03, x_r: -8.7250426564317490e+02, x_e: -1.2404665765195623e+03, y_r: -6.7423773909828583e+02, y_e: -9.6009620913915739e+02, z_r: 2.3405445683782634e+02, z_e: 3.3782775466710837e+02

#ERR p: [261627], ea: 4, v_r: 7.4350764947299979e+02, v_e: 1.0494946247055907e+03, x_r: -6.8474697513634771e+02, x_e: -9.7473139941313707e+02, y_r: -5.3060300112360824e+02, y_e: -7.5554806815548773e+02, z_r: -5.2953560688186212e+02, z_e: -7.4208421532152909e+02

#ERR p: [261628], ea: 4, v_r: 1.0098149144577250e+03, v_e: 1.4256213491125804e+03, x_r: 3.6599282219017816e+01, x_e: 4.3250009620082913e+01, y_r: -1.3919155129199606e+02, y_e: -2.0455952417233806e+02, z_r: 8.3124475391618500e+02, z_e: 1.1826107826427003e+03

#ERR p: [261629], ea: 4, v_r: 9.1494603645865254e+02, v_e: 1.2938729346862526e+03, x_r: 3.8427757482660962e+02, x_e: 5.3649437197370503e+02, y_r: 5.7309525617816234e+02, y_e: 8.0435505876416755e+02, z_r: -2.9964116641399960e+02, z_e: -4.1662481833025009e+02

#ERR p: [261630], ea: 4, v_r: 1.2792306859055432e+03, v_e: 1.8078059458492055e+03, x_r: 4.5247478142761402e+01, x_e: 5.5716176072294452e+01, y_r: 1.0484906554953589e+03, y_e: 1.4712881313248952e+03, z_r: 5.6379813076232995e+02, z_e: 8.0698189088496076e+02

#ERR p: [261631], ea: 4, v_r: 8.6749492815515828e+02, v_e: 1.2252301129660880e+03, x_r: -6.3399349051206684e+02, x_e: -9.0263727714633444e+02, y_r: 2.1242924457850896e+02, y_e: 2.9197263700010114e+02, z_r: -1.1738120619684264e+02, z_e: -1.5950791924558570e+02

#ERR p: [261632], ea: 4, v_r: 1.0376792410531295e+03, v_e: 1.4645469359500212e+03, x_r: -9.5756545985151797e+02, x_e: -1.3600831611784668e+03, y_r: 5.6400168850971546e+01, y_e: 6.9161469821227527e+01, z_r: 4.5692081173455176e+02, z_e: 6.5287378160010087e+02

#ERR p: [261633], ea: 4, v_r: 9.0615838927715436e+02, v_e: 1.2792917353756006e+03, x_r: -1.4085532797469295e+02, x_e: -2.0658142208343151e+02, y_r: -1.2496658122002067e+02, y_e: -1.8393416077155055e+02, z_r: 5.7212841565054589e+02, z_e: 8.1556635718133577e+02

#ERR p: [261634], ea: 4, v_r: 1.2900503250606823e+03, v_e: 1.8224825256036870e+03, x_r: 5.4093165507672177e+02, x_e: 7.5519664460831382e+02, y_r: 5.6305432063984517e+02, y_e: 7.8596408334406328e+02, z_r: 1.0626721931628583e+03, z_e: 1.5128006834121486e+03

#ERR p: [261635], ea: 4, v_r: 8.1606240526020440e+02, v_e: 1.1532861166703315e+03, x_r: 5.0044620576302009e+02, x_e: 6.9902953617851119e+02, y_r: -4.2697332081226557e+02, y_e: -6.0812539958395939e+02, z_r: -1.1221449414885882e+02, z_e: -1.5132285588092859e+02

#ERR p: [261636], ea: 4, v_r: 1.0176237932731711e+03, v_e: 1.4389163966484075e+03, x_r: 2.3290140585946460e+02, x_e: 3.2038531536105103e+02, y_r: 2.4707249950717173e+02, y_e: 3.4258521096980854e+02, z_r: -7.2420619171281817e+02, z_e: -1.0164063024249900e+03

#ERR p: [261637], ea: 4, v_r: 1.2421738427990038e+03, v_e: 1.7551640088098786e+03, x_r: 2.8288519278789232e+02, x_e: 3.9060378149691337e+02, y_r: 5.4171573233206152e+02, y_e: 7.5608591978480001e+02, z_r: 5.4656874838368219e+02, z_e: 7.8276596184722587e+02

#ERR p: [261638], ea: 4, v_r: 1.4138089712451597e+03, v_e: 1.9967987859533005e+03, x_r: 3.2185040969495708e+02, x_e: 4.4406980502772188e+02, y_r: 3.4650824403462070e+02, y_e: 4.7849907963687815e+02, z_r: 1.1644259674384430e+03, z_e: 1.6571652664023393e+03

#ERR p: [261639], ea: 4, v_r: 7.0568736646992295e+02, v_e: 9.9700322082059608e+02, x_r: -1.0887460602236307e+02, x_e: -1.6084213757899116e+02, y_r: -2.3374955353524777e+02, y_e: -3.3545409519100156e+02, z_r: -3.6719299776565390e+02, z_e: -5.1331044379482091e+02

#ERR p: [261640], ea: 4, v_r: 7.4844210945213638e+02, v_e: 1.0558663649752098e+03, x_r: -6.8940890212208421e+02, x_e: -9.8083612027746528e+02, y_r: -6.7686935378030626e+02, y_e: -9.6174800905905647e+02, z_r: -1.0242747697315122e+02, z_e: -1.3858178256536900e+02

#ERR p: [261641], ea: 4, v_r: 8.6938351537423546e+02, v_e: 1.2290200364679069e+03, x_r: 1.9941625384211983e+02, x_e: 2.7350267324878547e+02, y_r: -1.2208957203539548e+02, y_e: -1.7821242409134635e+02, z_r: -6.1918652778440969e+02, z_e: -8.6859942789556919e+02

#ERR p: [261642], ea: 4, v_r: 7.5742153765647004e+02, v_e: 1.0692455784801812e+03, x_r: -5.5297305827987577e+02, x_e: -7.8794303764781182e+02, y_r: -2.4988551975678186e+02, y_e: -3.5957605694222246e+02, z_r: -1.0311374629563983e+02, z_e: -1.3977579605654483e+02

#ERR p: [261643], ea: 4, v_r: 6.7229114017668303e+02, v_e: 9.4936021629973834e+02, x_r: 2.5561810021360586e+01, x_e: 2.8721323931763155e+01, y_r: -6.0882967669036395e+02, y_e: -8.6439584929970715e+02, z_r: -9.2521464108453429e+01, z_e: -1.2482097300150690e+02

#ERR p: [261644], ea: 4, v_r: 1.4263159713601515e+03, v_e: 2.0161135395086062e+03, x_r: 8.7194552922789035e+02, x_e: 1.2226840273799871e+03, y_r: 8.9466915070978575e+02, y_e: 1.2550386313736772e+03, z_r: 6.2755694970007676e+02, z_e: 8.9940919184800168e+02

#ERR p: [261645], ea: 4, v_r: 1.0917424835287970e+03, v_e: 1.5419599513665917e+03, x_r: 3.9233260903991166e+01, x_e: 4.7103280605975726e+01, y_r: 2.6750359450846099e+02, y_e: 3.6906376575617298e+02, z_r: 6.8977975541087608e+02, z_e: 9.8357877462516433e+02

#ERR p: [261646], ea: 4, v_r: 9.8702330233031807e+02, v_e: 1.3946502900698092e+03, x_r: -5.3213599942426265e+02, x_e: -7.5979572830954658e+02, y_r: 4.3032593992917379e+02, y_e: 5.9935871601539327e+02, z_r: -3.2283660607025121e+02, z_e: -4.4916334238998058e+02

#ERR p: [261647], ea: 4, v_r: 7.8501106733685242e+02, v_e: 1.1090380412594534e+03, x_r: -4.2302398386756255e+02, x_e: -6.0426833847367095e+02, y_r: 1.9181963301828890e+02, y_e: 2.6416458284512328e+02, z_r: -2.5697119383926622e+02, z_e: -3.5737045333669937e+02

#ERR p: [261648], ea: 4, v_r: 1.0808932812065987e+03, v_e: 1.5292168041040061e+03, x_r: 6.6217792710714207e+02, x_e: 9.2761513571533249e+02, y_r: 4.6873366600387374e+02, y_e: 6.5693466238666122e+02, z_r: -9.7663888776768101e+02, z_e: -1.3736227592209407e+03

#ERR p: [261649], ea: 4, v_r: 7.6990651138350233e+02, v_e: 1.0876289892048806e+03, x_r: -4.1398539983286895e+02, x_e: -5.9271574628073915e+02, y_r: -2.5504725197894118e+02, y_e: -3.6647364484671431e+02, z_r: -6.9584674531397695e+02, z_e: -9.7756242949202385e+02

#ERR p: [261650], ea: 4, v_r: 1.0918465369768496e+03, v_e: 1.5425507419322334e+03, x_r: 2.4891104534559864e+02, x_e: 3.4316426555851052e+02, y_r: 2.6694680376778814e+02, y_e: 3.6902503714543599e+02, z_r: 4.8010359814922799e+02, z_e: 6.8764104854767731e+02

#ERR p: [261651], ea: 4, v_r: 1.1206929217259408e+03, v_e: 1.5828595587707207e+03, x_r: 9.0183672807853941e+02, x_e: 1.2627597899151215e+03, y_r: -7.9987073716302257e+02, y_e: -1.1362158457435473e+03, z_r: 7.0554967841040946e+02, z_e: 1.0076771698280938e+03

#ERR p: [261652], ea: 4, v_r: 9.0962730258285683e+02, v_e: 1.2865034683342808e+03, x_r: 7.3206378081778928e+02, x_e: 1.0271041413615028e+03, y_r: 4.6120894981314919e+01, y_e: 6.0354223563284947e+01, z_r: -4.7347406814075356e+02, z_e: -6.6210056196101277e+02

#ERR p: [261653], ea: 4, v_r: 6.9664021988932154e+02, v_e: 9.8412740637320394e+02, x_r: -3.7458948028935697e+02, x_e: -5.3631138549392119e+02, y_r: -2.3077629695779171e+02, y_e: -3.3159906658132832e+02, z_r: -6.2962817237862680e+02, z_e: -8.8453506467052466e+02

#ERR p: [261654], ea: 4, v_r: 7.9113749412007712e+02, v_e: 1.1167974946742804e+03, x_r: -7.2922785494885670e+02, x_e: -1.0371692014214154e+03, y_r: -2.6102824447887519e+02, y_e: -3.7584521752676324e+02, z_r: -2.5941211524664999e+02, z_e: -3.6040267811307302e+02

#ERR p: [261655], ea: 4, v_r: 8.4670305233768488e+02, v_e: 1.1970144403717838e+03, x_r: -6.1904813170914372e+02, x_e: -8.8155776927343368e+02, y_r: 6.9329653676447913e+02, y_e: 9.7245998153600533e+02, z_r: -7.6386426350318050e+02, z_e: -1.0746744107705749e+03

#ERR p: [261656], ea: 4, v_r: 8.2202621967666551e+02, v_e: 1.1613407531891105e+03, x_r: 5.0382286421306708e+02, x_e: 7.0379383951434795e+02, y_r: -4.2958493899460592e+02, y_e: -6.1187450747681419e+02, z_r: 2.0242911780482919e+02, z_e: 2.9361481297821598e+02

#ERR p: [261657], ea: 4, v_r: 1.2684238016049760e+03, v_e: 1.7915018724133472e+03, x_r: 4.5582545972149937e+01, x_e: 5.4726204352861721e+01, y_r: 3.1079483615283118e+02, y_e: 4.2879092080577163e+02, z_r: 8.0140973977709541e+02, z_e: 1.1427555007802400e+03

#ERR p: [261658], ea: 4, v_r: 1.1151687180817655e+03, v_e: 1.5748245218493112e+03, x_r: 4.0339499927508363e+01, x_e: 4.7976049678434030e+01, y_r: 5.9586420913619655e+01, y_e: 7.5306962029785183e+01, z_r: 7.0424838595734388e+02, z_e: 1.0042276266812224e+03

#ERR p: [261659], ea: 4, v_r: 1.0267830918439458e+03, v_e: 1.4523189971939028e+03, x_r: 6.2914207728226734e+02, x_e: 8.8084177851535276e+02, y_r: 2.4877636804414226e+02, y_e: 3.4595069342465632e+02, z_r: -7.3101748383778784e+02, z_e: -1.0259603294476819e+03

#ERR p: [261660], ea: 4, v_r: 1.2485567936843249e+03, v_e: 1.7634690025402476e+03, x_r: -4.3382208108784761e+02, x_e: -6.2268004582132914e+02, y_r: 3.0580783078633033e+02, y_e: 4.2112406734555702e+02, z_r: 3.0995048419680035e+02, z_e: 4.4762635771801735e+02

#ERR p: [261661], ea: 4, v_r: 1.0968246233887153e+03, v_e: 1.5517130175987377e+03, x_r: 8.8190685624398066e+02, x_e: 1.2391377364576795e+03, y_r: 6.8617467455405358e+02, y_e: 9.6455752586081144e+02, z_r: -5.6998767805950695e+02, z_e: -7.9768732095173266e+02

#ERR p: [261662], ea: 4, v_r: 1.2583036381147776e+03, v_e: 1.7777453942744919e+03, x_r: -1.9611802126511918e+02, x_e: -2.8652665358543749e+02, y_r: 5.4899915501822045e+02, y_e: 7.6519853884559222e+02, z_r: 3.1254143294140425e+02, z_e: 4.5153016200982523e+02

#ERR p: [261663], ea: 4, v_r: 1.0918465369768496e+03, v_e: 1.5425507419322334e+03, x_r: 2.4891104534559864e+02, x_e: 3.4316426555851052e+02, y_r: 2.6694680376778814e+02, y_e: 3.6902503714543599e+02, z_r: 4.8010359814922799e+02, z_e: 6.8764104854767731e+02

#ERR p: [261664], ea: 4, v_r: 1.0630311238283057e+03, v_e: 1.5017435494439844e+03, x_r: 6.5110301467424210e+02, x_e: 9.1012979379354567e+02, y_r: -3.5156685618827754e+02, y_e: -5.0332014293033012e+02, z_r: 4.6610955793918095e+02, z_e: 6.6838699107517107e+02

#ERR p: [261665], ea: 4, v_r: 7.5953548258145963e+02, v_e: 1.0734419272918281e+03, x_r: -5.5491474213663912e+02, x_e: -7.9066806328024006e+02, y_r: 3.3075835881102199e+02, y_e: 4.6072061110219551e+02, z_r: -6.8559660613675192e+02, z_e: -9.6406702595442596e+02

#ERR p: [261666], ea: 4, v_r: 6.7832366582064174e+02, v_e: 9.5824451433946308e+02, x_r: -1.0393753342754268e+02, x_e: -1.5468747640107989e+02, y_r: -6.1492222362449741e+02, y_e: -8.7331606007675464e+02, z_r: -6.1382166357285462e+02, z_e: -8.6187253963076478e+02

#ERR p: [261667], ea: 4, v_r: 1.1409276895270277e+03, v_e: 1.6124819975991984e+03, x_r: 6.9893239416856795e+02, x_e: 9.7752024112494223e+02, y_r: -1.5946130553947017e+02, y_e: -2.3231655361418780e+02, z_r: 6.2727649769034066e+01, z_e: 9.8723391619556764e+01

#ERR p: [261668], ea: 4, v_r: 1.0925778960796490e+03, v_e: 1.5410400691649866e+03, x_r: -1.0080131649878924e+03, x_e: -1.4314743656706003e+03, y_r: -3.5860347089547116e+02, y_e: -5.1689472981838423e+02, z_r: 8.9991710160203013e+02, z_e: 1.2783598506508292e+03

#ERR p: [261669], ea: 4, v_r: 8.9403976271176828e+02, v_e: 1.2622990511662188e+03, x_r: -4.8051499772293778e+02, x_e: -6.8814249685128061e+02, y_r: -6.3823985118077371e+02, y_e: -9.0836081404382116e+02, z_r: -4.6544834642306824e+02, z_e: -6.5028044263999459e+02

#ERR p: [261670], ea: 4, v_r: 9.7060247581884414e+02, v_e: 1.3729154931437106e+03, x_r: 5.9371181549844198e+02, x_e: 8.3286839920075295e+02, y_r: 7.9375055976545286e+02, y_e: 1.1166363342699374e+03, z_r: -3.1774373787692730e+02, z_e: -4.4185704258631080e+02

#ERR p: [261671], ea: 4, v_r: 8.3290769537666222e+02, v_e: 1.1768827336068580e+03, x_r: 3.5091963425258808e+02, x_e: 4.8745376530534253e+02, y_r: -4.3558626714294422e+02, y_e: -6.2065293743598238e+02, z_r: -1.1439272221011925e+02, z_e: -1.5436176482492269e+02

#ERR p: [261672], ea: 4, v_r: 7.6859275409151053e+02, v_e: 1.0857571659206119e+03, x_r: 2.8659294582661918e+01, x_e: 3.3081185577698648e+01, y_r: -2.5433682686077330e+02, y_e: -3.6482362836799797e+02, z_r: -1.0508629376991186e+02, z_e: -1.4209349432417667e+02

#ERR p: [261673], ea: 4, v_r: 8.0762149822058416e+02, v_e: 1.1405184416909644e+03, x_r: -5.9034384044003127e+02, x_e: -8.4025648469690498e+02, y_r: 1.9798724401199212e+02, y_e: 2.7198609761392311e+02, z_r: 4.5715370090233861e+01, z_e: 7.0537268687599507e+01

#ERR p: [261674], ea: 4, v_r: 9.0812640911802544e+02, v_e: 1.2842276975424245e+03, x_r: 2.0725452717038544e+02, x_e: 2.8606748198396241e+02, y_r: 5.6880619638158612e+02, y_e: 7.9804300281035944e+02, z_r: -4.7154012698025554e+02, z_e: -6.6008474966509743e+02

#ERR p: [261675], ea: 4, v_r: 9.5243197059388501e+02, v_e: 1.3450660661076436e+03, x_r: -5.1400584781367013e+02, x_e: -7.3290616872376461e+02, y_r: 4.1628234388547764e+02, y_e: 5.7900090840826999e+02, z_r: 4.1965045496670621e+02, z_e: 6.0002840805893754e+02

#ERR p: [261676], ea: 4, v_r: 1.0534235741660593e+03, v_e: 1.4877561145970703e+03, x_r: -7.7083037553445240e+02, x_e: -1.0959244478614000e+03, y_r: 6.6255428515316692e+02, y_e: 9.2531571114636017e+02, z_r: 4.6458790422270954e+02, z_e: 6.6398293495456392e+02

#ERR p: [261677], ea: 4, v_r: 1.2839866598763281e+03, v_e: 1.8164264863375101e+03, x_r: 1.0318909371022162e+03, x_e: 1.4505981119141588e+03, y_r: 1.0497180987039185e+03, y_e: 1.4774793401893221e+03, z_r: -4.2052245115658849e+02, z_e: -5.8464073562697911e+02

#ERR p: [261678], ea: 4, v_r: 1.2508888647751878e+03, v_e: 1.7664212964766768e+03, x_r: -1.1552474136267231e+03, x_e: -1.6400168252090023e+03, y_r: 7.8706215012756286e+02, y_e: 1.0984973580257624e+03, z_r: 5.5184486504581844e+02, z_e: 7.8838629126098579e+02

#ERR p: [261679], ea: 4, v_r: 1.0847831026582078e+03, v_e: 1.5300005536333613e+03, x_r: -7.9208403404449564e+02, x_e: -1.1279528076688187e+03, y_r: -7.7222355442910782e+02, y_e: -1.0993217953283211e+03, z_r: 6.8444040082705612e+02, z_e: 9.7466647213587828e+02

#ERR p: [261680], ea: 4, v_r: 7.9162510346101783e+02, v_e: 1.1181804575164876e+03, x_r: 1.8148270622123624e+02, x_e: 2.4850135106887726e+02, y_r: -4.1356587881415089e+02, y_e: -5.8954514293182660e+02, z_r: 4.3304630991867626e+01, z_e: 6.8097566823258290e+01

#ERR p: [261681], ea: 4, v_r: 9.6187033737666877e+02, v_e: 1.3588337558310523e+03, x_r: 5.8914237067327122e+02, x_e: 8.2351949269375302e+02, y_r: -3.1811084642042078e+02, y_e: -4.5542289857457041e+02, z_r: 4.2175336892757048e+02, z_e: 6.0478155925328110e+02

#ERR p: [261682], ea: 4, v_r: 8.5138372043801110e+02, v_e: 1.2033615878228500e+03, x_r: -6.2266445786956217e+02, x_e: -8.8625398231251279e+02, y_r: 6.9754631920494160e+02, y_e: 9.7799133789739756e+02, z_r: -4.4131522860980715e+02, z_e: -6.1821821663415517e+02

#ERR p: [261683], ea: 4, v_r: 8.2266253018319753e+02, v_e: 1.1628083924971154e+03, x_r: 3.4720239189198827e+02, x_e: 4.8171282251360304e+02, y_r: -5.8855958924760955e+02, y_e: -8.3662843131442207e+02, z_r: -5.8674238596718465e+02, z_e: -8.2253835772084778e+02

#ERR p: [261684], ea: 4, v_r: 7.4795119298728412e+02, v_e: 1.0567279679233829e+03, x_r: -6.9038452001673636e+02, x_e: -9.8104013596608252e+02, y_r: 4.6982439476321213e+02, y_e: 6.5644894246170077e+02, z_r: -2.4426007595406969e+02, z_e: -3.4012040083087766e+02

#ERR p: [261685], ea: 4, v_r: 1.1581798095586428e+03, v_e: 1.6379165151300640e+03, x_r: 4.8734814234735308e+02, x_e: 6.7903286419023516e+02, y_r: 2.8090438402242535e+02, y_e: 3.9006241890245229e+02, z_r: -8.2439813441304102e+02, z_e: -1.1570213661726132e+03

#ERR p: [261686], ea: 4, v_r: 9.1564117469523387e+02, v_e: 1.2934947974925155e+03, x_r: -1.4030099493489303e+02, x_e: -2.0880625244170190e+02, y_r: -8.3005817953374788e+02, y_e: -1.1788533754921830e+03, z_r: -8.2857257885477179e+02, z_e: -1.1634062386284866e+03

#ERR p: [261687], ea: 4, v_r: 9.3254377485395139e+02, v_e: 1.3175380750404822e+03, x_r: -3.2448087299138098e+02, x_e: -4.6502425824345858e+02, y_r: 5.8580858956749569e+02, y_e: 8.1941364973794941e+02, z_r: 2.3202144975851803e+02, z_e: 3.3491606439935339e+02

#ERR p: [261688], ea: 4, v_r: 1.2154088033889573e+03, v_e: 1.7148271421974816e+03, x_r: -6.5512116454924569e+02, x_e: -9.3506188809695550e+02, y_r: -3.9949956917600656e+02, y_e: -5.7489164490101825e+02, z_r: 1.0007084580863846e+03, z_e: 1.4223874422405811e+03

#ERR p: [261689], ea: 4, v_r: 1.3060120010150797e+03, v_e: 1.8448392330902441e+03, x_r: 2.9752492491895691e+02, x_e: 4.1034545232497948e+02, y_r: 3.1969596476991165e+02, y_e: 4.4171073049431152e+02, z_r: 8.2494854361933983e+02, z_e: 1.1767108355010728e+03

#ERR p: [261690], ea: 4, v_r: 7.3183637637739980e+02, v_e: 1.0338865762076912e+03, x_r: 1.6789467988458281e+02, x_e: 2.2981611971609883e+02, y_r: -3.8255132089038597e+02, y_e: -5.4531539790715544e+02, z_r: -1.0039260533408810e+02, z_e: -1.3555782525553144e+02

#ERR p: [261691], ea: 4, v_r: 1.0155903531855158e+03, v_e: 1.4352511866058692e+03, x_r: 3.7517206435760698e+01, x_e: 4.3979381860802654e+01, y_r: 5.2790975697602548e+01, y_e: 6.7233760243191711e+01, z_r: -3.3315159311528441e+02, z_e: -4.6286784636689873e+02

#ERR p: [261692], ea: 4, v_r: 1.1245762506077847e+03, v_e: 1.5881871001444154e+03, x_r: -3.9179084403785947e+02, x_e: -5.6066931279420021e+02, y_r: 7.0738695088767417e+02, y_e: 9.8861115843903315e+02, z_r: 9.2740715166232576e+02, z_e: 1.3188320391905988e+03

#ERR p: [261693], ea: 4, v_r: 9.0823170049339126e+02, v_e: 1.2829855631590747e+03, x_r: 2.0895295955477741e+02, x_e: 2.8506853357810212e+02, y_r: -8.2299576976944115e+02, y_e: -1.1683393750385846e+03, z_r: -2.9939936798213637e+02, z_e: -4.1508923859721830e+02

#ERR p: [261694], ea: 4, v_r: 1.0243466467497560e+03, v_e: 1.4477259951606031e+03, x_r: -3.5481704255824661e+02, x_e: -5.1105243263102318e+02, y_r: 5.2937155488454344e+01, y_e: 6.6856577609018018e+01, z_r: -9.2540161241518922e+02, z_e: -1.3007519626573946e+03

#ERR p: [261695], ea: 4, v_r: 9.8017830041291677e+02, v_e: 1.3840149938324964e+03, x_r: -3.4086387258685909e+02, x_e: -4.8878029521964453e+02, y_r: 2.4063672910829678e+02, y_e: 3.3103166210605900e+02, z_r: 6.1959728190974079e+02, z_e: 8.8292345554347730e+02

#ERR p: [261696], ea: 4, v_r: 1.2647978858794957e+03, v_e: 1.7880237070837827e+03, x_r: 1.0159876643128680e+03, x_e: 1.4275703476171304e+03, y_r: 7.9305907040724003e+02, y_e: 1.1131959319644759e+03, z_r: 5.5628728109818030e+02, z_e: 7.9759632923773995e+02

#ERR p: [261697], ea: 4, v_r: 9.1270348674838249e+02, v_e: 1.2892950093347119e+03, x_r: -1.4238840115874078e+02, x_e: -2.0783789443962795e+02, y_r: 3.9847217951191732e+02, y_e: 5.5519541648353311e+02, z_r: 4.0187820748875760e+02, z_e: 5.7507807708170947e+02

#ERR p: [261698], ea: 4, v_r: 1.3090372975305361e+03, v_e: 1.8497664214533872e+03, x_r: 1.0527403429485435e+03, x_e: 1.4762616750500622e+03, y_r: -1.8246196397592900e+02, y_e: -2.6557359135680412e+02, z_r: 5.7415742423074653e+02, z_e: 8.2359263470762835e+02

#ERR p: [261699], ea: 4, v_r: 9.1782075301392945e+02, v_e: 1.2975036495490040e+03, x_r: 7.3978090179826927e+02, x_e: 1.0354618037461548e+03, y_r: -8.3263641996237629e+02, y_e: -1.1815723483754387e+03, z_r: -4.7910723587594322e+02, z_e: -6.6911262713952306e+02

#SDC Ite:105 KerTime:1.177102 AccTime:125.061093 KerErr:200 AccErr:200
#IT Ite:110 KerTime:1.176982 AccTime:130.955231
#IT Ite:115 KerTime:1.177438 AccTime:136.840263
#IT Ite:120 KerTime:1.177189 AccTime:142.727219
#IT Ite:125 KerTime:1.177296 AccTime:148.615228
#IT Ite:130 KerTime:1.177647 AccTime:154.504097
#IT Ite:135 KerTime:1.177111 AccTime:160.388814
#IT Ite:140 KerTime:1.177248 AccTime:166.275604
#IT Ite:145 KerTime:1.177601 AccTime:172.163219
#IT Ite:150 KerTime:1.177008 AccTime:178.050379
#IT Ite:155 KerTime:1.175835 AccTime:183.935720
#IT Ite:160 KerTime:1.177205 AccTime:189.821076
#IT Ite:165 KerTime:1.177690 AccTime:195.708344
#IT Ite:170 KerTime:1.177024 AccTime:201.595278
#IT Ite:175 KerTime:1.177695 AccTime:207.482955
#IT Ite:180 KerTime:1.176584 AccTime:213.367268
#IT Ite:185 KerTime:1.177468 AccTime:219.254378
#IT Ite:190 KerTime:1.177422 AccTime:225.141833
#IT Ite:195 KerTime:1.177767 AccTime:231.030386
#IT Ite:200 KerTime:1.177087 AccTime:236.917469
#IT Ite:205 KerTime:1.177986 AccTime:242.804365
#IT Ite:210 KerTime:1.177483 AccTime:248.691279
#IT Ite:215 KerTime:1.177125 AccTime:254.578034
#IT Ite:220 KerTime:1.176526 AccTime:260.464138
#IT Ite:225 KerTime:1.176975 AccTime:266.349588
#IT Ite:230 KerTime:1.177237 AccTime:272.236889
#IT Ite:235 KerTime:1.177633 AccTime:278.123767
#IT Ite:240 KerTime:1.177090 AccTime:284.010967
#IT Ite:245 KerTime:1.175842 AccTime:289.895064
#IT Ite:250 KerTime:1.177346 AccTime:295.782811
#IT Ite:255 KerTime:1.177344 AccTime:301.669643
#IT Ite:260 KerTime:1.177348 AccTime:307.556652
#IT Ite:265 KerTime:1.344937 AccTime:313.990951
#IT Ite:270 KerTime:1.356163 AccTime:320.729125
#IT Ite:275 KerTime:1.351832 AccTime:327.489511
#IT Ite:280 KerTime:1.353396 AccTime:334.249961
#IT Ite:285 KerTime:1.352044 AccTime:341.009291
#IT Ite:290 KerTime:1.351013 AccTime:347.766858
#IT Ite:295 KerTime:1.352346 AccTime:354.525660
#IT Ite:300 KerTime:1.351737 AccTime:361.281269
#IT Ite:305 KerTime:1.351955 AccTime:368.034569
#IT Ite:310 KerTime:1.351922 AccTime:374.787817
#IT Ite:315 KerTime:1.352137 AccTime:381.543792
#IT Ite:320 KerTime:1.351985 AccTime:388.299059
#IT Ite:325 KerTime:1.353046 AccTime:395.055108
#IT Ite:330 KerTime:1.352847 AccTime:401.811543
#IT Ite:335 KerTime:1.351735 AccTime:408.564942
#IT Ite:340 KerTime:1.353260 AccTime:415.322627
#IT Ite:345 KerTime:1.350807 AccTime:422.074553
#IT Ite:350 KerTime:1.351594 AccTime:428.830781
