#HEADER size:67108864 omp_num_threads:228
#BEGIN Y:2016 M:12 D:15 Time:03:02:16
#IT Ite:0 KerTime:8.845706 AccTime:8.845706
#ERR  p: [47239080], r: 2609488643, e: 3023592839
#ERR  p: [47239081], r: 2609573551, e: 3023592851
#ERR  p: [47239082], r: 2609719953, e: 3023592883
#ERR  p: [47239083], r: 2609730093, e: 3023592908
#ERR  p: [47239084], r: 2609767012, e: 3023592915
#ERR  p: [47239085], r: 2609780841, e: 3023592956
#ERR  p: [47239086], r: 2609909570, e: 3023593054
#ERR  p: [47239087], r: 2609959293, e: 3023593079
#ERR  p: [47239088], r: 2609998544, e: 3023593125
#ERR  p: [47239089], r: 2610204255, e: 3023593193
#ERR  p: [47239090], r: 2610252380, e: 3023593200
#ERR  p: [47239091], r: 2610391071, e: 3023593284
#ERR  p: [47239092], r: 2610426593, e: 3023593313
#ERR  p: [47239093], r: 2610718784, e: 3023593371
#ERR  p: [47239094], r: 2610826123, e: 3023593436
#ERR  p: [47239095], r: 2610973880, e: 3023593636
#ERR  p: [47239096], r: 3023592839, e: 3023593694
#ERR  p: [47239097], r: 3023592851, e: 3023593846
#ERR  p: [47239098], r: 3023592883, e: 3023594092
#ERR  p: [47239099], r: 3023592908, e: 3023594128
#ERR  p: [47239100], r: 3023592915, e: 3023594140
#ERR  p: [47239101], r: 3023592956, e: 3023594216
#ERR  p: [47239102], r: 3023593054, e: 3023594228
#ERR  p: [47239103], r: 3023593079, e: 3023594319
#ERR  p: [47239104], r: 3023593125, e: 3023594335
#ERR  p: [47239105], r: 3023593193, e: 3023594386
#ERR  p: [47239106], r: 3023593200, e: 3023594472
#ERR  p: [47239107], r: 3023593284, e: 3023594476
#ERR  p: [47239108], r: 3023593313, e: 3023594509
#ERR  p: [47239109], r: 3023593371, e: 3023594521
#ERR  p: [47239110], r: 3023593436, e: 3023594618
#ERR  p: [47239111], r: 3023593636, e: 3023594651
#ERR  p: [47239112], r: 3023593694, e: 3023594760
#ERR  p: [47239113], r: 3023593846, e: 3023594860
#ERR  p: [47239114], r: 3023594092, e: 3023594997
#ERR  p: [47239115], r: 3023594128, e: 3023595002
#ERR  p: [47239116], r: 3023594140, e: 3023595003
#ERR  p: [47239117], r: 3023594216, e: 3023595039
#ERR  p: [47239118], r: 3023594228, e: 3023595071
#ERR  p: [47239119], r: 3023594319, e: 3023595138
#ERR  p: [47239120], r: 3023594335, e: 3023595164
#ERR  p: [47239121], r: 3023594386, e: 3023595236
#ERR  p: [47239122], r: 3023594472, e: 3023595331
#ERR  p: [47239123], r: 3023594476, e: 3023595404
#ERR  p: [47239124], r: 3023594509, e: 3023595411
#ERR  p: [47239125], r: 3023594521, e: 3023595585
#ERR  p: [47239126], r: 3023594618, e: 3023595661
#ERR  p: [47239127], r: 3023594651, e: 3023595685
#ERR  p: [47239128], r: 3023594760, e: 3023595723
#ERR  p: [47239129], r: 3023594860, e: 3023595754
#ERR  p: [47239130], r: 3023594997, e: 3023595765
#ERR  p: [47239131], r: 3023595002, e: 3023595769
#ERR  p: [47239132], r: 3023595003, e: 3023595819
#ERR  p: [47239133], r: 3023595039, e: 3023595869
#ERR  p: [47239134], r: 3023595071, e: 3023595968
#ERR  p: [47239135], r: 3023595138, e: 3023596092
#ERR  p: [47239136], r: 3023595164, e: 3023596284
#ERR  p: [47239137], r: 3023595236, e: 3023596333
#ERR  p: [47239138], r: 3023595331, e: 3023596340
#ERR  p: [47239139], r: 3023595404, e: 3023596419
#ERR  p: [47239140], r: 3023595411, e: 3023596502
#ERR  p: [47239141], r: 3023595585, e: 3023596545
#ERR  p: [47239142], r: 3023595661, e: 3023596628
#ERR  p: [47239143], r: 3023595685, e: 3023596637
#ERR  p: [47239144], r: 3023595723, e: 3023596755
#ERR  p: [47239145], r: 3023595754, e: 3023596824
#ERR  p: [47239146], r: 3023595765, e: 3023597022
#ERR  p: [47239147], r: 3023595769, e: 3023597073
#ERR  p: [47239148], r: 3023595819, e: 3023597163
#ERR  p: [47239149], r: 3023595869, e: 3023597239
#ERR  p: [47239150], r: 3023595968, e: 3023597259
#ERR  p: [47239151], r: 3023596092, e: 3023597280
#ERR  p: [47239152], r: 3023596284, e: 3023597321
#ERR  p: [47239153], r: 3023596333, e: 3023597352
#ERR  p: [47239154], r: 3023596340, e: 3023597409
#ERR  p: [47239155], r: 3023596419, e: 3023597570
#ERR  p: [47239156], r: 3023596502, e: 3023597594
#ERR  p: [47239157], r: 3023596545, e: 3023597782
#ERR  p: [47239158], r: 3023596628, e: 3023597835
#ERR  p: [47239159], r: 3023596637, e: 3023597843
#ERR  p: [47239160], r: 3023596755, e: 3023597893
#ERR  p: [47239161], r: 3023596824, e: 3023597925
#ERR  p: [47239162], r: 3023597022, e: 3023597978
#ERR  p: [47239163], r: 3023597073, e: 3023598010
#ERR  p: [47239164], r: 3023597163, e: 3023598091
#ERR  p: [47239165], r: 3023597239, e: 3023598155
#ERR  p: [47239166], r: 3023597259, e: 3023598434
#ERR  p: [47239167], r: 3023597280, e: 3023598557
#ERR  p: [47239168], r: 3023597321, e: 3023598638
#ERR  p: [47239169], r: 3023597352, e: 3023598650
#ERR  p: [47239170], r: 3023597409, e: 3023598652
#ERR  p: [47239171], r: 3023597570, e: 3023598692
#ERR  p: [47239172], r: 3023597594, e: 3023598808
#ERR  p: [47239173], r: 3023597782, e: 3023598886
#ERR  p: [47239174], r: 3023597835, e: 3023598930
#ERR  p: [47239175], r: 3023597843, e: 3023599050
#ERR  p: [47239176], r: 3023597893, e: 3023599055
#ERR  p: [47239177], r: 3023597925, e: 3023599056
#ERR  p: [47239178], r: 3023597978, e: 3023599058
#ERR  p: [47239179], r: 3023598010, e: 3023599061
#ERR  p: [47239180], r: 3023598091, e: 3023599063
#ERR  p: [47239181], r: 3023598155, e: 3023599141
#ERR  p: [47239182], r: 3023598434, e: 3023599171
#ERR  p: [47239183], r: 3023598557, e: 3023599217
#ERR  p: [47239184], r: 3023598638, e: 3023599225
#ERR  p: [47239185], r: 3023598650, e: 3023599343
#ERR  p: [47239186], r: 3023598652, e: 3023599547
#ERR  p: [47239187], r: 3023598692, e: 3023599576
#ERR  p: [47239188], r: 3023598808, e: 3023599622
#ERR  p: [47239189], r: 3023598886, e: 3023599639
#ERR  p: [47239190], r: 3023598930, e: 3023599706
#ERR  p: [47239191], r: 3023599050, e: 3023599765
#ERR  p: [47239192], r: 3023599055, e: 3023599795
#ERR  p: [47239193], r: 3023599056, e: 3023599914
#ERR  p: [47239194], r: 3023599058, e: 3023600041
#ERR  p: [47239195], r: 3023599061, e: 3023600068
#ERR  p: [47239196], r: 3023599063, e: 3023600197
#ERR  p: [47239197], r: 3023599141, e: 3023600230
#ERR  p: [47239198], r: 3023599171, e: 3023600233
#ERR  p: [47239199], r: 3023599217, e: 3023600239
#ERR  p: [47239200], r: 3023599225, e: 3023600244
#ERR  p: [47239201], r: 3023599343, e: 3023600336
#ERR  p: [47239202], r: 3023599547, e: 3023600338
#ERR  p: [47239203], r: 3023599576, e: 3023600421
#ERR  p: [47239204], r: 3023599622, e: 3023600421
#ERR  p: [47239205], r: 3023599639, e: 3023600541
#ERR  p: [47239206], r: 3023599706, e: 3023600601
#ERR  p: [47239207], r: 3023599765, e: 3023600623
#ERR  p: [47239208], r: 3023599795, e: 3023600673
#ERR  p: [47239209], r: 3023599914, e: 3023600692
#ERR  p: [47239210], r: 3023600041, e: 3023600703
#ERR  p: [47239211], r: 3023600068, e: 3023600877
#ERR  p: [47239212], r: 3023600197, e: 3023600985
#ERR  p: [47239213], r: 3023600230, e: 3023600995
#ERR  p: [47239214], r: 3023600233, e: 3023601145
#ERR  p: [47239215], r: 3023600239, e: 3023601188
#ERR  p: [47239216], r: 3023600244, e: 3023601220
#ERR  p: [47239217], r: 3023600336, e: 3023601244
#ERR  p: [47239218], r: 3023600338, e: 3023601244
#ERR  p: [47239219], r: 3023600421, e: 3023601386
#ERR  p: [47239220], r: 3023600421, e: 3023601544
#ERR  p: [47239221], r: 3023600541, e: 3023601713
#ERR  p: [47239222], r: 3023600601, e: 3023601728
#ERR  p: [47239223], r: 3023600623, e: 3023601866
#ERR  p: [47239224], r: 3023600673, e: 3023601869
#ERR  p: [47239225], r: 3023600692, e: 3023601987
#ERR  p: [47239226], r: 3023600703, e: 3023601993
#ERR  p: [47239227], r: 3023600877, e: 3023602040
#ERR  p: [47239228], r: 3023600985, e: 3023602154
#ERR  p: [47239229], r: 3023600995, e: 3023602311
#ERR  p: [47239230], r: 3023601145, e: 3023602334
#ERR  p: [47239231], r: 3023601188, e: 3023602418
#ERR  p: [47239232], r: 3023601220, e: 3023602500
#ERR  p: [47239233], r: 3023601244, e: 3023602502
#ERR  p: [47239234], r: 3023601244, e: 3023602756
#ERR  p: [47239235], r: 3023601386, e: 3023602815
#ERR  p: [47239236], r: 3023601544, e: 3023602865
#ERR  p: [47239237], r: 3023601713, e: 3023602918
#ERR  p: [47239238], r: 3023601728, e: 3023602980
#ERR  p: [47239239], r: 3023601866, e: 3023603011
#ERR  p: [47239240], r: 3023601869, e: 3023603062
#ERR  p: [47239241], r: 3023601987, e: 3023603076
#ERR  p: [47239242], r: 3023601993, e: 3023603246
#ERR  p: [47239243], r: 3023602040, e: 3023603323
#ERR  p: [47239244], r: 3023602154, e: 3023603347
#ERR  p: [47239245], r: 3023602311, e: 3023603512
#ERR  p: [47239246], r: 3023602334, e: 3023603543
#ERR  p: [47239247], r: 3023602418, e: 3023603569
#ERR  p: [47239248], r: 3023602500, e: 3023603623
#ERR  p: [47239249], r: 3023602502, e: 3023603659
#ERR  p: [47239250], r: 3023602756, e: 3023603734
#ERR  p: [47239251], r: 3023602815, e: 3023603742
#ERR  p: [47239252], r: 3023602865, e: 3023603843
#ERR  p: [47239253], r: 3023602918, e: 3023603861
#ERR  p: [47239254], r: 3023602980, e: 3023603878
#ERR  p: [47239255], r: 3023603011, e: 3023604089
#ERR  p: [47239256], r: 3023603062, e: 3023604115
#ERR  p: [47239257], r: 3023603076, e: 3023604121
#ERR  p: [47239258], r: 3023603246, e: 3023604248
#ERR  p: [47239259], r: 3023603323, e: 3023604311
#ERR  p: [47239260], r: 3023603347, e: 3023604326
#ERR  p: [47239261], r: 3023603512, e: 3023604355
#ERR  p: [47239262], r: 3023603543, e: 3023604359
#ERR  p: [47239263], r: 3023603569, e: 3023604426
#ERR  p: [47239264], r: 3023603623, e: 3023604426
#ERR  p: [47239265], r: 3023603659, e: 3023604458
#ERR  p: [47239266], r: 3023603734, e: 3023604494
#ERR  p: [47239267], r: 3023603742, e: 3023604530
#ERR  p: [47239268], r: 3023603843, e: 3023604561
#ERR  p: [47239269], r: 3023603861, e: 3023604571
#ERR  p: [47239270], r: 3023603878, e: 3023604648
#ERR  p: [47239271], r: 3023604089, e: 3023604819
#ERR  p: [47239272], r: 3023604115, e: 3023604852
#ERR  p: [47239273], r: 3023604121, e: 3023604888
#ERR  p: [47239274], r: 3023604248, e: 3023604951
#ERR  p: [47239275], r: 3023604311, e: 3023605035
#ERR  p: [47239276], r: 3023604326, e: 3023605094
#ERR  p: [47239277], r: 3023604355, e: 3023605132
#ERR  p: [47239278], r: 3023604359, e: 3023605203
#ERR  p: [47239279], r: 3023604426, e: 3023605229
#ERR  p: [47239280], r: 3023604426, e: 3023605273
#ERR  p: [47239281], r: 3023604458, e: 3023605322
#ERR  p: [47239282], r: 3023604494, e: 3023605365
#ERR  p: [47239283], r: 3023604530, e: 3023605417
#ERR  p: [47239284], r: 3023604561, e: 3023605456
#ERR  p: [47239285], r: 3023604571, e: 3023605474
#ERR  p: [47239286], r: 3023604648, e: 3023605514
#ERR  p: [47239287], r: 3023604819, e: 3023605515
#ERR  p: [47239288], r: 3023604852, e: 3023605570
#ERR  p: [47239289], r: 3023604888, e: 3023605666
#ERR  p: [47239290], r: 3023604951, e: 3023605690
#ERR  p: [47239291], r: 3023605035, e: 3023605777
#ERR  p: [47239292], r: 3023605094, e: 3023605972
#ERR  p: [47239293], r: 3023605132, e: 3023605981
#ERR  p: [47239294], r: 3023605203, e: 3023606037
#ERR  p: [47239295], r: 3023605229, e: 3023606214
#ERR  p: [47239296], r: 3023605273, e: 3023606268
#ERR  p: [47239297], r: 3023605322, e: 3023606321
#ERR  p: [47239298], r: 3023605365, e: 3023606348
#ERR  p: [47239299], r: 3023605417, e: 3023606427
#ERR  p: [47239300], r: 3023605456, e: 3023606432
#ERR  p: [47239301], r: 3023605474, e: 3023606467
#ERR  p: [47239302], r: 3023605514, e: 3023606550
#ERR  p: [47239303], r: 3023605515, e: 3023606656
#ERR  p: [47239304], r: 3023605570, e: 3023606679
#ERR  p: [47239305], r: 3023605666, e: 3023606688
#ERR  p: [47239306], r: 3023605690, e: 3023606776
#ERR  p: [47239307], r: 3023605777, e: 3023606790
#ERR  p: [47239308], r: 3023605972, e: 3023606814
#ERR  p: [47239309], r: 3023605981, e: 3023606915
#ERR  p: [47239310], r: 3023606037, e: 3023606947
#ERR  p: [47239311], r: 3023606214, e: 3023607326
#ERR  p: [47239312], r: 3023606268, e: 3023607327
#ERR  p: [47239313], r: 3023606321, e: 3023607410
#ERR  p: [47239314], r: 3023606348, e: 3023607447
#ERR  p: [47239315], r: 3023606427, e: 3023607495
#ERR  p: [47239316], r: 3023606432, e: 3023607508
#ERR  p: [47239317], r: 3023606467, e: 3023607570
#ERR  p: [47239318], r: 3023606550, e: 3023607591
#ERR  p: [47239319], r: 3023606656, e: 3023607622
#ERR  p: [47239320], r: 3023606679, e: 3023607661
#ERR  p: [47239321], r: 3023606688, e: 3023607748
#ERR  p: [47239322], r: 3023606776, e: 3023607834
#ERR  p: [47239323], r: 3023606790, e: 3023607963
#ERR  p: [47239324], r: 3023606814, e: 3023608024
#ERR  p: [47239325], r: 3023606915, e: 3023608074
#ERR  p: [47239326], r: 3023606947, e: 3023608097
#ERR  p: [47239327], r: 3023607326, e: 3023608206
#ERR  p: [47239328], r: 3023607327, e: 3023608304
#ERR  p: [47239329], r: 3023607410, e: 3023608376
#ERR  p: [47239330], r: 3023607447, e: 3023608402
#ERR  p: [47239331], r: 3023607495, e: 3023608469
#ERR  p: [47239332], r: 3023607508, e: 3023608514
#ERR  p: [47239333], r: 3023607570, e: 3023608523
#ERR  p: [47239334], r: 3023607591, e: 3023608654
#ERR  p: [47239335], r: 3023607622, e: 3023608661
#ERR  p: [47239336], r: 3023607661, e: 3023608710
#ERR  p: [47239337], r: 3023607748, e: 3023608818
#ERR  p: [47239338], r: 3023607834, e: 3023608843
#ERR  p: [47239339], r: 3023607963, e: 3023608901
#ERR  p: [47239340], r: 3023608024, e: 3023609027
#ERR  p: [47239341], r: 3023608074, e: 3023609046
#ERR  p: [47239342], r: 3023608097, e: 3023609058
#ERR  p: [47239343], r: 3023608206, e: 3023609075
#ERR  p: [47239344], r: 3023608304, e: 3023609089
#ERR  p: [47239345], r: 3023608376, e: 3023609140
#ERR  p: [47239346], r: 3023608402, e: 3023609195
#ERR  p: [47239347], r: 3023608469, e: 3023609549
#ERR  p: [47239348], r: 3023608514, e: 3023609561
#ERR  p: [47239349], r: 3023608523, e: 3023609565
#ERR  p: [47239350], r: 3023608654, e: 3023609656
#ERR  p: [47239351], r: 3023608661, e: 3023609689
#ERR  p: [47239352], r: 3023608710, e: 3023609730
#ERR  p: [47239353], r: 3023608818, e: 3023609743
#ERR  p: [47239354], r: 3023608843, e: 3023609836
#ERR  p: [47239355], r: 3023608901, e: 3023609844
#ERR  p: [47239356], r: 3023609027, e: 3023610008
#ERR  p: [47239357], r: 3023609046, e: 3023610034
#ERR  p: [47239358], r: 3023609058, e: 3023610079
#ERR  p: [47239359], r: 3023609075, e: 3023610295
#ERR  p: [47239360], r: 3023609089, e: 3023610352
#ERR  p: [47239361], r: 3023609140, e: 3023610375
#ERR  p: [47239362], r: 3023609195, e: 3023610512
#ERR  p: [47239363], r: 3023609549, e: 3023610515
#ERR  p: [47239364], r: 3023609561, e: 3023610620
#ERR  p: [47239365], r: 3023609565, e: 3023610671
#ERR  p: [47239366], r: 3023609656, e: 3023610919
#ERR  p: [47239367], r: 3023609689, e: 3023610941
#ERR  p: [47239368], r: 3023609730, e: 3023611009
#ERR  p: [47239369], r: 3023609743, e: 3023611009
#ERR  p: [47239370], r: 3023609836, e: 3023611016
#ERR  p: [47239371], r: 3023609844, e: 3023611112
#ERR  p: [47239372], r: 3023610008, e: 3023611184
#ERR  p: [47239373], r: 3023610034, e: 3023611308
#ERR  p: [47239374], r: 3023610079, e: 3023611332
#ERR  p: [47239375], r: 3023610295, e: 3023611507
#ERR  p: [47239376], r: 3023610352, e: 3023611525
#ERR  p: [47239377], r: 3023610375, e: 3023611633
#ERR  p: [47239378], r: 3023610512, e: 3023611689
#ERR  p: [47239379], r: 3023610515, e: 3023611754
#ERR  p: [47239380], r: 3023610620, e: 3023611891
#ERR  p: [47239381], r: 3023610671, e: 3023611902
#ERR  p: [47239382], r: 3023610919, e: 3023611942
#ERR  p: [47239383], r: 3023610941, e: 3023612061
#ERR  p: [47239384], r: 3023611009, e: 3023612062
#ERR  p: [47239385], r: 3023611009, e: 3023612313
#ERR  p: [47239386], r: 3023611016, e: 3023612523
#ERR  p: [47239387], r: 3023611112, e: 3023612572
#ERR  p: [47239388], r: 3023611184, e: 3023612601
#ERR  p: [47239389], r: 3023611308, e: 3023612706
#ERR  p: [47239390], r: 3023611332, e: 3023612737
#ERR  p: [47239391], r: 3023611507, e: 3023612937
#ERR  p: [47239392], r: 3023611525, e: 3023613036
#ERR  p: [47239393], r: 3023611633, e: 3023613095
#ERR  p: [47239394], r: 3023611689, e: 3023613178
#ERR  p: [47239395], r: 3023611754, e: 3023613283
#ERR  p: [47239396], r: 3023611891, e: 3023613286
#ERR  p: [47239397], r: 3023611902, e: 3023613379
#ERR  p: [47239398], r: 3023611942, e: 3023613421
#ERR  p: [47239399], r: 3023612061, e: 3023613501
#ERR  p: [47239400], r: 3023612062, e: 3023613535
#ERR  p: [47239401], r: 3023612313, e: 3023613630
#ERR  p: [47239402], r: 3023612523, e: 3023613650
#ERR  p: [47239403], r: 3023612572, e: 3023613704
#ERR  p: [47239404], r: 3023612601, e: 3023613726
#ERR  p: [47239405], r: 3023612706, e: 3023613764
#ERR  p: [47239406], r: 3023612737, e: 3023613830
#ERR  p: [47239407], r: 3023612937, e: 3023613944
#ERR  p: [47239408], r: 3023613036, e: 3023614096
#ERR  p: [47239409], r: 3023613095, e: 3023614205
#ERR  p: [47239410], r: 3023613178, e: 3023614213
#ERR  p: [47239411], r: 3023613283, e: 3023614278
#ERR  p: [47239412], r: 3023613286, e: 3023614345
#ERR  p: [47239413], r: 3023613379, e: 3023614539
#ERR  p: [47239414], r: 3023613421, e: 3023614566
#ERR  p: [47239415], r: 3023613501, e: 3023614576
#ERR  p: [47239416], r: 3023613535, e: 3023614577
#ERR  p: [47239417], r: 3023613630, e: 3023614592
#ERR  p: [47239418], r: 3023613650, e: 3023614832
#ERR  p: [47239419], r: 3023613704, e: 3023614843
#ERR  p: [47239420], r: 3023613726, e: 3023614925
#ERR  p: [47239421], r: 3023613764, e: 3023614953
#ERR  p: [47239422], r: 3023613830, e: 3023615097
#ERR  p: [47239423], r: 3023613944, e: 3023615172
#ERR  p: [47239424], r: 3023614096, e: 3023615374
#ERR  p: [47239425], r: 3023614205, e: 3023615465
#ERR  p: [47239426], r: 3023614213, e: 3023615627
#ERR  p: [47239427], r: 3023614278, e: 3023615681
#ERR  p: [47239428], r: 3023614345, e: 3023615714
#ERR  p: [47239429], r: 3023614539, e: 3023615738
#ERR  p: [47239430], r: 3023614566, e: 3023615746
#ERR  p: [47239431], r: 3023614576, e: 3023615785
#ERR  p: [47239432], r: 3023614577, e: 3023615905
#ERR  p: [47239433], r: 3023614592, e: 3023615908
#ERR  p: [47239434], r: 3023614832, e: 3023615927
#ERR  p: [47239435], r: 3023614843, e: 3023615951
#ERR  p: [47239436], r: 3023614925, e: 3023615958
#ERR  p: [47239437], r: 3023614953, e: 3023615997
#ERR  p: [47239438], r: 3023615097, e: 3023616023
#ERR  p: [47239439], r: 3023615172, e: 3023616027
#ERR  p: [47239440], r: 3023615374, e: 3023616053
#ERR  p: [47239441], r: 3023615465, e: 3023616071
#ERR  p: [47239442], r: 3023615627, e: 3023616078
#ERR  p: [47239443], r: 3023615681, e: 3023616137
#ERR  p: [47239444], r: 3023615714, e: 3023616202
#ERR  p: [47239445], r: 3023615738, e: 3023616209
#ERR  p: [47239446], r: 3023615746, e: 3023616276
#ERR  p: [47239447], r: 3023615785, e: 3023616291
#ERR  p: [47239448], r: 3023615905, e: 3023616372
#ERR  p: [47239449], r: 3023615908, e: 3023616402
#ERR  p: [47239450], r: 3023615927, e: 3023616712
#ERR  p: [47239451], r: 3023615951, e: 3023616743
#ERR  p: [47239452], r: 3023615958, e: 3023616749
#ERR  p: [47239453], r: 3023615997, e: 3023616811
#ERR  p: [47239454], r: 3023616023, e: 3023616848
#ERR  p: [47239455], r: 3023616027, e: 3023616920
#ERR  p: [47239456], r: 3023616053, e: 3023616958
#ERR  p: [47239457], r: 3023616071, e: 3023617091
#ERR  p: [47239458], r: 3023616078, e: 3023617107
#ERR  p: [47239459], r: 3023616137, e: 3023617200
#ERR  p: [47239460], r: 3023616202, e: 3023617251
#ERR  p: [47239461], r: 3023616209, e: 3023617292
#ERR  p: [47239462], r: 3023616276, e: 3023617358
#ERR  p: [47239463], r: 3023616291, e: 3023617398
#ERR  p: [47239464], r: 3023616372, e: 3023617438
#ERR  p: [47239465], r: 3023616402, e: 3023617475
#ERR  p: [47239466], r: 3023616712, e: 3023617564
#ERR  p: [47239467], r: 3023616743, e: 3023617742
#ERR  p: [47239468], r: 3023616749, e: 3023617748
#ERR  p: [47239469], r: 3023616811, e: 3023617817
#ERR  p: [47239470], r: 3023616848, e: 3023618010
#ERR  p: [47239471], r: 3023616920, e: 3023618017
#ERR  p: [47239472], r: 3023616958, e: 3023618084
#ERR  p: [47239473], r: 3023617091, e: 3023618215
#ERR  p: [47239474], r: 3023617107, e: 3023618497
#ERR  p: [47239475], r: 3023617200, e: 3023618517
#ERR  p: [47239476], r: 3023617251, e: 3023618552
#ERR  p: [47239477], r: 3023617292, e: 3023618557
#ERR  p: [47239478], r: 3023617358, e: 3023618569
#ERR  p: [47239479], r: 3023617398, e: 3023618639
#ERR  p: [47239480], r: 3023617438, e: 3023618687
#ERR  p: [47239481], r: 3023617475, e: 3023618697
#ERR  p: [47239482], r: 3023617564, e: 3023618705
#ERR  p: [47239483], r: 3023617742, e: 3023618728
#ERR  p: [47239484], r: 3023617748, e: 3023618761
#ERR  p: [47239485], r: 3023617817, e: 3023618916
#ERR  p: [47239486], r: 3023618010, e: 3023618983
#ERR  p: [47239487], r: 3023618017, e: 3023619069
#ERR  p: [47239488], r: 3023618084, e: 3023619169
#ERR  p: [47239489], r: 3023618215, e: 3023619227
#ERR  p: [47239490], r: 3023618497, e: 3023619232
#ERR  p: [47239491], r: 3023618517, e: 3023619243
#ERR  p: [47239492], r: 3023618552, e: 3023619270
#ERR  p: [47239493], r: 3023618557, e: 3023619297
#ERR  p: [47239494], r: 3023618569, e: 3023619369
#ERR  p: [47239495], r: 3023618639, e: 3023619487
#ERR  p: [47239496], r: 3023618687, e: 3023619532
#ERR  p: [47239497], r: 3023618697, e: 3023619911
#ERR  p: [47239498], r: 3023618705, e: 3023619997
#ERR  p: [47239499], r: 3023618728, e: 3023620117
#ERR  p: [47239500], r: 3023618761, e: 3023620177
#ERR  p: [47239501], r: 3023618916, e: 3023620185
#ERR  p: [47239502], r: 3023618983, e: 3023620245
#ERR  p: [47239503], r: 3023619069, e: 3023620332
#ERR  p: [47239504], r: 3023619169, e: 3023620340
#ERR  p: [47239505], r: 3023619227, e: 3023620353
#ERR  p: [47239506], r: 3023619232, e: 3023620513
#ERR  p: [47239507], r: 3023619243, e: 3023620528
#ERR  p: [47239508], r: 3023619270, e: 3023620539
#ERR  p: [47239509], r: 3023619297, e: 3023620543
#ERR  p: [47239510], r: 3023619369, e: 3023620555
#ERR  p: [47239511], r: 3023619487, e: 3023620583
#ERR  p: [47239512], r: 3023619532, e: 3023620616
#ERR  p: [47239513], r: 3023619911, e: 3023620627
#ERR  p: [47239514], r: 3023619997, e: 3023620677
#ERR  p: [47239515], r: 3023620117, e: 3023620773
#ERR  p: [47239516], r: 3023620177, e: 3023620848
#ERR  p: [47239517], r: 3023620185, e: 3023620915
#ERR  p: [47239518], r: 3023620245, e: 3023620931
#ERR  p: [47239519], r: 3023620332, e: 3023621110
#ERR  p: [47239520], r: 3023620340, e: 3023621163
#ERR  p: [47239521], r: 3023620353, e: 3023621197
#ERR  p: [47239522], r: 3023620513, e: 3023621256
#ERR  p: [47239523], r: 3023620528, e: 3023621262
#ERR  p: [47239524], r: 3023620539, e: 3023621292
#ERR  p: [47239525], r: 3023620543, e: 3023621334
#ERR  p: [47239526], r: 3023620555, e: 3023621336
#ERR  p: [47239527], r: 3023620583, e: 3023621378
#ERR  p: [47239528], r: 3023620616, e: 3023621567
#ERR  p: [47239529], r: 3023620627, e: 3023621572
#ERR  p: [47239530], r: 3023620677, e: 3023621607
#ERR  p: [47239531], r: 3023620773, e: 3023621657
#ERR  p: [47239532], r: 3023620848, e: 3023621858
#ERR  p: [47239533], r: 3023620915, e: 3023621973
#ERR  p: [47239534], r: 3023620931, e: 3023622037
#ERR  p: [47239535], r: 3023621110, e: 3023622151
#ERR  p: [47239536], r: 3023621163, e: 3023622156
#ERR  p: [47239537], r: 3023621197, e: 3023622450
#ERR  p: [47239538], r: 3023621256, e: 3023622453
#ERR  p: [47239539], r: 3023621262, e: 3023622633
#ERR  p: [47239540], r: 3023621292, e: 3023622646
#ERR  p: [47239541], r: 3023621334, e: 3023622793
#ERR  p: [47239542], r: 3023621336, e: 3023622871
#ERR  p: [47239543], r: 3023621378, e: 3023622897
#ERR  p: [47239544], r: 3023621567, e: 3023623080
#ERR  p: [47239545], r: 3023621572, e: 3023623252
#ERR  p: [47239546], r: 3023621607, e: 3023623328
#ERR  p: [47239547], r: 3023621657, e: 3023623334
#ERR  p: [47239548], r: 3023621858, e: 3023623379
#ERR  p: [47239549], r: 3023621973, e: 3023623430
#ERR  p: [47239550], r: 3023622037, e: 3023623432
#ERR  p: [47239551], r: 3023622151, e: 3023623452
#ERR  p: [47239552], r: 3023622156, e: 3023623511
#ERR  p: [47239553], r: 3023622450, e: 3023623555
#ERR  p: [47239554], r: 3023622453, e: 3023623570
#ERR  p: [47239555], r: 3023622633, e: 3023623782
#ERR  p: [47239556], r: 3023622646, e: 3023623803
#ERR  p: [47239557], r: 3023622793, e: 3023623958
#ERR  p: [47239558], r: 3023622871, e: 3023623994
#ERR  p: [47239559], r: 3023622897, e: 3023624002
#ERR  p: [47239560], r: 3023623080, e: 3023624028
#ERR  p: [47239561], r: 3023623252, e: 3023624032
#ERR  p: [47239562], r: 3023623328, e: 3023624110
#ERR  p: [47239563], r: 3023623334, e: 3023624241
#ERR  p: [47239564], r: 3023623379, e: 3023624279
#ERR  p: [47239565], r: 3023623430, e: 3023624289
#ERR  p: [47239566], r: 3023623432, e: 3023624310
#ERR  p: [47239567], r: 3023623452, e: 3023624386
#ERR  p: [47239568], r: 3023623511, e: 3023624512
#ERR  p: [47239569], r: 3023623555, e: 3023624523
#ERR  p: [47239570], r: 3023623570, e: 3023624599
#ERR  p: [47239571], r: 3023623782, e: 3023624674
#ERR  p: [47239572], r: 3023623803, e: 3023624695
#ERR  p: [47239573], r: 3023623958, e: 3023624748
#ERR  p: [47239574], r: 3023623994, e: 3023624789
#ERR  p: [47239575], r: 3023624002, e: 3023624802
#ERR  p: [47239576], r: 3023624028, e: 3023624839
#ERR  p: [47239577], r: 3023624032, e: 3023624844
#ERR  p: [47239578], r: 3023624110, e: 3023624855
#ERR  p: [47239579], r: 3023624241, e: 3023624896
#SDC Ite:9 KerTime:8.310659 AccTime:83.456104 KerErr:32477 AccErr:32477
#ABORT too many errors per iteration
#END