#HEADER type: ecc_on dataset: /home/carol/radiation-benchmarks/data/networks_img_list/caltech.pedestrians.critical.1K.txt
#BEGIN Y:2016 M:12 D:13 Time:20:00:08
#IT Ite:0 KerTime:0.024675 AccTime:0.024675
#IT Ite:1 KerTime:0.022508 AccTime:0.047183
#IT Ite:2 KerTime:0.022524 AccTime:0.069707
#IT Ite:3 KerTime:0.022539 AccTime:0.092246
#IT Ite:4 KerTime:0.022388 AccTime:0.114634
#IT Ite:5 KerTime:0.022546 AccTime:0.137180
#IT Ite:6 KerTime:0.022598 AccTime:0.159778
#IT Ite:7 KerTime:0.022576 AccTime:0.182354
#IT Ite:8 KerTime:0.022544 AccTime:0.204898
#IT Ite:9 KerTime:0.022593 AccTime:0.227491
#IT Ite:10 KerTime:0.022599 AccTime:0.250090
#IT Ite:11 KerTime:0.022526 AccTime:0.272616
#IT Ite:12 KerTime:0.022527 AccTime:0.295143
#IT Ite:13 KerTime:0.022677 AccTime:0.317820
#IT Ite:14 KerTime:0.022580 AccTime:0.340400
#IT Ite:15 KerTime:0.022524 AccTime:0.362924
#IT Ite:16 KerTime:0.022520 AccTime:0.385444
#IT Ite:17 KerTime:0.022635 AccTime:0.408079
#IT Ite:18 KerTime:0.022486 AccTime:0.430565
#IT Ite:19 KerTime:0.022561 AccTime:0.453126
#IT Ite:20 KerTime:0.022562 AccTime:0.475688
#IT Ite:21 KerTime:0.022442 AccTime:0.498130
#IT Ite:22 KerTime:0.022589 AccTime:0.520719
#IT Ite:23 KerTime:0.022532 AccTime:0.543251
#IT Ite:24 KerTime:0.022622 AccTime:0.565873
#IT Ite:25 KerTime:0.022457 AccTime:0.588330
#IT Ite:26 KerTime:0.022572 AccTime:0.610902
#IT Ite:27 KerTime:0.022589 AccTime:0.633491
#IT Ite:28 KerTime:0.022348 AccTime:0.655839
#IT Ite:29 KerTime:0.022514 AccTime:0.678353
#IT Ite:30 KerTime:0.022526 AccTime:0.700879
#IT Ite:31 KerTime:0.022570 AccTime:0.723449
#IT Ite:32 KerTime:0.022614 AccTime:0.746063
#IT Ite:33 KerTime:0.022534 AccTime:0.768597
#IT Ite:34 KerTime:0.022678 AccTime:0.791275
#IT Ite:35 KerTime:0.022520 AccTime:0.813795
#IT Ite:36 KerTime:0.022578 AccTime:0.836373
#IT Ite:37 KerTime:0.022567 AccTime:0.858940
#IT Ite:38 KerTime:0.022613 AccTime:0.881553
#IT Ite:39 KerTime:0.022522 AccTime:0.904075
#IT Ite:40 KerTime:0.022639 AccTime:0.926714
#IT Ite:41 KerTime:0.022518 AccTime:0.949232
#IT Ite:42 KerTime:0.022478 AccTime:0.971710
#IT Ite:43 KerTime:0.022499 AccTime:0.994209
#IT Ite:44 KerTime:0.022588 AccTime:1.016797
#IT Ite:45 KerTime:0.022363 AccTime:1.039160
#IT Ite:46 KerTime:0.022632 AccTime:1.061792
#IT Ite:47 KerTime:0.022665 AccTime:1.084457
#IT Ite:48 KerTime:0.022540 AccTime:1.106997
#IT Ite:49 KerTime:0.022491 AccTime:1.129488
#IT Ite:50 KerTime:0.022549 AccTime:1.152037
#IT Ite:51 KerTime:0.022598 AccTime:1.174635
#IT Ite:52 KerTime:0.022452 AccTime:1.197087
#IT Ite:53 KerTime:0.022498 AccTime:1.219585
#IT Ite:54 KerTime:0.022550 AccTime:1.242135
#IT Ite:55 KerTime:0.022583 AccTime:1.264718
#IT Ite:56 KerTime:0.022537 AccTime:1.287255
#IT Ite:57 KerTime:0.022575 AccTime:1.309830
#IT Ite:58 KerTime:0.022572 AccTime:1.332402
#IT Ite:59 KerTime:0.022454 AccTime:1.354856
#IT Ite:60 KerTime:0.022498 AccTime:1.377354
#IT Ite:61 KerTime:0.022559 AccTime:1.399913
#IT Ite:62 KerTime:0.022577 AccTime:1.422490
#IT Ite:63 KerTime:0.022508 AccTime:1.444998
#IT Ite:64 KerTime:0.022576 AccTime:1.467574
#IT Ite:65 KerTime:0.022549 AccTime:1.490123
#IT Ite:66 KerTime:0.022636 AccTime:1.512759
#IT Ite:67 KerTime:0.022592 AccTime:1.535351
#IT Ite:68 KerTime:0.022585 AccTime:1.557936
#IT Ite:69 KerTime:0.022407 AccTime:1.580343
#IT Ite:70 KerTime:0.022588 AccTime:1.602931
#IT Ite:71 KerTime:0.022540 AccTime:1.625471
#IT Ite:72 KerTime:0.022617 AccTime:1.648088
#IT Ite:73 KerTime:0.022511 AccTime:1.670599
#IT Ite:74 KerTime:0.022651 AccTime:1.693250
#IT Ite:75 KerTime:0.022593 AccTime:1.715843
#IT Ite:76 KerTime:0.022487 AccTime:1.738330
#IT Ite:77 KerTime:0.022553 AccTime:1.760883
#IT Ite:78 KerTime:0.022537 AccTime:1.783420
#IT Ite:79 KerTime:0.022569 AccTime:1.805989
#IT Ite:80 KerTime:0.022516 AccTime:1.828505
#IT Ite:81 KerTime:0.022507 AccTime:1.851012
#IT Ite:82 KerTime:0.022696 AccTime:1.873708
#IT Ite:83 KerTime:0.022494 AccTime:1.896202
#IT Ite:84 KerTime:0.022523 AccTime:1.918725
#IT Ite:85 KerTime:0.022525 AccTime:1.941250
#IT Ite:86 KerTime:0.022586 AccTime:1.963836
#IT Ite:87 KerTime:0.022497 AccTime:1.986333
#IT Ite:88 KerTime:0.022560 AccTime:2.008893
#IT Ite:89 KerTime:0.022616 AccTime:2.031509
#IT Ite:90 KerTime:0.022481 AccTime:2.053990
#IT Ite:91 KerTime:0.022527 AccTime:2.076517
#IT Ite:92 KerTime:0.022513 AccTime:2.099030
#IT Ite:93 KerTime:0.022486 AccTime:2.121516
#IT Ite:94 KerTime:0.022582 AccTime:2.144098
#IT Ite:95 KerTime:0.022621 AccTime:2.166719
#IT Ite:96 KerTime:0.022553 AccTime:2.189272
#IT Ite:97 KerTime:0.022465 AccTime:2.211737
#IT Ite:98 KerTime:0.022556 AccTime:2.234293
#IT Ite:99 KerTime:0.022584 AccTime:2.256877
#IT Ite:100 KerTime:0.022343 AccTime:2.279220
#IT Ite:101 KerTime:0.022540 AccTime:2.301760
#IT Ite:102 KerTime:0.022500 AccTime:2.324260
#IT Ite:103 KerTime:0.022544 AccTime:2.346804
#IT Ite:104 KerTime:0.022487 AccTime:2.369291
#IT Ite:105 KerTime:0.022644 AccTime:2.391935
#IT Ite:106 KerTime:0.022591 AccTime:2.414526
#IT Ite:107 KerTime:0.022413 AccTime:2.436939
#IT Ite:108 KerTime:0.022636 AccTime:2.459575
#IT Ite:109 KerTime:0.022577 AccTime:2.482152
#IT Ite:110 KerTime:0.022562 AccTime:2.504714
#IT Ite:111 KerTime:0.022670 AccTime:2.527384
#IT Ite:112 KerTime:0.022640 AccTime:2.550024
#IT Ite:113 KerTime:0.022559 AccTime:2.572583
#IT Ite:114 KerTime:0.022434 AccTime:2.595017
#IT Ite:115 KerTime:0.022507 AccTime:2.617524
#IT Ite:116 KerTime:0.022779 AccTime:2.640303
#IT Ite:117 KerTime:0.022497 AccTime:2.662800
#IT Ite:118 KerTime:0.022585 AccTime:2.685385
#IT Ite:119 KerTime:0.022538 AccTime:2.707923
#IT Ite:120 KerTime:0.022582 AccTime:2.730505
#IT Ite:121 KerTime:0.022571 AccTime:2.753076
#IT Ite:122 KerTime:0.022600 AccTime:2.775676
#IT Ite:123 KerTime:0.022529 AccTime:2.798205
#IT Ite:124 KerTime:0.022292 AccTime:2.820497
#IT Ite:125 KerTime:0.022553 AccTime:2.843050
#IT Ite:126 KerTime:0.022612 AccTime:2.865662
#IT Ite:127 KerTime:0.022558 AccTime:2.888220
#IT Ite:128 KerTime:0.022583 AccTime:2.910803
#IT Ite:129 KerTime:0.022639 AccTime:2.933442
#IT Ite:130 KerTime:0.022682 AccTime:2.956124
#IT Ite:131 KerTime:0.022486 AccTime:2.978610
#IT Ite:132 KerTime:0.022545 AccTime:3.001155
#IT Ite:133 KerTime:0.022612 AccTime:3.023767
#IT Ite:134 KerTime:0.022614 AccTime:3.046381
#IT Ite:135 KerTime:0.022601 AccTime:3.068982
#IT Ite:136 KerTime:0.022537 AccTime:3.091519
#IT Ite:137 KerTime:0.022562 AccTime:3.114081
#IT Ite:138 KerTime:0.022397 AccTime:3.136478
#IT Ite:139 KerTime:0.022646 AccTime:3.159124
#IT Ite:140 KerTime:0.022556 AccTime:3.181680
#IT Ite:141 KerTime:0.022570 AccTime:3.204250
#IT Ite:142 KerTime:0.022620 AccTime:3.226870
#IT Ite:143 KerTime:0.022517 AccTime:3.249387
#IT Ite:144 KerTime:0.022551 AccTime:3.271938
#IT Ite:145 KerTime:0.022487 AccTime:3.294425
#IT Ite:146 KerTime:0.022563 AccTime:3.316988
#IT Ite:147 KerTime:0.022633 AccTime:3.339621
#IT Ite:148 KerTime:0.022318 AccTime:3.361939
#IT Ite:149 KerTime:0.022529 AccTime:3.384468
#IT Ite:150 KerTime:0.022515 AccTime:3.406983
#IT Ite:151 KerTime:0.022598 AccTime:3.429581
#IT Ite:152 KerTime:0.022518 AccTime:3.452099
#IT Ite:153 KerTime:0.022547 AccTime:3.474646
#IT Ite:154 KerTime:0.022577 AccTime:3.497223
#IT Ite:155 KerTime:0.022466 AccTime:3.519689
#IT Ite:156 KerTime:0.022565 AccTime:3.542254
#IT Ite:157 KerTime:0.022585 AccTime:3.564839
#IT Ite:158 KerTime:0.022569 AccTime:3.587408
#IT Ite:159 KerTime:0.022644 AccTime:3.610052
#IT Ite:160 KerTime:0.022611 AccTime:3.632663
#IT Ite:161 KerTime:0.022506 AccTime:3.655169
#IT Ite:162 KerTime:0.022429 AccTime:3.677598
#IT Ite:163 KerTime:0.022554 AccTime:3.700152
#IT Ite:164 KerTime:0.022585 AccTime:3.722737
#IT Ite:165 KerTime:0.022502 AccTime:3.745239
#IT Ite:166 KerTime:0.022530 AccTime:3.767769
#IT Ite:167 KerTime:0.022474 AccTime:3.790243
#IT Ite:168 KerTime:0.022590 AccTime:3.812833
#IT Ite:169 KerTime:0.022508 AccTime:3.835341
#IT Ite:170 KerTime:0.022582 AccTime:3.857923
#IT Ite:171 KerTime:0.022639 AccTime:3.880562
#IT Ite:172 KerTime:0.022426 AccTime:3.902988
#IT Ite:173 KerTime:0.022510 AccTime:3.925498
#IT Ite:174 KerTime:0.022541 AccTime:3.948039
#IT Ite:175 KerTime:0.022534 AccTime:3.970573
#IT Ite:176 KerTime:0.022454 AccTime:3.993027
#IT Ite:177 KerTime:0.022527 AccTime:4.015554
#IT Ite:178 KerTime:0.022515 AccTime:4.038069
#IT Ite:179 KerTime:0.022434 AccTime:4.060503
#IT Ite:180 KerTime:0.022612 AccTime:4.083115
#IT Ite:181 KerTime:0.022527 AccTime:4.105642
#IT Ite:182 KerTime:0.022482 AccTime:4.128124
#IT Ite:183 KerTime:0.022586 AccTime:4.150710
#IT Ite:184 KerTime:0.022702 AccTime:4.173412
#IT Ite:185 KerTime:0.022512 AccTime:4.195924
#IT Ite:186 KerTime:0.022438 AccTime:4.218362
#IT Ite:187 KerTime:0.022531 AccTime:4.240893
#IT Ite:188 KerTime:0.022625 AccTime:4.263518
#IT Ite:189 KerTime:0.022553 AccTime:4.286071
#IT Ite:190 KerTime:0.022540 AccTime:4.308611
#IT Ite:191 KerTime:0.022591 AccTime:4.331202
#IT Ite:192 KerTime:0.022540 AccTime:4.353742
#IT Ite:193 KerTime:0.022415 AccTime:4.376157
#IT Ite:194 KerTime:0.022525 AccTime:4.398682
#IT Ite:195 KerTime:0.022493 AccTime:4.421175
#IT Ite:196 KerTime:0.022592 AccTime:4.443767
#IT Ite:197 KerTime:0.022499 AccTime:4.466266
#IT Ite:198 KerTime:0.022562 AccTime:4.488828
#IT Ite:199 KerTime:0.022506 AccTime:4.511334
#IT Ite:200 KerTime:0.022612 AccTime:4.533946
#IT Ite:201 KerTime:0.022557 AccTime:4.556503
#IT Ite:202 KerTime:0.022565 AccTime:4.579068
#IT Ite:203 KerTime:0.022498 AccTime:4.601566
#IT Ite:204 KerTime:0.022583 AccTime:4.624149
#IT Ite:205 KerTime:0.022498 AccTime:4.646647
#IT Ite:206 KerTime:0.022582 AccTime:4.669229
#IT Ite:207 KerTime:0.022523 AccTime:4.691752
#IT Ite:208 KerTime:0.022561 AccTime:4.714313
#IT Ite:209 KerTime:0.022557 AccTime:4.736870
#IT Ite:210 KerTime:0.022176 AccTime:4.759046
#IT Ite:211 KerTime:0.022460 AccTime:4.781506
#IT Ite:212 KerTime:0.022587 AccTime:4.804093
#IT Ite:213 KerTime:0.022476 AccTime:4.826569
#IT Ite:214 KerTime:0.022419 AccTime:4.848988
#IT Ite:215 KerTime:0.022550 AccTime:4.871538
#IT Ite:216 KerTime:0.022576 AccTime:4.894114
#IT Ite:217 KerTime:0.022371 AccTime:4.916485
#IT Ite:218 KerTime:0.022496 AccTime:4.938981
#IT Ite:219 KerTime:0.022531 AccTime:4.961512
#IT Ite:220 KerTime:0.022521 AccTime:4.984033
#IT Ite:221 KerTime:0.022520 AccTime:5.006553
#IT Ite:222 KerTime:0.022591 AccTime:5.029144
#IT Ite:223 KerTime:0.022531 AccTime:5.051675
#IT Ite:224 KerTime:0.022455 AccTime:5.074130
#IT Ite:225 KerTime:0.022516 AccTime:5.096646
#IT Ite:226 KerTime:0.022536 AccTime:5.119182
#IT Ite:227 KerTime:0.022547 AccTime:5.141729
#IT Ite:228 KerTime:0.022617 AccTime:5.164346
#IT Ite:229 KerTime:0.022546 AccTime:5.186892
#IT Ite:230 KerTime:0.022548 AccTime:5.209440
#IT Ite:231 KerTime:0.022360 AccTime:5.231800
#IT Ite:232 KerTime:0.022503 AccTime:5.254303
#IT Ite:233 KerTime:0.022485 AccTime:5.276788
#IT Ite:234 KerTime:0.022420 AccTime:5.299208
#IT Ite:235 KerTime:0.022513 AccTime:5.321721
#IT Ite:236 KerTime:0.022517 AccTime:5.344238
#IT Ite:237 KerTime:0.022668 AccTime:5.366906
#IT Ite:238 KerTime:0.022487 AccTime:5.389393
#IT Ite:239 KerTime:0.022546 AccTime:5.411939
#IT Ite:240 KerTime:0.022614 AccTime:5.434553
#IT Ite:241 KerTime:0.022321 AccTime:5.456874
#IT Ite:242 KerTime:0.022502 AccTime:5.479376
#IT Ite:243 KerTime:0.022566 AccTime:5.501942
#IT Ite:244 KerTime:0.022512 AccTime:5.524454
#IT Ite:245 KerTime:0.022449 AccTime:5.546903
#IT Ite:246 KerTime:0.022516 AccTime:5.569419
#IT Ite:247 KerTime:0.022489 AccTime:5.591908
#IT Ite:248 KerTime:0.022404 AccTime:5.614312
#IT Ite:249 KerTime:0.022582 AccTime:5.636894
#IT Ite:250 KerTime:0.022499 AccTime:5.659393
#IT Ite:251 KerTime:0.022443 AccTime:5.681836
#IT Ite:252 KerTime:0.022533 AccTime:5.704369
#IT Ite:253 KerTime:0.022570 AccTime:5.726939
#IT Ite:254 KerTime:0.022519 AccTime:5.749458
#IT Ite:255 KerTime:0.022453 AccTime:5.771911
#IT Ite:256 KerTime:0.022505 AccTime:5.794416
#IT Ite:257 KerTime:0.022570 AccTime:5.816986
#IT Ite:258 KerTime:0.022522 AccTime:5.839508
#IT Ite:259 KerTime:0.022525 AccTime:5.862033
#IT Ite:260 KerTime:0.022508 AccTime:5.884541
#IT Ite:261 KerTime:0.022532 AccTime:5.907073
#IT Ite:262 KerTime:0.022447 AccTime:5.929520
#IT Ite:263 KerTime:0.022541 AccTime:5.952061
#IT Ite:264 KerTime:0.022559 AccTime:5.974620
#IT Ite:265 KerTime:0.022413 AccTime:5.997033
#IT Ite:266 KerTime:0.022538 AccTime:6.019571
#IT Ite:267 KerTime:0.022542 AccTime:6.042113
#IT Ite:268 KerTime:0.022531 AccTime:6.064644
#IT Ite:269 KerTime:0.022502 AccTime:6.087146
#IT Ite:270 KerTime:0.022635 AccTime:6.109781
#IT Ite:271 KerTime:0.022595 AccTime:6.132376
#IT Ite:272 KerTime:0.023433 AccTime:6.155809
#IT Ite:273 KerTime:0.022385 AccTime:6.178194
#IT Ite:274 KerTime:0.022445 AccTime:6.200639
#IT Ite:275 KerTime:0.022368 AccTime:6.223007
#IT Ite:276 KerTime:0.022386 AccTime:6.245393
#IT Ite:277 KerTime:0.022408 AccTime:6.267801
#IT Ite:278 KerTime:0.022426 AccTime:6.290227
#IT Ite:279 KerTime:0.022236 AccTime:6.312463
#IT Ite:280 KerTime:0.022452 AccTime:6.334915
#IT Ite:281 KerTime:0.022393 AccTime:6.357308
#IT Ite:282 KerTime:0.022380 AccTime:6.379688
#IT Ite:283 KerTime:0.022427 AccTime:6.402115
#IT Ite:284 KerTime:0.022489 AccTime:6.424604
#IT Ite:285 KerTime:0.022361 AccTime:6.446965
#IT Ite:286 KerTime:0.022223 AccTime:6.469188
#IT Ite:287 KerTime:0.022353 AccTime:6.491541
#IT Ite:288 KerTime:0.022422 AccTime:6.513963
#IT Ite:289 KerTime:0.022428 AccTime:6.536391
#IT Ite:290 KerTime:0.022342 AccTime:6.558733
#IT Ite:291 KerTime:0.022340 AccTime:6.581073
#IT Ite:292 KerTime:0.022541 AccTime:6.603614
#ERR ./hog_hardened_ecc_on/opencv_src/hog.cu:248: error: (-217) unspecified launch failure in function compute_hists_ext

#END