#HEADER size:1024
#BEGIN Y:2016 M:12 D:14 Time:00:32:37
#IT Ite:0 KerTime:0.261441 AccTime:0.261441
#IT Ite:1 KerTime:0.261518 AccTime:0.522959
#IT Ite:2 KerTime:0.261532 AccTime:0.784491
#IT Ite:3 KerTime:0.261520 AccTime:1.046011
#IT Ite:4 KerTime:0.261514 AccTime:1.307525
#IT Ite:5 KerTime:0.261475 AccTime:1.569000
#IT Ite:6 KerTime:0.261456 AccTime:1.830456
#IT Ite:7 KerTime:0.261510 AccTime:2.091966
#IT Ite:8 KerTime:0.261450 AccTime:2.353416
#IT Ite:9 KerTime:0.261408 AccTime:2.614824
#IT Ite:10 KerTime:0.261410 AccTime:2.876234
#IT Ite:11 KerTime:0.261383 AccTime:3.137617
#IT Ite:12 KerTime:0.261436 AccTime:3.399053
#IT Ite:13 KerTime:0.261407 AccTime:3.660460
#IT Ite:14 KerTime:0.261382 AccTime:3.921842
#IT Ite:15 KerTime:0.261342 AccTime:4.183184
#IT Ite:16 KerTime:0.261408 AccTime:4.444592
#IT Ite:17 KerTime:0.261427 AccTime:4.706019
#IT Ite:18 KerTime:0.261420 AccTime:4.967439
#IT Ite:19 KerTime:0.261374 AccTime:5.228813
#IT Ite:20 KerTime:0.261404 AccTime:5.490217
#IT Ite:21 KerTime:0.261473 AccTime:5.751690
#IT Ite:22 KerTime:0.261447 AccTime:6.013137
#IT Ite:23 KerTime:0.261575 AccTime:6.274712
#IT Ite:24 KerTime:0.261442 AccTime:6.536154
#IT Ite:25 KerTime:0.261369 AccTime:6.797523
#IT Ite:26 KerTime:0.261437 AccTime:7.058960
#IT Ite:27 KerTime:0.261432 AccTime:7.320392
#IT Ite:28 KerTime:0.261407 AccTime:7.581799
#IT Ite:29 KerTime:0.261395 AccTime:7.843194
#IT Ite:30 KerTime:0.261443 AccTime:8.104637
#IT Ite:31 KerTime:0.261526 AccTime:8.366163
#IT Ite:32 KerTime:0.261448 AccTime:8.627611
#IT Ite:33 KerTime:0.261431 AccTime:8.889042
#IT Ite:34 KerTime:0.261388 AccTime:9.150430
#IT Ite:35 KerTime:0.261517 AccTime:9.411947
#IT Ite:36 KerTime:0.261471 AccTime:9.673418
#IT Ite:37 KerTime:0.261499 AccTime:9.934917
#IT Ite:38 KerTime:0.261459 AccTime:10.196376
#IT Ite:39 KerTime:0.261450 AccTime:10.457826
#IT Ite:40 KerTime:0.261446 AccTime:10.719272
#IT Ite:41 KerTime:0.261445 AccTime:10.980717
#IT Ite:42 KerTime:0.261484 AccTime:11.242201
#IT Ite:43 KerTime:0.261471 AccTime:11.503672
#IT Ite:44 KerTime:0.261460 AccTime:11.765132
#IT Ite:45 KerTime:0.261574 AccTime:12.026706
#IT Ite:46 KerTime:0.261454 AccTime:12.288160
#IT Ite:47 KerTime:0.261487 AccTime:12.549647
#IT Ite:48 KerTime:0.261392 AccTime:12.811039
#IT Ite:49 KerTime:0.261487 AccTime:13.072526
#IT Ite:50 KerTime:0.261480 AccTime:13.334006
#IT Ite:51 KerTime:0.261434 AccTime:13.595440
#IT Ite:52 KerTime:0.261492 AccTime:13.856932
#IT Ite:53 KerTime:0.261478 AccTime:14.118410
#ERR m: [928, 827], r: 1.0636019706726074e+00, e: 8.1167918443679810e-01
#ERR m: [928, 828], r: -9.4212901592254639e-01, e: -3.7342050671577454e-01
#ERR m: [928, 829], r: -1.9172300398349762e-01, e: 1.8644031286239624e+00
#ERR m: [928, 830], r: 8.4683904647827148e+00, e: 1.3925681114196777e+01
#ERR m: [928, 831], r: -8.5211700201034546e-01, e: -1.5249447822570801e+00
#ERR m: [928, 832], r: -2.6661920547485352e+00, e: -6.4161270856857300e-01
#ERR m: [928, 833], r: -2.0968699455261230e-01, e: 3.0524644255638123e-01
#ERR m: [928, 834], r: 1.9670720100402832e+00, e: 2.7207989692687988e+00
#ERR m: [928, 835], r: -2.3130371093750000e+01, e: -2.5484060287475586e+01
#ERR m: [928, 836], r: -2.0024359226226807e+00, e: -2.1976222991943359e+00
#ERR m: [928, 837], r: -1.8268829584121704e+00, e: 6.6317081451416016e-01
#ERR m: [928, 838], r: -1.7786018371582031e+01, e: -3.6994602203369141e+01
#ERR m: [928, 839], r: 1.0530284881591797e+01, e: 2.0298641204833984e+01
#ERR m: [928, 840], r: 6.4700195312500000e+01, e: 6.9138374328613281e+01
#ERR m: [928, 841], r: -2.0513010025024414e+00, e: -2.1130270957946777e+00
#ERR m: [928, 842], r: -6.6052299737930298e-01, e: 2.6012015342712402e+00
#ERR m: [928, 843], r: 1.6980719566345215e+00, e: -1.9040845632553101e+00
#ERR m: [928, 844], r: 1.7582799494266510e-01, e: -1.7420022189617157e-01
#ERR m: [928, 845], r: 1.0868879556655884e+00, e: 2.8628375530242920e+00
#ERR m: [928, 846], r: -2.3568689823150635e+00, e: -7.1956739425659180e+00
#ERR m: [928, 847], r: 1.0315220355987549e+00, e: 2.2195699214935303e+00
#ERR m: [928, 848], r: -2.6697039604187012e+00, e: -7.4742908477783203e+00
#ERR m: [928, 849], r: 1.3484829664230347e+00, e: 3.4816668033599854e+00
#ERR m: [928, 850], r: 5.7728171348571777e+00, e: 1.2400066375732422e+01
#ERR m: [928, 851], r: 1.3240840435028076e+00, e: 2.3585867881774902e+00
#ERR m: [928, 852], r: -1.5604510307312012e+00, e: -2.3638160526752472e-01
#ERR m: [928, 853], r: -7.5132197141647339e-01, e: -1.3171183586120605e+01
#ERR m: [928, 854], r: -1.3337600231170654e-01, e: -1.9228286743164062e+00
#ERR m: [928, 855], r: 1.8190790414810181e+00, e: -5.9766656160354614e-01
#ERR m: [928, 856], r: 6.5340337753295898e+00, e: -1.2251846313476562e+01
#ERR m: [928, 857], r: -2.4214971065521240e+00, e: 5.5947856903076172e+00
#ERR m: [928, 858], r: -7.2762399911880493e-01, e: 2.7144851684570312e+00
#ERR m: [928, 859], r: -1.3600649833679199e+00, e: 2.0390710830688477e+00
#ERR m: [928, 860], r: 3.6775379180908203e+00, e: -1.7034139633178711e+00
#ERR m: [928, 861], r: -1.3529820442199707e+00, e: 1.0925912857055664e-01
#ERR m: [928, 862], r: 7.8620390892028809e+00, e: -2.6334872245788574e+00
#ERR m: [928, 863], r: 1.3993500471115112e+00, e: -6.1685800552368164e-01
#ERR m: [928, 864], r: 5.5727001279592514e-02, e: -1.5652295947074890e-01
#ERR m: [928, 865], r: -1.3328807830810547e+01, e: -5.1330170631408691e+00
#ERR m: [928, 866], r: -1.4843369722366333e+00, e: -1.6358969211578369e+00
#ERR m: [928, 867], r: 3.4744700789451599e-01, e: 1.0786964893341064e+00
#ERR m: [928, 868], r: -1.8829231262207031e+01, e: -1.0647068977355957e+01
#ERR m: [928, 869], r: -3.9864048957824707e+00, e: -4.8060798645019531e+00
#ERR m: [928, 870], r: 2.2748899459838867e-01, e: -5.8596964925527573e-02
#ERR m: [928, 871], r: -4.8074400424957275e-01, e: -6.3862520456314087e-01
#ERR m: [928, 872], r: -3.5857629776000977e+00, e: 8.2432050704956055e+00
#ERR m: [928, 873], r: -8.3886998891830444e-01, e: -2.8078956604003906e+00
#ERR m: [928, 874], r: -1.9138309955596924e+00, e: -1.0490117073059082e+00
#ERR m: [928, 875], r: 3.3337199687957764e-01, e: 2.2610912322998047e+00
#ERR m: [928, 876], r: 5.6727898120880127e-01, e: 8.7246036529541016e-01
#ERR m: [928, 877], r: 1.1332739591598511e+00, e: 9.9550551176071167e-01
#ERR m: [928, 878], r: -1.1613659858703613e+00, e: 3.6218246817588806e-01
#ERR m: [928, 879], r: 8.1298999488353729e-02, e: 9.8548792302608490e-02
#ERR m: [928, 880], r: -1.2301009893417358e+00, e: -4.6971586346626282e-01
#ERR m: [928, 881], r: 2.3374700546264648e-01, e: 8.6073631048202515e-01
#ERR m: [928, 882], r: -1.7553809881210327e+00, e: -3.8518092632293701e+00
#ERR m: [928, 883], r: 6.7131171226501465e+00, e: 1.1788426399230957e+01
#ERR m: [928, 884], r: 1.9665099680423737e-01, e: 3.5926553606987000e-01
#ERR m: [928, 885], r: 4.1344600915908813e-01, e: 9.4484722614288330e-01
#ERR m: [928, 886], r: 1.6055769920349121e+00, e: 1.1203466653823853e+00
#ERR m: [928, 887], r: 6.5002697706222534e-01, e: 1.0895479917526245e+00
#ERR m: [928, 888], r: -6.1745202541351318e-01, e: -1.2619721889495850e+00
#ERR m: [928, 889], r: 6.8033897876739502e-01, e: -1.7446775734424591e-01
#ERR m: [928, 890], r: -5.3576898574829102e-01, e: -2.9580718278884888e-01
#ERR m: [928, 891], r: 8.8498300313949585e-01, e: 9.6610069274902344e-01
#ERR m: [928, 892], r: -1.1652900278568268e-01, e: -1.2035096883773804e+00
#ERR m: [928, 893], r: -1.0358049869537354e+00, e: -2.2749195098876953e+00
#ERR m: [928, 894], r: 1.0522600263357162e-01, e: 2.6483449339866638e-01
#ERR m: [928, 895], r: -3.5233430862426758e+00, e: -5.5466265678405762e+00
#ERR m: [928, 896], r: -7.2915899753570557e-01, e: -1.2152967453002930e+00
#ERR m: [928, 897], r: -8.3452999591827393e-02, e: -9.3587219715118408e-02
#ERR m: [928, 898], r: 6.4773999154567719e-02, e: 3.8508334755897522e-01
#ERR m: [928, 899], r: -4.5459800958633423e-01, e: 7.5323204994201660e+00
#ERR m: [928, 900], r: 3.3674201369285583e-01, e: 7.4277299642562866e-01
#ERR m: [928, 901], r: 3.1004801392555237e-01, e: -2.9424586296081543e+00
#ERR m: [928, 902], r: -1.5575952529907227e+01, e: 4.4490749359130859e+01
#ERR m: [928, 903], r: 8.0690135955810547e+00, e: -2.1363393783569336e+01
#ERR m: [928, 904], r: -6.4578002691268921e-01, e: 2.1158347129821777e+00
#ERR m: [928, 905], r: -8.7868032455444336e+00, e: 2.4831624984741211e+01
#ERR m: [928, 906], r: 7.6569002866744995e-01, e: -1.5202666819095612e-01
#ERR m: [928, 907], r: 8.8557302951812744e-01, e: 2.9838078022003174e+00
#ERR m: [928, 908], r: 4.2673200368881226e-01, e: -1.1545382499694824e+01
#ERR m: [928, 909], r: -1.0188239812850952e+00, e: -4.4392504692077637e+00
#ERR m: [928, 910], r: -2.2816899418830872e-01, e: 1.0985283851623535e+00
#ERR m: [928, 911], r: -1.4425679445266724e+00, e: -1.0208397865295410e+01
#ERR m: [928, 912], r: 2.1382780075073242e+00, e: 1.6746492385864258e+01
#ERR m: [928, 913], r: -2.1340599656105042e-01, e: -3.1667108535766602e+00
#ERR m: [928, 914], r: -9.0921199321746826e-01, e: 1.2100878715515137e+01
#ERR m: [928, 915], r: -9.3629002571105957e-01, e: 2.0647260665893555e+01
#ERR m: [928, 916], r: -6.3818401098251343e-01, e: -2.3914082050323486e+00
#ERR m: [928, 917], r: -3.0420500040054321e-01, e: -3.8950614929199219e+00
#ERR m: [928, 918], r: 9.6569097042083740e-01, e: -3.6700036525726318e+00
#ERR m: [928, 919], r: 1.1507259607315063e+00, e: -4.5892879366874695e-01
#ERR m: [928, 920], r: -2.2782737731933594e+01, e: -3.9940776824951172e+01
#ERR m: [928, 921], r: -2.0868615722656250e+02, e: -4.3833090209960938e+02
#ERR m: [928, 922], r: -7.1825200319290161e-01, e: -1.4929313659667969e+00
#ERR m: [928, 923], r: -5.5934399366378784e-01, e: -4.7045331001281738e+00
#ERR m: [928, 924], r: 2.2025300562381744e-01, e: 8.7633240222930908e-01
#ERR m: [928, 925], r: -3.7423598766326904e-01, e: 7.5218141078948975e-01
#ERR m: [928, 926], r: 6.3070398569107056e-01, e: 3.5857255458831787e+00
#ERR m: [928, 927], r: -3.0282101035118103e-01, e: -1.3796501159667969e+00
#ERR m: [929, 928], r: 6.0499999672174454e-03, e: -1.7961056437343359e-03
#ERR m: [930, 928], r: -5.9257569313049316e+00, e: 1.7590873241424561e+00
#ERR m: [930, 929], r: 7.5463356018066406e+01, e: -3.5198068237304688e+02
#ERR m: [931, 928], r: -1.9656300544738770e+00, e: 5.8350610733032227e-01
#ERR m: [931, 929], r: 2.4682397842407227e+01, e: -1.1696325683593750e+02
#ERR m: [931, 930], r: 3.2682400941848755e-01, e: 3.3237382769584656e-01
#ERR m: [932, 928], r: -3.9538559913635254e+00, e: 1.1737198829650879e+00
#ERR m: [932, 929], r: 1.0238348388671875e+02, e: -2.0390519714355469e+02
#ERR m: [932, 930], r: 1.3735460042953491e+00, e: 5.7293635606765747e-01
#ERR m: [932, 931], r: 4.4709401130676270e+00, e: 1.0677165985107422e+00
#ERR m: [933, 928], r: 3.9299398660659790e-01, e: -1.1666191369295120e-01
#ERR m: [933, 929], r: 7.4324485778808594e+01, e: 7.0526885986328125e+01
#ERR m: [933, 930], r: 9.5415097475051880e-01, e: -1.9775763154029846e-01
#ERR m: [933, 931], r: 4.3945331573486328e+00, e: -4.5535174012184143e-01
#ERR m: [933, 932], r: 5.7177501916885376e-01, e: -6.9470688700675964e-02
#ERR m: [934, 928], r: -3.3987700939178467e+00, e: 1.0089399814605713e+00
#ERR m: [934, 929], r: 7.0534500122070312e+01, e: -1.8567271423339844e+02
#ERR m: [934, 930], r: 9.5354700088500977e-01, e: 5.2197319269180298e-01
#ERR m: [934, 931], r: 2.7533841133117676e+00, e: 9.1100233793258667e-01
#ERR m: [934, 932], r: 6.9206202030181885e-01, e: 8.0530750751495361e-01
#ERR m: [934, 933], r: -4.5088801383972168e+00, e: -3.6261972784996033e-01
#ERR m: [935, 928], r: 2.2818410396575928e+00, e: -6.7737460136413574e-01
#ERR m: [935, 929], r: 2.2253629684448242e+01, e: 1.6605755615234375e+02
#ERR m: [935, 930], r: 2.9253500699996948e-01, e: -4.7392320632934570e-01
#ERR m: [935, 931], r: 2.8835129737854004e+00, e: -3.4258109331130981e-01
#ERR m: [935, 932], r: 5.3233402967453003e-01, e: 2.2000233829021454e-01
#ERR m: [935, 933], r: 6.0544857978820801e+00, e: 7.2609603404998779e-01
#ERR m: [935, 934], r: -1.4101389646530151e+00, e: 8.4226649999618530e-01
#ERR m: [936, 928], r: 2.6524829864501953e+00, e: -7.8740149736404419e-01
#ERR m: [936, 929], r: 6.1844468116760254e+00, e: 1.8132287597656250e+02
#ERR m: [936, 930], r: 6.9969996809959412e-02, e: -5.1460099220275879e-01
#ERR m: [936, 931], r: 1.6101030111312866e+00, e: -8.3692932128906250e-01
#ERR m: [936, 932], r: 2.2164200246334076e-01, e: -1.5213872492313385e-01
#ERR m: [936, 933], r: -6.1634712219238281e+00, e: 2.9323112964630127e-01
#ERR m: [936, 934], r: 1.5904849767684937e+00, e: 9.9149394035339355e-01
#ERR m: [936, 935], r: -5.1025571823120117e+00, e: 5.8150273561477661e-01
#ERR m: [937, 928], r: -4.4698238372802734e+00, e: 1.3268872499465942e+00
#ERR m: [937, 929], r: -6.0667003631591797e+01, e: -3.3544076538085938e+02
#ERR m: [937, 930], r: -7.7278798818588257e-01, e: 9.5229393243789673e-01
#ERR m: [937, 931], r: -6.1854500770568848e+00, e: 1.0686084032058716e+00
#ERR m: [937, 932], r: -9.3356102705001831e-01, e: -3.3308461308479309e-02
#ERR m: [937, 933], r: 1.0191209793090820e+01, e: -9.0603309869766235e-01
#ERR m: [937, 934], r: -2.7263510227203369e+00, e: -1.8274073600769043e+00
#ERR m: [937, 935], r: 4.3541159629821777e+00, e: -2.9384711384773254e-01
#ERR m: [937, 936], r: -7.3338001966476440e-01, e: -4.7019263729453087e-03
#ERR m: [938, 928], r: -1.2355790138244629e+00, e: 3.6678701639175415e-01
#ERR m: [938, 929], r: -1.8515939712524414e+01, e: -9.3763244628906250e+01
#ERR m: [938, 930], r: -2.3546400666236877e-01, e: 2.6599791646003723e-01
#ERR m: [938, 931], r: -1.4298870563507080e+00, e: 6.7036432027816772e-01
#ERR m: [938, 932], r: -9.1660998761653900e-02, e: 3.0322369933128357e-01
#ERR m: [938, 933], r: 2.2231782913208008e+01, e: 3.6518433690071106e-01
#ERR m: [938, 934], r: -5.5697321891784668e+00, e: -2.3895397782325745e-01
#ERR m: [938, 935], r: 1.6289293289184570e+01, e: -7.2705335915088654e-02
#ERR m: [938, 936], r: -2.6506481170654297e+00, e: -6.8142181634902954e-01
#ERR m: [938, 937], r: 1.2104799747467041e+00, e: 8.4158217906951904e-01
#ERR m: [939, 928], r: -1.5064599514007568e+00, e: 4.4719925522804260e-01
#ERR m: [939, 929], r: 2.6034185791015625e+02, e: 5.3955036163330078e+01
#ERR m: [939, 930], r: 3.3944900035858154e+00, e: -1.5366837382316589e-01
#ERR m: [939, 931], r: 1.4361620903015137e+01, e: -5.9608501195907593e-01
#ERR m: [939, 932], r: 2.1881520748138428e+00, e: 5.2963209152221680e-01
#ERR m: [939, 933], r: -2.4707529067993164e+01, e: 1.4145119190216064e+00
#ERR m: [939, 934], r: 6.6970849037170410e+00, e: -4.5352548360824585e-01
#ERR m: [939, 935], r: -1.4489119529724121e+01, e: -1.1922354698181152e+00
#ERR m: [939, 936], r: 1.9405809640884399e+00, e: -1.5044969320297241e+00
#ERR m: [939, 937], r: -3.6970028877258301e+00, e: -3.4419219493865967e+00
#ERR m: [939, 938], r: -1.8707029819488525e+00, e: -3.3225600719451904e+00
#ERR m: [940, 928], r: 8.1783998012542725e-01, e: -2.4277955293655396e-01
#ERR m: [940, 929], r: -1.8068135070800781e+02, e: -5.2693115234375000e+01
#ERR m: [940, 930], r: -2.3502008914947510e+00, e: 1.4888717234134674e-01
#ERR m: [940, 931], r: -1.1203927993774414e+01, e: -6.4379715919494629e-01
#ERR m: [940, 932], r: -1.7434730529785156e+00, e: -7.2183817625045776e-01
#ERR m: [940, 933], r: 1.5614548683166504e+01, e: -8.5439765453338623e-01
#ERR m: [940, 934], r: -4.4653058052062988e+00, e: 4.4212703704833984e+00
#ERR m: [940, 935], r: 1.3389876365661621e+01, e: 2.2905716896057129e+00
#ERR m: [940, 936], r: -1.6937190294265747e+00, e: 5.4381859302520752e-01
#ERR m: [940, 937], r: 2.4152700901031494e+00, e: 2.2529211044311523e+00
#ERR m: [940, 938], r: 1.4912879467010498e+00, e: 2.7857794761657715e+00
#ERR m: [940, 939], r: -1.3515437126159668e+01, e: -3.7508084774017334e+00
#ERR m: [941, 928], r: -8.3350877761840820e+00, e: 2.4743077754974365e+00
#ERR m: [941, 929], r: 9.5240798950195312e+01, e: -5.0157723999023438e+02
#ERR m: [941, 930], r: 1.2787679433822632e+00, e: 1.4219304323196411e+00
#ERR m: [941, 931], r: 7.5599300861358643e-01, e: 1.3289583921432495e+00
#ERR m: [941, 932], r: 1.8047499656677246e-01, e: 4.4260391592979431e-01
#ERR m: [941, 933], r: -1.0888790130615234e+01, e: -8.5881745815277100e-01
#ERR m: [941, 934], r: 2.5989809036254883e+00, e: -6.4230066537857056e-01
#ERR m: [941, 935], r: -6.4714899063110352e+00, e: -5.5726438760757446e-01
#ERR m: [941, 936], r: 8.8473498821258545e-01, e: -4.6086987853050232e-01
#ERR m: [941, 937], r: -2.0083099603652954e-01, e: 2.0605555176734924e-01
#ERR m: [941, 938], r: -2.3211200535297394e-01, e: 8.3984845876693726e-01
#ERR m: [941, 939], r: 9.0116500854492188e+00, e: 1.4699965715408325e+00
#ERR m: [941, 940], r: -8.9030599594116211e-01, e: -6.9261318445205688e-01
#ERR m: [942, 928], r: 4.1357359886169434e+00, e: -1.2277115583419800e+00
#ERR m: [942, 929], r: -1.4575506591796875e+02, e: 1.9028947448730469e+02
#ERR m: [942, 930], r: -1.9351170063018799e+00, e: -5.3500449657440186e-01
#ERR m: [942, 931], r: -6.5332641601562500e+00, e: -6.1109757423400879e-01
#ERR m: [942, 932], r: -1.1562989950180054e+00, e: -7.1753215789794922e-01
#ERR m: [942, 933], r: -8.4351199865341187e-01, e: -6.9105702638626099e-01
#ERR m: [942, 934], r: 4.1880002245306969e-03, e: 5.9103024005889893e-01
#ERR m: [942, 935], r: 2.4783029556274414e+00, e: -1.2805394828319550e-01
#ERR m: [942, 936], r: -1.0640899837017059e-01, e: 2.9358348846435547e+00
#ERR m: [942, 937], r: -3.0416000634431839e-02, e: -1.0700830221176147e+00
#ERR m: [942, 938], r: 7.9922699928283691e-01, e: -1.6861779689788818e+00
#ERR m: [942, 939], r: -1.0240620374679565e+00, e: 1.0921005010604858e+00
#ERR m: [942, 940], r: 2.1702000498771667e-01, e: 2.1652771532535553e-01
#ERR m: [942, 941], r: -2.7126398682594299e-01, e: -8.6693066358566284e-01
#ERR m: [943, 928], r: -2.6499691009521484e+00, e: 7.8665512800216675e-01
#ERR m: [943, 929], r: -4.0812053680419922e+01, e: -2.0175041198730469e+02
#ERR m: [943, 930], r: -5.1299101114273071e-01, e: 5.7096523046493530e-01
#ERR m: [943, 931], r: -4.3508820533752441e+00, e: 2.1783185005187988e-01
#ERR m: [943, 932], r: -3.5249900817871094e-01, e: 3.9144507050514221e-01
#ERR m: [943, 933], r: 3.2257369995117188e+01, e: 2.7467599511146545e-01
#ERR m: [943, 934], r: -8.2293872833251953e+00, e: 1.0616959333419800e+00
#ERR m: [943, 935], r: 2.6965251922607422e+01, e: 1.2304710596799850e-01
#ERR m: [943, 936], r: -4.3601188659667969e+00, e: -1.2304726839065552e+00
#ERR m: [943, 937], r: 1.1117589473724365e+00, e: 3.2471361756324768e-01
#ERR m: [943, 938], r: 1.8766230344772339e+00, e: 1.5603976249694824e+00
#ERR m: [943, 939], r: -3.4398488998413086e+00, e: -6.1067098379135132e-01
#ERR m: [943, 940], r: 5.4363799095153809e-01, e: 1.1809762567281723e-01
#ERR m: [943, 941], r: -2.0552649497985840e+00, e: -1.8394521474838257e+00
#ERR m: [943, 942], r: -7.1165400743484497e-01, e: -5.2615231275558472e-01
#ERR m: [944, 928], r: -5.5477000772953033e-02, e: 1.6468640416860580e-02
#ERR m: [944, 929], r: -5.5886348724365234e+01, e: -3.6955730438232422e+01
#ERR m: [944, 930], r: -7.3952102661132812e-01, e: 1.0769508033990860e-01
#ERR m: [944, 931], r: -2.9293270111083984e+00, e: 6.3078171014785767e-01
#ERR m: [944, 932], r: -6.4562898874282837e-01, e: -3.4468427300453186e-01
#ERR m: [944, 933], r: -3.1125431060791016e+01, e: -1.7855707406997681e+00
#ERR m: [944, 934], r: 7.5134601593017578e+00, e: -3.6307021975517273e-01
#ERR m: [944, 935], r: -2.0032991409301758e+01, e: -5.9962660074234009e-01
#ERR m: [944, 936], r: 3.2751049995422363e+00, e: 2.0325624942779541e+00
#ERR m: [944, 937], r: -1.8910429477691650e+00, e: -1.9368777275085449e+00
#ERR m: [944, 938], r: -1.1682660579681396e+00, e: -2.7593424320220947e+00
#ERR m: [944, 939], r: 3.2205519676208496e+00, e: 1.5770678520202637e+00
#ERR m: [944, 940], r: -1.4098900556564331e-01, e: -1.8678805232048035e-01
#ERR m: [944, 941], r: 1.4071700572967529e+00, e: 5.0439772605895996e+00
#ERR m: [944, 942], r: 5.1370167732238770e+00, e: -8.3526790142059326e-01
#ERR m: [944, 943], r: -2.5858979225158691e+00, e: -7.0537889003753662e-01
#ERR m: [945, 928], r: -7.8932418823242188e+00, e: 2.3431441783905029e+00
#ERR m: [945, 929], r: 2.1903704833984375e+02, e: -3.9835363769531250e+02
#ERR m: [945, 930], r: 2.8976531028747559e+00, e: 1.1266814470291138e+00
#ERR m: [945, 931], r: 9.5261220932006836e+00, e: 2.0064172744750977e+00
#ERR m: [945, 932], r: 1.7660729885101318e+00, e: 1.4327924251556396e+00
#ERR m: [945, 933], r: -4.9561557769775391e+00, e: 2.8466501832008362e-01
#ERR m: [945, 934], r: 1.5168789625167847e+00, e: -3.0388350486755371e+00
#ERR m: [945, 935], r: -2.2553780078887939e+00, e: -1.9818149805068970e+00
#ERR m: [945, 936], r: -3.7637600302696228e-01, e: -4.0439510345458984e+00
#ERR m: [945, 937], r: -2.4270219802856445e+00, e: -1.7824621200561523e+00
#ERR m: [945, 938], r: -1.9375649690628052e+00, e: -2.1721889972686768e+00
#ERR m: [945, 939], r: -2.0926280021667480e+00, e: -3.4892603754997253e-01
#ERR m: [945, 940], r: -1.4743199944496155e-01, e: 3.9899855852127075e-01
#ERR m: [945, 941], r: 2.6549429893493652e+00, e: 2.4128327369689941e+00
#ERR m: [945, 942], r: -6.8140120506286621e+00, e: -2.9785869121551514e+00
#ERR m: [945, 943], r: 1.7896050214767456e+00, e: 5.9006690979003906e-01
#ERR m: [945, 944], r: -2.9765269756317139e+00, e: 1.2284929752349854e+00
#ERR m: [946, 928], r: 1.2538019418716431e+00, e: -3.7219664454460144e-01
#ERR m: [946, 929], r: -1.4117202758789062e+02, e: 3.9562261663377285e-03
#ERR m: [946, 930], r: -1.8437910079956055e+00, e: 5.8503902982920408e-04
#ERR m: [946, 931], r: -7.9052290916442871e+00, e: -1.1996648460626602e-01
#ERR m: [946, 932], r: -1.1646490097045898e+00, e: -3.2076075673103333e-01
#ERR m: [946, 933], r: 1.8677122116088867e+01, e: -4.5757424831390381e-01
#ERR m: [946, 934], r: -4.9145860671997070e+00, e: 4.8349136114120483e-01
#ERR m: [946, 935], r: 1.6488801956176758e+01, e: -7.2551734745502472e-02
#ERR m: [946, 936], r: -2.6759560108184814e+00, e: -6.2238734960556030e-01
#ERR m: [946, 937], r: -1.6008099913597107e-01, e: -8.9635920524597168e-01
#ERR m: [946, 938], r: 9.6263200044631958e-01, e: -3.0936589837074280e-01
#ERR m: [946, 939], r: -5.1867461204528809e+00, e: -4.9711078405380249e-01
#ERR m: [946, 940], r: 9.6824997663497925e-01, e: 1.5035611391067505e-01
#ERR m: [946, 941], r: -2.2786109447479248e+00, e: 1.8451467752456665e+00
#ERR m: [946, 942], r: 3.5903410911560059e+00, e: -1.9945888519287109e+00
#ERR m: [946, 943], r: -1.2654370069503784e+00, e: 5.6631225347518921e-01
#ERR m: [946, 944], r: 1.0621750354766846e+00, e: 9.0376925468444824e-01
#ERR m: [946, 945], r: 1.7239400744438171e-01, e: 2.4224404990673065e-01
#ERR m: [947, 928], r: 5.0602400302886963e-01, e: -1.5021543204784393e-01
#ERR m: [947, 929], r: -1.8087670898437500e+02, e: -7.3692565917968750e+01
#ERR m: [947, 930], r: -2.3574740886688232e+00, e: 2.0978774130344391e-01
#ERR m: [947, 931], r: -1.0890518188476562e+01, e: -5.6481331586837769e-02
#ERR m: [947, 932], r: -1.6802589893341064e+00, e: -5.5063009262084961e-01
#ERR m: [947, 933], r: 1.4888851165771484e+01, e: -1.0466996431350708e+00
#ERR m: [947, 934], r: -4.1334757804870605e+00, e: 1.0927892923355103e+00
#ERR m: [947, 935], r: 1.0826395034790039e+01, e: 8.2993829250335693e-01
#ERR m: [947, 936], r: -1.5468750000000000e+00, e: 2.8307166695594788e-01
#ERR m: [947, 937], r: 2.2505619525909424e+00, e: 2.1859209537506104e+00
#ERR m: [947, 938], r: 9.6019202470779419e-01, e: 1.9267071485519409e+00
#ERR m: [947, 939], r: -1.3247432708740234e+01, e: -3.5153675079345703e+00
#ERR m: [947, 940], r: 9.9177002906799316e-01, e: 9.9998575448989868e-01
#ERR m: [947, 941], r: -5.3513997793197632e-01, e: -1.8148998022079468e+00
#ERR m: [947, 942], r: -8.7532597780227661e-01, e: 7.3105454444885254e-01
#ERR m: [947, 943], r: 1.2631900608539581e-01, e: -4.1565597057342529e-01
#ERR m: [947, 944], r: -4.8119001090526581e-02, e: -4.7976827621459961e-01
#ERR m: [947, 945], r: 3.4124699234962463e-01, e: 4.8890006542205811e-01
#ERR m: [947, 946], r: 1.6994123458862305e+01, e: 1.6372323608398438e+02
#ERR m: [948, 928], r: 5.3276319503784180e+00, e: -1.5815312862396240e+00
#ERR m: [948, 929], r: -1.2752430725097656e+02, e: 2.8095758056640625e+02
#ERR m: [948, 930], r: -1.6867539882659912e+00, e: -7.9581117630004883e-01
#ERR m: [948, 931], r: -4.9892082214355469e+00, e: -1.2016848325729370e+00
#ERR m: [948, 932], r: -8.4058797359466553e-01, e: -6.3593131303787231e-01
#ERR m: [948, 933], r: 8.3405342102050781e+00, e: 5.2667401731014252e-02
#ERR m: [948, 934], r: -2.2449018955230713e+00, e: 2.1870033740997314e+00
#ERR m: [948, 935], r: 8.2780466079711914e+00, e: 8.6194765567779541e-01
#ERR m: [948, 936], r: -1.1588029861450195e+00, e: 1.0178152471780777e-01
#ERR m: [948, 937], r: 8.4163600206375122e-01, e: 6.2188851833343506e-01
#ERR m: [948, 938], r: 9.7048997879028320e-01, e: 1.4320218563079834e+00
#ERR m: [948, 939], r: -6.3228611946105957e+00, e: -1.6779896020889282e+00
#ERR m: [948, 940], r: 6.1338400840759277e-01, e: 3.8259893655776978e-01
#ERR m: [948, 941], r: -1.2912609577178955e+00, e: -1.5662707090377808e+00
#ERR m: [948, 942], r: 2.9258060455322266e+00, e: 1.6169720888137817e+00
#ERR m: [948, 943], r: -9.8305600881576538e-01, e: -5.9735655784606934e-01
#ERR m: [948, 944], r: 1.4168050289154053e+00, e: -7.6191508769989014e-01
#ERR m: [948, 945], r: -8.1918001174926758e-02, e: 6.3135460019111633e-02
#ERR m: [948, 946], r: 1.3337220191955566e+01, e: 1.2437648773193359e+02
#ERR m: [948, 947], r: 7.9333102703094482e-01, e: 7.6939117908477783e-01
#ERR m: [949, 928], r: 2.9648559093475342e+00, e: -8.8013064861297607e-01
#ERR m: [949, 929], r: -6.4208724975585938e+01, e: 1.6037467956542969e+02
#ERR m: [949, 930], r: -8.5163199901580811e-01, e: -4.5409554243087769e-01
#ERR m: [949, 931], r: -2.9033679962158203e+00, e: -1.1978889703750610e+00
#ERR m: [949, 932], r: -5.5899298191070557e-01, e: -6.0246711969375610e-01
#ERR m: [949, 933], r: -1.2388115882873535e+01, e: -4.6699315309524536e-01
#ERR m: [949, 934], r: 2.9730520248413086e+00, e: 1.2093379497528076e+00
#ERR m: [949, 935], r: -1.3031018257141113e+01, e: 1.3629750013351440e+00
#ERR m: [949, 936], r: 2.3382198810577393e+00, e: 6.6104370355606079e-01
#ERR m: [949, 937], r: 8.8651400804519653e-01, e: 1.6745607852935791e+00
#ERR m: [949, 938], r: -8.7308198213577271e-01, e: 6.8215525150299072e-01
#ERR m: [949, 939], r: -5.4258270263671875e+00, e: -2.0574581623077393e+00
#ERR m: [949, 940], r: 6.9630001671612263e-03, e: 5.7346701622009277e-01
#ERR m: [949, 941], r: 2.3237009048461914e+00, e: 1.1213570833206177e+00
#ERR m: [949, 942], r: -1.1121514320373535e+01, e: -4.1415772438049316e+00
#ERR m: [949, 943], r: 3.9076390266418457e+00, e: 1.7659790515899658e+00
#ERR m: [949, 944], r: -4.4565057754516602e+00, e: 1.5088351964950562e+00
#ERR m: [949, 945], r: 5.6322300434112549e-01, e: 2.7875140309333801e-01
#ERR m: [949, 946], r: -3.6264972686767578e+01, e: -3.5370730590820312e+02
#ERR m: [949, 947], r: -2.2949988842010498e+00, e: -2.2088632583618164e+00
#ERR m: [949, 948], r: 3.4248882293701172e+01, e: -4.9914150238037109e+00
#ERR m: [950, 928], r: 1.6556960344314575e+00, e: -4.9150082468986511e-01
#ERR m: [950, 929], r: -1.3875529766082764e+00, e: 1.1006147003173828e+02
#ERR m: [950, 930], r: -3.4678000956773758e-02, e: -3.1015092134475708e-01
#ERR m: [950, 931], r: 1.1698750257492065e+00, e: 7.3288502171635628e-03
#ERR m: [950, 932], r: -4.7479998320341110e-03, e: -2.6502177119255066e-01
#ERR m: [950, 933], r: -2.2721706390380859e+01, e: -5.8711981773376465e-01
#ERR m: [950, 934], r: 5.7683248519897461e+00, e: -1.9756346940994263e+00
#ERR m: [950, 935], r: -1.5762398719787598e+01, e: -1.2787179946899414e+00
#ERR m: [950, 936], r: 2.3904569149017334e+00, e: 1.0282733440399170e+00
#ERR m: [950, 937], r: -2.1887760162353516e+00, e: -2.2675583362579346e+00
#ERR m: [950, 938], r: -1.5512959957122803e+00, e: -3.7238881587982178e+00
#ERR m: [950, 939], r: 9.6528202295303345e-01, e: 1.3760890960693359e+00
#ERR m: [950, 940], r: 4.2902000248432159e-02, e: 4.1499223560094833e-02
#ERR m: [950, 941], r: 9.5005297660827637e-01, e: 3.0742590427398682e+00
#ERR m: [950, 942], r: -4.8282399773597717e-01, e: -2.1208939552307129e+00
#ERR m: [950, 943], r: -3.4128600358963013e-01, e: 1.9781506061553955e-01
#ERR m: [950, 944], r: -9.4805699586868286e-01, e: 1.2721318006515503e+00
#ERR m: [950, 945], r: 4.1817501187324524e-01, e: 3.8169658184051514e-01
#ERR m: [950, 946], r: -4.1112627983093262e+00, e: -3.9510551452636719e+01
#ERR m: [950, 947], r: -2.7845901250839233e-01, e: -2.5411692261695862e-01
#ERR m: [950, 948], r: 1.2032106399536133e+01, e: -1.5003925561904907e+00
#ERR m: [950, 949], r: 2.5640100240707397e-01, e: -1.6130834817886353e-01
#ERR m: [951, 928], r: 7.3109688758850098e+00, e: -2.1702935695648193e+00
#ERR m: [951, 929], r: -4.6152187347412109e+01, e: 4.6218615722656250e+02
#ERR m: [951, 930], r: -6.2895101308822632e-01, e: -1.3117369413375854e+00
#ERR m: [951, 931], r: 1.2676299810409546e+00, e: -1.5765105485916138e+00
#ERR m: [951, 932], r: 1.0171999782323837e-01, e: -4.4986242055892944e-01
#ERR m: [951, 933], r: -1.1107423782348633e+01, e: 3.4634494781494141e-01
#ERR m: [951, 934], r: 2.7926659584045410e+00, e: 2.2479543685913086e+00
#ERR m: [951, 935], r: -6.0856809616088867e+00, e: 7.8206950426101685e-01
#ERR m: [951, 936], r: 1.1091840267181396e+00, e: 2.5325673818588257e-01
#ERR m: [951, 937], r: -1.1081700325012207e+00, e: -1.0917277336120605e+00
#ERR m: [951, 938], r: -3.9715000987052917e-01, e: -8.3111947774887085e-01
#ERR m: [951, 939], r: -5.8517389297485352e+00, e: -1.0941802263259888e+00
#ERR m: [951, 940], r: 5.4245197772979736e-01, e: 4.4989025592803955e-01
#ERR m: [951, 941], r: 3.2667100429534912e-01, e: 2.0902957916259766e+00
#ERR m: [951, 942], r: -2.7067120075225830e+00, e: -2.8417494297027588e+00
#ERR m: [951, 943], r: 8.1831002235412598e-01, e: 9.1645830869674683e-01
#ERR m: [951, 944], r: -1.4277679920196533e+00, e: 1.2332923412322998e+00
#ERR m: [951, 945], r: 2.5663998723030090e-01, e: 1.3149167597293854e-01
#ERR m: [951, 946], r: -4.1389222145080566e+00, e: -2.7285116195678711e+01
#ERR m: [951, 947], r: -2.1946899592876434e-01, e: -1.7903216183185577e-01
#ERR m: [951, 948], r: -5.5585589408874512e+00, e: -1.5417399406433105e+00
#ERR m: [951, 949], r: -2.0712800323963165e-01, e: -7.0215189456939697e-01
#ERR m: [951, 950], r: 5.7687699794769287e-01, e: 2.2795925140380859e+00
#ERR m: [952, 928], r: 7.5589799880981445e-01, e: -2.2439157962799072e-01
#ERR m: [952, 929], r: 7.7290374755859375e+01, e: 9.6595672607421875e+01
#ERR m: [952, 930], r: 9.9556398391723633e-01, e: -2.7267518639564514e-01
#ERR m: [952, 931], r: 4.1513338088989258e+00, e: -1.1726164817810059e+00
#ERR m: [952, 932], r: 6.5981000661849976e-01, e: -1.9957188516855240e-02
#ERR m: [952, 933], r: 5.2432198524475098e+00, e: 1.2396913766860962e+00
#ERR m: [952, 934], r: -1.0222909450531006e+00, e: -6.3399935606867075e-04
#ERR m: [952, 935], r: 4.0649971961975098e+00, e: -1.7917694151401520e-01
#ERR m: [952, 936], r: -8.6199897527694702e-01, e: -1.8583199977874756e+00
#ERR m: [952, 937], r: 1.5569199621677399e-01, e: 5.3219419717788696e-01
#ERR m: [952, 938], r: 8.5406996309757233e-02, e: 1.4468277692794800e+00
#ERR m: [952, 939], r: 2.8741369247436523e+00, e: -7.4313066899776459e-02
#ERR m: [952, 940], r: -1.1752299964427948e-01, e: -4.2664176225662231e-01
#ERR m: [952, 941], r: -7.7211201190948486e-01, e: 9.8361563682556152e-01
#ERR m: [952, 942], r: -8.4351816177368164e+00, e: -5.5203599929809570e+00
#ERR m: [952, 943], r: 3.3509171009063721e+00, e: 2.5656974315643311e+00
#ERR m: [952, 944], r: -3.0946650505065918e+00, e: 1.7189759016036987e+00
#ERR m: [952, 945], r: 4.5129099488258362e-01, e: 2.2067506611347198e-01
#ERR m: [952, 946], r: -4.3157543182373047e+01, e: -4.3616625976562500e+02
#ERR m: [952, 947], r: -2.7653000354766846e+00, e: -2.7084493637084961e+00
#ERR m: [952, 948], r: 4.4198650360107422e+01, e: -4.0928020477294922e+00
#ERR m: [952, 949], r: 1.2762670516967773e+00, e: 1.4918822050094604e+00
#ERR m: [952, 950], r: 2.7500700950622559e-01, e: -1.9405921697616577e+00
#ERR m: [952, 951], r: -2.1598949432373047e+00, e: -8.9205141067504883e+00
#ERR m: [953, 928], r: 5.5982952117919922e+00, e: -1.6618787050247192e+00
#ERR m: [953, 929], r: 4.5911819458007812e+01, e: 4.0224157714843750e+02
#ERR m: [953, 930], r: 5.6372702121734619e-01, e: -1.1391011476516724e+00
#ERR m: [953, 931], r: 5.9074058532714844e+00, e: -1.2485417127609253e+00
#ERR m: [953, 932], r: 3.4702399373054504e-01, e: -9.7232806682586670e-01
#ERR m: [953, 933], r: -5.7110347747802734e+01, e: -4.8294842243194580e-01
#ERR m: [953, 934], r: 1.4426226615905762e+01, e: 5.7745879888534546e-01
#ERR m: [953, 935], r: -4.2439125061035156e+01, e: 2.1012821793556213e-01
#ERR m: [953, 936], r: 6.8937349319458008e+00, e: 1.6271661520004272e+00
#ERR m: [953, 937], r: -1.7614599466323853e+00, e: -4.1014924645423889e-01
#ERR m: [953, 938], r: -2.5322439670562744e+00, e: -1.1399168968200684e+00
#ERR m: [953, 939], r: 1.0231519937515259e+00, e: -5.1003658771514893e-01
#ERR m: [953, 940], r: -5.2442097663879395e-01, e: 9.1384761035442352e-02
#ERR m: [953, 941], r: 2.0113160610198975e+00, e: -4.3756961822509766e-01
#ERR m: [953, 942], r: -2.8229000568389893e+00, e: 8.6073213815689087e-01
#ERR m: [953, 943], r: 5.3474998474121094e-01, e: -6.9247794151306152e-01
#ERR m: [953, 944], r: -8.6723500490188599e-01, e: -4.8130512237548828e-01
#ERR m: [953, 945], r: -2.8012299537658691e-01, e: -4.0381798148155212e-01
#ERR m: [953, 946], r: -3.5137829780578613e+00, e: -2.0706279754638672e+01
#ERR m: [953, 947], r: -1.6564500331878662e-01, e: -1.3389919698238373e-01
#ERR m: [953, 948], r: -2.5714014053344727e+01, e: -4.2465165257453918e-01
#ERR m: [953, 949], r: -4.1372400522232056e-01, e: 6.7589467763900757e-01
#ERR m: [953, 950], r: -3.1646230220794678e+00, e: -1.6065756082534790e+00
#ERR m: [953, 951], r: -7.7174299955368042e-01, e: -1.4068748474121094e+01
#ERR m: [953, 952], r: -1.7907600104808807e-01, e: 1.7430825233459473e+00
#ERR m: [954, 928], r: -3.0850980281829834e+00, e: 9.1582494974136353e-01
#ERR m: [954, 929], r: -2.6404987335205078e+01, e: -2.2232315063476562e+02
#ERR m: [954, 930], r: -3.1976398825645447e-01, e: 6.2844908237457275e-01
#ERR m: [954, 931], r: -3.4970619678497314e+00, e: 4.9244895577430725e-01
#ERR m: [954, 932], r: -3.6482700705528259e-01, e: 2.4195179343223572e-01
#ERR m: [954, 933], r: 3.0909782409667969e+01, e: 4.2151454091072083e-01
#ERR m: [954, 934], r: -7.8331618309020996e+00, e: 8.1309449672698975e-01
#ERR m: [954, 935], r: 2.1603696823120117e+01, e: 7.2603797912597656e-01
#ERR m: [954, 936], r: -3.3902399539947510e+00, e: -9.4711625576019287e-01
#ERR m: [954, 937], r: 2.3453950881958008e+00, e: 2.0961918830871582e+00
#ERR m: [954, 938], r: 1.4526129961013794e+00, e: 2.4092879295349121e+00
#ERR m: [954, 939], r: -1.0928235054016113e+01, e: -2.9848394393920898e+00
#ERR m: [954, 940], r: 7.8354400396347046e-01, e: 8.3374285697937012e-01
#ERR m: [954, 941], r: -1.3226740360260010e+00, e: -4.8210978507995605e+00
#ERR m: [954, 942], r: 1.5200699865818024e-01, e: 3.1913952827453613e+00
#ERR m: [954, 943], r: 2.5907000899314880e-01, e: -7.6505774259567261e-01
#ERR m: [954, 944], r: 8.4846901893615723e-01, e: -1.6563340425491333e+00
#ERR m: [954, 945], r: -1.3833000324666500e-02, e: 1.7969450354576111e-01
#ERR m: [954, 946], r: 2.3979005813598633e+01, e: 2.3311036682128906e+02
#ERR m: [954, 947], r: 1.4874939918518066e+00, e: 1.4467568397521973e+00
#ERR m: [954, 948], r: -1.1381007194519043e+01, e: 2.1824264526367188e+00
#ERR m: [954, 949], r: -3.4004399180412292e-01, e: -3.1345281004905701e-01
#ERR m: [954, 950], r: -1.2867300212383270e-01, e: 5.3938519209623337e-02
#ERR m: [954, 951], r: 1.0403189659118652e+00, e: 8.3873291015625000e+00
#ERR m: [954, 952], r: -1.3877229690551758e+00, e: -1.1180990934371948e+00
#ERR m: [954, 953], r: 1.4213599264621735e-01, e: 1.4392854273319244e-01
#ERR m: [955, 928], r: -2.3718400001525879e+00, e: 7.0409107208251953e-01
#ERR m: [955, 929], r: 9.8158683776855469e+01, e: -1.0046578216552734e+02
#ERR m: [955, 930], r: 1.3239120244979858e+00, e: 2.7684497833251953e-01
#ERR m: [955, 931], r: 5.6635251045227051e+00, e: 1.2168649435043335e+00
#ERR m: [955, 932], r: 1.0506490468978882e+00, e: 8.5830563306808472e-01
#ERR m: [955, 933], r: -3.9289627075195312e+01, e: -1.3998695611953735e+00
#ERR m: [955, 934], r: 9.6210632324218750e+00, e: 9.2433947324752808e-01
#ERR m: [955, 935], r: -2.4735090255737305e+01, e: -2.0369467139244080e-01
#ERR m: [955, 936], r: 3.6639440059661865e+00, e: -1.9680846929550171e+00
#ERR m: [955, 937], r: -3.5788300037384033e+00, e: -2.5526332855224609e+00
#ERR m: [955, 938], r: -2.9100890159606934e+00, e: -3.0680418014526367e+00
#ERR m: [955, 939], r: -5.3447000682353973e-02, e: 7.2079077363014221e-02
#ERR m: [955, 940], r: -2.4813000112771988e-02, e: 3.8313437253236771e-02
#ERR m: [955, 941], r: 4.2608380317687988e+00, e: 1.3006616592407227e+01
#ERR m: [955, 942], r: -1.3358352661132812e+01, e: -1.4062673568725586e+01
#ERR m: [955, 943], r: 3.4941859245300293e+00, e: 3.9570381641387939e+00
#ERR m: [955, 944], r: -7.1703219413757324e+00, e: 6.1649708747863770e+00
#ERR m: [955, 945], r: 1.5016709566116333e+00, e: 9.4644433259963989e-01
#ERR m: [955, 946], r: -7.0840850830078125e+01, e: -6.9101202392578125e+02
#ERR m: [955, 947], r: -4.4235692024230957e+00, e: -4.2946414947509766e+00
#ERR m: [955, 948], r: 4.4370899200439453e+01, e: -7.2208795547485352e+00
#ERR m: [955, 949], r: 1.2618199586868286e+00, e: 1.0118589401245117e+00
#ERR m: [955, 950], r: 1.0383559465408325e+00, e: -1.9402575492858887e-01
#ERR m: [955, 951], r: -2.9251089096069336e+00, e: -2.0262424468994141e+01
#ERR m: [955, 952], r: 1.7615449428558350e+00, e: 2.4807488918304443e+00
#ERR m: [955, 953], r: 8.9424300193786621e-01, e: 1.4427090883255005e+00
#ERR m: [955, 954], r: 1.0668105316162109e+02, e: 5.4844322204589844e+01
#ERR m: [956, 928], r: 1.3269469738006592e+00, e: -3.9391022920608521e-01
#ERR m: [956, 929], r: -1.0926217651367188e+02, e: 2.3882177352905273e+01
#ERR m: [956, 930], r: -1.4112590551376343e+00, e: -7.1072176098823547e-02
#ERR m: [956, 931], r: -5.0280117988586426e+00, e: 6.1263674497604370e-01
#ERR m: [956, 932], r: -8.3903300762176514e-01, e: -2.2401283681392670e-01
#ERR m: [956, 933], r: -3.8880359649658203e+01, e: -2.5872857570648193e+00
#ERR m: [956, 934], r: 9.2048339843750000e+00, e: 1.0690320730209351e+00
#ERR m: [956, 935], r: -2.5530792236328125e+01, e: 2.2837732732295990e-01
#ERR m: [956, 936], r: 4.0779781341552734e+00, e: 1.5683396160602570e-01
#ERR m: [956, 937], r: -1.0202349424362183e+00, e: 5.7811681181192398e-02
#ERR m: [956, 938], r: -1.6085120439529419e+00, e: 9.0360026806592941e-03
#ERR m: [956, 939], r: 5.3325161933898926e+00, e: 3.4602212905883789e-01
#ERR m: [956, 940], r: -4.5141500234603882e-01, e: -5.5074435472488403e-01
#ERR m: [956, 941], r: 2.7171161174774170e+00, e: 9.8606739044189453e+00
#ERR m: [956, 942], r: 9.7498697042465210e-01, e: -5.9139237403869629e+00
#ERR m: [956, 943], r: -1.7780690193176270e+00, e: 4.6752023696899414e-01
#ERR m: [956, 944], r: -8.0956900119781494e-01, e: 2.7932167053222656e+00
#ERR m: [956, 945], r: 1.6436600685119629e-01, e: -6.5926715731620789e-02
#ERR m: [956, 946], r: -3.4614807128906250e+01, e: -3.4343139648437500e+02
#ERR m: [956, 947], r: -2.1549670696258545e+00, e: -2.1220383644104004e+00
#ERR m: [956, 948], r: 2.8325775146484375e+01, e: -2.4710204601287842e+00
#SDC Ite:53 KerTime:0.261478 AccTime:14.118410 KerErr:7177 AccErr:7177
#ABORT too many errors per iteration
#END