#HEADER execution_type:yolo execution_model:valid img_list_path:/home/carol/radiation-benchmarks/data/networks_img_list/caltech.pedestrians.1K.txt weights:/home/carol/radiation-benchmarks/data/darknet/yolo.weights config_file:/home/carol/radiation-benchmarks/data/darknet/yolo.cfg iterations:10000 abft: dumb_abft
#BEGIN Y:2016 M:12 D:13 Time:05:30:56
#IT Ite:0 KerTime:0.446738 AccTime:0.446738
#IT Ite:1 KerTime:0.363095 AccTime:0.809833
#IT Ite:2 KerTime:0.358516 AccTime:1.168349
#IT Ite:3 KerTime:0.358869 AccTime:1.527218
#IT Ite:4 KerTime:0.358081 AccTime:1.885299
#IT Ite:5 KerTime:0.358177 AccTime:2.243476
#IT Ite:6 KerTime:0.358747 AccTime:2.602223
#IT Ite:7 KerTime:0.358231 AccTime:2.960454
#IT Ite:8 KerTime:0.358800 AccTime:3.319254
#IT Ite:9 KerTime:0.358878 AccTime:3.678132
#IT Ite:10 KerTime:0.358673 AccTime:4.036805
#IT Ite:11 KerTime:0.358821 AccTime:4.395626
#IT Ite:12 KerTime:0.358409 AccTime:4.754035
#IT Ite:13 KerTime:0.358376 AccTime:5.112411
#IT Ite:14 KerTime:0.358533 AccTime:5.470944
#IT Ite:15 KerTime:0.358496 AccTime:5.829440
#IT Ite:16 KerTime:0.358472 AccTime:6.187912
#IT Ite:17 KerTime:0.358486 AccTime:6.546398
#IT Ite:18 KerTime:0.358801 AccTime:6.905199
#IT Ite:19 KerTime:0.358951 AccTime:7.264150
#IT Ite:20 KerTime:0.358264 AccTime:7.622414
#IT Ite:21 KerTime:0.358834 AccTime:7.981248
#IT Ite:22 KerTime:0.358818 AccTime:8.340066
#IT Ite:23 KerTime:0.358296 AccTime:8.698362
#IT Ite:24 KerTime:0.357928 AccTime:9.056290
#IT Ite:25 KerTime:0.358688 AccTime:9.414978
#IT Ite:26 KerTime:0.358619 AccTime:9.773597
#IT Ite:27 KerTime:0.358693 AccTime:10.132290
#IT Ite:28 KerTime:0.358662 AccTime:10.490952
#IT Ite:29 KerTime:0.358520 AccTime:10.849472
#IT Ite:30 KerTime:0.358323 AccTime:11.207795
#IT Ite:31 KerTime:0.358290 AccTime:11.566085
#IT Ite:32 KerTime:0.357852 AccTime:11.923937
#IT Ite:33 KerTime:0.358836 AccTime:12.282773
#IT Ite:34 KerTime:0.358750 AccTime:12.641523
#IT Ite:35 KerTime:0.358710 AccTime:13.000233
#IT Ite:36 KerTime:0.358795 AccTime:13.359028
#IT Ite:37 KerTime:0.358758 AccTime:13.717786
#IT Ite:38 KerTime:0.358522 AccTime:14.076308
#IT Ite:39 KerTime:0.358261 AccTime:14.434569
#IT Ite:40 KerTime:0.358268 AccTime:14.792837
#IT Ite:41 KerTime:0.358423 AccTime:15.151260
#IT Ite:42 KerTime:0.358587 AccTime:15.509847
#IT Ite:43 KerTime:0.358248 AccTime:15.868095
#IT Ite:44 KerTime:0.358856 AccTime:16.226951
#IT Ite:45 KerTime:0.358465 AccTime:16.585416
#IT Ite:46 KerTime:0.358679 AccTime:16.944095
#IT Ite:47 KerTime:0.358867 AccTime:17.302962
#IT Ite:48 KerTime:0.358275 AccTime:17.661237
#IT Ite:49 KerTime:0.358296 AccTime:18.019533
#IT Ite:50 KerTime:0.358436 AccTime:18.377969
#IT Ite:51 KerTime:0.359381 AccTime:18.737350
#IT Ite:52 KerTime:0.358406 AccTime:19.095756
#IT Ite:53 KerTime:0.358556 AccTime:19.454312
#IT Ite:54 KerTime:0.358131 AccTime:19.812443
#IT Ite:55 KerTime:0.358533 AccTime:20.170976
#IT Ite:56 KerTime:0.358799 AccTime:20.529775
#IT Ite:57 KerTime:0.358264 AccTime:20.888039
#IT Ite:58 KerTime:0.358207 AccTime:21.246246
#IT Ite:59 KerTime:0.358583 AccTime:21.604829
#IT Ite:60 KerTime:0.358267 AccTime:21.963096
#IT Ite:61 KerTime:0.358246 AccTime:22.321342
#IT Ite:62 KerTime:0.358736 AccTime:22.680078
#IT Ite:63 KerTime:0.358009 AccTime:23.038087
#IT Ite:64 KerTime:0.358710 AccTime:23.396797
#IT Ite:65 KerTime:0.358403 AccTime:23.755200
#IT Ite:66 KerTime:0.358686 AccTime:24.113886
#IT Ite:67 KerTime:0.358314 AccTime:24.472200
#IT Ite:68 KerTime:0.358489 AccTime:24.830689
#IT Ite:69 KerTime:0.358287 AccTime:25.188976
#IT Ite:70 KerTime:0.358005 AccTime:25.546981
#IT Ite:71 KerTime:0.358166 AccTime:25.905147
#IT Ite:72 KerTime:0.358644 AccTime:26.263791
#IT Ite:73 KerTime:0.358183 AccTime:26.621974
#IT Ite:74 KerTime:0.358900 AccTime:26.980874
#IT Ite:75 KerTime:0.358608 AccTime:27.339482
#IT Ite:76 KerTime:0.358210 AccTime:27.697692
#IT Ite:77 KerTime:0.358610 AccTime:28.056302
#IT Ite:78 KerTime:0.358453 AccTime:28.414755
#IT Ite:79 KerTime:0.358401 AccTime:28.773156
#IT Ite:80 KerTime:0.358900 AccTime:29.132056
#IT Ite:81 KerTime:0.358269 AccTime:29.490325
#IT Ite:82 KerTime:0.358493 AccTime:29.848818
#IT Ite:83 KerTime:0.358805 AccTime:30.207623
#IT Ite:84 KerTime:0.358673 AccTime:30.566296
#IT Ite:85 KerTime:0.358657 AccTime:30.924953
#IT Ite:86 KerTime:0.358099 AccTime:31.283052
#IT Ite:87 KerTime:0.358388 AccTime:31.641440
#IT Ite:88 KerTime:0.358767 AccTime:32.000207
#IT Ite:89 KerTime:0.358462 AccTime:32.358669
#IT Ite:90 KerTime:0.358555 AccTime:32.717224
#IT Ite:91 KerTime:0.358580 AccTime:33.075804
#IT Ite:92 KerTime:0.358802 AccTime:33.434606
#IT Ite:93 KerTime:0.358582 AccTime:33.793188
#IT Ite:94 KerTime:0.358345 AccTime:34.151533
#IT Ite:95 KerTime:0.358117 AccTime:34.509650
#IT Ite:96 KerTime:0.358662 AccTime:34.868312
#IT Ite:97 KerTime:0.357973 AccTime:35.226285
#IT Ite:98 KerTime:0.358755 AccTime:35.585040
#IT Ite:99 KerTime:0.358771 AccTime:35.943811
#IT Ite:100 KerTime:0.358555 AccTime:36.302366
#IT Ite:101 KerTime:0.358689 AccTime:36.661055
#IT Ite:102 KerTime:0.358725 AccTime:37.019780
#IT Ite:103 KerTime:0.358220 AccTime:37.378000
#IT Ite:104 KerTime:0.358495 AccTime:37.736495
#IT Ite:105 KerTime:0.357975 AccTime:38.094470
#IT Ite:106 KerTime:0.357951 AccTime:38.452421
#IT Ite:107 KerTime:0.358729 AccTime:38.811150
#IT Ite:108 KerTime:0.358330 AccTime:39.169480
#IT Ite:109 KerTime:0.358956 AccTime:39.528436
#IT Ite:110 KerTime:0.358623 AccTime:39.887059
#IT Ite:111 KerTime:0.358023 AccTime:40.245082
#IT Ite:112 KerTime:0.357978 AccTime:40.603060
#IT Ite:113 KerTime:0.358786 AccTime:40.961846
#IT Ite:114 KerTime:0.357924 AccTime:41.319770
#IT Ite:115 KerTime:0.358083 AccTime:41.677853
#IT Ite:116 KerTime:0.358361 AccTime:42.036214
#IT Ite:117 KerTime:0.358517 AccTime:42.394731
#IT Ite:118 KerTime:0.358904 AccTime:42.753635
#IT Ite:119 KerTime:0.358463 AccTime:43.112098
#IT Ite:120 KerTime:0.358800 AccTime:43.470898
#IT Ite:121 KerTime:0.358688 AccTime:43.829586
#IT Ite:122 KerTime:0.358452 AccTime:44.188038
#IT Ite:123 KerTime:0.358315 AccTime:44.546353
#IT Ite:124 KerTime:0.358034 AccTime:44.904387
#IT Ite:125 KerTime:0.358783 AccTime:45.263170
#IT Ite:126 KerTime:0.358320 AccTime:45.621490
#IT Ite:127 KerTime:0.358244 AccTime:45.979734
#IT Ite:128 KerTime:0.357959 AccTime:46.337693
#IT Ite:129 KerTime:0.358786 AccTime:46.696479
#IT Ite:130 KerTime:0.358274 AccTime:47.054753
#IT Ite:131 KerTime:0.358050 AccTime:47.412803
#IT Ite:132 KerTime:0.358093 AccTime:47.770896
#IT Ite:133 KerTime:0.358424 AccTime:48.129320
#IT Ite:134 KerTime:0.358931 AccTime:48.488251
#IT Ite:135 KerTime:0.358317 AccTime:48.846568
#IT Ite:136 KerTime:0.357813 AccTime:49.204381
#IT Ite:137 KerTime:0.358795 AccTime:49.563176
#IT Ite:138 KerTime:0.358820 AccTime:49.921996
#IT Ite:139 KerTime:0.358702 AccTime:50.280698
#IT Ite:140 KerTime:0.358367 AccTime:50.639065
#IT Ite:141 KerTime:0.358882 AccTime:50.997947
#IT Ite:142 KerTime:0.358618 AccTime:51.356565
#IT Ite:143 KerTime:0.358496 AccTime:51.715061
#IT Ite:144 KerTime:0.358147 AccTime:52.073208
#IT Ite:145 KerTime:0.358685 AccTime:52.431893
#IT Ite:146 KerTime:0.358124 AccTime:52.790017
#IT Ite:147 KerTime:0.358153 AccTime:53.148170
#IT Ite:148 KerTime:0.358238 AccTime:53.506408
#IT Ite:149 KerTime:0.358702 AccTime:53.865110
#IT Ite:150 KerTime:0.358288 AccTime:54.223398
#IT Ite:151 KerTime:0.358676 AccTime:54.582074
#IT Ite:152 KerTime:0.358452 AccTime:54.940526
#IT Ite:153 KerTime:0.358733 AccTime:55.299259
#IT Ite:154 KerTime:0.358528 AccTime:55.657787
#IT Ite:155 KerTime:0.358808 AccTime:56.016595
#IT Ite:156 KerTime:0.358274 AccTime:56.374869
#IT Ite:157 KerTime:0.358758 AccTime:56.733627
#IT Ite:158 KerTime:0.358941 AccTime:57.092568
#IT Ite:159 KerTime:0.357980 AccTime:57.450548
#IT Ite:160 KerTime:0.358346 AccTime:57.808894
#IT Ite:161 KerTime:0.358611 AccTime:58.167505
#IT Ite:162 KerTime:0.358932 AccTime:58.526437
#IT Ite:163 KerTime:0.358248 AccTime:58.884685
#IT Ite:164 KerTime:0.358521 AccTime:59.243206
#IT Ite:165 KerTime:0.358365 AccTime:59.601571
#IT Ite:166 KerTime:0.358284 AccTime:59.959855
#IT Ite:167 KerTime:0.358652 AccTime:60.318507
#IT Ite:168 KerTime:0.358207 AccTime:60.676714
#IT Ite:169 KerTime:0.358775 AccTime:61.035489
#IT Ite:170 KerTime:0.358647 AccTime:61.394136
#IT Ite:171 KerTime:0.358172 AccTime:61.752308
#IT Ite:172 KerTime:0.358575 AccTime:62.110883
#IT Ite:173 KerTime:0.358788 AccTime:62.469671
#IT Ite:174 KerTime:0.358532 AccTime:62.828203
#IT Ite:175 KerTime:0.358224 AccTime:63.186427
#IT Ite:176 KerTime:0.358443 AccTime:63.544870
#IT Ite:177 KerTime:0.358269 AccTime:63.903139
#IT Ite:178 KerTime:0.358714 AccTime:64.261853
#IT Ite:179 KerTime:0.358153 AccTime:64.620006
#IT Ite:180 KerTime:0.358453 AccTime:64.978459
#IT Ite:181 KerTime:0.358610 AccTime:65.337069
#IT Ite:182 KerTime:0.358633 AccTime:65.695702
#IT Ite:183 KerTime:0.358390 AccTime:66.054092
#IT Ite:184 KerTime:0.358375 AccTime:66.412467
#IT Ite:185 KerTime:0.358162 AccTime:66.770629
#IT Ite:186 KerTime:0.358600 AccTime:67.129229
#IT Ite:187 KerTime:0.358847 AccTime:67.488076
#IT Ite:188 KerTime:0.358195 AccTime:67.846271
#IT Ite:189 KerTime:0.358435 AccTime:68.204706
#IT Ite:190 KerTime:0.358862 AccTime:68.563568
#IT Ite:191 KerTime:0.358312 AccTime:68.921880
#IT Ite:192 KerTime:0.358712 AccTime:69.280592
#IT Ite:193 KerTime:0.358585 AccTime:69.639177
#IT Ite:194 KerTime:0.358598 AccTime:69.997775
#IT Ite:195 KerTime:0.358726 AccTime:70.356501
#IT Ite:196 KerTime:0.358635 AccTime:70.715136
#IT Ite:197 KerTime:0.358292 AccTime:71.073428
#IT Ite:198 KerTime:0.358655 AccTime:71.432083
#IT Ite:199 KerTime:0.358269 AccTime:71.790352
#IT Ite:200 KerTime:0.358729 AccTime:72.149081
#IT Ite:201 KerTime:0.358215 AccTime:72.507296
#IT Ite:202 KerTime:0.358775 AccTime:72.866071
#IT Ite:203 KerTime:0.358626 AccTime:73.224697
#IT Ite:204 KerTime:0.358357 AccTime:73.583054
#IT Ite:205 KerTime:0.358407 AccTime:73.941461
#IT Ite:206 KerTime:0.358629 AccTime:74.300090
#IT Ite:207 KerTime:0.358320 AccTime:74.658410
#IT Ite:208 KerTime:0.358597 AccTime:75.017007
#IT Ite:209 KerTime:0.358686 AccTime:75.375693
#IT Ite:210 KerTime:0.358281 AccTime:75.733974
#IT Ite:211 KerTime:0.358393 AccTime:76.092367
#IT Ite:212 KerTime:0.358441 AccTime:76.450808
#IT Ite:213 KerTime:0.358320 AccTime:76.809128
#IT Ite:214 KerTime:0.357901 AccTime:77.167029
#IT Ite:215 KerTime:0.358725 AccTime:77.525754
#IT Ite:216 KerTime:0.358823 AccTime:77.884577
#IT Ite:217 KerTime:0.357932 AccTime:78.242509
#IT Ite:218 KerTime:0.358794 AccTime:78.601303
#IT Ite:219 KerTime:0.358749 AccTime:78.960052
#IT Ite:220 KerTime:0.358411 AccTime:79.318463
#IT Ite:221 KerTime:0.358180 AccTime:79.676643
#IT Ite:222 KerTime:0.358782 AccTime:80.035425
#IT Ite:223 KerTime:0.358498 AccTime:80.393923
#IT Ite:224 KerTime:0.358753 AccTime:80.752676
#IT Ite:225 KerTime:0.358618 AccTime:81.111294
#IT Ite:226 KerTime:0.358664 AccTime:81.469958
#IT Ite:227 KerTime:0.358759 AccTime:81.828717
#IT Ite:228 KerTime:0.358714 AccTime:82.187431
#IT Ite:229 KerTime:0.357923 AccTime:82.545354
#IT Ite:230 KerTime:0.358559 AccTime:82.903913
#IT Ite:231 KerTime:0.358203 AccTime:83.262116
#IT Ite:232 KerTime:0.358572 AccTime:83.620688
#IT Ite:233 KerTime:0.358514 AccTime:83.979202
#IT Ite:234 KerTime:0.358536 AccTime:84.337738
#IT Ite:235 KerTime:0.358622 AccTime:84.696360
#IT Ite:236 KerTime:0.358751 AccTime:85.055111
#IT Ite:237 KerTime:0.358677 AccTime:85.413788
#IT Ite:238 KerTime:0.358273 AccTime:85.772061
#IT Ite:239 KerTime:0.358733 AccTime:86.130794
#IT Ite:240 KerTime:0.358664 AccTime:86.489458
#IT Ite:241 KerTime:0.358443 AccTime:86.847901
#IT Ite:242 KerTime:0.357983 AccTime:87.205884
#IT Ite:243 KerTime:0.358431 AccTime:87.564315
#IT Ite:244 KerTime:0.358455 AccTime:87.922770
#IT Ite:245 KerTime:0.358627 AccTime:88.281397
#IT Ite:246 KerTime:0.358130 AccTime:88.639527
#IT Ite:247 KerTime:0.358803 AccTime:88.998330
#IT Ite:248 KerTime:0.358232 AccTime:89.356562
#IT Ite:249 KerTime:0.358737 AccTime:89.715299
#IT Ite:250 KerTime:0.358266 AccTime:90.073565
#IT Ite:251 KerTime:0.358369 AccTime:90.431934
#IT Ite:252 KerTime:0.358712 AccTime:90.790646
#IT Ite:253 KerTime:0.358165 AccTime:91.148811
#IT Ite:254 KerTime:0.358759 AccTime:91.507570
#IT Ite:255 KerTime:0.358345 AccTime:91.865915
#IT Ite:256 KerTime:0.358249 AccTime:92.224164
#IT Ite:257 KerTime:0.358129 AccTime:92.582293
#IT Ite:258 KerTime:0.358556 AccTime:92.940849
#IT Ite:259 KerTime:0.358159 AccTime:93.299008
#IT Ite:260 KerTime:0.358559 AccTime:93.657567
#IT Ite:261 KerTime:0.358585 AccTime:94.016152
#IT Ite:262 KerTime:0.358369 AccTime:94.374521
#IT Ite:263 KerTime:0.358030 AccTime:94.732551
#IT Ite:264 KerTime:0.358481 AccTime:95.091032
#IT Ite:265 KerTime:0.358825 AccTime:95.449857
#IT Ite:266 KerTime:0.358305 AccTime:95.808162
#IT Ite:267 KerTime:0.358823 AccTime:96.166985
#IT Ite:268 KerTime:0.358136 AccTime:96.525121
#IT Ite:269 KerTime:0.357979 AccTime:96.883100
#IT Ite:270 KerTime:0.358763 AccTime:97.241863
#IT Ite:271 KerTime:0.358661 AccTime:97.600524
#IT Ite:272 KerTime:0.358291 AccTime:97.958815
#IT Ite:273 KerTime:0.358749 AccTime:98.317564
#IT Ite:274 KerTime:0.357969 AccTime:98.675533
#IT Ite:275 KerTime:0.358335 AccTime:99.033868
#IT Ite:276 KerTime:0.358607 AccTime:99.392475
#IT Ite:277 KerTime:0.358790 AccTime:99.751265
#IT Ite:278 KerTime:0.358767 AccTime:100.110032
#IT Ite:279 KerTime:0.358460 AccTime:100.468492
#IT Ite:280 KerTime:0.358386 AccTime:100.826878
#IT Ite:281 KerTime:0.358183 AccTime:101.185061
#IT Ite:282 KerTime:0.358799 AccTime:101.543860
#IT Ite:283 KerTime:0.357986 AccTime:101.901846
#IT Ite:284 KerTime:0.358624 AccTime:102.260470
#IT Ite:285 KerTime:0.358852 AccTime:102.619322
#IT Ite:286 KerTime:0.358718 AccTime:102.978040
#IT Ite:287 KerTime:0.358807 AccTime:103.336847
#IT Ite:288 KerTime:0.358628 AccTime:103.695475
#IT Ite:289 KerTime:0.358889 AccTime:104.054364
#IT Ite:290 KerTime:0.358395 AccTime:104.412759
#IT Ite:291 KerTime:0.358891 AccTime:104.771650
#IT Ite:292 KerTime:0.358437 AccTime:105.130087
#IT Ite:293 KerTime:0.358755 AccTime:105.488842
#IT Ite:294 KerTime:0.358493 AccTime:105.847335
#IT Ite:295 KerTime:0.358729 AccTime:106.206064
#IT Ite:296 KerTime:0.358724 AccTime:106.564788
#IT Ite:297 KerTime:0.358508 AccTime:106.923296
#IT Ite:298 KerTime:0.358902 AccTime:107.282198
#IT Ite:299 KerTime:0.358664 AccTime:107.640862
#IT Ite:300 KerTime:0.358449 AccTime:107.999311
#IT Ite:301 KerTime:0.358384 AccTime:108.357695
#IT Ite:302 KerTime:0.358565 AccTime:108.716260
#IT Ite:303 KerTime:0.358211 AccTime:109.074471
#IT Ite:304 KerTime:0.358708 AccTime:109.433179
#IT Ite:305 KerTime:0.357993 AccTime:109.791172
#IT Ite:306 KerTime:0.357873 AccTime:110.149045
#IT Ite:307 KerTime:0.359025 AccTime:110.508070
#IT Ite:308 KerTime:0.358135 AccTime:110.866205
#IT Ite:309 KerTime:0.358343 AccTime:111.224548
#IT Ite:310 KerTime:0.358367 AccTime:111.582915
#IT Ite:311 KerTime:0.358546 AccTime:111.941461
#IT Ite:312 KerTime:0.358420 AccTime:112.299881
#IT Ite:313 KerTime:0.358132 AccTime:112.658013
#IT Ite:314 KerTime:0.358844 AccTime:113.016857
#IT Ite:315 KerTime:0.358505 AccTime:113.375362
#IT Ite:316 KerTime:0.357966 AccTime:113.733328
#IT Ite:317 KerTime:0.358086 AccTime:114.091414
#IT Ite:318 KerTime:0.358628 AccTime:114.450042
#IT Ite:319 KerTime:0.358578 AccTime:114.808620
#IT Ite:320 KerTime:0.358644 AccTime:115.167264
#IT Ite:321 KerTime:0.358574 AccTime:115.525838
#IT Ite:322 KerTime:0.358638 AccTime:115.884476
#IT Ite:323 KerTime:0.358341 AccTime:116.242817
#IT Ite:324 KerTime:0.358570 AccTime:116.601387
#IT Ite:325 KerTime:0.358344 AccTime:116.959731
#IT Ite:326 KerTime:0.358301 AccTime:117.318032
#IT Ite:327 KerTime:0.357798 AccTime:117.675830
#IT Ite:328 KerTime:0.358529 AccTime:118.034359
#IT Ite:329 KerTime:0.358832 AccTime:118.393191
#IT Ite:330 KerTime:0.358250 AccTime:118.751441
#IT Ite:331 KerTime:0.358670 AccTime:119.110111
#IT Ite:332 KerTime:0.358155 AccTime:119.468266
#IT Ite:333 KerTime:0.358791 AccTime:119.827057
#IT Ite:334 KerTime:0.358248 AccTime:120.185305
#IT Ite:335 KerTime:0.358673 AccTime:120.543978
#IT Ite:336 KerTime:0.358164 AccTime:120.902142
#IT Ite:337 KerTime:0.358116 AccTime:121.260258
#IT Ite:338 KerTime:0.358670 AccTime:121.618928
#IT Ite:339 KerTime:0.358222 AccTime:121.977150
#IT Ite:340 KerTime:0.358568 AccTime:122.335718
#IT Ite:341 KerTime:0.358629 AccTime:122.694347
#IT Ite:342 KerTime:0.358843 AccTime:123.053190
#IT Ite:343 KerTime:0.358263 AccTime:123.411453
#IT Ite:344 KerTime:0.358443 AccTime:123.769896
#IT Ite:345 KerTime:0.358211 AccTime:124.128107
#IT Ite:346 KerTime:0.358294 AccTime:124.486401
#IT Ite:347 KerTime:0.358701 AccTime:124.845102
#IT Ite:348 KerTime:0.358043 AccTime:125.203145
#IT Ite:349 KerTime:0.358418 AccTime:125.561563
#IT Ite:350 KerTime:0.358809 AccTime:125.920372
#IT Ite:351 KerTime:0.358698 AccTime:126.279070
#IT Ite:352 KerTime:0.359019 AccTime:126.638089
#IT Ite:353 KerTime:0.358768 AccTime:126.996857
#IT Ite:354 KerTime:0.358555 AccTime:127.355412
#IT Ite:355 KerTime:0.358805 AccTime:127.714217
#IT Ite:356 KerTime:0.358495 AccTime:128.072712
#IT Ite:357 KerTime:0.358395 AccTime:128.431107
#IT Ite:358 KerTime:0.358859 AccTime:128.789966
#IT Ite:359 KerTime:0.358676 AccTime:129.148642
#IT Ite:360 KerTime:0.358594 AccTime:129.507236
#IT Ite:361 KerTime:0.358374 AccTime:129.865610
#IT Ite:362 KerTime:0.357981 AccTime:130.223591
#IT Ite:363 KerTime:0.358742 AccTime:130.582333
#IT Ite:364 KerTime:0.358617 AccTime:130.940950
#IT Ite:365 KerTime:0.358065 AccTime:131.299015
#IT Ite:366 KerTime:0.358621 AccTime:131.657636
#IT Ite:367 KerTime:0.357998 AccTime:132.015634
#IT Ite:368 KerTime:0.358225 AccTime:132.373859
#IT Ite:369 KerTime:0.358708 AccTime:132.732567
#IT Ite:370 KerTime:0.358047 AccTime:133.090614
#IT Ite:371 KerTime:0.358402 AccTime:133.449016
#IT Ite:372 KerTime:0.358159 AccTime:133.807175
#IT Ite:373 KerTime:0.358381 AccTime:134.165556
#IT Ite:374 KerTime:0.357978 AccTime:134.523534
#IT Ite:375 KerTime:0.358568 AccTime:134.882102
#IT Ite:376 KerTime:0.358669 AccTime:135.240771
#IT Ite:377 KerTime:0.357838 AccTime:135.598609
#IT Ite:378 KerTime:0.358750 AccTime:135.957359
#IT Ite:379 KerTime:0.358439 AccTime:136.315798
#IT Ite:380 KerTime:0.357749 AccTime:136.673547
#IT Ite:381 KerTime:0.358306 AccTime:137.031853
#IT Ite:382 KerTime:0.357787 AccTime:137.389640
#IT Ite:383 KerTime:0.358528 AccTime:137.748168
#IT Ite:384 KerTime:0.358574 AccTime:138.106742
#IT Ite:385 KerTime:0.358662 AccTime:138.465404
#IT Ite:386 KerTime:0.358657 AccTime:138.824061
#IT Ite:387 KerTime:0.358609 AccTime:139.182670
#IT Ite:388 KerTime:0.358638 AccTime:139.541308
#IT Ite:389 KerTime:0.358478 AccTime:139.899786
#IT Ite:390 KerTime:0.358422 AccTime:140.258208
#IT Ite:391 KerTime:0.358652 AccTime:140.616860
#IT Ite:392 KerTime:0.358501 AccTime:140.975361
#IT Ite:393 KerTime:0.358677 AccTime:141.334038
#IT Ite:394 KerTime:0.358168 AccTime:141.692206
#IT Ite:395 KerTime:0.358713 AccTime:142.050919
#IT Ite:396 KerTime:0.358689 AccTime:142.409608
#IT Ite:397 KerTime:0.357965 AccTime:142.767573
#IT Ite:398 KerTime:0.358741 AccTime:143.126314
#IT Ite:399 KerTime:0.358018 AccTime:143.484332
#IT Ite:400 KerTime:0.358378 AccTime:143.842710
#IT Ite:401 KerTime:0.358391 AccTime:144.201101
#IT Ite:402 KerTime:0.358293 AccTime:144.559394
#IT Ite:403 KerTime:0.358533 AccTime:144.917927
#IT Ite:404 KerTime:0.358342 AccTime:145.276269
#IT Ite:405 KerTime:0.358547 AccTime:145.634816
#IT Ite:406 KerTime:0.358715 AccTime:145.993531
#IT Ite:407 KerTime:0.358653 AccTime:146.352184
#IT Ite:408 KerTime:0.358914 AccTime:146.711098
#IT Ite:409 KerTime:0.358480 AccTime:147.069578
#IT Ite:410 KerTime:0.358483 AccTime:147.428061
#IT Ite:411 KerTime:0.358731 AccTime:147.786792
#IT Ite:412 KerTime:0.358795 AccTime:148.145587
#IT Ite:413 KerTime:0.358266 AccTime:148.503853
#IT Ite:414 KerTime:0.358855 AccTime:148.862708
#IT Ite:415 KerTime:0.358465 AccTime:149.221173
#IT Ite:416 KerTime:0.358125 AccTime:149.579298
#IT Ite:417 KerTime:0.358662 AccTime:149.937960
#IT Ite:418 KerTime:0.358565 AccTime:150.296525
#IT Ite:419 KerTime:0.358638 AccTime:150.655163
#IT Ite:420 KerTime:0.358643 AccTime:151.013806
#IT Ite:421 KerTime:0.358689 AccTime:151.372495
#IT Ite:422 KerTime:0.358622 AccTime:151.731117
#IT Ite:423 KerTime:0.358721 AccTime:152.089838
#IT Ite:424 KerTime:0.358400 AccTime:152.448238
#IT Ite:425 KerTime:0.358308 AccTime:152.806546
#IT Ite:426 KerTime:0.358286 AccTime:153.164832
#IT Ite:427 KerTime:0.358576 AccTime:153.523408
#IT Ite:428 KerTime:0.358233 AccTime:153.881641
#IT Ite:429 KerTime:0.358600 AccTime:154.240241
#IT Ite:430 KerTime:0.358698 AccTime:154.598939
#IT Ite:431 KerTime:0.358613 AccTime:154.957552
#IT Ite:432 KerTime:0.358256 AccTime:155.315808
#IT Ite:433 KerTime:0.358561 AccTime:155.674369
#IT Ite:434 KerTime:0.358247 AccTime:156.032616
#IT Ite:435 KerTime:0.358231 AccTime:156.390847
#IT Ite:436 KerTime:0.358620 AccTime:156.749467
#IT Ite:437 KerTime:0.358654 AccTime:157.108121
#IT Ite:438 KerTime:0.358850 AccTime:157.466971
#IT Ite:439 KerTime:0.358631 AccTime:157.825602
#IT Ite:440 KerTime:0.357831 AccTime:158.183433
#IT Ite:441 KerTime:0.358685 AccTime:158.542118
#IT Ite:442 KerTime:0.358296 AccTime:158.900414
#IT Ite:443 KerTime:0.357817 AccTime:159.258231
#IT Ite:444 KerTime:0.358385 AccTime:159.616616
#IT Ite:445 KerTime:0.358828 AccTime:159.975444
#IT Ite:446 KerTime:0.358571 AccTime:160.334015
#IT Ite:447 KerTime:0.358889 AccTime:160.692904
#IT Ite:448 KerTime:0.358176 AccTime:161.051080
#IT Ite:449 KerTime:0.358766 AccTime:161.409846
#IT Ite:450 KerTime:0.358313 AccTime:161.768159
#IT Ite:451 KerTime:0.358718 AccTime:162.126877
#IT Ite:452 KerTime:0.358234 AccTime:162.485111
#IT Ite:453 KerTime:0.358111 AccTime:162.843222
#IT Ite:454 KerTime:0.358219 AccTime:163.201441
#IT Ite:455 KerTime:0.358260 AccTime:163.559701
#IT Ite:456 KerTime:0.358792 AccTime:163.918493
#IT Ite:457 KerTime:0.358277 AccTime:164.276770
#IT Ite:458 KerTime:0.358271 AccTime:164.635041
#IT Ite:459 KerTime:0.358251 AccTime:164.993292
#IT Ite:460 KerTime:0.358317 AccTime:165.351609
#IT Ite:461 KerTime:0.358289 AccTime:165.709898
#IT Ite:462 KerTime:0.358648 AccTime:166.068546
#IT Ite:463 KerTime:0.358071 AccTime:166.426617
#IT Ite:464 KerTime:0.358737 AccTime:166.785354
#IT Ite:465 KerTime:0.358721 AccTime:167.144075
#IT Ite:466 KerTime:0.358609 AccTime:167.502684
#IT Ite:467 KerTime:0.358708 AccTime:167.861392
#ERR image_list_position: [467] boxes: [0]  x_r: 8.1034555435180664e+00 x_e: 8.0660438537597656e+00 x_diff: 3.7411689758300781e-02 y_r: 4.8618021011352539e+00 y_e: 4.9147911071777344e+00 y_diff: 5.2989006042480469e-02 w_r: 2.2892448902130127e+00 w_e: 2.2625195980072021e+00 w_diff: 2.6725292205810547e-02 h_r: 2.9327399730682373e+00 h_e: 2.9553003311157227e+00 h_diff: 2.2560358047485352e-02
#ERR image_list_position: [467] probs: [0,6]  prob_r: 1.9904780201613903e-03 prob_e: 2.0456972997635603e-03
#ERR image_list_position: [467] probs: [0,14]  prob_r: 1.1641521705314517e-03 prob_e: 1.1965031735599041e-03
#ERR image_list_position: [467] boxes: [1]  x_r: 1.4006938934326172e+01 x_e: 1.4013590812683105e+01 x_diff: 6.6518783569335938e-03 y_r: 2.9893362045288086e+01 y_e: 2.9876594543457031e+01 y_diff: 1.6767501831054688e-02 w_r: 1.9635206222534180e+01 w_e: 1.9699831008911133e+01 w_diff: 6.4624786376953125e-02 h_r: 2.3813016891479492e+01 h_e: 2.3955129623413086e+01 h_diff: 1.4211273193359375e-01
#ERR image_list_position: [467] boxes: [2]  x_r: 4.8745716094970703e+01 x_e: 4.8825340270996094e+01 x_diff: 7.9624176025390625e-02 y_r: 2.5071811676025391e+01 y_e: 2.5007747650146484e+01 y_diff: 6.4064025878906250e-02 w_r: 3.2054054260253906e+01 w_e: 3.2203636169433594e+01 w_diff: 1.4958190917968750e-01 h_r: 2.2439023971557617e+01 h_e: 2.2587013244628906e+01 h_diff: 1.4798927307128906e-01
#ERR image_list_position: [467] boxes: [3]  x_r: 1.3693405151367188e+02 x_e: 1.3700596618652344e+02 x_diff: 7.1914672851562500e-02 y_r: 3.0126827239990234e+01 y_e: 3.0169851303100586e+01 y_diff: 4.3024063110351562e-02 w_r: 8.1541664123535156e+01 w_e: 8.1308456420898438e+01 w_diff: 2.3320770263671875e-01 h_r: 2.2076478958129883e+01 h_e: 2.2224418640136719e+01 h_diff: 1.4793968200683594e-01
#ERR image_list_position: [467] boxes: [4]  x_r: 1.1600900268554688e+02 x_e: 1.1599327087402344e+02 x_diff: 1.5731811523437500e-02 y_r: 1.3242259979248047e+01 y_e: 1.3267549514770508e+01 y_diff: 2.5289535522460938e-02 w_r: 3.4774486541748047e+01 w_e: 3.4726070404052734e+01 w_diff: 4.8416137695312500e-02 h_r: 1.1425338745117188e+01 h_e: 1.1491676330566406e+01 h_diff: 6.6337585449218750e-02
#ERR image_list_position: [467] boxes: [5]  x_r: 1.0140230560302734e+02 x_e: 1.0134663391113281e+02 x_diff: 5.5671691894531250e-02 y_r: 5.0678901672363281e+00 y_e: 5.0179162025451660e+00 y_diff: 4.9973964691162109e-02 w_r: 9.5539922714233398e+00 w_e: 9.8068265914916992e+00 w_diff: 2.5283432006835938e-01 h_r: 1.3100210428237915e+00 h_e: 1.3185323476791382e+00 h_diff: 8.5113048553466797e-03
#ERR image_list_position: [467] boxes: [6]  x_r: 2.0587808227539062e+02 x_e: 2.0581303405761719e+02 x_diff: 6.5048217773437500e-02 y_r: 1.2379591941833496e+01 y_e: 1.2352318763732910e+01 y_diff: 2.7273178100585938e-02 w_r: 3.3706726074218750e+01 w_e: 3.3252101898193359e+01 w_diff: 4.5462417602539062e-01 h_r: 1.2397464752197266e+01 h_e: 1.2278333663940430e+01 h_diff: 1.1913108825683594e-01
#ERR image_list_position: [467] boxes: [7]  x_r: 2.2265678405761719e+02 x_e: 2.2267329406738281e+02 x_diff: 1.6510009765625000e-02 y_r: 3.0035013198852539e+01 y_e: 3.0097248077392578e+01 y_diff: 6.2234878540039062e-02 w_r: 6.9353179931640625e+01 w_e: 6.9724205017089844e+01 w_diff: 3.7102508544921875e-01 h_r: 2.3607332229614258e+01 h_e: 2.3440280914306641e+01 h_diff: 1.6705131530761719e-01
#ERR image_list_position: [467] boxes: [8]  x_r: 1.8561456298828125e+02 x_e: 1.8568656921386719e+02 x_diff: 7.2006225585937500e-02 y_r: 1.1810763180255890e-01 y_e: 3.1552262604236603e-02 y_diff: 8.6555369198322296e-02 w_r: 5.7428902387619019e-01 w_e: 5.3692173957824707e-01 w_diff: 3.7367284297943115e-02 h_r: 7.2315305471420288e-01 h_e: 7.1982818841934204e-01 h_diff: 3.3248662948608398e-03
#ERR image_list_position: [467] boxes: [9]  x_r: 2.7928454589843750e+02 x_e: 2.7933691406250000e+02 x_diff: 5.2368164062500000e-02 y_r: 1.1823393106460571e+00 y_e: 1.1928129196166992e+00 y_diff: 1.0473608970642090e-02 w_r: 8.2523117065429688e+00 w_e: 8.2922496795654297e+00 w_diff: 3.9937973022460938e-02 h_r: 3.0718529224395752e-01 h_e: 2.9092368483543396e-01 h_diff: 1.6261607408523560e-02
#ERR image_list_position: [467] boxes: [10]  x_r: 3.1385101318359375e+02 x_e: 3.1383499145507812e+02 x_diff: 1.6021728515625000e-02 y_r: 2.4657287597656250e+01 y_e: 2.4647651672363281e+01 y_diff: 9.6359252929687500e-03 w_r: 1.0152155303955078e+02 w_e: 1.0179270935058594e+02 w_diff: 2.7115631103515625e-01 h_r: 3.3107891082763672e+01 h_e: 3.3007621765136719e+01 h_diff: 1.0026931762695312e-01
#ERR image_list_position: [467] boxes: [11]  x_r: 3.0259277343750000e+02 x_e: 3.0263952636718750e+02 x_diff: 4.6752929687500000e-02 y_r: 1.2136047363281250e+01 y_e: 1.2136315345764160e+01 y_diff: 2.6798248291015625e-04 w_r: 3.3589015960693359e+01 w_e: 3.3363651275634766e+01 w_diff: 2.2536468505859375e-01 h_r: 1.2700130462646484e+01 h_e: 1.2658230781555176e+01 h_diff: 4.1899681091308594e-02
#ERR image_list_position: [467] boxes: [12]  x_r: 3.7767761230468750e+02 x_e: 3.7765246582031250e+02 x_diff: 2.5146484375000000e-02 y_r: 1.0065715312957764e+00 y_e: 1.0272347927093506e+00 y_diff: 2.0663261413574219e-02 w_r: 4.7575979232788086e+00 w_e: 4.7698893547058105e+00 w_diff: 1.2291431427001953e-02 h_r: 4.2164301872253418e-01 h_e: 4.6223390102386475e-01 h_diff: 4.0590882301330566e-02
#ERR image_list_position: [467] boxes: [13]  x_r: 4.0692663574218750e+02 x_e: 4.0706710815429688e+02 x_diff: 1.4047241210937500e-01 y_r: 2.8980951309204102e+01 y_e: 2.8931266784667969e+01 y_diff: 4.9684524536132812e-02 w_r: 9.1378532409667969e+01 w_e: 9.1480873107910156e+01 w_diff: 1.0234069824218750e-01 h_r: 3.5889579772949219e+01 h_e: 3.5919628143310547e+01 h_diff: 3.0048370361328125e-02
#ERR image_list_position: [467] boxes: [14]  x_r: 3.8957336425781250e+02 x_e: 3.8960296630859375e+02 x_diff: 2.9602050781250000e-02 y_r: 6.5780000686645508e+00 y_e: 6.5396203994750977e+00 y_diff: 3.8379669189453125e-02 w_r: 3.3167720794677734e+01 w_e: 3.3159961700439453e+01 w_diff: 7.7590942382812500e-03 h_r: 9.1048402786254883e+00 h_e: 9.0838661193847656e+00 h_diff: 2.0974159240722656e-02
#ERR image_list_position: [467] boxes: [15]  x_r: 4.6248376464843750e+02 x_e: 4.6235736083984375e+02 x_diff: 1.2640380859375000e-01 y_r: 1.1843298673629761e+00 y_e: 1.2417360544204712e+00 y_diff: 5.7406187057495117e-02 w_r: 1.2971928715705872e-01 w_e: 1.3977414369583130e-01 w_diff: 1.0054856538772583e-02 h_r: 1.2827289104461670e-01 h_e: 1.2376563251018524e-01 h_diff: 4.5072585344314575e-03
#ERR image_list_position: [467] boxes: [16]  x_r: 4.7947702026367188e+02 x_e: 4.7946511840820312e+02 x_diff: 1.1901855468750000e-02 y_r: 1.1973639488220215e+01 y_e: 1.1942073822021484e+01 y_diff: 3.1565666198730469e-02 w_r: 3.1731832504272461e+01 w_e: 3.1654214859008789e+01 w_diff: 7.7617645263671875e-02 h_r: 1.4359680175781250e+01 h_e: 1.4449556350708008e+01 h_diff: 8.9876174926757812e-02
#ERR image_list_position: [467] boxes: [17]  x_r: 5.0147946166992188e+02 x_e: 5.0150509643554688e+02 x_diff: 2.5634765625000000e-02 y_r: 2.8244056701660156e+01 y_e: 2.8227880477905273e+01 y_diff: 1.6176223754882812e-02 w_r: 9.4485519409179688e+01 w_e: 9.5169219970703125e+01 w_diff: 6.8370056152343750e-01 h_r: 3.2493999481201172e+01 h_e: 3.2639862060546875e+01 h_diff: 1.4586257934570312e-01
#ERR image_list_position: [467] boxes: [18]  x_r: 5.5487896728515625e+02 x_e: 5.5488110351562500e+02 x_diff: 2.1362304687500000e-03 y_r: 2.8293049335479736e+00 y_e: 2.8574755191802979e+00 y_diff: 2.8170585632324219e-02 w_r: 3.4791059494018555e+00 w_e: 3.5364573001861572e+00 w_diff: 5.7351350784301758e-02 h_r: 3.4491986036300659e-01 h_e: 3.3496570587158203e-01 h_diff: 9.9541544914245605e-03
#ERR image_list_position: [467] boxes: [19]  x_r: 5.9438061523437500e+02 x_e: 5.9446392822265625e+02 x_diff: 8.3312988281250000e-02 y_r: 2.6100395202636719e+01 y_e: 2.6115472793579102e+01 y_diff: 1.5077590942382812e-02 w_r: 5.1615085601806641e+01 w_e: 5.1689094543457031e+01 w_diff: 7.4008941650390625e-02 h_r: 2.2467475891113281e+01 h_e: 2.2564184188842773e+01 h_diff: 9.6708297729492188e-02
#ERR image_list_position: [467] boxes: [20]  x_r: 5.7329650878906250e+02 x_e: 5.7338360595703125e+02 x_diff: 8.7097167968750000e-02 y_r: 1.2207409858703613e+01 y_e: 1.2238580703735352e+01 y_diff: 3.1170845031738281e-02 w_r: 1.7008806228637695e+01 w_e: 1.6882701873779297e+01 w_diff: 1.2610435485839844e-01 h_r: 1.5167531013488770e+01 h_e: 1.5291722297668457e+01 h_diff: 1.2419128417968750e-01
#ERR image_list_position: [467] boxes: [21]  x_r: 1.1890668869018555e+01 x_e: 1.1799197196960449e+01 x_diff: 9.1471672058105469e-02 y_r: 1.0507293701171875e+02 y_e: 1.0509738922119141e+02 y_diff: 2.4452209472656250e-02 w_r: 1.9681737899780273e+01 w_e: 1.9529636383056641e+01 w_diff: 1.5210151672363281e-01 h_r: 3.6241779327392578e+01 h_e: 3.6074523925781250e+01 h_diff: 1.6725540161132812e-01
#ERR image_list_position: [467] boxes: [22]  x_r: 5.5308734893798828e+01 x_e: 5.5437808990478516e+01 x_diff: 1.2907409667968750e-01 y_r: 1.0467182159423828e+02 y_e: 1.0471621704101562e+02 y_diff: 4.4395446777343750e-02 w_r: 4.3916896820068359e+01 w_e: 4.4164928436279297e+01 w_diff: 2.4803161621093750e-01 h_r: 4.2857601165771484e+01 h_e: 4.3170875549316406e+01 h_diff: 3.1327438354492188e-01
#ERR image_list_position: [467] boxes: [23]  x_r: 9.0891962051391602e+00 x_e: 9.1206598281860352e+00 x_diff: 3.1463623046875000e-02 y_r: 9.2380157470703125e+01 y_e: 9.2423210144042969e+01 y_diff: 4.3052673339843750e-02 w_r: 9.0533580780029297e+00 w_e: 9.0417804718017578e+00 w_diff: 1.1577606201171875e-02 h_r: 1.6288768768310547e+01 h_e: 1.6307744979858398e+01 h_diff: 1.8976211547851562e-02
#ERR image_list_position: [467] boxes: [24]  x_r: 9.3252227783203125e+01 x_e: 9.3257804870605469e+01 x_diff: 5.5770874023437500e-03 y_r: 6.8105804443359375e+01 y_e: 6.8116271972656250e+01 y_diff: 1.0467529296875000e-02 w_r: 3.8606566190719604e-01 w_e: 3.6984205245971680e-01 w_diff: 1.6223609447479248e-02 h_r: 6.1028312891721725e-02 h_e: 5.7972062379121780e-02 h_diff: 3.0562505125999451e-03
#ERR image_list_position: [467] boxes: [25]  x_r: 1.0386927032470703e+02 x_e: 1.0381443023681641e+02 x_diff: 5.4840087890625000e-02 y_r: 9.2478118896484375e+01 y_e: 9.2448928833007812e+01 y_diff: 2.9190063476562500e-02 w_r: 2.1811824798583984e+01 w_e: 2.1887701034545898e+01 w_diff: 7.5876235961914062e-02 h_r: 1.4189627647399902e+01 h_e: 1.4066555976867676e+01 h_diff: 1.2307167053222656e-01
#ERR image_list_position: [467] boxes: [26]  x_r: 1.3843940734863281e+02 x_e: 1.3849159240722656e+02 x_diff: 5.2185058593750000e-02 y_r: 1.0080303192138672e+02 y_e: 1.0079250335693359e+02 y_diff: 1.0528564453125000e-02 w_r: 7.1356781005859375e+01 w_e: 7.1876663208007812e+01 w_diff: 5.1988220214843750e-01 h_r: 5.5490219116210938e+01 h_e: 5.5147151947021484e+01 h_diff: 3.4306716918945312e-01
#ERR image_list_position: [467] probs: [26,5]  prob_r: 2.2312256041914225e-03 prob_e: 2.2596074268221855e-03
#ERR image_list_position: [467] probs: [26,6]  prob_r: 3.6963152233511209e-03 prob_e: 3.7404897157102823e-03
#ERR image_list_position: [467] probs: [26,14]  prob_r: 2.0540796685963869e-03 prob_e: 2.0684194751083851e-03
#ERR image_list_position: [467] boxes: [27]  x_r: 2.0017079162597656e+02 x_e: 2.0008589172363281e+02 x_diff: 8.4899902343750000e-02 y_r: 9.5369430541992188e+01 y_e: 9.5422317504882812e+01 y_diff: 5.2886962890625000e-02 w_r: 1.6301328659057617e+01 w_e: 1.6248468399047852e+01 w_diff: 5.2860260009765625e-02 h_r: 1.1376431465148926e+01 h_e: 1.1417031288146973e+01 h_diff: 4.0599822998046875e-02
#ERR image_list_position: [467] boxes: [28]  x_r: 1.8488427734375000e+02 x_e: 1.8489408874511719e+02 x_diff: 9.8114013671875000e-03 y_r: 6.8763442993164062e+01 y_e: 6.8745002746582031e+01 y_diff: 1.8440246582031250e-02 w_r: 3.2353767752647400e-01 w_e: 3.1992831826210022e-01 w_diff: 3.6093592643737793e-03 h_r: 6.3212402164936066e-02 h_e: 6.2864296138286591e-02 h_diff: 3.4810602664947510e-04
#ERR image_list_position: [467] boxes: [29]  x_r: 2.2374575805664062e+02 x_e: 2.2380796813964844e+02 x_diff: 6.2210083007812500e-02 y_r: 1.0406153106689453e+02 y_e: 1.0402778625488281e+02 y_diff: 3.3744812011718750e-02 w_r: 8.9745162963867188e+01 w_e: 8.9313064575195312e+01 w_diff: 4.3209838867187500e-01 h_r: 6.2560462951660156e+01 h_e: 6.2987979888916016e+01 h_diff: 4.2751693725585938e-01
#ERR image_list_position: [467] boxes: [30]  x_r: 2.9765557861328125e+02 x_e: 2.9761901855468750e+02 x_diff: 3.6560058593750000e-02 y_r: 9.7147430419921875e+01 y_e: 9.7090332031250000e+01 y_diff: 5.7098388671875000e-02 w_r: 3.0494279861450195e+01 w_e: 3.0565864562988281e+01 w_diff: 7.1584701538085938e-02 h_r: 2.2466129302978516e+01 h_e: 2.2388299942016602e+01 h_diff: 7.7829360961914062e-02
#ERR image_list_position: [467] boxes: [31]  x_r: 3.2306137084960938e+02 x_e: 3.2315875244140625e+02 x_diff: 9.7381591796875000e-02 y_r: 1.0830202484130859e+02 y_e: 1.0839071655273438e+02 y_diff: 8.8691711425781250e-02 w_r: 1.2730282592773438e+02 w_e: 1.2710285949707031e+02 w_diff: 1.9996643066406250e-01 h_r: 7.5052986145019531e+01 h_e: 7.5070022583007812e+01 h_diff: 1.7036437988281250e-02
#ERR image_list_position: [467] boxes: [32]  x_r: 2.7449981689453125e+02 x_e: 2.7443414306640625e+02 x_diff: 6.5673828125000000e-02 y_r: 6.6650291442871094e+01 y_e: 6.6617713928222656e+01 y_diff: 3.2577514648437500e-02 w_r: 1.2421791441738605e-02 w_e: 1.1425693519413471e-02 w_diff: 9.9609792232513428e-04 h_r: 7.9008983448147774e-03 h_e: 2.8495846781879663e-03 h_diff: 5.0513138994574547e-03
#ERR image_list_position: [467] boxes: [33]  x_r: 3.7573278808593750e+02 x_e: 3.7563354492187500e+02 x_diff: 9.9243164062500000e-02 y_r: 9.4495712280273438e+01 y_e: 9.4433776855468750e+01 y_diff: 6.1935424804687500e-02 w_r: 1.7194646835327148e+01 w_e: 1.7459352493286133e+01 w_diff: 2.6470565795898438e-01 h_r: 1.6475723266601562e+01 h_e: 1.6366279602050781e+01 h_diff: 1.0944366455078125e-01
#ERR image_list_position: [467] boxes: [34]  x_r: 3.6663772583007812e+02 x_e: 3.6665780639648438e+02 x_diff: 2.0080566406250000e-02 y_r: 6.8159233093261719e+01 y_e: 6.8214828491210938e+01 y_diff: 5.5595397949218750e-02 w_r: 5.6312248110771179e-02 w_e: 6.0452498495578766e-02 w_diff: 4.1402503848075867e-03 h_r: 1.2905614078044891e-01 h_e: 1.4458984136581421e-01 h_diff: 1.5533700585365295e-02
#ERR image_list_position: [467] boxes: [35]  x_r: 4.1673632812500000e+02 x_e: 4.1667303466796875e+02 x_diff: 6.3293457031250000e-02 y_r: 1.0772893524169922e+02 y_e: 1.0774159240722656e+02 y_diff: 1.2657165527343750e-02 w_r: 1.4271635437011719e+02 w_e: 1.4306095886230469e+02 w_diff: 3.4460449218750000e-01 h_r: 8.8740585327148438e+01 h_e: 8.8902290344238281e+01 h_diff: 1.6170501708984375e-01
#ERR image_list_position: [467] boxes: [36]  x_r: 4.5973498535156250e+02 x_e: 4.5966082763671875e+02 x_diff: 7.4157714843750000e-02 y_r: 6.7622695922851562e+01 y_e: 6.7585350036621094e+01 y_diff: 3.7345886230468750e-02 w_r: 1.1239401996135712e-02 w_e: 1.2400013394653797e-02 w_diff: 1.1606113985180855e-03 h_r: 5.8111369609832764e-01 h_e: 6.0788089036941528e-01 h_diff: 2.6767194271087646e-02
#ERR image_list_position: [467] boxes: [37]  x_r: 4.7182687377929688e+02 x_e: 4.7190823364257812e+02 x_diff: 8.1359863281250000e-02 y_r: 9.2318107604980469e+01 y_e: 9.2311798095703125e+01 y_diff: 6.3095092773437500e-03 w_r: 1.5663623809814453e+01 w_e: 1.5747751235961914e+01 w_diff: 8.4127426147460938e-02 h_r: 1.3382863998413086e+01 h_e: 1.3375684738159180e+01 h_diff: 7.1792602539062500e-03
#ERR image_list_position: [467] boxes: [38]  x_r: 4.9987533569335938e+02 x_e: 4.9979385375976562e+02 x_diff: 8.1481933593750000e-02 y_r: 1.1026324462890625e+02 y_e: 1.1022295379638672e+02 y_diff: 4.0290832519531250e-02 w_r: 1.0813305664062500e+02 w_e: 1.0824276733398438e+02 w_diff: 1.0971069335937500e-01 h_r: 7.3404754638671875e+01 h_e: 7.3261703491210938e+01 h_diff: 1.4305114746093750e-01
#ERR image_list_position: [467] boxes: [39]  x_r: 5.5112219238281250e+02 x_e: 5.5108691406250000e+02 x_diff: 3.5278320312500000e-02 y_r: 6.9521415710449219e+01 y_e: 6.9558113098144531e+01 y_diff: 3.6697387695312500e-02 w_r: 5.5758291482925415e-01 w_e: 5.3240853548049927e-01 w_diff: 2.5174379348754883e-02 h_r: 2.2416913509368896e+00 h_e: 2.2147960662841797e+00 h_diff: 2.6895284652709961e-02
#ERR image_list_position: [467] boxes: [40]  x_r: 5.9804290771484375e+02 x_e: 5.9805053710937500e+02 x_diff: 7.6293945312500000e-03 y_r: 9.7147644042968750e+01 y_e: 9.7150184631347656e+01 y_diff: 2.5405883789062500e-03 w_r: 9.6287059783935547e+00 w_e: 9.5423107147216797e+00 w_diff: 8.6395263671875000e-02 h_r: 1.6409952163696289e+01 h_e: 1.6334203720092773e+01 h_diff: 7.5748443603515625e-02
#ERR image_list_position: [467] boxes: [41]  x_r: 5.9027697753906250e+02 x_e: 5.9018151855468750e+02 x_diff: 9.5458984375000000e-02 y_r: 1.0965850067138672e+02 y_e: 1.0962999725341797e+02 y_diff: 2.8503417968750000e-02 w_r: 5.0411487579345703e+01 w_e: 5.0343021392822266e+01 w_diff: 6.8466186523437500e-02 h_r: 7.6355667114257812e+01 h_e: 7.6200828552246094e+01 h_diff: 1.5483856201171875e-01
#ERR image_list_position: [467] boxes: [42]  x_r: 1.7048326492309570e+01 x_e: 1.7021476745605469e+01 x_diff: 2.6849746704101562e-02 y_r: 1.9147351074218750e+02 y_e: 1.9145469665527344e+02 y_diff: 1.8814086914062500e-02 w_r: 2.5264312744140625e+01 w_e: 2.5479822158813477e+01 w_diff: 2.1550941467285156e-01 h_r: 3.7817638397216797e+01 h_e: 3.8014549255371094e+01 h_diff: 1.9691085815429688e-01
#ERR image_list_position: [467] probs: [42,5]  prob_r: 5.5363867431879044e-03 prob_e: 5.5448138155043125e-03
#ERR image_list_position: [467] probs: [42,6]  prob_r: 1.1515946127474308e-02 prob_e: 1.1496346443891525e-02
#ERR image_list_position: [467] boxes: [43]  x_r: 3.5878880023956299e+00 x_e: 3.6548080444335938e+00 x_diff: 6.6920042037963867e-02 y_r: 1.4317059326171875e+02 y_e: 1.4311540222167969e+02 y_diff: 5.5191040039062500e-02 w_r: 8.2123839855194092e-01 w_e: 8.2679760456085205e-01 w_diff: 5.5592060089111328e-03 h_r: 8.5343933105468750e+00 h_e: 8.5111284255981445e+00 h_diff: 2.3264884948730469e-02
#ERR image_list_position: [467] boxes: [44]  x_r: 5.2515319824218750e+01 x_e: 5.2522365570068359e+01 x_diff: 7.0457458496093750e-03 y_r: 1.9754103088378906e+02 y_e: 1.9748043823242188e+02 y_diff: 6.0592651367187500e-02 w_r: 4.1458602905273438e+01 w_e: 4.1521968841552734e+01 w_diff: 6.3365936279296875e-02 h_r: 4.5196083068847656e+01 h_e: 4.5544261932373047e+01 h_diff: 3.4817886352539062e-01
#ERR image_list_position: [467] probs: [44,5]  prob_r: 4.9459431320428848e-03 prob_e: 4.9522528424859047e-03
#ERR image_list_position: [467] probs: [44,6]  prob_r: 1.0287795215845108e-02 prob_e: 1.0267758741974831e-02
#ERR image_list_position: [467] boxes: [45]  x_r: 1.1245225524902344e+02 x_e: 1.1247130584716797e+02 x_diff: 1.9050598144531250e-02 y_r: 1.9161347961425781e+02 y_e: 1.9153517150878906e+02 y_diff: 7.8308105468750000e-02 w_r: 2.8301961898803711e+01 w_e: 2.8488134384155273e+01 w_diff: 1.8617248535156250e-01 h_r: 1.6040855407714844e+01 h_e: 1.6080743789672852e+01 h_diff: 3.9888381958007812e-02
#ERR image_list_position: [467] probs: [45,5]  prob_r: 6.9156046956777573e-03 prob_e: 7.0338565856218338e-03
#ERR image_list_position: [467] probs: [45,6]  prob_r: 1.2986560352146626e-02 prob_e: 1.3187243603169918e-02
#ERR image_list_position: [467] probs: [45,14]  prob_r: 3.4117503091692924e-03 prob_e: 3.4683861304074526e-03
#ERR image_list_position: [467] boxes: [46]  x_r: 1.4473355102539062e+02 x_e: 1.4471286010742188e+02 x_diff: 2.0690917968750000e-02 y_r: 1.9193676757812500e+02 y_e: 1.9191249084472656e+02 y_diff: 2.4276733398437500e-02 w_r: 5.8056587219238281e+01 w_e: 5.8130336761474609e+01 w_diff: 7.3749542236328125e-02 h_r: 4.9373546600341797e+01 h_e: 4.9316886901855469e+01 h_diff: 5.6659698486328125e-02
#ERR image_list_position: [467] boxes: [47]  x_r: 9.5042793273925781e+01 x_e: 9.4959312438964844e+01 x_diff: 8.3480834960937500e-02 y_r: 1.3882031250000000e+02 y_e: 1.3882679748535156e+02 y_diff: 6.4849853515625000e-03 w_r: 6.9301563501358032e-01 w_e: 6.8996489048004150e-01 w_diff: 3.0507445335388184e-03 h_r: 2.7321979403495789e-01 h_e: 2.5465643405914307e-01 h_diff: 1.8563359975814819e-02
#ERR image_list_position: [467] probs: [47,6]  prob_r: 1.2138443998992443e-03 prob_e: 1.3200354296714067e-03
#ERR image_list_position: [467] boxes: [49]  x_r: 2.0138218688964844e+02 x_e: 2.0139434814453125e+02 x_diff: 1.2161254882812500e-02 y_r: 1.8663728332519531e+02 y_e: 1.8660009765625000e+02 y_diff: 3.7185668945312500e-02 w_r: 3.9722476959228516e+01 w_e: 3.9556003570556641e+01 w_diff: 1.6647338867187500e-01 h_r: 2.8582883834838867e+01 h_e: 2.8497650146484375e+01 h_diff: 8.5233688354492188e-02
#ERR image_list_position: [467] boxes: [50]  x_r: 2.3563938903808594e+02 x_e: 2.3564610290527344e+02 x_diff: 6.7138671875000000e-03 y_r: 1.8028833007812500e+02 y_e: 1.8035096740722656e+02 y_diff: 6.2637329101562500e-02 w_r: 8.2928833007812500e+01 w_e: 8.3155906677246094e+01 w_diff: 2.2707366943359375e-01 h_r: 6.9917549133300781e+01 h_e: 6.9989395141601562e+01 h_diff: 7.1846008300781250e-02
#ERR image_list_position: [467] boxes: [51]  x_r: 3.1880572509765625e+02 x_e: 3.1890173339843750e+02 x_diff: 9.6008300781250000e-02 y_r: 1.7960408020019531e+02 y_e: 1.7957026672363281e+02 y_diff: 3.3813476562500000e-02 w_r: 4.1683952331542969e+01 w_e: 4.1818672180175781e+01 w_diff: 1.3471984863281250e-01 h_r: 4.4088096618652344e+01 h_e: 4.4224655151367188e+01 h_diff: 1.3655853271484375e-01
#ERR image_list_position: [467] boxes: [52]  x_r: 2.8383770751953125e+02 x_e: 2.8388418579101562e+02 x_diff: 4.6478271484375000e-02 y_r: 1.5055871582031250e+02 y_e: 1.5049841308593750e+02 y_diff: 6.0302734375000000e-02 w_r: 1.1555082321166992e+01 w_e: 1.1421587944030762e+01 w_diff: 1.3349437713623047e-01 h_r: 1.3538484573364258e+01 h_e: 1.3385851860046387e+01 h_diff: 1.5263271331787109e-01
#ERR image_list_position: [467] boxes: [53]  x_r: 3.2299826049804688e+02 x_e: 3.2296624755859375e+02 x_diff: 3.2012939453125000e-02 y_r: 1.8735559082031250e+02 y_e: 1.8733198547363281e+02 y_diff: 2.3605346679687500e-02 w_r: 2.1981097412109375e+02 w_e: 2.2075155639648438e+02 w_diff: 9.4058227539062500e-01 h_r: 1.7535754394531250e+02 h_e: 1.7570274353027344e+02 h_diff: 3.4519958496093750e-01
#ERR image_list_position: [467] probs: [53,5]  prob_r: 1.9546825438737869e-02 prob_e: 1.9317435100674629e-02
#ERR image_list_position: [467] probs: [53,6]  prob_r: 4.4947559945285320e-03 prob_e: 4.4247522018849850e-03
#ERR image_list_position: [467] probs: [53,14]  prob_r: 4.0697553195059299e-03 prob_e: 4.0170173160731792e-03
#ERR image_list_position: [467] boxes: [54]  x_r: 4.2652761840820312e+02 x_e: 4.2659225463867188e+02 x_diff: 6.4636230468750000e-02 y_r: 1.9651893615722656e+02 y_e: 1.9665806579589844e+02 y_diff: 1.3912963867187500e-01 w_r: 3.0834692382812500e+02 w_e: 3.1029293823242188e+02 w_diff: 1.9460144042968750e+00 h_r: 2.3301089477539062e+02 h_e: 2.3353991699218750e+02 h_diff: 5.2902221679687500e-01
#ERR image_list_position: [467] boxes: [55]  x_r: 4.1017385864257812e+02 x_e: 4.1022720336914062e+02 x_diff: 5.3344726562500000e-02 y_r: 1.7715055847167969e+02 y_e: 1.7715322875976562e+02 y_diff: 2.6702880859375000e-03 w_r: 4.6178451538085938e+01 w_e: 4.6220882415771484e+01 w_diff: 4.2430877685546875e-02 h_r: 4.1912124633789062e+01 h_e: 4.1938381195068359e+01 h_diff: 2.6256561279296875e-02
#ERR image_list_position: [467] boxes: [56]  x_r: 3.6977468872070312e+02 x_e: 3.6979681396484375e+02 x_diff: 2.2125244140625000e-02 y_r: 1.4276603698730469e+02 y_e: 1.4277731323242188e+02 y_diff: 1.1276245117187500e-02 w_r: 3.6216613650321960e-01 w_e: 3.8757950067520142e-01 w_diff: 2.5413364171981812e-02 h_r: 8.8672304153442383e-01 h_e: 8.9948469400405884e-01 h_diff: 1.2761652469635010e-02
#ERR image_list_position: [467] probs: [56,5]  prob_r: 5.2335048094391823e-03 prob_e: 4.8002181574702263e-03
#ERR image_list_position: [467] boxes: [57]  x_r: 4.6157324218750000e+02 x_e: 4.6157690429687500e+02 x_diff: 3.6621093750000000e-03 y_r: 1.3954158020019531e+02 y_e: 1.3950767517089844e+02 y_diff: 3.3905029296875000e-02 w_r: 4.2816045880317688e-01 w_e: 4.1562744975090027e-01 w_diff: 1.2533009052276611e-02 h_r: 7.7433109283447266e-01 h_e: 7.3956942558288574e-01 h_diff: 3.4761667251586914e-02
#ERR image_list_position: [467] boxes: [58]  x_r: 4.9022088623046875e+02 x_e: 4.9014053344726562e+02 x_diff: 8.0352783203125000e-02 y_r: 1.8456672668457031e+02 y_e: 1.8467349243164062e+02 y_diff: 1.0676574707031250e-01 w_r: 1.6617858886718750e+02 w_e: 1.6604893493652344e+02 w_diff: 1.2965393066406250e-01 h_r: 1.4618338012695312e+02 h_e: 1.4662147521972656e+02 h_diff: 4.3809509277343750e-01
#ERR image_list_position: [467] boxes: [59]  x_r: 4.8021728515625000e+02 x_e: 4.8011734008789062e+02 x_diff: 9.9945068359375000e-02 y_r: 1.8022334289550781e+02 y_e: 1.8023258972167969e+02 y_diff: 9.2468261718750000e-03 w_r: 3.9339912414550781e+01 w_e: 3.9298942565917969e+01 w_diff: 4.0969848632812500e-02 h_r: 2.9652952194213867e+01 h_e: 2.9546396255493164e+01 h_diff: 1.0655593872070312e-01
#ERR image_list_position: [467] boxes: [60]  x_r: 5.8747045898437500e+02 x_e: 5.8726794433593750e+02 x_diff: 2.0251464843750000e-01 y_r: 1.7937294006347656e+02 y_e: 1.7935977172851562e+02 y_diff: 1.3168334960937500e-02 w_r: 5.5284816741943359e+01 w_e: 5.5439342498779297e+01 w_diff: 1.5452575683593750e-01 h_r: 1.1472837066650391e+02 h_e: 1.1475710296630859e+02 h_diff: 2.8732299804687500e-02
#ERR image_list_position: [467] boxes: [61]  x_r: 6.2124328613281250e+02 x_e: 6.2124371337890625e+02 x_diff: 4.2724609375000000e-04 y_r: 1.8398957824707031e+02 y_e: 1.8398645019531250e+02 y_diff: 3.1280517578125000e-03 w_r: 1.6801048278808594e+01 w_e: 1.6585269927978516e+01 w_diff: 2.1577835083007812e-01 h_r: 7.1958244323730469e+01 h_e: 7.2173606872558594e+01 h_diff: 2.1536254882812500e-01
#ERR image_list_position: [467] boxes: [62]  x_r: 5.5883551025390625e+02 x_e: 5.5893719482421875e+02 x_diff: 1.0168457031250000e-01 y_r: 1.6497811889648438e+02 y_e: 1.6495501708984375e+02 y_diff: 2.3101806640625000e-02 w_r: 1.9656740188598633e+01 w_e: 1.9486066818237305e+01 w_diff: 1.7067337036132812e-01 h_r: 1.8392183303833008e+01 h_e: 1.8576677322387695e+01 h_diff: 1.8449401855468750e-01
#ERR image_list_position: [467] boxes: [63]  x_r: 5.2906501770019531e+01 x_e: 5.2912853240966797e+01 x_diff: 6.3514709472656250e-03 y_r: 2.2401013183593750e+02 y_e: 2.2398214721679688e+02 y_diff: 2.7984619140625000e-02 w_r: 4.8326744079589844e+01 w_e: 4.8245349884033203e+01 w_diff: 8.1394195556640625e-02 h_r: 4.3956180572509766e+01 h_e: 4.3844135284423828e+01 h_diff: 1.1204528808593750e-01
#ERR image_list_position: [467] probs: [63,5]  prob_r: 9.4099538400769234e-03 prob_e: 9.5275845378637314e-03
#ERR image_list_position: [467] probs: [63,6]  prob_r: 9.7205318510532379e-02 prob_e: 9.7110427916049957e-02
#ERR image_list_position: [467] probs: [63,7]  prob_r: 1.9376194104552269e-03 prob_e: 2.0069892052561045e-03
#ERR image_list_position: [467] probs: [63,10]  prob_r: 1.6458095051348209e-03 prob_e: 1.7410160508006811e-03
#ERR image_list_position: [467] probs: [63,14]  prob_r: 3.0488721095025539e-03 prob_e: 3.0689998529851437e-03
#ERR image_list_position: [467] probs: [63,18]  prob_r: 3.3300959039479494e-03 prob_e: 3.2197325490415096e-03
#ERR image_list_position: [467] boxes: [64]  x_r: 1.6485309600830078e+01 x_e: 1.6389484405517578e+01 x_diff: 9.5825195312500000e-02 y_r: 2.3240292358398438e+02 y_e: 2.3247265625000000e+02 y_diff: 6.9732666015625000e-02 w_r: 2.5541269302368164e+01 w_e: 2.5715620040893555e+01 w_diff: 1.7435073852539062e-01 h_r: 4.3857761383056641e+01 h_e: 4.4076858520507812e+01 h_diff: 2.1909713745117188e-01
#ERR image_list_position: [467] probs: [64,5]  prob_r: 5.7120034471154213e-03 prob_e: 5.7832305319607258e-03
#ERR image_list_position: [467] probs: [64,6]  prob_r: 5.9005301445722580e-02 prob_e: 5.8945897966623306e-02
#ERR image_list_position: [467] probs: [64,7]  prob_r: 1.1761683272197843e-03 prob_e: 1.2182397767901421e-03
#ERR image_list_position: [467] probs: [64,10]  prob_r: 0.0000000000000000e+00 prob_e: 1.0567943099886179e-03
#ERR image_list_position: [467] probs: [64,14]  prob_r: 1.8507178174331784e-03 prob_e: 1.8628787947818637e-03
#ERR image_list_position: [467] probs: [64,18]  prob_r: 2.0214256364852190e-03 prob_e: 1.9543732050806284e-03
#ERR image_list_position: [467] boxes: [65]  x_r: 3.8232887268066406e+01 x_e: 3.8209506988525391e+01 x_diff: 2.3380279541015625e-02 y_r: 2.2427259826660156e+02 y_e: 2.2426210021972656e+02 y_diff: 1.0498046875000000e-02 w_r: 3.9741542816162109e+01 w_e: 3.9779018402099609e+01 w_diff: 3.7475585937500000e-02 h_r: 3.3345779418945312e+01 h_e: 3.3125122070312500e+01 h_diff: 2.2065734863281250e-01
#ERR image_list_position: [467] probs: [65,5]  prob_r: 1.1819725856184959e-02 prob_e: 1.1972931213676929e-02
#ERR image_list_position: [467] probs: [65,6]  prob_r: 1.2209839373826981e-01 prob_e: 1.2203475832939148e-01
#ERR image_list_position: [467] probs: [65,7]  prob_r: 2.4338196963071823e-03 prob_e: 2.5221025571227074e-03
#ERR image_list_position: [467] probs: [65,10]  prob_r: 2.0672809332609177e-03 prob_e: 2.1878646221011877e-03
#ERR image_list_position: [467] probs: [65,14]  prob_r: 3.8296503480523825e-03 prob_e: 3.8566882722079754e-03
#ERR image_list_position: [467] probs: [65,18]  prob_r: 4.1828923858702183e-03 prob_e: 4.0461076423525810e-03
#ERR image_list_position: [467] boxes: [66]  x_r: 1.3256246948242188e+02 x_e: 1.3246478271484375e+02 x_diff: 9.7686767578125000e-02 y_r: 2.2623619079589844e+02 y_e: 2.2622363281250000e+02 y_diff: 1.2557983398437500e-02 w_r: 4.9327827453613281e+01 w_e: 4.9370429992675781e+01 w_diff: 4.2602539062500000e-02 h_r: 2.7786729812622070e+01 h_e: 2.7589088439941406e+01 h_diff: 1.9764137268066406e-01
#ERR image_list_position: [467] probs: [66,2]  prob_r: 1.2445776956155896e-03 prob_e: 1.2392814969643950e-03
#ERR image_list_position: [467] probs: [66,5]  prob_r: 9.3743503093719482e-03 prob_e: 9.3021830543875694e-03
#ERR image_list_position: [467] probs: [66,6]  prob_r: 7.3007754981517792e-02 prob_e: 7.2926290333271027e-02
#ERR image_list_position: [467] probs: [66,7]  prob_r: 1.0875754524022341e-03 prob_e: 1.0404752101749182e-03
#ERR image_list_position: [467] probs: [66,10]  prob_r: 1.6962407389655709e-03 prob_e: 1.7881552921608090e-03
#ERR image_list_position: [467] probs: [66,14]  prob_r: 1.6027165576815605e-02 prob_e: 1.6066584736108780e-02
#ERR image_list_position: [467] boxes: [67]  x_r: 9.6077133178710938e+01 x_e: 9.6144638061523438e+01 x_diff: 6.7504882812500000e-02 y_r: 2.1128071594238281e+02 y_e: 2.1121237182617188e+02 y_diff: 6.8344116210937500e-02 w_r: 1.8783998489379883e+00 w_e: 1.8861566781997681e+00 w_diff: 7.7568292617797852e-03 h_r: 7.5466623306274414e+00 h_e: 7.5772490501403809e+00 h_diff: 3.0586719512939453e-02
#ERR image_list_position: [467] boxes: [68]  x_r: 1.5358261108398438e+02 x_e: 1.5371560668945312e+02 x_diff: 1.3299560546875000e-01 y_r: 2.3505979919433594e+02 y_e: 2.3506211853027344e+02 y_diff: 2.3193359375000000e-03 w_r: 6.7583732604980469e+01 w_e: 6.7704383850097656e+01 w_diff: 1.2065124511718750e-01 h_r: 5.9696208953857422e+01 h_e: 5.9674930572509766e+01 h_diff: 2.1278381347656250e-02
#ERR image_list_position: [467] probs: [68,2]  prob_r: 4.8461905680596828e-03 prob_e: 4.8335054889321327e-03
#ERR image_list_position: [467] probs: [68,5]  prob_r: 3.6502249538898468e-02 prob_e: 3.6280818283557892e-02
#ERR image_list_position: [467] probs: [68,6]  prob_r: 2.8428074717521667e-01 prob_e: 2.8443062305450439e-01
#ERR image_list_position: [467] probs: [68,7]  prob_r: 4.2348480783402920e-03 prob_e: 4.0581114590167999e-03
#ERR image_list_position: [467] probs: [68,9]  prob_r: 2.2080447524785995e-03 prob_e: 2.5068316608667374e-03
#ERR image_list_position: [467] probs: [68,10]  prob_r: 6.6048954613506794e-03 prob_e: 6.9742491468787193e-03
#ERR image_list_position: [467] probs: [68,14]  prob_r: 6.2407270073890686e-02 prob_e: 6.2663666903972626e-02
#ERR image_list_position: [467] probs: [68,18]  prob_r: 0.0000000000000000e+00 prob_e: 1.2660301290452480e-03
#ERR image_list_position: [467] boxes: [69]  x_r: 2.1937515258789062e+02 x_e: 2.1942016601562500e+02 x_diff: 4.5013427734375000e-02 y_r: 2.4186245727539062e+02 y_e: 2.4181269836425781e+02 y_diff: 4.9758911132812500e-02 w_r: 2.9434707641601562e+01 w_e: 2.9369855880737305e+01 w_diff: 6.4851760864257812e-02 h_r: 4.2168289184570312e+01 h_e: 4.1850803375244141e+01 h_diff: 3.1748580932617188e-01
#ERR image_list_position: [467] boxes: [70]  x_r: 2.2971194458007812e+02 x_e: 2.2987492370605469e+02 x_diff: 1.6297912597656250e-01 y_r: 2.4462727355957031e+02 y_e: 2.4466371154785156e+02 y_diff: 3.6437988281250000e-02 w_r: 8.6290184020996094e+01 w_e: 8.6458114624023438e+01 w_diff: 1.6793060302734375e-01 h_r: 1.0478982543945312e+02 h_e: 1.0492715454101562e+02 h_diff: 1.3732910156250000e-01
#ERR image_list_position: [467] probs: [70,3]  prob_r: 1.0657389648258686e-03 prob_e: 0.0000000000000000e+00
#ERR image_list_position: [467] probs: [70,15]  prob_r: 1.2476497795432806e-03 prob_e: 1.1883730767294765e-03
#ERR image_list_position: [467] boxes: [71]  x_r: 1.9630641174316406e+02 x_e: 1.9629550170898438e+02 x_diff: 1.0910034179687500e-02 y_r: 2.3841087341308594e+02 y_e: 2.3841926574707031e+02 y_diff: 8.3923339843750000e-03 w_r: 2.7700899124145508e+01 w_e: 2.7658512115478516e+01 w_diff: 4.2387008666992188e-02 h_r: 3.3158081054687500e+01 h_e: 3.2961944580078125e+01 h_diff: 1.9613647460937500e-01
#ERR image_list_position: [467] probs: [71,5]  prob_r: 7.5721303001046181e-03 prob_e: 7.4621150270104408e-03
#ERR image_list_position: [467] probs: [71,6]  prob_r: 1.2957010418176651e-02 prob_e: 1.2803724966943264e-02
#ERR image_list_position: [467] probs: [71,14]  prob_r: 1.5999745577573776e-02 prob_e: 1.5759633854031563e-02
#ERR image_list_position: [467] boxes: [72]  x_r: 2.9482217407226562e+02 x_e: 2.9490490722656250e+02 x_diff: 8.2733154296875000e-02 y_r: 2.4008731079101562e+02 y_e: 2.4009269714355469e+02 y_diff: 5.3863525390625000e-03 w_r: 3.4756244659423828e+01 w_e: 3.5029911041259766e+01 w_diff: 2.7366638183593750e-01 h_r: 4.3210285186767578e+01 h_e: 4.3129924774169922e+01 h_diff: 8.0360412597656250e-02
#ERR image_list_position: [467] probs: [72,5]  prob_r: 9.5976777374744415e-03 prob_e: 9.3736024573445320e-03
#ERR image_list_position: [467] probs: [72,6]  prob_r: 2.0121310371905565e-03 prob_e: 1.9836921710520983e-03
#ERR image_list_position: [467] probs: [72,14]  prob_r: 4.5600654557347298e-03 prob_e: 4.4174273498356342e-03
#ERR image_list_position: [467] boxes: [73]  x_r: 3.3830239868164062e+02 x_e: 3.3832748413085938e+02 x_diff: 2.5085449218750000e-02 y_r: 2.3629818725585938e+02 y_e: 2.3625796508789062e+02 y_diff: 4.0222167968750000e-02 w_r: 2.8519589233398438e+02 w_e: 2.8619702148437500e+02 w_diff: 1.0011291503906250e+00 h_r: 2.1289347839355469e+02 h_e: 2.1280148315429688e+02 h_diff: 9.1995239257812500e-02
#ERR image_list_position: [467] probs: [73,5]  prob_r: 6.1579770408570766e-03 prob_e: 6.5461192280054092e-03
#ERR image_list_position: [467] probs: [73,6]  prob_r: 1.2910057557746768e-03 prob_e: 1.3853248674422503e-03
#ERR image_list_position: [467] probs: [73,14]  prob_r: 2.9257887508720160e-03 prob_e: 3.0849406030029058e-03
#ERR image_list_position: [467] boxes: [74]  x_r: 3.2355596923828125e+02 x_e: 3.2356192016601562e+02 x_diff: 5.9509277343750000e-03 y_r: 2.4235072326660156e+02 y_e: 2.4239173889160156e+02 y_diff: 4.1015625000000000e-02 w_r: 6.5912216186523438e+01 w_e: 6.6329986572265625e+01 w_diff: 4.1777038574218750e-01 h_r: 7.9669891357421875e+01 h_e: 7.9528266906738281e+01 h_diff: 1.4162445068359375e-01
#ERR image_list_position: [467] boxes: [75]  x_r: 4.3178872680664062e+02 x_e: 4.3180764770507812e+02 x_diff: 1.8920898437500000e-02 y_r: 2.3898760986328125e+02 y_e: 2.3881869506835938e+02 y_diff: 1.6891479492187500e-01 w_r: 1.3904931640625000e+02 w_e: 1.3931478881835938e+02 w_diff: 2.6547241210937500e-01 h_r: 1.2088789367675781e+02 h_e: 1.2060228729248047e+02 h_diff: 2.8560638427734375e-01
#ERR image_list_position: [467] boxes: [76]  x_r: 3.8521157836914062e+02 x_e: 3.8517749023437500e+02 x_diff: 3.4088134765625000e-02 y_r: 2.3214884948730469e+02 y_e: 2.3210490417480469e+02 y_diff: 4.3945312500000000e-02 w_r: 3.5190216064453125e+01 w_e: 3.5157661437988281e+01 w_diff: 3.2554626464843750e-02 h_r: 3.3699127197265625e+01 h_e: 3.3622051239013672e+01 h_diff: 7.7075958251953125e-02
#ERR image_list_position: [467] boxes: [77]  x_r: 4.3154833984375000e+02 x_e: 4.3167745971679688e+02 x_diff: 1.2911987304687500e-01 y_r: 2.3197673034667969e+02 y_e: 2.3193977355957031e+02 y_diff: 3.6956787109375000e-02 w_r: 3.7812179565429688e+02 w_e: 3.7960308837890625e+02 w_diff: 1.4812927246093750e+00 h_r: 2.7936541748046875e+02 h_e: 2.7950946044921875e+02 h_diff: 1.4404296875000000e-01
#ERR image_list_position: [467] probs: [77,2]  prob_r: 2.4024505168199539e-02 prob_e: 2.4435345083475113e-02
#ERR image_list_position: [467] probs: [77,3]  prob_r: 2.4941023439168930e-03 prob_e: 3.7227219436317682e-03
#ERR image_list_position: [467] probs: [77,5]  prob_r: 5.7265394926071167e-01 prob_e: 5.7434624433517456e-01
#ERR image_list_position: [467] probs: [77,6]  prob_r: 1.0429289937019348e-01 prob_e: 1.0468047112226486e-01
#ERR image_list_position: [467] probs: [77,7]  prob_r: 7.0086801424622536e-03 prob_e: 7.6154922135174274e-03
#ERR image_list_position: [467] probs: [77,8]  prob_r: 1.7838701605796814e-03 prob_e: 1.4414986362680793e-03
#ERR image_list_position: [467] probs: [77,11]  prob_r: 1.5532087534666061e-02 prob_e: 1.5417832881212234e-02
#ERR image_list_position: [467] probs: [77,12]  prob_r: 1.0163384489715099e-02 prob_e: 1.0060168802738190e-02
#ERR image_list_position: [467] probs: [77,13]  prob_r: 0.0000000000000000e+00 prob_e: 1.5821857377886772e-03
#ERR image_list_position: [467] probs: [77,14]  prob_r: 3.6328341811895370e-02 prob_e: 3.4233912825584412e-02
#ERR image_list_position: [467] probs: [77,15]  prob_r: 1.5168638201430440e-03 prob_e: 1.0010012192651629e-03
#ERR image_list_position: [467] probs: [77,18]  prob_r: 3.6689020693302155e-02 prob_e: 3.7365123629570007e-02
#ERR image_list_position: [467] boxes: [78]  x_r: 4.7862710571289062e+02 x_e: 4.7854211425781250e+02 x_diff: 8.4991455078125000e-02 y_r: 2.3515893554687500e+02 y_e: 2.3512780761718750e+02 y_diff: 3.1127929687500000e-02 w_r: 2.2224189758300781e+02 w_e: 2.2202677917480469e+02 w_diff: 2.1511840820312500e-01 h_r: 2.3023622131347656e+02 h_e: 2.2969151306152344e+02 h_diff: 5.4470825195312500e-01
#ERR image_list_position: [467] boxes: [79]  x_r: 4.8931329345703125e+02 x_e: 4.8923904418945312e+02 x_diff: 7.4249267578125000e-02 y_r: 2.3154829406738281e+02 y_e: 2.3130009460449219e+02 y_diff: 2.4819946289062500e-01 w_r: 5.1529735565185547e+01 w_e: 5.1068897247314453e+01 w_diff: 4.6083831787109375e-01 h_r: 5.8830802917480469e+01 h_e: 5.8046173095703125e+01 h_diff: 7.8462982177734375e-01
#ERR image_list_position: [467] boxes: [80]  x_r: 4.6459701538085938e+02 x_e: 4.6453103637695312e+02 x_diff: 6.5979003906250000e-02 y_r: 2.1479573059082031e+02 y_e: 2.1480975341796875e+02 y_diff: 1.4022827148437500e-02 w_r: 1.0465665817260742e+01 w_e: 1.0205804824829102e+01 w_diff: 2.5986099243164062e-01 h_r: 7.7600331306457520e+00 h_e: 7.8124613761901855e+00 h_diff: 5.2428245544433594e-02
#ERR image_list_position: [467] boxes: [81]  x_r: 5.6630047607421875e+02 x_e: 5.6615014648437500e+02 x_diff: 1.5032958984375000e-01 y_r: 2.2811238098144531e+02 y_e: 2.2792596435546875e+02 y_diff: 1.8641662597656250e-01 w_r: 2.2996519088745117e+01 w_e: 2.3014125823974609e+01 w_diff: 1.7606735229492188e-02 h_r: 3.2831790924072266e+01 h_e: 3.2676364898681641e+01 h_diff: 1.5542602539062500e-01
#ERR image_list_position: [467] boxes: [82]  x_r: 5.9117889404296875e+02 x_e: 5.9104681396484375e+02 x_diff: 1.3208007812500000e-01 y_r: 2.3893321228027344e+02 y_e: 2.3874359130859375e+02 y_diff: 1.8962097167968750e-01 w_r: 6.0485145568847656e+01 w_e: 6.0442417144775391e+01 w_diff: 4.2728424072265625e-02 h_r: 1.5784957885742188e+02 h_e: 1.5710287475585938e+02 h_diff: 7.4670410156250000e-01
#ERR image_list_position: [467] probs: [82,5]  prob_r: 3.8012035656720400e-03 prob_e: 3.0502283480018377e-03
#ERR image_list_position: [467] probs: [82,6]  prob_r: 4.7774449922144413e-03 prob_e: 3.8191552739590406e-03
#ERR image_list_position: [467] probs: [82,14]  prob_r: 4.6909423545002937e-03 prob_e: 3.7799573037773371e-03
#ERR image_list_position: [467] boxes: [83]  x_r: 6.3232281494140625e+02 x_e: 6.3239318847656250e+02 x_diff: 7.0373535156250000e-02 y_r: 2.3767312622070312e+02 y_e: 2.3761689758300781e+02 y_diff: 5.6228637695312500e-02 w_r: 1.1646932601928711e+01 w_e: 1.1487787246704102e+01 w_diff: 1.5914535522460938e-01 h_r: 8.4094314575195312e+01 h_e: 8.3679618835449219e+01 h_diff: 4.1469573974609375e-01
#ERR image_list_position: [467] probs: [83,5]  prob_r: 1.7899835947901011e-03 prob_e: 1.5831608325242996e-03
#ERR image_list_position: [467] probs: [83,6]  prob_r: 2.2496948949992657e-03 prob_e: 1.9822572357952595e-03
#ERR image_list_position: [467] probs: [83,14]  prob_r: 2.2089607082307339e-03 prob_e: 1.9619122613221407e-03
#ERR image_list_position: [467] boxes: [84]  x_r: 7.3699331283569336e+00 x_e: 7.3253927230834961e+00 x_diff: 4.4540405273437500e-02 y_r: 3.0093341064453125e+02 y_e: 3.0087417602539062e+02 y_diff: 5.9234619140625000e-02 w_r: 1.3954146385192871e+01 w_e: 1.3870133399963379e+01 w_diff: 8.4012985229492188e-02 h_r: 7.1432640075683594e+01 h_e: 7.1469345092773438e+01 h_diff: 3.6705017089843750e-02
#ERR image_list_position: [467] probs: [84,6]  prob_r: 2.4890664499253035e-03 prob_e: 2.5516585446894169e-03
#ERR image_list_position: [467] boxes: [85]  x_r: 1.9126110076904297e+01 x_e: 1.9059701919555664e+01 x_diff: 6.6408157348632812e-02 y_r: 3.0245291137695312e+02 y_e: 3.0245086669921875e+02 y_diff: 2.0446777343750000e-03 w_r: 2.4780994415283203e+01 w_e: 2.4723066329956055e+01 w_diff: 5.7928085327148438e-02 h_r: 9.3329185485839844e+01 h_e: 9.2712860107421875e+01 h_diff: 6.1632537841796875e-01
#ERR image_list_position: [467] probs: [85,6]  prob_r: 5.1160878501832485e-03 prob_e: 4.8219044692814350e-03
#ERR image_list_position: [467] probs: [85,14]  prob_r: 1.5136745059862733e-03 prob_e: 1.4282652409747243e-03
#ERR image_list_position: [467] boxes: [86]  x_r: 4.6253494262695312e+01 x_e: 4.6172866821289062e+01 x_diff: 8.0627441406250000e-02 y_r: 3.0661724853515625e+02 y_e: 3.0653985595703125e+02 y_diff: 7.7392578125000000e-02 w_r: 5.4149497985839844e+01 w_e: 5.4335002899169922e+01 w_diff: 1.8550491333007812e-01 h_r: 1.1060552215576172e+02 h_e: 1.1057695770263672e+02 h_diff: 2.8564453125000000e-02
#ERR image_list_position: [467] boxes: [87]  x_r: 1.1086147308349609e+02 x_e: 1.1087215423583984e+02 x_diff: 1.0681152343750000e-02 y_r: 2.8010848999023438e+02 y_e: 2.8012039184570312e+02 y_diff: 1.1901855468750000e-02 w_r: 1.3017648458480835e+00 w_e: 1.2739976644515991e+00 w_diff: 2.7767181396484375e-02 h_r: 6.7051353454589844e+00 h_e: 6.6875982284545898e+00 h_diff: 1.7537117004394531e-02
#ERR image_list_position: [467] boxes: [88]  x_r: 1.1891101837158203e+02 x_e: 1.1900344848632812e+02 x_diff: 9.2430114746093750e-02 y_r: 2.9764343261718750e+02 y_e: 2.9768338012695312e+02 y_diff: 3.9947509765625000e-02 w_r: 3.4276382446289062e+01 w_e: 3.4046188354492188e+01 w_diff: 2.3019409179687500e-01 h_r: 4.4008430480957031e+01 h_e: 4.4216171264648438e+01 h_diff: 2.0774078369140625e-01
#ERR image_list_position: [467] probs: [88,6]  prob_r: 0.0000000000000000e+00 prob_e: 1.2916570995002985e-03
#ERR image_list_position: [467] boxes: [89]  x_r: 1.4915476989746094e+02 x_e: 1.4915061950683594e+02 x_diff: 4.1503906250000000e-03 y_r: 2.9743542480468750e+02 y_e: 2.9743441772460938e+02 y_diff: 1.0070800781250000e-03 w_r: 9.3529045104980469e+01 w_e: 9.3621810913085938e+01 w_diff: 9.2765808105468750e-02 h_r: 1.2151318359375000e+02 h_e: 1.2177125549316406e+02 h_diff: 2.5807189941406250e-01
#ERR image_list_position: [467] probs: [89,6]  prob_r: 7.9379398375749588e-03 prob_e: 8.1524094566702843e-03
#ERR image_list_position: [467] probs: [89,14]  prob_r: 4.3748356401920319e-03 prob_e: 4.4838795438408852e-03
#ERR image_list_position: [467] boxes: [90]  x_r: 1.9514602661132812e+02 x_e: 1.9503172302246094e+02 x_diff: 1.1430358886718750e-01 y_r: 2.8801913452148438e+02 y_e: 2.8802304077148438e+02 y_diff: 3.9062500000000000e-03 w_r: 1.1068315505981445e+01 w_e: 1.1240477561950684e+01 w_diff: 1.7216205596923828e-01 h_r: 1.5638995170593262e+01 h_e: 1.5597455978393555e+01 h_diff: 4.1539192199707031e-02
#ERR image_list_position: [467] boxes: [91]  x_r: 2.2211485290527344e+02 x_e: 2.2205200195312500e+02 x_diff: 6.2850952148437500e-02 y_r: 2.9188623046875000e+02 y_e: 2.9193817138671875e+02 y_diff: 5.1940917968750000e-02 w_r: 3.2950733184814453e+01 w_e: 3.2829952239990234e+01 w_diff: 1.2078094482421875e-01 h_r: 5.2752754211425781e+01 h_e: 5.2874153137207031e+01 h_diff: 1.2139892578125000e-01
#ERR image_list_position: [467] probs: [91,6]  prob_r: 3.1118190381675959e-03 prob_e: 3.1803171150386333e-03
#ERR image_list_position: [467] probs: [91,14]  prob_r: 5.1959347911179066e-03 prob_e: 5.2771419286727905e-03
#ERR image_list_position: [467] boxes: [92]  x_r: 2.4043200683593750e+02 x_e: 2.4048074340820312e+02 x_diff: 4.8736572265625000e-02 y_r: 2.9910537719726562e+02 y_e: 2.9915426635742188e+02 y_diff: 4.8889160156250000e-02 w_r: 1.0299435424804688e+02 w_e: 1.0323625183105469e+02 w_diff: 2.4189758300781250e-01 h_r: 1.2121375274658203e+02 h_e: 1.2121073150634766e+02 h_diff: 3.0212402343750000e-03
#ERR image_list_position: [467] boxes: [93]  x_r: 3.2310406494140625e+02 x_e: 3.2317764282226562e+02 x_diff: 7.3577880859375000e-02 y_r: 2.9433993530273438e+02 y_e: 2.9437164306640625e+02 y_diff: 3.1707763671875000e-02 w_r: 5.8805912017822266e+01 w_e: 5.8884845733642578e+01 w_diff: 7.8933715820312500e-02 h_r: 7.9404014587402344e+01 h_e: 7.9251922607421875e+01 h_diff: 1.5209197998046875e-01
#ERR image_list_position: [467] probs: [93,5]  prob_r: 2.8671531472355127e-03 prob_e: 2.8560170903801918e-03
#ERR image_list_position: [467] probs: [93,6]  prob_r: 3.7499077152460814e-03 prob_e: 3.7632184103131294e-03
#ERR image_list_position: [467] probs: [93,14]  prob_r: 7.5888186693191528e-03 prob_e: 7.5020887888967991e-03
#ERR image_list_position: [467] boxes: [94]  x_r: 2.8696972656250000e+02 x_e: 2.8685369873046875e+02 x_diff: 1.1602783203125000e-01 y_r: 2.9442541503906250e+02 y_e: 2.9442135620117188e+02 y_diff: 4.0588378906250000e-03 w_r: 2.4795450210571289e+01 w_e: 2.4439769744873047e+01 w_diff: 3.5568046569824219e-01 h_r: 2.9403900146484375e+01 h_e: 2.9195547103881836e+01 h_diff: 2.0835304260253906e-01
#ERR image_list_position: [467] probs: [94,5]  prob_r: 1.1825534747913480e-03 prob_e: 1.1494782520458102e-03
#ERR image_list_position: [467] probs: [94,6]  prob_r: 1.5466444892808795e-03 prob_e: 1.5146048972383142e-03
#ERR image_list_position: [467] probs: [94,14]  prob_r: 3.1299982219934464e-03 prob_e: 3.0194104183465242e-03
#ERR image_list_position: [467] boxes: [95]  x_r: 3.2544790649414062e+02 x_e: 3.2552923583984375e+02 x_diff: 8.1329345703125000e-02 y_r: 3.0512139892578125e+02 y_e: 3.0506509399414062e+02 y_diff: 5.6304931640625000e-02 w_r: 1.9717504882812500e+02 w_e: 1.9776568603515625e+02 w_diff: 5.9063720703125000e-01 h_r: 1.5934724426269531e+02 h_e: 1.5923249816894531e+02 h_diff: 1.1474609375000000e-01
#ERR image_list_position: [467] probs: [95,1]  prob_r: 1.2129565002396703e-03 prob_e: 1.2018972774967551e-03
#ERR image_list_position: [467] probs: [95,5]  prob_r: 4.2866142466664314e-03 prob_e: 4.3126065284013748e-03
#ERR image_list_position: [467] probs: [95,6]  prob_r: 5.6063998490571976e-03 prob_e: 5.6824870407581329e-03
#ERR image_list_position: [467] probs: [95,13]  prob_r: 1.2190690031275153e-03 prob_e: 1.2218139600008726e-03
#ERR image_list_position: [467] probs: [95,14]  prob_r: 1.1345866136252880e-02 prob_e: 1.1328209191560745e-02
#ERR image_list_position: [467] boxes: [96]  x_r: 4.1386196899414062e+02 x_e: 4.1363922119140625e+02 x_diff: 2.2274780273437500e-01 y_r: 3.0164947509765625e+02 y_e: 3.0159542846679688e+02 y_diff: 5.4046630859375000e-02 w_r: 7.8171150207519531e+01 w_e: 7.7965408325195312e+01 w_diff: 2.0574188232421875e-01 h_r: 7.7215774536132812e+01 h_e: 7.6555465698242188e+01 h_diff: 6.6030883789062500e-01
#ERR image_list_position: [467] boxes: [97]  x_r: 3.7487008666992188e+02 x_e: 3.7479782104492188e+02 x_diff: 7.2265625000000000e-02 y_r: 2.9190411376953125e+02 y_e: 2.9191329956054688e+02 y_diff: 9.1857910156250000e-03 w_r: 1.4064503669738770e+01 w_e: 1.4043499946594238e+01 w_diff: 2.1003723144531250e-02 h_r: 2.9436204910278320e+01 h_e: 2.9376615524291992e+01 h_diff: 5.9589385986328125e-02
#ERR image_list_position: [467] probs: [97,5]  prob_r: 1.8936113920062780e-03 prob_e: 2.0049957092851400e-03
#ERR image_list_position: [467] probs: [97,6]  prob_r: 1.5140598407015204e-03 prob_e: 1.6122838715091348e-03
#ERR image_list_position: [467] probs: [97,14]  prob_r: 1.3903091894462705e-03 prob_e: 1.4365067472681403e-03
#ERR image_list_position: [467] boxes: [98]  x_r: 4.2303161621093750e+02 x_e: 4.2286422729492188e+02 x_diff: 1.6738891601562500e-01 y_r: 2.9215451049804688e+02 y_e: 2.9205236816406250e+02 y_diff: 1.0214233398437500e-01 w_r: 2.8648297119140625e+02 w_e: 2.8816418457031250e+02 w_diff: 1.6812133789062500e+00 h_r: 2.0458567810058594e+02 h_e: 2.0468884277343750e+02 h_diff: 1.0316467285156250e-01
#ERR image_list_position: [467] probs: [98,5]  prob_r: 1.2036486295983195e-03 prob_e: 0.0000000000000000e+00
#ERR image_list_position: [467] boxes: [99]  x_r: 4.8239105224609375e+02 x_e: 4.8247381591796875e+02 x_diff: 8.2763671875000000e-02 y_r: 2.9987503051757812e+02 y_e: 2.9978179931640625e+02 y_diff: 9.3231201171875000e-02 w_r: 4.4702575683593750e+01 w_e: 4.4780700683593750e+01 w_diff: 7.8125000000000000e-02 h_r: 5.2889213562011719e+01 h_e: 5.2415119171142578e+01 h_diff: 4.7409439086914062e-01
#ERR image_list_position: [467] boxes: [100]  x_r: 4.6035714721679688e+02 x_e: 4.6024621582031250e+02 x_diff: 1.1093139648437500e-01 y_r: 2.7779870605468750e+02 y_e: 2.7779522705078125e+02 y_diff: 3.4790039062500000e-03 w_r: 9.3455406613429659e-07 w_e: 1.4022045070305467e-04 w_diff: 1.3928589760325849e-04 h_r: 1.6487438678741455e+00 h_e: 1.6497890949249268e+00 h_diff: 1.0452270507812500e-03
#ERR image_list_position: [467] boxes: [101]  x_r: 4.9871762084960938e+02 x_e: 4.9889657592773438e+02 x_diff: 1.7895507812500000e-01 y_r: 3.0273516845703125e+02 y_e: 3.0270468139648438e+02 y_diff: 3.0487060546875000e-02 w_r: 1.6113348388671875e+02 w_e: 1.6122897338867188e+02 w_diff: 9.5489501953125000e-02 h_r: 1.6923077392578125e+02 h_e: 1.6953768920898438e+02 h_diff: 3.0691528320312500e-01
#ERR image_list_position: [467] probs: [101,5]  prob_r: 3.2036902848631144e-03 prob_e: 2.9508660081773996e-03
#ERR image_list_position: [467] probs: [101,6]  prob_r: 5.9910272248089314e-03 prob_e: 5.5748368613421917e-03
#ERR image_list_position: [467] probs: [101,14]  prob_r: 5.2543897181749344e-03 prob_e: 4.7947247512638569e-03
#ERR image_list_position: [467] boxes: [102]  x_r: 5.9000939941406250e+02 x_e: 5.9000305175781250e+02 x_diff: 6.3476562500000000e-03 y_r: 3.0168878173828125e+02 y_e: 3.0180761718750000e+02 y_diff: 1.1883544921875000e-01 w_r: 6.3394504547119141e+01 w_e: 6.3222900390625000e+01 w_diff: 1.7160415649414062e-01 h_r: 1.4915592956542969e+02 h_e: 1.4891415405273438e+02 h_diff: 2.4177551269531250e-01
#ERR image_list_position: [467] boxes: [103]  x_r: 5.6112414550781250e+02 x_e: 5.6115570068359375e+02 x_diff: 3.1555175781250000e-02 y_r: 2.8820278930664062e+02 y_e: 2.8823239135742188e+02 y_diff: 2.9602050781250000e-02 w_r: 1.9444915771484375e+01 w_e: 1.9505994796752930e+01 w_diff: 6.1079025268554688e-02 h_r: 3.3045234680175781e+01 h_e: 3.2910564422607422e+01 h_diff: 1.3467025756835938e-01
#ERR image_list_position: [467] boxes: [104]  x_r: 6.2876879882812500e+02 x_e: 6.2869403076171875e+02 x_diff: 7.4768066406250000e-02 y_r: 2.9944940185546875e+02 y_e: 2.9955453491210938e+02 y_diff: 1.0513305664062500e-01 w_r: 1.0693175315856934e+01 w_e: 1.0551569938659668e+01 w_diff: 1.4160537719726562e-01 h_r: 1.1099728393554688e+02 h_e: 1.1102880096435547e+02 h_diff: 3.1517028808593750e-02
#ERR image_list_position: [467] probs: [104,6]  prob_r: 1.1097112437710166e-03 prob_e: 1.3069807318970561e-03
#ERR image_list_position: [467] probs: [104,14]  prob_r: 0.0000000000000000e+00 prob_e: 1.1209684889763594e-03
#ERR image_list_position: [467] boxes: [105]  x_r: 4.3549771308898926e+00 x_e: 4.3225269317626953e+00 x_diff: 3.2450199127197266e-02 y_r: 3.5810470581054688e+02 y_e: 3.5815625000000000e+02 y_diff: 5.1544189453125000e-02 w_r: 8.5892286300659180e+00 w_e: 8.6044797897338867e+00 w_diff: 1.5251159667968750e-02 h_r: 5.0596595764160156e+01 h_e: 5.0372406005859375e+01 h_diff: 2.2418975830078125e-01
#ERR image_list_position: [467] boxes: [106]  x_r: 5.3640270233154297e+01 x_e: 5.3704517364501953e+01 x_diff: 6.4247131347656250e-02 y_r: 3.6814501953125000e+02 y_e: 3.6819522094726562e+02 y_diff: 5.0201416015625000e-02 w_r: 5.5146495819091797e+01 w_e: 5.5163314819335938e+01 w_diff: 1.6819000244140625e-02 h_r: 1.0466590118408203e+02 h_e: 1.0455858612060547e+02 h_diff: 1.0731506347656250e-01
#ERR image_list_position: [467] boxes: [107]  x_r: 1.6840250015258789e+01 x_e: 1.6798696517944336e+01 x_diff: 4.1553497314453125e-02 y_r: 3.6787579345703125e+02 y_e: 3.6790292358398438e+02 y_diff: 2.7130126953125000e-02 w_r: 2.6355672836303711e+01 w_e: 2.6458431243896484e+01 w_diff: 1.0275840759277344e-01 h_r: 8.7009933471679688e+01 h_e: 8.6819549560546875e+01 h_diff: 1.9038391113281250e-01
#ERR image_list_position: [467] probs: [107,6]  prob_r: 3.8162628188729286e-03 prob_e: 3.6267675459384918e-03
#ERR image_list_position: [467] probs: [107,14]  prob_r: 1.8022886943072081e-03 prob_e: 1.7108895117416978e-03
#ERR image_list_position: [467] boxes: [108]  x_r: 1.0420008087158203e+02 x_e: 1.0407187652587891e+02 x_diff: 1.2820434570312500e-01 y_r: 3.6029733276367188e+02 y_e: 3.6036474609375000e+02 y_diff: 6.7413330078125000e-02 w_r: 1.7164390563964844e+01 w_e: 1.7202657699584961e+01 w_diff: 3.8267135620117188e-02 h_r: 3.5181846618652344e+01 h_e: 3.5025745391845703e+01 h_diff: 1.5610122680664062e-01
#ERR image_list_position: [467] probs: [108,6]  prob_r: 1.1728730751201510e-03 prob_e: 1.3409845996648073e-03
#ERR image_list_position: [467] probs: [108,14]  prob_r: 0.0000000000000000e+00 prob_e: 1.0623339330777526e-03
#ERR image_list_position: [467] boxes: [109]  x_r: 9.3119834899902344e+01 x_e: 9.3107620239257812e+01 x_diff: 1.2214660644531250e-02 y_r: 3.4357290649414062e+02 y_e: 3.4353613281250000e+02 y_diff: 3.6773681640625000e-02 w_r: 7.8263930976390839e-02 w_e: 8.2292854785919189e-02 w_diff: 4.0289238095283508e-03 h_r: 2.5795993804931641e+00 h_e: 2.5551559925079346e+00 h_diff: 2.4443387985229492e-02
#ERR image_list_position: [467] boxes: [110]  x_r: 1.3777726745605469e+02 x_e: 1.3786480712890625e+02 x_diff: 8.7539672851562500e-02 y_r: 3.7001608276367188e+02 y_e: 3.7004937744140625e+02 y_diff: 3.3294677734375000e-02 w_r: 1.0886891937255859e+02 w_e: 1.0881656646728516e+02 w_diff: 5.2352905273437500e-02 h_r: 1.1477450561523438e+02 h_e: 1.1515513610839844e+02 h_diff: 3.8063049316406250e-01
#ERR image_list_position: [467] probs: [110,6]  prob_r: 1.8033037194982171e-03 prob_e: 1.8305616686120629e-03
#ERR image_list_position: [467] probs: [110,14]  prob_r: 1.4213417889550328e-03 prob_e: 1.4501791447401047e-03
#ERR image_list_position: [467] boxes: [111]  x_r: 2.0132882690429688e+02 x_e: 2.0138085937500000e+02 x_diff: 5.2032470703125000e-02 y_r: 3.6059759521484375e+02 y_e: 3.6063287353515625e+02 y_diff: 3.5278320312500000e-02 w_r: 2.3382009506225586e+01 w_e: 2.3084281921386719e+01 w_diff: 2.9772758483886719e-01 h_r: 4.7538658142089844e+01 h_e: 4.7361152648925781e+01 h_diff: 1.7750549316406250e-01
#ERR image_list_position: [467] probs: [111,14]  prob_r: 1.1778057087212801e-03 prob_e: 1.1636124690994620e-03
#ERR image_list_position: [467] boxes: [112]  x_r: 1.8431619262695312e+02 x_e: 1.8429252624511719e+02 x_diff: 2.3666381835937500e-02 y_r: 3.4510800170898438e+02 y_e: 3.4517047119140625e+02 y_diff: 6.2469482421875000e-02 w_r: 3.0183372497558594e+00 w_e: 3.1004955768585205e+00 w_diff: 8.2158327102661133e-02 h_r: 3.6939781904220581e-01 h_e: 3.7735494971275330e-01 h_diff: 7.9571306705474854e-03
#ERR image_list_position: [467] boxes: [113]  x_r: 2.3095036315917969e+02 x_e: 2.3097012329101562e+02 x_diff: 1.9760131835937500e-02 y_r: 3.6677993774414062e+02 y_e: 3.6683480834960938e+02 y_diff: 5.4870605468750000e-02 w_r: 1.5703160095214844e+02 w_e: 1.5676524353027344e+02 w_diff: 2.6635742187500000e-01 h_r: 1.2418515014648438e+02 h_e: 1.2391907501220703e+02 h_diff: 2.6607513427734375e-01
#ERR image_list_position: [467] boxes: [114]  x_r: 3.2046417236328125e+02 x_e: 3.2049234008789062e+02 x_diff: 2.8167724609375000e-02 y_r: 3.6668164062500000e+02 y_e: 3.6677679443359375e+02 y_diff: 9.5153808593750000e-02 w_r: 2.4679086303710938e+02 w_e: 2.4707463073730469e+02 w_diff: 2.8376770019531250e-01 h_r: 1.3368081665039062e+02 h_e: 1.3367315673828125e+02 h_diff: 7.6599121093750000e-03
#ERR image_list_position: [467] boxes: [115]  x_r: 2.7924810791015625e+02 x_e: 2.7921429443359375e+02 x_diff: 3.3813476562500000e-02 y_r: 3.4521771240234375e+02 y_e: 3.4521234130859375e+02 y_diff: 5.3710937500000000e-03 w_r: 1.2526036500930786e+00 w_e: 1.2638517618179321e+00 w_diff: 1.1248111724853516e-02 h_r: 1.6910023689270020e+00 h_e: 1.6200407743453979e+00 h_diff: 7.0961594581604004e-02
#ERR image_list_position: [467] boxes: [116]  x_r: 3.0957446289062500e+02 x_e: 3.0959820556640625e+02 x_diff: 2.3742675781250000e-02 y_r: 3.5950219726562500e+02 y_e: 3.5953497314453125e+02 y_diff: 3.2775878906250000e-02 w_r: 3.3904972076416016e+01 w_e: 3.3951862335205078e+01 w_diff: 4.6890258789062500e-02 h_r: 6.4312133789062500e+01 h_e: 6.4545051574707031e+01 h_diff: 2.3291778564453125e-01
#ERR image_list_position: [467] boxes: [117]  x_r: 3.6409197998046875e+02 x_e: 3.6400659179687500e+02 x_diff: 8.5388183593750000e-02 y_r: 3.4360256958007812e+02 y_e: 3.4358361816406250e+02 y_diff: 1.8951416015625000e-02 w_r: 1.7934195697307587e-01 w_e: 1.7838369309902191e-01 w_diff: 9.5826387405395508e-04 h_r: 3.4820216242223978e-03 h_e: 7.1357591077685356e-03 h_diff: 3.6537374835461378e-03
#ERR image_list_position: [467] boxes: [118]  x_r: 3.8674139404296875e+02 x_e: 3.8655142211914062e+02 x_diff: 1.8997192382812500e-01 y_r: 3.5977133178710938e+02 y_e: 3.5983230590820312e+02 y_diff: 6.0974121093750000e-02 w_r: 2.4262878417968750e+01 w_e: 2.4405223846435547e+01 w_diff: 1.4234542846679688e-01 h_r: 3.9272003173828125e+01 h_e: 3.9234489440917969e+01 h_diff: 3.7513732910156250e-02
#ERR image_list_position: [467] boxes: [119]  x_r: 4.0794577026367188e+02 x_e: 4.0795571899414062e+02 x_diff: 9.9487304687500000e-03 y_r: 3.6502349853515625e+02 y_e: 3.6515734863281250e+02 y_diff: 1.3385009765625000e-01 w_r: 2.1698625183105469e+02 w_e: 2.1638233947753906e+02 w_diff: 6.0391235351562500e-01 h_r: 1.2778674316406250e+02 h_e: 1.2691327667236328e+02 h_diff: 8.7346649169921875e-01
#ERR image_list_position: [467] probs: [119,6]  prob_r: 1.4821763616055250e-03 prob_e: 1.5264664543792605e-03
#ERR image_list_position: [467] probs: [119,14]  prob_r: 1.7848578281700611e-03 prob_e: 1.8024104647338390e-03
#ERR image_list_position: [467] boxes: [120]  x_r: 5.0104925537109375e+02 x_e: 5.0123651123046875e+02 x_diff: 1.8725585937500000e-01 y_r: 3.6744598388671875e+02 y_e: 3.6765905761718750e+02 y_diff: 2.1307373046875000e-01 w_r: 1.5410009765625000e+02 w_e: 1.5339511108398438e+02 w_diff: 7.0498657226562500e-01 h_r: 1.2792513275146484e+02 h_e: 1.2741705322265625e+02 h_diff: 5.0807952880859375e-01
#ERR image_list_position: [467] boxes: [121]  x_r: 4.7259439086914062e+02 x_e: 4.7264196777343750e+02 x_diff: 4.7576904296875000e-02 y_r: 3.5723745727539062e+02 y_e: 3.5731753540039062e+02 y_diff: 8.0078125000000000e-02 w_r: 1.3252626419067383e+01 w_e: 1.3088245391845703e+01 w_diff: 1.6438102722167969e-01 h_r: 1.9322425842285156e+01 h_e: 1.9072568893432617e+01 h_diff: 2.4985694885253906e-01
#ERR image_list_position: [467] boxes: [122]  x_r: 4.5795770263671875e+02 x_e: 4.5796090698242188e+02 x_diff: 3.2043457031250000e-03 y_r: 3.4694668579101562e+02 y_e: 3.4695315551757812e+02 y_diff: 6.4697265625000000e-03 w_r: 9.7359979152679443e-01 w_e: 9.4357001781463623e-01 w_diff: 3.0029773712158203e-02 h_r: 6.8097710609436035e-01 h_e: 7.1522504091262817e-01 h_diff: 3.4247934818267822e-02
#ERR image_list_position: [467] boxes: [123]  x_r: 5.5765014648437500e+02 x_e: 5.5758563232421875e+02 x_diff: 6.4514160156250000e-02 y_r: 3.6224566650390625e+02 y_e: 3.6221337890625000e+02 y_diff: 3.2287597656250000e-02 w_r: 2.1032243728637695e+01 w_e: 2.0831342697143555e+01 w_diff: 2.0090103149414062e-01 h_r: 2.6287981033325195e+01 h_e: 2.6567316055297852e+01 h_diff: 2.7933502197265625e-01
#ERR image_list_position: [467] boxes: [124]  x_r: 5.9748059082031250e+02 x_e: 5.9740106201171875e+02 x_diff: 7.9528808593750000e-02 y_r: 3.5766510009765625e+02 y_e: 3.5760314941406250e+02 y_diff: 6.1950683593750000e-02 w_r: 9.1768980026245117e+00 w_e: 9.1701164245605469e+00 w_diff: 6.7815780639648438e-03 h_r: 2.9967113494873047e+01 h_e: 2.9645990371704102e+01 h_diff: 3.2112312316894531e-01
#ERR image_list_position: [467] boxes: [125]  x_r: 5.9244116210937500e+02 x_e: 5.9223968505859375e+02 x_diff: 2.0147705078125000e-01 y_r: 3.6589431762695312e+02 y_e: 3.6588418579101562e+02 y_diff: 1.0131835937500000e-02 w_r: 5.8172191619873047e+01 w_e: 5.8091381072998047e+01 w_diff: 8.0810546875000000e-02 h_r: 1.3127622985839844e+02 h_e: 1.3106526184082031e+02 h_diff: 2.1096801757812500e-01
#ERR image_list_position: [467] boxes: [126]  x_r: 2.6120357513427734e+00 x_e: 2.5811047554016113e+00 x_diff: 3.0930995941162109e-02 y_r: 4.1608273315429688e+02 y_e: 4.1610427856445312e+02 y_diff: 2.1545410156250000e-02 w_r: 9.6091592311859131e-01 w_e: 9.5329511165618896e-01 w_diff: 7.6208114624023438e-03 h_r: 3.4544756412506104e+00 h_e: 3.4840085506439209e+00 h_diff: 2.9532909393310547e-02
#ERR image_list_position: [467] boxes: [127]  x_r: 4.5686481475830078e+01 x_e: 4.5640968322753906e+01 x_diff: 4.5513153076171875e-02 y_r: 4.3767364501953125e+02 y_e: 4.3758923339843750e+02 y_diff: 8.4411621093750000e-02 w_r: 5.9030315399169922e+01 w_e: 5.8631610870361328e+01 w_diff: 3.9870452880859375e-01 h_r: 4.9371749877929688e+01 h_e: 4.9608711242675781e+01 h_diff: 2.3696136474609375e-01
#ERR image_list_position: [467] boxes: [128]  x_r: 6.9616661071777344e+00 x_e: 7.0185041427612305e+00 x_diff: 5.6838035583496094e-02 y_r: 4.2435650634765625e+02 y_e: 4.2436535644531250e+02 y_diff: 8.8500976562500000e-03 w_r: 9.1609048843383789e+00 w_e: 9.1165685653686523e+00 w_diff: 4.4336318969726562e-02 h_r: 3.8041927337646484e+01 h_e: 3.7625293731689453e+01 h_diff: 4.1663360595703125e-01
#ERR image_list_position: [467] boxes: [129]  x_r: 1.2458882141113281e+02 x_e: 1.2463911437988281e+02 x_diff: 5.0292968750000000e-02 y_r: 4.3963751220703125e+02 y_e: 4.3967630004882812e+02 y_diff: 3.8787841796875000e-02 w_r: 9.8294197082519531e+01 w_e: 9.8255271911621094e+01 w_diff: 3.8925170898437500e-02 h_r: 5.0026592254638672e+01 h_e: 4.9943897247314453e+01 h_diff: 8.2695007324218750e-02
#ERR image_list_position: [467] boxes: [130]  x_r: 9.4115135192871094e+01 x_e: 9.4088867187500000e+01 x_diff: 2.6268005371093750e-02 y_r: 4.2309548950195312e+02 y_e: 4.2310101318359375e+02 y_diff: 5.5236816406250000e-03 w_r: 7.1552896499633789e+00 w_e: 7.1483597755432129e+00 w_diff: 6.9298744201660156e-03 h_r: 5.7974176406860352e+00 h_e: 5.6735506057739258e+00 h_diff: 1.2386703491210938e-01
#ERR image_list_position: [467] boxes: [131]  x_r: 9.2886138916015625e+01 x_e: 9.2880401611328125e+01 x_diff: 5.7373046875000000e-03 y_r: 4.1152706909179688e+02 y_e: 4.1147430419921875e+02 y_diff: 5.2764892578125000e-02 w_r: 8.7814196944236755e-02 w_e: 1.1039596050977707e-01 w_diff: 2.2581763565540314e-02 h_r: 4.1072171926498413e-01 h_e: 4.2140033841133118e-01 h_diff: 1.0678619146347046e-02
#ERR image_list_position: [467] boxes: [132]  x_r: 2.3179035949707031e+02 x_e: 2.3180276489257812e+02 x_diff: 1.2405395507812500e-02 y_r: 4.3850103759765625e+02 y_e: 4.3842147827148438e+02 y_diff: 7.9559326171875000e-02 w_r: 1.4921018981933594e+02 w_e: 1.4933299255371094e+02 w_diff: 1.2280273437500000e-01 h_r: 5.0168888092041016e+01 h_e: 5.0053096771240234e+01 h_diff: 1.1579132080078125e-01
#ERR image_list_position: [467] boxes: [133]  x_r: 1.9252444458007812e+02 x_e: 1.9256640625000000e+02 x_diff: 4.1961669921875000e-02 y_r: 4.2776290893554688e+02 y_e: 4.2777105712890625e+02 y_diff: 8.1481933593750000e-03 w_r: 1.1434760093688965e+01 w_e: 1.1376265525817871e+01 w_diff: 5.8494567871093750e-02 h_r: 1.3909461975097656e+01 h_e: 1.3793632507324219e+01 h_diff: 1.1582946777343750e-01
#ERR image_list_position: [467] boxes: [134]  x_r: 1.8406250000000000e+02 x_e: 1.8401751708984375e+02 x_diff: 4.4982910156250000e-02 y_r: 4.1104412841796875e+02 y_e: 4.1100357055664062e+02 y_diff: 4.0557861328125000e-02 w_r: 2.0210739970207214e-01 w_e: 1.9891843199729919e-01 w_diff: 3.1889677047729492e-03 h_r: 5.2495312690734863e-01 h_e: 5.3477859497070312e-01 h_diff: 9.8254680633544922e-03
#ERR image_list_position: [467] boxes: [135]  x_r: 3.1250814819335938e+02 x_e: 3.1241079711914062e+02 x_diff: 9.7351074218750000e-02 y_r: 4.3822052001953125e+02 y_e: 4.3822305297851562e+02 y_diff: 2.5329589843750000e-03 w_r: 2.2197865295410156e+02 w_e: 2.2245109558105469e+02 w_diff: 4.7244262695312500e-01 h_r: 5.6186702728271484e+01 h_e: 5.6617733001708984e+01 h_diff: 4.3103027343750000e-01
#ERR image_list_position: [467] boxes: [136]  x_r: 2.7664599609375000e+02 x_e: 2.7670581054687500e+02 x_diff: 5.9814453125000000e-02 y_r: 4.1328616333007812e+02 y_e: 4.1326824951171875e+02 y_diff: 1.7913818359375000e-02 w_r: 7.2788833640515804e-03 w_e: 5.7346401736140251e-03 w_diff: 1.5442431904375553e-03 h_r: 1.4491240680217743e-01 h_e: 1.4756330847740173e-01 h_diff: 2.6509016752243042e-03
#ERR image_list_position: [467] boxes: [137]  x_r: 2.9016882324218750e+02 x_e: 2.9017144775390625e+02 x_diff: 2.6245117187500000e-03 y_r: 4.3005676269531250e+02 y_e: 4.2996490478515625e+02 y_diff: 9.1857910156250000e-02 w_r: 1.1838147163391113e+01 w_e: 1.1852405548095703e+01 w_diff: 1.4258384704589844e-02 h_r: 9.8957624435424805e+00 h_e: 9.9247655868530273e+00 h_diff: 2.9003143310546875e-02
#ERR image_list_position: [467] boxes: [138]  x_r: 3.6655200195312500e+02 x_e: 3.6659896850585938e+02 x_diff: 4.6966552734375000e-02 y_r: 4.1427005004882812e+02 y_e: 4.1420022583007812e+02 y_diff: 6.9824218750000000e-02 w_r: 5.6162589788436890e-01 w_e: 5.5977696180343628e-01 w_diff: 1.8489360809326172e-03 h_r: 1.5862574800848961e-02 h_e: 1.0944508016109467e-02 h_diff: 4.9180667847394943e-03
#ERR image_list_position: [467] boxes: [139]  x_r: 3.7739492797851562e+02 x_e: 3.7742675781250000e+02 x_diff: 3.1829833984375000e-02 y_r: 4.2778161621093750e+02 y_e: 4.2774963378906250e+02 y_diff: 3.1982421875000000e-02 w_r: 1.0780290603637695e+01 w_e: 1.0666314125061035e+01 w_diff: 1.1397647857666016e-01 h_r: 8.8074197769165039e+00 h_e: 8.8818941116333008e+00 h_diff: 7.4474334716796875e-02
#ERR image_list_position: [467] boxes: [140]  x_r: 4.0049682617187500e+02 x_e: 4.0035977172851562e+02 x_diff: 1.3705444335937500e-01 y_r: 4.3741055297851562e+02 y_e: 4.3749609375000000e+02 y_diff: 8.5540771484375000e-02 w_r: 1.7250770568847656e+02 w_e: 1.7170475769042969e+02 w_diff: 8.0294799804687500e-01 h_r: 4.9173095703125000e+01 h_e: 4.9180217742919922e+01 h_diff: 7.1220397949218750e-03
#ERR image_list_position: [467] boxes: [141]  x_r: 4.6221633911132812e+02 x_e: 4.6231585693359375e+02 x_diff: 9.9517822265625000e-02 y_r: 4.2183209228515625e+02 y_e: 4.2184695434570312e+02 y_diff: 1.4862060546875000e-02 w_r: 4.5042109489440918e+00 w_e: 4.6177845001220703e+00 w_diff: 1.1357355117797852e-01 h_r: 8.8162250518798828e+00 h_e: 8.9020462036132812e+00 h_diff: 8.5821151733398438e-02
#ERR image_list_position: [467] boxes: [142]  x_r: 4.9612719726562500e+02 x_e: 4.9621536254882812e+02 x_diff: 8.8165283203125000e-02 y_r: 4.3335021972656250e+02 y_e: 4.3332556152343750e+02 y_diff: 2.4658203125000000e-02 w_r: 1.0345392608642578e+02 w_e: 1.0246945953369141e+02 w_diff: 9.8446655273437500e-01 h_r: 5.0449565887451172e+01 h_e: 5.0221984863281250e+01 h_diff: 2.2758102416992188e-01
#ERR image_list_position: [467] boxes: [143]  x_r: 4.5974603271484375e+02 x_e: 4.5973712158203125e+02 x_diff: 8.9111328125000000e-03 y_r: 4.1396289062500000e+02 y_e: 4.1394265747070312e+02 y_diff: 2.0233154296875000e-02 w_r: 9.1492736339569092e-01 w_e: 9.1210329532623291e-01 w_diff: 2.8240680694580078e-03 h_r: 1.8863159418106079e-01 h_e: 1.7773939669132233e-01 h_diff: 1.0892197489738464e-02
#ERR image_list_position: [467] boxes: [144]  x_r: 5.9478057861328125e+02 x_e: 5.9487469482421875e+02 x_diff: 9.4116210937500000e-02 y_r: 4.3360958862304688e+02 y_e: 4.3357766723632812e+02 y_diff: 3.1921386718750000e-02 w_r: 3.9436367034912109e+01 w_e: 3.9387500762939453e+01 w_diff: 4.8866271972656250e-02 h_r: 6.1632293701171875e+01 h_e: 6.1361183166503906e+01 h_diff: 2.7111053466796875e-01
#ERR image_list_position: [467] boxes: [145]  x_r: 5.4968792724609375e+02 x_e: 5.4962872314453125e+02 x_diff: 5.9204101562500000e-02 y_r: 4.1518737792968750e+02 y_e: 4.1519088745117188e+02 y_diff: 3.5095214843750000e-03 w_r: 4.7190319746732712e-02 w_e: 4.5803416520357132e-02 w_diff: 1.3869032263755798e-03 h_r: 1.5393992662429810e+00 h_e: 1.6090124845504761e+00 h_diff: 6.9613218307495117e-02
#ERR image_list_position: [467] boxes: [146]  x_r: 5.7048413085937500e+02 x_e: 5.7052136230468750e+02 x_diff: 3.7231445312500000e-02 y_r: 4.2802539062500000e+02 y_e: 4.2796566772460938e+02 y_diff: 5.9722900390625000e-02 w_r: 4.7125992774963379e+00 w_e: 4.6573224067687988e+00 w_diff: 5.5276870727539062e-02 h_r: 4.8573141098022461e+00 h_e: 4.8590769767761230e+00 h_diff: 1.7628669738769531e-03
#SDC Ite:467 KerTime:0.358708 AccTime:167.861392 KerErr:146 AccErr:146
#IT Ite:468 KerTime:0.358187 AccTime:168.219579
#IT Ite:469 KerTime:0.358476 AccTime:168.578055
#IT Ite:470 KerTime:0.358509 AccTime:168.936564
#IT Ite:471 KerTime:0.358703 AccTime:169.295267
#IT Ite:472 KerTime:0.358686 AccTime:169.653953
#IT Ite:473 KerTime:0.358254 AccTime:170.012207
#IT Ite:474 KerTime:0.358848 AccTime:170.371055
#IT Ite:475 KerTime:0.358274 AccTime:170.729329
#IT Ite:476 KerTime:0.358389 AccTime:171.087718
#IT Ite:477 KerTime:0.358567 AccTime:171.446285
#IT Ite:478 KerTime:0.358463 AccTime:171.804748
#IT Ite:479 KerTime:0.358091 AccTime:172.162839
#IT Ite:480 KerTime:0.358883 AccTime:172.521722
#IT Ite:481 KerTime:0.358500 AccTime:172.880222
#IT Ite:482 KerTime:0.358654 AccTime:173.238876
#IT Ite:483 KerTime:0.358631 AccTime:173.597507
#IT Ite:484 KerTime:0.358397 AccTime:173.955904
#IT Ite:485 KerTime:0.358303 AccTime:174.314207
#IT Ite:486 KerTime:0.358667 AccTime:174.672874
#IT Ite:487 KerTime:0.358423 AccTime:175.031297
#IT Ite:488 KerTime:0.358482 AccTime:175.389779
#IT Ite:489 KerTime:0.357904 AccTime:175.747683
#IT Ite:490 KerTime:0.358390 AccTime:176.106073
#IT Ite:491 KerTime:0.358360 AccTime:176.464433
#IT Ite:492 KerTime:0.358344 AccTime:176.822777
#IT Ite:493 KerTime:0.357846 AccTime:177.180623
#IT Ite:494 KerTime:0.358226 AccTime:177.538849
#IT Ite:495 KerTime:0.358532 AccTime:177.897381
#IT Ite:496 KerTime:0.358317 AccTime:178.255698
#IT Ite:497 KerTime:0.358524 AccTime:178.614222
#IT Ite:498 KerTime:0.357930 AccTime:178.972152
#IT Ite:499 KerTime:0.358240 AccTime:179.330392
#IT Ite:500 KerTime:0.358466 AccTime:179.688858
#IT Ite:501 KerTime:0.358181 AccTime:180.047039
#IT Ite:502 KerTime:0.358227 AccTime:180.405266
#IT Ite:503 KerTime:0.357841 AccTime:180.763107
#IT Ite:504 KerTime:0.358507 AccTime:181.121614
#IT Ite:505 KerTime:0.358467 AccTime:181.480081
#IT Ite:506 KerTime:0.358481 AccTime:181.838562
#IT Ite:507 KerTime:0.358759 AccTime:182.197321
#IT Ite:508 KerTime:0.358392 AccTime:182.555713
#IT Ite:509 KerTime:0.358302 AccTime:182.914015
#IT Ite:510 KerTime:0.358464 AccTime:183.272479
#IT Ite:511 KerTime:0.358617 AccTime:183.631096
#IT Ite:512 KerTime:0.358534 AccTime:183.989630
