#HEADER type: ecc_on dataset: /home/carol/radiation-benchmarks/data/networks_img_list/caltech.pedestrians.critical.1K.txt
#BEGIN Y:2016 M:12 D:13 Time:01:32:50
#IT Ite:0 KerTime:0.024441 AccTime:0.024441
#IT Ite:1 KerTime:0.022519 AccTime:0.046960
#IT Ite:2 KerTime:0.022421 AccTime:0.069381
#IT Ite:3 KerTime:0.022395 AccTime:0.091776
#IT Ite:4 KerTime:0.022442 AccTime:0.114218
#IT Ite:5 KerTime:0.022422 AccTime:0.136640
#IT Ite:6 KerTime:0.022614 AccTime:0.159254
#IT Ite:7 KerTime:0.022747 AccTime:0.182001
#IT Ite:8 KerTime:0.022541 AccTime:0.204542
#IT Ite:9 KerTime:0.022546 AccTime:0.227088
#IT Ite:10 KerTime:0.022456 AccTime:0.249544
#IT Ite:11 KerTime:0.022513 AccTime:0.272057
#IT Ite:12 KerTime:0.022479 AccTime:0.294536
#IT Ite:13 KerTime:0.022453 AccTime:0.316989
#IT Ite:14 KerTime:0.022612 AccTime:0.339601
#IT Ite:15 KerTime:0.022437 AccTime:0.362038
#IT Ite:16 KerTime:0.022450 AccTime:0.384488
#IT Ite:17 KerTime:0.022485 AccTime:0.406973
#IT Ite:18 KerTime:0.022542 AccTime:0.429515
#IT Ite:19 KerTime:0.022532 AccTime:0.452047
#IT Ite:20 KerTime:0.022337 AccTime:0.474384
#IT Ite:21 KerTime:0.022508 AccTime:0.496892
#IT Ite:22 KerTime:0.022476 AccTime:0.519368
#IT Ite:23 KerTime:0.022621 AccTime:0.541989
#IT Ite:24 KerTime:0.022523 AccTime:0.564512
#IT Ite:25 KerTime:0.022441 AccTime:0.586953
#IT Ite:26 KerTime:0.022492 AccTime:0.609445
#IT Ite:27 KerTime:0.022526 AccTime:0.631971
#IT Ite:28 KerTime:0.022528 AccTime:0.654499
#IT Ite:29 KerTime:0.022606 AccTime:0.677105
#IT Ite:30 KerTime:0.022309 AccTime:0.699414
#IT Ite:31 KerTime:0.022608 AccTime:0.722022
#IT Ite:32 KerTime:0.022544 AccTime:0.744566
#IT Ite:33 KerTime:0.022412 AccTime:0.766978
#IT Ite:34 KerTime:0.022496 AccTime:0.789474
#IT Ite:35 KerTime:0.022443 AccTime:0.811917
#IT Ite:36 KerTime:0.022492 AccTime:0.834409
#IT Ite:37 KerTime:0.022442 AccTime:0.856851
#IT Ite:38 KerTime:0.022518 AccTime:0.879369
#IT Ite:39 KerTime:0.022506 AccTime:0.901875
#IT Ite:40 KerTime:0.022428 AccTime:0.924303
#IT Ite:41 KerTime:0.022453 AccTime:0.946756
#IT Ite:42 KerTime:0.022499 AccTime:0.969255
#IT Ite:43 KerTime:0.022437 AccTime:0.991692
#IT Ite:44 KerTime:0.022489 AccTime:1.014181
#IT Ite:45 KerTime:0.022535 AccTime:1.036716
#IT Ite:46 KerTime:0.022478 AccTime:1.059194
#IT Ite:47 KerTime:0.022317 AccTime:1.081511
#IT Ite:48 KerTime:0.022525 AccTime:1.104036
#IT Ite:49 KerTime:0.022523 AccTime:1.126559
#IT Ite:50 KerTime:0.022688 AccTime:1.149247
#IT Ite:51 KerTime:0.022557 AccTime:1.171804
#IT Ite:52 KerTime:0.022514 AccTime:1.194318
#IT Ite:53 KerTime:0.022412 AccTime:1.216730
#IT Ite:54 KerTime:0.022345 AccTime:1.239075
#IT Ite:55 KerTime:0.022495 AccTime:1.261570
#IT Ite:56 KerTime:0.022495 AccTime:1.284065
#IT Ite:57 KerTime:0.022310 AccTime:1.306375
#IT Ite:58 KerTime:0.022605 AccTime:1.328980
#IT Ite:59 KerTime:0.022488 AccTime:1.351468
#IT Ite:60 KerTime:0.022381 AccTime:1.373849
#IT Ite:61 KerTime:0.022448 AccTime:1.396297
#IT Ite:62 KerTime:0.022530 AccTime:1.418827
#IT Ite:63 KerTime:0.022444 AccTime:1.441271
#IT Ite:64 KerTime:0.022296 AccTime:1.463567
#IT Ite:65 KerTime:0.022462 AccTime:1.486029
#IT Ite:66 KerTime:0.022526 AccTime:1.508555
#IT Ite:67 KerTime:0.022475 AccTime:1.531030
#IT Ite:68 KerTime:0.022477 AccTime:1.553507
#IT Ite:69 KerTime:0.022526 AccTime:1.576033
#IT Ite:70 KerTime:0.022464 AccTime:1.598497
#IT Ite:71 KerTime:0.022402 AccTime:1.620899
#IT Ite:72 KerTime:0.022618 AccTime:1.643517
#IT Ite:73 KerTime:0.022485 AccTime:1.666002
#IT Ite:74 KerTime:0.022293 AccTime:1.688295
#IT Ite:75 KerTime:0.022484 AccTime:1.710779
#IT Ite:76 KerTime:0.022506 AccTime:1.733285
#IT Ite:77 KerTime:0.022525 AccTime:1.755810
#IT Ite:78 KerTime:0.022460 AccTime:1.778270
#IT Ite:79 KerTime:0.022544 AccTime:1.800814
#IT Ite:80 KerTime:0.022509 AccTime:1.823323
#IT Ite:81 KerTime:0.022342 AccTime:1.845665
#IT Ite:82 KerTime:0.022522 AccTime:1.868187
#IT Ite:83 KerTime:0.022439 AccTime:1.890626
#IT Ite:84 KerTime:0.022443 AccTime:1.913069
#IT Ite:85 KerTime:0.022539 AccTime:1.935608
#IT Ite:86 KerTime:0.022511 AccTime:1.958119
#IT Ite:87 KerTime:0.022513 AccTime:1.980632
#IT Ite:88 KerTime:0.022448 AccTime:2.003080
#IT Ite:89 KerTime:0.022520 AccTime:2.025600
#IT Ite:90 KerTime:0.022520 AccTime:2.048120
#IT Ite:91 KerTime:0.022304 AccTime:2.070424
#IT Ite:92 KerTime:0.022557 AccTime:2.092981
#IT Ite:93 KerTime:0.022515 AccTime:2.115496
#IT Ite:94 KerTime:0.022520 AccTime:2.138016
#IT Ite:95 KerTime:0.022489 AccTime:2.160505
#IT Ite:96 KerTime:0.022488 AccTime:2.182993
#IT Ite:97 KerTime:0.022526 AccTime:2.205519
#IT Ite:98 KerTime:0.022521 AccTime:2.228040
#IT Ite:99 KerTime:0.022548 AccTime:2.250588
#IT Ite:100 KerTime:0.022519 AccTime:2.273107
#IT Ite:101 KerTime:0.022434 AccTime:2.295541
#IT Ite:102 KerTime:0.022611 AccTime:2.318152
#IT Ite:103 KerTime:0.022517 AccTime:2.340669
#IT Ite:104 KerTime:0.022486 AccTime:2.363155
#IT Ite:105 KerTime:0.022476 AccTime:2.385631
#IT Ite:106 KerTime:0.022573 AccTime:2.408204
#IT Ite:107 KerTime:0.022504 AccTime:2.430708
#IT Ite:108 KerTime:0.022511 AccTime:2.453219
#IT Ite:109 KerTime:0.022507 AccTime:2.475726
#IT Ite:110 KerTime:0.022480 AccTime:2.498206
#IT Ite:111 KerTime:0.022581 AccTime:2.520787
#IT Ite:112 KerTime:0.022574 AccTime:2.543361
#IT Ite:113 KerTime:0.022625 AccTime:2.565986
#IT Ite:114 KerTime:0.022464 AccTime:2.588450
#IT Ite:115 KerTime:0.022408 AccTime:2.610858
#IT Ite:116 KerTime:0.022533 AccTime:2.633391
#IT Ite:117 KerTime:0.022516 AccTime:2.655907
#IT Ite:118 KerTime:0.022289 AccTime:2.678196
#IT Ite:119 KerTime:0.022505 AccTime:2.700701
#IT Ite:120 KerTime:0.022558 AccTime:2.723259
#IT Ite:121 KerTime:0.022604 AccTime:2.745863
#IT Ite:122 KerTime:0.022468 AccTime:2.768331
#IT Ite:123 KerTime:0.022490 AccTime:2.790821
#IT Ite:124 KerTime:0.022408 AccTime:2.813229
#IT Ite:125 KerTime:0.022365 AccTime:2.835594
#IT Ite:126 KerTime:0.022445 AccTime:2.858039
#IT Ite:127 KerTime:0.022493 AccTime:2.880532
#IT Ite:128 KerTime:0.022483 AccTime:2.903015
#IT Ite:129 KerTime:0.022512 AccTime:2.925527
#IT Ite:130 KerTime:0.022569 AccTime:2.948096
#IT Ite:131 KerTime:0.022485 AccTime:2.970581
#IT Ite:132 KerTime:0.022430 AccTime:2.993011
#IT Ite:133 KerTime:0.022467 AccTime:3.015478
#IT Ite:134 KerTime:0.022500 AccTime:3.037978
#IT Ite:135 KerTime:0.022407 AccTime:3.060385
#IT Ite:136 KerTime:0.022451 AccTime:3.082836
#IT Ite:137 KerTime:0.022462 AccTime:3.105298
#IT Ite:138 KerTime:0.022408 AccTime:3.127706
#IT Ite:139 KerTime:0.022544 AccTime:3.150250
#IT Ite:140 KerTime:0.022488 AccTime:3.172738
#IT Ite:141 KerTime:0.022626 AccTime:3.195364
#IT Ite:142 KerTime:0.022402 AccTime:3.217766
#IT Ite:143 KerTime:0.022624 AccTime:3.240390
#IT Ite:144 KerTime:0.022664 AccTime:3.263054
#IT Ite:145 KerTime:0.022471 AccTime:3.285525
#IT Ite:146 KerTime:0.022498 AccTime:3.308023
#IT Ite:147 KerTime:0.022514 AccTime:3.330537
#IT Ite:148 KerTime:0.022445 AccTime:3.352982
#IT Ite:149 KerTime:0.022436 AccTime:3.375418
#IT Ite:150 KerTime:0.022563 AccTime:3.397981
#IT Ite:151 KerTime:0.022569 AccTime:3.420550
#IT Ite:152 KerTime:0.022244 AccTime:3.442794
#IT Ite:153 KerTime:0.022492 AccTime:3.465286
#IT Ite:154 KerTime:0.022484 AccTime:3.487770
#IT Ite:155 KerTime:0.022682 AccTime:3.510452
#IT Ite:156 KerTime:0.022463 AccTime:3.532915
#IT Ite:157 KerTime:0.022532 AccTime:3.555447
#IT Ite:158 KerTime:0.022473 AccTime:3.577920
#IT Ite:159 KerTime:0.022407 AccTime:3.600327
#IT Ite:160 KerTime:0.022506 AccTime:3.622833
#IT Ite:161 KerTime:0.022515 AccTime:3.645348
#IT Ite:162 KerTime:0.022529 AccTime:3.667877
#IT Ite:163 KerTime:0.022504 AccTime:3.690381
#IT Ite:164 KerTime:0.022473 AccTime:3.712854
#IT Ite:165 KerTime:0.022495 AccTime:3.735349
#IT Ite:166 KerTime:0.022410 AccTime:3.757759
#IT Ite:167 KerTime:0.022507 AccTime:3.780266
#IT Ite:168 KerTime:0.022618 AccTime:3.802884
#IT Ite:169 KerTime:0.022188 AccTime:3.825072
#IT Ite:170 KerTime:0.022440 AccTime:3.847512
#IT Ite:171 KerTime:0.022410 AccTime:3.869922
#IT Ite:172 KerTime:0.022534 AccTime:3.892456
#IT Ite:173 KerTime:0.022466 AccTime:3.914922
#IT Ite:174 KerTime:0.022553 AccTime:3.937475
#IT Ite:175 KerTime:0.022527 AccTime:3.960002
#IT Ite:176 KerTime:0.022412 AccTime:3.982414
#IT Ite:177 KerTime:0.022529 AccTime:4.004943
#IT Ite:178 KerTime:0.022579 AccTime:4.027522
#IT Ite:179 KerTime:0.022437 AccTime:4.049959
#IT Ite:180 KerTime:0.022476 AccTime:4.072435
#IT Ite:181 KerTime:0.022477 AccTime:4.094912
#IT Ite:182 KerTime:0.022479 AccTime:4.117391
#IT Ite:183 KerTime:0.022384 AccTime:4.139775
#IT Ite:184 KerTime:0.022481 AccTime:4.162256
#IT Ite:185 KerTime:0.022512 AccTime:4.184768
#IT Ite:186 KerTime:0.022325 AccTime:4.207093
#IT Ite:187 KerTime:0.022459 AccTime:4.229552
#IT Ite:188 KerTime:0.022538 AccTime:4.252090
#IT Ite:189 KerTime:0.022459 AccTime:4.274549
#IT Ite:190 KerTime:0.022484 AccTime:4.297033
#IT Ite:191 KerTime:0.022452 AccTime:4.319485
#IT Ite:192 KerTime:0.022510 AccTime:4.341995
#IT Ite:193 KerTime:0.023813 AccTime:4.365808
#IT Ite:194 KerTime:0.022353 AccTime:4.388161
#IT Ite:195 KerTime:0.022284 AccTime:4.410445
#IT Ite:196 KerTime:0.022397 AccTime:4.432842
#IT Ite:197 KerTime:0.022271 AccTime:4.455113
#IT Ite:198 KerTime:0.022448 AccTime:4.477561
#IT Ite:199 KerTime:0.022269 AccTime:4.499830
#IT Ite:200 KerTime:0.022375 AccTime:4.522205
#IT Ite:201 KerTime:0.022267 AccTime:4.544472
#IT Ite:202 KerTime:0.022274 AccTime:4.566746
#IT Ite:203 KerTime:0.022165 AccTime:4.588911
#IT Ite:204 KerTime:0.022322 AccTime:4.611233
#IT Ite:205 KerTime:0.022201 AccTime:4.633434
#IT Ite:206 KerTime:0.022263 AccTime:4.655697
#IT Ite:207 KerTime:0.022235 AccTime:4.677932
#IT Ite:208 KerTime:0.022267 AccTime:4.700199
#IT Ite:209 KerTime:0.022361 AccTime:4.722560
#IT Ite:210 KerTime:0.022009 AccTime:4.744569
#IT Ite:211 KerTime:0.022227 AccTime:4.766796
#IT Ite:212 KerTime:0.022309 AccTime:4.789105
#IT Ite:213 KerTime:0.022227 AccTime:4.811332
#IT Ite:214 KerTime:0.022268 AccTime:4.833600
#IT Ite:215 KerTime:0.022341 AccTime:4.855941
#IT Ite:216 KerTime:0.022250 AccTime:4.878191
#IT Ite:217 KerTime:0.021991 AccTime:4.900182
#IT Ite:218 KerTime:0.022272 AccTime:4.922454
#IT Ite:219 KerTime:0.022282 AccTime:4.944736
#IT Ite:220 KerTime:0.022294 AccTime:4.967030
#IT Ite:221 KerTime:0.022231 AccTime:4.989261
#IT Ite:222 KerTime:0.022332 AccTime:5.011593
#IT Ite:223 KerTime:0.022408 AccTime:5.034001
#IT Ite:224 KerTime:0.022192 AccTime:5.056193
#IT Ite:225 KerTime:0.022272 AccTime:5.078465
#IT Ite:226 KerTime:0.022347 AccTime:5.100812
#IT Ite:227 KerTime:0.022228 AccTime:5.123040
#IT Ite:228 KerTime:0.022337 AccTime:5.145377
#IT Ite:229 KerTime:0.022318 AccTime:5.167695
#IT Ite:230 KerTime:0.022365 AccTime:5.190060
#IT Ite:231 KerTime:0.022424 AccTime:5.212484
#IT Ite:232 KerTime:0.022313 AccTime:5.234797
#IT Ite:233 KerTime:0.022303 AccTime:5.257100
#IT Ite:234 KerTime:0.022045 AccTime:5.279145
#IT Ite:235 KerTime:0.022267 AccTime:5.301412
#IT Ite:236 KerTime:0.022287 AccTime:5.323699
#IT Ite:237 KerTime:0.022272 AccTime:5.345971
#IT Ite:238 KerTime:0.022416 AccTime:5.368387
#IT Ite:239 KerTime:0.022295 AccTime:5.390682
#IT Ite:240 KerTime:0.022317 AccTime:5.412999
#IT Ite:241 KerTime:0.022147 AccTime:5.435146
#IT Ite:242 KerTime:0.022251 AccTime:5.457397
#IT Ite:243 KerTime:0.022252 AccTime:5.479649
#IT Ite:244 KerTime:0.022287 AccTime:5.501936
#IT Ite:245 KerTime:0.022295 AccTime:5.524231
#IT Ite:246 KerTime:0.022323 AccTime:5.546554
#IT Ite:247 KerTime:0.022217 AccTime:5.568771
#IT Ite:248 KerTime:0.022254 AccTime:5.591025
#IT Ite:249 KerTime:0.022324 AccTime:5.613349
#IT Ite:250 KerTime:0.022309 AccTime:5.635658
#IT Ite:251 KerTime:0.022241 AccTime:5.657899
#IT Ite:252 KerTime:0.022285 AccTime:5.680184
#IT Ite:253 KerTime:0.022320 AccTime:5.702504
#IT Ite:254 KerTime:0.022307 AccTime:5.724811
#IT Ite:255 KerTime:0.022267 AccTime:5.747078
#IT Ite:256 KerTime:0.022312 AccTime:5.769390
#IT Ite:257 KerTime:0.022342 AccTime:5.791732
#IT Ite:258 KerTime:0.022189 AccTime:5.813921
#IT Ite:259 KerTime:0.022247 AccTime:5.836168
#IT Ite:260 KerTime:0.022287 AccTime:5.858455
#IT Ite:261 KerTime:0.022288 AccTime:5.880743
#IT Ite:262 KerTime:0.022297 AccTime:5.903040
#IT Ite:263 KerTime:0.022357 AccTime:5.925397
#IT Ite:264 KerTime:0.022309 AccTime:5.947706
#IT Ite:265 KerTime:0.022077 AccTime:5.969783
#IT Ite:266 KerTime:0.022356 AccTime:5.992139
#IT Ite:267 KerTime:0.022354 AccTime:6.014493
#IT Ite:268 KerTime:0.022285 AccTime:6.036778
#IT Ite:269 KerTime:0.022307 AccTime:6.059085
#IT Ite:270 KerTime:0.022336 AccTime:6.081421
#IT Ite:271 KerTime:0.022332 AccTime:6.103753
#IT Ite:272 KerTime:0.022222 AccTime:6.125975
#IT Ite:273 KerTime:0.022385 AccTime:6.148360
#IT Ite:274 KerTime:0.022343 AccTime:6.170703
#IT Ite:275 KerTime:0.022377 AccTime:6.193080
#IT Ite:276 KerTime:0.022266 AccTime:6.215346
#IT Ite:277 KerTime:0.022215 AccTime:6.237561
#IT Ite:278 KerTime:0.022345 AccTime:6.259906
#IT Ite:279 KerTime:0.022185 AccTime:6.282091
#IT Ite:280 KerTime:0.022333 AccTime:6.304424
#IT Ite:281 KerTime:0.022263 AccTime:6.326687
#IT Ite:282 KerTime:0.022146 AccTime:6.348833
#IT Ite:283 KerTime:0.022283 AccTime:6.371116
#IT Ite:284 KerTime:0.022346 AccTime:6.393462
#IT Ite:285 KerTime:0.022179 AccTime:6.415641
#IT Ite:286 KerTime:0.022146 AccTime:6.437787
#IT Ite:287 KerTime:0.022246 AccTime:6.460033
#IT Ite:288 KerTime:0.022254 AccTime:6.482287
#IT Ite:289 KerTime:0.022087 AccTime:6.504374
#IT Ite:290 KerTime:0.022269 AccTime:6.526643
#IT Ite:291 KerTime:0.022409 AccTime:6.549052
#IT Ite:292 KerTime:0.022354 AccTime:6.571406
#IT Ite:293 KerTime:0.022252 AccTime:6.593658
#IT Ite:294 KerTime:0.022278 AccTime:6.615936
#IT Ite:295 KerTime:0.022228 AccTime:6.638164
#IT Ite:296 KerTime:0.022053 AccTime:6.660217
#IT Ite:297 KerTime:0.022415 AccTime:6.682632
#IT Ite:298 KerTime:0.022286 AccTime:6.704918
#IT Ite:299 KerTime:0.022288 AccTime:6.727206
#IT Ite:300 KerTime:0.022260 AccTime:6.749466
#IT Ite:301 KerTime:0.022343 AccTime:6.771809
#IT Ite:302 KerTime:0.022291 AccTime:6.794100
#IT Ite:303 KerTime:0.022177 AccTime:6.816277
#IT Ite:304 KerTime:0.022457 AccTime:6.838734
#IT Ite:305 KerTime:0.022277 AccTime:6.861011
#IT Ite:306 KerTime:0.022272 AccTime:6.883283
#IT Ite:307 KerTime:0.022286 AccTime:6.905569
#IT Ite:308 KerTime:0.022197 AccTime:6.927766
#IT Ite:309 KerTime:0.022254 AccTime:6.950020
#IT Ite:310 KerTime:0.022258 AccTime:6.972278
#IT Ite:311 KerTime:0.022263 AccTime:6.994541
#IT Ite:312 KerTime:0.022332 AccTime:7.016873
#IT Ite:313 KerTime:0.022131 AccTime:7.039004
#IT Ite:314 KerTime:0.022346 AccTime:7.061350
#IT Ite:315 KerTime:0.022327 AccTime:7.083677
#IT Ite:316 KerTime:0.022289 AccTime:7.105966
#IT Ite:317 KerTime:0.022164 AccTime:7.128130
#IT Ite:318 KerTime:0.022319 AccTime:7.150449
#IT Ite:319 KerTime:0.022272 AccTime:7.172721
#IT Ite:320 KerTime:0.022059 AccTime:7.194780
#IT Ite:321 KerTime:0.022293 AccTime:7.217073
#IT Ite:322 KerTime:0.022412 AccTime:7.239485
#IT Ite:323 KerTime:0.022302 AccTime:7.261787
#IT Ite:324 KerTime:0.022461 AccTime:7.284248
#IT Ite:325 KerTime:0.022423 AccTime:7.306671
#IT Ite:326 KerTime:0.022355 AccTime:7.329026
#IT Ite:327 KerTime:0.022292 AccTime:7.351318
#IT Ite:328 KerTime:0.022441 AccTime:7.373759
#IT Ite:329 KerTime:0.022325 AccTime:7.396084
#IT Ite:330 KerTime:0.022346 AccTime:7.418430
#IT Ite:331 KerTime:0.022385 AccTime:7.440815
#IT Ite:332 KerTime:0.022334 AccTime:7.463149
#IT Ite:333 KerTime:0.022347 AccTime:7.485496
#IT Ite:334 KerTime:0.022241 AccTime:7.507737
#IT Ite:335 KerTime:0.022260 AccTime:7.529997
#IT Ite:336 KerTime:0.022279 AccTime:7.552276
#IT Ite:337 KerTime:0.022171 AccTime:7.574447
#IT Ite:338 KerTime:0.022291 AccTime:7.596738
#IT Ite:339 KerTime:0.022257 AccTime:7.618995
#IT Ite:340 KerTime:0.022328 AccTime:7.641323
#IT Ite:341 KerTime:0.022314 AccTime:7.663637
#IT Ite:342 KerTime:0.022277 AccTime:7.685914
#IT Ite:343 KerTime:0.022246 AccTime:7.708160
#IT Ite:344 KerTime:0.022058 AccTime:7.730218
#IT Ite:345 KerTime:0.022262 AccTime:7.752480
#IT Ite:346 KerTime:0.022295 AccTime:7.774775
#IT Ite:347 KerTime:0.022265 AccTime:7.797040
#IT Ite:348 KerTime:0.022137 AccTime:7.819177
#IT Ite:349 KerTime:0.022289 AccTime:7.841466
#IT Ite:350 KerTime:0.022335 AccTime:7.863801
#IT Ite:351 KerTime:0.022138 AccTime:7.885939
#IT Ite:352 KerTime:0.022243 AccTime:7.908182
#IT Ite:353 KerTime:0.022343 AccTime:7.930525
#IT Ite:354 KerTime:0.022260 AccTime:7.952785
#IT Ite:355 KerTime:0.022424 AccTime:7.975209
#IT Ite:356 KerTime:0.022308 AccTime:7.997517
#IT Ite:357 KerTime:0.022301 AccTime:8.019818
#IT Ite:358 KerTime:0.022150 AccTime:8.041968
#IT Ite:359 KerTime:0.022285 AccTime:8.064253
#IT Ite:360 KerTime:0.022279 AccTime:8.086532
#IT Ite:361 KerTime:0.022274 AccTime:8.108806
#IT Ite:362 KerTime:0.022270 AccTime:8.131076
#IT Ite:363 KerTime:0.022231 AccTime:8.153307
#IT Ite:364 KerTime:0.022373 AccTime:8.175680
#IT Ite:365 KerTime:0.022188 AccTime:8.197868
#IT Ite:366 KerTime:0.022345 AccTime:8.220213
#IT Ite:367 KerTime:0.022321 AccTime:8.242534
#IT Ite:368 KerTime:0.022299 AccTime:8.264833
#IT Ite:369 KerTime:0.022353 AccTime:8.287186
#IT Ite:370 KerTime:0.022315 AccTime:8.309501
#IT Ite:371 KerTime:0.022327 AccTime:8.331828
#IT Ite:372 KerTime:0.022235 AccTime:8.354063
#IT Ite:373 KerTime:0.022207 AccTime:8.376270
#IT Ite:374 KerTime:0.022374 AccTime:8.398644
#IT Ite:375 KerTime:0.022179 AccTime:8.420823
#IT Ite:376 KerTime:0.022292 AccTime:8.443115
#IT Ite:377 KerTime:0.022266 AccTime:8.465381
#IT Ite:378 KerTime:0.022245 AccTime:8.487626
#IT Ite:379 KerTime:0.022204 AccTime:8.509830
#IT Ite:380 KerTime:0.022237 AccTime:8.532067
#IT Ite:381 KerTime:0.022344 AccTime:8.554411
#IT Ite:382 KerTime:0.022105 AccTime:8.576516
#IT Ite:383 KerTime:0.022251 AccTime:8.598767
#IT Ite:384 KerTime:0.022258 AccTime:8.621025
#IT Ite:385 KerTime:0.022348 AccTime:8.643373
#IT Ite:386 KerTime:0.022218 AccTime:8.665591
#IT Ite:387 KerTime:0.022327 AccTime:8.687918
#IT Ite:388 KerTime:0.022223 AccTime:8.710141
#ERR ./hog_hardened_ecc_on/opencv_src/hog.cu:882: error: (-217) uncorrectable ECC error encountered in function compute_gradients_8UC4_ext

#END