#HEADER type: ecc_on dataset: /home/carol/radiation-benchmarks/data/networks_img_list/caltech.pedestrians.critical.1K.txt
#BEGIN Y:2016 M:12 D:12 Time:22:21:32
#IT Ite:0 KerTime:0.024489 AccTime:0.024489
#IT Ite:1 KerTime:0.022530 AccTime:0.047019
#IT Ite:2 KerTime:0.022471 AccTime:0.069490
#IT Ite:3 KerTime:0.022344 AccTime:0.091834
#IT Ite:4 KerTime:0.022559 AccTime:0.114393
#IT Ite:5 KerTime:0.022530 AccTime:0.136923
#IT Ite:6 KerTime:0.022626 AccTime:0.159549
#IT Ite:7 KerTime:0.022530 AccTime:0.182079
#IT Ite:8 KerTime:0.022568 AccTime:0.204647
#IT Ite:9 KerTime:0.022604 AccTime:0.227251
#IT Ite:10 KerTime:0.022490 AccTime:0.249741
#IT Ite:11 KerTime:0.022568 AccTime:0.272309
#IT Ite:12 KerTime:0.022485 AccTime:0.294794
#IT Ite:13 KerTime:0.022621 AccTime:0.317415
#IT Ite:14 KerTime:0.022583 AccTime:0.339998
#IT Ite:15 KerTime:0.022469 AccTime:0.362467
#IT Ite:16 KerTime:0.022448 AccTime:0.384915
#IT Ite:17 KerTime:0.022442 AccTime:0.407357
#IT Ite:18 KerTime:0.022533 AccTime:0.429890
#IT Ite:19 KerTime:0.022544 AccTime:0.452434
#IT Ite:20 KerTime:0.022277 AccTime:0.474711
#IT Ite:21 KerTime:0.022539 AccTime:0.497250
#IT Ite:22 KerTime:0.022507 AccTime:0.519757
#IT Ite:23 KerTime:0.022612 AccTime:0.542369
#IT Ite:24 KerTime:0.022560 AccTime:0.564929
#IT Ite:25 KerTime:0.022515 AccTime:0.587444
#IT Ite:26 KerTime:0.022553 AccTime:0.609997
#IT Ite:27 KerTime:0.022383 AccTime:0.632380
#IT Ite:28 KerTime:0.022450 AccTime:0.654830
#IT Ite:29 KerTime:0.022484 AccTime:0.677314
#IT Ite:30 KerTime:0.022589 AccTime:0.699903
#IT Ite:31 KerTime:0.022621 AccTime:0.722524
#IT Ite:32 KerTime:0.022521 AccTime:0.745045
#IT Ite:33 KerTime:0.022583 AccTime:0.767628
#IT Ite:34 KerTime:0.022431 AccTime:0.790059
#IT Ite:35 KerTime:0.022499 AccTime:0.812558
#IT Ite:36 KerTime:0.022549 AccTime:0.835107
#IT Ite:37 KerTime:0.022300 AccTime:0.857407
#IT Ite:38 KerTime:0.022536 AccTime:0.879943
#IT Ite:39 KerTime:0.022675 AccTime:0.902618
#IT Ite:40 KerTime:0.022573 AccTime:0.925191
#IT Ite:41 KerTime:0.022452 AccTime:0.947643
#IT Ite:42 KerTime:0.022516 AccTime:0.970159
#IT Ite:43 KerTime:0.022528 AccTime:0.992687
#IT Ite:44 KerTime:0.022430 AccTime:1.015117
#IT Ite:45 KerTime:0.022609 AccTime:1.037726
#IT Ite:46 KerTime:0.022570 AccTime:1.060296
#IT Ite:47 KerTime:0.022527 AccTime:1.082823
#IT Ite:48 KerTime:0.022564 AccTime:1.105387
#IT Ite:49 KerTime:0.022567 AccTime:1.127954
#IT Ite:50 KerTime:0.022610 AccTime:1.150564
#IT Ite:51 KerTime:0.022579 AccTime:1.173143
#IT Ite:52 KerTime:0.022565 AccTime:1.195708
#IT Ite:53 KerTime:0.022530 AccTime:1.218238
#IT Ite:54 KerTime:0.022401 AccTime:1.240639
#IT Ite:55 KerTime:0.022547 AccTime:1.263186
#IT Ite:56 KerTime:0.022738 AccTime:1.285924
#IT Ite:57 KerTime:0.022659 AccTime:1.308583
#IT Ite:58 KerTime:0.022623 AccTime:1.331206
#IT Ite:59 KerTime:0.022526 AccTime:1.353732
#IT Ite:60 KerTime:0.022446 AccTime:1.376178
#IT Ite:61 KerTime:0.022473 AccTime:1.398651
#IT Ite:62 KerTime:0.022562 AccTime:1.421213
#IT Ite:63 KerTime:0.022712 AccTime:1.443925
#IT Ite:64 KerTime:0.022397 AccTime:1.466322
#IT Ite:65 KerTime:0.022571 AccTime:1.488893
#IT Ite:66 KerTime:0.022606 AccTime:1.511499
#IT Ite:67 KerTime:0.022530 AccTime:1.534029
#IT Ite:68 KerTime:0.022487 AccTime:1.556516
#IT Ite:69 KerTime:0.022585 AccTime:1.579101
#IT Ite:70 KerTime:0.022561 AccTime:1.601662
#IT Ite:71 KerTime:0.022475 AccTime:1.624137
#IT Ite:72 KerTime:0.022591 AccTime:1.646728
#IT Ite:73 KerTime:0.022588 AccTime:1.669316
#IT Ite:74 KerTime:0.022524 AccTime:1.691840
#IT Ite:75 KerTime:0.022609 AccTime:1.714449
#IT Ite:76 KerTime:0.022676 AccTime:1.737125
#IT Ite:77 KerTime:0.022513 AccTime:1.759638
#IT Ite:78 KerTime:0.022505 AccTime:1.782143
#IT Ite:79 KerTime:0.022595 AccTime:1.804738
#IT Ite:80 KerTime:0.022527 AccTime:1.827265
#IT Ite:81 KerTime:0.022344 AccTime:1.849609
#IT Ite:82 KerTime:0.022720 AccTime:1.872329
#IT Ite:83 KerTime:0.022544 AccTime:1.894873
#IT Ite:84 KerTime:0.022579 AccTime:1.917452
#IT Ite:85 KerTime:0.022551 AccTime:1.940003
#IT Ite:86 KerTime:0.022577 AccTime:1.962580
#IT Ite:87 KerTime:0.022544 AccTime:1.985124
#IT Ite:88 KerTime:0.022546 AccTime:2.007670
#IT Ite:89 KerTime:0.022588 AccTime:2.030258
#IT Ite:90 KerTime:0.022532 AccTime:2.052790
#IT Ite:91 KerTime:0.022338 AccTime:2.075128
#IT Ite:92 KerTime:0.022559 AccTime:2.097687
#IT Ite:93 KerTime:0.022582 AccTime:2.120269
#IT Ite:94 KerTime:0.022695 AccTime:2.142964
#IT Ite:95 KerTime:0.022659 AccTime:2.165623
#IT Ite:96 KerTime:0.022592 AccTime:2.188215
#IT Ite:97 KerTime:0.022582 AccTime:2.210797
#IT Ite:98 KerTime:0.022487 AccTime:2.233284
#IT Ite:99 KerTime:0.022588 AccTime:2.255872
#IT Ite:100 KerTime:0.022532 AccTime:2.278404
#IT Ite:101 KerTime:0.022541 AccTime:2.300945
#IT Ite:102 KerTime:0.022541 AccTime:2.323486
#IT Ite:103 KerTime:0.022498 AccTime:2.345984
#IT Ite:104 KerTime:0.022531 AccTime:2.368515
#IT Ite:105 KerTime:0.022569 AccTime:2.391084
#IT Ite:106 KerTime:0.022596 AccTime:2.413680
#IT Ite:107 KerTime:0.022583 AccTime:2.436263
#IT Ite:108 KerTime:0.022423 AccTime:2.458686
#IT Ite:109 KerTime:0.022563 AccTime:2.481249
#IT Ite:110 KerTime:0.022566 AccTime:2.503815
#IT Ite:111 KerTime:0.022602 AccTime:2.526417
#IT Ite:112 KerTime:0.022590 AccTime:2.549007
#IT Ite:113 KerTime:0.022574 AccTime:2.571581
#IT Ite:114 KerTime:0.022658 AccTime:2.594239
#IT Ite:115 KerTime:0.022427 AccTime:2.616666
#IT Ite:116 KerTime:0.022638 AccTime:2.639304
#IT Ite:117 KerTime:0.022550 AccTime:2.661854
#IT Ite:118 KerTime:0.022403 AccTime:2.684257
#IT Ite:119 KerTime:0.022513 AccTime:2.706770
#IT Ite:120 KerTime:0.022618 AccTime:2.729388
#IT Ite:121 KerTime:0.022565 AccTime:2.751953
#IT Ite:122 KerTime:0.022703 AccTime:2.774656
#IT Ite:123 KerTime:0.022718 AccTime:2.797374
#IT Ite:124 KerTime:0.022497 AccTime:2.819871
#IT Ite:125 KerTime:0.022547 AccTime:2.842418
#IT Ite:126 KerTime:0.022596 AccTime:2.865014
#IT Ite:127 KerTime:0.022552 AccTime:2.887566
#IT Ite:128 KerTime:0.022614 AccTime:2.910180
#IT Ite:129 KerTime:0.022587 AccTime:2.932767
#IT Ite:130 KerTime:0.022709 AccTime:2.955476
#IT Ite:131 KerTime:0.022573 AccTime:2.978049
#IT Ite:132 KerTime:0.022540 AccTime:3.000589
#IT Ite:133 KerTime:0.022516 AccTime:3.023105
#IT Ite:134 KerTime:0.022610 AccTime:3.045715
#IT Ite:135 KerTime:0.022410 AccTime:3.068125
#IT Ite:136 KerTime:0.022602 AccTime:3.090727
#IT Ite:137 KerTime:0.022542 AccTime:3.113269
#IT Ite:138 KerTime:0.022566 AccTime:3.135835
#IT Ite:139 KerTime:0.022578 AccTime:3.158413
#IT Ite:140 KerTime:0.022603 AccTime:3.181016
#IT Ite:141 KerTime:0.022679 AccTime:3.203695
#IT Ite:142 KerTime:0.022562 AccTime:3.226257
#IT Ite:143 KerTime:0.022594 AccTime:3.248851
#IT Ite:144 KerTime:0.022608 AccTime:3.271459
#IT Ite:145 KerTime:0.022365 AccTime:3.293824
#IT Ite:146 KerTime:0.022624 AccTime:3.316448
#IT Ite:147 KerTime:0.022545 AccTime:3.338993
#IT Ite:148 KerTime:0.022533 AccTime:3.361526
#IT Ite:149 KerTime:0.022527 AccTime:3.384053
#IT Ite:150 KerTime:0.022489 AccTime:3.406542
#IT Ite:151 KerTime:0.022682 AccTime:3.429224
#IT Ite:152 KerTime:0.022433 AccTime:3.451657
#IT Ite:153 KerTime:0.022495 AccTime:3.474152
#IT Ite:154 KerTime:0.022582 AccTime:3.496734
#IT Ite:155 KerTime:0.022591 AccTime:3.519325
#IT Ite:156 KerTime:0.022538 AccTime:3.541863
#IT Ite:157 KerTime:0.022571 AccTime:3.564434
#IT Ite:158 KerTime:0.022565 AccTime:3.586999
#IT Ite:159 KerTime:0.022566 AccTime:3.609565
#IT Ite:160 KerTime:0.022547 AccTime:3.632112
#IT Ite:161 KerTime:0.022567 AccTime:3.654679
#IT Ite:162 KerTime:0.022358 AccTime:3.677037
#IT Ite:163 KerTime:0.022527 AccTime:3.699564
#IT Ite:164 KerTime:0.022564 AccTime:3.722128
#IT Ite:165 KerTime:0.022590 AccTime:3.744718
#IT Ite:166 KerTime:0.022451 AccTime:3.767169
#IT Ite:167 KerTime:0.022563 AccTime:3.789732
#IT Ite:168 KerTime:0.022657 AccTime:3.812389
#IT Ite:169 KerTime:0.022417 AccTime:3.834806
#IT Ite:170 KerTime:0.022563 AccTime:3.857369
#IT Ite:171 KerTime:0.022567 AccTime:3.879936
#IT Ite:172 KerTime:0.022559 AccTime:3.902495
#IT Ite:173 KerTime:0.022518 AccTime:3.925013
#IT Ite:174 KerTime:0.022516 AccTime:3.947529
#IT Ite:175 KerTime:0.022578 AccTime:3.970107
#IT Ite:176 KerTime:0.022482 AccTime:3.992589
#IT Ite:177 KerTime:0.022491 AccTime:4.015080
#IT Ite:178 KerTime:0.022521 AccTime:4.037601
#IT Ite:179 KerTime:0.022373 AccTime:4.059974
#IT Ite:180 KerTime:0.022606 AccTime:4.082580
#IT Ite:181 KerTime:0.022558 AccTime:4.105138
#IT Ite:182 KerTime:0.022462 AccTime:4.127600
#IT Ite:183 KerTime:0.022566 AccTime:4.150166
#IT Ite:184 KerTime:0.022598 AccTime:4.172764
#IT Ite:185 KerTime:0.022503 AccTime:4.195267
#IT Ite:186 KerTime:0.022333 AccTime:4.217600
#IT Ite:187 KerTime:0.022557 AccTime:4.240157
#IT Ite:188 KerTime:0.022651 AccTime:4.262808
#IT Ite:189 KerTime:0.022568 AccTime:4.285376
#IT Ite:190 KerTime:0.022546 AccTime:4.307922
#IT Ite:191 KerTime:0.022564 AccTime:4.330486
#IT Ite:192 KerTime:0.022595 AccTime:4.353081
#IT Ite:193 KerTime:0.022478 AccTime:4.375559
#IT Ite:194 KerTime:0.022532 AccTime:4.398091
#IT Ite:195 KerTime:0.022517 AccTime:4.420608
#IT Ite:196 KerTime:0.022470 AccTime:4.443078
#IT Ite:197 KerTime:0.022531 AccTime:4.465609
#IT Ite:198 KerTime:0.022586 AccTime:4.488195
#IT Ite:199 KerTime:0.022597 AccTime:4.510792
#IT Ite:200 KerTime:0.022630 AccTime:4.533422
#IT Ite:201 KerTime:0.022577 AccTime:4.555999
#IT Ite:202 KerTime:0.022594 AccTime:4.578593
#IT Ite:203 KerTime:0.022473 AccTime:4.601066
#IT Ite:204 KerTime:0.022478 AccTime:4.623544
#IT Ite:205 KerTime:0.022503 AccTime:4.646047
#IT Ite:206 KerTime:0.022536 AccTime:4.668583
#IT Ite:207 KerTime:0.022828 AccTime:4.691411
#IT Ite:208 KerTime:0.022680 AccTime:4.714091
#IT Ite:209 KerTime:0.022529 AccTime:4.736620
#IT Ite:210 KerTime:0.022407 AccTime:4.759027
#IT Ite:211 KerTime:0.022543 AccTime:4.781570
#IT Ite:212 KerTime:0.022601 AccTime:4.804171
#IT Ite:213 KerTime:0.022325 AccTime:4.826496
#IT Ite:214 KerTime:0.022558 AccTime:4.849054
#IT Ite:215 KerTime:0.022673 AccTime:4.871727
#IT Ite:216 KerTime:0.022572 AccTime:4.894299
#IT Ite:217 KerTime:0.022575 AccTime:4.916874
#IT Ite:218 KerTime:0.022576 AccTime:4.939450
#IT Ite:219 KerTime:0.022568 AccTime:4.962018
#IT Ite:220 KerTime:0.022446 AccTime:4.984464
#IT Ite:221 KerTime:0.022520 AccTime:5.006984
#IT Ite:222 KerTime:0.022637 AccTime:5.029621
#IT Ite:223 KerTime:0.022561 AccTime:5.052182
#IT Ite:224 KerTime:0.022569 AccTime:5.074751
#IT Ite:225 KerTime:0.022541 AccTime:5.097292
#IT Ite:226 KerTime:0.022564 AccTime:5.119856
#IT Ite:227 KerTime:0.022500 AccTime:5.142356
#IT Ite:228 KerTime:0.022593 AccTime:5.164949
#IT Ite:229 KerTime:0.022586 AccTime:5.187535
#IT Ite:230 KerTime:0.022341 AccTime:5.209876
#IT Ite:231 KerTime:0.022560 AccTime:5.232436
#IT Ite:232 KerTime:0.022546 AccTime:5.254982
#IT Ite:233 KerTime:0.022439 AccTime:5.277421
#IT Ite:234 KerTime:0.022470 AccTime:5.299891
#IT Ite:235 KerTime:0.022459 AccTime:5.322350
#IT Ite:236 KerTime:0.022462 AccTime:5.344812
#IT Ite:237 KerTime:0.022423 AccTime:5.367235
#IT Ite:238 KerTime:0.022589 AccTime:5.389824
#ERR ./hog_hardened_ecc_on/opencv_src/hog.cu:1023: error: (-217) an illegal memory access was encountered in function resize_for_hog_ext

#END